Energy-E_F (eV)    DOS (1/eV)    PDOS (1/eV)  of atom type Hf 
     -4.80646      3.92545      0.00000
     -4.79646      1.28773      0.00000
     -4.78646      1.19417      0.00000
     -4.77646      1.32358      0.00000
     -4.76646      1.63510      0.00000
     -4.75646      2.89727      0.00000
     -4.74646      3.86453      0.00000
     -4.73646      4.46356      0.00000
     -4.72646      3.80237      0.00000
     -4.71646      3.08353      0.00000
     -4.70646      2.11319      0.00000
     -4.69646      1.07626      0.00000
     -4.68646      1.59852      0.00000
     -4.67646      2.55434      0.00000
     -4.66646      2.02377      0.00000
     -4.65646      2.14761      0.00000
     -4.64646      3.29211      0.00000
     -4.63646      2.75709      0.00000
     -4.62646      1.35934      0.00000
     -4.61646      2.10268      0.00000
     -4.60646      3.69194      0.00000
     -4.59646      2.78542      0.00000
     -4.58646      2.00034      0.00000
     -4.57646      3.54812      0.00000
     -4.56646      4.96125      0.00000
     -4.55646      5.17058      0.00000
     -4.54646      5.43890      0.00000
     -4.53646      7.40011      0.00000
     -4.52646      6.63095      0.00000
     -4.51646      2.49862      0.00000
     -4.50646      0.53611      0.00000
     -4.49646      0.80191      0.00000
     -4.48646      1.28119      0.00000
     -4.47646      1.17988      0.00000
     -4.46646      2.29196      0.00000
     -4.45646      3.74544      0.00000
     -4.44646      2.42615      0.00000
     -4.43646      0.87398      0.00000
     -4.42646      1.58632      0.00000
     -4.41646      3.34812      0.00000
     -4.40646      4.10535      0.00000
     -4.39646      3.53175      0.00000
     -4.38646      2.02248      0.00000
     -4.37646      0.65151      0.00000
     -4.36646      0.09677      0.00000
     -4.35646      0.01809      0.00000
     -4.34646      0.15664      0.00000
     -4.33646      0.73048      0.00000
     -4.32646      1.31951      0.00000
     -4.31646      1.58770      0.00000
     -4.30646      3.45268      0.00000
     -4.29646      5.13286      0.00000
     -4.28646      4.14648      0.00000
     -4.27646      4.60296      0.00000
     -4.26646      4.89656      0.00000
     -4.25646      3.40874      0.00000
     -4.24646      2.88661      0.00000
     -4.23646      2.12102      0.00000
     -4.22646      2.02106      0.00000
     -4.21646      3.57532      0.00000
     -4.20646      5.30083      0.00000
     -4.19646      5.18854      0.00000
     -4.18646      5.03325      0.00000
     -4.17646      6.15424      0.00000
     -4.16646      6.20636      0.00000
     -4.15646      3.21066      0.00000
     -4.14646      0.71623      0.00000
     -4.13646      0.38954      0.00000
     -4.12646      1.03012      0.00000
     -4.11646      1.15999      0.00000
     -4.10646      0.48128      0.00000
     -4.09646      0.07346      0.00000
     -4.08646      0.00418      0.00000
     -4.07646      0.00351      0.00000
     -4.06646      0.07843      0.00000
     -4.05646      0.66016      0.00000
     -4.04646      2.04533      0.00000
     -4.03646      2.36564      0.00000
     -4.02646      1.43136      0.00000
     -4.01646      2.37748      0.00000
     -4.00646      4.96500      0.00000
     -3.99646      6.49339      0.00000
     -3.98646      5.38797      0.00000
     -3.97646      2.92225      0.00000
     -3.96646      2.65991      0.00000
     -3.95646      2.95770      0.00000
     -3.94646      2.91817      0.00000
     -3.93646      2.34143      0.00000
     -3.92646      0.88447      0.00000
     -3.91646      0.21270      0.00000
     -3.90646      1.01474      0.00000
     -3.89646      4.72555      0.00000
     -3.88646      9.14111      0.00000
     -3.87646      8.57449      0.00000
     -3.86646      6.53394      0.00000
     -3.85646      6.57220      0.00000
     -3.84646      5.84508      0.00000
     -3.83646      4.33904      0.00000
     -3.82646      2.57797      0.00000
     -3.81646      1.83147      0.00000
     -3.80646      2.50379      0.00000
     -3.79646      1.90115      0.00000
     -3.78646      0.54879      0.00000
     -3.77646      0.05841      0.00000
     -3.76646      0.00229      0.00000
     -3.75646      0.00033      0.00000
     -3.74646      0.01072      0.00000
     -3.73646      0.14385      0.00000
     -3.72646      0.74813      0.00000
     -3.71646      1.83123      0.00000
     -3.70646      3.32719      0.00000
     -3.69646      5.06022      0.00000
     -3.68646      5.44464      0.00000
     -3.67646      5.21346      0.00000
     -3.66646      5.99378      0.00000
     -3.65646      6.64454      0.00000
     -3.64646      8.16644      0.00000
     -3.63646      9.36835      0.00000
     -3.62646      5.68372      0.00000
     -3.61646      1.84497      0.00000
     -3.60646      1.85601      0.00000
     -3.59646      3.63117      0.00000
     -3.58646      3.17387      0.00000
     -3.57646      2.78271      0.00000
     -3.56646      4.69273      0.00000
     -3.55646      4.09539      0.00000
     -3.54646      1.44438      0.00000
     -3.53646      0.85005      0.00000
     -3.52646      2.07744      0.00000
     -3.51646      2.36567      0.00000
     -3.50646      1.46668      0.00000
     -3.49646      1.99105      0.00000
     -3.48646      2.49436      0.00000
     -3.47646      1.75272      0.00000
     -3.46646      2.52347      0.00000
     -3.45646      3.79237      0.00000
     -3.44646      3.17768      0.00000
     -3.43646      2.83087      0.00000
     -3.42646      3.48522      0.00000
     -3.41646      4.09687      0.00000
     -3.40646      3.95111      0.00000
     -3.39646      2.80970      0.00000
     -3.38646      1.59869      0.00000
     -3.37646      2.13869      0.00000
     -3.36646      2.36613      0.00000
     -3.35646      1.02485      0.00000
     -3.34646      0.16908      0.00000
     -3.33646      0.12783      0.00000
     -3.32646      1.03913      0.00000
     -3.31646      3.91790      0.00000
     -3.30646      7.31951      0.00000
     -3.29646      7.69729      0.00000
     -3.28646      4.75237      0.00000
     -3.27646      2.39334      0.00000
     -3.26646      2.12260      0.00000
     -3.25646      3.31996      0.00000
     -3.24646      3.26279      0.00000
     -3.23646      1.54134      0.00000
     -3.22646      1.51297      0.00000
     -3.21646      3.43641      0.00000
     -3.20646      4.50384      0.00000
     -3.19646      4.84090      0.00000
     -3.18646      5.59112      0.00000
     -3.17646      7.20598      0.00000
     -3.16646      9.69592      0.00000
     -3.15646      9.86792      0.00000
     -3.14646      7.96948      0.00000
     -3.13646      7.85561      0.00000
     -3.12646     10.22300      0.00000
     -3.11646     10.84214      0.00000
     -3.10646      7.06821      0.00000
     -3.09646      3.28400      0.00000
     -3.08646      2.94304      0.00000
     -3.07646      3.62144      0.00000
     -3.06646      2.11835      0.00000
     -3.05646      0.54201      0.00000
     -3.04646      0.36179      0.00000
     -3.03646      1.00329      0.00000
     -3.02646      1.18918      0.00000
     -3.01646      0.69569      0.00000
     -3.00646      1.18746      0.00000
     -2.99646      2.50505      0.00000
     -2.98646      2.69561      0.00000
     -2.97646      2.73846      0.00000
     -2.96646      2.40153      0.00000
     -2.95646      1.68098      0.00000
     -2.94646      2.63330      0.00000
     -2.93646      3.24312      0.00000
     -2.92646      1.99488      0.00000
     -2.91646      0.67702      0.00000
     -2.90646      0.57087      0.00000
     -2.89646      1.19787      0.00000
     -2.88646      1.37456      0.00000
     -2.87646      2.07641      0.00000
     -2.86646      4.26698      0.00000
     -2.85646      6.90638      0.00000
     -2.84646      7.24023      0.00000
     -2.83646      3.65780      0.00000
     -2.82646      0.82137      0.00000
     -2.81646      0.63057      0.00000
     -2.80646      2.63623      0.00000
     -2.79646      5.15820      0.00000
     -2.78646      5.14252      0.00000
     -2.77646      3.47326      0.00000
     -2.76646      1.45255      0.00000
     -2.75646      0.45588      0.00000
     -2.74646      1.20160      0.00000
     -2.73646      3.17781      0.00000
     -2.72646      4.84904      0.00000
     -2.71646      5.47054      0.00000
     -2.70646      4.56630      0.00000
     -2.69646      2.94549      0.00000
     -2.68646      2.20778      0.00000
     -2.67646      1.95599      0.00000
     -2.66646      1.29520      0.00000
     -2.65646      1.33385      0.00000
     -2.64646      3.56421      0.00000
     -2.63646      5.03421      0.00000
     -2.62646      3.79809      0.00000
     -2.61646      3.17019      0.00000
     -2.60646      2.65321      0.00000
     -2.59646      1.73108      0.00000
     -2.58646      0.91903      0.00000
     -2.57646      1.40068      0.00000
     -2.56646      3.53071      0.00000
     -2.55646      5.06268      0.00000
     -2.54646      4.97659      0.00000
     -2.53646      3.25562      0.00000
     -2.52646      2.29254      0.00000
     -2.51646      2.91990      0.00000
     -2.50646      3.98397      0.00000
     -2.49646      7.89080      0.00000
     -2.48646     11.23623      0.00000
     -2.47646      9.39713      0.00000
     -2.46646      6.76818      0.00000
     -2.45646      6.90640      0.00000
     -2.44646      6.25676      0.00000
     -2.43646      5.04048      0.00000
     -2.42646      4.61787      0.00000
     -2.41646      4.89685      0.00000
     -2.40646      4.16198      0.00000
     -2.39646      1.96802      0.00000
     -2.38646      1.35942      0.00000
     -2.37646      3.09910      0.00000
     -2.36646      3.47798      0.00000
     -2.35646      1.45676      0.00000
     -2.34646      0.24621      0.00000
     -2.33646      0.34813      0.00000
     -2.32646      2.12006      0.00000
     -2.31646      5.44464      0.00000
     -2.30646      6.31159      0.00000
     -2.29646      4.28048      0.00000
     -2.28646      4.18191      0.00000
     -2.27646      6.45627      0.00000
     -2.26646      6.44438      0.00000
     -2.25646      5.64692      0.00000
     -2.24646      6.58028      0.00000
     -2.23646      4.87043      0.00000
     -2.22646      3.52194      0.00000
     -2.21646      5.06022      0.00000
     -2.20646      6.78032      0.00000
     -2.19646      5.09389      0.00000
     -2.18646      1.95331      0.00000
     -2.17646      1.82364      0.00000
     -2.16646      3.94429      0.00000
     -2.15646      5.79992      0.00000
     -2.14646      5.33454      0.00000
     -2.13646      4.24590      0.00000
     -2.12646      5.34417      0.00000
     -2.11646      5.11513      0.00000
     -2.10646      5.36980      0.00000
     -2.09646      6.77791      0.00000
     -2.08646      5.60812      0.00000
     -2.07646      5.27589      0.00000
     -2.06646      7.29532      0.00000
     -2.05646      7.58199      0.00000
     -2.04646      5.61700      0.00000
     -2.03646      3.09680      0.00000
     -2.02646      3.78067      0.00000
     -2.01646      7.60622      0.00000
     -2.00646     11.36584      0.00000
     -1.99646     11.30830      0.00000
     -1.98646      6.66494      0.00000
     -1.97646      4.46595      0.00000
     -1.96646      5.99144      0.00000
     -1.95646      7.93546      0.00000
     -1.94646      9.13610      0.00000
     -1.93646      8.39666      0.00000
     -1.92646      6.45454      0.00000
     -1.91646      5.42956      0.00000
     -1.90646      8.10690      0.00000
     -1.89646      9.74762      0.00000
     -1.88646      5.32314      0.00000
     -1.87646      2.65771      0.00000
     -1.86646      3.10115      0.00000
     -1.85646      4.32570      0.00000
     -1.84646      7.03949      0.00000
     -1.83646      7.45250      0.00000
     -1.82646      6.10211      0.00000
     -1.81646      6.01421      0.00000
     -1.80646      5.12218      0.00000
     -1.79646      3.60408      0.00000
     -1.78646      5.43329      0.00000
     -1.77646      8.74161      0.00000
     -1.76646      9.99947      0.00000
     -1.75646      8.28121      0.00000
     -1.74646      6.45691      0.00000
     -1.73646      5.79846      0.00000
     -1.72646      6.15846      0.00000
     -1.71646      8.90185      0.00000
     -1.70646      9.13986      0.00000
     -1.69646      6.22456      0.00000
     -1.68646      3.44212      0.00000
     -1.67646      1.72569      0.00000
     -1.66646      2.66616      0.00000
     -1.65646      6.07540      0.00000
     -1.64646      7.75749      0.00000
     -1.63646      6.44954      0.00000
     -1.62646      4.29287      0.00000
     -1.61646      4.69359      0.00000
     -1.60646      7.01890      0.00000
     -1.59646      6.28607      0.00000
     -1.58646      4.30708      0.00000
     -1.57646      3.61292      0.00000
     -1.56646      2.44752      0.00000
     -1.55646      2.01964      0.00000
     -1.54646      2.57255      0.00000
     -1.53646      1.69482      0.00000
     -1.52646      0.46738      0.00000
     -1.51646      0.41113      0.00000
     -1.50646      1.30783      0.00000
     -1.49646      2.46127      0.00000
     -1.48646      2.96393      0.00000
     -1.47646      2.14963      0.00000
     -1.46646      2.03214      0.00000
     -1.45646      2.64673      0.00000
     -1.44646      2.35942      0.00000
     -1.43646      3.67792      0.00000
     -1.42646      5.73436      0.00000
     -1.41646      4.37581      0.00000
     -1.40646      2.66193      0.00000
     -1.39646      3.97011      0.00000
     -1.38646      4.36788      0.00000
     -1.37646      2.14679      0.00000
     -1.36646      0.45453      0.00000
     -1.35646      0.24640      0.00000
     -1.34646      1.16891      0.00000
     -1.33646      2.41191      0.00000
     -1.32646      1.85509      0.00000
     -1.31646      0.53214      0.00000
     -1.30646      0.08442      0.00000
     -1.29646      0.34580      0.00000
     -1.28646      1.62259      0.00000
     -1.27646      3.23892      0.00000
     -1.26646      3.76178      0.00000
     -1.25646      4.27408      0.00000
     -1.24646      4.69348      0.00000
     -1.23646      2.99932      0.00000
     -1.22646      0.86547      0.00000
     -1.21646      0.53768      0.00000
     -1.20646      1.73988      0.00000
     -1.19646      2.47140      0.00000
     -1.18646      1.39032      0.00000
     -1.17646      1.01499      0.00000
     -1.16646      2.60754      0.00000
     -1.15646      4.26961      0.00000
     -1.14646      3.39880      0.00000
     -1.13646      1.22128      0.00000
     -1.12646      0.51430      0.00000
     -1.11646      1.69643      0.00000
     -1.10646      4.06957      0.00000
     -1.09646      5.48966      0.00000
     -1.08646      4.52603      0.00000
     -1.07646      2.18272      0.00000
     -1.06646      0.94965      0.00000
     -1.05646      1.36488      0.00000
     -1.04646      2.37970      0.00000
     -1.03646      4.84542      0.00000
     -1.02646      6.32769      0.00000
     -1.01646      4.23218      0.00000
     -1.00646      1.94092      0.00000
     -0.99646      1.66536      0.00000
     -0.98646      2.97063      0.00000
     -0.97646      3.96913      0.00000
     -0.96646      4.21949      0.00000
     -0.95646      3.33235      0.00000
     -0.94646      4.38260      0.00000
     -0.93646      7.54384      0.00000
     -0.92646      7.45409      0.00000
     -0.91646      3.98621      0.00000
     -0.90646      1.24994      0.00000
     -0.89646      0.89523      0.00000
     -0.88646      2.88552      0.00000
     -0.87646      6.35389      0.00000
     -0.86646      9.29968      0.00000
     -0.85646      8.02370      0.00000
     -0.84646      4.01304      0.00000
     -0.83646      2.86038      0.00000
     -0.82646      3.63010      0.00000
     -0.81646      3.75572      0.00000
     -0.80646      4.61323      0.00000
     -0.79646      5.66644      0.00000
     -0.78646      6.28175      0.00000
     -0.77646      7.04970      0.00000
     -0.76646      6.85855      0.00000
     -0.75646      5.55402      0.00000
     -0.74646      6.27889      0.00000
     -0.73646      6.57143      0.00000
     -0.72646      5.89626      0.00000
     -0.71646      8.44689      0.00000
     -0.70646      9.66025      0.00000
     -0.69646      8.61395      0.00000
     -0.68646      8.21164      0.00000
     -0.67646      7.50389      0.00000
     -0.66646      7.63211      0.00000
     -0.65646      8.30809      0.00000
     -0.64646      9.35706      0.00000
     -0.63646     11.52832      0.00000
     -0.62646     10.46686      0.00000
     -0.61646      5.37953      0.00000
     -0.60646      1.88137      0.00000
     -0.59646      1.05981      0.00000
     -0.58646      2.35435      0.00000
     -0.57646      4.20475      0.00000
     -0.56646      5.53438      0.00000
     -0.55646      6.57295      0.00000
     -0.54646      6.61372      0.00000
     -0.53646      7.43869      0.00000
     -0.52646      8.12708      0.00000
     -0.51646      7.98040      0.00000
     -0.50646      8.69544      0.00000
     -0.49646      6.68862      0.00000
     -0.48646      4.31288      0.00000
     -0.47646      5.60215      0.00000
     -0.46646      8.04218      0.00000
     -0.45646      9.47669      0.00000
     -0.44646      9.86119      0.00000
     -0.43646      9.26920      0.00000
     -0.42646      8.86690      0.00000
     -0.41646      9.25616      0.00000
     -0.40646      9.10188      0.00000
     -0.39646      8.63129      0.00000
     -0.38646      7.35767      0.00000
     -0.37646      5.34255      0.00000
     -0.36646      6.19430      0.00000
     -0.35646     10.26865      0.00000
     -0.34646     11.12664      0.00000
     -0.33646      9.41633      0.00000
     -0.32646      8.46299      0.00000
     -0.31646      8.11901      0.00000
     -0.30646      6.11542      0.00000
     -0.29646      3.24763      0.00000
     -0.28646      2.70957      0.00000
     -0.27646      2.39459      0.00000
     -0.26646      2.07945      0.00000
     -0.25646      4.21753      0.00000
     -0.24646      6.54751      0.00000
     -0.23646      6.38628      0.00000
     -0.22646      6.87625      0.00000
     -0.21646     10.63099      0.00000
     -0.20646     11.94983      0.00000
     -0.19646      7.92457      0.00000
     -0.18646      5.22175      0.00000
     -0.17646      3.98069      0.00000
     -0.16646      3.15716      0.00000
     -0.15646      3.09815      0.00000
     -0.14646      4.10963      0.00000
     -0.13646      6.72156      0.00000
     -0.12646      7.98675      0.00000
     -0.11646      7.45606      0.00000
     -0.10646      7.49505      0.00000
     -0.09646      8.04077      0.00000
     -0.08646      4.58709      0.00000
     -0.07646      1.95813      0.00000
     -0.06646      4.37018      0.00000
     -0.05646      8.44394      0.00000
     -0.04646      9.14318      0.00000
     -0.03646      7.70865      0.00000
     -0.02646      7.31743      0.00000
     -0.01646      9.11716      0.00000
     -0.00646     10.21581      0.00000
      0.00354      7.62553      0.00000
      0.01354      3.72171      0.00000
      0.02354      2.07623      0.00000
      0.03354      3.61494      0.00000
      0.04354      5.44372      0.00000
      0.05354      4.36569      0.00000
      0.06354      3.84847      0.00000
      0.07354      6.56778      0.00000
      0.08354      7.66229      0.00000
      0.09354      7.25954      0.00000
      0.10354      6.69674      0.00000
      0.11354      4.65032      0.00000
      0.12354      3.22035      0.00000
      0.13354      3.81129      0.00000
      0.14354      5.41662      0.00000
      0.15354      6.97716      0.00000
      0.16354      7.47664      0.00000
      0.17354      6.32876      0.00000
      0.18354      4.69884      0.00000
      0.19354      3.98859      0.00000
      0.20354      3.82400      0.00000
      0.21354      3.22296      0.00000
      0.22354      4.17620      0.00000
      0.23354      4.86850      0.00000
      0.24354      2.51985      0.00000
      0.25354      0.59878      0.00000
      0.26354      0.63989      0.00000
      0.27354      1.93290      0.00000
      0.28354      4.24739      0.00000
      0.29354      6.46365      0.00000
      0.30354      7.07541      0.00000
      0.31354      6.90664      0.00000
      0.32354      4.79609      0.00000
      0.33354      3.34995      0.00000
      0.34354      5.28105      0.00000
      0.35354      7.86897      0.00000
      0.36354      8.56685      0.00000
      0.37354      8.86929      0.00000
      0.38354      6.35271      0.00000
      0.39354      2.82043      0.00000
      0.40354      0.89324      0.00000
      0.41354      0.28790      0.00000
      0.42354      0.74245      0.00000
      0.43354      1.95833      0.00000
      0.44354      3.40698      0.00000
      0.45354      5.75311      0.00000
      0.46354      8.57850      0.00000
      0.47354      9.89699      0.00000
      0.48354      9.51992      0.00000
      0.49354      9.31749      0.00000
      0.50354      8.55731      0.00000
      0.51354      5.92196      0.00000
      0.52354      3.09227      0.00000
      0.53354      1.50844      0.00000
      0.54354      1.38528      0.00000
      0.55354      3.98454      0.00000
      0.56354      6.99154      0.00000
      0.57354      8.24822      0.00000
      0.58354      8.89653      0.00000
      0.59354      6.83559      0.00000
      0.60354      4.69754      0.00000
      0.61354      4.74179      0.00000
      0.62354      5.99226      0.00000
      0.63354      5.60906      0.00000
      0.64354      6.21343      0.00000
      0.65354      8.87556      0.00000
      0.66354     10.11481      0.00000
      0.67354      9.14377      0.00000
      0.68354      7.16984      0.00000
      0.69354      5.87033      0.00000
      0.70354      5.02719      0.00000
      0.71354      4.93723      0.00000
      0.72354      5.19857      0.00000
      0.73354      6.00246      0.00000
      0.74354     10.05035      0.00000
      0.75354     11.54340      0.00000
      0.76354      8.18108      0.00000
      0.77354      5.92385      0.00000
      0.78354      6.29157      0.00000
      0.79354      6.03843      0.00000
      0.80354      4.79814      0.00000
      0.81354      4.87799      0.00000
      0.82354      4.32255      0.00000
      0.83354      4.02527      0.00000
      0.84354      3.96943      0.00000
      0.85354      2.93699      0.00000
      0.86354      3.96438      0.00000
      0.87354      4.76275      0.00000
      0.88354      3.05178      0.00000
      0.89354      1.74513      0.00000
      0.90354      1.02717      0.00000
      0.91354      0.90402      0.00000
      0.92354      1.27034      0.00000
      0.93354      0.98955      0.00000
      0.94354      1.45222      0.00000
      0.95354      3.94825      0.00000
      0.96354      5.53651      0.00000
      0.97354      3.92577      0.00000
      0.98354      2.99437      0.00000
      0.99354      4.36263      0.00000
      1.00354      4.11873      0.00000
      1.01354      3.34470      0.00000
      1.02354      4.73979      0.00000
      1.03354      4.40038      0.00000
      1.04354      1.82296      0.00000
      1.05354      1.09906      0.00000
      1.06354      1.84520      0.00000
      1.07354      3.31582      0.00000
      1.08354      5.55942      0.00000
      1.09354      5.86488      0.00000
      1.10354      3.28252      0.00000
      1.11354      0.98794      0.00000
      1.12354      1.04159      0.00000
      1.13354      2.31629      0.00000
      1.14354      2.07247      0.00000
      1.15354      0.77769      0.00000
      1.16354      0.92018      0.00000
      1.17354      3.26497      0.00000
      1.18354      6.61030      0.00000
      1.19354      7.70744      0.00000
      1.20354      5.79616      0.00000
      1.21354      3.21081      0.00000
      1.22354      1.19744      0.00000
      1.23354      0.89722      0.00000
      1.24354      2.35246      0.00000
      1.25354      5.15226      0.00000
      1.26354      6.82230      0.00000
      1.27354      5.26211      0.00000
      1.28354      3.14677      0.00000
      1.29354      1.23202      0.00000
      1.30354      0.54920      0.00000
      1.31354      1.55072      0.00000
      1.32354      2.49333      0.00000
      1.33354      1.48675      0.00000
      1.34354      0.33333      0.00000
      1.35354      0.15376      0.00000
      1.36354      0.91128      0.00000
      1.37354      2.72460      0.00000
      1.38354      3.46905      0.00000
      1.39354      2.09243      0.00000
      1.40354      1.36910      0.00000
      1.41354      1.27607      0.00000
      1.42354      1.12446      0.00000
      1.43354      2.06831      0.00000
      1.44354      2.38409      0.00000
      1.45354      1.21303      0.00000
      1.46354      0.94287      0.00000
      1.47354      1.25618      0.00000
      1.48354      0.73983      0.00000
      1.49354      0.25263      0.00000
      1.50354      0.95990      0.00000
      1.51354      3.76626      0.00000
      1.52354      5.98774      0.00000
      1.53354      4.14637      0.00000
      1.54354      2.04320      0.00000
      1.55354      1.45628      0.00000
      1.56354      1.69783      0.00000
      1.57354      2.94478      0.00000
      1.58354      3.13572      0.00000
      1.59354      2.25042      0.00000
      1.60354      2.21165      0.00000
      1.61354      2.58146      0.00000
      1.62354      1.48862      0.00000
      1.63354      0.83039      0.00000
      1.64354      1.88975      0.00000
      1.65354      2.42393      0.00000
      1.66354      1.15780      0.00000
      1.67354      0.21892      0.00000
      1.68354      0.30612      0.00000
      1.69354      2.17851      0.00000
      1.70354      6.63488      0.00000
      1.71354      9.09499      0.00000
      1.72354      6.57904      0.00000
      1.73354      2.71537      0.00000
      1.74354      0.56264      0.00000
      1.75354      0.06241      0.00000
      1.76354      0.20732      0.00000
      1.77354      1.21618      0.00000
      1.78354      2.64891      0.00000
      1.79354      2.17455      0.00000
      1.80354      1.17027      0.00000
      1.81354      2.17498      0.00000
      1.82354      3.48232      0.00000
      1.83354      3.39617      0.00000
      1.84354      3.52101      0.00000
      1.85354      3.78212      0.00000
      1.86354      3.31002      0.00000
      1.87354      2.52922      0.00000
      1.88354      3.26267      0.00000
      1.89354      4.60090      0.00000
      1.90354      5.03756      0.00000
      1.91354      3.91881      0.00000
      1.92354      2.77429      0.00000
      1.93354      3.58743      0.00000
      1.94354      5.00828      0.00000
      1.95354      4.87892      0.00000
      1.96354      2.76301      0.00000
      1.97354      0.78509      0.00000
      1.98354      0.51449      0.00000
      1.99354      1.67480      0.00000
      2.00354      3.46065      0.00000
      2.01354      4.17839      0.00000
      2.02354      3.08900      0.00000
      2.03354      1.81849      0.00000
      2.04354      0.76064      0.00000
      2.05354      0.15366      0.00000
      2.06354      0.12763      0.00000
      2.07354      0.87738      0.00000
      2.08354      2.69216      0.00000
      2.09354      3.45331      0.00000
      2.10354      2.08616      0.00000
      2.11354      1.77874      0.00000
      2.12354      3.03686      0.00000
      2.13354      3.64879      0.00000
      2.14354      3.55106      0.00000
      2.15354      3.31008      0.00000
      2.16354      3.45787      0.00000
      2.17354      3.46587      0.00000
      2.18354      2.69039      0.00000
      2.19354      2.46378      0.00000
      2.20354      2.83789      0.00000
      2.21354      2.24580      0.00000
      2.22354      1.41655      0.00000
      2.23354      0.60850      0.00000
      2.24354      0.76645      0.00000
      2.25354      2.43469      0.00000
      2.26354      4.33074      0.00000
      2.27354      4.98947      0.00000
      2.28354      3.75778      0.00000
      2.29354      1.84667      0.00000
      2.30354      0.54977      0.00000
      2.31354      0.07672      0.00000
      2.32354      0.01665      0.00000
      2.33354      0.19592      0.00000
      2.34354      1.13342      0.00000
      2.35354      2.41319      0.00000
      2.36354      1.89016      0.00000
      2.37354      0.54464      0.00000
      2.38354      0.05773      0.00000
      2.39354      0.00305      0.00000
      2.40354      0.02739      0.00000
      2.41354      0.35655      0.00000
      2.42354      1.83978      0.00000
      2.43354      4.03463      0.00000
      2.44354      4.02845      0.00000
      2.45354      1.83153      0.00000
      2.46354      0.37295      0.00000
      2.47354      0.30659      0.00000
      2.48354      1.60330      0.00000
      2.49354      4.10271      0.00000
      2.50354      5.89279      0.00000
      2.51354      6.44126      0.00000
      2.52354      6.89377      0.00000
      2.53354      6.59952      0.00000
      2.54354      4.15685      0.00000
      2.55354      1.58486      0.00000
      2.56354      1.10332      0.00000
      2.57354      1.32927      0.00000
      2.58354      1.25471      0.00000
      2.59354      2.33458      0.00000
      2.60354      5.05663      0.00000
      2.61354      6.43042      0.00000
      2.62354      3.56003      0.00000
      2.63354      1.32064      0.00000
      2.64354      2.24139      0.00000
      2.65354      3.39818      0.00000
      2.66354      2.68537      0.00000
      2.67354      2.09682      0.00000
      2.68354      2.85632      0.00000
      2.69354      3.81980      0.00000
      2.70354      3.53873      0.00000
      2.71354      3.10713      0.00000
      2.72354      2.77585      0.00000
      2.73354      2.24890      0.00000
      2.74354      2.61074      0.00000
      2.75354      1.94625      0.00000
      2.76354      1.21045      0.00000
      2.77354      2.02720      0.00000
      2.78354      2.25153      0.00000
      2.79354      1.16565      0.00000
      2.80354      1.26858      0.00000
      2.81354      3.23287      0.00000
      2.82354      4.22625      0.00000
      2.83354      4.53806      0.00000
      2.84354      5.00805      0.00000
      2.85354      2.90432      0.00000
      2.86354      0.68802      0.00000
      2.87354      0.08539      0.00000
      2.88354      0.29046      0.00000
      2.89354      1.39560      0.00000
      2.90354      2.48595      0.00000
      2.91354      1.63025      0.00000
      2.92354      0.43044      0.00000
      2.93354      0.49462      0.00000
      2.94354      2.30302      0.00000
      2.95354      5.28411      0.00000
      2.96354      6.43044      0.00000
      2.97354      5.39364      0.00000
      2.98354      4.61506      0.00000
      2.99354      2.79571      0.00000
      3.00354      0.73373      0.00000
      3.01354      0.15217      0.00000
      3.02354      0.81739      0.00000
      3.03354      3.36678      0.00000
      3.04354      5.80263      0.00000
      3.05354      4.18055      0.00000
      3.06354      1.22902      0.00000
      3.07354      0.16426      0.00000
      3.08354      0.33396      0.00000
      3.09354      1.90498      0.00000
      3.10354      4.43051      0.00000
      3.11354      4.53103      0.00000
      3.12354      3.64507      0.00000
      3.13354      4.17032      0.00000
      3.14354      3.90997      0.00000
      3.15354      4.45415      0.00000
      3.16354      5.31571      0.00000
      3.17354      4.60297      0.00000
      3.18354      2.54012      0.00000
      3.19354      0.69725      0.00000
      3.20354      0.25291      0.00000
      3.21354      1.62556      0.00000
      3.22354      5.58452      0.00000
      3.23354      7.20297      0.00000
      3.24354      3.54605      0.00000
      3.25354      1.07358      0.00000
      3.26354      1.17819      0.00000
      3.27354      1.16500      0.00000
      3.28354      1.15260      0.00000
      3.29354      2.60067      0.00000
      3.30354      4.01182      0.00000
      3.31354      3.89594      0.00000
      3.32354      2.73761      0.00000
      3.33354      1.89143      0.00000
      3.34354      2.85272      0.00000
      3.35354      3.96107      0.00000
      3.36354      3.25294      0.00000
      3.37354      3.28523      0.00000
      3.38354      3.92602      0.00000
      3.39354      5.05766      0.00000
      3.40354      5.35461      0.00000
      3.41354      3.90786      0.00000
      3.42354      3.04742      0.00000
      3.43354      1.92090      0.00000
      3.44354      0.53079      0.00000
      3.45354      0.07408      0.00000
      3.46354      0.26389      0.00000
      3.47354      1.32702      0.00000
      3.48354      2.47573      0.00000
      3.49354      1.73510      0.00000
      3.50354      0.88161      0.00000
      3.51354      2.17436      0.00000
      3.52354      4.31533      0.00000
      3.53354      4.88990      0.00000
      3.54354      4.59021      0.00000
      3.55354      4.21450      0.00000
      3.56354      4.85250      0.00000
      3.57354      6.32141      0.00000
      3.58354      5.02064      0.00000
