Energy-E_F (eV)    DOS (1/eV)    PDOS (1/eV)  of atom type Hf 
     -4.81881      1.34892      0.00000
     -4.80881      0.71696      0.00000
     -4.79881      0.63518      0.00000
     -4.78881      0.83035      0.00000
     -4.77881      1.23410      0.00000
     -4.76881      1.61744      0.00000
     -4.75881      1.35164      0.00000
     -4.74881      1.00523      0.00000
     -4.73881      0.75927      0.00000
     -4.72881      0.82200      0.00000
     -4.71881      1.11383      0.00000
     -4.70881      0.87466      0.00000
     -4.69881      0.77419      0.00000
     -4.68881      1.21069      0.00000
     -4.67881      2.28089      0.00000
     -4.66881      4.12188      0.00000
     -4.65881      6.69934      0.00000
     -4.64881      7.60311      0.00000
     -4.63881      6.58445      0.00000
     -4.62881      6.87114      0.00000
     -4.61881      6.74261      0.00000
     -4.60881      4.62917      0.00000
     -4.59881      2.62597      0.00000
     -4.58881      2.11439      0.00000
     -4.57881      2.87058      0.00000
     -4.56881      4.03073      0.00000
     -4.55881      3.87424      0.00000
     -4.54881      2.84331      0.00000
     -4.53881      2.21245      0.00000
     -4.52881      1.39386      0.00000
     -4.51881      0.53833      0.00000
     -4.50881      0.83415      0.00000
     -4.49881      2.28136      0.00000
     -4.48881      3.47037      0.00000
     -4.47881      3.74483      0.00000
     -4.46881      3.21270      0.00000
     -4.45881      2.55627      0.00000
     -4.44881      2.45334      0.00000
     -4.43881      1.90363      0.00000
     -4.42881      1.88476      0.00000
     -4.41881      2.18429      0.00000
     -4.40881      1.90567      0.00000
     -4.39881      2.32838      0.00000
     -4.38881      2.49964      0.00000
     -4.37881      2.12788      0.00000
     -4.36881      2.46033      0.00000
     -4.35881      2.88803      0.00000
     -4.34881      3.11921      0.00000
     -4.33881      4.04313      0.00000
     -4.32881      4.70087      0.00000
     -4.31881      3.94142      0.00000
     -4.30881      2.84447      0.00000
     -4.29881      3.08486      0.00000
     -4.28881      4.19613      0.00000
     -4.27881      5.09112      0.00000
     -4.26881      4.73804      0.00000
     -4.25881      3.19823      0.00000
     -4.24881      2.15142      0.00000
     -4.23881      1.91376      0.00000
     -4.22881      1.17421      0.00000
     -4.21881      0.59608      0.00000
     -4.20881      1.11675      0.00000
     -4.19881      2.37866      0.00000
     -4.18881      3.43858      0.00000
     -4.17881      3.39903      0.00000
     -4.16881      2.41433      0.00000
     -4.15881      2.39355      0.00000
     -4.14881      2.65862      0.00000
     -4.13881      1.76733      0.00000
     -4.12881      1.42342      0.00000
     -4.11881      1.39005      0.00000
     -4.10881      1.68441      0.00000
     -4.09881      3.32261      0.00000
     -4.08881      4.19187      0.00000
     -4.07881      3.31034      0.00000
     -4.06881      2.88551      0.00000
     -4.05881      2.97503      0.00000
     -4.04881      3.76009      0.00000
     -4.03881      4.42262      0.00000
     -4.02881      3.55012      0.00000
     -4.01881      2.30402      0.00000
     -4.00881      1.88662      0.00000
     -3.99881      2.46269      0.00000
     -3.98881      2.51707      0.00000
     -3.97881      2.27372      0.00000
     -3.96881      2.16896      0.00000
     -3.95881      1.64910      0.00000
     -3.94881      1.32934      0.00000
     -3.93881      1.34648      0.00000
     -3.92881      1.10068      0.00000
     -3.91881      0.70883      0.00000
     -3.90881      1.64298      0.00000
     -3.89881      3.35716      0.00000
     -3.88881      3.10098      0.00000
     -3.87881      2.06526      0.00000
     -3.86881      2.28186      0.00000
     -3.85881      2.32673      0.00000
     -3.84881      2.74026      0.00000
     -3.83881      3.92587      0.00000
     -3.82881      4.87219      0.00000
     -3.81881      5.04432      0.00000
     -3.80881      4.62616      0.00000
     -3.79881      3.81055      0.00000
     -3.78881      3.38753      0.00000
     -3.77881      3.91639      0.00000
     -3.76881      4.18927      0.00000
     -3.75881      4.14217      0.00000
     -3.74881      4.23987      0.00000
     -3.73881      3.95481      0.00000
     -3.72881      3.96027      0.00000
     -3.71881      3.55663      0.00000
     -3.70881      3.02178      0.00000
     -3.69881      4.18209      0.00000
     -3.68881      5.21413      0.00000
     -3.67881      3.94292      0.00000
     -3.66881      2.17150      0.00000
     -3.65881      2.01634      0.00000
     -3.64881      2.46395      0.00000
     -3.63881      2.32673      0.00000
     -3.62881      2.17545      0.00000
     -3.61881      2.02522      0.00000
     -3.60881      2.01732      0.00000
     -3.59881      2.38584      0.00000
     -3.58881      3.47952      0.00000
     -3.57881      3.80153      0.00000
     -3.56881      2.48379      0.00000
     -3.55881      2.14589      0.00000
     -3.54881      3.26000      0.00000
     -3.53881      3.60793      0.00000
     -3.52881      3.49674      0.00000
     -3.51881      3.35204      0.00000
     -3.50881      2.28152      0.00000
     -3.49881      1.60495      0.00000
     -3.48881      2.31862      0.00000
     -3.47881      3.40956      0.00000
     -3.46881      3.71847      0.00000
     -3.45881      4.34271      0.00000
     -3.44881      5.04864      0.00000
     -3.43881      4.02943      0.00000
     -3.42881      2.57190      0.00000
     -3.41881      2.79332      0.00000
     -3.40881      3.77819      0.00000
     -3.39881      4.42132      0.00000
     -3.38881      3.96854      0.00000
     -3.37881      2.84299      0.00000
     -3.36881      2.39616      0.00000
     -3.35881      2.46606      0.00000
     -3.34881      3.36067      0.00000
     -3.33881      4.33527      0.00000
     -3.32881      3.54843      0.00000
     -3.31881      2.96627      0.00000
     -3.30881      3.60772      0.00000
     -3.29881      3.57651      0.00000
     -3.28881      2.77295      0.00000
     -3.27881      2.01989      0.00000
     -3.26881      2.14940      0.00000
     -3.25881      3.20530      0.00000
     -3.24881      3.03830      0.00000
     -3.23881      2.15174      0.00000
     -3.22881      2.72175      0.00000
     -3.21881      4.21025      0.00000
     -3.20881      5.50949      0.00000
     -3.19881      6.45221      0.00000
     -3.18881      7.04090      0.00000
     -3.17881      6.20363      0.00000
     -3.16881      4.56925      0.00000
     -3.15881      3.92439      0.00000
     -3.14881      4.32144      0.00000
     -3.13881      4.07421      0.00000
     -3.12881      2.74823      0.00000
     -3.11881      2.76146      0.00000
     -3.10881      4.98010      0.00000
     -3.09881      6.92754      0.00000
     -3.08881      6.67484      0.00000
     -3.07881      5.64029      0.00000
     -3.06881      4.25659      0.00000
     -3.05881      3.01274      0.00000
     -3.04881      2.36217      0.00000
     -3.03881      1.76997      0.00000
     -3.02881      1.77770      0.00000
     -3.01881      2.93894      0.00000
     -3.00881      3.48371      0.00000
     -2.99881      3.18398      0.00000
     -2.98881      2.77119      0.00000
     -2.97881      2.68633      0.00000
     -2.96881      3.19190      0.00000
     -2.95881      3.41405      0.00000
     -2.94881      3.89355      0.00000
     -2.93881      4.99977      0.00000
     -2.92881      4.23507      0.00000
     -2.91881      3.58963      0.00000
     -2.90881      4.01634      0.00000
     -2.89881      3.21941      0.00000
     -2.88881      1.92743      0.00000
     -2.87881      1.28848      0.00000
     -2.86881      0.86646      0.00000
     -2.85881      1.49733      0.00000
     -2.84881      2.97400      0.00000
     -2.83881      4.02424      0.00000
     -2.82881      4.19163      0.00000
     -2.81881      3.41251      0.00000
     -2.80881      1.98498      0.00000
     -2.79881      1.42799      0.00000
     -2.78881      1.77603      0.00000
     -2.77881      2.00352      0.00000
     -2.76881      2.61999      0.00000
     -2.75881      3.36981      0.00000
     -2.74881      3.32521      0.00000
     -2.73881      3.01576      0.00000
     -2.72881      2.64299      0.00000
     -2.71881      2.40159      0.00000
     -2.70881      2.63829      0.00000
     -2.69881      2.61685      0.00000
     -2.68881      2.75000      0.00000
     -2.67881      3.13741      0.00000
     -2.66881      3.30207      0.00000
     -2.65881      2.77016      0.00000
     -2.64881      2.23137      0.00000
     -2.63881      2.87422      0.00000
     -2.62881      3.71208      0.00000
     -2.61881      3.38175      0.00000
     -2.60881      3.71556      0.00000
     -2.59881      4.58870      0.00000
     -2.58881      4.52478      0.00000
     -2.57881      4.20742      0.00000
     -2.56881      3.88533      0.00000
     -2.55881      3.72333      0.00000
     -2.54881      4.62285      0.00000
     -2.53881      5.24237      0.00000
     -2.52881      3.86909      0.00000
     -2.51881      3.20694      0.00000
     -2.50881      4.98091      0.00000
     -2.49881      6.00234      0.00000
     -2.48881      5.38630      0.00000
     -2.47881      5.11306      0.00000
     -2.46881      5.27138      0.00000
     -2.45881      4.75639      0.00000
     -2.44881      3.93215      0.00000
     -2.43881      4.06420      0.00000
     -2.42881      4.90050      0.00000
     -2.41881      4.82012      0.00000
     -2.40881      4.20928      0.00000
     -2.39881      3.92985      0.00000
     -2.38881      3.23851      0.00000
     -2.37881      2.40164      0.00000
     -2.36881      2.04327      0.00000
     -2.35881      1.95077      0.00000
     -2.34881      2.55027      0.00000
     -2.33881      3.39400      0.00000
     -2.32881      4.63222      0.00000
     -2.31881      6.43430      0.00000
     -2.30881      6.92943      0.00000
     -2.29881      6.30285      0.00000
     -2.28881      5.69293      0.00000
     -2.27881      5.28319      0.00000
     -2.26881      4.60413      0.00000
     -2.25881      4.77768      0.00000
     -2.24881      6.34060      0.00000
     -2.23881      6.41061      0.00000
     -2.22881      5.81716      0.00000
     -2.21881      6.27690      0.00000
     -2.20881      6.67505      0.00000
     -2.19881      5.99457      0.00000
     -2.18881      4.43691      0.00000
     -2.17881      2.67439      0.00000
     -2.16881      2.21506      0.00000
     -2.15881      3.48478      0.00000
     -2.14881      4.31657      0.00000
     -2.13881      4.94006      0.00000
     -2.12881      6.15013      0.00000
     -2.11881      6.50330      0.00000
     -2.10881      5.97496      0.00000
     -2.09881      5.05138      0.00000
     -2.08881      4.70501      0.00000
     -2.07881      4.80993      0.00000
     -2.06881      4.88934      0.00000
     -2.05881      5.87866      0.00000
     -2.04881      7.04195      0.00000
     -2.03881      7.14771      0.00000
     -2.02881      5.66283      0.00000
     -2.01881      3.32638      0.00000
     -2.00881      2.18683      0.00000
     -1.99881      3.70345      0.00000
     -1.98881      7.77665      0.00000
     -1.97881      9.94734      0.00000
     -1.96881      8.30359      0.00000
     -1.95881      7.01155      0.00000
     -1.94881      6.80729      0.00000
     -1.93881      6.85562      0.00000
     -1.92881      7.83808      0.00000
     -1.91881      8.09768      0.00000
     -1.90881      8.49347      0.00000
     -1.89881      9.00811      0.00000
     -1.88881      8.26758      0.00000
     -1.87881      6.81990      0.00000
     -1.86881      4.96196      0.00000
     -1.85881      4.44501      0.00000
     -1.84881      5.26807      0.00000
     -1.83881      5.29555      0.00000
     -1.82881      4.58422      0.00000
     -1.81881      4.39716      0.00000
     -1.80881      5.07321      0.00000
     -1.79881      5.58083      0.00000
     -1.78881      6.70904      0.00000
     -1.77881      6.94846      0.00000
     -1.76881      5.73516      0.00000
     -1.75881      5.49645      0.00000
     -1.74881      6.39228      0.00000
     -1.73881      8.05467      0.00000
     -1.72881      9.74759      0.00000
     -1.71881      8.04304      0.00000
     -1.70881      5.81123      0.00000
     -1.69881      6.31291      0.00000
     -1.68881      5.73581      0.00000
     -1.67881      4.74795      0.00000
     -1.66881      5.69001      0.00000
     -1.65881      7.37491      0.00000
     -1.64881      8.94407      0.00000
     -1.63881      9.49824      0.00000
     -1.62881      8.67315      0.00000
     -1.61881      6.16094      0.00000
     -1.60881      3.26698      0.00000
     -1.59881      2.69664      0.00000
     -1.58881      3.32547      0.00000
     -1.57881      3.26113      0.00000
     -1.56881      2.30685      0.00000
     -1.55881      1.44936      0.00000
     -1.54881      1.24359      0.00000
     -1.53881      1.50132      0.00000
     -1.52881      2.15951      0.00000
     -1.51881      2.40779      0.00000
     -1.50881      2.04544      0.00000
     -1.49881      1.90609      0.00000
     -1.48881      2.45629      0.00000
     -1.47881      2.96104      0.00000
     -1.46881      3.39757      0.00000
     -1.45881      4.40111      0.00000
     -1.44881      4.54725      0.00000
     -1.43881      3.19329      0.00000
     -1.42881      1.95182      0.00000
     -1.41881      1.45618      0.00000
     -1.40881      0.83332      0.00000
     -1.39881      0.68372      0.00000
     -1.38881      1.52899      0.00000
     -1.37881      2.13180      0.00000
     -1.36881      2.33072      0.00000
     -1.35881      2.56578      0.00000
     -1.34881      2.78592      0.00000
     -1.33881      2.52530      0.00000
     -1.32881      1.39339      0.00000
     -1.31881      1.71510      0.00000
     -1.30881      3.93583      0.00000
     -1.29881      5.03559      0.00000
     -1.28881      3.48799      0.00000
     -1.27881      2.52382      0.00000
     -1.26881      2.79383      0.00000
     -1.25881      2.09703      0.00000
     -1.24881      1.19148      0.00000
     -1.23881      1.00970      0.00000
     -1.22881      0.79792      0.00000
     -1.21881      0.63613      0.00000
     -1.20881      1.05748      0.00000
     -1.19881      1.60814      0.00000
     -1.18881      2.18717      0.00000
     -1.17881      2.82526      0.00000
     -1.16881      3.88483      0.00000
     -1.15881      4.53475      0.00000
     -1.14881      4.18750      0.00000
     -1.13881      4.14844      0.00000
     -1.12881      4.00823      0.00000
     -1.11881      3.08023      0.00000
     -1.10881      2.02145      0.00000
     -1.09881      2.30500      0.00000
     -1.08881      3.30942      0.00000
     -1.07881      3.08242      0.00000
     -1.06881      2.81574      0.00000
     -1.05881      3.19564      0.00000
     -1.04881      3.21500      0.00000
     -1.03881      3.15101      0.00000
     -1.02881      3.12068      0.00000
     -1.01881      2.72734      0.00000
     -1.00881      2.60474      0.00000
     -0.99881      2.57791      0.00000
     -0.98881      1.92719      0.00000
     -0.97881      1.82095      0.00000
     -0.96881      2.07805      0.00000
     -0.95881      2.07603      0.00000
     -0.94881      2.07020      0.00000
     -0.93881      2.56983      0.00000
     -0.92881      3.97537      0.00000
     -0.91881      4.37844      0.00000
     -0.90881      2.85815      0.00000
     -0.89881      2.23945      0.00000
     -0.88881      3.33246      0.00000
     -0.87881      4.99993      0.00000
     -0.86881      5.63588      0.00000
     -0.85881      6.03229      0.00000
     -0.84881      6.73439      0.00000
     -0.83881      6.14887      0.00000
     -0.82881      5.12725      0.00000
     -0.81881      5.90161      0.00000
     -0.80881      7.12783      0.00000
     -0.79881      6.06889      0.00000
     -0.78881      4.24767      0.00000
     -0.77881      3.85210      0.00000
     -0.76881      5.05411      0.00000
     -0.75881      7.01409      0.00000
     -0.74881      8.34820      0.00000
     -0.73881      7.82292      0.00000
     -0.72881      7.76636      0.00000
     -0.71881      9.45695      0.00000
     -0.70881      9.39169      0.00000
     -0.69881      8.11973      0.00000
     -0.68881      8.30083      0.00000
     -0.67881      8.94991      0.00000
     -0.66881      7.77224      0.00000
     -0.65881      5.55373      0.00000
     -0.64881      4.83152      0.00000
     -0.63881      5.64107      0.00000
     -0.62881      5.88632      0.00000
     -0.61881      5.60599      0.00000
     -0.60881      5.02565      0.00000
     -0.59881      5.58344      0.00000
     -0.58881      6.65760      0.00000
     -0.57881      7.21474      0.00000
     -0.56881      8.72362      0.00000
     -0.55881      9.31415      0.00000
     -0.54881      8.72055      0.00000
     -0.53881      7.59541      0.00000
     -0.52881      6.08415      0.00000
     -0.51881      6.29239      0.00000
     -0.50881      7.26204      0.00000
     -0.49881      7.94764      0.00000
     -0.48881      8.23387      0.00000
     -0.47881      7.85131      0.00000
     -0.46881      8.17608      0.00000
     -0.45881      7.94541      0.00000
     -0.44881      5.84752      0.00000
     -0.43881      4.07034      0.00000
     -0.42881      3.50969      0.00000
     -0.41881      4.38576      0.00000
     -0.40881      4.89577      0.00000
     -0.39881      4.91983      0.00000
     -0.38881      6.02129      0.00000
     -0.37881      7.28987      0.00000
     -0.36881      8.06204      0.00000
     -0.35881      7.49212      0.00000
     -0.34881      6.07354      0.00000
     -0.33881      5.39085      0.00000
     -0.32881      5.64637      0.00000
     -0.31881      6.02789      0.00000
     -0.30881      6.56137      0.00000
     -0.29881      7.16501      0.00000
     -0.28881      7.81539      0.00000
     -0.27881      7.82602      0.00000
     -0.26881      7.47790      0.00000
     -0.25881      8.36929      0.00000
     -0.24881      8.22403      0.00000
     -0.23881      6.56763      0.00000
     -0.22881      5.76988      0.00000
     -0.21881      6.42143      0.00000
     -0.20881      7.92468      0.00000
     -0.19881      9.08698      0.00000
     -0.18881      9.04326      0.00000
     -0.17881      8.68173      0.00000
     -0.16881      7.26886      0.00000
     -0.15881      6.17579      0.00000
     -0.14881      6.94350      0.00000
     -0.13881      8.36782      0.00000
     -0.12881      7.25155      0.00000
     -0.11881      5.36938      0.00000
     -0.10881      4.99105      0.00000
     -0.09881      4.72910      0.00000
     -0.08881      4.39333      0.00000
     -0.07881      4.31485      0.00000
     -0.06881      4.83288      0.00000
     -0.05881      6.00384      0.00000
     -0.04881      6.57662      0.00000
     -0.03881      5.55437      0.00000
     -0.02881      4.73524      0.00000
     -0.01881      6.30016      0.00000
     -0.00881      7.86328      0.00000
      0.00119      6.72522      0.00000
      0.01119      6.56206      0.00000
      0.02119      7.92964      0.00000
      0.03119      6.76401      0.00000
      0.04119      5.76889      0.00000
      0.05119      6.93331      0.00000
      0.06119      7.23824      0.00000
      0.07119      7.16526      0.00000
      0.08119      6.59249      0.00000
      0.09119      5.61343      0.00000
      0.10119      5.06986      0.00000
      0.11119      4.63812      0.00000
      0.12119      4.80197      0.00000
      0.13119      5.42355      0.00000
      0.14119      5.44959      0.00000
      0.15119      5.83523      0.00000
      0.16119      5.39778      0.00000
      0.17119      3.83804      0.00000
      0.18119      4.13004      0.00000
      0.19119      6.36701      0.00000
      0.20119      7.19651      0.00000
      0.21119      6.16961      0.00000
      0.22119      4.76234      0.00000
      0.23119      3.92199      0.00000
      0.24119      4.42635      0.00000
      0.25119      4.35836      0.00000
      0.26119      3.45441      0.00000
      0.27119      2.69983      0.00000
      0.28119      2.29042      0.00000
      0.29119      3.22379      0.00000
      0.30119      5.14689      0.00000
      0.31119      8.06037      0.00000
      0.32119      9.70199      0.00000
      0.33119      7.71690      0.00000
      0.34119      5.31524      0.00000
      0.35119      4.87587      0.00000
      0.36119      5.55296      0.00000
      0.37119      6.41505      0.00000
      0.38119      5.85560      0.00000
      0.39119      4.39793      0.00000
      0.40119      4.00086      0.00000
      0.41119      4.09039      0.00000
      0.42119      3.88153      0.00000
      0.43119      4.33863      0.00000
      0.44119      4.55803      0.00000
      0.45119      4.08288      0.00000
      0.46119      4.56967      0.00000
      0.47119      5.26951      0.00000
      0.48119      5.39922      0.00000
      0.49119      5.95452      0.00000
      0.50119      6.78867      0.00000
      0.51119      7.42580      0.00000
      0.52119      6.79122      0.00000
      0.53119      5.27487      0.00000
      0.54119      5.47860      0.00000
      0.55119      6.08419      0.00000
      0.56119      5.36421      0.00000
      0.57119      4.78869      0.00000
      0.58119      5.09502      0.00000
      0.59119      7.23067      0.00000
      0.60119      9.22690      0.00000
      0.61119      8.63964      0.00000
      0.62119      7.17850      0.00000
      0.63119      6.63718      0.00000
      0.64119      7.70521      0.00000
      0.65119      9.16165      0.00000
      0.66119      9.45312      0.00000
      0.67119      7.78844      0.00000
      0.68119      6.35450      0.00000
      0.69119      5.95496      0.00000
      0.70119      5.22942      0.00000
      0.71119      5.12855      0.00000
      0.72119      6.54648      0.00000
      0.73119      6.40676      0.00000
      0.74119      3.93813      0.00000
      0.75119      2.46435      0.00000
      0.76119      3.19875      0.00000
      0.77119      3.90343      0.00000
      0.78119      4.53293      0.00000
      0.79119      5.72519      0.00000
      0.80119      5.58794      0.00000
      0.81119      4.62448      0.00000
      0.82119      4.22669      0.00000
      0.83119      4.31723      0.00000
      0.84119      3.59287      0.00000
      0.85119      2.47721      0.00000
      0.86119      2.66742      0.00000
      0.87119      3.29156      0.00000
      0.88119      3.90572      0.00000
      0.89119      3.62784      0.00000
      0.90119      2.99152      0.00000
      0.91119      3.43814      0.00000
      0.92119      4.73056      0.00000
      0.93119      5.73668      0.00000
      0.94119      6.18871      0.00000
      0.95119      5.45438      0.00000
      0.96119      4.85894      0.00000
      0.97119      4.70085      0.00000
      0.98119      3.85549      0.00000
      0.99119      2.85604      0.00000
      1.00119      2.42197      0.00000
      1.01119      2.74822      0.00000
      1.02119      2.57766      0.00000
      1.03119      1.87482      0.00000
      1.04119      2.18298      0.00000
      1.05119      3.29970      0.00000
      1.06119      3.66354      0.00000
      1.07119      3.37481      0.00000
      1.08119      3.52011      0.00000
      1.09119      3.25208      0.00000
      1.10119      1.92205      0.00000
      1.11119      1.35663      0.00000
      1.12119      1.91176      0.00000
      1.13119      2.68561      0.00000
      1.14119      2.97261      0.00000
      1.15119      3.21145      0.00000
      1.16119      3.15618      0.00000
      1.17119      3.19373      0.00000
      1.18119      2.68858      0.00000
      1.19119      1.83148      0.00000
      1.20119      2.29294      0.00000
      1.21119      2.88557      0.00000
      1.22119      2.65172      0.00000
      1.23119      3.22147      0.00000
      1.24119      4.43043      0.00000
      1.25119      3.76818      0.00000
      1.26119      1.89179      0.00000
      1.27119      0.91197      0.00000
      1.28119      0.91752      0.00000
      1.29119      1.09262      0.00000
      1.30119      1.32865      0.00000
      1.31119      1.59087      0.00000
      1.32119      1.67456      0.00000
      1.33119      1.88847      0.00000
      1.34119      2.47166      0.00000
      1.35119      2.94383      0.00000
      1.36119      3.19585      0.00000
      1.37119      2.74838      0.00000
      1.38119      3.08981      0.00000
      1.39119      4.81795      0.00000
      1.40119      4.61212      0.00000
      1.41119      3.19444      0.00000
      1.42119      2.78851      0.00000
      1.43119      3.05198      0.00000
      1.44119      3.15356      0.00000
      1.45119      2.18104      0.00000
      1.46119      1.23958      0.00000
      1.47119      0.69726      0.00000
      1.48119      0.33626      0.00000
      1.49119      0.66631      0.00000
      1.50119      1.85360      0.00000
      1.51119      3.51092      0.00000
      1.52119      3.88603      0.00000
      1.53119      3.09368      0.00000
      1.54119      3.14660      0.00000
      1.55119      3.28388      0.00000
      1.56119      1.94812      0.00000
      1.57119      0.39707      0.00000
      1.58119     -0.01377      0.00000
      1.59119      0.33390      0.00000
      1.60119      1.40433      0.00000
      1.61119      2.60238      0.00000
      1.62119      2.37378      0.00000
      1.63119      1.72866      0.00000
      1.64119      2.59813      0.00000
      1.65119      4.26393      0.00000
      1.66119      4.74148      0.00000
      1.67119      3.26569      0.00000
      1.68119      2.03033      0.00000
      1.69119      1.77599      0.00000
      1.70119      1.88433      0.00000
      1.71119      2.48249      0.00000
      1.72119      3.04683      0.00000
      1.73119      3.09000      0.00000
      1.74119      2.26888      0.00000
      1.75119      1.33574      0.00000
      1.76119      1.42020      0.00000
      1.77119      2.05583      0.00000
      1.78119      3.07104      0.00000
      1.79119      3.99847      0.00000
      1.80119      3.12419      0.00000
      1.81119      1.79875      0.00000
      1.82119      1.67901      0.00000
      1.83119      1.97026      0.00000
      1.84119      1.65191      0.00000
      1.85119      1.64489      0.00000
      1.86119      2.65886      0.00000
      1.87119      3.82744      0.00000
      1.88119      3.73270      0.00000
      1.89119      1.99197      0.00000
      1.90119      0.61619      0.00000
      1.91119      0.94833      0.00000
      1.92119      2.47164      0.00000
      1.93119      3.38036      0.00000
      1.94119      3.05300      0.00000
      1.95119      2.26764      0.00000
      1.96119      2.03376      0.00000
      1.97119      3.11730      0.00000
      1.98119      3.82895      0.00000
      1.99119      2.85812      0.00000
      2.00119      2.01911      0.00000
      2.01119      2.81359      0.00000
      2.02119      3.23553      0.00000
      2.03119      2.56169      0.00000
      2.04119      3.28070      0.00000
      2.05119      4.81883      0.00000
      2.06119      5.23312      0.00000
      2.07119      4.05600      0.00000
      2.08119      2.38055      0.00000
      2.09119      1.75894      0.00000
      2.10119      2.22839      0.00000
      2.11119      2.20451      0.00000
      2.12119      1.57917      0.00000
      2.13119      2.02759      0.00000
      2.14119      3.16443      0.00000
      2.15119      3.28177      0.00000
      2.16119      2.55433      0.00000
      2.17119      2.43836      0.00000
      2.18119      2.72448      0.00000
      2.19119      2.57715      0.00000
      2.20119      2.37024      0.00000
      2.21119      2.33595      0.00000
      2.22119      2.44532      0.00000
      2.23119      2.45843      0.00000
      2.24119      1.83942      0.00000
      2.25119      1.08401      0.00000
      2.26119      1.41445      0.00000
      2.27119      2.41644      0.00000
      2.28119      2.69971      0.00000
      2.29119      2.71892      0.00000
      2.30119      2.89997      0.00000
      2.31119      2.02853      0.00000
      2.32119      1.03627      0.00000
      2.33119      1.64645      0.00000
      2.34119      2.34978      0.00000
      2.35119      1.91102      0.00000
      2.36119      1.68379      0.00000
      2.37119      1.89233      0.00000
      2.38119      1.71636      0.00000
      2.39119      1.58893      0.00000
      2.40119      2.24307      0.00000
      2.41119      3.55311      0.00000
      2.42119      4.95727      0.00000
      2.43119      5.73567      0.00000
      2.44119      5.51225      0.00000
      2.45119      4.61980      0.00000
      2.46119      3.39000      0.00000
      2.47119      1.98571      0.00000
      2.48119      1.14468      0.00000
      2.49119      0.68805      0.00000
      2.50119      0.39481      0.00000
      2.51119      0.68532      0.00000
      2.52119      1.65126      0.00000
      2.53119      2.99455      0.00000
      2.54119      3.16887      0.00000
      2.55119      2.15999      0.00000
      2.56119      1.78823      0.00000
      2.57119      1.70801      0.00000
      2.58119      2.09791      0.00000
      2.59119      3.53993      0.00000
      2.60119      4.07847      0.00000
      2.61119      2.75942      0.00000
      2.62119      1.78191      0.00000
      2.63119      2.57246      0.00000
      2.64119      3.06398      0.00000
      2.65119      2.26515      0.00000
      2.66119      1.59690      0.00000
      2.67119      1.71497      0.00000
      2.68119      1.69630      0.00000
      2.69119      1.92129      0.00000
      2.70119      3.01382      0.00000
      2.71119      3.98095      0.00000
      2.72119      4.42116      0.00000
      2.73119      3.76569      0.00000
      2.74119      2.39074      0.00000
      2.75119      1.26185      0.00000
      2.76119      1.37340      0.00000
      2.77119      1.77988      0.00000
      2.78119      1.35619      0.00000
      2.79119      0.63319      0.00000
      2.80119      0.28237      0.00000
      2.81119      0.92493      0.00000
      2.82119      2.79886      0.00000
      2.83119      4.21471      0.00000
      2.84119      3.63788      0.00000
      2.85119      2.22578      0.00000
      2.86119      2.74989      0.00000
      2.87119      5.51622      0.00000
      2.88119      6.92660      0.00000
      2.89119      5.21310      0.00000
      2.90119      3.00238      0.00000
      2.91119      2.39124      0.00000
      2.92119      2.74630      0.00000
      2.93119      3.81473      0.00000
      2.94119      4.29201      0.00000
      2.95119      2.91138      0.00000
      2.96119      1.44478      0.00000
      2.97119      1.90785      0.00000
      2.98119      2.95494      0.00000
      2.99119      2.66578      0.00000
      3.00119      2.48250      0.00000
      3.01119      2.49436      0.00000
      3.02119      2.20788      0.00000
      3.03119      2.18159      0.00000
      3.04119      2.45791      0.00000
      3.05119      2.35712      0.00000
      3.06119      1.66007      0.00000
      3.07119      1.09713      0.00000
      3.08119      0.80318      0.00000
      3.09119      1.05710      0.00000
      3.10119      2.09651      0.00000
      3.11119      2.97888      0.00000
      3.12119      2.91751      0.00000
      3.13119      2.99567      0.00000
      3.14119      3.44853      0.00000
      3.15119      3.54139      0.00000
      3.16119      3.07777      0.00000
      3.17119      3.00428      0.00000
      3.18119      3.64075      0.00000
      3.19119      3.48974      0.00000
      3.20119      2.47718      0.00000
      3.21119      1.98728      0.00000
      3.22119      1.69761      0.00000
      3.23119      1.04312      0.00000
      3.24119      0.92921      0.00000
      3.25119      1.09682      0.00000
      3.26119      1.34530      0.00000
      3.27119      2.42039      0.00000
      3.28119      3.78566      0.00000
      3.29119      3.12285      0.00000
      3.30119      1.94467      0.00000
      3.31119      2.11586      0.00000
      3.32119      2.48537      0.00000
      3.33119      1.88945      0.00000
      3.34119      1.93931      0.00000
      3.35119      3.27315      0.00000
      3.36119      4.00936      0.00000
      3.37119      3.29633      0.00000
      3.38119      2.31467      0.00000
      3.39119      2.71719      0.00000
      3.40119      4.11119      0.00000
      3.41119      4.68160      0.00000
      3.42119      3.87104      0.00000
      3.43119      2.56305      0.00000
      3.44119      2.59458      0.00000
      3.45119      4.39306      0.00000
      3.46119      5.73041      0.00000
      3.47119      5.00078      0.00000
      3.48119      4.22849      0.00000
      3.49119      4.23807      0.00000
      3.50119      3.22963      0.00000
      3.51119      1.77975      0.00000
      3.52119      1.91109      0.00000
      3.53119      3.01800      0.00000
      3.54119      3.61907      0.00000
      3.55119      4.55295      0.00000
