Energy-E_F (eV)    DOS (1/eV)    PDOS (1/eV)  of atom type Hg 
     -4.99000      1.04353      1.04353
     -4.98000      0.65233      0.65233
     -4.97000      0.16241      0.16241
     -4.96000      0.01628      0.01628
     -4.95000      0.02038      0.02038
     -4.94000      0.22728      0.22728
     -4.93000      1.12132      1.12132
     -4.92000      2.47908      2.47908
     -4.91000      2.41365      2.41365
     -4.90000      0.97910      0.97910
     -4.89000      0.17006      0.17006
     -4.88000      0.14695      0.14695
     -4.87000      0.55592      0.55592
     -4.86000      0.99176      0.99176
     -4.85000      1.04883      1.04883
     -4.84000      0.70355      0.70355
     -4.83000      0.22379      0.22379
     -4.82000      0.02963      0.02963
     -4.81000      0.03400      0.03400
     -4.80000      0.24090      0.24090
     -4.79000      0.65291      0.65291
     -4.78000      0.65148      0.65148
     -4.77000      0.25138      0.25138
     -4.76000      0.16458      0.16458
     -4.75000      0.51445      0.51445
     -4.74000      0.73225      0.73225
     -4.73000      0.40984      0.40984
     -4.72000      0.28612      0.28612
     -4.71000      0.63141      0.63141
     -4.70000      0.71847      0.71847
     -4.69000      0.67682      0.67682
     -4.68000      1.57971      1.57971
     -4.67000      2.37096      2.37096
     -4.66000      1.57422      1.57422
     -4.65000      0.47699      0.47699
     -4.64000      0.06614      0.06614
     -4.63000      0.00401      0.00401
     -4.62000      0.00140      0.00140
     -4.61000      0.02781      0.02781
     -4.60000      0.21845      0.21845
     -4.59000      0.63186      0.63186
     -4.58000      0.68814      0.68814
     -4.57000      0.42610      0.42610
     -4.56000      0.63631      0.63631
     -4.55000      0.98056      0.98056
     -4.54000      1.01583      1.01583
     -4.53000      0.79168      0.79168
     -4.52000      0.67888      0.67888
     -4.51000      0.79240      0.79240
     -4.50000      0.59936      0.59936
     -4.49000      0.44927      0.44927
     -4.48000      0.29761      0.29761
     -4.47000      0.09322      0.09322
     -4.46000      0.09742      0.09742
     -4.45000      0.54189      0.54189
     -4.44000      1.30566      1.30566
     -4.43000      1.25882      1.25882
     -4.42000      0.60993      0.60993
     -4.41000      0.41733      0.41733
     -4.40000      0.34332      0.34332
     -4.39000      0.42782      0.42782
     -4.38000      1.10300      1.10300
     -4.37000      1.66967      1.66967
     -4.36000      1.44581      1.44581
     -4.35000      0.75538      0.75538
     -4.34000      0.24001      0.24001
     -4.33000      0.31289      0.31289
     -4.32000      0.69275      0.69275
     -4.31000      0.60538      0.60538
     -4.30000      0.23759      0.23759
     -4.29000      0.31106      0.31106
     -4.28000      0.69040      0.69040
     -4.27000      0.60656      0.60656
     -4.26000      0.19632      0.19632
     -4.25000      0.02419      0.02419
     -4.24000      0.02112      0.02112
     -4.23000      0.18599      0.18599
     -4.22000      0.68822      0.68822
     -4.21000      1.18343      1.18343
     -4.20000      1.19003      1.19003
     -4.19000      0.83455      0.83455
     -4.18000      0.49138      0.49138
     -4.17000      0.62254      0.62254
     -4.16000      1.27099      1.27099
     -4.15000      1.53950      1.53950
     -4.14000      1.38277      1.38277
     -4.13000      1.06865      1.06865
     -4.12000      0.51307      0.51307
     -4.11000      0.11733      0.11733
     -4.10000      0.10317      0.10317
     -4.09000      0.43472      0.43472
     -4.08000      0.73973      0.73973
     -4.07000      0.49343      0.49343
     -4.06000      0.41697      0.41697
     -4.05000      1.26033      1.26033
     -4.04000      2.09326      2.09326
     -4.03000      1.43742      1.43742
     -4.02000      0.45026      0.45026
     -4.01000      0.47132      0.47132
     -4.00000      1.36160      1.36160
     -3.99000      2.14153      2.14153
     -3.98000      1.95051      1.95051
     -3.97000      1.09839      1.09839
     -3.96000      0.42628      0.42628
     -3.95000      0.49045      0.49045
     -3.94000      0.74105      0.74105
     -3.93000      0.44916      0.44916
     -3.92000      0.10364      0.10364
     -3.91000      0.06125      0.06125
     -3.90000      0.35392      0.35392
     -3.89000      1.01974      1.01974
     -3.88000      1.45234      1.45234
     -3.87000      1.35514      1.35514
     -3.86000      0.92587      0.92587
     -3.85000      0.36160      0.36160
     -3.84000      0.24601      0.24601
     -3.83000      0.60706      0.60706
     -3.82000      0.69131      0.69131
     -3.81000      0.29691      0.29691
     -3.80000      0.12642      0.12642
     -3.79000      0.40598      0.40598
     -3.78000      0.74214      0.74214
     -3.77000      0.60779      0.60779
     -3.76000      0.83626      0.83626
     -3.75000      1.75646      1.75646
     -3.74000      1.99847      1.99847
     -3.73000      1.87293      1.87293
     -3.72000      1.73258      1.73258
     -3.71000      1.31719      1.31719
     -3.70000      1.04763      1.04763
     -3.69000      0.89320      0.89320
     -3.68000      0.50309      0.50309
     -3.67000      0.31269      0.31269
     -3.66000      0.62625      0.62625
     -3.65000      0.68346      0.68346
     -3.64000      0.30558      0.30558
     -3.63000      0.29105      0.29105
     -3.62000      0.95838      0.95838
     -3.61000      1.88410      1.88410
     -3.60000      2.03499      2.03499
     -3.59000      1.06708      1.06708
     -3.58000      0.23807      0.23807
     -3.57000      0.02115      0.02115
     -3.56000      0.00090      0.00090
     -3.55000      0.00572      0.00572
     -3.54000      0.07047      0.07047
     -3.53000      0.34410      0.34410
     -3.52000      0.71122      0.71122
     -3.51000      0.80836      0.80836
     -3.50000      0.87820      0.87820
     -3.49000      0.87587      0.87587
     -3.48000      0.86313      0.86313
     -3.47000      0.79843      0.79843
     -3.46000      0.56812      0.56812
     -3.45000      0.38977      0.38977
     -3.44000      0.21923      0.21923
     -3.43000      0.40457      0.40457
     -3.42000      0.83412      0.83412
     -3.41000      0.99690      0.99690
     -3.40000      1.07511      1.07511
     -3.39000      1.42363      1.42363
     -3.38000      2.17150      2.17150
     -3.37000      2.05685      2.05685
     -3.36000      1.04657      1.04657
     -3.35000      0.72427      0.72427
     -3.34000      1.25013      1.25013
     -3.33000      1.68959      1.68959
     -3.32000      1.85993      1.85993
     -3.31000      1.32556      1.32556
     -3.30000      0.54229      0.54229
     -3.29000      0.12581      0.12581
     -3.28000      0.01381      0.01381
     -3.27000      0.00065      0.00065
     -3.26000      0.00195      0.00195
     -3.25000      0.03848      0.03848
     -3.24000      0.29569      0.29569
     -3.23000      0.94336      0.94336
     -3.22000      1.45342      1.45342
     -3.21000      1.60891      1.60891
     -3.20000      1.96168      1.96168
     -3.19000      2.25152      2.25152
     -3.18000      2.14959      2.14959
     -3.17000      1.41611      1.41611
     -3.16000      1.01150      1.01150
     -3.15000      0.98132      0.98132
     -3.14000      1.01432      1.01432
     -3.13000      1.01843      1.01843
     -3.12000      0.88911      0.88911
     -3.11000      0.48958      0.48958
     -3.10000      0.45213      0.45213
     -3.09000      1.38085      1.38085
     -3.08000      2.11731      2.11731
     -3.07000      1.48422      1.48422
     -3.06000      1.10638      1.10638
     -3.05000      1.48866      1.48866
     -3.04000      1.46746      1.46746
     -3.03000      1.17396      1.17396
     -3.02000      0.95516      0.95516
     -3.01000      0.78276      0.78276
     -3.00000      1.07009      1.07009
     -2.99000      1.25409      1.25409
     -2.98000      1.27074      1.27074
     -2.97000      1.32511      1.32511
     -2.96000      0.87860      0.87860
     -2.95000      0.32988      0.32988
     -2.94000      0.18966      0.18966
     -2.93000      0.61255      0.61255
     -2.92000      1.20750      1.20750
     -2.91000      1.13722      1.13722
     -2.90000      0.50810      0.50810
     -2.89000      0.15708      0.15708
     -2.88000      0.34424      0.34424
     -2.87000      0.98589      0.98589
     -2.86000      1.61526      1.61526
     -2.85000      1.29164      1.29164
     -2.84000      0.77309      0.77309
     -2.83000      1.01670      1.01670
     -2.82000      1.36249      1.36249
     -2.81000      1.20563      1.20563
     -2.80000      0.52688      0.52688
     -2.79000      0.26978      0.26978
     -2.78000      0.93113      0.93113
     -2.77000      1.82579      1.82579
     -2.76000      1.55488      1.55488
     -2.75000      0.97230      0.97230
     -2.74000      1.08943      1.08943
     -2.73000      1.18141      1.18141
     -2.72000      0.88647      0.88647
     -2.71000      1.08676      1.08676
     -2.70000      1.45463      1.45463
     -2.69000      1.24757      1.24757
     -2.68000      0.70970      0.70970
     -2.67000      0.57162      0.57162
     -2.66000      0.73718      0.73718
     -2.65000      0.79566      0.79566
     -2.64000      0.41638      0.41638
     -2.63000      0.13688      0.13688
     -2.62000      0.50066      0.50066
     -2.61000      1.91668      1.91668
     -2.60000      3.12362      3.12362
     -2.59000      2.13779      2.13779
     -2.58000      0.87608      0.87608
     -2.57000      1.15060      1.15060
     -2.56000      1.44536      1.44536
     -2.55000      0.71191      0.71191
     -2.54000      0.23726      0.23726
     -2.53000      0.57196      0.57196
     -2.52000      1.42983      1.42983
     -2.51000      2.24021      2.24021
     -2.50000      2.01265      2.01265
     -2.49000      0.86628      0.86628
     -2.48000      0.18491      0.18491
     -2.47000      0.25219      0.25219
     -2.46000      0.96291      0.96291
     -2.45000      1.50481      1.50481
     -2.44000      1.08816      1.08816
     -2.43000      0.76566      0.76566
     -2.42000      0.90669      0.90669
     -2.41000      1.04662      1.04662
     -2.40000      1.15482      1.15482
     -2.39000      1.11114      1.11114
     -2.38000      0.81566      0.81566
     -2.37000      0.78579      0.78579
     -2.36000      1.25921      1.25921
     -2.35000      1.74778      1.74778
     -2.34000      2.09233      2.09233
     -2.33000      2.02201      2.02201
     -2.32000      1.33881      1.33881
     -2.31000      1.51719      1.51719
     -2.30000      1.80798      1.80798
     -2.29000      1.39032      1.39032
     -2.28000      1.02860      1.02860
     -2.27000      0.73355      0.73355
     -2.26000      0.61213      0.61213
     -2.25000      1.03232      1.03232
     -2.24000      1.64453      1.64453
     -2.23000      1.48365      1.48365
     -2.22000      1.19309      1.19309
     -2.21000      0.80021      0.80021
     -2.20000      0.26258      0.26258
     -2.19000      0.03440      0.03440
     -2.18000      0.00171      0.00171
     -2.17000      0.00003      0.00003
     -2.16000      0.00000      0.00000
     -2.15000      0.00000      0.00000
     -2.14000      0.00000      0.00000
     -2.13000      0.00002      0.00002
     -2.12000      0.00141      0.00141
     -2.11000      0.03586      0.03586
     -2.10000      0.33706      0.33706
     -2.09000      1.19471      1.19471
     -2.08000      1.67317      1.67317
     -2.07000      1.02604      1.02604
     -2.06000      0.31139      0.31139
     -2.05000      0.04680      0.04680
     -2.04000      0.00308      0.00308
     -2.03000      0.00008      0.00008
     -2.02000      0.00000      0.00000
     -2.01000      0.00000      0.00000
     -2.00000      0.00000      0.00000
     -1.99000      0.00007      0.00007
     -1.98000      0.00269      0.00269
     -1.97000      0.04081      0.04081
     -1.96000      0.24310      0.24310
     -1.95000      0.59643      0.59643
     -1.94000      0.62752      0.62752
     -1.93000      0.28394      0.28394
     -1.92000      0.05332      0.05332
     -1.91000      0.00797      0.00797
     -1.90000      0.06180      0.06180
     -1.89000      0.34758      0.34758
     -1.88000      0.72722      0.72722
     -1.87000      0.67167      0.67167
     -1.86000      0.93937      0.93937
     -1.85000      1.99853      1.99853
     -1.84000      2.09629      2.09629
     -1.83000      1.08483      1.08483
     -1.82000      0.33835      0.33835
     -1.81000      0.07474      0.07474
     -1.80000      0.15497      0.15497
     -1.79000      0.54701      0.54701
     -1.78000      0.77088      0.77088
     -1.77000      0.57490      0.57490
     -1.76000      0.43292      0.43292
     -1.75000      0.23054      0.23054
     -1.74000      0.05112      0.05112
     -1.73000      0.00423      0.00423
     -1.72000      0.00013      0.00013
     -1.71000      0.00000      0.00000
     -1.70000      0.00000      0.00000
     -1.69000      0.00000      0.00000
     -1.68000      0.00001      0.00001
     -1.67000      0.00071      0.00071
     -1.66000      0.01484      0.01484
     -1.65000      0.11363      0.11363
     -1.64000      0.32005      0.32005
     -1.63000      0.33162      0.33162
     -1.62000      0.12641      0.12641
     -1.61000      0.01774      0.01774
     -1.60000      0.00154      0.00154
     -1.59000      0.01346      0.01346
     -1.58000      0.10696      0.10696
     -1.57000      0.31327      0.31327
     -1.56000      0.33973      0.33973
     -1.55000      0.16775      0.16775
     -1.54000      0.20282      0.20282
     -1.53000      0.36426      0.36426
     -1.52000      0.26474      0.26474
     -1.51000      0.07099      0.07099
     -1.50000      0.00749      0.00749
     -1.49000      0.01157      0.01157
     -1.48000      0.09725      0.09725
     -1.47000      0.32585      0.32585
     -1.46000      0.55120      0.55120
     -1.45000      0.76317      0.76317
     -1.44000      0.70528      0.70528
     -1.43000      0.27945      0.27945
     -1.42000      0.04823      0.04823
     -1.41000      0.07051      0.07051
     -1.40000      0.26279      0.26279
     -1.39000      0.40459      0.40459
     -1.38000      0.40467      0.40467
     -1.37000      0.57338      0.57338
     -1.36000      0.82643      0.82643
     -1.35000      0.77156      0.77156
     -1.34000      0.32788      0.32788
     -1.33000      0.05405      0.05405
     -1.32000      0.00331      0.00331
     -1.31000      0.00018      0.00018
     -1.30000      0.00420      0.00420
     -1.29000      0.06088      0.06088
     -1.28000      0.33453      0.33453
     -1.27000      0.70047      0.70047
     -1.26000      0.56007      0.56007
     -1.25000      0.17203      0.17203
     -1.24000      0.04527      0.04527
     -1.23000      0.20770      0.20770
     -1.22000      0.61929      0.61929
     -1.21000      0.69665      0.69665
     -1.20000      0.42946      0.42946
     -1.19000      0.59523      0.59523
     -1.18000      0.80107      0.80107
     -1.17000      0.74461      0.74461
     -1.16000      0.79569      0.79569
     -1.15000      0.50326      0.50326
     -1.14000      0.12666      0.12666
     -1.13000      0.04677      0.04677
     -1.12000      0.29153      0.29153
     -1.11000      0.97045      0.97045
     -1.10000      1.36161      1.36161
     -1.09000      0.81789      0.81789
     -1.08000      0.21920      0.21920
     -1.07000      0.13137      0.13137
     -1.06000      0.31801      0.31801
     -1.05000      0.33411      0.33411
     -1.04000      0.12945      0.12945
     -1.03000      0.01845      0.01845
     -1.02000      0.00097      0.00097
     -1.01000      0.00002      0.00002
     -1.00000      0.00005      0.00005
     -0.99000      0.00247      0.00247
     -0.98000      0.04391      0.04391
     -0.97000      0.28664      0.28664
     -0.96000      0.68835      0.68835
     -0.95000      0.60839      0.60839
     -0.94000      0.20535      0.20535
     -0.93000      0.09918      0.09918
     -0.92000      0.27332      0.27332
     -0.91000      0.36444      0.36444
     -0.90000      0.22335      0.22335
     -0.89000      0.26473      0.26473
     -0.88000      0.54559      0.54559
     -0.87000      0.98244      0.98244
     -0.86000      1.43097      1.43097
     -0.85000      1.27904      1.27904
     -0.84000      0.98879      0.98879
     -0.83000      0.69630      0.69630
     -0.82000      0.24638      0.24638
     -0.81000      0.10246      0.10246
     -0.80000      0.43494      0.43494
     -0.79000      1.14886      1.14886
     -0.78000      1.48149      1.48149
     -0.77000      1.03204      1.03204
     -0.76000      0.38493      0.38493
     -0.75000      0.06906      0.06906
     -0.74000      0.00772      0.00772
     -0.73000      0.04403      0.04403
     -0.72000      0.31183      0.31183
     -0.71000      0.88590      0.88590
     -0.70000      1.00380      1.00380
     -0.69000      0.44759      0.44759
     -0.68000      0.07712      0.07712
     -0.67000      0.00514      0.00514
     -0.66000      0.00396      0.00396
     -0.65000      0.05972      0.05972
     -0.64000      0.34559      0.34559
     -0.63000      0.80249      0.80249
     -0.62000      1.15610      1.15610
     -0.61000      1.85983      1.85983
     -0.60000      2.17221      2.17221
     -0.59000      1.39519      1.39519
     -0.58000      0.46409      0.46409
     -0.57000      0.06985      0.06985
     -0.56000      0.00542      0.00542
     -0.55000      0.02603      0.02603
     -0.54000      0.20929      0.20929
     -0.53000      0.62140      0.62140
     -0.52000      0.67874      0.67874
     -0.51000      0.27274      0.27274
     -0.50000      0.04077      0.04077
     -0.49000      0.01612      0.01612
     -0.48000      0.16026      0.16026
     -0.47000      0.68666      0.68666
     -0.46000      1.09881      1.09881
     -0.45000      0.65758      0.65758
     -0.44000      0.14736      0.14736
     -0.43000      0.01252      0.01252
     -0.42000      0.00631      0.00631
     -0.41000      0.09345      0.09345
     -0.40000      0.56581      0.56581
     -0.39000      1.32870      1.32870
     -0.38000      1.23911      1.23911
     -0.37000      0.69245      0.69245
     -0.36000      1.09275      1.09275
     -0.35000      1.60669      1.60669
     -0.34000      1.12324      1.12324
     -0.33000      0.46010      0.46010
     -0.32000      0.11225      0.11225
     -0.31000      0.02255      0.02255
     -0.30000      0.11576      0.11576
     -0.29000      0.49648      0.49648
     -0.28000      0.86445      0.86445
     -0.27000      0.75015      0.75015
     -0.26000      0.40915      0.40915
     -0.25000      0.16880      0.16880
     -0.24000      0.32178      0.32178
     -0.23000      0.70942      0.70942
     -0.22000      0.68843      0.68843
     -0.21000      0.63098      0.63098
     -0.20000      0.79031      0.79031
     -0.19000      0.68207      0.68207
     -0.18000      0.74551      0.74551
     -0.17000      0.66998      0.66998
     -0.16000      0.29992      0.29992
     -0.15000      0.35131      0.35131
     -0.14000      0.71130      0.71130
     -0.13000      0.63383      0.63383
     -0.12000      0.50190      0.50190
     -0.11000      0.74926      0.74926
     -0.10000      0.74855      0.74855
     -0.09000      0.83546      0.83546
     -0.08000      1.15717      1.15717
     -0.07000      1.06131      1.06131
     -0.06000      0.58697      0.58697
     -0.05000      0.48374      0.48374
     -0.04000      0.82083      0.82083
     -0.03000      1.00492      1.00492
     -0.02000      1.18554      1.18554
     -0.01000      1.09861      1.09861
      0.00000      0.91616      0.91616
      0.01000      0.67053      0.67053
      0.02000      0.23574      0.23574
      0.03000      0.03917      0.03917
      0.04000      0.08231      0.08231
      0.05000      0.40289      0.40289
      0.06000      1.28793      1.28793
      0.07000      2.70518      2.70518
      0.08000      2.99896      2.99896
      0.09000      1.83208      1.83208
      0.10000      0.72005      0.72005
      0.11000      0.30233      0.30233
      0.12000      0.76320      0.76320
      0.13000      1.49379      1.49379
      0.14000      1.46539      1.46539
      0.15000      1.04767      1.04767
      0.16000      0.58141      0.58141
      0.17000      0.48543      0.48543
      0.18000      0.73747      0.73747
      0.19000      0.52627      0.52627
      0.20000      0.14046      0.14046
      0.21000      0.02644      0.02644
      0.22000      0.10544      0.10544
      0.23000      0.34263      0.34263
      0.24000      0.62164      0.62164
      0.25000      1.02563      1.02563
      0.26000      1.09422      1.09422
      0.27000      0.73640      0.73640
      0.28000      0.98143      0.98143
      0.29000      1.27727      1.27727
      0.30000      1.26868      1.26868
      0.31000      1.35247      1.35247
      0.32000      1.03862      1.03862
      0.33000      0.70133      0.70133
      0.34000      0.86265      0.86265
      0.35000      1.02976      1.02976
      0.36000      1.27421      1.27421
      0.37000      1.38120      1.38120
      0.38000      1.17298      1.17298
      0.39000      0.97592      0.97592
      0.40000      0.81330      0.81330
      0.41000      0.37653      0.37653
      0.42000      0.08700      0.08700
      0.43000      0.17394      0.17394
      0.44000      0.64610      0.64610
      0.45000      1.31554      1.31554
      0.46000      2.22798      2.22798
      0.47000      2.93602      2.93602
      0.48000      2.79283      2.79283
      0.49000      1.95399      1.95399
      0.50000      0.77423      0.77423
      0.51000      0.26106      0.26106
      0.52000      0.56084      0.56084
      0.53000      1.23896      1.23896
      0.54000      2.51330      2.51330
      0.55000      3.77203      3.77203
      0.56000      3.19906      3.19906
      0.57000      2.15131      2.15131
      0.58000      1.41908      1.41908
      0.59000      0.64432      0.64432
      0.60000      0.34401      0.34401
      0.61000      0.64134      0.64134
      0.62000      0.69938      0.69938
      0.63000      0.47765      0.47765
      0.64000      0.67784      0.67784
      0.65000      0.81466      0.81466
      0.66000      0.77563      0.77563
      0.67000      0.82331      0.82331
      0.68000      0.78889      0.78889
      0.69000      1.27660      1.27660
      0.70000      2.11355      2.11355
      0.71000      2.03712      2.03712
      0.72000      1.48325      1.48325
      0.73000      1.24755      1.24755
      0.74000      0.83000      0.83000
      0.75000      0.87077      0.87077
      0.76000      1.34933      1.34933
      0.77000      1.69022      1.69022
      0.78000      1.61455      1.61455
      0.79000      1.16625      1.16625
      0.80000      0.50461      0.50461
      0.81000      0.09754      0.09754
      0.82000      0.00740      0.00740
      0.83000      0.00021      0.00021
      0.84000      0.00030      0.00030
      0.85000      0.00889      0.00889
      0.86000      0.10204      0.10204
      0.87000      0.48060      0.48060
      0.88000      1.02396      1.02396
      0.89000      1.33844      1.33844
      0.90000      1.64254      1.64254
      0.91000      1.34700      1.34700
      0.92000      0.47204      0.47204
      0.93000      0.06254      0.06254
      0.94000      0.00326      0.00326
      0.95000      0.00719      0.00719
      0.96000      0.09646      0.09646
      0.97000      0.52695      0.52695
      0.98000      1.34049      1.34049
      0.99000      1.94141      1.94141
      1.00000      1.77669      1.77669
      1.01000      1.08218      1.08218
      1.02000      0.48479      0.48479
      1.03000      0.14267      0.14267
      1.04000      0.10716      0.10716
      1.05000      0.37371      0.37371
      1.06000      0.66377      0.66377
      1.07000      0.60421      0.60421
      1.08000      0.62913      0.62913
      1.09000      1.03972      1.03972
      1.10000      1.32936      1.32936
      1.11000      1.64299      1.64299
      1.12000      2.01451      2.01451
      1.13000      1.41782      1.41782
      1.14000      0.74737      0.74737
      1.15000      1.12488      1.12488
      1.16000      1.61855      1.61855
      1.17000      1.74770      1.74770
      1.18000      1.36800      1.36800
      1.19000      1.20496      1.20496
      1.20000      1.57705      1.57705
      1.21000      1.37815      1.37815
      1.22000      1.52366      1.52366
      1.23000      2.63408      2.63408
      1.24000      3.70143      3.70143
      1.25000      3.54766      3.54766
      1.26000      2.36660      2.36660
      1.27000      1.31119      1.31119
      1.28000      0.87429      0.87429
      1.29000      0.41093      0.41093
      1.30000      0.09289      0.09289
      1.31000      0.13459      0.13459
      1.32000      0.50694      0.50694
      1.33000      0.74776      0.74776
      1.34000      0.50541      0.50541
      1.35000      0.39808      0.39808
      1.36000      0.33567      0.33567
      1.37000      0.12483      0.12483
      1.38000      0.01808      0.01808
      1.39000      0.01969      0.01969
      1.40000      0.17136      0.17136
      1.41000      0.57440      0.57440
      1.42000      0.71064      0.71064
      1.43000      0.36397      0.36397
      1.44000      0.34048      0.34048
      1.45000      0.76755      0.76755
      1.46000      1.06084      1.06084
      1.47000      1.33013      1.33013
      1.48000      1.66155      1.66155
      1.49000      1.66541      1.66541
      1.50000      1.09606      1.09606
      1.51000      0.42615      0.42615
      1.52000      0.45745      0.45745
      1.53000      1.18212      1.18212
      1.54000      1.57864      1.57864
      1.55000      1.22191      1.22191
      1.56000      1.07263      1.07263
      1.57000      1.14264      1.14264
      1.58000      0.58668      0.58668
      1.59000      0.07018      0.07018
      1.60000      0.06960      0.06960
      1.61000      0.77723      0.77723
      1.62000      2.02379      2.02379
      1.63000      2.00940      2.00940
      1.64000      1.15185      1.15185
      1.65000      0.85650      0.85650
      1.66000      0.76448      0.76448
      1.67000      1.45430      1.45430
      1.68000      2.12893      2.12893
      1.69000      1.30899      1.30899
      1.70000      0.31420      0.31420
      1.71000      0.02960      0.02960
      1.72000      0.02107      0.02107
      1.73000      0.17906      0.17906
      1.74000      0.59808      0.59808
      1.75000      0.84889      0.84889
      1.76000      0.91693      0.91693
      1.77000      1.23446      1.23446
      1.78000      1.39707      1.39707
      1.79000      0.96005      0.96005
      1.80000      0.37580      0.37580
      1.81000      0.40111      0.40111
      1.82000      0.80764      0.80764
      1.83000      0.92046      0.92046
      1.84000      0.49920      0.49920
      1.85000      0.24022      0.24022
      1.86000      0.52877      0.52877
      1.87000      0.75290      0.75290
      1.88000      0.54880      0.54880
      1.89000      0.69108      0.69108
      1.90000      1.35498      1.35498
      1.91000      1.80755      1.80755
      1.92000      2.06588      2.06588
      1.93000      2.61222      2.61222
      1.94000      2.16044      2.16044
      1.95000      1.33281      1.33281
      1.96000      0.98604      0.98604
      1.97000      0.63052      0.63052
      1.98000      0.44916      0.44916
      1.99000      0.73207      0.73207
      2.00000      0.85678      0.85678
      2.01000      1.14478      1.14478
      2.02000      1.44655      1.44655
      2.03000      1.03907      1.03907
      2.04000      0.98816      0.98816
      2.05000      1.39446      1.39446
      2.06000      1.39038      1.39038
      2.07000      1.25745      1.25745
      2.08000      1.44184      1.44184
      2.09000      1.25172      1.25172
      2.10000      0.52545      0.52545
      2.11000      0.11246      0.11246
      2.12000      0.13902      0.13902
      2.13000      0.33655      0.33655
      2.14000      0.31463      0.31463
      2.15000      0.11246      0.11246
      2.16000      0.06513      0.06513
      2.17000      0.22791      0.22791
      2.18000      0.36938      0.36938
      2.19000      0.22161      0.22161
      2.20000      0.06866      0.06866
      2.21000      0.20326      0.20326
      2.22000      0.83700      0.83700
      2.23000      1.78213      1.78213
      2.24000      2.29333      2.29333
      2.25000      1.66768      1.66768
      2.26000      0.68540      0.68540
      2.27000      0.59889      0.59889
      2.28000      0.73100      0.73100
      2.29000      0.36991      0.36991
      2.30000      0.07606      0.07606
      2.31000      0.09914      0.09914
      2.32000      0.51285      0.51285
      2.33000      1.30184      1.30184
      2.34000      1.99329      1.99329
      2.35000      2.09281      2.09281
      2.36000      1.96982      1.96982
      2.37000      1.90375      1.90375
      2.38000      1.14335      1.14335
      2.39000      1.07722      1.07722
      2.40000      2.25860      2.25860
      2.41000      2.80613      2.80613
      2.42000      2.49906      2.49906
      2.43000      2.06663      2.06663
      2.44000      1.12278      1.12278
      2.45000      0.40316      0.40316
      2.46000      0.52492      0.52492
      2.47000      0.73738      0.73738
      2.48000      0.43958      0.43958
      2.49000      0.44561      0.44561
      2.50000      1.36635      1.36635
      2.51000      2.08016      2.08016
      2.52000      1.33969      1.33969
      2.53000      0.47103      0.47103
      2.54000      0.36580      0.36580
      2.55000      0.33202      0.33202
      2.56000      0.21459      0.21459
      2.57000      0.54999      0.54999
      2.58000      1.30563      1.30563
      2.59000      1.81795      1.81795
      2.60000      1.92781      1.92781
      2.61000      1.55289      1.55289
      2.62000      1.10165      1.10165
      2.63000      0.67860      0.67860
      2.64000      0.22494      0.22494
      2.65000      0.17268      0.17268
      2.66000      0.55801      0.55801
      2.67000      0.92954      0.92954
      2.68000      1.13916      1.13916
      2.69000      1.15866      1.15866
      2.70000      0.59091      0.59091
      2.71000      0.30737      0.30737
      2.72000      0.72867      0.72867
      2.73000      1.24035      1.24035
      2.74000      1.35658      1.35658
      2.75000      1.16181      1.16181
      2.76000      0.65760      0.65760
      2.77000      0.18409      0.18409
      2.78000      0.11141      0.11141
      2.79000      0.47717      0.47717
      2.80000      1.23281      1.23281
      2.81000      1.85520      1.85520
      2.82000      1.94676      1.94676
      2.83000      1.33263      1.33263
      2.84000      0.58119      0.58119
      2.85000      0.60802      0.60802
      2.86000      0.99044      0.99044
      2.87000      1.02338      1.02338
      2.88000      0.90556      0.90556
      2.89000      1.03833      1.03833
      2.90000      1.20674      1.20674
      2.91000      1.38548      1.38548
      2.92000      1.24903      1.24903
      2.93000      0.63877      0.63877
      2.94000      0.32766      0.32766
      2.95000      0.41623      0.41623
      2.96000      0.51736      0.51736
      2.97000      0.77553      0.77553
      2.98000      0.87144      0.87144
      2.99000      0.93380      0.93380
      3.00000      1.65586      1.65586
      3.01000      2.89910      2.89910
      3.02000      2.97082      2.97082
      3.03000      1.39705      1.39705
      3.04000      0.27159      0.27159
      3.05000      0.02097      0.02097
