Energy-E_F (eV)    DOS (1/eV)    PDOS (1/eV)  of atom type Bi 
     -4.50624      2.92139      0.00000
     -4.49624      2.50896      0.00000
     -4.48624      1.13372      0.00000
     -4.47624      1.19114      0.00000
     -4.46624      1.85244      0.00000
     -4.45624      2.64583      0.00000
     -4.44624      2.93915      0.00000
     -4.43624      2.16330      0.00000
     -4.42624      1.12054      0.00000
     -4.41624      0.30447      0.00000
     -4.40624      0.11086      0.00000
     -4.39624      0.50147      0.00000
     -4.38624      1.17202      0.00000
     -4.37624      1.01035      0.00000
     -4.36624      0.32361      0.00000
     -4.35624      0.10027      0.00000
     -4.34624      0.46980      0.00000
     -4.33624      1.45815      0.00000
     -4.32624      2.32291      0.00000
     -4.31624      2.19836      0.00000
     -4.30624      1.13743      0.00000
     -4.29624      0.56719      0.00000
     -4.28624      0.64021      0.00000
     -4.27624      0.43598      0.00000
     -4.26624      0.30483      0.00000
     -4.25624      0.68622      0.00000
     -4.24624      1.35730      0.00000
     -4.23624      2.20968      0.00000
     -4.22624      2.16185      0.00000
     -4.21624      0.97898      0.00000
     -4.20624      0.26922      0.00000
     -4.19624      0.78295      0.00000
     -4.18624      2.92574      0.00000
     -4.17624      5.09230      0.00000
     -4.16624      5.05006      0.00000
     -4.15624      3.86767      0.00000
     -4.14624      2.38990      0.00000
     -4.13624      1.95726      0.00000
     -4.12624      2.99574      0.00000
     -4.11624      4.29379      0.00000
     -4.10624      4.68595      0.00000
     -4.09624      4.79280      0.00000
     -4.08624      3.61554      0.00000
     -4.07624      1.91592      0.00000
     -4.06624      2.36659      0.00000
     -4.05624      3.65925      0.00000
     -4.04624      4.88412      0.00000
     -4.03624      5.59542      0.00000
     -4.02624      5.82801      0.00000
     -4.01624      6.02642      0.00000
     -4.00624      6.01814      0.00000
     -3.99624      5.74705      0.00000
     -3.98624      6.48170      0.00000
     -3.97624      8.05676      0.00000
     -3.96624      7.34379      0.00000
     -3.95624      5.03735      0.00000
     -3.94624      5.26756      0.00000
     -3.93624      8.49478      0.00000
     -3.92624     10.19643      0.00000
     -3.91624     10.72446      0.00000
     -3.90624     10.16932      0.00000
     -3.89624      8.44438      0.00000
     -3.88624     10.51830      0.00000
     -3.87624     15.83573      0.00000
     -3.86624     19.87107      0.00000
     -3.85624     17.40818      0.00000
     -3.84624     11.07631      0.00000
     -3.83624     10.57827      0.00000
     -3.82624     13.50849      0.00000
     -3.81624     13.62752      0.00000
     -3.80624     11.40691      0.00000
     -3.79624     10.45223      0.00000
     -3.78624     11.38391      0.00000
     -3.77624     13.48841      0.00000
     -3.76624     15.24178      0.00000
     -3.75624     16.52080      0.00000
     -3.74624     15.81887      0.00000
     -3.73624     11.74953      0.00000
     -3.72624     10.19841      0.00000
     -3.71624     11.30993      0.00000
     -3.70624     11.70029      0.00000
     -3.69624     11.87931      0.00000
     -3.68624     12.22053      0.00000
     -3.67624     11.78058      0.00000
     -3.66624     12.52206      0.00000
     -3.65624     13.91933      0.00000
     -3.64624     13.15822      0.00000
     -3.63624     11.17822      0.00000
     -3.62624     11.11717      0.00000
     -3.61624     11.35834      0.00000
     -3.60624     10.47729      0.00000
     -3.59624     10.30766      0.00000
     -3.58624     11.62991      0.00000
     -3.57624     13.14742      0.00000
     -3.56624     12.26217      0.00000
     -3.55624      9.84444      0.00000
     -3.54624      8.18181      0.00000
     -3.53624      7.55294      0.00000
     -3.52624      8.45048      0.00000
     -3.51624     10.01637      0.00000
     -3.50624     12.40680      0.00000
     -3.49624     12.97144      0.00000
     -3.48624     12.25053      0.00000
     -3.47624     10.96579      0.00000
     -3.46624      7.54018      0.00000
     -3.45624      5.79195      0.00000
     -3.44624      8.78004      0.00000
     -3.43624     12.77661      0.00000
     -3.42624     10.23870      0.00000
     -3.41624      5.91224      0.00000
     -3.40624      4.54031      0.00000
     -3.39624      5.56219      0.00000
     -3.38624      6.70420      0.00000
     -3.37624      7.51417      0.00000
     -3.36624      9.47297      0.00000
     -3.35624      9.93475      0.00000
     -3.34624      8.94016      0.00000
     -3.33624      9.49176      0.00000
     -3.32624     10.04292      0.00000
     -3.31624      9.21934      0.00000
     -3.30624      8.23086      0.00000
     -3.29624      7.02777      0.00000
     -3.28624      8.55620      0.00000
     -3.27624     10.64022      0.00000
     -3.26624      8.50955      0.00000
     -3.25624      4.62952      0.00000
     -3.24624      3.30878      0.00000
     -3.23624      3.93675      0.00000
     -3.22624      5.95443      0.00000
     -3.21624      6.48288      0.00000
     -3.20624      5.33983      0.00000
     -3.19624      6.57582      0.00000
     -3.18624      8.80636      0.00000
     -3.17624      9.22885      0.00000
     -3.16624      8.62048      0.00000
     -3.15624      7.82945      0.00000
     -3.14624      7.62842      0.00000
     -3.13624      7.86184      0.00000
     -3.12624      7.66165      0.00000
     -3.11624      6.62865      0.00000
     -3.10624      5.80415      0.00000
     -3.09624      6.52553      0.00000
     -3.08624      9.83601      0.00000
     -3.07624     11.03397      0.00000
     -3.06624      8.18191      0.00000
     -3.05624      6.12545      0.00000
     -3.04624      5.74624      0.00000
     -3.03624      6.55827      0.00000
     -3.02624      6.63248      0.00000
     -3.01624      7.90830      0.00000
     -3.00624      9.27080      0.00000
     -2.99624      8.22833      0.00000
     -2.98624      7.30833      0.00000
     -2.97624      7.08784      0.00000
     -2.96624      5.68193      0.00000
     -2.95624      4.63372      0.00000
     -2.94624      6.66785      0.00000
     -2.93624     10.14201      0.00000
     -2.92624     12.27505      0.00000
     -2.91624     13.69706      0.00000
     -2.90624     13.62033      0.00000
     -2.89624     10.54723      0.00000
     -2.88624      8.37496      0.00000
     -2.87624      9.94760      0.00000
     -2.86624     11.86200      0.00000
     -2.85624     14.72472      0.00000
     -2.84624     17.34012      0.00000
     -2.83624     16.78057      0.00000
     -2.82624     14.04791      0.00000
     -2.81624     12.16820      0.00000
     -2.80624     15.13607      0.00000
     -2.79624     20.01996      0.00000
     -2.78624     18.47816      0.00000
     -2.77624     14.84650      0.00000
     -2.76624     16.16234      0.00000
     -2.75624     20.50517      0.00000
     -2.74624     21.88843      0.00000
     -2.73624     18.57597      0.00000
     -2.72624     17.70632      0.00000
     -2.71624     20.90807      0.00000
     -2.70624     20.78231      0.00000
     -2.69624     15.80008      0.00000
     -2.68624     11.91543      0.00000
     -2.67624     12.02664      0.00000
     -2.66624     13.79288      0.00000
     -2.65624     15.14659      0.00000
     -2.64624     14.10571      0.00000
     -2.63624     11.54797      0.00000
     -2.62624     10.25439      0.00000
     -2.61624     10.88292      0.00000
     -2.60624     11.76708      0.00000
     -2.59624     11.62343      0.00000
     -2.58624      9.77018      0.00000
     -2.57624      9.10147      0.00000
     -2.56624     14.30327      0.00000
     -2.55624     17.26274      0.00000
     -2.54624     13.39703      0.00000
     -2.53624      7.96239      0.00000
     -2.52624      4.59116      0.00000
     -2.51624      6.29473      0.00000
     -2.50624     11.91330      0.00000
     -2.49624     14.48534      0.00000
     -2.48624     11.67603      0.00000
     -2.47624      7.22393      0.00000
     -2.46624      4.70403      0.00000
     -2.45624      5.54700      0.00000
     -2.44624      7.56677      0.00000
     -2.43624      9.08716      0.00000
     -2.42624     11.65770      0.00000
     -2.41624     13.64797      0.00000
     -2.40624     12.11923      0.00000
     -2.39624      9.51479      0.00000
     -2.38624      7.80917      0.00000
     -2.37624      6.63350      0.00000
     -2.36624      5.80645      0.00000
     -2.35624      6.16999      0.00000
     -2.34624      7.25687      0.00000
     -2.33624      9.15370      0.00000
     -2.32624     10.33067      0.00000
     -2.31624     10.26216      0.00000
     -2.30624      9.28760      0.00000
     -2.29624      7.64096      0.00000
     -2.28624      7.18861      0.00000
     -2.27624      7.12214      0.00000
     -2.26624      6.83331      0.00000
     -2.25624      7.02442      0.00000
     -2.24624      7.94106      0.00000
     -2.23624      9.58383      0.00000
     -2.22624     10.65152      0.00000
     -2.21624     11.25483      0.00000
     -2.20624      8.76142      0.00000
     -2.19624      5.19862      0.00000
     -2.18624      4.25700      0.00000
     -2.17624      5.26913      0.00000
     -2.16624      7.22600      0.00000
     -2.15624      8.53014      0.00000
     -2.14624     11.07219      0.00000
     -2.13624     12.86302      0.00000
     -2.12624     10.25115      0.00000
     -2.11624      6.64862      0.00000
     -2.10624      5.44843      0.00000
     -2.09624      5.98836      0.00000
     -2.08624      5.23475      0.00000
     -2.07624      5.36895      0.00000
     -2.06624      7.49508      0.00000
     -2.05624      6.87579      0.00000
     -2.04624      3.15654      0.00000
     -2.03624      1.25363      0.00000
     -2.02624      2.63118      0.00000
     -2.01624      4.57305      0.00000
     -2.00624      5.15372      0.00000
     -1.99624      6.57083      0.00000
     -1.98624      9.01242      0.00000
     -1.97624      9.46453      0.00000
     -1.96624      7.28560      0.00000
     -1.95624      5.25502      0.00000
     -1.94624      4.04321      0.00000
     -1.93624      4.36501      0.00000
     -1.92624      6.65112      0.00000
     -1.91624      8.23928      0.00000
     -1.90624      8.53965      0.00000
     -1.89624      8.33336      0.00000
     -1.88624      6.78521      0.00000
     -1.87624      5.68406      0.00000
     -1.86624      7.28305      0.00000
     -1.85624      9.70153      0.00000
     -1.84624      8.42157      0.00000
     -1.83624      4.49106      0.00000
     -1.82624      2.62891      0.00000
     -1.81624      4.91052      0.00000
     -1.80624      7.72797      0.00000
     -1.79624      8.05325      0.00000
     -1.78624      8.10737      0.00000
     -1.77624      7.90339      0.00000
     -1.76624      7.83731      0.00000
     -1.75624      8.95322      0.00000
     -1.74624      9.17530      0.00000
     -1.73624      9.16602      0.00000
     -1.72624     10.38706      0.00000
     -1.71624     10.82283      0.00000
     -1.70624     11.04716      0.00000
     -1.69624     10.57191      0.00000
     -1.68624      9.45306      0.00000
     -1.67624      7.42996      0.00000
     -1.66624      6.07940      0.00000
     -1.65624      6.84275      0.00000
     -1.64624      9.19153      0.00000
     -1.63624      9.24943      0.00000
     -1.62624      5.77823      0.00000
     -1.61624      3.80818      0.00000
     -1.60624      3.09867      0.00000
     -1.59624      2.54421      0.00000
     -1.58624      4.80690      0.00000
     -1.57624      7.05788      0.00000
     -1.56624      6.05089      0.00000
     -1.55624      5.14558      0.00000
     -1.54624      5.05617      0.00000
     -1.53624      4.24712      0.00000
     -1.52624      5.62500      0.00000
     -1.51624      7.98395      0.00000
     -1.50624      7.93913      0.00000
     -1.49624      7.78794      0.00000
     -1.48624      9.37134      0.00000
     -1.47624      8.33938      0.00000
     -1.46624      6.03174      0.00000
     -1.45624      6.88555      0.00000
     -1.44624      7.60400      0.00000
     -1.43624      6.06669      0.00000
     -1.42624      5.09689      0.00000
     -1.41624      5.48680      0.00000
     -1.40624      5.52424      0.00000
     -1.39624      5.30205      0.00000
     -1.38624      5.60455      0.00000
     -1.37624      6.28863      0.00000
     -1.36624      4.87446      0.00000
     -1.35624      2.94332      0.00000
     -1.34624      3.04314      0.00000
     -1.33624      4.90484      0.00000
     -1.32624      6.47404      0.00000
     -1.31624      7.35855      0.00000
     -1.30624      8.26616      0.00000
     -1.29624      7.27508      0.00000
     -1.28624      6.75157      0.00000
     -1.27624      8.39502      0.00000
     -1.26624     10.35606      0.00000
     -1.25624      9.50949      0.00000
     -1.24624      6.73600      0.00000
     -1.23624      4.98418      0.00000
     -1.22624      5.84718      0.00000
     -1.21624      8.94874      0.00000
     -1.20624     11.42968      0.00000
     -1.19624     13.02033      0.00000
     -1.18624     12.12969      0.00000
     -1.17624      8.68678      0.00000
     -1.16624      7.82138      0.00000
     -1.15624      9.55155      0.00000
     -1.14624      9.14949      0.00000
     -1.13624      8.57901      0.00000
     -1.12624     10.20320      0.00000
     -1.11624     12.02700      0.00000
     -1.10624     10.88567      0.00000
     -1.09624      9.64537      0.00000
     -1.08624      8.56545      0.00000
     -1.07624      7.11572      0.00000
     -1.06624      7.74936      0.00000
     -1.05624      8.63349      0.00000
     -1.04624      9.84854      0.00000
     -1.03624      9.91623      0.00000
     -1.02624      8.35081      0.00000
     -1.01624      7.36827      0.00000
     -1.00624      7.27995      0.00000
     -0.99624      7.08147      0.00000
     -0.98624      6.31759      0.00000
     -0.97624      7.44025      0.00000
     -0.96624     10.75703      0.00000
     -0.95624     13.35411      0.00000
     -0.94624     15.36866      0.00000
     -0.93624     16.14902      0.00000
     -0.92624     12.39968      0.00000
     -0.91624      9.67604      0.00000
     -0.90624     10.72239      0.00000
     -0.89624     12.90467      0.00000
     -0.88624     13.56069      0.00000
     -0.87624     12.57561      0.00000
     -0.86624     11.03183      0.00000
     -0.85624      9.86183      0.00000
     -0.84624      9.45936      0.00000
     -0.83624      9.51652      0.00000
     -0.82624     10.11253      0.00000
     -0.81624     11.59254      0.00000
     -0.80624     10.34987      0.00000
     -0.79624      9.78457      0.00000
     -0.78624     11.70003      0.00000
     -0.77624     10.19753      0.00000
     -0.76624      7.47979      0.00000
     -0.75624      7.78865      0.00000
     -0.74624     10.17443      0.00000
     -0.73624     10.65801      0.00000
     -0.72624     10.85805      0.00000
     -0.71624     11.96760      0.00000
     -0.70624     10.61329      0.00000
     -0.69624      8.16934      0.00000
     -0.68624      8.04018      0.00000
     -0.67624      9.08713      0.00000
     -0.66624      8.77799      0.00000
     -0.65624      8.65077      0.00000
     -0.64624     10.08308      0.00000
     -0.63624     10.67623      0.00000
     -0.62624     10.60767      0.00000
     -0.61624     10.94509      0.00000
     -0.60624     13.01546      0.00000
     -0.59624     13.45072      0.00000
     -0.58624     10.67488      0.00000
     -0.57624      9.18813      0.00000
     -0.56624      9.98474      0.00000
     -0.55624      9.91017      0.00000
     -0.54624     10.18920      0.00000
     -0.53624     11.60785      0.00000
     -0.52624     13.54518      0.00000
     -0.51624     16.60125      0.00000
     -0.50624     16.88839      0.00000
     -0.49624     13.91536      0.00000
     -0.48624     12.13021      0.00000
     -0.47624     10.37027      0.00000
     -0.46624      8.50675      0.00000
     -0.45624      8.49425      0.00000
     -0.44624     10.24410      0.00000
     -0.43624     12.78773      0.00000
     -0.42624     12.92032      0.00000
     -0.41624      8.48529      0.00000
     -0.40624      4.15080      0.00000
     -0.39624      2.64535      0.00000
     -0.38624      2.64458      0.00000
     -0.37624      3.57825      0.00000
     -0.36624      3.77771      0.00000
     -0.35624      3.22095      0.00000
     -0.34624      3.97449      0.00000
     -0.33624      4.21298      0.00000
     -0.32624      3.01970      0.00000
     -0.31624      2.58376      0.00000
     -0.30624      3.21453      0.00000
     -0.29624      4.48296      0.00000
     -0.28624      4.90321      0.00000
     -0.27624      4.22724      0.00000
     -0.26624      4.07147      0.00000
     -0.25624      4.86045      0.00000
     -0.24624      5.19691      0.00000
     -0.23624      4.21037      0.00000
     -0.22624      3.76749      0.00000
     -0.21624      4.21007      0.00000
     -0.20624      4.00297      0.00000
     -0.19624      3.58712      0.00000
     -0.18624      3.82016      0.00000
     -0.17624      3.30523      0.00000
     -0.16624      2.67764      0.00000
     -0.15624      2.61544      0.00000
     -0.14624      3.35889      0.00000
     -0.13624      4.00853      0.00000
     -0.12624      3.56214      0.00000
     -0.11624      2.98099      0.00000
     -0.10624      2.31621      0.00000
     -0.09624      1.89065      0.00000
     -0.08624      2.43654      0.00000
     -0.07624      3.41536      0.00000
     -0.06624      3.92768      0.00000
     -0.05624      3.37949      0.00000
     -0.04624      2.35061      0.00000
     -0.03624      1.85956      0.00000
     -0.02624      2.47563      0.00000
     -0.01624      3.41767      0.00000
     -0.00624      3.27547      0.00000
      0.00376      3.65805      0.00000
      0.01376      4.58950      0.00000
      0.02376      5.67325      0.00000
      0.03376      5.82653      0.00000
      0.04376      5.77521      0.00000
      0.05376      6.64797      0.00000
      0.06376      7.64370      0.00000
      0.07376      8.36209      0.00000
      0.08376      7.64800      0.00000
      0.09376      6.63028      0.00000
      0.10376      6.62027      0.00000
      0.11376      8.18520      0.00000
      0.12376      9.77936      0.00000
      0.13376      9.66614      0.00000
      0.14376      8.80494      0.00000
      0.15376      6.82807      0.00000
      0.16376      5.48904      0.00000
      0.17376      7.93470      0.00000
      0.18376     11.08397      0.00000
      0.19376     11.00797      0.00000
      0.20376      9.88516      0.00000
      0.21376      9.66974      0.00000
      0.22376     10.07590      0.00000
      0.23376     11.74975      0.00000
      0.24376     13.83066      0.00000
      0.25376     13.92457      0.00000
      0.26376     10.88410      0.00000
      0.27376      9.68093      0.00000
      0.28376     11.16550      0.00000
      0.29376     13.11017      0.00000
      0.30376     13.64867      0.00000
      0.31376     14.98626      0.00000
      0.32376     14.00597      0.00000
      0.33376      9.56462      0.00000
      0.34376      8.40332      0.00000
      0.35376     12.37060      0.00000
      0.36376     14.74915      0.00000
      0.37376     11.73349      0.00000
      0.38376      8.79690      0.00000
      0.39376      9.38857      0.00000
      0.40376     10.68401      0.00000
      0.41376     10.59735      0.00000
      0.42376      8.54641      0.00000
      0.43376      7.18497      0.00000
      0.44376      7.96284      0.00000
      0.45376      9.43909      0.00000
      0.46376      9.86738      0.00000
      0.47376      8.73718      0.00000
      0.48376      8.72045      0.00000
      0.49376     11.17165      0.00000
      0.50376     12.68336      0.00000
      0.51376      9.93414      0.00000
      0.52376      6.91981      0.00000
      0.53376     10.13863      0.00000
      0.54376     14.49963      0.00000
      0.55376     12.83992      0.00000
      0.56376      9.55399      0.00000
      0.57376      9.02063      0.00000
      0.58376     10.22010      0.00000
      0.59376     12.67287      0.00000
      0.60376     16.23704      0.00000
      0.61376     18.24912      0.00000
      0.62376     15.97819      0.00000
      0.63376     12.52706      0.00000
      0.64376      9.93087      0.00000
      0.65376      7.74295      0.00000
      0.66376      7.59920      0.00000
      0.67376      8.55968      0.00000
      0.68376     10.84712      0.00000
      0.69376     12.36750      0.00000
      0.70376     11.33668      0.00000
      0.71376     10.32091      0.00000
      0.72376     11.35826      0.00000
      0.73376     13.36106      0.00000
      0.74376     14.74380      0.00000
      0.75376     16.27442      0.00000
      0.76376     15.90963      0.00000
      0.77376     13.11615      0.00000
      0.78376     10.63763      0.00000
      0.79376      7.51559      0.00000
      0.80376      5.46430      0.00000
      0.81376      6.02199      0.00000
      0.82376      7.84773      0.00000
      0.83376      7.57607      0.00000
      0.84376      7.33645      0.00000
      0.85376     10.29944      0.00000
      0.86376     11.67777      0.00000
      0.87376      8.57407      0.00000
      0.88376      7.03510      0.00000
      0.89376      8.80182      0.00000
      0.90376      9.83517      0.00000
      0.91376      8.25942      0.00000
      0.92376      5.12801      0.00000
      0.93376      2.21871      0.00000
      0.94376      1.92184      0.00000
      0.95376      3.32914      0.00000
      0.96376      4.53498      0.00000
      0.97376      6.64050      0.00000
      0.98376      8.86392      0.00000
      0.99376      8.94503      0.00000
      1.00376      7.56024      0.00000
      1.01376      6.15814      0.00000
      1.02376      6.20710      0.00000
      1.03376      6.04650      0.00000
      1.04376      4.95871      0.00000
      1.05376      5.03273      0.00000
      1.06376      4.60537      0.00000
      1.07376      3.16308      0.00000
      1.08376      3.11890      0.00000
      1.09376      3.47305      0.00000
      1.10376      2.65969      0.00000
      1.11376      2.85873      0.00000
      1.12376      5.22325      0.00000
      1.13376      6.89161      0.00000
      1.14376      8.64893      0.00000
      1.15376     11.19752      0.00000
      1.16376     10.11167      0.00000
      1.17376      7.92587      0.00000
      1.18376      8.54300      0.00000
      1.19376     10.26681      0.00000
      1.20376     10.22074      0.00000
      1.21376     11.43195      0.00000
      1.22376     11.33026      0.00000
      1.23376      8.86570      0.00000
      1.24376      8.36340      0.00000
      1.25376      8.20120      0.00000
      1.26376      8.06463      0.00000
      1.27376      9.51252      0.00000
      1.28376     10.25438      0.00000
      1.29376      8.87081      0.00000
      1.30376      7.44972      0.00000
      1.31376      5.51141      0.00000
      1.32376      4.36367      0.00000
      1.33376      5.03471      0.00000
      1.34376      6.09150      0.00000
      1.35376      5.53627      0.00000
      1.36376      3.75097      0.00000
      1.37376      3.15432      0.00000
      1.38376      3.65120      0.00000
      1.39376      6.67789      0.00000
      1.40376      9.40427      0.00000
      1.41376      8.93826      0.00000
      1.42376      8.17957      0.00000
      1.43376      8.45774      0.00000
      1.44376     10.94841      0.00000
      1.45376     12.90418      0.00000
      1.46376     11.94028      0.00000
      1.47376     10.06491      0.00000
      1.48376     10.64491      0.00000
      1.49376     11.08099      0.00000
      1.50376      7.18274      0.00000
      1.51376      3.74063      0.00000
      1.52376      5.34480      0.00000
      1.53376      9.95663      0.00000
      1.54376     12.41485      0.00000
      1.55376     10.71170      0.00000
      1.56376      8.27930      0.00000
      1.57376      6.01952      0.00000
      1.58376      5.21149      0.00000
      1.59376      6.64381      0.00000
      1.60376      8.63193      0.00000
      1.61376     11.19610      0.00000
      1.62376     15.07853      0.00000
      1.63376     13.96809      0.00000
      1.64376      8.71051      0.00000
      1.65376      7.27988      0.00000
      1.66376      8.93953      0.00000
      1.67376      7.72203      0.00000
      1.68376      6.15444      0.00000
      1.69376      5.98220      0.00000
      1.70376      4.24879      0.00000
      1.71376      2.86305      0.00000
      1.72376      3.98550      0.00000
      1.73376      7.28432      0.00000
      1.74376      9.17878      0.00000
      1.75376      7.05532      0.00000
      1.76376      4.27673      0.00000
      1.77376      3.89740      0.00000
      1.78376      5.14037      0.00000
      1.79376      6.12814      0.00000
      1.80376      5.88830      0.00000
      1.81376      6.32388      0.00000
      1.82376      6.93282      0.00000
      1.83376      6.83679      0.00000
      1.84376      7.04407      0.00000
      1.85376      6.91906      0.00000
      1.86376      5.73585      0.00000
      1.87376      5.22487      0.00000
      1.88376      6.59501      0.00000
      1.89376      7.72073      0.00000
      1.90376      7.05023      0.00000
      1.91376      4.85343      0.00000
      1.92376      4.17119      0.00000
      1.93376      4.02415      0.00000
      1.94376      3.40126      0.00000
      1.95376      4.62672      0.00000
      1.96376      7.56134      0.00000
      1.97376      8.48282      0.00000
      1.98376      6.66837      0.00000
      1.99376      5.19116      0.00000
      2.00376      5.35084      0.00000
      2.01376      5.26600      0.00000
      2.02376      3.27168      0.00000
      2.03376      1.38689      0.00000
      2.04376      2.59513      0.00000
      2.05376      6.15325      0.00000
      2.06376      7.71966      0.00000
      2.07376      6.53177      0.00000
      2.08376      6.26571      0.00000
      2.09376      7.01258      0.00000
      2.10376      9.00696      0.00000
      2.11376      8.66671      0.00000
      2.12376      6.51528      0.00000
      2.13376      6.86152      0.00000
      2.14376      7.94171      0.00000
      2.15376      8.15438      0.00000
      2.16376      7.49906      0.00000
      2.17376      5.80567      0.00000
      2.18376      5.89775      0.00000
      2.19376      8.37667      0.00000
      2.20376      9.36102      0.00000
      2.21376     10.25710      0.00000
      2.22376     11.92828      0.00000
      2.23376     10.55363      0.00000
      2.24376      6.60916      0.00000
      2.25376      4.10257      0.00000
      2.26376      4.98135      0.00000
      2.27376      8.70392      0.00000
      2.28376     10.01854      0.00000
      2.29376      7.85826      0.00000
      2.30376      6.47796      0.00000
      2.31376      5.68849      0.00000
      2.32376      4.63117      0.00000
      2.33376      3.48870      0.00000
      2.34376      2.41082      0.00000
      2.35376      2.53988      0.00000
      2.36376      3.90103      0.00000
      2.37376      4.36539      0.00000
      2.38376      4.49789      0.00000
      2.39376      5.92503      0.00000
      2.40376      7.94126      0.00000
      2.41376      8.67432      0.00000
      2.42376      6.88655      0.00000
      2.43376      4.58158      0.00000
      2.44376      4.34776      0.00000
      2.45376      5.44912      0.00000
      2.46376      5.65537      0.00000
      2.47376      4.78869      0.00000
      2.48376      3.97448      0.00000
      2.49376      3.32238      0.00000
      2.50376      3.93435      0.00000
      2.51376      6.74851      0.00000
      2.52376      8.86405      0.00000
      2.53376      9.26429      0.00000
      2.54376     10.56330      0.00000
      2.55376     13.56609      0.00000
      2.56376     13.76081      0.00000
      2.57376     10.43493      0.00000
      2.58376      7.22785      0.00000
      2.59376      5.42590      0.00000
      2.60376      5.90679      0.00000
      2.61376      7.40201      0.00000
      2.62376      7.73381      0.00000
      2.63376      7.83034      0.00000
      2.64376      6.93549      0.00000
      2.65376      6.73986      0.00000
      2.66376      7.86764      0.00000
      2.67376      7.40067      0.00000
      2.68376      5.96075      0.00000
      2.69376      5.54281      0.00000
      2.70376      7.33081      0.00000
      2.71376      9.92761      0.00000
      2.72376     10.98041      0.00000
      2.73376      9.48223      0.00000
      2.74376      8.84300      0.00000
      2.75376      9.58981      0.00000
      2.76376      9.35785      0.00000
      2.77376      9.62401      0.00000
      2.78376      9.75309      0.00000
      2.79376     10.11111      0.00000
      2.80376     10.13751      0.00000
      2.81376      9.80676      0.00000
      2.82376      9.64004      0.00000
      2.83376      9.71487      0.00000
      2.84376     10.00487      0.00000
      2.85376     10.00875      0.00000
      2.86376      9.14049      0.00000
      2.87376      7.36304      0.00000
      2.88376      4.83031      0.00000
      2.89376      3.55419      0.00000
      2.90376      5.04562      0.00000
      2.91376      7.31464      0.00000
      2.92376      8.73907      0.00000
      2.93376      7.67415      0.00000
      2.94376      6.52598      0.00000
      2.95376      9.86628      0.00000
      2.96376     14.26533      0.00000
      2.97376     13.74997      0.00000
      2.98376      9.76360      0.00000
      2.99376      8.06157      0.00000
      3.00376      8.42934      0.00000
      3.01376      7.51805      0.00000
      3.02376      6.52268      0.00000
      3.03376      7.21488      0.00000
      3.04376      7.32229      0.00000
      3.05376      6.06855      0.00000
      3.06376      5.36540      0.00000
      3.07376      5.07335      0.00000
      3.08376      5.85150      0.00000
      3.09376      6.85457      0.00000
      3.10376      5.25114      0.00000
      3.11376      3.83257      0.00000
      3.12376      5.30683      0.00000
      3.13376      7.06938      0.00000
      3.14376      7.83538      0.00000
      3.15376      7.26000      0.00000
      3.16376      7.49628      0.00000
      3.17376      9.42700      0.00000
      3.18376      8.86188      0.00000
      3.19376      6.21350      0.00000
      3.20376      6.20152      0.00000
      3.21376      8.93312      0.00000
      3.22376     10.65338      0.00000
      3.23376     10.41878      0.00000
      3.24376      8.65862      0.00000
      3.25376      6.22749      0.00000
      3.26376      6.17986      0.00000
      3.27376      6.77344      0.00000
      3.28376      6.49966      0.00000
      3.29376      7.32250      0.00000
      3.30376     10.18290      0.00000
      3.31376     12.24391      0.00000
      3.32376     11.84769      0.00000
      3.33376     11.94171      0.00000
      3.34376     12.06718      0.00000
      3.35376     10.24581      0.00000
      3.36376      9.02489      0.00000
      3.37376      9.94344      0.00000
      3.38376     10.65904      0.00000
      3.39376      9.62199      0.00000
      3.40376      8.17049      0.00000
      3.41376      8.82158      0.00000
      3.42376     11.59006      0.00000
      3.43376     12.21668      0.00000
      3.44376      9.23182      0.00000
      3.45376      7.44154      0.00000
      3.46376      7.49171      0.00000
      3.47376      7.74859      0.00000
      3.48376     11.36882      0.00000
      3.49376     16.77194      0.00000
      3.50376     15.69172      0.00000
      3.51376     12.02394      0.00000
      3.52376     10.78657      0.00000
      3.53376     11.07034      0.00000
      3.54376     11.05379      0.00000
      3.55376     11.78968      0.00000
      3.56376     13.02893      0.00000
      3.57376     13.61722      0.00000
      3.58376     13.57002      0.00000
      3.59376     12.97111      0.00000
      3.60376     11.94741      0.00000
      3.61376     10.96660      0.00000
      3.62376     10.94165      0.00000
      3.63376     11.59127      0.00000
      3.64376     11.80095      0.00000
      3.65376     10.71681      0.00000
      3.66376      9.28204      0.00000
      3.67376      9.60342      0.00000
      3.68376      9.96580      0.00000
      3.69376      9.18489      0.00000
      3.70376      7.82120      0.00000
      3.71376      8.11088      0.00000
      3.72376      8.00135      0.00000
      3.73376      7.37754      0.00000
      3.74376      7.10144      0.00000
      3.75376      6.89356      0.00000
      3.76376      8.15282      0.00000
      3.77376     10.20771      0.00000
      3.78376     10.46310      0.00000
      3.79376      8.43929      0.00000
      3.80376      7.06474      0.00000
      3.81376      7.63740      0.00000
      3.82376      8.22838      0.00000
      3.83376      7.92920      0.00000
      3.84376      8.32813      0.00000
      3.85376      9.04258      0.00000
      3.86376     10.49820      0.00000
      3.87376     11.94874      0.00000
      3.88376     11.23937      0.00000
      3.89376      9.64056      0.00000
      3.90376      7.61036      0.00000
      3.91376      5.18092      0.00000
      3.92376      4.81543      0.00000
      3.93376      5.57439      0.00000
      3.94376      5.75748      0.00000
      3.95376      5.42631      0.00000
      3.96376      5.53578      0.00000
      3.97376      5.80841      0.00000
      3.98376      6.04526      0.00000
      3.99376      7.05851      0.00000
      4.00376      9.50359      0.00000
      4.01376     11.60784      0.00000
      4.02376      9.29474      0.00000
      4.03376      6.87638      0.00000
      4.04376      8.29866      0.00000
      4.05376      9.35490      0.00000
      4.06376      9.91077      0.00000
      4.07376     11.01564      0.00000
      4.08376      9.83483      0.00000
      4.09376      6.18824      0.00000
      4.10376      4.70949      0.00000
      4.11376      5.47548      0.00000
      4.12376      6.48041      0.00000
      4.13376      8.68858      0.00000
      4.14376     10.16460      0.00000
      4.15376      8.46352      0.00000
      4.16376      6.00034      0.00000
      4.17376      5.75044      0.00000
      4.18376      6.69095      0.00000
      4.19376      7.82309      0.00000
      4.20376      7.99530      0.00000
      4.21376      8.49405      0.00000
      4.22376      6.62461      0.00000
      4.23376      2.97627      0.00000
      4.24376      2.42067      0.00000
      4.25376      4.56730      0.00000
      4.26376      7.67602      0.00000
      4.27376     10.24760      0.00000
      4.28376     10.20060      0.00000
      4.29376      7.21904      0.00000
      4.30376      4.68411      0.00000
      4.31376      5.20138      0.00000
      4.32376      6.15163      0.00000
      4.33376      5.14271      0.00000
      4.34376      4.42635      0.00000
      4.35376      5.33626      0.00000
      4.36376      6.02813      0.00000
      4.37376      5.11517      0.00000
      4.38376      4.93253      0.00000
      4.39376      4.61346      0.00000
      4.40376      3.83685      0.00000
      4.41376      3.63102      0.00000
      4.42376      3.11885      0.00000
      4.43376      3.44030      0.00000
      4.44376      5.07190      0.00000
      4.45376      6.48777      0.00000
      4.46376      7.58632      0.00000
      4.47376      7.79920      0.00000
      4.48376      6.37862      0.00000
      4.49376      6.81323      0.00000
      4.50376      9.92607      0.00000
      4.51376      9.36074      0.00000
      4.52376      5.66578      0.00000
      4.53376      4.87289      0.00000
      4.54376      8.04821      0.00000
      4.55376      9.35180      0.00000
      4.56376      6.87041      0.00000
      4.57376      5.11132      0.00000
      4.58376      4.61801      0.00000
      4.59376      4.93917      0.00000
      4.60376      5.52301      0.00000
      4.61376      5.39848      0.00000
      4.62376      4.89416      0.00000
      4.63376      4.54491      0.00000
      4.64376      3.93536      0.00000
      4.65376      4.56897      0.00000
      4.66376      6.83122      0.00000
      4.67376      8.05353      0.00000
      4.68376      7.67041      0.00000
      4.69376      8.07035      0.00000
      4.70376      9.35323      0.00000
      4.71376      8.40974      0.00000
      4.72376      5.89129      0.00000
      4.73376      4.90495      0.00000
      4.74376      5.45891      0.00000
      4.75376      5.28850      0.00000
      4.76376      4.56102      0.00000
      4.77376      5.73100      0.00000
      4.78376     10.42769      0.00000
      4.79376     14.97610      0.00000
      4.80376     12.56516      0.00000
      4.81376      7.10863      0.00000
      4.82376      4.50080      0.00000
      4.83376      3.29699      0.00000
      4.84376      4.12252      0.00000
      4.85376      7.80222      0.00000
      4.86376     10.68333      0.00000
      4.87376      8.90735      0.00000
      4.88376      5.14391      0.00000
      4.89376      3.74422      0.00000
      4.90376      5.15511      0.00000
      4.91376      6.03535      0.00000
      4.92376      4.65257      0.00000
      4.93376      3.33982      0.00000
      4.94376      3.88691      0.00000
      4.95376      6.64644      0.00000
      4.96376      9.72990      0.00000
      4.97376      8.31075      0.00000
      4.98376      5.12813      0.00000
      4.99376      4.55735      0.00000
      5.00376      5.36603      0.00000
      5.01376      6.10063      0.00000
      5.02376      5.77231      0.00000
      5.03376      4.60064      0.00000
      5.04376      5.19037      0.00000
      5.05376      7.23422      0.00000
      5.06376      9.42592      0.00000
      5.07376     10.45948      0.00000
      5.08376     10.03500      0.00000
      5.09376      9.27475      0.00000
      5.10376      8.92023      0.00000
      5.11376      9.88068      0.00000
      5.12376     10.95307      0.00000
      5.13376     10.03154      0.00000
      5.14376      8.99828      0.00000
      5.15376     11.02826      0.00000
      5.16376     13.07499      0.00000
      5.17376     11.91534      0.00000
      5.18376     10.74530      0.00000
      5.19376     10.64903      0.00000
      5.20376      9.88638      0.00000
      5.21376      9.56173      0.00000
      5.22376     11.80526      0.00000
      5.23376     13.38540      0.00000
      5.24376     11.53210      0.00000
      5.25376     10.91263      0.00000
      5.26376     11.77839      0.00000
      5.27376     10.64383      0.00000
      5.28376      9.22857      0.00000
      5.29376     10.37623      0.00000
      5.30376     13.80297      0.00000
      5.31376     14.71660      0.00000
      5.32376     11.86749      0.00000
      5.33376      9.17450      0.00000
      5.34376      6.71906      0.00000
      5.35376      5.49411      0.00000
      5.36376      5.63973      0.00000
      5.37376      7.55827      0.00000
      5.38376     12.04767      0.00000
      5.39376     12.90941      0.00000
