Energy-E_F (eV)    DOS (1/eV)    PDOS (1/eV)  of atom type Tl 
     -4.99000      0.00000      0.00000
     -4.98000      0.00000      0.00000
     -4.97000      0.00000      0.00000
     -4.96000      0.00000      0.00000
     -4.95000      0.00000      0.00000
     -4.94000      0.00000      0.00000
     -4.93000      0.00000      0.00000
     -4.92000      0.00000      0.00000
     -4.91000      0.00000      0.00000
     -4.90000      0.00000      0.00000
     -4.89000      0.00000      0.00000
     -4.88000      0.00000      0.00000
     -4.87000      0.00000      0.00000
     -4.86000      0.00000      0.00000
     -4.85000      0.00000      0.00000
     -4.84000      0.00000      0.00000
     -4.83000      0.00000      0.00000
     -4.82000      0.00000      0.00000
     -4.81000      0.00000      0.00000
     -4.80000      0.00000      0.00000
     -4.79000      0.00000      0.00000
     -4.78000      0.00000      0.00000
     -4.77000      0.00000      0.00000
     -4.76000      0.00000      0.00000
     -4.75000      0.00000      0.00000
     -4.74000      0.00000      0.00000
     -4.73000      0.00000      0.00000
     -4.72000      0.00000      0.00000
     -4.71000      0.00000      0.00000
     -4.70000      0.00000      0.00000
     -4.69000      0.00000      0.00000
     -4.68000      0.00000      0.00000
     -4.67000      0.00000      0.00000
     -4.66000      0.00000      0.00000
     -4.65000      0.00000      0.00000
     -4.64000      0.00000      0.00000
     -4.63000      0.00000      0.00000
     -4.62000      0.00018      0.00000
     -4.61000      0.00740      0.00000
     -4.60000      0.11031      0.00000
     -4.59000      0.60519      0.00000
     -4.58000      1.22145      0.00000
     -4.57000      0.90692      0.00000
     -4.56000      0.24772      0.00000
     -4.55000      0.02489      0.00000
     -4.54000      0.00092      0.00000
     -4.53000      0.00001      0.00000
     -4.52000      0.00000      0.00000
     -4.51000      0.00000      0.00000
     -4.50000      0.00000      0.00000
     -4.49000      0.00007      0.00000
     -4.48000      0.00434      0.00000
     -4.47000      0.09314      0.00000
     -4.46000      0.73946      0.00000
     -4.45000      2.25156      0.00000
     -4.44000      3.22293      0.00000
     -4.43000      3.71883      0.00000
     -4.42000      3.51119      0.00000
     -4.41000      1.69601      0.00000
     -4.40000      0.35629      0.00000
     -4.39000      0.05082      0.00000
     -4.38000      0.21628      0.00000
     -4.37000      0.85592      0.00000
     -4.36000      1.32665      0.00000
     -4.35000      1.20143      0.00000
     -4.34000      1.32417      0.00000
     -4.33000      0.98127      0.00000
     -4.32000      0.29166      0.00000
     -4.31000      0.04508      0.00000
     -4.30000      0.16324      0.00000
     -4.29000      0.74076      0.00000
     -4.28000      1.24644      0.00000
     -4.27000      0.77158      0.00000
     -4.26000      0.17571      0.00000
     -4.25000      0.01472      0.00000
     -4.24000      0.00047      0.00000
     -4.23000      0.00094      0.00000
     -4.22000      0.02514      0.00000
     -4.21000      0.24930      0.00000
     -4.20000      0.90948      0.00000
     -4.19000      1.22057      0.00000
     -4.18000      0.60261      0.00000
     -4.17000      0.10945      0.00000
     -4.16000      0.00731      0.00000
     -4.15000      0.00028      0.00000
     -4.14000      0.00535      0.00000
     -4.13000      0.10800      0.00000
     -4.12000      0.80260      0.00000
     -4.11000      2.19413      0.00000
     -4.10000      2.20664      0.00000
     -4.09000      0.81641      0.00000
     -4.08000      0.11181      0.00000
     -4.07000      0.02582      0.00000
     -4.06000      0.21690      0.00000
     -4.05000      0.85356      0.00000
     -4.04000      1.23630      0.00000
     -4.03000      0.66030      0.00000
     -4.02000      0.17350      0.00000
     -4.01000      0.47092      0.00000
     -4.00000      1.80927      0.00000
     -3.99000      3.18410      0.00000
     -3.98000      4.99620      0.00000
     -3.97000      8.32206      0.00000
     -3.96000      8.67944      0.00000
     -3.95000      5.60926      0.00000
     -3.94000      2.74807      0.00000
     -3.93000      1.24903      0.00000
     -3.92000      0.35187      0.00000
     -3.91000      0.04147      0.00000
     -3.90000      0.00193      0.00000
     -3.89000      0.00512      0.00000
     -3.88000      0.10431      0.00000
     -3.87000      0.78598      0.00000
     -3.86000      2.17862      0.00000
     -3.85000      2.22157      0.00000
     -3.84000      0.83338      0.00000
     -3.83000      0.11543      0.00000
     -3.82000      0.01975      0.00000
     -3.81000      0.16934      0.00000
     -3.80000      0.75729      0.00000
     -3.79000      1.24669      0.00000
     -3.78000      0.75503      0.00000
     -3.77000      0.16822      0.00000
     -3.76000      0.01379      0.00000
     -3.75000      0.00059      0.00000
     -3.74000      0.00833      0.00000
     -3.73000      0.14792      0.00000
     -3.72000      0.96636      0.00000
     -3.71000      2.32250      0.00000
     -3.70000      2.05511      0.00000
     -3.69000      0.71572      0.00000
     -3.68000      0.59457      0.00000
     -3.67000      2.18024      0.00000
     -3.66000      3.62442      0.00000
     -3.65000      2.35854      0.00000
     -3.64000      0.59239      0.00000
     -3.63000      0.05790      0.00000
     -3.62000      0.03921      0.00000
     -3.61000      0.41256      0.00000
     -3.60000      1.74692      0.00000
     -3.59000      3.37494      0.00000
     -3.58000      4.82436      0.00000
     -3.57000      5.20899      0.00000
     -3.56000      2.61361      0.00000
     -3.55000      0.59380      0.00000
     -3.54000      0.58924      0.00000
     -3.53000      1.20171      0.00000
     -3.52000      0.95783      0.00000
     -3.51000      0.28184      0.00000
     -3.50000      0.05616      0.00000
     -3.49000      0.32376      0.00000
     -3.48000      1.49892      0.00000
     -3.47000      2.78450      0.00000
     -3.46000      3.02496      0.00000
     -3.45000      3.49830      0.00000
     -3.44000      3.75040      0.00000
     -3.43000      3.75929      0.00000
     -3.42000      5.18753      0.00000
     -3.41000      7.15338      0.00000
     -3.40000      6.50736      0.00000
     -3.39000      4.34162      0.00000
     -3.38000      2.67042      0.00000
     -3.37000      3.35631      0.00000
     -3.36000      3.78023      0.00000
     -3.35000      2.58693      0.00000
     -3.34000      2.38528      0.00000
     -3.33000      2.90485      0.00000
     -3.32000      2.39785      0.00000
     -3.31000      1.54588      0.00000
     -3.30000      1.32472      0.00000
     -3.29000      0.68676      0.00000
     -3.28000      0.33499      0.00000
     -3.27000      1.20795      0.00000
     -3.26000      2.92851      0.00000
     -3.25000      3.95007      0.00000
     -3.24000      4.39908      0.00000
     -3.23000      3.80939      0.00000
     -3.22000      3.02745      0.00000
     -3.21000      4.19548      0.00000
     -3.20000      4.73213      0.00000
     -3.19000      2.75232      0.00000
     -3.18000      2.16840      0.00000
     -3.17000      2.82775      0.00000
     -3.16000      3.06134      0.00000
     -3.15000      4.48375      0.00000
     -3.14000      5.84511      0.00000
     -3.13000      6.01104      0.00000
     -3.12000      5.44104      0.00000
     -3.11000      3.42378      0.00000
     -3.10000      1.14838      0.00000
     -3.09000      1.11788      0.00000
     -3.08000      3.14425      0.00000
     -3.07000      4.15381      0.00000
     -3.06000      3.52464      0.00000
     -3.05000      2.70050      0.00000
     -3.04000      2.09751      0.00000
     -3.03000      3.60918      0.00000
     -3.02000      4.69420      0.00000
     -3.01000      3.38926      0.00000
     -3.00000      2.76664      0.00000
     -2.99000      3.17728      0.00000
     -2.98000      2.31213      0.00000
     -2.97000      0.78253      0.00000
     -2.96000      0.51782      0.00000
     -2.95000      1.45895      0.00000
     -2.94000      2.71145      0.00000
     -2.93000      4.55474      0.00000
     -2.92000      7.33317      0.00000
     -2.91000      8.15170      0.00000
     -2.90000      5.96316      0.00000
     -2.89000      2.88667      0.00000
     -2.88000      0.78295      0.00000
     -2.87000      0.47095      0.00000
     -2.86000      1.63402      0.00000
     -2.85000      2.64488      0.00000
     -2.84000      2.13712      0.00000
     -2.83000      1.53864      0.00000
     -2.82000      0.80432      0.00000
     -2.81000      0.18236      0.00000
     -2.80000      0.05198      0.00000
     -2.79000      0.40659      0.00000
     -2.78000      1.65668      0.00000
     -2.77000      2.52433      0.00000
     -2.76000      1.86017      0.00000
     -2.75000      2.44293      0.00000
     -2.74000      3.66935      0.00000
     -2.73000      2.37042      0.00000
     -2.72000      0.59663      0.00000
     -2.71000      0.05826      0.00000
     -2.70000      0.00220      0.00000
     -2.69000      0.00003      0.00000
     -2.68000      0.00000      0.00000
     -2.67000      0.00000      0.00000
     -2.66000      0.00000      0.00000
     -2.65000      0.00000      0.00000
     -2.64000      0.00008      0.00000
     -2.63000      0.00546      0.00000
     -2.62000      0.13249      0.00000
     -2.61000      1.18595      0.00000
     -2.60000      3.91533      0.00000
     -2.59000      4.82740      0.00000
     -2.58000      2.74736      0.00000
     -2.57000      2.34100      0.00000
     -2.56000      2.41055      0.00000
     -2.55000      1.39683      0.00000
     -2.54000      2.23231      0.00000
     -2.53000      5.22530      0.00000
     -2.52000      7.29556      0.00000
     -2.51000      7.39516      0.00000
     -2.50000      5.48168      0.00000
     -2.49000      2.71787      0.00000
     -2.48000      1.31720      0.00000
     -2.47000      1.34225      0.00000
     -2.46000      1.24437      0.00000
     -2.45000      1.75136      0.00000
     -2.44000      2.53242      0.00000
     -2.43000      1.73714      0.00000
     -2.42000      1.53649      0.00000
     -2.41000      2.46582      0.00000
     -2.40000      1.82968      0.00000
     -2.39000      0.50633      0.00000
     -2.38000      0.09581      0.00000
     -2.37000      0.46320      0.00000
     -2.36000      1.75915      0.00000
     -2.35000      2.52110      0.00000
     -2.34000      1.79172      0.00000
     -2.33000      2.04749      0.00000
     -2.32000      2.74648      0.00000
     -2.31000      2.32863      0.00000
     -2.30000      1.39533      0.00000
     -2.29000      0.46084      0.00000
     -2.28000      0.06347      0.00000
     -2.27000      0.00425      0.00000
     -2.26000      0.03023      0.00000
     -2.25000      0.35717      0.00000
     -2.24000      1.55556      0.00000
     -2.23000      2.49237      0.00000
     -2.22000      1.46907      0.00000
     -2.21000      0.31855      0.00000
     -2.20000      0.02541      0.00000
     -2.19000      0.00075      0.00000
     -2.18000      0.00000      0.00000
     -2.17000      0.00000      0.00000
     -2.16000      0.00024      0.00000
     -2.15000      0.01200      0.00000
     -2.14000      0.22581      0.00000
     -2.13000      1.60263      0.00000
     -2.12000      4.30375      0.00000
     -2.11000      4.38731      0.00000
     -2.10000      1.70213      0.00000
     -2.09000      0.25165      0.00000
     -2.08000      0.01417      0.00000
     -2.07000      0.00030      0.00000
     -2.06000      0.00015      0.00000
     -2.05000      0.00798      0.00000
     -2.04000      0.15823      0.00000
     -2.03000      1.23957      0.00000
     -2.02000      4.07937      0.00000
     -2.01000      6.39602      0.00000
     -2.00000      6.50924      0.00000
     -1.99000      6.31308      0.00000
     -1.98000      6.02605      0.00000
     -1.97000      4.53414      0.00000
     -1.96000      1.87240      0.00000
     -1.95000      0.33867      0.00000
     -1.94000      0.02441      0.00000
     -1.93000      0.00067      0.00000
     -1.92000      0.00000      0.00000
     -1.91000      0.00012      0.00000
     -1.90000      0.00549      0.00000
     -1.89000      0.08973      0.00000
     -1.88000      0.54273      0.00000
     -1.87000      1.27817      0.00000
     -1.86000      1.84831      0.00000
     -1.85000      4.10178      0.00000
     -1.84000      7.31142      0.00000
     -1.83000      6.56838      0.00000
     -1.82000      3.85367      0.00000
     -1.81000      3.00982      0.00000
     -1.80000      2.01637      0.00000
     -1.79000      0.86134      0.00000
     -1.78000      1.73211      0.00000
     -1.77000      3.60804      0.00000
     -1.76000      2.86561      0.00000
     -1.75000      0.83818      0.00000
     -1.74000      0.09613      0.00000
     -1.73000      0.11998      0.00000
     -1.72000      0.83947      0.00000
     -1.71000      2.22676      0.00000
     -1.70000      2.17318      0.00000
     -1.69000      0.78670      0.00000
     -1.68000      0.25138      0.00000
     -1.67000      1.26039      0.00000
     -1.66000      3.96856      0.00000
     -1.65000      4.69684      0.00000
     -1.64000      2.23491      0.00000
     -1.63000      1.59419      0.00000
     -1.62000      4.30839      0.00000
     -1.61000      7.90966      0.00000
     -1.60000      8.88364      0.00000
     -1.59000      6.62866      0.00000
     -1.58000      4.91712      0.00000
     -1.57000      4.33217      0.00000
     -1.56000      4.04456      0.00000
     -1.55000      3.81177      0.00000
     -1.54000      3.84204      0.00000
     -1.53000      4.14679      0.00000
     -1.52000      4.31981      0.00000
     -1.51000      2.93466      0.00000
     -1.50000      0.89937      0.00000
     -1.49000      0.11106      0.00000
     -1.48000      0.00537      0.00000
     -1.47000      0.00051      0.00000
     -1.46000      0.01604      0.00000
     -1.45000      0.23323      0.00000
     -1.44000      1.24750      0.00000
     -1.43000      2.45470      0.00000
     -1.42000      1.77689      0.00000
     -1.41000      0.47318      0.00000
     -1.40000      0.04651      0.00000
     -1.39000      0.00925      0.00000
     -1.38000      0.13842      0.00000
     -1.37000      0.93053      0.00000
     -1.36000      2.32878      0.00000
     -1.35000      2.51920      0.00000
     -1.34000      2.99825      0.00000
     -1.33000      4.95713      0.00000
     -1.32000      4.70348      0.00000
     -1.31000      3.44414      0.00000
     -1.30000      2.19867      0.00000
     -1.29000      0.68723      0.00000
     -1.28000      0.08279      0.00000
     -1.27000      0.00903      0.00000
     -1.26000      0.10820      0.00000
     -1.25000      0.80689      0.00000
     -1.24000      2.28186      0.00000
     -1.23000      2.91236      0.00000
     -1.22000      2.91294      0.00000
     -1.21000      2.40209      0.00000
     -1.20000      0.92644      0.00000
     -1.19000      0.13650      0.00000
     -1.18000      0.01639      0.00000
     -1.17000      0.13164      0.00000
     -1.16000      0.77411      0.00000
     -1.15000      2.11897      0.00000
     -1.14000      3.13451      0.00000
     -1.13000      2.43460      0.00000
     -1.12000      1.26951      0.00000
     -1.11000      1.33618      0.00000
     -1.10000      1.59219      0.00000
     -1.09000      2.26325      0.00000
     -1.08000      2.44492      0.00000
     -1.07000      1.31328      0.00000
     -1.06000      1.06844      0.00000
     -1.05000      1.26407      0.00000
     -1.04000      0.94818      0.00000
     -1.03000      1.60610      0.00000
     -1.02000      2.60803      0.00000
     -1.01000      2.33919      0.00000
     -1.00000      2.55916      0.00000
     -0.99000      2.50023      0.00000
     -0.98000      2.14529      0.00000
     -0.97000      2.58598      0.00000
     -0.96000      1.70646      0.00000
     -0.95000      0.43331      0.00000
     -0.94000      0.11366      0.00000
     -0.93000      0.68274      0.00000
     -0.92000      2.65431      0.00000
     -0.91000      5.25921      0.00000
     -0.90000      6.16129      0.00000
     -0.89000      4.55770      0.00000
     -0.88000      3.56098      0.00000
     -0.87000      3.77454      0.00000
     -0.86000      3.63436      0.00000
     -0.85000      2.74159      0.00000
     -0.84000      1.09408      0.00000
     -0.83000      0.28486      0.00000
     -0.82000      0.89373      0.00000
     -0.81000      3.31218      0.00000
     -0.80000      6.21390      0.00000
     -0.79000      5.61352      0.00000
     -0.78000      2.22986      0.00000
     -0.77000      0.40968      0.00000
     -0.76000      0.44278      0.00000
     -0.75000      1.57088      0.00000
     -0.74000      3.53674      0.00000
     -0.73000      5.75501      0.00000
     -0.72000      5.14766      0.00000
     -0.71000      1.96168      0.00000
     -0.70000      0.29068      0.00000
     -0.69000      0.04558      0.00000
     -0.68000      0.40329      0.00000
     -0.67000      2.14734      0.00000
     -0.66000      4.54608      0.00000
     -0.65000      3.86767      0.00000
     -0.64000      1.32226      0.00000
     -0.63000      0.26547      0.00000
     -0.62000      0.82881      0.00000
     -0.61000      2.82736      0.00000
     -0.60000      3.63346      0.00000
     -0.59000      1.94804      0.00000
     -0.58000      1.19348      0.00000
     -0.57000      1.24577      0.00000
     -0.56000      0.63701      0.00000
     -0.55000      0.33377      0.00000
     -0.54000      1.05619      0.00000
     -0.53000      2.13066      0.00000
     -0.52000      2.00455      0.00000
     -0.51000      1.45528      0.00000
     -0.50000      2.52544      0.00000
     -0.49000      3.90881      0.00000
     -0.48000      3.47985      0.00000
     -0.47000      1.66803      0.00000
     -0.46000      0.92648      0.00000
     -0.45000      2.62682      0.00000
     -0.44000      4.64786      0.00000
     -0.43000      3.83167      0.00000
     -0.42000      2.70529      0.00000
     -0.41000      2.61537      0.00000
     -0.40000      1.39934      0.00000
     -0.39000      0.49861      0.00000
     -0.38000      1.22065      0.00000
     -0.37000      2.44149      0.00000
     -0.36000      1.87296      0.00000
     -0.35000      0.98797      0.00000
     -0.34000      1.84888      0.00000
     -0.33000      2.45004      0.00000
     -0.32000      1.22628      0.00000
     -0.31000      0.22596      0.00000
     -0.30000      0.01532      0.00000
     -0.29000      0.00038      0.00000
     -0.28000      0.00000      0.00000
     -0.27000      0.00001      0.00000
     -0.26000      0.00093      0.00000
     -0.25000      0.02989      0.00000
     -0.24000      0.35499      0.00000
     -0.23000      1.55088      0.00000
     -0.22000      2.49258      0.00000
     -0.21000      1.47375      0.00000
     -0.20000      0.32056      0.00000
     -0.19000      0.02623      0.00000
     -0.18000      0.02416      0.00000
     -0.17000      0.34869      0.00000
     -0.16000      1.98768      0.00000
     -0.15000      4.86921      0.00000
     -0.14000      7.04354      0.00000
     -0.13000      7.61318      0.00000
     -0.12000      4.83117      0.00000
     -0.11000      1.84142      0.00000
     -0.10000      1.35719      0.00000
     -0.09000      1.29397      0.00000
     -0.08000      1.60386      0.00000
     -0.07000      3.45183      0.00000
     -0.06000      5.96260      0.00000
     -0.05000      6.45756      0.00000
     -0.04000      5.00400      0.00000
     -0.03000      3.53569      0.00000
     -0.02000      4.95709      0.00000
     -0.01000      8.08143      0.00000
     -0.00000      7.36170      0.00000
      0.01000      3.05657      0.00000
      0.02000      0.52983      0.00000
      0.03000      0.03677      0.00000
      0.04000      0.00100      0.00000
      0.05000      0.00002      0.00000
      0.06000      0.00113      0.00000
      0.07000      0.03479      0.00000
      0.08000      0.39241      0.00000
      0.09000      1.62843      0.00000
      0.10000      2.48606      0.00000
      0.11000      1.39875      0.00000
      0.12000      0.35868      0.00000
      0.13000      0.74093      0.00000
      0.14000      2.83200      0.00000
      0.15000      4.75851      0.00000
      0.16000      4.27694      0.00000
      0.17000      2.30878      0.00000
      0.18000      0.81617      0.00000
      0.19000      1.46471      0.00000
      0.20000      3.44821      0.00000
      0.21000      3.36987      0.00000
      0.22000      2.34374      0.00000
      0.23000      2.62841      0.00000
      0.24000      2.02840      0.00000
      0.25000      1.42452      0.00000
      0.26000      1.45860      0.00000
      0.27000      1.91303      0.00000
      0.28000      3.77770      0.00000
      0.29000      4.90238      0.00000
      0.30000      3.68956      0.00000
      0.31000      1.48485      0.00000
      0.32000      0.26358      0.00000
      0.33000      0.01833      0.00000
      0.34000      0.00048      0.00000
      0.35000      0.00003      0.00000
      0.36000      0.00174      0.00000
      0.37000      0.03988      0.00000
      0.38000      0.34380      0.00000
      0.39000      1.27098      0.00000
      0.40000      3.23611      0.00000
      0.41000      7.39383      0.00000
      0.42000      9.52761      0.00000
      0.43000      5.96371      0.00000
      0.44000      2.45752      0.00000
      0.45000      0.84265      0.00000
      0.46000      0.16803      0.00000
      0.47000      0.16051      0.00000
      0.48000      0.96793      0.00000
      0.49000      2.32328      0.00000
      0.50000      2.05221      0.00000
      0.51000      0.66688      0.00000
      0.52000      0.07972      0.00000
      0.53000      0.00351      0.00000
      0.54000      0.00006      0.00000
      0.55000      0.00000      0.00000
      0.56000      0.00009      0.00000
      0.57000      0.00518      0.00000
      0.58000      0.10662      0.00000
      0.59000      0.83100      0.00000
      0.60000      2.70728      0.00000
      0.61000      4.88616      0.00000
      0.62000      6.42676      0.00000
      0.63000      5.74131      0.00000
      0.64000      3.31474      0.00000
      0.65000      1.78366      0.00000
      0.66000      2.33896      0.00000
      0.67000      2.27993      0.00000
      0.68000      1.47796      0.00000
      0.69000      2.22340      0.00000
      0.70000      2.87650      0.00000
      0.71000      3.25794      0.00000
      0.72000      4.47036      0.00000
      0.73000      4.83722      0.00000
      0.74000      4.62284      0.00000
      0.75000      4.26754      0.00000
      0.76000      3.47253      0.00000
      0.77000      2.99454      0.00000
      0.78000      2.73368      0.00000
      0.79000      2.19411      0.00000
      0.80000      2.57893      0.00000
      0.81000      1.93705      0.00000
      0.82000      0.57744      0.00000
      0.83000      0.20498      0.00000
      0.84000      1.03303      0.00000
      0.85000      3.17309      0.00000
      0.86000      4.91999      0.00000
      0.87000      5.41702      0.00000
      0.88000      5.02734      0.00000
      0.89000      3.99356      0.00000
      0.90000      2.93699      0.00000
      0.91000      1.50959      0.00000
      0.92000      1.46917      0.00000
      0.93000      2.39567      0.00000
      0.94000      1.77539      0.00000
      0.95000      0.51709      0.00000
      0.96000      0.10969      0.00000
      0.97000      0.51165      0.00000
      0.98000      1.83923      0.00000
      0.99000      2.49975      0.00000
      1.00000      1.63493      0.00000
      1.01000      1.35301      0.00000
      1.02000      1.18722      0.00000
      1.03000      1.40210      0.00000
