Energy-E_F (eV)    DOS (1/eV)    PDOS (1/eV)  of atom type Tl 
     -4.99000      0.00000      0.00000
     -4.98000      0.00000      0.00000
     -4.97000      0.00000      0.00000
     -4.96000      0.00000      0.00000
     -4.95000      0.00000      0.00000
     -4.94000      0.00000      0.00000
     -4.93000      0.00000      0.00000
     -4.92000      0.00000      0.00000
     -4.91000     -0.00002      0.00000
     -4.90000     -0.00102      0.00000
     -4.89000     -0.02317      0.00000
     -4.88000     -0.19417      0.00000
     -4.87000     -0.59862      0.00000
     -4.86000     -0.67894      0.00000
     -4.85000     -0.28328      0.00000
     -4.84000     -0.04348      0.00000
     -4.83000     -0.00246      0.00000
     -4.82000     -0.00005      0.00000
     -4.81000      0.00000      0.00000
     -4.80000      0.00000      0.00000
     -4.79000      0.00000      0.00000
     -4.78000      0.00000      0.00000
     -4.77000      0.00000      0.00000
     -4.76000      0.00000      0.00000
     -4.75000      0.00000      0.00000
     -4.74000      0.00000      0.00000
     -4.73000      0.00000      0.00000
     -4.72000      0.00000      0.00000
     -4.71000      0.00000      0.00000
     -4.70000      0.00000      0.00000
     -4.69000      0.00000      0.00000
     -4.68000      0.00000      0.00000
     -4.67000      0.00000      0.00000
     -4.66000      0.00000      0.00000
     -4.65000      0.00000      0.00000
     -4.64000      0.00000      0.00000
     -4.63000      0.00002      0.00000
     -4.62000      0.00137      0.00000
     -4.61000      0.03336      0.00000
     -4.60000      0.29838      0.00000
     -4.59000      0.98186      0.00000
     -4.58000      1.18861      0.00000
     -4.57000      0.52934      0.00000
     -4.56000      0.08672      0.00000
     -4.55000      0.00523      0.00000
     -4.54000      0.00012      0.00000
     -4.53000      0.00000      0.00000
     -4.52000      0.00000      0.00000
     -4.51000      0.00000      0.00000
     -4.50000      0.00000      0.00000
     -4.49000      0.00062      0.00000
     -4.48000      0.02204      0.00000
     -4.47000      0.29040      0.00000
     -4.46000      1.43103      0.00000
     -4.45000      2.88408      0.00000
     -4.44000      3.49518      0.00000
     -4.43000      3.86405      0.00000
     -4.42000      2.67703      0.00000
     -4.41000      0.84305      0.00000
     -4.40000      0.11580      0.00000
     -4.39000      0.08132      0.00000
     -4.38000      0.48934      0.00000
     -4.37000      1.18721      0.00000
     -4.36000      1.25416      0.00000
     -4.35000      1.21117      0.00000
     -4.34000      1.26850      0.00000
     -4.33000      0.63249      0.00000
     -4.32000      0.12141      0.00000
     -4.31000      0.05727      0.00000
     -4.30000      0.37865      0.00000
     -4.29000      1.07514      0.00000
     -4.28000      1.12366      0.00000
     -4.27000      0.43203      0.00000
     -4.26000      0.06111      0.00000
     -4.25000      0.00318      0.00000
     -4.24000      0.00018      0.00000
     -4.23000      0.00528      0.00000
     -4.22000      0.08732      0.00000
     -4.21000      0.53139      0.00000
     -4.20000      1.18969      0.00000
     -4.19000      0.97985      0.00000
     -4.18000      0.29688      0.00000
     -4.17000      0.03309      0.00000
     -4.16000      0.00137      0.00000
     -4.15000      0.00102      0.00000
     -4.14000      0.03154      0.00000
     -4.13000      0.36785      0.00000
     -4.12000      1.57823      0.00000
     -4.11000      2.49102      0.00000
     -4.10000      1.44640      0.00000
     -4.09000      0.30911      0.00000
     -4.08000      0.03050      0.00000
     -4.07000      0.09854      0.00000
     -4.06000      0.56644      0.00000
     -4.05000      1.20648      0.00000
     -4.04000      0.94553      0.00000
     -4.03000      0.28140      0.00000
     -4.02000      0.18402      0.00000
     -4.01000      1.00428      0.00000
     -4.00000      2.56668      0.00000
     -3.99000      3.91419      0.00000
     -3.98000      6.95805      0.00000
     -3.97000      9.53228      0.00000
     -3.96000      7.48240      0.00000
     -3.95000      3.83235      0.00000
     -3.94000      1.56582      0.00000
     -3.93000      0.42556      0.00000
     -3.92000      0.05274      0.00000
     -3.91000      0.00254      0.00000
     -3.90000      0.00162      0.00000
     -3.89000      0.04442      0.00000
     -3.88000      0.46030      0.00000
     -3.87000      1.75477      0.00000
     -3.86000      2.46097      0.00000
     -3.85000      1.26969      0.00000
     -3.84000      0.24103      0.00000
     -3.83000      0.01917      0.00000
     -3.82000      0.04951      0.00000
     -3.81000      0.37878      0.00000
     -3.80000      1.07548      0.00000
     -3.79000      1.12336      0.00000
     -3.78000      0.43166      0.00000
     -3.77000      0.06102      0.00000
     -3.76000      0.00319      0.00000
     -3.75000      0.00119      0.00000
     -3.74000      0.03470      0.00000
     -3.73000      0.39176      0.00000
     -3.72000      1.62714      0.00000
     -3.71000      2.48650      0.00000
     -3.70000      1.41158      0.00000
     -3.69000      0.52598      0.00000
     -3.68000      1.50942      0.00000
     -3.67000      3.48348      0.00000
     -3.66000      3.04016      0.00000
     -3.65000      0.98822      0.00000
     -3.64000      0.12001      0.00000
     -3.63000      0.02531      0.00000
     -3.62000      0.27188      0.00000
     -3.61000      1.39266      0.00000
     -3.60000      3.03670      0.00000
     -3.59000      4.40059      0.00000
     -3.58000      5.35898      0.00000
     -3.57000      3.37983      0.00000
     -3.56000      1.03902      0.00000
     -3.55000      0.91645      0.00000
     -3.54000      1.24164      0.00000
     -3.53000      0.67246      0.00000
     -3.52000      0.13428      0.00000
     -3.51000      0.01204      0.00000
     -3.50000      0.05677      0.00000
     -3.49000      0.54395      0.00000
     -3.48000      2.01845      0.00000
     -3.47000      3.39349      0.00000
     -3.46000      3.84317      0.00000
     -3.45000      3.80809      0.00000
     -3.44000      3.69306      0.00000
     -3.43000      5.04795      0.00000
     -3.42000      7.41047      0.00000
     -3.41000      6.76631      0.00000
     -3.40000      4.46792      0.00000
     -3.39000      3.10427      0.00000
     -3.38000      2.98831      0.00000
     -3.37000      3.05207      0.00000
     -3.36000      3.02011      0.00000
     -3.35000      2.85858      0.00000
     -3.34000      2.79301      0.00000
     -3.33000      2.51310      0.00000
     -3.32000      1.43756      0.00000
     -3.31000      1.27694      0.00000
     -3.30000      1.10190      0.00000
     -3.29000      0.56392      0.00000
     -3.28000      1.17544      0.00000
     -3.27000      2.94571      0.00000
     -3.26000      4.19344      0.00000
     -3.25000      4.37234      0.00000
     -3.24000      3.40099      0.00000
     -3.23000      3.27498      0.00000
     -3.22000      4.67822      0.00000
     -3.21000      4.58721      0.00000
     -3.20000      2.39357      0.00000
     -3.19000      1.90159      0.00000
     -3.18000      3.09117      0.00000
     -3.17000      3.59561      0.00000
     -3.16000      3.66780      0.00000
     -3.15000      4.79669      0.00000
     -3.14000      6.85975      0.00000
     -3.13000      6.21913      0.00000
     -3.12000      3.29764      0.00000
     -3.11000      0.94218      0.00000
     -3.10000      0.44047      0.00000
     -3.09000      1.81038      0.00000
     -3.08000      3.84843      0.00000
     -3.07000      3.93781      0.00000
     -3.06000      3.38238      0.00000
     -3.05000      3.30930      0.00000
     -3.04000      4.61823      0.00000
     -3.03000      4.74088      0.00000
     -3.02000      2.91010      0.00000
     -3.01000      3.33984      0.00000
     -3.00000      3.50991      0.00000
     -2.99000      1.49659      0.00000
     -2.98000      0.27177      0.00000
     -2.97000      0.35159      0.00000
     -2.96000      1.36656      0.00000
     -2.95000      2.66442      0.00000
     -2.94000      4.37049      0.00000
     -2.93000      8.21414      0.00000
     -2.92000      9.84732      0.00000
     -2.91000      5.78391      0.00000
     -2.90000      1.56818      0.00000
     -2.89000      0.27686      0.00000
     -2.88000      0.74622      0.00000
     -2.87000      2.13846      0.00000
     -2.86000      2.38069      0.00000
     -2.85000      1.50833      0.00000
     -2.84000      1.35447      0.00000
     -2.83000      0.89604      0.00000
     -2.82000      0.23750      0.00000
     -2.81000      0.03526      0.00000
     -2.80000      0.19196      0.00000
     -2.79000      1.12345      0.00000
     -2.78000      2.51860      0.00000
     -2.77000      2.78570      0.00000
     -2.76000      3.32311      0.00000
     -2.75000      3.55478      0.00000
     -2.74000      1.75057      0.00000
     -2.73000      0.33955      0.00000
     -2.72000      0.02513      0.00000
     -2.71000      0.00070      0.00000
     -2.70000      0.00000      0.00000
     -2.69000      0.00000      0.00000
     -2.68000      0.00000      0.00000
     -2.67000      0.00000      0.00000
     -2.66000      0.00000      0.00000
     -2.65000      0.00009      0.00000
     -2.64000      0.00520      0.00000
     -2.63000      0.11211      0.00000
     -2.62000      0.93816      0.00000
     -2.61000      3.19319      0.00000
     -2.60000      4.81860      0.00000
     -2.59000      4.18596      0.00000
     -2.58000      3.71767      0.00000
     -2.57000      3.65974      0.00000
     -2.56000      3.10570      0.00000
     -2.55000      2.47132      0.00000
     -2.54000      3.36798      0.00000
     -2.53000      5.21830      0.00000
     -2.52000      7.26209      0.00000
     -2.51000      6.51912      0.00000
     -2.50000      3.34730      0.00000
     -2.49000      1.02665      0.00000
     -2.48000      0.22240      0.00000
     -2.47000      0.54826      0.00000
     -2.46000      1.87865      0.00000
     -2.45000      2.42887      0.00000
     -2.44000      1.31940      0.00000
     -2.43000      1.25952      0.00000
     -2.42000      2.39065      0.00000
     -2.41000      1.96287      0.00000
     -2.40000      0.59758      0.00000
     -2.39000      0.11346      0.00000
     -2.38000      0.47953      0.00000
     -2.37000      1.78465      0.00000
     -2.36000      2.49877      0.00000
     -2.35000      1.71035      0.00000
     -2.34000      1.99980      0.00000
     -2.33000      2.51556      0.00000
     -2.32000      1.61844      0.00000
     -2.31000      1.29407      0.00000
     -2.30000      1.15771      0.00000
     -2.29000      0.50163      0.00000
     -2.28000      0.55730      0.00000
     -2.27000      1.81064      0.00000
     -2.26000      2.44525      0.00000
     -2.25000      1.21716      0.00000
     -2.24000      0.22289      0.00000
     -2.23000      0.01502      0.00000
     -2.22000      0.00037      0.00000
     -2.21000      0.00000      0.00000
     -2.20000      0.00000      0.00000
     -2.19000      0.00000      0.00000
     -2.18000      0.00023      0.00000
     -2.17000      0.00888      0.00000
     -2.16000      0.12586      0.00000
     -2.15000      0.67766      0.00000
     -2.14000      1.61172      0.00000
     -2.13000      2.71048      0.00000
     -2.12000      3.77849      0.00000
     -2.11000      2.70788      0.00000
     -2.10000      0.78713      0.00000
     -2.09000      0.08793      0.00000
     -2.08000      0.00533      0.00000
     -2.07000      0.04541      0.00000
     -2.06000      0.46732      0.00000
     -2.05000      1.79601      0.00000
     -2.04000      2.90077      0.00000
     -2.03000      3.75953      0.00000
     -2.02000      6.21553      0.00000
     -2.01000      7.41771      0.00000
     -2.00000      5.75532      0.00000
     -1.99000      3.14017      0.00000
     -1.98000      2.60167      0.00000
     -1.97000      2.59142      0.00000
     -1.96000      2.32362      0.00000
     -1.95000      3.22589      0.00000
     -1.94000      2.98377      0.00000
     -1.93000      1.34634      0.00000
     -1.92000      0.33801      0.00000
     -1.91000      0.57275      0.00000
     -1.90000      1.90788      0.00000
     -1.89000      2.56708      0.00000
     -1.88000      1.87487      0.00000
     -1.87000      1.71893      0.00000
     -1.86000      2.17183      0.00000
     -1.85000      2.68753      0.00000
     -1.84000      1.95742      0.00000
     -1.83000      1.86831      0.00000
     -1.82000      3.22449      0.00000
     -1.81000      4.37008      0.00000
     -1.80000      4.93474      0.00000
     -1.79000      3.48974      0.00000
     -1.78000      1.77200      0.00000
     -1.77000      1.37783      0.00000
     -1.76000      0.77830      0.00000
     -1.75000      0.17593      0.00000
     -1.74000      0.01473      0.00000
     -1.73000      0.00045      0.00000
     -1.72000      0.00008      0.00000
     -1.71000      0.00440      0.00000
     -1.70000      0.09415      0.00000
     -1.69000      0.74835      0.00000
     -1.68000      2.31816      0.00000
     -1.67000      3.52683      0.00000
     -1.66000      4.41430      0.00000
     -1.65000      4.66120      0.00000
     -1.64000      3.82428      0.00000
     -1.63000      5.01987      0.00000
     -1.62000      6.41836      0.00000
     -1.61000      6.25722      0.00000
     -1.60000      6.71103      0.00000
     -1.59000      5.77606      0.00000
     -1.58000      3.62707      0.00000
     -1.57000      3.09016      0.00000
     -1.56000      3.29245      0.00000
     -1.55000      3.98409      0.00000
     -1.54000      5.48600      0.00000
     -1.53000      4.23361      0.00000
     -1.52000      1.34230      0.00000
     -1.51000      0.16251      0.00000
     -1.50000      0.00737      0.00000
     -1.49000      0.00012      0.00000
     -1.48000      0.00000      0.00000
     -1.47000      0.00082      0.00000
     -1.46000      0.02726      0.00000
     -1.45000      0.33390      0.00000
     -1.44000      1.50434      0.00000
     -1.43000      2.49335      0.00000
     -1.42000      1.52029      0.00000
     -1.41000      0.34102      0.00000
     -1.40000      0.02888      0.00000
     -1.39000      0.02736      0.00000
     -1.38000      0.36565      0.00000
     -1.37000      1.99036      0.00000
     -1.36000      4.52263      0.00000
     -1.35000      4.98155      0.00000
     -1.34000      3.81522      0.00000
     -1.33000      2.27807      0.00000
     -1.32000      0.91708      0.00000
     -1.31000      1.30416      0.00000
     -1.30000      2.44947      0.00000
     -1.29000      1.80671      0.00000
     -1.28000      0.49504      0.00000
     -1.27000      0.13752      0.00000
     -1.26000      0.71266      0.00000
     -1.25000      2.10223      0.00000
     -1.24000      2.28993      0.00000
     -1.23000      0.98604      0.00000
     -1.22000      0.75398      0.00000
     -1.21000      2.00062      0.00000
     -1.20000      2.36069      0.00000
     -1.19000      1.02840      0.00000
     -1.18000      0.16627      0.00000
     -1.17000      0.05145      0.00000
     -1.16000      0.44225      0.00000
     -1.15000      1.72289      0.00000
     -1.14000      2.48339      0.00000
     -1.13000      1.47434      0.00000
     -1.12000      1.02206      0.00000
     -1.11000      1.39053      0.00000
     -1.10000      1.78136      0.00000
     -1.09000      3.28356      0.00000
     -1.08000      3.53242      0.00000
     -1.07000      1.84204      0.00000
     -1.06000      1.33333      0.00000
     -1.05000      1.09109      0.00000
     -1.04000      0.41655      0.00000
     -1.03000      0.45373      0.00000
     -1.02000      1.84256      0.00000
     -1.01000      3.68787      0.00000
     -1.00000      3.85749      0.00000
     -0.99000      2.34779      0.00000
     -0.98000      1.77217      0.00000
     -0.97000      2.50636      0.00000
     -0.96000      1.77771      0.00000
     -0.95000      0.47438      0.00000
     -0.94000      0.09643      0.00000
     -0.93000      0.52640      0.00000
     -0.92000      2.20217      0.00000
     -0.91000      4.24129      0.00000
     -0.90000      4.76828      0.00000
     -0.89000      4.52549      0.00000
     -0.88000      4.93228      0.00000
     -0.87000      5.35201      0.00000
     -0.86000      4.67441      0.00000
     -0.85000      2.73329      0.00000
     -0.84000      1.56303      0.00000
     -0.83000      1.28015      0.00000
     -0.82000      0.78631      0.00000
     -0.81000      1.43172      0.00000
     -0.80000      3.16114      0.00000
     -0.79000      3.09422      0.00000
     -0.78000      1.42307      0.00000
     -0.77000      1.12539      0.00000
     -0.76000      2.71625      0.00000
     -0.75000      4.47732      0.00000
     -0.74000      5.98792      0.00000
     -0.73000      5.25632      0.00000
     -0.72000      2.19640      0.00000
     -0.71000      0.91311      0.00000
     -0.70000      1.23563      0.00000
     -0.69000      1.01947      0.00000
     -0.68000      1.16209      0.00000
     -0.67000      3.47100      0.00000
     -0.66000      4.91139      0.00000
     -0.65000      2.62162      0.00000
     -0.64000      0.70833      0.00000
     -0.63000      0.90203      0.00000
     -0.62000      1.79653      0.00000
     -0.61000      2.63705      0.00000
     -0.60000      2.84818      0.00000
     -0.59000      2.10822      0.00000
     -0.58000      1.38756      0.00000
     -0.57000      0.55191      0.00000
     -0.56000      0.09050      0.00000
     -0.55000      0.02055      0.00000
     -0.54000      0.17937      0.00000
     -0.53000      0.80787      0.00000
     -0.52000      1.60937      0.00000
     -0.51000      2.34549      0.00000
     -0.50000      3.12952      0.00000
     -0.49000      3.51080      0.00000
     -0.48000      3.97296      0.00000
     -0.47000      3.37526      0.00000
     -0.46000      3.10048      0.00000
     -0.45000      3.31364      0.00000
     -0.44000      3.16494      0.00000
     -0.43000      2.08780      0.00000
     -0.42000      0.93497      0.00000
     -0.41000      1.62034      0.00000
     -0.40000      2.95391      0.00000
     -0.39000      3.26478      0.00000
     -0.38000      2.80054      0.00000
     -0.37000      1.30674      0.00000
     -0.36000      0.34514      0.00000
     -0.35000      0.79139      0.00000
     -0.34000      2.16796      0.00000
     -0.33000      2.23188      0.00000
     -0.32000      0.84544      0.00000
     -0.31000      0.11781      0.00000
     -0.30000      0.00604      0.00000
     -0.29000      0.00011      0.00000
     -0.28000      0.00000      0.00000
     -0.27000      0.00009      0.00000
     -0.26000      0.00494      0.00000
     -0.25000      0.10202      0.00000
     -0.24000      0.77549      0.00000
     -0.23000      2.16858      0.00000
     -0.22000      2.23091      0.00000
     -0.21000      0.84430      0.00000
     -0.20000      0.11755      0.00000
     -0.19000      0.00729      0.00000
     -0.18000      0.04736      0.00000
     -0.17000      0.65182      0.00000
     -0.16000      3.37047      0.00000
     -0.15000      6.83165      0.00000
     -0.14000      6.30205      0.00000
     -0.13000      3.41407      0.00000
     -0.12000      1.17112      0.00000
     -0.11000      0.81176      0.00000
     -0.10000      2.29089      0.00000
     -0.09000      3.75379      0.00000
     -0.08000      3.40157      0.00000
     -0.07000      2.83223      0.00000
     -0.06000      4.00341      0.00000
     -0.05000      6.43496      0.00000
     -0.04000      8.90391      0.00000
     -0.03000      8.92853      0.00000
     -0.02000      6.22210      0.00000
     -0.01000      5.13774      0.00000
     -0.00000      4.35945      0.00000
      0.01000      1.96923      0.00000
      0.02000      0.38062      0.00000
      0.03000      0.02921      0.00000
      0.04000      0.00086      0.00000
      0.05000      0.00002      0.00000
      0.06000      0.00106      0.00000
      0.07000      0.03300      0.00000
      0.08000      0.37902      0.00000
      0.09000      1.60138      0.00000
      0.10000      2.48906      0.00000
      0.11000      1.42353      0.00000
      0.12000      0.31178      0.00000
      0.13000      0.22508      0.00000
      0.14000      1.28029      0.00000
      0.15000      3.45386      0.00000
      0.16000      4.68308      0.00000
      0.17000      3.74776      0.00000
      0.18000      2.01037      0.00000
      0.19000      2.03295      0.00000
      0.20000      4.40447      0.00000
      0.21000      5.33411      0.00000
      0.22000      3.13293      0.00000
      0.23000      0.85572      0.00000
      0.24000      0.13950      0.00000
      0.25000      0.35819      0.00000
      0.26000      1.20182      0.00000
      0.27000      1.91074      0.00000
      0.28000      1.72826      0.00000
      0.29000      0.94608      0.00000
      0.30000      1.04932      0.00000
      0.31000      2.69430      0.00000
      0.32000      3.93603      0.00000
      0.33000      3.25218      0.00000
      0.34000      1.43734      0.00000
      0.35000      0.68675      0.00000
      0.36000      1.15190      0.00000
      0.37000      1.14472      0.00000
      0.38000      0.86670      0.00000
      0.39000      1.25171      0.00000
      0.40000      1.53299      0.00000
      0.41000      3.23217      0.00000
      0.42000      6.83111      0.00000
      0.43000      7.63373      0.00000
      0.44000      4.94811      0.00000
      0.45000      1.82667      0.00000
      0.46000      0.31714      0.00000
      0.47000      0.02302      0.00000
      0.48000      0.02179      0.00000
      0.49000      0.28181      0.00000
      0.50000      1.37936      0.00000
      0.51000      2.48372      0.00000
      0.52000      1.64526      0.00000
      0.53000      0.40093      0.00000
      0.54000      0.03594      0.00000
      0.55000      0.00119      0.00000
      0.56000      0.00001      0.00000
      0.57000      0.00000      0.00000
      0.58000      0.00002      0.00000
      0.59000      0.00196      0.00000
      0.60000      0.05911      0.00000
      0.61000      0.68670      0.00000
      0.62000      3.18818      0.00000
      0.63000      6.44799      0.00000
      0.64000      6.96817      0.00000
      0.65000      5.76792      0.00000
      0.66000      4.54603      0.00000
      0.67000      2.67736      0.00000
      0.68000      0.80500      0.00000
      0.69000      0.15673      0.00000
      0.70000      0.62150      0.00000
      0.71000      2.59505      0.00000
      0.72000      4.78784      0.00000
      0.73000      5.00877      0.00000
      0.74000      5.09761      0.00000
      0.75000      6.41795      0.00000
      0.76000      5.25239      0.00000
      0.77000      3.19528      0.00000
      0.78000      2.78081      0.00000
      0.79000      2.09619      0.00000
      0.80000      2.33981      0.00000
      0.81000      2.35674      0.00000
      0.82000      0.98537      0.00000
      0.83000      0.19412      0.00000
      0.84000      0.41651      0.00000
      0.85000      1.70420      0.00000
      0.86000      3.24822      0.00000
      0.87000      2.80623      0.00000
      0.88000      1.13283      0.00000
      0.89000      1.06917      0.00000
      0.90000      3.12432      0.00000
      0.91000      5.46708      0.00000
      0.92000      6.76805      0.00000
      0.93000      5.75535      0.00000
      0.94000      2.41234      0.00000
      0.95000      0.40967      0.00000
      0.96000      0.04705      0.00000
      0.97000      0.27835      0.00000
      0.98000      1.36891      0.00000
      0.99000      2.48373      0.00000
      1.00000      1.69314      0.00000
      1.01000      0.73708      0.00000
      1.02000      1.25367      0.00000
      1.03000      2.56672      0.00000
