Energy-E_F (eV)    DOS (1/eV)    PDOS (1/eV)  of atom type Hf 
     -4.99000      0.95195      0.95195
     -4.98000      0.55350      0.55350
     -4.97000      0.36864      0.36864
     -4.96000      0.37010      0.37010
     -4.95000      0.41050      0.41050
     -4.94000      0.52460      0.52460
     -4.93000      0.76666      0.76666
     -4.92000      0.70954      0.70954
     -4.91000      0.52791      0.52791
     -4.90000      0.44847      0.44847
     -4.89000      0.47723      0.47723
     -4.88000      0.54758      0.54758
     -4.87000      0.42648      0.42648
     -4.86000      0.45651      0.45651
     -4.85000      0.71634      0.71634
     -4.84000      1.14963      1.14963
     -4.83000      1.75467      1.75467
     -4.82000      2.84073      2.84073
     -4.81000      3.72557      3.72557
     -4.80000      3.47182      3.47182
     -4.79000      3.48586      3.48586
     -4.78000      3.56728      3.56728
     -4.77000      2.57823      2.57823
     -4.76000      1.37166      1.37166
     -4.75000      1.00264      1.00264
     -4.74000      1.40945      1.40945
     -4.73000      2.04258      2.04258
     -4.72000      1.96311      1.96311
     -4.71000      1.38858      1.38858
     -4.70000      1.06102      1.06102
     -4.69000      0.78372      0.78372
     -4.68000      0.34972      0.34972
     -4.67000      0.37289      0.37289
     -4.66000      1.05197      1.05197
     -4.65000      1.64241      1.64241
     -4.64000      1.79669      1.79669
     -4.63000      1.71412      1.71412
     -4.62000      1.37366      1.37366
     -4.61000      1.22071      1.22071
     -4.60000      0.94083      0.94083
     -4.59000      0.74789      0.74789
     -4.58000      0.92337      0.92337
     -4.57000      1.04833      1.04833
     -4.56000      1.18890      1.18890
     -4.55000      1.31092      1.31092
     -4.54000      1.12066      1.12066
     -4.53000      1.23911      1.23911
     -4.52000      1.41359      1.41359
     -4.51000      1.31919      1.31919
     -4.50000      1.75125      1.75125
     -4.49000      2.35477      2.35477
     -4.48000      2.20421      2.20421
     -4.47000      1.58166      1.58166
     -4.46000      1.36492      1.36492
     -4.45000      1.80887      1.80887
     -4.44000      2.38846      2.38846
     -4.43000      2.52482      2.52482
     -4.42000      1.84272      1.84272
     -4.41000      1.20905      1.20905
     -4.40000      1.05638      1.05638
     -4.39000      0.76106      0.76106
     -4.38000      0.34369      0.34369
     -4.37000      0.25509      0.25509
     -4.36000      0.70387      0.70387
     -4.35000      1.44388      1.44388
     -4.34000      1.84709      1.84709
     -4.33000      1.55154      1.55154
     -4.32000      1.13606      1.13606
     -4.31000      1.19787      1.19787
     -4.30000      1.28164      1.28164
     -4.29000      1.01100      1.01100
     -4.28000      0.70746      0.70746
     -4.27000      0.59082      0.59082
     -4.26000      1.01203      1.01203
     -4.25000      1.82478      1.82478
     -4.24000      1.93601      1.93601
     -4.23000      1.46602      1.46602
     -4.22000      1.37928      1.37928
     -4.21000      1.89104      1.89104
     -4.20000      2.34697      2.34697
     -4.19000      1.95849      1.95849
     -4.18000      1.43814      1.43814
     -4.17000      1.20518      1.20518
     -4.16000      1.12168      1.12168
     -4.15000      1.22355      1.22355
     -4.14000      1.19803      1.19803
     -4.13000      0.84670      0.84670
     -4.12000      0.52838      0.52838
     -4.11000      0.59760      0.59760
     -4.10000      0.86594      0.86594
     -4.09000      0.95705      0.95705
     -4.08000      0.67199      0.67199
     -4.07000      0.59163      0.59163
     -4.06000      0.99600      0.99600
     -4.05000      1.50312      1.50312
     -4.04000      1.24032      1.24032
     -4.03000      0.70923      0.70923
     -4.02000      0.69448      0.69448
     -4.01000      1.13741      1.13741
     -4.00000      1.84639      1.84639
     -3.99000      2.39028      2.39028
     -3.98000      2.67462      2.67462
     -3.97000      2.60121      2.60121
     -3.96000      2.20210      2.20210
     -3.95000      1.80802      1.80802
     -3.94000      1.86153      1.86153
     -3.93000      2.32778      2.32778
     -3.92000      2.02353      2.02353
     -3.91000      1.21679      1.21679
     -3.90000      1.04468      1.04468
     -3.89000      1.73419      1.73419
     -3.88000      2.52628      2.52628
     -3.87000      2.38170      2.38170
     -3.86000      2.13130      2.13130
     -3.85000      2.41914      2.41914
     -3.84000      2.28986      2.28986
     -3.83000      1.83556      1.83556
     -3.82000      1.39258      1.39258
     -3.81000      0.91954      0.91954
     -3.80000      0.61496      0.61496
     -3.79000      0.69577      0.69577
     -3.78000      1.06885      1.06885
     -3.77000      1.27342      1.27342
     -3.76000      1.45005      1.45005
     -3.75000      1.64085      1.64085
     -3.74000      1.64260      1.64260
     -3.73000      1.34054      1.34054
     -3.72000      1.00816      1.00816
     -3.71000      1.13516      1.13516
     -3.70000      1.68307      1.68307
     -3.69000      1.86259      1.86259
     -3.68000      1.70617      1.70617
     -3.67000      1.75564      1.75564
     -3.66000      1.51250      1.51250
     -3.65000      1.41839      1.41839
     -3.64000      1.52471      1.52471
     -3.63000      1.43869      1.43869
     -3.62000      1.63095      1.63095
     -3.61000      2.00012      2.00012
     -3.60000      2.05589      2.05589
     -3.59000      2.01421      2.01421
     -3.58000      1.94052      1.94052
     -3.57000      1.74122      1.74122
     -3.56000      1.64327      1.64327
     -3.55000      1.52172      1.52172
     -3.54000      1.22260      1.22260
     -3.53000      0.94319      0.94319
     -3.52000      0.83145      0.83145
     -3.51000      1.07459      1.07459
     -3.50000      1.62733      1.62733
     -3.49000      2.19176      2.19176
     -3.48000      2.71668      2.71668
     -3.47000      2.40237      2.40237
     -3.46000      1.71483      1.71483
     -3.45000      1.43331      1.43331
     -3.44000      1.21907      1.21907
     -3.43000      1.02112      1.02112
     -3.42000      1.18822      1.18822
     -3.41000      1.51917      1.51917
     -3.40000      1.58676      1.58676
     -3.39000      1.37414      1.37414
     -3.38000      1.39310      1.39310
     -3.37000      1.57780      1.57780
     -3.36000      1.82201      1.82201
     -3.35000      2.27086      2.27086
     -3.34000      3.05518      3.05518
     -3.33000      3.30055      3.30055
     -3.32000      2.95126      2.95126
     -3.31000      3.11466      3.11466
     -3.30000      3.06016      3.06016
     -3.29000      2.19586      2.19586
     -3.28000      1.78651      1.78651
     -3.27000      1.95333      1.95333
     -3.26000      2.06289      2.06289
     -3.25000      1.77983      1.77983
     -3.24000      1.59208      1.59208
     -3.23000      2.22315      2.22315
     -3.22000      2.66653      2.66653
     -3.21000      2.00302      2.00302
     -3.20000      1.25946      1.25946
     -3.19000      1.31608      1.31608
     -3.18000      1.47331      1.47331
     -3.17000      1.23748      1.23748
     -3.16000      1.29240      1.29240
     -3.15000      1.47638      1.47638
     -3.14000      1.25765      1.25765
     -3.13000      1.11396      1.11396
     -3.12000      1.30220      1.30220
     -3.11000      1.91297      1.91297
     -3.10000      2.48374      2.48374
     -3.09000      2.78585      2.78585
     -3.08000      3.03552      3.03552
     -3.07000      2.90414      2.90414
     -3.06000      2.25310      2.25310
     -3.05000      1.56432      1.56432
     -3.04000      1.22117      1.22117
     -3.03000      1.36184      1.36184
     -3.02000      1.35210      1.35210
     -3.01000      0.86689      0.86689
     -3.00000      0.74166      0.74166
     -2.99000      1.12106      1.12106
     -2.98000      1.42522      1.42522
     -2.97000      1.50061      1.50061
     -2.96000      0.98213      0.98213
     -2.95000      0.30465      0.30465
     -2.94000      0.21439      0.21439
     -2.93000      0.75099      0.75099
     -2.92000      1.62706      1.62706
     -2.91000      2.02224      2.02224
     -2.90000      1.52462      1.52462
     -2.89000      1.05919      1.05919
     -2.88000      1.36875      1.36875
     -2.87000      2.03528      2.03528
     -2.86000      2.16694      2.16694
     -2.85000      1.90073      1.90073
     -2.84000      1.90969      1.90969
     -2.83000      1.77263      1.77263
     -2.82000      1.41410      1.41410
     -2.81000      1.10557      1.10557
     -2.80000      1.24910      1.24910
     -2.79000      1.92906      1.92906
     -2.78000      2.34649      2.34649
     -2.77000      2.14897      2.14897
     -2.76000      1.82904      1.82904
     -2.75000      1.33996      1.33996
     -2.74000      1.15484      1.15484
     -2.73000      1.71468      1.71468
     -2.72000      2.31568      2.31568
     -2.71000      2.56745      2.56745
     -2.70000      2.16793      2.16793
     -2.69000      1.62411      1.62411
     -2.68000      1.95101      1.95101
     -2.67000      2.99002      2.99002
     -2.66000      3.30778      3.30778
     -2.65000      2.90325      2.90325
     -2.64000      2.62396      2.62396
     -2.63000      2.12339      2.12339
     -2.62000      1.59891      1.59891
     -2.61000      1.51718      1.51718
     -2.60000      1.60419      1.60419
     -2.59000      1.84289      1.84289
     -2.58000      1.59120      1.59120
     -2.57000      1.37257      1.37257
     -2.56000      2.06470      2.06470
     -2.55000      2.72365      2.72365
     -2.54000      2.99438      2.99438
     -2.53000      2.93230      2.93230
     -2.52000      2.11694      2.11694
     -2.51000      1.45706      1.45706
     -2.50000      1.31810      1.31810
     -2.49000      1.55261      1.55261
     -2.48000      2.25893      2.25893
     -2.47000      2.88919      2.88919
     -2.46000      3.85720      3.85720
     -2.45000      4.23615      4.23615
     -2.44000      3.22072      3.22072
     -2.43000      2.41102      2.41102
     -2.42000      2.51001      2.51001
     -2.41000      3.11047      3.11047
     -2.40000      3.00530      3.00530
     -2.39000      2.63944      2.63944
     -2.38000      2.61232      2.61232
     -2.37000      2.91516      2.91516
     -2.36000      2.83995      2.83995
     -2.35000      2.19099      2.19099
     -2.34000      1.87427      1.87427
     -2.33000      2.01862      2.01862
     -2.32000      2.87449      2.87449
     -2.31000      3.40374      3.40374
     -2.30000      2.70523      2.70523
     -2.29000      2.01409      2.01409
     -2.28000      1.88123      1.88123
     -2.27000      2.24142      2.24142
     -2.26000      2.92395      2.92395
     -2.25000      3.63162      3.63162
     -2.24000      3.57808      3.57808
     -2.23000      2.59404      2.59404
     -2.22000      1.88017      1.88017
     -2.21000      2.03366      2.03366
     -2.20000      2.39094      2.39094
     -2.19000      2.35660      2.35660
     -2.18000      2.32289      2.32289
     -2.17000      2.72421      2.72421
     -2.16000      2.98595      2.98595
     -2.15000      3.28787      3.28787
     -2.14000      3.59950      3.59950
     -2.13000      3.11594      3.11594
     -2.12000      2.76020      2.76020
     -2.11000      3.80934      3.80934
     -2.10000      4.98557      4.98557
     -2.09000      4.69096      4.69096
     -2.08000      4.37077      4.37077
     -2.07000      4.73926      4.73926
     -2.06000      4.75998      4.75998
     -2.05000      3.47262      3.47262
     -2.04000      2.38473      2.38473
     -2.03000      2.55268      2.55268
     -2.02000      2.66927      2.66927
     -2.01000      2.39187      2.39187
     -2.00000      2.30644      2.30644
     -1.99000      2.80362      2.80362
     -1.98000      3.15510      3.15510
     -1.97000      2.84973      2.84973
     -1.96000      2.53185      2.53185
     -1.95000      2.41258      2.41258
     -1.94000      2.34435      2.34435
     -1.93000      3.24527      3.24527
     -1.92000      4.25761      4.25761
     -1.91000      4.28128      4.28128
     -1.90000      4.27232      4.27232
     -1.89000      3.93172      3.93172
     -1.88000      3.17892      3.17892
     -1.87000      2.71395      2.71395
     -1.86000      2.05148      2.05148
     -1.85000      2.11875      2.11875
     -1.84000      3.15812      3.15812
     -1.83000      3.29415      3.29415
     -1.82000      3.01287      3.01287
     -1.81000      3.44643      3.44643
     -1.80000      4.15316      4.15316
     -1.79000      4.20444      4.20444
     -1.78000      2.81274      2.81274
     -1.77000      1.41417      1.41417
     -1.76000      1.48473      1.48473
     -1.75000      2.07958      2.07958
     -1.74000      1.92309      1.92309
     -1.73000      1.39841      1.39841
     -1.72000      0.85191      0.85191
     -1.71000      0.38309      0.38309
     -1.70000      0.29780      0.29780
     -1.69000      0.62307      0.62307
     -1.68000      1.05131      1.05131
     -1.67000      1.42228      1.42228
     -1.66000      1.63199      1.63199
     -1.65000      1.60995      1.60995
     -1.64000      1.56215      1.56215
     -1.63000      1.59651      1.59651
     -1.62000      2.01155      2.01155
     -1.61000      2.25807      2.25807
     -1.60000      1.58401      1.58401
     -1.59000      0.88042      0.88042
     -1.58000      0.72684      0.72684
     -1.57000      0.74528      0.74528
     -1.56000      0.73825      0.73825
     -1.55000      0.69452      0.69452
     -1.54000      0.64240      0.64240
     -1.53000      0.70880      0.70880
     -1.52000      0.82931      0.82931
     -1.51000      1.18629      1.18629
     -1.50000      1.48735      1.48735
     -1.49000      1.06766      1.06766
     -1.48000      0.72578      0.72578
     -1.47000      1.19920      1.19920
     -1.46000      1.78198      1.78198
     -1.45000      1.58696      1.58696
     -1.44000      1.27017      1.27017
     -1.43000      1.38400      1.38400
     -1.42000      1.32927      1.32927
     -1.41000      1.23445      1.23445
     -1.40000      1.55987      1.55987
     -1.39000      1.59620      1.59620
     -1.38000      1.10107      1.10107
     -1.37000      0.94100      0.94100
     -1.36000      1.07189      1.07189
     -1.35000      1.16228      1.16228
     -1.34000      1.11646      1.11646
     -1.33000      1.02947      1.02947
     -1.32000      1.32044      1.32044
     -1.31000      2.11042      2.11042
     -1.30000      2.65918      2.65918
     -1.29000      2.52189      2.52189
     -1.28000      2.05049      2.05049
     -1.27000      1.50273      1.50273
     -1.26000      1.07466      1.07466
     -1.25000      0.86191      0.86191
     -1.24000      0.91787      0.91787
     -1.23000      1.01192      1.01192
     -1.22000      1.11667      1.11667
     -1.21000      1.18840      1.18840
     -1.20000      1.11796      1.11796
     -1.19000      1.21647      1.21647
     -1.18000      1.41810      1.41810
     -1.17000      1.44522      1.44522
     -1.16000      1.60089      1.60089
     -1.15000      1.57442      1.57442
     -1.14000      1.07882      1.07882
     -1.13000      0.82367      0.82367
     -1.12000      0.85422      0.85422
     -1.11000      0.74852      0.74852
     -1.10000      0.54226      0.54226
     -1.09000      1.03399      1.03399
     -1.08000      2.12927      2.12927
     -1.07000      3.07930      3.07930
     -1.06000      3.14712      3.14712
     -1.05000      2.69638      2.69638
     -1.04000      2.64099      2.64099
     -1.03000      2.37064      2.37064
     -1.02000      1.51210      1.51210
     -1.01000      1.39944      1.39944
     -1.00000      1.90647      1.90647
     -0.99000      1.91263      1.91263
     -0.98000      2.18076      2.18076
     -0.97000      2.90020      2.90020
     -0.96000      3.02123      3.02123
     -0.95000      2.88790      2.88790
     -0.94000      3.27699      3.27699
     -0.93000      4.09525      4.09525
     -0.92000      3.75575      3.75575
     -0.91000      2.82854      2.82854
     -0.90000      3.02896      3.02896
     -0.89000      3.48982      3.48982
     -0.88000      3.75555      3.75555
     -0.87000      4.48836      4.48836
     -0.86000      4.84332      4.84332
     -0.85000      4.39432      4.39432
     -0.84000      3.88200      3.88200
     -0.83000      3.91101      3.91101
     -0.82000      3.86720      3.86720
     -0.81000      3.24632      3.24632
     -0.80000      2.93381      2.93381
     -0.79000      3.01807      3.01807
     -0.78000      2.94456      2.94456
     -0.77000      2.56722      2.56722
     -0.76000      2.58701      2.58701
     -0.75000      3.21561      3.21561
     -0.74000      3.79855      3.79855
     -0.73000      3.52941      3.52941
     -0.72000      2.96461      2.96461
     -0.71000      2.92742      2.92742
     -0.70000      3.14301      3.14301
     -0.69000      3.63447      3.63447
     -0.68000      4.03628      4.03628
     -0.67000      3.82666      3.82666
     -0.66000      3.66144      3.66144
     -0.65000      3.55374      3.55374
     -0.64000      3.64735      3.64735
     -0.63000      3.82829      3.82829
     -0.62000      3.50191      3.50191
     -0.61000      2.98257      2.98257
     -0.60000      2.96929      2.96929
     -0.59000      3.10505      3.10505
     -0.58000      2.62838      2.62838
     -0.57000      2.53542      2.53542
     -0.56000      3.13688      3.13688
     -0.55000      2.99902      2.99902
     -0.54000      2.20507      2.20507
     -0.53000      2.34141      2.34141
     -0.52000      2.80413      2.80413
     -0.51000      2.97000      2.97000
     -0.50000      2.91667      2.91667
     -0.49000      3.00690      3.00690
     -0.48000      3.37040      3.37040
     -0.47000      3.77411      3.77411
     -0.46000      4.18172      4.18172
     -0.45000      4.05967      4.05967
     -0.44000      3.85037      3.85037
     -0.43000      3.46100      3.46100
     -0.42000      2.78823      2.78823
     -0.41000      2.85865      2.85865
     -0.40000      3.25315      3.25315
     -0.39000      3.41966      3.41966
     -0.38000      3.49076      3.49076
     -0.37000      3.85759      3.85759
     -0.36000      4.31193      4.31193
     -0.35000      4.22368      4.22368
     -0.34000      3.50784      3.50784
     -0.33000      3.66887      3.66887
     -0.32000      5.24910      5.24910
     -0.31000      5.61918      5.61918
     -0.30000      4.00670      4.00670
     -0.29000      2.33607      2.33607
     -0.28000      1.78853      1.78853
     -0.27000      2.21629      2.21629
     -0.26000      2.67629      2.67629
     -0.25000      2.91183      2.91183
     -0.24000      3.13888      3.13888
     -0.23000      3.22546      3.22546
     -0.22000      2.90337      2.90337
     -0.21000      2.90614      2.90614
     -0.20000      3.29446      3.29446
     -0.19000      3.56694      3.56694
     -0.18000      3.67659      3.67659
     -0.17000      3.30933      3.30933
     -0.16000      2.83614      2.83614
     -0.15000      2.72809      2.72809
     -0.14000      2.65576      2.65576
     -0.13000      2.74183      2.74183
     -0.12000      3.44980      3.44980
     -0.11000      3.74170      3.74170
     -0.10000      3.08442      3.08442
     -0.09000      2.77464      2.77464
     -0.08000      2.86159      2.86159
     -0.07000      2.79092      2.79092
     -0.06000      3.02388      3.02388
     -0.05000      3.63754      3.63754
     -0.04000      4.16448      4.16448
     -0.03000      3.84969      3.84969
     -0.02000      3.39124      3.39124
     -0.01000      3.42925      3.42925
      0.00000      3.52811      3.52811
      0.01000      2.98683      2.98683
      0.02000      2.43909      2.43909
      0.03000      2.48758      2.48758
      0.04000      2.54454      2.54454
      0.05000      2.52161      2.52161
      0.06000      2.93579      2.93579
      0.07000      3.37176      3.37176
      0.08000      3.02427      3.02427
      0.09000      2.93620      2.93620
      0.10000      3.29717      3.29717
      0.11000      2.97495      2.97495
      0.12000      2.76179      2.76179
      0.13000      3.15613      3.15613
      0.14000      3.38893      3.38893
      0.15000      3.29934      3.29934
      0.16000      3.31500      3.31500
      0.17000      3.48665      3.48665
      0.18000      3.33819      3.33819
      0.19000      2.58204      2.58204
      0.20000      2.04607      2.04607
      0.21000      2.13706      2.13706
      0.22000      2.27428      2.27428
      0.23000      2.33626      2.33626
      0.24000      2.38288      2.38288
      0.25000      2.70175      2.70175
      0.26000      3.01466      3.01466
      0.27000      2.65046      2.65046
      0.28000      2.36703      2.36703
      0.29000      2.57972      2.57972
      0.30000      2.97332      2.97332
      0.31000      2.72971      2.72971
      0.32000      2.16480      2.16480
      0.33000      1.92123      1.92123
      0.34000      2.01865      2.01865
      0.35000      2.40467      2.40467
      0.36000      2.97391      2.97391
      0.37000      3.50966      3.50966
      0.38000      3.97839      3.97839
      0.39000      4.02680      4.02680
      0.40000      3.86816      3.86816
      0.41000      3.68396      3.68396
      0.42000      3.24840      3.24840
      0.43000      3.32980      3.32980
      0.44000      4.16225      4.16225
      0.45000      4.86106      4.86106
      0.46000      4.56305      4.56305
      0.47000      3.76099      3.76099
      0.48000      2.95519      2.95519
      0.49000      2.52368      2.52368
      0.50000      2.71157      2.71157
      0.51000      2.88256      2.88256
      0.52000      2.79645      2.79645
      0.53000      2.23579      2.23579
      0.54000      1.78067      1.78067
      0.55000      2.33630      2.33630
      0.56000      2.78132      2.78132
      0.57000      2.51027      2.51027
      0.58000      2.31354      2.31354
      0.59000      2.28016      2.28016
      0.60000      2.62581      2.62581
      0.61000      2.59158      2.59158
      0.62000      1.88708      1.88708
      0.63000      1.74629      1.74629
      0.64000      2.31174      2.31174
      0.65000      2.58930      2.58930
      0.66000      2.25679      2.25679
      0.67000      1.93597      1.93597
      0.68000      1.71902      1.71902
      0.69000      1.35440      1.35440
      0.70000      1.38735      1.38735
      0.71000      1.55766      1.55766
      0.72000      1.80242      1.80242
      0.73000      2.76221      2.76221
      0.74000      3.25040      3.25040
      0.75000      2.47118      2.47118
      0.76000      1.99348      1.99348
      0.77000      2.84886      2.84886
      0.78000      3.43957      3.43957
      0.79000      2.61569      2.61569
      0.80000      1.83865      1.83865
      0.81000      1.56964      1.56964
      0.82000      1.25400      1.25400
      0.83000      0.86566      0.86566
      0.84000      0.84116      0.84116
      0.85000      1.22441      1.22441
      0.86000      1.34876      1.34876
      0.87000      1.30393      1.30393
      0.88000      0.87901      0.87901
      0.89000      0.65598      0.65598
      0.90000      1.00596      1.00596
      0.91000      1.26265      1.26265
      0.92000      1.68637      1.68637
      0.93000      2.19795      2.19795
      0.94000      2.07007      2.07007
      0.95000      1.46319      1.46319
      0.96000      1.24249      1.24249
      0.97000      1.35533      1.35533
      0.98000      1.21672      1.21672
      0.99000      0.82287      0.82287
      1.00000      0.73060      0.73060
      1.01000      0.86957      0.86957
      1.02000      0.85068      0.85068
      1.03000      1.08076      1.08076
      1.04000      1.61278      1.61278
      1.05000      1.89456      1.89456
      1.06000      1.78165      1.78165
      1.07000      1.48895      1.48895
      1.08000      1.09016      1.09016
      1.09000      0.87512      0.87512
      1.10000      0.74431      0.74431
      1.11000      0.46974      0.46974
      1.12000      0.64025      0.64025
      1.13000      1.19935      1.19935
      1.14000      1.48148      1.48148
      1.15000      1.37580      1.37580
      1.16000      1.37929      1.37929
      1.17000      1.23819      1.23819
      1.18000      1.29308      1.29308
      1.19000      2.09441      2.09441
      1.20000      3.02546      3.02546
      1.21000      3.41806      3.41806
      1.22000      2.81279      2.81279
      1.23000      2.14944      2.14944
      1.24000      1.87755      1.87755
      1.25000      1.07765      1.07765
      1.26000      0.29332      0.29332
      1.27000      0.11977      0.11977
      1.28000      0.21704      0.21704
      1.29000      0.37052      0.37052
      1.30000      0.76170      0.76170
      1.31000      1.22804      1.22804
      1.32000      1.61479      1.61479
      1.33000      1.70974      1.70974
      1.34000      1.29714      1.29714
      1.35000      1.00100      1.00100
      1.36000      0.94603      0.94603
      1.37000      1.11246      1.11246
      1.38000      0.96824      0.96824
      1.39000      0.59346      0.59346
      1.40000      0.66633      0.66633
      1.41000      1.53582      1.53582
      1.42000      2.19865      2.19865
      1.43000      1.77907      1.77907
      1.44000      1.27253      1.27253
      1.45000      1.11429      1.11429
      1.46000      0.91948      0.91948
      1.47000      1.02853      1.02853
      1.48000      1.38743      1.38743
      1.49000      1.31098      1.31098
      1.50000      0.93280      0.93280
      1.51000      0.89758      0.89758
      1.52000      1.10679      1.10679
      1.53000      1.32557      1.32557
      1.54000      1.52044      1.52044
      1.55000      1.69268      1.69268
      1.56000      1.54726      1.54726
      1.57000      1.27567      1.27567
      1.58000      0.97058      0.97058
      1.59000      0.99502      0.99502
      1.60000      1.64719      1.64719
      1.61000      1.69577      1.69577
      1.62000      0.86067      0.86067
      1.63000      0.59159      0.59159
      1.64000      0.96496      0.96496
      1.65000      1.02522      1.02522
      1.66000      0.92175      0.92175
      1.67000      0.91873      0.91873
      1.68000      1.01340      1.01340
      1.69000      1.40215      1.40215
      1.70000      1.27733      1.27733
      1.71000      0.67492      0.67492
      1.72000      0.58872      0.58872
      1.73000      1.13469      1.13469
      1.74000      1.50980      1.50980
      1.75000      1.64602      1.64602
      1.76000      1.70021      1.70021
      1.77000      1.56655      1.56655
      1.78000      1.56727      1.56727
      1.79000      1.35749      1.35749
      1.80000      0.80277      0.80277
      1.81000      0.54185      0.54185
      1.82000      0.62480      0.62480
      1.83000      1.17485      1.17485
      1.84000      2.02676      2.02676
      1.85000      2.87827      2.87827
      1.86000      2.84148      2.84148
      1.87000      1.97660      1.97660
      1.88000      1.16437      1.16437
      1.89000      0.81365      0.81365
      1.90000      0.81956      0.81956
      1.91000      0.98721      0.98721
      1.92000      1.31447      1.31447
      1.93000      1.43875      1.43875
      1.94000      1.31898      1.31898
      1.95000      1.09044      1.09044
      1.96000      0.75465      0.75465
      1.97000      0.97250      0.97250
      1.98000      1.75449      1.75449
      1.99000      1.88508      1.88508
      2.00000      1.47705      1.47705
      2.01000      1.52901      1.52901
      2.02000      1.59703      1.59703
      2.03000      1.29088      1.29088
      2.04000      0.92135      0.92135
      2.05000      0.64361      0.64361
      2.06000      0.85124      0.85124
      2.07000      1.08233      1.08233
      2.08000      1.01912      1.01912
      2.09000      0.91013      0.91013
      2.10000      0.85470      0.85470
      2.11000      1.07403      1.07403
      2.12000      1.23150      1.23150
      2.13000      0.91108      0.91108
      2.14000      0.77652      0.77652
      2.15000      1.03445      1.03445
      2.16000      0.89541      0.89541
      2.17000      0.59719      0.59719
      2.18000      0.60905      0.60905
      2.19000      0.80847      0.80847
      2.20000      1.11501      1.11501
      2.21000      1.18446      1.18446
      2.22000      1.38186      1.38186
      2.23000      2.42537      2.42537
      2.24000      3.36299      3.36299
      2.25000      2.58044      2.58044
      2.26000      1.45156      1.45156
      2.27000      1.22714      1.22714
      2.28000      1.17201      1.17201
      2.29000      0.78715      0.78715
      2.30000      0.58636      0.58636
      2.31000      0.54274      0.54274
      2.32000      0.41573      0.41573
      2.33000      0.74616      0.74616
      2.34000      1.28615      1.28615
      2.35000      1.40489      1.40489
      2.36000      1.13433      1.13433
      2.37000      0.92945      0.92945
      2.38000      1.33386      1.33386
      2.39000      1.89287      1.89287
      2.40000      1.93935      1.93935
      2.41000      1.64534      1.64534
      2.42000      1.41753      1.41753
      2.43000      1.15087      1.15087
      2.44000      0.89332      0.89332
      2.45000      1.06763      1.06763
      2.46000      1.33208      1.33208
      2.47000      1.01573      1.01573
      2.48000      0.80420      0.80420
      2.49000      1.08874      1.08874
      2.50000      1.25470      1.25470
      2.51000      1.14504      1.14504
      2.52000      1.26177      1.26177
      2.53000      1.79250      1.79250
      2.54000      2.15839      2.15839
      2.55000      1.54141      1.54141
      2.56000      0.57620      0.57620
      2.57000      0.32740      0.32740
      2.58000      0.73741      0.73741
      2.59000      0.96446      0.96446
      2.60000      0.59972      0.59972
      2.61000      0.20405      0.20405
      2.62000      0.22659      0.22659
      2.63000      0.83067      0.83067
      2.64000      1.75151      1.75151
      2.65000      2.12562      2.12562
      2.66000      1.62619      1.62619
      2.67000      1.30191      1.30191
      2.68000      2.07872      2.07872
      2.69000      2.98564      2.98564
      2.70000      2.78253      2.78253
      2.71000      1.90719      1.90719
      2.72000      1.38321      1.38321
      2.73000      1.58341      1.58341
      2.74000      1.75173      1.75173
      2.75000      1.24250      1.24250
      2.76000      0.80556      0.80556
      2.77000      0.93342      0.93342
      2.78000      1.47029      1.47029
      2.79000      1.85558      1.85558
      2.80000      1.72308      1.72308
      2.81000      1.46757      1.46757
      2.82000      1.14628      1.14628
      2.83000      0.82585      0.82585
      2.84000      0.99757      0.99757
      2.85000      1.26134      1.26134
      2.86000      1.24217      1.24217
      2.87000      1.03585      1.03585
      2.88000      0.93814      0.93814
      2.89000      0.75651      0.75651
      2.90000      0.75881      0.75881
      2.91000      1.51968      1.51968
      2.92000      2.24150      2.24150
      2.93000      2.01734      2.01734
      2.94000      1.11749      1.11749
      2.95000      0.50256      0.50256
      2.96000      0.79300      0.79300
      2.97000      1.68901      1.68901
      2.98000      1.83288      1.83288
      2.99000      1.41371      1.41371
      3.00000      1.19864      1.19864
      3.01000      1.06780      1.06780
      3.02000      1.23488      1.23488
      3.03000      1.26001      1.26001
      3.04000      0.91802      0.91802
      3.05000      0.77378      0.77378
      3.06000      0.73329      0.73329
      3.07000      0.65568      0.65568
      3.08000      1.02635      1.02635
      3.09000      1.56394      1.56394
      3.10000      1.30484      1.30484
      3.11000      0.65530      0.65530
      3.12000      0.66883      0.66883
      3.13000      1.15889      1.15889
      3.14000      1.38486      1.38486
      3.15000      1.18512      1.18512
      3.16000      1.29555      1.29555
      3.17000      1.89888      1.89888
      3.18000      2.06633      2.06633
      3.19000      1.66533      1.66533
      3.20000      1.40969      1.40969
      3.21000      1.63595      1.63595
      3.22000      2.08875      2.08875
      3.23000      1.93824      1.93824
      3.24000      1.29430      1.29430
      3.25000      1.20428      1.20428
      3.26000      1.84281      1.84281
      3.27000      2.71802      2.71802
      3.28000      2.86575      2.86575
      3.29000      2.32291      2.32291
      3.30000      2.01826      2.01826
      3.31000      1.74695      1.74695
      3.32000      1.17358      1.17358
      3.33000      0.80045      0.80045
      3.34000      1.14365      1.14365
      3.35000      1.45879      1.45879
      3.36000      1.33321      1.33321
      3.37000      1.27737      1.27737
      3.38000      1.65884      1.65884
