Energy-E_F (eV)    DOS (1/eV)    PDOS (1/eV)  of atom type Pt 
     -5.60610      7.90358      0.00000
     -5.59610     10.44670      0.00000
     -5.58610     15.98921      0.00000
     -5.57610     22.72975      0.00000
     -5.56610     26.21522      0.00000
     -5.55610     23.39155      0.00000
     -5.54610     14.82329      0.00000
     -5.53610      9.49501      0.00000
     -5.52610      9.62167      0.00000
     -5.51610      9.62943      0.00000
     -5.50610      7.71720      0.00000
     -5.49610      5.49075      0.00000
     -5.48610      9.59534      0.00000
     -5.47610     19.15136      0.00000
     -5.46610     25.16831      0.00000
     -5.45610     23.34984      0.00000
     -5.44610     15.87288      0.00000
     -5.43610     10.88027      0.00000
     -5.42610      8.72719      0.00000
     -5.41610      8.19527      0.00000
     -5.40610     10.82228      0.00000
     -5.39610     17.25244      0.00000
     -5.38610     22.87660      0.00000
     -5.37610     23.84938      0.00000
     -5.36610     18.70467      0.00000
     -5.35610      9.44535      0.00000
     -5.34610      2.49553      0.00000
     -5.33610      0.78221      0.00000
     -5.32610      2.89623      0.00000
     -5.31610      8.11958      0.00000
     -5.30610     15.02298      0.00000
     -5.29610     19.63254      0.00000
     -5.28610     17.63913      0.00000
     -5.27610     14.80107      0.00000
     -5.26610     15.72484      0.00000
     -5.25610     16.60027      0.00000
     -5.24610     17.71604      0.00000
     -5.23610     22.25784      0.00000
     -5.22610     22.11686      0.00000
     -5.21610     14.72058      0.00000
     -5.20610      9.95705      0.00000
     -5.19610     10.39009      0.00000
     -5.18610     15.19782      0.00000
     -5.17610     22.14018      0.00000
     -5.16610     28.72498      0.00000
     -5.15610     30.49073      0.00000
     -5.14610     28.66209      0.00000
     -5.13610     24.89418      0.00000
     -5.12610     22.78579      0.00000
     -5.11610     21.38955      0.00000
     -5.10610     13.81619      0.00000
     -5.09610     10.93284      0.00000
     -5.08610     18.55227      0.00000
     -5.07610     21.06639      0.00000
     -5.06610     13.14740      0.00000
     -5.05610      6.22456      0.00000
     -5.04610      4.62559      0.00000
     -5.03610      5.33870      0.00000
     -5.02610      5.55080      0.00000
     -5.01610      4.76555      0.00000
     -5.00610      5.09294      0.00000
     -4.99610      8.53738      0.00000
     -4.98610     14.38914      0.00000
     -4.97610     18.38438      0.00000
     -4.96610     17.49839      0.00000
     -4.95610     14.03465      0.00000
     -4.94610     10.50732      0.00000
     -4.93610     10.50582      0.00000
     -4.92610     14.02329      0.00000
     -4.91610     19.25871      0.00000
     -4.90610     23.74100      0.00000
     -4.89610     23.96825      0.00000
     -4.88610     22.31198      0.00000
     -4.87610     21.20780      0.00000
     -4.86610     18.10843      0.00000
     -4.85610     17.88078      0.00000
     -4.84610     19.82935      0.00000
     -4.83610     17.97542      0.00000
     -4.82610     14.05898      0.00000
     -4.81610     10.69497      0.00000
     -4.80610     12.15182      0.00000
     -4.79610     21.75359      0.00000
     -4.78610     32.93629      0.00000
     -4.77610     31.46868      0.00000
     -4.76610     20.37423      0.00000
     -4.75610     14.96407      0.00000
     -4.74610     15.34183      0.00000
     -4.73610     16.62826      0.00000
     -4.72610     18.33028      0.00000
     -4.71610     21.08736      0.00000
     -4.70610     18.88893      0.00000
     -4.69610     12.21356      0.00000
     -4.68610      7.03440      0.00000
     -4.67610      5.45095      0.00000
     -4.66610     10.14502      0.00000
     -4.65610     15.67741      0.00000
     -4.64610     16.40161      0.00000
     -4.63610     13.90584      0.00000
     -4.62610     11.26327      0.00000
     -4.61610     10.30167      0.00000
     -4.60610      9.53283      0.00000
     -4.59610      8.14782      0.00000
     -4.58610      7.46171      0.00000
     -4.57610      9.46740      0.00000
     -4.56610     10.38150      0.00000
     -4.55610      8.16606      0.00000
     -4.54610      4.18823      0.00000
     -4.53610      2.31688      0.00000
     -4.52610      4.68470      0.00000
     -4.51610      8.61759      0.00000
     -4.50610     12.17394      0.00000
     -4.49610     12.93481      0.00000
     -4.48610     11.56460      0.00000
     -4.47610     11.89363      0.00000
     -4.46610     13.67789      0.00000
     -4.45610     12.52673      0.00000
     -4.44610      7.47547      0.00000
     -4.43610      2.72975      0.00000
     -4.42610      2.16688      0.00000
     -4.41610      6.81489      0.00000
     -4.40610     10.57406      0.00000
     -4.39610      6.67851      0.00000
     -4.38610      2.14877      0.00000
     -4.37610      2.63988      0.00000
     -4.36610      5.99905      0.00000
     -4.35610      8.20294      0.00000
     -4.34610      6.95803      0.00000
     -4.33610      3.70332      0.00000
     -4.32610      4.27059      0.00000
     -4.31610      9.09010      0.00000
     -4.30610     12.05151      0.00000
     -4.29610     10.48530      0.00000
     -4.28610      7.48111      0.00000
     -4.27610      5.84134      0.00000
     -4.26610      5.39181      0.00000
     -4.25610      7.44938      0.00000
     -4.24610     12.29672      0.00000
     -4.23610     16.52141      0.00000
     -4.22610     16.43081      0.00000
     -4.21610     12.73997      0.00000
     -4.20610     10.26670      0.00000
     -4.19610     13.40863      0.00000
     -4.18610     17.15922      0.00000
     -4.17610     14.27079      0.00000
     -4.16610     11.43528      0.00000
     -4.15610     13.11752      0.00000
     -4.14610     11.72430      0.00000
     -4.13610      5.93428      0.00000
     -4.12610      1.99195      0.00000
     -4.11610      0.87819      0.00000
     -4.10610      0.98716      0.00000
     -4.09610      2.08203      0.00000
     -4.08610      2.71847      0.00000
     -4.07610      2.41859      0.00000
     -4.06610      3.80018      0.00000
     -4.05610      5.25598      0.00000
     -4.04610      4.16475      0.00000
     -4.03610      2.10603      0.00000
     -4.02610      0.69878      0.00000
     -4.01610      1.63998      0.00000
     -4.00610      6.50757      0.00000
     -3.99610     11.12088      0.00000
     -3.98610      9.86732      0.00000
     -3.97610      8.06484      0.00000
     -3.96610      7.40505      0.00000
     -3.95610      5.41321      0.00000
     -3.94610      5.12227      0.00000
     -3.93610      7.85535      0.00000
     -3.92610      9.44682      0.00000
     -3.91610      8.64099      0.00000
     -3.90610      6.85634      0.00000
     -3.89610      7.61775      0.00000
     -3.88610      8.69941      0.00000
     -3.87610      7.78652      0.00000
     -3.86610      6.11313      0.00000
     -3.85610      6.73680      0.00000
     -3.84610      8.71295      0.00000
     -3.83610      7.25684      0.00000
     -3.82610      7.23517      0.00000
     -3.81610     11.32636      0.00000
     -3.80610     13.31561      0.00000
     -3.79610     15.38423      0.00000
     -3.78610     17.22488      0.00000
     -3.77610     13.30934      0.00000
     -3.76610      6.86047      0.00000
     -3.75610      4.20384      0.00000
     -3.74610      9.61112      0.00000
     -3.73610     17.92228      0.00000
     -3.72610     19.41210      0.00000
     -3.71610     17.08452      0.00000
     -3.70610     17.36040      0.00000
     -3.69610     18.38462      0.00000
     -3.68610     20.62907      0.00000
     -3.67610     21.50738      0.00000
     -3.66610     16.59483      0.00000
     -3.65610     12.03099      0.00000
     -3.64610     11.19754      0.00000
     -3.63610      8.01619      0.00000
     -3.62610      4.85284      0.00000
     -3.61610      7.59677      0.00000
     -3.60610     10.65501      0.00000
     -3.59610     11.00524      0.00000
     -3.58610     11.18207      0.00000
     -3.57610     10.62635      0.00000
     -3.56610     12.20397      0.00000
     -3.55610     16.84154      0.00000
     -3.54610     16.70580      0.00000
     -3.53610     10.74177      0.00000
     -3.52610      7.48263      0.00000
     -3.51610      8.56493      0.00000
     -3.50610      8.04936      0.00000
     -3.49610      9.04016      0.00000
     -3.48610     16.34416      0.00000
     -3.47610     22.57652      0.00000
     -3.46610     21.56733      0.00000
     -3.45610     21.54251      0.00000
     -3.44610     19.33790      0.00000
     -3.43610     12.90491      0.00000
     -3.42610     11.54932      0.00000
     -3.41610     15.03185      0.00000
     -3.40610     15.28906      0.00000
     -3.39610      9.27004      0.00000
     -3.38610      5.74024      0.00000
     -3.37610      7.13084      0.00000
     -3.36610      7.95949      0.00000
     -3.35610      5.43888      0.00000
     -3.34610      5.22676      0.00000
     -3.33610      8.94833      0.00000
     -3.32610      9.41354      0.00000
     -3.31610      7.39382      0.00000
     -3.30610      9.43569      0.00000
     -3.29610     12.08686      0.00000
     -3.28610     13.40622      0.00000
     -3.27610     13.42059      0.00000
     -3.26610     11.02695      0.00000
     -3.25610      7.50001      0.00000
     -3.24610      4.92518      0.00000
     -3.23610      8.68953      0.00000
     -3.22610     13.35563      0.00000
     -3.21610     11.87408      0.00000
     -3.20610      8.71600      0.00000
     -3.19610      5.33376      0.00000
     -3.18610      6.21343      0.00000
     -3.17610     12.02311      0.00000
     -3.16610     16.10268      0.00000
     -3.15610     14.53850      0.00000
     -3.14610      8.29358      0.00000
     -3.13610      4.35193      0.00000
     -3.12610      6.26124      0.00000
     -3.11610     10.93798      0.00000
     -3.10610     13.43118      0.00000
     -3.09610     15.08301      0.00000
     -3.08610     15.08164      0.00000
     -3.07610     11.74551      0.00000
     -3.06610      7.81351      0.00000
     -3.05610      7.76057      0.00000
     -3.04610     13.25197      0.00000
     -3.03610     18.01583      0.00000
     -3.02610     11.23420      0.00000
     -3.01610      4.88489      0.00000
     -3.00610      6.38820      0.00000
     -2.99610      9.22615      0.00000
     -2.98610      8.15390      0.00000
     -2.97610     10.29025      0.00000
     -2.96610     21.38319      0.00000
     -2.95610     25.64377      0.00000
     -2.94610     19.29605      0.00000
     -2.93610     15.29398      0.00000
     -2.92610     16.48112      0.00000
     -2.91610     15.91134      0.00000
     -2.90610     12.40772      0.00000
     -2.89610     10.98355      0.00000
     -2.88610     10.65755      0.00000
     -2.87610     11.46770      0.00000
     -2.86610     17.85251      0.00000
     -2.85610     23.18244      0.00000
     -2.84610     18.18509      0.00000
     -2.83610     13.57741      0.00000
     -2.82610     14.44550      0.00000
     -2.81610     14.21388      0.00000
     -2.80610     10.46181      0.00000
     -2.79610      8.48454      0.00000
     -2.78610     13.60010      0.00000
     -2.77610     22.95239      0.00000
     -2.76610     23.11212      0.00000
     -2.75610     15.49039      0.00000
     -2.74610     10.79158      0.00000
     -2.73610     10.00126      0.00000
     -2.72610     11.81208      0.00000
     -2.71610     12.84503      0.00000
     -2.70610     14.40396      0.00000
     -2.69610     15.78812      0.00000
     -2.68610     11.92126      0.00000
     -2.67610      6.67716      0.00000
     -2.66610      4.85651      0.00000
     -2.65610      4.72279      0.00000
     -2.64610      5.68612      0.00000
     -2.63610      6.46564      0.00000
     -2.62610      4.19253      0.00000
     -2.61610      2.68761      0.00000
     -2.60610      5.68365      0.00000
     -2.59610     10.34262      0.00000
     -2.58610     12.18952      0.00000
     -2.57610     13.66636      0.00000
     -2.56610     17.45156      0.00000
     -2.55610     20.33485      0.00000
     -2.54610     16.84816      0.00000
     -2.53610     12.25329      0.00000
     -2.52610     11.00276      0.00000
     -2.51610      9.76379      0.00000
     -2.50610     11.13179      0.00000
     -2.49610     12.56280      0.00000
     -2.48610     11.18983      0.00000
     -2.47610     12.48752      0.00000
     -2.46610     15.84354      0.00000
     -2.45610     15.21679      0.00000
     -2.44610      8.70182      0.00000
     -2.43610      5.11842      0.00000
     -2.42610      5.72755      0.00000
     -2.41610      6.50822      0.00000
     -2.40610     11.51677      0.00000
     -2.39610     18.39125      0.00000
     -2.38610     18.79425      0.00000
     -2.37610     12.79377      0.00000
     -2.36610      7.72610      0.00000
     -2.35610      6.79369      0.00000
     -2.34610      4.91303      0.00000
     -2.33610      2.31845      0.00000
     -2.32610      2.79883      0.00000
     -2.31610      5.56302      0.00000
     -2.30610      8.56721      0.00000
     -2.29610      9.15925      0.00000
     -2.28610      5.95443      0.00000
     -2.27610      2.91474      0.00000
     -2.26610      3.63269      0.00000
     -2.25610      7.18903      0.00000
     -2.24610      9.79162      0.00000
     -2.23610      8.50522      0.00000
     -2.22610      4.99859      0.00000
     -2.21610      3.95357      0.00000
     -2.20610      4.15204      0.00000
     -2.19610      4.76623      0.00000
     -2.18610      4.59981      0.00000
     -2.17610      4.55235      0.00000
     -2.16610      6.34866      0.00000
     -2.15610      9.00732      0.00000
     -2.14610     13.92990      0.00000
     -2.13610     20.82873      0.00000
     -2.12610     21.61667      0.00000
     -2.11610     16.76858      0.00000
     -2.10610     14.63192      0.00000
     -2.09610     13.20445      0.00000
     -2.08610      9.40584      0.00000
     -2.07610      8.36977      0.00000
     -2.06610     11.58567      0.00000
     -2.05610     14.58838      0.00000
     -2.04610     20.90022      0.00000
     -2.03610     26.29504      0.00000
     -2.02610     23.86127      0.00000
     -2.01610     19.72715      0.00000
     -2.00610     14.70952      0.00000
     -1.99610      8.74786      0.00000
     -1.98610      7.62574      0.00000
     -1.97610      9.21135      0.00000
     -1.96610      8.84283      0.00000
     -1.95610      7.63218      0.00000
     -1.94610      6.42175      0.00000
     -1.93610      5.35461      0.00000
     -1.92610      6.30378      0.00000
     -1.91610      6.47406      0.00000
     -1.90610      3.81376      0.00000
     -1.89610      2.59550      0.00000
     -1.88610      2.05148      0.00000
     -1.87610      0.77740      0.00000
     -1.86610      0.41887      0.00000
     -1.85610      2.09419      0.00000
     -1.84610      6.25838      0.00000
     -1.83610      9.15258      0.00000
     -1.82610      7.07830      0.00000
     -1.81610      3.71043      0.00000
     -1.80610      3.28583      0.00000
     -1.79610      5.05240      0.00000
     -1.78610      6.62564      0.00000
     -1.77610      4.89498      0.00000
     -1.76610      2.84052      0.00000
     -1.75610      4.22483      0.00000
     -1.74610      9.52148      0.00000
     -1.73610     18.77739      0.00000
     -1.72610     25.96978      0.00000
     -1.71610     25.38053      0.00000
     -1.70610     19.77609      0.00000
     -1.69610     17.40101      0.00000
     -1.68610     20.00536      0.00000
     -1.67610     19.34828      0.00000
     -1.66610     13.95111      0.00000
     -1.65610     10.32942      0.00000
     -1.64610     11.23001      0.00000
     -1.63610     14.59186      0.00000
     -1.62610     13.33125      0.00000
     -1.61610      9.06168      0.00000
     -1.60610      6.75638      0.00000
     -1.59610      5.90933      0.00000
     -1.58610      5.93003      0.00000
     -1.57610      7.16462      0.00000
     -1.56610      9.47601      0.00000
     -1.55610      9.85051      0.00000
     -1.54610      8.33076      0.00000
     -1.53610      8.68619      0.00000
     -1.52610     10.06428      0.00000
     -1.51610      8.88420      0.00000
     -1.50610      9.90331      0.00000
     -1.49610     13.81838      0.00000
     -1.48610     13.33885      0.00000
     -1.47610      9.24007      0.00000
     -1.46610      8.37097      0.00000
     -1.45610     10.01259      0.00000
     -1.44610     12.07933      0.00000
     -1.43610     11.32396      0.00000
     -1.42610      9.85839      0.00000
     -1.41610     11.35308      0.00000
     -1.40610     12.16910      0.00000
     -1.39610     11.06203      0.00000
     -1.38610     12.27175      0.00000
     -1.37610     11.05919      0.00000
     -1.36610      9.60226      0.00000
     -1.35610     14.22095      0.00000
     -1.34610     17.70008      0.00000
     -1.33610     14.27333      0.00000
     -1.32610      8.31175      0.00000
     -1.31610      4.71406      0.00000
     -1.30610      5.55761      0.00000
     -1.29610     10.72164      0.00000
     -1.28610     20.03694      0.00000
     -1.27610     26.40785      0.00000
     -1.26610     22.99488      0.00000
     -1.25610     14.22769      0.00000
     -1.24610     12.97676      0.00000
     -1.23610     15.77422      0.00000
     -1.22610     12.55649      0.00000
     -1.21610      9.31219      0.00000
     -1.20610      8.95866      0.00000
     -1.19610     10.62328      0.00000
     -1.18610     15.33906      0.00000
     -1.17610     21.50223      0.00000
     -1.16610     20.45984      0.00000
     -1.15610     20.51441      0.00000
     -1.14610     28.16297      0.00000
     -1.13610     25.81559      0.00000
     -1.12610     15.14210      0.00000
     -1.11610      7.92225      0.00000
     -1.10610      4.42356      0.00000
     -1.09610      4.86620      0.00000
     -1.08610      8.32956      0.00000
     -1.07610     13.18764      0.00000
     -1.06610     18.04791      0.00000
     -1.05610     21.14712      0.00000
     -1.04610     19.53025      0.00000
     -1.03610     18.41039      0.00000
     -1.02610     19.03714      0.00000
     -1.01610     14.22851      0.00000
     -1.00610      8.98400      0.00000
     -0.99610      9.25523      0.00000
     -0.98610     12.66957      0.00000
     -0.97610     17.13950      0.00000
     -0.96610     20.42706      0.00000
     -0.95610     20.01710      0.00000
     -0.94610     16.67144      0.00000
     -0.93610     11.91054      0.00000
     -0.92610      7.37260      0.00000
     -0.91610      6.05508      0.00000
     -0.90610      8.86659      0.00000
     -0.89610     12.83219      0.00000
     -0.88610     16.00890      0.00000
     -0.87610     14.67205      0.00000
     -0.86610     13.06281      0.00000
     -0.85610     16.33403      0.00000
     -0.84610     17.36252      0.00000
     -0.83610     13.08121      0.00000
     -0.82610      6.52296      0.00000
     -0.81610      1.79415      0.00000
     -0.80610      0.71328      0.00000
     -0.79610      3.01251      0.00000
     -0.78610      8.13787      0.00000
     -0.77610     11.75146      0.00000
     -0.76610     10.56697      0.00000
     -0.75610      6.59145      0.00000
     -0.74610      3.05310      0.00000
     -0.73610      1.27430      0.00000
     -0.72610      0.97725      0.00000
     -0.71610      1.56189      0.00000
     -0.70610      3.63989      0.00000
     -0.69610      4.20872      0.00000
     -0.68610      2.14791      0.00000
     -0.67610      2.07597      0.00000
     -0.66610      5.03694      0.00000
     -0.65610      7.95702      0.00000
     -0.64610      8.52438      0.00000
     -0.63610      8.07253      0.00000
     -0.62610      5.36310      0.00000
     -0.61610      1.98611      0.00000
     -0.60610      2.96550      0.00000
     -0.59610      8.56863      0.00000
     -0.58610     10.40325      0.00000
     -0.57610      5.53087      0.00000
     -0.56610      2.83258      0.00000
     -0.55610      2.72857      0.00000
     -0.54610      4.52362      0.00000
     -0.53610      7.91337      0.00000
     -0.52610      6.75660      0.00000
     -0.51610      3.33716      0.00000
     -0.50610      3.00718      0.00000
     -0.49610      3.98784      0.00000
     -0.48610      2.85568      0.00000
     -0.47610      0.96174      0.00000
     -0.46610      0.44388      0.00000
     -0.45610      2.37684      0.00000
     -0.44610      8.02208      0.00000
     -0.43610     14.00619      0.00000
     -0.42610     17.22526      0.00000
     -0.41610     17.25853      0.00000
     -0.40610     12.13763      0.00000
     -0.39610      5.17848      0.00000
     -0.38610      1.29176      0.00000
     -0.37610      1.27582      0.00000
     -0.36610      4.26047      0.00000
     -0.35610      7.43583      0.00000
     -0.34610      6.24439      0.00000
     -0.33610      2.47743      0.00000
     -0.32610      0.45865      0.00000
     -0.31610      0.05777      0.00000
     -0.30610      0.24036      0.00000
     -0.29610      1.15089      0.00000
     -0.28610      2.14326      0.00000
     -0.27610      1.53678      0.00000
     -0.26610      0.43283      0.00000
     -0.25610      0.22762      0.00000
     -0.24610      1.14469      0.00000
     -0.23610      3.08532      0.00000
     -0.22610      3.89153      0.00000
     -0.21610      2.75952      0.00000
     -0.20610      2.53270      0.00000
     -0.19610      3.34388      0.00000
     -0.18610      2.96000      0.00000
     -0.17610      1.64456      0.00000
     -0.16610      0.67722      0.00000
     -0.15610      1.04644      0.00000
     -0.14610      3.10067      0.00000
     -0.13610      4.08798      0.00000
     -0.12610      2.27170      0.00000
     -0.11610      0.53758      0.00000
     -0.10610      0.05288      0.00000
     -0.09610      0.00207      0.00000
     -0.08610      0.00004      0.00000
     -0.07610      0.00121      0.00000
     -0.06610      0.03242      0.00000
     -0.05610      0.33687      0.00000
     -0.04610      1.36529      0.00000
     -0.03610      2.15964      0.00000
     -0.02610      1.37005      0.00000
     -0.01610      0.90195      0.00000
     -0.00610      2.84669      0.00000
      0.00390      5.75118      0.00000
      0.01390      6.36824      0.00000
      0.02390      4.53959      0.00000
      0.03390      1.77138      0.00000
      0.04390      0.31029      0.00000
      0.05390      0.02230      0.00000
      0.06390      0.00063      0.00000
      0.07390      0.00002      0.00000
      0.08390      0.00105      0.00000
      0.09390      0.02892      0.00000
      0.10390      0.31077      0.00000
      0.11390      1.34600      0.00000
      0.12390      2.68330      0.00000
      0.13390      3.79381      0.00000
      0.14390      4.63680      0.00000
      0.15390      3.54954      0.00000
      0.16390      3.35624      0.00000
      0.17390      4.60001      0.00000
      0.18390      4.27073      0.00000
      0.19390      6.48762      0.00000
      0.20390     10.15674      0.00000
      0.21390      7.60667      0.00000
      0.22390      2.72229      0.00000
      0.23390      1.96650      0.00000
      0.24390      4.34508      0.00000
      0.25390      6.50322      0.00000
      0.26390      6.69694      0.00000
      0.27390      5.91582      0.00000
      0.28390      4.74337      0.00000
      0.29390      2.72881      0.00000
      0.30390      1.72709      0.00000
      0.31390      2.12279      0.00000
      0.32390      1.57414      0.00000
      0.33390      0.50400      0.00000
      0.34390      0.15718      0.00000
      0.35390      0.89288      0.00000
      0.36390      3.34633      0.00000
      0.37390      5.48361      0.00000
      0.38390      5.90038      0.00000
      0.39390      6.03605      0.00000
      0.40390      4.26846      0.00000
      0.41390      1.51250      0.00000
      0.42390      0.23224      0.00000
      0.43390      0.02585      0.00000
      0.44390      0.16532      0.00000
      0.45390      0.89539      0.00000
      0.46390      1.93017      0.00000
      0.47390      1.74228      0.00000
      0.48390      0.68561      0.00000
      0.49390      0.11676      0.00000
      0.50390      0.00820      0.00000
      0.51390      0.00023      0.00000
      0.52390      0.00000      0.00000
      0.53390      0.00000      0.00000
      0.54390      0.00000      0.00000
      0.55390      0.00000      0.00000
      0.56390      0.00017      0.00000
      0.57390      0.00893      0.00000
      0.58390      0.17944      0.00000
      0.59390      1.34587      0.00000
      0.60390      3.77808      0.00000
      0.61390      3.97781      0.00000
      0.62390      1.57341      0.00000
      0.63390      0.23403      0.00000
      0.64390      0.01309      0.00000
      0.65390      0.00028      0.00000
      0.66390      0.00013      0.00000
      0.67390      0.00607      0.00000
      0.68390      0.10891      0.00000
      0.69390      0.73965      0.00000
      0.70390      1.94392      0.00000
      0.71390      2.33058      0.00000
      0.72390      2.93322      0.00000
      0.73390      4.46720      0.00000
      0.74390      3.58925      0.00000
      0.75390      2.35488      0.00000
      0.76390      2.28657      0.00000
      0.77390      1.89719      0.00000
      0.78390      3.09012      0.00000
      0.79390      4.41719      0.00000
      0.80390      2.59154      0.00000
      0.81390      1.01559      0.00000
      0.82390      3.11566      0.00000
      0.83390      9.32162      0.00000
      0.84390     14.26370      0.00000
      0.85390     12.22932      0.00000
      0.86390      6.83240      0.00000
      0.87390      2.99703      0.00000
      0.88390      1.64615      0.00000
      0.89390      3.28437      0.00000
      0.90390      4.36580      0.00000
      0.91390      2.32739      0.00000
      0.92390      1.28193      0.00000
      0.93390      2.11452      0.00000
      0.94390      2.08168      0.00000
      0.95390      2.20586      0.00000
      0.96390      4.18821      0.00000
      0.97390      5.09890      0.00000
      0.98390      3.68492      0.00000
      0.99390      1.53510      0.00000
      1.00390      0.29653      0.00000
      1.01390      0.02283      0.00000
      1.02390      0.00068      0.00000
      1.03390      0.00142      0.00000
      1.04390      0.04209      0.00000
      1.05390      0.48908      0.00000
      1.06390      2.26628      0.00000
      1.07390      4.28737      0.00000
      1.08390      3.84891      0.00000
      1.09390      3.48697      0.00000
      1.10390      4.16725      0.00000
      1.11390      3.41124      0.00000
      1.12390      3.41319      0.00000
      1.13390      4.35595      0.00000
      1.14390      2.78369      0.00000
      1.15390      0.70819      0.00000
      1.16390      0.06910      0.00000
      1.17390      0.00254      0.00000
      1.18390      0.00003      0.00000
      1.19390      0.00000      0.00000
      1.20390      0.00000      0.00000
      1.21390      0.00005      0.00000
      1.22390      0.00296      0.00000
      1.23390      0.06831      0.00000
      1.24390      0.57968      0.00000
      1.25390      1.82598      0.00000
      1.26390      2.37416      0.00000
      1.27390      2.69560      0.00000
      1.28390      4.36446      0.00000
      1.29390      4.35947      0.00000
      1.30390      4.12648      0.00000
      1.31390      4.45094      0.00000
      1.32390      2.55301      0.00000
      1.33390      1.47164      0.00000
      1.34390      2.26940      0.00000
      1.35390      2.48921      0.00000
      1.36390      2.50595      0.00000
      1.37390      2.00938      0.00000
      1.38390      1.14310      0.00000
      1.39390      2.32049      0.00000
      1.40390      4.25655      0.00000
      1.41390      3.42976      0.00000
      1.42390      2.93380      0.00000
      1.43390      6.47267      0.00000
      1.44390     10.22493      0.00000
      1.45390      9.12024      0.00000
      1.46390      4.27434      0.00000
      1.47390      0.92434      0.00000
      1.48390      0.08340      0.00000
      1.49390      0.00296      0.00000
      1.50390      0.00004      0.00000
      1.51390      0.00000      0.00000
      1.52390      0.00000      0.00000
      1.53390      0.00000      0.00000
      1.54390      0.00000      0.00000
      1.55390      0.00000      0.00000
      1.56390      0.00000      0.00000
      1.57390      0.00000      0.00000
      1.58390      0.00002      0.00000
      1.59390      0.00172      0.00000
      1.60390      0.05092      0.00000
      1.61390      0.56911      0.00000
      1.62390      2.45000      0.00000
      1.63390      4.17920      0.00000
      1.64390      2.91200      0.00000
      1.65390      0.84300      0.00000
      1.66390      0.10868      0.00000
      1.67390      0.14879      0.00000
      1.68390      0.96035      0.00000
      1.69390      2.68898      0.00000
      1.70390      4.21648      0.00000
      1.71390      5.76517      0.00000
      1.72390      7.11539      0.00000
      1.73390      6.62153      0.00000
      1.74390      4.18506      0.00000
      1.75390      1.40825      0.00000
      1.76390      0.20722      0.00000
      1.77390      0.01226      0.00000
      1.78390      0.00031      0.00000
      1.79390      0.00234      0.00000
      1.80390      0.06867      0.00000
      1.81390      0.74390      0.00000
      1.82390      2.97665      0.00000
      1.83390      4.39876      0.00000
      1.84390      2.40026      0.00000
      1.85390      0.48355      0.00000
      1.86390      0.03612      0.00000
      1.87390      0.00928      0.00000
      1.88390      0.15460      0.00000
      1.89390      1.10239      0.00000
      1.90390      3.13639      0.00000
      1.91390      3.93789      0.00000
      1.92390      3.23569      0.00000
      1.93390      4.70241      0.00000
      1.94390      6.51907      0.00000
      1.95390      3.96788      0.00000
      1.96390      1.10028      0.00000
      1.97390      1.28537      0.00000
      1.98390      3.44108      0.00000
      1.99390      3.98353      0.00000
      2.00390      1.90811      0.00000
      2.01390      0.43698      0.00000
      2.02390      0.72828      0.00000
      2.03390      3.45869      0.00000
      2.04390      8.04678      0.00000
      2.05390      9.30884      0.00000
      2.06390      5.66302      0.00000
      2.07390      3.85844      0.00000
      2.08390      4.96481      0.00000
      2.09390      5.53177      0.00000
      2.10390      5.12566      0.00000
      2.11390      2.66347      0.00000
      2.12390      0.60617      0.00000
      2.13390      0.47762      0.00000
      2.14390      2.08374      0.00000
      2.15390      4.02171      0.00000
      2.16390      3.24332      0.00000
      2.17390      1.12265      0.00000
      2.18390      0.16573      0.00000
      2.19390      0.04107      0.00000
      2.20390      0.39253      0.00000
      2.21390      1.91576      0.00000
      2.22390      3.82156      0.00000
      2.23390      3.34436      0.00000
      2.24390      1.34499      0.00000
      2.25390      0.24147      0.00000
      2.26390      0.01797      0.00000
      2.27390      0.00052      0.00000
      2.28390      0.00001      0.00000
      2.29390      0.00001      0.00000
      2.30390      0.00114      0.00000
      2.31390      0.03473      0.00000
      2.32390      0.41096      0.00000
      2.33390      1.95661      0.00000
      2.34390      3.90124      0.00000
      2.35390      3.37351      0.00000
      2.36390      1.53292      0.00000
      2.37390      1.96786      0.00000
      2.38390      4.12979      0.00000
      2.39390      3.58956      0.00000
      2.40390      1.17355      0.00000
      2.41390      0.14365      0.00000
      2.42390      0.00657      0.00000
      2.43390      0.00017      0.00000
      2.44390      0.00351      0.00000
      2.45390      0.07723      0.00000
      2.46390      0.62539      0.00000
      2.47390      1.87953      0.00000
      2.48390      2.35707      0.00000
      2.49390      2.96805      0.00000
      2.50390      6.16033      0.00000
      2.51390      7.65246      0.00000
      2.52390      4.60943      0.00000
      2.53390      1.40974      0.00000
      2.54390      0.87351      0.00000
      2.55390      1.72486      0.00000
      2.56390      2.13806      0.00000
      2.57390      2.94176      0.00000
      2.58390      4.47090      0.00000
      2.59390      3.68715      0.00000
      2.60390      2.61566      0.00000
      2.61390      3.62773      0.00000
      2.62390      3.49939      0.00000
      2.63390      1.75397      0.00000
      2.64390      0.43204      0.00000
      2.65390      0.04702      0.00000
      2.66390      0.03450      0.00000
      2.67390      0.32856      0.00000
      2.68390      1.28047      0.00000
      2.69390      2.03122      0.00000
      2.70390      1.43164      0.00000
      2.71390      0.86373      0.00000
      2.72390      2.00839      0.00000
      2.73390      3.65946      0.00000
      2.74390      3.78555      0.00000
      2.75390      3.38372      0.00000
      2.76390      2.40470      0.00000
      2.77390      0.87307      0.00000
      2.78390      0.13024      0.00000
      2.79390      0.00747      0.00000
      2.80390      0.00080      0.00000
      2.81390      0.02396      0.00000
      2.82390      0.33386      0.00000
      2.83390      1.78063      0.00000
      2.84390      3.79962      0.00000
      2.85390      3.46712      0.00000
      2.86390      1.43002      0.00000
      2.87390      0.38395      0.00000
      2.88390      1.22802      0.00000
      2.89390      4.88403      0.00000
      2.90390      8.25606      0.00000
      2.91390      5.82871      0.00000
      2.92390      1.70333      0.00000
      2.93390      0.20341      0.00000
      2.94390      0.00978      0.00000
      2.95390      0.00127      0.00000
      2.96390      0.03576      0.00000
      2.97390      0.43847      0.00000
      2.98390      2.06408      0.00000
      2.99390      3.91934      0.00000
      3.00390      3.22659      0.00000
      3.01390      1.21003      0.00000
      3.02390      0.20568      0.00000
      3.03390      0.10877      0.00000
      3.04390      0.85092      0.00000
      3.05390      3.01436      0.00000
      3.06390      4.26775      0.00000
      3.07390      2.69295      0.00000
      3.08390      1.93632      0.00000
      3.09390      2.25447      0.00000
      3.10390      1.26451      0.00000
      3.11390      0.26552      0.00000
      3.12390      0.02054      0.00000
      3.13390      0.00068      0.00000
      3.14390      0.00497      0.00000
      3.15390      0.09780      0.00000
      3.16390      0.75938      0.00000
      3.17390      2.54691      0.00000
      3.18390      4.38735      0.00000
      3.19390      4.57388      0.00000
      3.20390      3.19910      0.00000
      3.21390      2.63622      0.00000
      3.22390      4.32453      0.00000
      3.23390      5.50224      0.00000
      3.24390      4.77223      0.00000
      3.25390      3.26607      0.00000
      3.26390      1.93119      0.00000
      3.27390      0.74960      0.00000
      3.28390      0.12864      0.00000
      3.29390      0.00845      0.00000
      3.30390      0.00162      0.00000
      3.31390      0.04385      0.00000
      3.32390      0.51363      0.00000
      3.33390      2.31841      0.00000
      3.34390      4.14926      0.00000
      3.35390      3.03698      0.00000
      3.36390      0.92525      0.00000
      3.37390      0.11836      0.00000
      3.38390      0.06781      0.00000
      3.39390      0.69803      0.00000
      3.40390      2.93317      0.00000
      3.41390      5.11652      0.00000
      3.42390      6.85548      0.00000
