Energy-E_F (eV)    DOS (1/eV)    PDOS (1/eV)  of atom type W  
     -4.98371      0.55782      0.00000
     -4.97371      0.03466      0.00000
     -4.96371      0.00149      0.00000
     -4.95371      0.02426      0.00000
     -4.94371      0.30878      0.00000
     -4.93371      1.44596      0.00000
     -4.92371      2.49099      0.00000
     -4.91371      1.58004      0.00000
     -4.90371      0.42056      0.00000
     -4.89371      0.77423      0.00000
     -4.88371      3.86537      0.00000
     -4.87371      7.39726      0.00000
     -4.86371      5.20916      0.00000
     -4.85371      1.34949      0.00000
     -4.84371      0.12861      0.00000
     -4.83371      0.00688      0.00000
     -4.82371      0.07975      0.00000
     -4.81371      0.98444      0.00000
     -4.80371      4.47765      0.00000
     -4.79371      7.61547      0.00000
     -4.78371      6.37038      0.00000
     -4.77371      9.51631      0.00000
     -4.76371     15.01438      0.00000
     -4.75371      9.67492      0.00000
     -4.74371      2.30555      0.00000
     -4.73371      0.20217      0.00000
     -4.72371      0.00652      0.00000
     -4.71371      0.00016      0.00000
     -4.70371      0.00744      0.00000
     -4.69371      0.21137      0.00000
     -4.68371      2.27661      0.00000
     -4.67371      9.42253      0.00000
     -4.66371     15.96069      0.00000
     -4.65371     15.70443      0.00000
     -4.64371     16.06810      0.00000
     -4.63371     11.39224      0.00000
     -4.62371      3.51123      0.00000
     -4.61371      0.42511      0.00000
     -4.60371      0.02174      0.00000
     -4.59371      0.08244      0.00000
     -4.58371      1.25399      0.00000
     -4.57371      7.07452      0.00000
     -4.56371     15.09065      0.00000
     -4.55371     14.35279      0.00000
     -4.54371     11.01754      0.00000
     -4.53371      8.42074      0.00000
     -4.52371      4.04213      0.00000
     -4.51371      1.03561      0.00000
     -4.50371      0.16195      0.00000
     -4.49371      0.61265      0.00000
     -4.48371      3.46168      0.00000
     -4.47371      7.26537      0.00000
     -4.46371      5.60980      0.00000
     -4.45371      1.59346      0.00000
     -4.44371      0.16651      0.00000
     -4.43371      0.00640      0.00000
     -4.42371      0.00009      0.00000
     -4.41371      0.00006      0.00000
     -4.40371      0.00362      0.00000
     -4.39371      0.08154      0.00000
     -4.38371      0.67622      0.00000
     -4.37371      2.06316      0.00000
     -4.36371      2.31571      0.00000
     -4.35371      0.95618      0.00000
     -4.34371      0.14596      0.00000
     -4.33371      0.03275      0.00000
     -4.32371      0.31212      0.00000
     -4.31371      1.45353      0.00000
     -4.30371      2.49150      0.00000
     -4.29371      1.57111      0.00000
     -4.28371      0.36447      0.00000
     -4.27371      0.03110      0.00000
     -4.26371      0.00098      0.00000
     -4.25371      0.00001      0.00000
     -4.24371      0.00000      0.00000
     -4.23371      0.00084      0.00000
     -4.22371      0.03621      0.00000
     -4.21371      0.57509      0.00000
     -4.20371      3.35999      0.00000
     -4.19371      7.22182      0.00000
     -4.18371      5.71355      0.00000
     -4.17371      1.73742      0.00000
     -4.16371      0.82733      0.00000
     -4.15371      2.03843      0.00000
     -4.14371      2.33717      0.00000
     -4.13371      0.98911      0.00000
     -4.12371      0.15400      0.00000
     -4.11371      0.00882      0.00000
     -4.10371      0.00019      0.00000
     -4.09371      0.00037      0.00000
     -4.08371      0.01489      0.00000
     -4.07371      0.22161      0.00000
     -4.06371      1.21335      0.00000
     -4.05371      2.44391      0.00000
     -4.04371      1.81089      0.00000
     -4.03371      0.49363      0.00000
     -4.02371      0.04950      0.00000
     -4.01371      0.00183      0.00000
     -4.00371      0.00002      0.00000
     -3.99371      0.00000      0.00000
     -3.98371      0.00000      0.00000
     -3.97371      0.00000      0.00000
     -3.96371      0.00000      0.00000
     -3.95371      0.00000      0.00000
     -3.94371      0.00000      0.00000
     -3.93371      0.00006      0.00000
     -3.92371      0.00445      0.00000
     -3.91371      0.12760      0.00000
     -3.90371      1.35207      0.00000
     -3.89371      5.48200      0.00000
     -3.88371     10.29691      0.00000
     -3.87371     14.63569      0.00000
     -3.86371     15.44651      0.00000
     -3.85371      7.44170      0.00000
     -3.84371      1.36772      0.00000
     -3.83371      0.09295      0.00000
     -3.82371      0.00233      0.00000
     -3.81371      0.00000      0.00000
     -3.80371      0.00000      0.00000
     -3.79371      0.00000      0.00000
     -3.78371      0.00000      0.00000
     -3.77371      0.00000      0.00000
     -3.76371      0.00005      0.00000
     -3.75371      0.00371      0.00000
     -3.74371      0.11122      0.00000
     -3.73371      1.22744      0.00000
     -3.72371      4.98361      0.00000
     -3.71371      7.44376      0.00000
     -3.70371      4.09022      0.00000
     -3.69371      0.82681      0.00000
     -3.68371      0.06152      0.00000
     -3.67371      0.00609      0.00000
     -3.66371      0.15235      0.00000
     -3.65371      2.02127      0.00000
     -3.64371     10.72178      0.00000
     -3.63371     24.13122      0.00000
     -3.62371     24.40817      0.00000
     -3.61371     11.17582      0.00000
     -3.60371      2.20545      0.00000
     -3.59371      0.24606      0.00000
     -3.58371      0.90893      0.00000
     -3.57371      4.28907      0.00000
     -3.56371      7.60668      0.00000
     -3.55371      6.00091      0.00000
     -3.54371      5.91208      0.00000
     -3.53371      9.00977      0.00000
     -3.52371      8.04949      0.00000
     -3.51371      6.75209      0.00000
     -3.50371     10.58889      0.00000
     -3.49371     12.99409      0.00000
     -3.48371     13.40240      0.00000
     -3.47371     16.15682      0.00000
     -3.46371     12.53502      0.00000
     -3.45371      3.98321      0.00000
     -3.44371      0.47285      0.00000
     -3.43371      0.02069      0.00000
     -3.42371      0.00222      0.00000
     -3.41371      0.07918      0.00000
     -3.40371      1.22565      0.00000
     -3.39371      7.03143      0.00000
     -3.38371     15.58235      0.00000
     -3.37371     16.75605      0.00000
     -3.36371     15.62173      0.00000
     -3.35371     12.50649      0.00000
     -3.34371      5.20920      0.00000
     -3.33371      0.98120      0.00000
     -3.32371      0.65595      0.00000
     -3.31371      2.70072      0.00000
     -3.30371      7.88456      0.00000
     -3.29371     14.86192      0.00000
     -3.28371     13.40786      0.00000
     -3.27371      9.34440      0.00000
     -3.26371     17.49221      0.00000
     -3.25371     23.13906      0.00000
     -3.24371     14.52304      0.00000
     -3.23371      8.41954      0.00000
     -3.22371      7.76896      0.00000
     -3.21371      3.97221      0.00000
     -3.20371      0.77676      0.00000
     -3.19371      0.05606      0.00000
     -3.18371      0.00203      0.00000
     -3.17371      0.02583      0.00000
     -3.16371      0.45425      0.00000
     -3.15371      2.93849      0.00000
     -3.14371      6.99298      0.00000
     -3.13371      6.12217      0.00000
     -3.12371      1.97176      0.00000
     -3.11371      0.23364      0.00000
     -3.10371      0.01202      0.00000
     -3.09371      0.05650      0.00000
     -3.08371      0.65469      0.00000
     -3.07371      2.89373      0.00000
     -3.06371      4.88495      0.00000
     -3.05371      3.15552      0.00000
     -3.04371      0.82654      0.00000
     -3.03371      0.93984      0.00000
     -3.02371      5.72173      0.00000
     -3.01371     13.88215      0.00000
     -3.00371     12.39622      0.00000
     -2.99371      4.07747      0.00000
     -2.98371      0.63760      0.00000
     -2.97371      1.48336      0.00000
     -2.96371      5.40118      0.00000
     -2.95371      7.34228      0.00000
     -2.94371      3.67205      0.00000
     -2.93371      0.67560      0.00000
     -2.92371      0.04573      0.00000
     -2.91371      0.00114      0.00000
     -2.90371      0.00000      0.00000
     -2.89371      0.00000      0.00000
     -2.88371      0.00000      0.00000
     -2.87371      0.00000      0.00000
     -2.86371      0.00000      0.00000
     -2.85371      0.00000      0.00000
     -2.84371      0.00000      0.00000
     -2.83371      0.00000      0.00000
     -2.82371      0.00287      0.00000
     -2.81371      0.12643      0.00000
     -2.80371      2.06537      0.00000
     -2.79371     12.52609      0.00000
     -2.78371     28.25553      0.00000
     -2.77371     23.98217      0.00000
     -2.76371      9.62922      0.00000
     -2.75371      8.02590      0.00000
     -2.74371     12.27322      0.00000
     -2.73371     16.13699      0.00000
     -2.72371     13.04542      0.00000
     -2.71371      4.54394      0.00000
     -2.70371      0.72039      0.00000
     -2.69371      0.85158      0.00000
     -2.68371      2.38475      0.00000
     -2.67371      3.29562      0.00000
     -2.66371      3.20540      0.00000
     -2.65371      2.04161      0.00000
     -2.64371      0.71104      0.00000
     -2.63371      1.82171      0.00000
     -2.62371      8.49313      0.00000
     -2.61371     15.39621      0.00000
     -2.60371     11.47801      0.00000
     -2.59371      4.77621      0.00000
     -2.58371      1.45399      0.00000
     -2.57371      0.24787      0.00000
     -2.56371      0.22056      0.00000
     -2.55371      2.19599      0.00000
     -2.54371      9.16831      0.00000
     -2.53371     15.39543      0.00000
     -2.52371     11.34914      0.00000
     -2.51371      4.36047      0.00000
     -2.50371      0.96010      0.00000
     -2.49371      0.10446      0.00000
     -2.48371      0.00473      0.00000
     -2.47371      0.00336      0.00000
     -2.46371      0.10155      0.00000
     -2.45371      1.15707      0.00000
     -2.44371      4.86986      0.00000
     -2.43371      7.79163      0.00000
     -2.42371      5.72282      0.00000
     -2.41371      3.37543      0.00000
     -2.40371      1.60014      0.00000
     -2.39371      0.34843      0.00000
     -2.38371      0.02883      0.00000
     -2.37371      0.00088      0.00000
     -2.36371      0.00001      0.00000
     -2.35371      0.00024      0.00000
     -2.34371      0.01434      0.00000
     -2.33371      0.31437      0.00000
     -2.32371      2.66825      0.00000
     -2.31371      9.19292      0.00000
     -2.30371     13.61407      0.00000
     -2.29371      8.97992      0.00000
     -2.28371      3.83072      0.00000
     -2.27371      8.89129      0.00000
     -2.26371     20.70429      0.00000
     -2.25371     18.63155      0.00000
     -2.24371      7.60485      0.00000
     -2.23371      8.63400      0.00000
     -2.22371     18.31439      0.00000
     -2.21371     22.52839      0.00000
     -2.20371     18.29285      0.00000
     -2.19371     11.51839      0.00000
     -2.18371      8.52962      0.00000
     -2.17371      4.43236      0.00000
     -2.16371      2.32531      0.00000
     -2.15371      5.43855      0.00000
     -2.14371      7.35367      0.00000
     -2.13371      3.70191      0.00000
     -2.12371      0.68575      0.00000
     -2.11371      0.04693      0.00000
     -2.10371      0.01305      0.00000
     -2.09371      0.26112      0.00000
     -2.08371      2.11194      0.00000
     -2.07371      6.28385      0.00000
     -2.06371      6.87822      0.00000
     -2.05371      2.76969      0.00000
     -2.04371      0.41101      0.00000
     -2.03371      0.06261      0.00000
     -2.02371      0.84367      0.00000
     -2.01371      6.56528      0.00000
     -2.00371     19.01400      0.00000
     -1.99371     20.82479      0.00000
     -1.98371     10.95006      0.00000
     -1.97371      8.11294      0.00000
     -1.96371      6.31441      0.00000
     -1.95371      2.30445      0.00000
     -1.94371      3.19712      0.00000
     -1.93371     14.03800      0.00000
     -1.92371     24.76929      0.00000
     -1.91371     16.21834      0.00000
     -1.90371      3.93992      0.00000
     -1.89371      0.36352      0.00000
     -1.88371      0.21326      0.00000
     -1.87371      1.79731      0.00000
     -1.86371      5.90041      0.00000
     -1.85371      7.12696      0.00000
     -1.84371      3.18759      0.00000
     -1.83371      0.99550      0.00000
     -1.82371      4.03174      0.00000
     -1.81371     12.37102      0.00000
     -1.80371     14.75272      0.00000
     -1.79371      9.85787      0.00000
     -1.78371      8.32702      0.00000
     -1.77371      5.07439      0.00000
     -1.76371      1.24973      0.00000
     -1.75371      0.11417      0.00000
     -1.74371      0.00384      0.00000
     -1.73371      0.00005      0.00000
     -1.72371      0.00188      0.00000
     -1.71371      0.07102      0.00000
     -1.70371      0.99094      0.00000
     -1.69371      5.12083      0.00000
     -1.68371      9.81063      0.00000
     -1.67371      6.97528      0.00000
     -1.66371      1.85728      0.00000
     -1.65371      0.55879      0.00000
     -1.64371      3.45998      0.00000
     -1.63371     11.61575      0.00000
     -1.62371     14.54793      0.00000
     -1.61371      8.28461      0.00000
     -1.60371      6.93638      0.00000
     -1.59371      7.24992      0.00000
     -1.58371      3.54533      0.00000
     -1.57371      2.00363      0.00000
     -1.56371      2.52497      0.00000
     -1.55371      1.55643      0.00000
     -1.54371      0.35723      0.00000
     -1.53371      0.03018      0.00000
     -1.52371      0.00094      0.00000
     -1.51371      0.00001      0.00000
     -1.50371      0.00000      0.00000
     -1.49371      0.00000      0.00000
     -1.48371      0.00000      0.00000
     -1.47371      0.00000      0.00000
     -1.46371      0.00136      0.00000
     -1.45371      0.06149      0.00000
     -1.44371      1.02641      0.00000
     -1.43371      6.30250      0.00000
     -1.42371     14.23676      0.00000
     -1.41371     11.83083      0.00000
     -1.40371      3.61680      0.00000
     -1.39371      0.40676      0.00000
     -1.38371      0.01683      0.00000
     -1.37371      0.00026      0.00000
     -1.36371      0.00000      0.00000
     -1.35371      0.00000      0.00000
     -1.34371      0.00000      0.00000
     -1.33371      0.00000      0.00000
     -1.32371      0.00000      0.00000
     -1.31371      0.00000      0.00000
     -1.30371      0.00000      0.00000
     -1.29371      0.00000      0.00000
     -1.28371      0.00000      0.00000
     -1.27371      0.00000      0.00000
     -1.26371      0.00000      0.00000
     -1.25371      0.00043      0.00000
     -1.24371      0.02163      0.00000
     -1.23371      0.40076      0.00000
     -1.22371      2.73180      0.00000
     -1.21371      6.85051      0.00000
     -1.20371      6.31978      0.00000
     -1.19371      2.14480      0.00000
     -1.18371      0.26778      0.00000
     -1.17371      0.01230      0.00000
     -1.16371      0.00021      0.00000
     -1.15371      0.00000      0.00000
     -1.14371      0.00000      0.00000
     -1.13371      0.00046      0.00000
     -1.12371      0.02288      0.00000
     -1.11371      0.41719      0.00000
     -1.10371      2.80449      0.00000
     -1.09371      7.09609      0.00000
     -1.08371      8.04133      0.00000
     -1.07371      7.97029      0.00000
     -1.06371      7.39360      0.00000
     -1.05371      3.19785      0.00000
     -1.04371      0.52349      0.00000
     -1.03371      0.03162      0.00000
     -1.02371      0.00072      0.00000
     -1.01371      0.00142      0.00000
     -1.00371      0.04106      0.00000
     -0.99371      0.43742      0.00000
     -0.98371      1.71410      0.00000
     -0.97371      2.47102      0.00000
     -0.96371      1.31046      0.00000
     -0.95371      0.25567      0.00000
     -0.94371      0.01835      0.00000
     -0.93371      0.00048      0.00000
     -0.92371      0.00000      0.00000
     -0.91371      0.00000      0.00000
     -0.90371      0.00000      0.00000
     -0.89371      0.00000      0.00000
     -0.88371      0.00000      0.00000
     -0.87371      0.00000      0.00000
     -0.86371      0.00000      0.00000
     -0.85371      0.00000      0.00000
     -0.84371      0.00000      0.00000
     -0.83371      0.00000      0.00000
     -0.82371      0.00000      0.00000
     -0.81371      0.00000      0.00000
     -0.80371      0.00000      0.00000
     -0.79371      0.00000      0.00000
     -0.78371      0.00000      0.00000
     -0.77371      0.00000      0.00000
     -0.76371      0.00000      0.00000
     -0.75371      0.00000      0.00000
     -0.74371      0.00000      0.00000
     -0.73371      0.00000      0.00000
     -0.72371      0.00000      0.00000
     -0.71371      0.00000      0.00000
     -0.70371      0.00000      0.00000
     -0.69371      0.00000      0.00000
     -0.68371      0.00000      0.00000
     -0.67371      0.00000      0.00000
     -0.66371      0.00000      0.00000
     -0.65371      0.00000      0.00000
     -0.64371      0.00000      0.00000
     -0.63371      0.00006      0.00000
     -0.62371      0.00490      0.00000
     -0.61371      0.13679      0.00000
     -0.60371      1.40448      0.00000
     -0.59371      5.30501      0.00000
     -0.58371      7.37158      0.00000
     -0.57371      3.76825      0.00000
     -0.56371      0.70870      0.00000
     -0.55371      0.05335      0.00000
     -0.54371      0.12594      0.00000
     -0.53371      1.32265      0.00000
     -0.52371      5.16111      0.00000
     -0.51371      7.40878      0.00000
     -0.50371      3.91255      0.00000
     -0.49371      0.76309      0.00000
     -0.48371      0.14897      0.00000
     -0.47371      1.10514      0.00000
     -0.46371      4.73504      0.00000
     -0.45371      7.47303      0.00000
     -0.44371      4.33886      0.00000
     -0.43371      0.92674      0.00000
     -0.42371      0.07282      0.00000
     -0.41371      0.00273      0.00000
     -0.40371      0.02890      0.00000
     -0.39371      0.49140      0.00000
     -0.38371      3.07605      0.00000
     -0.37371      7.14015      0.00000
     -0.36371      6.84682      0.00000
     -0.35371      6.03147      0.00000
     -0.34371      7.66884      0.00000
     -0.33371      4.91732      0.00000
     -0.32371      1.18897      0.00000
     -0.31371      0.10593      0.00000
     -0.30371      0.00347      0.00000
     -0.29371      0.00004      0.00000
     -0.28371      0.00073      0.00000
     -0.27371      0.03261      0.00000
     -0.26371      0.53473      0.00000
     -0.25371      3.22543      0.00000
     -0.24371      7.15729      0.00000
     -0.23371      5.84272      0.00000
     -0.22371      1.75464      0.00000
     -0.21371      0.19385      0.00000
     -0.20371      0.00788      0.00000
     -0.19371      0.00012      0.00000
     -0.18371      0.00085      0.00000
     -0.17371      0.03655      0.00000
     -0.16371      0.57886      0.00000
     -0.15371      3.37225      0.00000
     -0.14371      7.22726      0.00000
     -0.13371      5.69814      0.00000
     -0.12371      1.65271      0.00000
     -0.11371      0.17635      0.00000
     -0.10371      0.00692      0.00000
     -0.09371      0.00010      0.00000
     -0.08371      0.00003      0.00000
     -0.07371      0.00277      0.00000
     -0.06371      0.08940      0.00000
     -0.05371      1.06282      0.00000
     -0.04371      4.64802      0.00000
     -0.03371      7.47793      0.00000
     -0.02371      4.42589      0.00000
     -0.01371      0.96366      0.00000
     -0.00371      0.07719      0.00000
      0.00629      0.00227      0.00000
      0.01629      0.00000      0.00000
      0.02629      0.00000      0.00000
      0.03629      0.00000      0.00000
      0.04629      0.00000      0.00000
      0.05629      0.00000      0.00000
      0.06629      0.00000      0.00000
      0.07629      0.00000      0.00000
      0.08629      0.00000      0.00000
      0.09629      0.00000      0.00000
      0.10629      0.00000      0.00000
      0.11629      0.00000      0.00000
      0.12629      0.00000      0.00000
      0.13629      0.00000      0.00000
      0.14629      0.00000      0.00000
      0.15629      0.00000      0.00000
      0.16629      0.00000      0.00000
      0.17629      0.00070      0.00000
      0.18629      0.03164      0.00000
      0.19629      0.52353      0.00000
      0.20629      3.18706      0.00000
      0.21629      7.13747      0.00000
      0.22629      5.88036      0.00000
      0.23629      1.78234      0.00000
      0.24629      0.20519      0.00000
      0.25629      0.17639      0.00000
      0.26629      1.62243      0.00000
      0.27629      6.08858      0.00000
      0.28629     11.19601      0.00000
      0.29629     15.68378      0.00000
      0.30629     14.59456      0.00000
      0.31629      5.92765      0.00000
      0.32629      0.99628      0.00000
      0.33629      1.07446      0.00000
      0.34629      4.56094      0.00000
      0.35629      7.48015      0.00000
      0.36629      4.52062      0.00000
      0.37629      1.20546      0.00000
      0.38629      2.39596      0.00000
      0.39629      9.69211      0.00000
      0.40629     14.92582      0.00000
      0.41629      8.45812      0.00000
      0.42629      1.76325      0.00000
      0.43629      0.13523      0.00000
      0.44629      0.00382      0.00000
      0.45629      0.00000      0.00000
      0.46629      0.00000      0.00000
      0.47629      0.00000      0.00000
      0.48629      0.00150      0.00000
      0.49629      0.06650      0.00000
      0.50629      1.08402      0.00000
      0.51629      6.50029      0.00000
      0.52629     14.33943      0.00000
      0.53629     11.63689      0.00000
      0.54629      3.47414      0.00000
      0.55629      0.38156      0.00000
      0.56629      0.01542      0.00000
      0.57629      0.00023      0.00000
      0.58629      0.00000      0.00000
      0.59629      0.00000      0.00000
      0.60629      0.00000      0.00000
      0.61629      0.00000      0.00000
      0.62629      0.00000      0.00000
      0.63629      0.00000      0.00000
      0.64629      0.00000      0.00000
      0.65629      0.00000      0.00000
      0.66629      0.00000      0.00000
      0.67629      0.00000      0.00000
      0.68629      0.00000      0.00000
      0.69629      0.00000      0.00000
      0.70629      0.00000      0.00000
      0.71629      0.00000      0.00000
      0.72629      0.00000      0.00000
      0.73629      0.00000      0.00000
      0.74629      0.00000      0.00000
      0.75629      0.00000      0.00000
      0.76629      0.00000      0.00000
      0.77629      0.00000      0.00000
      0.78629      0.00000      0.00000
      0.79629      0.00309      0.00000
      0.80629      0.11535      0.00000
      0.81629      1.58337      0.00000
      0.82629      7.99581      0.00000
      0.83629     14.85507      0.00000
      0.84629     10.19901      0.00000
      0.85629      3.45874      0.00000
      0.86629      6.81189      0.00000
      0.87629     18.35788      0.00000
      0.88629     20.05600      0.00000
      0.89629      8.87917      0.00000
      0.90629      3.15068      0.00000
      0.91629      5.78512      0.00000
      0.92629      7.23754      0.00000
      0.93629      3.38923      0.00000
      0.94629      0.58409      0.00000
      0.95629      0.03703      0.00000
      0.96629      0.00086      0.00000
      0.97629      0.00000      0.00000
      0.98629      0.00000      0.00000
      0.99629      0.00000      0.00000
      1.00629      0.00000      0.00000
      1.01629      0.00000      0.00000
      1.02629      0.00000      0.00000
      1.03629      0.00000      0.00000
      1.04629      0.00000      0.00000
      1.05629      0.00000      0.00000
      1.06629      0.00003      0.00000
      1.07629      0.00455      0.00000
      1.08629      0.15395      0.00000
      1.09629      1.92045      0.00000
      1.10629      8.82662      0.00000
      1.11629     14.97245      0.00000
      1.12629      9.80966      0.00000
      1.13629      5.20388      0.00000
      1.14629      7.24946      0.00000
      1.15629      6.00862      0.00000
      1.16629      1.88200      0.00000
      1.17629      0.38295      0.00000
      1.18629      1.60785      0.00000
      1.19629      5.61793      0.00000
      1.20629      7.26206      0.00000
      1.21629      3.45350      0.00000
      1.22629      0.60418      0.00000
      1.23629      0.03888      0.00000
      1.24629      0.00092      0.00000
      1.25629      0.00000      0.00000
      1.26629      0.00009      0.00000
      1.27629      0.00612      0.00000
      1.28629      0.16104      0.00000
      1.29629      1.55987      0.00000
      1.30629      5.55886      0.00000
      1.31629      7.30793      0.00000
      1.32629      3.80169      0.00000
      1.33629      2.01859      0.00000
      1.34629      2.52658      0.00000
      1.35629      1.63044      0.00000
      1.36629      0.40121      0.00000
      1.37629      0.26479      0.00000
      1.38629      2.40457      0.00000
      1.39629      9.58028      0.00000
      1.40629     14.65313      0.00000
      1.41629      9.15685      0.00000
      1.42629      6.48415      0.00000
      1.43629     13.12989      0.00000
      1.44629     14.25871      0.00000
      1.45629     10.57306      0.00000
      1.46629     14.39042      0.00000
      1.47629     12.73618      0.00000
      1.48629      4.61943      0.00000
      1.49629      3.42195      0.00000
      1.50629     10.75064      0.00000
      1.51629     14.70917      0.00000
      1.52629      7.42063      0.00000
      1.53629      1.37730      0.00000
      1.54629      0.09859      0.00000
      1.55629      0.13908      0.00000
      1.56629      1.57677      0.00000
      1.57629      7.21514      0.00000
      1.58629     13.61011      0.00000
      1.59629     10.84105      0.00000
      1.60629      3.73689      0.00000
      1.61629      1.83261      0.00000
      1.62629      5.23053      0.00000
      1.63629      7.41060      0.00000
      1.64629      4.06197      0.00000
      1.65629      2.00211      0.00000
      1.66629      3.95213      0.00000
      1.67629      7.37889      0.00000
      1.68629      7.88480      0.00000
      1.69629      3.67703      0.00000
      1.70629      0.81426      0.00000
      1.71629      1.98873      0.00000
      1.72629      8.89366      0.00000
      1.73629     14.95735      0.00000
      1.74629      9.25522      0.00000
      1.75629      2.10680      0.00000
      1.76629      0.17643      0.00000
      1.77629      0.00544      0.00000
      1.78629      0.00006      0.00000
      1.79629      0.00000      0.00000
      1.80629      0.00169      0.00000
      1.81629      0.06160      0.00000
      1.82629      0.82782      0.00000
      1.83629      4.09283      0.00000
      1.84629      7.44419      0.00000
      1.85629      4.98100      0.00000
      1.86629      1.22609      0.00000
      1.87629      0.11103      0.00000
      1.88629      0.00370      0.00000
      1.89629      0.00005      0.00000
      1.90629      0.00004      0.00000
      1.91629      0.00323      0.00000
      1.92629      0.10720      0.00000
      1.93629      1.37005      0.00000
      1.94629      6.97179      0.00000
      1.95629     14.78825      0.00000
      1.96629     13.69558      0.00000
      1.97629      5.68132      0.00000
      1.98629      1.04706      0.00000
      1.99629      0.08567      0.00000
      2.00629      0.07166      0.00000
      2.01629      0.60950      0.00000
      2.02629      1.98062      0.00000
      2.03629      2.36787      0.00000
      2.04629      1.04246      0.00000
      2.05629      0.20168      0.00000
      2.06629      0.39042      0.00000
      2.07629      1.60441      0.00000
      2.08629      2.48878      0.00000
      2.09629      1.42108      0.00000
      2.10629      0.32777      0.00000
      2.11629      0.52928      0.00000
      2.12629      3.31715      0.00000
      2.13629      9.20446      0.00000
      2.14629     14.16214      0.00000
      2.15629     15.64612      0.00000
      2.16629     11.52294      0.00000
      2.17629      5.64544      0.00000
      2.18629      2.04780      0.00000
      2.19629      0.82846      0.00000
      2.20629      2.86720      0.00000
      2.21629      7.30084      0.00000
      2.22629      9.24700      0.00000
      2.23629     10.63313      0.00000
      2.24629      9.25578      0.00000
      2.25629      3.50738      0.00000
      2.26629      0.50133      0.00000
      2.27629      0.02651      0.00000
      2.28629      0.00052      0.00000
      2.29629      0.00000      0.00000
      2.30629      0.00000      0.00000
      2.31629      0.00000      0.00000
      2.32629      0.00000      0.00000
      2.33629      0.00146      0.00000
      2.34629      0.06471      0.00000
      2.35629      1.06412      0.00000
      2.36629      6.56044      0.00000
      2.37629     15.87395      0.00000
      2.38629     17.39027      0.00000
      2.39629     10.82062      0.00000
      2.40629      3.82404      0.00000
      2.41629      0.61122      0.00000
      2.42629      0.03825      0.00000
      2.43629      0.00202      0.00000
      2.44629      0.05794      0.00000
      2.45629      1.10614      0.00000
      2.46629      7.98985      0.00000
      2.47629     22.48014      0.00000
      2.48629     26.11414      0.00000
      2.49629     13.57822      0.00000
      2.50629      3.29873      0.00000
      2.51629      0.37499      0.00000
      2.52629      0.35653      0.00000
      2.53629      2.48110      0.00000
      2.54629      6.64789      0.00000
      2.55629      6.55355      0.00000
      2.56629      2.37670      0.00000
      2.57629      0.31722      0.00000
      2.58629      0.02260      0.00000
      2.59629      0.13155      0.00000
      2.60629      0.90130      0.00000
      2.61629      2.27654      0.00000
      2.62629      2.11538      0.00000
      2.63629      0.72312      0.00000
      2.64629      0.09204      0.00000
      2.65629      0.05666      0.00000
      2.66629      0.91871      0.00000
      2.67629      5.92935      0.00000
      2.68629     14.24260      0.00000
      2.69629     13.45791      0.00000
      2.70629      6.36957      0.00000
      2.71629      2.23768      0.00000
      2.72629      0.50289      0.00000
      2.73629      0.28235      0.00000
      2.74629      1.98467      0.00000
      2.75629      6.13571      0.00000
      2.76629      6.98698      0.00000
      2.77629      3.01898      0.00000
      2.78629      1.55919      0.00000
      2.79629      4.94180      0.00000
      2.80629      9.30884      0.00000
      2.81629     11.35546      0.00000
      2.82629     11.92495      0.00000
      2.83629      8.17362      0.00000
      2.84629      4.52268      0.00000
      2.85629      7.10951      0.00000
      2.86629     18.87204      0.00000
      2.87629     31.83551      0.00000
      2.88629     32.01908      0.00000
      2.89629     26.47373      0.00000
      2.90629     19.57891      0.00000
      2.91629     18.56946      0.00000
      2.92629     20.17194      0.00000
      2.93629     16.84906      0.00000
      2.94629     12.17116      0.00000
      2.95629      5.95403      0.00000
      2.96629      1.47425      0.00000
      2.97629      1.34763      0.00000
      2.98629      4.98606      0.00000
      2.99629      7.59452      0.00000
      3.00629      5.58491      0.00000
      3.01629      6.27532      0.00000
      3.02629      7.45343      0.00000
      3.03629      4.23319      0.00000
      3.04629      2.93900      0.00000
      3.05629      3.97159      0.00000
      3.06629      3.62474      0.00000
      3.07629      2.11742      0.00000
      3.08629      2.52655      0.00000
      3.09629      6.77914      0.00000
      3.10629     15.35532      0.00000
      3.11629     19.68927      0.00000
      3.12629     12.97190      0.00000
      3.13629      4.35526      0.00000
      3.14629      0.67554      0.00000
      3.15629      0.25888      0.00000
      3.16629      1.94298      0.00000
      3.17629      7.04951      0.00000
      3.18629     13.42183      0.00000
      3.19629     17.32248      0.00000
      3.20629     12.26446      0.00000
      3.21629      3.60575      0.00000
      3.22629      0.40192      0.00000
      3.23629      0.08497      0.00000
      3.24629      1.09015      0.00000
      3.25629      6.49047      0.00000
      3.26629     14.71978      0.00000
      3.27629     13.53584      0.00000
      3.28629      6.01825      0.00000
      3.29629      1.63860      0.00000
      3.30629      1.14932      0.00000
      3.31629      5.94377      0.00000
      3.32629     14.01971      0.00000
      3.33629     12.19334      0.00000
      3.34629      3.90141      0.00000
      3.35629      0.45926      0.00000
      3.36629      0.02247      0.00000
      3.37629      0.08539      0.00000
      3.38629      1.02832      0.00000
      3.39629      4.57256      0.00000
      3.40629      7.47994      0.00000
      3.41629      4.50134      0.00000
      3.42629      0.99657      0.00000
      3.43629      0.08464      0.00000
      3.44629      0.10848      0.00000
      3.45629      1.18970      0.00000
      3.46629      4.91003      0.00000
      3.47629      7.45480      0.00000
      3.48629      4.16383      0.00000
      3.49629      0.85561      0.00000
      3.50629      0.06766      0.00000
      3.51629      0.09657      0.00000
      3.52629      1.10467      0.00000
      3.53629      4.73705      0.00000
      3.54629      7.47289      0.00000
      3.55629      4.33685      0.00000
      3.56629      0.92590      0.00000
      3.57629      0.07272      0.00000
      3.58629      0.00210      0.00000
      3.59629      0.00000      0.00000
      3.60629      0.00000      0.00000
      3.61629      0.00000      0.00000
      3.62629      0.00000      0.00000
      3.63629      0.00000      0.00000
      3.64629      0.00000      0.00000
      3.65629      0.00000      0.00000
      3.66629      0.00000      0.00000
      3.67629      0.00000      0.00000
      3.68629      0.00000      0.00000
      3.69629      0.00000      0.00000
      3.70629      0.00000      0.00000
      3.71629      0.00000      0.00000
      3.72629      0.00000      0.00000
      3.73629      0.00000      0.00000
      3.74629      0.00000      0.00000
      3.75629      0.00000      0.00000
      3.76629      0.00000      0.00000
      3.77629      0.00000      0.00000
      3.78629      0.00000      0.00000
      3.79629      0.00000      0.00000
      3.80629      0.00000      0.00000
      3.81629      0.00000      0.00000
      3.82629      0.00000      0.00000
      3.83629      0.00000      0.00000
      3.84629      0.00000      0.00000
      3.85629      0.00000      0.00000
      3.86629      0.00306      0.00000
      3.87629      0.11443      0.00000
      3.88629      1.57484      0.00000
      3.89629      7.97301      0.00000
      3.90629     14.84958      0.00000
      3.91629     10.17446      0.00000
      3.92629      2.56457      0.00000
      3.93629      0.23781      0.00000
      3.94629      0.00811      0.00000
      3.95629      0.00010      0.00000
      3.96629      0.00000      0.00000
      3.97629      0.00000      0.00000
      3.98629      0.00000      0.00000
      3.99629      0.00000      0.00000
      4.00629      0.00000      0.00000
      4.01629      0.00000      0.00000
      4.02629      0.00000      0.00000
      4.03629      0.00000      0.00000
      4.04629      0.00000      0.00000
      4.05629      0.00000      0.00000
      4.06629      0.00000      0.00000
      4.07629      0.00000      0.00000
      4.08629      0.00000      0.00000
      4.09629      0.00000      0.00000
      4.10629      0.00000      0.00000
      4.11629      0.00000      0.00000
      4.12629      0.00000      0.00000
      4.13629      0.00368      0.00000
      4.14629      0.13161      0.00000
      4.15629      1.73132      0.00000
      4.16629      8.37851      0.00000
      4.17629     14.91630      0.00000
      4.18629      9.76924      0.00000
      4.19629      2.35378      0.00000
      4.20629      0.20889      0.00000
      4.21629      0.02318      0.00000
      4.22629      0.36903      0.00000
      4.23629      3.18970      0.00000
      4.24629     10.74351      0.00000
