Energy-E_F (eV)    DOS (1/eV)    PDOS (1/eV)  of atom type W  
     -4.99000      0.27891      0.27891
     -4.98000      0.01733      0.01733
     -4.97000      0.00040      0.00040
     -4.96000      0.00000      0.00000
     -4.95000      0.00000      0.00000
     -4.94000      0.00000      0.00000
     -4.93000      0.00000      0.00000
     -4.92000      0.00000      0.00000
     -4.91000      0.00000      0.00000
     -4.90000      0.00000      0.00000
     -4.89000      0.00004      0.00004
     -4.88000      0.00290      0.00290
     -4.87000      0.08307      0.08307
     -4.86000      0.87875      0.87875
     -4.85000      3.42857      3.42857
     -4.84000      4.93464      4.93464
     -4.83000      2.62041      2.62041
     -4.82000      0.51349      0.51349
     -4.81000      0.03829      0.03829
     -4.80000      0.03991      0.03991
     -4.79000      0.48456      0.48456
     -4.78000      2.21951      2.21951
     -4.77000      3.75241      3.75241
     -4.76000      2.59949      2.59949
     -4.75000      2.74133      2.74133
     -4.74000      6.43624      6.43624
     -4.73000      6.79365      6.79365
     -4.72000      2.65527      2.65527
     -4.71000      0.38186      0.38186
     -4.70000      0.02020      0.02020
     -4.69000      0.00081      0.00081
     -4.68000      0.01809      0.01809
     -4.67000      0.28743      0.28743
     -4.66000      1.67968      1.67968
     -4.65000      3.61655      3.61655
     -4.64000      3.00384      3.00384
     -4.63000      2.25663      2.25663
     -4.62000      5.30331      5.30331
     -4.61000      7.39681      7.39681
     -4.60000      5.18235      5.18235
     -4.59000      5.74651      5.74651
     -4.58000      7.29511      7.29511
     -4.57000      4.10952      4.10952
     -4.56000      0.98905      0.98905
     -4.55000      0.88908      0.88908
     -4.54000      2.83127      2.83127
     -4.53000      3.62274      3.62274
     -4.52000      1.71377      1.71377
     -4.51000      0.44493      0.44493
     -4.50000      1.16416      1.16416
     -4.49000      3.23578      3.23578
     -4.48000      3.36222      3.36222
     -4.47000      1.28540      1.28540
     -4.46000      0.18096      0.18096
     -4.45000      0.01779      0.01779
     -4.44000      0.14941      0.14941
     -4.43000      0.97131      0.97131
     -4.42000      2.32572      2.32572
     -4.41000      2.04861      2.04861
     -4.40000      0.66411      0.66411
     -4.39000      0.08875      0.08875
     -4.38000      0.13545      0.13545
     -4.37000      0.66647      0.66647
     -4.36000      1.23797      1.23797
     -4.35000      0.85203      0.85203
     -4.34000      0.34649      0.34649
     -4.33000      1.09183      1.09183
     -4.32000      3.16031      3.16031
     -4.31000      3.42546      3.42546
     -4.30000      1.36617      1.36617
     -4.29000      0.20045      0.20045
     -4.28000      0.01082      0.01082
     -4.27000      0.00021      0.00021
     -4.26000      0.00000      0.00000
     -4.25000      0.00000      0.00000
     -4.24000      0.00000      0.00000
     -4.23000      0.00000      0.00000
     -4.22000      0.00000      0.00000
     -4.21000      0.00000      0.00000
     -4.20000      0.00000      0.00000
     -4.19000      0.00000      0.00000
     -4.18000      0.00000      0.00000
     -4.17000      0.00000      0.00000
     -4.16000      0.00000      0.00000
     -4.15000      0.00000      0.00000
     -4.14000      0.00000      0.00000
     -4.13000      0.00000      0.00000
     -4.12000      0.00000      0.00000
     -4.11000      0.00000      0.00000
     -4.10000      0.00000      0.00000
     -4.09000      0.00008      0.00008
     -4.08000      0.00501      0.00501
     -4.07000      0.11546      0.11546
     -4.06000      0.97884      0.97884
     -4.05000      3.05401      3.05401
     -4.04000      3.54857      3.54857
     -4.03000      2.02332      2.02332
     -4.02000      2.58306      2.58306
     -4.01000      3.75056      3.75056
     -4.00000      2.18367      2.18367
     -3.99000      0.46924      0.46924
     -3.98000      0.03710      0.03710
     -3.97000      0.00108      0.00108
     -3.96000      0.00000      0.00000
     -3.95000      0.00000      0.00000
     -3.94000      0.00000      0.00000
     -3.93000      0.00016      0.00016
     -3.92000      0.00936      0.00936
     -3.91000      0.21046      0.21046
     -3.90000      1.85793      1.85793
     -3.89000      6.37663      6.37663
     -3.88000      8.39530      8.39530
     -3.87000      4.18642      4.18642
     -3.86000      0.78281      0.78281
     -3.85000      0.05450      0.05450
     -3.84000      0.00141      0.00141
     -3.83000      0.00000      0.00000
     -3.82000      0.00000      0.00000
     -3.81000      0.00000      0.00000
     -3.80000      0.00000      0.00000
     -3.79000      0.00000      0.00000
     -3.78000      0.00000      0.00000
     -3.77000      0.00000      0.00000
     -3.76000      0.00000      0.00000
     -3.75000      0.00000      0.00000
     -3.74000      0.00000      0.00000
     -3.73000      0.00000      0.00000
     -3.72000      0.00019      0.00019
     -3.71000      0.00981      0.00981
     -3.70000      0.18764      0.18764
     -3.69000      1.33725      1.33725
     -3.68000      3.75174      3.75174
     -3.67000      5.13553      5.13553
     -3.66000      4.81806      4.81806
     -3.65000      2.76424      2.76424
     -3.64000      0.85946      0.85946
     -3.63000      1.56831      1.56831
     -3.62000      5.20920      5.20920
     -3.61000      7.83470      7.83470
     -3.60000      6.71332      6.71332
     -3.59000      4.52655      4.52655
     -3.58000      1.96670      1.96670
     -3.57000      1.39388      1.39388
     -3.56000      3.18887      3.18887
     -3.55000      3.41985      3.41985
     -3.54000      1.39055      1.39055
     -3.53000      0.63920      0.63920
     -3.52000      2.12592      2.12592
     -3.51000      3.73175      3.73175
     -3.50000      2.42166      2.42166
     -3.49000      0.57816      0.57816
     -3.48000      0.05095      0.05095
     -3.47000      0.01174      0.01174
     -3.46000      0.22863      0.22863
     -3.45000      2.01133      2.01133
     -3.44000      7.49086      7.49086
     -3.43000     13.87678     13.87678
     -3.42000     14.77078     14.77078
     -3.41000      8.72178      8.72178
     -3.40000      2.53639      2.53639
     -3.39000      0.33404      0.33404
     -3.38000      0.01870      0.01870
     -3.37000      0.00146      0.00146
     -3.36000      0.04271      0.04271
     -3.35000      0.64458      0.64458
     -3.34000      3.57896      3.57896
     -3.33000      7.31047      7.31047
     -3.32000      5.49388      5.49388
     -3.31000      1.53979      1.53979
     -3.30000      0.47620      0.47620
     -3.29000      1.83274      1.83274
     -3.28000      4.29586      4.29586
     -3.27000      6.42449      6.42449
     -3.26000      9.46760      9.46760
     -3.25000     12.10416     12.10416
     -3.24000     12.72105     12.72105
     -3.23000      7.25074      7.25074
     -3.22000      1.66735      1.66735
     -3.21000      0.14833      0.14833
     -3.20000      0.11200      0.11200
     -3.19000      0.93579      0.93579
     -3.18000      3.00327      3.00327
     -3.17000      3.64201      3.64201
     -3.16000      2.46371      2.46371
     -3.15000      3.23864      3.23864
     -3.14000      3.61867      3.61867
     -3.13000      2.21715      2.21715
     -3.12000      2.85357      2.85357
     -3.11000      3.71260      3.71260
     -3.10000      1.93024      1.93024
     -3.09000      0.37052      0.37052
     -3.08000      0.02617      0.02617
     -3.07000      0.00068      0.00068
     -3.06000      0.00000      0.00000
     -3.05000      0.00000      0.00000
     -3.04000      0.00000      0.00000
     -3.03000      0.00025      0.00025
     -3.02000      0.01130      0.01130
     -3.01000      0.19865      0.19865
     -3.00000      1.45525      1.45525
     -2.99000      5.02821      5.02821
     -2.98000      8.72775      8.72775
     -2.97000      6.99205      6.99205
     -2.96000      2.35673      2.35673
     -2.95000      0.74372      0.74372
     -2.94000      1.15660      1.15660
     -2.93000      1.06963      1.06963
     -2.92000      0.63628      0.63628
     -2.91000      1.69969      1.69969
     -2.90000      3.60355      3.60355
     -2.89000      2.93429      2.93429
     -2.88000      1.41578      1.41578
     -2.87000      2.52805      2.52805
     -2.86000      4.87953      4.87953
     -2.85000      4.91390      4.91390
     -2.84000      2.45998      2.45998
     -2.83000      1.63304      1.63304
     -2.82000      3.35848      3.35848
     -2.81000      3.90710      3.90710
     -2.80000      3.67164      3.67164
     -2.79000      3.99187      3.99187
     -2.78000      3.00701      3.00701
     -2.77000      3.95365      3.95365
     -2.76000      6.24584      6.24584
     -2.75000      5.42766      5.42766
     -2.74000      2.79071      2.79071
     -2.73000      3.69828      3.69828
     -2.72000      7.22350      7.22350
     -2.71000      5.76491      5.76491
     -2.70000      1.69850      1.69850
     -2.69000      0.18412      0.18412
     -2.68000      0.00734      0.00734
     -2.67000      0.00011      0.00011
     -2.66000      0.00000      0.00000
     -2.65000      0.00000      0.00000
     -2.64000      0.00000      0.00000
     -2.63000      0.00000      0.00000
     -2.62000      0.00000      0.00000
     -2.61000      0.00060      0.00060
     -2.60000      0.02817      0.02817
     -2.59000      0.48269      0.48269
     -2.58000      3.04297      3.04297
     -2.57000      7.05718      7.05718
     -2.56000      6.02223      6.02223
     -2.55000      1.92869      1.92869
     -2.54000      0.69619      0.69619
     -2.53000      2.40873      2.40873
     -2.52000      5.22546      5.22546
     -2.51000      5.17591      5.17591
     -2.50000      3.17985      3.17985
     -2.49000      3.53428      3.53428
     -2.48000      3.43017      3.43017
     -2.47000      1.44266      1.44266
     -2.46000      1.11604      1.11604
     -2.45000      2.99243      2.99243
     -2.44000      3.54565      3.54565
     -2.43000      1.55586      1.55586
     -2.42000      0.36922      0.36922
     -2.41000      1.01589      1.01589
     -2.40000      3.07959      3.07959
     -2.39000      3.48426      3.48426
     -2.38000      1.45038      1.45038
     -2.37000      0.22210      0.22210
     -2.36000      0.01251      0.01251
     -2.35000      0.00032      0.00032
     -2.34000      0.00435      0.00435
     -2.33000      0.11221      0.11221
     -2.32000      1.11669      1.11669
     -2.31000      4.40336      4.40336
     -2.30000      7.10572      7.10572
     -2.29000      5.20762      5.20762
     -2.28000      3.65292      3.65292
     -2.27000      4.60651      4.60651
     -2.26000      6.77269      6.77269
     -2.25000     12.21953     12.21953
     -2.24000     12.96821     12.96821
     -2.23000      6.14409      6.14409
     -2.22000      1.24230      1.24230
     -2.21000      0.58295      0.58295
     -2.20000      3.06464      3.06464
     -2.19000      7.06824      7.06824
     -2.18000      6.00433      6.00433
     -2.17000      1.92623      1.92623
     -2.16000      0.79422      0.79422
     -2.15000      2.43182      2.43182
     -2.14000      3.73156      3.73156
     -2.13000      2.11424      2.11424
     -2.12000      0.44070      0.44070
     -2.11000      0.03379      0.03379
     -2.10000      0.00095      0.00095
     -2.09000      0.00000      0.00000
     -2.08000      0.00108      0.00108
     -2.07000      0.04283      0.04283
     -2.06000      0.68035      0.68035
     -2.05000      4.43831      4.43831
     -2.04000     12.02595     12.02595
     -2.03000     13.34576     13.34576
     -2.02000      5.89257      5.89257
     -2.01000      1.00636      1.00636
     -2.00000      0.06517      0.06517
     -1.99000      0.00245      0.00245
     -1.98000      0.03158      0.03158
     -1.97000      0.42095      0.42095
     -1.96000      2.06453      2.06453
     -1.95000      3.72492      3.72492
     -1.94000      2.47240      2.47240
     -1.93000      0.60420      0.60420
     -1.92000      0.07836      0.07836
     -1.91000      0.43471      0.43471
     -1.90000      2.85777      2.85777
     -1.89000      6.94011      6.94011
     -1.88000      6.21013      6.21013
     -1.87000      2.17922      2.17922
     -1.86000      1.02138      1.02138
     -1.85000      2.12334      2.12334
     -1.84000      4.08732      4.08732
     -1.83000      6.40847      6.40847
     -1.82000      8.42687      8.42687
     -1.81000      6.83811      6.83811
     -1.80000      3.29861      3.29861
     -1.79000      3.52165      3.52165
     -1.78000      4.53512      4.53512
     -1.77000      4.56581      4.56581
     -1.76000      3.65881      3.65881
     -1.75000      1.40165      1.40165
     -1.74000      0.20660      0.20660
     -1.73000      0.01127      0.01127
     -1.72000      0.00023      0.00023
     -1.71000      0.00000      0.00000
     -1.70000      0.00000      0.00000
     -1.69000      0.00029      0.00029
     -1.68000      0.01379      0.01379
     -1.67000      0.23781      0.23781
     -1.66000      1.50868      1.50868
     -1.65000      3.52108      3.52108
     -1.64000      3.03123      3.03123
     -1.63000      1.15608      1.15608
     -1.62000      1.90773      1.90773
     -1.61000      5.90466      5.90466
     -1.60000      7.12697      7.12697
     -1.59000      3.16709      3.16709
     -1.58000      0.51776      0.51776
     -1.57000      0.03126      0.03126
     -1.56000      0.00689      0.00689
     -1.55000      0.12009      0.12009
     -1.54000      0.85512      0.85512
     -1.53000      2.23998      2.23998
     -1.52000      2.15859      2.15859
     -1.51000      0.76655      0.76655
     -1.50000      0.14299      0.14299
     -1.49000      0.52416      0.52416
     -1.48000      2.29787      2.29787
     -1.47000      3.73977      3.73977
     -1.46000      2.23917      2.23917
     -1.45000      0.49321      0.49321
     -1.44000      0.03997      0.03997
     -1.43000      0.00119      0.00119
     -1.42000      0.00000      0.00000
     -1.41000      0.00000      0.00000
     -1.40000      0.00000      0.00000
     -1.39000      0.00000      0.00000
     -1.38000      0.00027      0.00027
     -1.37000      0.01517      0.01517
     -1.36000      0.31127      0.31127
     -1.35000      2.35031      2.35031
     -1.34000      6.52862      6.52862
     -1.33000      6.67151      6.67151
     -1.32000      2.50803      2.50803
     -1.31000      0.34685      0.34685
     -1.30000      0.01765      0.01765
     -1.29000      0.00033      0.00033
     -1.28000      0.00003      0.00003
     -1.27000      0.00232      0.00232
     -1.26000      0.06578      0.06578
     -1.25000      0.68472      0.68472
     -1.24000      2.62216      2.62216
     -1.23000      3.69412      3.69412
     -1.22000      1.91456      1.91456
     -1.21000      0.36503      0.36503
     -1.20000      0.02560      0.02560
     -1.19000      0.00066      0.00066
     -1.18000      0.00000      0.00000
     -1.17000      0.00000      0.00000
     -1.16000      0.00006      0.00006
     -1.15000      0.00378      0.00378
     -1.14000      0.09398      0.09398
     -1.13000      0.86045      0.86045
     -1.12000      2.90025      2.90025
     -1.11000      3.64006      3.64006
     -1.10000      2.01747      2.01747
     -1.09000      1.35199      1.35199
     -1.08000      1.13846      1.13846
     -1.07000      0.42981      0.42981
     -1.06000      0.06049      0.06049
     -1.05000      0.00313      0.00313
     -1.04000      0.00006      0.00006
     -1.03000      0.00000      0.00000
     -1.02000      0.00000      0.00000
     -1.01000      0.00000      0.00000
     -1.00000      0.00000      0.00000
     -0.99000      0.00000      0.00000
     -0.98000      0.00000      0.00000
     -0.97000      0.00000      0.00000
     -0.96000      0.00000      0.00000
     -0.95000      0.00000      0.00000
     -0.94000      0.00000      0.00000
     -0.93000      0.00000      0.00000
     -0.92000      0.00075      0.00075
     -0.91000      0.02816      0.02816
     -0.90000      0.38947      0.38947
     -0.89000      1.98188      1.98188
     -0.88000      3.71004      3.71004
     -0.87000      2.55498      2.55498
     -0.86000      0.64729      0.64729
     -0.85000      0.06033      0.06033
     -0.84000      0.00207      0.00207
     -0.83000      0.00003      0.00003
     -0.82000      0.00000      0.00000
     -0.81000      0.00000      0.00000
     -0.80000      0.00000      0.00000
     -0.79000      0.00000      0.00000
     -0.78000      0.00000      0.00000
     -0.77000      0.00000      0.00000
     -0.76000      0.00000      0.00000
     -0.75000      0.00000      0.00000
     -0.74000      0.00000      0.00000
     -0.73000      0.00037      0.00037
     -0.72000      0.01655      0.01655
     -0.71000      0.27013      0.27013
     -0.70000      1.62210      1.62210
     -0.69000      3.58338      3.58338
     -0.68000      2.91214      2.91214
     -0.67000      0.87064      0.87064
     -0.66000      0.09576      0.09576
     -0.65000      0.00387      0.00387
     -0.64000      0.00006      0.00006
     -0.63000      0.00000      0.00000
     -0.62000      0.00000      0.00000
     -0.61000      0.00000      0.00000
     -0.60000      0.00099      0.00099
     -0.59000      0.03475      0.03475
     -0.58000      0.44905      0.44905
     -0.57000      2.13480      2.13480
     -0.56000      3.73358      3.73358
     -0.55000      2.40215      2.40215
     -0.54000      0.56856      0.56856
     -0.53000      0.04951      0.04951
     -0.52000      0.00159      0.00159
     -0.51000      0.00002      0.00002
     -0.50000      0.00004      0.00004
     -0.49000      0.00301      0.00301
     -0.48000      0.07965      0.07965
     -0.47000      0.77454      0.77454
     -0.46000      2.77072      2.77072
     -0.45000      3.64627      3.64627
     -0.44000      1.76527      1.76527
     -0.43000      0.31440      0.31440
     -0.42000      0.02060      0.02060
     -0.41000      0.00050      0.00050
     -0.40000      0.00000      0.00000
     -0.39000      0.00071      0.00071
     -0.38000      0.02703      0.02703
     -0.37000      0.37878      0.37878
     -0.36000      1.95277      1.95277
     -0.35000      3.70358      3.70358
     -0.34000      2.58403      2.58403
     -0.33000      0.66325      0.66325
     -0.32000      0.06263      0.06263
     -0.31000      0.00218      0.00218
     -0.30000      0.00093      0.00093
     -0.29000      0.03238      0.03238
     -0.28000      0.42817      0.42817
     -0.27000      2.08289      2.08289
     -0.26000      3.72753      3.72753
     -0.25000      2.45405      2.45405
     -0.24000      0.59436      0.59436
     -0.23000      0.05296      0.05296
     -0.22000      0.00174      0.00174
     -0.21000      0.00034      0.00034
     -0.20000      0.01621      0.01621
     -0.19000      0.30931      0.30931
     -0.18000      2.24714      2.24714
     -0.17000      6.25529      6.25529
     -0.16000      6.69850      6.69850
     -0.15000      2.76024      2.76024
     -0.14000      0.43614      0.43614
     -0.13000      0.02626      0.02626
     -0.12000      0.00060      0.00060
     -0.11000      0.00000      0.00000
     -0.10000      0.00000      0.00000
     -0.09000      0.00030      0.00030
     -0.08000      0.01399      0.01399
     -0.07000      0.24027      0.24027
     -0.06000      1.51758      1.51758
     -0.05000      3.52627      3.52627
     -0.04000      3.01430      3.01430
     -0.03000      0.94790      0.94790
     -0.02000      0.10966      0.10966
     -0.01000      0.00467      0.00467
      0.00000      0.00007      0.00007
      0.01000      0.00000      0.00000
      0.02000      0.00000      0.00000
      0.03000      0.00000      0.00000
      0.04000      0.00000      0.00000
      0.05000      0.00000      0.00000
      0.06000      0.00000      0.00000
      0.07000      0.00000      0.00000
      0.08000      0.00000      0.00000
      0.09000      0.00000      0.00000
      0.10000      0.00000      0.00000
      0.11000      0.00000      0.00000
      0.12000      0.00000      0.00000
      0.13000      0.00017      0.00017
      0.14000      0.00891      0.00891
      0.15000      0.17540      0.17540
      0.16000      1.28876      1.28876
      0.17000      3.74385      3.74385
      0.18000      5.27959      5.27959
      0.19000      4.88782      4.88782
      0.20000      2.67154      2.67154
      0.21000      0.63447      0.63447
      0.22000      0.06097      0.06097
      0.23000      0.10594      0.10594
      0.24000      1.17457      1.17457
      0.25000      4.87994      4.87994
      0.26000      7.45874      7.45874
      0.27000      4.19394      4.19394
      0.28000      0.86753      0.86753
      0.29000      0.06677      0.06677
      0.30000      0.03016      0.03016
      0.31000      0.39095      0.39095
      0.32000      1.98586      1.98586
      0.33000      3.71088      3.71088
      0.34000      2.55100      2.55100
      0.35000      0.64530      0.64530
      0.36000      0.07051      0.07051
      0.37000      0.24068      0.24068
      0.38000      1.99788      1.99788
      0.39000      6.15333      6.15333
      0.40000      6.97221      6.97221
      0.41000      2.91511      2.91511
      0.42000      0.65843      0.65843
      0.43000      1.88549      1.88549
      0.44000      5.98394      5.98394
      0.45000      7.07960      7.07960
      0.46000      3.08158      3.08158
      0.47000      0.49345      0.49345
      0.48000      0.02907      0.02907
      0.49000      0.00063      0.00063
      0.50000      0.00000      0.00000
      0.51000      0.00000      0.00000
      0.52000      0.00000      0.00000
      0.53000      0.00000      0.00000
      0.54000      0.00000      0.00000
      0.55000      0.00000      0.00000
      0.56000      0.00000      0.00000
      0.57000      0.00000      0.00000
      0.58000      0.00000      0.00000
      0.59000      0.00000      0.00000
      0.60000      0.00000      0.00000
      0.61000      0.00000      0.00000
      0.62000      0.00000      0.00000
      0.63000      0.00000      0.00000
      0.64000      0.00000      0.00000
      0.65000      0.00000      0.00000
      0.66000      0.00000      0.00000
      0.67000      0.00000      0.00000
      0.68000      0.00000      0.00000
      0.69000      0.00000      0.00000
      0.70000      0.00000      0.00000
      0.71000      0.00000      0.00000
      0.72000      0.00000      0.00000
      0.73000      0.00000      0.00000
      0.74000      0.00000      0.00000
      0.75000      0.00000      0.00000
      0.76000      0.00000      0.00000
      0.77000      0.00000      0.00000
      0.78000      0.00000      0.00000
      0.79000      0.00104      0.00104
      0.80000      0.04274      0.04274
      0.81000      0.64490      0.64490
      0.82000      3.58126      3.58126
      0.83000      7.36180      7.36180
      0.84000      6.22023      6.22023
      0.85000      5.34346      5.34346
      0.86000      7.61528      7.61528
      0.87000      6.00192      6.00192
      0.88000      4.20072      4.20072
      0.89000      4.75159      4.75159
      0.90000      4.84591      4.84591
      0.91000      3.85403      3.85403
      0.92000      1.53238      1.53238
      0.93000      0.24541      0.24541
      0.94000      0.15616      0.15616
      0.95000      1.11352      1.11352
      0.96000      3.20298      3.20298
      0.97000      3.39025      3.39025
      0.98000      1.32013      1.32013
      0.99000      0.18911      0.18911
      1.00000      0.00997      0.00997
      1.01000      0.00115      0.00115
      1.02000      0.03377      0.03377
      1.03000      0.44054      0.44054
      1.04000      2.11384      2.11384
      1.05000      3.73138      3.73138
      1.06000      2.42310      2.42310
      1.07000      0.57887      0.57887
      1.08000      0.05087      0.05087
      1.09000      0.00164      0.00164
      1.10000      0.00002      0.00002
      1.11000      0.00000      0.00000
      1.12000      0.00022      0.00022
      1.13000      0.01103      0.01103
      1.14000      0.20326      0.20326
      1.15000      1.37738      1.37738
      1.16000      3.43370      3.43370
      1.17000      3.14901      3.14901
      1.18000      1.06241      1.06241
      1.19000      0.13186      0.13186
      1.20000      0.00602      0.00602
      1.21000      0.00010      0.00010
      1.22000      0.00000      0.00000
      1.23000      0.00000      0.00000
      1.24000      0.00000      0.00000
      1.25000      0.00000      0.00000
      1.26000      0.00000      0.00000
      1.27000      0.00000      0.00000
      1.28000      0.00013      0.00013
      1.29000      0.00743      0.00743
      1.30000      0.15386      0.15386
      1.31000      1.18387      1.18387
      1.32000      3.55031      3.55031
      1.33000      5.05122      5.05122
      1.34000      4.88853      4.88853
      1.35000      3.05452      3.05452
      1.36000      1.44775      1.44775
      1.37000      2.99476      2.99476
      1.38000      4.98523      4.98523
      1.39000      3.22698      3.22698
      1.40000      1.77697      1.77697
      1.41000      4.84651      4.84651
      1.42000      8.81609      8.81609
      1.43000      7.88401      7.88401
      1.44000      4.17818      4.17818
      1.45000      1.20160      1.20160
      1.46000      0.53729      0.53729
      1.47000      2.71633      2.71633
      1.48000      6.83421      6.83421
      1.49000      6.34096      6.34096
      1.50000      2.18448      2.18448
      1.51000      0.65572      0.65572
      1.52000      2.67928      2.67928
      1.53000      6.87874      6.87874
      1.54000      7.21083      7.21083
      1.55000      5.65123      5.65123
      1.56000      6.58448      6.58448
      1.57000      5.49148      5.49148
      1.58000      2.25565      2.25565
      1.59000      0.91129      0.91129
      1.60000      2.35538      2.35538
      1.61000      3.73933      3.73933
      1.62000      2.20674      2.20674
      1.63000      0.47976      0.47976
      1.64000      0.06199      0.06199
      1.65000      0.34746      0.34746
      1.66000      1.86105      1.86105
      1.67000      3.67899      3.67899
      1.68000      2.67549      2.67549
      1.69000      0.71579      0.71579
      1.70000      0.07045      0.07045
      1.71000      0.00264      0.00264
      1.72000      0.00640      0.00640
      1.73000      0.16589      0.16589
      1.74000      1.58967      1.58967
      1.75000      5.60403      5.60403
      1.76000      7.26776      7.26776
      1.77000      3.46909      3.46909
      1.78000      0.65534      0.65534
      1.79000      0.51517      0.51517
      1.80000      1.78238      1.78238
      1.81000      2.45333      2.45333
      1.82000      1.24293      1.24293
      1.83000      0.23166      0.23166
      1.84000      0.01588      0.01588
      1.85000      0.00044      0.00044
      1.86000      0.00310      0.00310
      1.87000      0.08133      0.08133
      1.88000      0.78495      0.78495
      1.89000      2.78687      2.78687
      1.90000      3.64018      3.64018
      1.91000      1.75856      1.75856
      1.92000      0.47230      0.47230
      1.93000      1.04762      1.04762
      1.94000      2.47952      2.47952
      1.95000      3.01273      3.01273
      1.96000      3.71843      3.71843
      1.97000      3.57880      3.57880
      1.98000      1.87016      1.87016
      1.99000      2.30982      2.30982
      2.00000      3.74088      3.74088
      2.01000      2.44561      2.44561
      2.02000      0.59001      0.59001
      2.03000      0.05464      0.05464
      2.04000      0.06643      0.06643
      2.05000      0.67760      0.67760
      2.06000      2.60960      2.60960
      2.07000      3.69736      3.69736
      2.08000      1.92715      1.92715
      2.09000      0.36953      0.36953
      2.10000      0.02607      0.02607
      2.11000      0.00068      0.00068
      2.12000      0.00000      0.00000
      2.13000      0.00000      0.00000
      2.14000      0.00000      0.00000
      2.15000      0.00008      0.00008
      2.16000      0.00485      0.00485
      2.17000      0.11332      0.11332
      2.18000      0.98827      0.98827
      2.19000      3.45774      3.45774
      2.20000      6.32868      6.32868
      2.21000      8.40589      8.40589
      2.22000      6.47418      6.47418
      2.23000      2.08667      2.08667
      2.24000      0.25417      0.25417
      2.25000      0.03062      0.03062
      2.26000      0.29992      0.29992
      2.27000      1.71925      1.71925
      2.28000      3.62794      3.62794
      2.29000      2.81791      2.81791
      2.30000      0.85402      0.85402
      2.31000      0.65476      0.65476
      2.32000      2.40888      2.40888
      2.33000      3.73328      3.73328
      2.34000      2.13144      2.13144
      2.35000      0.45393      0.45393
      2.36000      0.17076      0.17076
      2.37000      1.08564      1.08564
      2.38000      3.20729      3.20729
      2.39000      3.81356      3.81356
      2.40000      3.00384      3.00384
      2.41000      2.89848      2.89848
      2.42000      2.82598      2.82598
      2.43000      3.75486      3.75486
      2.44000      3.12151      3.12151
      2.45000      1.03988      1.03988
      2.46000      0.45740      0.45740
      2.47000      2.11556      2.11556
      2.48000      5.32584      5.32584
      2.49000      5.64152      5.64152
      2.50000      4.40007      4.40007
      2.51000      7.10315      7.10315
      2.52000      8.67638      8.67638
      2.53000      6.31646      6.31646
      2.54000      3.04239      3.04239
      2.55000      0.96592      0.96592
      2.56000      1.60276      1.60276
      2.57000      3.63179      3.63179
      2.58000      4.15224      4.15224
      2.59000      6.46472      6.46472
      2.60000     10.71122     10.71122
      2.61000      8.07086      8.07086
      2.62000      2.39630      2.39630
      2.63000      0.32416      0.32416
      2.64000      0.59626      0.59626
      2.65000      2.43470      2.43470
      2.66000      3.73004      3.73004
      2.67000      2.10243      2.10243
      2.68000      0.43595      0.43595
      2.69000      0.03325      0.03325
      2.70000      0.00093      0.00093
      2.71000      0.00023      0.00023
      2.72000      0.01154      0.01154
      2.73000      0.20977      0.20977
      2.74000      1.40299      1.40299
      2.75000      3.45211      3.45211
      2.76000      3.12923      3.12923
      2.77000      1.14926      1.14926
      2.78000      1.09960      1.09960
      2.79000      3.64937      3.64937
      2.80000      8.46242      8.46242
      2.81000     16.92455     16.92455
      2.82000     20.74754     20.74754
      2.83000     12.79419     12.79419
      2.84000      6.03271      6.03271
      2.85000      3.75948      3.75948
      2.86000      2.08569      2.08569
      2.87000      4.61249      4.61249
      2.88000     10.55169     10.55169
      2.89000     10.46651     10.46651
      2.90000      6.58692      6.58692
      2.91000      5.19142      5.19142
      2.92000      6.97260      6.97260
      2.93000      9.43144      9.43144
      2.94000      7.25393      7.25393
      2.95000      3.18473      3.18473
      2.96000      0.75426      0.75426
      2.97000      0.07990      0.07990
      2.98000      0.00333      0.00333
      2.99000      0.00005      0.00005
      3.00000      0.00000      0.00000
      3.01000      0.00025      0.00025
      3.02000      0.01406      0.01406
      3.03000      0.29605      0.29605
      3.04000      2.31966      2.31966
      3.05000      7.00084      7.00084
      3.06000      9.18585      9.18585
      3.07000      7.29061      7.29061
      3.08000      6.13087      6.13087
      3.09000      5.38670      5.38670
      3.10000      2.50757      2.50757
      3.11000      0.46026      0.46026
      3.12000      0.03241      0.03241
      3.13000      0.04029      0.04029
      3.14000      0.61068      0.61068
      3.15000      3.47426      3.47426
      3.16000      7.28348      7.28348
      3.17000      5.88374      5.88374
      3.18000      3.96233      3.96233
      3.19000      7.96852      7.96852
      3.20000     11.32944     11.32944
      3.21000      9.15161      9.15161
      3.22000      4.89347      4.89347
      3.23000      1.45422      1.45422
      3.24000      0.18817      0.18817
      3.25000      0.00947      0.00947
      3.26000      0.00018      0.00018
      3.27000      0.00000      0.00000
      3.28000      0.00080      0.00080
      3.29000      0.02970      0.02970
      3.30000      0.40389      0.40389
      3.31000      2.02026      2.02026
      3.32000      3.71759      3.71759
      3.33000      2.51664      2.51664
      3.34000      0.62674      0.62674
      3.35000      0.05742      0.05742
      3.36000      0.00194      0.00194
      3.37000      0.00025      0.00025
      3.38000      0.01132      0.01132
      3.39000      0.20703      0.20703
      3.40000      1.39238      1.39238
      3.41000      3.45180      3.45180
      3.42000      3.28747      3.28747
      3.43000      2.21080      2.21080
      3.44000      3.38017      3.38017
      3.45000      3.35404      3.35404
      3.46000      1.26869      1.26869
      3.47000      0.17682      0.17682
      3.48000      0.00907      0.00907
      3.49000      0.00017      0.00017
      3.50000      0.00000      0.00000
      3.51000      0.00000      0.00000
      3.52000      0.00000      0.00000
      3.53000      0.00000      0.00000
      3.54000      0.00000      0.00000
      3.55000      0.00000      0.00000
      3.56000      0.00000      0.00000
      3.57000      0.00000      0.00000
      3.58000      0.00000      0.00000
      3.59000      0.00000      0.00000
      3.60000      0.00000      0.00000
      3.61000      0.00000      0.00000
      3.62000      0.00000      0.00000
      3.63000      0.00000      0.00000
      3.64000      0.00000      0.00000
      3.65000      0.00000      0.00000
      3.66000      0.00000      0.00000
      3.67000      0.00000      0.00000
      3.68000      0.00000      0.00000
      3.69000      0.00000      0.00000
      3.70000      0.00000      0.00000
      3.71000      0.00000      0.00000
      3.72000      0.00000      0.00000
      3.73000      0.00000      0.00000
      3.74000      0.00000      0.00000
      3.75000      0.00000      0.00000
      3.76000      0.00000      0.00000
      3.77000      0.00000      0.00000
      3.78000      0.00000      0.00000
      3.79000      0.00000      0.00000
      3.80000      0.00000      0.00000
      3.81000      0.00000      0.00000
      3.82000      0.00000      0.00000
      3.83000      0.00031      0.00031
      3.84000      0.01696      0.01696
      3.85000      0.33715      0.33715
      3.86000      2.46586      2.46586
      3.87000      6.63472      6.63472
      3.88000      6.56721      6.56721
      3.89000      2.39136      2.39136
      3.90000      0.32034      0.32034
      3.91000      0.01579      0.01579
      3.92000      0.00029      0.00029
      3.93000      0.00000      0.00000
      3.94000      0.00000      0.00000
      3.95000      0.00000      0.00000
      3.96000      0.00000      0.00000
      3.97000      0.00000      0.00000
      3.98000      0.00000      0.00000
      3.99000      0.00000      0.00000
      4.00000      0.00000      0.00000
      4.01000      0.00000      0.00000
      4.02000      0.00000      0.00000
      4.03000      0.00000      0.00000
      4.04000      0.00000      0.00000
      4.05000      0.00000      0.00000
      4.06000      0.00000      0.00000
      4.07000      0.00000      0.00000
      4.08000      0.00003      0.00003
      4.09000      0.00298      0.00298
      4.10000      0.09457      0.09457
      4.11000      1.10322      1.10322
      4.12000      4.74000      4.74000
      4.13000      7.62029      7.62029
      4.14000      5.69172      5.69172
      4.15000      5.81811      5.81811
      4.16000      7.17866      7.17866
      4.17000      4.18312      4.18312
      4.18000      1.17535      1.17535
      4.19000      1.85106      1.85106
      4.20000      5.97628      5.97628
      4.21000      8.21297      8.21297
      4.22000      6.36705      6.36705
      4.23000      3.97421      3.97421
      4.24000      1.41793      1.41793
