Energy-E_F (eV)    DOS (1/eV)    PDOS (1/eV)  of atom type Tl 
     -4.99000      2.11685      0.00000
     -4.98000      3.06562      0.00000
     -4.97000      3.62998      0.00000
     -4.96000      2.90212      0.00000
     -4.95000      1.78668      0.00000
     -4.94000      1.63612      0.00000
     -4.93000      2.36854      0.00000
     -4.92000      2.89815      0.00000
     -4.91000      3.06507      0.00000
     -4.90000      3.01916      0.00000
     -4.89000      2.97031      0.00000
     -4.88000      3.31517      0.00000
     -4.87000      3.80744      0.00000
     -4.86000      3.70973      0.00000
     -4.85000      3.09358      0.00000
     -4.84000      2.44238      0.00000
     -4.83000      2.14487      0.00000
     -4.82000      2.29766      0.00000
     -4.81000      2.34790      0.00000
     -4.80000      2.15726      0.00000
     -4.79000      2.46285      0.00000
     -4.78000      3.87320      0.00000
     -4.77000      4.73464      0.00000
     -4.76000      3.91533      0.00000
     -4.75000      2.68446      0.00000
     -4.74000      1.83611      0.00000
     -4.73000      1.28920      0.00000
     -4.72000      0.95337      0.00000
     -4.71000      1.53454      0.00000
     -4.70000      2.45179      0.00000
     -4.69000      2.12994      0.00000
     -4.68000      1.70790      0.00000
     -4.67000      2.01831      0.00000
     -4.66000      2.18250      0.00000
     -4.65000      2.25921      0.00000
     -4.64000      2.49629      0.00000
     -4.63000      3.16311      0.00000
     -4.62000      3.75322      0.00000
     -4.61000      2.83724      0.00000
     -4.60000      2.29518      0.00000
     -4.59000      2.58653      0.00000
     -4.58000      2.90418      0.00000
     -4.57000      3.03672      0.00000
     -4.56000      2.39419      0.00000
     -4.55000      1.94005      0.00000
     -4.54000      2.02422      0.00000
     -4.53000      2.14138      0.00000
     -4.52000      1.96417      0.00000
     -4.51000      1.59003      0.00000
     -4.50000      1.28561      0.00000
     -4.49000      1.17192      0.00000
     -4.48000      1.49960      0.00000
     -4.47000      1.60011      0.00000
     -4.46000      1.84406      0.00000
     -4.45000      2.84786      0.00000
     -4.44000      3.84225      0.00000
     -4.43000      4.41578      0.00000
     -4.42000      3.77895      0.00000
     -4.41000      2.71411      0.00000
     -4.40000      1.62518      0.00000
     -4.39000      0.92037      0.00000
     -4.38000      0.87998      0.00000
     -4.37000      1.01656      0.00000
     -4.36000      1.82504      0.00000
     -4.35000      2.48477      0.00000
     -4.34000      2.13959      0.00000
     -4.33000      1.89410      0.00000
     -4.32000      1.89525      0.00000
     -4.31000      2.33869      0.00000
     -4.30000      2.79737      0.00000
     -4.29000      1.87800      0.00000
     -4.28000      0.62146      0.00000
     -4.27000      0.20698      0.00000
     -4.26000      0.76322      0.00000
     -4.25000      2.33667      0.00000
     -4.24000      3.57925      0.00000
     -4.23000      3.14554      0.00000
     -4.22000      2.16588      0.00000
     -4.21000      1.31827      0.00000
     -4.20000      0.76912      0.00000
     -4.19000      0.78088      0.00000
     -4.18000      0.58965      0.00000
     -4.17000      0.37135      0.00000
     -4.16000      1.19691      0.00000
     -4.15000      2.65891      0.00000
     -4.14000      2.54474      0.00000
     -4.13000      1.73313      0.00000
     -4.12000      1.61013      0.00000
     -4.11000      1.14397      0.00000
     -4.10000      0.84416      0.00000
     -4.09000      0.70752      0.00000
     -4.08000      0.29041      0.00000
     -4.07000      0.15833      0.00000
     -4.06000      0.72002      0.00000
     -4.05000      1.88888      0.00000
     -4.04000      2.43179      0.00000
     -4.03000      2.04373      0.00000
     -4.02000      1.36089      0.00000
     -4.01000      0.94303      0.00000
     -4.00000      1.32881      0.00000
     -3.99000      1.50562      0.00000
     -3.98000      1.26849      0.00000
     -3.97000      2.15393      0.00000
     -3.96000      2.92751      0.00000
     -3.95000      2.38278      0.00000
     -3.94000      1.93042      0.00000
     -3.93000      1.77409      0.00000
     -3.92000      1.74801      0.00000
     -3.91000      1.55125      0.00000
     -3.90000      1.43945      0.00000
     -3.89000      1.85095      0.00000
     -3.88000      2.12807      0.00000
     -3.87000      1.73462      0.00000
     -3.86000      1.26905      0.00000
     -3.85000      1.47576      0.00000
     -3.84000      2.67285      0.00000
     -3.83000      3.37960      0.00000
     -3.82000      2.52307      0.00000
     -3.81000      1.23492      0.00000
     -3.80000      0.57392      0.00000
     -3.79000      1.19772      0.00000
     -3.78000      2.54113      0.00000
     -3.77000      3.06971      0.00000
     -3.76000      2.43414      0.00000
     -3.75000      1.30104      0.00000
     -3.74000      0.70225      0.00000
     -3.73000      1.14545      0.00000
     -3.72000      1.79980      0.00000
     -3.71000      1.54563      0.00000
     -3.70000      0.63701      0.00000
     -3.69000      0.34279      0.00000
     -3.68000      0.84857      0.00000
     -3.67000      1.07166      0.00000
     -3.66000      0.50155      0.00000
     -3.65000      0.09056      0.00000
     -3.64000      0.08593      0.00000
     -3.63000      0.57687      0.00000
     -3.62000      1.57164      0.00000
     -3.61000      1.72999      0.00000
     -3.60000      1.44465      0.00000
     -3.59000      2.68597      0.00000
     -3.58000      3.92208      0.00000
     -3.57000      3.28746      0.00000
     -3.56000      2.04440      0.00000
     -3.55000      1.24473      0.00000
     -3.54000      1.56289      0.00000
     -3.53000      2.45414      0.00000
     -3.52000      1.95098      0.00000
     -3.51000      1.34512      0.00000
     -3.50000      2.16468      0.00000
     -3.49000      2.81316      0.00000
     -3.48000      2.31774      0.00000
     -3.47000      1.90000      0.00000
     -3.46000      2.25663      0.00000
     -3.45000      2.69056      0.00000
     -3.44000      2.31388      0.00000
     -3.43000      1.97456      0.00000
     -3.42000      1.69394      0.00000
     -3.41000      0.98229      0.00000
     -3.40000      0.79522      0.00000
     -3.39000      1.41857      0.00000
     -3.38000      2.17301      0.00000
     -3.37000      2.79180      0.00000
     -3.36000      2.74766      0.00000
     -3.35000      2.17236      0.00000
     -3.34000      1.42887      0.00000
     -3.33000      0.71363      0.00000
     -3.32000      0.86684      0.00000
     -3.31000      1.28290      0.00000
     -3.30000      1.56932      0.00000
     -3.29000      2.19356      0.00000
     -3.28000      1.92209      0.00000
     -3.27000      1.70137      0.00000
     -3.26000      2.51169      0.00000
     -3.25000      2.55023      0.00000
     -3.24000      1.54682      0.00000
     -3.23000      0.74728      0.00000
     -3.22000      0.60424      0.00000
     -3.21000      0.77345      0.00000
     -3.20000      0.85469      0.00000
     -3.19000      1.18715      0.00000
     -3.18000      2.31213      0.00000
     -3.17000      2.82808      0.00000
     -3.16000      2.83059      0.00000
     -3.15000      2.84440      0.00000
     -3.14000      2.29721      0.00000
     -3.13000      1.50432      0.00000
     -3.12000      1.40422      0.00000
     -3.11000      1.76835      0.00000
     -3.10000      1.26653      0.00000
     -3.09000      0.89850      0.00000
     -3.08000      2.16257      0.00000
     -3.07000      3.62175      0.00000
     -3.06000      3.35065      0.00000
     -3.05000      2.18519      0.00000
     -3.04000      1.63211      0.00000
     -3.03000      1.54180      0.00000
     -3.02000      1.35687      0.00000
     -3.01000      1.82747      0.00000
     -3.00000      3.45011      0.00000
     -2.99000      4.54389      0.00000
     -2.98000      3.91525      0.00000
     -2.97000      3.08023      0.00000
     -2.96000      2.33865      0.00000
     -2.95000      1.93808      0.00000
     -2.94000      2.51955      0.00000
     -2.93000      2.84164      0.00000
     -2.92000      2.82461      0.00000
     -2.91000      2.60446      0.00000
     -2.90000      1.59044      0.00000
     -2.89000      1.45076      0.00000
     -2.88000      2.22198      0.00000
     -2.87000      1.85073      0.00000
     -2.86000      1.54343      0.00000
     -2.85000      1.69567      0.00000
     -2.84000      1.27287      0.00000
     -2.83000      1.31528      0.00000
     -2.82000      1.98469      0.00000
     -2.81000      2.15849      0.00000
     -2.80000      2.31547      0.00000
     -2.79000      2.52910      0.00000
     -2.78000      1.98079      0.00000
     -2.77000      1.73923      0.00000
     -2.76000      1.99054      0.00000
     -2.75000      1.36211      0.00000
     -2.74000      0.47130      0.00000
     -2.73000      0.44942      0.00000
     -2.72000      0.99198      0.00000
     -2.71000      1.27181      0.00000
     -2.70000      1.22638      0.00000
     -2.69000      1.28255      0.00000
     -2.68000      0.98390      0.00000
     -2.67000      0.71504      0.00000
     -2.66000      1.22643      0.00000
     -2.65000      1.34728      0.00000
     -2.64000      0.75711      0.00000
     -2.63000      0.57445      0.00000
     -2.62000      0.92308      0.00000
     -2.61000      1.55344      0.00000
     -2.60000      1.90043      0.00000
     -2.59000      1.93368      0.00000
     -2.58000      1.93329      0.00000
     -2.57000      2.00322      0.00000
     -2.56000      2.00128      0.00000
     -2.55000      1.57896      0.00000
     -2.54000      1.06829      0.00000
     -2.53000      0.91255      0.00000
     -2.52000      1.15983      0.00000
     -2.51000      2.14842      0.00000
     -2.50000      2.21693      0.00000
     -2.49000      0.96802      0.00000
     -2.48000      0.19661      0.00000
     -2.47000      0.25755      0.00000
     -2.46000      0.91876      0.00000
     -2.45000      1.51010      0.00000
     -2.44000      1.57414      0.00000
     -2.43000      2.14440      0.00000
     -2.42000      3.12817      0.00000
     -2.41000      3.10156      0.00000
     -2.40000      1.99403      0.00000
     -2.39000      0.86382      0.00000
     -2.38000      0.21277      0.00000
     -2.37000      0.07593      0.00000
     -2.36000      0.37447      0.00000
     -2.35000      1.16508      0.00000
     -2.34000      2.02525      0.00000
     -2.33000      2.31131      0.00000
     -2.32000      1.79509      0.00000
     -2.31000      1.27569      0.00000
     -2.30000      1.13240      0.00000
     -2.29000      1.57207      0.00000
     -2.28000      2.50220      0.00000
     -2.27000      2.78806      0.00000
     -2.26000      2.44741      0.00000
     -2.25000      2.05638      0.00000
     -2.24000      2.01446      0.00000
     -2.23000      1.87663      0.00000
     -2.22000      1.85210      0.00000
     -2.21000      2.24556      0.00000
     -2.20000      2.02907      0.00000
     -2.19000      1.12339      0.00000
     -2.18000      1.15600      0.00000
     -2.17000      1.85173      0.00000
     -2.16000      2.36633      0.00000
     -2.15000      1.88414      0.00000
     -2.14000      0.74602      0.00000
     -2.13000      0.38329      0.00000
     -2.12000      1.27808      0.00000
     -2.11000      3.27227      0.00000
     -2.10000      5.18172      0.00000
     -2.09000      5.44262      0.00000
     -2.08000      4.27940      0.00000
     -2.07000      3.00603      0.00000
     -2.06000      2.35629      0.00000
     -2.05000      2.26575      0.00000
     -2.04000      2.69990      0.00000
     -2.03000      2.92031      0.00000
     -2.02000      2.35804      0.00000
     -2.01000      2.00143      0.00000
     -2.00000      1.25952      0.00000
     -1.99000      0.77876      0.00000
     -1.98000      1.26169      0.00000
     -1.97000      1.63972      0.00000
     -1.96000      1.33335      0.00000
     -1.95000      0.67715      0.00000
     -1.94000      0.35787      0.00000
     -1.93000      0.70439      0.00000
     -1.92000      1.18762      0.00000
     -1.91000      1.54598      0.00000
     -1.90000      1.42268      0.00000
     -1.89000      1.06780      0.00000
     -1.88000      1.18546      0.00000
     -1.87000      1.26992      0.00000
     -1.86000      1.91760      0.00000
     -1.85000      2.91393      0.00000
     -1.84000      2.85332      0.00000
     -1.83000      2.00059      0.00000
     -1.82000      1.30077      0.00000
     -1.81000      0.99701      0.00000
     -1.80000      0.73111      0.00000
     -1.79000      1.09547      0.00000
     -1.78000      2.65439      0.00000
     -1.77000      3.77063      0.00000
     -1.76000      2.93675      0.00000
     -1.75000      2.10834      0.00000
     -1.74000      2.41544      0.00000
     -1.73000      2.95805      0.00000
     -1.72000      3.58499      0.00000
     -1.71000      3.26472      0.00000
     -1.70000      2.62846      0.00000
     -1.69000      1.67528      0.00000
     -1.68000      0.80219      0.00000
     -1.67000      0.79830      0.00000
     -1.66000      0.94940      0.00000
     -1.65000      1.61029      0.00000
     -1.64000      2.79659      0.00000
     -1.63000      3.07550      0.00000
     -1.62000      2.71912      0.00000
     -1.61000      2.80561      0.00000
     -1.60000      3.19985      0.00000
     -1.59000      2.78866      0.00000
     -1.58000      2.44344      0.00000
     -1.57000      2.97819      0.00000
     -1.56000      3.19435      0.00000
     -1.55000      2.69469      0.00000
     -1.54000      2.12763      0.00000
     -1.53000      2.00357      0.00000
     -1.52000      2.42567      0.00000
     -1.51000      2.12996      0.00000
     -1.50000      1.29631      0.00000
     -1.49000      1.02931      0.00000
     -1.48000      1.45572      0.00000
     -1.47000      2.24496      0.00000
     -1.46000      1.68453      0.00000
     -1.45000      0.90230      0.00000
     -1.44000      0.91520      0.00000
     -1.43000      0.96276      0.00000
     -1.42000      1.02666      0.00000
     -1.41000      1.35818      0.00000
     -1.40000      2.05229      0.00000
     -1.39000      2.28934      0.00000
     -1.38000      2.46631      0.00000
     -1.37000      2.84012      0.00000
     -1.36000      2.40176      0.00000
     -1.35000      1.51286      0.00000
     -1.34000      0.97437      0.00000
     -1.33000      0.65148      0.00000
     -1.32000      0.67951      0.00000
     -1.31000      1.67245      0.00000
     -1.30000      3.07055      0.00000
     -1.29000      2.89751      0.00000
     -1.28000      1.73664      0.00000
     -1.27000      1.16380      0.00000
     -1.26000      1.02433      0.00000
     -1.25000      1.12308      0.00000
     -1.24000      1.94489      0.00000
     -1.23000      2.25225      0.00000
     -1.22000      1.13926      0.00000
     -1.21000      0.41504      0.00000
     -1.20000      0.41659      0.00000
     -1.19000      0.59435      0.00000
     -1.18000      1.53494      0.00000
     -1.17000      2.55918      0.00000
     -1.16000      2.02790      0.00000
     -1.15000      0.91031      0.00000
     -1.14000      0.73440      0.00000
     -1.13000      1.39871      0.00000
     -1.12000      1.81123      0.00000
     -1.11000      1.71728      0.00000
     -1.10000      2.29757      0.00000
     -1.09000      3.30829      0.00000
     -1.08000      3.17704      0.00000
     -1.07000      2.64110      0.00000
     -1.06000      2.21101      0.00000
     -1.05000      1.79519      0.00000
     -1.04000      1.31048      0.00000
     -1.03000      1.03663      0.00000
     -1.02000      0.80073      0.00000
     -1.01000      0.70359      0.00000
     -1.00000      0.69995      0.00000
     -0.99000      0.77583      0.00000
     -0.98000      1.23714      0.00000
     -0.97000      1.34231      0.00000
     -0.96000      1.04990      0.00000
     -0.95000      1.68932      0.00000
     -0.94000      2.91237      0.00000
     -0.93000      3.12879      0.00000
     -0.92000      2.53197      0.00000
     -0.91000      2.26634      0.00000
     -0.90000      2.22331      0.00000
     -0.89000      2.27580      0.00000
     -0.88000      2.68203      0.00000
     -0.87000      2.89958      0.00000
     -0.86000      2.35525      0.00000
     -0.85000      1.71479      0.00000
     -0.84000      1.73745      0.00000
     -0.83000      1.88464      0.00000
     -0.82000      2.00170      0.00000
     -0.81000      2.27386      0.00000
