Energy-E_F (eV)    DOS (1/eV)    PDOS (1/eV)  of atom type Tl 
     -4.99000      0.61768      0.61768
     -4.98000      0.72138      0.72138
     -4.97000      0.89571      0.89571
     -4.96000      1.33178      1.33178
     -4.95000      1.63618      1.63618
     -4.94000      1.29557      1.29557
     -4.93000      0.81111      0.81111
     -4.92000      0.90606      0.90606
     -4.91000      1.49254      1.49254
     -4.90000      1.67126      1.67126
     -4.89000      1.52142      1.52142
     -4.88000      1.59582      1.59582
     -4.87000      1.62263      1.62263
     -4.86000      1.43873      1.43873
     -4.85000      1.28517      1.28517
     -4.84000      1.43782      1.43782
     -4.83000      1.52637      1.52637
     -4.82000      1.44976      1.44976
     -4.81000      1.13259      1.13259
     -4.80000      0.87678      0.87678
     -4.79000      1.07537      1.07537
     -4.78000      1.13465      1.13465
     -4.77000      1.28523      1.28523
     -4.76000      1.71855      1.71855
     -4.75000      2.20211      2.20211
     -4.74000      2.11176      2.11176
     -4.73000      1.47604      1.47604
     -4.72000      1.07399      1.07399
     -4.71000      0.87499      0.87499
     -4.70000      0.83348      0.83348
     -4.69000      0.62252      0.62252
     -4.68000      0.77666      0.77666
     -4.67000      1.19673      1.19673
     -4.66000      1.23864      1.23864
     -4.65000      1.00624      1.00624
     -4.64000      0.81099      0.81099
     -4.63000      1.04287      1.04287
     -4.62000      1.35807      1.35807
     -4.61000      1.58506      1.58506
     -4.60000      1.63258      1.63258
     -4.59000      1.21281      1.21281
     -4.58000      0.60664      0.60664
     -4.57000      0.58356      0.58356
     -4.56000      0.94529      0.94529
     -4.55000      0.95788      0.95788
     -4.54000      1.08195      1.08195
     -4.53000      2.09577      2.09577
     -4.52000      2.69638      2.69638
     -4.51000      2.05238      2.05238
     -4.50000      1.14730      1.14730
     -4.49000      1.06873      1.06873
     -4.48000      1.51331      1.51331
     -4.47000      1.23942      1.23942
     -4.46000      0.66103      0.66103
     -4.45000      0.39846      0.39846
     -4.44000      0.15826      0.15826
     -4.43000      0.03079      0.03079
     -4.42000      0.06915      0.06915
     -4.41000      0.32233      0.32233
     -4.40000      0.63581      0.63581
     -4.39000      0.84473      0.84473
     -4.38000      1.27781      1.27781
     -4.37000      1.42742      1.42742
     -4.36000      1.37558      1.37558
     -4.35000      1.82717      1.82717
     -4.34000      2.42860      2.42860
     -4.33000      2.46214      2.46214
     -4.32000      1.62736      1.62736
     -4.31000      0.84152      0.84152
     -4.30000      0.69969      0.69969
     -4.29000      1.08809      1.08809
     -4.28000      1.16752      1.16752
     -4.27000      0.67723      0.67723
     -4.26000      0.21675      0.21675
     -4.25000      0.25613      0.25613
     -4.24000      0.64601      0.64601
     -4.23000      0.68471      0.68471
     -4.22000      0.42978      0.42978
     -4.21000      0.51015      0.51015
     -4.20000      0.72037      0.72037
     -4.19000      1.02535      1.02535
     -4.18000      1.37369      1.37369
     -4.17000      1.20734      1.20734
     -4.16000      0.75023      0.75023
     -4.15000      0.47069      0.47069
     -4.14000      0.23732      0.23732
     -4.13000      0.23684      0.23684
     -4.12000      0.57210      0.57210
     -4.11000      0.90017      0.90017
     -4.10000      0.98666      0.98666
     -4.09000      0.94072      0.94072
     -4.08000      0.71045      0.71045
     -4.07000      0.42942      0.42942
     -4.06000      0.57407      0.57407
     -4.05000      0.72861      0.72861
     -4.04000      0.55865      0.55865
     -4.03000      0.52115      0.52115
     -4.02000      0.58090      0.58090
     -4.01000      0.73990      0.73990
     -4.00000      0.97520      0.97520
     -3.99000      1.05791      1.05791
     -3.98000      1.01709      1.01709
     -3.97000      0.84737      0.84737
     -3.96000      0.56793      0.56793
     -3.95000      0.63487      0.63487
     -3.94000      1.18001      1.18001
     -3.93000      1.43829      1.43829
     -3.92000      1.02602      1.02602
     -3.91000      0.66003      0.66003
     -3.90000      0.98137      0.98137
     -3.89000      1.21324      1.21324
     -3.88000      1.01960      1.01960
     -3.87000      0.86837      0.86837
     -3.86000      0.80153      0.80153
     -3.85000      0.86160      0.86160
     -3.84000      0.93292      0.93292
     -3.83000      1.01914      1.01914
     -3.82000      0.79291      0.79291
     -3.81000      0.75967      0.75967
     -3.80000      1.19898      1.19898
     -3.79000      1.33977      1.33977
     -3.78000      0.90756      0.90756
     -3.77000      0.52133      0.52133
     -3.76000      0.68833      0.68833
     -3.75000      0.96757      0.96757
     -3.74000      0.74692      0.74692
     -3.73000      0.51623      0.51623
     -3.72000      0.36753      0.36753
     -3.71000      0.27869      0.27869
     -3.70000      0.31969      0.31969
     -3.69000      0.48001      0.48001
     -3.68000      0.74645      0.74645
     -3.67000      1.17732      1.17732
     -3.66000      1.07191      1.07191
     -3.65000      0.63875      0.63875
     -3.64000      0.56630      0.56630
     -3.63000      0.69981      0.69981
     -3.62000      0.72883      0.72883
     -3.61000      0.44722      0.44722
     -3.60000      0.12196      0.12196
     -3.59000      0.04282      0.04282
     -3.58000      0.17487      0.17487
     -3.57000      0.39374      0.39374
     -3.56000      0.46522      0.46522
     -3.55000      0.51191      0.51191
     -3.54000      0.67658      0.67658
     -3.53000      1.12989      1.12989
     -3.52000      1.55950      1.55950
     -3.51000      1.65215      1.65215
     -3.50000      1.61809      1.61809
     -3.49000      1.63069      1.63069
     -3.48000      1.41839      1.41839
     -3.47000      1.22026      1.22026
     -3.46000      1.11668      1.11668
     -3.45000      0.89160      0.89160
     -3.44000      0.72359      0.72359
     -3.43000      0.80974      0.80974
     -3.42000      0.89264      0.89264
     -3.41000      0.65997      0.65997
     -3.40000      0.61069      0.61069
     -3.39000      0.73216      0.73216
     -3.38000      0.69302      0.69302
     -3.37000      0.56549      0.56549
     -3.36000      0.48423      0.48423
     -3.35000      0.51925      0.51925
     -3.34000      0.57227      0.57227
     -3.33000      0.55233      0.55233
     -3.32000      0.34661      0.34661
     -3.31000      0.29336      0.29336
     -3.30000      0.39058      0.39058
     -3.29000      0.34902      0.34902
     -3.28000      0.46385      0.46385
     -3.27000      0.66127      0.66127
     -3.26000      0.89976      0.89976
     -3.25000      1.36162      1.36162
     -3.24000      1.37176      1.37176
     -3.23000      1.00806      1.00806
     -3.22000      0.72520      0.72520
     -3.21000      1.00516      1.00516
     -3.20000      1.46553      1.46553
     -3.19000      1.14538      1.14538
     -3.18000      0.87034      0.87034
     -3.17000      0.94150      0.94150
     -3.16000      0.78676      0.78676
     -3.15000      0.64923      0.64923
     -3.14000      0.99092      0.99092
     -3.13000      1.55379      1.55379
     -3.12000      1.60371      1.60371
     -3.11000      1.13906      1.13906
     -3.10000      0.66907      0.66907
     -3.09000      0.82689      0.82689
     -3.08000      1.68282      1.68282
     -3.07000      1.79803      1.79803
     -3.06000      1.27215      1.27215
     -3.05000      1.55626      1.55626
     -3.04000      1.81382      1.81382
     -3.03000      1.33689      1.33689
     -3.02000      0.66898      0.66898
     -3.01000      0.24564      0.24564
     -3.00000      0.38616      0.38616
     -2.99000      0.90654      0.90654
     -2.98000      1.05060      1.05060
     -2.97000      0.92680      0.92680
     -2.96000      0.79333      0.79333
     -2.95000      0.81204      0.81204
     -2.94000      0.94378      0.94378
     -2.93000      0.80127      0.80127
     -2.92000      0.82584      0.82584
     -2.91000      1.32261      1.32261
     -2.90000      1.73875      1.73875
     -2.89000      2.18587      2.18587
     -2.88000      2.67666      2.67666
     -2.87000      2.23008      2.23008
     -2.86000      1.41106      1.41106
     -2.85000      0.91641      0.91641
     -2.84000      0.49136      0.49136
     -2.83000      0.40066      0.40066
     -2.82000      0.58201      0.58201
     -2.81000      0.84657      0.84657
     -2.80000      1.15097      1.15097
     -2.79000      1.52020      1.52020
     -2.78000      1.48590      1.48590
     -2.77000      1.03776      1.03776
     -2.76000      0.75941      0.75941
     -2.75000      0.62246      0.62246
     -2.74000      0.69791      0.69791
     -2.73000      0.89847      0.89847
     -2.72000      0.95413      0.95413
     -2.71000      0.81801      0.81801
     -2.70000      0.76765      0.76765
     -2.69000      0.89782      0.89782
     -2.68000      1.09257      1.09257
     -2.67000      1.18935      1.18935
     -2.66000      0.94516      0.94516
     -2.65000      0.54252      0.54252
     -2.64000      0.44996      0.44996
     -2.63000      0.91399      0.91399
     -2.62000      1.58884      1.58884
     -2.61000      1.63192      1.63192
     -2.60000      1.19527      1.19527
     -2.59000      0.96415      0.96415
     -2.58000      1.15261      1.15261
     -2.57000      1.39672      1.39672
     -2.56000      1.31948      1.31948
     -2.55000      1.18621      1.18621
     -2.54000      0.90824      0.90824
     -2.53000      0.47182      0.47182
     -2.52000      0.36577      0.36577
     -2.51000      0.86057      0.86057
     -2.50000      1.13001      1.13001
     -2.49000      0.79108      0.79108
     -2.48000      0.44955      0.44955
     -2.47000      0.20098      0.20098
     -2.46000      0.28284      0.28284
     -2.45000      0.80822      0.80822
     -2.44000      1.24647      1.24647
     -2.43000      1.08222      1.08222
     -2.42000      0.91022      0.91022
     -2.41000      1.13204      1.13204
     -2.40000      1.28832      1.28832
     -2.39000      1.39350      1.39350
     -2.38000      1.08177      1.08177
     -2.37000      0.67789      0.67789
     -2.36000      0.60354      0.60354
     -2.35000      0.66229      0.66229
     -2.34000      0.93485      0.93485
     -2.33000      1.43498      1.43498
     -2.32000      1.29825      1.29825
     -2.31000      0.84762      0.84762
     -2.30000      0.88300      0.88300
     -2.29000      0.83862      0.83862
     -2.28000      0.71694      0.71694
     -2.27000      0.99972      0.99972
     -2.26000      1.68704      1.68704
     -2.25000      1.81824      1.81824
     -2.24000      1.37449      1.37449
     -2.23000      1.26164      1.26164
     -2.22000      1.05376      1.05376
     -2.21000      0.88917      0.88917
     -2.20000      0.87421      0.87421
     -2.19000      0.64089      0.64089
     -2.18000      0.63559      0.63559
     -2.17000      1.00768      1.00768
     -2.16000      1.37417      1.37417
     -2.15000      1.37850      1.37850
     -2.14000      1.23638      1.23638
     -2.13000      1.05987      1.05987
     -2.12000      1.01124      1.01124
     -2.11000      1.24445      1.24445
     -2.10000      1.13117      1.13117
     -2.09000      0.88639      0.88639
     -2.08000      0.82674      0.82674
     -2.07000      0.53210      0.53210
     -2.06000      0.24433      0.24433
     -2.05000      0.32219      0.32219
     -2.04000      0.34904      0.34904
     -2.03000      0.20370      0.20370
     -2.02000      0.27155      0.27155
     -2.01000      0.37207      0.37207
     -2.00000      0.25827      0.25827
     -1.99000      0.40260      0.40260
     -1.98000      0.96611      0.96611
     -1.97000      1.32024      1.32024
     -1.96000      1.22374      1.22374
     -1.95000      0.90786      0.90786
     -1.94000      0.68052      0.68052
     -1.93000      0.77841      0.77841
     -1.92000      0.80444      0.80444
     -1.91000      1.01784      1.01784
     -1.90000      1.26416      1.26416
     -1.89000      1.27919      1.27919
     -1.88000      1.22943      1.22943
     -1.87000      0.99898      0.99898
     -1.86000      0.98594      0.98594
     -1.85000      1.54411      1.54411
     -1.84000      2.02556      2.02556
     -1.83000      2.11729      2.11729
     -1.82000      1.54507      1.54507
     -1.81000      0.60808      0.60808
     -1.80000      0.38826      0.38826
     -1.79000      0.87869      0.87869
     -1.78000      1.43163      1.43163
     -1.77000      1.42511      1.42511
     -1.76000      0.95313      0.95313
     -1.75000      0.62098      0.62098
     -1.74000      0.50857      0.50857
     -1.73000      0.43825      0.43825
     -1.72000      0.50349      0.50349
     -1.71000      0.50184      0.50184
     -1.70000      0.38722      0.38722
     -1.69000      0.47259      0.47259
     -1.68000      0.54193      0.54193
     -1.67000      0.56094      0.56094
     -1.66000      0.64636      0.64636
     -1.65000      0.67897      0.67897
     -1.64000      1.19017      1.19017
     -1.63000      1.74802      1.74802
     -1.62000      1.37450      1.37450
     -1.61000      1.07410      1.07410
     -1.60000      1.69726      1.69726
     -1.59000      2.15307      2.15307
     -1.58000      1.91093      1.91093
     -1.57000      1.74464      1.74464
     -1.56000      1.82311      1.82311
     -1.55000      1.84989      1.84989
     -1.54000      1.68584      1.68584
     -1.53000      1.37553      1.37553
     -1.52000      1.08301      1.08301
     -1.51000      0.86064      0.86064
     -1.50000      0.63108      0.63108
     -1.49000      0.84723      0.84723
     -1.48000      1.11083      1.11083
     -1.47000      0.99010      0.99010
     -1.46000      0.80736      0.80736
     -1.45000      0.88468      0.88468
     -1.44000      0.82608      0.82608
     -1.43000      0.54886      0.54886
     -1.42000      0.35404      0.35404
     -1.41000      0.55496      0.55496
     -1.40000      0.90641      0.90641
     -1.39000      0.96033      0.96033
     -1.38000      0.89827      0.89827
     -1.37000      1.18672      1.18672
     -1.36000      1.48797      1.48797
     -1.35000      1.15510      1.15510
     -1.34000      0.75360      0.75360
     -1.33000      0.67135      0.67135
     -1.32000      0.59198      0.59198
     -1.31000      0.36526      0.36526
     -1.30000      0.36707      0.36707
     -1.29000      0.88460      0.88460
     -1.28000      1.24828      1.24828
     -1.27000      1.26254      1.26254
     -1.26000      1.25595      1.25595
     -1.25000      1.13477      1.13477
     -1.24000      1.33865      1.33865
     -1.23000      1.22222      1.22222
     -1.22000      0.62952      0.62952
     -1.21000      0.43063      0.43063
     -1.20000      0.53901      0.53901
     -1.19000      0.75928      0.75928
     -1.18000      1.20994      1.20994
     -1.17000      1.55624      1.55624
     -1.16000      1.25560      1.25560
     -1.15000      1.06028      1.06028
     -1.14000      1.40327      1.40327
     -1.13000      1.12855      1.12855
     -1.12000      0.62614      0.62614
     -1.11000      0.71151      0.71151
     -1.10000      0.76823      0.76823
     -1.09000      0.75789      0.75789
     -1.08000      0.88103      0.88103
     -1.07000      0.90376      0.90376
     -1.06000      0.83652      0.83652
     -1.05000      0.64246      0.64246
     -1.04000      0.85682      0.85682
     -1.03000      1.17528      1.17528
     -1.02000      1.03728      1.03728
     -1.01000      0.86934      0.86934
     -1.00000      0.87028      0.87028
     -0.99000      0.95187      0.95187
     -0.98000      1.13375      1.13375
     -0.97000      1.13527      1.13527
     -0.96000      0.73769      0.73769
     -0.95000      0.25458      0.25458
     -0.94000      0.12842      0.12842
     -0.93000      0.44090      0.44090
     -0.92000      0.85940      0.85940
     -0.91000      0.91813      0.91813
     -0.90000      1.05059      1.05059
     -0.89000      1.46189      1.46189
     -0.88000      1.39171      1.39171
     -0.87000      0.85233      0.85233
     -0.86000      0.53809      0.53809
     -0.85000      0.72374      0.72374
     -0.84000      1.10562      1.10562
     -0.83000      1.50191      1.50191
     -0.82000      1.72217      1.72217
     -0.81000      1.38819      1.38819
