Energy-E_F (eV)    DOS (1/eV)    PDOS (1/eV)  of atom type Pb 
     -3.91478      6.30911      0.00000
     -3.90478      9.96505      0.00000
     -3.89478      8.06636      0.00000
     -3.88478      5.70728      0.00000
     -3.87478      8.15538      0.00000
     -3.86478      8.03494      0.00000
     -3.85478      3.77645      0.00000
     -3.84478      0.77857      0.00000
     -3.83478      0.34938      0.00000
     -3.82478      1.92397      0.00000
     -3.81478      4.90388      0.00000
     -3.80478      5.70082      0.00000
     -3.79478      5.65760      0.00000
     -3.78478      8.01431      0.00000
     -3.77478      9.47078      0.00000
     -3.76478      5.93492      0.00000
     -3.75478      1.81035      0.00000
     -3.74478      1.51560      0.00000
     -3.73478      4.10588      0.00000
     -3.72478      4.65128      0.00000
     -3.71478      1.94292      0.00000
     -3.70478      0.33646      0.00000
     -3.69478      0.74691      0.00000
     -3.68478      5.15847      0.00000
     -3.67478     13.44234      0.00000
     -3.66478     12.92115      0.00000
     -3.65478      4.58184      0.00000
     -3.64478      0.63218      0.00000
     -3.63478      0.54545      0.00000
     -3.62478      3.07716      0.00000
     -3.61478      7.41613      0.00000
     -3.60478      8.95726      0.00000
     -3.59478      8.62872      0.00000
     -3.58478      7.96607      0.00000
     -3.57478      5.22962      0.00000
     -3.56478      1.83030      0.00000
     -3.55478      1.41707      0.00000
     -3.54478      3.94035      0.00000
     -3.53478      4.79035      0.00000
     -3.52478      2.83249      0.00000
     -3.51478      5.78285      0.00000
     -3.50478     16.34177      0.00000
     -3.49478     21.07038      0.00000
     -3.48478     16.02120      0.00000
     -3.47478     12.60362      0.00000
     -3.46478      9.83510      0.00000
     -3.45478      6.08854      0.00000
     -3.44478      5.33779      0.00000
     -3.43478      4.86658      0.00000
     -3.42478      3.81396      0.00000
     -3.41478      6.76867      0.00000
     -3.40478     10.86901      0.00000
     -3.39478     10.89102      0.00000
     -3.38478      6.60154      0.00000
     -3.37478      6.03474      0.00000
     -3.36478      9.94666      0.00000
     -3.35478     12.26495      0.00000
     -3.34478     10.38719      0.00000
     -3.33478      4.51226      0.00000
     -3.32478      1.31634      0.00000
     -3.31478      3.34234      0.00000
     -3.30478      8.43400      0.00000
     -3.29478      9.50513      0.00000
     -3.28478      7.08518      0.00000
     -3.27478      5.65275      0.00000
     -3.26478      3.76060      0.00000
     -3.25478      4.49964      0.00000
     -3.24478      6.18883      0.00000
     -3.23478      7.84596      0.00000
     -3.22478      9.85273      0.00000
     -3.21478      7.07147      0.00000
     -3.20478      5.68846      0.00000
     -3.19478     10.09590      0.00000
     -3.18478     11.46743      0.00000
     -3.17478      7.65042      0.00000
     -3.16478      4.44789      0.00000
     -3.15478      6.46386      0.00000
     -3.14478     13.25866      0.00000
     -3.13478     17.59348      0.00000
     -3.12478     17.47862      0.00000
     -3.11478     14.64423      0.00000
     -3.10478      8.52334      0.00000
     -3.09478      3.68917      0.00000
     -3.08478      4.21464      0.00000
     -3.07478      6.47049      0.00000
     -3.06478      5.77806      0.00000
     -3.05478      4.78898      0.00000
     -3.04478      6.11206      0.00000
     -3.03478      7.94221      0.00000
     -3.02478     10.48246      0.00000
     -3.01478      7.82499      0.00000
     -3.00478      6.08202      0.00000
     -2.99478     13.76813      0.00000
     -2.98478     21.47272      0.00000
     -2.97478     18.65359      0.00000
     -2.96478      8.54282      0.00000
     -2.95478      1.74130      0.00000
     -2.94478      0.14112      0.00000
     -2.93478      0.00433      0.00000
     -2.92478      0.00004      0.00000
     -2.91478      0.00000      0.00000
     -2.90478      0.00000      0.00000
     -2.89478      0.00000      0.00000
     -2.88478      0.00000      0.00000
     -2.87478      0.00124      0.00000
     -2.86478      0.04428      0.00000
     -2.85478      0.58070      0.00000
     -2.84478      2.80183      0.00000
     -2.83478      4.97322      0.00000
     -2.82478      3.24750      0.00000
     -2.81478      0.78525      0.00000
     -2.80478      0.19663      0.00000
     -2.79478      1.16894      0.00000
     -2.78478      4.04750      0.00000
     -2.77478      6.44605      0.00000
     -2.76478      8.68489      0.00000
     -2.75478     10.77808      0.00000
     -2.74478      8.79953      0.00000
     -2.73478      6.25036      0.00000
     -2.72478      3.01594      0.00000
     -2.71478      0.62731      0.00000
     -2.70478      0.04928      0.00000
     -2.69478      0.00143      0.00000
     -2.68478      0.00000      0.00000
     -2.67478      0.00000      0.00000
     -2.66478      0.00073      0.00000
     -2.65478      0.02998      0.00000
     -2.64478      0.45740      0.00000
     -2.63478      2.70237      0.00000
     -2.62478      6.75524      0.00000
     -2.61478      8.22651      0.00000
     -2.60478      5.15764      0.00000
     -2.59478      1.49313      0.00000
     -2.58478      0.27319      0.00000
     -2.57478      0.77031      0.00000
     -2.56478      2.15608      0.00000
     -2.55478      2.24232      0.00000
     -2.54478      0.85795      0.00000
     -2.53478      0.12076      0.00000
     -2.52478      0.00632      0.00000
     -2.51478      0.00467      0.00000
     -2.50478      0.11631      0.00000
     -2.49478      1.09432      0.00000
     -2.48478      3.78776      0.00000
     -2.47478      4.82309      0.00000
     -2.46478      2.25930      0.00000
     -2.45478      0.38934      0.00000
     -2.44478      0.02468      0.00000
     -2.43478      0.00058      0.00000
     -2.42478      0.00000      0.00000
     -2.41478      0.00000      0.00000
     -2.40478      0.00007      0.00000
     -2.39478      0.00395      0.00000
     -2.38478      0.08693      0.00000
     -2.37478      0.70382      0.00000
     -2.36478      2.11239      0.00000
     -2.35478      2.61023      0.00000
     -2.34478      2.93524      0.00000
     -2.33478      4.83145      0.00000
     -2.32478      4.04153      0.00000
     -2.31478      1.36478      0.00000
     -2.30478      1.08587      0.00000
     -2.29478      3.54573      0.00000
     -2.28478      4.91370      0.00000
     -2.27478      2.50942      0.00000
     -2.26478      0.47220      0.00000
     -2.25478      0.05870      0.00000
     -2.24478      0.36570      0.00000
     -2.23478      2.24943      0.00000
     -2.22478      7.06328      0.00000
     -2.21478     11.55099      0.00000
     -2.20478      9.95601      0.00000
     -2.19478      7.09181      0.00000
     -2.18478      6.16962      0.00000
     -2.17478      9.75710      0.00000
     -2.16478     16.10126      0.00000
     -2.15478     14.92820      0.00000
     -2.14478      9.87934      0.00000
     -2.13478      7.97437      0.00000
     -2.12478      7.91507      0.00000
     -2.11478      7.19666      0.00000
     -2.10478      4.92011      0.00000
     -2.09478      1.96475      0.00000
     -2.08478      2.31247      0.00000
     -2.07478      5.93444      0.00000
     -2.06478     11.36195      0.00000
     -2.05478     19.19811      0.00000
     -2.04478     20.37793      0.00000
     -2.03478     15.29737      0.00000
     -2.02478     13.08842      0.00000
     -2.01478      9.02884      0.00000
     -2.00478      2.90680      0.00000
     -1.99478      0.39901      0.00000
     -1.98478      0.48428      0.00000
     -1.97478      2.49632      0.00000
     -1.96478      4.90969      0.00000
     -1.95478      3.55316      0.00000
     -1.94478      0.96400      0.00000
     -1.93478      0.41676      0.00000
     -1.92478      2.19362      0.00000
     -1.91478      5.89164      0.00000
     -1.90478      7.28468      0.00000
     -1.89478      6.50520      0.00000
     -1.88478      5.65639      0.00000
     -1.87478      2.79062      0.00000
     -1.86478      0.67461      0.00000
     -1.85478      1.17737      0.00000
     -1.84478      3.92240      0.00000
     -1.83478      5.62889      0.00000
     -1.82478      5.55042      0.00000
     -1.81478      5.32948      0.00000
     -1.80478      2.72295      0.00000
     -1.79478      0.54140      0.00000
     -1.78478      0.03990      0.00000
     -1.77478      0.00397      0.00000
     -1.76478      0.08458      0.00000
     -1.75478      0.93797      0.00000
     -1.74478      4.13714      0.00000
     -1.73478      8.02202      0.00000
     -1.72478      7.59861      0.00000
     -1.71478      3.47578      0.00000
     -1.70478      0.68613      0.00000
     -1.69478      0.05510      0.00000
     -1.68478      0.05066      0.00000
     -1.67478      0.49111      0.00000
     -1.66478      1.80676      0.00000
     -1.65478      2.44529      0.00000
     -1.64478      1.21749      0.00000
     -1.63478      0.22318      0.00000
     -1.62478      0.02630      0.00000
     -1.61478      0.26605      0.00000
     -1.60478      2.33951      0.00000
     -1.59478      7.70679      0.00000
     -1.58478      9.57890      0.00000
     -1.57478      5.43243      0.00000
     -1.56478      5.94312      0.00000
     -1.55478     10.68494      0.00000
     -1.54478      9.63092      0.00000
     -1.53478      3.98057      0.00000
     -1.52478      1.40182      0.00000
     -1.51478      3.15926      0.00000
     -1.50478      4.98740      0.00000
     -1.49478      2.98462      0.00000
     -1.48478      1.23199      0.00000
     -1.47478      2.88870      0.00000
     -1.46478      5.03411      0.00000
     -1.45478      3.98563      0.00000
     -1.44478      4.95347      0.00000
     -1.43478      9.09852      0.00000
     -1.42478      7.83462      0.00000
     -1.41478      2.80028      0.00000
     -1.40478      1.26181      0.00000
     -1.39478      4.51779      0.00000
     -1.38478     10.29907      0.00000
     -1.37478     10.36998      0.00000
     -1.36478      4.35030      0.00000
     -1.35478      0.84874      0.00000
     -1.34478      1.19554      0.00000
     -1.33478      3.95134      0.00000
     -1.32478      5.70516      0.00000
     -1.31478      5.68706      0.00000
     -1.30478      5.29020      0.00000
     -1.29478      2.56859      0.00000
     -1.28478      0.48485      0.00000
     -1.27478      0.03760      0.00000
     -1.26478      0.11947      0.00000
     -1.25478      1.45401      0.00000
     -1.24478      6.98616      0.00000
     -1.23478     13.57533      0.00000
     -1.22478     11.02896      0.00000
     -1.21478      4.14696      0.00000
     -1.20478      3.41023      0.00000
     -1.19478      8.38375      0.00000
     -1.18478      9.08848      0.00000
     -1.17478      3.73468      0.00000
     -1.16478      1.01670      0.00000
     -1.15478      2.47898      0.00000
     -1.14478      4.90479      0.00000
     -1.13478      3.80654      0.00000
     -1.12478      2.55566      0.00000
     -1.11478      4.82191      0.00000
     -1.10478      6.27340      0.00000
     -1.09478      5.69557      0.00000
     -1.08478      6.02148      0.00000
     -1.07478      5.59865      0.00000
     -1.06478      5.03482      0.00000
     -1.05478      5.38113      0.00000
     -1.04478      4.15568      0.00000
     -1.03478      4.76700      0.00000
     -1.02478      5.33196      0.00000
     -1.01478      4.91748      0.00000
     -1.00478      5.48632      0.00000
     -0.99478      4.75056      0.00000
     -0.98478      6.21219      0.00000
     -0.97478      8.87698      0.00000
     -0.96478      9.18186      0.00000
     -0.95478      8.01801      0.00000
     -0.94478      6.70415      0.00000
     -0.93478      5.86505      0.00000
     -0.92478      3.34595      0.00000
     -0.91478      2.03535      0.00000
     -0.90478      4.23584      0.00000
     -0.89478      5.92992      0.00000
     -0.88478      8.61247      0.00000
     -0.87478     13.99760      0.00000
     -0.86478     11.37238      0.00000
     -0.85478      3.93703      0.00000
     -0.84478      1.47975      0.00000
     -0.83478      4.91894      0.00000
     -0.82478     10.91446      0.00000
     -0.81478     11.79828      0.00000
     -0.80478      6.73811      0.00000
     -0.79478      1.90335      0.00000
     -0.78478      0.23138      0.00000
     -0.77478      0.01143      0.00000
     -0.76478      0.01607      0.00000
     -0.75478      0.23214      0.00000
     -0.74478      1.26411      0.00000
     -0.73478      2.73831      0.00000
     -0.72478      3.18157      0.00000
     -0.71478      3.20953      0.00000
     -0.70478      3.55255      0.00000
     -0.69478      6.47997      0.00000
     -0.68478     10.88146      0.00000
     -0.67478     11.44960      0.00000
     -0.66478      5.75125      0.00000
     -0.65478      1.15734      0.00000
     -0.64478      0.18350      0.00000
     -0.63478      0.97332      0.00000
     -0.62478      3.59488      0.00000
     -0.61478      4.89707      0.00000
     -0.60478      2.46906      0.00000
     -0.59478      0.67847      0.00000
     -0.58478      1.25905      0.00000
     -0.57478      2.50231      0.00000
     -0.56478      2.45530      0.00000
     -0.55478      3.50078      0.00000
     -0.54478      5.52103      0.00000
     -0.53478      6.08665      0.00000
     -0.52478      8.90325      0.00000
     -0.51478     12.27581      0.00000
     -0.50478     13.13002      0.00000
     -0.49478     10.01412      0.00000
     -0.48478      6.41586      0.00000
     -0.47478      5.49683      0.00000
     -0.46478      3.39659      0.00000
     -0.45478      2.57100      0.00000
     -0.44478      4.03275      0.00000
     -0.43478      8.63453      0.00000
     -0.42478     14.96515      0.00000
     -0.41478     12.81290      0.00000
     -0.40478      5.54702      0.00000
     -0.39478      1.36661      0.00000
     -0.38478      0.54980      0.00000
     -0.37478      2.60520      0.00000
     -0.36478      7.80030      0.00000
     -0.35478     13.36890      0.00000
     -0.34478     16.83876      0.00000
     -0.33478     16.21424      0.00000
     -0.32478     12.27511      0.00000
     -0.31478      8.21994      0.00000
     -0.30478      6.05356      0.00000
     -0.29478      3.03233      0.00000
     -0.28478      0.64179      0.00000
     -0.27478      0.07454      0.00000
     -0.26478      0.37835      0.00000
     -0.25478      2.22269      0.00000
     -0.24478      4.91860      0.00000
     -0.23478      4.95583      0.00000
     -0.22478      5.57081      0.00000
     -0.21478      8.09255      0.00000
     -0.20478      8.01365      0.00000
     -0.19478      6.84995      0.00000
     -0.18478      7.54790      0.00000
     -0.17478      5.62988      0.00000
     -0.16478      1.81149      0.00000
     -0.15478      0.29857      0.00000
     -0.14478      0.80991      0.00000
     -0.13478      3.28530      0.00000
     -0.12478      4.96823      0.00000
     -0.11478      2.76417      0.00000
     -0.10478      0.56842      0.00000
     -0.09478      0.12137      0.00000
     -0.08478      0.86430      0.00000
     -0.07478      3.64248      0.00000
     -0.06478      6.85857      0.00000
     -0.05478      8.38884      0.00000
     -0.04478      8.73205      0.00000
     -0.03478      6.67830      0.00000
     -0.02478      5.17299      0.00000
     -0.01478      9.04608      0.00000
     -0.00478     12.57461      0.00000
      0.00522      8.83145      0.00000
      0.01522      3.63842      0.00000
      0.02522      3.82847      0.00000
      0.03522      4.95195      0.00000
      0.04522      2.63577      0.00000
      0.05522      1.07930      0.00000
      0.06522      2.36518      0.00000
      0.07522      4.48154      0.00000
      0.08522      6.16165      0.00000
      0.09522      8.21335      0.00000
      0.10522      9.03960      0.00000
      0.11522      9.84362      0.00000
      0.12522     11.75793      0.00000
      0.13522     10.19374      0.00000
      0.14522      4.57640      0.00000
      0.15522      1.00590      0.00000
      0.16522      1.70269      0.00000
      0.17522      8.70053      0.00000
      0.18522     18.28138      0.00000
      0.19522     15.47625      0.00000
      0.20522      6.27444      0.00000
      0.21522      4.67993      0.00000
      0.22522      6.43474      0.00000
      0.23522      6.61603      0.00000
      0.24522      4.83365      0.00000
      0.25522      1.70263      0.00000
      0.26522      0.26585      0.00000
      0.27522      0.47152      0.00000
      0.28522      2.48952      0.00000
      0.29522      5.18496      0.00000
      0.30522      5.45456      0.00000
      0.31522      5.56792      0.00000
      0.32522      4.25229      0.00000
      0.33522      1.38318      0.00000
      0.34522      0.16852      0.00000
      0.35522      0.01026      0.00000
      0.36522      0.07929      0.00000
      0.37522      0.85414      0.00000
      0.38522      3.39305      0.00000
      0.39522      5.04405      0.00000
      0.40522      3.76894      0.00000
      0.41522      5.51282      0.00000
      0.42522      9.35709      0.00000
      0.43522      9.08584      0.00000
      0.44522      6.58408      0.00000
      0.45522      6.87496      0.00000
      0.46522      7.54272      0.00000
      0.47522      3.96349      0.00000
      0.48522      2.12518      0.00000
      0.49522      3.67627      0.00000
      0.50522      6.75059      0.00000
      0.51522      9.59190      0.00000
      0.52522      7.04446      0.00000
      0.53522      2.59963      0.00000
      0.54522      3.24073      0.00000
      0.55522      8.56744      0.00000
      0.56522      9.81251      0.00000
      0.57522      7.79554      0.00000
      0.58522     10.81885      0.00000
      0.59522     12.33977      0.00000
      0.60522      7.45025      0.00000
      0.61522      2.11498      0.00000
      0.62522      0.38522      0.00000
      0.63522      1.20489      0.00000
      0.64522      3.98347      0.00000
      0.65522      5.45948      0.00000
      0.66522      5.20966      0.00000
      0.67522      5.38984      0.00000
      0.68522      3.66958      0.00000
      0.69522      3.79765      0.00000
      0.70522      6.00203      0.00000
      0.71522      6.96694      0.00000
      0.72522      9.88746      0.00000
      0.73522     12.37729      0.00000
      0.74522      8.12249      0.00000
      0.75522      2.21356      0.00000
      0.76522      0.13182      0.00000
      0.77522      0.40665      0.00000
      0.78522      2.61402      0.00000
      0.79522      6.36816      0.00000
      0.80522      8.97353      0.00000
      0.81522      9.91329      0.00000
      0.82522      8.77631      0.00000
      0.83522      9.18941      0.00000
      0.84522     10.07552      0.00000
      0.85522      7.48399      0.00000
      0.86522      5.99150      0.00000
      0.87522      3.89219      0.00000
      0.88522      1.09866      0.00000
      0.89522      0.11649      0.00000
      0.90522      0.00474      0.00000
      0.91522      0.01031      0.00000
      0.92522      0.20952      0.00000
      0.93522      1.57605      0.00000
      0.94522      4.36348      0.00000
      0.95522      4.51173      0.00000
      0.96522      2.46704      0.00000
      0.97522      3.52633      0.00000
      0.98522      5.03385      0.00000
      0.99522      3.42992      0.00000
      1.00522      3.59003      0.00000
      1.01522      5.07145      0.00000
      1.02522      3.64517      0.00000
      1.03522      4.24968      0.00000
      1.04522      8.45164      0.00000
      1.05522      8.29539      0.00000
      1.06522      3.44555      0.00000
      1.07522      0.61748      0.00000
      1.08522      0.52212      0.00000
      1.09522      2.54405      0.00000
      1.10522      4.92293      0.00000
      1.11522      3.50596      0.00000
      1.12522      0.92400      0.00000
      1.13522      0.22376      0.00000
      1.14522      1.25088      0.00000
      1.15522      4.68368      0.00000
      1.16522      8.98319      0.00000
      1.17522     11.52114      0.00000
      1.18522      9.75949      0.00000
      1.19522      6.99123      0.00000
      1.20522      4.76538      0.00000
      1.21522      1.66913      0.00000
      1.22522      0.24349      0.00000
      1.23522      0.24937      0.00000
      1.24522      1.26166      0.00000
      1.25522      2.48072      0.00000
      1.26522      2.19244      0.00000
      1.27522      3.71030      0.00000
      1.28522      9.72390      0.00000
      1.29522     11.48724      0.00000
      1.30522      6.03479      0.00000
      1.31522      5.80566      0.00000
      1.32522     14.89148      0.00000
      1.33522     21.67668      0.00000
      1.34522     19.12079      0.00000
      1.35522     15.94504      0.00000
      1.36522     16.77986      0.00000
      1.37522     13.92231      0.00000
      1.38522      7.93568      0.00000
      1.39522      5.55212      0.00000
      1.40522      2.72605      0.00000
      1.41522      0.93147      0.00000
      1.42522      2.93481      0.00000
      1.43522      7.59726      0.00000
      1.44522      8.64101      0.00000
      1.45522      4.34256      0.00000
      1.46522      1.00095      0.00000
      1.47522      1.11148      0.00000
      1.48522      5.04422      0.00000
      1.49522      9.48371      0.00000
      1.50522      7.03834      0.00000
      1.51522      2.37650      0.00000
      1.52522      1.89107      0.00000
      1.53522      3.86682      0.00000
      1.54522      4.17772      0.00000
      1.55522      2.44589      0.00000
      1.56522      2.17819      0.00000
      1.57522      3.75574      0.00000
      1.58522      5.78597      0.00000
      1.59522      7.41703      0.00000
      1.60522      7.04231      0.00000
      1.61522      4.74135      0.00000
      1.62522      5.29330      0.00000
      1.63522      9.67990      0.00000
      1.64522      9.17614      0.00000
      1.65522      6.55502      0.00000
      1.66522      5.01771      0.00000
      1.67522      3.06312      0.00000
      1.68522      5.71324      0.00000
      1.69522     10.14989      0.00000
      1.70522      9.19927      0.00000
      1.71522      9.35596      0.00000
      1.72522     10.25620      0.00000
      1.73522      9.60536      0.00000
      1.74522     13.80414      0.00000
      1.75522     16.18976      0.00000
      1.76522     10.67006      0.00000
      1.77522      4.04334      0.00000
      1.78522      2.28030      0.00000
      1.79522      2.61046      0.00000
      1.80522      2.40334      0.00000
      1.81522      4.76393      0.00000
      1.82522      7.29468      0.00000
      1.83522      4.57333      0.00000
      1.84522      1.32739      0.00000
      1.85522      1.98053      0.00000
      1.86522      6.30472      0.00000
      1.87522      9.15536      0.00000
      1.88522      6.63407      0.00000
      1.89522      4.98574      0.00000
      1.90522      5.11578      0.00000
      1.91522      2.63959      0.00000
      1.92522      0.61822      0.00000
      1.93522      1.31274      0.00000
      1.94522      5.83283      0.00000
      1.95522      9.91314      0.00000
      1.96522      6.26648      0.00000
      1.97522      1.47298      0.00000
      1.98522      0.12870      0.00000
      1.99522      0.00443      0.00000
      2.00522      0.01318      0.00000
      2.01522      0.25016      0.00000
      2.02522      1.75221      0.00000
      2.03522      4.52876      0.00000
      2.04522      4.64679      0.00000
      2.05522      4.88352      0.00000
      2.06522     12.06747      0.00000
      2.07522     17.50245      0.00000
      2.08522     15.37208      0.00000
      2.09522     12.55194      0.00000
      2.10522      9.16696      0.00000
      2.11522      5.76533      0.00000
      2.12522      5.36499      0.00000
      2.13522      4.76885      0.00000
      2.14522      4.11589      0.00000
      2.15522      7.61862      0.00000
      2.16522      9.81440      0.00000
      2.17522      8.67065      0.00000
      2.18522      9.21189      0.00000
      2.19522     10.06596      0.00000
      2.20522      9.96292      0.00000
      2.21522     10.67680      0.00000
      2.22522     12.72874      0.00000
      2.23522     11.63880      0.00000
      2.24522      6.32176      0.00000
      2.25522      4.88775      0.00000
      2.26522      8.06150      0.00000
      2.27522      8.23428      0.00000
      2.28522      6.57467      0.00000
      2.29522      7.69958      0.00000
      2.30522      7.04483      0.00000
      2.31522      4.61962      0.00000
      2.32522      3.33325      0.00000
      2.33522      4.07202      0.00000
      2.34522      8.25241      0.00000
      2.35522     15.90766      0.00000
      2.36522     18.08408      0.00000
      2.37522     12.65130      0.00000
      2.38522      6.59178      0.00000
      2.39522      3.59710      0.00000
      2.40522      4.15691      0.00000
      2.41522      6.00911      0.00000
      2.42522      6.83037      0.00000
      2.43522      7.03222      0.00000
      2.44522      7.34502      0.00000
      2.45522      6.52563      0.00000
      2.46522      3.80898      0.00000
      2.47522      2.70373      0.00000
      2.48522      4.67884      0.00000
      2.49522      4.16684      0.00000
      2.50522      1.38569      0.00000
      2.51522      0.16966      0.00000
      2.52522      0.01079      0.00000
      2.53522      0.09208      0.00000
      2.54522      1.01004      0.00000
      2.55522      4.26172      0.00000
      2.56522      7.09991      0.00000
      2.57522      4.93598      0.00000
      2.58522      2.57987      0.00000
      2.59522      4.14732      0.00000
      2.60522      4.76524      0.00000
      2.61522      2.48855      0.00000
      2.62522      2.06275      0.00000
      2.63522      2.75946      0.00000
      2.64522      2.65702      0.00000
      2.65522      2.73372      0.00000
      2.66522      1.69562      0.00000
      2.67522      0.41807      0.00000
      2.68522      0.03825      0.00000
      2.69522      0.00129      0.00000
      2.70522      0.00022      0.00000
      2.71522      0.01090      0.00000
      2.72522      0.21899      0.00000
      2.73522      1.61848      0.00000
      2.74522      4.40037      0.00000
      2.75522      4.40126      0.00000
      2.76522      1.61946      0.00000
      2.77522      0.21922      0.00000
      2.78522      0.01092      0.00000
      2.79522      0.00020      0.00000
      2.80522      0.00000      0.00000
      2.81522      0.00000      0.00000
      2.82522      0.00000      0.00000
      2.83522      0.00000      0.00000
      2.84522      0.00000      0.00000
      2.85522      0.00000      0.00000
      2.86522      0.00000      0.00000
      2.87522      0.00000      0.00000
      2.88522      0.00000      0.00000
      2.89522      0.00000      0.00000
      2.90522      0.00051      0.00000
      2.91522      0.01998      0.00000
      2.92522      0.29760      0.00000
      2.93522      1.82639      0.00000
      2.94522      5.08611      0.00000
      2.95522      7.08539      0.00000
      2.96522      6.64263      0.00000
      2.97522      7.92376      0.00000
      2.98522      8.57975      0.00000
      2.99522      5.72922      0.00000
      3.00522      3.48191      0.00000
      3.01522      2.36316      0.00000
      3.02522      0.84182      0.00000
      3.03522      0.11574      0.00000
      3.04522      0.00588      0.00000
      3.05522      0.00011      0.00000
      3.06522      0.00000      0.00000
      3.07522      0.00006      0.00000
      3.08522      0.00466      0.00000
      3.09522      0.12636      0.00000
      3.10522      1.28728      0.00000
      3.11522      4.96033      0.00000
      3.12522      7.28921      0.00000
      3.13522      4.15651      0.00000
      3.14522      1.36270      0.00000
      3.15522      1.94448      0.00000
      3.16522      3.52148      0.00000
      3.17522      5.26732      0.00000
      3.18522      7.16016      0.00000
      3.19522      8.40181      0.00000
      3.20522      8.79066      0.00000
      3.21522      6.13121      0.00000
      3.22522      3.44320      0.00000
      3.23522      5.63947      0.00000
      3.24522     10.66283      0.00000
      3.25522     14.39258      0.00000
      3.26522     13.93908      0.00000
      3.27522     10.74173      0.00000
      3.28522      7.67645      0.00000
      3.29522      7.79331      0.00000
      3.30522      8.23058      0.00000
      3.31522      5.76431      0.00000
      3.32522      4.20984      0.00000
      3.33522      5.86694      0.00000
      3.34522      7.13120      0.00000
      3.35522      7.82909      0.00000
      3.36522      5.69537      0.00000
      3.37522      3.31738      0.00000
      3.38522      4.56609      0.00000
      3.39522      4.48927      0.00000
      3.40522      1.70542      0.00000
      3.41522      0.23903      0.00000
      3.42522      0.01546      0.00000
      3.43522      0.07385      0.00000
      3.44522      0.63988      0.00000
      3.45522      2.15083      0.00000
      3.46522      3.62112      0.00000
      3.47522      5.83565      0.00000
      3.48522      9.69985      0.00000
      3.49522     11.84196      0.00000
      3.50522      7.63464      0.00000
      3.51522      2.04783      0.00000
      3.52522      0.44344      0.00000
      3.53522      1.76558      0.00000
      3.54522      5.23782      0.00000
      3.55522      7.57361      0.00000
