Energy-E_F (eV)    DOS (1/eV)    PDOS (1/eV)  of atom type Pb 
     -4.99000      1.30876      1.30876
     -4.98000      0.23035      0.23035
     -4.97000      0.67908      0.67908
     -4.96000      2.59800      2.59800
     -4.95000      3.70045      3.70045
     -4.94000      1.94905      1.94905
     -4.93000      0.60640      0.60640
     -4.92000      1.99311      1.99311
     -4.91000      6.11665      6.11665
     -4.90000      6.99709      6.99709
     -4.89000      2.94493      2.94493
     -4.88000      0.45597      0.45597
     -4.87000      0.02597      0.02597
     -4.86000      0.00199      0.00199
     -4.85000      0.05473      0.05473
     -4.84000      0.76401      0.76401
     -4.83000      3.92887      3.92887
     -4.82000      7.56793      7.56793
     -4.81000      6.68768      6.68768
     -4.80000      6.93432      6.93432
     -4.79000      8.32927      8.32927
     -4.78000      6.51695      6.51695
     -4.77000      4.19710      4.19710
     -4.76000      1.61894      1.61894
     -4.75000      0.25800      0.25800
     -4.74000      0.01541      0.01541
     -4.73000      0.00034      0.00034
     -4.72000      0.00000      0.00000
     -4.71000      0.00000      0.00000
     -4.70000      0.00000      0.00000
     -4.69000      0.00014      0.00014
     -4.68000      0.00776      0.00776
     -4.67000      0.15825      0.15825
     -4.66000      1.18701      1.18701
     -4.65000      3.27552      3.27552
     -4.64000      3.32514      3.32514
     -4.63000      1.24178      1.24178
     -4.62000      0.17137      0.17137
     -4.61000      0.04238      0.04238
     -4.60000      0.54788      0.54788
     -4.59000      3.26937      3.26937
     -4.58000      7.17920      7.17920
     -4.57000      5.79955      5.79955
     -4.56000      1.72364      1.72364
     -4.55000      0.19597      0.19597
     -4.54000      0.19525      0.19525
     -4.53000      1.71928      1.71928
     -4.52000      5.79344      5.79344
     -4.51000      7.18223      7.18223
     -4.50000      3.27557      3.27557
     -4.49000      0.54957      0.54957
     -4.48000      0.03453      0.03453
     -4.47000      0.02912      0.02912
     -4.46000      0.48489      0.48489
     -4.45000      3.05089      3.05089
     -4.44000      7.06182      7.06182
     -4.43000      6.01330      6.01330
     -4.42000      1.88371      1.88371
     -4.41000      0.21708      0.21708
     -4.40000      0.01178      0.01178
     -4.39000      0.08879      0.08879
     -4.38000      1.14709      1.14709
     -4.37000      5.64257      5.64257
     -4.36000     10.70137     10.70137
     -4.35000      7.93754      7.93754
     -4.34000      2.34484      2.34484
     -4.33000      0.65701      0.65701
     -4.32000      2.75138      2.75138
     -4.31000      7.67253      7.67253
     -4.30000     10.56499     10.56499
     -4.29000      9.65481      9.65481
     -4.28000      5.16223      5.16223
     -4.27000      1.18946      1.18946
     -4.26000      0.10448      0.10448
     -4.25000      0.00340      0.00340
     -4.24000      0.00004      0.00004
     -4.23000      0.00000      0.00000
     -4.22000      0.00052      0.00052
     -4.21000      0.02662      0.02662
     -4.20000      0.51008      0.51008
     -4.19000      3.64999      3.64999
     -4.18000      9.78396      9.78396
     -4.17000      9.85309      9.85309
     -4.16000      3.73699      3.73699
     -4.15000      0.54524      0.54524
     -4.14000      0.27188      0.27188
     -4.13000      2.02451      2.02451
     -4.12000      6.27058      6.27058
     -4.11000      7.79597      7.79597
     -4.10000      5.75054      5.75054
     -4.09000      4.04375      4.04375
     -4.08000      1.75167      1.75167
     -4.07000      0.96464      0.96464
     -4.06000      2.84316      2.84316
     -4.05000      5.63190      5.63190
     -4.04000      8.05992      8.05992
     -4.03000      8.06165      8.06165
     -4.02000      6.57907      6.57907
     -4.01000      9.10021      9.10021
     -4.00000      9.68270      9.68270
     -3.99000      5.27171      5.27171
     -3.98000      4.44261      4.44261
     -3.97000      7.36556      7.36556
     -3.96000      5.57553      5.57553
     -3.95000      2.24353      2.24353
     -3.94000      4.19607      4.19607
     -3.93000      9.24119      9.24119
     -3.92000      9.07843      9.07843
     -3.91000      4.10239      4.10239
     -3.90000      0.84353      0.84353
     -3.89000      0.07318      0.07318
     -3.88000      0.00250      0.00250
     -3.87000      0.00003      0.00003
     -3.86000      0.00000      0.00000
     -3.85000      0.00000      0.00000
     -3.84000      0.00000      0.00000
     -3.83000      0.00011      0.00011
     -3.82000      0.00740      0.00740
     -3.81000      0.18517      0.18517
     -3.80000      1.70463      1.70463
     -3.79000      5.77291      5.77291
     -3.78000      7.19228      7.19228
     -3.77000      3.29643      3.29643
     -3.76000      0.55581      0.55581
     -3.75000      0.03448      0.03448
     -3.74000      0.00079      0.00079
     -3.73000      0.00000      0.00000
     -3.72000      0.00000      0.00000
     -3.71000      0.00000      0.00000
     -3.70000      0.00000      0.00000
     -3.69000      0.00000      0.00000
     -3.68000      0.00000      0.00000
     -3.67000      0.00000      0.00000
     -3.66000      0.00000      0.00000
     -3.65000      0.00000      0.00000
     -3.64000      0.00000      0.00000
     -3.63000      0.00000      0.00000
     -3.62000      0.00000      0.00000
     -3.61000      0.00000      0.00000
     -3.60000      0.00000      0.00000
     -3.59000      0.00006      0.00006
     -3.58000      0.00409      0.00409
     -3.57000      0.09965      0.09965
     -3.56000      0.89277      0.89277
     -3.55000      2.94317      2.94317
     -3.54000      3.60161      3.60161
     -3.53000      2.14249      2.14249
     -3.52000      3.54223      3.54223
     -3.51000      7.20068      7.20068
     -3.50000      5.78855      5.78855
     -3.49000      1.72799      1.72799
     -3.48000      0.46103      0.46103
     -3.47000      2.18275      2.18275
     -3.46000      6.35255      6.35255
     -3.45000      6.82459      6.82459
     -3.44000      2.69723      2.69723
     -3.43000      0.39216      0.39216
     -3.42000      0.02098      0.02098
     -3.41000      0.00041      0.00041
     -3.40000      0.00000      0.00000
     -3.39000      0.00000      0.00000
     -3.38000      0.00000      0.00000
     -3.37000      0.00000      0.00000
     -3.36000      0.00000      0.00000
     -3.35000      0.00000      0.00000
     -3.34000      0.00000      0.00000
     -3.33000      0.00000      0.00000
     -3.32000      0.00000      0.00000
     -3.31000      0.00000      0.00000
     -3.30000      0.00000      0.00000
     -3.29000      0.00000      0.00000
     -3.28000      0.00000      0.00000
     -3.27000      0.00000      0.00000
     -3.26000      0.00010      0.00010
     -3.25000      0.00585      0.00585
     -3.24000      0.12913      0.12913
     -3.23000      1.04887      1.04887
     -3.22000      3.13405      3.13405
     -3.21000      3.44505      3.44505
     -3.20000      1.39313      1.39313
     -3.19000      0.20780      0.20780
     -3.18000      0.02833      0.02833
     -3.17000      0.19349      0.19349
     -3.16000      0.81390      0.81390
     -3.15000      1.39735      1.39735
     -3.14000      2.21822      2.21822
     -3.13000      5.66202      5.66202
     -3.12000      7.83406      7.83406
     -3.11000      6.79044      6.79044
     -3.10000      8.67650      8.67650
     -3.09000     10.30630     10.30630
     -3.08000      9.29692      9.29692
     -3.07000      4.95231      4.95231
     -3.06000      1.11761      1.11761
     -3.05000      0.09571      0.09571
     -3.04000      0.01694      0.01694
     -3.03000      0.29288      0.29288
     -3.02000      2.26509      2.26509
     -3.01000      6.44525      6.44525
     -3.00000      6.74685      6.74685
     -2.99000      2.59817      2.59817
     -2.98000      0.36808      0.36808
     -2.97000      0.02131      0.02131
     -2.96000      0.07376      0.07376
     -2.95000      0.93166      0.93166
     -2.94000      4.35059      4.35059
     -2.93000      7.47385      7.47385
     -2.92000      4.72331      4.72331
     -2.91000      1.09813      1.09813
     -2.90000      0.09392      0.09392
     -2.89000      0.00296      0.00296
     -2.88000      0.00003      0.00003
     -2.87000      0.00000      0.00000
     -2.86000      0.00000      0.00000
     -2.85000      0.00002      0.00002
     -2.84000      0.00166      0.00166
     -2.83000      0.05325      0.05325
     -2.82000      0.65405      0.65405
     -2.81000      3.19117      3.19117
     -2.80000      6.53206      6.53206
     -2.79000      6.19990      6.19990
     -2.78000      5.06211      5.06211
     -2.77000      7.41676      7.41676
     -2.76000      7.60908      7.60908
     -2.75000      7.30996      7.30996
     -2.74000      7.62929      7.62929
     -2.73000      3.81696      3.81696
     -2.72000      0.72204      0.72204
     -2.71000      0.05037      0.05037
     -2.70000      0.00129      0.00129
     -2.69000      0.00000      0.00000
     -2.68000      0.00000      0.00000
     -2.67000      0.00000      0.00000
     -2.66000      0.00005      0.00005
     -2.65000      0.00351      0.00351
     -2.64000      0.08901      0.08901
     -2.63000      0.83174      0.83174
     -2.62000      2.87790      2.87790
     -2.61000      4.01066      4.01066
     -2.60000      4.40884      4.40884
     -2.59000      7.13638      7.13638
     -2.58000      6.33953      6.33953
     -2.57000      2.14676      2.14676
     -2.56000      0.26809      0.26809
     -2.55000      0.01232      0.01232
     -2.54000      0.00021      0.00021
     -2.53000      0.00000      0.00000
     -2.52000      0.00000      0.00000
     -2.51000      0.00000      0.00000
     -2.50000      0.00000      0.00000
     -2.49000      0.00113      0.00113
     -2.48000      0.03839      0.03839
     -2.47000      0.48016      0.48016
     -2.46000      2.20905      2.20905
     -2.45000      3.73880      3.73880
     -2.44000      2.32790      2.32790
     -2.43000      0.53321      0.53321
     -2.42000      0.04493      0.04493
     -2.41000      0.00139      0.00139
     -2.40000      0.00002      0.00002
     -2.39000      0.00000      0.00000
     -2.38000      0.00172      0.00172
     -2.37000      0.06260      0.06260
     -2.36000      0.83689      0.83689
     -2.35000      4.11621      4.11621
     -2.34000      7.44789      7.44789
     -2.33000      4.95763      4.95763
     -2.32000      1.21401      1.21401
     -2.31000      0.10936      0.10936
     -2.30000      0.00362      0.00362
     -2.29000      0.00004      0.00004
     -2.28000      0.00000      0.00000
     -2.27000      0.00000      0.00000
     -2.26000      0.00000      0.00000
     -2.25000      0.00000      0.00000
     -2.24000      0.00000      0.00000
     -2.23000      0.00000      0.00000
     -2.22000      0.00000      0.00000
     -2.21000      0.00008      0.00008
     -2.20000      0.00499      0.00499
     -2.19000      0.11508      0.11508
     -2.18000      0.97679      0.97679
     -2.17000      3.05009      3.05009
     -2.16000      3.50371      3.50371
     -2.15000      1.48064      1.48064
     -2.14000      0.23018      0.23018
     -2.13000      0.01316      0.01316
     -2.12000      0.00028      0.00028
     -2.11000      0.00000      0.00000
     -2.10000      0.00000      0.00000
     -2.09000      0.00012      0.00012
     -2.08000      0.00815      0.00815
     -2.07000      0.19866      0.19866
     -2.06000      1.78189      1.78189
     -2.05000      5.88063      5.88063
     -2.04000      7.16611      7.16611
     -2.03000      3.57912      3.57912
     -2.02000      2.51119      2.51119
     -2.01000      3.74295      3.74295
     -2.00000      2.55598      2.55598
     -1.99000      0.80175      0.80175
     -1.98000      1.59776      1.59776
     -1.97000      5.52594      5.52594
     -1.96000      7.29922      7.29922
     -1.95000      3.54832      3.54832
     -1.94000      0.64050      0.64050
     -1.93000      0.17729      0.17729
     -1.92000      1.20823      1.20823
     -1.91000      4.66659      4.66659
     -1.90000      9.10352      9.10352
     -1.89000     10.76952     10.76952
     -1.88000     14.20396     14.20396
     -1.87000     21.29346     21.29346
     -1.86000     16.63958     16.63958
     -1.85000      5.54117      5.54117
     -1.84000      0.76485      0.76485
     -1.83000      0.04254      0.04254
     -1.82000      0.00092      0.00092
     -1.81000      0.00000      0.00000
     -1.80000      0.00019      0.00019
     -1.79000      0.00967      0.00967
     -1.78000      0.18510      0.18510
     -1.77000      1.30363      1.30363
     -1.76000      3.38398      3.38398
     -1.75000      3.36509      3.36509
     -1.74000      2.26174      2.26174
     -1.73000      3.36893      3.36893
     -1.72000      3.37968      3.37968
     -1.71000      1.29840      1.29840
     -1.70000      0.18385      0.18385
     -1.69000      0.00958      0.00958
     -1.68000      0.00018      0.00018
     -1.67000      0.00000      0.00000
     -1.66000      0.00000      0.00000
     -1.65000      0.00000      0.00000
     -1.64000      0.00000      0.00000
     -1.63000      0.00000      0.00000
     -1.62000      0.00000      0.00000
     -1.61000      0.00000      0.00000
     -1.60000      0.00000      0.00000
     -1.59000      0.00000      0.00000
     -1.58000      0.00000      0.00000
     -1.57000      0.00000      0.00000
     -1.56000      0.00000      0.00000
     -1.55000      0.00000      0.00000
     -1.54000      0.00000      0.00000
     -1.53000      0.00000      0.00000
     -1.52000      0.00000      0.00000
     -1.51000      0.00000      0.00000
     -1.50000      0.00047      0.00047
     -1.49000      0.02325      0.02325
     -1.48000      0.42635      0.42635
     -1.47000      2.96001      2.96001
     -1.46000      8.39108      8.39108
     -1.45000     11.68116     11.68116
     -1.44000      9.40697      9.40697
     -1.43000      3.88999      3.88999
     -1.42000      0.67494      0.67494
     -1.41000      0.04849      0.04849
     -1.40000      0.11358      0.11358
     -1.39000      1.23656      1.23656
     -1.38000      5.00111      5.00111
     -1.37000      7.44084      7.44084
     -1.36000      4.07271      4.07271
     -1.35000      0.82007      0.82007
     -1.34000      0.06075      0.06075
     -1.33000      0.00205      0.00205
     -1.32000      0.02026      0.02026
     -1.31000      0.38266      0.38266
     -1.30000      2.65854      2.65854
     -1.29000      6.79485      6.79485
     -1.28000      6.38882      6.38882
     -1.27000      2.20987      2.20987
     -1.26000      0.28120      0.28120
     -1.25000      0.01316      0.01316
     -1.24000      0.00023      0.00023
     -1.23000      0.00103      0.00103
     -1.22000      0.04246      0.04246
     -1.21000      0.64203      0.64203
     -1.20000      3.57126      3.57126
     -1.19000      7.31183      7.31183
     -1.18000      5.60211      5.60211
     -1.17000      2.42398      2.42398
     -1.16000      3.10804      3.10804
     -1.15000      3.56769      3.56769
     -1.14000      1.58068      1.58068
     -1.13000      0.25803      0.25803
     -1.12000      0.01550      0.01550
     -1.11000      0.00251      0.00251
     -1.10000      0.07448      0.07448
     -1.09000      0.94087      0.94087
     -1.08000      4.37244      4.37244
     -1.07000      7.47525      7.47525
     -1.06000      4.70146      4.70146
     -1.05000      1.08779      1.08779
     -1.04000      0.09259      0.09259
     -1.03000      0.00302      0.00302
     -1.02000      0.00786      0.00786
     -1.01000      0.19297      0.19297
     -1.00000      1.74959      1.74959
     -0.99000      5.83578      5.83578
     -0.98000      7.16087      7.16087
     -0.97000      3.23250      3.23250
     -0.96000      0.53681      0.53681
     -0.95000      0.03279      0.03279
     -0.94000      0.00074      0.00074
     -0.93000      0.00000      0.00000
     -0.92000      0.00000      0.00000
     -0.91000      0.00000      0.00000
     -0.90000      0.00000      0.00000
     -0.89000      0.00000      0.00000
     -0.88000      0.00028      0.00028
     -0.87000      0.01393      0.01393
     -0.86000      0.25497      0.25497
     -0.85000      1.82094      1.82094
     -0.84000      5.34556      5.34556
     -0.83000      7.14841      7.14841
     -0.82000      7.01948      7.01948
     -0.81000     11.04171     11.04171
     -0.80000     13.56210     13.56210
     -0.79000      7.87963      7.87963
     -0.78000      1.95940      1.95940
     -0.77000      0.19592      0.19592
     -0.76000      0.00754      0.00754
     -0.75000      0.00011      0.00011
     -0.74000      0.00000      0.00000
     -0.73000      0.00000      0.00000
     -0.72000      0.00000      0.00000
     -0.71000      0.00000      0.00000
     -0.70000      0.00000      0.00000
     -0.69000      0.00033      0.00033
     -0.68000      0.01490      0.01490
     -0.67000      0.25102      0.25102
     -0.66000      1.55604      1.55604
     -0.65000      3.54842      3.54842
     -0.64000      2.97684      2.97684
     -0.63000      0.91872      0.91872
     -0.62000      0.10449      0.10449
     -0.61000      0.01557      0.01557
     -0.60000      0.25062      0.25062
     -0.59000      2.05893      2.05893
     -0.58000      6.22541      6.22541
     -0.57000      6.96163      6.96163
     -0.56000      3.37732      3.37732
     -0.55000      3.56289      3.56289
     -0.54000      8.16290      8.16290
     -0.53000      9.84846      9.84846
     -0.52000      5.58317      5.58317
     -0.51000      4.03402      4.03402
     -0.50000      9.39220      9.39220
     -0.49000     12.91613     12.91613
     -0.48000      8.64569      8.64569
     -0.47000      2.93921      2.93921
     -0.46000      1.26527      1.26527
     -0.45000      4.11509      4.11509
     -0.44000      7.44396      7.44396
     -0.43000      4.98655      4.98655
     -0.42000      1.22897      1.22897
     -0.41000      0.11143      0.11143
     -0.40000      0.00394      0.00394
     -0.39000      0.01295      0.01295
     -0.38000      0.27714      0.27714
     -0.37000      2.19033      2.19033
     -0.36000      6.36837      6.36837
     -0.35000      6.81167      6.81167
     -0.34000      2.68031      2.68031
     -0.33000      0.38799      0.38799
     -0.32000      0.02106      0.02106
     -0.31000      0.02080      0.02080
     -0.30000      0.38449      0.38449
     -0.29000      2.66603      2.66603
     -0.28000      6.80066      6.80066
     -0.27000      6.38180      6.38180
     -0.26000      2.20352      2.20352
     -0.25000      0.29744      0.29744
     -0.24000      0.31372      0.31372
     -0.23000      2.07167      2.07167
     -0.22000      6.42603      6.42603
     -0.21000      9.81089      9.81089
     -0.20000      7.07945      7.07945
     -0.19000      2.15260      2.15260
     -0.18000      0.25442      0.25442
     -0.17000      0.01128      0.01128
     -0.16000      0.00018      0.00018
     -0.15000      0.00000      0.00000
     -0.14000      0.00000      0.00000
     -0.13000      0.00000      0.00000
     -0.12000      0.00000      0.00000
     -0.11000      0.00000      0.00000
     -0.10000      0.00000      0.00000
     -0.09000      0.00000      0.00000
     -0.08000      0.00000      0.00000
     -0.07000      0.00006      0.00006
     -0.06000      0.00414      0.00414
     -0.05000      0.10056      0.10056
     -0.04000      0.89783      0.89783
     -0.03000      2.95169      2.95169
     -0.02000      3.70058      3.70058
     -0.01000      3.11620      3.11620
      0.00000      5.67271      5.67271
      0.01000      6.63753      6.63753
      0.02000      2.89771      2.89771
      0.03000      0.46409      0.46409
      0.04000      0.14790      0.14790
      0.05000      1.31429      1.31429
      0.06000      5.39874      5.39874
      0.07000      9.09708      9.09708
      0.08000      7.57144      7.57144
      0.09000      3.63586      3.63586
      0.10000      0.88849      0.88849
      0.11000      0.09066      0.09066
      0.12000      0.00351      0.00351
      0.13000      0.00005      0.00005
      0.14000      0.00000      0.00000
      0.15000      0.00000      0.00000
      0.16000      0.00000      0.00000
      0.17000      0.00000      0.00000
      0.18000      0.00004      0.00004
      0.19000      0.00359      0.00359
      0.20000      0.10933      0.10933
      0.21000      1.23802      1.23802
      0.22000      5.35471      5.35471
      0.23000      9.48415      9.48415
      0.24000      7.84852      7.84852
      0.25000      3.34416      3.34416
      0.26000      0.68244      0.68244
      0.27000      0.06147      0.06147
      0.28000      0.11525      0.11525
      0.29000      1.41804      1.41804
      0.30000      6.55679      6.55679
      0.31000     11.29580     11.29580
      0.32000      8.35331      8.35331
      0.33000      7.73098      7.73098
      0.34000     11.30712     11.30712
      0.35000      9.46450      9.46450
      0.36000      8.06162      8.06162
      0.37000      7.44742      7.44742
      0.38000      3.86997      3.86997
      0.39000      1.70230      1.70230
      0.40000      0.71202      0.71202
      0.41000      0.77199      0.77199
      0.42000      3.59927      3.59927
      0.43000      7.31486      7.31486
      0.44000      5.48180      5.48180
      0.45000      1.51133      1.51133
      0.46000      0.15330      0.15330
      0.47000      0.00726      0.00726
      0.48000      0.04913      0.04913
      0.49000      0.58931      0.58931
      0.50000      2.87739      2.87739
      0.51000      6.81207      6.81207
      0.52000      9.22866      9.22866
      0.53000      6.44394      6.44394
      0.54000      1.89941      1.89941
      0.55000      0.21445      0.21445
      0.56000      0.00907      0.00907
      0.57000      0.00699      0.00699
      0.58000      0.19488      0.19488
      0.59000      2.11708      2.11708
      0.60000      8.87967      8.87967
      0.61000     14.56431     14.56431
      0.62000     10.08471     10.08471
      0.63000      6.38050      6.38050
      0.64000      7.66284      7.66284
      0.65000      5.00727      5.00727
      0.66000      1.23563      1.23563
      0.67000      0.11234      0.11234
      0.68000      0.00380      0.00380
      0.69000      0.00317      0.00317
      0.70000      0.08181      0.08181
      0.71000      0.78792      0.78792
      0.72000      2.79508      2.79508
      0.73000      3.73239      3.73239
      0.74000      2.64721      2.64721
      0.75000      3.89693      3.89693
      0.76000      7.35628      7.35628
      0.77000      9.00920      9.00920
      0.78000      5.60828      5.60828
      0.79000      1.43712      1.43712
      0.80000      0.13952      0.13952
      0.81000      0.00502      0.00502
      0.82000      0.00007      0.00007
      0.83000      0.00000      0.00000
      0.84000      0.00000      0.00000
      0.85000      0.00000      0.00000
      0.86000      0.00004      0.00004
      0.87000      0.00351      0.00351
      0.88000      0.10695      0.10695
      0.89000      1.20324      1.20324
      0.90000      5.08240      5.08240
      0.91000      8.65453      8.65453
      0.92000      7.44163      7.44163
      0.93000      4.16359      4.16359
      0.94000      1.29148      1.29148
      0.95000      0.16907      0.16907
      0.96000      0.00839      0.00839
      0.97000      0.00015      0.00015
      0.98000      0.00000      0.00000
      0.99000      0.00000      0.00000
      1.00000      0.00000      0.00000
      1.01000      0.00000      0.00000
      1.02000      0.00000      0.00000
      1.03000      0.00000      0.00000
      1.04000      0.00063      0.00063
      1.05000      0.02487      0.02487
      1.06000      0.36093      0.36093
      1.07000      1.98295      1.98295
      1.08000      4.52614      4.52614
      1.09000      5.50968      5.50968
      1.10000      4.30314      4.30314
      1.11000      1.73683      1.73683
      1.12000      0.29115      0.29115
      1.13000      0.12482      0.12482
      1.14000      0.93378      0.93378
      1.15000      2.99691      2.99691
      1.16000      3.57850      3.57850
      1.17000      2.14752      2.14752
      1.18000      3.93269      3.93269
      1.19000      9.28241      9.28241
      1.20000      9.68971      9.68971
      1.21000      4.10304      4.10304
      1.22000      0.68609      0.68609
      1.23000      0.19722      0.19722
      1.24000      1.51821      1.51821
      1.25000      5.49116      5.49116
      1.26000      7.31127      7.31127
      1.27000      3.58119      3.58119
      1.28000      0.64544      0.64544
      1.29000      0.05247      0.05247
      1.30000      0.24297      0.24297
      1.31000      2.26672      2.26672
      1.32000      8.02508      8.02508
      1.33000     10.81192     10.81192
      1.34000      5.57723      5.57723
      1.35000      1.10557      1.10557
      1.36000      0.08423      0.08423
      1.37000      0.00277      0.00277
      1.38000      0.01441      0.01441
      1.39000      0.24518      0.24518
      1.40000      1.54652      1.54652
      1.41000      3.75332      3.75332
      1.42000      4.43050      4.43050
      1.43000      4.44309      4.44309
      1.44000      3.77974      3.77974
      1.45000      4.38155      4.38155
      1.46000      7.34482      7.34482
      1.47000      5.71511      5.71511
      1.48000      1.66078      1.66078
      1.49000      0.18281      0.18281
      1.50000      0.12444      0.12444
      1.51000      0.98961      0.98961
      1.52000      3.08137      3.08137
      1.53000      3.82136      3.82136
      1.54000      3.88853      3.88853
      1.55000      6.82282      6.82282
      1.56000      6.62637      6.62637
      1.57000      2.59202      2.59202
      1.58000      1.51689      1.51689
      1.59000      3.29219      3.29219
      1.60000      3.33471      3.33471
      1.61000      1.46243      1.46243
      1.62000      2.11366      2.11366
      1.63000      6.59222      6.59222
      1.64000      9.42864      9.42864
      1.65000      6.77176      6.77176
      1.66000      2.64214      2.64214
      1.67000      0.48803      0.48803
      1.68000      0.03662      0.03662
      1.69000      0.00135      0.00135
      1.70000      0.01462      0.01462
      1.71000      0.25834      0.25834
      1.72000      1.81946      1.81946
      1.73000      5.76462      5.76462
      1.74000      9.40683      9.40683
      1.75000      7.74237      7.74237
      1.76000      3.13889      3.13889
      1.77000      2.37556      2.37556
      1.78000      3.75094      3.75094
      1.79000      2.90474      2.90474
      1.80000      3.20756      3.20756
      1.81000      6.78018      6.78018
      1.82000      6.47689      6.47689
      1.83000      2.29486      2.29486
      1.84000      0.29921      0.29921
      1.85000      0.01435      0.01435
      1.86000      0.00038      0.00038
      1.87000      0.00701      0.00701
      1.88000      0.14704      0.14704
      1.89000      1.13545      1.13545
      1.90000      3.22554      3.22554
      1.91000      3.37088      3.37088
      1.92000      1.29596      1.29596
      1.93000      0.18329      0.18329
      1.94000      0.00954      0.00954
      1.95000      0.00018      0.00018
      1.96000      0.00000      0.00000
      1.97000      0.00000      0.00000
      1.98000      0.00000      0.00000
      1.99000      0.00000      0.00000
      2.00000      0.00006      0.00006
      2.01000      0.00444      0.00444
      2.02000      0.12718      0.12718
      2.03000      1.33974      1.33974
      2.04000      5.19180      5.19180
      2.05000      7.40152      7.40152
      2.06000      3.88176      3.88176
      2.07000      0.74893      0.74893
      2.08000      0.05316      0.05316
      2.09000      0.00139      0.00139
      2.10000      0.00000      0.00000
      2.11000      0.00000      0.00000
      2.12000      0.00000      0.00000
      2.13000      0.00000      0.00000
      2.14000      0.00009      0.00009
      2.15000      0.00658      0.00658
      2.16000      0.16994      0.16994
      2.17000      1.61429      1.61429
      2.18000      5.64123      5.64123
      2.19000      7.25221      7.25221
      2.20000      3.42983      3.42983
      2.21000      0.59684      0.59684
      2.22000      0.04482      0.04482
      2.23000      0.15808      0.15808
      2.24000      1.49425      1.49425
      2.25000      5.97421      5.97421
      2.26000     10.33544     10.33544
      2.27000      7.63249      7.63249
      2.28000      2.63610      2.63610
      2.29000      2.16939      2.16939
      2.30000      3.70321      3.70321
      2.31000      2.63186      2.63186
      2.32000      0.69017      0.69017
      2.33000      0.06659      0.06659
      2.34000      0.00236      0.00236
      2.35000      0.00003      0.00003
      2.36000      0.00000      0.00000
      2.37000      0.00000      0.00000
      2.38000      0.00000      0.00000
      2.39000      0.00000      0.00000
      2.40000      0.00036      0.00036
      2.41000      0.01620      0.01620
      2.42000      0.26626      0.26626
      2.43000      1.61348      1.61348
      2.44000      3.68818      3.68818
      2.45000      3.88382      3.88382
      2.46000      3.92357      3.92357
      2.47000      3.94134      3.94134
      2.48000      3.92587      3.92587
