Energy-E_F (eV)    DOS (1/eV)    PDOS (1/eV)  of atom type Pb 
     -4.99000      0.71452      0.71452
     -4.98000      0.15236      0.15236
     -4.97000      0.81388      0.81388
     -4.96000      3.12342      3.12342
     -4.95000      5.44967      5.44967
     -4.94000      5.40554      5.40554
     -4.93000      3.03227      3.03227
     -4.92000      0.80773      0.80773
     -4.91000      0.59083      0.59083
     -4.90000      2.29174      2.29174
     -4.89000      3.73997      3.73997
     -4.88000      2.24997      2.24997
     -4.87000      0.56677      0.56677
     -4.86000      0.94020      0.94020
     -4.85000      4.27488      4.27488
     -4.84000      7.46756      7.46756
     -4.83000      4.80022      4.80022
     -4.82000      1.13514      1.13514
     -4.81000      0.09875      0.09875
     -4.80000      0.00337      0.00337
     -4.79000      0.01254      0.01254
     -4.78000      0.27093      0.27093
     -4.77000      2.16053      2.16053
     -4.76000      6.35384      6.35384
     -4.75000      7.18440      7.18440
     -4.74000      5.29564      5.29564
     -4.73000      7.87898      7.87898
     -4.72000      9.40791      9.40791
     -4.71000      5.98011      5.98011
     -4.70000      2.00471      2.00471
     -4.69000      0.30612      0.30612
     -4.68000      0.01867      0.01867
     -4.67000      0.00043      0.00043
     -4.66000      0.00000      0.00000
     -4.65000      0.00000      0.00000
     -4.64000      0.00000      0.00000
     -4.63000      0.00002      0.00002
     -4.62000      0.00151      0.00151
     -4.61000      0.04778      0.04778
     -4.60000      0.55536      0.55536
     -4.59000      2.37485      2.37485
     -4.58000      3.73597      3.73597
     -4.57000      2.16210      2.16210
     -4.56000      0.46108      0.46108
     -4.55000      0.06976      0.06976
     -4.54000      0.54820      0.54820
     -4.53000      3.26751      3.26751
     -4.52000      7.17829      7.17829
     -4.51000      5.80137      5.80137
     -4.50000      1.72489      1.72489
     -4.49000      0.19302      0.19302
     -4.48000      0.13310      0.13310
     -4.47000      1.32835      1.32835
     -4.46000      5.17118      5.17118
     -4.45000      7.40644      7.40644
     -4.44000      3.90243      3.90243
     -4.43000      0.75642      0.75642
     -4.42000      0.05403      0.05403
     -4.41000      0.00786      0.00786
     -4.40000      0.16742      0.16742
     -4.39000      1.59899      1.59899
     -4.38000      5.61817      5.61817
     -4.37000      7.26190      7.26190
     -4.36000      3.45312      3.45312
     -4.35000      0.60406      0.60406
     -4.34000      0.03917      0.03917
     -4.33000      0.01752      0.01752
     -4.32000      0.34645      0.34645
     -4.31000      2.74111      2.74111
     -4.30000      8.40488      8.40488
     -4.29000     10.28767     10.28767
     -4.28000      5.21039      5.21039
     -4.27000      1.76445      1.76445
     -4.26000      3.83251      3.83251
     -4.25000      7.77362      7.77362
     -4.24000      8.13626      8.13626
     -4.23000      8.32060      8.32060
     -4.22000      6.41299      6.41299
     -4.21000      2.10621      2.10621
     -4.20000      0.25901      0.25901
     -4.19000      0.01174      0.01174
     -4.18000      0.00020      0.00020
     -4.17000      0.00000      0.00000
     -4.16000      0.00046      0.00046
     -4.15000      0.02116      0.02116
     -4.14000      0.37776      0.37776
     -4.13000      2.72508      2.72508
     -4.12000      8.19113      8.19113
     -4.11000     10.31863     10.31863
     -4.10000      5.32044      5.32044
     -4.09000      1.09053      1.09053
     -4.08000      0.26537      0.26537
     -4.07000      1.69474      1.69474
     -4.06000      5.98538      5.98538
     -4.05000      8.76856      8.76856
     -4.04000      6.88548      6.88548
     -4.03000      3.54867      3.54867
     -4.02000      1.08070      1.08070
     -4.01000      1.19033      1.19033
     -4.00000      3.84478      3.84478
     -3.99000      7.27627      7.27627
     -3.98000      9.06462      9.06462
     -3.97000      7.56411      7.56411
     -3.96000      8.28803      8.28803
     -3.95000     10.39367     10.39367
     -3.94000      6.79786      6.79786
     -3.93000      3.18490      3.18490
     -3.92000      5.51590      5.51590
     -3.91000      7.37004      7.37004
     -3.90000      3.75427      3.75427
     -3.89000      1.06111      1.06111
     -3.88000      3.06914      3.06914
     -3.87000      9.25736      9.25736
     -3.86000     10.43727     10.43727
     -3.85000      4.33159      4.33159
     -3.84000      0.66163      0.66163
     -3.83000      0.03720      0.03720
     -3.82000      0.00077      0.00077
     -3.81000      0.00000      0.00000
     -3.80000      0.00000      0.00000
     -3.79000      0.00000      0.00000
     -3.78000      0.00000      0.00000
     -3.77000      0.00191      0.00191
     -3.76000      0.06758      0.06758
     -3.75000      0.88131      0.88131
     -3.74000      4.22827      4.22827
     -3.73000      7.46282      7.46282
     -3.72000      4.84562      4.84562
     -3.71000      1.15745      1.15745
     -3.70000      0.10171      0.10171
     -3.69000      0.00329      0.00329
     -3.68000      0.00004      0.00004
     -3.67000      0.00000      0.00000
     -3.66000      0.00000      0.00000
     -3.65000      0.00000      0.00000
     -3.64000      0.00000      0.00000
     -3.63000      0.00000      0.00000
     -3.62000      0.00000      0.00000
     -3.61000      0.00000      0.00000
     -3.60000      0.00000      0.00000
     -3.59000      0.00000      0.00000
     -3.58000      0.00000      0.00000
     -3.57000      0.00000      0.00000
     -3.56000      0.00000      0.00000
     -3.55000      0.00000      0.00000
     -3.54000      0.00008      0.00008
     -3.53000      0.00523      0.00523
     -3.52000      0.11912      0.11912
     -3.51000      0.99792      0.99792
     -3.50000      3.07614      3.07614
     -3.49000      3.51727      3.51727
     -3.48000      1.96375      1.96375
     -3.47000      3.36123      3.36123
     -3.46000      7.12382      7.12382
     -3.45000      5.92909      5.92909
     -3.44000      1.84410      1.84410
     -3.43000      0.66135      0.66135
     -3.42000      2.95438      2.95438
     -3.41000      6.99781      6.99781
     -3.40000      6.11506      6.11506
     -3.39000      1.96586      1.96586
     -3.38000      0.23249      0.23249
     -3.37000      0.01012      0.01012
     -3.36000      0.00016      0.00016
     -3.35000      0.00000      0.00000
     -3.34000      0.00000      0.00000
     -3.33000      0.00000      0.00000
     -3.32000      0.00000      0.00000
     -3.31000      0.00000      0.00000
     -3.30000      0.00000      0.00000
     -3.29000      0.00000      0.00000
     -3.28000      0.00000      0.00000
     -3.27000      0.00000      0.00000
     -3.26000      0.00000      0.00000
     -3.25000      0.00000      0.00000
     -3.24000      0.00000      0.00000
     -3.23000      0.00000      0.00000
     -3.22000      0.00000      0.00000
     -3.21000      0.00000      0.00000
     -3.20000      0.00009      0.00009
     -3.19000      0.00540      0.00540
     -3.18000      0.12190      0.12190
     -3.17000      1.01226      1.01226
     -3.16000      3.09233      3.09233
     -3.15000      3.47525      3.47525
     -3.14000      1.43750      1.43750
     -3.13000      0.23937      0.23937
     -3.12000      0.23308      0.23308
     -3.11000      0.86128      0.86128
     -3.10000      1.24188      1.24188
     -3.09000      0.83382      0.83382
     -3.08000      1.81568      1.81568
     -3.07000      5.77870      5.77870
     -3.06000      7.57267      7.57267
     -3.05000      5.97676      5.97676
     -3.04000      8.12871      8.12871
     -3.03000     10.55488     10.55488
     -3.02000      9.70808      9.70808
     -3.01000      5.29364      5.29364
     -3.00000      1.25089      1.25089
     -2.99000      0.14368      0.14368
     -2.98000      0.51985      0.51985
     -2.97000      3.16134      3.16134
     -2.96000      7.12379      7.12379
     -2.95000      5.90558      5.90558
     -2.94000      1.80103      1.80103
     -2.93000      0.20294      0.20294
     -2.92000      0.04577      0.04577
     -2.91000      0.58858      0.58858
     -2.90000      3.40327      3.40327
     -2.89000      7.24087      7.24087
     -2.88000      5.66749      5.66749
     -2.87000      1.63191      1.63191
     -2.86000      0.17286      0.17286
     -2.85000      0.00674      0.00674
     -2.84000      0.00010      0.00010
     -2.83000      0.00000      0.00000
     -2.82000      0.00000      0.00000
     -2.81000      0.00000      0.00000
     -2.80000      0.00024      0.00024
     -2.79000      0.01272      0.01272
     -2.78000      0.24432      0.24432
     -2.77000      1.82525      1.82525
     -2.76000      5.48366      5.48366
     -2.75000      6.82572      6.82572
     -2.74000      3.61663      3.61663
     -2.73000      1.74132      1.74132
     -2.72000      5.30840      5.30840
     -2.71000     11.82622     11.82622
     -2.70000     12.23540     12.23540
     -2.69000      5.83703      5.83703
     -2.68000      1.19318      1.19318
     -2.67000      0.09682      0.09682
     -2.66000      0.00298      0.00298
     -2.65000      0.00003      0.00003
     -2.64000      0.00000      0.00000
     -2.63000      0.00000      0.00000
     -2.62000      0.00004      0.00004
     -2.61000      0.00291      0.00291
     -2.60000      0.07767      0.07767
     -2.59000      0.76211      0.76211
     -2.58000      2.75117      2.75117
     -2.57000      3.65585      3.65585
     -2.56000      1.86156      1.86156
     -2.55000      1.27954      1.27954
     -2.54000      4.43562      4.43562
     -2.53000      7.47795      7.47795
     -2.52000      4.65949      4.65949
     -2.51000      1.06814      1.06814
     -2.50000      0.09008      0.09008
     -2.49000      0.00279      0.00279
     -2.48000      0.00003      0.00003
     -2.47000      0.00000      0.00000
     -2.46000      0.00000      0.00000
     -2.45000      0.00000      0.00000
     -2.44000      0.00012      0.00012
     -2.43000      0.00705      0.00705
     -2.42000      0.14765      0.14765
     -2.41000      1.13828      1.13828
     -2.40000      3.22837      3.22837
     -2.39000      3.36839      3.36839
     -2.38000      1.29291      1.29291
     -2.37000      0.18256      0.18256
     -2.36000      0.00948      0.00948
     -2.35000      0.00018      0.00018
     -2.34000      0.00000      0.00000
     -2.33000      0.00022      0.00022
     -2.32000      0.01283      0.01283
     -2.31000      0.27609      0.27609
     -2.30000      2.18526      2.18526
     -2.29000      6.36303      6.36303
     -2.28000      6.81602      6.81602
     -2.27000      2.68598      2.68598
     -2.26000      0.38939      0.38939
     -2.25000      0.02077      0.02077
     -2.24000      0.00041      0.00041
     -2.23000      0.00000      0.00000
     -2.22000      0.00000      0.00000
     -2.21000      0.00000      0.00000
     -2.20000      0.00000      0.00000
     -2.19000      0.00000      0.00000
     -2.18000      0.00000      0.00000
     -2.17000      0.00000      0.00000
     -2.16000      0.00003      0.00003
     -2.15000      0.00240      0.00240
     -2.14000      0.06743      0.06743
     -2.13000      0.69580      0.69580
     -2.12000      2.64143      2.64143
     -2.11000      3.68891      3.68891
     -2.10000      1.89523      1.89523
     -2.09000      0.35821      0.35821
     -2.08000      0.02491      0.02491
     -2.07000      0.00064      0.00064
     -2.06000      0.00000      0.00000
     -2.05000      0.00000      0.00000
     -2.04000      0.00007      0.00007
     -2.03000      0.00498      0.00498
     -2.02000      0.13834      0.13834
     -2.01000      1.41625      1.41625
     -2.00000      5.37340      5.37340
     -1.99000      7.94737      7.94737
     -1.98000      6.17793      6.17793
     -1.97000      4.43355      4.43355
     -1.96000      2.15842      2.15842
     -1.95000      0.44453      0.44453
     -1.94000      0.15848      0.15848
     -1.93000      1.32492      1.32492
     -1.92000      5.16350      5.16350
     -1.91000      7.40872      7.40872
     -1.90000      3.93039      3.93039
     -1.89000      1.07043      1.07043
     -1.88000      1.82625      1.82625
     -1.87000      4.03252      4.03252
     -1.86000      6.23802      6.23802
     -1.85000     13.70898     13.70898
     -1.84000     21.06596     21.06596
     -1.83000     15.70496     15.70496
     -1.82000      9.34510      9.34510
     -1.81000      7.76646      7.76646
     -1.80000      3.68814      3.68814
     -1.79000      0.67545      0.67545
     -1.78000      0.04569      0.04569
     -1.77000      0.00114      0.00114
     -1.76000      0.00000      0.00000
     -1.75000      0.00020      0.00020
     -1.74000      0.01008      0.01008
     -1.73000      0.19069      0.19069
     -1.72000      1.32724      1.32724
     -1.71000      3.41848      3.41848
     -1.70000      3.53699      3.53699
     -1.69000      2.95020      2.95020
     -1.68000      3.81444      3.81444
     -1.67000      2.70018      2.70018
     -1.66000      0.72672      0.72672
     -1.65000      0.07211      0.07211
     -1.64000      0.00263      0.00263
     -1.63000      0.00004      0.00004
     -1.62000      0.00000      0.00000
     -1.61000      0.00000      0.00000
     -1.60000      0.00000      0.00000
     -1.59000      0.00000      0.00000
     -1.58000      0.00000      0.00000
     -1.57000      0.00000      0.00000
     -1.56000      0.00000      0.00000
     -1.55000      0.00000      0.00000
     -1.54000      0.00000      0.00000
     -1.53000      0.00000      0.00000
     -1.52000      0.00000      0.00000
     -1.51000      0.00000      0.00000
     -1.50000      0.00000      0.00000
     -1.49000      0.00000      0.00000
     -1.48000      0.00000      0.00000
     -1.47000      0.00000      0.00000
     -1.46000      0.00000      0.00000
     -1.45000      0.00121      0.00121
     -1.44000      0.05082      0.05082
     -1.43000      0.81325      0.81325
     -1.42000      5.07157      5.07157
     -1.41000     12.62686     12.62686
     -1.40000     12.77045     12.77045
     -1.39000      5.24785      5.24785
     -1.38000      0.86147      0.86147
     -1.37000      0.05578      0.05578
     -1.36000      0.03079      0.03079
     -1.35000      0.49792      0.49792
     -1.34000      3.09747      3.09747
     -1.33000      7.08864      7.08864
     -1.32000      5.96794      5.96794
     -1.31000      1.84838      1.84838
     -1.30000      0.21060      0.21060
     -1.29000      0.00926      0.00926
     -1.28000      0.02190      0.02190
     -1.27000      0.40253      0.40253
     -1.26000      2.73887      2.73887
     -1.25000      6.85573      6.85573
     -1.24000      6.31309      6.31309
     -1.23000      2.13863      2.13863
     -1.22000      0.26652      0.26652
     -1.21000      0.01222      0.01222
     -1.20000      0.00021      0.00021
     -1.19000      0.00035      0.00035
     -1.18000      0.01844      0.01844
     -1.17000      0.35899      0.35899
     -1.16000      2.59736      2.59736
     -1.15000      7.22884      7.22884
     -1.14000      8.78087      8.78087
     -1.13000      6.04593      6.04593
     -1.12000      2.54366      2.54366
     -1.11000      0.50898      0.50898
     -1.10000      0.04037      0.04037
     -1.09000      0.00120      0.00120
     -1.08000      0.00008      0.00008
     -1.07000      0.00561      0.00561
     -1.06000      0.15114      0.15114
     -1.05000      1.49773      1.49773
     -1.04000      5.45996      5.45996
     -1.03000      7.32236      7.32236
     -1.02000      3.61259      3.61259
     -1.01000      0.65568      0.65568
     -1.00000      0.04378      0.04378
     -0.99000      0.00160      0.00160
     -0.98000      0.02543      0.02543
     -0.97000      0.44922      0.44922
     -0.96000      2.91964      2.91964
     -0.95000      6.98085      6.98085
     -0.94000      6.14035      6.14035
     -0.93000      1.98693      1.98693
     -0.92000      0.23653      0.23653
     -0.91000      0.01036      0.01036
     -0.90000      0.00017      0.00017
     -0.89000      0.00000      0.00000
     -0.88000      0.00000      0.00000
     -0.87000      0.00000      0.00000
     -0.86000      0.00015      0.00015
     -0.85000      0.00900      0.00900
     -0.84000      0.19592      0.19592
     -0.83000      1.64256      1.64256
     -0.82000      5.39722      5.39722
     -0.81000      7.10592      7.10592
     -0.80000      4.67005      4.67005
     -0.79000      6.55542      6.55542
     -0.78000     13.29356     13.29356
     -0.77000     12.17198     12.17198
     -0.76000      4.50770      4.50770
     -0.75000      0.66195      0.66195
     -0.74000      0.03772      0.03772
     -0.73000      0.00082      0.00082
     -0.72000      0.00000      0.00000
     -0.71000      0.00000      0.00000
     -0.70000      0.00000      0.00000
     -0.69000      0.00000      0.00000
     -0.68000      0.00000      0.00000
     -0.67000      0.00000      0.00000
     -0.66000      0.00027      0.00027
     -0.65000      0.01274      0.01274
     -0.64000      0.22500      0.22500
     -0.63000      1.46128      1.46128
     -0.62000      3.49137      3.49137
     -0.61000      3.06877      3.06877
     -0.60000      0.99229      0.99229
     -0.59000      0.11804      0.11804
     -0.58000      0.00691      0.00691
     -0.57000      0.06325      0.06325
     -0.56000      0.84206      0.84206
     -0.55000      4.12978      4.12978
     -0.54000      7.46622      7.46622
     -0.53000      5.25196      5.25196
     -0.52000      3.55439      3.55439
     -0.51000      7.66879      7.66879
     -0.50000     10.50065     10.50065
     -0.49000      7.02210      7.02210
     -0.48000      6.54631      6.54631
     -0.47000     10.95953     10.95953
     -0.46000     10.65650     10.65650
     -0.45000      6.45848      6.45848
     -0.44000      2.69811      2.69811
     -0.43000      1.13183      1.13183
     -0.42000      3.43705      3.43705
     -0.41000      7.23741      7.23741
     -0.40000      5.67851      5.67851
     -0.39000      1.63935      1.63935
     -0.38000      0.17411      0.17411
     -0.37000      0.00727      0.00727
     -0.36000      0.02330      0.02330
     -0.35000      0.42115      0.42115
     -0.34000      2.81229      2.81229
     -0.33000      6.90850      6.90850
     -0.32000      6.24329      6.24329
     -0.31000      2.07562      2.07562
     -0.30000      0.25613      0.25613
     -0.29000      0.08859      0.08859
     -0.28000      0.96368      0.96368
     -0.27000      4.42549      4.42549
     -0.26000      7.47791      7.47791
     -0.25000      4.64845      4.64845
     -0.24000      1.06623      1.06623
     -0.23000      0.17319      0.17319
     -0.22000      0.80427      0.80427
     -0.21000      2.87150      2.87150
     -0.20000      4.46149      4.46149
     -0.19000      5.82645      5.82645
     -0.18000      7.74728      7.74728
     -0.17000      4.99289      4.99289
     -0.16000      1.22264      1.22264
     -0.15000      0.11049      0.11049
     -0.14000      0.00367      0.00367
     -0.13000      0.00004      0.00004
     -0.12000      0.00000      0.00000
     -0.11000      0.00000      0.00000
     -0.10000      0.00000      0.00000
     -0.09000      0.00000      0.00000
     -0.08000      0.00000      0.00000
     -0.07000      0.00000      0.00000
     -0.06000      0.00000      0.00000
     -0.05000      0.00003      0.00003
     -0.04000      0.00230      0.00230
     -0.03000      0.06533      0.06533
     -0.02000      0.68567      0.68567
     -0.01000      2.74179      2.74179
      0.00000      5.02481      5.02481
      0.01000      7.09335      7.09335
      0.02000      7.77324      7.77324
      0.03000      3.92665      3.92665
      0.04000      0.75710      0.75710
      0.05000      0.08137      0.08137
      0.06000      0.49716      0.49716
      0.07000      3.46804      3.46804
      0.08000      9.44058      9.44058
      0.09000      9.97133      9.97133
      0.10000      4.05500      4.05500
      0.11000      0.62862      0.62862
      0.12000      0.03679      0.03679
      0.13000      0.00081      0.00081
      0.14000      0.00000      0.00000
      0.15000      0.00000      0.00000
      0.16000      0.00000      0.00000
      0.17000      0.00000      0.00000
      0.18000      0.00000      0.00000
      0.19000      0.00004      0.00004
      0.20000      0.00324      0.00324
      0.21000      0.09012      0.09012
      0.22000      0.99252      0.99252
      0.23000      4.61367      4.61367
      0.24000      9.57651      9.57651
      0.25000      8.85326      8.85326
      0.26000      3.43747      3.43747
      0.27000      0.53014      0.53014
      0.28000      0.11587      0.11587
      0.29000      0.82619      0.82619
      0.30000      3.18870      3.18870
      0.31000      6.23664      6.23664
      0.32000      8.63279      8.63279
      0.33000      8.42676      8.42676
      0.34000      9.69792      9.69792
      0.35000     15.33178     15.33178
      0.36000     14.67700     14.67700
      0.37000      7.06770      7.06770
      0.38000      2.44371      2.44371
      0.39000      1.12821      1.12821
      0.40000      0.33789      0.33789
      0.41000      0.04874      0.04874
      0.42000      0.20837      0.20837
      0.43000      1.82635      1.82635
      0.44000      5.93912      5.93912
      0.45000      7.10513      7.10513
      0.46000      3.12705      3.12705
      0.47000      0.51002      0.51002
      0.48000      0.12356      0.12356
      0.49000      0.85801      0.85801
      0.50000      2.90880      2.90880
      0.51000      3.91093      3.91093
      0.52000      4.02253      4.02253
      0.53000      6.83356      6.83356
      0.54000      6.66096      6.66096
      0.55000      2.47668      2.47668
      0.56000      0.33954      0.33954
      0.57000      0.01822      0.01822
      0.58000      0.04636      0.04636
      0.59000      0.73995      0.73995
      0.60000      4.66147      4.66147
      0.61000     12.01134     12.01134
      0.62000     13.62079     13.62079
      0.63000      9.57916      9.57916
      0.64000      8.44985      8.44985
      0.65000      5.50816      5.50816
      0.66000      1.47878      1.47878
      0.67000      0.14781      0.14781
      0.68000      0.00596      0.00596
      0.69000      0.02126      0.02126
      0.70000      0.32057      0.32057
      0.71000      1.78519      1.78519
      0.72000      3.68747      3.68747
      0.73000      3.19584      3.19584
      0.74000      2.89330      2.89330
      0.75000      4.02037      4.02037
      0.76000      4.26504      4.26504
      0.77000      6.54119      6.54119
      0.78000      7.13995      7.13995
      0.79000      3.10081      3.10081
      0.80000      0.49842      0.49842
      0.81000      0.02949      0.02949
      0.82000      0.00064      0.00064
      0.83000      0.00000      0.00000
      0.84000      0.00000      0.00000
      0.85000      0.00000      0.00000
      0.86000      0.00000      0.00000
      0.87000      0.00124      0.00124
      0.88000      0.04897      0.04897
      0.89000      0.71422      0.71422
      0.90000      3.91674      3.91674
      0.91000      8.53721      8.53721
      0.92000      8.56707      8.56707
      0.93000      4.75048      4.75048
      0.94000      1.39957      1.39957
      0.95000      0.18028      0.18028
      0.96000      0.00903      0.00903
      0.97000      0.00017      0.00017
      0.98000      0.00000      0.00000
      0.99000      0.00000      0.00000
      1.00000      0.00000      0.00000
      1.01000      0.00000      0.00000
      1.02000      0.00000      0.00000
      1.03000      0.00006      0.00006
      1.04000      0.00384      0.00384
      1.05000      0.09531      0.09531
      1.06000      0.87460      0.87460
      1.07000      3.05866      3.05866
      1.08000      4.74018      4.74018
      1.09000      4.87114      4.87114
      1.10000      3.62585      3.62585
      1.11000      1.30265      1.30265
      1.12000      0.37257      0.37257
      1.13000      1.34816      1.34816
      1.14000      3.40570      3.40570
      1.15000      3.21195      3.21195
      1.16000      1.56325      1.56325
      1.17000      3.38454      3.38454
      1.18000      9.05346      9.05346
      1.19000     10.09171     10.09171
      1.20000      4.44038      4.44038
      1.21000      0.75871      0.75871
      1.22000      0.13922      0.13922
      1.23000      1.07103      1.07103
      1.24000      4.66315      4.66315
      1.25000      7.47727      7.47727
      1.26000      4.41076      4.41076
      1.27000      0.95720      0.95720
      1.28000      0.08046      0.08046
      1.29000      0.13360      0.13360
      1.30000      1.56967      1.56967
      1.31000      6.91078      6.91078
      1.32000     11.21013     11.21013
      1.33000      6.70007      6.70007
      1.34000      1.47554      1.47554
      1.35000      0.11981      0.11981
      1.36000      0.00793      0.00793
      1.37000      0.10415      0.10415
      1.38000      0.91816      0.91816
      1.39000      2.99405      2.99405
      1.40000      3.84096      3.84096
      1.41000      3.25290      3.25290
      1.42000      3.93116      3.93116
      1.43000      3.69457      3.69457
      1.44000      4.94102      4.94102
      1.45000      7.53570      7.53570
      1.46000      4.95777      4.95777
      1.47000      1.21363      1.21363
      1.48000      0.15099      0.15099
      1.49000      0.51236      0.51236
      1.50000      2.27678      2.27678
      1.51000      3.82566      3.82566
      1.52000      3.33233      3.33233
      1.53000      5.62923      5.62923
      1.54000      9.93174      9.93174
      1.55000      8.25489      8.25489
      1.56000      3.13216      3.13216
      1.57000      0.54591      0.54591
      1.58000      0.32837      0.32837
      1.59000      1.83420      1.83420
      1.60000      5.16128      5.16128
      1.61000      8.41010      8.41010
      1.62000      8.12502      8.12502
      1.63000      3.61329      3.61329
      1.64000      0.63010      0.63010
      1.65000      0.04104      0.04104
      1.66000      0.00099      0.00099
      1.67000      0.00016      0.00016
      1.68000      0.01106      0.01106
      1.69000      0.25017      0.25017
      1.70000      2.21660      2.21660
      1.71000      7.76331      7.76331
      1.72000     10.74888     10.74888
      1.73000      5.91812      5.91812
      1.74000      2.09078      2.09078
      1.75000      3.01418      3.01418
      1.76000      3.63044      3.63044
      1.77000      2.29898      2.29898
      1.78000      3.95691      3.95691
      1.79000      7.36383      7.36383
      1.80000      5.38530      5.38530
      1.81000      1.45189      1.45189
      1.82000      0.14401      0.14401
      1.83000      0.00529      0.00529
      1.84000      0.00287      0.00287
      1.85000      0.07547      0.07547
      1.86000      0.74823      0.74823
      1.87000      2.72896      2.72896
      1.88000      3.66153      3.66153
      1.89000      1.80732      1.80732
      1.90000      0.32818      0.32818
      1.91000      0.02192      0.02192
      1.92000      0.00054      0.00054
      1.93000      0.00000      0.00000
      1.94000      0.00000      0.00000
      1.95000      0.00000      0.00000
      1.96000      0.00000      0.00000
      1.97000      0.00012      0.00012
      1.98000      0.00818      0.00818
      1.99000      0.19927      0.19927
      2.00000      1.78534      1.78534
      2.01000      5.88453      5.88453
      2.02000      7.13522      7.13522
      2.03000      3.18279      3.18279
      2.04000      0.52229      0.52229
      2.05000      0.03153      0.03153
      2.06000      0.00070      0.00070
      2.07000      0.00000      0.00000
      2.08000      0.00000      0.00000
      2.09000      0.00000      0.00000
      2.10000      0.00000      0.00000
      2.11000      0.00189      0.00189
      2.12000      0.06704      0.06704
      2.13000      0.87656      0.87656
      2.14000      4.21648      4.21648
      2.15000      7.46147      7.46147
      2.16000      4.85741      4.85741
      2.17000      1.16330      1.16330
      2.18000      0.10374      0.10374
      2.19000      0.05001      0.05001
      2.20000      0.68600      0.68600
      2.21000      4.04445      4.04445
      2.22000      9.70321      9.70321
      2.23000      9.46106      9.46106
      2.24000      4.06690      4.06690
      2.25000      2.62585      2.62585
      2.26000      3.75827      3.75827
      2.27000      2.45633      2.45633
      2.28000      0.59518      0.59518
      2.29000      0.05307      0.05307
      2.30000      0.00174      0.00174
      2.31000      0.00002      0.00002
      2.32000      0.00000      0.00000
      2.33000      0.00000      0.00000
      2.34000      0.00000      0.00000
      2.35000      0.00000      0.00000
      2.36000      0.00117      0.00117
      2.37000      0.03949      0.03949
      2.38000      0.48931      0.48931
      2.39000      2.23042      2.23042
      2.40000      3.74930      3.74930
      2.41000      2.49526      2.49526
      2.42000      1.92140      1.92140
      2.43000      4.50713      4.50713
      2.44000      7.93321      7.93321
      2.45000      8.93241      8.93241
      2.46000      6.33952      6.33952
      2.47000      4.61496      4.61496
      2.48000      2.79742      2.79742
      2.49000      0.75040      0.75040
      2.50000      0.20548      0.20548
      2.51000      1.56100      1.56100
      2.52000      6.86853      6.86853
      2.53000     11.19835     11.19835
      2.54000      6.89222      6.89222
