Energy-E_F (eV)    DOS (1/eV)    PDOS (1/eV)  of atom type Pb 
     -3.85601      2.53410      0.00000
     -3.84601      4.64646      0.00000
     -3.83601      7.30023      0.00000
     -3.82601      4.56766      0.00000
     -3.81601      1.18232      0.00000
     -3.80601      0.91060      0.00000
     -3.79601      3.46225      0.00000
     -3.78601      6.77874      0.00000
     -3.77601     10.06359      0.00000
     -3.76601     12.82235      0.00000
     -3.75601     10.21339      0.00000
     -3.74601      5.30914      0.00000
     -3.73601      5.07151      0.00000
     -3.72601      9.51757      0.00000
     -3.71601      9.35651      0.00000
     -3.70601      6.68953      0.00000
     -3.69601      5.00931      0.00000
     -3.68601      2.09773      0.00000
     -3.67601      1.23052      0.00000
     -3.66601      4.31194      0.00000
     -3.65601     10.69058      0.00000
     -3.64601     15.04497      0.00000
     -3.63601     13.63179      0.00000
     -3.62601      8.36756      0.00000
     -3.61601      2.77830      0.00000
     -3.60601      0.40448      0.00000
     -3.59601      0.06589      0.00000
     -3.58601      0.56709      0.00000
     -3.57601      2.76629      0.00000
     -3.56601      4.96853      0.00000
     -3.55601      3.28295      0.00000
     -3.54601      0.79801      0.00000
     -3.53601      0.07136      0.00000
     -3.52601      0.00235      0.00000
     -3.51601      0.00008      0.00000
     -3.50601      0.00333      0.00000
     -3.49601      0.07686      0.00000
     -3.48601      0.65191      0.00000
     -3.47601      2.03440      0.00000
     -3.46601      2.34360      0.00000
     -3.45601      1.16817      0.00000
     -3.44601      1.63402      0.00000
     -3.43601      4.83563      0.00000
     -3.42601      8.46786      0.00000
     -3.41601     13.68098      0.00000
     -3.40601     17.91806      0.00000
     -3.39601     12.08629      0.00000
     -3.38601      3.45554      0.00000
     -3.37601      0.57878      0.00000
     -3.36601      1.55032      0.00000
     -3.35601      4.90991      0.00000
     -3.34601      8.38195      0.00000
     -3.33601     10.84736      0.00000
     -3.32601      8.42231      0.00000
     -3.31601      2.82395      0.00000
     -3.30601      0.56327      0.00000
     -3.29601      2.25482      0.00000
     -3.28601      9.82280      0.00000
     -3.27601     17.48794      0.00000
     -3.26601     13.84337      0.00000
     -3.25601      5.35768      0.00000
     -3.24601      1.35536      0.00000
     -3.23601      2.68161      0.00000
     -3.22601      8.03954      0.00000
     -3.21601     12.51168      0.00000
     -3.20601     11.66025      0.00000
     -3.19601      8.22317      0.00000
     -3.18601      9.07124      0.00000
     -3.17601     13.20077      0.00000
     -3.16601     13.89149      0.00000
     -3.15601     10.04100      0.00000
     -3.14601      4.11317      0.00000
     -3.13601      3.13713      0.00000
     -3.12601      4.96918      0.00000
     -3.11601      3.44164      0.00000
     -3.10601      0.98479      0.00000
     -3.09601      1.11453      0.00000
     -3.08601      3.84233      0.00000
     -3.07601      6.20159      0.00000
     -3.06601      6.69807      0.00000
     -3.05601      6.79200      0.00000
     -3.04601      6.50525      0.00000
     -3.03601      5.23893      0.00000
     -3.02601      5.36575      0.00000
     -3.01601     11.75338      0.00000
     -3.00601     16.11593      0.00000
     -2.99601      9.62449      0.00000
     -2.98601      5.15035      0.00000
     -2.97601     12.43697      0.00000
     -2.96601     22.35690      0.00000
     -2.95601     22.80287      0.00000
     -2.94601     14.68516      0.00000
     -2.93601      5.04009      0.00000
     -2.92601      1.24199      0.00000
     -2.91601      3.18025      0.00000
     -2.90601      7.55742      0.00000
     -2.89601      9.61184      0.00000
     -2.88601     13.44468      0.00000
     -2.87601     16.43910      0.00000
     -2.86601     13.90877      0.00000
     -2.85601     13.48941      0.00000
     -2.84601     15.84328      0.00000
     -2.83601     12.62688      0.00000
     -2.82601      5.26597      0.00000
     -2.81601      2.99645      0.00000
     -2.80601      6.18651      0.00000
     -2.79601      6.81428      0.00000
     -2.78601      2.98901      0.00000
     -2.77601      1.42648      0.00000
     -2.76601      4.21103      0.00000
     -2.75601      9.10681      0.00000
     -2.74601     12.02191      0.00000
     -2.73601      8.39003      0.00000
     -2.72601      2.47001      0.00000
     -2.71601      0.44033      0.00000
     -2.70601      1.37212      0.00000
     -2.69601      4.13603      0.00000
     -2.68601      4.62468      0.00000
     -2.67601      1.90241      0.00000
     -2.66601      0.28789      0.00000
     -2.65601      0.01603      0.00000
     -2.64601      0.00033      0.00000
     -2.63601      0.00000      0.00000
     -2.62601      0.00000      0.00000
     -2.61601      0.00000      0.00000
     -2.60601      0.00000      0.00000
     -2.59601      0.00000      0.00000
     -2.58601      0.00131      0.00000
     -2.57601      0.04611      0.00000
     -2.56601      0.59682      0.00000
     -2.55601      2.84171      0.00000
     -2.54601      4.97765      0.00000
     -2.53601      3.20755      0.00000
     -2.52601      0.76038      0.00000
     -2.51601      0.06631      0.00000
     -2.50601      0.00223      0.00000
     -2.49601      0.00652      0.00000
     -2.48601      0.15640      0.00000
     -2.47601      1.46004      0.00000
     -2.46601      5.77225      0.00000
     -2.45601     11.46630      0.00000
     -2.44601     13.93111      0.00000
     -2.43601     11.72221      0.00000
     -2.42601      7.59024      0.00000
     -2.41601      5.07963      0.00000
     -2.40601      5.38169      0.00000
     -2.39601      4.43196      0.00000
     -2.38601      1.54096      0.00000
     -2.37601      0.20464      0.00000
     -2.36601      0.11208      0.00000
     -2.35601      1.00925      0.00000
     -2.34601      3.65698      0.00000
     -2.33601      4.87555      0.00000
     -2.32601      2.39127      0.00000
     -2.31601      0.43146      0.00000
     -2.30601      0.02864      0.00000
     -2.29601      0.00070      0.00000
     -2.28601      0.00000      0.00000
     -2.27601      0.00000      0.00000
     -2.26601      0.00000      0.00000
     -2.25601      0.00000      0.00000
     -2.24601      0.00000      0.00000
     -2.23601      0.00000      0.00000
     -2.22601      0.00000      0.00000
     -2.21601      0.00000      0.00000
     -2.20601      0.00000      0.00000
     -2.19601      0.00000      0.00000
     -2.18601      0.00000      0.00000
     -2.17601      0.00000      0.00000
     -2.16601      0.00000      0.00000
     -2.15601      0.00000      0.00000
     -2.14601      0.00000      0.00000
     -2.13601      0.00000      0.00000
     -2.12601      0.00000      0.00000
     -2.11601      0.00000      0.00000
     -2.10601      0.00000      0.00000
     -2.09601      0.00119      0.00000
     -2.08601      0.04292      0.00000
     -2.07601      0.56865      0.00000
     -2.06601      2.77167      0.00000
     -2.05601      4.97865      0.00000
     -2.04601      3.47465      0.00000
     -2.03601      2.31880      0.00000
     -2.02601      4.49623      0.00000
     -2.01601      5.44097      0.00000
     -2.00601      4.97908      0.00000
     -1.99601      6.13652      0.00000
     -1.98601      6.10410      0.00000
     -1.97601      4.34943      0.00000
     -1.96601      4.56277      0.00000
     -1.95601      7.97632      0.00000
     -1.94601     10.85346      0.00000
     -1.93601      9.96671      0.00000
     -1.92601     12.47217      0.00000
     -1.91601     16.13760      0.00000
     -1.90601     17.05712      0.00000
     -1.89601     17.53200      0.00000
     -1.88601     20.30398      0.00000
     -1.87601     21.55902      0.00000
     -1.86601     12.59436      0.00000
     -1.85601      3.75343      0.00000
     -1.84601      3.42408      0.00000
     -1.83601      6.14770      0.00000
     -1.82601      8.63235      0.00000
     -1.81601     12.75686      0.00000
     -1.80601     12.06367      0.00000
     -1.79601      5.47275      0.00000
     -1.78601      1.72289      0.00000
     -1.77601      3.20174      0.00000
     -1.76601      5.74448      0.00000
     -1.75601      5.19550      0.00000
     -1.74601      3.20813      0.00000
     -1.73601      2.35083      0.00000
     -1.72601      3.23388      0.00000
     -1.71601      4.56287      0.00000
     -1.70601      5.38433      0.00000
     -1.69601      3.17729      0.00000
     -1.68601      0.82212      0.00000
     -1.67601      1.04699      0.00000
     -1.66601      4.07798      0.00000
     -1.65601      7.74542      0.00000
     -1.64601      9.08915      0.00000
     -1.63601      8.34129      0.00000
     -1.62601      5.27810      0.00000
     -1.61601      1.66378      0.00000
     -1.60601      0.21328      0.00000
     -1.59601      0.01228      0.00000
     -1.58601      0.06223      0.00000
     -1.57601      0.73318      0.00000
     -1.56601      3.26164      0.00000
     -1.55601      5.85559      0.00000
     -1.54601      5.16578      0.00000
     -1.53601      2.76853      0.00000
     -1.52601      0.79878      0.00000
     -1.51601      0.09783      0.00000
     -1.50601      0.00456      0.00000
     -1.49601      0.00008      0.00000
     -1.48601      0.00000      0.00000
     -1.47601      0.00067      0.00000
     -1.46601      0.02777      0.00000
     -1.45601      0.42835      0.00000
     -1.44601      2.52267      0.00000
     -1.43601      6.21647      0.00000
     -1.42601      7.82562      0.00000
     -1.41601      5.88124      0.00000
     -1.40601      3.64463      0.00000
     -1.39601      4.70778      0.00000
     -1.38601      4.54739      0.00000
     -1.37601      2.82569      0.00000
     -1.36601      4.17197      0.00000
     -1.35601      4.75028      0.00000
     -1.34601      2.08984      0.00000
     -1.33601      0.33894      0.00000
     -1.32601      0.02022      0.00000
     -1.31601      0.00060      0.00000
     -1.30601      0.00752      0.00000
     -1.29601      0.13772      0.00000
     -1.28601      0.93034      0.00000
     -1.27601      2.39169      0.00000
     -1.26601      3.06153      0.00000
     -1.25601      4.29652      0.00000
     -1.24601      5.04014      0.00000
     -1.23601      3.14418      0.00000
     -1.22601      3.50113      0.00000
     -1.21601      5.02030      0.00000
     -1.20601      3.09853      0.00000
     -1.19601      1.85611      0.00000
     -1.18601      5.59870      0.00000
     -1.17601      9.78367      0.00000
     -1.16601      6.55703      0.00000
     -1.15601      1.79854      0.00000
     -1.14601      1.35866      0.00000
     -1.13601      3.98643      0.00000
     -1.12601      5.36607      0.00000
     -1.11601      4.99635      0.00000
     -1.10601      5.32680      0.00000
     -1.09601      3.18588      0.00000
     -1.08601      0.74029      0.00000
     -1.07601      0.06362      0.00000
     -1.06601      0.00201      0.00000
     -1.05601      0.00002      0.00000
     -1.04601      0.00000      0.00000
     -1.03601      0.00000      0.00000
     -1.02601      0.00000      0.00000
     -1.01601      0.00000      0.00000
     -1.00601      0.00020      0.00000
     -0.99601      0.01189      0.00000
     -0.98601      0.26132      0.00000
     -0.97601      2.11850      0.00000
     -0.96601      6.44858      0.00000
     -0.95601      8.57051      0.00000
     -0.94601      9.40133      0.00000
     -0.93601     10.66356      0.00000
     -0.92601      8.13879      0.00000
     -0.91601      7.01355      0.00000
     -0.90601      7.46229      0.00000
     -0.89601      8.58009      0.00000
     -0.88601     10.41105      0.00000
     -0.87601      9.50003      0.00000
     -0.86601      4.64099      0.00000
     -0.85601      3.67107      0.00000
     -0.84601      9.50476      0.00000
     -0.83601     13.46493      0.00000
     -0.82601     13.97942      0.00000
     -0.81601     17.37236      0.00000
     -0.80601     17.68146      0.00000
     -0.79601     18.27722      0.00000
     -0.78601     17.75714      0.00000
     -0.77601     15.66834      0.00000
     -0.76601     12.43724      0.00000
     -0.75601      7.58216      0.00000
     -0.74601      3.91886      0.00000
     -0.73601      4.86636      0.00000
     -0.72601      7.99968      0.00000
     -0.71601      9.66983      0.00000
     -0.70601      8.63706      0.00000
     -0.69601      4.41474      0.00000
     -0.68601      1.02545      0.00000
     -0.67601      0.09563      0.00000
     -0.66601      0.00339      0.00000
     -0.65601      0.00004      0.00000
     -0.64601      0.00011      0.00000
     -0.63601      0.00659      0.00000
     -0.62601      0.14697      0.00000
     -0.61601      1.23406      0.00000
     -0.60601      3.93353      0.00000
     -0.59601      5.06904      0.00000
     -0.58601      4.36236      0.00000
     -0.57601      5.23886      0.00000
     -0.56601      4.56836      0.00000
     -0.55601      4.26015      0.00000
     -0.54601      5.10187      0.00000
     -0.53601      2.90609      0.00000
     -0.52601      0.62159      0.00000
     -0.51601      0.04898      0.00000
     -0.50601      0.00142      0.00000
     -0.49601      0.00000      0.00000
     -0.48601      0.00000      0.00000
     -0.47601      0.00000      0.00000
     -0.46601      0.00000      0.00000
     -0.45601      0.00000      0.00000
     -0.44601      0.00000      0.00000
     -0.43601      0.00000      0.00000
     -0.42601      0.00000      0.00000
     -0.41601      0.00000      0.00000
     -0.40601      0.00000      0.00000
     -0.39601      0.00023      0.00000
     -0.38601      0.01296      0.00000
     -0.37601      0.27433      0.00000
     -0.36601      2.34627      0.00000
     -0.35601      8.85549      0.00000
     -0.34601     16.56083      0.00000
     -0.33601     16.78702      0.00000
     -0.32601     10.13439      0.00000
     -0.31601      6.27326      0.00000
     -0.30601      5.01758      0.00000
     -0.29601      2.12167      0.00000
     -0.28601      0.34479      0.00000
     -0.27601      0.02078      0.00000
     -0.26601      0.00524      0.00000
     -0.25601      0.12470      0.00000
     -0.24601      1.25887      0.00000
     -0.23601      5.37035      0.00000
     -0.22601     11.65795      0.00000
     -0.21601     15.58079      0.00000
     -0.20601     13.41111      0.00000
     -0.19601     10.56028      0.00000
     -0.18601     14.01846      0.00000
     -0.17601     19.42219      0.00000
     -0.16601     15.14097      0.00000
     -0.15601      5.18777      0.00000
     -0.14601      0.72604      0.00000
     -0.13601      0.15643      0.00000
     -0.12601      1.09915      0.00000
     -0.11601      3.79393      0.00000
     -0.10601      4.83520      0.00000
     -0.09601      2.52452      0.00000
     -0.08601      2.22513      0.00000
     -0.07601      4.62547      0.00000
     -0.06601      4.56188      0.00000
     -0.05601      3.62102      0.00000
     -0.04601      5.40849      0.00000
     -0.03601      6.27901      0.00000
     -0.02601      6.90739      0.00000
     -0.01601      6.51591      0.00000
     -0.00601      3.08899      0.00000
      0.00399      0.59979      0.00000
      0.01399      0.11067      0.00000
      0.02399      0.76244      0.00000
      0.03399      3.20929      0.00000
      0.04399      4.97747      0.00000
      0.05399      2.83997      0.00000
      0.06399      0.59611      0.00000
      0.07399      0.04664      0.00000
      0.08399      0.02886      0.00000
      0.09399      0.47550      0.00000
      0.10399      3.17432      0.00000
      0.11399      8.33792      0.00000
      0.12399      8.72079      0.00000
      0.13399      3.72064      0.00000
      0.14399      1.80685      0.00000
      0.15399      6.34225      0.00000
      0.16399     13.14770      0.00000
      0.17399     11.71893      0.00000
      0.18399      6.03338      0.00000
      0.19399      6.59631      0.00000
      0.20399      9.17245      0.00000
      0.21399      6.33757      0.00000
      0.22399      2.99215      0.00000
      0.23399      4.13384      0.00000
      0.24399      4.76735      0.00000
      0.25399      2.12363      0.00000
      0.26399      0.34866      0.00000
      0.27399      0.02135      0.00000
      0.28399      0.01673      0.00000
      0.29399      0.33294      0.00000
      0.30399      2.58197      0.00000
      0.31399      7.97465      0.00000
      0.32399     10.97999      0.00000
      0.33399      8.64363      0.00000
      0.34399      6.61380      0.00000
      0.35399      5.19171      0.00000
      0.36399      4.97050      0.00000
      0.37399      9.90837      0.00000
      0.38399     12.80692      0.00000
      0.39399      8.93550      0.00000
      0.40399      5.63401      0.00000
      0.41399      5.35523      0.00000
      0.42399      3.08624      0.00000
      0.43399      1.10254      0.00000
      0.44399      2.86092      0.00000
      0.45399      6.90458      0.00000
      0.46399      6.25093      0.00000
      0.47399      2.09628      0.00000
      0.48399      0.53648      0.00000
      0.49399      2.29196      0.00000
      0.50399      8.18787      0.00000
      0.51399     14.41422      0.00000
      0.52399     12.68645      0.00000
      0.53399      6.14661      0.00000
      0.54399      5.92511      0.00000
      0.55399      9.31810      0.00000
      0.56399      6.94477      0.00000
      0.57399      2.22548      0.00000
      0.58399      0.30754      0.00000
      0.59399      0.02276      0.00000
      0.60399      0.12571      0.00000
      0.61399      1.14720      0.00000
      0.62399      3.86393      0.00000
      0.63399      4.79542      0.00000
      0.64399      2.37842      0.00000
      0.65399      2.24868      0.00000
      0.66399      7.49774      0.00000
      0.67399     13.64903      0.00000
      0.68399     13.96484      0.00000
      0.69399     10.75364      0.00000
      0.70399      8.36585      0.00000
      0.71399      7.26890      0.00000
      0.72399      8.20169      0.00000
      0.73399     10.27142      0.00000
      0.74399     10.36092      0.00000
      0.75399      8.16743      0.00000
      0.76399      4.40749      0.00000
      0.77399      1.29496      0.00000
      0.78399      1.41570      0.00000
      0.79399      4.85902      0.00000
      0.80399      8.17239      0.00000
      0.81399      6.96710      0.00000
      0.82399      2.96871      0.00000
      0.83399      0.63706      0.00000
      0.84399      1.12169      0.00000
      0.85399      5.47026      0.00000
      0.86399     10.79422      0.00000
      0.87399     10.15292      0.00000
      0.88399      6.61356      0.00000
      0.89399      2.82507      0.00000
      0.90399      1.31267      0.00000
      0.91399      4.06443      0.00000
      0.92399      8.50012      0.00000
      0.93399      7.86506      0.00000
      0.94399      3.17454      0.00000
      0.95399      0.53182      0.00000
      0.96399      0.05126      0.00000
      0.97399      0.29742      0.00000
      0.98399      2.06876      0.00000
      0.99399      5.96631      0.00000
      1.00399      8.23898      0.00000
      1.01399      6.01560      0.00000
      1.02399      2.41276      0.00000
      1.03399      2.69770      0.00000
      1.04399      7.26973      0.00000
      1.05399      9.18602      0.00000
      1.06399      5.62294      0.00000
      1.07399      4.38507      0.00000
      1.08399      5.04495      0.00000
      1.09399      2.69811      0.00000
      1.10399      0.53914      0.00000
      1.11399      0.04005      0.00000
      1.12399      0.01907      0.00000
      1.13399      0.31237      0.00000
      1.14399      1.99431      0.00000
      1.15399      4.68411      0.00000
      1.16399      4.04732      0.00000
      1.17399      1.28651      0.00000
      1.18399      0.15044      0.00000
      1.19399      0.00674      0.00000
      1.20399      0.01730      0.00000
      1.21399      0.40618      0.00000
      1.22399      3.66598      0.00000
      1.23399     13.23600      0.00000
      1.24399     21.24571      0.00000
      1.25399     18.35961      0.00000
      1.26399     11.78493      0.00000
      1.27399      8.54308      0.00000
      1.28399      6.86617      0.00000
      1.29399      5.25308      0.00000
      1.30399      5.52340      0.00000
      1.31399      5.00891      0.00000
      1.32399      4.92341      0.00000
      1.33399      4.95487      0.00000
      1.34399      2.28726      0.00000
      1.35399      0.39773      0.00000
      1.36399      0.02554      0.00000
      1.37399      0.00108      0.00000
      1.38399      0.02115      0.00000
      1.39399      0.34969      0.00000
      1.40399      2.12701      0.00000
      1.41399      4.75981      0.00000
      1.42399      3.93314      0.00000
      1.43399      1.47700      0.00000
      1.44399      2.30174      0.00000
      1.45399      6.82140      0.00000
      1.46399     10.50314      0.00000
      1.47399     10.00781      0.00000
      1.48399      7.37148      0.00000
      1.49399      6.50217      0.00000
      1.50399      8.17305      0.00000
      1.51399     12.54020      0.00000
      1.52399     15.28740      0.00000
      1.53399     12.79369      0.00000
      1.54399      8.87353      0.00000
      1.55399      3.99800      0.00000
      1.56399      0.91804      0.00000
      1.57399      0.74528      0.00000
      1.58399      2.33505      0.00000
      1.59399      5.20144      0.00000
      1.60399     11.93610      0.00000
      1.61399     16.81380      0.00000
      1.62399     12.25053      0.00000
      1.63399      6.39430      0.00000
      1.64399      4.96342      0.00000
      1.65399      5.97385      0.00000
      1.66399      7.16222      0.00000
      1.67399     10.28869      0.00000
      1.68399     10.63972      0.00000
      1.69399      7.60071      0.00000
      1.70399      3.28173      0.00000
      1.71399      0.99792      0.00000
      1.72399      2.24322      0.00000
      1.73399      4.79610      0.00000
      1.74399      3.88037      0.00000
      1.75399      1.58369      0.00000
      1.76399      2.55885      0.00000
      1.77399      4.89656      0.00000
      1.78399      3.64964      0.00000
      1.79399      1.48940      0.00000
      1.80399      2.71596      0.00000
      1.81399      5.09059      0.00000
      1.82399      4.41674      0.00000
      1.83399      3.45274      0.00000
      1.84399      3.89321      0.00000
      1.85399      5.18855      0.00000
      1.86399      4.35636      0.00000
      1.87399      1.49369      0.00000
      1.88399      0.21888      0.00000
      1.89399      0.48170      0.00000
      1.90399      2.98304      0.00000
      1.91399      7.23917      0.00000
      1.92399      8.76039      0.00000
      1.93399     11.90976      0.00000
      1.94399     14.66187      0.00000
      1.95399      8.99984      0.00000
      1.96399      5.11169      0.00000
      1.97399      5.14215      0.00000
      1.98399      2.81253      0.00000
      1.99399      0.58271      0.00000
      2.00399      0.04634      0.00000
      2.01399      0.06088      0.00000
      2.02399      0.70873      0.00000
      2.03399      3.10044      0.00000
      2.04399      5.03315      0.00000
      2.05399      3.57791      0.00000
      2.06399      3.83852      0.00000
      2.07399      7.07499      0.00000
      2.08399      7.89453      0.00000
      2.09399      4.77974      0.00000
      2.10399      1.84173      0.00000
      2.11399      3.53753      0.00000
      2.12399      9.89843      0.00000
      2.13399     14.68428      0.00000
      2.14399     10.98814      0.00000
      2.15399      3.69948      0.00000
      2.16399      0.60601      0.00000
      2.17399      1.03316      0.00000
      2.18399      4.06588      0.00000
      2.19399      8.40470      0.00000
      2.20399     12.78228      0.00000
      2.21399     11.86719      0.00000
      2.22399      4.74906      0.00000
      2.23399      0.72964      0.00000
      2.24399      0.04201      0.00000
      2.25399      0.00090      0.00000
      2.26399      0.00000      0.00000
      2.27399      0.00000      0.00000
      2.28399      0.00038      0.00000
      2.29399      0.01787      0.00000
      2.30399      0.31085      0.00000
      2.31399      1.98873      0.00000
      2.32399      4.68067      0.00000
      2.33399      4.05275      0.00000
      2.34399      1.29351      0.00000
      2.35399      0.22868      0.00000
      2.36399      0.84954      0.00000
      2.37399      3.41231      0.00000
      2.38399      5.54345      0.00000
      2.39399      5.50415      0.00000
      2.40399      5.50972      0.00000
      2.41399      3.26641      0.00000
      2.42399      0.77117      0.00000
      2.43399      0.07010      0.00000
      2.44399      0.06458      0.00000
      2.45399      0.57383      0.00000
      2.46399      1.98171      0.00000
      2.47399      2.98972      0.00000
      2.48399      3.96030      0.00000
      2.49399      6.39409      0.00000
      2.50399      6.08005      0.00000
      2.51399      2.53729      0.00000
      2.52399      0.76715      0.00000
      2.53399      2.16616      0.00000
      2.54399      4.76701      0.00000
      2.55399      3.90667      0.00000
      2.56399      1.24273      0.00000
      2.57399      1.08406      0.00000
      2.58399      5.41296      0.00000
      2.59399     13.18122      0.00000
      2.60399     16.39832      0.00000
      2.61399     12.49223      0.00000
      2.62399      7.91464      0.00000
      2.63399      4.54372      0.00000
      2.64399      1.41502      0.00000
      2.65399      0.81016      0.00000
      2.66399      3.97594      0.00000
      2.67399     10.89905      0.00000
      2.68399     14.65630      0.00000
      2.69399     10.25228      0.00000
      2.70399      5.74638      0.00000
      2.71399      8.73452      0.00000
      2.72399     15.85445      0.00000
      2.73399     22.01726      0.00000
      2.74399     24.11580      0.00000
      2.75399     20.66673      0.00000
      2.76399     12.48203      0.00000
      2.77399      6.24617      0.00000
      2.78399      5.12812      0.00000
      2.79399      5.16479      0.00000
      2.80399      4.08053      0.00000
      2.81399      5.01812      0.00000
      2.82399      4.07563      0.00000
      2.83399      1.29351      0.00000
      2.84399      0.15224      0.00000
      2.85399      0.03247      0.00000
      2.86399      0.45675      0.00000
      2.87399      3.21368      0.00000
      2.88399      9.69576      0.00000
      2.89399     13.96177      0.00000
      2.90399     10.72756      0.00000
      2.91399      4.56603      0.00000
      2.92399      1.02292      0.00000
      2.93399      0.47895      0.00000
      2.94399      2.26513      0.00000
      2.95399      5.38640      0.00000
      2.96399      7.40476      0.00000
      2.97399      9.83248      0.00000
      2.98399      8.66668      0.00000
      2.99399      4.54521      0.00000
      3.00399      4.73795      0.00000
      3.01399      5.98724      0.00000
      3.02399      6.15937      0.00000
      3.03399      6.44979      0.00000
      3.04399      7.40118      0.00000
      3.05399      7.61659      0.00000
      3.06399      3.67233      0.00000
      3.07399      0.67735      0.00000
      3.08399      0.04647      0.00000
      3.09399      0.00118      0.00000
      3.10399      0.00000      0.00000
      3.11399      0.00000      0.00000
      3.12399      0.00000      0.00000
      3.13399      0.00000      0.00000
      3.14399      0.00000      0.00000
      3.15399      0.00000      0.00000
      3.16399      0.00000      0.00000
      3.17399      0.00000      0.00000
      3.18399      0.00017      0.00000
      3.19399      0.00830      0.00000
      3.20399      0.14751      0.00000
      3.21399      0.96481      0.00000
      3.22399      2.32197      0.00000
      3.23399      2.07758      0.00000
      3.24399      1.03660      0.00000
      3.25399      2.26752      0.00000
      3.26399      4.79345      0.00000
      3.27399      3.85876      0.00000
      3.28399      1.14357      0.00000
      3.29399      0.12566      0.00000
      3.30399      0.03637      0.00000
      3.31399      0.36662      0.00000
      3.32399      1.57549      0.00000
      3.33399      2.49121      0.00000
      3.34399      1.44915      0.00000
      3.35399      0.31011      0.00000
      3.36399      0.02441      0.00000
      3.37399      0.00071      0.00000
      3.38399      0.00000      0.00000
      3.39399      0.00000      0.00000
      3.40399      0.00000      0.00000
      3.41399      0.00000      0.00000
      3.42399      0.00000      0.00000
      3.43399      0.00000      0.00000
      3.44399      0.00002      0.00000
      3.45399      0.00186      0.00000
      3.46399      0.06031      0.00000
      3.47399      0.72744      0.00000
      3.48399      3.42743      0.00000
      3.49399      7.52792      0.00000
      3.50399     10.71530      0.00000
      3.51399      9.88186      0.00000
      3.52399      4.33341      0.00000
      3.53399      0.78820      0.00000
      3.54399      0.30300      0.00000
      3.55399      1.29688      0.00000
      3.56399      2.49996      0.00000
      3.57399      2.30178      0.00000
      3.58399      4.18953      0.00000
      3.59399      9.17819      0.00000
      3.60399      8.34283      0.00000
      3.61399      3.24254      0.00000
      3.62399      3.03717      0.00000
      3.63399      6.60421      0.00000
      3.64399      6.30053      0.00000
      3.65399      2.41098      0.00000
      3.66399      1.01887      0.00000
      3.67399      4.24821      0.00000
