Energy-E_F (eV)    DOS (1/eV)    PDOS (1/eV)  of atom type Pt 
     -4.99000      2.44145      2.44145
     -4.98000      4.61195      4.61195
     -4.97000      5.87303      5.87303
     -4.96000      6.72202      6.72202
     -4.95000      7.73951      7.73951
     -4.94000      8.03471      8.03471
     -4.93000      6.53583      6.53583
     -4.92000      3.87009      3.87009
     -4.91000      2.77814      2.77814
     -4.90000      4.57575      4.57575
     -4.89000      4.95482      4.95482
     -4.88000      3.87540      3.87540
     -4.87000      5.25104      5.25104
     -4.86000      7.18027      7.18027
     -4.85000      7.22038      7.22038
     -4.84000      5.71937      5.71937
     -4.83000      4.72769      4.72769
     -4.82000      7.17952      7.17952
     -4.81000     10.46719     10.46719
     -4.80000     10.63041     10.63041
     -4.79000      9.34965      9.34965
     -4.78000      8.46550      8.46550
     -4.77000      6.76148      6.76148
     -4.76000      4.88940      4.88940
     -4.75000      4.02786      4.02786
     -4.74000      3.37114      3.37114
     -4.73000      2.98357      2.98357
     -4.72000      2.90676      2.90676
     -4.71000      3.53238      3.53238
     -4.70000      3.73157      3.73157
     -4.69000      4.25500      4.25500
     -4.68000      6.10984      6.10984
     -4.67000      6.14898      6.14898
     -4.66000      5.83145      5.83145
     -4.65000      7.55266      7.55266
     -4.64000      7.62969      7.62969
     -4.63000      4.49687      4.49687
     -4.62000      3.04038      3.04038
     -4.61000      5.86840      5.86840
     -4.60000      8.66079      8.66079
     -4.59000      8.59211      8.59211
     -4.58000      6.88452      6.88452
     -4.57000      3.86831      3.86831
     -4.56000      2.72244      2.72244
     -4.55000      3.41051      3.41051
     -4.54000      5.29834      5.29834
     -4.53000      8.09513      8.09513
     -4.52000      9.82169      9.82169
     -4.51000      8.00756      8.00756
     -4.50000      4.47780      4.47780
     -4.49000      2.76604      2.76604
     -4.48000      3.49434      3.49434
     -4.47000      5.23570      5.23570
     -4.46000      5.67500      5.67500
     -4.45000      7.50073      7.50073
     -4.44000     11.07671     11.07671
     -4.43000     12.74451     12.74451
     -4.42000     10.14020     10.14020
     -4.41000      7.07095      7.07095
     -4.40000      7.06213      7.06213
     -4.39000      8.98409      8.98409
     -4.38000     10.44106     10.44106
     -4.37000     10.00652     10.00652
     -4.36000      9.79090      9.79090
     -4.35000      8.59754      8.59754
     -4.34000      5.81667      5.81667
     -4.33000      3.87303      3.87303
     -4.32000      3.26531      3.26531
     -4.31000      3.60956      3.60956
     -4.30000      4.90829      4.90829
     -4.29000      5.07560      5.07560
     -4.28000      3.65488      3.65488
     -4.27000      3.27143      3.27143
     -4.26000      5.93788      5.93788
     -4.25000      8.99864      8.99864
     -4.24000     10.06709     10.06709
     -4.23000      9.82407      9.82407
     -4.22000      6.89229      6.89229
     -4.21000      4.63611      4.63611
     -4.20000      4.32096      4.32096
     -4.19000      5.73604      5.73604
     -4.18000      6.45521      6.45521
     -4.17000      4.01637      4.01637
     -4.16000      2.42465      2.42465
     -4.15000      3.05595      3.05595
     -4.14000      4.32929      4.32929
     -4.13000      4.87548      4.87548
     -4.12000      6.34625      6.34625
     -4.11000      8.97649      8.97649
     -4.10000      9.14268      9.14268
     -4.09000      5.85161      5.85161
     -4.08000      4.14494      4.14494
     -4.07000      5.20344      5.20344
     -4.06000      7.46300      7.46300
     -4.05000     10.32952     10.32952
     -4.04000     11.25890     11.25890
     -4.03000     10.27858     10.27858
     -4.02000     11.25568     11.25568
     -4.01000     14.36681     14.36681
     -4.00000     14.30845     14.30845
     -3.99000     12.05447     12.05447
     -3.98000      8.78233      8.78233
     -3.97000      6.83402      6.83402
     -3.96000      5.33655      5.33655
     -3.95000      4.72377      4.72377
     -3.94000      7.87901      7.87901
     -3.93000     11.38820     11.38820
     -3.92000     10.89375     10.89375
     -3.91000      8.23532      8.23532
     -3.90000      5.79044      5.79044
     -3.89000      5.05847      5.05847
     -3.88000      6.34816      6.34816
     -3.87000      8.88920      8.88920
     -3.86000      9.37637      9.37637
     -3.85000      8.69193      8.69193
     -3.84000      8.01149      8.01149
     -3.83000      6.74518      6.74518
     -3.82000      6.11365      6.11365
     -3.81000      6.31483      6.31483
     -3.80000      6.99445      6.99445
     -3.79000      9.59379      9.59379
     -3.78000     10.78856     10.78856
     -3.77000      8.78761      8.78761
     -3.76000      9.36295      9.36295
     -3.75000     13.56064     13.56064
     -3.74000     14.25557     14.25557
     -3.73000     11.06543     11.06543
     -3.72000     10.82921     10.82921
     -3.71000     11.80041     11.80041
     -3.70000      9.13610      9.13610
     -3.69000      6.22569      6.22569
     -3.68000      6.37566      6.37566
     -3.67000      8.69420      8.69420
     -3.66000     11.67747     11.67747
     -3.65000     13.02992     13.02992
     -3.64000     12.44162     12.44162
     -3.63000     11.83600     11.83600
     -3.62000     11.29614     11.29614
     -3.61000     11.93293     11.93293
     -3.60000     10.96841     10.96841
     -3.59000      7.70618      7.70618
     -3.58000      6.46319      6.46319
     -3.57000      6.75432      6.75432
     -3.56000      5.51862      5.51862
     -3.55000      5.51221      5.51221
     -3.54000      7.64348      7.64348
     -3.53000      9.23593      9.23593
     -3.52000      9.89207      9.89207
     -3.51000      9.33953      9.33953
     -3.50000      6.73406      6.73406
     -3.49000      5.70853      5.70853
     -3.48000      7.10350      7.10350
     -3.47000      8.15534      8.15534
     -3.46000      7.78338      7.78338
     -3.45000      5.63271      5.63271
     -3.44000      4.45012      4.45012
     -3.43000      5.00745      5.00745
     -3.42000      5.17810      5.17810
     -3.41000      5.42511      5.42511
     -3.40000      6.69402      6.69402
     -3.39000      7.55144      7.55144
     -3.38000      8.06842      8.06842
     -3.37000      6.58144      6.58144
     -3.36000      3.86914      3.86914
     -3.35000      3.83570      3.83570
     -3.34000      4.67561      4.67561
     -3.33000      4.82035      4.82035
     -3.32000      4.90533      4.90533
     -3.31000      2.90318      2.90318
     -3.30000      1.83790      1.83790
     -3.29000      4.69137      4.69137
     -3.28000      9.20106      9.20106
     -3.27000     11.28253     11.28253
     -3.26000     11.42184     11.42184
     -3.25000      8.35078      8.35078
     -3.24000      4.17628      4.17628
     -3.23000      3.48936      3.48936
     -3.22000      3.82700      3.82700
     -3.21000      3.87913      3.87913
     -3.20000      4.22883      4.22883
     -3.19000      2.71581      2.71581
     -3.18000      0.94469      0.94469
     -3.17000      1.56051      1.56051
     -3.16000      5.02420      5.02420
     -3.15000      7.64268      7.64268
     -3.14000      6.72660      6.72660
     -3.13000      5.10905      5.10905
     -3.12000      4.97059      4.97059
     -3.11000      6.72644      6.72644
     -3.10000      7.76682      7.76682
     -3.09000      6.67900      6.67900
     -3.08000      4.61472      4.61472
     -3.07000      4.89640      4.89640
     -3.06000      5.85837      5.85837
     -3.05000      5.19132      5.19132
     -3.04000      3.49213      3.49213
     -3.03000      1.24124      1.24124
     -3.02000      0.23126      0.23126
     -3.01000      0.58955      0.58955
     -3.00000      2.42733      2.42733
     -2.99000      4.70359      4.70359
     -2.98000      6.82386      6.82386
     -2.97000      9.62497      9.62497
     -2.96000      9.98646      9.98646
     -2.95000      6.22265      6.22265
     -2.94000      4.25204      4.25204
     -2.93000      6.19051      6.19051
     -2.92000      5.36645      5.36645
     -2.91000      2.39653      2.39653
     -2.90000      2.30161      2.30161
     -2.89000      3.25012      3.25012
     -2.88000      2.78834      2.78834
     -2.87000      3.25850      3.25850
     -2.86000      4.71798      4.71798
     -2.85000      7.27864      7.27864
     -2.84000     10.21771     10.21771
     -2.83000      8.95231      8.95231
     -2.82000      5.96390      5.96390
     -2.81000      5.76049      5.76049
     -2.80000      6.63212      6.63212
     -2.79000      5.24002      5.24002
     -2.78000      3.81068      3.81068
     -2.77000      3.48098      3.48098
     -2.76000      3.42262      3.42262
     -2.75000      3.28294      3.28294
     -2.74000      3.44619      3.44619
     -2.73000      4.16300      4.16300
     -2.72000      3.06093      3.06093
     -2.71000      1.08276      1.08276
     -2.70000      0.21250      0.21250
     -2.69000      0.41819      0.41819
     -2.68000      1.56471      1.56471
     -2.67000      2.41587      2.41587
     -2.66000      3.24366      3.24366
     -2.65000      8.25141      8.25141
     -2.64000     13.40853     13.40853
     -2.63000     11.55360     11.55360
     -2.62000      8.16876      8.16876
     -2.61000      6.61178      6.61178
     -2.60000      4.60855      4.60855
     -2.59000      4.15512      4.15512
     -2.58000      6.58568      6.58568
     -2.57000      7.95859      7.95859
     -2.56000      7.29235      7.29235
     -2.55000      6.01310      6.01310
     -2.54000      3.67309      3.67309
     -2.53000      1.32307      1.32307
     -2.52000      1.99558      1.99558
     -2.51000      6.78994      6.78994
     -2.50000     10.31348     10.31348
     -2.49000      7.55146      7.55146
     -2.48000      3.10470      3.10470
     -2.47000      0.70218      0.70218
     -2.46000      0.39182      0.39182
     -2.45000      1.87952      1.87952
     -2.44000      4.81571      4.81571
     -2.43000      6.74253      6.74253
     -2.42000      8.65257      8.65257
     -2.41000     12.96810     12.96810
     -2.40000     12.87385     12.87385
     -2.39000      6.44834      6.44834
     -2.38000      3.23518      3.23518
     -2.37000      4.40288      4.40288
     -2.36000      5.51101      5.51101
     -2.35000      7.44523      7.44523
     -2.34000     10.70614     10.70614
     -2.33000      9.34703      9.34703
     -2.32000      5.03298      5.03298
     -2.31000      4.43492      4.43492
     -2.30000      5.19705      5.19705
     -2.29000      5.31718      5.31718
     -2.28000      8.22197      8.22197
     -2.27000     13.71095     13.71095
     -2.26000     15.81077     15.81077
     -2.25000     12.38847     12.38847
     -2.24000      7.57759      7.57759
     -2.23000      5.03128      5.03128
     -2.22000      5.16929      5.16929
     -2.21000      6.21208      6.21208
     -2.20000      5.03432      5.03432
     -2.19000      3.26091      3.26091
     -2.18000      1.94571      1.94571
     -2.17000      1.77748      1.77748
     -2.16000      3.22107      3.22107
     -2.15000      3.31019      3.31019
     -2.14000      3.16125      3.16125
     -2.13000      3.94346      3.94346
     -2.12000      3.92794      3.92794
     -2.11000      4.17328      4.17328
     -2.10000      6.51958      6.51958
     -2.09000      8.54987      8.54987
     -2.08000      6.38359      6.38359
     -2.07000      3.07642      3.07642
     -2.06000      1.80849      1.80849
     -2.05000      3.73364      3.73364
     -2.04000      7.69558      7.69558
     -2.03000      7.35437      7.35437
     -2.02000      4.40577      4.40577
     -2.01000      6.06301      6.06301
     -2.00000      8.76816      8.76816
     -1.99000      7.93621      7.93621
     -1.98000      7.35019      7.35019
     -1.97000      9.56963      9.56963
     -1.96000     11.09845     11.09845
     -1.95000      8.71858      8.71858
     -1.94000      5.80317      5.80317
     -1.93000      4.78451      4.78451
     -1.92000      3.60675      3.60675
     -1.91000      3.94461      3.94461
     -1.90000      6.83447      6.83447
     -1.89000     11.64275     11.64275
     -1.88000     15.12266     15.12266
     -1.87000     10.47929     10.47929
     -1.86000      4.01096      4.01096
     -1.85000      1.21469      1.21469
     -1.84000      0.30665      0.30665
     -1.83000      0.53658      0.53658
     -1.82000      2.36537      2.36537
     -1.81000      4.26707      4.26707
     -1.80000      3.03424      3.03424
     -1.79000      1.09534      1.09534
     -1.78000      1.18477      1.18477
     -1.77000      2.65221      2.65221
     -1.76000      4.99246      4.99246
     -1.75000      5.98840      5.98840
     -1.74000      4.11689      4.11689
     -1.73000      2.82241      2.82241
     -1.72000      3.25378      3.25378
     -1.71000      3.28472      3.28472
     -1.70000      2.16122      2.16122
     -1.69000      1.80299      1.80299
     -1.68000      2.12216      2.12216
     -1.67000      2.46872      2.46872
     -1.66000      4.56025      4.56025
     -1.65000      6.07163      6.07163
     -1.64000      3.86798      3.86798
     -1.63000      1.39162      1.39162
     -1.62000      1.07170      1.07170
     -1.61000      1.54784      1.54784
     -1.60000      3.07129      3.07129
     -1.59000      6.79149      6.79149
     -1.58000      9.52833      9.52833
     -1.57000      8.38310      8.38310
     -1.56000      6.69109      6.69109
     -1.55000      5.93823      5.93823
     -1.54000      4.93929      4.93929
     -1.53000      4.24688      4.24688
     -1.52000      5.00173      5.00173
     -1.51000      6.54046      6.54046
     -1.50000      7.58016      7.58016
     -1.49000      7.57200      7.57200
     -1.48000      6.75003      6.75003
     -1.47000      7.37770      7.37770
     -1.46000      8.55747      8.55747
     -1.45000      8.27599      8.27599
     -1.44000      6.93555      6.93555
     -1.43000      6.87842      6.87842
     -1.42000      7.78704      7.78704
     -1.41000      7.16785      7.16785
     -1.40000      4.65488      4.65488
     -1.39000      2.12836      2.12836
     -1.38000      0.83428      0.83428
     -1.37000      1.02748      1.02748
     -1.36000      2.71200      2.71200
     -1.35000      6.67673      6.67673
     -1.34000      9.56298      9.56298
     -1.33000      7.01604      7.01604
     -1.32000      3.55062      3.55062
     -1.31000      1.99968      1.99968
     -1.30000      1.80073      1.80073
     -1.29000      2.80846      2.80846
     -1.28000      3.81002      3.81002
     -1.27000      2.88349      2.88349
     -1.26000      1.68700      1.68700
     -1.25000      1.62440      1.62440
     -1.24000      3.00065      3.00065
     -1.23000      4.83411      4.83411
     -1.22000      3.55103      3.55103
     -1.21000      2.75027      2.75027
     -1.20000      5.22742      5.22742
     -1.19000      6.89972      6.89972
     -1.18000      7.21543      7.21543
     -1.17000      6.14291      6.14291
     -1.16000      4.03397      4.03397
     -1.15000      3.76112      3.76112
     -1.14000      3.16546      3.16546
     -1.13000      2.01528      2.01528
     -1.12000      1.97072      1.97072
     -1.11000      3.79877      3.79877
     -1.10000      6.33781      6.33781
     -1.09000      7.35611      7.35611
     -1.08000      6.16254      6.16254
     -1.07000      4.86139      4.86139
     -1.06000      4.34602      4.34602
     -1.05000      5.96185      5.96185
     -1.04000      8.45596      8.45596
     -1.03000      6.82102      6.82102
     -1.02000      4.21912      4.21912
     -1.01000      4.46219      4.46219
     -1.00000      4.87280      4.87280
     -0.99000      4.31780      4.31780
     -0.98000      4.87377      4.87377
     -0.97000      7.16527      7.16527
     -0.96000      7.14148      7.14148
     -0.95000      5.58703      5.58703
     -0.94000      4.97607      4.97607
     -0.93000      3.92122      3.92122
     -0.92000      5.56919      5.56919
     -0.91000      9.02732      9.02732
     -0.90000      9.56102      9.56102
     -0.89000      7.56574      7.56574
     -0.88000      5.99188      5.99188
     -0.87000      6.34972      6.34972
     -0.86000      5.60903      5.60903
     -0.85000      3.25553      3.25553
     -0.84000      2.24625      2.24625
     -0.83000      3.62485      3.62485
     -0.82000      5.05067      5.05067
     -0.81000      5.96636      5.96636
     -0.80000      6.77252      6.77252
     -0.79000      7.02901      7.02901
     -0.78000      4.86942      4.86942
     -0.77000      3.10954      3.10954
     -0.76000      3.55084      3.55084
     -0.75000      3.10738      3.10738
     -0.74000      3.45220      3.45220
     -0.73000      4.82242      4.82242
     -0.72000      4.69117      4.69117
     -0.71000      4.12348      4.12348
     -0.70000      6.63258      6.63258
     -0.69000      9.70260      9.70260
     -0.68000      7.03932      7.03932
     -0.67000      5.94063      5.94063
     -0.66000     11.59647     11.59647
     -0.65000     16.01146     16.01146
     -0.64000     14.35046     14.35046
     -0.63000     11.15060     11.15060
     -0.62000     10.17006     10.17006
     -0.61000      8.79439      8.79439
     -0.60000      8.05977      8.05977
     -0.59000      8.45459      8.45459
     -0.58000     10.28635     10.28635
     -0.57000     13.06808     13.06808
     -0.56000     11.49885     11.49885
     -0.55000      8.78968      8.78968
     -0.54000      6.47516      6.47516
     -0.53000      5.71117      5.71117
     -0.52000      7.27692      7.27692
     -0.51000      7.82302      7.82302
     -0.50000      7.22776      7.22776
     -0.49000      9.08136      9.08136
     -0.48000     10.00144     10.00144
     -0.47000      8.45733      8.45733
     -0.46000      9.45700      9.45700
     -0.45000     10.77615     10.77615
     -0.44000      9.68980      9.68980
     -0.43000     10.01150     10.01150
     -0.42000      8.91303      8.91303
     -0.41000      5.71205      5.71205
     -0.40000      5.39840      5.39840
     -0.39000      6.47139      6.47139
     -0.38000      6.27699      6.27699
     -0.37000      5.58090      5.58090
     -0.36000      4.65618      4.65618
     -0.35000      3.61725      3.61725
     -0.34000      4.07296      4.07296
     -0.33000      4.61931      4.61931
     -0.32000      4.24533      4.24533
     -0.31000      3.83612      3.83612
     -0.30000      4.12250      4.12250
     -0.29000      7.74850      7.74850
     -0.28000     11.18637     11.18637
     -0.27000     10.77799     10.77799
     -0.26000      8.27102      8.27102
     -0.25000      6.45488      6.45488
     -0.24000      5.26840      5.26840
     -0.23000      4.86992      4.86992
     -0.22000      4.37476      4.37476
     -0.21000      2.32504      2.32504
     -0.20000      0.80805      0.80805
     -0.19000      1.18033      1.18033
     -0.18000      2.17712      2.17712
     -0.17000      2.32213      2.32213
     -0.16000      1.69504      1.69504
     -0.15000      1.10950      1.10950
     -0.14000      1.56303      1.56303
     -0.13000      3.14965      3.14965
     -0.12000      5.11752      5.11752
     -0.11000      4.45842      4.45842
     -0.10000      1.85575      1.85575
     -0.09000      1.26280      1.26280
     -0.08000      3.29383      3.29383
     -0.07000      7.60030      7.60030
     -0.06000     11.52411     11.52411
     -0.05000      8.51648      8.51648
     -0.04000      3.18783      3.18783
     -0.03000      0.77303      0.77303
     -0.02000      0.37597      0.37597
     -0.01000      1.29566      1.29566
      0.00000      2.38182      2.38182
      0.01000      2.60536      2.60536
      0.02000      3.81505      3.81505
      0.03000      4.66914      4.66914
      0.04000      3.82197      3.82197
      0.05000      2.39884      2.39884
      0.06000      0.82569      0.82569
      0.07000      0.15793      0.15793
      0.08000      0.43186      0.43186
      0.09000      1.59840      1.59840
      0.10000      2.33585      2.33585
      0.11000      2.04553      2.04553
      0.12000      2.70319      2.70319
      0.13000      2.95198      2.95198
      0.14000      1.49750      1.49750
      0.15000      0.57056      0.57056
      0.16000      1.10356      1.10356
      0.17000      1.93352      1.93352
      0.18000      1.99499      1.99499
      0.19000      1.64902      1.64902
      0.20000      1.02209      1.02209
      0.21000      0.30864      0.30864
      0.22000      0.03818      0.03818
      0.23000      0.03639      0.03639
      0.24000      0.29295      0.29295
      0.25000      0.90796      0.90796
      0.26000      1.03535      1.03535
      0.27000      0.43432      0.43432
      0.28000      0.06707      0.06707
      0.29000      0.00678      0.00678
      0.30000      0.06855      0.06855
      0.31000      0.58028      0.58028
      0.32000      1.80921      1.80921
      0.33000      2.07513      2.07513
      0.34000      0.87560      0.87560
      0.35000      0.13592      0.13592
      0.36000      0.00776      0.00776
      0.37000      0.00016      0.00016
      0.38000      0.00000      0.00000
      0.39000      0.00000      0.00000
      0.40000      0.00000      0.00000
      0.41000      0.00000      0.00000
      0.42000      0.00018      0.00018
      0.43000      0.00721      0.00721
      0.44000      0.10450      0.10450
      0.45000      0.55687      0.55687
      0.46000      1.09172      1.09172
      0.47000      0.79008      0.79008
      0.48000      0.28257      0.28257
      0.49000      0.76545      0.76545
      0.50000      2.88798      2.88798
      0.51000      4.31282      4.31282
      0.52000      2.48803      2.48803
      0.53000      0.55289      0.55289
      0.54000      0.04703      0.04703
      0.55000      0.00152      0.00152
      0.56000      0.00002      0.00002
      0.57000      0.00000      0.00000
      0.58000      0.00001      0.00001
      0.59000      0.00065      0.00065
      0.60000      0.01897      0.01897
      0.61000      0.20958      0.20958
      0.62000      0.95369      0.95369
      0.63000      2.14383      2.14383
      0.64000      2.73813      2.73813
      0.65000      1.75288      1.75288
      0.66000      0.46753      0.46753
      0.67000      0.08084      0.08084
      0.68000      0.41464      0.41464
      0.69000      2.17221      2.17221
      0.70000      5.81015      5.81015
      0.71000      9.44324      9.44324
      0.72000      9.66172      9.66172
      0.73000      6.01014      6.01014
      0.74000      2.15122      2.15122
      0.75000      0.38702      0.38702
      0.76000      0.07739      0.07739
      0.77000      0.35716      0.35716
      0.78000      0.97478      0.97478
      0.79000      0.98112      0.98112
      0.80000      0.36329      0.36329
      0.81000      0.04949      0.04949
      0.82000      0.00265      0.00265
      0.83000      0.00819      0.00819
      0.84000      0.14066      0.14066
      0.85000      0.89437      0.89437
      0.86000      2.12458      2.12458
      0.87000      2.19631      2.19631
      0.88000      2.11729      2.11729
      0.89000      2.25583      2.25583
      0.90000      1.14056      1.14056
      0.91000      0.21829      0.21829
      0.92000      0.04029      0.04029
      0.93000      0.29350      0.29350
      0.94000      1.29893      1.29893
      0.95000      2.18127      2.18127
      0.96000      1.38937      1.38937
      0.97000      0.33539      0.33539
      0.98000      0.03061      0.03061
      0.99000      0.00105      0.00105
      1.00000      0.00001      0.00001
      1.01000      0.00000      0.00000
      1.02000      0.00000      0.00000
      1.03000      0.00000      0.00000
      1.04000      0.00000      0.00000
      1.05000      0.00000      0.00000
      1.06000      0.00000      0.00000
      1.07000      0.00000      0.00000
      1.08000      0.00002      0.00002
      1.09000      0.00144      0.00144
      1.10000      0.04035      0.04035
      1.11000      0.41492      0.41492
      1.12000      1.56975      1.56975
      1.13000      2.18477      2.18477
      1.14000      1.11863      1.11863
      1.15000      0.21072      0.21072
      1.16000      0.01594      0.01594
      1.17000      0.03217      0.03217
      1.18000      0.27709      0.27709
      1.19000      0.88833      0.88833
      1.20000      1.04771      1.04771
      1.21000      0.45467      0.45467
      1.22000      0.07749      0.07749
      1.23000      0.10333      0.10333
      1.24000      0.74243      0.74243
      1.25000      2.15333      2.15333
      1.26000      2.71119      2.71119
      1.27000      1.81553      1.81553
      1.28000      0.73160      0.73160
      1.29000      0.59881      0.59881
      1.30000      1.68168      1.68168
      1.31000      2.14824      2.14824
      1.32000      1.01588      1.01588
      1.33000      0.22250      0.22250
      1.34000      0.57031      0.57031
      1.35000      2.88382      2.88382
      1.36000      6.77989      6.77989
      1.37000      7.42472      7.42472
      1.38000      3.68263      3.68263
      1.39000      0.90235      0.90235
      1.40000      0.66767      0.66767
      1.41000      1.10397      1.10397
      1.42000      0.74554      0.74554
      1.43000      0.19661      0.19661
      1.44000      0.19178      0.19178
      1.45000      1.01124      1.01124
      1.46000      2.17460      2.17460
      1.47000      2.00887      2.00887
      1.48000      1.89385      1.89385
      1.49000      2.26551      2.26551
      1.50000      1.30619      1.30619
      1.51000      0.58533      0.58533
      1.52000      1.38597      1.38597
      1.53000      2.20491      2.20491
      1.54000      1.32374      1.32374
      1.55000      0.29554      0.29554
      1.56000      0.02482      0.02482
      1.57000      0.01317      0.01317
      1.58000      0.18920      0.18920
      1.59000      1.07826      1.07826
      1.60000      2.47198      2.47198
      1.61000      2.99942      2.99942
      1.62000      2.67101      2.67101
      1.63000      1.37185      1.37185
      1.64000      0.31532      0.31532
      1.65000      0.30416      0.30416
      1.66000      1.30047      1.30047
      1.67000      2.21513      2.21513
      1.68000      1.38879      1.38879
      1.69000      0.32032      0.32032
      1.70000      0.02718      0.02718
      1.71000      0.00085      0.00085
      1.72000      0.00001      0.00001
      1.73000      0.00000      0.00000
      1.74000      0.00000      0.00000
      1.75000      0.00000      0.00000
      1.76000      0.00042      0.00042
      1.77000      0.01359      0.01359
      1.78000      0.16014      0.16014
      1.79000      0.69438      0.69438
      1.80000      1.10936      1.10936
      1.81000      0.69726      0.69726
      1.82000      0.60176      0.60176
      1.83000      1.70141      1.70141
      1.84000      2.62038      2.62038
      1.85000      2.69630      2.69630
      1.86000      2.46562      2.46562
      1.87000      1.68685      1.68685
      1.88000      1.58760      1.58760
      1.89000      1.68060      1.68060
      1.90000      1.21912      1.21912
      1.91000      0.47739      0.47739
      1.92000      0.44546      0.44546
      1.93000      1.51203      1.51203
      1.94000      2.21221      2.21221
      1.95000      1.40463      1.40463
      1.96000      1.79450      1.79450
      1.97000      4.37749      4.37749
      1.98000      5.45635      5.45635
      1.99000      3.58367      3.58367
      2.00000      1.25512      1.25512
      2.01000      0.19998      0.19998
      2.02000      0.01271      0.01271
      2.03000      0.00030      0.00030
      2.04000      0.00000      0.00000
      2.05000      0.00000      0.00000
      2.06000      0.00000      0.00000
      2.07000      0.00000      0.00000
      2.08000      0.00000      0.00000
      2.09000      0.00000      0.00000
      2.10000      0.00000      0.00000
      2.11000      0.00000      0.00000
      2.12000      0.00000      0.00000
      2.13000      0.00000      0.00000
      2.14000      0.00014      0.00014
      2.15000      0.00682      0.00682
      2.16000      0.12403      0.12403
      2.17000      0.83031      0.83031
      2.18000      2.04488      2.04488
      2.19000      1.85269      1.85269
      2.20000      0.61776      0.61776
      2.21000      0.08491      0.08491
      2.22000      0.12750      0.12750
      2.23000      0.63248      0.63248
      2.24000      1.33996      1.33996
      2.25000      1.56970      1.56970
      2.26000      1.28437      1.28437
      2.27000      0.93169      0.93169
      2.28000      2.27146      2.27146
      2.29000      4.35256      4.35256
      2.30000      3.19498      3.19498
      2.31000      0.86613      0.86613
      2.32000      0.08661      0.08661
      2.33000      0.00319      0.00319
      2.34000      0.00004      0.00004
      2.35000      0.00000      0.00000
      2.36000      0.00000      0.00000
      2.37000      0.00000      0.00000
      2.38000      0.00000      0.00000
      2.39000      0.00048      0.00048
      2.40000      0.01767      0.01767
      2.41000      0.23999      0.23999
      2.42000      1.19930      1.19930
      2.43000      2.21893      2.21893
      2.44000      1.71082      1.71082
      2.45000      1.54182      1.54182
      2.46000      2.53187      2.53187
      2.47000      2.91383      2.91383
      2.48000      2.77558      2.77558
      2.49000      2.06468      2.06468
      2.50000      1.42508      1.42508
      2.51000      0.94983      0.94983
      2.52000      1.42938      1.42938
      2.53000      2.22557      2.22557
      2.54000      1.40063      1.40063
      2.55000      0.32629      0.32629
      2.56000      0.04713      0.04713
      2.57000      0.25562      0.25562
      2.58000      1.25155      1.25155
      2.59000      2.43366      2.43366
      2.60000      2.66731      2.66731
      2.61000      2.98147      2.98147
      2.62000      2.62713      2.62713
      2.63000      1.57274      1.57274
      2.64000      1.97227      1.97227
      2.65000      3.96634      3.96634
      2.66000      3.69004      3.69004
      2.67000      1.35766      1.35766
      2.68000      0.19800      0.19800
      2.69000      0.08908      0.08908
      2.70000      0.63097      0.63097
      2.71000      1.86736      1.86736
      2.72000      2.03380      2.03380
      2.73000      0.81490      0.81490
      2.74000      0.12163      0.12163
      2.75000      0.04851      0.04851
      2.76000      0.42594      0.42594
      2.77000      1.58823      1.58823
      2.78000      2.17930      2.17930
      2.79000      1.10008      1.10008
      2.80000      0.20429      0.20429
      2.81000      0.01396      0.01396
      2.82000      0.00035      0.00035
      2.83000      0.00000      0.00000
      2.84000      0.00000      0.00000
      2.85000      0.00000      0.00000
      2.86000      0.00008      0.00008
      2.87000      0.00443      0.00443
      2.88000      0.09136      0.09136
      2.89000      0.69241      0.69241
      2.90000      1.93060      1.93060
      2.91000      1.98029      1.98029
      2.92000      0.74796      0.74796
      2.93000      0.12737      0.12737
      2.94000      0.29721      0.29721
      2.95000      1.32620      1.32620
      2.96000      2.21614      2.21614
      2.97000      1.36247      1.36247
      2.98000      0.30815      0.30815
      2.99000      0.02564      0.02564
      3.00000      0.00078      0.00078
      3.01000      0.00001      0.00001
      3.02000      0.00000      0.00000
      3.03000      0.00017      0.00017
      3.04000      0.00815      0.00815
      3.05000      0.14653      0.14653
      3.06000      1.03648      1.03648
      3.07000      3.17123      3.17123
      3.08000      4.73424      4.73424
      3.09000      3.56253      3.56253
      3.10000      1.58617      1.58617
      3.11000      1.18979      1.18979
      3.12000      0.90923      0.90923
      3.13000      0.30670      0.30670
      3.14000      0.28752      0.28752
      3.15000      1.23710      1.23710
      3.16000      2.24380      2.24380
      3.17000      1.83131      1.83131
      3.18000      1.85440      1.85440
      3.19000      2.23232      2.23232
      3.20000      1.18728      1.18728
      3.21000      0.23537      0.23537
      3.22000      0.02331      0.02331
      3.23000      0.09410      0.09410
      3.24000      0.52453      0.52453
      3.25000      1.08099      1.08099
      3.26000      0.82268      0.82268
      3.27000      0.30086      0.30086
      3.28000      0.62370      0.62370
      3.29000      1.83470      1.83470
      3.30000      2.08255      2.08255
      3.31000      1.07949      1.07949
      3.32000      0.94881      0.94881
      3.33000      1.08819      1.08819
      3.34000      0.52472      0.52472
      3.35000      0.09365      0.09365
      3.36000      0.00615      0.00615
      3.37000      0.00015      0.00015
      3.38000      0.00018      0.00018
      3.39000      0.00834      0.00834
      3.40000      0.14298      0.14298
      3.41000      0.90146      0.90146
      3.42000      2.09093      2.09093
      3.43000      1.78493      1.78493
      3.44000      0.58545      0.58545
      3.45000      0.37085      0.37085
      3.46000      1.36087      1.36087
      3.47000      2.21648      2.21648
      3.48000      1.33990      1.33990
      3.49000      0.44996      0.44996
      3.50000      0.97170      0.97170
      3.51000      2.11735      2.11735
      3.52000      1.73888      1.73888
      3.53000      0.52554      0.52554
      3.54000      0.05921      0.05921
      3.55000      0.02798      0.02798
      3.56000      0.30777      0.30777
      3.57000      1.36155      1.36155
      3.58000      2.21616      2.21616
      3.59000      1.32722      1.32722
      3.60000      0.30169      0.30169
      3.61000      0.17875      0.17875
      3.62000      0.94480      0.94480
      3.63000      2.11469      2.11469
      3.64000      1.74270      1.74270
      3.65000      0.53459      0.53459
      3.66000      0.15470      0.15470
      3.67000      0.53356      0.53356
      3.68000      1.08340      1.08340
      3.69000      0.81291      0.81291
      3.70000      0.22440      0.22440
      3.71000      0.02279      0.02279
      3.72000      0.00087      0.00087
      3.73000      0.00162      0.00162
      3.74000      0.04381      0.04381
      3.75000      0.46575      0.46575
      3.76000      1.95018      1.95018
      3.77000      3.22034      3.22034
      3.78000      2.08951      2.08951
      3.79000      0.68670      0.68670
      3.80000      1.30600      1.30600
      3.81000      3.62555      3.62555
      3.82000      4.02720      4.02720
      3.83000      1.72551      1.72551
      3.84000      0.28400      0.28400
      3.85000      0.01784      0.01784
      3.86000      0.00042      0.00042
      3.87000      0.00000      0.00000
      3.88000      0.00000      0.00000
      3.89000      0.00015      0.00015
      3.90000      0.00712      0.00712
      3.91000      0.12794      0.12794
      3.92000      0.84549      0.84549
      3.93000      2.05539      2.05539
      3.94000      1.83818      1.83818
      3.95000      0.60477      0.60477
      3.96000      0.07320      0.07320
      3.97000      0.00390      0.00390
      3.98000      0.02306      0.02306
      3.99000      0.31929      0.31929
      4.00000      1.82693      1.82693
      4.01000      4.70904      4.70904
      4.02000      5.76016      5.76016
      4.03000      3.21248      3.21248
      4.04000      0.84119      0.84119
