Energy-E_F (eV)    DOS (1/eV)    PDOS (1/eV)  of atom type Au 
     -4.99000      9.43584      0.00000
     -4.98000      7.25374      0.00000
     -4.97000      9.60259      0.00000
     -4.96000     13.88774      0.00000
     -4.95000     15.71602      0.00000
     -4.94000     15.86664      0.00000
     -4.93000     15.83540      0.00000
     -4.92000     16.22898      0.00000
     -4.91000     15.30160      0.00000
     -4.90000     14.01399      0.00000
     -4.89000     13.84297      0.00000
     -4.88000     14.04460      0.00000
     -4.87000     13.02414      0.00000
     -4.86000     12.97845      0.00000
     -4.85000     12.55938      0.00000
     -4.84000     12.94076      0.00000
     -4.83000     15.81060      0.00000
     -4.82000     19.96683      0.00000
     -4.81000     21.86761      0.00000
     -4.80000     19.25340      0.00000
     -4.79000     17.80682      0.00000
     -4.78000     15.98104      0.00000
     -4.77000     13.74694      0.00000
     -4.76000     13.62897      0.00000
     -4.75000     14.64665      0.00000
     -4.74000     17.13085      0.00000
     -4.73000     15.21806      0.00000
     -4.72000     11.50124      0.00000
     -4.71000     11.99429      0.00000
     -4.70000     15.66341      0.00000
     -4.69000     18.93546      0.00000
     -4.68000     19.30122      0.00000
     -4.67000     18.97807      0.00000
     -4.66000     16.64030      0.00000
     -4.65000     12.22463      0.00000
     -4.64000     11.59252      0.00000
     -4.63000     15.79433      0.00000
     -4.62000     18.98267      0.00000
     -4.61000     22.82610      0.00000
     -4.60000     24.06133      0.00000
     -4.59000     21.51760      0.00000
     -4.58000     19.24602      0.00000
     -4.57000     17.57999      0.00000
     -4.56000     17.32266      0.00000
     -4.55000     20.04943      0.00000
     -4.54000     21.50638      0.00000
     -4.53000     16.97964      0.00000
     -4.52000      9.94300      0.00000
     -4.51000     10.19925      0.00000
     -4.50000     16.17654      0.00000
     -4.49000     19.16275      0.00000
     -4.48000     19.22520      0.00000
     -4.47000     18.14566      0.00000
     -4.46000     16.65058      0.00000
     -4.45000     18.71869      0.00000
     -4.44000     19.32134      0.00000
     -4.43000     17.49427      0.00000
     -4.42000     14.24371      0.00000
     -4.41000     10.29954      0.00000
     -4.40000     10.41362      0.00000
     -4.39000     14.44507      0.00000
     -4.38000     17.37121      0.00000
     -4.37000     20.97751      0.00000
     -4.36000     26.79084      0.00000
     -4.35000     28.48657      0.00000
     -4.34000     22.94559      0.00000
     -4.33000     15.95369      0.00000
     -4.32000     10.98649      0.00000
     -4.31000      8.79120      0.00000
     -4.30000     12.19594      0.00000
     -4.29000     17.47631      0.00000
     -4.28000     18.80703      0.00000
     -4.27000     19.16425      0.00000
     -4.26000     22.80048      0.00000
     -4.25000     22.66424      0.00000
     -4.24000     16.31167      0.00000
     -4.23000      7.91000      0.00000
     -4.22000      2.11523      0.00000
     -4.21000      1.10199      0.00000
     -4.20000      4.35007      0.00000
     -4.19000      9.62706      0.00000
     -4.18000     10.47331      0.00000
     -4.17000      9.40948      0.00000
     -4.16000     10.87103      0.00000
     -4.15000     11.54219      0.00000
     -4.14000     10.18555      0.00000
     -4.13000      8.08615      0.00000
     -4.12000      5.92363      0.00000
     -4.11000      5.51342      0.00000
     -4.10000      9.17026      0.00000
     -4.09000     14.80948      0.00000
     -4.08000     23.30372      0.00000
     -4.07000     30.63918      0.00000
     -4.06000     24.51327      0.00000
     -4.05000     15.21363      0.00000
     -4.04000     12.08173      0.00000
     -4.03000     11.68758      0.00000
     -4.02000     11.51585      0.00000
     -4.01000     11.50616      0.00000
     -4.00000     13.96625      0.00000
     -3.99000     19.01019      0.00000
     -3.98000     23.12411      0.00000
     -3.97000     24.95316      0.00000
     -3.96000     24.26737      0.00000
     -3.95000     22.48657      0.00000
     -3.94000     20.09402      0.00000
     -3.93000     13.45776      0.00000
     -3.92000      9.95568      0.00000
     -3.91000     11.33202      0.00000
     -3.90000     12.57214      0.00000
     -3.89000     10.01992      0.00000
     -3.88000      5.07272      0.00000
     -3.87000      4.46865      0.00000
     -3.86000      7.83102      0.00000
     -3.85000      9.05158      0.00000
     -3.84000      6.46676      0.00000
     -3.83000      4.26788      0.00000
     -3.82000      4.94453      0.00000
     -3.81000      8.88016      0.00000
     -3.80000     13.27120      0.00000
     -3.79000     16.35966      0.00000
     -3.78000     21.32980      0.00000
     -3.77000     25.18805      0.00000
     -3.76000     23.46435      0.00000
     -3.75000     18.85620      0.00000
     -3.74000     17.10113      0.00000
     -3.73000     14.47927      0.00000
     -3.72000     11.64326      0.00000
     -3.71000     15.02782      0.00000
     -3.70000     17.79200      0.00000
     -3.69000     14.78581      0.00000
     -3.68000     12.89796      0.00000
     -3.67000     15.13472      0.00000
     -3.66000     17.83154      0.00000
     -3.65000     17.09149      0.00000
     -3.64000     13.69398      0.00000
     -3.63000      9.26252      0.00000
     -3.62000     10.38364      0.00000
     -3.61000     17.45259      0.00000
     -3.60000     19.05394      0.00000
     -3.59000     15.28104      0.00000
     -3.58000     12.77509      0.00000
     -3.57000     10.53732      0.00000
     -3.56000      9.31939      0.00000
     -3.55000      9.97443      0.00000
     -3.54000     12.59480      0.00000
     -3.53000     18.17242      0.00000
     -3.52000     20.80457      0.00000
     -3.51000     16.79659      0.00000
     -3.50000     12.54854      0.00000
     -3.49000      9.38970      0.00000
     -3.48000      7.97842      0.00000
     -3.47000     13.01614      0.00000
     -3.46000     20.07474      0.00000
     -3.45000     21.09065      0.00000
     -3.44000     22.22328      0.00000
     -3.43000     30.31817      0.00000
     -3.42000     38.06655      0.00000
     -3.41000     37.88184      0.00000
     -3.40000     30.28866      0.00000
     -3.39000     22.24905      0.00000
     -3.38000     19.46502      0.00000
     -3.37000     23.22616      0.00000
     -3.36000     26.04152      0.00000
     -3.35000     24.02621      0.00000
     -3.34000     25.19732      0.00000
     -3.33000     23.98237      0.00000
     -3.32000     19.44025      0.00000
     -3.31000     17.52578      0.00000
     -3.30000     15.49279      0.00000
     -3.29000     10.95661      0.00000
     -3.28000     10.72179      0.00000
     -3.27000     13.68945      0.00000
     -3.26000     10.62316      0.00000
     -3.25000      7.53351      0.00000
     -3.24000     12.67932      0.00000
     -3.23000     17.60837      0.00000
     -3.22000     13.30988      0.00000
     -3.21000      7.72307      0.00000
     -3.20000      6.12811      0.00000
     -3.19000      8.60073      0.00000
     -3.18000     15.38578      0.00000
     -3.17000     21.46595      0.00000
     -3.16000     23.60868      0.00000
     -3.15000     21.23668      0.00000
     -3.14000     15.74683      0.00000
     -3.13000      9.96759      0.00000
     -3.12000      6.04232      0.00000
     -3.11000      3.54167      0.00000
     -3.10000      2.25259      0.00000
     -3.09000      2.08458      0.00000
     -3.08000      4.30934      0.00000
     -3.07000      9.07816      0.00000
     -3.06000     12.54640      0.00000
     -3.05000     14.57875      0.00000
     -3.04000     14.56129      0.00000
     -3.03000     13.90131      0.00000
     -3.02000     14.56751      0.00000
     -3.01000     12.08094      0.00000
     -3.00000     10.27289      0.00000
     -2.99000      9.04852      0.00000
     -2.98000      6.26440      0.00000
     -2.97000      4.31871      0.00000
     -2.96000      3.83508      0.00000
     -2.95000      3.58090      0.00000
     -2.94000      2.88663      0.00000
     -2.93000      2.91675      0.00000
     -2.92000      4.06604      0.00000
     -2.91000      6.63537      0.00000
     -2.90000      9.77082      0.00000
     -2.89000     13.25522      0.00000
     -2.88000     13.92919      0.00000
     -2.87000      8.48455      0.00000
     -2.86000      3.54802      0.00000
     -2.85000      1.75661      0.00000
     -2.84000      1.74037      0.00000
     -2.83000      1.98431      0.00000
     -2.82000      2.94188      0.00000
     -2.81000      4.30297      0.00000
     -2.80000      4.17285      0.00000
     -2.79000      3.77677      0.00000
     -2.78000      5.97553      0.00000
     -2.77000      7.21303      0.00000
     -2.76000      4.34217      0.00000
     -2.75000      3.61022      0.00000
     -2.74000      5.70682      0.00000
     -2.73000      5.95343      0.00000
     -2.72000      3.64051      0.00000
     -2.71000      1.21262      0.00000
     -2.70000      0.18751      0.00000
     -2.69000      0.03421      0.00000
     -2.68000      0.27222      0.00000
     -2.67000      1.33933      0.00000
     -2.66000      3.10927      0.00000
     -2.65000      4.88336      0.00000
     -2.64000      6.87506      0.00000
     -2.63000      8.08696      0.00000
     -2.62000      9.14342      0.00000
     -2.61000     10.10627      0.00000
     -2.60000      8.43210      0.00000
     -2.59000      5.72508      0.00000
     -2.58000      3.73899      0.00000
     -2.57000      2.21581      0.00000
     -2.56000      1.89673      0.00000
     -2.55000      1.77865      0.00000
     -2.54000      1.28423      0.00000
     -2.53000      1.69621      0.00000
     -2.52000      2.49990      0.00000
     -2.51000      3.09785      0.00000
     -2.50000      3.93295      0.00000
     -2.49000      4.45066      0.00000
     -2.48000      3.88042      0.00000
     -2.47000      2.52143      0.00000
     -2.46000      2.72769      0.00000
     -2.45000      3.85442      0.00000
     -2.44000      4.38198      0.00000
     -2.43000      4.03088      0.00000
     -2.42000      2.66537      0.00000
     -2.41000      1.67343      0.00000
     -2.40000      0.69409      0.00000
     -2.39000      0.32629      0.00000
     -2.38000      0.84018      0.00000
     -2.37000      1.66655      0.00000
     -2.36000      1.95166      0.00000
     -2.35000      1.47848      0.00000
     -2.34000      0.87419      0.00000
     -2.33000      0.31556      0.00000
     -2.32000      0.10133      0.00000
     -2.31000      0.45138      0.00000
     -2.30000      1.52230      0.00000
     -2.29000      2.09880      0.00000
     -2.28000      1.16421      0.00000
     -2.27000      0.35061      0.00000
     -2.26000      0.70360      0.00000
     -2.25000      1.99359      0.00000
     -2.24000      3.09080      0.00000
     -2.23000      3.01543      0.00000
     -2.22000      1.70446      0.00000
     -2.21000      0.64633      0.00000
     -2.20000      1.40543      0.00000
     -2.19000      4.63298      0.00000
     -2.18000      7.75594      0.00000
     -2.17000      7.22396      0.00000
     -2.16000      6.32517      0.00000
     -2.15000      7.62602      0.00000
     -2.14000      7.41407      0.00000
     -2.13000      5.13255      0.00000
     -2.12000      4.79595      0.00000
     -2.11000      5.18818      0.00000
     -2.10000      2.81598      0.00000
     -2.09000      0.61342      0.00000
     -2.08000      0.05275      0.00000
     -2.07000      0.03260      0.00000
     -2.06000      0.30299      0.00000
     -2.05000      1.09920      0.00000
     -2.04000      1.61546      0.00000
     -2.03000      1.93127      0.00000
     -2.02000      3.74257      0.00000
     -2.01000      4.70351      0.00000
     -2.00000      3.14438      0.00000
     -1.99000      2.08396      0.00000
     -1.98000      2.16927      0.00000
     -1.97000      2.90041      0.00000
     -1.96000      2.75472      0.00000
     -1.95000      1.11539      0.00000
     -1.94000      0.17230      0.00000
     -1.93000      0.01000      0.00000
     -1.92000      0.00028      0.00000
     -1.91000      0.00354      0.00000
     -1.90000      0.06922      0.00000
     -1.89000      0.49914      0.00000
     -1.88000      1.34543      0.00000
     -1.87000      1.62157      0.00000
     -1.86000      2.15122      0.00000
     -1.85000      3.53487      0.00000
     -1.84000      3.93193      0.00000
     -1.83000      4.07934      0.00000
     -1.82000      3.36054      0.00000
     -1.81000      1.37865      0.00000
     -1.80000      0.23139      0.00000
     -1.79000      0.01494      0.00000
     -1.78000      0.00036      0.00000
     -1.77000      0.00000      0.00000
     -1.76000      0.00000      0.00000
     -1.75000      0.00000      0.00000
     -1.74000      0.00011      0.00000
     -1.73000      0.00568      0.00000
     -1.72000      0.11011      0.00000
     -1.71000      0.82977      0.00000
     -1.70000      2.56969      0.00000
     -1.69000      3.82031      0.00000
     -1.68000      3.98879      0.00000
     -1.67000      3.64101      0.00000
     -1.66000      3.04832      0.00000
     -1.65000      4.27087      0.00000
     -1.64000      5.38889      0.00000
     -1.63000      6.92840      0.00000
     -1.62000     10.24171      0.00000
     -1.61000     10.40140      0.00000
     -1.60000      6.83415      0.00000
     -1.59000      6.05190      0.00000
     -1.58000      7.35727      0.00000
     -1.57000      6.76443      0.00000
     -1.56000      4.46650      0.00000
     -1.55000      1.79952      0.00000
     -1.54000      0.34266      0.00000
     -1.53000      0.02656      0.00000
     -1.52000      0.00121      0.00000
     -1.51000      0.01503      0.00000
     -1.50000      0.20250      0.00000
     -1.49000      1.09731      0.00000
     -1.48000      2.67730      0.00000
     -1.47000      3.46279      0.00000
     -1.46000      2.55531      0.00000
     -1.45000      1.12789      0.00000
     -1.44000      1.23386      0.00000
     -1.43000      2.83699      0.00000
     -1.42000      3.63165      0.00000
     -1.41000      2.44765      0.00000
     -1.40000      0.81029      0.00000
     -1.39000      0.11644      0.00000
     -1.38000      0.00668      0.00000
     -1.37000      0.00227      0.00000
     -1.36000      0.05827      0.00000
     -1.35000      0.61150      0.00000
     -1.34000      2.53694      0.00000
     -1.33000      4.51271      0.00000
     -1.32000      4.33520      0.00000
     -1.31000      3.02916      0.00000
     -1.30000      1.31056      0.00000
     -1.29000      0.25565      0.00000
     -1.28000      0.10413      0.00000
     -1.27000      0.62843      0.00000
     -1.26000      1.94103      0.00000
     -1.25000      2.99086      0.00000
     -1.24000      2.90307      0.00000
     -1.23000      1.98345      0.00000
     -1.22000      1.46976      0.00000
     -1.21000      2.13069      0.00000
     -1.20000      1.83755      0.00000
     -1.19000      0.61336      0.00000
     -1.18000      0.10404      0.00000
     -1.17000      0.36347      0.00000
     -1.16000      1.84686      0.00000
     -1.15000      3.89783      0.00000
     -1.14000      3.54295      0.00000
     -1.13000      2.02297      0.00000
     -1.12000      3.05207      0.00000
     -1.11000      5.15265      0.00000
     -1.10000      4.63203      0.00000
     -1.09000      2.41824      0.00000
     -1.08000      0.71857      0.00000
     -1.07000      0.09930      0.00000
     -1.06000      0.00550      0.00000
     -1.05000      0.00011      0.00000
     -1.04000      0.00011      0.00000
     -1.03000      0.00533      0.00000
     -1.02000      0.10458      0.00000
     -1.01000      0.84796      0.00000
     -1.00000      3.07280      0.00000
     -0.99000      5.43435      0.00000
     -0.98000      4.81533      0.00000
     -0.97000      2.00266      0.00000
     -0.96000      0.35817      0.00000
     -0.95000      0.05739      0.00000
     -0.94000      0.39474      0.00000
     -0.93000      1.92949      0.00000
     -0.92000      4.43342      0.00000
     -0.91000      7.18834      0.00000
     -0.90000      9.99147      0.00000
     -0.89000      9.21193      0.00000
     -0.88000      4.54598      0.00000
     -0.87000      1.06062      0.00000
     -0.86000      0.26037      0.00000
     -0.85000      1.17104      0.00000
     -0.84000      3.69800      0.00000
     -0.83000      6.07022      0.00000
     -0.82000      6.22095      0.00000
     -0.81000      3.69229      0.00000
     -0.80000      1.06772      0.00000
     -0.79000      0.13530      0.00000
     -0.78000      0.00707      0.00000
     -0.77000      0.00213      0.00000
     -0.76000      0.05729      0.00000
     -0.75000      0.62129      0.00000
     -0.74000      2.58503      0.00000
     -0.73000      4.22717      0.00000
     -0.72000      2.79720      0.00000
     -0.71000      0.95584      0.00000
     -0.70000      1.37413      0.00000
     -0.69000      3.34654      0.00000
     -0.68000      3.87004      0.00000
     -0.67000      2.80766      0.00000
     -0.66000      4.21308      0.00000
     -0.65000      7.12648      0.00000
     -0.64000      6.30159      0.00000
     -0.63000      4.38415      0.00000
     -0.62000      4.52378      0.00000
     -0.61000      4.00412      0.00000
     -0.60000      1.89717      0.00000
     -0.59000      0.41983      0.00000
     -0.58000      0.03963      0.00000
     -0.57000      0.00149      0.00000
     -0.56000      0.00007      0.00000
     -0.55000      0.00342      0.00000
     -0.54000      0.08216      0.00000
     -0.53000      0.73565      0.00000
     -0.52000      2.53543      0.00000
     -0.51000      3.79840      0.00000
     -0.50000      3.75314      0.00000
     -0.49000      4.44846      0.00000
     -0.48000      4.37855      0.00000
     -0.47000      2.06052      0.00000
     -0.46000      0.39569      0.00000
     -0.45000      0.03176      0.00000
     -0.44000      0.04786      0.00000
     -0.43000      0.44586      0.00000
     -0.42000      1.59569      0.00000
     -0.41000      2.15172      0.00000
     -0.40000      1.09090      0.00000
     -0.39000      0.20737      0.00000
     -0.38000      0.01473      0.00000
     -0.37000      0.00039      0.00000
     -0.36000      0.00000      0.00000
     -0.35000      0.00000      0.00000
     -0.34000      0.00000      0.00000
     -0.33000      0.00004      0.00000
     -0.32000      0.00295      0.00000
     -0.31000      0.07812      0.00000
     -0.30000      0.78440      0.00000
     -0.29000      3.03674      0.00000
     -0.28000      5.05597      0.00000
     -0.27000      6.02473      0.00000
     -0.26000      7.72999      0.00000
     -0.25000      6.53514      0.00000
     -0.24000      3.14093      0.00000
     -0.23000      0.94493      0.00000
     -0.22000      0.82942      0.00000
     -0.21000      1.93101      0.00000
     -0.20000      2.28275      0.00000
     -0.19000      2.69583      0.00000
     -0.18000      4.27386      0.00000
     -0.17000      3.43171      0.00000
     -0.16000      1.08359      0.00000
     -0.15000      0.13163      0.00000
     -0.14000      0.00612      0.00000
     -0.13000      0.00024      0.00000
     -0.12000      0.00602      0.00000
     -0.11000      0.10563      0.00000
     -0.10000      0.71806      0.00000
     -0.09000      1.89978      0.00000
     -0.08000      2.01211      0.00000
     -0.07000      1.52762      0.00000
     -0.06000      3.94886      0.00000
     -0.05000      9.77700      0.00000
     -0.04000     13.30117      0.00000
     -0.03000     10.56559      0.00000
     -0.02000      6.55293      0.00000
     -0.01000      3.66590      0.00000
      0.00000      1.26648      0.00000
      0.01000      0.19863      0.00000
      0.02000      0.06989      0.00000
      0.03000      0.48431      0.00000
      0.04000      1.71925      0.00000
      0.05000      3.14991      0.00000
      0.06000      3.37926      0.00000
      0.07000      2.04150      0.00000
      0.08000      1.69223      0.00000
      0.09000      3.33132      0.00000
      0.10000      3.77980      0.00000
      0.11000      2.02694      0.00000
      0.12000      0.50204      0.00000
      0.13000      0.05308      0.00000
      0.14000      0.00222      0.00000
      0.15000      0.00003      0.00000
      0.16000      0.00007      0.00000
      0.17000      0.00450      0.00000
      0.18000      0.10171      0.00000
      0.19000      0.87824      0.00000
      0.20000      2.97613      0.00000
      0.21000      4.10675      0.00000
      0.22000      2.38914      0.00000
      0.23000      0.59139      0.00000
      0.24000      0.06415      0.00000
      0.25000      0.05768      0.00000
      0.26000      0.33076      0.00000
      0.27000      0.79237      0.00000
      0.28000      1.11914      0.00000
      0.29000      1.52838      0.00000
      0.30000      1.25784      0.00000
      0.31000      0.44633      0.00000
      0.32000      0.50451      0.00000
      0.33000      2.70341      0.00000
      0.34000      6.75370      0.00000
      0.35000      7.83198      0.00000
      0.36000      5.74170      0.00000
      0.37000      4.43470      0.00000
      0.38000      3.29331      0.00000
      0.39000      1.71819      0.00000
      0.40000      1.07937      0.00000
      0.41000      1.93308      0.00000
      0.42000      2.00396      0.00000
      0.43000      0.79033      0.00000
      0.44000      0.11620      0.00000
      0.45000      0.00637      0.00000
      0.46000      0.00013      0.00000
      0.47000      0.00105      0.00000
      0.48000      0.04237      0.00000
      0.49000      0.64675      0.00000
      0.50000      3.81680      0.00000
      0.51000      9.05601      0.00000
      0.52000      9.44937      0.00000
      0.53000      5.62761      0.00000
      0.54000      3.92695      0.00000
      0.55000      5.15821      0.00000
      0.56000      7.16316      0.00000
      0.57000      7.69403      0.00000
      0.58000      5.74845      0.00000
      0.59000      2.33638      0.00000
      0.60000      0.41428      0.00000
      0.61000      0.02889      0.00000
      0.62000      0.00076      0.00000
      0.63000      0.00000      0.00000
      0.64000      0.00000      0.00000
      0.65000      0.00000      0.00000
      0.66000      0.00000      0.00000
      0.67000      0.00000      0.00000
      0.68000      0.00000      0.00000
      0.69000      0.00018      0.00000
      0.70000      0.00868      0.00000
      0.71000      0.16160      0.00000
      0.72000      1.17580      0.00000
      0.73000      3.41259      0.00000
      0.74000      4.01836      0.00000
      0.75000      1.94215      0.00000
      0.76000      0.50619      0.00000
      0.77000      0.56275      0.00000
      0.78000      0.99089      0.00000
      0.79000      1.40452      0.00000
      0.80000      1.60387      0.00000
      0.81000      1.16663      0.00000
      0.82000      1.18176      0.00000
      0.83000      1.65421      0.00000
      0.84000      1.59094      0.00000
      0.85000      0.70924      0.00000
      0.86000      0.12364      0.00000
      0.87000      0.01033      0.00000
      0.88000      0.06265      0.00000
      0.89000      0.66887      0.00000
      0.90000      2.95784      0.00000
      0.91000      5.90244      0.00000
      0.92000      6.29972      0.00000
      0.93000      4.94310      0.00000
      0.94000      4.99685      0.00000
      0.95000      6.30706      0.00000
      0.96000      4.76883      0.00000
      0.97000      1.69344      0.00000
      0.98000      0.29630      0.00000
      0.99000      0.40585      0.00000
      1.00000      2.09507      0.00000
      1.01000      4.62619      0.00000
      1.02000      4.70942      0.00000
      1.03000      2.98017      0.00000
      1.04000      1.42387      0.00000
      1.05000      0.37354      0.00000
      1.06000      0.04048      0.00000
      1.07000      0.00165      0.00000
      1.08000      0.00003      0.00000
      1.09000      0.00000      0.00000
      1.10000      0.00001      0.00000
      1.11000      0.00158      0.00000
      1.12000      0.05225      0.00000
      1.13000      0.68424      0.00000
      1.14000      3.61781      0.00000
      1.15000      7.84799      0.00000
      1.16000      7.03022      0.00000
      1.17000      2.59037      0.00000
      1.18000      0.52732      0.00000
      1.19000      1.13669      0.00000
      1.20000      3.40017      0.00000
      1.21000      4.11098      0.00000
      1.22000      1.95040      0.00000
      1.23000      0.35764      0.00000
      1.24000      0.02500      0.00000
      1.25000      0.00294      0.00000
      1.26000      0.06597      0.00000
      1.27000      0.71217      0.00000
      1.28000      2.87861      0.00000
      1.29000      4.37261      0.00000
      1.30000      2.55703      0.00000
      1.31000      0.99100      0.00000
      1.32000      1.32174      0.00000
      1.33000      1.33181      0.00000
      1.34000      0.55387      0.00000
      1.35000      0.50060      0.00000
      1.36000      1.63229      0.00000
      1.37000      2.67719      0.00000
      1.38000      2.18810      0.00000
      1.39000      1.98719      0.00000
      1.40000      3.42218      0.00000
      1.41000      3.76453      0.00000
      1.42000      1.91878      0.00000
      1.43000      0.41755      0.00000
      1.44000      0.03804      0.00000
      1.45000      0.03906      0.00000
      1.46000      0.38002      0.00000
      1.47000      1.59511      0.00000
      1.48000      3.39210      0.00000
      1.49000      5.08010      0.00000
      1.50000      6.02064      0.00000
      1.51000      4.60360      0.00000
      1.52000      3.34119      0.00000
      1.53000      4.17300      0.00000
      1.54000      3.95157      0.00000
      1.55000      3.89986      0.00000
      1.56000      4.61259      0.00000
      1.57000      2.75384      0.00000
      1.58000      1.14481      0.00000
      1.59000      2.51900      0.00000
      1.60000      5.82329      0.00000
      1.61000      7.49944      0.00000
      1.62000      4.94855      0.00000
      1.63000      3.47217      0.00000
      1.64000      5.60792      0.00000
      1.65000      5.89008      0.00000
      1.66000      4.97474      0.00000
      1.67000      4.91213      0.00000
      1.68000      5.16328      0.00000
      1.69000      6.17808      0.00000
      1.70000      6.62735      0.00000
      1.71000      6.55232      0.00000
      1.72000      6.51149      0.00000
      1.73000      4.46907      0.00000
      1.74000      1.44167      0.00000
      1.75000      0.18953      0.00000
      1.76000      0.00969      0.00000
      1.77000      0.00019      0.00000
      1.78000      0.00000      0.00000
      1.79000      0.00000      0.00000
      1.80000      0.00002      0.00000
      1.81000      0.00155      0.00000
      1.82000      0.03647      0.00000
      1.83000      0.34193      0.00000
      1.84000      1.31573      0.00000
      1.85000      2.10541      0.00000
      1.86000      1.46976      0.00000
      1.87000      1.03983      0.00000
      1.88000      1.92911      0.00000
      1.89000      2.86083      0.00000
      1.90000      4.90158      0.00000
      1.91000      7.17114      0.00000
      1.92000      4.91853      0.00000
      1.93000      1.51547      0.00000
      1.94000      0.87660      0.00000
      1.95000      1.45562      0.00000
      1.96000      1.07179      0.00000
      1.97000      0.29164      0.00000
      1.98000      0.02942      0.00000
      1.99000      0.01318      0.00000
      2.00000      0.24779      0.00000
      2.01000      2.03771      0.00000
      2.02000      6.90977      0.00000
      2.03000      9.79249      0.00000
      2.04000      5.98881      0.00000
      2.05000      2.07440      0.00000
      2.06000      1.25155      0.00000
      2.07000      3.09239      0.00000
      2.08000      6.65513      0.00000
      2.09000      7.99566      0.00000
      2.10000      5.77931      0.00000
      2.11000      6.34008      0.00000
      2.12000      8.86886      0.00000
      2.13000      5.56667      0.00000
      2.14000      1.33531      0.00000
      2.15000      0.12166      0.00000
      2.16000      0.01106      0.00000
      2.17000      0.14319      0.00000
      2.18000      1.14174      0.00000
      2.19000      3.49583      0.00000
      2.20000      4.11719      0.00000
      2.21000      1.86240      0.00000
      2.22000      0.32216      0.00000
      2.23000      0.02361      0.00000
      2.24000      0.05674      0.00000
      2.25000      0.48781      0.00000
      2.26000      1.62329      0.00000
      2.27000      2.18168      0.00000
      2.28000      1.94474      0.00000
      2.29000      3.41389      0.00000
      2.30000      4.35971      0.00000
      2.31000      2.40146      0.00000
      2.32000      1.63922      0.00000
      2.33000      2.98726      0.00000
      2.34000      3.66677      0.00000
      2.35000      3.49679      0.00000
      2.36000      4.41852      0.00000
      2.37000      4.28821      0.00000
      2.38000      2.43846      0.00000
      2.39000      3.12507      0.00000
      2.40000      4.39081      0.00000
      2.41000      2.98268      0.00000
      2.42000      3.03716      0.00000
      2.43000      6.09247      0.00000
      2.44000      7.37897      0.00000
      2.45000      4.43935      0.00000
      2.46000      1.21883      0.00000
      2.47000      0.14332      0.00000
      2.48000      0.00690      0.00000
      2.49000      0.00012      0.00000
      2.50000      0.00000      0.00000
      2.51000      0.00000      0.00000
      2.52000      0.00000      0.00000
      2.53000      0.00000      0.00000
      2.54000      0.00000      0.00000
      2.55000      0.00000      0.00000
      2.56000      0.00000      0.00000
      2.57000      0.00000      0.00000
      2.58000      0.00002      0.00000
      2.59000      0.00164      0.00000
      2.60000      0.05162      0.00000
      2.61000      0.60576      0.00000
      2.62000      2.65960      0.00000
      2.63000      4.38218      0.00000
      2.64000      2.71946      0.00000
      2.65000      0.70102      0.00000
      2.66000      0.75175      0.00000
      2.67000      2.79696      0.00000
      2.68000      4.31207      0.00000
      2.69000      2.58058      0.00000
      2.70000      0.60652      0.00000
      2.71000      0.14133      0.00000
      2.72000      0.82378      0.00000
      2.73000      3.40501      0.00000
      2.74000      6.17040      0.00000
      2.75000      4.96713      0.00000
      2.76000      3.31510      0.00000
      2.77000      4.38362      0.00000
      2.78000      3.46944      0.00000
      2.79000      1.23500      0.00000
      2.80000      1.03629      0.00000
      2.81000      1.81627      0.00000
      2.82000      1.64669      0.00000
      2.83000      0.77789      0.00000
      2.84000      0.19934      0.00000
      2.85000      0.26700      0.00000
      2.86000      1.21774      0.00000
      2.87000      2.19943      0.00000
      2.88000      1.47326      0.00000
      2.89000      0.42414      0.00000
      2.90000      0.73995      0.00000
      2.91000      3.29829      0.00000
      2.92000      6.85727      0.00000
      2.93000      7.89114      0.00000
      2.94000      5.93694      0.00000
      2.95000      3.66533      0.00000
      2.96000      3.43690      0.00000
      2.97000      3.83200      0.00000
      2.98000      2.45808      0.00000
      2.99000      0.67488      0.00000
      3.00000      0.13875      0.00000
      3.01000      0.73938      0.00000
      3.02000      3.58033      0.00000
      3.03000      7.75799      0.00000
      3.04000      7.10031      0.00000
      3.05000      2.59258      0.00000
      3.06000      0.36430      0.00000
      3.07000      0.01934      0.00000
      3.08000      0.00038      0.00000
      3.09000      0.00030      0.00000
      3.10000      0.01425      0.00000
      3.11000      0.25175      0.00000
      3.12000      1.65688      0.00000
      3.13000      4.10706      0.00000
      3.14000      4.29344      0.00000
      3.15000      3.80356      0.00000
      3.16000      4.42379      0.00000
      3.17000      2.83770      0.00000
      3.18000      0.75078      0.00000
      3.19000      0.07935      0.00000
      3.20000      0.00330      0.00000
      3.21000      0.00005      0.00000
      3.22000      0.00000      0.00000
      3.23000      0.00000      0.00000
      3.24000      0.00000      0.00000
      3.25000      0.00000      0.00000
      3.26000      0.00000      0.00000
      3.27000      0.00000      0.00000
      3.28000      0.00045      0.00000
      3.29000      0.02057      0.00000
