Energy-E_F (eV)    DOS (1/eV)    PDOS (1/eV)  of atom type Bi 
     -4.69432      0.00000      0.00000
     -4.68432      0.00000      0.00000
     -4.67432      0.00000      0.00000
     -4.66432      0.00000      0.00000
     -4.65432      0.00000      0.00000
     -4.64432      0.00000      0.00000
     -4.63432      0.00000      0.00000
     -4.62432      0.00000      0.00000
     -4.61432      0.00000      0.00000
     -4.60432      0.00000      0.00000
     -4.59432      0.00000      0.00000
     -4.58432      0.00000      0.00000
     -4.57432      0.00000      0.00000
     -4.56432      0.00000      0.00000
     -4.55432      0.00000      0.00000
     -4.54432      0.00000      0.00000
     -4.53432      0.00000      0.00000
     -4.52432      0.00000      0.00000
     -4.51432      0.00000      0.00000
     -4.50432      0.00000      0.00000
     -4.49432      0.00000      0.00000
     -4.48432      0.00000      0.00000
     -4.47432      0.00000      0.00000
     -4.46432      0.00000      0.00000
     -4.45432      0.00000      0.00000
     -4.44432      0.00000      0.00000
     -4.43432      0.00000      0.00000
     -4.42432      0.00000      0.00000
     -4.41432      0.00000      0.00000
     -4.40432      0.00000      0.00000
     -4.39432      0.00000      0.00000
     -4.38432      0.00000      0.00000
     -4.37432      0.00000      0.00000
     -4.36432      0.00000      0.00000
     -4.35432      0.00000      0.00000
     -4.34432      0.00000      0.00000
     -4.33432      0.00000      0.00000
     -4.32432      0.00000      0.00000
     -4.31432      0.00000      0.00000
     -4.30432      0.00031      0.00000
     -4.29432      0.01109      0.00000
     -4.28432      0.14908      0.00000
     -4.27432      0.76963      0.00000
     -4.26432      1.67028      0.00000
     -4.25432      2.03674      0.00000
     -4.24432      2.49108      0.00000
     -4.23432      3.11229      0.00000
     -4.22432      2.71029      0.00000
     -4.21432      2.13596      0.00000
     -4.20432      1.46844      0.00000
     -4.19432      0.69845      0.00000
     -4.18432      0.84442      0.00000
     -4.17432      1.80337      0.00000
     -4.16432      2.83135      0.00000
     -4.15432      4.02831      0.00000
     -4.14432      4.48609      0.00000
     -4.13432      4.33235      0.00000
     -4.12432      3.48874      0.00000
     -4.11432      2.03719      0.00000
     -4.10432      2.67540      0.00000
     -4.09432      3.85754      0.00000
     -4.08432      2.77892      0.00000
     -4.07432      0.99857      0.00000
     -4.06432      0.35273      0.00000
     -4.05432      0.76691      0.00000
     -4.04432      1.71055      0.00000
     -4.03432      2.78565      0.00000
     -4.02432      3.98595      0.00000
     -4.01432      5.76177      0.00000
     -4.00432      6.13551      0.00000
     -3.99432      5.73683      0.00000
     -3.98432      6.50652      0.00000
     -3.97432      6.57389      0.00000
     -3.96432      5.61737      0.00000
     -3.95432      4.31767      0.00000
     -3.94432      3.64880      0.00000
     -3.93432      4.51947      0.00000
     -3.92432      5.27490      0.00000
     -3.91432      4.46905      0.00000
     -3.90432      3.55628      0.00000
     -3.89432      4.05600      0.00000
     -3.88432      5.33060      0.00000
     -3.87432      6.14536      0.00000
     -3.86432      5.27899      0.00000
     -3.85432      3.64352      0.00000
     -3.84432      3.37589      0.00000
     -3.83432      4.45454      0.00000
     -3.82432      5.37946      0.00000
     -3.81432      7.22026      0.00000
     -3.80432      7.74749      0.00000
     -3.79432      6.03972      0.00000
     -3.78432      6.85943      0.00000
     -3.77432      7.52679      0.00000
     -3.76432      5.93853      0.00000
     -3.75432      6.19516      0.00000
     -3.74432      5.48303      0.00000
     -3.73432      3.56693      0.00000
     -3.72432      4.37241      0.00000
     -3.71432      6.49005      0.00000
     -3.70432      7.34506      0.00000
     -3.69432      6.56866      0.00000
     -3.68432      6.41050      0.00000
     -3.67432      6.33751      0.00000
     -3.66432      6.87545      0.00000
     -3.65432      8.27938      0.00000
     -3.64432      7.69537      0.00000
     -3.63432      5.88328      0.00000
     -3.62432      3.23660      0.00000
     -3.61432      1.93388      0.00000
     -3.60432      3.42119      0.00000
     -3.59432      5.07753      0.00000
     -3.58432      5.79768      0.00000
     -3.57432      5.48595      0.00000
     -3.56432      5.29660      0.00000
     -3.55432      6.26408      0.00000
     -3.54432      8.29026      0.00000
     -3.53432      9.97978      0.00000
     -3.52432      8.33277      0.00000
     -3.51432      5.00125      0.00000
     -3.50432      3.49282      0.00000
     -3.49432      3.43251      0.00000
     -3.48432      4.30531      0.00000
     -3.47432      3.82020      0.00000
     -3.46432      3.36174      0.00000
     -3.45432      6.13086      0.00000
     -3.44432      9.00981      0.00000
     -3.43432      6.88611      0.00000
     -3.42432      2.82553      0.00000
     -3.41432      1.83093      0.00000
     -3.40432      3.77472      0.00000
     -3.39432      4.77379      0.00000
     -3.38432      4.95787      0.00000
     -3.37432      7.25457      0.00000
     -3.36432     10.18700      0.00000
     -3.35432     11.48039      0.00000
     -3.34432      8.62173      0.00000
     -3.33432      5.89182      0.00000
     -3.32432      6.98452      0.00000
     -3.31432      9.08863      0.00000
     -3.30432      9.04891      0.00000
     -3.29432      8.82425      0.00000
     -3.28432      8.28873      0.00000
     -3.27432      7.22273      0.00000
     -3.26432      5.86877      0.00000
     -3.25432      4.62583      0.00000
     -3.24432      5.29372      0.00000
     -3.23432      7.40456      0.00000
     -3.22432      8.65992      0.00000
     -3.21432      6.78748      0.00000
     -3.20432      4.38385      0.00000
     -3.19432      4.29262      0.00000
     -3.18432      6.87040      0.00000
     -3.17432      9.24600      0.00000
     -3.16432     10.56653      0.00000
     -3.15432     11.35556      0.00000
     -3.14432      8.63771      0.00000
     -3.13432      6.77795      0.00000
     -3.12432      7.87175      0.00000
     -3.11432      7.32232      0.00000
     -3.10432      4.81696      0.00000
     -3.09432      4.74217      0.00000
     -3.08432      7.25037      0.00000
     -3.07432      7.86734      0.00000
     -3.06432      6.96675      0.00000
     -3.05432      7.78551      0.00000
     -3.04432      7.86572      0.00000
     -3.03432      6.12947      0.00000
     -3.02432      4.56362      0.00000
     -3.01432      4.07793      0.00000
     -3.00432      5.79234      0.00000
     -2.99432      9.41800      0.00000
     -2.98432      9.88496      0.00000
     -2.97432      7.62528      0.00000
     -2.96432      7.14562      0.00000
     -2.95432      6.72723      0.00000
     -2.94432      5.79110      0.00000
     -2.93432      6.74124      0.00000
     -2.92432     10.02351      0.00000
     -2.91432     13.37076      0.00000
     -2.90432     12.60188      0.00000
     -2.89432      9.10137      0.00000
     -2.88432      6.79232      0.00000
     -2.87432      6.53733      0.00000
     -2.86432      7.27361      0.00000
     -2.85432      8.01146      0.00000
     -2.84432      8.70420      0.00000
     -2.83432      8.52614      0.00000
     -2.82432      7.21307      0.00000
     -2.81432      8.28905      0.00000
     -2.80432      9.97980      0.00000
     -2.79432      9.48043      0.00000
     -2.78432      8.82872      0.00000
     -2.77432     10.37423      0.00000
     -2.76432     14.93778      0.00000
     -2.75432     19.16402      0.00000
     -2.74432     20.18794      0.00000
     -2.73432     20.41742      0.00000
     -2.72432     18.12795      0.00000
     -2.71432     13.85578      0.00000
     -2.70432     11.39460      0.00000
     -2.69432     12.58415      0.00000
     -2.68432     14.54634      0.00000
     -2.67432     14.78015      0.00000
     -2.66432     13.49734      0.00000
     -2.65432     11.13852      0.00000
     -2.64432     10.84188      0.00000
     -2.63432     12.34139      0.00000
     -2.62432     14.64502      0.00000
     -2.61432     15.49517      0.00000
     -2.60432     14.17612      0.00000
     -2.59432     13.59031      0.00000
     -2.58432     14.18786      0.00000
     -2.57432     14.41743      0.00000
     -2.56432     12.37735      0.00000
     -2.55432     12.51351      0.00000
     -2.54432     16.40875      0.00000
     -2.53432     15.04928      0.00000
     -2.52432      8.58634      0.00000
     -2.51432      5.94021      0.00000
     -2.50432      7.20122      0.00000
     -2.49432      8.53971      0.00000
     -2.48432      8.30222      0.00000
     -2.47432      7.78680      0.00000
     -2.46432      8.79006      0.00000
     -2.45432     10.67041      0.00000
     -2.44432     10.91288      0.00000
     -2.43432     10.93795      0.00000
     -2.42432     11.96584      0.00000
     -2.41432     11.09295      0.00000
     -2.40432      8.10575      0.00000
     -2.39432      5.83482      0.00000
     -2.38432      5.36713      0.00000
     -2.37432      6.08672      0.00000
     -2.36432      7.39324      0.00000
     -2.35432      6.55797      0.00000
     -2.34432      5.01639      0.00000
     -2.33432      6.95162      0.00000
     -2.32432     10.70522      0.00000
     -2.31432     12.01564      0.00000
     -2.30432     11.95861      0.00000
     -2.29432     12.01751      0.00000
     -2.28432      9.52000      0.00000
     -2.27432      7.53363      0.00000
     -2.26432      7.36064      0.00000
     -2.25432      6.49543      0.00000
     -2.24432      7.00103      0.00000
     -2.23432      9.37691      0.00000
     -2.22432     10.45696      0.00000
     -2.21432     10.89199      0.00000
     -2.20432     11.10589      0.00000
     -2.19432     10.43213      0.00000
     -2.18432     10.64765      0.00000
     -2.17432     10.99995      0.00000
     -2.16432     10.97822      0.00000
     -2.15432     10.30928      0.00000
     -2.14432      9.49475      0.00000
     -2.13432      8.23461      0.00000
     -2.12432      7.44865      0.00000
     -2.11432      9.35798      0.00000
     -2.10432     12.73234      0.00000
     -2.09432     12.54852      0.00000
     -2.08432      9.87968      0.00000
     -2.07432     10.23391      0.00000
     -2.06432     12.00075      0.00000
     -2.05432     13.81633      0.00000
     -2.04432     16.04023      0.00000
     -2.03432     15.75515      0.00000
     -2.02432     12.77213      0.00000
     -2.01432     10.18222      0.00000
     -2.00432      8.28546      0.00000
     -1.99432      5.88989      0.00000
     -1.98432      5.93361      0.00000
     -1.97432      9.11975      0.00000
     -1.96432     12.24152      0.00000
     -1.95432     12.01870      0.00000
     -1.94432     10.66845      0.00000
     -1.93432     12.68066      0.00000
     -1.92432     15.69297      0.00000
     -1.91432     14.25303      0.00000
     -1.90432      9.59819      0.00000
     -1.89432      7.03327      0.00000
     -1.88432     10.60369      0.00000
     -1.87432     14.68151      0.00000
     -1.86432     12.34960      0.00000
     -1.85432     10.95400      0.00000
     -1.84432     12.89974      0.00000
     -1.83432     14.06105      0.00000
     -1.82432     14.36459      0.00000
     -1.81432     12.98364      0.00000
     -1.80432     12.01920      0.00000
     -1.79432     13.86621      0.00000
     -1.78432     15.22606      0.00000
     -1.77432     14.59033      0.00000
     -1.76432     13.56108      0.00000
     -1.75432     11.14998      0.00000
     -1.74432      8.53154      0.00000
     -1.73432      7.25965      0.00000
     -1.72432      7.36138      0.00000
     -1.71432      8.68030      0.00000
     -1.70432     10.91040      0.00000
     -1.69432     11.20082      0.00000
     -1.68432     11.42705      0.00000
     -1.67432     13.09511      0.00000
     -1.66432     13.80096      0.00000
     -1.65432     11.98125      0.00000
     -1.64432      9.68610      0.00000
     -1.63432     10.66422      0.00000
     -1.62432     11.33515      0.00000
     -1.61432     10.70708      0.00000
     -1.60432      9.39042      0.00000
     -1.59432      7.58304      0.00000
     -1.58432      7.20033      0.00000
     -1.57432      7.36803      0.00000
     -1.56432      7.52984      0.00000
     -1.55432      9.08594      0.00000
     -1.54432      9.02133      0.00000
     -1.53432      8.38555      0.00000
     -1.52432      8.29070      0.00000
     -1.51432      9.00016      0.00000
     -1.50432     10.98609      0.00000
     -1.49432     10.20960      0.00000
     -1.48432      7.90532      0.00000
     -1.47432      7.25683      0.00000
     -1.46432      7.03492      0.00000
     -1.45432      6.81019      0.00000
     -1.44432      9.14388      0.00000
     -1.43432     11.74569      0.00000
     -1.42432     10.44423      0.00000
     -1.41432      6.60075      0.00000
     -1.40432      5.51338      0.00000
     -1.39432      8.07392      0.00000
     -1.38432      9.09508      0.00000
     -1.37432     10.14866      0.00000
     -1.36432     11.66939      0.00000
     -1.35432      9.37922      0.00000
     -1.34432      6.46556      0.00000
     -1.33432      5.12399      0.00000
     -1.32432      5.08838      0.00000
     -1.31432      7.16241      0.00000
     -1.30432      8.66148      0.00000
     -1.29432      8.35762      0.00000
     -1.28432      8.06573      0.00000
     -1.27432      9.55762      0.00000
     -1.26432     10.79531      0.00000
     -1.25432     10.00496      0.00000
     -1.24432      9.88020      0.00000
     -1.23432      9.29990      0.00000
     -1.22432      8.60537      0.00000
     -1.21432      9.13610      0.00000
     -1.20432     11.54809      0.00000
     -1.19432     14.42494      0.00000
     -1.18432     14.34818      0.00000
     -1.17432     11.18010      0.00000
     -1.16432      8.60253      0.00000
     -1.15432      7.26203      0.00000
     -1.14432      8.08875      0.00000
     -1.13432      9.86452      0.00000
     -1.12432     11.42698      0.00000
     -1.11432     13.96771      0.00000
     -1.10432     14.69925      0.00000
     -1.09432     12.28681      0.00000
     -1.08432      9.51649      0.00000
     -1.07432      7.72141      0.00000
     -1.06432      8.05235      0.00000
     -1.05432      9.06482      0.00000
     -1.04432      8.40527      0.00000
     -1.03432      7.87463      0.00000
     -1.02432      8.00367      0.00000
     -1.01432      9.05162      0.00000
     -1.00432     11.70627      0.00000
     -0.99432     14.34570      0.00000
     -0.98432     15.53161      0.00000
     -0.97432     14.13403      0.00000
     -0.96432     11.38318      0.00000
     -0.95432     10.54612      0.00000
     -0.94432     11.25711      0.00000
     -0.93432     11.61274      0.00000
     -0.92432     11.57918      0.00000
     -0.91432     10.29656      0.00000
     -0.90432      8.42100      0.00000
     -0.89432      7.55392      0.00000
     -0.88432      7.97887      0.00000
     -0.87432      8.26041      0.00000
     -0.86432      9.90183      0.00000
     -0.85432     13.86458      0.00000
     -0.84432     14.38144      0.00000
     -0.83432     11.39759      0.00000
     -0.82432      8.74384      0.00000
     -0.81432      8.05321      0.00000
     -0.80432      9.44437      0.00000
     -0.79432     12.69849      0.00000
     -0.78432     12.76313      0.00000
     -0.77432      8.95269      0.00000
     -0.76432      7.82515      0.00000
     -0.75432     10.17054      0.00000
     -0.74432     12.18673      0.00000
     -0.73432     13.41817      0.00000
     -0.72432     13.32716      0.00000
     -0.71432     10.97771      0.00000
     -0.70432      9.77232      0.00000
     -0.69432      8.96587      0.00000
     -0.68432      8.19336      0.00000
     -0.67432      8.34627      0.00000
     -0.66432      8.48898      0.00000
     -0.65432      8.94024      0.00000
     -0.64432     10.45709      0.00000
     -0.63432     13.08283      0.00000
     -0.62432     13.36711      0.00000
     -0.61432      9.15588      0.00000
     -0.60432      4.97765      0.00000
     -0.59432      3.73298      0.00000
     -0.58432      5.66614      0.00000
     -0.57432      9.07495      0.00000
     -0.56432     11.04539      0.00000
     -0.55432     10.70142      0.00000
     -0.54432     11.25811      0.00000
     -0.53432     12.00703      0.00000
     -0.52432      9.08932      0.00000
     -0.51432      7.26888      0.00000
     -0.50432      6.65857      0.00000
     -0.49432      5.24562      0.00000
     -0.48432      5.67433      0.00000
     -0.47432      8.13408      0.00000
     -0.46432      9.65048      0.00000
     -0.45432      8.39980      0.00000
     -0.44432      7.87616      0.00000
     -0.43432      8.84241      0.00000
     -0.42432      7.21011      0.00000
     -0.41432      4.01870      0.00000
     -0.40432      3.85002      0.00000
     -0.39432      7.97991      0.00000
     -0.38432     12.00067      0.00000
     -0.37432     11.46091      0.00000
     -0.36432     10.17157      0.00000
     -0.35432      9.09960      0.00000
     -0.34432      8.10979      0.00000
     -0.33432      8.08114      0.00000
     -0.32432      7.82454      0.00000
     -0.31432      7.45166      0.00000
     -0.30432      6.44426      0.00000
     -0.29432      5.17635      0.00000
     -0.28432      4.64021      0.00000
     -0.27432      4.28389      0.00000
     -0.26432      4.39514      0.00000
     -0.25432      5.79216      0.00000
     -0.24432      7.60467      0.00000
     -0.23432      8.33411      0.00000
     -0.22432      8.77765      0.00000
     -0.21432      8.80095      0.00000
     -0.20432      8.81512      0.00000
     -0.19432      7.78548      0.00000
     -0.18432      6.45035      0.00000
     -0.17432      7.47342      0.00000
     -0.16432      8.45827      0.00000
     -0.15432      8.45236      0.00000
     -0.14432      9.03507      0.00000
     -0.13432      7.27791      0.00000
     -0.12432      4.44189      0.00000
     -0.11432      3.17555      0.00000
     -0.10432      4.01499      0.00000
     -0.09432      6.48370      0.00000
     -0.08432      7.58756      0.00000
     -0.07432      6.80261      0.00000
     -0.06432      5.28630      0.00000
     -0.05432      4.30024      0.00000
     -0.04432      4.54141      0.00000
     -0.03432      4.62692      0.00000
     -0.02432      3.56706      0.00000
     -0.01432      2.41191      0.00000
     -0.00432      1.44074      0.00000
      0.00568      0.68909      0.00000
      0.01568      0.19364      0.00000
      0.02568      0.02335      0.00000
      0.03568      0.00107      0.00000
      0.04568      0.00002      0.00000
      0.05568      0.00000      0.00000
      0.06568      0.00000      0.00000
      0.07568      0.00000      0.00000
      0.08568      0.00000      0.00000
      0.09568      0.00000      0.00000
      0.10568      0.00000      0.00000
      0.11568      0.00000      0.00000
      0.12568      0.00000      0.00000
      0.13568      0.00009      0.00000
      0.14568      0.00363      0.00000
      0.15568      0.05441      0.00000
      0.16568      0.30036      0.00000
      0.17568      0.60996      0.00000
      0.18568      0.45568      0.00000
      0.19568      0.12524      0.00000
      0.20568      0.01266      0.00000
      0.21568      0.00066      0.00000
      0.22568      0.00750      0.00000
      0.23568      0.11047      0.00000
      0.24568      0.60871      0.00000
      0.25568      1.30536      0.00000
      0.26568      1.30188      0.00000
      0.27568      0.87747      0.00000
      0.28568      0.41849      0.00000
      0.29568      0.28295      0.00000
      0.30568      0.58285      0.00000
      0.31568      0.77556      0.00000
      0.32568      0.96990      0.00000
      0.33568      1.15796      0.00000
      0.34568      0.75118      0.00000
      0.35568      0.31820      0.00000
      0.36568      0.54571      0.00000
      0.37568      1.25253      0.00000
      0.38568      2.19487      0.00000
      0.39568      3.14159      0.00000
      0.40568      2.97753      0.00000
      0.41568      1.74446      0.00000
      0.42568      0.84998      0.00000
      0.43568      1.33817      0.00000
      0.44568      2.42168      0.00000
      0.45568      2.57344      0.00000
      0.46568      2.33285      0.00000
      0.47568      2.72239      0.00000
      0.48568      4.18961      0.00000
      0.49568      5.97304      0.00000
      0.50568      5.89812      0.00000
      0.51568      6.28889      0.00000
      0.52568      8.02953      0.00000
      0.53568      7.92994      0.00000
      0.54568      6.73583      0.00000
      0.55568      5.95327      0.00000
      0.56568      4.98481      0.00000
      0.57568      2.92974      0.00000
      0.58568      2.27981      0.00000
      0.59568      3.93969      0.00000
      0.60568      7.05991      0.00000
      0.61568      9.28158      0.00000
      0.62568     10.16309      0.00000
      0.63568      9.51772      0.00000
      0.64568      7.33539      0.00000
      0.65568      5.93494      0.00000
      0.66568      5.70733      0.00000
      0.67568      6.15511      0.00000
      0.68568      8.15675      0.00000
      0.69568      9.95038      0.00000
      0.70568     11.86041      0.00000
      0.71568     13.02019      0.00000
      0.72568     10.27493      0.00000
      0.73568      7.91917      0.00000
      0.74568      8.23001      0.00000
      0.75568     10.79179      0.00000
      0.76568     12.55256      0.00000
      0.77568     14.50812      0.00000
      0.78568     20.53008      0.00000
      0.79568     22.73164      0.00000
      0.80568     16.84563      0.00000
      0.81568      9.26061      0.00000
      0.82568      5.96646      0.00000
      0.83568      7.42883      0.00000
      0.84568      9.12792      0.00000
      0.85568      7.73314      0.00000
      0.86568      6.12947      0.00000
      0.87568      6.99569      0.00000
      0.88568      9.44227      0.00000
      0.89568     14.12718      0.00000
      0.90568     18.38161      0.00000
      0.91568     15.90402      0.00000
      0.92568     10.42724      0.00000
      0.93568      8.83554      0.00000
      0.94568     11.82753      0.00000
      0.95568     12.09179      0.00000
      0.96568      7.41009      0.00000
      0.97568      4.41747      0.00000
      0.98568      5.37422      0.00000
      0.99568      7.11763      0.00000
      1.00568      6.02765      0.00000
      1.01568      5.42941      0.00000
      1.02568      8.19807      0.00000
      1.03568     11.59190      0.00000
      1.04568     13.48583      0.00000
      1.05568     12.37332      0.00000
      1.06568     10.55126      0.00000
      1.07568      9.65896      0.00000
      1.08568      8.89109      0.00000
      1.09568      7.89396      0.00000
      1.10568      6.94975      0.00000
      1.11568      6.34581      0.00000
      1.12568      6.16654      0.00000
      1.13568      5.58367      0.00000
      1.14568      5.00167      0.00000
      1.15568      5.14033      0.00000
      1.16568      5.13983      0.00000
      1.17568      5.04639      0.00000
      1.18568      5.60957      0.00000
      1.19568      7.09172      0.00000
      1.20568      7.10786      0.00000
      1.21568      4.95691      0.00000
      1.22568      3.29058      0.00000
      1.23568      3.99481      0.00000
      1.24568      4.99082      0.00000
      1.25568      4.57229      0.00000
      1.26568      4.81530      0.00000
      1.27568      6.69665      0.00000
      1.28568      8.32460      0.00000
      1.29568      7.78516      0.00000
      1.30568      7.25011      0.00000
      1.31568      9.97939      0.00000
      1.32568     11.91722      0.00000
      1.33568      9.91985      0.00000
      1.34568      9.02816      0.00000
      1.35568      9.66836      0.00000
      1.36568      8.55854      0.00000
      1.37568      6.30850      0.00000
      1.38568      4.49784      0.00000
      1.39568      4.62388      0.00000
      1.40568      6.69172      0.00000
      1.41568      7.04934      0.00000
      1.42568      4.40887      0.00000
      1.43568      3.47211      0.00000
      1.44568      5.22918      0.00000
      1.45568      5.99504      0.00000
      1.46568      5.13135      0.00000
      1.47568      6.32317      0.00000
      1.48568      9.00021      0.00000
      1.49568      9.27593      0.00000
      1.50568      6.92054      0.00000
      1.51568      4.07193      0.00000
      1.52568      3.92848      0.00000
      1.53568      6.54533      0.00000
      1.54568      9.76341      0.00000
      1.55568     11.44320      0.00000
      1.56568     10.25936      0.00000
      1.57568      6.58131      0.00000
      1.58568      4.67346      0.00000
      1.59568      6.76876      0.00000
      1.60568      9.67044      0.00000
      1.61568      9.96893      0.00000
      1.62568      8.91951      0.00000
      1.63568      7.07513      0.00000
      1.64568      4.24363      0.00000
      1.65568      2.93693      0.00000
      1.66568      5.24700      0.00000
      1.67568      8.00022      0.00000
      1.68568      8.32660      0.00000
      1.69568      8.18921      0.00000
      1.70568      8.23976      0.00000
      1.71568      8.40144      0.00000
      1.72568      6.82538      0.00000
      1.73568      4.74090      0.00000
      1.74568      4.60134      0.00000
      1.75568      6.61084      0.00000
      1.76568      9.11655      0.00000
      1.77568      9.98700      0.00000
      1.78568      9.10331      0.00000
      1.79568      9.24550      0.00000
      1.80568     10.69979      0.00000
      1.81568      9.74888      0.00000
      1.82568      9.07452      0.00000
      1.83568     12.24824      0.00000
      1.84568     14.94529      0.00000
      1.85568     12.19754      0.00000
      1.86568      8.54416      0.00000
      1.87568      7.12495      0.00000
      1.88568      5.71324      0.00000
      1.89568      6.18034      0.00000
      1.90568     10.15640      0.00000
      1.91568     13.47329      0.00000
      1.92568     14.76005      0.00000
      1.93568     13.95437      0.00000
      1.94568     11.57226      0.00000
      1.95568      7.38450      0.00000
      1.96568      4.10385      0.00000
      1.97568      3.29695      0.00000
      1.98568      3.62200      0.00000
      1.99568      4.41067      0.00000
      2.00568      7.89837      0.00000
      2.01568     11.96520      0.00000
      2.02568     13.05100      0.00000
      2.03568     13.95576      0.00000
      2.04568     15.79923      0.00000
      2.05568     15.78459      0.00000
      2.06568     13.78988      0.00000
      2.07568     12.63579      0.00000
      2.08568     12.34374      0.00000
      2.09568     10.55522      0.00000
      2.10568      8.24213      0.00000
      2.11568      7.74924      0.00000
      2.12568      8.72594      0.00000
      2.13568      9.87099      0.00000
      2.14568     13.67403      0.00000
      2.15568     17.09677      0.00000
      2.16568     15.07101      0.00000
      2.17568     11.75758      0.00000
      2.18568      9.94056      0.00000
      2.19568      8.84586      0.00000
      2.20568      8.79063      0.00000
      2.21568      9.03612      0.00000
      2.22568      9.88547      0.00000
      2.23568     10.26779      0.00000
      2.24568      8.10606      0.00000
      2.25568      7.00707      0.00000
      2.26568      8.48479      0.00000
      2.27568      9.62991      0.00000
      2.28568      7.34512      0.00000
      2.29568      4.09486      0.00000
      2.30568      3.50053      0.00000
      2.31568      4.67902      0.00000
      2.32568      4.97186      0.00000
      2.33568      4.38391      0.00000
      2.34568      4.31347      0.00000
      2.35568      4.37501      0.00000
      2.36568      4.67652      0.00000
      2.37568      5.50062      0.00000
      2.38568      4.28804      0.00000
      2.39568      2.73510      0.00000
      2.40568      3.90646      0.00000
      2.41568      7.04675      0.00000
      2.42568      9.20402      0.00000
      2.43568      8.41860      0.00000
      2.44568      6.75982      0.00000
      2.45568      5.25094      0.00000
      2.46568      4.20523      0.00000
      2.47568      4.74071      0.00000
      2.48568      4.73506      0.00000
      2.49568      3.64198      0.00000
      2.50568      3.37329      0.00000
      2.51568      3.46268      0.00000
      2.52568      2.94381      0.00000
      2.53568      2.05808      0.00000
      2.54568      1.91619      0.00000
      2.55568      3.68161      0.00000
      2.56568      6.32564      0.00000
      2.57568      8.34239      0.00000
      2.58568      8.76995      0.00000
      2.59568      6.25700      0.00000
      2.60568      3.63192      0.00000
      2.61568      3.04084      0.00000
      2.62568      3.01250      0.00000
      2.63568      4.02899      0.00000
      2.64568      4.86668      0.00000
      2.65568      3.78422      0.00000
      2.66568      1.75615      0.00000
      2.67568      0.67501      0.00000
      2.68568      1.56791      0.00000
      2.69568      3.62524      0.00000
      2.70568      4.71674      0.00000
      2.71568      4.41253      0.00000
      2.72568      3.68676      0.00000
      2.73568      3.07738      0.00000
      2.74568      3.38939      0.00000
      2.75568      3.76115      0.00000
      2.76568      3.06879      0.00000
      2.77568      3.37247      0.00000
      2.78568      5.79647      0.00000
      2.79568      7.17463      0.00000
      2.80568      6.53385      0.00000
      2.81568      5.69639      0.00000
      2.82568      4.91584      0.00000
      2.83568      5.18236      0.00000
      2.84568      4.89007      0.00000
      2.85568      3.12946      0.00000
      2.86568      1.89250      0.00000
      2.87568      0.97844      0.00000
      2.88568      0.61490      0.00000
      2.89568      0.75363      0.00000
      2.90568      1.21233      0.00000
      2.91568      2.89475      0.00000
      2.92568      4.24327      0.00000
      2.93568      3.80826      0.00000
      2.94568      3.94175      0.00000
      2.95568      3.95604      0.00000
      2.96568      2.92800      0.00000
      2.97568      2.08080      0.00000
      2.98568      2.54422      0.00000
      2.99568      4.83275      0.00000
      3.00568      7.36798      0.00000
      3.01568      8.16435      0.00000
      3.02568      6.72684      0.00000
      3.03568      4.87233      0.00000
      3.04568      3.56016      0.00000
      3.05568      2.07917      0.00000
      3.06568      0.63927      0.00000
      3.07568      0.41300      0.00000
      3.08568      2.14165      0.00000
      3.09568      5.75749      0.00000
      3.10568      7.20803      0.00000
      3.11568      5.88295      0.00000
      3.12568      6.19760      0.00000
      3.13568      6.84578      0.00000
      3.14568      5.71959      0.00000
      3.15568      5.03260      0.00000
      3.16568      5.02681      0.00000
      3.17568      4.47997      0.00000
      3.18568      3.68281      0.00000
      3.19568      2.01001      0.00000
      3.20568      0.55610      0.00000
      3.21568      0.31955      0.00000
      3.22568      1.26965      0.00000
      3.23568      3.06303      0.00000
      3.24568      4.66886      0.00000
      3.25568      5.34602      0.00000
      3.26568      5.27964      0.00000
      3.27568      4.87884      0.00000
      3.28568      3.46393      0.00000
      3.29568      2.61982      0.00000
      3.30568      3.41160      0.00000
      3.31568      4.39515      0.00000
      3.32568      4.71634      0.00000
      3.33568      4.25025      0.00000
      3.34568      2.84594      0.00000
      3.35568      2.49396      0.00000
      3.36568      2.18806      0.00000
      3.37568      1.26312      0.00000
      3.38568      1.69770      0.00000
      3.39568      2.74289      0.00000
      3.40568      2.27806      0.00000
      3.41568      2.22318      0.00000
      3.42568      4.56235      0.00000
      3.43568      6.01239      0.00000
      3.44568      4.60363      0.00000
      3.45568      5.02193      0.00000
      3.46568      6.16288      0.00000
      3.47568      6.63069      0.00000
      3.48568      6.81436      0.00000
      3.49568      4.89346      0.00000
      3.50568      3.08959      0.00000
      3.51568      2.15728      0.00000
      3.52568      1.67392      0.00000
      3.53568      2.28681      0.00000
      3.54568      2.56947      0.00000
      3.55568      1.51907      0.00000
      3.56568      1.55133      0.00000
      3.57568      3.47296      0.00000
      3.58568      5.39411      0.00000
      3.59568      6.64752      0.00000
      3.60568      6.49374      0.00000
      3.61568      5.02525      0.00000
      3.62568      3.38190      0.00000
      3.63568      2.71545      0.00000
      3.64568      3.28441      0.00000
      3.65568      4.19288      0.00000
      3.66568      4.65004      0.00000
      3.67568      3.49412      0.00000
      3.68568      2.90837      0.00000
      3.69568      4.75325      0.00000
      3.70568      7.38492      0.00000
      3.71568      8.22552      0.00000
      3.72568      7.80747      0.00000
      3.73568      6.71335      0.00000
      3.74568      6.37713      0.00000
      3.75568      5.69226      0.00000
      3.76568      4.07545      0.00000
      3.77568      3.75153      0.00000
      3.78568      3.15624      0.00000
      3.79568      2.10266      0.00000
      3.80568      3.17014      0.00000
      3.81568      4.82179      0.00000
      3.82568      4.47819      0.00000
      3.83568      4.25898      0.00000
      3.84568      5.95792      0.00000
      3.85568      6.54782      0.00000
      3.86568      4.40860      0.00000
      3.87568      2.10673      0.00000
      3.88568      1.92571      0.00000
      3.89568      2.80285      0.00000
      3.90568      3.32991      0.00000
      3.91568      3.10963      0.00000
      3.92568      3.63429      0.00000
      3.93568      4.88145      0.00000
      3.94568      5.28463      0.00000
      3.95568      5.03643      0.00000
      3.96568      5.81008      0.00000
      3.97568      6.80288      0.00000
      3.98568      7.65047      0.00000
      3.99568      8.22714      0.00000
      4.00568      7.89057      0.00000
      4.01568      6.17066      0.00000
      4.02568      3.01559      0.00000
      4.03568      1.66300      0.00000
      4.04568      3.44555      0.00000
      4.05568      5.94574      0.00000
      4.06568      5.91749      0.00000
      4.07568      4.83970      0.00000
      4.08568      6.36936      0.00000
      4.09568      7.33280      0.00000
      4.10568      5.77640      0.00000
      4.11568      5.03699      0.00000
      4.12568      6.59705      0.00000
      4.13568      7.70624      0.00000
      4.14568      7.54889      0.00000
      4.15568      7.11506      0.00000
      4.16568      7.05473      0.00000
      4.17568      6.97004      0.00000
      4.18568      6.66894      0.00000
      4.19568      7.15617      0.00000
      4.20568      6.56127      0.00000
      4.21568      6.02172      0.00000
      4.22568      6.35716      0.00000
      4.23568      6.51513      0.00000
      4.24568      5.45559      0.00000
      4.25568      3.98520      0.00000
      4.26568      5.14345      0.00000
      4.27568      6.26114      0.00000
      4.28568      5.82870      0.00000
      4.29568      5.51610      0.00000
      4.30568      4.91965      0.00000
      4.31568      4.38848      0.00000
      4.32568      4.50354      0.00000
      4.33568      5.50421      0.00000
      4.34568      6.74077      0.00000
      4.35568      6.73187      0.00000
      4.36568      5.26490      0.00000
      4.37568      4.24579      0.00000
      4.38568      4.04078      0.00000
      4.39568      3.85231      0.00000
      4.40568      4.25390      0.00000
      4.41568      6.02468      0.00000
      4.42568      8.15122      0.00000
      4.43568      9.46472      0.00000
      4.44568     10.77419      0.00000
      4.45568     10.80735      0.00000
      4.46568      7.79334      0.00000
      4.47568      7.03140      0.00000
      4.48568      9.25404      0.00000
      4.49568     10.14733      0.00000
      4.50568      8.67584      0.00000
      4.51568      7.92014      0.00000
      4.52568      8.10580      0.00000
      4.53568      6.99233      0.00000
      4.54568      4.95330      0.00000
      4.55568      3.83676      0.00000
      4.56568      4.04732      0.00000
      4.57568      5.22415      0.00000
      4.58568      6.98252      0.00000
      4.59568      7.72429      0.00000
      4.60568      6.87435      0.00000
      4.61568      6.16597      0.00000
      4.62568      6.48207      0.00000
      4.63568      7.16795      0.00000
      4.64568      7.52260      0.00000
      4.65568      7.78445      0.00000
      4.66568      7.91748      0.00000
      4.67568      8.23588      0.00000
      4.68568      9.75145      0.00000
      4.69568      9.74051      0.00000
      4.70568      6.38666      0.00000
      4.71568      3.63690      0.00000
      4.72568      3.01311      0.00000
      4.73568      4.88210      0.00000
      4.74568      8.50798      0.00000
      4.75568      9.12557      0.00000
      4.76568      4.93427      0.00000
      4.77568      1.31701      0.00000
      4.78568      0.97586      0.00000
      4.79568      3.17827      0.00000
      4.80568      5.89250      0.00000
      4.81568      5.85796      0.00000
      4.82568      5.30253      0.00000
      4.83568      7.06612      0.00000
      4.84568      8.62731      0.00000
      4.85568      8.91212      0.00000
      4.86568      7.43703      0.00000
      4.87568      6.72964      0.00000
      4.88568      6.03649      0.00000
      4.89568      6.11500      0.00000
      4.90568      7.75326      0.00000
      4.91568      8.16406      0.00000
      4.92568      6.47069      0.00000
      4.93568      6.57901      0.00000
      4.94568      8.87755      0.00000
      4.95568      9.26203      0.00000
      4.96568      6.95832      0.00000
      4.97568      6.15981      0.00000
      4.98568      6.84007      0.00000
      4.99568      6.57766      0.00000
      5.00568      7.68538      0.00000
      5.01568     11.35519      0.00000
      5.02568     12.39367      0.00000
      5.03568      8.67270      0.00000
      5.04568      4.82669      0.00000
      5.05568      4.18388      0.00000
      5.06568      4.60551      0.00000
      5.07568      4.93885      0.00000
      5.08568      5.59395      0.00000
      5.09568      5.70775      0.00000
      5.10568      6.03846      0.00000
      5.11568      5.60256      0.00000
      5.12568      4.54857      0.00000
      5.13568      4.88692      0.00000
      5.14568      6.45626      0.00000
      5.15568      7.66796      0.00000
      5.16568      8.53115      0.00000
      5.17568      8.30771      0.00000
