Energy-E_F (eV)    DOS (1/eV)    PDOS (1/eV)  of atom type W  
     -4.93571      4.80569      0.00000
     -4.92571      1.03023      0.00000
     -4.91571      0.18601      0.00000
     -4.90571      0.60823      0.00000
     -4.89571      1.83616      0.00000
     -4.88571      2.05689      0.00000
     -4.87571      0.84788      0.00000
     -4.86571      0.13854      0.00000
     -4.85571      0.20659      0.00000
     -4.84571      1.46024      0.00000
     -4.83571      3.94714      0.00000
     -4.82571      4.13234      0.00000
     -4.81571      2.83167      0.00000
     -4.80571      4.25917      0.00000
     -4.79571      7.63283      0.00000
     -4.78571     10.58047      0.00000
     -4.77571     10.24950      0.00000
     -4.76571      6.32594      0.00000
     -4.75571      2.81616      0.00000
     -4.74571      2.93384      0.00000
     -4.73571      4.57398      0.00000
     -4.72571      7.44136      0.00000
     -4.71571     10.48753      0.00000
     -4.70571      9.77438      0.00000
     -4.69571      5.50888      0.00000
     -4.68571      2.04782      0.00000
     -4.67571      0.94338      0.00000
     -4.66571      1.56200      0.00000
     -4.65571      3.64766      0.00000
     -4.64571      4.15147      0.00000
     -4.63571      3.45048      0.00000
     -4.62571      4.51751      0.00000
     -4.61571      4.43955      0.00000
     -4.60571      4.77638      0.00000
     -4.59571      7.06897      0.00000
     -4.58571      6.02676      0.00000
     -4.57571      3.61036      0.00000
     -4.56571      2.53796      0.00000
     -4.55571      2.22281      0.00000
     -4.54571      2.48595      0.00000
     -4.53571      2.57039      0.00000
     -4.52571      4.05727      0.00000
     -4.51571      4.04503      0.00000
     -4.50571      1.73415      0.00000
     -4.49571      1.22873      0.00000
     -4.48571      2.15609      0.00000
     -4.47571      1.68698      0.00000
     -4.46571      0.60480      0.00000
     -4.45571      1.14364      0.00000
     -4.44571      3.74699      0.00000
     -4.43571      4.94903      0.00000
     -4.42571      3.09883      0.00000
     -4.41571      3.09838      0.00000
     -4.40571      4.40590      0.00000
     -4.39571      2.92019      0.00000
     -4.38571      1.53112      0.00000
     -4.37571      2.90198      0.00000
     -4.36571      5.13376      0.00000
     -4.35571      5.48907      0.00000
     -4.34571      4.01628      0.00000
     -4.33571      3.31861      0.00000
     -4.32571      3.29605      0.00000
     -4.31571      3.28557      0.00000
     -4.30571      2.93970      0.00000
     -4.29571      2.92420      0.00000
     -4.28571      2.87069      0.00000
     -4.27571      2.80461      0.00000
     -4.26571      2.64192      0.00000
     -4.25571      2.70572      0.00000
     -4.24571      3.07556      0.00000
     -4.23571      4.47028      0.00000
     -4.22571      3.64016      0.00000
     -4.21571      2.35601      0.00000
     -4.20571      4.61297      0.00000
     -4.19571      6.30661      0.00000
     -4.18571      3.60732      0.00000
     -4.17571      1.12845      0.00000
     -4.16571      0.78592      0.00000
     -4.15571      0.57597      0.00000
     -4.14571      0.45381      0.00000
     -4.13571      1.53502      0.00000
     -4.12571      3.68396      0.00000
     -4.11571      5.37518      0.00000
     -4.10571      4.68435      0.00000
     -4.09571      3.22470      0.00000
     -4.08571      4.27721      0.00000
     -4.07571      5.16270      0.00000
     -4.06571      4.95614      0.00000
     -4.05571      4.70856      0.00000
     -4.04571      2.47646      0.00000
     -4.03571      1.84117      0.00000
     -4.02571      5.90851      0.00000
     -4.01571     10.36077      0.00000
     -4.00571     10.04707      0.00000
     -3.99571      9.97938      0.00000
     -3.98571      9.95830      0.00000
     -3.97571      6.80237      0.00000
     -3.96571      2.56127      0.00000
     -3.95571      1.05324      0.00000
     -3.94571      2.12322      0.00000
     -3.93571      4.34081      0.00000
     -3.92571      7.85950      0.00000
     -3.91571      9.09916      0.00000
     -3.90571      4.53446      0.00000
     -3.89571      0.96188      0.00000
     -3.88571      1.02705      0.00000
     -3.87571      3.38413      0.00000
     -3.86571      4.64450      0.00000
     -3.85571      4.00494      0.00000
     -3.84571      5.61750      0.00000
     -3.83571      7.75147      0.00000
     -3.82571      7.82846      0.00000
     -3.81571      6.88512      0.00000
     -3.80571      5.74683      0.00000
     -3.79571      4.52919      0.00000
     -3.78571      6.33583      0.00000
     -3.77571      8.81570      0.00000
     -3.76571     10.77636      0.00000
     -3.75571     14.59757      0.00000
     -3.74571     17.11175      0.00000
     -3.73571     14.11471      0.00000
     -3.72571      9.01616      0.00000
     -3.71571      6.96820      0.00000
     -3.70571      4.01250      0.00000
     -3.69571      1.12333      0.00000
     -3.68571      0.55510      0.00000
     -3.67571      2.76483      0.00000
     -3.66571      6.94568      0.00000
     -3.65571      7.55017      0.00000
     -3.64571      4.37411      0.00000
     -3.63571      1.60913      0.00000
     -3.62571      0.35225      0.00000
     -3.61571      0.16795      0.00000
     -3.60571      1.13535      0.00000
     -3.59571      3.58592      0.00000
     -3.58571      4.18651      0.00000
     -3.57571      2.01817      0.00000
     -3.56571      2.00561      0.00000
     -3.55571      6.08491      0.00000
     -3.54571      9.67201      0.00000
     -3.53571      8.20389      0.00000
     -3.52571      5.98362      0.00000
     -3.51571      4.55357      0.00000
     -3.50571      5.60067      0.00000
     -3.49571      6.01000      0.00000
     -3.48571      3.15285      0.00000
     -3.47571      1.41488      0.00000
     -3.46571      2.03605      0.00000
     -3.45571      1.95185      0.00000
     -3.44571      0.87728      0.00000
     -3.43571      1.10945      0.00000
     -3.42571      2.15340      0.00000
     -3.41571      1.67146      0.00000
     -3.40571      0.47835      0.00000
     -3.39571      0.05696      0.00000
     -3.38571      0.14993      0.00000
     -3.37571      1.21783      0.00000
     -3.36571      3.69391      0.00000
     -3.35571      4.24603      0.00000
     -3.34571      2.57878      0.00000
     -3.33571      2.34198      0.00000
     -3.32571      1.80491      0.00000
     -3.31571      0.64722      0.00000
     -3.30571      0.98613      0.00000
     -3.29571      3.87633      0.00000
     -3.28571      6.37585      0.00000
     -3.27571      4.32154      0.00000
     -3.26571      2.28243      0.00000
     -3.25571      3.76335      0.00000
     -3.24571      4.37442      0.00000
     -3.23571      3.31923      0.00000
     -3.22571      4.30009      0.00000
     -3.21571      3.79443      0.00000
     -3.20571      1.30726      0.00000
     -3.19571      0.24881      0.00000
     -3.18571      0.66349      0.00000
     -3.17571      1.89416      0.00000
     -3.16571      2.01311      0.00000
     -3.15571      0.80980      0.00000
     -3.14571      0.40127      0.00000
     -3.13571      1.32346      0.00000
     -3.12571      2.21634      0.00000
     -3.11571      1.38097      0.00000
     -3.10571      0.42516      0.00000
     -3.09571      0.50217      0.00000
     -3.08571      0.73815      0.00000
     -3.07571      0.42033      0.00000
     -3.06571      0.09881      0.00000
     -3.05571      0.25724      0.00000
     -3.04571      2.17211      0.00000
     -3.03571      7.02353      0.00000
     -3.02571      8.78436      0.00000
     -3.01571      6.23855      0.00000
     -3.00571      7.20408      0.00000
     -2.99571      7.72972      0.00000
     -2.98571      4.04044      0.00000
     -2.97571      0.90635      0.00000
     -2.96571      0.08131      0.00000
     -2.95571      0.00279      0.00000
     -2.94571      0.00043      0.00000
     -2.93571      0.01522      0.00000
     -2.92571      0.21676      0.00000
     -2.91571      1.13580      0.00000
     -2.90571      2.18944      0.00000
     -2.89571      1.55263      0.00000
     -2.88571      0.40512      0.00000
     -2.87571      0.04357      0.00000
     -2.86571      0.11668      0.00000
     -2.85571      1.04226      0.00000
     -2.84571      3.46573      0.00000
     -2.83571      4.23960      0.00000
     -2.82571      1.90793      0.00000
     -2.81571      0.31587      0.00000
     -2.80571      0.01924      0.00000
     -2.79571      0.00043      0.00000
     -2.78571      0.00000      0.00000
     -2.77571      0.00000      0.00000
     -2.76571      0.00000      0.00000
     -2.75571      0.00000      0.00000
     -2.74571      0.00014      0.00000
     -2.73571      0.00826      0.00000
     -2.72571      0.17368      0.00000
     -2.71571      1.34293      0.00000
     -2.70571      3.82007      0.00000
     -2.69571      3.99755      0.00000
     -2.68571      1.53896      0.00000
     -2.67571      0.21944      0.00000
     -2.66571      0.05260      0.00000
     -2.65571      0.42108      0.00000
     -2.64571      1.57995      0.00000
     -2.63571      2.18544      0.00000
     -2.62571      1.20332      0.00000
     -2.61571      1.12485      0.00000
     -2.60571      3.29066      0.00000
     -2.59571      4.32709      0.00000
     -2.58571      2.26021      0.00000
     -2.57571      1.34703      0.00000
     -2.56571      2.27589      0.00000
     -2.55571      2.56958      0.00000
     -2.54571      2.68307      0.00000
     -2.53571      2.85198      0.00000
     -2.52571      4.05942      0.00000
     -2.51571      6.45658      0.00000
     -2.50571      6.50264      0.00000
     -2.49571      3.63605      0.00000
     -2.48571      1.04146      0.00000
     -2.47571      0.13408      0.00000
     -2.46571      0.00790      0.00000
     -2.45571      0.02961      0.00000
     -2.44571      0.33799      0.00000
     -2.43571      1.42567      0.00000
     -2.42571      2.21228      0.00000
     -2.41571      1.26289      0.00000
     -2.40571      0.26521      0.00000
     -2.39571      0.02049      0.00000
     -2.38571      0.00058      0.00000
     -2.37571      0.00000      0.00000
     -2.36571      0.00000      0.00000
     -2.35571      0.00000      0.00000
     -2.34571      0.00006      0.00000
     -2.33571      0.00347      0.00000
     -2.32571      0.07653      0.00000
     -2.31571      0.62157      0.00000
     -2.30571      1.85723      0.00000
     -2.29571      2.04150      0.00000
     -2.28571      0.82554      0.00000
     -2.27571      0.12281      0.00000
     -2.26571      0.00672      0.00000
     -2.25571      0.00014      0.00000
     -2.24571      0.00000      0.00000
     -2.23571      0.00000      0.00000
     -2.22571      0.00000      0.00000
     -2.21571      0.00003      0.00000
     -2.20571      0.00240      0.00000
     -2.19571      0.07020      0.00000
     -2.18571      0.78920      0.00000
     -2.17571      3.48436      0.00000
     -2.16571      6.20322      0.00000
     -2.15571      4.59454      0.00000
     -2.14571      1.81820      0.00000
     -2.13571      1.77126      0.00000
     -2.12571      2.18451      0.00000
     -2.11571      1.08967      0.00000
     -2.10571      0.20068      0.00000
     -2.09571      0.01360      0.00000
     -2.08571      0.00034      0.00000
     -2.07571      0.00000      0.00000
     -2.06571      0.00064      0.00000
     -2.05571      0.02597      0.00000
     -2.04571      0.38887      0.00000
     -2.03571      2.14308      0.00000
     -2.02571      4.36873      0.00000
     -2.01571      3.45987      0.00000
     -2.00571      1.52507      0.00000
     -1.99571      0.75465      0.00000
     -1.98571      0.26659      0.00000
     -1.97571      0.21568      0.00000
     -1.96571      1.48108      0.00000
     -1.95571      4.83952      0.00000
     -1.94571      7.24413      0.00000
     -1.93571      6.94579      0.00000
     -1.92571      4.94427      0.00000
     -1.91571      1.84265      0.00000
     -1.90571      0.30082      0.00000
     -1.89571      0.32398      0.00000
     -1.88571      1.71459      0.00000
     -1.87571      4.31746      0.00000
     -1.86571      6.22497      0.00000
     -1.85571      5.99883      0.00000
     -1.84571      3.86483      0.00000
     -1.83571      3.82377      0.00000
     -1.82571      4.41379      0.00000
     -1.81571      2.20573      0.00000
     -1.80571      0.40993      0.00000
     -1.79571      0.02805      0.00000
     -1.78571      0.00071      0.00000
     -1.77571      0.00019      0.00000
     -1.76571      0.01004      0.00000
     -1.75571      0.19518      0.00000
     -1.74571      1.41967      0.00000
     -1.73571      3.90388      0.00000
     -1.72571      4.40271      0.00000
     -1.71571      3.17173      0.00000
     -1.70571      2.35852      0.00000
     -1.69571      1.04043      0.00000
     -1.68571      0.44368      0.00000
     -1.67571      1.28360      0.00000
     -1.66571      2.21344      0.00000
     -1.65571      1.41605      0.00000
     -1.64571      0.33331      0.00000
     -1.63571      0.02886      0.00000
     -1.62571      0.00111      0.00000
     -1.61571      0.01031      0.00000
     -1.60571      0.20331      0.00000
     -1.59571      1.47658      0.00000
     -1.58571      3.94513      0.00000
     -1.57571      3.87768      0.00000
     -1.56571      1.40213      0.00000
     -1.55571      0.18651      0.00000
     -1.54571      0.00913      0.00000
     -1.53571      0.00016      0.00000
     -1.52571      0.00028      0.00000
     -1.51571      0.01175      0.00000
     -1.50571      0.18146      0.00000
     -1.49571      1.03101      0.00000
     -1.48571      2.15799      0.00000
     -1.47571      1.74266      0.00000
     -1.46571      1.33184      0.00000
     -1.45571      3.24475      0.00000
     -1.44571      4.36892      0.00000
     -1.43571      2.44389      0.00000
     -1.42571      2.19873      0.00000
     -1.41571      4.86161      0.00000
     -1.40571      5.62281      0.00000
     -1.39571      3.16412      0.00000
     -1.38571      0.95464      0.00000
     -1.37571      0.78893      0.00000
     -1.36571      2.09090      0.00000
     -1.35571      3.49511      0.00000
     -1.34571      6.39364      0.00000
     -1.33571     10.72686      0.00000
     -1.32571     11.66600      0.00000
     -1.31571      7.05010      0.00000
     -1.30571      2.00055      0.00000
     -1.29571      0.23787      0.00000
     -1.28571      0.01115      0.00000
     -1.27571      0.00025      0.00000
     -1.26571      0.00402      0.00000
     -1.25571      0.10540      0.00000
     -1.24571      1.05394      0.00000
     -1.23571      4.23860      0.00000
     -1.22571      7.52325      0.00000
     -1.21571      6.43019      0.00000
     -1.20571      3.07963      0.00000
     -1.19571      2.22428      0.00000
     -1.18571      2.10149      0.00000
     -1.17571      0.90569      0.00000
     -1.16571      0.57709      0.00000
     -1.15571      2.30207      0.00000
     -1.14571      4.38479      0.00000
     -1.13571      3.08257      0.00000
     -1.12571      0.79839      0.00000
     -1.11571      0.11600      0.00000
     -1.10571      0.52577      0.00000
     -1.09571      2.50779      0.00000
     -1.08571      4.42303      0.00000
     -1.07571      2.88422      0.00000
     -1.06571      0.89860      0.00000
     -1.05571      1.20034      0.00000
     -1.04571      2.34078      0.00000
     -1.03571      2.29801      0.00000
     -1.02571      2.95785      0.00000
     -1.01571      6.68702      0.00000
     -1.00571      8.54448      0.00000
     -0.99571      4.94333      0.00000
     -0.98571      3.36159      0.00000
     -0.97571      5.00941      0.00000
     -0.96571      6.40562      0.00000
     -0.95571     10.17226      0.00000
     -0.94571     12.50598      0.00000
     -0.93571     10.84637      0.00000
     -0.92571      9.50438      0.00000
     -0.91571      6.70941      0.00000
     -0.90571      2.37010      0.00000
     -0.89571      0.98542      0.00000
     -0.88571      2.85432      0.00000
     -0.87571      4.42641      0.00000
     -0.86571      2.55386      0.00000
     -0.85571      0.83582      0.00000
     -0.84571      2.41491      0.00000
     -0.83571      7.61444      0.00000
     -0.82571     10.21216      0.00000
     -0.81571      5.77970      0.00000
     -0.80571      1.36647      0.00000
     -0.79571      0.37076      0.00000
     -0.78571      1.65603      0.00000
     -0.77571      4.20670      0.00000
     -0.76571      4.62741      0.00000
     -0.75571      3.90333      0.00000
     -0.74571      4.03546      0.00000
     -0.73571      4.16755      0.00000
     -0.72571      4.88315      0.00000
     -0.71571      4.00482      0.00000
     -0.70571      1.41345      0.00000
     -0.69571      0.40519      0.00000
     -0.68571      1.55746      0.00000
     -0.67571      4.01088      0.00000
     -0.66571      3.91892      0.00000
     -0.65571      2.10007      0.00000
     -0.64571      2.23217      0.00000
     -0.63571      2.65344      0.00000
     -0.62571      3.63274      0.00000
     -0.61571      4.49641      0.00000
     -0.60571      2.42982      0.00000
     -0.59571      0.59660      0.00000
     -0.58571      1.02911      0.00000
     -0.57571      3.40161      0.00000
     -0.56571      4.38043      0.00000
     -0.55571      2.96065      0.00000
     -0.54571      4.60896      0.00000
     -0.53571      9.23422      0.00000
     -0.52571      9.10190      0.00000
     -0.51571      4.47748      0.00000
     -0.50571      4.85210      0.00000
     -0.49571      9.76059      0.00000
     -0.48571     10.98513      0.00000
     -0.47571      6.03890      0.00000
     -0.46571      2.89113      0.00000
     -0.45571      6.36111      0.00000
     -0.44571     10.29719      0.00000
     -0.43571      7.15178      0.00000
     -0.42571      2.11789      0.00000
     -0.41571      0.26280      0.00000
     -0.40571      0.01321      0.00000
     -0.39571      0.00025      0.00000
     -0.38571      0.00000      0.00000
     -0.37571      0.00000      0.00000
     -0.36571      0.00000      0.00000
     -0.35571      0.00000      0.00000
     -0.34571      0.00018      0.00000
     -0.33571      0.00833      0.00000
     -0.32571      0.14277      0.00000
     -0.31571      0.90146      0.00000
     -0.30571      2.11899      0.00000
     -0.29571      2.19938      0.00000
     -0.28571      2.77994      0.00000
     -0.27571      4.49066      0.00000
     -0.26571      3.90900      0.00000
     -0.25571      4.39841      0.00000
     -0.24571      7.62650      0.00000
     -0.23571      9.54674      0.00000
     -0.22571     11.06055      0.00000
     -0.21571     11.42719      0.00000
     -0.20571      7.61082      0.00000
     -0.19571      4.06378      0.00000
     -0.18571      4.86396      0.00000
     -0.17571      7.55041      0.00000
     -0.16571      7.87553      0.00000
     -0.15571      8.56147      0.00000
     -0.14571      7.00721      0.00000
     -0.13571      2.85932      0.00000
     -0.12571      2.74188      0.00000
     -0.11571      8.82909      0.00000
     -0.10571     16.15011      0.00000
     -0.09571     17.95451      0.00000
     -0.08571     12.91287      0.00000
     -0.07571      6.15059      0.00000
     -0.06571      2.77844      0.00000
     -0.05571      1.00929      0.00000
     -0.04571      0.69756      0.00000
     -0.03571      2.09485      0.00000
     -0.02571      2.99189      0.00000
     -0.01571      2.15247      0.00000
     -0.00571      2.29225      0.00000
      0.00429      3.12605      0.00000
      0.01429      4.32124      0.00000
      0.02429      4.32459      0.00000
      0.03429      1.85864      0.00000
      0.04429      0.36830      0.00000
      0.05429      0.70268      0.00000
      0.06429      2.67734      0.00000
      0.07429      4.22736      0.00000
      0.08429      2.83925      0.00000
      0.09429      1.22830      0.00000
      0.10429      0.85127      0.00000
      0.11429      0.98853      0.00000
      0.12429      3.09692      0.00000
      0.13429      6.71094      0.00000
      0.14429      6.71154      0.00000
      0.15429      3.30042      0.00000
      0.16429      2.34745      0.00000
      0.17429      2.86998      0.00000
      0.18429      1.70427      0.00000
      0.19429      0.39498      0.00000
      0.20429      0.03540      0.00000
      0.21429      0.02816      0.00000
      0.22429      0.39193      0.00000
      0.23429      2.24942      0.00000
      0.24429      5.66348      0.00000
      0.25429      8.21733      0.00000
      0.26429      9.74730      0.00000
      0.27429     10.55945      0.00000
      0.28429     11.49108      0.00000
      0.29429     13.06897      0.00000
      0.30429     11.27218      0.00000
      0.31429      5.49471      0.00000
      0.32429      4.29600      0.00000
      0.33429      6.92121      0.00000
      0.34429      7.71628      0.00000
      0.35429      5.16722      0.00000
      0.36429      3.10981      0.00000
      0.37429      1.69497      0.00000
      0.38429      1.46475      0.00000
      0.39429      4.54850      0.00000
      0.40429      7.81763      0.00000
      0.41429      6.88452      0.00000
      0.42429      4.57901      0.00000
      0.43429      3.07606      0.00000
      0.44429      3.72800      0.00000
      0.45429      5.04183      0.00000
      0.46429      5.04345      0.00000
      0.47429      4.86630      0.00000
      0.48429      3.23024      0.00000
      0.49429      3.35168      0.00000
      0.50429      5.59818      0.00000
      0.51429      6.45737      0.00000
      0.52429      7.00899      0.00000
      0.53429      8.05516      0.00000
      0.54429     10.52411      0.00000
      0.55429     10.73601      0.00000
      0.56429      9.35708      0.00000
      0.57429      7.46911      0.00000
      0.58429      3.13955      0.00000
      0.59429      0.54970      0.00000
      0.60429      0.35743      0.00000
      0.61429      2.13161      0.00000
      0.62429      6.40723      0.00000
      0.63429      9.86891      0.00000
      0.64429      9.41573      0.00000
      0.65429      6.78661      0.00000
      0.66429      4.12766      0.00000
      0.67429      3.56229      0.00000
      0.68429      4.13489      0.00000
      0.69429      3.56266      0.00000
      0.70429      2.21260      0.00000
      0.71429      1.50837      0.00000
      0.72429      1.02644      0.00000
      0.73429      0.46405      0.00000
      0.74429      0.81204      0.00000
      0.75429      3.16137      0.00000
      0.76429      5.44801      0.00000
      0.77429      5.42405      0.00000
      0.78429      5.49594      0.00000
      0.79429      4.85145      0.00000
      0.80429      3.29669      0.00000
      0.81429      2.57709      0.00000
      0.82429      4.27528      0.00000
      0.83429      6.48744      0.00000
      0.84429      6.31510      0.00000
      0.85429      3.89405      0.00000
      0.86429      1.42085      0.00000
      0.87429      0.47815      0.00000
      0.88429      1.78895      0.00000
      0.89429      5.89309      0.00000
      0.90429     11.82011      0.00000
      0.91429     18.35679      0.00000
      0.92429     19.86493      0.00000
      0.93429     15.92065      0.00000
      0.94429     14.72081      0.00000
      0.95429     12.56498      0.00000
      0.96429      7.35808      0.00000
      0.97429      4.19136      0.00000
      0.98429      2.73303      0.00000
      0.99429      1.71853      0.00000
      1.00429      3.52902      0.00000
      1.01429      6.52173      0.00000
      1.02429      4.87024      0.00000
      1.03429      2.57929      0.00000
      1.04429      4.53180      0.00000
      1.05429      7.01055      0.00000
      1.06429      8.14409      0.00000
      1.07429     11.10281      0.00000
      1.08429     12.75682      0.00000
      1.09429      7.99438      0.00000
      1.10429      2.46082      0.00000
      1.11429      1.63891      0.00000
      1.12429      6.85558      0.00000
      1.13429     14.21371      0.00000
      1.14429     12.03799      0.00000
      1.15429      4.94396      0.00000
      1.16429      3.46187      0.00000
      1.17429      5.06428      0.00000
      1.18429      7.64653      0.00000
      1.19429     10.00334      0.00000
      1.20429      8.10376      0.00000
      1.21429      3.89171      0.00000
      1.22429      3.30197      0.00000
      1.23429      7.49227      0.00000
      1.24429     13.51037      0.00000
      1.25429     19.49901      0.00000
      1.26429     21.02342      0.00000
      1.27429     14.89654      0.00000
      1.28429      7.79454      0.00000
      1.29429      2.81124      0.00000
      1.30429      0.56085      0.00000
      1.31429      0.70862      0.00000
      1.32429      3.49657      0.00000
      1.33429      7.14184      0.00000
      1.34429      6.54989      0.00000
      1.35429      3.87497      0.00000
      1.36429      2.79987      0.00000
      1.37429      2.36470      0.00000
      1.38429      1.85603      0.00000
      1.39429      2.38488      0.00000
      1.40429      2.52690      0.00000
      1.41429      2.53479      0.00000
      1.42429      1.92372      0.00000
      1.43429      0.63920      0.00000
      1.44429      0.18989      0.00000
      1.45429      1.01264      0.00000
      1.46429      3.39978      0.00000
      1.47429      4.25133      0.00000
      1.48429      1.97318      0.00000
      1.49429      0.33987      0.00000
      1.50429      0.02175      0.00000
      1.51429      0.00318      0.00000
      1.52429      0.08706      0.00000
      1.53429      1.07656      0.00000
      1.54429      5.11962      0.00000
      1.55429      9.71068      0.00000
      1.56429      7.95529      0.00000
      1.57429      3.14679      0.00000
      1.58429      0.64855      0.00000
      1.59429      0.45265      0.00000
      1.60429      2.16745      0.00000
      1.61429      4.34754      0.00000
      1.62429      3.21104      0.00000
      1.63429      0.87250      0.00000
      1.64429      0.08898      0.00000
      1.65429      0.05047      0.00000
      1.66429      0.49383      0.00000
      1.67429      2.06491      0.00000
      1.68429      3.50698      0.00000
      1.69429      2.42196      0.00000
      1.70429      0.87440      0.00000
      1.71429      1.89459      0.00000
      1.72429      6.23257      0.00000
      1.73429      9.00006      0.00000
      1.74429      7.76709      0.00000
      1.75429      9.03476      0.00000
      1.76429      9.61077      0.00000
      1.77429      5.06862      0.00000
      1.78429      1.15471      0.00000
      1.79429      0.36150      0.00000
      1.80429      1.27773      0.00000
      1.81429      2.53552      0.00000
      1.82429      3.01645      0.00000
      1.83429      4.33069      0.00000
      1.84429      7.80958      0.00000
      1.85429     10.26738      0.00000
      1.86429      6.88854      0.00000
      1.87429      2.29538      0.00000
      1.88429      1.42577      0.00000
      1.89429      3.58567      0.00000
      1.90429      4.20799      0.00000
      1.91429      2.20683      0.00000
      1.92429      2.76804      0.00000
      1.93429      5.92847      0.00000
      1.94429      5.72309      0.00000
      1.95429      3.79678      0.00000
      1.96429      6.19697      0.00000
      1.97429      8.34017      0.00000
      1.98429      4.81047      0.00000
      1.99429      1.10037      0.00000
      2.00429      0.09712      0.00000
      2.01429      0.00326      0.00000
      2.02429      0.00003      0.00000
      2.03429      0.00000      0.00000
      2.04429      0.00000      0.00000
      2.05429      0.00000      0.00000
      2.06429      0.00000      0.00000
      2.07429      0.00000      0.00000
      2.08429      0.00013      0.00000
      2.09429      0.00638      0.00000
      2.10429      0.11843      0.00000
      2.11429      0.80817      0.00000
      2.12429      2.02885      0.00000
      2.13429      1.87372      0.00000
      2.14429      0.63660      0.00000
      2.15429      0.07957      0.00000
      2.16429      0.00366      0.00000
      2.17429      0.00006      0.00000
      2.18429      0.00000      0.00000
      2.19429      0.00000      0.00000
      2.20429      0.00003      0.00000
      2.21429      0.00220      0.00000
      2.22429      0.06594      0.00000
      2.23429      0.72763      0.00000
      2.24429      2.95375      0.00000
      2.25429      4.41104      0.00000
      2.26429      2.42334      0.00000
      2.27429      0.48977      0.00000
      2.28429      0.03641      0.00000
      2.29429      0.00100      0.00000
      2.30429      0.00000      0.00000
      2.31429      0.00095      0.00000
      2.32429      0.03529      0.00000
      2.33429      0.49256      0.00000
      2.34429      2.58007      0.00000
      2.35429      5.05476      0.00000
      2.36429      3.69205      0.00000
      2.37429      1.00250      0.00000
      2.38429      0.10095      0.00000
      2.39429      0.00376      0.00000
      2.40429      0.00005      0.00000
      2.41429      0.00000      0.00000
      2.42429      0.00001      0.00000
      2.43429      0.00094      0.00000
      2.44429      0.03491      0.00000
      2.45429      0.50192      0.00000
      2.46429      2.81145      0.00000
      2.47429      6.14990      0.00000
      2.48429      5.23023      0.00000
      2.49429      1.71327      0.00000
      2.50429      0.21378      0.00000
      2.51429      0.01011      0.00000
      2.52429      0.00481      0.00000
      2.53429      0.13628      0.00000
      2.54429      1.52130      0.00000
      2.55429      6.51176      0.00000
