Energy-E_F (eV)    DOS (1/eV)    PDOS (1/eV)  of atom type W  
     -4.99000      7.05847      7.05847
     -4.98000      6.81618      6.81618
     -4.97000      4.76838      4.76838
     -4.96000      2.22441      2.22441
     -4.95000      0.51720      0.51720
     -4.94000      0.04950      0.04950
     -4.93000      0.00181      0.00181
     -4.92000      0.00002      0.00002
     -4.91000      0.00000      0.00000
     -4.90000      0.00000      0.00000
     -4.89000      0.00009      0.00009
     -4.88000      0.00506      0.00506
     -4.87000      0.10079      0.10079
     -4.86000      0.74771      0.74771
     -4.85000      2.15249      2.15249
     -4.84000      2.84230      2.84230
     -4.83000      2.70229      2.70229
     -4.82000      2.99886      2.99886
     -4.81000      4.44556      4.44556
     -4.80000      5.76451      5.76451
     -4.79000      4.58873      4.58873
     -4.78000      2.62251      2.62251
     -4.77000      1.61734      1.61734
     -4.76000      0.92577      0.92577
     -4.75000      1.20449      1.20449
     -4.74000      2.22605      2.22605
     -4.73000      2.21786      2.21786
     -4.72000      2.98053      2.98053
     -4.71000      4.57011      4.57011
     -4.70000      3.76473      3.76473
     -4.69000      1.85667      1.85667
     -4.68000      0.92733      0.92733
     -4.67000      1.84415      1.84415
     -4.66000      3.47333      3.47333
     -4.65000      3.34675      3.34675
     -4.64000      1.92152      1.92152
     -4.63000      1.44431      1.44431
     -4.62000      1.92469      1.92469
     -4.61000      2.00080      2.00080
     -4.60000      1.82792      1.82792
     -4.59000      1.68082      1.68082
     -4.58000      1.53196      1.53196
     -4.57000      1.21876      1.21876
     -4.56000      0.61999      0.61999
     -4.55000      0.87166      0.87166
     -4.54000      2.31204      2.31204
     -4.53000      2.71983      2.71983
     -4.52000      1.34263      1.34263
     -4.51000      0.73925      0.73925
     -4.50000      1.09450      1.09450
     -4.49000      0.85225      0.85225
     -4.48000      0.47048      0.47048
     -4.47000      1.12603      1.12603
     -4.46000      2.73163      2.73163
     -4.45000      3.71934      3.71934
     -4.44000      2.87691      2.87691
     -4.43000      1.13583      1.13583
     -4.42000      0.19497      0.19497
     -4.41000      0.04838      0.04838
     -4.40000      0.38156      0.38156
     -4.39000      1.51807      1.51807
     -4.38000      2.32245      2.32245
     -4.37000      1.84835      1.84835
     -4.36000      1.80186      1.80186
     -4.35000      1.98578      1.98578
     -4.34000      2.01676      2.01676
     -4.33000      2.36797      2.36797
     -4.32000      2.13174      2.13174
     -4.31000      1.57355      1.57355
     -4.30000      1.05252      1.05252
     -4.29000      0.38191      0.38191
     -4.28000      0.27601      0.27601
     -4.27000      0.82164      0.82164
     -4.26000      1.08143      1.08143
     -4.25000      0.54117      0.54117
     -4.24000      0.35323      0.35323
     -4.23000      1.51423      1.51423
     -4.22000      3.27433      3.27433
     -4.21000      3.05770      3.05770
     -4.20000      2.48221      2.48221
     -4.19000      2.25638      2.25638
     -4.18000      1.30458      1.30458
     -4.17000      0.87922      0.87922
     -4.16000      0.55786      0.55786
     -4.15000      0.31831      0.31831
     -4.14000      0.81149      0.81149
     -4.13000      1.90204      1.90204
     -4.12000      3.61125      3.61125
     -4.11000      4.44904      4.44904
     -4.10000      2.62291      2.62291
     -4.09000      1.66611      1.66611
     -4.08000      2.37212      2.37212
     -4.07000      2.43179      2.43179
     -4.06000      2.57699      2.57699
     -4.05000      2.56113      2.56113
     -4.04000      2.54485      2.54485
     -4.03000      2.20588      2.20588
     -4.02000      1.77788      1.77788
     -4.01000      2.56843      2.56843
     -4.00000      3.64863      3.64863
     -3.99000      5.27097      5.27097
     -3.98000      4.77223      4.77223
     -3.97000      2.95354      2.95354
     -3.96000      2.78417      2.78417
     -3.95000      2.46273      2.46273
     -3.94000      1.06913      1.06913
     -3.93000      0.37785      0.37785
     -3.92000      0.85537      0.85537
     -3.91000      1.59579      1.59579
     -3.90000      1.83463      1.83463
     -3.89000      1.81431      1.81431
     -3.88000      2.21784      2.21784
     -3.87000      3.80329      3.80329
     -3.86000      4.84931      4.84931
     -3.85000      3.91199      3.91199
     -3.84000      3.46470      3.46470
     -3.83000      2.39231      2.39231
     -3.82000      0.98813      0.98813
     -3.81000      1.50973      1.50973
     -3.80000      3.48710      3.48710
     -3.79000      4.61029      4.61029
     -3.78000      4.79668      4.79668
     -3.77000      5.12408      5.12408
     -3.76000      7.05524      7.05524
     -3.75000      8.00210      8.00210
     -3.74000      5.13237      5.13237
     -3.73000      1.65833      1.65833
     -3.72000      0.92351      0.92351
     -3.71000      2.42437      2.42437
     -3.70000      3.37928      3.37928
     -3.69000      2.49422      2.49422
     -3.68000      1.41448      1.41448
     -3.67000      0.54059      0.54059
     -3.66000      0.32564      0.32564
     -3.65000      1.17753      1.17753
     -3.64000      2.61151      2.61151
     -3.63000      2.90078      2.90078
     -3.62000      2.32163      2.32163
     -3.61000      2.96165      2.96165
     -3.60000      3.75358      3.75358
     -3.59000      3.61151      3.61151
     -3.58000      2.99373      2.99373
     -3.57000      2.73004      2.73004
     -3.56000      3.74712      3.74712
     -3.55000      4.22262      4.22262
     -3.54000      2.34203      2.34203
     -3.53000      0.94795      0.94795
     -3.52000      0.79155      0.79155
     -3.51000      0.51599      0.51599
     -3.50000      0.44360      0.44360
     -3.49000      0.96174      0.96174
     -3.48000      1.00215      1.00215
     -3.47000      0.38783      0.38783
     -3.46000      0.05786      0.05786
     -3.45000      0.05647      0.05647
     -3.44000      0.41938      0.41938
     -3.43000      1.35100      1.35100
     -3.42000      2.02483      2.02483
     -3.41000      1.96015      1.96015
     -3.40000      2.30714      2.30714
     -3.39000      2.36600      2.36600
     -3.38000      1.71091      1.71091
     -3.37000      1.16371      1.16371
     -3.36000      0.45451      0.45451
     -3.35000      0.07116      0.07116
     -3.34000      0.01180      0.01180
     -3.33000      0.07546      0.07546
     -3.32000      0.27194      0.27194
     -3.31000      0.36350      0.36350
     -3.30000      0.22921      0.22921
     -3.29000      0.42419      0.42419
     -3.28000      1.29234      1.29234
     -3.27000      3.13983      3.13983
     -3.26000      6.22698      6.22698
     -3.25000      5.89459      5.89459
     -3.24000      2.14187      2.14187
     -3.23000      0.28803      0.28803
     -3.22000      0.01426      0.01426
     -3.21000      0.00026      0.00026
     -3.20000      0.00000      0.00000
     -3.19000      0.00000      0.00000
     -3.18000      0.00000      0.00000
     -3.17000      0.00007      0.00007
     -3.16000      0.00360      0.00360
     -3.15000      0.06449      0.06449
     -3.14000      0.42473      0.42473
     -3.13000      1.02904      1.02904
     -3.12000      0.91719      0.91719
     -3.11000      0.30078      0.30078
     -3.10000      0.03916      0.03916
     -3.09000      0.06873      0.06873
     -3.08000      0.57843      0.57843
     -3.07000      1.92535      1.92535
     -3.06000      3.15092      3.15092
     -3.05000      4.64371      4.64371
     -3.04000      5.98499      5.98499
     -3.03000      4.25246      4.25246
     -3.02000      1.50127      1.50127
     -3.01000      0.89988      0.89988
     -3.00000      1.94864      1.94864
     -2.99000      1.97449      1.97449
     -2.98000      0.74021      0.74021
     -2.97000      0.10210      0.10210
     -2.96000      0.00518      0.00518
     -2.95000      0.00010      0.00010
     -2.94000      0.00000      0.00000
     -2.93000      0.00000      0.00000
     -2.92000      0.00037      0.00037
     -2.91000      0.01465      0.01465
     -2.90000      0.21118      0.21118
     -2.89000      1.11999      1.11999
     -2.88000      2.18515      2.18515
     -2.87000      1.56839      1.56839
     -2.86000      0.41413      0.41413
     -2.85000      0.04023      0.04023
     -2.84000      0.00144      0.00144
     -2.83000      0.00002      0.00002
     -2.82000      0.00000      0.00000
     -2.81000      0.00000      0.00000
     -2.80000      0.00000      0.00000
     -2.79000      0.00000      0.00000
     -2.78000      0.00000      0.00000
     -2.77000      0.00000      0.00000
     -2.76000      0.00000      0.00000
     -2.75000      0.00006      0.00006
     -2.74000      0.00323      0.00323
     -2.73000      0.05968      0.05968
     -2.72000      0.40595      0.40595
     -2.71000      1.01581      1.01581
     -2.70000      0.93523      0.93523
     -2.69000      0.32420      0.32420
     -2.68000      0.18508      0.18508
     -2.67000      1.06392      1.06392
     -2.66000      2.99088      2.99088
     -2.65000      3.70525      3.70525
     -2.64000      3.28688      3.28688
     -2.63000      2.99244      2.99244
     -2.62000      1.86769      1.86769
     -2.61000      0.83972      0.83972
     -2.60000      0.96336      0.96336
     -2.59000      1.05156      1.05156
     -2.58000      0.45587      0.45587
     -2.57000      0.11448      0.11448
     -2.56000      0.47300      0.47300
     -2.55000      2.00197      2.00197
     -2.54000      3.26715      3.26715
     -2.53000      2.03039      2.03039
     -2.52000      0.47794      0.47794
     -2.51000      0.04236      0.04236
     -2.50000      0.00143      0.00143
     -2.49000      0.00152      0.00152
     -2.48000      0.03447      0.03447
     -2.47000      0.29138      0.29138
     -2.46000      0.90610      0.90610
     -2.45000      1.03658      1.03658
     -2.44000      0.43625      0.43625
     -2.43000      0.06754      0.06754
     -2.42000      0.00385      0.00385
     -2.41000      0.00008      0.00008
     -2.40000      0.00000      0.00000
     -2.39000      0.00000      0.00000
     -2.38000      0.00000      0.00000
     -2.37000      0.00001      0.00001
     -2.36000      0.00050      0.00050
     -2.35000      0.01546      0.01546
     -2.34000      0.17440      0.17440
     -2.33000      0.72374      0.72374
     -2.32000      1.10490      1.10490
     -2.31000      0.62054      0.62054
     -2.30000      0.12821      0.12821
     -2.29000      0.00974      0.00974
     -2.28000      0.00027      0.00027
     -2.27000      0.00000      0.00000
     -2.26000      0.00000      0.00000
     -2.25000      0.00000      0.00000
     -2.24000      0.00000      0.00000
     -2.23000      0.00001      0.00001
     -2.22000      0.00096      0.00096
     -2.21000      0.02521      0.02521
     -2.20000      0.24709      0.24709
     -2.19000      0.95771      0.95771
     -2.18000      1.68509      1.68509
     -2.17000      1.61532      1.61532
     -2.16000      0.86689      0.86689
     -2.15000      0.59361      0.59361
     -2.14000      1.50532      1.50532
     -2.13000      2.12998      2.12998
     -2.12000      1.19738      1.19738
     -2.11000      0.26349      0.26349
     -2.10000      0.02713      0.02713
     -2.09000      0.07842      0.07842
     -2.08000      0.50383      0.50383
     -2.07000      1.28415      1.28415
     -2.06000      1.27483      1.27483
     -2.05000      0.51444      0.51444
     -2.04000      0.40519      0.40519
     -2.03000      1.42354      1.42354
     -2.02000      2.21433      2.21433
     -2.01000      1.30342      1.30342
     -2.00000      0.60167      0.60167
     -1.99000      1.43328      1.43328
     -1.98000      3.16876      3.16876
     -1.97000      4.49434      4.49434
     -1.96000      4.33904      4.33904
     -1.95000      3.28875      3.28875
     -1.94000      2.81678      2.81678
     -1.93000      2.36702      2.36702
     -1.92000      2.30874      2.30874
     -1.91000      2.15175      2.15175
     -1.90000      0.90789      0.90789
     -1.89000      0.14413      0.14413
     -1.88000      0.00844      0.00844
     -1.87000      0.00024      0.00024
     -1.86000      0.00304      0.00304
     -1.85000      0.05725      0.05725
     -1.84000      0.39617      0.39617
     -1.83000      1.00843      1.00843
     -1.82000      0.94438      0.94438
     -1.81000      0.32822      0.32822
     -1.80000      0.09668      0.09668
     -1.79000      0.39074      0.39074
     -1.78000      1.00576      1.00576
     -1.77000      1.01099      1.01099
     -1.76000      0.77522      0.77522
     -1.75000      1.40010      1.40010
     -1.74000      1.91287      1.91287
     -1.73000      1.31278      1.31278
     -1.72000      0.41245      0.41245
     -1.71000      0.05326      0.05326
     -1.70000      0.00279      0.00279
     -1.69000      0.00708      0.00708
     -1.68000      0.12676      0.12676
     -1.67000      0.84092      0.84092
     -1.66000      2.05227      2.05227
     -1.65000      1.84255      1.84255
     -1.64000      0.60857      0.60857
     -1.63000      0.07394      0.07394
     -1.62000      0.00331      0.00331
     -1.61000      0.00005      0.00005
     -1.60000      0.00024      0.00024
     -1.59000      0.00898      0.00898
     -1.58000      0.12131      0.12131
     -1.57000      0.60288      0.60288
     -1.56000      1.10241      1.10241
     -1.55000      0.74863      0.74863
     -1.54000      0.31298      0.31298
     -1.53000      0.86837      0.86837
     -1.52000      2.06493      2.06493
     -1.51000      1.91753      1.91753
     -1.50000      1.19173      1.19173
     -1.49000      1.91126      1.91126
     -1.48000      3.13444      3.13444
     -1.47000      3.26676      3.26676
     -1.46000      1.98268      1.98268
     -1.45000      1.83451      1.83451
     -1.44000      3.69384      3.69384
     -1.43000      3.83798      3.83798
     -1.42000      1.64947      1.64947
     -1.41000      0.29214      0.29214
     -1.40000      0.12305      0.12305
     -1.39000      0.56273      0.56273
     -1.38000      1.23099      1.23099
     -1.37000      1.73497      1.73497
     -1.36000      2.86652      2.86652
     -1.35000      3.90076      3.90076
     -1.34000      4.02027      4.02027
     -1.33000      3.19492      3.19492
     -1.32000      1.48999      1.48999
     -1.31000      0.30730      0.30730
     -1.30000      0.02465      0.02465
     -1.29000      0.00136      0.00136
     -1.28000      0.02193      0.02193
     -1.27000      0.28963      0.28963
     -1.26000      1.46586      1.46586
     -1.25000      2.95758      2.95758
     -1.24000      2.51036      2.51036
     -1.23000      0.95815      0.95815
     -1.22000      0.40706      0.40706
     -1.21000      0.87311      0.87311
     -1.20000      1.06175      1.06175
     -1.19000      0.48014      0.48014
     -1.18000      0.07990      0.07990
     -1.17000      0.00489      0.00489
     -1.16000      0.00021      0.00021
     -1.15000      0.00522      0.00522
     -1.14000      0.10271      0.10271
     -1.13000      0.74336      0.74336
     -1.12000      1.99576      1.99576
     -1.11000      2.22524      2.22524
     -1.10000      2.42559      2.42559
     -1.09000      4.26991      4.26991
     -1.08000      4.42740      4.42740
     -1.07000      2.39461      2.39461
     -1.06000      0.75840      0.75840
     -1.05000      0.40475      0.40475
     -1.04000      1.40093      1.40093
     -1.03000      2.60926      2.60926
     -1.02000      2.37159      2.37159
     -1.01000      2.42932      2.42932
     -1.00000      3.04495      3.04495
     -0.99000      3.85765      3.85765
     -0.98000      4.17447      4.17447
     -0.97000      2.33537      2.33537
     -0.96000      0.56074      0.56074
     -0.95000      0.07573      0.07573
     -0.94000      0.29923      0.29923
     -0.93000      1.65555      1.65555
     -0.92000      4.30884      4.30884
     -0.91000      5.94041      5.94041
     -0.90000      4.85168      4.85168
     -0.89000      3.18456      3.18456
     -0.88000      1.57323      1.57323
     -0.87000      0.48587      0.48587
     -0.86000      0.98175      0.98175
     -0.85000      2.89949      2.89949
     -0.84000      4.05148      4.05148
     -0.83000      3.61564      3.61564
     -0.82000      2.82324      2.82324
     -0.81000      1.64262      1.64262
     -0.80000      0.70257      0.70257
     -0.79000      1.16786      1.16786
     -0.78000      2.27130      2.27130
     -0.77000      2.27460      2.27460
     -0.76000      2.34944      2.34944
     -0.75000      2.03096      2.03096
     -0.74000      0.77634      0.77634
     -0.73000      0.34907      0.34907
     -0.72000      1.20804      1.20804
     -0.71000      2.19883      2.19883
     -0.70000      1.48691      1.48691
     -0.69000      0.39757      0.39757
     -0.68000      0.28931      0.28931
     -0.67000      1.00925      1.00925
     -0.66000      2.11289      2.11289
     -0.65000      3.13316      3.13316
     -0.64000      2.91401      2.91401
     -0.63000      1.53859      1.53859
     -0.62000      1.04933      1.04933
     -0.61000      1.39378      1.39378
     -0.60000      1.99033      1.99033
     -0.59000      3.45865      3.45865
     -0.58000      5.13845      5.13845
     -0.57000      5.54566      5.54566
     -0.56000      3.96372      3.96372
     -0.55000      3.15423      3.15423
     -0.54000      3.23413      3.23413
     -0.53000      2.77983      2.77983
     -0.52000      1.41900      1.41900
     -0.51000      0.49225      0.49225
     -0.50000      1.20056      1.20056
     -0.49000      2.91794      2.91794
     -0.48000      2.81559      2.81559
     -0.47000      1.06652      1.06652
     -0.46000      0.15907      0.15907
     -0.45000      0.00929      0.00929
     -0.44000      0.00021      0.00021
     -0.43000      0.00000      0.00000
     -0.42000      0.00000      0.00000
     -0.41000      0.00001      0.00001
     -0.40000      0.00097      0.00097
     -0.39000      0.03006      0.03006
     -0.38000      0.34456      0.34456
     -0.37000      1.48484      1.48484
     -0.36000      2.58864      2.58864
     -0.35000      2.35754      2.35754
     -0.34000      1.88819      1.88819
     -0.33000      1.96751      1.96751
     -0.32000      2.09938      2.09938
     -0.31000      1.88146      1.88146
     -0.30000      1.40253      1.40253
     -0.29000      1.00815      1.00815
     -0.28000      2.09452      2.09452
     -0.27000      3.82549      3.82549
     -0.26000      3.37727      3.37727
     -0.25000      1.88927      1.88927
     -0.24000      2.29272      2.29272
     -0.23000      3.67127      3.67127
     -0.22000      4.99678      4.99678
     -0.21000      5.03301      5.03301
     -0.20000      3.21827      3.21827
     -0.19000      3.11819      3.11819
     -0.18000      4.20700      4.20700
     -0.17000      3.69468      3.69468
     -0.16000      3.18410      3.18410
     -0.15000      4.34508      4.34508
     -0.14000      4.56017      4.56017
     -0.13000      4.00127      4.00127
     -0.12000      5.62895      5.62895
     -0.11000      5.58925      5.58925
     -0.10000      4.07542      4.07542
     -0.09000      2.62029      2.62029
     -0.08000      0.90459      0.90459
     -0.07000      0.12960      0.12960
     -0.06000      0.00729      0.00729
     -0.05000      0.00017      0.00017
     -0.04000      0.00102      0.00102
     -0.03000      0.03553      0.03553
     -0.02000      0.46661      0.46661
     -0.01000      2.31107      2.31107
      0.00000      4.32649      4.32649
      0.01000      3.06425      3.06425
      0.02000      0.82990      0.82990
      0.03000      0.21847      0.21847
      0.04000      0.72470      0.72470
      0.05000      1.47020      1.47020
      0.06000      1.37294      1.37294
      0.07000      1.21852      1.21852
      0.08000      1.06389      1.06389
      0.09000      0.51829      0.51829
      0.10000      0.88320      0.88320
      0.11000      2.66292      2.66292
      0.12000      3.32359      3.32359
      0.13000      2.33394      2.33394
      0.14000      2.57454      2.57454
      0.15000      2.81346      2.81346
      0.16000      1.59797      1.59797
      0.17000      0.40408      0.40408
      0.18000      0.04198      0.04198
      0.19000      0.00384      0.00384
      0.20000      0.04662      0.04662
      0.21000      0.39546      0.39546
      0.22000      1.42781      1.42781
      0.23000      2.78194      2.78194
      0.24000      4.33368      4.33368
      0.25000      5.42744      5.42744
      0.26000      4.11498      4.11498
      0.27000      3.45772      3.45772
      0.28000      6.32381      6.32381
      0.29000      7.66598      7.66598
      0.30000      4.46294      4.46294
      0.31000      1.46196      1.46196
      0.32000      1.07763      1.07763
      0.33000      1.18477      1.18477
      0.34000      1.34235      1.34235
      0.35000      2.12645      2.12645
      0.36000      1.97883      1.97883
      0.37000      1.65347      1.65347
      0.38000      2.41426      2.41426
      0.39000      2.72225      2.72225
      0.40000      1.74954      1.74954
      0.41000      1.71982      1.71982
      0.42000      3.20549      3.20549
      0.43000      3.06629      3.06629
      0.44000      2.19894      2.19894
      0.45000      2.81569      2.81569
      0.46000      3.33930      3.33930
      0.47000      2.16721      2.16721
      0.48000      2.03045      2.03045
      0.49000      3.92316      3.92316
      0.50000      4.46002      4.46002
      0.51000      4.04038      4.04038
      0.52000      4.77268      4.77268
      0.53000      6.01161      6.01161
      0.54000      5.38415      5.38415
      0.55000      4.39921      4.39921
      0.56000      5.61245      5.61245
      0.57000      6.74919      6.74919
      0.58000      6.26717      6.26717
      0.59000      4.09684      4.09684
      0.60000      1.48794      1.48794
      0.61000      0.60187      0.60187
      0.62000      1.71774      1.71774
      0.63000      3.09524      3.09524
      0.64000      2.42567      2.42567
      0.65000      1.34705      1.34705
      0.66000      1.44460      1.44460
      0.67000      1.62437      1.62437
      0.68000      1.45479      1.45479
      0.69000      1.27846      1.27846
      0.70000      1.18491      1.18491
      0.71000      0.63044      0.63044
      0.72000      0.46013      0.46013
      0.73000      0.97465      0.97465
      0.74000      0.98913      0.98913
      0.75000      0.37233      0.37233
      0.76000      0.05735      0.05735
      0.77000      0.09644      0.09644
      0.78000      0.61129      0.61129
      0.79000      1.99824      1.99824
      0.80000      4.46580      4.46580
      0.81000      6.86498      6.86498
      0.82000      7.35967      7.35967
      0.83000      7.33496      7.33496
      0.84000      6.16726      6.16726
      0.85000      4.83211      4.83211
      0.86000      4.67104      4.67104
      0.87000      4.52412      4.52412
      0.88000      3.76469      3.76469
      0.89000      2.93061      2.93061
      0.90000      1.77925      1.77925
      0.91000      1.12905      1.12905
      0.92000      1.40879      1.40879
      0.93000      2.92108      2.92108
      0.94000      4.85041      4.85041
      0.95000      5.29018      5.29018
      0.96000      5.71203      5.71203
      0.97000      7.17727      7.17727
      0.98000      6.96545      6.96545
      0.99000      5.85658      5.85658
      1.00000      6.98381      6.98381
      1.01000      7.94826      7.94826
      1.02000      7.26323      7.26323
      1.03000      5.15890      5.15890
      1.04000      2.83616      2.83616
      1.05000      1.80122      1.80122
      1.06000      1.49254      1.49254
      1.07000      1.27112      1.27112
      1.08000      2.31081      2.31081
      1.09000      5.09563      5.09563
      1.10000      6.59532      6.59532
      1.11000      5.47183      5.47183
      1.12000      3.99838      3.99838
      1.13000      3.12829      3.12829
      1.14000      3.44503      3.44503
      1.15000      6.67319      6.67319
      1.16000      8.66892      8.66892
      1.17000      5.81520      5.81520
      1.18000      2.98600      2.98600
      1.19000      3.09765      3.09765
      1.20000      3.08375      3.08375
      1.21000      1.32874      1.32874
      1.22000      0.42946      0.42946
      1.23000      0.81581      0.81581
      1.24000      1.08710      1.08710
      1.25000      0.54122      0.54122
      1.26000      0.10334      0.10334
      1.27000      0.07873      0.07873
      1.28000      0.45432      0.45432
      1.29000      1.08093      1.08093
      1.30000      1.18929      1.18929
      1.31000      1.32111      1.32111
      1.32000      1.84656      1.84656
      1.33000      2.28380      2.28380
      1.34000      2.24321      2.24321
      1.35000      1.78592      1.78592
      1.36000      1.15444      1.15444
      1.37000      0.39717      0.39717
      1.38000      0.09761      0.09761
      1.39000      0.43493      0.43493
      1.40000      1.59885      1.59885
      1.41000      2.18044      2.18044
      1.42000      1.18117      1.18117
      1.43000      0.89433      0.89433
      1.44000      1.94538      1.94538
      1.45000      1.97954      1.97954
      1.46000      0.74599      0.74599
      1.47000      0.10424      0.10424
      1.48000      0.03129      0.03129
      1.49000      0.31179      0.31179
      1.50000      1.38891      1.38891
      1.51000      2.46483      2.46483
      1.52000      2.50036      2.50036
      1.53000      2.43918      2.43918
      1.54000      1.52972      1.52972
      1.55000      0.40619      0.40619
      1.56000      0.04259      0.04259
      1.57000      0.03137      0.03137
      1.58000      0.38726      0.38726
      1.59000      1.92493      1.92493
      1.60000      3.96235      3.96235
      1.61000      4.32965      4.32965
      1.62000      3.34798      3.34798
      1.63000      1.90494      1.90494
      1.64000      1.87377      1.87377
      1.65000      2.20884      2.20884
      1.66000      1.18504      1.18504
      1.67000      0.75118      0.75118
      1.68000      1.84900      1.84900
      1.69000      3.65155      3.65155
      1.70000      4.36455      4.36455
      1.71000      2.63557      2.63557
      1.72000      0.69952      0.69952
      1.73000      0.07860      0.07860
      1.74000      0.09055      0.09055
      1.75000      0.90049      0.90049
      1.76000      3.70790      3.70790
      1.77000      6.24297      6.24297
      1.78000      4.34098      4.34098
      1.79000      1.23714      1.23714
      1.80000      0.17249      0.17249
      1.81000      0.38147      0.38147
      1.82000      1.72433      1.72433
      1.83000      3.23099      3.23099
      1.84000      3.14706      3.14706
      1.85000      3.05230      3.05230
      1.86000      3.25231      3.25231
      1.87000      2.78195      2.78195
      1.88000      1.46337      1.46337
      1.89000      0.34996      0.34996
      1.90000      0.03341      0.03341
      1.91000      0.00122      0.00122
      1.92000      0.00002      0.00002
      1.93000      0.00000      0.00000
      1.94000      0.00000      0.00000
      1.95000      0.00000      0.00000
      1.96000      0.00000      0.00000
      1.97000      0.00000      0.00000
      1.98000      0.00000      0.00000
      1.99000      0.00000      0.00000
      2.00000      0.00000      0.00000
      2.01000      0.00000      0.00000
      2.02000      0.00023      0.00023
      2.03000      0.00849      0.00849
      2.04000      0.11695      0.11695
      2.05000      0.59896      0.59896
      2.06000      1.23914      1.23914
      2.07000      1.64069      1.64069
      2.08000      2.27223      2.27223
      2.09000      1.81542      1.81542
      2.10000      0.57159      0.57159
      2.11000      0.06672      0.06672
      2.12000      0.00287      0.00287
      2.13000      0.00005      0.00005
      2.14000      0.00000      0.00000
      2.15000      0.00000      0.00000
      2.16000      0.00000      0.00000
      2.17000      0.00000      0.00000
      2.18000      0.00000      0.00000
      2.19000      0.00000      0.00000
      2.20000      0.00037      0.00037
      2.21000      0.01468      0.01468
      2.22000      0.21150      0.21150
      2.23000      1.12091      1.12091
      2.24000      2.18541      2.18541
      2.25000      1.56747      1.56747
      2.26000      0.41359      0.41359
      2.27000      0.04021      0.04021
      2.28000      0.00449      0.00449
      2.29000      0.05738      0.05738
      2.30000      0.39660      0.39660
      2.31000      1.00877      1.00877
      2.32000      0.94392      0.94392
      2.33000      0.32492      0.32492
      2.34000      0.04118      0.04118
      2.35000      0.00416      0.00416
      2.36000      0.05589      0.05589
      2.37000      0.51085      0.51085
      2.38000      1.71863      1.71863
      2.39000      2.12705      2.12705
      2.40000      0.96845      0.96845
      2.41000      0.16234      0.16234
      2.42000      0.01504      0.01504
      2.43000      0.07223      0.07223
      2.44000      0.37789      0.37789
      2.45000      0.72979      0.72979
      2.46000      0.52700      0.52700
      2.47000      0.30994      0.30994
      2.48000      1.33789      1.33789
      2.49000      4.04338      4.04338
      2.50000      5.75718      5.75718
