Energy-E_F (eV)    DOS (1/eV)    PDOS (1/eV)  of atom type Hf 
     -4.80616      1.86848      0.00000
     -4.79616      1.72314      0.00000
     -4.78616      1.20224      0.00000
     -4.77616      0.63791      0.00000
     -4.76616      0.17200      0.00000
     -4.75616      0.08708      0.00000
     -4.74616      0.54456      0.00000
     -4.73616      1.58669      0.00000
     -4.72616      1.87092      0.00000
     -4.71616      1.63813      0.00000
     -4.70616      2.47501      0.00000
     -4.69616      4.39048      0.00000
     -4.68616      7.00022      0.00000
     -4.67616      7.47897      0.00000
     -4.66616      6.40985      0.00000
     -4.65616      6.25000      0.00000
     -4.64616      5.15750      0.00000
     -4.63616      2.98865      0.00000
     -4.62616      2.57340      0.00000
     -4.61616      3.51029      0.00000
     -4.60616      3.70810      0.00000
     -4.59616      2.60979      0.00000
     -4.58616      2.59247      0.00000
     -4.57616      3.53045      0.00000
     -4.56616      3.24155      0.00000
     -4.55616      2.27030      0.00000
     -4.54616      1.47475      0.00000
     -4.53616      1.42295      0.00000
     -4.52616      2.16628      0.00000
     -4.51616      2.80010      0.00000
     -4.50616      2.63639      0.00000
     -4.49616      2.32246      0.00000
     -4.48616      2.11540      0.00000
     -4.47616      1.94153      0.00000
     -4.46616      2.44268      0.00000
     -4.45616      2.88643      0.00000
     -4.44616      2.68282      0.00000
     -4.43616      1.90743      0.00000
     -4.42616      1.75098      0.00000
     -4.41616      2.90662      0.00000
     -4.40616      2.99197      0.00000
     -4.39616      2.34161      0.00000
     -4.38616      2.32793      0.00000
     -4.37616      2.66293      0.00000
     -4.36616      3.71942      0.00000
     -4.35616      4.77266      0.00000
     -4.34616      4.70930      0.00000
     -4.33616      4.01904      0.00000
     -4.32616      3.53362      0.00000
     -4.31616      3.83538      0.00000
     -4.30616      4.25458      0.00000
     -4.29616      4.26080      0.00000
     -4.28616      4.19235      0.00000
     -4.27616      3.35534      0.00000
     -4.26616      1.89976      0.00000
     -4.25616      1.28252      0.00000
     -4.24616      1.28022      0.00000
     -4.23616      1.98180      0.00000
     -4.22616      2.60625      0.00000
     -4.21616      2.01783      0.00000
     -4.20616      1.74115      0.00000
     -4.19616      2.47998      0.00000
     -4.18616      2.50592      0.00000
     -4.17616      1.94884      0.00000
     -4.16616      1.79495      0.00000
     -4.15616      1.64651      0.00000
     -4.14616      2.02881      0.00000
     -4.13616      3.11069      0.00000
     -4.12616      3.25579      0.00000
     -4.11616      2.68403      0.00000
     -4.10616      3.18825      0.00000
     -4.09616      4.00094      0.00000
     -4.08616      3.60566      0.00000
     -4.07616      3.89999      0.00000
     -4.06616      4.73936      0.00000
     -4.05616      3.20288      0.00000
     -4.04616      1.25561      0.00000
     -4.03616      1.34105      0.00000
     -4.02616      2.36468      0.00000
     -4.01616      2.84109      0.00000
     -4.00616      2.70568      0.00000
     -3.99616      2.37194      0.00000
     -3.98616      1.52204      0.00000
     -3.97616      0.90264      0.00000
     -3.96616      1.13006      0.00000
     -3.95616      1.12335      0.00000
     -3.94616      1.24515      0.00000
     -3.93616      2.04625      0.00000
     -3.92616      3.09449      0.00000
     -3.91616      3.81010      0.00000
     -3.90616      3.44881      0.00000
     -3.89616      2.77050      0.00000
     -3.88616      2.28861      0.00000
     -3.87616      2.54005      0.00000
     -3.86616      4.07785      0.00000
     -3.85616      5.46329      0.00000
     -3.84616      4.78865      0.00000
     -3.83616      3.82098      0.00000
     -3.82616      4.40710      0.00000
     -3.81616      4.47520      0.00000
     -3.80616      3.88198      0.00000
     -3.79616      3.79095      0.00000
     -3.78616      4.24819      0.00000
     -3.77616      4.37107      0.00000
     -3.76616      4.26723      0.00000
     -3.75616      3.19869      0.00000
     -3.74616      2.50266      0.00000
     -3.73616      2.84459      0.00000
     -3.72616      3.21352      0.00000
     -3.71616      3.31516      0.00000
     -3.70616      3.83075      0.00000
     -3.69616      4.07404      0.00000
     -3.68616      3.16414      0.00000
     -3.67616      2.28718      0.00000
     -3.66616      2.18332      0.00000
     -3.65616      1.88090      0.00000
     -3.64616      1.56783      0.00000
     -3.63616      1.90357      0.00000
     -3.62616      2.32881      0.00000
     -3.61616      2.97016      0.00000
     -3.60616      3.53898      0.00000
     -3.59616      3.74235      0.00000
     -3.58616      3.84255      0.00000
     -3.57616      3.37174      0.00000
     -3.56616      2.69491      0.00000
     -3.55616      2.45288      0.00000
     -3.54616      2.65001      0.00000
     -3.53616      2.10800      0.00000
     -3.52616      1.52957      0.00000
     -3.51616      2.88689      0.00000
     -3.50616      4.91365      0.00000
     -3.49616      5.21057      0.00000
     -3.48616      4.26198      0.00000
     -3.47616      3.46035      0.00000
     -3.46616      3.81512      0.00000
     -3.45616      4.09993      0.00000
     -3.44616      3.83109      0.00000
     -3.43616      4.00457      0.00000
     -3.42616      3.85065      0.00000
     -3.41616      2.62503      0.00000
     -3.40616      2.42370      0.00000
     -3.39616      3.75443      0.00000
     -3.38616      4.28604      0.00000
     -3.37616      3.34584      0.00000
     -3.36616      2.32430      0.00000
     -3.35616      1.60733      0.00000
     -3.34616      1.75701      0.00000
     -3.33616      2.38422      0.00000
     -3.32616      3.65444      0.00000
     -3.31616      4.30406      0.00000
     -3.30616      3.24831      0.00000
     -3.29616      2.98515      0.00000
     -3.28616      4.35868      0.00000
     -3.27616      4.95098      0.00000
     -3.26616      4.27176      0.00000
     -3.25616      4.68747      0.00000
     -3.24616      6.02071      0.00000
     -3.23616      5.79172      0.00000
     -3.22616      4.82191      0.00000
     -3.21616      4.75439      0.00000
     -3.20616      4.18509      0.00000
     -3.19616      2.71174      0.00000
     -3.18616      2.76473      0.00000
     -3.17616      3.57493      0.00000
     -3.16616      3.56241      0.00000
     -3.15616      3.48221      0.00000
     -3.14616      3.99107      0.00000
     -3.13616      5.55668      0.00000
     -3.12616      7.32835      0.00000
     -3.11616      7.35046      0.00000
     -3.10616      4.30664      0.00000
     -3.09616      1.90507      0.00000
     -3.08616      2.68540      0.00000
     -3.07616      4.41530      0.00000
     -3.06616      4.62916      0.00000
     -3.05616      3.53541      0.00000
     -3.04616      2.63121      0.00000
     -3.03616      3.03142      0.00000
     -3.02616      3.85389      0.00000
     -3.01616      3.38371      0.00000
     -3.00616      2.54466      0.00000
     -2.99616      2.72236      0.00000
     -2.98616      3.14404      0.00000
     -2.97616      3.18650      0.00000
     -2.96616      2.79610      0.00000
     -2.95616      2.20468      0.00000
     -2.94616      1.94831      0.00000
     -2.93616      2.86118      0.00000
     -2.92616      3.47407      0.00000
     -2.91616      2.86976      0.00000
     -2.90616      2.34991      0.00000
     -2.89616      2.77426      0.00000
     -2.88616      2.91738      0.00000
     -2.87616      2.70872      0.00000
     -2.86616      2.47804      0.00000
     -2.85616      2.16833      0.00000
     -2.84616      1.97739      0.00000
     -2.83616      1.65006      0.00000
     -2.82616      1.56203      0.00000
     -2.81616      2.28614      0.00000
     -2.80616      3.46690      0.00000
     -2.79616      3.96045      0.00000
     -2.78616      3.57138      0.00000
     -2.77616      3.03424      0.00000
     -2.76616      2.55278      0.00000
     -2.75616      2.14700      0.00000
     -2.74616      1.49243      0.00000
     -2.73616      1.15516      0.00000
     -2.72616      2.17532      0.00000
     -2.71616      3.70522      0.00000
     -2.70616      3.87270      0.00000
     -2.69616      3.53274      0.00000
     -2.68616      3.41776      0.00000
     -2.67616      3.90916      0.00000
     -2.66616      4.29572      0.00000
     -2.65616      3.45072      0.00000
     -2.64616      2.50714      0.00000
     -2.63616      3.02070      0.00000
     -2.62616      4.22123      0.00000
     -2.61616      4.13609      0.00000
     -2.60616      3.88962      0.00000
     -2.59616      4.22738      0.00000
     -2.58616      3.90678      0.00000
     -2.57616      3.66888      0.00000
     -2.56616      3.99031      0.00000
     -2.55616      3.83720      0.00000
     -2.54616      3.31347      0.00000
     -2.53616      3.43918      0.00000
     -2.52616      5.78681      0.00000
     -2.51616      7.21420      0.00000
     -2.50616      6.09012      0.00000
     -2.49616      5.54972      0.00000
     -2.48616      5.04128      0.00000
     -2.47616      4.73722      0.00000
     -2.46616      4.45129      0.00000
     -2.45616      3.38086      0.00000
     -2.44616      2.86280      0.00000
     -2.43616      3.52885      0.00000
     -2.42616      4.24254      0.00000
     -2.41616      3.48110      0.00000
     -2.40616      1.70552      0.00000
     -2.39616      1.45407      0.00000
     -2.38616      2.68505      0.00000
     -2.37616      3.58720      0.00000
     -2.36616      3.31580      0.00000
     -2.35616      2.97854      0.00000
     -2.34616      3.59799      0.00000
     -2.33616      5.20889      0.00000
     -2.32616      6.34156      0.00000
     -2.31616      6.59365      0.00000
     -2.30616      6.07748      0.00000
     -2.29616      5.64534      0.00000
     -2.28616      5.34878      0.00000
     -2.27616      5.57245      0.00000
     -2.26616      5.86995      0.00000
     -2.25616      5.17150      0.00000
     -2.24616      5.40069      0.00000
     -2.23616      6.56826      0.00000
     -2.22616      6.00479      0.00000
     -2.21616      4.04250      0.00000
     -2.20616      2.80141      0.00000
     -2.19616      2.57800      0.00000
     -2.18616      3.34634      0.00000
     -2.17616      4.74967      0.00000
     -2.16616      6.03039      0.00000
     -2.15616      5.55149      0.00000
     -2.14616      4.32614      0.00000
     -2.13616      4.06137      0.00000
     -2.12616      4.05581      0.00000
     -2.11616      4.28261      0.00000
     -2.10616      5.74248      0.00000
     -2.09616      6.89113      0.00000
     -2.08616      6.20571      0.00000
     -2.07616      5.77063      0.00000
     -2.06616      5.99444      0.00000
     -2.05616      6.68470      0.00000
     -2.04616      6.77567      0.00000
     -2.03616      4.65352      0.00000
     -2.02616      3.13156      0.00000
     -2.01616      4.15715      0.00000
     -2.00616      7.18833      0.00000
     -1.99616     10.14178      0.00000
     -1.98616      9.96328      0.00000
     -1.97616      7.60790      0.00000
     -1.96616      5.87891      0.00000
     -1.95616      5.75721      0.00000
     -1.94616      6.52473      0.00000
     -1.93616      7.62160      0.00000
     -1.92616      9.26372      0.00000
     -1.91616      9.09921      0.00000
     -1.90616      6.58196      0.00000
     -1.89616      5.41423      0.00000
     -1.88616      5.15026      0.00000
     -1.87616      5.08801      0.00000
     -1.86616      5.86413      0.00000
     -1.85616      6.46418      0.00000
     -1.84616      6.28414      0.00000
     -1.83616      4.90277      0.00000
     -1.82616      4.54386      0.00000
     -1.81616      6.08091      0.00000
     -1.80616      7.10573      0.00000
     -1.79616      6.56283      0.00000
     -1.78616      5.64060      0.00000
     -1.77616      6.13462      0.00000
     -1.76616      6.83984      0.00000
     -1.75616      7.53760      0.00000
     -1.74616      9.23372      0.00000
     -1.73616      8.61840      0.00000
     -1.72616      5.85553      0.00000
     -1.71616      4.25917      0.00000
     -1.70616      4.79218      0.00000
     -1.69616      7.47188      0.00000
     -1.68616      9.87295      0.00000
     -1.67616      8.62368      0.00000
     -1.66616      6.40881      0.00000
     -1.65616      6.06258      0.00000
     -1.64616      5.56190      0.00000
     -1.63616      4.33584      0.00000
     -1.62616      3.03009      0.00000
     -1.61616      3.04480      0.00000
     -1.60616      3.91700      0.00000
     -1.59616      4.01575      0.00000
     -1.58616      3.41490      0.00000
     -1.57616      1.98608      0.00000
     -1.56616      1.19333      0.00000
     -1.55616      1.40403      0.00000
     -1.54616      1.39059      0.00000
     -1.53616      1.31093      0.00000
     -1.52616      1.89064      0.00000
     -1.51616      2.71374      0.00000
     -1.50616      3.68006      0.00000
     -1.49616      3.57190      0.00000
     -1.48616      2.48502      0.00000
     -1.47616      3.23784      0.00000
     -1.46616      4.29634      0.00000
     -1.45616      3.51223      0.00000
     -1.44616      3.25757      0.00000
     -1.43616      3.12810      0.00000
     -1.42616      2.25409      0.00000
     -1.41616      1.05839      0.00000
     -1.40616      0.75997      0.00000
     -1.39616      1.41968      0.00000
     -1.38616      1.77355      0.00000
     -1.37616      1.58419      0.00000
     -1.36616      1.61622      0.00000
     -1.35616      2.28927      0.00000
     -1.34616      3.04263      0.00000
     -1.33616      3.53934      0.00000
     -1.32616      3.72600      0.00000
     -1.31616      3.71779      0.00000
     -1.30616      3.59892      0.00000
     -1.29616      3.24546      0.00000
     -1.28616      2.33941      0.00000
     -1.27616      1.17040      0.00000
     -1.26616      0.52577      0.00000
     -1.25616      0.41850      0.00000
     -1.24616      0.52533      0.00000
     -1.23616      0.72517      0.00000
     -1.22616      1.04746      0.00000
     -1.21616      1.95222      0.00000
     -1.20616      3.50542      0.00000
     -1.19616      4.41083      0.00000
     -1.18616      4.72327      0.00000
     -1.17616      4.19043      0.00000
     -1.16616      3.83137      0.00000
     -1.15616      3.14735      0.00000
     -1.14616      2.47158      0.00000
     -1.13616      2.38932      0.00000
     -1.12616      2.54440      0.00000
     -1.11616      3.09638      0.00000
     -1.10616      3.15625      0.00000
     -1.09616      2.85185      0.00000
     -1.08616      3.07503      0.00000
     -1.07616      2.67780      0.00000
     -1.06616      2.61339      0.00000
     -1.05616      3.01378      0.00000
     -1.04616      2.58768      0.00000
     -1.03616      2.65986      0.00000
     -1.02616      3.35085      0.00000
     -1.01616      3.42216      0.00000
     -1.00616      2.65777      0.00000
     -0.99616      1.98785      0.00000
     -0.98616      2.16272      0.00000
     -0.97616      2.42060      0.00000
     -0.96616      3.07616      0.00000
     -0.95616      3.82825      0.00000
     -0.94616      4.05937      0.00000
     -0.93616      3.62387      0.00000
     -0.92616      1.93979      0.00000
     -0.91616      1.10894      0.00000
     -0.90616      2.38090      0.00000
     -0.89616      5.09114      0.00000
     -0.88616      7.80235      0.00000
     -0.87616      8.11864      0.00000
     -0.86616      6.37043      0.00000
     -0.85616      5.16640      0.00000
     -0.84616      4.96022      0.00000
     -0.83616      5.57444      0.00000
     -0.82616      6.71451      0.00000
     -0.81616      5.77193      0.00000
     -0.80616      3.34959      0.00000
     -0.79616      2.79708      0.00000
     -0.78616      4.49944      0.00000
     -0.77616      5.85817      0.00000
     -0.76616      5.56649      0.00000
     -0.75616      7.00190      0.00000
     -0.74616     10.68176      0.00000
     -0.73616     13.18284      0.00000
     -0.72616     10.98419      0.00000
     -0.71616      7.09862      0.00000
     -0.70616      5.48883      0.00000
     -0.69616      4.52619      0.00000
     -0.68616      4.62223      0.00000
     -0.67616      7.17663      0.00000
     -0.66616      8.15808      0.00000
     -0.65616      6.78446      0.00000
     -0.64616      6.72825      0.00000
     -0.63616      6.57440      0.00000
     -0.62616      6.66652      0.00000
     -0.61616      8.04712      0.00000
     -0.60616      8.41721      0.00000
     -0.59616      7.87852      0.00000
     -0.58616      7.96422      0.00000
     -0.57616      7.25527      0.00000
     -0.56616      5.92895      0.00000
     -0.55616      6.01124      0.00000
     -0.54616      6.65248      0.00000
     -0.53616      7.04305      0.00000
     -0.52616      8.63279      0.00000
     -0.51616     10.48235      0.00000
     -0.50616     10.42486      0.00000
     -0.49616      8.61471      0.00000
     -0.48616      6.77639      0.00000
     -0.47616      5.69306      0.00000
     -0.46616      5.02445      0.00000
     -0.45616      5.52357      0.00000
     -0.44616      5.73843      0.00000
     -0.43616      4.39226      0.00000
     -0.42616      4.83126      0.00000
     -0.41616      6.41215      0.00000
     -0.40616      6.89350      0.00000
     -0.39616      6.91876      0.00000
     -0.38616      6.63117      0.00000
     -0.37616      6.24381      0.00000
     -0.36616      5.06692      0.00000
     -0.35616      5.18728      0.00000
     -0.34616      7.00935      0.00000
     -0.33616      8.28993      0.00000
     -0.32616      8.88549      0.00000
     -0.31616      9.41070      0.00000
     -0.30616      9.17052      0.00000
     -0.29616      7.39782      0.00000
     -0.28616      6.61793      0.00000
     -0.27616      6.47969      0.00000
     -0.26616      5.66494      0.00000
     -0.25616      5.77372      0.00000
     -0.24616      7.07102      0.00000
     -0.23616      7.62831      0.00000
     -0.22616      7.57219      0.00000
     -0.21616      8.24982      0.00000
     -0.20616      8.58479      0.00000
     -0.19616      8.63188      0.00000
     -0.18616      9.29534      0.00000
     -0.17616      8.41265      0.00000
     -0.16616      5.16105      0.00000
     -0.15616      3.31621      0.00000
     -0.14616      4.26794      0.00000
     -0.13616      5.21363      0.00000
     -0.12616      4.81919      0.00000
     -0.11616      4.92129      0.00000
     -0.10616      7.31455      0.00000
     -0.09616      9.09599      0.00000
     -0.08616      7.48088      0.00000
     -0.07616      5.54741      0.00000
     -0.06616      5.38325      0.00000
     -0.05616      5.56615      0.00000
     -0.04616      5.10231      0.00000
     -0.03616      5.57799      0.00000
     -0.02616      6.33550      0.00000
     -0.01616      5.25670      0.00000
     -0.00616      3.96675      0.00000
      0.00384      3.84547      0.00000
      0.01384      4.15872      0.00000
      0.02384      5.70704      0.00000
      0.03384      8.26608      0.00000
      0.04384      8.97601      0.00000
      0.05384      7.23055      0.00000
      0.06384      5.78686      0.00000
      0.07384      4.97299      0.00000
      0.08384      4.84544      0.00000
      0.09384      4.78537      0.00000
      0.10384      4.01359      0.00000
      0.11384      3.94612      0.00000
      0.12384      4.27468      0.00000
      0.13384      4.39672      0.00000
      0.14384      4.59455      0.00000
      0.15384      5.41099      0.00000
      0.16384      6.23332      0.00000
      0.17384      6.52027      0.00000
      0.18384      5.96084      0.00000
      0.19384      4.54481      0.00000
      0.20384      2.94288      0.00000
      0.21384      2.12332      0.00000
      0.22384      2.54057      0.00000
      0.23384      3.18063      0.00000
      0.24384      3.28034      0.00000
      0.25384      3.44125      0.00000
      0.26384      4.35525      0.00000
      0.27384      4.36712      0.00000
      0.28384      3.77522      0.00000
      0.29384      4.99470      0.00000
      0.30384      6.93897      0.00000
      0.31384      7.05117      0.00000
      0.32384      6.63564      0.00000
      0.33384      6.51604      0.00000
      0.34384      5.65295      0.00000
      0.35384      5.17542      0.00000
      0.36384      5.21833      0.00000
      0.37384      4.48413      0.00000
      0.38384      4.44596      0.00000
      0.39384      5.50837      0.00000
      0.40384      5.57392      0.00000
      0.41384      4.56124      0.00000
      0.42384      4.37162      0.00000
      0.43384      4.90982      0.00000
      0.44384      5.54648      0.00000
      0.45384      4.94844      0.00000
      0.46384      4.02638      0.00000
      0.47384      4.99346      0.00000
      0.48384      5.46814      0.00000
      0.49384      5.76232      0.00000
      0.50384      7.12505      0.00000
      0.51384      7.34427      0.00000
      0.52384      6.42207      0.00000
      0.53384      5.62511      0.00000
      0.54384      5.74781      0.00000
      0.55384      5.67719      0.00000
      0.56384      5.42211      0.00000
      0.57384      5.57315      0.00000
      0.58384      5.26752      0.00000
      0.59384      5.16206      0.00000
      0.60384      6.20227      0.00000
      0.61384      7.83968      0.00000
      0.62384      9.27418      0.00000
      0.63384      8.82464      0.00000
      0.64384      8.31868      0.00000
      0.65384      8.71094      0.00000
      0.66384      8.17943      0.00000
      0.67384      8.09012      0.00000
      0.68384      7.63180      0.00000
      0.69384      6.30327      0.00000
      0.70384      5.20895      0.00000
      0.71384      4.71460      0.00000
      0.72384      6.15896      0.00000
      0.73384      7.02658      0.00000
      0.74384      5.54544      0.00000
      0.75384      4.05911      0.00000
      0.76384      3.30552      0.00000
      0.77384      2.94106      0.00000
      0.78384      3.76626      0.00000
      0.79384      5.07342      0.00000
      0.80384      5.41570      0.00000
      0.81384      4.30224      0.00000
      0.82384      3.48381      0.00000
      0.83384      3.80785      0.00000
      0.84384      4.34571      0.00000
      0.85384      3.63006      0.00000
      0.86384      3.19621      0.00000
      0.87384      3.63827      0.00000
      0.88384      4.24193      0.00000
      0.89384      4.24750      0.00000
      0.90384      2.91712      0.00000
      0.91384      2.08025      0.00000
      0.92384      3.47248      0.00000
      0.93384      5.88758      0.00000
      0.94384      6.57188      0.00000
      0.95384      4.83485      0.00000
      0.96384      3.82100      0.00000
      0.97384      4.52720      0.00000
      0.98384      4.92846      0.00000
      0.99384      4.03413      0.00000
      1.00384      2.71206      0.00000
      1.01384      2.51181      0.00000
      1.02384      2.91488      0.00000
      1.03384      2.52319      0.00000
      1.04384      2.23679      0.00000
      1.05384      2.77018      0.00000
      1.06384      3.13510      0.00000
      1.07384      3.51518      0.00000
      1.08384      4.21331      0.00000
      1.09384      3.51591      0.00000
      1.10384      1.96171      0.00000
      1.11384      1.40608      0.00000
      1.12384      1.77490      0.00000
      1.13384      2.53395      0.00000
      1.14384      2.88080      0.00000
      1.15384      2.45277      0.00000
      1.16384      2.39296      0.00000
      1.17384      3.11975      0.00000
      1.18384      3.30247      0.00000
      1.19384      2.41357      0.00000
      1.20384      1.98211      0.00000
      1.21384      2.62813      0.00000
      1.22384      3.56260      0.00000
      1.23384      3.64482      0.00000
      1.24384      3.50618      0.00000
      1.25384      3.72026      0.00000
      1.26384      2.66504      0.00000
      1.27384      1.31902      0.00000
      1.28384      1.01030      0.00000
      1.29384      1.23233      0.00000
      1.30384      1.27562      0.00000
      1.31384      1.46059      0.00000
      1.32384      2.05504      0.00000
      1.33384      2.01354      0.00000
      1.34384      2.12429      0.00000
      1.35384      3.38227      0.00000
      1.36384      3.58518      0.00000
      1.37384      2.22937      0.00000
      1.38384      2.38561      0.00000
      1.39384      4.66506      0.00000
      1.40384      4.97732      0.00000
      1.41384      3.36959      0.00000
      1.42384      2.98560      0.00000
      1.43384      3.70909      0.00000
      1.44384      3.37585      0.00000
      1.45384      1.90466      0.00000
      1.46384      0.81643      0.00000
      1.47384      0.46595      0.00000
      1.48384      0.27458      0.00000
      1.49384      0.35149      0.00000
      1.50384      1.40848      0.00000
      1.51384      3.36999      0.00000
      1.52384      4.00381      0.00000
      1.53384      2.91744      0.00000
      1.54384      2.82533      0.00000
      1.55384      3.41154      0.00000
      1.56384      2.69790      0.00000
      1.57384      1.10140      0.00000
      1.58384      0.25219      0.00000
      1.59384      0.23231      0.00000
      1.60384      1.00790      0.00000
      1.61384      2.16319      0.00000
      1.62384      2.23623      0.00000
      1.63384      1.95130      0.00000
      1.64384      2.54523      0.00000
      1.65384      3.54804      0.00000
      1.66384      4.33125      0.00000
      1.67384      3.76518      0.00000
      1.68384      2.45193      0.00000
      1.69384      2.06836      0.00000
      1.70384      1.90954      0.00000
      1.71384      1.96407      0.00000
      1.72384      2.65738      0.00000
      1.73384      3.30239      0.00000
      1.74384      3.01224      0.00000
      1.75384      1.91900      0.00000
      1.76384      1.42423      0.00000
      1.77384      1.53760      0.00000
      1.78384      2.21481      0.00000
      1.79384      3.52106      0.00000
      1.80384      3.79276      0.00000
      1.81384      2.64862      0.00000
      1.82384      1.53835      0.00000
      1.83384      1.73433      0.00000
      1.84384      2.25415      0.00000
      1.85384      1.78270      0.00000
      1.86384      2.16238      0.00000
      1.87384      3.84573      0.00000
      1.88384      4.19384      0.00000
      1.89384      2.46995      0.00000
      1.90384      0.75092      0.00000
      1.91384      0.39227      0.00000
      1.92384      1.29120      0.00000
      1.93384      3.02604      0.00000
      1.94384      4.23162      0.00000
      1.95384      3.13364      0.00000
      1.96384      1.76756      0.00000
      1.97384      2.66843      0.00000
      1.98384      3.53155      0.00000
      1.99384      2.57861      0.00000
      2.00384      1.94466      0.00000
      2.01384      2.45225      0.00000
      2.02384      3.40669      0.00000
      2.03384      3.56459      0.00000
      2.04384      3.44081      0.00000
      2.05384      3.62600      0.00000
      2.06384      3.76379      0.00000
      2.07384      3.89302      0.00000
      2.08384      3.51969      0.00000
      2.09384      2.67829      0.00000
      2.10384      2.32988      0.00000
      2.11384      2.33991      0.00000
      2.12384      1.85451      0.00000
      2.13384      1.68102      0.00000
      2.14384      2.56965      0.00000
      2.15384      3.19026      0.00000
      2.16384      2.94504      0.00000
      2.17384      2.52911      0.00000
      2.18384      2.16304      0.00000
      2.19384      2.10281      0.00000
      2.20384      2.64546      0.00000
      2.21384      3.25055      0.00000
      2.22384      3.21674      0.00000
      2.23384      2.69172      0.00000
      2.24384      1.82813      0.00000
      2.25384      0.97549      0.00000
      2.26384      0.61912      0.00000
      2.27384      1.37411      0.00000
      2.28384      2.66165      0.00000
      2.29384      2.89237      0.00000
      2.30384      2.52186      0.00000
      2.31384      2.42041      0.00000
      2.32384      1.80927      0.00000
      2.33384      1.19032      0.00000
      2.34384      1.47571      0.00000
      2.35384      2.40894      0.00000
      2.36384      2.96863      0.00000
      2.37384      2.56718      0.00000
      2.38384      1.79090      0.00000
      2.39384      1.44801      0.00000
      2.40384      2.12714      0.00000
      2.41384      3.39670      0.00000
      2.42384      3.88926      0.00000
      2.43384      3.99410      0.00000
      2.44384      4.71100      0.00000
      2.45384      5.67124      0.00000
      2.46384      4.67415      0.00000
      2.47384      2.74768      0.00000
      2.48384      1.40655      0.00000
      2.49384      0.93721      0.00000
      2.50384      0.63869      0.00000
      2.51384      0.75410      0.00000
      2.52384      1.86739      0.00000
      2.53384      2.77004      0.00000
      2.54384      2.44772      0.00000
      2.55384      1.97598      0.00000
      2.56384      1.88202      0.00000
      2.57384      2.14623      0.00000
      2.58384      2.81400      0.00000
      2.59384      2.60512      0.00000
      2.60384      2.08093      0.00000
      2.61384      2.19676      0.00000
      2.62384      2.44824      0.00000
      2.63384      2.71736      0.00000
      2.64384      2.92996      0.00000
      2.65384      3.03229      0.00000
      2.66384      2.32850      0.00000
      2.67384      1.40366      0.00000
      2.68384      1.17042      0.00000
      2.69384      1.83872      0.00000
      2.70384      2.92366      0.00000
      2.71384      3.97910      0.00000
      2.72384      5.03149      0.00000
      2.73384      4.00381      0.00000
      2.74384      2.06318      0.00000
      2.75384      1.66124      0.00000
      2.76384      1.94695      0.00000
      2.77384      1.93724      0.00000
      2.78384      1.24916      0.00000
      2.79384      0.47787      0.00000
      2.80384      0.41636      0.00000
      2.81384      1.28513      0.00000
      2.82384      2.52911      0.00000
      2.83384      3.05598      0.00000
      2.84384      2.79240      0.00000
      2.85384      2.81646      0.00000
      2.86384      2.95048      0.00000
      2.87384      3.41061      0.00000
      2.88384      4.51941      0.00000
      2.89384      5.62407      0.00000
      2.90384      5.41063      0.00000
      2.91384      3.66413      0.00000
      2.92384      2.35495      0.00000
      2.93384      2.83474      0.00000
      2.94384      3.52080      0.00000
      2.95384      4.04015      0.00000
      2.96384      4.04488      0.00000
      2.97384      3.32863      0.00000
      2.98384      2.36383      0.00000
      2.99384      1.82601      0.00000
      3.00384      1.94135      0.00000
      3.01384      2.35267      0.00000
      3.02384      2.80369      0.00000
      3.03384      2.16760      0.00000
      3.04384      1.72211      0.00000
      3.05384      2.08444      0.00000
      3.06384      1.90242      0.00000
      3.07384      1.32592      0.00000
      3.08384      1.08230      0.00000
      3.09384      1.18451      0.00000
      3.10384      1.67331      0.00000
      3.11384      2.06612      0.00000
      3.12384      2.40119      0.00000
      3.13384      2.67338      0.00000
      3.14384      2.96745      0.00000
      3.15384      3.18493      0.00000
      3.16384      3.87957      0.00000
      3.17384      4.52571      0.00000
      3.18384      3.97438      0.00000
      3.19384      3.34291      0.00000
      3.20384      2.67948      0.00000
      3.21384      2.19975      0.00000
      3.22384      1.61551      0.00000
      3.23384      1.21148      0.00000
      3.24384      1.20852      0.00000
      3.25384      1.32913      0.00000
      3.26384      1.81193      0.00000
      3.27384      2.74653      0.00000
      3.28384      3.14216      0.00000
      3.29384      2.53024      0.00000
      3.30384      2.14915      0.00000
      3.31384      1.94118      0.00000
      3.32384      2.02402      0.00000
      3.33384      2.64134      0.00000
      3.34384      3.49335      0.00000
      3.35384      3.83504      0.00000
      3.36384      2.94313      0.00000
      3.37384      2.85064      0.00000
      3.38384      3.48073      0.00000
      3.39384      3.24850      0.00000
      3.40384      3.26659      0.00000
      3.41384      3.86339      0.00000
      3.42384      4.25238      0.00000
      3.43384      4.34045      0.00000
      3.44384      4.37860      0.00000
      3.45384      4.24550      0.00000
      3.46384      4.02721      0.00000
      3.47384      3.92369      0.00000
      3.48384      3.77490      0.00000
      3.49384      3.47188      0.00000
      3.50384      3.19403      0.00000
      3.51384      2.85228      0.00000
      3.52384      2.05336      0.00000
      3.53384      1.61531      0.00000
      3.54384      2.26032      0.00000
