Energy-E_F (eV)    DOS (1/eV)    PDOS (1/eV)  of atom type Pt 
     -4.99000      0.32159      0.32159
     -4.98000      0.36726      0.36726
     -4.97000      2.56254      2.56254
     -4.96000      7.22525      7.22525
     -4.95000      9.75666      9.75666
     -4.94000      9.89563      9.89563
     -4.93000      8.91243      8.91243
     -4.92000      8.64286      8.64286
     -4.91000      6.48404      6.48404
     -4.90000      2.12546      2.12546
     -4.89000      0.26813      0.26813
     -4.88000      0.13981      0.13981
     -4.87000      1.04270      1.04270
     -4.86000      3.12692      3.12692
     -4.85000      3.45038      3.45038
     -4.84000      1.40255      1.40255
     -4.83000      0.26698      0.26698
     -4.82000      0.65397      0.65397
     -4.81000      2.85583      2.85583
     -4.80000      6.72371      6.72371
     -4.79000     12.52243     12.52243
     -4.78000     15.45839     15.45839
     -4.77000     11.56030     11.56030
     -4.76000     10.10518     10.10518
     -4.75000      9.56500      9.56500
     -4.74000      6.46351      6.46351
     -4.73000      4.75299      4.75299
     -4.72000      3.58850      3.58850
     -4.71000      4.59550      4.59550
     -4.70000      7.46854      7.46854
     -4.69000      5.36431      5.36431
     -4.68000      2.73239      2.73239
     -4.67000      6.47681      6.47681
     -4.66000     11.10534     11.10534
     -4.65000      7.27529      7.27529
     -4.64000      1.99845      1.99845
     -4.63000      2.07782      2.07782
     -4.62000      6.17959      6.17959
     -4.61000      8.37007      8.37007
     -4.60000      8.20617      8.20617
     -4.59000      8.26647      8.26647
     -4.58000      6.99765      6.99765
     -4.57000      9.95167      9.95167
     -4.56000     10.40593     10.40593
     -4.55000      4.37274      4.37274
     -4.54000      0.69066      0.69066
     -4.53000      0.04072      0.04072
     -4.52000      0.00301      0.00301
     -4.51000      0.07323      0.07323
     -4.50000      0.93023      0.93023
     -4.49000      4.34719      4.34719
     -4.48000      7.47362      7.47362
     -4.47000      4.72671      4.72671
     -4.46000      1.10038      1.10038
     -4.45000      0.12337      0.12337
     -4.44000      0.51050      0.51050
     -4.43000      3.45787      3.45787
     -4.42000     10.29955     10.29955
     -4.41000     16.07848     16.07848
     -4.40000     14.76622     14.76622
     -4.39000      8.97929      8.97929
     -4.38000      5.88536      5.88536
     -4.37000      7.88471      7.88471
     -4.36000     11.73639     11.73639
     -4.35000     11.06691     11.06691
     -4.34000      7.78945      7.78945
     -4.33000     10.61561     10.61561
     -4.32000     16.48828     16.48828
     -4.31000     16.94350     16.94350
     -4.30000     15.22650     15.22650
     -4.29000     16.39481     16.39481
     -4.28000     14.21321     14.21321
     -4.27000     10.29675     10.29675
     -4.26000      7.43839      7.43839
     -4.25000      2.83275      2.83275
     -4.24000      0.41995      0.41995
     -4.23000      0.02312      0.02312
     -4.22000      0.00409      0.00409
     -4.21000      0.09744      0.09744
     -4.20000      1.03793      1.03793
     -4.19000      4.87624      4.87624
     -4.18000     11.39131     11.39131
     -4.17000     14.48413     14.48413
     -4.16000     13.15802     13.15802
     -4.15000     11.58576     11.58576
     -4.14000      6.80378      6.80378
     -4.13000      1.93573      1.93573
     -4.12000      0.25103      0.25103
     -4.11000      0.16475      0.16475
     -4.10000      0.72283      0.72283
     -4.09000      1.33577      1.33577
     -4.08000      1.63660      1.63660
     -4.07000      3.14194      3.14194
     -4.06000      4.58216      4.58216
     -4.05000      5.73779      5.73779
     -4.04000      7.59357      7.59357
     -4.03000      8.40614      8.40614
     -4.02000      8.16692      8.16692
     -4.01000      4.25380      4.25380
     -4.00000      1.17770      1.17770
     -3.99000      2.42658      2.42658
     -3.98000      7.38982      7.38982
     -3.97000     11.83748     11.83748
     -3.96000     15.37031     15.37031
     -3.95000     15.52852     15.52852
     -3.94000      7.92876      7.92876
     -3.93000      2.34548      2.34548
     -3.92000      4.02896      4.02896
     -3.91000      9.51105      9.51105
     -3.90000     13.83709     13.83709
     -3.89000     16.00533     16.00533
     -3.88000     11.28241     11.28241
     -3.87000      3.62777      3.62777
     -3.86000      0.50472      0.50472
     -3.85000      0.42041      0.42041
     -3.84000      1.99988      1.99988
     -3.83000      3.71634      3.71634
     -3.82000      2.62912      2.62912
     -3.81000      1.89024      1.89024
     -3.80000      7.57945      7.57945
     -3.79000     22.43183     22.43183
     -3.78000     36.95694     36.95694
     -3.77000     33.87142     33.87142
     -3.76000     19.06103     19.06103
     -3.75000     10.82443     10.82443
     -3.74000      7.88020      7.88020
     -3.73000     10.50765     10.50765
     -3.72000     14.63488     14.63488
     -3.71000     15.66272     15.66272
     -3.70000     12.95125     12.95125
     -3.69000     10.49286     10.49286
     -3.68000      9.02501      9.02501
     -3.67000      4.50629      4.50629
     -3.66000      1.04610      1.04610
     -3.65000      0.71458      0.71458
     -3.64000      2.54959      2.54959
     -3.63000      4.14589      4.14589
     -3.62000      4.15673      4.15673
     -3.61000      4.79072      4.79072
     -3.60000      5.67998      5.67998
     -3.59000      8.56265      8.56265
     -3.58000     12.51624     12.51624
     -3.57000     12.84974     12.84974
     -3.56000     12.97745     12.97745
     -3.55000     12.45842     12.45842
     -3.54000      7.87051      7.87051
     -3.53000      3.61947      3.61947
     -3.52000      1.96517      1.96517
     -3.51000      4.94813      4.94813
     -3.50000      9.21226      9.21226
     -3.49000     10.21949     10.21949
     -3.48000      8.14354      8.14354
     -3.47000      3.57002      3.57002
     -3.46000      2.04780      2.04780
     -3.45000      3.58954      3.58954
     -3.44000      3.82007      3.82007
     -3.43000      7.15859      7.15859
     -3.42000     20.61418     20.61418
     -3.41000     30.07520     30.07520
     -3.40000     20.03208     20.03208
     -3.39000      5.94882      5.94882
     -3.38000      0.75499      0.75499
     -3.37000      0.03930      0.03930
     -3.36000      0.00080      0.00080
     -3.35000      0.00061      0.00061
     -3.34000      0.02841      0.02841
     -3.33000      0.48834      0.48834
     -3.32000      3.14665      3.14665
     -3.31000      8.12566      8.12566
     -3.30000     10.68050     10.68050
     -3.29000     10.53201     10.53201
     -3.28000      8.22276      8.22276
     -3.27000      4.31121      4.31121
     -3.26000      1.38296      1.38296
     -3.25000      2.19066      2.19066
     -3.24000      8.72451      8.72451
     -3.23000     14.47872     14.47872
     -3.22000      9.42275      9.42275
     -3.21000      2.39503      2.39503
     -3.20000      0.24677      0.24677
     -3.19000      0.22594      0.22594
     -3.18000      1.65866      1.65866
     -3.17000      5.62866      5.62866
     -3.16000      9.51609      9.51609
     -3.15000      7.86923      7.86923
     -3.14000      2.80928      2.80928
     -3.13000      0.39342      0.39342
     -3.12000      0.02077      0.02077
     -3.11000      0.00498      0.00498
     -3.10000      0.12462      0.12462
     -3.09000      1.27905      1.27905
     -3.08000      4.96906      4.96906
     -3.07000      7.32628      7.32628
     -3.06000      4.10511      4.10511
     -3.05000      0.95451      0.95451
     -3.04000      1.08124      1.08124
     -3.03000      4.53654      4.53654
     -3.02000      7.48019      7.48019
     -3.01000      4.53948      4.53948
     -3.00000      1.01459      1.01459
     -2.99000      0.12867      0.12867
     -2.98000      0.67526      0.67526
     -2.97000      3.67050      3.67050
     -2.96000      7.52101      7.52101
     -2.95000      7.09318      7.09318
     -2.94000      7.20979      7.20979
     -2.93000      7.35743      7.35743
     -2.92000      3.46714      3.46714
     -2.91000      2.10650      2.10650
     -2.90000      7.02118      7.02118
     -2.89000     13.23269     13.23269
     -2.88000     10.96306     10.96306
     -2.87000      3.98787      3.98787
     -2.86000      0.61178      0.61178
     -2.85000      0.03870      0.03870
     -2.84000      0.04748      0.04748
     -2.83000      0.79041      0.79041
     -2.82000      5.23027      5.23027
     -2.81000     14.16175     14.16175
     -2.80000     17.16868     17.16868
     -2.79000     11.31921     11.31921
     -2.78000      5.45935      5.45935
     -2.77000      1.78321      1.78321
     -2.76000      0.27278      0.27278
     -2.75000      0.01632      0.01632
     -2.74000      0.00036      0.00036
     -2.73000      0.00000      0.00000
     -2.72000      0.00255      0.00255
     -2.71000      0.09897      0.09897
     -2.70000      1.44893      1.44893
     -2.69000      8.12705      8.12705
     -2.68000     18.15905     18.15905
     -2.67000     18.80910     18.80910
     -2.66000     14.25250     14.25250
     -2.65000      9.76079      9.76079
     -2.64000      3.72175      3.72175
     -2.63000      0.69811      0.69811
     -2.62000      0.98775      0.98775
     -2.61000      3.02084      3.02084
     -2.60000      3.54487      3.54487
     -2.59000      1.96572      1.96572
     -2.58000      3.70073      3.70073
     -2.57000      9.74687      9.74687
     -2.56000     10.22685     10.22685
     -2.55000      5.41622      5.41622
     -2.54000      6.20836      6.20836
     -2.53000      8.08490      8.08490
     -2.52000      6.36205      6.36205
     -2.51000      5.54441      5.54441
     -2.50000      8.35128      8.35128
     -2.49000     13.81330     13.81330
     -2.48000     11.48554     11.48554
     -2.47000      3.99724      3.99724
     -2.46000      0.55823      0.55823
     -2.45000      0.03034      0.03034
     -2.44000      0.00241      0.00241
     -2.43000      0.06738      0.06738
     -2.42000      0.96050      0.96050
     -2.41000      5.39727      5.39727
     -2.40000     12.53362     12.53362
     -2.39000     12.98313     12.98313
     -2.38000      9.11599      9.11599
     -2.37000     10.50046     10.50046
     -2.36000      9.55041      9.55041
     -2.35000      4.05262      4.05262
     -2.34000      2.79495      2.79495
     -2.33000      8.08627      8.08627
     -2.32000     11.10562     11.10562
     -2.31000      6.42049      6.42049
     -2.30000      4.92948      4.92948
     -2.29000      7.18612      7.18612
     -2.28000      5.73688      5.73688
     -2.27000      4.85014      4.85014
     -2.26000      7.39445      7.39445
     -2.25000      5.87907      5.87907
     -2.24000      2.83623      2.83623
     -2.23000      3.94672      3.94672
     -2.22000      6.73825      6.73825
     -2.21000      9.44105      9.44105
     -2.20000      9.21861      9.21861
     -2.19000      7.07759      7.07759
     -2.18000      9.19566      9.19566
     -2.17000     13.26407     13.26407
     -2.16000     12.44379     12.44379
     -2.15000      8.36140      8.36140
     -2.14000      3.06561      3.06561
     -2.13000      0.46242      0.46242
     -2.12000      0.02626      0.02626
     -2.11000      0.00057      0.00057
     -2.10000      0.00123      0.00123
     -2.09000      0.03698      0.03698
     -2.08000      0.40848      0.40848
     -2.07000      1.66135      1.66135
     -2.06000      2.53062      2.53062
     -2.05000      1.99009      1.99009
     -2.04000      3.35419      3.35419
     -2.03000      6.28087      6.28087
     -2.02000      7.20423      7.20423
     -2.01000      8.21897      8.21897
     -2.00000      6.70428      6.70428
     -1.99000      4.15548      4.15548
     -1.98000      6.45616      6.45616
     -1.97000      6.93649      6.93649
     -1.96000      2.84214      2.84214
     -1.95000      0.42912      0.42912
     -1.94000      0.03525      0.03525
     -1.93000      0.21117      0.21117
     -1.92000      1.46922      1.46922
     -1.91000      4.18044      4.18044
     -1.90000      5.83584      5.83584
     -1.89000      4.71612      4.71612
     -1.88000      1.96052      1.96052
     -1.87000      0.34914      0.34914
     -1.86000      0.20478      0.20478
     -1.85000      1.87728      1.87728
     -1.84000      7.95520      7.95520
     -1.83000     15.43773     15.43773
     -1.82000     16.60977     16.60977
     -1.81000     11.19323     11.19323
     -1.80000      6.66292      6.66292
     -1.79000      8.18457      8.18457
     -1.78000      9.51495      9.51495
     -1.77000      6.41774      6.41774
     -1.76000      6.38453      6.38453
     -1.75000     10.56994     10.56994
     -1.74000      8.48212      8.48212
     -1.73000      2.68143      2.68143
     -1.72000      0.33692      0.33692
     -1.71000      0.30426      0.30426
     -1.70000      2.61789      2.61789
     -1.69000      8.73102      8.73102
     -1.68000     10.73894     10.73894
     -1.67000      4.90061      4.90061
     -1.66000      1.45327      1.45327
     -1.65000      5.30479      5.30479
     -1.64000     17.43912     17.43912
     -1.63000     25.21159     25.21159
     -1.62000     18.07013     18.07013
     -1.61000      7.23208      7.23208
     -1.60000      3.78157      3.78157
     -1.59000      8.69270      8.69270
     -1.58000     11.89610     11.89610
     -1.57000      6.49644      6.49644
     -1.56000      1.38906      1.38906
     -1.55000      0.13481      0.13481
     -1.54000      0.32259      0.32259
     -1.53000      2.03476      2.03476
     -1.52000      5.41497      5.41497
     -1.51000      6.47865      6.47865
     -1.50000      3.55508      3.55508
     -1.49000      0.84424      0.84424
     -1.48000      0.08047      0.08047
     -1.47000      0.00293      0.00293
     -1.46000      0.00004      0.00004
     -1.45000      0.00000      0.00000
     -1.44000      0.00009      0.00009
     -1.43000      0.00487      0.00487
     -1.42000      0.10179      0.10179
     -1.41000      0.79777      0.79777
     -1.40000      2.53860      2.53860
     -1.39000      4.17471      4.17471
     -1.38000      4.54951      4.54951
     -1.37000      2.72500      2.72500
     -1.36000      0.86124      0.86124
     -1.35000      1.36601      1.36601
     -1.34000      3.37820      3.37820
     -1.33000      3.21972      3.21972
     -1.32000      1.12963      1.12963
     -1.31000      0.14601      0.14601
     -1.30000      0.01734      0.01734
     -1.29000      0.19530      0.19530
     -1.28000      1.34498      1.34498
     -1.27000      3.40953      3.40953
     -1.26000      3.17965      3.17965
     -1.25000      1.09086      1.09086
     -1.24000      0.13768      0.13768
     -1.23000      0.00791      0.00791
     -1.22000      0.06734      0.06734
     -1.21000      1.10173      1.10173
     -1.20000      6.77915      6.77915
     -1.19000     16.45092     16.45092
     -1.18000     17.89084     17.89084
     -1.17000     10.35936     10.35936
     -1.16000      3.38273      3.38273
     -1.15000      1.91899      1.91899
     -1.14000      4.18633      4.18633
     -1.13000      7.67924      7.67924
     -1.12000     14.51763     14.51763
     -1.11000     17.34278     17.34278
     -1.10000     10.38181     10.38181
     -1.09000      7.42848      7.42848
     -1.08000      9.00231      9.00231
     -1.07000      7.25521      7.25521
     -1.06000      3.79175      3.79175
     -1.05000      1.59341      1.59341
     -1.04000      2.56206      2.56206
     -1.03000      4.28021      4.28021
     -1.02000      5.36003      5.36003
     -1.01000      7.62804      7.62804
     -1.00000      6.65012      6.65012
     -0.99000      6.93836      6.93836
     -0.98000     13.30216     13.30216
     -0.97000     12.82097     12.82097
     -0.96000      4.83566      4.83566
     -0.95000      0.70561      0.70561
     -0.94000      0.14242      0.14242
     -0.93000      0.91580      0.91580
     -0.92000      2.97806      2.97806
     -0.91000      3.71457      3.71457
     -0.90000      3.15095      3.15095
     -0.89000      6.12208      6.12208
     -0.88000      8.99517      8.99517
     -0.87000      7.11777      7.11777
     -0.86000      3.50031      3.50031
     -0.85000      1.55652      1.55652
     -0.84000      3.83050      3.83050
     -0.83000      7.36737      7.36737
     -0.82000      5.33018      5.33018
     -0.81000      1.41941      1.41941
     -0.80000      0.14233      0.14233
     -0.79000      0.11602      0.11602
     -0.78000      1.44256      1.44256
     -0.77000      7.40935      7.40935
     -0.76000     15.84561     15.84561
     -0.75000     15.87507     15.87507
     -0.74000      9.70841      9.70841
     -0.73000      4.48196      4.48196
     -0.72000      1.22215      1.22215
     -0.71000      0.18757      0.18757
     -0.70000      0.65087      0.65087
     -0.69000      3.57703      3.57703
     -0.68000      7.30848      7.30848
     -0.67000      5.49673      5.49673
     -0.66000      1.57419      1.57419
     -0.65000      0.91152      0.91152
     -0.64000      4.02678      4.02678
     -0.63000      9.08702      9.08702
     -0.62000     13.96803     13.96803
     -0.61000     20.45866     20.45866
     -0.60000     18.10788     18.10788
     -0.59000      7.46770      7.46770
     -0.58000      3.57154      3.57154
     -0.57000     10.47858     10.47858
     -0.56000     18.02575     18.02575
     -0.55000     14.32439     14.32439
     -0.54000     10.46832     10.46832
     -0.53000     15.90837     15.90837
     -0.52000     23.88992     23.88992
     -0.51000     22.02333     22.02333
     -0.50000     13.41401     13.41401
     -0.49000      9.25360      9.25360
     -0.48000      5.23445      5.23445
     -0.47000      1.72250      1.72250
     -0.46000      2.56162      2.56162
     -0.45000      6.23143      6.23143
     -0.44000     10.11157     10.11157
     -0.43000     12.81166     12.81166
     -0.42000     14.26019     14.26019
     -0.41000     13.18631     13.18631
     -0.40000      9.85459      9.85459
     -0.39000      4.48257      4.48257
     -0.38000      1.18310      1.18310
     -0.37000      2.39539      2.39539
     -0.36000      7.30129      7.30129
     -0.35000     10.29089     10.29089
     -0.34000      8.08877      8.08877
     -0.33000      5.44970      5.44970
     -0.32000      2.90747      2.90747
     -0.31000      0.73639      0.73639
     -0.30000      0.07220      0.07220
     -0.29000      0.00332      0.00332
     -0.28000      0.02643      0.02643
     -0.27000      0.37266      0.37266
     -0.26000      1.93587      1.93587
     -0.25000      3.69954      3.69954
     -0.24000      2.60091      2.60091
     -0.23000      0.67268      0.67268
     -0.22000      0.06408      0.06408
     -0.21000      0.00717      0.00717
     -0.20000      0.11412      0.11412
     -0.19000      0.97158      0.97158
     -0.18000      3.04383      3.04383
     -0.17000      3.51648      3.51648
     -0.16000      1.72430      1.72430
     -0.15000      2.70042      2.70042
     -0.14000     10.01651     10.01651
     -0.13000     17.02587     17.02587
     -0.12000     15.04599     15.04599
     -0.11000      8.58708      8.58708
     -0.10000      3.44749      3.44749
     -0.09000      3.20313      3.20313
     -0.08000      3.62365      3.62365
     -0.07000      1.67142      1.67142
     -0.06000      0.28483      0.28483
     -0.05000      0.01786      0.01786
     -0.04000      0.00036      0.00036
     -0.03000     -0.00186     -0.00186
     -0.02000     -0.02271     -0.02271
     -0.01000     -0.10178     -0.10178
      0.00000     -0.16781     -0.16781
      0.01000     -0.10178     -0.10178
      0.02000     -0.02271     -0.02271
      0.03000     -0.00186     -0.00186
      0.04000     -0.00006     -0.00006
      0.05000     -0.00000     -0.00000
      0.06000      0.00000      0.00000
      0.07000      0.00000      0.00000
      0.08000      0.00000      0.00000
      0.09000      0.00000      0.00000
      0.10000      0.00000      0.00000
      0.11000      0.00000      0.00000
      0.12000      0.00000      0.00000
      0.13000      0.00000      0.00000
      0.14000      0.00000      0.00000
      0.15000      0.00000      0.00000
      0.16000      0.00000      0.00000
      0.17000      0.00115      0.00115
      0.18000      0.03891      0.03891
      0.19000      0.48449      0.48449
      0.20000      2.21954      2.21954
      0.21000      3.76043      3.76043
      0.22000      2.72311      2.72311
      0.23000      3.55550      3.55550
      0.24000      8.94761      8.94761
      0.25000     10.29070     10.29070
      0.26000      4.62641      4.62641
      0.27000      0.79859      0.79859
      0.28000      0.05225      0.05225
      0.29000      0.00136      0.00136
      0.30000      0.00577      0.00577
      0.31000      0.15437      0.15437
      0.32000      1.51818      1.51818
      0.33000      5.49273      5.49273
      0.34000      7.31137      7.31137
      0.35000      3.61016      3.61016
      0.36000      1.15711      1.15711
      0.37000      3.23536      3.23536
      0.38000      7.68779      7.68779
      0.39000      8.33937      8.33937
      0.40000      5.64797      5.64797
      0.41000      3.22769      3.22769
      0.42000      3.40431      3.40431
      0.43000      3.65257      3.65257
      0.44000      2.18786      2.18786
      0.45000      2.72848      2.72848
      0.46000      3.74099      3.74099
      0.47000      2.06803      2.06803
      0.48000      0.42219      0.42219
      0.49000      0.03171      0.03171
      0.50000      0.00088      0.00088
      0.51000      0.00000      0.00000
      0.52000      0.00000      0.00000
      0.53000      0.00000      0.00000
      0.54000      0.00000      0.00000
      0.55000      0.00000      0.00000
      0.56000      0.00000      0.00000
      0.57000      0.00000      0.00000
      0.58000      0.00000      0.00000
      0.59000      0.00000      0.00000
      0.60000      0.00000      0.00000
      0.61000      0.00000      0.00000
      0.62000      0.00000      0.00000
      0.63000      0.00000      0.00000
      0.64000      0.00000      0.00000
      0.65000      0.00000      0.00000
      0.66000      0.00000      0.00000
      0.67000      0.00009      0.00009
      0.68000      0.00547      0.00547
      0.69000      0.12307      0.12307
      0.70000      1.01825      1.01825
      0.71000      3.09929      3.09929
      0.72000      3.47035      3.47035
      0.73000      1.42952      1.42952
      0.74000      0.21663      0.21663
      0.75000      0.01208      0.01208
      0.76000      0.00025      0.00025
      0.77000      0.00000      0.00000
      0.78000      0.00000      0.00000
      0.79000      0.00000      0.00000
      0.80000      0.00000      0.00000
      0.81000      0.00000      0.00000
      0.82000      0.00000      0.00000
      0.83000      0.00000      0.00000
      0.84000      0.00011      0.00011
      0.85000      0.00720      0.00720
      0.86000      0.18157      0.18157
      0.87000      1.68357      1.68357
      0.88000      5.74287      5.74287
      0.89000      7.20664      7.20664
      0.90000      3.32691      3.32691
      0.91000      0.56501      0.56501
      0.92000      0.03530      0.03530
      0.93000      0.00081      0.00081
      0.94000      0.00000      0.00000
      0.95000      0.00000      0.00000
      0.96000      0.00000      0.00000
      0.97000      0.00000      0.00000
      0.98000      0.00000      0.00000
      0.99000      0.00000      0.00000
      1.00000      0.00000      0.00000
      1.01000      0.00000      0.00000
      1.02000      0.00000      0.00000
      1.03000      0.00000      0.00000
      1.04000      0.00000      0.00000
      1.05000      0.00000      0.00000
      1.06000      0.00000      0.00000
      1.07000      0.00000      0.00000
      1.08000      0.00000      0.00000
      1.09000      0.00000      0.00000
      1.10000      0.00000      0.00000
      1.11000      0.00000      0.00000
      1.12000      0.00000      0.00000
      1.13000      0.00000      0.00000
      1.14000      0.00000      0.00000
      1.15000      0.00096      0.00096
      1.16000      0.04008      0.04008
      1.17000      0.61693      0.61693
      1.18000      3.49366      3.49366
      1.19000      7.27825      7.27825
      1.20000      5.57795      5.57795
      1.21000      1.57098      1.57098
      1.22000      0.14633      0.14633
      1.23000     -0.05500     -0.05500
      1.24000     -0.08206     -0.08206
      1.25000     -0.04055     -0.04055
      1.26000     -0.00718     -0.00718
      1.27000      0.01070      0.01070
      1.28000      0.25008      0.25008
      1.29000      2.05663      2.05663
      1.30000      6.22171      6.22171
      1.31000      6.92419      6.92419
      1.32000      2.83487      2.83487
      1.33000      0.42698      0.42698
      1.34000      0.02366      0.02366
      1.35000      0.00048      0.00048
      1.36000      0.00000      0.00000
      1.37000      0.00000      0.00000
      1.38000      0.00000      0.00000
      1.39000      0.00000      0.00000
      1.40000      0.00000      0.00000
      1.41000      0.00000      0.00000
      1.42000      0.00093      0.00093
      1.43000      0.03908      0.03908
      1.44000      0.60624      0.60624
      1.45000      3.46003      3.46003
      1.46000      7.26474      7.26474
      1.47000      5.61133      5.61133
      1.48000      1.59447      1.59447
      1.49000      0.16668      0.16668
      1.50000      0.00641      0.00641
      1.51000      0.00009      0.00009
      1.52000      0.00000      0.00000
      1.53000      0.00000      0.00000
      1.54000      0.00000      0.00000
      1.55000      0.00000      0.00000
      1.56000      0.00000      0.00000
      1.57000      0.00000      0.00000
      1.58000      0.00000      0.00000
      1.59000      0.00000      0.00000
      1.60000      0.00007      0.00007
      1.61000      0.00513      0.00513
      1.62000      0.14147      0.14147
      1.63000      1.43535      1.43535
      1.64000      5.35733      5.35733
      1.65000      7.35607      7.35607
      1.66000      3.71854      3.71854
      1.67000      0.78079      0.78079
      1.68000      1.11719      1.11719
      1.69000      4.66624      4.66624
      1.70000      7.53615      7.53615
      1.71000      5.20779      5.20779
      1.72000      4.95130      4.95130
      1.73000      7.48058      7.48058
      1.74000      5.08132      5.08132
      1.75000      1.28928      1.28928
      1.76000      0.12109      0.12109
      1.77000      0.00421      0.00421
      1.78000      0.00005      0.00005
      1.79000      0.00000      0.00000
      1.80000      0.00000      0.00000
      1.81000      0.00000      0.00000
      1.82000      0.00000      0.00000
      1.83000      0.00000      0.00000
      1.84000      0.00000      0.00000
      1.85000      0.00000      0.00000
      1.86000      0.00000      0.00000
      1.87000      0.00000      0.00000
      1.88000      0.00000      0.00000
      1.89000      0.00000      0.00000
      1.90000      0.00000      0.00000
      1.91000      0.00000      0.00000
      1.92000      0.00000      0.00000
      1.93000      0.00000      0.00000
      1.94000      0.00000      0.00000
      1.95000      0.00000      0.00000
      1.96000      0.00000      0.00000
      1.97000      0.00000      0.00000
      1.98000      0.00000      0.00000
      1.99000      0.00000      0.00000
      2.00000      0.00000      0.00000
      2.01000      0.00000      0.00000
      2.02000      0.00000      0.00000
      2.03000      0.00000      0.00000
      2.04000      0.00071      0.00071
      2.05000      0.02693      0.02693
      2.06000      0.37786      0.37786
      2.07000      1.95024      1.95024
      2.08000      3.70299      3.70299
      2.09000      2.58656      2.58656
      2.10000      0.66466      0.66466
      2.11000      0.06283      0.06283
      2.12000      0.00219      0.00219
      2.13000      0.00003      0.00003
      2.14000      0.00008      0.00008
      2.15000      0.00529      0.00529
      2.16000      0.13103      0.13103
      2.17000      1.25122      1.25122
      2.18000      4.70726      4.70726
      2.19000      7.11741      7.11741
      2.20000      4.35884      4.35884
      2.21000      1.07140      1.07140
      2.22000      0.10355      0.10355
      2.23000      0.00385      0.00385
      2.24000      0.00005      0.00005
      2.25000      0.00000      0.00000
      2.26000      0.00000      0.00000
      2.27000      0.00000      0.00000
      2.28000      0.00000      0.00000
      2.29000      0.00000      0.00000
      2.30000      0.00000      0.00000
      2.31000      0.00000      0.00000
      2.32000      0.00000      0.00000
      2.33000      0.00000      0.00000
      2.34000      0.00000      0.00000
      2.35000      0.00000      0.00000
      2.36000      0.00000      0.00000
      2.37000      0.00000      0.00000
      2.38000      0.00009      0.00009
      2.39000      0.00631      0.00631
      2.40000      0.16481      0.16481
      2.41000      1.58305      1.58305
      2.42000      5.59392      5.59392
      2.43000      7.27194      7.27194
      2.44000      3.48248      3.48248
      2.45000      0.72500      0.72500
      2.46000      1.00635      1.00635
      2.47000      3.03874      3.03874
      2.48000      3.51168      3.51168
      2.49000      1.49834      1.49834
      2.50000      0.37237      0.37237
      2.51000      1.43086      1.43086
      2.52000      5.32734      5.32734
      2.53000      7.36516      7.36516
      2.54000      3.74613      3.74613
      2.55000      0.70120      0.70120
      2.56000      0.06237      0.06237
      2.57000      0.29689      0.29689
      2.58000      2.27831      2.27831
      2.59000      6.45848      6.45848
      2.60000      6.73526      6.73526
      2.61000      2.58395      2.58395
      2.62000      0.36469      0.36469
      2.63000      0.01893      0.01893
      2.64000      0.00036      0.00036
      2.65000      0.00000      0.00000
      2.66000      0.00000      0.00000
      2.67000      0.00000      0.00000
      2.68000      0.00000      0.00000
      2.69000      0.00000      0.00000
      2.70000      0.00000      0.00000
      2.71000      0.00000      0.00000
      2.72000      0.00000      0.00000
      2.73000      0.00000      0.00000
      2.74000      0.00000      0.00000
      2.75000      0.00000      0.00000
      2.76000      0.00000      0.00000
      2.77000      0.00000      0.00000
      2.78000      0.00000      0.00000
      2.79000      0.00000      0.00000
      2.80000      0.00000      0.00000
      2.81000      0.00000      0.00000
      2.82000      0.00000      0.00000
      2.83000      0.00000      0.00000
      2.84000      0.00000      0.00000
      2.85000      0.00000      0.00000
      2.86000      0.00000      0.00000
      2.87000      0.00000      0.00000
      2.88000      0.00000      0.00000
      2.89000      0.00000      0.00000
      2.90000      0.00000      0.00000
      2.91000      0.00000      0.00000
      2.92000      0.00008      0.00008
      2.93000      0.00559      0.00559
      2.94000      0.15077      0.15077
      2.95000      1.49534      1.49534
      2.96000      5.45610      5.45610
      2.97000      7.32370      7.32370
      2.98000      3.61647      3.61647
      2.99000      0.65697      0.65697
      3.00000      0.04390      0.04390
      3.01000      0.00108      0.00108
      3.02000      0.00000      0.00000
      3.03000      0.00000      0.00000
      3.04000      0.00000      0.00000
      3.05000      0.00000      0.00000
      3.06000      0.00000      0.00000
      3.07000      0.00000      0.00000
      3.08000      0.00000      0.00000
      3.09000      0.00000      0.00000
      3.10000      0.00000      0.00000
      3.11000      0.00006      0.00006
      3.12000      0.00442      0.00442
      3.13000      0.12673      0.12673
      3.14000      1.33664      1.33664
      3.15000      5.18625      5.18625
      3.16000      7.40286      7.40286
      3.17000      3.88733      3.88733
      3.18000      0.75094      0.75094
      3.19000      0.05354      0.05354
      3.20000      0.01228      0.01228
      3.21000      0.24510      0.24510
      3.22000      2.03119      2.03119
      3.23000      6.19242      6.19242
      3.24000      6.94504      6.94504
      3.25000      2.86547      2.86547
      3.26000      0.43493      0.43493
      3.27000      0.02429      0.02429
      3.28000      0.00050      0.00050
      3.29000      0.00000      0.00000
      3.30000      0.00000      0.00000
      3.31000      0.00000      0.00000
      3.32000      0.00000      0.00000
      3.33000      0.00000      0.00000
      3.34000      0.00000      0.00000
      3.35000      0.00000      0.00000
      3.36000      0.00000      0.00000
      3.37000      0.00000      0.00000
      3.38000      0.00000      0.00000
      3.39000      0.00000      0.00000
      3.40000      0.00000      0.00000
      3.41000      0.00000      0.00000
      3.42000      0.00000      0.00000
      3.43000      0.00000      0.00000
      3.44000      0.00000      0.00000
      3.45000      0.00010      0.00010
      3.46000      0.00671      0.00671
      3.47000      0.17240      0.17240
      3.48000      1.62914      1.62914
      3.49000      5.66350      5.66350
      3.50000      7.25111      7.25111
      3.51000      3.61124      3.61124
      3.52000      2.40053      2.40053
      3.53000      5.95613      5.95613
      3.54000      7.11751      7.11751
      3.55000      3.14801      3.14801
      3.56000      0.51228      0.51228
      3.57000      0.03067      0.03067
      3.58000      0.00068      0.00068
      3.59000      0.00000      0.00000
      3.60000      0.00000      0.00000
      3.61000      0.00000      0.00000
      3.62000      0.00000      0.00000
      3.63000      0.00000      0.00000
      3.64000      0.00000      0.00000
      3.65000      0.00000      0.00000
      3.66000      0.00000      0.00000
      3.67000      0.00000      0.00000
      3.68000      0.00000      0.00000
      3.69000      0.00000      0.00000
      3.70000      0.00000      0.00000
      3.71000      0.00000      0.00000
      3.72000      0.00000      0.00000
      3.73000      0.00000      0.00000
      3.74000      0.00000      0.00000
      3.75000      0.00000      0.00000
      3.76000      0.00000      0.00000
      3.77000      0.00000      0.00000
      3.78000      0.00000      0.00000
      3.79000      0.00000      0.00000
      3.80000      0.00000      0.00000
      3.81000      0.00000      0.00000
      3.82000      0.00000      0.00000
      3.83000      0.00000      0.00000
      3.84000      0.00000      0.00000
      3.85000      0.00000      0.00000
      3.86000      0.00000      0.00000
      3.87000      0.00000      0.00000
      3.88000      0.00000      0.00000
      3.89000      0.00000      0.00000
      3.90000      0.00000      0.00000
      3.91000      0.00101      0.00101
      3.92000      0.04170      0.04170
      3.93000      0.63408      0.63408
      3.94000      3.54684      3.54684
      3.95000      7.29868      7.29868
      3.96000      5.52526      5.52526
      3.97000      1.53874      1.53874
      3.98000      0.15765      0.15765
      3.99000      0.00594      0.00594
      4.00000      0.00008      0.00008
      4.01000      0.00000      0.00000
      4.02000      0.00000      0.00000
      4.03000      0.00000      0.00000
      4.04000      0.00000      0.00000
