Energy-E_F (eV)    DOS (1/eV)    PDOS (1/eV)  of atom type Ta 
     -4.99000     11.26559      0.00000
     -4.98000      3.87997      0.00000
     -4.97000      0.56270      0.00000
     -4.96000      0.04795      0.00000
     -4.95000      0.26347      0.00000
     -4.94000      1.66044      0.00000
     -4.93000      4.00166      0.00000
     -4.92000      3.68797      0.00000
     -4.91000      1.31627      0.00000
     -4.90000      0.47262      0.00000
     -4.89000      1.96408      0.00000
     -4.88000      5.06854      0.00000
     -4.87000      5.64811      0.00000
     -4.86000      3.17962      0.00000
     -4.85000      2.06737      0.00000
     -4.84000      3.09873      0.00000
     -4.83000      3.64674      0.00000
     -4.82000      3.24605      0.00000
     -4.81000      3.07275      0.00000
     -4.80000      3.33551      0.00000
     -4.79000      5.77938      0.00000
     -4.78000     10.27332      0.00000
     -4.77000     11.00918      0.00000
     -4.76000      8.17593      0.00000
     -4.75000      5.50355      0.00000
     -4.74000      3.56824      0.00000
     -4.73000      3.54589      0.00000
     -4.72000      4.58753      0.00000
     -4.71000      2.96211      0.00000
     -4.70000      1.52940      0.00000
     -4.69000      4.47258      0.00000
     -4.68000      8.68266      0.00000
     -4.67000      6.41743      0.00000
     -4.66000      2.24391      0.00000
     -4.65000      1.49722      0.00000
     -4.64000      1.30789      0.00000
     -4.63000      0.86621      0.00000
     -4.62000      1.63391      0.00000
     -4.61000      2.34361      0.00000
     -4.60000      2.53101      0.00000
     -4.59000      5.09321      0.00000
     -4.58000      6.57288      0.00000
     -4.57000      4.59806      0.00000
     -4.56000      6.03385      0.00000
     -4.55000     10.01254      0.00000
     -4.54000     10.13177      0.00000
     -4.53000      7.31308      0.00000
     -4.52000      7.42632      0.00000
     -4.51000      8.08457      0.00000
     -4.50000      8.24134      0.00000
     -4.49000      9.93687      0.00000
     -4.48000      9.84292      0.00000
     -4.47000      5.60201      0.00000
     -4.46000      1.48130      0.00000
     -4.45000      0.46649      0.00000
     -4.44000      1.66567      0.00000
     -4.43000      3.69565      0.00000
     -4.42000      3.61983      0.00000
     -4.41000      1.79351      0.00000
     -4.40000      1.55966      0.00000
     -4.39000      2.62661      0.00000
     -4.38000      3.10132      0.00000
     -4.37000      3.44174      0.00000
     -4.36000      3.37871      0.00000
     -4.35000      2.59017      0.00000
     -4.34000      2.53373      0.00000
     -4.33000      4.22070      0.00000
     -4.32000      4.22103      0.00000
     -4.31000      1.69484      0.00000
     -4.30000      0.25471      0.00000
     -4.29000      0.01644      0.00000
     -4.28000      0.07108      0.00000
     -4.27000      0.82112      0.00000
     -4.26000      3.71765      0.00000
     -4.25000      7.28159      0.00000
     -4.24000      8.21796      0.00000
     -4.23000      7.32315      0.00000
     -4.22000      5.60470      0.00000
     -4.21000      4.35248      0.00000
     -4.20000      2.53088      0.00000
     -4.19000      0.72951      0.00000
     -4.18000      0.13317      0.00000
     -4.17000      0.46076      0.00000
     -4.16000      1.64755      0.00000
     -4.15000      2.31619      0.00000
     -4.14000      1.99042      0.00000
     -4.13000      2.30439      0.00000
     -4.12000      1.85073      0.00000
     -4.11000      1.30648      0.00000
     -4.10000      2.46531      0.00000
     -4.09000      2.76383      0.00000
     -4.08000      1.17485      0.00000
     -4.07000      0.24564      0.00000
     -4.06000      0.71497      0.00000
     -4.05000      3.10573      0.00000
     -4.04000      5.98114      0.00000
     -4.03000      7.60711      0.00000
     -4.02000      8.78222      0.00000
     -4.01000      6.44262      0.00000
     -4.00000      3.60606      0.00000
     -3.99000      6.31312      0.00000
     -3.98000     10.59204      0.00000
     -3.97000      9.32423      0.00000
     -3.96000      4.67438      0.00000
     -3.95000      1.19832      0.00000
     -3.94000      0.33646      0.00000
     -3.93000      1.97747      0.00000
     -3.92000      7.26852      0.00000
     -3.91000     10.62140      0.00000
     -3.90000      6.66440      0.00000
     -3.89000      5.03442      0.00000
     -3.88000     11.28863      0.00000
     -3.87000     15.69922      0.00000
     -3.86000     10.43039      0.00000
     -3.85000      4.35933      0.00000
     -3.84000      3.42572      0.00000
     -3.83000      5.03322      0.00000
     -3.82000      8.53876      0.00000
     -3.81000     10.86645      0.00000
     -3.80000      8.25112      0.00000
     -3.79000      3.96132      0.00000
     -3.78000      2.60638      0.00000
     -3.77000      1.75145      0.00000
     -3.76000      0.90812      0.00000
     -3.75000      2.82669      0.00000
     -3.74000      7.54619      0.00000
     -3.73000      8.49299      0.00000
     -3.72000      4.47996      0.00000
     -3.71000      3.84125      0.00000
     -3.70000      8.31675      0.00000
     -3.69000     10.76664      0.00000
     -3.68000      8.13624      0.00000
     -3.67000      5.70734      0.00000
     -3.66000      5.12589      0.00000
     -3.65000      4.01326      0.00000
     -3.64000      5.04943      0.00000
     -3.63000      6.10052      0.00000
     -3.62000      5.07235      0.00000
     -3.61000      5.02182      0.00000
     -3.60000      3.92372      0.00000
     -3.59000      1.43427      0.00000
     -3.58000      1.27438      0.00000
     -3.57000      4.44480      0.00000
     -3.56000      7.74427      0.00000
     -3.55000      6.23638      0.00000
     -3.54000      2.48238      0.00000
     -3.53000      1.81409      0.00000
     -3.52000      4.51667      0.00000
     -3.51000      7.51848      0.00000
     -3.50000      6.14175      0.00000
     -3.49000      2.29488      0.00000
     -3.48000      1.78147      0.00000
     -3.47000      4.28791      0.00000
     -3.46000      6.55205      0.00000
     -3.45000      7.95867      0.00000
     -3.44000      8.96157      0.00000
     -3.43000      9.55948      0.00000
     -3.42000      8.28687      0.00000
     -3.41000      5.58078      0.00000
     -3.40000      2.32895      0.00000
     -3.39000      0.84455      0.00000
     -3.38000      0.96768      0.00000
     -3.37000      2.52195      0.00000
     -3.36000      8.26150      0.00000
     -3.35000     12.76956      0.00000
     -3.34000      8.85931      0.00000
     -3.33000      4.20898      0.00000
     -3.32000      2.27852      0.00000
     -3.31000      2.25366      0.00000
     -3.30000      5.04602      0.00000
     -3.29000      6.71845      0.00000
     -3.28000      3.85013      0.00000
     -3.27000      0.89059      0.00000
     -3.26000      0.08052      0.00000
     -3.25000      0.00279      0.00000
     -3.24000      0.00003      0.00000
     -3.23000      0.00000      0.00000
     -3.22000      0.00000      0.00000
     -3.21000      0.00000      0.00000
     -3.20000      0.00000      0.00000
     -3.19000      0.00000      0.00000
     -3.18000      0.00000      0.00000
     -3.17000      0.00025      0.00000
     -3.16000      0.01075      0.00000
     -3.15000      0.17204      0.00000
     -3.14000      1.04802      0.00000
     -3.13000      2.76493      0.00000
     -3.12000      4.43819      0.00000
     -3.11000      4.99013      0.00000
     -3.10000      3.41578      0.00000
     -3.09000      3.53733      0.00000
     -3.08000      4.49985      0.00000
     -3.07000      2.97853      0.00000
     -3.06000      3.25660      0.00000
     -3.05000      5.99880      0.00000
     -3.04000      7.46020      0.00000
     -3.03000      6.55844      0.00000
     -3.02000      3.49916      0.00000
     -3.01000      1.61790      0.00000
     -3.00000      3.08560      0.00000
     -2.99000      4.76464      0.00000
     -2.98000      3.87134      0.00000
     -2.97000      2.70493      0.00000
     -2.96000      1.40867      0.00000
     -2.95000      1.43780      0.00000
     -2.94000      3.96285      0.00000
     -2.93000      4.93211      0.00000
     -2.92000      2.32473      0.00000
     -2.91000      0.41629      0.00000
     -2.90000      0.02853      0.00000
     -2.89000      0.00075      0.00000
     -2.88000      0.00045      0.00000
     -2.87000      0.01661      0.00000
     -2.86000      0.23011      0.00000
     -2.85000      1.17258      0.00000
     -2.84000      2.19815      0.00000
     -2.83000      1.51593      0.00000
     -2.82000      0.38460      0.00000
     -2.81000      0.03590      0.00000
     -2.80000      0.00123      0.00000
     -2.79000      0.00065      0.00000
     -2.78000      0.02188      0.00000
     -2.77000      0.27720      0.00000
     -2.76000      1.29181      0.00000
     -2.75000      2.21466      0.00000
     -2.74000      1.39677      0.00000
     -2.73000      0.32608      0.00000
     -2.72000      0.08931      0.00000
     -2.71000      0.69708      0.00000
     -2.70000      2.89220      0.00000
     -2.69000      4.41995      0.00000
     -2.68000      2.48492      0.00000
     -2.67000      0.51394      0.00000
     -2.66000      0.03910      0.00000
     -2.65000      0.00109      0.00000
     -2.64000      0.00003      0.00000
     -2.63000      0.00226      0.00000
     -2.62000      0.05613      0.00000
     -2.61000      0.51272      0.00000
     -2.60000      1.73550      0.00000
     -2.59000      2.37973      0.00000
     -2.58000      2.72988      0.00000
     -2.57000      5.23220      0.00000
     -2.56000      6.05510      0.00000
     -2.55000      2.92247      0.00000
     -2.54000      0.55481      0.00000
     -2.53000      0.04027      0.00000
     -2.52000      0.00110      0.00000
     -2.51000      0.00000      0.00000
     -2.50000      0.00000      0.00000
     -2.49000      0.00002      0.00000
     -2.48000      0.00147      0.00000
     -2.47000      0.04424      0.00000
     -2.46000      0.51269      0.00000
     -2.45000      2.34090      0.00000
     -2.44000      4.46398      0.00000
     -2.43000      4.33197      0.00000
     -2.42000      3.10249      0.00000
     -2.41000      1.50713      0.00000
     -2.40000      0.33274      0.00000
     -2.39000      0.03526      0.00000
     -2.38000      0.12757      0.00000
     -2.37000      0.84974      0.00000
     -2.36000      2.21390      0.00000
     -2.35000      2.82229      0.00000
     -2.34000      2.90007      0.00000
     -2.33000      2.76531      0.00000
     -2.32000      2.64319      0.00000
     -2.31000      1.77049      0.00000
     -2.30000      0.51021      0.00000
     -2.29000      0.05540      0.00000
     -2.28000      0.00222      0.00000
     -2.27000      0.00003      0.00000
     -2.26000      0.00000      0.00000
     -2.25000      0.00000      0.00000
     -2.24000      0.00000      0.00000
     -2.23000      0.00000      0.00000
     -2.22000      0.00009      0.00000
     -2.21000      0.00481      0.00000
     -2.20000      0.09805      0.00000
     -2.19000      0.75788      0.00000
     -2.18000      2.37927      0.00000
     -2.17000      3.54930      0.00000
     -2.16000      2.90214      0.00000
     -2.15000      1.19662      0.00000
     -2.14000      0.20880      0.00000
     -2.13000      0.02374      0.00000
     -2.12000      0.18553      0.00000
     -2.11000      1.33925      0.00000
     -2.10000      3.71307      0.00000
     -2.09000      3.96273      0.00000
     -2.08000      1.62867      0.00000
     -2.07000      0.26722      0.00000
     -2.06000      0.18318      0.00000
     -2.05000      0.98723      0.00000
     -2.04000      2.13582      0.00000
     -2.03000      1.70081      0.00000
     -2.02000      0.51470      0.00000
     -2.01000      0.37345      0.00000
     -2.00000      2.37653      0.00000
     -1.99000      6.93534      0.00000
     -1.98000      8.07604      0.00000
     -1.97000      3.75750      0.00000
     -1.96000      0.69140      0.00000
     -1.95000      0.04945      0.00000
     -1.94000      0.00137      0.00000
     -1.93000      0.00135      0.00000
     -1.92000      0.03983      0.00000
     -1.91000      0.43999      0.00000
     -1.90000      1.82938      0.00000
     -1.89000      2.89041      0.00000
     -1.88000      1.75425      0.00000
     -1.87000      0.41448      0.00000
     -1.86000      0.08896      0.00000
     -1.85000      0.61589      0.00000
     -1.84000      2.72109      0.00000
     -1.83000      4.43358      0.00000
     -1.82000      2.69151      0.00000
     -1.81000      0.96753      0.00000
     -1.80000      1.58217      0.00000
     -1.79000      2.61712      0.00000
     -1.78000      3.89154      0.00000
     -1.77000      7.26399      0.00000
     -1.76000      7.83817      0.00000
     -1.75000      5.20376      0.00000
     -1.74000      4.80430      0.00000
     -1.73000      3.84459      0.00000
     -1.72000      1.30127      0.00000
     -1.71000      0.16441      0.00000
     -1.70000      0.00781      0.00000
     -1.69000      0.00764      0.00000
     -1.68000      0.13274      0.00000
     -1.67000      0.86371      0.00000
     -1.66000      2.06751      0.00000
     -1.65000      1.82068      0.00000
     -1.64000      0.58983      0.00000
     -1.63000      0.07029      0.00000
     -1.62000      0.00308      0.00000
     -1.61000      0.00007      0.00000
     -1.60000      0.00218      0.00000
     -1.59000      0.07210      0.00000
     -1.58000      0.88090      0.00000
     -1.57000      3.97613      0.00000
     -1.56000      6.63244      0.00000
     -1.55000      4.08952      0.00000
     -1.54000      0.93232      0.00000
     -1.53000      0.08071      0.00000
     -1.52000      0.06654      0.00000
     -1.51000      0.71417      0.00000
     -1.50000      2.92763      0.00000
     -1.49000      4.41511      0.00000
     -1.48000      2.44947      0.00000
     -1.47000      0.49993      0.00000
     -1.46000      0.03754      0.00000
     -1.45000      0.00104      0.00000
     -1.44000      0.00143      0.00000
     -1.43000      0.05597      0.00000
     -1.42000      0.82093      0.00000
     -1.41000      4.57080      0.00000
     -1.40000      9.88937      0.00000
     -1.39000      8.69181      0.00000
     -1.38000      3.73084      0.00000
     -1.37000      3.00915      0.00000
     -1.36000      4.70683      0.00000
     -1.35000      4.81713      0.00000
     -1.34000      6.19102      0.00000
     -1.33000      6.08646      0.00000
     -1.32000      2.54382      0.00000
     -1.31000      0.42097      0.00000
     -1.30000      0.20512      0.00000
     -1.29000      1.59409      0.00000
     -1.28000      5.22983      0.00000
     -1.27000      6.37093      0.00000
     -1.26000      3.23829      0.00000
     -1.25000      2.02491      0.00000
     -1.24000      2.21936      0.00000
     -1.23000      1.21094      0.00000
     -1.22000      1.03818      0.00000
     -1.21000      3.14322      0.00000
     -1.20000      4.37310      0.00000
     -1.19000      2.24861      0.00000
     -1.18000      0.42538      0.00000
     -1.17000      0.02960      0.00000
     -1.16000      0.00093      0.00000
     -1.15000      0.00932      0.00000
     -1.14000      0.19036      0.00000
     -1.13000      1.45012      0.00000
     -1.12000      4.27585      0.00000
     -1.11000      5.45550      0.00000
     -1.10000      3.67257      0.00000
     -1.09000      1.58202      0.00000
     -1.08000      1.80431      0.00000
     -1.07000      4.47812      0.00000
     -1.06000      5.94172      0.00000
     -1.05000      5.83109      0.00000
     -1.04000      4.31815      0.00000
     -1.03000      1.55912      0.00000
     -1.02000      0.64094      0.00000
     -1.01000      1.61582      0.00000
     -1.00000      2.25354      0.00000
     -0.99000      1.87763      0.00000
     -0.98000      3.36746      0.00000
     -0.97000      5.91947      0.00000
     -0.96000      7.46748      0.00000
     -0.95000      6.96893      0.00000
     -0.94000      4.49746      0.00000
     -0.93000      4.49865      0.00000
     -0.92000      4.17258      0.00000
     -0.91000      3.45993      0.00000
     -0.90000      7.31097      0.00000
     -0.89000     11.93189      0.00000
     -0.88000     12.04186      0.00000
     -0.87000      8.42758      0.00000
     -0.86000      5.32056      0.00000
     -0.85000      5.19010      0.00000
     -0.84000      4.86113      0.00000
     -0.83000      4.95642      0.00000
     -0.82000      3.51224      0.00000
     -0.81000      1.64913      0.00000
     -0.80000      2.01640      0.00000
     -0.79000      2.00659      0.00000
     -0.78000      0.92341      0.00000
     -0.77000      1.62436      0.00000
     -0.76000      5.71936      0.00000
     -0.75000      8.51058      0.00000
     -0.74000      5.03886      0.00000
     -0.73000      1.28102      0.00000
     -0.72000      0.86424      0.00000
     -0.71000      1.99265      0.00000
     -0.70000      1.92119      0.00000
     -0.69000      0.68394      0.00000
     -0.68000      0.13753      0.00000
     -0.67000      0.67808      0.00000
     -0.66000      3.46672      0.00000
     -0.65000      6.58665      0.00000
     -0.64000      4.81314      0.00000
     -0.63000      2.70942      0.00000
     -0.62000      4.10030      0.00000
     -0.61000      3.90016      0.00000
     -0.60000      1.90224      0.00000
     -0.59000      1.94522      0.00000
     -0.58000      2.22240      0.00000
     -0.57000      2.17380      0.00000
     -0.56000      5.54651      0.00000
     -0.55000      9.27238      0.00000
     -0.54000      7.21865      0.00000
     -0.53000      3.37512      0.00000
     -0.52000      1.05384      0.00000
     -0.51000      0.74444      0.00000
     -0.50000      2.87446      0.00000
     -0.49000      5.93952      0.00000
     -0.48000      6.71198      0.00000
     -0.47000      4.54158      0.00000
     -0.46000      2.26683      0.00000
     -0.45000      3.52791      0.00000
     -0.44000      5.91510      0.00000
     -0.43000      7.28337      0.00000
     -0.42000      6.73560      0.00000
     -0.41000      3.10166      0.00000
     -0.40000      1.37325      0.00000
     -0.39000      3.26468      0.00000
     -0.38000      6.51574      0.00000
     -0.37000      7.47120      0.00000
     -0.36000      5.35240      0.00000
     -0.35000      2.99157      0.00000
     -0.34000      1.08177      0.00000
     -0.33000      0.17480      0.00000
     -0.32000      0.01089      0.00000
     -0.31000      0.00025      0.00000
     -0.30000      0.00000      0.00000
     -0.29000      0.00000      0.00000
     -0.28000      0.00000      0.00000
     -0.27000      0.00000      0.00000
     -0.26000      0.00076      0.00000
     -0.25000      0.03017      0.00000
     -0.24000      0.44399      0.00000
     -0.23000      2.52682      0.00000
     -0.22000      6.18716      0.00000
     -0.21000      8.49204      0.00000
     -0.20000      8.81541      0.00000
     -0.19000      7.87681      0.00000
     -0.18000      7.30290      0.00000
     -0.17000      5.65727      0.00000
     -0.16000      2.43074      0.00000
     -0.15000      1.83327      0.00000
     -0.14000      5.69878      0.00000
     -0.13000     10.65535      0.00000
     -0.12000     11.03605      0.00000
     -0.11000      7.77337      0.00000
     -0.10000      8.10099      0.00000
     -0.09000     13.96836      0.00000
     -0.08000     15.48228      0.00000
     -0.07000     12.08950      0.00000
     -0.06000     10.60824      0.00000
     -0.05000     10.98914      0.00000
     -0.04000      7.70007      0.00000
     -0.03000      2.69565      0.00000
     -0.02000      2.02922      0.00000
     -0.01000      5.23862      0.00000
     -0.00000      6.16194      0.00000
