Energy-E_F (eV)    DOS (1/eV)    PDOS (1/eV)  of atom type Tl 
     -4.99000      0.00000      0.00000
     -4.98000      0.00000      0.00000
     -4.97000      0.00000      0.00000
     -4.96000      0.00000      0.00000
     -4.95000      0.00000      0.00000
     -4.94000      0.00000      0.00000
     -4.93000      0.00000      0.00000
     -4.92000      0.00000      0.00000
     -4.91000      0.00000      0.00000
     -4.90000      0.00000      0.00000
     -4.89000      0.00001      0.00001
     -4.88000      0.00006      0.00006
     -4.87000      0.00016      0.00016
     -4.86000      0.00015      0.00015
     -4.85000      0.00005      0.00005
     -4.84000      0.00001      0.00001
     -4.83000      0.00000      0.00000
     -4.82000      0.00000      0.00000
     -4.81000      0.00000      0.00000
     -4.80000      0.00000      0.00000
     -4.79000      0.00000      0.00000
     -4.78000      0.00000      0.00000
     -4.77000      0.00000      0.00000
     -4.76000      0.00000      0.00000
     -4.75000      0.00000      0.00000
     -4.74000      0.00000      0.00000
     -4.73000      0.00000      0.00000
     -4.72000      0.00000      0.00000
     -4.71000      0.00000      0.00000
     -4.70000      0.00000      0.00000
     -4.69000      0.00000      0.00000
     -4.68000      0.00000      0.00000
     -4.67000      0.00000      0.00000
     -4.66000      0.00000      0.00000
     -4.65000      0.00000      0.00000
     -4.64000      0.00000      0.00000
     -4.63000      0.00003      0.00003
     -4.62000      0.00152      0.00152
     -4.61000      0.02953      0.02953
     -4.60000      0.21170      0.21170
     -4.59000      0.55826      0.55826
     -4.58000      0.54157      0.54157
     -4.57000      0.19328      0.19328
     -4.56000      0.02538      0.02538
     -4.55000      0.00123      0.00123
     -4.54000      0.00002      0.00002
     -4.53000      0.00000      0.00000
     -4.52000      0.00000      0.00000
     -4.51000      0.00000      0.00000
     -4.50000      0.00001      0.00001
     -4.49000      0.00059      0.00059
     -4.48000      0.01798      0.01798
     -4.47000      0.20150      0.20150
     -4.46000      0.85185      0.85185
     -4.45000      1.53802      1.53802
     -4.44000      1.84035      1.84035
     -4.43000      1.91299      1.91299
     -4.42000      1.12549      1.12549
     -4.41000      0.29133      0.29133
     -4.40000      0.03541      0.03541
     -4.39000      0.06208      0.06208
     -4.38000      0.31963      0.31963
     -4.37000      0.63409      0.63409
     -4.36000      0.59635      0.59635
     -4.35000      0.61800      0.61800
     -4.34000      0.59788      0.59788
     -4.33000      0.25200      0.25200
     -4.32000      0.04217      0.04217
     -4.31000      0.04430      0.04430
     -4.30000      0.25996      0.25996
     -4.29000      0.59172      0.59172
     -4.28000      0.49558      0.49558
     -4.27000      0.15269      0.15269
     -4.26000      0.01731      0.01731
     -4.25000      0.00072      0.00072
     -4.24000      0.00015      0.00015
     -4.23000      0.00498      0.00498
     -4.22000      0.06754      0.06754
     -4.21000      0.33731      0.33731
     -4.20000      0.61971      0.61971
     -4.19000      0.41884      0.41884
     -4.18000      0.10414      0.10414
     -4.17000      0.00953      0.00953
     -4.16000      0.00034      0.00034
     -4.15000      0.00127      0.00127
     -4.14000      0.03142      0.03142
     -4.13000      0.28732      0.28732
     -4.12000      0.96668      0.96668
     -4.11000      1.19649      1.19649
     -4.10000      0.54480      0.54480
     -4.09000      0.09130      0.09130
     -4.08000      0.00745      0.00745
     -4.07000      0.03389      0.03389
     -4.06000      0.22910      0.22910
     -4.05000      0.57194      0.57194
     -4.04000      0.52534      0.52534
     -4.03000      0.18073      0.18073
     -4.02000      0.08424      0.08424
     -4.01000      0.44105      0.44105
     -4.00000      1.21037      1.21037
     -3.99000      1.79387      1.79387
     -3.98000      2.95595      2.95595
     -3.97000      4.14808      4.14808
     -3.96000      3.51709      3.51709
     -3.95000      2.35151      2.35151
     -3.94000      1.43389      1.43389
     -3.93000      0.65326      0.65326
     -3.92000      0.16251      0.16251
     -3.91000      0.01722      0.01722
     -3.90000      0.00097      0.00097
     -3.89000      0.00999      0.00999
     -3.88000      0.13530      0.13530
     -3.87000      0.67519      0.67519
     -3.86000      1.23951      1.23951
     -3.85000      0.83711      0.83711
     -3.84000      0.20802      0.20802
     -3.83000      0.02116      0.02116
     -3.82000      0.03853      0.03853
     -3.81000      0.24501      0.24501
     -3.80000      0.58283      0.58283
     -3.79000      0.51006      0.51006
     -3.78000      0.16421      0.16421
     -3.77000      0.01945      0.01945
     -3.76000      0.00087      0.00087
     -3.75000      0.00125      0.00125
     -3.74000      0.03088      0.03088
     -3.73000      0.28423      0.28423
     -3.72000      0.96233      0.96233
     -3.71000      1.19885      1.19885
     -3.70000      0.55758      0.55758
     -3.69000      0.21329      0.21329
     -3.68000      0.70417      0.70417
     -3.67000      1.63866      1.63866
     -3.66000      1.55097      1.55097
     -3.65000      0.58125      0.58125
     -3.64000      0.08429      0.08429
     -3.63000      0.00477      0.00477
     -3.62000      0.00573      0.00573
     -3.61000      0.09267      0.09267
     -3.60000      0.58792      0.58792
     -3.59000      1.64942      1.64942
     -3.58000      2.70630      2.70630
     -3.57000      2.74947      2.74947
     -3.56000      1.31668      1.31668
     -3.55000      0.24872      0.24872
     -3.54000      0.01759      0.01759
     -3.53000      0.00076      0.00076
     -3.52000      0.00917      0.00917
     -3.51000      0.10154      0.10154
     -3.50000      0.41398      0.41398
     -3.49000      0.62560      0.62560
     -3.48000      0.42801      0.42801
     -3.47000      0.62369      0.62369
     -3.46000      1.54954      1.54954
     -3.45000      2.51882      2.51882
     -3.44000      2.86601      2.86601
     -3.43000      2.26885      2.26885
     -3.42000      2.39921      2.39921
     -3.41000      2.87118      2.87118
     -3.40000      2.79755      2.79755
     -3.39000      2.38212      2.38212
     -3.38000      1.46521      1.46521
     -3.37000      1.15178      1.15178
     -3.36000      1.27836      1.27836
     -3.35000      0.78782      0.78782
     -3.34000      0.78112      0.78112
     -3.33000      1.52288      1.52288
     -3.32000      1.82414      1.82414
     -3.31000      1.62935      1.62935
     -3.30000      1.23319      1.23319
     -3.29000      0.65121      0.65121
     -3.28000      0.19628      0.19628
     -3.27000      0.25549      0.25549
     -3.26000      1.05252      1.05252
     -3.25000      2.25465      2.25465
     -3.24000      2.82746      2.82746
     -3.23000      2.07315      2.07315
     -3.22000      0.96181      0.96181
     -3.21000      1.01774      1.01774
     -3.20000      1.92115      1.92115
     -3.19000      2.64233      2.64233
     -3.18000      2.72829      2.72829
     -3.17000      1.97372      1.97372
     -3.16000      1.63152      1.63152
     -3.15000      2.65558      2.65558
     -3.14000      3.08516      3.08516
     -3.13000      2.61216      2.61216
     -3.12000      1.96584      1.96584
     -3.11000      0.94138      0.94138
     -3.10000      0.32063      0.32063
     -3.09000      0.66489      0.66489
     -3.08000      1.43109      1.43109
     -3.07000      1.73136      1.73136
     -3.06000      1.67958      1.67958
     -3.05000      1.33822      1.33822
     -3.04000      1.21935      1.21935
     -3.03000      1.69527      1.69527
     -3.02000      2.05403      2.05403
     -3.01000      1.53400      1.53400
     -3.00000      0.82055      0.82055
     -2.99000      1.15123      1.15123
     -2.98000      1.70842      1.70842
     -2.97000      1.24014      1.24014
     -2.96000      0.68795      0.68795
     -2.95000      0.81462      0.81462
     -2.94000      1.18703      1.18703
     -2.93000      1.56811      1.56811
     -2.92000      2.14072      2.14072
     -2.91000      3.62933      3.62933
     -2.90000      3.74460      3.74460
     -2.89000      2.33451      2.33451
     -2.88000      1.12276      1.12276
     -2.87000      0.31430      0.31430
     -2.86000      0.23081      0.23081
     -2.85000      0.87373      0.87373
     -2.84000      1.56441      1.56441
     -2.83000      1.31755      1.31755
     -2.82000      0.58069      0.58069
     -2.81000      0.12416      0.12416
     -2.80000      0.01112      0.01112
     -2.79000      0.00055      0.00055
     -2.78000      0.00772      0.00772
     -2.77000      0.13524      0.13524
     -2.76000      0.90738      0.90738
     -2.75000      2.39599      2.39599
     -2.74000      2.64290      2.64290
     -2.73000      1.34381      1.34381
     -2.72000      0.33746      0.33746
     -2.71000      0.03982      0.03982
     -2.70000      0.00198      0.00198
     -2.69000      0.00004      0.00004
     -2.68000      0.00000      0.00000
     -2.67000      0.00000      0.00000
     -2.66000      0.00000      0.00000
     -2.65000      0.00000      0.00000
     -2.64000      0.00023      0.00023
     -2.63000      0.00912      0.00912
     -2.62000      0.13770      0.13770
     -2.61000      0.81805      0.81805
     -2.60000      2.00556      2.00556
     -2.59000      2.11708      2.11708
     -2.58000      0.96538      0.96538
     -2.57000      0.18504      0.18504
     -2.56000      0.06133      0.06133
     -2.55000      0.39382      0.39382
     -2.54000      1.39139      1.39139
     -2.53000      2.80271      2.80271
     -2.52000      4.06877      4.06877
     -2.51000      4.09039      4.09039
     -2.50000      3.12097      3.12097
     -2.49000      1.93174      1.93174
     -2.48000      0.74818      0.74818
     -2.47000      0.14088      0.14088
     -2.46000      0.01289      0.01289
     -2.45000      0.03747      0.03747
     -2.44000      0.32329      0.32329
     -2.43000      1.09021      1.09021
     -2.42000      1.72539      1.72539
     -2.41000      2.00734      2.00734
     -2.40000      1.75079      1.75079
     -2.39000      0.78917      0.78917
     -2.38000      0.39982      0.39982
     -2.37000      0.60718      0.60718
     -2.36000      0.50207      0.50207
     -2.35000      0.34756      0.34756
     -2.34000      0.84491      0.84491
     -2.33000      1.24149      1.24149
     -2.32000      0.68313      0.68313
     -2.31000      0.13853      0.13853
     -2.30000      0.01774      0.01774
     -2.29000      0.11068      0.11068
     -2.28000      0.60429      0.60429
     -2.27000      1.21969      1.21969
     -2.26000      0.90774      0.90774
     -2.25000      0.24910      0.24910
     -2.24000      0.02521      0.02521
     -2.23000      0.00094      0.00094
     -2.22000      0.00001      0.00001
     -2.21000      0.00000      0.00000
     -2.20000      0.00001      0.00001
     -2.19000      0.00106      0.00106
     -2.18000      0.02764      0.02764
     -2.17000      0.26495      0.26495
     -2.16000      0.93716      0.93716
     -2.15000      1.27326      1.27326
     -2.14000      1.01375      1.01375
     -2.13000      1.23823      1.23823
     -2.12000      1.21294      1.21294
     -2.11000      1.03468      1.03468
     -2.10000      1.26825      1.26825
     -2.09000      0.85487      0.85487
     -2.08000      0.22498      0.22498
     -2.07000      0.02236      0.02236
     -2.06000      0.00092      0.00092
     -2.05000      0.00336      0.00336
     -2.04000      0.05195      0.05195
     -2.03000      0.30645      0.30645
     -2.02000      0.81112      0.81112
     -2.01000      1.53659      1.53659
     -2.00000      2.55146      2.55146
     -1.99000      3.38869      3.38869
     -1.98000      3.77471      3.77471
     -1.97000      2.43990      2.43990
     -1.96000      0.68275      0.68275
     -1.95000      0.07786      0.07786
     -1.94000      0.06207      0.06207
     -1.93000      0.42302      0.42302
     -1.92000      1.11616      1.11616
     -1.91000      1.08420      1.08420
     -1.90000      0.40328      0.40328
     -1.89000      0.19801      0.19801
     -1.88000      0.49065      0.49065
     -1.87000      0.59582      0.59582
     -1.86000      0.26830      0.26830
     -1.85000      0.06764      0.06764
     -1.84000      0.24387      0.24387
     -1.83000      0.95061      0.95061
     -1.82000      1.65187      1.65187
     -1.81000      1.74032      1.74032
     -1.80000      1.22629      1.22629
     -1.79000      0.69572      0.69572
     -1.78000      1.27453      1.27453
     -1.77000      2.06635      2.06635
     -1.76000      2.00259      2.00259
     -1.75000      1.90100      1.90100
     -1.74000      1.78283      1.78283
     -1.73000      1.20366      1.20366
     -1.72000      0.48498      0.48498
     -1.71000      0.46325      0.46325
     -1.70000      0.68091      0.68091
     -1.69000      0.76432      0.76432
     -1.68000      1.22249      1.22249
     -1.67000      1.37004      1.37004
     -1.66000      1.22199      1.22199
     -1.65000      1.48646      1.48646
     -1.64000      1.63205      1.63205
     -1.63000      1.28663      1.28663
     -1.62000      1.17912      1.17912
     -1.61000      2.08547      2.08547
     -1.60000      3.35206      3.35206
     -1.59000      3.16807      3.16807
     -1.58000      1.70326      1.70326
     -1.57000      1.60497      1.60497
     -1.56000      3.66727      3.66727
     -1.55000      3.96850      3.96850
     -1.54000      1.74027      1.74027
     -1.53000      1.02482      1.02482
     -1.52000      2.12916      2.12916
     -1.51000      2.21846      2.21846
     -1.50000      0.88995      0.88995
     -1.49000      0.13618      0.13618
     -1.48000      0.00823      0.00823
     -1.47000      0.01147      0.01147
     -1.46000      0.14717      0.14717
     -1.45000      0.70570      0.70570
     -1.44000      1.25280      1.25280
     -1.43000      0.90749      0.90749
     -1.42000      0.62409      0.62409
     -1.41000      0.81228      0.81228
     -1.40000      0.86924      0.86924
     -1.39000      0.67545      0.67545
     -1.38000      0.59313      0.59313
     -1.37000      1.58778      1.58778
     -1.36000      2.53720      2.53720
     -1.35000      1.78974      1.78974
     -1.34000      1.25459      1.25459
     -1.33000      1.16055      1.16055
     -1.32000      0.57051      0.57051
     -1.31000      0.11647      0.11647
     -1.30000      0.02471      0.02471
     -1.29000      0.20488      0.20488
     -1.28000      1.00915      1.00915
     -1.27000      1.86346      1.86346
     -1.26000      1.44400      1.44400
     -1.25000      1.17809      1.17809
     -1.24000      1.77339      1.77339
     -1.23000      1.90268      1.90268
     -1.22000      1.17117      1.17117
     -1.21000      0.33528      0.33528
     -1.20000      0.03821      0.03821
     -1.19000      0.00328      0.00328
     -1.18000      0.03819      0.03819
     -1.17000      0.32454      0.32454
     -1.16000      1.01560      1.01560
     -1.15000      1.17666      1.17666
     -1.14000      0.61926      0.61926
     -1.13000      0.81781      0.81781
     -1.12000      1.69922      1.69922
     -1.11000      1.51124      1.51124
     -1.10000      0.53068      0.53068
     -1.09000      0.07457      0.07457
     -1.08000      0.02591      0.02591
     -1.07000      0.18158      0.18158
     -1.06000      0.61235      0.61235
     -1.05000      1.10877      1.10877
     -1.04000      1.42259      1.42259
     -1.03000      1.00980      1.00980
     -1.02000      0.29577      0.29577
     -1.01000      0.03818      0.03818
     -1.00000      0.09878      0.09878
     -0.99000      0.67429      0.67429
     -0.98000      2.03030      2.03030
     -0.97000      3.04428      3.04428
     -0.96000      2.56028      2.56028
     -0.95000      1.67493      1.67493
     -0.94000      1.57614      1.57614
     -0.93000      1.42987      1.42987
     -0.92000      1.38627      1.38627
     -0.91000      1.68983      1.68983
     -0.90000      1.79976      1.79976
     -0.89000      1.50029      1.50029
     -0.88000      0.74520      0.74520
     -0.87000      0.49805      0.49805
     -0.86000      1.07073      1.07073
     -0.85000      1.18164      1.18164
     -0.84000      0.81442      0.81442
     -0.83000      1.39439      1.39439
     -0.82000      2.45270      2.45270
     -0.81000      2.74648      2.74648
     -0.80000      1.81111      1.81111
     -0.79000      0.55664      0.55664
     -0.78000      0.06881      0.06881
     -0.77000      0.01316      0.01316
     -0.76000      0.11516      0.11516
     -0.75000      0.56463      0.56463
     -0.74000      1.49207      1.49207
     -0.73000      2.74413      2.74413
     -0.72000      3.32197      3.32197
     -0.71000      2.07205      2.07205
     -0.70000      0.55874      0.55874
     -0.69000      0.12262      0.12262
     -0.68000      0.57591      0.57591
     -0.67000      1.91754      1.91754
     -0.66000      2.38816      2.38816
     -0.65000      1.15935      1.15935
     -0.64000      0.59707      0.59707
     -0.63000      1.13880      1.13880
     -0.62000      1.29421      1.29421
     -0.61000      0.94663      0.94663
     -0.60000      0.61182      0.61182
     -0.59000      0.21560      0.21560
     -0.58000      0.07167      0.07167
     -0.57000      0.28347      0.28347
     -0.56000      0.78148      0.78148
     -0.55000      1.03810      1.03810
     -0.54000      0.71481      0.71481
     -0.53000      0.23143      0.23143
     -0.52000      0.03087      0.03087
     -0.51000      0.00744      0.00744
     -0.50000      0.11128      0.11128
     -0.49000      0.79456      0.79456
     -0.48000      2.15271      2.15271
     -0.47000      2.30315      2.30315
     -0.46000      1.62061      1.62061
     -0.45000      2.34852      2.34852
     -0.44000      2.80156      2.80156
     -0.43000      2.08485      2.08485
     -0.42000      1.08469      1.08469
     -0.41000      0.28653      0.28653
     -0.40000      0.05059      0.05059
     -0.39000      0.21976      0.21976
     -0.38000      0.85683      0.85683
     -0.37000      1.23664      1.23664
     -0.36000      0.68345      0.68345
     -0.35000      0.39487      0.39487
     -0.34000      0.94622      0.94622
     -0.33000      1.21028      1.21028
     -0.32000      0.57484      0.57484
     -0.31000      0.10046      0.10046
     -0.30000      0.00660      0.00660
     -0.29000      0.00621      0.00621
     -0.28000      0.09605      0.09605
     -0.27000      0.56065      0.56065
     -0.26000      1.20399      1.20399
     -0.25000      0.95471      0.95471
     -0.24000      0.34370      0.34370
     -0.23000      0.48699      0.48699
     -0.22000      1.14814      1.14814
     -0.21000      1.12391      1.12391
     -0.20000      0.90833      0.90833
     -0.19000      1.75096      1.75096
     -0.18000      2.28318      2.28318
     -0.17000      1.64210      1.64210
     -0.16000      1.61888      1.61888
     -0.15000      1.87503      1.87503
     -0.14000      0.97797      0.97797
     -0.13000      0.20137      0.20137
     -0.12000      0.16631      0.16631
     -0.11000      1.01991      1.01991
     -0.10000      2.68526      2.68526
     -0.09000      2.85761      2.85761
     -0.08000      1.55324      1.55324
     -0.07000      0.94613      0.94613
     -0.06000      1.19405      1.19405
     -0.05000      2.08124      2.08124
     -0.04000      2.50287      2.50287
     -0.03000      1.65779      1.65779
     -0.02000      0.65236      0.65236
     -0.01000      0.81271      0.81271
      0.00000      1.25213      1.25213
      0.01000      0.82250      0.82250
      0.02000      0.73858      0.73858
      0.03000      1.88942      1.88942
      0.04000      2.41174      2.41174
      0.05000      1.42700      1.42700
      0.06000      0.81947      0.81947
      0.07000      0.56687      0.56687
      0.08000      0.66046      0.66046
      0.09000      1.49563      1.49563
      0.10000      2.15397      2.15397
      0.11000      2.19174      2.19174
      0.12000      1.79691      1.79691
      0.13000      0.91875      0.91875
      0.14000      0.21116      0.21116
      0.15000      0.01893      0.01893
      0.16000      0.00369      0.00369
      0.17000      0.06023      0.06023
      0.18000      0.44753      0.44753
      0.19000      1.35206      1.35206
      0.20000      1.98972      1.98972
      0.21000      1.82650      1.82650
      0.22000      1.46054      1.46054
      0.23000      1.71125      1.71125
      0.24000      2.16988      2.16988
      0.25000      1.96647      1.96647
      0.26000      1.31220      1.31220
      0.27000      1.23811      1.23811
      0.28000      1.11282      1.11282
      0.29000      0.45752      0.45752
      0.30000      0.07473      0.07473
      0.31000      0.00475      0.00475
      0.32000      0.00207      0.00207
      0.33000      0.04321      0.04321
      0.34000      0.35068      0.35068
      0.35000      1.05577      1.05577
      0.36000      1.30584      1.30584
      0.37000      1.40010      1.40010
      0.38000      2.37948      2.37948
      0.39000      3.01789      3.01789
      0.40000      2.67583      2.67583
      0.41000      1.43347      1.43347
      0.42000      0.35973      0.35973
      0.43000      0.03703      0.03703
      0.44000      0.00215      0.00215
      0.45000      0.01974      0.01974
      0.46000      0.21304      0.21304
      0.47000      0.84662      0.84662
      0.48000      1.23796      1.23796
      0.49000      0.67490      0.67490
      0.50000      0.26171      0.26171
      0.51000      0.70367      0.70367
      0.52000      1.52167      1.52167
      0.53000      1.82333      1.82333
      0.54000      2.00377      2.00377
      0.55000      1.91433      1.91433
      0.56000      1.22352      1.22352
      0.57000      1.09613      1.09613
      0.58000      1.26676      1.26676
      0.59000      0.67564      0.67564
      0.60000      0.18834      0.18834
      0.61000      0.45867      0.45867
      0.62000      1.62337      1.62337
      0.63000      2.98479      2.98479
      0.64000      2.83673      2.83673
      0.65000      1.20738      1.20738
      0.66000      0.20423      0.20423
      0.67000      0.02306      0.02306
      0.68000      0.13671      0.13671
      0.69000      0.68645      0.68645
      0.70000      1.37361      1.37361
      0.71000      1.62261      1.62261
      0.72000      2.16216      2.16216
      0.73000      2.41423      2.41423
      0.74000      1.81359      1.81359
      0.75000      1.30942      1.30942
      0.76000      2.19066      2.19066
      0.77000      3.52617      3.52617
      0.78000      3.44316      3.44316
      0.79000      2.19723      2.19723
      0.80000      1.44326      1.44326
      0.81000      1.37704      1.37704
      0.82000      0.96947      0.96947
      0.83000      0.82101      0.82101
      0.84000      1.07051      1.07051
      0.85000      1.37682      1.37682
      0.86000      1.10872      1.10872
      0.87000      0.73264      0.73264
      0.88000      0.64681      0.64681
      0.89000      0.32113      0.32113
      0.90000      0.12404      0.12404
      0.91000      0.35194      0.35194
      0.92000      0.86063      0.86063
      0.93000      1.53044      1.53044
      0.94000      2.06139      2.06139
      0.95000      1.66517      1.66517
      0.96000      1.39038      1.39038
      0.97000      1.54168      1.54168
      0.98000      1.09510      1.09510
      0.99000      0.33481      0.33481
      1.00000      0.03923      0.03923
      1.01000      0.00358      0.00358
      1.02000      0.04105      0.04105
