Energy-E_F (eV)    DOS (1/eV)    PDOS (1/eV)  of atom type Au 
     -4.84718      1.05016      0.00000
     -4.83718      3.84876      0.00000
     -4.82718      8.08274      0.00000
     -4.81718     12.46471      0.00000
     -4.80718     12.19618      0.00000
     -4.79718      5.24006      0.00000
     -4.78718      0.87039      0.00000
     -4.77718      0.14758      0.00000
     -4.76718      1.09276      0.00000
     -4.75718      4.69319      0.00000
     -4.74718      7.47279      0.00000
     -4.73718      4.69861      0.00000
     -4.72718      3.54474      0.00000
     -4.71718      8.89043      0.00000
     -4.70718     13.28458      0.00000
     -4.69718      9.80227      0.00000
     -4.68718      7.68211      0.00000
     -4.67718     14.54509      0.00000
     -4.66718     15.99996      0.00000
     -4.65718      6.94716      0.00000
     -4.64718      1.21750      0.00000
     -4.63718      0.92807      0.00000
     -4.62718      5.96751      0.00000
     -4.61718     15.57246      0.00000
     -4.60718     15.29388      0.00000
     -4.59718      7.95135      0.00000
     -4.58718     13.91918      0.00000
     -4.57718     28.84566      0.00000
     -4.56718     29.91167      0.00000
     -4.55718     22.73856      0.00000
     -4.54718     24.40843      0.00000
     -4.53718     25.83474      0.00000
     -4.52718     21.46625      0.00000
     -4.51718     19.84277      0.00000
     -4.50718     17.47913      0.00000
     -4.49718     19.65271      0.00000
     -4.48718     22.61931      0.00000
     -4.47718     14.19005      0.00000
     -4.46718      9.20383      0.00000
     -4.45718      9.51615      0.00000
     -4.44718     10.11826      0.00000
     -4.43718     11.59091      0.00000
     -4.42718     22.11458      0.00000
     -4.41718     40.04254      0.00000
     -4.40718     40.33951      0.00000
     -4.39718     21.41134      0.00000
     -4.38718     10.72873      0.00000
     -4.37718     15.10994      0.00000
     -4.36718     20.30701      0.00000
     -4.35718     19.60354      0.00000
     -4.34718     15.33177      0.00000
     -4.33718     20.41853      0.00000
     -4.32718     31.88606      0.00000
     -4.31718     29.40890      0.00000
     -4.30718     17.40414      0.00000
     -4.29718     10.89864      0.00000
     -4.28718      9.13818      0.00000
     -4.27718      6.97746      0.00000
     -4.26718      2.67714      0.00000
     -4.25718      0.59884      0.00000
     -4.24718      1.91993      0.00000
     -4.23718      8.60989      0.00000
     -4.22718     20.91286      0.00000
     -4.21718     33.29424      0.00000
     -4.20718     38.87608      0.00000
     -4.19718     41.68541      0.00000
     -4.18718     38.05623      0.00000
     -4.17718     18.53607      0.00000
     -4.16718      3.85817      0.00000
     -4.15718      0.32617      0.00000
     -4.14718      0.05329      0.00000
     -4.13718      0.68822      0.00000
     -4.12718      4.96184      0.00000
     -4.11718     16.26625      0.00000
     -4.10718     25.71074      0.00000
     -4.09718     24.41057      0.00000
     -4.08718     18.97002      0.00000
     -4.07718     22.15584      0.00000
     -4.06718     38.79982      0.00000
     -4.05718     43.92610      0.00000
     -4.04718     30.78495      0.00000
     -4.03718     26.43732      0.00000
     -4.02718     28.99869      0.00000
     -4.01718     23.86510      0.00000
     -4.00718     15.78068      0.00000
     -3.99718     15.58615      0.00000
     -3.98718     22.24394      0.00000
     -3.97718     28.75246      0.00000
     -3.96718     27.78815      0.00000
     -3.95718     22.45018      0.00000
     -3.94718     22.53329      0.00000
     -3.93718     22.08388      0.00000
     -3.92718     16.80076      0.00000
     -3.91718     17.73211      0.00000
     -3.90718     28.33144      0.00000
     -3.89718     39.20368      0.00000
     -3.88718     29.02538      0.00000
     -3.87718      9.37391      0.00000
     -3.86718      1.23525      0.00000
     -3.85718      0.21840      0.00000
     -3.84718      1.81607      0.00000
     -3.83718      8.24276      0.00000
     -3.82718     14.53534      0.00000
     -3.81718     10.01449      0.00000
     -3.80718      3.91789      0.00000
     -3.79718      7.09285      0.00000
     -3.78718     15.31148      0.00000
     -3.77718     14.25319      0.00000
     -3.76718      5.89324      0.00000
     -3.75718      4.10444      0.00000
     -3.74718      8.38193      0.00000
     -3.73718     13.75357      0.00000
     -3.72718     17.84096      0.00000
     -3.71718     15.80500      0.00000
     -3.70718     12.88582      0.00000
     -3.69718     17.84689      0.00000
     -3.68718     24.85435      0.00000
     -3.67718     23.34984      0.00000
     -3.66718     20.83683      0.00000
     -3.65718     22.16523      0.00000
     -3.64718     28.67065      0.00000
     -3.63718     32.53591      0.00000
     -3.62718     27.05947      0.00000
     -3.61718     29.74028      0.00000
     -3.60718     41.82391      0.00000
     -3.59718     37.03931      0.00000
     -3.58718     22.14292      0.00000
     -3.57718     17.04135      0.00000
     -3.56718     16.91487      0.00000
     -3.55718     14.43332      0.00000
     -3.54718     12.91496      0.00000
     -3.53718     12.77672      0.00000
     -3.52718      8.91231      0.00000
     -3.51718      3.18284      0.00000
     -3.50718      0.67692      0.00000
     -3.49718      1.79431      0.00000
     -3.48718      5.83699      0.00000
     -3.47718      7.13795      0.00000
     -3.46718      3.30087      0.00000
     -3.45718      1.72903      0.00000
     -3.44718      7.34171      0.00000
     -3.43718     16.59579      0.00000
     -3.42718     14.31798      0.00000
     -3.41718      7.44689      0.00000
     -3.40718      9.72886      0.00000
     -3.39718     15.37668      0.00000
     -3.38718     16.63986      0.00000
     -3.37718      9.13158      0.00000
     -3.36718      2.53628      0.00000
     -3.35718      3.18037      0.00000
     -3.34718      6.98006      0.00000
     -3.33718      6.75987      0.00000
     -3.32718      7.15619      0.00000
     -3.31718     19.74576      0.00000
     -3.30718     42.16776      0.00000
     -3.29718     50.44984      0.00000
     -3.28718     34.48134      0.00000
     -3.27718     13.49381      0.00000
     -3.26718      3.11918      0.00000
     -3.25718      4.39031      0.00000
     -3.24718     12.54897      0.00000
     -3.23718     18.43536      0.00000
     -3.22718     24.65348      0.00000
     -3.21718     36.43567      0.00000
     -3.20718     34.85837      0.00000
     -3.19718     16.97369      0.00000
     -3.18718     10.52730      0.00000
     -3.17718     14.88256      0.00000
     -3.16718     10.75887      0.00000
     -3.15718      5.39911      0.00000
     -3.14718      8.10491      0.00000
     -3.13718     13.73431      0.00000
     -3.12718     24.45027      0.00000
     -3.11718     36.43857      0.00000
     -3.10718     32.63980      0.00000
     -3.09718     15.43477      0.00000
     -3.08718      4.70531      0.00000
     -3.07718      5.66539      0.00000
     -3.06718     12.60456      0.00000
     -3.05718     22.17895      0.00000
     -3.04718     28.76898      0.00000
     -3.03718     23.20732      0.00000
     -3.02718     13.10800      0.00000
     -3.01718      5.29014      0.00000
     -3.00718      2.52314      0.00000
     -2.99718      5.63379      0.00000
     -2.98718      8.66622      0.00000
     -2.97718     11.28965      0.00000
     -2.96718     18.74857      0.00000
     -2.95718     23.41862      0.00000
     -2.94718     25.14152      0.00000
     -2.93718     25.90681      0.00000
     -2.92718     35.39803      0.00000
     -2.91718     49.93971      0.00000
     -2.90718     43.81064      0.00000
     -2.89718     29.33036      0.00000
     -2.88718     16.38239      0.00000
     -2.87718      7.71726      0.00000
     -2.86718     11.01239      0.00000
     -2.85718     18.00007      0.00000
     -2.84718     17.40063      0.00000
     -2.83718     13.58589      0.00000
     -2.82718     17.32669      0.00000
     -2.81718     19.59814      0.00000
     -2.80718     13.98762      0.00000
     -2.79718     15.47658      0.00000
     -2.78718     20.65126      0.00000
     -2.77718     16.13467      0.00000
     -2.76718     10.87747      0.00000
     -2.75718      7.85016      0.00000
     -2.74718      6.50073      0.00000
     -2.73718     12.49043      0.00000
     -2.72718     14.53742      0.00000
     -2.71718      9.54652      0.00000
     -2.70718     13.18384      0.00000
     -2.69718     19.56630      0.00000
     -2.68718     14.63396      0.00000
     -2.67718      5.27492      0.00000
     -2.66718      3.52248      0.00000
     -2.65718     15.17089      0.00000
     -2.64718     34.13216      0.00000
     -2.63718     36.82426      0.00000
     -2.62718     25.34177      0.00000
     -2.61718     15.03393      0.00000
     -2.60718      7.69843      0.00000
     -2.59718      7.81878      0.00000
     -2.58718     14.07948      0.00000
     -2.57718     11.72675      0.00000
     -2.56718      3.79994      0.00000
     -2.55718      0.61940      0.00000
     -2.54718      1.05498      0.00000
     -2.53718      3.45258      0.00000
     -2.52718      8.52029      0.00000
     -2.51718     15.09507      0.00000
     -2.50718     14.83108      0.00000
     -2.49718     10.89275      0.00000
     -2.48718      6.43986      0.00000
     -2.47718      1.88915      0.00000
     -2.46718      0.71930      0.00000
     -2.45718      3.89713      0.00000
     -2.44718     11.66756      0.00000
     -2.43718     13.79432      0.00000
     -2.42718      6.38708      0.00000
     -2.41718      1.14562      0.00000
     -2.40718      0.07865      0.00000
     -2.39718      0.00205      0.00000
     -2.38718      0.00000      0.00000
     -2.37718      0.00009      0.00000
     -2.36718      0.00595      0.00000
     -2.35718      0.15296      0.00000
     -2.34718      1.47637      0.00000
     -2.33718      5.35344      0.00000
     -2.32718      7.28571      0.00000
     -2.31718      3.71532      0.00000
     -2.30718      0.70841      0.00000
     -2.29718      0.05039      0.00000
     -2.28718      0.00133      0.00000
     -2.27718      0.00000      0.00000
     -2.26718      0.00000      0.00000
     -2.25718      0.00044      0.00000
     -2.24718      0.02081      0.00000
     -2.23718      0.35993      0.00000
     -2.22718      2.36919      0.00000
     -2.21718      6.11236      0.00000
     -2.20718      6.43693      0.00000
     -2.19718      2.86554      0.00000
     -2.18718      0.54138      0.00000
     -2.17718      0.04210      0.00000
     -2.16718      0.00152      0.00000
     -2.15718      0.01330      0.00000
     -2.14718      0.28300      0.00000
     -2.13718      2.21844      0.00000
     -2.12718      6.39766      0.00000
     -2.11718      6.78743      0.00000
     -2.10718      2.64911      0.00000
     -2.09718      0.38037      0.00000
     -2.08718      0.02009      0.00000
     -2.07718      0.00039      0.00000
     -2.06718      0.00009      0.00000
     -2.05718      0.00616      0.00000
     -2.04718      0.16094      0.00000
     -2.03718      1.55206      0.00000
     -2.02718      5.54156      0.00000
     -2.01718      7.61819      0.00000
     -2.00718      7.02852      0.00000
     -1.99718     15.24283      0.00000
     -1.98718     26.45459      0.00000
     -1.97718     21.37057      0.00000
     -1.96718      7.58892      0.00000
     -1.95718      1.11900      0.00000
     -1.94718      0.06511      0.00000
     -1.93718      0.00142      0.00000
     -1.92718      0.00000      0.00000
     -1.91718      0.00000      0.00000
     -1.90718      0.00000      0.00000
     -1.89718      0.00018      0.00000
     -1.88718      0.01211      0.00000
     -1.87718      0.31085      0.00000
     -1.86718      2.98774      0.00000
     -1.85718     10.79711      0.00000
     -1.84718     15.12153      0.00000
     -1.83718     10.72597      0.00000
     -1.82718      8.59737      0.00000
     -1.81718      5.82061      0.00000
     -1.80718      1.68584      0.00000
     -1.79718      0.18317      0.00000
     -1.78718      0.00737      0.00000
     -1.77718      0.00011      0.00000
     -1.76718      0.00000      0.00000
     -1.75718      0.00000      0.00000
     -1.74718      0.00000      0.00000
     -1.73718      0.00000      0.00000
     -1.72718      0.00000      0.00000
     -1.71718      0.00000      0.00000
     -1.70718      0.00000      0.00000
     -1.69718      0.00000      0.00000
     -1.68718      0.00000      0.00000
     -1.67718      0.00000      0.00000
     -1.66718      0.00000      0.00000
     -1.65718      0.00000      0.00000
     -1.64718      0.00000      0.00000
     -1.63718      0.00000      0.00000
     -1.62718      0.00000      0.00000
     -1.61718      0.00000      0.00000
     -1.60718      0.00000      0.00000
     -1.59718      0.00000      0.00000
     -1.58718      0.00000      0.00000
     -1.57718      0.00000      0.00000
     -1.56718      0.00000      0.00000
     -1.55718      0.00000      0.00000
     -1.54718      0.00000      0.00000
     -1.53718      0.00000      0.00000
     -1.52718      0.00075      0.00000
     -1.51718      0.02557      0.00000
     -1.50718      0.32445      0.00000
     -1.49718      1.61860      0.00000
     -1.48718      4.18359      0.00000
     -1.47718      8.96090      0.00000
     -1.46718     12.66527      0.00000
     -1.45718      7.74344      0.00000
     -1.44718      1.81326      0.00000
     -1.43718      0.15888      0.00000
     -1.42718      0.00518      0.00000
     -1.41718      0.00006      0.00000
     -1.40718      0.00000      0.00000
     -1.39718      0.00000      0.00000
     -1.38718      0.00050      0.00000
     -1.37718      0.02417      0.00000
     -1.36718      0.43205      0.00000
     -1.35718      2.84769      0.00000
     -1.34718      6.92266      0.00000
     -1.33718      6.20750      0.00000
     -1.32718      2.05337      0.00000
     -1.31718      0.25097      0.00000
     -1.30718      0.03251      0.00000
     -1.29718      0.45337      0.00000
     -1.28718      3.69631      0.00000
     -1.27718     11.58371      0.00000
     -1.26718     14.03693      0.00000
     -1.25718      7.44509      0.00000
     -1.24718      8.24069      0.00000
     -1.23718     21.80225      0.00000
     -1.22718     27.52535      0.00000
     -1.21718     14.38822      0.00000
     -1.20718      3.04449      0.00000
     -1.19718      0.25387      0.00000
     -1.18718      0.00815      0.00000
     -1.17718      0.00008      0.00000
     -1.16718      0.00000      0.00000
     -1.15718      0.00000      0.00000
     -1.14718      0.00000      0.00000
     -1.13718      0.00000      0.00000
     -1.12718      0.00000      0.00000
     -1.11718      0.00000      0.00000
     -1.10718      0.00000      0.00000
     -1.09718      0.00000      0.00000
     -1.08718      0.00000      0.00000
     -1.07718      0.00000      0.00000
     -1.06718      0.00000      0.00000
     -1.05718      0.00000      0.00000
     -1.04718      0.00000      0.00000
     -1.03718      0.00063      0.00000
     -1.02718      0.03353      0.00000
     -1.01718      0.66205      0.00000
     -1.00718      4.84220      0.00000
     -0.99718     13.12706      0.00000
     -0.98718     13.19657      0.00000
     -0.97718      4.92132      0.00000
     -0.96718      0.68099      0.00000
     -0.95718      0.03497      0.00000
     -0.94718      0.00067      0.00000
     -0.93718      0.00000      0.00000
     -0.92718      0.00000      0.00000
     -0.91718      0.00000      0.00000
     -0.90718      0.00000      0.00000
     -0.89718      0.00000      0.00000
     -0.88718      0.00000      0.00000
     -0.87718      0.00000      0.00000
     -0.86718      0.00000      0.00000
     -0.85718      0.00000      0.00000
     -0.84718      0.00000      0.00000
     -0.83718      0.00000      0.00000
     -0.82718      0.00000      0.00000
     -0.81718      0.00000      0.00000
     -0.80718      0.00011      0.00000
     -0.79718      0.00788      0.00000
     -0.78718      0.21230      0.00000
     -0.77718      2.20288      0.00000
     -0.76718      8.93363      0.00000
     -0.75718     14.34908      0.00000
     -0.74718      9.19815      0.00000
     -0.73718      2.34975      0.00000
     -0.72718      0.23680      0.00000
     -0.71718      0.00928      0.00000
     -0.70718      0.00012      0.00000
     -0.69718      0.00000      0.00000
     -0.68718      0.00000      0.00000
     -0.67718      0.00000      0.00000
     -0.66718      0.00000      0.00000
     -0.65718      0.00000      0.00000
     -0.64718      0.00000      0.00000
     -0.63718      0.00029      0.00000
     -0.62718      0.01705      0.00000
     -0.61718      0.37011      0.00000
     -0.60718      3.13242      0.00000
     -0.59718     10.50174      0.00000
     -0.58718     14.10446      0.00000
     -0.57718      7.60193      0.00000
     -0.56718      1.63039      0.00000
     -0.55718      0.13710      0.00000
     -0.54718      0.00445      0.00000
     -0.53718      0.00005      0.00000
     -0.52718      0.00000      0.00000
     -0.51718      0.00000      0.00000
     -0.50718      0.00000      0.00000
     -0.49718      0.00000      0.00000
     -0.48718      0.00000      0.00000
     -0.47718      0.00000      0.00000
     -0.46718      0.00000      0.00000
     -0.45718      0.00000      0.00000
     -0.44718      0.00000      0.00000
     -0.43718      0.00000      0.00000
     -0.42718      0.00003      0.00000
     -0.41718      0.00259      0.00000
     -0.40718      0.08123      0.00000
     -0.39718      1.00502      0.00000
     -0.38718      5.14168      0.00000
     -0.37718     11.61657      0.00000
     -0.36718     12.26637      0.00000
     -0.35718      6.00335      0.00000
     -0.34718      1.27105      0.00000
     -0.33718      0.10847      0.00000
     -0.32718      0.00358      0.00000
     -0.31718      0.00246      0.00000
     -0.30718      0.08373      0.00000
     -0.29718      1.11355      0.00000
     -0.28718      5.86537      0.00000
     -0.27718     12.75941      0.00000
     -0.26718     11.93436      0.00000
     -0.25718      4.85016      0.00000
     -0.24718      0.83187      0.00000
     -0.23718      0.05752      0.00000
     -0.22718      0.00154      0.00000
     -0.21718      0.00000      0.00000
     -0.20718      0.00000      0.00000
     -0.19718      0.00000      0.00000
     -0.18718      0.00025      0.00000
     -0.17718      0.01621      0.00000
     -0.16718      0.39452      0.00000
     -0.15718      3.54695      0.00000
     -0.14718     11.86880      0.00000
     -0.13718     15.31461      0.00000
     -0.12718      8.79380      0.00000
     -0.11718      3.08875      0.00000
     -0.10718      1.13077      0.00000
     -0.09718      2.51403      0.00000
     -0.08718      4.89591      0.00000
     -0.07718      3.60638      0.00000
     -0.06718      0.97784      0.00000
     -0.05718      0.09754      0.00000
     -0.04718      0.00362      0.00000
     -0.03718      0.00267      0.00000
     -0.02718      0.07031      0.00000
     -0.01718      0.74903      0.00000
     -0.00718      3.35759      0.00000
      0.00282      6.60933      0.00000
      0.01282      5.66238      0.00000
      0.02282      2.00522      0.00000
      0.03282      0.27940      0.00000
      0.04282      0.05615      0.00000
      0.05282      0.71313      0.00000
      0.06282      4.67583      0.00000
      0.07282     12.08414      0.00000
      0.08282     12.86937      0.00000
      0.09282      5.86997      0.00000
      0.10282      1.14929      0.00000
      0.11282      0.09314      0.00000
      0.12282      0.00298      0.00000
      0.13282      0.00004      0.00000
      0.14282      0.00000      0.00000
      0.15282      0.00000      0.00000
      0.16282      0.00000      0.00000
      0.17282      0.00000      0.00000
      0.18282      0.00000      0.00000
      0.19282      0.00000      0.00000
      0.20282      0.00000      0.00000
      0.21282      0.00000      0.00000
      0.22282      0.00000      0.00000
      0.23282      0.00000      0.00000
      0.24282      0.00017      0.00000
      0.25282      0.01081      0.00000
      0.26282      0.26111      0.00000
      0.27282      2.43363      0.00000
      0.28282      9.01050      0.00000
      0.29282     13.80146      0.00000
      0.30282      9.07776      0.00000
      0.31282      2.58180      0.00000
      0.32282      0.30779      0.00000
      0.33282      0.01470      0.00000
      0.34282      0.00026      0.00000
      0.35282      0.00021      0.00000
      0.36282      0.01312      0.00000
      0.37282      0.29003      0.00000
      0.38282      2.55362      0.00000
      0.39282      9.24742      0.00000
      0.40282     14.03340      0.00000
      0.41282      8.86013      0.00000
      0.42282      2.26548      0.00000
      0.43282      0.22765      0.00000
      0.44282      0.00878      0.00000
      0.45282      0.00013      0.00000
      0.46282      0.00000      0.00000
      0.47282      0.00000      0.00000
      0.48282      0.00000      0.00000
      0.49282      0.00000      0.00000
      0.50282      0.00000      0.00000
      0.51282      0.00000      0.00000
      0.52282      0.00000      0.00000
      0.53282      0.00000      0.00000
      0.54282      0.00000      0.00000
      0.55282      0.00000      0.00000
      0.56282      0.00000      0.00000
      0.57282      0.00000      0.00000
      0.58282      0.00000      0.00000
      0.59282      0.00000      0.00000
      0.60282      0.00000      0.00000
      0.61282      0.00000      0.00000
      0.62282      0.00000      0.00000
      0.63282      0.00000      0.00000
      0.64282      0.00000      0.00000
      0.65282      0.00005      0.00000
      0.66282      0.00371      0.00000
      0.67282      0.10354      0.00000
      0.68282      1.12425      0.00000
      0.69282      5.16995      0.00000
      0.70282     11.35303      0.00000
      0.71282     12.37253      0.00000
      0.72282      6.07569      0.00000
      0.73282      1.20387      0.00000
      0.74282      0.09082      0.00000
      0.75282      0.00254      0.00000
      0.76282      0.00000      0.00000
      0.77282      0.00000      0.00000
      0.78282      0.00040      0.00000
      0.79282      0.01872      0.00000
      0.80282      0.32176      0.00000
      0.81282      2.05947      0.00000
      0.82282      5.34024      0.00000
      0.83282      9.02191      0.00000
      0.84282     17.87952      0.00000
      0.85282     23.46793      0.00000
      0.86282     13.49590      0.00000
      0.87282      3.10752      0.00000
      0.88282      0.27707      0.00000
      0.89282      0.00938      0.00000
      0.90282      0.00012      0.00000
      0.91282      0.00000      0.00000
      0.92282      0.00000      0.00000
      0.93282      0.00000      0.00000
      0.94282      0.00000      0.00000
      0.95282      0.00000      0.00000
      0.96282      0.00000      0.00000
      0.97282      0.00005      0.00000
      0.98282      0.00369      0.00000
      0.99282      0.10256      0.00000
      1.00282      1.09675      0.00000
      1.01282      4.89536      0.00000
      1.02282     10.55340      0.00000
      1.03282     12.13661      0.00000
      1.04282      6.87269      0.00000
      1.05282      1.67140      0.00000
      1.06282      0.16141      0.00000
      1.07282      0.00598      0.00000
      1.08282      0.00008      0.00000
      1.09282      0.00000      0.00000
      1.10282      0.00000      0.00000
      1.11282      0.00000      0.00000
      1.12282      0.00000      0.00000
      1.13282      0.00000      0.00000
      1.14282      0.00000      0.00000
      1.15282      0.00000      0.00000
      1.16282      0.00000      0.00000
      1.17282      0.00000      0.00000
      1.18282      0.00000      0.00000
      1.19282      0.00000      0.00000
      1.20282      0.00000      0.00000
      1.21282      0.00000      0.00000
      1.22282      0.00000      0.00000
      1.23282      0.00044      0.00000
      1.24282      0.02150      0.00000
      1.25282      0.40133      0.00000
      1.26282      2.98809      0.00000
      1.27282      9.39656      0.00000
      1.28282     13.27125      0.00000
      1.29282      8.62129      0.00000
      1.30282      2.48608      0.00000
      1.31282      0.29896      0.00000
      1.32282      0.01423      0.00000
      1.33282      0.00024      0.00000
      1.34282      0.00000      0.00000
      1.35282      0.00000      0.00000
      1.36282      0.00000      0.00000
      1.37282      0.00000      0.00000
      1.38282      0.00000      0.00000
      1.39282      0.00000      0.00000
      1.40282      0.00000      0.00000
      1.41282      0.00000      0.00000
      1.42282      0.00000      0.00000
      1.43282      0.00000      0.00000
      1.44282      0.00000      0.00000
      1.45282      0.00000      0.00000
      1.46282      0.00000      0.00000
      1.47282      0.00000      0.00000
      1.48282      0.00000      0.00000
      1.49282      0.00000      0.00000
      1.50282      0.00004      0.00000
      1.51282      0.00329      0.00000
      1.52282      0.09849      0.00000
      1.53282      1.13047      0.00000
      1.54282      5.10263      0.00000
      1.55282      9.41829      0.00000
      1.56282      8.16512      0.00000
      1.57282      6.08950      0.00000
      1.58282      5.01339      0.00000
      1.59282      2.11507      0.00000
      1.60282      0.34299      0.00000
      1.61282      0.03265      0.00000
      1.62282      0.19287      0.00000
      1.63282      1.13033      0.00000
      1.64282      2.59043      0.00000
      1.65282      3.35003      0.00000
      1.66282      4.79177      0.00000
      1.67282      4.80494      0.00000
      1.68282      4.03627      0.00000
      1.69282      9.74649      0.00000
      1.70282     14.91567      0.00000
      1.71282      8.66333      0.00000
      1.72282      1.86324      0.00000
      1.73282      0.14824      0.00000
      1.74282      0.00436      0.00000
      1.75282      0.00002      0.00000
      1.76282      0.00000      0.00000
      1.77282      0.00000      0.00000
      1.78282      0.00000      0.00000
      1.79282      0.00000      0.00000
      1.80282      0.00000      0.00000
      1.81282      0.00000      0.00000
      1.82282      0.00000      0.00000
      1.83282      0.00000      0.00000
      1.84282      0.00000      0.00000
      1.85282      0.00000      0.00000
      1.86282      0.00000      0.00000
      1.87282      0.00000      0.00000
      1.88282      0.00000      0.00000
      1.89282      0.00073      0.00000
      1.90282      0.03224      0.00000
      1.91282      0.53413      0.00000
      1.92282      3.37202      0.00000
      1.93282      8.66020      0.00000
      1.94282     10.96289      0.00000
      1.95282     11.82037      0.00000
      1.96282     18.36838      0.00000
      1.97282     22.16772      0.00000
      1.98282     17.69094      0.00000
      1.99282     17.52142      0.00000
      2.00282     17.99108      0.00000
      2.01282     13.35699      0.00000
      2.02282      6.05365      0.00000
      2.03282      1.33827      0.00000
      2.04282      0.12431      0.00000
      2.05282      0.00451      0.00000
      2.06282      0.00006      0.00000
      2.07282      0.00000      0.00000
      2.08282      0.00000      0.00000
      2.09282      0.00000      0.00000
      2.10282      0.00000      0.00000
      2.11282      0.00000      0.00000
      2.12282      0.00000      0.00000
      2.13282      0.00000      0.00000
      2.14282      0.00000      0.00000
      2.15282      0.00000      0.00000
      2.16282      0.00000      0.00000
      2.17282      0.00000      0.00000
      2.18282      0.00000      0.00000
      2.19282      0.00000      0.00000
      2.20282      0.00030      0.00000
      2.21282      0.01490      0.00000
      2.22282      0.27448      0.00000
      2.23282      1.88202      0.00000
      2.24282      4.99052      0.00000
      2.25282      5.84497      0.00000
      2.26282      3.89147      0.00000
      2.27282      1.56129      0.00000
      2.28282      0.62137      0.00000
      2.29282      2.55886      0.00000
      2.30282      7.61871      0.00000
      2.31282      9.52043      0.00000
      2.32282      6.66118      0.00000
      2.33282      5.66532      0.00000
      2.34282      3.89384      0.00000
      2.35282      1.12434      0.00000
      2.36282      0.12108      0.00000
      2.37282      0.00480      0.00000
      2.38282      0.00007      0.00000
      2.39282      0.00000      0.00000
      2.40282      0.00000      0.00000
      2.41282      0.00080      0.00000
      2.42282      0.03520      0.00000
      2.43282      0.60223      0.00000
      2.44282      4.13299      0.00000
      2.45282     11.63619      0.00000
      2.46282     13.49450      0.00000
      2.47282      6.33816      0.00000
      2.48282      1.17396      0.00000
      2.49282      0.08370      0.00000
      2.50282      0.00226      0.00000
      2.51282      0.00000      0.00000
      2.52282      0.00000      0.00000
      2.53282      0.00000      0.00000
      2.54282      0.00000      0.00000
      2.55282      0.00000      0.00000
      2.56282      0.00000      0.00000
      2.57282      0.00000      0.00000
      2.58282      0.00000      0.00000
      2.59282      0.00000      0.00000
      2.60282      0.00000      0.00000
      2.61282      0.00000      0.00000
      2.62282      0.00000      0.00000
      2.63282      0.00000      0.00000
      2.64282      0.00000      0.00000
      2.65282      0.00000      0.00000
      2.66282      0.00000      0.00000
      2.67282      0.00000      0.00000
      2.68282      0.00040      0.00000
      2.69282      0.01880      0.00000
      2.70282      0.32208      0.00000
      2.71282      2.03476      0.00000
      2.72282      4.86194      0.00000
      2.73282      5.71770      0.00000
      2.74282      8.29791      0.00000
      2.75282     12.65724      0.00000
      2.76282     14.67363      0.00000
      2.77282     15.04529      0.00000
      2.78282      8.87601      0.00000
      2.79282      2.25731      0.00000
      2.80282      0.22791      0.00000
      2.81282      0.00886      0.00000
      2.82282      0.00015      0.00000
      2.83282      0.00156      0.00000
      2.84282      0.04404      0.00000
      2.85282      0.45774      0.00000
      2.86282      1.75032      0.00000
      2.87282      2.46216      0.00000
      2.88282      1.27550      0.00000
      2.89282      0.29452      0.00000
      2.90282      0.79189      0.00000
      2.91282      4.64171      0.00000
      2.92282     11.67837      0.00000
      2.93282     12.81944      0.00000
      2.94282      6.16667      0.00000
      2.95282      1.25851      0.00000
      2.96282      0.10411      0.00000
      2.97282      0.00336      0.00000
      2.98282      0.00004      0.00000
      2.99282      0.00000      0.00000
      3.00282      0.00000      0.00000
      3.01282      0.00000      0.00000
      3.02282      0.00000      0.00000
      3.03282      0.00000      0.00000
      3.04282      0.00000      0.00000
      3.05282      0.00056      0.00000
      3.06282      0.02414      0.00000
      3.07282      0.40372      0.00000
      3.08282      2.61486      0.00000
      3.09282      6.57268      0.00000
      3.10282      6.39083      0.00000
      3.11282      2.38588      0.00000
      3.12282      0.33882      0.00000
      3.13282      0.01814      0.00000
      3.14282      0.00036      0.00000
      3.15282      0.00000      0.00000
      3.16282      0.00000      0.00000
      3.17282      0.00000      0.00000
      3.18282      0.00000      0.00000
      3.19282      0.00000      0.00000
      3.20282      0.00000      0.00000
      3.21282      0.00000      0.00000
      3.22282      0.00000      0.00000
      3.23282      0.00000      0.00000
      3.24282      0.00000      0.00000
      3.25282      0.00000      0.00000
      3.26282      0.00000      0.00000
      3.27282      0.00000      0.00000
      3.28282      0.00000      0.00000
      3.29282      0.00000      0.00000
      3.30282      0.00000      0.00000
      3.31282      0.00000      0.00000
      3.32282      0.00000      0.00000
      3.33282      0.00034      0.00000
      3.34282      0.01722      0.00000
      3.35282      0.32419      0.00000
      3.36282      2.42476      0.00000
      3.37282      7.90059      0.00000
      3.38282     12.98413      0.00000
      3.39282     12.15025      0.00000
      3.40282      6.46324      0.00000
      3.41282      3.21213      0.00000
      3.42282      5.88967      0.00000
      3.43282     10.31294      0.00000
      3.44282     11.45356      0.00000
      3.45282      7.89658      0.00000
      3.46282      5.80767      0.00000
      3.47282      4.75671      0.00000
      3.48282      1.86408      0.00000
      3.49282      0.27649      0.00000
      3.50282      0.01513      0.00000
      3.51282      0.00030      0.00000
      3.52282      0.00000      0.00000
      3.53282      0.00000      0.00000
      3.54282      0.00000      0.00000
      3.55282      0.00000      0.00000
      3.56282      0.00000      0.00000
      3.57282      0.00000      0.00000
