Energy-E_F (eV)    DOS (1/eV)    PDOS (1/eV)  of atom type Hg 
     -4.99000      0.05323      0.00000
     -4.98000      0.00159      0.00000
     -4.97000      0.00000      0.00000
     -4.96000      0.00000      0.00000
     -4.95000      0.00000      0.00000
     -4.94000      0.00036      0.00000
     -4.93000      0.01703      0.00000
     -4.92000      0.30046      0.00000
     -4.91000      1.95012      0.00000
     -4.90000      4.65629      0.00000
     -4.89000      4.09001      0.00000
     -4.88000      1.32164      0.00000
     -4.87000      0.15734      0.00000
     -4.86000      0.01710      0.00000
     -4.85000      0.17094      0.00000
     -4.84000      1.04957      0.00000
     -4.83000      2.37247      0.00000
     -4.82000      1.97973      0.00000
     -4.81000      0.73550      0.00000
     -4.80000      0.97244      0.00000
     -4.79000      2.28179      0.00000
     -4.78000      2.11237      0.00000
     -4.77000      0.72026      0.00000
     -4.76000      0.09035      0.00000
     -4.75000      0.00417      0.00000
     -4.74000      0.00102      0.00000
     -4.73000      0.03615      0.00000
     -4.72000      0.50610      0.00000
     -4.71000      2.60660      0.00000
     -4.70000      4.93879      0.00000
     -4.69000      3.44248      0.00000
     -4.68000      0.88273      0.00000
     -4.67000      0.08348      0.00000
     -4.66000      0.01403      0.00000
     -4.65000      0.22250      0.00000
     -4.64000      1.63382      0.00000
     -4.63000      4.41418      0.00000
     -4.62000      4.38733      0.00000
     -4.61000      1.60419      0.00000
     -4.60000      0.21578      0.00000
     -4.59000      0.01073      0.00000
     -4.58000      0.00396      0.00000
     -4.57000      0.10956      0.00000
     -4.56000      1.24118      0.00000
     -4.55000      5.79182      0.00000
     -4.54000     12.01291      0.00000
     -4.53000     11.76967      0.00000
     -4.52000      5.39766      0.00000
     -4.51000      1.08216      0.00000
     -4.50000      0.08838      0.00000
     -4.49000      0.00280      0.00000
     -4.48000      0.00003      0.00000
     -4.47000      0.00000      0.00000
     -4.46000      0.00000      0.00000
     -4.45000      0.00000      0.00000
     -4.44000      0.00000      0.00000
     -4.43000      0.00000      0.00000
     -4.42000      0.00000      0.00000
     -4.41000      0.00000      0.00000
     -4.40000      0.00000      0.00000
     -4.39000      0.00000      0.00000
     -4.38000      0.00000      0.00000
     -4.37000      0.00000      0.00000
     -4.36000      0.00000      0.00000
     -4.35000      0.00000      0.00000
     -4.34000      0.00000      0.00000
     -4.33000      0.00000      0.00000
     -4.32000      0.00000      0.00000
     -4.31000      0.00000      0.00000
     -4.30000      0.00000      0.00000
     -4.29000      0.00000      0.00000
     -4.28000      0.00000      0.00000
     -4.27000      0.00000      0.00000
     -4.26000      0.00000      0.00000
     -4.25000      0.00000      0.00000
     -4.24000      0.00002      0.00000
     -4.23000      0.00278      0.00000
     -4.22000      0.09521      0.00000
     -4.21000      1.21547      0.00000
     -4.20000      5.85148      0.00000
     -4.19000     10.99812      0.00000
     -4.18000      8.82308      0.00000
     -4.17000      3.48149      0.00000
     -4.16000      0.71243      0.00000
     -4.15000      0.06730      0.00000
     -4.14000      0.00256      0.00000
     -4.13000      0.00004      0.00000
     -4.12000      0.00000      0.00000
     -4.11000      0.00000      0.00000
     -4.10000      0.00000      0.00000
     -4.09000      0.00000      0.00000
     -4.08000      0.00000      0.00000
     -4.07000      0.00000      0.00000
     -4.06000      0.00000      0.00000
     -4.05000      0.00000      0.00000
     -4.04000      0.00000      0.00000
     -4.03000      0.00000      0.00000
     -4.02000      0.00000      0.00000
     -4.01000      0.00000      0.00000
     -4.00000      0.00000      0.00000
     -3.99000      0.00034      0.00000
     -3.98000      0.01653      0.00000
     -3.97000      0.30409      0.00000
     -3.96000      2.16275      0.00000
     -3.95000      6.37621      0.00000
     -3.94000      8.63093      0.00000
     -3.93000      5.63698      0.00000
     -3.92000      1.66249      0.00000
     -3.91000      0.20026      0.00000
     -3.90000      0.00926      0.00000
     -3.89000      0.00021      0.00000
     -3.88000      0.00381      0.00000
     -3.87000      0.09573      0.00000
     -3.86000      0.91635      0.00000
     -3.85000      3.37549      0.00000
     -3.84000      4.81768      0.00000
     -3.83000      2.66977      0.00000
     -3.82000      0.57248      0.00000
     -3.81000      0.04714      0.00000
     -3.80000      0.00148      0.00000
     -3.79000      0.00002      0.00000
     -3.78000      0.00000      0.00000
     -3.77000      0.00000      0.00000
     -3.76000      0.00000      0.00000
     -3.75000      0.00000      0.00000
     -3.74000      0.00000      0.00000
     -3.73000      0.00000      0.00000
     -3.72000      0.00000      0.00000
     -3.71000      0.00003      0.00000
     -3.70000      0.00223      0.00000
     -3.69000      0.06868      0.00000
     -3.68000      0.77816      0.00000
     -3.67000      3.24356      0.00000
     -3.66000      4.97384      0.00000
     -3.65000      2.81457      0.00000
     -3.64000      0.77626      0.00000
     -3.63000      1.64897      0.00000
     -3.62000      5.18069      0.00000
     -3.61000      7.00948      0.00000
     -3.60000      5.36272      0.00000
     -3.59000      5.23761      0.00000
     -3.58000      4.63083      0.00000
     -3.57000      1.94287      0.00000
     -3.56000      1.67986      0.00000
     -3.55000      4.22459      0.00000
     -3.54000      4.59476      0.00000
     -3.53000      2.22254      0.00000
     -3.52000      2.55719      0.00000
     -3.51000      4.85045      0.00000
     -3.50000      3.75833      0.00000
     -3.49000      1.07434      0.00000
     -3.48000      0.11299      0.00000
     -3.47000      0.00437      0.00000
     -3.46000      0.00006      0.00000
     -3.45000      0.00006      0.00000
     -3.44000      0.00464      0.00000
     -3.43000      0.12086      0.00000
     -3.42000      1.21845      0.00000
     -3.41000      4.77806      0.00000
     -3.40000      7.28428      0.00000
     -3.39000      4.29088      0.00000
     -3.38000      0.96743      0.00000
     -3.37000      0.08265      0.00000
     -3.36000      0.00298      0.00000
     -3.35000      0.01597      0.00000
     -3.34000      0.28683      0.00000
     -3.33000      1.89832      0.00000
     -3.32000      4.62190      0.00000
     -3.31000      4.13976      0.00000
     -3.30000      1.36425      0.00000
     -3.29000      0.17393      0.00000
     -3.28000      0.15882      0.00000
     -3.27000      0.99879      0.00000
     -3.26000      2.70986      0.00000
     -3.25000      4.64862      0.00000
     -3.24000      7.34452      0.00000
     -3.23000      6.55701      0.00000
     -3.22000      2.87873      0.00000
     -3.21000      2.23022      0.00000
     -3.20000      2.41666      0.00000
     -3.19000      1.10616      0.00000
     -3.18000      0.18739      0.00000
     -3.17000      0.01168      0.00000
     -3.16000      0.00027      0.00000
     -3.15000      0.00011      0.00000
     -3.14000      0.00695      0.00000
     -3.13000      0.15850      0.00000
     -3.12000      1.32885      0.00000
     -3.11000      4.09860      0.00000
     -3.10000      4.65051      0.00000
     -3.09000      1.94170      0.00000
     -3.08000      0.31685      0.00000
     -3.07000      0.27638      0.00000
     -3.06000      1.32137      0.00000
     -3.05000      2.47839      0.00000
     -3.04000      1.83000      0.00000
     -3.03000      1.58506      0.00000
     -3.02000      3.91269      0.00000
     -3.01000      4.78448      0.00000
     -3.00000      2.17341      0.00000
     -2.99000      0.36331      0.00000
     -2.98000      0.02234      0.00000
     -2.97000      0.00051      0.00000
     -2.96000      0.00000      0.00000
     -2.95000      0.00107      0.00000
     -2.94000      0.04069      0.00000
     -2.93000      0.59267      0.00000
     -2.92000      3.43491      0.00000
     -2.91000      8.68060      0.00000
     -2.90000     11.26512      0.00000
     -2.89000      8.77381      0.00000
     -2.88000      3.86190      0.00000
     -2.87000      0.78943      0.00000
     -2.86000      0.19773      0.00000
     -2.85000      1.14633      0.00000
     -2.84000      3.74645      0.00000
     -2.83000      4.72011      0.00000
     -2.82000      2.29089      0.00000
     -2.81000      0.42703      0.00000
     -2.80000      0.03038      0.00000
     -2.79000      0.00082      0.00000
     -2.78000      0.00000      0.00000
     -2.77000      0.00000      0.00000
     -2.76000      0.00000      0.00000
     -2.75000      0.00000      0.00000
     -2.74000      0.00000      0.00000
     -2.73000      0.00149      0.00000
     -2.72000      0.05070      0.00000
     -2.71000      0.63606      0.00000
     -2.70000      2.93571      0.00000
     -2.69000      4.98462      0.00000
     -2.68000      3.11356      0.00000
     -2.67000      0.71546      0.00000
     -2.66000      0.06048      0.00000
     -2.65000      0.00188      0.00000
     -2.64000      0.00002      0.00000
     -2.63000      0.00003      0.00000
     -2.62000      0.00223      0.00000
     -2.61000      0.06861      0.00000
     -2.60000      0.77766      0.00000
     -2.59000      3.24255      0.00000
     -2.58000      4.97381      0.00000
     -2.57000      2.80671      0.00000
     -2.56000      0.58290      0.00000
     -2.55000      0.05549      0.00000
     -2.54000      0.18390      0.00000
     -2.53000      1.17518      0.00000
     -2.52000      3.36261      0.00000
     -2.51000      5.54705      0.00000
     -2.50000      5.47711      0.00000
     -2.49000      2.51052      0.00000
     -2.48000      0.45241      0.00000
     -2.47000      0.03047      0.00000
     -2.46000      0.00076      0.00000
     -2.45000      0.00073      0.00000
     -2.44000      0.02960      0.00000
     -2.43000      0.47372      0.00000
     -2.42000      3.07190      0.00000
     -2.41000      8.22632      0.00000
     -2.40000      9.65401      0.00000
     -2.39000      7.17606      0.00000
     -2.38000      5.58925      0.00000
     -2.37000      2.71473      0.00000
     -2.36000      0.67670      0.00000
     -2.35000      1.45626      0.00000
     -2.34000      5.18401      0.00000
     -2.33000      7.23619      0.00000
     -2.32000      3.88693      0.00000
     -2.31000      0.80683      0.00000
     -2.30000      0.06471      0.00000
     -2.29000      0.00200      0.00000
     -2.28000      0.00002      0.00000
     -2.27000      0.00000      0.00000
     -2.26000      0.00000      0.00000
     -2.25000      0.00000      0.00000
     -2.24000      0.00000      0.00000
     -2.23000      0.00000      0.00000
     -2.22000      0.00000      0.00000
     -2.21000      0.00000      0.00000
     -2.20000      0.00000      0.00000
     -2.19000      0.00072      0.00000
     -2.18000      0.02472      0.00000
     -2.17000      0.31273      0.00000
     -2.16000      1.45537      0.00000
     -2.15000      2.49162      0.00000
     -2.14000      1.56926      0.00000
     -2.13000      0.36359      0.00000
     -2.12000      0.03107      0.00000
     -2.11000      0.00567      0.00000
     -2.10000      0.09850      0.00000
     -2.09000      0.75914      0.00000
     -2.08000      2.15253      0.00000
     -2.07000      2.24535      0.00000
     -2.06000      0.86164      0.00000
     -2.05000      0.12164      0.00000
     -2.04000      0.00632      0.00000
     -2.03000      0.00012      0.00000
     -2.02000      0.00000      0.00000
     -2.01000      0.00000      0.00000
     -2.00000      0.00000      0.00000
     -1.99000      0.00039      0.00000
     -1.98000      0.01834      0.00000
     -1.97000      0.32239      0.00000
     -1.96000      2.18395      0.00000
     -1.95000      6.36812      0.00000
     -1.94000     10.09378      0.00000
     -1.93000     10.20575      0.00000
     -1.92000      6.07405      0.00000
     -1.91000      1.92254      0.00000
     -1.90000      0.29147      0.00000
     -1.89000      0.01874      0.00000
     -1.88000      0.00047      0.00000
     -1.87000      0.00109      0.00000
     -1.86000      0.03384      0.00000
     -1.85000      0.38532      0.00000
     -1.84000      1.61421      0.00000
     -1.83000      2.48772      0.00000
     -1.82000      1.41042      0.00000
     -1.81000      0.29417      0.00000
     -1.80000      0.02257      0.00000
     -1.79000      0.00064      0.00000
     -1.78000      0.00000      0.00000
     -1.77000      0.00000      0.00000
     -1.76000      0.00000      0.00000
     -1.75000      0.00000      0.00000
     -1.74000      0.00000      0.00000
     -1.73000      0.00007      0.00000
     -1.72000      0.00501      0.00000
     -1.71000      0.12477      0.00000
     -1.70000      1.14413      0.00000
     -1.69000      3.85950      0.00000
     -1.68000      4.78953      0.00000
     -1.67000      2.18655      0.00000
     -1.66000      0.36723      0.00000
     -1.65000      0.02269      0.00000
     -1.64000      0.00052      0.00000
     -1.63000      0.00000      0.00000
     -1.62000      0.00000      0.00000
     -1.61000      0.00000      0.00000
     -1.60000      0.00000      0.00000
     -1.59000      0.00000      0.00000
     -1.58000      0.00000      0.00000
     -1.57000      0.00000      0.00000
     -1.56000      0.00000      0.00000
     -1.55000      0.00000      0.00000
     -1.54000      0.00000      0.00000
     -1.53000      0.00000      0.00000
     -1.52000      0.00000      0.00000
     -1.51000      0.00000      0.00000
     -1.50000      0.00000      0.00000
     -1.49000      0.00000      0.00000
     -1.48000      0.00000      0.00000
     -1.47000      0.00000      0.00000
     -1.46000      0.00000      0.00000
     -1.45000      0.00000      0.00000
     -1.44000      0.00000      0.00000
     -1.43000      0.00000      0.00000
     -1.42000      0.00000      0.00000
     -1.41000      0.00000      0.00000
     -1.40000      0.00000      0.00000
     -1.39000      0.00000      0.00000
     -1.38000      0.00000      0.00000
     -1.37000      0.00000      0.00000
     -1.36000      0.00000      0.00000
     -1.35000      0.00000      0.00000
     -1.34000      0.00000      0.00000
     -1.33000      0.00032      0.00000
     -1.32000      0.01582      0.00000
     -1.31000      0.28525      0.00000
     -1.30000      1.89225      0.00000
     -1.29000      4.61773      0.00000
     -1.28000      4.14558      0.00000
     -1.27000      1.36914      0.00000
     -1.26000      0.16635      0.00000
     -1.25000      0.00744      0.00000
     -1.24000      0.00012      0.00000
     -1.23000      0.00000      0.00000
     -1.22000      0.00000      0.00000
     -1.21000      0.00000      0.00000
     -1.20000      0.00000      0.00000
     -1.19000      0.00033      0.00000
     -1.18000      0.01385      0.00000
     -1.17000      0.21078      0.00000
     -1.16000      1.18050      0.00000
     -1.15000      2.43223      0.00000
     -1.14000      1.84352      0.00000
     -1.13000      0.51404      0.00000
     -1.12000      0.05273      0.00000
     -1.11000      0.00199      0.00000
     -1.10000      0.00009      0.00000
     -1.09000      0.00359      0.00000
     -1.08000      0.08114      0.00000
     -1.07000      0.67419      0.00000
     -1.06000      2.06135      0.00000
     -1.05000      2.33798      0.00000
     -1.04000      1.23538      0.00000
     -1.03000      1.51222      0.00000
     -1.02000      2.48990      0.00000
     -1.01000      1.65845      0.00000
     -1.00000      0.40763      0.00000
     -0.99000      0.03686      0.00000
     -0.98000      0.00123      0.00000
     -0.97000      0.00002      0.00000
     -0.96000      0.00000      0.00000
     -0.95000      0.00000      0.00000
     -0.94000      0.00000      0.00000
     -0.93000      0.00000      0.00000
     -0.92000      0.00000      0.00000
     -0.91000      0.00000      0.00000
     -0.90000      0.00027      0.00000
     -0.89000      0.01163      0.00000
     -0.88000      0.18676      0.00000
     -0.87000      1.10377      0.00000
     -0.86000      2.39978      0.00000
     -0.85000      1.91942      0.00000
     -0.84000      0.56477      0.00000
     -0.83000      0.06165      0.00000
     -0.82000      0.02524      0.00000
     -0.81000      0.36861      0.00000
     -0.80000      2.19108      0.00000
     -0.79000      4.79172      0.00000
     -0.78000      3.85505      0.00000
     -0.77000      1.14097      0.00000
     -0.76000      0.12423      0.00000
     -0.75000      0.00498      0.00000
     -0.74000      0.00007      0.00000
     -0.73000      0.00002      0.00000
     -0.72000      0.00177      0.00000
     -0.71000      0.05786      0.00000
     -0.70000      0.69470      0.00000
     -0.69000      3.06854      0.00000
     -0.68000      4.98625      0.00000
     -0.67000      2.98072      0.00000
     -0.66000      0.65550      0.00000
     -0.65000      0.05358      0.00000
     -0.64000      0.02173      0.00000
     -0.63000      0.27243      0.00000
     -0.62000      1.35516      0.00000
     -0.61000      2.47987      0.00000
     -0.60000      1.66945      0.00000
     -0.59000      0.41345      0.00000
     -0.58000      0.03830      0.00000
     -0.57000      0.02378      0.00000
     -0.56000      0.29368      0.00000
     -0.55000      1.40917      0.00000
     -0.54000      2.48758      0.00000
     -0.53000      1.61546      0.00000
     -0.52000      0.38594      0.00000
     -0.51000      0.03392      0.00000
     -0.50000      0.00110      0.00000
     -0.49000      0.00001      0.00000
     -0.48000      0.00000      0.00000
     -0.47000      0.00000      0.00000
     -0.46000      0.00000      0.00000
     -0.45000      0.00000      0.00000
     -0.44000      0.00000      0.00000
     -0.43000      0.00014      0.00000
     -0.42000      0.00722      0.00000
     -0.41000      0.13374      0.00000
     -0.40000      0.91470      0.00000
     -0.39000      2.38371      0.00000
     -0.38000      3.09928      0.00000
     -0.37000      4.34579      0.00000
     -0.36000      4.97380      0.00000
     -0.35000      2.42130      0.00000
     -0.34000      0.44012      0.00000
     -0.33000      0.02959      0.00000
     -0.32000      0.00782      0.00000
     -0.31000      0.16072      0.00000
     -0.30000      1.34033      0.00000
     -0.29000      4.11216      0.00000
     -0.28000      4.64125      0.00000
     -0.27000      1.92710      0.00000
     -0.26000      0.29436      0.00000
     -0.25000      0.01654      0.00000
     -0.24000      0.00034      0.00000
     -0.23000      0.00010      0.00000
     -0.22000      0.00631      0.00000
     -0.21000      0.14774      0.00000
     -0.20000      1.27207      0.00000
     -0.19000      4.02936      0.00000
     -0.18000      4.69535      0.00000
     -0.17000      2.01282      0.00000
     -0.16000      0.31743      0.00000
     -0.15000      0.01866      0.00000
     -0.14000      0.01315      0.00000
     -0.13000      0.24490      0.00000
     -0.12000      1.73039      0.00000
     -0.11000      4.51214      0.00000
     -0.10000      4.58502      0.00000
     -0.09000      3.40817      0.00000
     -0.08000      4.81608      0.00000
     -0.07000      4.15110      0.00000
     -0.06000      1.36599      0.00000
     -0.05000      0.16570      0.00000
     -0.04000      0.00753      0.00000
     -0.03000      0.00824      0.00000
     -0.02000      0.17719      0.00000
     -0.01000      1.42333      0.00000
     -0.00000      4.20689      0.00000
      0.01000      4.59916      0.00000
      0.02000      2.15735      0.00000
      0.03000      1.76148      0.00000
      0.04000      2.50774      0.00000
      0.05000      1.53249      0.00000
      0.06000      0.34640      0.00000
      0.07000      0.02887      0.00000
      0.08000      0.00505      0.00000
      0.09000      0.10918      0.00000
      0.10000      1.05106      0.00000
      0.11000      3.72270      0.00000
      0.12000      4.85057      0.00000
      0.13000      2.32605      0.00000
      0.14000      0.44171      0.00000
      0.15000      0.39583      0.00000
      0.16000      1.58177      0.00000
      0.17000      2.49081      0.00000
      0.18000      1.44350      0.00000
      0.19000      0.30775      0.00000
      0.20000      0.02414      0.00000
      0.21000      0.00070      0.00000
      0.22000      0.00000      0.00000
      0.23000      0.00000      0.00000
      0.24000      0.00009      0.00000
      0.25000      0.00481      0.00000
      0.26000      0.10020      0.00000
      0.27000      0.76806      0.00000
      0.28000      2.19750      0.00000
      0.29000      2.75361      0.00000
      0.30000      3.48475      0.00000
      0.31000      5.06632      0.00000
      0.32000      3.49409      0.00000
      0.33000      1.65974      0.00000
      0.34000      3.34965      0.00000
      0.35000      4.97372      0.00000
      0.36000      2.79620      0.00000
      0.37000      0.79786      0.00000
      0.38000      1.26822      0.00000
      0.39000      2.44892      0.00000
      0.40000      1.79941      0.00000
      0.41000      0.48664      0.00000
      0.42000      0.04842      0.00000
      0.43000      0.00177      0.00000
      0.44000      0.00002      0.00000
      0.45000      0.00000      0.00000
      0.46000      0.00000      0.00000
      0.47000      0.00000      0.00000
      0.48000      0.00032      0.00000
      0.49000      0.01585      0.00000
      0.50000      0.28598      0.00000
      0.51000      1.91054      0.00000
      0.52000      4.91702      0.00000
      0.53000      6.09093      0.00000
      0.54000      6.14353      0.00000
      0.55000      5.40817      0.00000
      0.56000      5.19521      0.00000
      0.57000      4.95387      0.00000
      0.58000      2.33094      0.00000
      0.59000      1.59400      0.00000
      0.60000      4.25656      0.00000
      0.61000      6.92508      0.00000
      0.62000      8.41486      0.00000
      0.63000      7.14039      0.00000
      0.64000      2.73918      0.00000
      0.65000      0.40474      0.00000
      0.66000      0.02237      0.00000
      0.67000      0.00046      0.00000
      0.68000      0.00000      0.00000
      0.69000      0.00013      0.00000
      0.70000      0.00810      0.00000
      0.71000      0.19364      0.00000
      0.72000      1.72455      0.00000
      0.73000      5.73480      0.00000
      0.74000      7.13651      0.00000
      0.75000      3.32969      0.00000
      0.76000      0.58347      0.00000
      0.77000      0.05045      0.00000
      0.78000      0.23643      0.00000
      0.79000      1.69026      0.00000
      0.80000      4.46324      0.00000
      0.81000      4.33562      0.00000
      0.82000      1.54938      0.00000
      0.83000      0.20369      0.00000
      0.84000      0.00992      0.00000
      0.85000      0.00414      0.00000
      0.86000      0.08726      0.00000
      0.87000      0.71164      0.00000
      0.88000      2.25655      0.00000
      0.89000      3.63588      0.00000
      0.90000      5.03860      0.00000
      0.91000      4.77521      0.00000
      0.92000      1.93056      0.00000
      0.93000      0.29346      0.00000
      0.94000      0.01647      0.00000
      0.95000      0.00158      0.00000
      0.96000      0.03724      0.00000
      0.97000      0.41138      0.00000
      0.98000      1.69794      0.00000
      0.99000      2.87205      0.00000
      1.00000      2.98719      0.00000
      1.01000      2.76113      0.00000
      1.02000      1.41913      0.00000
      1.03000      0.29003      0.00000
      1.04000      0.02204      0.00000
      1.05000      0.00062      0.00000
      1.06000      0.00000      0.00000
      1.07000      0.00000      0.00000
      1.08000      0.00000      0.00000
      1.09000      0.00000      0.00000
      1.10000      0.00000      0.00000
      1.11000      0.00000      0.00000
      1.12000      0.00004      0.00000
      1.13000      0.00241      0.00000
      1.14000      0.06068      0.00000
      1.15000      0.56211      0.00000
      1.16000      1.91579      0.00000
      1.17000      2.41189      0.00000
      1.18000      1.31806      0.00000
      1.19000      1.77263      0.00000
      1.20000      4.47947      0.00000
      1.21000      5.21740      0.00000
      1.22000      3.83259      0.00000
      1.23000      2.45427      0.00000
      1.24000      0.85073      0.00000
      1.25000      0.14088      0.00000
      1.26000      0.40256      0.00000
      1.27000      2.44696      0.00000
      1.28000      5.98575      0.00000
      1.29000      6.23679      0.00000
      1.30000      2.96077      0.00000
      1.31000      0.66002      0.00000
      1.32000      0.43556      0.00000
      1.33000      2.55490      0.00000
      1.34000      7.19934      0.00000
      1.35000      9.56263      0.00000
      1.36000      8.09891      0.00000
      1.37000      6.12782      0.00000
      1.38000      2.92340      0.00000
      1.39000      0.58946      0.00000
      1.40000      0.04487      0.00000
      1.41000      0.00129      0.00000
      1.42000      0.00228      0.00000
      1.43000      0.06985      0.00000
      1.44000      0.78683      0.00000
      1.45000      3.26087      0.00000
      1.46000      4.97153      0.00000
      1.47000      2.78838      0.00000
      1.48000      0.57644      0.00000
      1.49000      0.08815      0.00000
      1.50000      0.66165      0.00000
      1.51000      3.61782      0.00000
      1.52000      7.31238      0.00000
      1.53000      5.45407      0.00000
      1.54000      1.50136      0.00000
      1.55000      0.15254      0.00000
      1.56000      0.00581      0.00000
      1.57000      0.00491      0.00000
      1.58000      0.10037      0.00000
      1.59000      0.76793      0.00000
      1.60000      2.16543      0.00000
      1.61000      2.34851      0.00000
      1.62000      1.91374      0.00000
      1.63000      3.85795      0.00000
      1.64000      4.85029      0.00000
      1.65000      2.30919      0.00000
      1.66000      0.40492      0.00000
      1.67000      0.02612      0.00000
      1.68000      0.00062      0.00000
      1.69000      0.00000      0.00000
      1.70000      0.00000      0.00000
      1.71000      0.00000      0.00000
      1.72000      0.00000      0.00000
      1.73000      0.00000      0.00000
      1.74000      0.00000      0.00000
      1.75000      0.00000      0.00000
      1.76000      0.00000      0.00000
      1.77000      0.00000      0.00000
      1.78000      0.00000      0.00000
      1.79000      0.00000      0.00000
      1.80000      0.00000      0.00000
      1.81000      0.00007      0.00000
      1.82000      0.00476      0.00000
      1.83000      0.12030      0.00000
      1.84000      1.11799      0.00000
      1.85000      3.82388      0.00000
      1.86000      4.86186      0.00000
      1.87000      2.91024      0.00000
      1.88000      3.74491      0.00000
      1.89000      7.20013      0.00000
      1.90000      7.84285      0.00000
      1.91000      4.54308      0.00000
      1.92000      1.19872      0.00000
      1.93000      0.12735      0.00000
      1.94000      0.04242      0.00000
      1.95000      0.41980      0.00000
      1.96000      1.82650      0.00000
      1.97000      3.52037      0.00000
      1.98000      3.97136      0.00000
      1.99000      3.57942      0.00000
      2.00000      3.11463      0.00000
      2.01000      1.79246      0.00000
      2.02000      0.44380      0.00000
      2.03000      0.04160      0.00000
      2.04000      0.00144      0.00000
      2.05000      0.00002      0.00000
      2.06000      0.00000      0.00000
      2.07000      0.00000      0.00000
      2.08000      0.00000      0.00000
      2.09000      0.00007      0.00000
      2.10000      0.00453      0.00000
      2.11000      0.11591      0.00000
      2.12000      1.09193      0.00000
      2.13000      3.78466      0.00000
      2.14000      4.84130      0.00000
      2.15000      2.50213      0.00000
      2.16000      1.65524      0.00000
      2.17000      2.48442      0.00000
      2.18000      1.76023      0.00000
      2.19000      0.46333      0.00000
      2.20000      0.05482      0.00000
      2.21000      0.16958      0.00000
      2.22000      1.03964      0.00000
      2.23000      2.36687      0.00000
      2.24000      1.98307      0.00000
      2.25000      0.63525      0.00000
      2.26000      0.37971      0.00000
      2.27000      1.45296      0.00000
      2.28000      2.49494      0.00000
      2.29000      1.65633      0.00000
      2.30000      1.04836      0.00000
      2.31000      2.23014      0.00000
      2.32000      3.52623      0.00000
      2.33000      5.06024      0.00000
      2.34000      6.25541      0.00000
      2.35000      6.25103      0.00000
      2.36000      4.96670      0.00000
      2.37000      1.92085      0.00000
      2.38000      0.28779      0.00000
      2.39000      0.01598      0.00000
      2.40000      0.00068      0.00000
      2.41000      0.01446      0.00000
      2.42000      0.21721      0.00000
      2.43000      1.20013      0.00000
      2.44000      2.43937      0.00000
      2.45000      1.82403      0.00000
      2.46000      0.50177      0.00000
      2.47000      0.05261      0.00000
      2.48000      0.06635      0.00000
      2.49000      0.90461      0.00000
      2.50000      5.09331      0.00000
      2.51000     11.40647      0.00000
      2.52000      9.99175      0.00000
      2.53000      3.50540      0.00000
      2.54000      1.43222      0.00000
      2.55000      2.67584      0.00000
      2.56000      4.05020      0.00000
      2.57000      5.34938      0.00000
      2.58000      4.13277      0.00000
      2.59000      1.64257      0.00000
      2.60000      1.73231      0.00000
      2.61000      2.49703      0.00000
      2.62000      1.45131      0.00000
      2.63000      0.49555      0.00000
      2.64000      1.14871      0.00000
      2.65000      2.64861      0.00000
      2.66000      3.63870      0.00000
      2.67000      5.05319      0.00000
      2.68000      4.36132      0.00000
      2.69000      1.51675      0.00000
      2.70000      0.19618      0.00000
      2.71000      0.00935      0.00000
      2.72000      0.00016      0.00000
      2.73000      0.00000      0.00000
      2.74000      0.00000      0.00000
      2.75000      0.00003      0.00000
      2.76000      0.00262      0.00000
      2.77000      0.07738      0.00000
      2.78000      0.84149      0.00000
      2.79000      3.36652      0.00000
      2.80000      4.95474      0.00000
      2.81000      2.68266      0.00000
      2.82000      0.53434      0.00000
      2.83000      0.03915      0.00000
      2.84000      0.00106      0.00000
      2.85000      0.00000      0.00000
      2.86000      0.00000      0.00000
      2.87000      0.00000      0.00000
      2.88000      0.00000      0.00000
      2.89000      0.00000      0.00000
      2.90000      0.00017      0.00000
      2.91000      0.00838      0.00000
      2.92000      0.15575      0.00000
      2.93000      1.12605      0.00000
      2.94000      3.35615      0.00000
      2.95000      4.42778      0.00000
      2.96000      2.65743      0.00000
      2.97000      0.69240      0.00000
      2.98000      0.07290      0.00000
      2.99000      0.00295      0.00000
      3.00000      0.00074      0.00000
      3.01000      0.02866      0.00000
      3.02000      0.43164      0.00000
      3.03000      2.39182      0.00000
      3.04000      4.87574      0.00000
      3.05000      3.65750      0.00000
      3.06000      1.04826      0.00000
      3.07000      0.65478      0.00000
      3.08000      3.00206      0.00000
      3.09000      6.96324      0.00000
      3.10000      8.06000      0.00000
      3.11000      4.87534      0.00000
      3.12000      1.35280      0.00000
      3.13000      0.15097      0.00000
      3.14000      0.00638      0.00000
      3.15000      0.00010      0.00000
      3.16000      0.00000      0.00000
