Energy-E_F (eV)    DOS (1/eV)    PDOS (1/eV)  of atom type Ta 
     -4.99000      0.00000      0.00000
     -4.98000      0.00000      0.00000
     -4.97000      0.00000      0.00000
     -4.96000      0.00000      0.00000
     -4.95000      0.00000      0.00000
     -4.94000      0.00000      0.00000
     -4.93000      0.00000      0.00000
     -4.92000      0.00000      0.00000
     -4.91000      0.00000      0.00000
     -4.90000      0.00193      0.00193
     -4.89000      0.06810      0.06810
     -4.88000      0.88592      0.88592
     -4.87000      4.23969      4.23969
     -4.86000      7.46408      7.46408
     -4.85000      4.83420      4.83420
     -4.84000      1.15185      1.15185
     -4.83000      0.10499      0.10499
     -4.82000      0.12163      0.12163
     -4.81000      1.27858      1.27858
     -4.80000      5.08057      5.08057
     -4.79000      7.44146      7.44146
     -4.78000      4.28494      4.28494
     -4.77000      2.86205      2.86205
     -4.76000      5.55238      5.55238
     -4.75000      5.44403      5.44403
     -4.74000      2.01492      2.01492
     -4.73000      0.27892      0.27892
     -4.72000      0.01443      0.01443
     -4.71000      0.00028      0.00028
     -4.70000      0.00000      0.00000
     -4.69000      0.00000      0.00000
     -4.68000      0.00020      0.00020
     -4.67000      0.01043      0.01043
     -4.66000      0.19528      0.19528
     -4.65000      1.34539      1.34539
     -4.64000      3.40984      3.40984
     -4.63000      3.17926      3.17926
     -4.62000      1.09049      1.09049
     -4.61000      0.13760      0.13760
     -4.60000      0.00639      0.00639
     -4.59000      0.00011      0.00011
     -4.58000      0.00000      0.00000
     -4.57000      0.00000      0.00000
     -4.56000      0.00000      0.00000
     -4.55000      0.00000      0.00000
     -4.54000      0.00000      0.00000
     -4.53000      0.00000      0.00000
     -4.52000      0.00000      0.00000
     -4.51000      0.00000      0.00000
     -4.50000      0.00000      0.00000
     -4.49000      0.00000      0.00000
     -4.48000      0.00000      0.00000
     -4.47000      0.00000      0.00000
     -4.46000      0.00002      0.00002
     -4.45000      0.00198      0.00198
     -4.44000      0.07318      0.07318
     -4.43000      1.03760      1.03760
     -4.42000      5.64932      5.64932
     -4.41000     11.81124     11.81124
     -4.40000      9.45171      9.45171
     -4.39000      2.87881      2.87881
     -4.38000      0.33155      0.33155
     -4.37000      0.01478      0.01478
     -4.36000      0.02484      0.02484
     -4.35000      0.51182      0.51182
     -4.34000      4.00139      4.00139
     -4.33000     12.03598     12.03598
     -4.32000     14.93696     14.93696
     -4.31000      9.58704      9.58704
     -4.30000      4.38237      4.38237
     -4.29000      1.23437      1.23437
     -4.28000      0.15264      0.15264
     -4.27000      0.00724      0.00724
     -4.26000      0.00013      0.00013
     -4.25000      0.00000      0.00000
     -4.24000      0.00000      0.00000
     -4.23000      0.00000      0.00000
     -4.22000      0.00000      0.00000
     -4.21000      0.00000      0.00000
     -4.20000      0.00000      0.00000
     -4.19000      0.00074      0.00074
     -4.18000      0.02801      0.02801
     -4.17000      0.38874      0.38874
     -4.16000      2.00394      2.00394
     -4.15000      4.07679      4.07679
     -4.14000      4.48041      4.48041
     -4.13000      4.34532      4.34532
     -4.12000      2.67572      2.67572
     -4.11000      0.68278      0.68278
     -4.10000      0.06521      0.06521
     -4.09000      0.00230      0.00230
     -4.08000      0.00003      0.00003
     -4.07000      0.00000      0.00000
     -4.06000      0.00000      0.00000
     -4.05000      0.00000      0.00000
     -4.04000      0.00000      0.00000
     -4.03000      0.00000      0.00000
     -4.02000      0.00000      0.00000
     -4.01000      0.00000      0.00000
     -4.00000      0.00004      0.00004
     -3.99000      0.00348      0.00348
     -3.98000      0.10619      0.10619
     -3.97000      1.19073      1.19073
     -3.96000      4.91318      4.91318
     -3.95000      7.49264      7.49264
     -3.94000      4.63963      4.63963
     -3.93000      3.05863      3.05863
     -3.92000      3.81556      3.81556
     -3.91000      2.55617      2.55617
     -3.90000      1.98205      1.98205
     -3.89000      3.52683      3.52683
     -3.88000      3.08469      3.08469
     -3.87000      1.01049      1.01049
     -3.86000      0.25240      0.25240
     -3.85000      1.06848      1.06848
     -3.84000      3.15060      3.15060
     -3.83000      3.45880      3.45880
     -3.82000      1.74294      1.74294
     -3.81000      2.12159      2.12159
     -3.80000      3.70960      3.70960
     -3.79000      2.70600      2.70600
     -3.78000      1.50605      1.50605
     -3.77000      2.94231      2.94231
     -3.76000      4.05425      4.05425
     -3.75000      3.79390      3.79390
     -3.74000      4.02116      4.02116
     -3.73000      2.45455      2.45455
     -3.72000      0.63038      0.63038
     -3.71000      0.58786      0.58786
     -3.70000      2.33602      2.33602
     -3.69000      3.73853      3.73853
     -3.68000      2.20261      2.20261
     -3.67000      0.47740      0.47740
     -3.66000      0.03817      0.03817
     -3.65000      0.00744      0.00744
     -3.64000      0.14039      0.14039
     -3.63000      1.21999      1.21999
     -3.62000      4.23197      4.23197
     -3.61000      5.91626      5.91626
     -3.60000      3.31450      3.31450
     -3.59000      0.73122      0.73122
     -3.58000      0.06222      0.06222
     -3.57000      0.00201      0.00201
     -3.56000      0.00002      0.00002
     -3.55000      0.00008      0.00008
     -3.54000      0.00407      0.00407
     -3.53000      0.07279      0.07279
     -3.52000      0.47874      0.47874
     -3.51000      1.15829      1.15829
     -3.50000      1.03095      1.03095
     -3.49000      0.33757      0.33757
     -3.48000      0.04066      0.04066
     -3.47000      0.00180      0.00180
     -3.46000      0.00003      0.00003
     -3.45000      0.00000      0.00000
     -3.44000      0.00000      0.00000
     -3.43000      0.00000      0.00000
     -3.42000      0.00000      0.00000
     -3.41000      0.00002      0.00002
     -3.40000      0.00167      0.00167
     -3.39000      0.05146      0.05146
     -3.38000      0.58329      0.58329
     -3.37000      2.43200      2.43200
     -3.36000      3.73034      3.73034
     -3.35000      2.10494      2.10494
     -3.34000      0.43696      0.43696
     -3.33000      0.03337      0.03337
     -3.32000      0.00094      0.00094
     -3.31000      0.00000      0.00000
     -3.30000      0.00000      0.00000
     -3.29000      0.00000      0.00000
     -3.28000      0.00000      0.00000
     -3.27000      0.00085      0.00085
     -3.26000      0.03100      0.03100
     -3.25000      0.41579      0.41579
     -3.24000      2.05127      2.05127
     -3.23000      3.72288      3.72288
     -3.22000      2.48564      2.48564
     -3.21000      0.61087      0.61087
     -3.20000      0.07348      0.07348
     -3.19000      0.35794      0.35794
     -3.18000      2.54769      2.54769
     -3.17000      6.70519      6.70519
     -3.16000      6.49209      6.49209
     -3.15000      2.31240      2.31240
     -3.14000      0.30300      0.30300
     -3.13000      0.01464      0.01464
     -3.12000      0.00238      0.00238
     -3.11000      0.04568      0.04568
     -3.10000      0.36259      0.36259
     -3.09000      1.05879      1.05879
     -3.08000      1.13739      1.13739
     -3.07000      0.44949      0.44949
     -3.06000      0.06535      0.06535
     -3.05000      0.00350      0.00350
     -3.04000      0.00007      0.00007
     -3.03000      0.00000      0.00000
     -3.02000      0.00000      0.00000
     -3.01000      0.00000      0.00000
     -3.00000      0.00000      0.00000
     -2.99000      0.00000      0.00000
     -2.98000      0.00000      0.00000
     -2.97000      0.00000      0.00000
     -2.96000      0.00000      0.00000
     -2.95000      0.00000      0.00000
     -2.94000      0.00000      0.00000
     -2.93000      0.00000      0.00000
     -2.92000      0.00000      0.00000
     -2.91000      0.00000      0.00000
     -2.90000      0.00000      0.00000
     -2.89000      0.00000      0.00000
     -2.88000      0.00000      0.00000
     -2.87000      0.00000      0.00000
     -2.86000      0.00000      0.00000
     -2.85000      0.00004      0.00004
     -2.84000      0.00289      0.00289
     -2.83000      0.07759      0.07759
     -2.82000      0.77458      0.77458
     -2.81000      3.04006      3.04006
     -2.80000      5.85131      5.85131
     -2.79000      8.04201      8.04201
     -2.78000      7.12424      7.12424
     -2.77000      3.31321      3.31321
     -2.76000      2.72266      2.72266
     -2.75000      3.76536      3.76536
     -2.74000      2.24771      2.24771
     -2.73000      0.49786      0.49786
     -2.72000      0.07922      0.07922
     -2.71000      0.48498      0.48498
     -2.70000      2.21856      2.21856
     -2.69000      3.77898      3.77898
     -2.68000      2.87066      2.87066
     -2.67000      3.72922      3.72922
     -2.66000      8.77166      8.77166
     -2.65000     11.89934     11.89934
     -2.64000      7.63466      7.63466
     -2.63000      2.08585      2.08585
     -2.62000      0.22801      0.22801
     -2.61000      0.02824      0.02824
     -2.60000      0.25874      0.25874
     -2.59000      1.32882      1.32882
     -2.58000      2.67990      2.67990
     -2.57000      3.23331      3.23331
     -2.56000      5.85075      5.85075
     -2.55000     13.05198     13.05198
     -2.54000     19.47671     19.47671
     -2.53000     13.43264     13.43264
     -2.52000      6.37136      6.37136
     -2.51000      7.37238      7.37238
     -2.50000      6.04504      6.04504
     -2.49000      1.89981      1.89981
     -2.48000      0.22003      0.22003
     -2.47000      0.00938      0.00938
     -2.46000      0.00015      0.00015
     -2.45000      0.00000      0.00000
     -2.44000      0.00000      0.00000
     -2.43000      0.00005      0.00005
     -2.42000      0.00333      0.00333
     -2.41000      0.07810      0.07810
     -2.40000      0.74970      0.74970
     -2.39000      3.10648      3.10648
     -2.38000      6.28847      6.28847
     -2.37000      8.03853      8.03853
     -2.36000      7.28317      7.28317
     -2.35000      5.26730      5.26730
     -2.34000      4.51024      4.51024
     -2.33000      4.48054      4.48054
     -2.32000      6.99635      6.99635
     -2.31000      6.64915      6.64915
     -2.30000      2.44867      2.44867
     -2.29000      0.33978      0.33978
     -2.28000      0.16005      0.16005
     -2.27000      1.11942      1.11942
     -2.26000      3.24461      3.24461
     -2.25000      3.92482      3.92482
     -2.24000      4.27351      4.27351
     -2.23000      6.23518      6.23518
     -2.22000      4.60928      4.60928
     -2.21000      1.30593      1.30593
     -2.20000      0.25008      0.25008
     -2.19000      1.01685      1.01685
     -2.18000      3.62405      3.62405
     -2.17000      5.97700      5.97700
     -2.16000      5.23113      5.23113
     -2.15000      2.31480      2.31480
     -2.14000      0.44001      0.44001
     -2.13000      0.03246      0.03246
     -2.12000      0.00200      0.00200
     -2.11000      0.04576      0.04576
     -2.10000      0.71142      0.71142
     -2.09000      4.21726      4.21726
     -2.08000      9.78529      9.78529
     -2.07000      9.17960      9.17960
     -2.06000      3.56983      3.56983
     -2.05000      0.57628      0.57628
     -2.04000      0.04787      0.04787
     -2.03000      0.19317      0.19317
     -2.02000      1.33284      1.33284
     -2.01000      3.40019      3.40019
     -2.00000      3.19106      3.19106
     -1.99000      1.10355      1.10355
     -1.98000      0.20533      0.20533
     -1.97000      0.86857      0.86857
     -1.96000      4.18025      4.18025
     -1.95000      7.45698      7.45698
     -1.94000      4.89373      4.89373
     -1.93000      1.18156      1.18156
     -1.92000      0.11030      0.11030
     -1.91000      0.12476      0.12476
     -1.90000      1.00939      1.00939
     -1.89000      3.08910      3.08910
     -1.88000      3.48681      3.48681
     -1.87000      1.61897      1.61897
     -1.86000      1.49583      1.49583
     -1.85000      3.36758      3.36758
     -1.84000      3.26650      3.26650
     -1.83000      1.48831      1.48831
     -1.82000      1.97725      1.97725
     -1.81000      3.67522      3.67522
     -1.80000      2.71067      2.71067
     -1.79000      0.75487      0.75487
     -1.78000      0.36251      0.36251
     -1.77000      1.68696      1.68696
     -1.76000      3.61290      3.61290
     -1.75000      2.85614      2.85614
     -1.74000      0.97182      0.97182
     -1.73000      1.57587      1.57587
     -1.72000      5.89391      5.89391
     -1.71000      9.66040      9.66040
     -1.70000      7.70020      7.70020
     -1.69000      4.51715      4.51715
     -1.68000      4.14271      4.14271
     -1.67000      3.55249      3.55249
     -1.66000      4.22729      4.22729
     -1.65000      7.38671      7.38671
     -1.64000      6.41427      6.41427
     -1.63000      3.73642      3.73642
     -1.62000      2.50431      2.50431
     -1.61000      0.97488      0.97488
     -1.60000      0.17982      0.17982
     -1.59000      0.43022      0.43022
     -1.58000      2.06745      2.06745
     -1.57000      3.74416      3.74416
     -1.56000      2.83406      2.83406
     -1.55000      3.18375      3.18375
     -1.54000      6.78712      6.78712
     -1.53000      6.46276      6.46276
     -1.52000      2.28083      2.28083
     -1.51000      0.29669      0.29669
     -1.50000      0.03551      0.03551
     -1.49000      0.35829      0.35829
     -1.48000      2.38782      2.38782
     -1.47000      7.00140      7.00140
     -1.46000     11.24867     11.24867
     -1.45000     12.57543     12.57543
     -1.44000     10.53159     10.53159
     -1.43000      9.12960      9.12960
     -1.42000      8.02538      8.02538
     -1.41000      3.65345      3.65345
     -1.40000      0.74888      0.74888
     -1.39000      1.17397      1.17397
     -1.38000      4.79277      4.79277
     -1.37000      7.48384      7.48384
     -1.36000      4.54001      4.54001
     -1.35000      2.48211      2.48211
     -1.34000      3.63096      3.63096
     -1.33000      2.95668      2.95668
     -1.32000      0.90193      0.90193
     -1.31000      0.10128      0.10128
     -1.30000      0.00418      0.00418
     -1.29000      0.00006      0.00006
     -1.28000      0.00000      0.00000
     -1.27000      0.00000      0.00000
     -1.26000      0.00074      0.00074
     -1.25000      0.03278      0.03278
     -1.24000      0.53668      0.53668
     -1.23000      3.23208      3.23208
     -1.22000      7.16066      7.16066
     -1.21000      5.83623      5.83623
     -1.20000      1.75218      1.75218
     -1.19000      0.24133      0.24133
     -1.18000      0.38300      0.38300
     -1.17000      1.07196      1.07196
     -1.16000      1.12653      1.12653
     -1.15000      0.43557      0.43557
     -1.14000      0.06298      0.06298
     -1.13000      0.03897      0.03897
     -1.12000      0.45844      0.45844
     -1.11000      2.19111      2.19111
     -1.10000      4.30446      4.30446
     -1.09000      5.72162      5.72162
     -1.08000      7.77129      7.77129
     -1.07000      5.77805      5.77805
     -1.06000      1.67606      1.67606
     -1.05000      0.18005      0.18005
     -1.04000      0.00756      0.00756
     -1.03000      0.01893      0.01893
     -1.02000      0.29541      0.29541
     -1.01000      1.70546      1.70546
     -1.00000      3.62208      3.62208
     -0.99000      2.83003      2.83003
     -0.98000      0.81784      0.81784
     -0.97000      0.19165      0.19165
     -0.96000      0.92941      0.92941
     -0.95000      2.98646      2.98646
     -0.94000      3.54489      3.54489
     -0.93000      1.60471      1.60471
     -0.92000      0.88237      0.88237
     -0.91000      2.54518      2.54518
     -0.90000      3.71530      3.71530
     -0.89000      2.00643      2.00643
     -0.88000      0.40283      0.40283
     -0.87000      0.13080      0.13080
     -0.86000      0.91056      0.91056
     -0.85000      3.09377      3.09377
     -0.84000      4.64782      4.64782
     -0.83000      4.75336      4.75336
     -0.82000      3.66883      3.66883
     -0.81000      1.36353      1.36353
     -0.80000      0.19630      0.19630
     -0.79000      0.01085      0.01085
     -0.78000      0.01666      0.01666
     -0.77000      0.26901      0.26901
     -0.76000      1.61832      1.61832
     -0.75000      3.58148      3.58148
     -0.74000      2.91585      2.91585
     -0.73000      0.87332      0.87332
     -0.72000      0.09623      0.09623
     -0.71000      0.00390      0.00390
     -0.70000      0.00008      0.00008
     -0.69000      0.00208      0.00208
     -0.68000      0.06065      0.06065
     -0.67000      0.64953      0.64953
     -0.66000      2.55908      2.55908
     -0.65000      3.70917      3.70917
     -0.64000      1.97798      1.97798
     -0.63000      0.40136      0.40136
     -0.62000      0.33657      0.33657
     -0.61000      2.61417      2.61417
     -0.60000      8.14348      8.14348
     -0.59000      9.33610      9.33610
     -0.58000      3.93801      3.93801
     -0.57000      0.61115      0.61115
     -0.56000      0.03490      0.03490
     -0.55000      0.00073      0.00073
     -0.54000      0.00000      0.00000
     -0.53000      0.00000      0.00000
     -0.52000      0.00000      0.00000
     -0.51000      0.00000      0.00000
     -0.50000      0.00000      0.00000
     -0.49000      0.00000      0.00000
     -0.48000      0.00000      0.00000
     -0.47000      0.00000      0.00000
     -0.46000      0.00000      0.00000
     -0.45000      0.00000      0.00000
     -0.44000      0.00000      0.00000
     -0.43000      0.00000      0.00000
     -0.42000      0.00000      0.00000
     -0.41000      0.00000      0.00000
     -0.40000      0.00000      0.00000
     -0.39000      0.00000      0.00000
     -0.38000      0.00000      0.00000
     -0.37000      0.00000      0.00000
     -0.36000      0.00000      0.00000
     -0.35000      0.00000      0.00000
     -0.34000      0.00000      0.00000
     -0.33000      0.00000      0.00000
     -0.32000      0.00006      0.00006
     -0.31000      0.00423      0.00423
     -0.30000      0.10210      0.10210
     -0.29000      0.90660      0.90660
     -0.28000      2.96612      2.96612
     -0.27000      3.67842      3.67842
     -0.26000      2.57976      2.57976
     -0.25000      3.34220      3.34220
     -0.24000      3.49459      3.49459
     -0.23000      1.44319      1.44319
     -0.22000      0.22012      0.22012
     -0.21000      0.01245      0.01245
     -0.20000      0.00490      0.00490
     -0.19000      0.07980      0.07980
     -0.18000      0.50480      0.50480
     -0.17000      1.17500      1.17500
     -0.16000      1.01645      1.01645
     -0.15000      0.51512      0.51512
     -0.14000      1.39443      1.39443
     -0.13000      3.42073      3.42073
     -0.12000      3.16764      3.16764
     -0.11000      1.07957      1.07957
     -0.10000      0.13536      0.13536
     -0.09000      0.00624      0.00624
     -0.08000      0.00011      0.00011
     -0.07000      0.00000      0.00000
     -0.06000      0.00000      0.00000
     -0.05000      0.00000      0.00000
     -0.04000      0.00000      0.00000
     -0.03000      0.00000      0.00000
     -0.02000      0.00000      0.00000
     -0.01000      0.00000      0.00000
      0.00000      0.00000      0.00000
      0.01000      0.00000      0.00000
      0.02000      0.00000      0.00000
      0.03000      0.00000      0.00000
      0.04000      0.00000      0.00000
      0.05000      0.00007      0.00007
      0.06000      0.00449      0.00449
      0.07000      0.10660      0.10660
      0.08000      0.93129      0.93129
      0.09000      2.99314      2.99314
      0.10000      3.53896      3.53896
      0.11000      1.53933      1.53933
      0.12000      0.24632      0.24632
      0.13000      0.01450      0.01450
      0.14000      0.00031      0.00031
      0.15000      0.00000      0.00000
      0.16000      0.00000      0.00000
      0.17000      0.00000      0.00000
      0.18000      0.00000      0.00000
      0.19000      0.00000      0.00000
      0.20000      0.00000      0.00000
      0.21000      0.00000      0.00000
      0.22000      0.00000      0.00000
      0.23000      0.00000      0.00000
      0.24000      0.00000      0.00000
      0.25000      0.00000      0.00000
      0.26000      0.00000      0.00000
      0.27000      0.00000      0.00000
      0.28000      0.00015      0.00015
      0.29000      0.00816      0.00816
      0.30000      0.16398      0.16398
      0.31000      1.21293      1.21293
      0.32000      3.31097      3.31097
      0.33000      3.51455      3.51455
      0.34000      2.62955      2.62955
      0.35000      3.62425      3.62425
      0.36000      3.12255      3.12255
      0.37000      1.03153      1.03153
      0.38000      0.12565      0.12565
      0.39000      0.00563      0.00563
      0.40000      0.00009      0.00009
      0.41000      0.00000      0.00000
      0.42000      0.00000      0.00000
      0.43000      0.00000      0.00000
      0.44000      0.00000      0.00000
      0.45000      0.00000      0.00000
      0.46000      0.00000      0.00000
      0.47000      0.00000      0.00000
      0.48000      0.00000      0.00000
      0.49000      0.00000      0.00000
      0.50000      0.00002      0.00002
      0.51000      0.00199      0.00199
      0.52000      0.05871      0.05871
      0.53000      0.63593      0.63593
      0.54000      2.53402      2.53402
      0.55000      3.72064      3.72064
      0.56000      2.13953      2.13953
      0.57000      1.48893      1.48893
      0.58000      3.34478      3.34478
      0.59000      4.52942      4.52942
      0.60000      4.55550      4.55550
      0.61000      3.58644      3.58644
      0.62000      1.32983      1.32983
      0.63000      0.18911      0.18911
      0.64000      0.00995      0.00995
      0.65000      0.00019      0.00019
      0.66000      0.00000      0.00000
      0.67000      0.00000      0.00000
      0.68000      0.00000      0.00000
      0.69000      0.00000      0.00000
      0.70000      0.00000      0.00000
      0.71000      0.00000      0.00000
      0.72000      0.00000      0.00000
      0.73000      0.00000      0.00000
      0.74000      0.00000      0.00000
      0.75000      0.00000      0.00000
      0.76000      0.00000      0.00000
      0.77000      0.00000      0.00000
      0.78000      0.00003      0.00003
      0.79000      0.00232      0.00232
      0.80000      0.06559      0.06559
      0.81000      0.68344      0.68344
      0.82000      2.61992      2.61992
      0.83000      3.69471      3.69471
      0.84000      1.91681      1.91681
      0.85000      0.36583      0.36583
      0.86000      0.02569      0.02569
      0.87000      0.00066      0.00066
      0.88000      0.00000      0.00000
      0.89000      0.00000      0.00000
      0.90000      0.00000      0.00000
      0.91000      0.00193      0.00193
      0.92000      0.06813      0.06813
      0.93000      0.88620      0.88620
      0.94000      4.24038      4.24038
      0.95000      7.46416      7.46416
      0.96000      4.83351      4.83351
      0.97000      1.15146      1.15146
      0.98000      0.10091      0.10091
      0.99000      0.00422      0.00422
      1.00000      0.03426      0.03426
      1.01000      0.44447      0.44447
      1.02000      2.12355      2.12355
      1.03000      3.73370      3.73370
      1.04000      2.46269      2.46269
      1.05000      1.28544      1.28544
      1.06000      3.82631      3.82631
      1.07000      7.37541      7.37541
      1.08000      5.29735      5.29735
      1.09000      1.40768      1.40768
      1.10000      0.32750      0.32750
      1.11000      1.74543      1.74543
      1.12000      5.82438      5.82438
      1.13000      7.20286      7.20286
      1.14000      3.70164      3.70164
      1.15000      2.69330      2.69330
      1.16000      3.76834      3.76834
      1.17000      2.38495      2.38495
      1.18000      0.55986      0.55986
      1.19000      0.04836      0.04836
      1.20000      0.00154      0.00154
      1.21000      0.00002      0.00002
      1.22000      0.00000      0.00000
      1.23000      0.00000      0.00000
      1.24000      0.00000      0.00000
      1.25000      0.00000      0.00000
      1.26000      0.00000      0.00000
      1.27000      0.00000      0.00000
      1.28000      0.00000      0.00000
      1.29000      0.00000      0.00000
      1.30000      0.00000      0.00000
      1.31000      0.00000      0.00000
      1.32000      0.00000      0.00000
      1.33000      0.00000      0.00000
      1.34000      0.00000      0.00000
      1.35000      0.00000      0.00000
      1.36000      0.00000      0.00000
      1.37000      0.00000      0.00000
      1.38000      0.00000      0.00000
      1.39000      0.00000      0.00000
      1.40000      0.00000      0.00000
      1.41000      0.00000      0.00000
      1.42000      0.00000      0.00000
      1.43000      0.00000      0.00000
      1.44000      0.00000      0.00000
      1.45000      0.00000      0.00000
      1.46000      0.00000      0.00000
      1.47000      0.00000      0.00000
      1.48000      0.00000      0.00000
      1.49000      0.00000      0.00000
      1.50000      0.00177      0.00177
      1.51000      0.06385      0.06385
      1.52000      0.84816      0.84816
      1.53000      4.14507      4.14507
      1.54000      7.45553      7.45553
      1.55000      5.02457      5.02457
      1.56000      2.28370      2.28370
      1.57000      5.18937      5.18937
      1.58000     10.11798     10.11798
      1.59000      8.46988      8.46988
      1.60000      2.89587      2.89587
      1.61000      0.69406      0.69406
      1.62000      1.82333      1.82333
      1.63000      4.18906      4.18906
      1.64000      5.13195      5.13195
      1.65000      4.51678      4.51678
      1.66000      2.26362      2.26362
      1.67000      0.47221      0.47221
      1.68000      0.03713      0.03713
      1.69000      0.00108      0.00108
      1.70000      0.00000      0.00000
      1.71000      0.00042      0.00042
      1.72000      0.01822      0.01822
      1.73000      0.28878      0.28878
      1.74000      1.68403      1.68403
      1.75000      3.61270      3.61270
      1.76000      2.85114      2.85114
      1.77000      0.82777      0.82777
      1.78000      0.08841      0.08841
      1.79000      0.00347      0.00347
      1.80000      0.00005      0.00005
      1.81000      0.00000      0.00000
      1.82000      0.00000      0.00000
      1.83000      0.00010      0.00010
      1.84000      0.00578      0.00578
      1.85000      0.12796      0.12796
      1.86000      1.04300      1.04300
      1.87000      3.12748      3.12748
      1.88000      3.44994      3.44994
      1.89000      1.40002      1.40002
      1.90000      0.20901      0.20901
      1.91000      0.01169      0.01169
      1.92000      0.01095      0.01095
      1.93000      0.19906      0.19906
      1.94000      1.36061      1.36061
      1.95000      3.42132      3.42132
      1.96000      3.16490      3.16490
      1.97000      1.07704      1.07704
      1.98000      0.13484      0.13484
      1.99000      0.00621      0.00621
      2.00000      0.00011      0.00011
      2.01000      0.00000      0.00000
      2.02000      0.00000      0.00000
      2.03000      0.00000      0.00000
      2.04000      0.00006      0.00006
      2.05000      0.00377      0.00377
      2.06000      0.09493      0.09493
      2.07000      0.90218      0.90218
      2.08000      3.52338      3.52338
      2.09000      7.12212      7.12212
      2.10000      9.68727      9.68727
      2.11000      9.07671      9.07671
      2.12000      6.19712      6.19712
      2.13000      3.02303      3.02303
      2.14000      0.86623      0.86623
      2.15000      0.14955      0.14955
      2.16000      0.49052      0.49052
      2.17000      3.07321      3.07321
      2.18000      7.56549      7.56549
      2.19000      9.15598      9.15598
      2.20000      8.99940      8.99940
      2.21000      6.15393      6.15393
      2.22000      1.96073      1.96073
      2.23000      1.75271      1.75271
      2.24000      6.82291      6.82291
      2.25000     11.26925     11.26925
      2.26000      7.75531      7.75531
      2.27000      4.56283      4.56283
      2.28000      3.65086      3.65086
      2.29000      1.51334      1.51334
      2.30000      0.23802      0.23802
      2.31000      0.01380      0.01380
      2.32000      0.00029      0.00029
      2.33000      0.00000      0.00000
      2.34000      0.00000      0.00000
      2.35000      0.00000      0.00000
      2.36000      0.00000      0.00000
      2.37000      0.00000      0.00000
      2.38000      0.00000      0.00000
      2.39000      0.00000      0.00000
      2.40000      0.00114      0.00114
      2.41000      0.03857      0.03857
      2.42000      0.48161      0.48161
      2.43000      2.21243      2.21243
      2.44000      3.73894      3.73894
      2.45000      2.32452      2.32452
      2.46000      0.53165      0.53165
      2.47000      0.04473      0.04473
      2.48000      0.00386      0.00386
      2.49000      0.08222      0.08222
      2.50000      1.00506      1.00506
      2.51000      4.52067      4.52067
      2.52000      7.48302      7.48302
