Energy-E_F (eV)    DOS (1/eV)    PDOS (1/eV)  of atom type Tl 
     -4.99000      0.17260      0.17260
     -4.98000      0.15127      0.15127
     -4.97000      0.04877      0.04877
     -4.96000      0.00579      0.00579
     -4.95000      0.00025      0.00025
     -4.94000      0.00003      0.00003
     -4.93000      0.00109      0.00109
     -4.92000      0.02014      0.02014
     -4.91000      0.13630      0.13630
     -4.90000      0.33932      0.33932
     -4.89000      0.31077      0.31077
     -4.88000      0.10485      0.10485
     -4.87000      0.01815      0.01815
     -4.86000      0.06743      0.06743
     -4.85000      0.32927      0.32927
     -4.84000      0.64487      0.64487
     -4.83000      0.54437      0.54437
     -4.82000      0.21998      0.21998
     -4.81000      0.08387      0.08387
     -4.80000      0.21155      0.21155
     -4.79000      0.38983      0.38983
     -4.78000      0.40733      0.40733
     -4.77000      0.62766      0.62766
     -4.76000      0.86291      0.86291
     -4.75000      0.54484      0.54484
     -4.74000      0.13945      0.13945
     -4.73000      0.01396      0.01396
     -4.72000      0.00060      0.00060
     -4.71000      0.00216      0.00216
     -4.70000      0.03081      0.03081
     -4.69000      0.18885      0.18885
     -4.68000      0.52677      0.52677
     -4.67000      0.66655      0.66655
     -4.66000      0.38240      0.38240
     -4.65000      0.27661      0.27661
     -4.64000      0.66467      0.66467
     -4.63000      0.98629      0.98629
     -4.62000      0.67702      0.67702
     -4.61000      0.20289      0.20289
     -4.60000      0.04524      0.04524
     -4.59000      0.13973      0.13973
     -4.58000      0.34099      0.34099
     -4.57000      0.31012      0.31012
     -4.56000      0.12796      0.12796
     -4.55000      0.16766      0.16766
     -4.54000      0.35180      0.35180
     -4.53000      0.29269      0.29269
     -4.52000      0.09118      0.09118
     -4.51000      0.03498      0.03498
     -4.50000      0.15669      0.15669
     -4.49000      0.38089      0.38089
     -4.48000      0.43606      0.43606
     -4.47000      0.41117      0.41117
     -4.46000      0.44786      0.44786
     -4.45000      0.35732      0.35732
     -4.44000      0.36446      0.36446
     -4.43000      1.05760      1.05760
     -4.42000      1.92746      1.92746
     -4.41000      1.76814      1.76814
     -4.40000      1.17901      1.17901
     -4.39000      0.95101      0.95101
     -4.38000      0.55774      0.55774
     -4.37000      0.16150      0.16150
     -4.36000      0.14013      0.14013
     -4.35000      0.42836      0.42836
     -4.34000      0.58784      0.58784
     -4.33000      0.54450      0.54450
     -4.32000      0.78278      0.78278
     -4.31000      0.85127      0.85127
     -4.30000      0.58140      0.58140
     -4.29000      0.53479      0.53479
     -4.28000      0.58900      0.58900
     -4.27000      0.64994      0.64994
     -4.26000      0.78338      0.78338
     -4.25000      0.83255      0.83255
     -4.24000      0.85053      0.85053
     -4.23000      0.98849      0.98849
     -4.22000      1.13531      1.13531
     -4.21000      1.18141      1.18141
     -4.20000      0.93227      0.93227
     -4.19000      0.52899      0.52899
     -4.18000      0.49596      0.49596
     -4.17000      0.73329      0.73329
     -4.16000      0.52425      0.52425
     -4.15000      0.21095      0.21095
     -4.14000      0.18716      0.18716
     -4.13000      0.15794      0.15794
     -4.12000      0.11653      0.11653
     -4.11000      0.26926      0.26926
     -4.10000      0.41966      0.41966
     -4.09000      0.51623      0.51623
     -4.08000      0.98239      0.98239
     -4.07000      1.41171      1.41171
     -4.06000      1.31678      1.31678
     -4.05000      1.39932      1.39932
     -4.04000      1.49384      1.49384
     -4.03000      1.17423      1.17423
     -4.02000      0.78800      0.78800
     -4.01000      0.69547      0.69547
     -4.00000      0.80644      0.80644
     -3.99000      0.80369      0.80369
     -3.98000      0.71038      0.71038
     -3.97000      0.69734      0.69734
     -3.96000      0.78603      0.78603
     -3.95000      0.96726      0.96726
     -3.94000      1.28346      1.28346
     -3.93000      1.47183      1.47183
     -3.92000      1.46620      1.46620
     -3.91000      1.36094      1.36094
     -3.90000      1.16518      1.16518
     -3.89000      0.89581      0.89581
     -3.88000      0.68487      0.68487
     -3.87000      0.78898      0.78898
     -3.86000      0.92461      0.92461
     -3.85000      0.71194      0.71194
     -3.84000      0.68548      0.68548
     -3.83000      0.78208      0.78208
     -3.82000      0.64198      0.64198
     -3.81000      0.76037      0.76037
     -3.80000      1.41832      1.41832
     -3.79000      1.60227      1.60227
     -3.78000      0.98717      0.98717
     -3.77000      0.37885      0.37885
     -3.76000      0.29697      0.29697
     -3.75000      0.54909      0.54909
     -3.74000      0.64238      0.64238
     -3.73000      0.63372      0.63372
     -3.72000      1.13605      1.13605
     -3.71000      1.95453      1.95453
     -3.70000      1.96125      1.96125
     -3.69000      1.06961      1.06961
     -3.68000      0.57264      0.57264
     -3.67000      0.78191      0.78191
     -3.66000      1.68731      1.68731
     -3.65000      2.51991      2.51991
     -3.64000      2.12467      2.12467
     -3.63000      1.61621      1.61621
     -3.62000      1.95317      1.95317
     -3.61000      2.28728      2.28728
     -3.60000      2.10879      2.10879
     -3.59000      2.06627      2.06627
     -3.58000      2.03617      2.03617
     -3.57000      1.60618      1.60618
     -3.56000      1.28833      1.28833
     -3.55000      1.49425      1.49425
     -3.54000      1.93974      1.93974
     -3.53000      1.98110      1.98110
     -3.52000      1.53697      1.53697
     -3.51000      1.41231      1.41231
     -3.50000      1.68850      1.68850
     -3.49000      1.39245      1.39245
     -3.48000      0.95207      0.95207
     -3.47000      0.89165      0.89165
     -3.46000      1.30751      1.30751
     -3.45000      1.83786      1.83786
     -3.44000      1.76621      1.76621
     -3.43000      1.52769      1.52769
     -3.42000      1.31777      1.31777
     -3.41000      1.17712      1.17712
     -3.40000      1.39282      1.39282
     -3.39000      1.51763      1.51763
     -3.38000      1.53875      1.53875
     -3.37000      1.79978      1.79978
     -3.36000      1.90297      1.90297
     -3.35000      1.43101      1.43101
     -3.34000      0.89699      0.89699
     -3.33000      0.70754      0.70754
     -3.32000      0.87751      0.87751
     -3.31000      1.17440      1.17440
     -3.30000      1.37186      1.37186
     -3.29000      1.60043      1.60043
     -3.28000      2.22569      2.22569
     -3.27000      2.05505      2.05505
     -3.26000      1.15354      1.15354
     -3.25000      1.20578      1.20578
     -3.24000      1.59043      1.59043
     -3.23000      1.39036      1.39036
     -3.22000      1.18178      1.18178
     -3.21000      1.01577      1.01577
     -3.20000      0.79772      0.79772
     -3.19000      0.61752      0.61752
     -3.18000      0.51636      0.51636
     -3.17000      0.46074      0.46074
     -3.16000      0.52776      0.52776
     -3.15000      0.57388      0.57388
     -3.14000      0.48557      0.48557
     -3.13000      0.42576      0.42576
     -3.12000      0.39562      0.39562
     -3.11000      0.34763      0.34763
     -3.10000      0.79510      0.79510
     -3.09000      1.55214      1.55214
     -3.08000      1.87646      1.87646
     -3.07000      2.06084      2.06084
     -3.06000      2.59140      2.59140
     -3.05000      2.59326      2.59326
     -3.04000      1.94653      1.94653
     -3.03000      1.62666      1.62666
     -3.02000      1.07312      1.07312
     -3.01000      0.34253      0.34253
     -3.00000      0.09654      0.09654
     -2.99000      0.26761      0.26761
     -2.98000      0.59521      0.59521
     -2.97000      0.96236      0.96236
     -2.96000      1.61865      1.61865
     -2.95000      2.08237      2.08237
     -2.94000      2.01096      2.01096
     -2.93000      1.55956      1.55956
     -2.92000      1.07381      1.07381
     -2.91000      0.86765      0.86765
     -2.90000      0.62086      0.62086
     -2.89000      0.59207      0.59207
     -2.88000      0.85094      0.85094
     -2.87000      0.99358      0.99358
     -2.86000      0.81038      0.81038
     -2.85000      0.69022      0.69022
     -2.84000      0.80500      0.80500
     -2.83000      0.76443      0.76443
     -2.82000      0.43485      0.43485
     -2.81000      0.52805      0.52805
     -2.80000      0.99817      0.99817
     -2.79000      1.16044      1.16044
     -2.78000      1.01593      1.01593
     -2.77000      0.83566      0.83566
     -2.76000      0.42649      0.42649
     -2.75000      0.28479      0.28479
     -2.74000      0.75785      0.75785
     -2.73000      1.21305      1.21305
     -2.72000      1.08702      1.08702
     -2.71000      1.04232      1.04232
     -2.70000      1.29222      1.29222
     -2.69000      0.98947      0.98947
     -2.68000      0.42235      0.42235
     -2.67000      0.44031      0.44031
     -2.66000      0.54520      0.54520
     -2.65000      0.27081      0.27081
     -2.64000      0.05731      0.05731
     -2.63000      0.09387      0.09387
     -2.62000      0.41916      0.41916
     -2.61000      0.84329      0.84329
     -2.60000      0.94457      0.94457
     -2.59000      0.80680      0.80680
     -2.58000      0.55363      0.55363
     -2.57000      0.68031      0.68031
     -2.56000      1.63680      1.63680
     -2.55000      2.61088      2.61088
     -2.54000      2.26497      2.26497
     -2.53000      1.49995      1.49995
     -2.52000      1.38417      1.38417
     -2.51000      1.09532      1.09532
     -2.50000      0.51085      0.51085
     -2.49000      0.30335      0.30335
     -2.48000      0.36573      0.36573
     -2.47000      0.41799      0.41799
     -2.46000      0.37598      0.37598
     -2.45000      0.55862      0.55862
     -2.44000      0.72442      0.72442
     -2.43000      0.80005      0.80005
     -2.42000      1.21927      1.21927
     -2.41000      1.42014      1.42014
     -2.40000      1.21769      1.21769
     -2.39000      0.98545      0.98545
     -2.38000      0.88915      0.88915
     -2.37000      1.05455      1.05455
     -2.36000      1.13311      1.13311
     -2.35000      1.14439      1.14439
     -2.34000      1.03445      1.03445
     -2.33000      0.69440      0.69440
     -2.32000      0.41754      0.41754
     -2.31000      0.50527      0.50527
     -2.30000      0.84629      0.84629
     -2.29000      0.89929      0.89929
     -2.28000      0.83417      0.83417
     -2.27000      0.87672      0.87672
     -2.26000      1.00198      1.00198
     -2.25000      0.93489      0.93489
     -2.24000      0.69109      0.69109
     -2.23000      0.99434      0.99434
     -2.22000      1.53126      1.53126
     -2.21000      1.38088      1.38088
     -2.20000      0.99611      0.99611
     -2.19000      0.78074      0.78074
     -2.18000      0.87384      0.87384
     -2.17000      1.28516      1.28516
     -2.16000      1.45556      1.45556
     -2.15000      1.25603      1.25603
     -2.14000      1.04592      1.04592
     -2.13000      0.93320      0.93320
     -2.12000      1.21429      1.21429
     -2.11000      1.98182      1.98182
     -2.10000      2.50859      2.50859
     -2.09000      2.16394      2.16394
     -2.08000      1.25413      1.25413
     -2.07000      0.68095      0.68095
     -2.06000      0.70360      0.70360
     -2.05000      1.20729      1.20729
     -2.04000      1.44850      1.44850
     -2.03000      1.24709      1.24709
     -2.02000      1.37072      1.37072
     -2.01000      1.50383      1.50383
     -2.00000      1.10496      1.10496
     -1.99000      0.70760      0.70760
     -1.98000      0.69370      0.69370
     -1.97000      0.61374      0.61374
     -1.96000      0.37892      0.37892
     -1.95000      0.40633      0.40633
     -1.94000      0.73210      0.73210
     -1.93000      0.98288      0.98288
     -1.92000      0.72497      0.72497
     -1.91000      0.34282      0.34282
     -1.90000      0.47101      0.47101
     -1.89000      1.01852      1.01852
     -1.88000      1.55612      1.55612
     -1.87000      1.94311      1.94311
     -1.86000      1.82950      1.82950
     -1.85000      1.40247      1.40247
     -1.84000      1.16665      1.16665
     -1.83000      1.10427      1.10427
     -1.82000      0.85952      0.85952
     -1.81000      0.68521      0.68521
     -1.80000      0.88615      0.88615
     -1.79000      0.93992      0.93992
     -1.78000      0.88882      0.88882
     -1.77000      1.10242      1.10242
     -1.76000      1.37347      1.37347
     -1.75000      1.80215      1.80215
     -1.74000      1.91819      1.91819
     -1.73000      1.17713      1.17713
     -1.72000      0.48375      0.48375
     -1.71000      0.36159      0.36159
     -1.70000      0.56113      0.56113
     -1.69000      0.67923      0.67923
     -1.68000      0.69893      0.69893
     -1.67000      1.08335      1.08335
     -1.66000      1.60103      1.60103
     -1.65000      1.48287      1.48287
     -1.64000      0.79242      0.79242
     -1.63000      0.52777      0.52777
     -1.62000      0.89547      0.89547
     -1.61000      1.33592      1.33592
     -1.60000      1.85314      1.85314
     -1.59000      1.90751      1.90751
     -1.58000      1.36642      1.36642
     -1.57000      0.79461      0.79461
     -1.56000      0.30996      0.30996
     -1.55000      0.29368      0.29368
     -1.54000      0.60378      0.60378
     -1.53000      0.74574      0.74574
     -1.52000      0.52568      0.52568
     -1.51000      0.38809      0.38809
     -1.50000      0.62550      0.62550
     -1.49000      1.01480      1.01480
     -1.48000      1.85038      1.85038
     -1.47000      2.65679      2.65679
     -1.46000      2.36391      2.36391
     -1.45000      1.50842      1.50842
     -1.44000      0.65829      0.65829
     -1.43000      0.17019      0.17019
     -1.42000      0.12350      0.12350
     -1.41000      0.30459      0.30459
     -1.40000      0.57107      0.57107
     -1.39000      0.83294      0.83294
     -1.38000      0.67494      0.67494
     -1.37000      0.24351      0.24351
     -1.36000      0.12202      0.12202
     -1.35000      0.37579      0.37579
     -1.34000      0.83322      0.83322
     -1.33000      1.34551      1.34551
     -1.32000      1.67210      1.67210
     -1.31000      1.53383      1.53383
     -1.30000      1.11065      1.11065
     -1.29000      0.86275      0.86275
     -1.28000      0.98391      0.98391
     -1.27000      1.22293      1.22293
     -1.26000      1.44083      1.44083
     -1.25000      1.47040      1.47040
     -1.24000      1.59460      1.59460
     -1.23000      2.13329      2.13329
     -1.22000      2.12683      2.12683
     -1.21000      1.28758      1.28758
     -1.20000      1.05367      1.05367
     -1.19000      1.03135      1.03135
     -1.18000      0.86783      0.86783
     -1.17000      1.51163      1.51163
     -1.16000      2.35611      2.35611
     -1.15000      2.51262      2.51262
     -1.14000      2.30856      2.30856
     -1.13000      1.81294      1.81294
     -1.12000      1.27879      1.27879
     -1.11000      0.98241      0.98241
     -1.10000      1.02136      1.02136
     -1.09000      1.06397      1.06397
     -1.08000      1.11209      1.11209
     -1.07000      1.18861      1.18861
     -1.06000      1.44994      1.44994
     -1.05000      1.80220      1.80220
     -1.04000      1.38115      1.38115
     -1.03000      0.88441      0.88441
     -1.02000      0.77775      0.77775
     -1.01000      0.63276      0.63276
     -1.00000      0.54283      0.54283
     -0.99000      0.78415      0.78415
     -0.98000      1.25006      1.25006
     -0.97000      1.39744      1.39744
     -0.96000      0.96964      0.96964
     -0.95000      0.96781      0.96781
     -0.94000      1.55998      1.55998
     -0.93000      1.95176      1.95176
     -0.92000      1.67254      1.67254
     -0.91000      1.04749      1.04749
     -0.90000      0.52985      0.52985
     -0.89000      0.62590      0.62590
     -0.88000      1.11266      1.11266
     -0.87000      1.33914      1.33914
     -0.86000      1.27983      1.27983
     -0.85000      1.21026      1.21026
     -0.84000      0.98314      0.98314
     -0.83000      0.69482      0.69482
     -0.82000      0.47686      0.47686
     -0.81000      0.34716      0.34716
     -0.80000      0.43708      0.43708
     -0.79000      0.74579      0.74579
     -0.78000      1.01024      1.01024
     -0.77000      0.96088      0.96088
     -0.76000      0.56460      0.56460
     -0.75000      0.18745      0.18745
     -0.74000      0.26733      0.26733
     -0.73000      0.90866      0.90866
     -0.72000      1.51553      1.51553
     -0.71000      1.43975      1.43975
     -0.70000      1.42624      1.42624
     -0.69000      1.68992      1.68992
     -0.68000      1.61609      1.61609
     -0.67000      1.16485      1.16485
     -0.66000      0.50282      0.50282
     -0.65000      0.10633      0.10633
     -0.64000      0.13075      0.13075
     -0.63000      0.68456      0.68456
     -0.62000      1.62456      1.62456
     -0.61000      1.71842      1.71842
     -0.60000      0.91138      0.91138
     -0.59000      0.49397      0.49397
     -0.58000      0.43333      0.43333
     -0.57000      0.60151      0.60151
     -0.56000      1.12972      1.12972
     -0.55000      1.48594      1.48594
     -0.54000      1.65292      1.65292
     -0.53000      2.11536      2.11536
     -0.52000      2.31112      2.31112
     -0.51000      2.10220      2.10220
     -0.50000      1.58237      1.58237
     -0.49000      1.04948      1.04948
     -0.48000      0.78830      0.78830
     -0.47000      0.53489      0.53489
     -0.46000      0.61799      0.61799
     -0.45000      0.75310      0.75310
     -0.44000      0.54109      0.54109
     -0.43000      0.67076      0.67076
     -0.42000      1.04921      1.04921
     -0.41000      1.08941      1.08941
     -0.40000      0.95909      0.95909
     -0.39000      0.78173      0.78173
     -0.38000      0.71303      0.71303
     -0.37000      0.63227      0.63227
     -0.36000      0.34755      0.34755
     -0.35000      0.11338      0.11338
     -0.34000      0.11165      0.11165
     -0.33000      0.52385      0.52385
     -0.32000      1.34559      1.34559
     -0.31000      1.84808      1.84808
     -0.30000      1.72202      1.72202
     -0.29000      1.36292      1.36292
     -0.28000      0.79946      0.79946
     -0.27000      0.51606      0.51606
     -0.26000      0.75981      0.75981
     -0.25000      0.95989      0.95989
     -0.24000      0.76561      0.76561
     -0.23000      0.64103      0.64103
     -0.22000      0.86880      0.86880
     -0.21000      1.26528      1.26528
     -0.20000      1.27229      1.27229
     -0.19000      1.11723      1.11723
     -0.18000      1.65790      1.65790
     -0.17000      2.01546      2.01546
     -0.16000      1.68859      1.68859
     -0.15000      1.41462      1.41462
     -0.14000      1.40983      1.40983
     -0.13000      1.42451      1.42451
     -0.12000      1.38932      1.38932
     -0.11000      1.45194      1.45194
     -0.10000      1.63920      1.63920
     -0.09000      1.46770      1.46770
     -0.08000      1.31221      1.31221
     -0.07000      1.66007      1.66007
     -0.06000      1.85142      1.85142
     -0.05000      1.93210      1.93210
     -0.04000      1.95752      1.95752
     -0.03000      1.84853      1.84853
     -0.02000      1.35453      1.35453
     -0.01000      1.05921      1.05921
      0.00000      1.10215      1.10215
      0.01000      0.82348      0.82348
      0.02000      0.75322      0.75322
      0.03000      0.94092      0.94092
      0.04000      1.06662      1.06662
      0.05000      1.34120      1.34120
      0.06000      1.51564      1.51564
      0.07000      1.21543      1.21543
      0.08000      0.70940      0.70940
      0.09000      0.33209      0.33209
      0.10000      0.44638      0.44638
      0.11000      0.81583      0.81583
      0.12000      0.89405      0.89405
      0.13000      1.00228      1.00228
      0.14000      0.91908      0.91908
      0.15000      0.45839      0.45839
      0.16000      0.35773      0.35773
      0.17000      0.96905      0.96905
      0.18000      1.69488      1.69488
      0.19000      1.84496      1.84496
      0.20000      1.48562      1.48562
      0.21000      0.88556      0.88556
      0.22000      0.59972      0.59972
      0.23000      1.02340      1.02340
      0.24000      1.73325      1.73325
      0.25000      1.83088      1.83088
      0.26000      1.16074      1.16074
      0.27000      0.72651      0.72651
      0.28000      0.64212      0.64212
      0.29000      0.86957      0.86957
      0.30000      1.34594      1.34594
      0.31000      1.30595      1.30595
      0.32000      0.88079      0.88079
      0.33000      0.97480      0.97480
      0.34000      0.95673      0.95673
      0.35000      0.44674      0.44674
      0.36000      0.18514      0.18514
      0.37000      0.43189      0.43189
      0.38000      0.90214      0.90214
      0.39000      1.11708      1.11708
      0.40000      0.84567      0.84567
      0.41000      0.59767      0.59767
      0.42000      0.80676      0.80676
      0.43000      1.05123      1.05123
      0.44000      1.26662      1.26662
      0.45000      1.39582      1.39582
      0.46000      1.24124      1.24124
      0.47000      1.00753      1.00753
      0.48000      0.76520      0.76520
      0.49000      0.81705      0.81705
      0.50000      1.11293      1.11293
      0.51000      1.49590      1.49590
