Energy-E_F (eV)    DOS (1/eV)    PDOS (1/eV)  of atom type Au 
     -4.83725      4.95889      0.00000
     -4.82725      5.14770      0.00000
     -4.81725      5.64798      0.00000
     -4.80725      7.04854      0.00000
     -4.79725     10.64442      0.00000
     -4.78725      9.31507      0.00000
     -4.77725      3.82262      0.00000
     -4.76725      0.67789      0.00000
     -4.75725      0.05886      0.00000
     -4.74725      0.23124      0.00000
     -4.73725      2.03250      0.00000
     -4.72725      7.13971      0.00000
     -4.71725     10.96953      0.00000
     -4.70725      8.85674      0.00000
     -4.69725      6.16056      0.00000
     -4.68725      7.12239      0.00000
     -4.67725      8.18355      0.00000
     -4.66725      7.50865      0.00000
     -4.65725     11.76372      0.00000
     -4.64725     16.48241      0.00000
     -4.63725     10.54162      0.00000
     -4.62725      2.72370      0.00000
     -4.61725      0.47874      0.00000
     -4.60725      2.40013      0.00000
     -4.59725     10.43093      0.00000
     -4.58725     17.28511      0.00000
     -4.57725     11.83455      0.00000
     -4.56725     10.10127      0.00000
     -4.55725     23.00186      0.00000
     -4.54725     33.74028      0.00000
     -4.53725     30.89006      0.00000
     -4.52725     26.95266      0.00000
     -4.51725     23.64228      0.00000
     -4.50725     17.07582      0.00000
     -4.49725     14.82518      0.00000
     -4.48725     17.32783      0.00000
     -4.47725     17.61707      0.00000
     -4.46725     22.42969      0.00000
     -4.45725     21.02368      0.00000
     -4.44725     12.90720      0.00000
     -4.43725      9.30399      0.00000
     -4.42725     11.36884      0.00000
     -4.41725     19.85496      0.00000
     -4.40725     27.32989      0.00000
     -4.39725     34.56950      0.00000
     -4.38725     34.22493      0.00000
     -4.37725     21.22595      0.00000
     -4.36725     12.15782      0.00000
     -4.35725     13.58749      0.00000
     -4.34725     17.82769      0.00000
     -4.33725     18.03958      0.00000
     -4.32725     15.76225      0.00000
     -4.31725     20.33083      0.00000
     -4.30725     30.75053      0.00000
     -4.29725     33.32327      0.00000
     -4.28725     21.55328      0.00000
     -4.27725      7.86811      0.00000
     -4.26725      5.53779      0.00000
     -4.25725      7.31559      0.00000
     -4.24725      4.49721      0.00000
     -4.23725      1.60107      0.00000
     -4.22725      2.93004      0.00000
     -4.21725      8.57179      0.00000
     -4.20725     19.60428      0.00000
     -4.19725     35.91207      0.00000
     -4.18725     44.45853      0.00000
     -4.17725     42.00543      0.00000
     -4.16725     33.05052      0.00000
     -4.15725     15.30569      0.00000
     -4.14725      3.52031      0.00000
     -4.13725      0.40971      0.00000
     -4.12725      0.25911      0.00000
     -4.11725      2.05271      0.00000
     -4.10725      7.25757      0.00000
     -4.09725     14.43325      0.00000
     -4.08725     23.63152      0.00000
     -4.07725     26.93234      0.00000
     -4.06725     21.26137      0.00000
     -4.05725     21.53721      0.00000
     -4.04725     30.69143      0.00000
     -4.03725     37.82443      0.00000
     -4.02725     32.30733      0.00000
     -4.01725     26.95773      0.00000
     -4.00725     30.02988      0.00000
     -3.99725     26.98723      0.00000
     -3.98725     21.15966      0.00000
     -3.97725     23.98626      0.00000
     -3.96725     32.74616      0.00000
     -3.95725     33.06115      0.00000
     -3.94725     19.35897      0.00000
     -3.93725      9.78563      0.00000
     -3.92725     15.34008      0.00000
     -3.91725     21.12196      0.00000
     -3.90725     16.54138      0.00000
     -3.89725     15.66649      0.00000
     -3.88725     27.21867      0.00000
     -3.87725     41.21918      0.00000
     -3.86725     32.61378      0.00000
     -3.85725     11.31085      0.00000
     -3.84725      1.67549      0.00000
     -3.83725      0.88087      0.00000
     -3.82725      4.82250      0.00000
     -3.81725     12.27431      0.00000
     -3.80725     13.01859      0.00000
     -3.79725      6.13052      0.00000
     -3.78725      5.39368      0.00000
     -3.77725     13.77624      0.00000
     -3.76725     16.38571      0.00000
     -3.75725      8.79695      0.00000
     -3.74725      6.44473      0.00000
     -3.73725      7.87421      0.00000
     -3.72725      6.73330      0.00000
     -3.71725      8.54089      0.00000
     -3.70725     13.97025      0.00000
     -3.69725     15.80740      0.00000
     -3.68725     13.30230      0.00000
     -3.67725     13.46987      0.00000
     -3.66725     21.65269      0.00000
     -3.65725     26.69476      0.00000
     -3.64725     23.30834      0.00000
     -3.63725     21.28596      0.00000
     -3.62725     28.49022      0.00000
     -3.61725     33.40326      0.00000
     -3.60725     27.37048      0.00000
     -3.59725     30.10816      0.00000
     -3.58725     41.08136      0.00000
     -3.57725     37.59365      0.00000
     -3.56725     25.31641      0.00000
     -3.55725     21.21348      0.00000
     -3.54725     18.00993      0.00000
     -3.53725     12.50847      0.00000
     -3.52725     14.03540      0.00000
     -3.51725     12.92617      0.00000
     -3.50725      5.25726      0.00000
     -3.49725      0.85958      0.00000
     -3.48725      0.12693      0.00000
     -3.47725      0.92342      0.00000
     -3.46725      4.32585      0.00000
     -3.45725      7.47027      0.00000
     -3.44725      4.76878      0.00000
     -3.43725      1.59039      0.00000
     -3.42725      4.26693      0.00000
     -3.41725     13.62197      0.00000
     -3.40725     16.95513      0.00000
     -3.39725     11.39500      0.00000
     -3.38725     16.36427      0.00000
     -3.37725     22.16197      0.00000
     -3.36725     12.32321      0.00000
     -3.35725      4.15390      0.00000
     -3.34725      5.54682      0.00000
     -3.33725      6.95763      0.00000
     -3.32725      3.77370      0.00000
     -3.31725      2.06622      0.00000
     -3.30725      9.20696      0.00000
     -3.29725     28.74955      0.00000
     -3.28725     44.94826      0.00000
     -3.27725     42.58946      0.00000
     -3.26725     27.85231      0.00000
     -3.25725     11.58469      0.00000
     -3.24725      3.37522      0.00000
     -3.23725      5.58509      0.00000
     -3.22725     12.87914      0.00000
     -3.21725     17.83173      0.00000
     -3.20725     24.44438      0.00000
     -3.19725     35.23972      0.00000
     -3.18725     34.33368      0.00000
     -3.17725     17.56086      0.00000
     -3.16725     10.66706      0.00000
     -3.15725     14.71565      0.00000
     -3.14725     14.00256      0.00000
     -3.13725     10.54311      0.00000
     -3.12725      6.82048      0.00000
     -3.11725      7.75948      0.00000
     -3.10725     19.43023      0.00000
     -3.09725     33.03873      0.00000
     -3.08725     35.10621      0.00000
     -3.07725     19.31974      0.00000
     -3.06725      4.96185      0.00000
     -3.05725      3.82033      0.00000
     -3.04725     12.08018      0.00000
     -3.03725     23.73937      0.00000
     -3.02725     28.80727      0.00000
     -3.01725     22.01692      0.00000
     -3.00725     13.10562      0.00000
     -2.99725      6.79725      0.00000
     -2.98725      2.35480      0.00000
     -2.97725      3.24259      0.00000
     -2.96725      8.41613      0.00000
     -2.95725     13.84177      0.00000
     -2.94725     19.81213      0.00000
     -2.93725     23.80503      0.00000
     -2.92725     26.24441      0.00000
     -2.91725     27.02576      0.00000
     -2.90725     35.80813      0.00000
     -2.89725     48.80535      0.00000
     -2.88725     43.41837      0.00000
     -2.87725     29.67881      0.00000
     -2.86725     15.57025      0.00000
     -2.85725      7.25613      0.00000
     -2.84725     10.96494      0.00000
     -2.83725     17.05334      0.00000
     -2.82725     16.64442      0.00000
     -2.81725     14.48588      0.00000
     -2.80725     17.47081      0.00000
     -2.79725     19.16584      0.00000
     -2.78725     14.11397      0.00000
     -2.77725     14.81496      0.00000
     -2.76725     19.84694      0.00000
     -2.75725     16.71639      0.00000
     -2.74725     11.73133      0.00000
     -2.73725      8.21356      0.00000
     -2.72725      6.18156      0.00000
     -2.71725     11.71039      0.00000
     -2.70725     14.84411      0.00000
     -2.69725      9.59936      0.00000
     -2.68725     10.85479      0.00000
     -2.67725     17.30529      0.00000
     -2.66725     16.71303      0.00000
     -2.65725      8.16594      0.00000
     -2.64725      4.66758      0.00000
     -2.63725     15.74080      0.00000
     -2.62725     33.06313      0.00000
     -2.61725     34.50389      0.00000
     -2.60725     24.18794      0.00000
     -2.59725     15.60538      0.00000
     -2.58725      9.15177      0.00000
     -2.57725      7.23221      0.00000
     -2.56725     12.85428      0.00000
     -2.55725     13.21596      0.00000
     -2.54725      6.45008      0.00000
     -2.53725      3.26505      0.00000
     -2.52725      2.10998      0.00000
     -2.51725      1.26579      0.00000
     -2.50725      4.32771      0.00000
     -2.49725     12.11026      0.00000
     -2.48725     16.30654      0.00000
     -2.47725     13.28588      0.00000
     -2.46725      7.30184      0.00000
     -2.45725      2.07808      0.00000
     -2.44725      0.41929      0.00000
     -2.43725      1.99203      0.00000
     -2.42725      8.50417      0.00000
     -2.41725     14.30498      0.00000
     -2.40725      9.61724      0.00000
     -2.39725      2.61152      0.00000
     -2.38725      0.28509      0.00000
     -2.37725      0.01230      0.00000
     -2.36725      0.00019      0.00000
     -2.35725      0.00077      0.00000
     -2.34725      0.03012      0.00000
     -2.33725      0.46069      0.00000
     -2.32725      2.77536      0.00000
     -2.31725      6.62350      0.00000
     -2.30725      6.23453      0.00000
     -2.29725      2.28599      0.00000
     -2.28725      0.32158      0.00000
     -2.27725      0.01712      0.00000
     -2.26725      0.00034      0.00000
     -2.25725      0.00000      0.00000
     -2.24725      0.00000      0.00000
     -2.23725      0.00000      0.00000
     -2.22725      0.00073      0.00000
     -2.21725      0.03223      0.00000
     -2.20725      0.52680      0.00000
     -2.19725      3.18313      0.00000
     -2.18725      7.11349      0.00000
     -2.17725      5.88144      0.00000
     -2.16725      1.79964      0.00000
     -2.15725      0.20384      0.00000
     -2.14725      0.00895      0.00000
     -2.13725      0.02056      0.00000
     -2.12725      0.38442      0.00000
     -2.11725      2.66339      0.00000
     -2.10725      6.79489      0.00000
     -2.09725      6.38342      0.00000
     -2.08725      2.20830      0.00000
     -2.07725      0.28132      0.00000
     -2.06725      0.01320      0.00000
     -2.05725      0.00023      0.00000
     -2.04725      0.00023      0.00000
     -2.03725      0.01297      0.00000
     -2.02725      0.26941      0.00000
     -2.01725      2.09956      0.00000
     -2.00725      6.21858      0.00000
     -1.99725      7.91012      0.00000
     -1.98725     10.19588      0.00000
     -1.97725     21.51311      0.00000
     -1.96725     26.73999      0.00000
     -1.95725     14.91858      0.00000
     -1.94725      3.52305      0.00000
     -1.93725      0.33581      0.00000
     -1.92725      0.01249      0.00000
     -1.91725      0.00017      0.00000
     -1.90725      0.00000      0.00000
     -1.89725      0.00000      0.00000
     -1.88725      0.00005      0.00000
     -1.87725      0.00451      0.00000
     -1.86725      0.14342      0.00000
     -1.85725      1.71758      0.00000
     -1.84725      7.93071      0.00000
     -1.83725     14.93151      0.00000
     -1.82725     13.68014      0.00000
     -1.81725      9.11954      0.00000
     -1.80725      5.56311      0.00000
     -1.79725      2.49815      0.00000
     -1.78725      0.59829      0.00000
     -1.77725      0.06056      0.00000
     -1.76725      0.00234      0.00000
     -1.75725      0.00003      0.00000
     -1.74725      0.00000      0.00000
     -1.73725      0.00000      0.00000
     -1.72725      0.00000      0.00000
     -1.71725      0.00000      0.00000
     -1.70725      0.00000      0.00000
     -1.69725      0.00000      0.00000
     -1.68725      0.00000      0.00000
     -1.67725      0.00000      0.00000
     -1.66725      0.00000      0.00000
     -1.65725      0.00000      0.00000
     -1.64725      0.00000      0.00000
     -1.63725      0.00000      0.00000
     -1.62725      0.00000      0.00000
     -1.61725      0.00000      0.00000
     -1.60725      0.00000      0.00000
     -1.59725      0.00000      0.00000
     -1.58725      0.00000      0.00000
     -1.57725      0.00000      0.00000
     -1.56725      0.00000      0.00000
     -1.55725      0.00000      0.00000
     -1.54725      0.00000      0.00000
     -1.53725      0.00000      0.00000
     -1.52725      0.00000      0.00000
     -1.51725      0.00016      0.00000
     -1.50725      0.00934      0.00000
     -1.49725      0.20780      0.00000
     -1.48725      1.84321      0.00000
     -1.47725      6.83825      0.00000
     -1.46725     11.56298      0.00000
     -1.45725     10.13680      0.00000
     -1.44725      5.17803      0.00000
     -1.43725      1.50161      0.00000
     -1.42725      0.20942      0.00000
     -1.41725      0.01211      0.00000
     -1.40725      0.00027      0.00000
     -1.39725      0.00020      0.00000
     -1.38725      0.01114      0.00000
     -1.37725      0.22621      0.00000
     -1.36725      1.73241      0.00000
     -1.35725      5.19624      0.00000
     -1.34725      6.57289      0.00000
     -1.33725      3.83042      0.00000
     -1.32725      1.04895      0.00000
     -1.31725      0.12542      0.00000
     -1.30725      0.00711      0.00000
     -1.29725      0.04518      0.00000
     -1.28725      0.70197      0.00000
     -1.27725      4.27056      0.00000
     -1.26725     10.71349      0.00000
     -1.25725     12.29524      0.00000
     -1.24725      7.25538      0.00000
     -1.23725      3.65166      0.00000
     -1.22725      9.80899      0.00000
     -1.21725     23.78969      0.00000
     -1.20725     25.57122      0.00000
     -1.19725     11.89922      0.00000
     -1.18725      2.31168      0.00000
     -1.17725      0.17925      0.00000
     -1.16725      0.00537      0.00000
     -1.15725      0.00003      0.00000
     -1.14725      0.00000      0.00000
     -1.13725      0.00000      0.00000
     -1.12725      0.00000      0.00000
     -1.11725      0.00000      0.00000
     -1.10725      0.00000      0.00000
     -1.09725      0.00000      0.00000
     -1.08725      0.00000      0.00000
     -1.07725      0.00000      0.00000
     -1.06725      0.00000      0.00000
     -1.05725      0.00000      0.00000
     -1.04725      0.00000      0.00000
     -1.03725      0.00000      0.00000
     -1.02725      0.00180      0.00000
     -1.01725      0.07187      0.00000
     -1.00725      1.09209      0.00000
     -0.99725      6.32936      0.00000
     -0.98725     13.99418      0.00000
     -0.97725     11.77851      0.00000
     -0.96725      3.75881      0.00000
     -0.95725      0.45256      0.00000
     -0.94725      0.02045      0.00000
     -0.93725      0.00035      0.00000
     -0.92725      0.00000      0.00000
     -0.91725      0.00000      0.00000
     -0.90725      0.00000      0.00000
     -0.89725      0.00000      0.00000
     -0.88725      0.00000      0.00000
     -0.87725      0.00000      0.00000
     -0.86725      0.00000      0.00000
     -0.85725      0.00000      0.00000
     -0.84725      0.00000      0.00000
     -0.83725      0.00000      0.00000
     -0.82725      0.00000      0.00000
     -0.81725      0.00000      0.00000
     -0.80725      0.00000      0.00000
     -0.79725      0.00039      0.00000
     -0.78725      0.02130      0.00000
     -0.77725      0.43324      0.00000
     -0.76725      3.28826      0.00000
     -0.75725      9.66959      0.00000
     -0.74725     12.30791      0.00000
     -0.73725      8.20485      0.00000
     -0.72725      3.02117      0.00000
     -0.71725      0.51700      0.00000
     -0.70725      0.03537      0.00000
     -0.69725      0.00091      0.00000
     -0.68725      0.00000      0.00000
     -0.67725      0.00000      0.00000
     -0.66725      0.00000      0.00000
     -0.65725      0.00000      0.00000
     -0.64725      0.00094      0.00000
     -0.63725      0.03602      0.00000
     -0.62725      0.51026      0.00000
     -0.61725      2.75864      0.00000
     -0.60725      6.47037      0.00000
     -0.59725      9.36849      0.00000
     -0.58725     10.25641      0.00000
     -0.57725      6.24662      0.00000
     -0.56725      1.66595      0.00000
     -0.55725      0.17875      0.00000
     -0.54725      0.00742      0.00000
     -0.53725      0.00011      0.00000
     -0.52725      0.00000      0.00000
     -0.51725      0.00000      0.00000
     -0.50725      0.00000      0.00000
     -0.49725      0.00000      0.00000
     -0.48725      0.00000      0.00000
     -0.47725      0.00000      0.00000
     -0.46725      0.00000      0.00000
     -0.45725      0.00000      0.00000
     -0.44725      0.00000      0.00000
     -0.43725      0.00000      0.00000
     -0.42725      0.00000      0.00000
     -0.41725      0.00082      0.00000
     -0.40725      0.03310      0.00000
     -0.39725      0.49580      0.00000
     -0.38725      2.83826      0.00000
     -0.37725      6.50030      0.00000
     -0.36725      7.03245      0.00000
     -0.35725      6.91800      0.00000
     -0.34725      7.87851      0.00000
     -0.33725      4.64738      0.00000
     -0.32725      1.06266      0.00000
     -0.31725      0.11625      0.00000
     -0.30725      0.40474      0.00000
     -0.29725      2.30019      0.00000
     -0.28725      4.87296      0.00000
     -0.27725      4.32964      0.00000
     -0.26725      4.88141      0.00000
     -0.25725      9.34740      0.00000
     -0.24725      8.26406      0.00000
     -0.23725      2.72808      0.00000
     -0.22725      0.33272      0.00000
     -0.21725      0.01498      0.00000
     -0.20725      0.00025      0.00000
     -0.19725      0.00000      0.00000
     -0.18725      0.00000      0.00000
     -0.17725      0.00000      0.00000
     -0.16725      0.00284      0.00000
     -0.15725      0.11011      0.00000
     -0.14725      1.62812      0.00000
     -0.13725      9.27553      0.00000
     -0.12725     20.54447      0.00000
     -0.11725     17.80270      0.00000
     -0.10725      6.04388      0.00000
     -0.09725      0.80049      0.00000
     -0.08725      0.04101      0.00000
     -0.07725      0.00080      0.00000
     -0.06725      0.00000      0.00000
     -0.05725      0.00000      0.00000
     -0.04725      0.00007      0.00000
     -0.03725      0.00483      0.00000
     -0.02725      0.12159      0.00000
     -0.01725      1.12697      0.00000
     -0.00725      3.87623      0.00000
      0.00275      5.25475      0.00000
      0.01275      3.95442      0.00000
      0.02275      2.83993      0.00000
      0.03275      1.30697      0.00000
      0.04275      0.24653      0.00000
      0.05275      0.02313      0.00000
      0.06275      0.17134      0.00000
      0.07275      1.89963      0.00000
      0.08275      8.14273      0.00000
      0.09275     13.94166      0.00000
      0.10275      9.92862      0.00000
      0.11275      3.00816      0.00000
      0.12275      0.38242      0.00000
      0.13275      0.01963      0.00000
      0.14275      0.00037      0.00000
      0.15275      0.00000      0.00000
      0.16275      0.00000      0.00000
      0.17275      0.00000      0.00000
      0.18275      0.00000      0.00000
      0.19275      0.00000      0.00000
      0.20275      0.00000      0.00000
      0.21275      0.00000      0.00000
      0.22275      0.00000      0.00000
      0.23275      0.00004      0.00000
      0.24275      0.00394      0.00000
      0.25275      0.12147      0.00000
      0.26275      1.40265      0.00000
      0.27275      6.07827      0.00000
      0.28275     10.00940      0.00000
      0.29275      7.25057      0.00000
      0.30275      5.35009      0.00000
      0.31275      4.84993      0.00000
      0.32275      2.07857      0.00000
      0.33275      0.33474      0.00000
      0.34275      0.01986      0.00000
      0.35275      0.00043      0.00000
      0.36275      0.00005      0.00000
      0.37275      0.00409      0.00000
      0.38275      0.12888      0.00000
      0.39275      1.50614      0.00000
      0.40275      6.66474      0.00000
      0.41275     11.99406      0.00000
      0.42275     10.46837      0.00000
      0.43275      5.23154      0.00000
      0.44275      1.34898      0.00000
      0.45275      0.14694      0.00000
      0.46275      0.00610      0.00000
      0.47275      0.00010      0.00000
      0.48275      0.00000      0.00000
      0.49275      0.00000      0.00000
      0.50275      0.00000      0.00000
      0.51275      0.00000      0.00000
      0.52275      0.00000      0.00000
      0.53275      0.00000      0.00000
      0.54275      0.00000      0.00000
      0.55275      0.00000      0.00000
      0.56275      0.00000      0.00000
      0.57275      0.00000      0.00000
      0.58275      0.00000      0.00000
      0.59275      0.00000      0.00000
      0.60275      0.00000      0.00000
      0.61275      0.00000      0.00000
      0.62275      0.00000      0.00000
      0.63275      0.00000      0.00000
      0.64275      0.00000      0.00000
      0.65275      0.00000      0.00000
      0.66275      0.00000      0.00000
      0.67275      0.00004      0.00000
      0.68275      0.00368      0.00000
      0.69275      0.12108      0.00000
      0.70275      1.53470      0.00000
      0.71275      7.53726      0.00000
      0.72275     14.36810      0.00000
      0.73275     10.60137      0.00000
      0.74275      3.13015      0.00000
      0.75275      1.48846      0.00000
      0.76275      3.90127      0.00000
      0.77275      4.77587      0.00000
      0.78275      2.17993      0.00000
      0.79275      0.72310      0.00000
      0.80275      2.19958      0.00000
      0.81275      4.80208      0.00000
      0.82275      4.25857      0.00000
      0.83275      4.59893      0.00000
      0.84275     11.62559      0.00000
      0.85275     15.06723      0.00000
      0.86275     10.00295      0.00000
      0.87275      6.15249      0.00000
      0.88275      2.82434      0.00000
      0.89275      0.56027      0.00000
      0.90275      0.04177      0.00000
      0.91275      0.00115      0.00000
      0.92275      0.00000      0.00000
      0.93275      0.00000      0.00000
      0.94275      0.00000      0.00000
      0.95275      0.00000      0.00000
      0.96275      0.00000      0.00000
      0.97275      0.00000      0.00000
      0.98275      0.00000      0.00000
      0.99275      0.00166      0.00000
      1.00275      0.06439      0.00000
      1.01275      0.97095      0.00000
      1.02275      5.74726      0.00000
      1.03275     13.41600      0.00000
      1.04275     12.29669      0.00000
      1.05275      4.37557      0.00000
      1.06275      0.59616      0.00000
      1.07275      0.03071      0.00000
      1.08275      0.00059      0.00000
      1.09275      0.00000      0.00000
      1.10275      0.00000      0.00000
      1.11275      0.00000      0.00000
      1.12275      0.00000      0.00000
      1.13275      0.00000      0.00000
      1.14275      0.00000      0.00000
      1.15275      0.00000      0.00000
      1.16275      0.00000      0.00000
      1.17275      0.00000      0.00000
      1.18275      0.00000      0.00000
      1.19275      0.00000      0.00000
      1.20275      0.00000      0.00000
      1.21275      0.00000      0.00000
      1.22275      0.00000      0.00000
      1.23275      0.00000      0.00000
      1.24275      0.00003      0.00000
      1.25275      0.00255      0.00000
      1.26275      0.08039      0.00000
      1.27275      0.97719      0.00000
      1.28275      4.82228      0.00000
      1.29275     10.60199      0.00000
      1.30275     11.77210      0.00000
      1.31275      6.97268      0.00000
      1.32275      2.01105      0.00000
      1.33275      0.24755      0.00000
      1.34275      0.01196      0.00000
      1.35275      0.00022      0.00000
      1.36275      0.00000      0.00000
      1.37275      0.00000      0.00000
      1.38275      0.00000      0.00000
      1.39275      0.00000      0.00000
      1.40275      0.00000      0.00000
      1.41275      0.00000      0.00000
      1.42275      0.00000      0.00000
      1.43275      0.00000      0.00000
      1.44275      0.00086      0.00000
      1.45275      0.03354      0.00000
      1.46275      0.48088      0.00000
      1.47275      2.53629      0.00000
      1.48275      4.92111      0.00000
      1.49275      3.51262      0.00000
      1.50275      0.92237      0.00000
      1.51275      0.08938      0.00000
      1.52275      0.01662      0.00000
      1.53275      0.23823      0.00000
      1.54275      1.71441      0.00000
      1.55275      5.25908      0.00000
      1.56275      7.19597      0.00000
      1.57275      5.24956      0.00000
      1.58275      3.32025      0.00000
      1.59275      1.62090      0.00000
      1.60275      0.36789      0.00000
      1.61275      0.24968      0.00000
      1.62275      1.77215      0.00000
      1.63275      5.62354      0.00000
      1.64275      7.02238      0.00000
      1.65275      3.41662      0.00000
      1.66275      0.63990      0.00000
      1.67275      0.08343      0.00000
      1.68275      0.66712      0.00000
      1.69275      4.56151      0.00000
      1.70275     12.36035      0.00000
      1.71275     13.27550      0.00000
      1.72275      5.61435      0.00000
      1.73275      0.92370      0.00000
      1.74275      0.05834      0.00000
      1.75275      0.00140      0.00000
      1.76275      0.00000      0.00000
      1.77275      0.00000      0.00000
      1.78275      0.00000      0.00000
      1.79275      0.00000      0.00000
      1.80275      0.00000      0.00000
      1.81275      0.00000      0.00000
      1.82275      0.00000      0.00000
      1.83275      0.00000      0.00000
      1.84275      0.00000      0.00000
      1.85275      0.00000      0.00000
      1.86275      0.00000      0.00000
      1.87275      0.00010      0.00000
      1.88275      0.00634      0.00000
      1.89275      0.14823      0.00000
      1.90275      1.27470      0.00000
      1.91275      4.03463      0.00000
      1.92275      4.76280      0.00000
      1.93275      2.90746      0.00000
      1.94275      4.59149      0.00000
      1.95275      7.67988      0.00000
      1.96275      7.29067      0.00000
      1.97275     13.96842      0.00000
      1.98275     29.32297      0.00000
      1.99275     33.45751      0.00000
      2.00275     20.87284      0.00000
      2.01275      7.80962      0.00000
      2.02275      5.03765      0.00000
      2.03275      4.65696      0.00000
      2.04275      1.87994      0.00000
      2.05275      0.28181      0.00000
      2.06275      0.01555      0.00000
      2.07275      0.00032      0.00000
      2.08275      0.00000      0.00000
      2.09275      0.00000      0.00000
      2.10275      0.00000      0.00000
      2.11275      0.00000      0.00000
      2.12275      0.00000      0.00000
      2.13275      0.00000      0.00000
      2.14275      0.00000      0.00000
      2.15275      0.00000      0.00000
      2.16275      0.00052      0.00000
      2.17275      0.02275      0.00000
      2.18275      0.36792      0.00000
      2.19275      2.18887      0.00000
      2.20275      4.79069      0.00000
      2.21275      3.86037      0.00000
      2.22275      1.23218      0.00000
      2.23275      1.08132      0.00000
      2.24275      3.93835      0.00000
      2.25275      6.67938      0.00000
      2.26275      5.78928      0.00000
      2.27275      5.81504      0.00000
      2.28275      8.91035      0.00000
      2.29275      7.94229      0.00000
      2.30275      3.10137      0.00000
      2.31275      0.49724      0.00000
      2.32275      0.03128      0.00000
      2.33275      0.00075      0.00000
      2.34275      0.00000      0.00000
      2.35275      0.00000      0.00000
      2.36275      0.00000      0.00000
      2.37275      0.00000      0.00000
      2.38275      0.00000      0.00000
      2.39275      0.00000      0.00000
      2.40275      0.00000      0.00000
      2.41275      0.00121      0.00000
      2.42275      0.04935      0.00000
      2.43275      0.75525      0.00000
      2.44275      4.35217      0.00000
      2.45275      9.55189      0.00000
      2.46275      8.81726      0.00000
      2.47275      6.16622      0.00000
      2.48275      5.10595      0.00000
      2.49275      2.28223      0.00000
      2.50275      0.39288      0.00000
      2.51275      0.02499      0.00000
      2.52275      0.00058      0.00000
      2.53275      0.00000      0.00000
      2.54275      0.00000      0.00000
      2.55275      0.00000      0.00000
      2.56275      0.00000      0.00000
      2.57275      0.00000      0.00000
      2.58275      0.00000      0.00000
      2.59275      0.00000      0.00000
      2.60275      0.00000      0.00000
      2.61275      0.00000      0.00000
      2.62275      0.00000      0.00000
      2.63275      0.00000      0.00000
      2.64275      0.00000      0.00000
      2.65275      0.00002      0.00000
      2.66275      0.00186      0.00000
      2.67275      0.06470      0.00000
      2.68275      0.86327      0.00000
      2.69275      4.55830      0.00000
      2.70275     10.19666      0.00000
      2.71275     11.34011      0.00000
      2.72275      8.19870      0.00000
      2.73275      6.02806      0.00000
      2.74275      5.63237      0.00000
      2.75275      4.57339      0.00000
      2.76275      6.47273      0.00000
      2.77275      8.75146      0.00000
      2.78275      6.11117      0.00000
      2.79275      1.94047      0.00000
      2.80275      0.25364      0.00000
      2.81275      0.01296      0.00000
      2.82275      0.00834      0.00000
      2.83275      0.14507      0.00000
      2.84275      0.95550      0.00000
      2.85275      2.31525      0.00000
      2.86275      2.06384      0.00000
      2.87275      0.67952      0.00000
      2.88275      0.16179      0.00000
      2.89275      0.86735      0.00000
      2.90275      3.49993      0.00000
      2.91275      6.17452      0.00000
      2.92275      8.37971      0.00000
      2.93275     10.44544      0.00000
      2.94275      6.40289      0.00000
      2.95275      1.51339      0.00000
      2.96275      0.13311      0.00000
      2.97275      0.00434      0.00000
      2.98275      0.00004      0.00000
      2.99275      0.00000      0.00000
      3.00275      0.00000      0.00000
      3.01275      0.00137      0.00000
      3.02275      0.04776      0.00000
      3.03275      0.61111      0.00000
      3.04275      2.87643      0.00000
      3.05275      4.98092      0.00000
      3.06275      3.17950      0.00000
      3.07275      0.86987      0.00000
      3.08275      0.94526      0.00000
      3.09275      2.26305      0.00000
      3.10275      2.13434      0.00000
      3.11275      0.74117      0.00000
      3.12275      0.09469      0.00000
      3.13275      0.00445      0.00000
      3.14275      0.00008      0.00000
      3.15275      0.00000      0.00000
      3.16275      0.00000      0.00000
      3.17275      0.00000      0.00000
      3.18275      0.00000      0.00000
      3.19275      0.00000      0.00000
      3.20275      0.00000      0.00000
      3.21275      0.00000      0.00000
      3.22275      0.00000      0.00000
      3.23275      0.00030      0.00000
      3.24275      0.01477      0.00000
      3.25275      0.27277      0.00000
      3.26275      1.87766      0.00000
      3.27275      5.10640      0.00000
      3.28275      6.85651      0.00000
      3.29275      6.36449      0.00000
      3.30275      3.56390      0.00000
      3.31275      0.86129      0.00000
      3.32275      0.07918      0.00000
      3.33275      0.00271      0.00000
      3.34275      0.00179      0.00000
      3.35275      0.06059      0.00000
      3.36275      0.80247      0.00000
      3.37275      4.22266      0.00000
      3.38275      9.45914      0.00000
      3.39275     10.79068      0.00000
      3.40275      9.22112      0.00000
      3.41275      6.50074      0.00000
      3.42275      3.41722      0.00000
      3.43275      5.18489      0.00000
      3.44275      9.19435      0.00000
      3.45275      7.23162      0.00000
      3.46275      2.34317      0.00000
      3.47275      0.30393      0.00000
      3.48275      0.01531      0.00000
      3.49275      0.00028      0.00000
      3.50275      0.00000      0.00000
      3.51275      0.00000      0.00000
      3.52275      0.00000      0.00000
      3.53275      0.00000      0.00000
      3.54275      0.00000      0.00000
      3.55275      0.00000      0.00000
      3.56275      0.00098      0.00000
      3.57275      0.03716      0.00000
      3.58275      0.52125      0.00000
      3.59275      2.78118      0.00000
