Energy-E_F (eV)    DOS (1/eV)    PDOS (1/eV)  of atom type Au 
     -4.99000     10.22350     10.22350
     -4.98000     15.86380     15.86380
     -4.97000     17.61459     17.61459
     -4.96000     15.11539     15.11539
     -4.95000      9.61742      9.61742
     -4.94000      6.54578      6.54578
     -4.93000      9.41259      9.41259
     -4.92000     10.63813     10.63813
     -4.91000     10.15333     10.15333
     -4.90000      8.25276      8.25276
     -4.89000      3.44182      3.44182
     -4.88000      0.78515      0.78515
     -4.87000      1.46791      1.46791
     -4.86000      3.51425      3.51425
     -4.85000      3.63477      3.63477
     -4.84000      3.86407      3.86407
     -4.83000      7.63684      7.63684
     -4.82000     12.41903     12.41903
     -4.81000     13.25843     13.25843
     -4.80000      8.12377      8.12377
     -4.79000      4.29210      4.29210
     -4.78000      6.58819      6.58819
     -4.77000      7.52339      7.52339
     -4.76000      6.35920      6.35920
     -4.75000      8.10786      8.10786
     -4.74000      8.90800      8.90800
     -4.73000     13.03118     13.03118
     -4.72000     16.52607     16.52607
     -4.71000     13.24083     13.24083
     -4.70000      8.11557      8.11557
     -4.69000      2.92283      2.92283
     -4.68000      1.54224      1.54224
     -4.67000      4.23473      4.23473
     -4.66000      9.03414      9.03414
     -4.65000     12.40372     12.40372
     -4.64000      8.19716      8.19716
     -4.63000      2.14382      2.14382
     -4.62000      0.23744      0.23744
     -4.61000      0.39558      0.39558
     -4.60000      1.99972      1.99972
     -4.59000      4.17354      4.17354
     -4.58000      6.06678      6.06678
     -4.57000     10.56304     10.56304
     -4.56000     11.34640     11.34640
     -4.55000      7.16072      7.16072
     -4.54000      3.79277      3.79277
     -4.53000      1.20670      1.20670
     -4.52000      0.43161      0.43161
     -4.51000      2.25186      2.25186
     -4.50000      7.22241      7.22241
     -4.49000     11.51580     11.51580
     -4.48000     12.76259     12.76259
     -4.47000      9.19197      9.19197
     -4.46000      3.82670      3.82670
     -4.45000      4.33193      4.33193
     -4.44000      9.80311      9.80311
     -4.43000     12.21126     12.21126
     -4.42000      8.11084      8.11084
     -4.41000      2.67354      2.67354
     -4.40000      1.96632      1.96632
     -4.39000      7.74176      7.74176
     -4.38000     16.79703     16.79703
     -4.37000     21.75172     21.75172
     -4.36000     20.94428     20.94428
     -4.35000     14.55317     14.55317
     -4.34000     12.86574     12.86574
     -4.33000     16.97591     16.97591
     -4.32000     14.64607     14.64607
     -4.31000     10.36005     10.36005
     -4.30000      8.08959      8.08959
     -4.29000      5.71828      5.71828
     -4.28000     10.63620     10.63620
     -4.27000     19.86970     19.86970
     -4.26000     18.36564     18.36564
     -4.25000     11.36271     11.36271
     -4.24000      9.07253      9.07253
     -4.23000      9.61796      9.61796
     -4.22000     14.89498     14.89498
     -4.21000     14.53069     14.53069
     -4.20000     11.95395     11.95395
     -4.19000     12.83831     12.83831
     -4.18000      9.86700      9.86700
     -4.17000      6.55919      6.55919
     -4.16000      5.33746      5.33746
     -4.15000      3.80420      3.80420
     -4.14000      1.43831      1.43831
     -4.13000      0.91665      0.91665
     -4.12000      2.75526      2.75526
     -4.11000      4.43835      4.43835
     -4.10000      5.77398      5.77398
     -4.09000      9.37504      9.37504
     -4.08000      9.41826      9.41826
     -4.07000      4.16693      4.16693
     -4.06000      0.73585      0.73585
     -4.05000      0.04956      0.04956
     -4.04000      0.00128      0.00128
     -4.03000      0.00553      0.00553
     -4.02000      0.17726      0.17726
     -4.01000      2.10850      2.10850
     -4.00000      9.40879      9.40879
     -3.99000     16.37163     16.37163
     -3.98000     12.74530     12.74530
     -3.97000      6.87855      6.87855
     -3.96000      5.54236      5.54236
     -3.95000      6.80755      6.80755
     -3.94000      9.10260      9.10260
     -3.93000     10.30979     10.30979
     -3.92000     13.50518     13.50518
     -3.91000     17.16452     17.16452
     -3.90000     16.08875     16.08875
     -3.89000     14.67806     14.67806
     -3.88000     19.30851     19.30851
     -3.87000     17.95212     17.95212
     -3.86000     10.35496     10.35496
     -3.85000     12.64206     12.64206
     -3.84000     18.79166     18.79166
     -3.83000     11.62472     11.62472
     -3.82000      3.47851      3.47851
     -3.81000      4.65316      4.65316
     -3.80000      9.39800      9.39800
     -3.79000      8.72701      8.72701
     -3.78000      3.86745      3.86745
     -3.77000      1.24595      1.24595
     -3.76000      2.27850      2.27850
     -3.75000      4.10198      4.10198
     -3.74000      3.92253      3.92253
     -3.73000      3.03799      3.03799
     -3.72000      1.50510      1.50510
     -3.71000      0.34208      0.34208
     -3.70000      0.40204      0.40204
     -3.69000      1.94909      1.94909
     -3.68000      3.70255      3.70255
     -3.67000      2.58943      2.58943
     -3.66000      0.70529      0.70529
     -3.65000      0.65117      0.65117
     -3.64000      3.31008      3.31008
     -3.63000      7.06822      7.06822
     -3.62000      5.74844      5.74844
     -3.61000      1.78219      1.78219
     -3.60000      0.32544      0.32544
     -3.59000      1.44500      1.44500
     -3.58000      7.20903      7.20903
     -3.57000     16.40494     16.40494
     -3.56000     20.33842     20.33842
     -3.55000     16.90037     16.90037
     -3.54000     15.34237     15.34237
     -3.53000     20.33931     20.33931
     -3.52000     20.93304     20.93304
     -3.51000     14.10011     14.10011
     -3.50000      8.94251      8.94251
     -3.49000      9.03767      9.03767
     -3.48000      8.78474      8.78474
     -3.47000      5.90777      5.90777
     -3.46000      3.29722      3.29722
     -3.45000      4.56606      4.56606
     -3.44000      7.52157      7.52157
     -3.43000      5.65992      5.65992
     -3.42000      5.23430      5.23430
     -3.41000      9.87798      9.87798
     -3.40000      9.55789      9.55789
     -3.39000      4.32763      4.32763
     -3.38000      3.71288      3.71288
     -3.37000      6.39383      6.39383
     -3.36000      7.39688      7.39688
     -3.35000      8.45871      8.45871
     -3.34000      9.25235      9.25235
     -3.33000      7.09781      7.09781
     -3.32000      5.26803      5.26803
     -3.31000      8.01995      8.01995
     -3.30000     12.83230     12.83230
     -3.29000     12.10648     12.10648
     -3.28000      9.38680      9.38680
     -3.27000      8.05118      8.05118
     -3.26000      4.05268      4.05268
     -3.25000      1.02574      1.02574
     -3.24000      1.80010      1.80010
     -3.23000      6.84737      6.84737
     -3.22000     13.09559     13.09559
     -3.21000     12.50263     12.50263
     -3.20000      9.78870      9.78870
     -3.19000     10.77959     10.77959
     -3.18000     10.44933     10.44933
     -3.17000     16.52750     16.52750
     -3.16000     24.63692     24.63692
     -3.15000     21.46790     21.46790
     -3.14000     21.74827     21.74827
     -3.13000     30.50526     30.50526
     -3.12000     27.52447     27.52447
     -3.11000     13.01705     13.01705
     -3.10000      7.21305      7.21305
     -3.09000     10.08746     10.08746
     -3.08000     11.77604     11.77604
     -3.07000     16.82622     16.82622
     -3.06000     25.08896     25.08896
     -3.05000     20.83905     20.83905
     -3.04000     10.62101     10.62101
     -3.03000      7.30247      7.30247
     -3.02000      8.92803      8.92803
     -3.01000     10.23209     10.23209
     -3.00000      9.41967      9.41967
     -2.99000      6.59927      6.59927
     -2.98000      4.19797      4.19797
     -2.97000      1.63055      1.63055
     -2.96000      0.26160      0.26160
     -2.95000      0.01572      0.01572
     -2.94000      0.00046      0.00046
     -2.93000      0.00870      0.00870
     -2.92000      0.25158      0.25158
     -2.91000      2.76865      2.76865
     -2.90000     11.88257     11.88257
     -2.89000     20.78405     20.78405
     -2.88000     16.29939     16.29939
     -2.87000      8.03189      8.03189
     -2.86000      4.04126      4.04126
     -2.85000      1.35653      1.35653
     -2.84000      0.19006      0.19006
     -2.83000      0.00998      0.00998
     -2.82000      0.00019      0.00019
     -2.81000      0.00000      0.00000
     -2.80000      0.00003      0.00003
     -2.79000      0.00164      0.00164
     -2.78000      0.03801      0.03801
     -2.77000      0.32374      0.32374
     -2.76000      1.01443      1.01443
     -2.75000      1.16937      1.16937
     -2.74000      0.49589      0.49589
     -2.73000      0.07736      0.07736
     -2.72000      0.00444      0.00444
     -2.71000      0.00018      0.00018
     -2.70000      0.00533      0.00533
     -2.69000      0.12068      0.12068
     -2.68000      1.00599      1.00599
     -2.67000      3.08500      3.08500
     -2.66000      3.48033      3.48033
     -2.65000      1.44441      1.44441
     -2.64000      0.22053      0.22053
     -2.63000      0.01239      0.01239
     -2.62000      0.00026      0.00026
     -2.61000      0.00000      0.00000
     -2.60000      0.00000      0.00000
     -2.59000      0.00000      0.00000
     -2.58000      0.00000      0.00000
     -2.57000      0.00000      0.00000
     -2.56000      0.00000      0.00000
     -2.55000      0.00000      0.00000
     -2.54000      0.00000      0.00000
     -2.53000      0.00000      0.00000
     -2.52000      0.00000      0.00000
     -2.51000      0.00000      0.00000
     -2.50000      0.00000      0.00000
     -2.49000      0.00000      0.00000
     -2.48000      0.00019      0.00019
     -2.47000      0.01000      0.01000
     -2.46000      0.18951      0.18951
     -2.45000      1.32179      1.32179
     -2.44000      3.39157      3.39157
     -2.43000      3.20142      3.20142
     -2.42000      1.11171      1.11171
     -2.41000      0.14202      0.14202
     -2.40000      0.00667      0.00667
     -2.39000      0.00012      0.00012
     -2.38000      0.00000      0.00000
     -2.37000      0.00038      0.00038
     -2.36000      0.01785      0.01785
     -2.35000      0.31572      0.31572
     -2.34000      2.28200      2.28200
     -2.33000      7.35746      7.35746
     -2.32000     11.99794     11.99794
     -2.31000     12.25622     12.25622
     -2.30000      8.75176      8.75176
     -2.29000      3.33681      3.33681
     -2.28000      0.52667      0.52667
     -2.27000      0.03148      0.03148
     -2.26000      0.00070      0.00070
     -2.25000      0.00000      0.00000
     -2.24000      0.00000      0.00000
     -2.23000      0.00005      0.00005
     -2.22000      0.00419      0.00419
     -2.21000      0.12179      0.12179
     -2.20000      1.30253      1.30253
     -2.19000      5.12454      5.12454
     -2.18000      7.41697      7.41697
     -2.17000      3.94917      3.94917
     -2.16000      0.77573      0.77573
     -2.15000      0.11854      0.11854
     -2.14000      0.66589      0.66589
     -2.13000      2.58612      2.58612
     -2.12000      3.70310      3.70310
     -2.11000      1.95069      1.95069
     -2.10000      0.37802      0.37802
     -2.09000      0.02695      0.02695
     -2.08000      0.00071      0.00071
     -2.07000      0.00000      0.00000
     -2.06000      0.00000      0.00000
     -2.05000      0.00000      0.00000
     -2.04000      0.00000      0.00000
     -2.03000      0.00000      0.00000
     -2.02000      0.00000      0.00000
     -2.01000      0.00000      0.00000
     -2.00000      0.00000      0.00000
     -1.99000      0.00000      0.00000
     -1.98000      0.00000      0.00000
     -1.97000      0.00000      0.00000
     -1.96000      0.00000      0.00000
     -1.95000      0.00000      0.00000
     -1.94000      0.00000      0.00000
     -1.93000      0.00000      0.00000
     -1.92000      0.00000      0.00000
     -1.91000      0.00000      0.00000
     -1.90000      0.00000      0.00000
     -1.89000      0.00000      0.00000
     -1.88000      0.00000      0.00000
     -1.87000      0.00000      0.00000
     -1.86000      0.00000      0.00000
     -1.85000      0.00000      0.00000
     -1.84000      0.00000      0.00000
     -1.83000      0.00000      0.00000
     -1.82000      0.00000      0.00000
     -1.81000      0.00000      0.00000
     -1.80000      0.00023      0.00023
     -1.79000      0.01127      0.01127
     -1.78000      0.20631      0.20631
     -1.77000      1.38945      1.38945
     -1.76000      3.44242      3.44242
     -1.75000      3.13755      3.13755
     -1.74000      1.05202      1.05202
     -1.73000      0.12977      0.12977
     -1.72000      0.00595      0.00595
     -1.71000      0.00422      0.00422
     -1.70000      0.10017      0.10017
     -1.69000      0.89567      0.89567
     -1.68000      2.94630      2.94630
     -1.67000      3.56544      3.56544
     -1.66000      1.58728      1.58728
     -1.65000      0.25996      0.25996
     -1.64000      0.01566      0.01566
     -1.63000      0.00035      0.00035
     -1.62000      0.00000      0.00000
     -1.61000      0.00000      0.00000
     -1.60000      0.00000      0.00000
     -1.59000      0.00000      0.00000
     -1.58000      0.00000      0.00000
     -1.57000      0.00000      0.00000
     -1.56000      0.00000      0.00000
     -1.55000      0.00000      0.00000
     -1.54000      0.00020      0.00020
     -1.53000      0.01222      0.01222
     -1.52000      0.27921      0.27921
     -1.51000      2.48201      2.48201
     -1.50000      9.28347      9.28347
     -1.49000     17.19936     17.19936
     -1.48000     19.15703     19.15703
     -1.47000     12.63250     12.63250
     -1.46000      4.02096      4.02096
     -1.45000      0.53036      0.53036
     -1.44000      0.02714      0.02714
     -1.43000      0.00052      0.00052
     -1.42000      0.00000      0.00000
     -1.41000      0.00000      0.00000
     -1.40000      0.00000      0.00000
     -1.39000      0.00000      0.00000
     -1.38000      0.00000      0.00000
     -1.37000      0.00000      0.00000
     -1.36000      0.00000      0.00000
     -1.35000      0.00000      0.00000
     -1.34000      0.00000      0.00000
     -1.33000      0.00000      0.00000
     -1.32000      0.00000      0.00000
     -1.31000      0.00000      0.00000
     -1.30000      0.00005      0.00005
     -1.29000      0.00398      0.00398
     -1.28000      0.11725      0.11725
     -1.27000      1.27063      1.27063
     -1.26000      5.06554      5.06554
     -1.25000      7.42910      7.42910
     -1.24000      4.00822      4.00822
     -1.23000      0.79556      0.79556
     -1.22000      0.05809      0.05809
     -1.21000      0.00156      0.00156
     -1.20000      0.00000      0.00000
     -1.19000      0.00000      0.00000
     -1.18000      0.00000      0.00000
     -1.17000      0.00000      0.00000
     -1.16000      0.00000      0.00000
     -1.15000      0.00000      0.00000
     -1.14000      0.00000      0.00000
     -1.13000      0.00000      0.00000
     -1.12000      0.00000      0.00000
     -1.11000      0.00000      0.00000
     -1.10000      0.00000      0.00000
     -1.09000      0.00000      0.00000
     -1.08000      0.00000      0.00000
     -1.07000      0.00000      0.00000
     -1.06000      0.00000      0.00000
     -1.05000      0.00000      0.00000
     -1.04000      0.00000      0.00000
     -1.03000      0.00077      0.00077
     -1.02000      0.03394      0.03394
     -1.01000      0.54984      0.54984
     -1.00000      3.27650      3.27650
     -0.99000      7.18268      7.18268
     -0.98000      5.79253      5.79253
     -0.97000      1.71853      1.71853
     -0.96000      0.18756      0.18756
     -0.95000      0.00753      0.00753
     -0.94000      0.00011      0.00011
     -0.93000      0.00000      0.00000
     -0.92000      0.00000      0.00000
     -0.91000      0.00000      0.00000
     -0.90000      0.00000      0.00000
     -0.89000      0.00000      0.00000
     -0.88000      0.00000      0.00000
     -0.87000      0.00000      0.00000
     -0.86000      0.00000      0.00000
     -0.85000      0.00000      0.00000
     -0.84000      0.00000      0.00000
     -0.83000      0.00000      0.00000
     -0.82000      0.00000      0.00000
     -0.81000      0.00012      0.00012
     -0.80000      0.00784      0.00784
     -0.79000      0.19307      0.19307
     -0.78000      1.75020      1.75020
     -0.77000      5.83661      5.83661
     -0.76000      7.16045      7.16045
     -0.75000      3.23166      3.23166
     -0.74000      0.53656      0.53656
     -0.73000      0.03277      0.03277
     -0.72000      0.00074      0.00074
     -0.71000      0.00000      0.00000
     -0.70000      0.00000      0.00000
     -0.69000      0.00000      0.00000
     -0.68000      0.00000      0.00000
     -0.67000      0.00000      0.00000
     -0.66000      0.00000      0.00000
     -0.65000      0.00000      0.00000
     -0.64000      0.00002      0.00002
     -0.63000      0.00163      0.00163
     -0.62000      0.05059      0.05059
     -0.61000      0.57676      0.57676
     -0.60000      2.41885      2.41885
     -0.59000      3.73185      3.73185
     -0.58000      2.11810      2.11810
     -0.57000      0.44226      0.44226
     -0.56000      0.03397      0.03397
     -0.55000      0.00096      0.00096
     -0.54000      0.00109      0.00109
     -0.53000      0.03734      0.03734
     -0.52000      0.47125      0.47125
     -0.51000      2.18827      2.18827
     -0.50000      3.74566      3.74566
     -0.49000      2.53729      2.53729
     -0.48000      2.22551      2.22551
     -0.47000      5.69762      5.69762
     -0.46000      7.15394      7.15394
     -0.45000      3.41176      3.41176
     -0.44000      0.61283      0.61283
     -0.43000      0.04138      0.04138
     -0.42000      0.00105      0.00105
     -0.41000      0.00000      0.00000
     -0.40000      0.00096      0.00096
     -0.39000      0.04025      0.04025
     -0.38000      0.61876      0.61876
     -0.37000      3.49937      3.49937
     -0.36000      7.28050      7.28050
     -0.35000      5.57235      5.57235
     -0.34000      1.56899      1.56899
     -0.33000      0.16252      0.16252
     -0.32000      0.00619      0.00619
     -0.31000      0.00009      0.00009
     -0.30000      0.00000      0.00000
     -0.29000      0.00000      0.00000
     -0.28000      0.00000      0.00000
     -0.27000      0.00000      0.00000
     -0.26000      0.00000      0.00000
     -0.25000      0.00000      0.00000
     -0.24000      0.00000      0.00000
     -0.23000      0.00000      0.00000
     -0.22000      0.00000      0.00000
     -0.21000      0.00000      0.00000
     -0.20000      0.00000      0.00000
     -0.19000      0.00019      0.00019
     -0.18000      0.00994      0.00994
     -0.17000      0.18882      0.18882
     -0.16000      1.31894      1.31894
     -0.15000      3.38991      3.38991
     -0.14000      3.23186      3.23186
     -0.13000      1.59212      1.59212
     -0.12000      3.16919      3.16919
     -0.11000      7.09778      7.09778
     -0.10000      6.56760      6.56760
     -0.09000      4.22285      4.22285
     -0.08000      3.95988      3.95988
     -0.07000      2.22696      2.22696
     -0.06000      0.48396      0.48396
     -0.05000      0.03883      0.03883
     -0.04000      0.00115      0.00115
     -0.03000      0.00000      0.00000
     -0.02000      0.00000      0.00000
     -0.01000      0.00000      0.00000
      0.00000      0.00000      0.00000
      0.01000      0.00000      0.00000
      0.02000      0.00000      0.00000
      0.03000      0.00000      0.00000
      0.04000      0.00000      0.00000
      0.05000      0.00000      0.00000
      0.06000      0.00000      0.00000
      0.07000      0.00000      0.00000
      0.08000      0.00000      0.00000
      0.09000      0.00000      0.00000
      0.10000      0.00000      0.00000
      0.11000      0.00000      0.00000
      0.12000      0.00000      0.00000
      0.13000      0.00008      0.00008
      0.14000      0.00555      0.00555
      0.15000      0.14990      0.14990
      0.16000      1.48980      1.48980
      0.17000      5.44714      5.44714
      0.18000      7.32680      7.32680
      0.19000      3.62548      3.62548
      0.20000      0.66004      0.66004
      0.21000      0.04968      0.04968
      0.22000      0.14970      0.14970
      0.23000      1.48159      1.48159
      0.24000      5.43379      5.43379
      0.25000      7.33135      7.33135
      0.26000      3.63890      3.63890
      0.27000      0.66445      0.66445
      0.28000      0.04463      0.04463
      0.29000      0.00110      0.00110
      0.30000      0.00000      0.00000
      0.31000      0.00000      0.00000
      0.32000      0.00000      0.00000
      0.33000      0.00000      0.00000
      0.34000      0.00000      0.00000
      0.35000      0.00000      0.00000
      0.36000      0.00000      0.00000
      0.37000      0.00000      0.00000
      0.38000      0.00000      0.00000
      0.39000      0.00000      0.00000
      0.40000      0.00000      0.00000
      0.41000      0.00000      0.00000
      0.42000      0.00000      0.00000
      0.43000      0.00000      0.00000
      0.44000      0.00000      0.00000
      0.45000      0.00000      0.00000
      0.46000      0.00000      0.00000
      0.47000      0.00000      0.00000
      0.48000      0.00000      0.00000
      0.49000      0.00029      0.00029
      0.50000      0.01601      0.01601
      0.51000      0.32354      0.32354
      0.52000      2.40568      2.40568
      0.53000      6.58044      6.58044
      0.54000      6.62182      6.62182
      0.55000      2.45135      2.45135
      0.56000      0.33384      0.33384
      0.57000      0.01673      0.01673
      0.58000      0.00031      0.00031
      0.59000      0.00000      0.00000
      0.60000      0.00000      0.00000
      0.61000      0.00000      0.00000
      0.62000      0.00000      0.00000
      0.63000      0.00000      0.00000
      0.64000      0.00000      0.00000
      0.65000      0.00000      0.00000
      0.66000      0.00000      0.00000
      0.67000      0.00005      0.00005
      0.68000      0.00404      0.00404
      0.69000      0.11859      0.11859
      0.70000      1.28007      1.28007
      0.71000      5.08312      5.08312
      0.72000      7.42562      7.42562
      0.73000      3.99062      3.99062
      0.74000      0.78896      0.78896
      0.75000      0.05738      0.05738
      0.76000      0.00154      0.00154
      0.77000      0.00000      0.00000
      0.78000      0.00000      0.00000
      0.79000      0.00000      0.00000
      0.80000      0.00000      0.00000
      0.81000      0.00000      0.00000
      0.82000      0.00000      0.00000
      0.83000      0.00017      0.00017
      0.84000      0.01056      0.01056
      0.85000      0.24162      0.24162
      0.86000      2.06941      2.06941
      0.87000      7.02391      7.02391
      0.88000     11.15107     11.15107
      0.89000     10.35625     10.35625
      0.90000      5.33374      5.33374
      0.91000      1.20460      1.20460
      0.92000      0.10520      0.10520
      0.93000      0.00342      0.00342
      0.94000      0.00004      0.00004
      0.95000      0.00000      0.00000
      0.96000      0.00000      0.00000
      0.97000      0.00000      0.00000
      0.98000      0.00000      0.00000
      0.99000      0.00000      0.00000
      1.00000      0.00000      0.00000
      1.01000      0.00000      0.00000
      1.02000      0.00000      0.00000
      1.03000      0.00000      0.00000
      1.04000      0.00000      0.00000
      1.05000      0.00000      0.00000
      1.06000      0.00000      0.00000
      1.07000      0.00000      0.00000
      1.08000      0.00000      0.00000
      1.09000      0.00004      0.00004
      1.10000      0.00302      0.00302
      1.11000      0.09540      0.09540
      1.12000      1.10953      1.10953
      1.13000      4.74721      4.74721
      1.14000      7.47213      7.47213
      1.15000      4.32669      4.32669
      1.16000      0.92166      0.92166
      1.17000      0.07223      0.07223
      1.18000      0.00208      0.00208
      1.19000      0.00000      0.00000
      1.20000      0.00000      0.00000
      1.21000      0.00000      0.00000
      1.22000      0.00000      0.00000
      1.23000      0.00000      0.00000
      1.24000      0.00000      0.00000
      1.25000      0.00000      0.00000
      1.26000      0.00000      0.00000
      1.27000      0.00000      0.00000
      1.28000      0.00000      0.00000
      1.29000      0.00000      0.00000
      1.30000      0.00000      0.00000
      1.31000      0.00000      0.00000
      1.32000      0.00000      0.00000
      1.33000      0.00000      0.00000
      1.34000      0.00000      0.00000
      1.35000      0.00000      0.00000
      1.36000      0.00000      0.00000
      1.37000      0.00000      0.00000
      1.38000      0.00000      0.00000
      1.39000      0.00000      0.00000
      1.40000      0.00000      0.00000
      1.41000      0.00000      0.00000
      1.42000      0.00004      0.00004
      1.43000      0.00305      0.00305
      1.44000      0.08046      0.08046
      1.45000      0.77953      0.77953
      1.46000      2.77849      2.77849
      1.47000      3.64327      3.64327
      1.48000      1.75749      1.75749
      1.49000      0.31562      0.31562
      1.50000      0.11386      0.11386
      1.51000      0.85810      0.85810
      1.52000      2.89408      2.89408
      1.53000      3.60165      3.60165
      1.54000      1.85710      1.85710
      1.55000      2.15611      2.15611
      1.56000      6.02651      6.02651
      1.57000      7.07805      7.07805
      1.58000      3.28776      3.28776
      1.59000      1.97582      1.97582
      1.60000      3.53784      3.53784
      1.61000      3.04188      3.04188
      1.62000      0.96958      0.96958
      1.63000      0.11371      0.11371
      1.64000      0.00491      0.00491
      1.65000      0.00008      0.00008
      1.66000      0.00000      0.00000
      1.67000      0.00000      0.00000
      1.68000      0.00000      0.00000
      1.69000      0.00002      0.00002
      1.70000      0.00169      0.00169
      1.71000      0.05201      0.05201
      1.72000      0.58737      0.58737
      1.73000      2.44016      2.44016
      1.74000      3.72935      3.72935
      1.75000      2.09683      2.09683
      1.76000      0.43741      0.43741
      1.77000      0.13596      0.13596
      1.78000      1.13332      1.13332
      1.79000      5.17610      5.17610
      1.80000     10.12034     10.12034
      1.81000      8.37839      8.37839
      1.82000      2.82150      2.82150
      1.83000      0.37100      0.37100
      1.84000      0.03436      0.03436
      1.85000      0.32209      0.32209
      1.86000      2.39769      2.39769
      1.87000      6.57307      6.57307
      1.88000      6.62903      6.62903
      1.89000      2.45944      2.45944
      1.90000      0.33568      0.33568
      1.91000      0.01685      0.01685
      1.92000      0.00031      0.00031
      1.93000      0.00000      0.00000
      1.94000      0.00000      0.00000
      1.95000      0.00000      0.00000
      1.96000      0.00000      0.00000
      1.97000      0.00000      0.00000
      1.98000      0.00009      0.00009
      1.99000      0.00653      0.00653
      2.00000      0.16897      0.16897
      2.01000      1.60840      1.60840
      2.02000      5.63237      5.63237
      2.03000      7.25596      7.25596
      2.04000      3.43877      3.43877
      2.05000      0.59954      0.59954
      2.06000      0.03845      0.03845
      2.07000      0.00091      0.00091
      2.08000      0.00000      0.00000
      2.09000      0.00030      0.00030
      2.10000      0.01413      0.01413
      2.11000      0.24194      0.24194
      2.12000      1.52362      1.52362
      2.13000      3.52984      3.52984
      2.14000      3.00842      3.00842
      2.15000      0.94325      0.94325
      2.16000      0.10880      0.10880
      2.17000      0.00462      0.00462
      2.18000      0.00007      0.00007
      2.19000      0.00000      0.00000
      2.20000      0.00000      0.00000
      2.21000      0.00000      0.00000
      2.22000      0.00000      0.00000
      2.23000      0.00000      0.00000
      2.24000      0.00000      0.00000
      2.25000      0.00000      0.00000
      2.26000      0.00000      0.00000
      2.27000      0.00000      0.00000
      2.28000      0.00070      0.00070
      2.29000      0.03143      0.03143
      2.30000      0.52114      0.52114
      2.31000      3.17881      3.17881
      2.32000      7.13453      7.13453
      2.33000      5.94204      5.94204
      2.34000      2.54145      2.54145
      2.35000      4.09337      4.09337
      2.36000      7.41256      7.41256
      2.37000      5.18013      5.18013
      2.38000      1.33315      1.33315
      2.39000      0.12622      0.12622
      2.40000      0.00440      0.00440
      2.41000      0.00006      0.00006
      2.42000      0.00000      0.00000
      2.43000      0.00000      0.00000
      2.44000      0.00000      0.00000
      2.45000      0.00000      0.00000
      2.46000      0.00000      0.00000
      2.47000      0.00000      0.00000
      2.48000      0.00000      0.00000
      2.49000      0.00000      0.00000
      2.50000      0.00000      0.00000
      2.51000      0.00000      0.00000
      2.52000      0.00000      0.00000
      2.53000      0.00000      0.00000
      2.54000      0.00000      0.00000
      2.55000      0.00000      0.00000
      2.56000      0.00000      0.00000
      2.57000      0.00000      0.00000
      2.58000      0.00000      0.00000
      2.59000      0.00000      0.00000
      2.60000      0.00000      0.00000
      2.61000      0.00000      0.00000
      2.62000      0.00000      0.00000
      2.63000      0.00062      0.00062
      2.64000      0.02854      0.02854
      2.65000      0.48751      0.48751
      2.66000      3.07822      3.07822
      2.67000      7.44600      7.44600
      2.68000      8.78593      8.78593
      2.69000      9.45743      9.45743
      2.70000      7.93350      7.93350
      2.71000      2.95818      2.95818
      2.72000      0.42535      0.42535
      2.73000      0.02325      0.02325
      2.74000      0.00048      0.00048
      2.75000      0.00005      0.00005
      2.76000      0.00413      0.00413
      2.77000      0.12041      0.12041
      2.78000      1.29287      1.29287
      2.79000      5.10679      5.10679
      2.80000      7.42075      7.42075
      2.81000      3.96692      3.96692
      2.82000      0.78012      0.78012
      2.83000      0.05644      0.05644
      2.84000      0.00150      0.00150
      2.85000      0.00000      0.00000
      2.86000      0.00000      0.00000
      2.87000      0.00000      0.00000
      2.88000      0.00000      0.00000
      2.89000      0.00000      0.00000
      2.90000      0.00000      0.00000
      2.91000      0.00000      0.00000
      2.92000      0.00000      0.00000
      2.93000      0.00000      0.00000
      2.94000      0.00000      0.00000
      2.95000      0.00000      0.00000
      2.96000      0.00011      0.00011
      2.97000      0.00626      0.00626
      2.98000      0.13568      0.13568
      2.99000      1.08116      1.08116
      3.00000      3.16932      3.16932
      3.01000      3.41781      3.41781
      3.02000      1.35592      1.35592
      3.03000      0.19789      0.19789
      3.04000      0.01062      0.01062
      3.05000      0.00021      0.00021
      3.06000      0.00000      0.00000
      3.07000      0.00000      0.00000
      3.08000      0.00000      0.00000
      3.09000      0.00000      0.00000
      3.10000      0.00000      0.00000
      3.11000      0.00000      0.00000
      3.12000      0.00000      0.00000
      3.13000      0.00000      0.00000
      3.14000      0.00000      0.00000
      3.15000      0.00000      0.00000
      3.16000      0.00000      0.00000
      3.17000      0.00000      0.00000
      3.18000      0.00000      0.00000
      3.19000      0.00000      0.00000
      3.20000      0.00000      0.00000
      3.21000      0.00000      0.00000
      3.22000      0.00235      0.00235
      3.23000      0.07900      0.07900
      3.24000      0.97872      0.97872
      3.25000      4.46068      4.46068
      3.26000      7.47911      7.47911
      3.27000      4.61325      4.61325
      3.28000      1.04888      1.04888
      3.29000      0.14795      0.14795
      3.30000      0.65162      0.65162
      3.31000      2.55803      2.55803
      3.32000      3.70940      3.70940
      3.33000      1.97885      1.97885
      3.34000      0.38835      0.38835
      3.35000      0.02951      0.02951
      3.36000      0.05644      0.05644
      3.37000      0.77310      0.77310
      3.38000      3.94793      3.94793
      3.39000      7.41670      7.41670
      3.40000      5.12575      5.12575
      3.41000      1.30320      1.30320
      3.42000      0.12189      0.12189
      3.43000      0.00419      0.00419
      3.44000      0.00005      0.00005
