Energy-E_F (eV)    DOS (1/eV)    PDOS (1/eV)  of atom type Hf 
     -4.82118      8.54957      0.00000
     -4.81118      5.14797      0.00000
     -4.80118      1.96956      0.00000
     -4.79118      0.56164      0.00000
     -4.78118      0.91179      0.00000
     -4.77118      3.38038      0.00000
     -4.76118      5.36742      0.00000
     -4.75118      4.64890      0.00000
     -4.74118      3.91673      0.00000
     -4.73118      2.60348      0.00000
     -4.72118      0.90011      0.00000
     -4.71118      0.38243      0.00000
     -4.70118      1.30531      0.00000
     -4.69118      2.47924      0.00000
     -4.68118      1.87364      0.00000
     -4.67118      1.15989      0.00000
     -4.66118      1.50081      0.00000
     -4.65118      2.18006      0.00000
     -4.64118      3.55881      0.00000
     -4.63118      3.46208      0.00000
     -4.62118      3.08265      0.00000
     -4.61118      4.92743      0.00000
     -4.60118      4.90979      0.00000
     -4.59118      3.41931      0.00000
     -4.58118      2.51289      0.00000
     -4.57118      2.48643      0.00000
     -4.56118      5.23814      0.00000
     -4.55118      6.87446      0.00000
     -4.54118      4.27324      0.00000
     -4.53118      2.45081      0.00000
     -4.52118      2.59510      0.00000
     -4.51118      1.60074      0.00000
     -4.50118      0.81387      0.00000
     -4.49118      2.04884      0.00000
     -4.48118      3.52989      0.00000
     -4.47118      2.56656      0.00000
     -4.46118      1.17477      0.00000
     -4.45118      1.25599      0.00000
     -4.44118      1.57934      0.00000
     -4.43118      2.97874      0.00000
     -4.42118      5.58140      0.00000
     -4.41118      4.89507      0.00000
     -4.40118      1.77664      0.00000
     -4.39118      0.25838      0.00000
     -4.38118      0.04062      0.00000
     -4.37118      0.25604      0.00000
     -4.36118      0.91974      0.00000
     -4.35118      1.21687      0.00000
     -4.34118      0.59230      0.00000
     -4.33118      0.10811      0.00000
     -4.32118      0.07455      0.00000
     -4.31118      0.83494      0.00000
     -4.30118      3.92126      0.00000
     -4.29118      7.12032      0.00000
     -4.28118      5.12628      0.00000
     -4.27118      1.67554      0.00000
     -4.26118      1.64120      0.00000
     -4.25118      4.58222      0.00000
     -4.24118      5.73057      0.00000
     -4.23118      3.33658      0.00000
     -4.22118      2.37513      0.00000
     -4.21118      3.51208      0.00000
     -4.20118      4.36045      0.00000
     -4.19118      5.69478      0.00000
     -4.18118      8.06175      0.00000
     -4.17118      7.20392      0.00000
     -4.16118      2.96228      0.00000
     -4.15118      0.53169      0.00000
     -4.14118      0.28254      0.00000
     -4.13118      0.90836      0.00000
     -4.12118      1.22127      0.00000
     -4.11118      0.60464      0.00000
     -4.10118      0.11013      0.00000
     -4.09118      0.00740      0.00000
     -4.08118      0.00153      0.00000
     -4.07118      0.03961      0.00000
     -4.06118      0.42723      0.00000
     -4.05118      1.69585      0.00000
     -4.04118      2.49626      0.00000
     -4.03118      1.68895      0.00000
     -4.02118      2.65033      0.00000
     -4.01118      6.51680      0.00000
     -4.00118      7.65490      0.00000
     -3.99118      4.20843      0.00000
     -3.98118      2.17256      0.00000
     -3.97118      2.96609      0.00000
     -3.96118      2.95387      0.00000
     -3.95118      1.67769      0.00000
     -3.94118      1.03909      0.00000
     -3.93118      1.27544      0.00000
     -3.92118      0.91570      0.00000
     -3.91118      0.53457      0.00000
     -3.90118      1.78585      0.00000
     -3.89118      4.29711      0.00000
     -3.88118      4.90628      0.00000
     -3.87118      5.01512      0.00000
     -3.86118      6.58802      0.00000
     -3.85118      6.37110      0.00000
     -3.84118      6.97392      0.00000
     -3.83118      7.67873      0.00000
     -3.82118      4.63701      0.00000
     -3.81118      1.32431      0.00000
     -3.80118      0.50847      0.00000
     -3.79118      1.55378      0.00000
     -3.78118      2.49290      0.00000
     -3.77118      1.47842      0.00000
     -3.76118      0.32269      0.00000
     -3.75118      0.03160      0.00000
     -3.74118      0.10312      0.00000
     -3.73118      0.74664      0.00000
     -3.72118      2.37441      0.00000
     -3.71118      3.43222      0.00000
     -3.70118      2.49969      0.00000
     -3.69118      2.71599      0.00000
     -3.68118      5.28256      0.00000
     -3.67118      6.11244      0.00000
     -3.66118      5.37800      0.00000
     -3.65118      4.78253      0.00000
     -3.64118      4.45023      0.00000
     -3.63118      6.24125      0.00000
     -3.62118      9.23748      0.00000
     -3.61118      8.02662      0.00000
     -3.60118      3.48767      0.00000
     -3.59118      0.77029      0.00000
     -3.58118      0.74761      0.00000
     -3.57118      2.46818      0.00000
     -3.56118      3.57911      0.00000
     -3.55118      2.27160      0.00000
     -3.54118      2.02412      0.00000
     -3.53118      4.35578      0.00000
     -3.52118      4.44765      0.00000
     -3.51118      1.71985      0.00000
     -3.50118      0.48019      0.00000
     -3.49118      1.39482      0.00000
     -3.48118      3.41473      0.00000
     -3.47118      4.16282      0.00000
     -3.46118      3.06394      0.00000
     -3.45118      2.58010      0.00000
     -3.44118      2.51544      0.00000
     -3.43118      1.28723      0.00000
     -3.42118      0.91947      0.00000
     -3.41118      2.01737      0.00000
     -3.40118      3.57599      0.00000
     -3.39118      4.46544      0.00000
     -3.38118      3.32744      0.00000
     -3.37118      1.28934      0.00000
     -3.36118      0.82639      0.00000
     -3.35118      2.03274      0.00000
     -3.34118      2.41032      0.00000
     -3.33118      1.58994      0.00000
     -3.32118      2.12910      0.00000
     -3.31118      2.67423      0.00000
     -3.30118      2.71581      0.00000
     -3.29118      4.74866      0.00000
     -3.28118      6.81639      0.00000
     -3.27118      6.07387      0.00000
     -3.26118      4.18041      0.00000
     -3.25118      2.96080      0.00000
     -3.24118      1.49331      0.00000
     -3.23118      1.27501      0.00000
     -3.22118      2.37654      0.00000
     -3.21118      1.99685      0.00000
     -3.20118      0.63985      0.00000
     -3.19118      0.41252      0.00000
     -3.18118      2.51192      0.00000
     -3.17118      8.01649      0.00000
     -3.16118     12.72621      0.00000
     -3.15118     11.51975      0.00000
     -3.14118      7.22727      0.00000
     -3.13118      5.24198      0.00000
     -3.12118      7.40850      0.00000
     -3.11118     10.47716      0.00000
     -3.10118     10.43139      0.00000
     -3.09118      7.53543      0.00000
     -3.08118      3.54482      0.00000
     -3.07118      2.28481      0.00000
     -3.06118      3.61489      0.00000
     -3.05118      3.01017      0.00000
     -3.04118      1.31535      0.00000
     -3.03118      1.40242      0.00000
     -3.02118      2.35991      0.00000
     -3.01118      3.30530      0.00000
     -3.00118      3.04887      0.00000
     -2.99118      1.57468      0.00000
     -2.98118      0.41161      0.00000
     -2.97118      0.05394      0.00000
     -2.96118      0.15856      0.00000
     -2.95118      1.29401      0.00000
     -2.94118      4.14204      0.00000
     -2.93118      5.61836      0.00000
     -2.92118      4.26621      0.00000
     -2.91118      2.42676      0.00000
     -2.90118      1.28248      0.00000
     -2.89118      1.94462      0.00000
     -2.88118      2.44232      0.00000
     -2.87118      1.19109      0.00000
     -2.86118      0.22487      0.00000
     -2.85118      0.19239      0.00000
     -2.84118      1.11659      0.00000
     -2.83118      2.98168      0.00000
     -2.82118      4.90999      0.00000
     -2.81118      6.26157      0.00000
     -2.80118      4.55366      0.00000
     -2.79118      1.70618      0.00000
     -2.78118      1.26740      0.00000
     -2.77118      3.54235      0.00000
     -2.76118      5.52567      0.00000
     -2.75118      4.37890      0.00000
     -2.74118      2.95744      0.00000
     -2.73118      3.05911      0.00000
     -2.72118      3.54441      0.00000
     -2.71118      4.85176      0.00000
     -2.70118      3.90644      0.00000
     -2.69118      1.33979      0.00000
     -2.68118      0.49650      0.00000
     -2.67118      1.78088      0.00000
     -2.66118      4.59333      0.00000
     -2.65118      6.56035      0.00000
     -2.64118      5.76005      0.00000
     -2.63118      3.30593      0.00000
     -2.62118      1.83616      0.00000
     -2.61118      1.30646      0.00000
     -2.60118      1.35429      0.00000
     -2.59118      1.04051      0.00000
     -2.58118      0.97361      0.00000
     -2.57118      2.85210      0.00000
     -2.56118      5.20817      0.00000
     -2.55118      5.87881      0.00000
     -2.54118      5.17443      0.00000
     -2.53118      3.77426      0.00000
     -2.52118      3.11876      0.00000
     -2.51118      4.24900      0.00000
     -2.50118      5.71627      0.00000
     -2.49118      6.52000      0.00000
     -2.48118      8.14971      0.00000
     -2.47118      9.44333      0.00000
     -2.46118      7.06810      0.00000
     -2.45118      4.28300      0.00000
     -2.44118      3.33683      0.00000
     -2.43118      4.35914      0.00000
     -2.42118      6.31167      0.00000
     -2.41118      6.97368      0.00000
     -2.40118      4.96895      0.00000
     -2.39118      2.21838      0.00000
     -2.38118      2.16671      0.00000
     -2.37118      3.09953      0.00000
     -2.36118      3.73746      0.00000
     -2.35118      3.93666      0.00000
     -2.34118      2.39487      0.00000
     -2.33118      2.62976      0.00000
     -2.32118      5.24425      0.00000
     -2.31118      6.22159      0.00000
     -2.30118      5.60165      0.00000
     -2.29118      5.23178      0.00000
     -2.28118      4.75346      0.00000
     -2.27118      4.81000      0.00000
     -2.26118      5.43494      0.00000
     -2.25118      4.82964      0.00000
     -2.24118      3.39291      0.00000
     -2.23118      3.60692      0.00000
     -2.22118      3.41026      0.00000
     -2.21118      2.97701      0.00000
     -2.20118      4.12964      0.00000
     -2.19118      4.39663      0.00000
     -2.18118      4.85644      0.00000
     -2.17118      6.44383      0.00000
     -2.16118      6.04643      0.00000
     -2.15118      3.21240      0.00000
     -2.14118      2.82665      0.00000
     -2.13118      5.53047      0.00000
     -2.12118      7.90902      0.00000
     -2.11118      9.77509      0.00000
     -2.10118     10.11075      0.00000
     -2.09118      7.90655      0.00000
     -2.08118      6.40111      0.00000
     -2.07118      7.24008      0.00000
     -2.06118      7.71106      0.00000
     -2.05118      6.05781      0.00000
     -2.04118      4.54595      0.00000
     -2.03118      3.62096      0.00000
     -2.02118      3.59286      0.00000
     -2.01118      4.65709      0.00000
     -2.00118      4.50495      0.00000
     -1.99118      3.83903      0.00000
     -1.98118      3.22725      0.00000
     -1.97118      3.64185      0.00000
     -1.96118      6.72210      0.00000
     -1.95118      8.70747      0.00000
     -1.94118      8.36618      0.00000
     -1.93118      7.74546      0.00000
     -1.92118      7.20294      0.00000
     -1.91118      6.92959      0.00000
     -1.90118      8.15304      0.00000
     -1.89118      8.20396      0.00000
     -1.88118      7.26729      0.00000
     -1.87118      4.62977      0.00000
     -1.86118      2.55573      0.00000
     -1.85118      4.28971      0.00000
     -1.84118      6.44879      0.00000
     -1.83118      8.02160      0.00000
     -1.82118      9.70666      0.00000
     -1.81118      8.11302      0.00000
     -1.80118      4.35752      0.00000
     -1.79118      1.38894      0.00000
     -1.78118      0.47357      0.00000
     -1.77118      1.68566      0.00000
     -1.76118      5.06767      0.00000
     -1.75118      8.93076      0.00000
     -1.74118      9.76099      0.00000
     -1.73118      8.46899      0.00000
     -1.72118      8.53340      0.00000
     -1.71118      7.22479      0.00000
     -1.70118      4.77136      0.00000
     -1.69118      4.66981      0.00000
     -1.68118      5.25969      0.00000
     -1.67118      7.02645      0.00000
     -1.66118      8.23598      0.00000
     -1.65118      5.17422      0.00000
     -1.64118      2.14645      0.00000
     -1.63118      1.76856      0.00000
     -1.62118      3.12192      0.00000
     -1.61118      4.36286      0.00000
     -1.60118      5.67570      0.00000
     -1.59118      6.21625      0.00000
     -1.58118      5.32566      0.00000
     -1.57118      4.48140      0.00000
     -1.56118      5.03613      0.00000
     -1.55118      5.28309      0.00000
     -1.54118      3.61914      0.00000
     -1.53118      3.29140      0.00000
     -1.52118      3.25097      0.00000
     -1.51118      1.61500      0.00000
     -1.50118      0.43573      0.00000
     -1.49118      0.87739      0.00000
     -1.48118      2.54792      0.00000
     -1.47118      3.24408      0.00000
     -1.46118      2.03593      0.00000
     -1.45118      1.22631      0.00000
     -1.44118      2.15911      0.00000
     -1.43118      2.88257      0.00000
     -1.42118      2.99044      0.00000
     -1.41118      3.70612      0.00000
     -1.40118      5.00830      0.00000
     -1.39118      5.20489      0.00000
     -1.38118      3.39282      0.00000
     -1.37118      2.80373      0.00000
     -1.36118      1.87702      0.00000
     -1.35118      0.52103      0.00000
     -1.34118      0.05460      0.00000
     -1.33118      0.02539      0.00000
     -1.32118      0.24204      0.00000
     -1.31118      0.97648      0.00000
     -1.30118      1.81869      0.00000
     -1.29118      2.32464      0.00000
     -1.28118      2.72503      0.00000
     -1.27118      3.42851      0.00000
     -1.26118      4.49809      0.00000
     -1.25118      3.90629      0.00000
     -1.24118      2.06019      0.00000
     -1.23118      1.96949      0.00000
     -1.22118      2.50271      0.00000
     -1.21118      1.39417      0.00000
     -1.20118      0.72067      0.00000
     -1.19118      2.04922      0.00000
     -1.18118      3.57660      0.00000
     -1.17118      2.49953      0.00000
     -1.16118      0.70157      0.00000
     -1.15118      0.09550      0.00000
     -1.14118      0.24647      0.00000
     -1.13118      1.42278      0.00000
     -1.12118      3.49170      0.00000
     -1.11118      3.92443      0.00000
     -1.10118      2.39308      0.00000
     -1.09118      0.86864      0.00000
     -1.08118      0.40833      0.00000
     -1.07118      1.33441      0.00000
     -1.06118      2.48716      0.00000
     -1.05118      1.90335      0.00000
     -1.04118      1.59196      0.00000
     -1.03118      2.61522      0.00000
     -1.02118      2.99728      0.00000
     -1.01118      3.91454      0.00000
     -1.00118      5.15079      0.00000
     -0.99118      5.58918      0.00000
     -0.98118      5.02072      0.00000
     -0.97118      3.93360      0.00000
     -0.96118      4.66309      0.00000
     -0.95118      5.94170      0.00000
     -0.94118      5.07803      0.00000
     -0.93118      4.61071      0.00000
     -0.92118      4.94694      0.00000
     -0.91118      3.56295      0.00000
     -0.90118      2.97874      0.00000
     -0.89118      4.19281      0.00000
     -0.88118      6.28223      0.00000
     -0.87118      6.22427      0.00000
     -0.86118      3.57817      0.00000
     -0.85118      2.41862      0.00000
     -0.84118      2.92093      0.00000
     -0.83118      3.60917      0.00000
     -0.82118      5.26448      0.00000
     -0.81118      6.38612      0.00000
     -0.80118      5.83868      0.00000
     -0.79118      5.07873      0.00000
     -0.78118      3.82617      0.00000
     -0.77118      3.51411      0.00000
     -0.76118      4.37084      0.00000
     -0.75118      4.41424      0.00000
     -0.74118      3.79966      0.00000
     -0.73118      3.02938      0.00000
     -0.72118      3.66431      0.00000
     -0.71118      7.65219      0.00000
     -0.70118     11.42415      0.00000
     -0.69118     10.43933      0.00000
     -0.68118      6.35286      0.00000
     -0.67118      3.82469      0.00000
     -0.66118      5.01524      0.00000
     -0.65118      9.13047      0.00000
     -0.64118     12.08530      0.00000
     -0.63118     12.31502      0.00000
     -0.62118     11.86046      0.00000
     -0.61118     11.49832      0.00000
     -0.60118      8.63461      0.00000
     -0.59118      4.87299      0.00000
     -0.58118      4.10956      0.00000
     -0.57118      4.93013      0.00000
     -0.56118      4.33297      0.00000
     -0.55118      4.23232      0.00000
     -0.54118      4.85525      0.00000
     -0.53118      4.26366      0.00000
     -0.52118      2.94532      0.00000
     -0.51118      2.76931      0.00000
     -0.50118      2.91046      0.00000
     -0.49118      5.57749      0.00000
     -0.48118     11.22617      0.00000
     -0.47118     13.02443      0.00000
     -0.46118      8.25315      0.00000
     -0.45118      4.47362      0.00000
     -0.44118      5.38482      0.00000
     -0.43118      7.05504      0.00000
     -0.42118      7.45829      0.00000
     -0.41118      6.76594      0.00000
     -0.40118      8.31537      0.00000
     -0.39118     12.11901      0.00000
     -0.38118     10.21489      0.00000
     -0.37118      6.22210      0.00000
     -0.36118      5.39466      0.00000
     -0.35118      4.41128      0.00000
     -0.34118      5.59055      0.00000
     -0.33118      9.67208      0.00000
     -0.32118     12.28045      0.00000
     -0.31118     11.16031      0.00000
     -0.30118     11.35796      0.00000
     -0.29118     12.82907      0.00000
     -0.28118     10.88694      0.00000
     -0.27118      6.89104      0.00000
     -0.26118      3.22522      0.00000
     -0.25118      2.33442      0.00000
     -0.24118      3.45067      0.00000
     -0.23118      5.28299      0.00000
     -0.22118      6.27169      0.00000
     -0.21118      4.49919      0.00000
     -0.20118      2.24542      0.00000
     -0.19118      2.10188      0.00000
     -0.18118      4.69399      0.00000
     -0.17118      6.38714      0.00000
     -0.16118      5.01915      0.00000
     -0.15118      3.86433      0.00000
     -0.14118      5.16758      0.00000
     -0.13118      6.88626      0.00000
     -0.12118      5.93468      0.00000
     -0.11118      6.04815      0.00000
     -0.10118     11.31733      0.00000
     -0.09118     14.00747      0.00000
     -0.08118      8.46933      0.00000
     -0.07118      4.17326      0.00000
     -0.06118      4.37085      0.00000
     -0.05118      4.25380      0.00000
     -0.04118      3.13728      0.00000
     -0.03118      1.85469      0.00000
     -0.02118      3.57527      0.00000
     -0.01118      8.99145      0.00000
     -0.00118     10.21109      0.00000
      0.00882      5.81530      0.00000
      0.01882      4.23814      0.00000
      0.02882      5.84575      0.00000
      0.03882      6.23030      0.00000
      0.04882      5.60144      0.00000
      0.05882      5.50672      0.00000
      0.06882      5.43069      0.00000
      0.07882      7.54137      0.00000
      0.08882     10.17974      0.00000
      0.09882     10.02355      0.00000
      0.10882      7.93860      0.00000
      0.11882      6.63585      0.00000
      0.12882      7.16472      0.00000
      0.13882      7.42321      0.00000
      0.14882      7.19211      0.00000
      0.15882      6.95588      0.00000
      0.16882      7.01647      0.00000
      0.17882      6.29392      0.00000
      0.18882      5.28987      0.00000
      0.19882      4.95212      0.00000
      0.20882      4.42727      0.00000
      0.21882      4.50214      0.00000
      0.22882      3.88416      0.00000
      0.23882      3.21368      0.00000
      0.24882      2.73148      0.00000
      0.25882      3.99224      0.00000
      0.26882      7.66368      0.00000
      0.27882      8.79516      0.00000
      0.28882      5.72273      0.00000
      0.29882      2.59874      0.00000
      0.30882      1.60220      0.00000
      0.31882      1.38578      0.00000
      0.32882      2.25590      0.00000
      0.33882      3.38361      0.00000
      0.34882      4.02240      0.00000
      0.35882      5.43528      0.00000
      0.36882      5.93217      0.00000
      0.37882      4.94189      0.00000
      0.38882      4.87496      0.00000
      0.39882      5.23261      0.00000
      0.40882      5.58918      0.00000
      0.41882      3.99306      0.00000
      0.42882      3.51280      0.00000
      0.43882      6.64382      0.00000
      0.44882      8.61835      0.00000
      0.45882      7.59670      0.00000
      0.46882      4.96591      0.00000
      0.47882      3.32524      0.00000
      0.48882      2.53781      0.00000
      0.49882      2.39147      0.00000
      0.50882      5.17298      0.00000
      0.51882      7.87474      0.00000
      0.52882      8.21350      0.00000
      0.53882      7.63024      0.00000
      0.54882      5.12421      0.00000
      0.55882      3.87086      0.00000
      0.56882      5.47855      0.00000
      0.57882      6.91155      0.00000
      0.58882      6.78516      0.00000
      0.59882      5.92910      0.00000
      0.60882      4.82643      0.00000
      0.61882      4.79674      0.00000
      0.62882      5.19259      0.00000
      0.63882      5.03116      0.00000
      0.64882      3.79479      0.00000
      0.65882      2.68996      0.00000
      0.66882      4.81322      0.00000
      0.67882      8.54676      0.00000
      0.68882      6.82975      0.00000
      0.69882      4.38928      0.00000
      0.70882      7.25820      0.00000
      0.71882     11.58367      0.00000
      0.72882     11.72103      0.00000
      0.73882      7.84827      0.00000
      0.74882      7.17720      0.00000
      0.75882     10.63217      0.00000
      0.76882     12.90053      0.00000
      0.77882      8.95181      0.00000
      0.78882      2.97663      0.00000
      0.79882      0.57812      0.00000
      0.80882      1.02502      0.00000
      0.81882      2.86659      0.00000
      0.82882      4.30177      0.00000
      0.83882      4.67303      0.00000
      0.84882      3.86539      0.00000
      0.85882      2.71488      0.00000
      0.86882      3.76267      0.00000
      0.87882      5.29873      0.00000
      0.88882      4.42451      0.00000
      0.89882      3.31483      0.00000
      0.90882      3.51683      0.00000
      0.91882      2.68747      0.00000
      0.92882      1.41211      0.00000
      0.93882      2.11081      0.00000
      0.94882      3.90317      0.00000
      0.95882      3.86110      0.00000
      0.96882      2.76365      0.00000
      0.97882      1.96190      0.00000
      0.98882      1.96646      0.00000
      0.99882      3.83857      0.00000
      1.00882      4.58900      0.00000
      1.01882      2.35383      0.00000
      1.02882      0.71738      0.00000
      1.03882      1.58776      0.00000
      1.04882      4.54113      0.00000
      1.05882      5.79774      0.00000
      1.06882      3.79399      0.00000
      1.07882      2.10293      0.00000
      1.08882      1.88859      0.00000
      1.09882      2.55709      0.00000
      1.10882      1.92695      0.00000
      1.11882      0.56811      0.00000
      1.12882      0.18954      0.00000
      1.13882      1.04732      0.00000
      1.14882      3.45364      0.00000
      1.15882      5.30985      0.00000
      1.16882      5.93815      0.00000
      1.17882      6.64338      0.00000
      1.18882      4.34265      0.00000
      1.19882      1.50904      0.00000
      1.20882      1.81045      0.00000
      1.21882      3.60215      0.00000
      1.22882      3.97617      0.00000
      1.23882      3.34740      0.00000
      1.24882      2.45809      0.00000
      1.25882      2.35238      0.00000
      1.26882      2.83789      0.00000
      1.27882      2.46887      0.00000
      1.28882      2.48715      0.00000
      1.29882      3.41071      0.00000
      1.30882      5.21550      0.00000
      1.31882      5.12434      0.00000
      1.32882      3.89618      0.00000
      1.33882      3.78856      0.00000
      1.34882      2.30156      0.00000
      1.35882      0.61387      0.00000
      1.36882      0.23767      0.00000
      1.37882      1.06199      0.00000
      1.38882      2.42426      0.00000
      1.39882      2.33871      0.00000
      1.40882      1.67035      0.00000
      1.41882      1.26087      0.00000
      1.42882      1.10841      0.00000
      1.43882      2.60946      0.00000
      1.44882      3.66606      0.00000
      1.45882      2.06204      0.00000
      1.46882      1.06245      0.00000
      1.47882      2.29847      0.00000
      1.48882      3.29310      0.00000
      1.49882      2.23177      0.00000
      1.50882      0.73945      0.00000
      1.51882      0.12924      0.00000
      1.52882      0.26679      0.00000
      1.53882      1.32445      0.00000
      1.54882      2.51699      0.00000
      1.55882      2.05365      0.00000
      1.56882      1.47924      0.00000
      1.57882      1.22776      0.00000
      1.58882      0.86108      0.00000
      1.59882      1.74499      0.00000
      1.60882      3.40897      0.00000
      1.61882      3.67118      0.00000
      1.62882      2.31132      0.00000
      1.63882      0.84467      0.00000
      1.64882      0.27152      0.00000
      1.65882      1.13371      0.00000
      1.66882      3.78071      0.00000
      1.67882      4.85211      0.00000
      1.68882      2.93626      0.00000
      1.69882      2.46349      0.00000
      1.70882      2.40835      0.00000
      1.71882      1.45352      0.00000
      1.72882      1.77014      0.00000
      1.73882      2.58034      0.00000
      1.74882      2.87307      0.00000
      1.75882      2.87255      0.00000
      1.76882      1.60914      0.00000
      1.77882      0.36468      0.00000
      1.78882      0.03530      0.00000
      1.79882      0.10243      0.00000
      1.80882      0.91372      0.00000
      1.81882      3.33250      0.00000
      1.82882      5.34452      0.00000
      1.83882      4.12702      0.00000
      1.84882      1.53499      0.00000
      1.85882      0.25273      0.00000
      1.86882      0.09764      0.00000
      1.87882      0.84422      0.00000
      1.88882      3.34031      0.00000
      1.89882      5.35222      0.00000
      1.90882      4.58557      0.00000
      1.91882      3.93383      0.00000
      1.92882      5.21038      0.00000
      1.93882      7.55393      0.00000
      1.94882      6.78784      0.00000
      1.95882      3.83702      0.00000
      1.96882      1.80078      0.00000
      1.97882      1.50265      0.00000
      1.98882      3.11034      0.00000
      1.99882      3.44886      0.00000
      2.00882      1.50209      0.00000
      2.01882      0.58695      0.00000
      2.02882      1.96647      0.00000
      2.03882      4.69133      0.00000
      2.04882      5.22350      0.00000
      2.05882      3.13670      0.00000
      2.06882      1.80695      0.00000
      2.07882      1.42608      0.00000
      2.08882      1.33442      0.00000
      2.09882      1.25819      0.00000
      2.10882      0.57068      0.00000
      2.11882      0.10566      0.00000
      2.12882      0.11728      0.00000
      2.13882      0.65634      0.00000
      2.14882      1.74954      0.00000
      2.15882      2.77887      0.00000
      2.16882      2.68295      0.00000
      2.17882      1.31609      0.00000
      2.18882      0.89512      0.00000
      2.19882      1.51962      0.00000
      2.20882      2.20322      0.00000
      2.21882      3.02505      0.00000
      2.22882      3.77092      0.00000
      2.23882      5.32332      0.00000
      2.24882      4.94960      0.00000
      2.25882      2.83773      0.00000
      2.26882      2.07889      0.00000
      2.27882      2.81094      0.00000
      2.28882      3.66987      0.00000
      2.29882      3.72727      0.00000
      2.30882      2.83169      0.00000
      2.31882      1.65878      0.00000
      2.32882      1.68046      0.00000
      2.33882      2.32869      0.00000
      2.34882      2.72899      0.00000
      2.35882      1.62997      0.00000
      2.36882      0.53325      0.00000
      2.37882      1.02670      0.00000
      2.38882      2.34707      0.00000
      2.39882      2.14968      0.00000
      2.40882      1.61268      0.00000
      2.41882      3.02348      0.00000
      2.42882      3.47585      0.00000
      2.43882      1.57059      0.00000
      2.44882      0.27038      0.00000
      2.45882      0.01757      0.00000
      2.46882      0.00043      0.00000
      2.47882      0.00054      0.00000
      2.48882      0.01986      0.00000
      2.49882      0.26976      0.00000
      2.50882      1.34817      0.00000
      2.51882      2.47865      0.00000
      2.52882      1.67769      0.00000
      2.53882      0.45465      0.00000
      2.54882      0.45170      0.00000
      2.55882      1.70475      0.00000
      2.56882      2.88281      0.00000
      2.57882      3.00779      0.00000
      2.58882      2.81261      0.00000
      2.59882      1.96093      0.00000
      2.60882      2.59439      0.00000
      2.61882      4.61197      0.00000
      2.62882      5.88742      0.00000
      2.63882      6.84038      0.00000
      2.64882      7.13726      0.00000
      2.65882      5.16004      0.00000
      2.66882      3.24208      0.00000
      2.67882      1.63763      0.00000
      2.68882      1.51138      0.00000
      2.69882      2.99945      0.00000
      2.70882      4.18890      0.00000
      2.71882      4.62317      0.00000
      2.72882      4.26083      0.00000
      2.73882      4.17556      0.00000
      2.74882      2.58512      0.00000
      2.75882      0.65912      0.00000
      2.76882      0.07817      0.00000
      2.77882      0.23649      0.00000
      2.78882      1.43505      0.00000
      2.79882      3.67210      0.00000
      2.80882      5.12041      0.00000
      2.81882      6.25565      0.00000
      2.82882      6.14025      0.00000
      2.83882      3.82550      0.00000
      2.84882      2.27905      0.00000
      2.85882      1.54071      0.00000
      2.86882      0.78600      0.00000
      2.87882      0.94648      0.00000
      2.88882      2.11442      0.00000
      2.89882      3.04268      0.00000
      2.90882      2.34811      0.00000
      2.91882      0.89943      0.00000
      2.92882      0.74559      0.00000
      2.93882      1.23823      0.00000
      2.94882      0.86562      0.00000
      2.95882      0.22353      0.00000
      2.96882      0.02707      0.00000
      2.97882      0.11599      0.00000
      2.98882      0.83622      0.00000
      2.99882      2.27407      0.00000
      3.00882      2.69251      0.00000
      3.01882      2.74146      0.00000
      3.02882      3.29983      0.00000
      3.03882      3.33064      0.00000
      3.04882      3.39023      0.00000
      3.05882      2.57063      0.00000
      3.06882      2.26038      0.00000
      3.07882      4.59964      0.00000
      3.08882      6.13141      0.00000
      3.09882      4.47377      0.00000
      3.10882      2.20715      0.00000
      3.11882      1.48313      0.00000
      3.12882      1.00357      0.00000
      3.13882      0.30762      0.00000
      3.14882      0.19092      0.00000
      3.15882      1.19186      0.00000
      3.16882      3.79974      0.00000
      3.17882      6.01213      0.00000
      3.18882      5.92546      0.00000
      3.19882      3.79673      0.00000
      3.20882      2.41417      0.00000
      3.21882      3.60031      0.00000
      3.22882      3.72015      0.00000
      3.23882      2.97177      0.00000
      3.24882      2.59652      0.00000
      3.25882      1.67239      0.00000
      3.26882      2.65957      0.00000
      3.27882      4.98413      0.00000
      3.28882      5.36438      0.00000
      3.29882      4.70654      0.00000
      3.30882      4.60144      0.00000
      3.31882      3.90646      0.00000
      3.32882      2.76030      0.00000
      3.33882      3.29386      0.00000
      3.34882      3.69957      0.00000
      3.35882      3.02420      0.00000
      3.36882      2.51263      0.00000
      3.37882      2.76070      0.00000
      3.38882      2.12022      0.00000
      3.39882      1.51021      0.00000
      3.40882      1.36628      0.00000
      3.41882      1.60939      0.00000
      3.42882      3.14184      0.00000
      3.43882      3.44820      0.00000
      3.44882      2.48968      0.00000
      3.45882      3.94032      0.00000
      3.46882      5.61624      0.00000
      3.47882      3.89548      0.00000
      3.48882      1.73138      0.00000
      3.49882      2.29498      0.00000
      3.50882      4.13666      0.00000
      3.51882      3.93856      0.00000
      3.52882      2.39350      0.00000
      3.53882      3.09807      0.00000
      3.54882      3.87803      0.00000
      3.55882      2.79378      0.00000
