Energy-E_F (eV)    DOS (1/eV)    PDOS (1/eV)  of atom type Hf 
     -4.81433      0.76955      0.00000
     -4.80433      0.54181      0.00000
     -4.79433      0.87842      0.00000
     -4.78433      1.59924      0.00000
     -4.77433      1.76441      0.00000
     -4.76433      1.21572      0.00000
     -4.75433      0.87159      0.00000
     -4.74433      0.46369      0.00000
     -4.73433      0.38680      0.00000
     -4.72433      0.98991      0.00000
     -4.71433      1.43076      0.00000
     -4.70433      1.19040      0.00000
     -4.69433      0.84072      0.00000
     -4.68433      1.81523      0.00000
     -4.67433      5.01926      0.00000
     -4.66433      7.81257      0.00000
     -4.65433      7.28189      0.00000
     -4.64433      6.27118      0.00000
     -4.63433      6.79239      0.00000
     -4.62433      5.97874      0.00000
     -4.61433      3.94388      0.00000
     -4.60433      2.84811      0.00000
     -4.59433      2.56917      0.00000
     -4.58433      2.68662      0.00000
     -4.57433      3.20080      0.00000
     -4.56433      3.87981      0.00000
     -4.55433      3.64863      0.00000
     -4.54433      2.66498      0.00000
     -4.53433      1.43074      0.00000
     -4.52433      0.61619      0.00000
     -4.51433      0.86988      0.00000
     -4.50433      2.08926      0.00000
     -4.49433      3.40957      0.00000
     -4.48433      3.60324      0.00000
     -4.47433      2.67852      0.00000
     -4.46433      2.23977      0.00000
     -4.45433      2.52697      0.00000
     -4.44433      2.44316      0.00000
     -4.43433      2.38944      0.00000
     -4.42433      2.33864      0.00000
     -4.41433      1.59076      0.00000
     -4.40433      2.05811      0.00000
     -4.39433      2.78103      0.00000
     -4.38433      2.05869      0.00000
     -4.37433      1.89203      0.00000
     -4.36433      2.81107      0.00000
     -4.35433      3.40101      0.00000
     -4.34433      4.03850      0.00000
     -4.33433      4.79104      0.00000
     -4.32433      4.25815      0.00000
     -4.31433      2.94079      0.00000
     -4.30433      2.92977      0.00000
     -4.29433      4.15412      0.00000
     -4.28433      5.23565      0.00000
     -4.27433      4.76052      0.00000
     -4.26433      3.36777      0.00000
     -4.25433      2.30020      0.00000
     -4.24433      1.81053      0.00000
     -4.23433      1.11254      0.00000
     -4.22433      0.92416      0.00000
     -4.21433      1.85829      0.00000
     -4.20433      2.84717      0.00000
     -4.19433      2.99176      0.00000
     -4.18433      2.65855      0.00000
     -4.17433      2.46722      0.00000
     -4.16433      2.57125      0.00000
     -4.15433      2.22994      0.00000
     -4.14433      1.36490      0.00000
     -4.13433      1.27314      0.00000
     -4.12433      1.65708      0.00000
     -4.11433      2.28185      0.00000
     -4.10433      3.59729      0.00000
     -4.09433      3.84564      0.00000
     -4.08433      3.42847      0.00000
     -4.07433      3.09964      0.00000
     -4.06433      2.77465      0.00000
     -4.05433      3.40439      0.00000
     -4.04433      4.45986      0.00000
     -4.03433      3.91732      0.00000
     -4.02433      2.09339      0.00000
     -4.01433      1.59024      0.00000
     -4.00433      2.32223      0.00000
     -3.99433      2.38675      0.00000
     -3.98433      2.41089      0.00000
     -3.97433      2.57958      0.00000
     -3.96433      1.89262      0.00000
     -3.95433      1.05685      0.00000
     -3.94433      1.07420      0.00000
     -3.93433      1.07416      0.00000
     -3.92433      0.82088      0.00000
     -3.91433      1.85906      0.00000
     -3.90433      3.47430      0.00000
     -3.89433      3.44509      0.00000
     -3.88433      2.84864      0.00000
     -3.87433      2.20481      0.00000
     -3.86433      1.85404      0.00000
     -3.85433      3.02069      0.00000
     -3.84433      4.10108      0.00000
     -3.83433      4.83478      0.00000
     -3.82433      5.07948      0.00000
     -3.81433      4.04670      0.00000
     -3.80433      3.33518      0.00000
     -3.79433      3.61553      0.00000
     -3.78433      4.50107      0.00000
     -3.77433      5.04044      0.00000
     -3.76433      4.72162      0.00000
     -3.75433      4.09262      0.00000
     -3.74433      3.61298      0.00000
     -3.73433      3.66150      0.00000
     -3.72433      3.28005      0.00000
     -3.71433      2.97725      0.00000
     -3.70433      3.94385      0.00000
     -3.69433      4.64014      0.00000
     -3.68433      3.45208      0.00000
     -3.67433      1.96716      0.00000
     -3.66433      2.07199      0.00000
     -3.65433      2.89628      0.00000
     -3.64433      2.83153      0.00000
     -3.63433      1.97670      0.00000
     -3.62433      1.74875      0.00000
     -3.61433      2.18501      0.00000
     -3.60433      2.51477      0.00000
     -3.59433      3.42343      0.00000
     -3.58433      3.39437      0.00000
     -3.57433      2.37064      0.00000
     -3.56433      2.45148      0.00000
     -3.55433      3.11490      0.00000
     -3.54433      3.37140      0.00000
     -3.53433      4.14028      0.00000
     -3.52433      3.71143      0.00000
     -3.51433      1.97914      0.00000
     -3.50433      1.06419      0.00000
     -3.49433      1.63940      0.00000
     -3.48433      3.60991      0.00000
     -3.47433      5.22638      0.00000
     -3.46433      5.41189      0.00000
     -3.45433      4.61072      0.00000
     -3.44433      3.17001      0.00000
     -3.43433      2.21372      0.00000
     -3.42433      3.10101      0.00000
     -3.41433      4.78907      0.00000
     -3.40433      4.77778      0.00000
     -3.39433      3.32514      0.00000
     -3.38433      2.42269      0.00000
     -3.37433      2.32294      0.00000
     -3.36433      2.77579      0.00000
     -3.35433      4.26418      0.00000
     -3.34433      4.39575      0.00000
     -3.33433      2.56685      0.00000
     -3.32433      2.17118      0.00000
     -3.31433      3.13663      0.00000
     -3.30433      3.68817      0.00000
     -3.29433      3.39502      0.00000
     -3.28433      2.94305      0.00000
     -3.27433      3.08791      0.00000
     -3.26433      2.98181      0.00000
     -3.25433      2.82101      0.00000
     -3.24433      3.83403      0.00000
     -3.23433      5.00657      0.00000
     -3.22433      5.22280      0.00000
     -3.21433      6.03123      0.00000
     -3.20433      6.48732      0.00000
     -3.19433      5.05663      0.00000
     -3.18433      3.63989      0.00000
     -3.17433      3.57812      0.00000
     -3.16433      4.01971      0.00000
     -3.15433      3.72358      0.00000
     -3.14433      2.67501      0.00000
     -3.13433      2.46495      0.00000
     -3.12433      3.94848      0.00000
     -3.11433      6.40406      0.00000
     -3.10433      8.16701      0.00000
     -3.09433      7.27978      0.00000
     -3.08433      4.65217      0.00000
     -3.07433      2.96233      0.00000
     -3.06433      2.83576      0.00000
     -3.05433      2.80580      0.00000
     -3.04433      2.88655      0.00000
     -3.03433      3.41837      0.00000
     -3.02433      3.67341      0.00000
     -3.01433      3.05805      0.00000
     -3.00433      2.79589      0.00000
     -2.99433      3.14083      0.00000
     -2.98433      3.22836      0.00000
     -2.97433      3.28378      0.00000
     -2.96433      3.36963      0.00000
     -2.95433      2.91357      0.00000
     -2.94433      2.76957      0.00000
     -2.93433      2.91628      0.00000
     -2.92433      3.19851      0.00000
     -2.91433      3.19496      0.00000
     -2.90433      2.83721      0.00000
     -2.89433      2.27149      0.00000
     -2.88433      1.76892      0.00000
     -2.87433      2.03081      0.00000
     -2.86433      2.75650      0.00000
     -2.85433      3.07747      0.00000
     -2.84433      3.31631      0.00000
     -2.83433      3.33034      0.00000
     -2.82433      2.77670      0.00000
     -2.81433      2.12171      0.00000
     -2.80433      1.38341      0.00000
     -2.79433      1.40960      0.00000
     -2.78433      2.27287      0.00000
     -2.77433      2.79178      0.00000
     -2.76433      3.06117      0.00000
     -2.75433      3.30920      0.00000
     -2.74433      3.27735      0.00000
     -2.73433      2.65575      0.00000
     -2.72433      1.86993      0.00000
     -2.71433      1.82691      0.00000
     -2.70433      2.34315      0.00000
     -2.69433      2.44917      0.00000
     -2.68433      2.22037      0.00000
     -2.67433      3.54653      0.00000
     -2.66433      4.79454      0.00000
     -2.65433      3.52430      0.00000
     -2.64433      2.10389      0.00000
     -2.63433      2.81638      0.00000
     -2.62433      4.58602      0.00000
     -2.61433      4.34068      0.00000
     -2.60433      3.37979      0.00000
     -2.59433      3.69434      0.00000
     -2.58433      4.25476      0.00000
     -2.57433      3.97106      0.00000
     -2.56433      3.70592      0.00000
     -2.55433      4.25746      0.00000
     -2.54433      4.11713      0.00000
     -2.53433      3.16174      0.00000
     -2.52433      3.01722      0.00000
     -2.51433      4.17704      0.00000
     -2.50433      5.39449      0.00000
     -2.49433      5.14470      0.00000
     -2.48433      5.61015      0.00000
     -2.47433      6.70404      0.00000
     -2.46433      5.25279      0.00000
     -2.45433      3.40998      0.00000
     -2.44433      4.38821      0.00000
     -2.43433      6.37744      0.00000
     -2.42433      5.38553      0.00000
     -2.41433      3.12773      0.00000
     -2.40433      2.26662      0.00000
     -2.39433      2.31290      0.00000
     -2.38433      2.48490      0.00000
     -2.37433      2.89050      0.00000
     -2.36433      2.84814      0.00000
     -2.35433      1.85345      0.00000
     -2.34433      1.94180      0.00000
     -2.33433      3.44884      0.00000
     -2.32433      5.08444      0.00000
     -2.31433      5.89350      0.00000
     -2.30433      6.49727      0.00000
     -2.29433      6.65456      0.00000
     -2.28433      5.46983      0.00000
     -2.27433      5.26470      0.00000
     -2.26433      5.40266      0.00000
     -2.25433      5.49762      0.00000
     -2.24433      6.01033      0.00000
     -2.23433      5.82884      0.00000
     -2.22433      5.23813      0.00000
     -2.21433      5.78739      0.00000
     -2.20433      6.12291      0.00000
     -2.19433      4.51741      0.00000
     -2.18433      3.32925      0.00000
     -2.17433      3.82539      0.00000
     -2.16433      4.75582      0.00000
     -2.15433      4.55968      0.00000
     -2.14433      3.67822      0.00000
     -2.13433      3.40468      0.00000
     -2.12433      4.87771      0.00000
     -2.11433      6.08095      0.00000
     -2.10433      5.03930      0.00000
     -2.09433      4.70010      0.00000
     -2.08433      5.64171      0.00000
     -2.07433      5.70283      0.00000
     -2.06433      5.46118      0.00000
     -2.05433      5.77687      0.00000
     -2.04433      6.47930      0.00000
     -2.03433      7.14815      0.00000
     -2.02433      6.31854      0.00000
     -2.01433      3.89958      0.00000
     -2.00433      2.94318      0.00000
     -1.99433      4.91880      0.00000
     -1.98433      7.31370      0.00000
     -1.97433      8.63978      0.00000
     -1.96433      9.33111      0.00000
     -1.95433      9.17002      0.00000
     -1.94433      7.76599      0.00000
     -1.93433      6.14138      0.00000
     -1.92433      6.44737      0.00000
     -1.91433      7.74319      0.00000
     -1.90433      8.05960      0.00000
     -1.89433      6.99704      0.00000
     -1.88433      7.13453      0.00000
     -1.87433      7.25994      0.00000
     -1.86433      6.06782      0.00000
     -1.85433      4.95640      0.00000
     -1.84433      5.27410      0.00000
     -1.83433      5.70758      0.00000
     -1.82433      4.64832      0.00000
     -1.81433      3.84529      0.00000
     -1.80433      4.84272      0.00000
     -1.79433      6.32478      0.00000
     -1.78433      6.82705      0.00000
     -1.77433      6.07856      0.00000
     -1.76433      5.39108      0.00000
     -1.75433      6.02332      0.00000
     -1.74433      7.63058      0.00000
     -1.73433      8.81672      0.00000
     -1.72433      8.90323      0.00000
     -1.71433      8.04778      0.00000
     -1.70433      6.98921      0.00000
     -1.69433      5.92196      0.00000
     -1.68433      4.95621      0.00000
     -1.67433      5.70717      0.00000
     -1.66433      6.62538      0.00000
     -1.65433      7.06263      0.00000
     -1.64433      8.57928      0.00000
     -1.63433      9.24912      0.00000
     -1.62433      8.28894      0.00000
     -1.61433      5.49256      0.00000
     -1.60433      3.62021      0.00000
     -1.59433      3.45712      0.00000
     -1.58433      3.45620      0.00000
     -1.57433      2.85887      0.00000
     -1.56433      1.75294      0.00000
     -1.55433      1.26589      0.00000
     -1.54433      1.43669      0.00000
     -1.53433      1.82946      0.00000
     -1.52433      2.52090      0.00000
     -1.51433      2.54373      0.00000
     -1.50433      2.06424      0.00000
     -1.49433      2.31326      0.00000
     -1.48433      2.72872      0.00000
     -1.47433      2.98328      0.00000
     -1.46433      4.16868      0.00000
     -1.45433      4.97801      0.00000
     -1.44433      5.06357      0.00000
     -1.43433      4.08663      0.00000
     -1.42433      2.32992      0.00000
     -1.41433      1.30583      0.00000
     -1.40433      0.66831      0.00000
     -1.39433      0.61419      0.00000
     -1.38433      0.97491      0.00000
     -1.37433      1.34262      0.00000
     -1.36433      1.92676      0.00000
     -1.35433      2.58895      0.00000
     -1.34433      2.89413      0.00000
     -1.33433      2.59022      0.00000
     -1.32433      2.93986      0.00000
     -1.31433      3.68079      0.00000
     -1.30433      3.43553      0.00000
     -1.29433      2.57970      0.00000
     -1.28433      2.08685      0.00000
     -1.27433      2.53915      0.00000
     -1.26433      2.30607      0.00000
     -1.25433      1.36337      0.00000
     -1.24433      0.98579      0.00000
     -1.23433      0.80048      0.00000
     -1.22433      0.79385      0.00000
     -1.21433      1.07068      0.00000
     -1.20433      1.41888      0.00000
     -1.19433      2.48870      0.00000
     -1.18433      4.16615      0.00000
     -1.17433      4.41049      0.00000
     -1.16433      3.87038      0.00000
     -1.15433      3.64936      0.00000
     -1.14433      3.21993      0.00000
     -1.13433      2.89052      0.00000
     -1.12433      2.53397      0.00000
     -1.11433      1.62272      0.00000
     -1.10433      1.09169      0.00000
     -1.09433      2.24664      0.00000
     -1.08433      4.19001      0.00000
     -1.07433      4.43624      0.00000
     -1.06433      3.97250      0.00000
     -1.05433      3.54016      0.00000
     -1.04433      2.80985      0.00000
     -1.03433      2.04096      0.00000
     -1.02433      1.88612      0.00000
     -1.01433      2.77447      0.00000
     -1.00433      3.15444      0.00000
     -0.99433      2.44650      0.00000
     -0.98433      1.88469      0.00000
     -0.97433      2.08286      0.00000
     -0.96433      2.60261      0.00000
     -0.95433      3.52975      0.00000
     -0.94433      4.04908      0.00000
     -0.93433      3.09993      0.00000
     -0.92433      2.41225      0.00000
     -0.91433      2.39407      0.00000
     -0.90433      2.39100      0.00000
     -0.89433      2.75010      0.00000
     -0.88433      2.88420      0.00000
     -0.87433      3.49808      0.00000
     -0.86433      6.46940      0.00000
     -0.85433      8.84506      0.00000
     -0.84433      7.67089      0.00000
     -0.83433      6.58341      0.00000
     -0.82433      6.45980      0.00000
     -0.81433      5.99364      0.00000
     -0.80433      5.43995      0.00000
     -0.79433      4.15238      0.00000
     -0.78433      2.82126      0.00000
     -0.77433      3.57849      0.00000
     -0.76433      6.59391      0.00000
     -0.75433      8.34968      0.00000
     -0.74433      7.50916      0.00000
     -0.73433      7.19768      0.00000
     -0.72433      9.59655      0.00000
     -0.71433     11.73302      0.00000
     -0.70433      9.30272      0.00000
     -0.69433      7.18310      0.00000
     -0.68433      7.11104      0.00000
     -0.67433      7.39186      0.00000
     -0.66433      7.31764      0.00000
     -0.65433      6.43166      0.00000
     -0.64433      5.48586      0.00000
     -0.63433      4.96430      0.00000
     -0.62433      5.72877      0.00000
     -0.61433      6.69755      0.00000
     -0.60433      5.94361      0.00000
     -0.59433      6.47238      0.00000
     -0.58433      8.93600      0.00000
     -0.57433     10.14303      0.00000
     -0.56433      9.53255      0.00000
     -0.55433      7.02848      0.00000
     -0.54433      5.85523      0.00000
     -0.53433      6.29137      0.00000
     -0.52433      5.68943      0.00000
     -0.51433      5.97001      0.00000
     -0.50433      9.23981      0.00000
     -0.49433     11.50496      0.00000
     -0.48433     10.02580      0.00000
     -0.47433      7.44680      0.00000
     -0.46433      5.94419      0.00000
     -0.45433      5.41463      0.00000
     -0.44433      4.68512      0.00000
     -0.43433      4.40527      0.00000
     -0.42433      5.50299      0.00000
     -0.41433      6.77995      0.00000
     -0.40433      5.84588      0.00000
     -0.39433      4.42286      0.00000
     -0.38433      5.14804      0.00000
     -0.37433      6.94835      0.00000
     -0.36433      7.59462      0.00000
     -0.35433      6.70235      0.00000
     -0.34433      6.38906      0.00000
     -0.33433      6.93066      0.00000
     -0.32433      7.60270      0.00000
     -0.31433      8.45167      0.00000
     -0.30433      7.97476      0.00000
     -0.29433      5.98214      0.00000
     -0.28433      5.17761      0.00000
     -0.27433      5.80952      0.00000
     -0.26433      7.07329      0.00000
     -0.25433      8.44923      0.00000
     -0.24433      7.92016      0.00000
     -0.23433      6.73104      0.00000
     -0.22433      6.43335      0.00000
     -0.21433      7.03263      0.00000
     -0.20433      8.86346      0.00000
     -0.19433     10.48802      0.00000
     -0.18433     10.58086      0.00000
     -0.17433      9.83588      0.00000
     -0.16433      8.52671      0.00000
     -0.15433      5.79996      0.00000
     -0.14433      4.64404      0.00000
     -0.13433      5.21882      0.00000
     -0.12433      4.89233      0.00000
     -0.11433      4.31795      0.00000
     -0.10433      4.35388      0.00000
     -0.09433      5.71818      0.00000
     -0.08433      8.10927      0.00000
     -0.07433      8.82974      0.00000
     -0.06433      8.69663      0.00000
     -0.05433      8.46589      0.00000
     -0.04433      6.79995      0.00000
     -0.03433      4.53919      0.00000
     -0.02433      3.47402      0.00000
     -0.01433      3.58404      0.00000
     -0.00433      3.34813      0.00000
      0.00567      3.76786      0.00000
      0.01567      5.35749      0.00000
      0.02567      6.44633      0.00000
      0.03567      7.56294      0.00000
      0.04567      7.20913      0.00000
      0.05567      5.57419      0.00000
      0.06567      6.08863      0.00000
      0.07567      6.96011      0.00000
      0.08567      5.97809      0.00000
      0.09567      4.78757      0.00000
      0.10567      4.73562      0.00000
      0.11567      5.54087      0.00000
      0.12567      5.31872      0.00000
      0.13567      4.04477      0.00000
      0.14567      3.11370      0.00000
      0.15567      3.07025      0.00000
      0.16567      3.78707      0.00000
      0.17567      5.24972      0.00000
      0.18567      6.22634      0.00000
      0.19567      5.18544      0.00000
      0.20567      3.83461      0.00000
      0.21567      3.69507      0.00000
      0.22567      4.23864      0.00000
      0.23567      3.50558      0.00000
      0.24567      2.27584      0.00000
      0.25567      2.77678      0.00000
      0.26567      3.96750      0.00000
      0.27567      3.59248      0.00000
      0.28567      3.68477      0.00000
      0.29567      4.78048      0.00000
      0.30567      5.14933      0.00000
      0.31567      5.86248      0.00000
      0.32567      7.03986      0.00000
      0.33567      7.65708      0.00000
      0.34567      7.72329      0.00000
      0.35567      7.09189      0.00000
      0.36567      5.88650      0.00000
      0.37567      4.47082      0.00000
      0.38567      3.86278      0.00000
      0.39567      4.00445      0.00000
      0.40567      3.41152      0.00000
      0.41567      2.65221      0.00000
      0.42567      4.00511      0.00000
      0.43567      7.44923      0.00000
      0.44567      8.41283      0.00000
      0.45567      6.16467      0.00000
      0.46567      4.91038      0.00000
      0.47567      4.95402      0.00000
      0.48567      5.26057      0.00000
      0.49567      6.21251      0.00000
      0.50567      7.37819      0.00000
      0.51567      7.22018      0.00000
      0.52567      6.06798      0.00000
      0.53567      5.80370      0.00000
      0.54567      5.98776      0.00000
      0.55567      6.25536      0.00000
      0.56567      6.71885      0.00000
      0.57567      5.90209      0.00000
      0.58567      3.88912      0.00000
      0.59567      3.16690      0.00000
      0.60567      4.33816      0.00000
      0.61567      6.77445      0.00000
      0.62567      8.49184      0.00000
      0.63567      9.62113      0.00000
      0.64567     10.82326      0.00000
      0.65567     10.22461      0.00000
      0.66567      8.17174      0.00000
      0.67567      6.13472      0.00000
      0.68567      5.60869      0.00000
      0.69567      6.26697      0.00000
      0.70567      6.28939      0.00000
      0.71567      5.95811      0.00000
      0.72567      5.95648      0.00000
      0.73567      4.96581      0.00000
      0.74567      3.94659      0.00000
      0.75567      4.26389      0.00000
      0.76567      4.39525      0.00000
      0.77567      4.88245      0.00000
      0.78567      6.41548      0.00000
      0.79567      6.66907      0.00000
      0.80567      5.52319      0.00000
      0.81567      3.97829      0.00000
      0.82567      3.37427      0.00000
      0.83567      3.00707      0.00000
      0.84567      2.09185      0.00000
      0.85567      1.74104      0.00000
      0.86567      3.37345      0.00000
      0.87567      5.39600      0.00000
      0.88567      5.80717      0.00000
      0.89567      5.08901      0.00000
      0.90567      3.46123      0.00000
      0.91567      2.68074      0.00000
      0.92567      3.78623      0.00000
      0.93567      5.08003      0.00000
      0.94567      5.60024      0.00000
      0.95567      4.80192      0.00000
      0.96567      3.98396      0.00000
      0.97567      4.09149      0.00000
      0.98567      3.88772      0.00000
      0.99567      3.64646      0.00000
      1.00567      3.59217      0.00000
      1.01567      4.05888      0.00000
      1.02567      3.79013      0.00000
      1.03567      2.39117      0.00000
      1.04567      2.30416      0.00000
      1.05567      2.82841      0.00000
      1.06567      2.77626      0.00000
      1.07567      3.09782      0.00000
      1.08567      3.80098      0.00000
      1.09567      3.62686      0.00000
      1.10567      2.51927      0.00000
      1.11567      1.40593      0.00000
      1.12567      1.45853      0.00000
      1.13567      2.65052      0.00000
      1.14567      3.10917      0.00000
      1.15567      2.38113      0.00000
      1.16567      2.13884      0.00000
      1.17567      3.15332      0.00000
      1.18567      3.53707      0.00000
      1.19567      2.24636      0.00000
      1.20567      1.75696      0.00000
      1.21567      2.69800      0.00000
      1.22567      3.88037      0.00000
      1.23567      3.82081      0.00000
      1.24567      3.08095      0.00000
      1.25567      2.63953      0.00000
      1.26567      1.91860      0.00000
      1.27567      1.50872      0.00000
      1.28567      1.53105      0.00000
      1.29567      1.45935      0.00000
      1.30567      1.35992      0.00000
      1.31567      1.88558      0.00000
      1.32567      2.34077      0.00000
      1.33567      2.27698      0.00000
      1.34567      2.76171      0.00000
      1.35567      3.64014      0.00000
      1.36567      3.24286      0.00000
      1.37567      2.22229      0.00000
      1.38567      2.97334      0.00000
      1.39567      4.64382      0.00000
      1.40567      4.69810      0.00000
      1.41567      3.18425      0.00000
      1.42567      2.75445      0.00000
      1.43567      3.62689      0.00000
      1.44567      3.28566      0.00000
      1.45567      1.77605      0.00000
      1.46567      0.73320      0.00000
      1.47567      0.25550      0.00000
      1.48567      0.14439      0.00000
      1.49567      0.63371      0.00000
      1.50567      2.04164      0.00000
      1.51567      3.72040      0.00000
      1.52567      4.19538      0.00000
      1.53567      3.74739      0.00000
      1.54567      3.17298      0.00000
      1.55567      2.60295      0.00000
      1.56567      1.52212      0.00000
      1.57567      0.43147      0.00000
      1.58567      0.07914      0.00000
      1.59567      0.30041      0.00000
      1.60567      1.30413      0.00000
      1.61567      2.59787      0.00000
      1.62567      2.76864      0.00000
      1.63567      2.47757      0.00000
      1.64567      3.41883      0.00000
      1.65567      4.38056      0.00000
      1.66567      3.52999      0.00000
      1.67567      2.52169      0.00000
      1.68567      2.32301      0.00000
      1.69567      2.17722      0.00000
      1.70567      2.46844      0.00000
      1.71567      3.22144      0.00000
      1.72567      3.28383      0.00000
      1.73567      2.83428      0.00000
      1.74567      1.60733      0.00000
      1.75567      0.73569      0.00000
      1.76567      1.43979      0.00000
      1.77567      2.50603      0.00000
      1.78567      2.81766      0.00000
      1.79567      3.35997      0.00000
      1.80567      3.12042      0.00000
      1.81567      2.11530      0.00000
      1.82567      1.68976      0.00000
      1.83567      1.84833      0.00000
      1.84567      1.80469      0.00000
      1.85567      1.92128      0.00000
      1.86567      3.02772      0.00000
      1.87567      3.94063      0.00000
      1.88567      3.37725      0.00000
      1.89567      1.57476      0.00000
      1.90567      0.53680      0.00000
      1.91567      1.09657      0.00000
      1.92567      2.52153      0.00000
      1.93567      3.65790      0.00000
      1.94567      3.54455      0.00000
      1.95567      2.29367      0.00000
      1.96567      2.50311      0.00000
      1.97567      3.54060      0.00000
      1.98567      2.86499      0.00000
      1.99567      2.03189      0.00000
      2.00567      2.36466      0.00000
      2.01567      3.15061      0.00000
      2.02567      3.16706      0.00000
      2.03567      2.85305      0.00000
      2.04567      3.31077      0.00000
      2.05567      3.45213      0.00000
      2.06567      3.89107      0.00000
      2.07567      4.35812      0.00000
      2.08567      3.61297      0.00000
      2.09567      2.55305      0.00000
      2.10567      2.19649      0.00000
      2.11567      1.96846      0.00000
      2.12567      1.98016      0.00000
      2.13567      2.77212      0.00000
      2.14567      2.87995      0.00000
      2.15567      2.32482      0.00000
      2.16567      2.61426      0.00000
      2.17567      2.61642      0.00000
      2.18567      2.11795      0.00000
      2.19567      2.28519      0.00000
      2.20567      2.61391      0.00000
      2.21567      2.60589      0.00000
      2.22567      2.76760      0.00000
      2.23567      2.51594      0.00000
      2.24567      1.51155      0.00000
      2.25567      0.83449      0.00000
      2.26567      1.18575      0.00000
      2.27567      2.19587      0.00000
      2.28567      2.82430      0.00000
      2.29567      2.76506      0.00000
      2.30567      2.47913      0.00000
      2.31567      2.03790      0.00000
      2.32567      1.38877      0.00000
      2.33567      1.24420      0.00000
      2.34567      1.81410      0.00000
      2.35567      2.77741      0.00000
      2.36567      3.01681      0.00000
      2.37567      2.20333      0.00000
      2.38567      1.61579      0.00000
      2.39567      1.90592      0.00000
      2.40567      2.92158      0.00000
      2.41567      3.74488      0.00000
      2.42567      3.95579      0.00000
      2.43567      4.16525      0.00000
      2.44567      5.13667      0.00000
      2.45567      5.19771      0.00000
      2.46567      3.63767      0.00000
      2.47567      1.85211      0.00000
      2.48567      1.04279      0.00000
      2.49567      0.68420      0.00000
      2.50567      0.52857      0.00000
      2.51567      1.27812      0.00000
      2.52567      2.49282      0.00000
      2.53567      2.77026      0.00000
      2.54567      2.10678      0.00000
      2.55567      1.80589      0.00000
      2.56567      1.82686      0.00000
      2.57567      2.07283      0.00000
      2.58567      2.62136      0.00000
      2.59567      2.99272      0.00000
      2.60567      3.18483      0.00000
      2.61567      3.10566      0.00000
      2.62567      2.60754      0.00000
      2.63567      2.65741      0.00000
      2.64567      2.90070      0.00000
      2.65567      2.24653      0.00000
      2.66567      1.39804      0.00000
      2.67567      1.16964      0.00000
      2.68567      1.56721      0.00000
      2.69567      2.29886      0.00000
      2.70567      3.23852      0.00000
      2.71567      4.18708      0.00000
      2.72567      4.58525      0.00000
      2.73567      3.36995      0.00000
      2.74567      1.71110      0.00000
      2.75567      1.52312      0.00000
      2.76567      1.93661      0.00000
      2.77567      1.58210      0.00000
      2.78567      0.80603      0.00000
      2.79567      0.44589      0.00000
      2.80567      0.72264      0.00000
      2.81567      1.61328      0.00000
      2.82567      2.66934      0.00000
      2.83567      3.46921      0.00000
      2.84567      3.57547      0.00000
      2.85567      2.36806      0.00000
      2.86567      1.88339      0.00000
      2.87567      3.53485      0.00000
      2.88567      5.57010      0.00000
      2.89567      5.93140      0.00000
      2.90567      4.81593      0.00000
      2.91567      2.98371      0.00000
      2.92567      2.40368      0.00000
      2.93567      3.56526      0.00000
      2.94567      4.17716      0.00000
      2.95567      3.47148      0.00000
      2.96567      2.78798      0.00000
      2.97567      3.18772      0.00000
      2.98567      3.53807      0.00000
      2.99567      2.73375      0.00000
      3.00567      1.63171      0.00000
      3.01567      1.45317      0.00000
      3.02567      1.69440      0.00000
      3.03567      1.96143      0.00000
      3.04567      2.46254      0.00000
      3.05567      2.36036      0.00000
      3.06567      1.85716      0.00000
      3.07567      1.30466      0.00000
      3.08567      0.82259      0.00000
      3.09567      1.17399      0.00000
      3.10567      2.20447      0.00000
      3.11567      2.98584      0.00000
      3.12567      3.22349      0.00000
      3.13567      3.12791      0.00000
      3.14567      2.97873      0.00000
      3.15567      2.69745      0.00000
      3.16567      2.95122      0.00000
      3.17567      3.71852      0.00000
      3.18567      4.12625      0.00000
      3.19567      3.38918      0.00000
      3.20567      2.18442      0.00000
      3.21567      1.25210      0.00000
      3.22567      1.30828      0.00000
      3.23567      1.68790      0.00000
      3.24567      1.42289      0.00000
      3.25567      1.21100      0.00000
      3.26567      1.50968      0.00000
      3.27567      2.41822      0.00000
      3.28567      3.12842      0.00000
      3.29567      2.74728      0.00000
      3.30567      2.20059      0.00000
      3.31567      2.33861      0.00000
      3.32567      2.83596      0.00000
      3.33567      2.77521      0.00000
      3.34567      2.10164      0.00000
      3.35567      2.08532      0.00000
      3.36567      2.89063      0.00000
      3.37567      3.05859      0.00000
      3.38567      2.84677      0.00000
      3.39567      3.85233      0.00000
      3.40567      4.88926      0.00000
      3.41567      4.40176      0.00000
      3.42567      3.15950      0.00000
      3.43567      2.62940      0.00000
      3.44567      2.77272      0.00000
      3.45567      3.43960      0.00000
      3.46567      4.74485      0.00000
      3.47567      5.38187      0.00000
      3.48567      4.33384      0.00000
      3.49567      3.21726      0.00000
      3.50567      2.94163      0.00000
      3.51567      2.77900      0.00000
      3.52567      2.43215      0.00000
      3.53567      2.48875      0.00000
      3.54567      3.22405      0.00000
