Energy-E_F (eV)    DOS (1/eV)    PDOS (1/eV)  of atom type W  
     -4.99000      2.04492      2.04492
     -4.98000      0.41326      0.41326
     -4.97000      0.03073      0.03073
     -4.96000      0.00084      0.00084
     -4.95000      0.00000      0.00000
     -4.94000      0.00000      0.00000
     -4.93000      0.00000      0.00000
     -4.92000      0.00000      0.00000
     -4.91000      0.00000      0.00000
     -4.90000      0.00000      0.00000
     -4.89000      0.00000      0.00000
     -4.88000      0.00001      0.00001
     -4.87000      0.00151      0.00151
     -4.86000      0.05078      0.05078
     -4.85000      0.63252      0.63252
     -4.84000      2.91361      2.91361
     -4.83000      4.96690      4.96690
     -4.82000      3.13553      3.13553
     -4.81000      0.73345      0.73345
     -4.80000      0.06450      0.06450
     -4.79000      0.03427      0.03427
     -4.78000      0.42677      0.42677
     -4.77000      2.07949      2.07949
     -4.76000      3.73730      3.73730
     -4.75000      2.69244      2.69244
     -4.74000      2.57429      2.57429
     -4.73000      6.18303      6.18303
     -4.72000      6.98964      6.98964
     -4.71000      2.93058      2.93058
     -4.70000      0.45213      0.45213
     -4.69000      0.02566      0.02566
     -4.68000      0.00105      0.00105
     -4.67000      0.02123      0.02123
     -4.66000      0.32101      0.32101
     -4.65000      1.78565      1.78565
     -4.64000      3.65864      3.65864
     -4.63000      2.87456      2.87456
     -4.62000      1.98654      1.98654
     -4.61000      4.80390      4.80390
     -4.60000      7.36827      7.36827
     -4.59000      5.84711      5.84711
     -4.58000      6.06350      6.06350
     -4.57000      7.06030      7.06030
     -4.56000      4.03678      4.03678
     -4.55000      1.04300      1.04300
     -4.54000      0.90435      0.90435
     -4.53000      2.83437      2.83437
     -4.52000      3.62172      3.62172
     -4.51000      1.70936      1.70936
     -4.50000      0.41101      0.41101
     -4.49000      1.00017      1.00017
     -4.48000      3.05609      3.05609
     -4.47000      3.50008      3.50008
     -4.46000      1.47488      1.47488
     -4.45000      0.22877      0.22877
     -4.44000      0.02006      0.02006
     -4.43000      0.13143      0.13143
     -4.42000      0.90085      0.90085
     -4.41000      2.27621      2.27621
     -4.40000      2.11581      2.11581
     -4.39000      0.72384      0.72384
     -4.38000      0.10251      0.10251
     -4.37000      0.15312      0.15312
     -4.36000      0.70978      0.70978
     -4.35000      1.24439      1.24439
     -4.34000      0.80620      0.80620
     -4.33000      0.28106      0.28106
     -4.32000      0.85738      0.85738
     -4.31000      2.87048      2.87048
     -4.30000      3.60402      3.60402
     -4.29000      1.66496      1.66496
     -4.28000      0.28296      0.28296
     -4.27000      0.01769      0.01769
     -4.26000      0.00041      0.00041
     -4.25000      0.00000      0.00000
     -4.24000      0.00000      0.00000
     -4.23000      0.00000      0.00000
     -4.22000      0.00000      0.00000
     -4.21000      0.00000      0.00000
     -4.20000      0.00000      0.00000
     -4.19000      0.00000      0.00000
     -4.18000      0.00000      0.00000
     -4.17000      0.00000      0.00000
     -4.16000      0.00000      0.00000
     -4.15000      0.00000      0.00000
     -4.14000      0.00000      0.00000
     -4.13000      0.00000      0.00000
     -4.12000      0.00000      0.00000
     -4.11000      0.00000      0.00000
     -4.10000      0.00000      0.00000
     -4.09000      0.00000      0.00000
     -4.08000      0.00010      0.00010
     -4.07000      0.00595      0.00595
     -4.06000      0.13070      0.13070
     -4.05000      1.05668      1.05668
     -4.04000      3.14406      3.14406
     -4.03000      3.48297      3.48297
     -4.02000      1.91340      1.91340
     -4.01000      2.52452      2.52452
     -4.00000      3.75030      3.75030
     -3.99000      2.21760      2.21760
     -3.98000      0.48374      0.48374
     -3.97000      0.03882      0.03882
     -3.96000      0.00115      0.00115
     -3.95000      0.00000      0.00000
     -3.94000      0.00000      0.00000
     -3.93000      0.00000      0.00000
     -3.92000      0.00016      0.00016
     -3.91000      0.00964      0.00964
     -3.90000      0.22557      0.22557
     -3.89000      1.99818      1.99818
     -3.88000      6.66924      6.66924
     -3.87000      8.34771      8.34771
     -3.86000      3.90140      3.90140
     -3.85000      0.67831      0.67831
     -3.84000      0.04374      0.04374
     -3.83000      0.00104      0.00104
     -3.82000      0.00000      0.00000
     -3.81000      0.00000      0.00000
     -3.80000      0.00000      0.00000
     -3.79000      0.00000      0.00000
     -3.78000      0.00000      0.00000
     -3.77000      0.00000      0.00000
     -3.76000      0.00000      0.00000
     -3.75000      0.00000      0.00000
     -3.74000      0.00000      0.00000
     -3.73000      0.00000      0.00000
     -3.72000      0.00000      0.00000
     -3.71000      0.00063      0.00063
     -3.70000      0.02476      0.02476
     -3.69000      0.35791      0.35791
     -3.68000      1.92954      1.92954
     -3.67000      4.16778      4.16778
     -3.66000      4.85419      4.85419
     -3.65000      4.43738      4.43738
     -3.64000      2.41521      2.41521
     -3.63000      0.84868      0.84868
     -3.62000      2.04391      2.04391
     -3.61000      5.46828      5.46828
     -3.60000      7.66054      7.66054
     -3.59000      6.97212      6.97212
     -3.58000      4.22282      4.22282
     -3.57000      1.46960      1.46960
     -3.56000      1.38726      1.38726
     -3.55000      3.31399      3.31399
     -3.54000      3.29876      3.29876
     -3.53000      1.29115      1.29115
     -3.52000      0.95575      0.95575
     -3.51000      2.80686      2.80686
     -3.50000      3.63534      3.63534
     -3.49000      1.73698      1.73698
     -3.48000      0.30533      0.30533
     -3.47000      0.02000      0.02000
     -3.46000      0.01459      0.01459
     -3.45000      0.29525      0.29525
     -3.44000      2.42614      2.42614
     -3.43000      8.57280      8.57280
     -3.42000     14.92790     14.92790
     -3.41000     14.07941     14.07941
     -3.40000      7.29925      7.29925
     -3.39000      2.06913      2.06913
     -3.38000      0.29660      0.29660
     -3.37000      0.01870      0.01870
     -3.36000      0.00327      0.00327
     -3.35000      0.09053      0.09053
     -3.34000      1.07165      1.07165
     -3.33000      4.66702      4.66702
     -3.32000      7.47712      7.47712
     -3.31000      4.40879      4.40879
     -3.30000      1.01245      1.01245
     -3.29000      0.70352      0.70352
     -3.28000      2.63728      2.63728
     -3.27000      5.05110      5.05110
     -3.26000      7.30961      7.30961
     -3.25000      9.20267      9.20267
     -3.24000     10.43078     10.43078
     -3.23000     11.95638     11.95638
     -3.22000      7.16490      7.16490
     -3.21000      1.66535      1.66535
     -3.20000      0.15131      0.15131
     -3.19000      0.16408      0.16408
     -3.18000      1.19301      1.19301
     -3.17000      3.29107      3.29107
     -3.16000      3.51193      3.51193
     -3.15000      2.56791      2.56791
     -3.14000      3.57920      3.57920
     -3.13000      3.39770      3.39770
     -3.12000      2.45564      2.45564
     -3.11000      3.55560      3.55560
     -3.10000      3.17880      3.17880
     -3.09000      1.08401      1.08401
     -3.08000      0.13624      0.13624
     -3.07000      0.00630      0.00630
     -3.06000      0.00011      0.00011
     -3.05000      0.00000      0.00000
     -3.04000      0.00000      0.00000
     -3.03000      0.00000      0.00000
     -3.02000      0.00025      0.00025
     -3.01000      0.01310      0.01310
     -3.00000      0.25186      0.25186
     -2.99000      1.99841      1.99841
     -2.98000      6.70343      6.70343
     -2.97000      9.41209      9.41209
     -2.96000      5.34083      5.34083
     -2.95000      1.20822      1.20822
     -2.94000      0.37157      0.37157
     -2.93000      0.94921      0.94921
     -2.92000      1.22079      1.22079
     -2.91000      0.81210      0.81210
     -2.90000      1.63636      1.63636
     -2.89000      3.54584      3.54584
     -2.88000      3.02992      3.02992
     -2.87000      1.40586      1.40586
     -2.86000      2.61537      2.61537
     -2.85000      5.48881      5.48881
     -2.84000      4.99500      4.99500
     -2.83000      2.02106      2.02106
     -2.82000      1.52220      1.52220
     -2.81000      3.40974      3.40974
     -2.80000      3.93355      3.93355
     -2.79000      3.77932      3.77932
     -2.78000      4.09852      4.09852
     -2.77000      3.54700      3.54700
     -2.76000      4.72612      4.72612
     -2.75000      5.91906      5.91906
     -2.74000      4.64015      4.64015
     -2.73000      2.67361      2.67361
     -2.72000      4.52748      4.52748
     -2.71000      7.48178      7.48178
     -2.70000      4.83823      4.83823
     -2.69000      1.15359      1.15359
     -2.68000      0.10119      0.10119
     -2.67000      0.00327      0.00327
     -2.66000      0.00004      0.00004
     -2.65000      0.00000      0.00000
     -2.64000      0.00000      0.00000
     -2.63000      0.00000      0.00000
     -2.62000      0.00000      0.00000
     -2.61000      0.00007      0.00007
     -2.60000      0.00515      0.00515
     -2.59000      0.14196      0.14196
     -2.58000      1.43855      1.43855
     -2.57000      5.36268      5.36268
     -2.56000      7.35450      7.35450
     -2.55000      3.71689      3.71689
     -2.54000      0.81829      0.81829
     -2.53000      1.05535      1.05535
     -2.52000      3.35720      3.35720
     -2.51000      5.35277      5.35277
     -2.50000      4.34889      4.34889
     -2.49000      2.78396      2.78396
     -2.48000      3.61546      3.61546
     -2.47000      3.18880      3.18880
     -2.46000      1.28689      1.28689
     -2.45000      1.52928      1.52928
     -2.44000      3.45191      3.45191
     -2.43000      3.13337      3.13337
     -2.42000      1.05103      1.05103
     -2.41000      0.20640      0.20640
     -2.40000      0.76638      0.76638
     -2.39000      2.74877      2.74877
     -2.38000      3.65451      3.65451
     -2.37000      1.78748      1.78748
     -2.36000      0.32163      0.32163
     -2.35000      0.02129      0.02129
     -2.34000      0.00100      0.00100
     -2.33000      0.02034      0.02034
     -2.32000      0.31558      0.31558
     -2.31000      1.86453      1.86453
     -2.30000      4.60747      4.60747
     -2.29000      6.07541      6.07541
     -2.28000      5.96499      5.96499
     -2.27000      5.30946      5.30946
     -2.26000      4.40302      4.40302
     -2.25000      6.57911      6.57911
     -2.24000     11.37559     11.37559
     -2.23000     11.48565     11.48565
     -2.22000      6.06344      6.06344
     -2.21000      1.50115      1.50115
     -2.20000      1.08660      1.08660
     -2.19000      4.40850      4.40850
     -2.18000      7.47706      7.47706
     -2.17000      4.67331      4.67331
     -2.16000      1.15824      1.15824
     -2.15000      0.89923      0.89923
     -2.14000      2.82551      2.82551
     -2.13000      3.62525      3.62525
     -2.12000      1.71282      1.71282
     -2.11000      0.29771      0.29771
     -2.10000      0.01904      0.01904
     -2.09000      0.00045      0.00045
     -2.08000      0.00000      0.00000
     -2.07000      0.00032      0.00032
     -2.06000      0.01821      0.01821
     -2.05000      0.39771      0.39771
     -2.04000      3.37927      3.37927
     -2.03000     11.15845     11.15845
     -2.02000     14.22947     14.22947
     -2.01000      6.94216      6.94216
     -2.00000      1.28302      1.28302
     -1.99000      0.08919      0.08919
     -1.98000      0.00974      0.00974
     -1.97000      0.15345      0.15345
     -1.96000      1.16518      1.16518
     -1.95000      3.25475      3.25475
     -1.94000      3.34463      3.34463
     -1.93000      1.26444      1.26444
     -1.92000      0.17899      0.17899
     -1.91000      0.10735      0.10735
     -1.90000      1.13229      1.13229
     -1.89000      4.79404      4.79404
     -1.88000      7.46892      7.46892
     -1.87000      4.30230      4.30230
     -1.86000      1.15133      1.15133
     -1.85000      1.26005      1.26005
     -1.84000      3.01737      3.01737
     -1.83000      4.59442      4.59442
     -1.82000      5.22834      5.22834
     -1.81000      7.34301      7.34301
     -1.80000      7.29924      7.29924
     -1.79000      4.93005      4.93005
     -1.78000      4.83569      4.83569
     -1.77000      4.95091      4.95091
     -1.76000      4.14114      4.14114
     -1.75000      1.84714      1.84714
     -1.74000      0.32983      0.32983
     -1.73000      0.02197      0.02197
     -1.72000      0.00054      0.00054
     -1.71000      0.00000      0.00000
     -1.70000      0.00000      0.00000
     -1.69000      0.00010      0.00010
     -1.68000      0.00594      0.00594
     -1.67000      0.13058      0.13058
     -1.66000      1.05606      1.05606
     -1.65000      3.14202      3.14202
     -1.64000      3.43907      3.43907
     -1.63000      1.38783      1.38783
     -1.62000      0.30199      0.30199
     -1.61000      1.13199      1.13199
     -1.60000      4.77090      4.77090
     -1.59000      7.47023      7.47023
     -1.58000      4.30322      4.30322
     -1.57000      0.91200      0.91200
     -1.56000      0.07558      0.07558
     -1.55000      0.09724      0.09724
     -1.54000      0.74360      0.74360
     -1.53000      2.13682      2.13682
     -1.52000      2.25891      2.25891
     -1.51000      0.87868      0.87868
     -1.50000      0.13555      0.13555
     -1.49000      0.19434      0.19434
     -1.48000      1.31457      1.31457
     -1.47000      3.38575      3.38575
     -1.46000      3.20830      3.20830
     -1.45000      1.11841      1.11841
     -1.44000      0.14343      0.14343
     -1.43000      0.00677      0.00677
     -1.42000      0.00012      0.00012
     -1.41000     -0.00000     -0.00000
     -1.40000     -0.00000     -0.00000
     -1.39000     -0.00000     -0.00000
     -1.38000     -0.00000     -0.00000
     -1.37000      0.00191      0.00191
     -1.36000      0.06767      0.06767
     -1.35000      0.88211      0.88211
     -1.34000      4.23027      4.23027
     -1.33000      7.46305      7.46305
     -1.32000      4.84362      4.84362
     -1.31000      1.15646      1.15646
     -1.30000      0.10158      0.10158
     -1.29000      0.00328      0.00328
     -1.28000      0.00004      0.00004
     -1.27000      0.00000      0.00000
     -1.26000      0.00031      0.00031
     -1.25000      0.01423      0.01423
     -1.24000      0.24313      0.24313
     -1.23000      1.52791      1.52791
     -1.22000      3.53235      3.53235
     -1.21000      3.00425      3.00425
     -1.20000      0.93997      0.93997
     -1.19000      0.10819      0.10819
     -1.18000      0.00458      0.00458
     -1.17000      0.00007      0.00007
     -1.16000      0.00000      0.00000
     -1.15000      0.00000      0.00000
     -1.14000      0.00061      0.00061
     -1.13000      0.02404      0.02404
     -1.12000      0.35131      0.35131
     -1.11000      1.91303      1.91303
     -1.10000      4.03210      4.03210
     -1.09000      3.71241      3.71241
     -1.08000      1.85825      1.85825
     -1.07000      0.53303      0.53303
     -1.06000      0.07134      0.07134
     -1.05000      0.00379      0.00379
     -1.04000      0.00008      0.00008
     -1.03000      0.00000      0.00000
     -1.02000      0.00000      0.00000
     -1.01000      0.00000      0.00000
     -1.00000      0.00000      0.00000
     -0.99000      0.00000      0.00000
     -0.98000      0.00000      0.00000
     -0.97000      0.00000      0.00000
     -0.96000      0.00000      0.00000
     -0.95000      0.00000      0.00000
     -0.94000      0.00000      0.00000
     -0.93000      0.00000      0.00000
     -0.92000      0.00010      0.00010
     -0.91000      0.00592      0.00592
     -0.90000      0.13030      0.13030
     -0.89000      1.05468      1.05468
     -0.88000      3.14050      3.14050
     -0.87000      3.44019      3.44019
     -0.86000      1.38635      1.38635
     -0.85000      0.20553      0.20553
     -0.84000      0.01121      0.01121
     -0.83000      0.00022      0.00022
     -0.82000      0.00000      0.00000
     -0.81000      0.00000      0.00000
     -0.80000      0.00000      0.00000
     -0.79000      0.00000      0.00000
     -0.78000      0.00000      0.00000
     -0.77000      0.00000      0.00000
     -0.76000      0.00000      0.00000
     -0.75000      0.00000      0.00000
     -0.74000      0.00000      0.00000
     -0.73000      0.00007      0.00007
     -0.72000      0.00465      0.00465
     -0.71000      0.10942      0.10942
     -0.70000      0.94660      0.94660
     -0.69000      3.01265      3.01265
     -0.68000      3.52727      3.52727
     -0.67000      1.51927      1.51927
     -0.66000      0.24073      0.24073
     -0.65000      0.01403      0.01403
     -0.64000      0.00030      0.00030
     -0.63000      0.00000      0.00000
     -0.62000      0.00000      0.00000
     -0.61000      0.00000      0.00000
     -0.60000      0.00078      0.00078
     -0.59000      0.02915      0.02915
     -0.58000      0.39871      0.39871
     -0.57000      2.00658      2.00658
     -0.56000      3.71503      3.71503
     -0.55000      2.53030      2.53030
     -0.54000      0.63400      0.63400
     -0.53000      0.05844      0.05844
     -0.52000      0.00198      0.00198
     -0.51000      0.00002      0.00002
     -0.50000      0.00000      0.00000
     -0.49000      0.00000      0.00000
     -0.48000      0.00043      0.00043
     -0.47000      0.01859      0.01859
     -0.46000      0.29284      0.29284
     -0.45000      1.69718      1.69718
     -0.44000      3.61850      3.61850
     -0.43000      2.83815      2.83815
     -0.42000      0.81893      0.81893
     -0.41000      0.08693      0.08693
     -0.40000      0.00339      0.00339
     -0.39000      0.00005      0.00005
     -0.38000      0.00003      0.00003
     -0.37000      0.00200      0.00200
     -0.36000      0.05894      0.05894
     -0.35000      0.63751      0.63751
     -0.34000      2.53687      2.53687
     -0.33000      3.71374      3.71374
     -0.32000      2.00001      2.00001
     -0.31000      0.39624      0.39624
     -0.30000      0.02899      0.02899
     -0.29000      0.00714      0.00714
     -0.28000      0.13721      0.13721
     -0.27000      1.08859      1.08859
     -0.26000      3.17724      3.17724
     -0.25000      3.41147      3.41147
     -0.24000      1.34753      1.34753
     -0.23000      0.19581      0.19581
     -0.22000      0.01047      0.01047
     -0.21000      0.00041      0.00041
     -0.20000      0.01178      0.01178
     -0.19000      0.25337      0.25337
     -0.18000      2.03725      2.03725
     -0.17000      6.13082      6.13082
     -0.16000      6.91022      6.91022
     -0.15000      2.91740      2.91740
     -0.14000      0.46110      0.46110
     -0.13000      0.02725      0.02725
     -0.12000      0.00060      0.00060
     -0.11000      0.00000      0.00000
     -0.10000      0.00000      0.00000
     -0.09000      0.00005      0.00005
     -0.08000      0.00360      0.00360
     -0.07000      0.09071      0.09071
     -0.06000      0.84138      0.84138
     -0.05000      2.87085      2.87085
     -0.04000      3.60359      3.60359
     -0.03000      1.66405      1.66405
     -0.02000      0.28268      0.28268
     -0.01000      0.01767      0.01767
      0.00000      0.00041      0.00041
      0.01000      0.00000      0.00000
      0.02000      0.00000      0.00000
      0.03000      0.00000      0.00000
      0.04000      0.00000      0.00000
      0.05000      0.00000      0.00000
      0.06000      0.00000      0.00000
      0.07000      0.00000      0.00000
      0.08000      0.00000      0.00000
      0.09000      0.00000      0.00000
      0.10000      0.00000      0.00000
      0.11000      0.00000      0.00000
      0.12000      0.00000      0.00000
      0.13000      0.00006      0.00006
      0.14000      0.00411      0.00411
      0.15000      0.10057      0.10057
      0.16000      0.91955      0.91955
      0.17000      3.30640      3.30640
      0.18000      5.47243      5.47243
      0.19000      5.28105      5.28105
      0.20000      2.89124      2.89124
      0.21000      0.70534      0.70534
      0.22000      0.06809      0.06809
      0.23000      0.05097      0.05097
      0.24000      0.70453      0.70453
      0.25000      3.75636      3.75636
      0.26000      7.36815      7.36815
      0.27000      5.31686      5.31686
      0.28000      1.41142      1.41142
      0.29000      0.13870      0.13870
      0.30000      0.03630      0.03630
      0.31000      0.41895      0.41895
      0.32000      2.05923      2.05923
      0.33000      3.72412      3.72412
      0.34000      2.47770      2.47770
      0.35000      0.60666      0.60666
      0.36000      0.06806      0.06806
      0.37000      0.28752      0.28752
      0.38000      2.23140      2.23140
      0.39000      6.41103      6.41103
      0.40000      6.77626      6.77626
      0.41000      2.63749      2.63749
      0.42000      0.46335      0.46335
      0.43000      1.05921      1.05921
      0.44000      4.59733      4.59733
      0.45000      7.47951      7.47951
      0.46000      4.47695      4.47695
      0.47000      0.98582      0.98582
      0.48000      0.07986      0.07986
      0.49000      0.00238      0.00238
      0.50000      0.00000      0.00000
      0.51000      0.00000      0.00000
      0.52000      0.00000      0.00000
      0.53000      0.00000      0.00000
      0.54000      0.00000      0.00000
      0.55000      0.00000      0.00000
      0.56000      0.00000      0.00000
      0.57000      0.00000      0.00000
      0.58000      0.00000      0.00000
      0.59000      0.00000      0.00000
      0.60000      0.00000      0.00000
      0.61000      0.00000      0.00000
      0.62000      0.00000      0.00000
      0.63000      0.00000      0.00000
      0.64000      0.00000      0.00000
      0.65000      0.00000      0.00000
      0.66000      0.00000      0.00000
      0.67000      0.00000      0.00000
      0.68000      0.00000      0.00000
      0.69000      0.00000      0.00000
      0.70000      0.00000      0.00000
      0.71000      0.00000      0.00000
      0.72000      0.00000      0.00000
      0.73000      0.00000      0.00000
      0.74000      0.00000      0.00000
      0.75000      0.00000      0.00000
      0.76000      0.00000      0.00000
      0.77000      0.00000      0.00000
      0.78000      0.00038      0.00038
      0.79000      0.01967      0.01967
      0.80000      0.37475      0.37475
      0.81000      2.62598      2.62598
      0.82000      6.77325      6.77325
      0.83000      6.53914      6.53914
      0.84000      3.52822      3.52822
      0.85000      5.39917      5.39917
      0.86000      7.66600      7.66600
      0.87000      5.46246      5.46246
      0.88000      4.44479      4.44479
      0.89000      4.29739      4.29739
      0.90000      4.25698      4.25698
      0.91000      3.43842      3.43842
      0.92000      1.24455      1.24455
      0.93000      0.17390      0.17390
      0.94000      0.10193      0.10193
      0.95000      0.85688      0.85688
      0.96000      2.89269      2.89269
      0.97000      3.59310      3.59310
      0.98000      1.64189      1.64189
      0.99000      0.27708      0.27708
      1.00000      0.05385      0.05385
      1.01000      0.46696      0.46696
      1.02000      2.17707      2.17707
      1.03000      3.73705      3.73705
      1.04000      2.35988      2.35988
      1.05000      0.54822      0.54822
      1.06000      0.04685      0.04685
      1.07000      0.00147      0.00147
      1.08000      0.00002      0.00002
      1.09000      0.00000      0.00000
      1.10000      0.00000      0.00000
      1.11000      0.00000      0.00000
      1.12000      0.00019      0.00019
      1.13000      0.00977      0.00977
      1.14000      0.18648      0.18648
      1.15000      1.30925      1.30925
      1.16000      3.38161      3.38161
      1.17000      3.21315      3.21315
      1.18000      1.12316      1.12316
      1.19000      0.14443      0.14443
      1.20000      0.00683      0.00683
      1.21000      0.00012      0.00012
      1.22000      0.00000      0.00000
      1.23000      0.00000      0.00000
      1.24000      0.00000      0.00000
      1.25000      0.00000      0.00000
      1.26000      0.00000      0.00000
      1.27000      0.00002      0.00002
      1.28000      0.00199      0.00199
      1.29000      0.05859      0.05859
      1.30000      0.63549      0.63549
      1.31000      2.55076      2.55076
      1.32000      4.00645      4.00645
      1.33000      3.71311      3.71311
      1.34000      4.27678      4.27678
      1.35000      4.47877      4.47877
      1.36000      4.55483      4.55483
      1.37000      3.77078      3.77078
      1.38000      2.14472      2.14472
      1.39000      0.98609      0.98609
      1.40000      1.48383      1.48383
      1.41000      5.54678      5.54678
      1.42000      9.61961      9.61961
      1.43000      7.75110      7.75110
      1.44000      3.14953      3.14953
      1.45000      0.72318      0.72318
      1.46000      1.35407      1.35407
      1.47000      5.13301      5.13301
      1.48000      7.41549      7.41549
      1.49000      3.94529      3.94529
      1.50000      0.87039      0.87039
      1.51000      1.19584      1.19584
      1.52000      4.81604      4.81604
      1.53000      7.57429      7.57429
      1.54000      5.43533      5.43533
      1.55000      5.68907      5.68907
      1.56000      7.44907      7.44907
      1.57000      4.28409      4.28409
      1.58000      1.00692      1.00692
      1.59000      0.80737      0.80737
      1.60000      2.70274      2.70274
      1.61000      3.67117      3.67117
      1.62000      1.83674      1.83674
      1.63000      0.36431      0.36431
      1.64000      0.39661      0.39661
      1.65000      1.93946      1.93946
      1.66000      3.70028      3.70028
      1.67000      2.59789      2.59789
      1.68000      0.67099      0.67099
      1.69000      0.06375      0.06375
      1.70000      0.00223      0.00223
      1.71000      0.00103      0.00103
      1.72000      0.04143      0.04143
      1.73000      0.63126      0.63126
      1.74000      3.53814      3.53814
      1.75000      7.29542      7.29542
      1.76000      5.53439      5.53439
      1.77000      1.56288      1.56288
      1.78000      0.41687      0.41687
      1.79000      1.32370      1.32370
      1.80000      2.47269      2.47269
      1.81000      1.70686      1.70686
      1.82000      0.43345      0.43345
      1.83000      0.04049      0.04049
      1.84000      0.00139      0.00139
      1.85000      0.00037      0.00037
      1.86000      0.01592      0.01592
      1.87000      0.26778      0.26778
      1.88000      1.71369      1.71369
      1.89000      4.42748      4.42748
      1.90000      5.18444      5.18444
      1.91000      3.04657      3.04657
      1.92000      0.86242      0.86242
      1.93000      0.15196      0.15196
      1.94000      0.56881      0.56881
      1.95000      2.39303      2.39303
      1.96000      3.74252      3.74252
      1.97000      2.30676      2.30676
      1.98000      1.65949      1.65949
      1.99000      3.32886      3.32886
      2.00000      3.30852      3.30852
      2.01000      1.22215      1.22215
      2.02000      0.17891      0.17891
      2.03000      0.23458      0.23458
      2.04000      1.46623      1.46623
      2.05000      3.49446      3.49446
      2.06000      3.06414      3.06414
      2.07000      0.98842      0.98842
      2.08000      0.11730      0.11730
      2.09000      0.00512      0.00512
      2.10000      0.00008      0.00008
      2.11000      0.00000      0.00000
      2.12000      0.00000      0.00000
      2.13000      0.00000      0.00000
      2.14000      0.00000      0.00000
      2.15000      0.00068      0.00068
      2.16000      0.02633      0.02633
      2.17000      0.37416      0.37416
      2.18000      2.00530      2.00530
      2.19000      4.55496      4.55496
      2.20000      6.56199      6.56199
      2.21000      7.84090      7.84090
      2.22000      5.17003      5.17003
      2.23000      1.42922      1.42922
      2.24000      0.15666      0.15666
      2.25000      0.06015      0.06015
      2.26000      0.60015      0.60015
      2.27000      2.47265      2.47265
      2.28000      3.88272      3.88272
      2.29000      3.25201      3.25201
      2.30000      3.69283      3.69283
      2.31000      3.36326      3.36326
      2.32000      1.24981      1.24981
      2.33000      0.17225      0.17225
      2.34000      0.00989      0.00989
      2.35000      0.03922      0.03922
      2.36000      0.48570      0.48570
      2.37000      2.22395      2.22395
      2.38000      3.79411      3.79411
      2.39000      2.84249      2.84249
      2.40000      2.40938      2.40938
      2.41000      2.76090      2.76090
      2.42000      2.85716      2.85716
      2.43000      3.82216      3.82216
      2.44000      2.85806      2.85806
      2.45000      0.92768      0.92768
      2.46000      0.98642      0.98642
      2.47000      3.20072      3.20072
      2.48000      5.36604      5.36604
      2.49000      4.70416      4.70416
      2.50000      4.32054      4.32054
      2.51000      7.83384      7.83384
      2.52000      9.14117      9.14117
      2.53000      5.81047      5.81047
      2.54000      2.07860      2.07860
      2.55000      0.93324      0.93324
      2.56000      2.51736      2.51736
      2.57000      3.98864      3.98864
      2.58000      4.46110      4.46110
      2.59000      8.70875      8.70875
      2.60000     10.82624     10.82624
      2.61000      5.30259      5.30259
      2.62000      0.98118      0.98118
      2.63000      0.13323      0.13323
      2.64000      0.68493      0.68493
      2.65000      2.61947      2.61947
      2.66000      3.69483      3.69483
      2.67000      1.91726      1.91726
      2.68000      0.36599      0.36599
      2.69000      0.02570      0.02570
      2.70000      0.00072      0.00072
      2.71000      0.00359      0.00359
      2.72000      0.09053      0.09053
      2.73000      0.84029      0.84029
      2.74000      2.86930      2.86930
      2.75000      3.60590      3.60590
      2.76000      1.71476      1.71476
      2.77000      0.85167      0.85167
      2.78000      2.51961      2.51961
      2.79000      5.17362      5.17362
      2.80000      9.91959      9.91959
      2.81000     18.29025     18.29025
      2.82000     18.81843     18.81843
      2.83000     10.57802     10.57802
      2.84000      5.47157      5.47157
      2.85000      2.96718      2.96718
      2.86000      2.24881      2.24881
      2.87000      6.70811      6.70811
      2.88000     11.27347     11.27347
      2.89000      8.56727      8.56727
      2.90000      5.48797      5.48797
      2.91000      5.17634      5.17634
      2.92000      7.74553      7.74553
      2.93000      9.95699      9.95699
      2.94000      6.65201      6.65201
      2.95000      2.13975      2.13975
      2.96000      0.31016      0.31016
      2.97000      0.01868      0.01868
      2.98000      0.00044      0.00044
      2.99000      0.00000      0.00000
      3.00000      0.00004      0.00004
      3.01000      0.00337      0.00337
      3.02000      0.10367      0.10367
      3.03000      1.17899      1.17899
      3.04000      5.03499      5.03499
      3.05000      8.69836      8.69836
      3.06000      8.02038      8.02038
      3.07000      6.84873      6.84873
      3.08000      6.23197      6.23197
      3.09000      3.55424      3.55424
      3.10000      0.86678      0.86678
      3.11000      0.08067      0.08067
      3.12000      0.00605      0.00605
      3.13000      0.10123      0.10123
      3.14000      1.15363      1.15363
      3.15000      4.83800      4.83800
      3.16000      7.47053      7.47053
      3.17000      4.41521      4.41521
      3.18000      2.66147      2.66147
      3.19000      7.07899      7.07899
      3.20000     12.17496     12.17496
      3.21000     10.57407     10.57407
      3.22000      4.71882      4.71882
      3.23000      0.97366      0.97366
      3.24000      0.08330      0.08330
      3.25000      0.00278      0.00278
      3.26000      0.00003      0.00003
      3.27000      0.00014      0.00014
      3.28000      0.00774      0.00774
      3.29000      0.15787      0.15787
      3.30000      1.18533      1.18533
      3.31000      3.27394      3.27394
      3.32000      3.32666      3.32666
      3.33000      1.24352      1.24352
      3.34000      0.17100      0.17100
      3.35000      0.00865      0.00865
      3.36000      0.00019      0.00019
      3.37000      0.00218      0.00218
      3.38000      0.06274      0.06274
      3.39000      0.66402      0.66402
      3.40000      2.58573      2.58573
      3.41000      3.71815      3.71815
      3.42000      2.20234      2.20234
      3.43000      1.93403      1.93403
      3.44000      3.57524      3.57524
      3.45000      2.97783      2.97783
      3.46000      0.91893      0.91893
      3.47000      0.10435      0.10435
      3.48000      0.00436      0.00436
      3.49000      0.00007      0.00007
      3.50000      0.00000      0.00000
      3.51000      0.00000      0.00000
      3.52000      0.00000      0.00000
      3.53000      0.00000      0.00000
      3.54000      0.00000      0.00000
      3.55000      0.00000      0.00000
      3.56000      0.00000      0.00000
      3.57000      0.00000      0.00000
      3.58000      0.00000      0.00000
      3.59000      0.00000      0.00000
      3.60000      0.00000      0.00000
      3.61000      0.00000      0.00000
      3.62000      0.00000      0.00000
      3.63000      0.00000      0.00000
      3.64000      0.00000      0.00000
      3.65000      0.00000      0.00000
      3.66000      0.00000      0.00000
      3.67000      0.00000      0.00000
      3.68000      0.00000      0.00000
      3.69000      0.00000      0.00000
      3.70000      0.00000      0.00000
      3.71000      0.00000      0.00000
      3.72000      0.00000      0.00000
      3.73000      0.00000      0.00000
      3.74000      0.00000      0.00000
      3.75000      0.00000      0.00000
      3.76000      0.00000      0.00000
      3.77000      0.00000      0.00000
      3.78000      0.00000      0.00000
      3.79000      0.00000      0.00000
      3.80000      0.00000      0.00000
      3.81000      0.00000      0.00000
      3.82000      0.00000      0.00000
      3.83000      0.00074      0.00074
      3.84000      0.03274      0.03274
      3.85000      0.53619      0.53619
      3.86000      3.23041      3.23041
      3.87000      7.15981      7.15981
      3.88000      5.83783      5.83783
      3.89000      1.75108      1.75108
      3.90000      0.19323      0.19323
      3.91000      0.00784      0.00784
      3.92000      0.00012      0.00012
      3.93000      0.00000      0.00000
      3.94000      0.00000      0.00000
      3.95000      0.00000      0.00000
      3.96000      0.00000      0.00000
      3.97000      0.00000      0.00000
      3.98000      0.00000      0.00000
      3.99000      0.00000      0.00000
      4.00000      0.00000      0.00000
      4.01000      0.00000      0.00000
      4.02000      0.00000      0.00000
      4.03000      0.00000      0.00000
      4.04000      0.00000      0.00000
      4.05000      0.00000      0.00000
      4.06000      0.00000      0.00000
      4.07000      0.00000      0.00000
      4.08000      0.00021      0.00021
      4.09000      0.01223      0.01223
      4.10000      0.26666      0.26666
      4.11000      2.13933      2.13933
      4.12000      6.31696      6.31696
      4.13000      6.95197      6.95197
      4.14000      3.84620      3.84620
      4.15000      5.11275      5.11275
      4.16000      7.46001      7.46001
      4.17000      4.37562      4.37562
      4.18000      1.21257      1.21257
      4.19000      2.22581      2.22581
      4.20000      6.77315      6.77315
      4.21000      9.11203      9.11203
      4.22000      6.51235      6.51235
      4.23000      2.71644      2.71644
      4.24000      0.54525      0.54525
