Energy-E_F (eV)    DOS (1/eV)    PDOS (1/eV)  of atom type W  
     -4.86419      0.24215      0.00000
     -4.85419      1.27298      0.00000
     -4.84419      2.46185      0.00000
     -4.83419      1.75149      0.00000
     -4.82419      0.45862      0.00000
     -4.81419      0.05629      0.00000
     -4.80419      0.26697      0.00000
     -4.79419      2.13315      0.00000
     -4.78419      6.30711      0.00000
     -4.77419      6.86038      0.00000
     -4.76419      2.74519      0.00000
     -4.75419      0.40411      0.00000
     -4.74419      0.02188      0.00000
     -4.73419      0.00044      0.00000
     -4.72419      0.00000      0.00000
     -4.71419      0.00168      0.00000
     -4.70419      0.06196      0.00000
     -4.69419      0.85170      0.00000
     -4.68419      4.62289      0.00000
     -4.67419     11.71218      0.00000
     -4.66419     17.59843      0.00000
     -4.65419     14.94583      0.00000
     -4.64419      5.59929      0.00000
     -4.63419      0.81137      0.00000
     -4.62419      0.04377      0.00000
     -4.61419      0.00093      0.00000
     -4.60419      0.00539      0.00000
     -4.59419      0.16793      0.00000
     -4.58419      1.97088      0.00000
     -4.57419      8.75361      0.00000
     -4.56419     14.93283      0.00000
     -4.55419     11.77494      0.00000
     -4.54419     12.01467      0.00000
     -4.53419     15.04967      0.00000
     -4.52419      8.41611      0.00000
     -4.51419      1.77117      0.00000
     -4.50419      0.13873      0.00000
     -4.49419      0.01169      0.00000
     -4.48419      0.19369      0.00000
     -4.47419      1.87689      0.00000
     -4.46419      7.70659      0.00000
     -4.45419     16.39017      0.00000
     -4.44419     20.25603      0.00000
     -4.43419     12.49289      0.00000
     -4.42419      3.23589      0.00000
     -4.41419      0.32730      0.00000
     -4.40419      0.01303      0.00000
     -4.39419      0.02124      0.00000
     -4.38419      0.39348      0.00000
     -4.37419      2.70257      0.00000
     -4.36419      6.82863      0.00000
     -4.35419      6.34740      0.00000
     -4.34419      2.17052      0.00000
     -4.33419      0.27305      0.00000
     -4.32419      0.01264      0.00000
     -4.31419      0.00022      0.00000
     -4.30419      0.00000      0.00000
     -4.29419      0.00000      0.00000
     -4.28419      0.00007      0.00000
     -4.27419      0.00398      0.00000
     -4.26419      0.08745      0.00000
     -4.25419      0.70599      0.00000
     -4.24419      2.09685      0.00000
     -4.23419      2.29232      0.00000
     -4.22419      0.95880      0.00000
     -4.21419      0.55131      0.00000
     -4.20419      1.68007      0.00000
     -4.19419      2.47945      0.00000
     -4.18419      1.35194      0.00000
     -4.17419      0.27120      0.00000
     -4.16419      0.02001      0.00000
     -4.15419      0.00054      0.00000
     -4.14419      0.00015      0.00000
     -4.13419      0.00958      0.00000
     -4.12419      0.22347      0.00000
     -4.11419      1.91809      0.00000
     -4.10419      6.05650      0.00000
     -4.09419      7.03527      0.00000
     -4.08419      3.00639      0.00000
     -4.07419      0.47262      0.00000
     -4.06419      0.02733      0.00000
     -4.05419      0.00058      0.00000
     -4.04419      0.00000      0.00000
     -4.03419      0.00027      0.00000
     -4.02419      0.01169      0.00000
     -4.01419      0.18753      0.00000
     -4.00419      1.10631      0.00000
     -3.99419      2.40097      0.00000
     -3.98419      1.91692      0.00000
     -3.97419      0.56302      0.00000
     -3.96419      0.06084      0.00000
     -3.95419      0.00242      0.00000
     -3.94419      0.00004      0.00000
     -3.93419      0.00000      0.00000
     -3.92419      0.00000      0.00000
     -3.91419      0.00000      0.00000
     -3.90419      0.00041      0.00000
     -3.89419      0.01628      0.00000
     -3.88419      0.23557      0.00000
     -3.87419      1.25422      0.00000
     -3.86419      2.45666      0.00000
     -3.85419      1.77019      0.00000
     -3.84419      0.46925      0.00000
     -3.83419      0.04576      0.00000
     -3.82419      0.00378      0.00000
     -3.81419      0.08605      0.00000
     -3.80419      1.34326      0.00000
     -3.79419      8.22608      0.00000
     -3.78419     19.85225      0.00000
     -3.77419     18.80252      0.00000
     -3.76419      6.91202      0.00000
     -3.75419      0.97286      0.00000
     -3.74419      0.05178      0.00000
     -3.73419      0.00103      0.00000
     -3.72419      0.00000      0.00000
     -3.71419      0.00000      0.00000
     -3.70419      0.00000      0.00000
     -3.69419      0.00000      0.00000
     -3.68419      0.00000      0.00000
     -3.67419      0.00000      0.00000
     -3.66419      0.00000      0.00000
     -3.65419      0.00000      0.00000
     -3.64419      0.00000      0.00000
     -3.63419      0.00000      0.00000
     -3.62419      0.00005      0.00000
     -3.61419      0.00383      0.00000
     -3.60419      0.11386      0.00000
     -3.59419      1.24651      0.00000
     -3.58419      5.02007      0.00000
     -3.57419      7.43975      0.00000
     -3.56419      4.12920      0.00000
     -3.55419      1.76617      0.00000
     -3.54419      4.58358      0.00000
     -3.53419      8.88133      0.00000
     -3.52419     10.47352      0.00000
     -3.51419     12.25261      0.00000
     -3.50419     15.11829      0.00000
     -3.49419     16.72386      0.00000
     -3.48419     14.59804      0.00000
     -3.47419     12.13645      0.00000
     -3.46419     13.09842      0.00000
     -3.45419     20.33945      0.00000
     -3.44419     20.97278      0.00000
     -3.43419     10.17372      0.00000
     -3.42419      2.91420      0.00000
     -3.41419      4.30950      0.00000
     -3.40419      7.45694      0.00000
     -3.39419      4.94604      0.00000
     -3.38419      1.51149      0.00000
     -3.37419      3.14823      0.00000
     -3.36419     10.99560      0.00000
     -3.35419     14.61915      0.00000
     -3.34419      7.16056      0.00000
     -3.33419      1.52250      0.00000
     -3.32419      2.63072      0.00000
     -3.31419     10.14101      0.00000
     -3.30419     14.85666      0.00000
     -3.29419      8.00858      0.00000
     -3.28419      1.58816      0.00000
     -3.27419      0.11586      0.00000
     -3.26419      0.00311      0.00000
     -3.25419      0.00000      0.00000
     -3.24419      0.00058      0.00000
     -3.23419      0.02730      0.00000
     -3.22419      0.47291      0.00000
     -3.21419      3.02771      0.00000
     -3.20419      7.32916      0.00000
     -3.19419      7.47954      0.00000
     -3.18419      4.69960      0.00000
     -3.17419      4.94771      0.00000
     -3.16419     13.68637      0.00000
     -3.15419     25.93722      0.00000
     -3.14419     28.28856      0.00000
     -3.13419     21.94190      0.00000
     -3.12419     13.47783      0.00000
     -3.11419      5.18717      0.00000
     -3.10419      0.92796      0.00000
     -3.09419      0.06659      0.00000
     -3.08419      0.00182      0.00000
     -3.07419      0.00151      0.00000
     -3.06419      0.04352      0.00000
     -3.05419      0.46794      0.00000
     -3.04419      1.98019      0.00000
     -3.03419      3.83163      0.00000
     -3.02419      4.93956      0.00000
     -3.01419      6.93384      0.00000
     -3.00419      7.93654      0.00000
     -2.99419      4.19704      0.00000
     -2.98419      0.85225      0.00000
     -2.97419      0.06414      0.00000
     -2.96419      0.00178      0.00000
     -2.95419      0.00000      0.00000
     -2.94419      0.00047      0.00000
     -2.93419      0.02711      0.00000
     -2.92419      0.57444      0.00000
     -2.91419      4.47712      0.00000
     -2.90419     12.83676      0.00000
     -2.89419     13.53998      0.00000
     -2.88419      5.25395      0.00000
     -2.87419      0.75000      0.00000
     -2.86419      0.03949      0.00000
     -2.85419      0.00771      0.00000
     -2.84419      0.17683      0.00000
     -2.83419      1.65557      0.00000
     -2.82419      5.70232      0.00000
     -2.81419      7.22537      0.00000
     -2.80419      3.36802      0.00000
     -2.79419      0.57756      0.00000
     -2.78419      0.03644      0.00000
     -2.77419      0.00085      0.00000
     -2.76419      0.00000      0.00000
     -2.75419      0.00102      0.00000
     -2.74419      0.04321      0.00000
     -2.73419      0.68818      0.00000
     -2.72419      4.37060      0.00000
     -2.71419     12.36843      0.00000
     -2.70419     18.11928      0.00000
     -2.69419     14.30127      0.00000
     -2.68419      5.46368      0.00000
     -2.67419      1.62902      0.00000
     -2.66419      5.84426      0.00000
     -2.65419     17.61544      0.00000
     -2.64419     22.03439      0.00000
     -2.63419     14.82982      0.00000
     -2.62419     11.02315      0.00000
     -2.61419      7.29545      0.00000
     -2.60419      3.49864      0.00000
     -2.59419      2.71573      0.00000
     -2.58419      1.53528      0.00000
     -2.57419      0.34373      0.00000
     -2.56419      0.02846      0.00000
     -2.55419      0.00087      0.00000
     -2.54419      0.00001      0.00000
     -2.53419      0.00000      0.00000
     -2.52419      0.00046      0.00000
     -2.51419      0.02675      0.00000
     -2.50419      0.56943      0.00000
     -2.49419      4.47051      0.00000
     -2.48419     13.07840      0.00000
     -2.47419     14.90835      0.00000
     -2.46419      7.77359      0.00000
     -2.45419      2.70942      0.00000
     -2.44419      2.62964      0.00000
     -2.43419      6.40048      0.00000
     -2.42419      7.12106      0.00000
     -2.41419      5.18857      0.00000
     -2.40419      8.90558      0.00000
     -2.39419     11.77877      0.00000
     -2.38419      6.56769      0.00000
     -2.37419      1.48350      0.00000
     -2.36419      0.19133      0.00000
     -2.35419      0.78988      0.00000
     -2.34419      3.98020      0.00000
     -2.33419      7.42349      0.00000
     -2.32419      5.09358      0.00000
     -2.31419      1.28571      0.00000
     -2.30419      0.11944      0.00000
     -2.29419      0.00779      0.00000
     -2.28419      0.11142      0.00000
     -2.27419      1.22858      0.00000
     -2.26419      4.98581      0.00000
     -2.25419      7.44394      0.00000
     -2.24419      4.11404      0.00000
     -2.23419      1.29453      0.00000
     -2.22419      3.39287      0.00000
     -2.21419     11.06845      0.00000
     -2.20419     22.13643      0.00000
     -2.19419     27.20734      0.00000
     -2.18419     19.05954      0.00000
     -2.17419      8.35025      0.00000
     -2.16419      3.43627      0.00000
     -2.15419      7.83570      0.00000
     -2.14419     14.85557      0.00000
     -2.13419     11.75117      0.00000
     -2.12419      9.72806      0.00000
     -2.11419     14.81549      0.00000
     -2.10419     11.18302      0.00000
     -2.09419      3.15719      0.00000
     -2.08419      0.34434      0.00000
     -2.07419      0.33955      0.00000
     -2.06419      2.42130      0.00000
     -2.05419      6.59457      0.00000
     -2.04419      6.60786      0.00000
     -2.03419      2.43579      0.00000
     -2.02419      0.33352      0.00000
     -2.01419      0.14021      0.00000
     -2.00419      1.79467      0.00000
     -1.99419      9.87646      0.00000
     -1.98419     21.00453      0.00000
     -1.97419     18.50792      0.00000
     -1.96419     10.68175      0.00000
     -1.95419      8.14079      0.00000
     -1.94419      4.02095      0.00000
     -1.93419      0.78756      0.00000
     -1.92419      0.05865      0.00000
     -1.91419      0.05778      0.00000
     -1.90419      0.77841      0.00000
     -1.89419      3.96230      0.00000
     -1.88419      7.41978      0.00000
     -1.87419      5.11217      0.00000
     -1.86419      1.33002      0.00000
     -1.85419      0.72034      0.00000
     -1.84419      4.11570      0.00000
     -1.83419     12.38374      0.00000
     -1.82419     19.63453      0.00000
     -1.81419     17.30569      0.00000
     -1.80419      7.16057      0.00000
     -1.79419      1.19221      0.00000
     -1.78419      0.07652      0.00000
     -1.77419      0.06902      0.00000
     -1.76419      1.10529      0.00000
     -1.75419      6.83917      0.00000
     -1.74419     16.74029      0.00000
     -1.73419     18.18627      0.00000
     -1.72419     10.09551      0.00000
     -1.71419      2.84481      0.00000
     -1.70419      0.35347      0.00000
     -1.69419      0.06211      0.00000
     -1.68419      0.66785      0.00000
     -1.67419      3.64811      0.00000
     -1.66419      7.33443      0.00000
     -1.65419      5.42463      0.00000
     -1.64419      1.47598      0.00000
     -1.63419      0.14774      0.00000
     -1.62419      0.00544      0.00000
     -1.61419      0.00022      0.00000
     -1.60419      0.01109      0.00000
     -1.59419      0.30303      0.00000
     -1.58419      3.10546      0.00000
     -1.57419     12.37177      0.00000
     -1.56419     20.88289      0.00000
     -1.55419     17.07319      0.00000
     -1.54419      7.19602      0.00000
     -1.53419      1.43221      0.00000
     -1.52419      0.12014      0.00000
     -1.51419      0.00398      0.00000
     -1.50419      0.00004      0.00000
     -1.49419      0.00016      0.00000
     -1.48419      0.00999      0.00000
     -1.47419      0.23047      0.00000
     -1.46419      1.95980      0.00000
     -1.45419      6.20533      0.00000
     -1.44419      7.78991      0.00000
     -1.43419      5.13600      0.00000
     -1.42419      2.68384      0.00000
     -1.41419      0.86233      0.00000
     -1.40419      0.11618      0.00000
     -1.39419      0.00588      0.00000
     -1.38419      0.00024      0.00000
     -1.37419      0.00961      0.00000
     -1.36419      0.26961      0.00000
     -1.35419      2.78252      0.00000
     -1.34419     10.56454      0.00000
     -1.33419     14.75602      0.00000
     -1.32419      7.58566      0.00000
     -1.31419      1.54045      0.00000
     -1.30419      1.29795      0.00000
     -1.29419      4.92948      0.00000
     -1.28419      7.45245      0.00000
     -1.27419      4.14693      0.00000
     -1.26419      0.84891      0.00000
     -1.25419      0.06393      0.00000
     -1.24419      0.00177      0.00000
     -1.23419      0.00024      0.00000
     -1.22419      0.01372      0.00000
     -1.21419      0.28970      0.00000
     -1.20419      2.25028      0.00000
     -1.19419      6.43031      0.00000
     -1.18419      6.75979      0.00000
     -1.17419      2.61421      0.00000
     -1.16419      0.37192      0.00000
     -1.15419      0.01947      0.00000
     -1.14419      0.00037      0.00000
     -1.13419      0.00000      0.00000
     -1.12419      0.00000      0.00000
     -1.11419      0.00000      0.00000
     -1.10419      0.00000      0.00000
     -1.09419      0.00000      0.00000
     -1.08419      0.00000      0.00000
     -1.07419      0.00000      0.00000
     -1.06419      0.00000      0.00000
     -1.05419      0.00000      0.00000
     -1.04419      0.00000      0.00000
     -1.03419     -0.00000      0.00000
     -1.02419     -0.00000      0.00000
     -1.01419     -0.00000      0.00000
     -1.00419     -0.00000      0.00000
     -0.99419     -0.00000      0.00000
     -0.98419      0.00004      0.00000
     -0.97419      0.00333      0.00000
     -0.96419      0.10271      0.00000
     -0.95419      1.16490      0.00000
     -0.94419      4.86064      0.00000
     -0.93419      7.46109      0.00000
     -0.92419      4.21324      0.00000
     -0.91419      0.87526      0.00000
     -0.90419      0.06716      0.00000
     -0.89419      0.01350      0.00000
     -0.88419      0.18673      0.00000
     -0.87419      1.10366      0.00000
     -0.86419      2.39973      0.00000
     -0.85419      1.91953      0.00000
     -0.84419      0.56485      0.00000
     -0.83419      0.06115      0.00000
     -0.82419      0.00244      0.00000
     -0.81419      0.00004      0.00000
     -0.80419      0.00000      0.00000
     -0.79419      0.00000      0.00000
     -0.78419      0.00000      0.00000
     -0.77419      0.00000      0.00000
     -0.76419      0.00000      0.00000
     -0.75419      0.00000      0.00000
     -0.74419      0.00000      0.00000
     -0.73419      0.00000      0.00000
     -0.72419      0.00000      0.00000
     -0.71419      0.00000      0.00000
     -0.70419      0.00000      0.00000
     -0.69419      0.00000      0.00000
     -0.68419      0.00000      0.00000
     -0.67419      0.00000      0.00000
     -0.66419      0.00000      0.00000
     -0.65419      0.00000      0.00000
     -0.64419      0.00000      0.00000
     -0.63419      0.00000      0.00000
     -0.62419      0.00000      0.00000
     -0.61419      0.00000      0.00000
     -0.60419      0.00000      0.00000
     -0.59419      0.00000      0.00000
     -0.58419      0.00000      0.00000
     -0.57419      0.00000      0.00000
     -0.56419      0.00000      0.00000
     -0.55419      0.00000      0.00000
     -0.54419      0.00000      0.00000
     -0.53419      0.00004      0.00000
     -0.52419      0.00336      0.00000
     -0.51419      0.10330      0.00000
     -0.50419      1.16932      0.00000
     -0.49419      4.86950      0.00000
     -0.48419      7.46051      0.00000
     -0.47419      4.22808      0.00000
     -0.46419      1.29922      0.00000
     -0.45419      2.90364      0.00000
     -0.44419      6.93964      0.00000
     -0.43419      6.48565      0.00000
     -0.42419      4.20533      0.00000
     -0.41419      6.88519      0.00000
     -0.40419      9.29302      0.00000
     -0.39419      9.35807      0.00000
     -0.38419      7.36998      0.00000
     -0.37419      5.01712      0.00000
     -0.36419      7.04632      0.00000
     -0.35419      6.49684      0.00000
     -0.34419      2.30074      0.00000
     -0.33419      0.30042      0.00000
     -0.32419      0.01443      0.00000
     -0.31419      0.00026      0.00000
     -0.30419      0.00000      0.00000
     -0.29419      0.00000      0.00000
     -0.28419      0.00000      0.00000
     -0.27419      0.00000      0.00000
     -0.26419      0.00000      0.00000
     -0.25419      0.00146      0.00000
     -0.24419      0.05537      0.00000
     -0.23419      0.77003      0.00000
     -0.22419      3.93961      0.00000
     -0.21419      7.41488      0.00000
     -0.20419      5.13406      0.00000
     -0.19419      1.30775      0.00000
     -0.18419      0.12254      0.00000
     -0.17419      0.00422      0.00000
     -0.16419      0.00005      0.00000
     -0.15419      0.00000      0.00000
     -0.14419      0.00000      0.00000
     -0.13419      0.00000      0.00000
     -0.12419      0.00000      0.00000
     -0.11419      0.00000      0.00000
     -0.10419      0.00000      0.00000
     -0.09419      0.00034      0.00000
     -0.08419      0.01789      0.00000
     -0.07419      0.35020      0.00000
     -0.06419      2.52242      0.00000
     -0.05419      6.68384      0.00000
     -0.04419      6.51539      0.00000
     -0.03419      2.33647      0.00000
     -0.02419      0.30824      0.00000
     -0.01419      0.01496      0.00000
     -0.00419      0.00027      0.00000
      0.00581      0.00000      0.00000
      0.01581      0.00000      0.00000
      0.02581      0.00032      0.00000
      0.03581      0.01722      0.00000
      0.04581      0.34080      0.00000
      0.05581      2.48181      0.00000
      0.06581      6.64875      0.00000
      0.07581      6.55265      0.00000
      0.08581      2.37574      0.00000
      0.09581      0.31688      0.00000
      0.10581      0.01555      0.00000
      0.11581      0.00028      0.00000
      0.12581      0.00000      0.00000
      0.13581      0.00000      0.00000
      0.14581      0.00000      0.00000
      0.15581      0.00000      0.00000
      0.16581      0.00000      0.00000
      0.17581      0.00000      0.00000
      0.18581      0.00000      0.00000
      0.19581      0.00000      0.00000
      0.20581      0.00000      0.00000
      0.21581      0.00000      0.00000
      0.22581      0.00000      0.00000
      0.23581      0.00000      0.00000
      0.24581      0.00000      0.00000
      0.25581      0.00000      0.00000
      0.26581      0.00025      0.00000
      0.27581      0.01440      0.00000
      0.28581      0.29988      0.00000
      0.29581      2.29796      0.00000
      0.30581      6.47794      0.00000
      0.31581      6.71796      0.00000
      0.32581      2.56297      0.00000
      0.33581      0.35971      0.00000
      0.34581      0.01902      0.00000
      0.35581      0.02677      0.00000
      0.36581      0.57965      0.00000
      0.37581      4.81125      0.00000
      0.38581     15.55429      0.00000
      0.39581     20.51801      0.00000
      0.40581     11.60790      0.00000
      0.41581      3.08927      0.00000
      0.42581      2.27660      0.00000
      0.43581      6.14504      0.00000
      0.44581      6.98614      0.00000
      0.45581      2.92753      0.00000
      0.46581      0.45132      0.00000
      0.47581      0.02634      0.00000
      0.48581      0.03917      0.00000
      0.49581      0.73978      0.00000
      0.50581      5.21148      0.00000
      0.51581     13.50594      0.00000
      0.52581     12.87640      0.00000
      0.53581      4.51616      0.00000
      0.54581      0.58271      0.00000
      0.55581      0.02788      0.00000
      0.56581      0.01540      0.00000
      0.57581      0.37244      0.00000
      0.58581      3.42145      0.00000
      0.59581     11.56308      0.00000
      0.60581     14.37615      0.00000
      0.61581      6.57533      0.00000
      0.62581      1.10636      0.00000
      0.63581      0.06848      0.00000
      0.64581      0.00156      0.00000
      0.65581      0.00000      0.00000
      0.66581      0.00000      0.00000
      0.67581      0.00000      0.00000
      0.68581      0.00000      0.00000
      0.69581      0.00000      0.00000
      0.70581      0.00000      0.00000
      0.71581      0.00000      0.00000
      0.72581      0.00000      0.00000
      0.73581      0.00000      0.00000
      0.74581      0.00000      0.00000
      0.75581      0.00000      0.00000
      0.76581      0.00000      0.00000
      0.77581      0.00000      0.00000
      0.78581      0.00000      0.00000
      0.79581      0.00000      0.00000
      0.80581      0.00000      0.00000
      0.81581      0.00000      0.00000
      0.82581      0.00000      0.00000
      0.83581      0.00000      0.00000
      0.84581      0.00000      0.00000
      0.85581      0.00000      0.00000
      0.86581      0.00000      0.00000
      0.87581      0.00000      0.00000
      0.88581      0.00000      0.00000
      0.89581      0.00273      0.00000
      0.90581      0.10506      0.00000
      0.91581      1.48582      0.00000
      0.92581      7.73119      0.00000
      0.93581     14.84638      0.00000
      0.94581     11.32377      0.00000
      0.95581      8.56909      0.00000
      0.96581     14.24824      0.00000
      0.97581     12.51471      0.00000
      0.98581      6.60461      0.00000
      0.99581     10.88018      0.00000
      1.00581     16.39547      0.00000
      1.01581     13.57796      0.00000
      1.02581      8.81890      0.00000
      1.03581      3.51706      0.00000
      1.04581      0.59055      0.00000
      1.05581      0.03732      0.00000
      1.06581      0.00087      0.00000
      1.07581      0.00000      0.00000
      1.08581      0.00000      0.00000
      1.09581      0.00000      0.00000
      1.10581      0.00000      0.00000
      1.11581      0.00000      0.00000
      1.12581      0.00000      0.00000
      1.13581      0.00000      0.00000
      1.14581      0.00000      0.00000
      1.15581      0.00047      0.00000
      1.16581      0.02424      0.00000
      1.17581      0.46645      0.00000
      1.18581      3.49542      0.00000
      1.19581     10.61941      0.00000
      1.20581     13.60661      0.00000
      1.21581      7.43886      0.00000
      1.22581      1.69021      0.00000
      1.23581      0.15293      0.00000
      1.24581      0.00532      0.00000
      1.25581      0.00007      0.00000
      1.26581      0.00006      0.00000
      1.27581      0.00455      0.00000
      1.28581      0.12948      0.00000
      1.29581      1.35538      0.00000
      1.30581      5.21959      0.00000
      1.31581      7.39463      0.00000
      1.32581      3.85395      0.00000
      1.33581      0.74158      0.00000
      1.34581      0.11739      0.00000
      1.35581      0.58999      0.00000
      1.36581      1.95272      0.00000
      1.37581      2.38308      0.00000
      1.38581      1.07028      0.00000
      1.39581      0.19640      0.00000
      1.40581      0.38579      0.00000
      1.41581      2.62745      0.00000
      1.42581      6.77018      0.00000
      1.43581      6.41816      0.00000
      1.44581      2.23834      0.00000
      1.45581      0.28718      0.00000
      1.46581      0.01470      0.00000
      1.47581      0.04610      0.00000
      1.48581      0.67875      0.00000
      1.49581      3.73898      0.00000
      1.50581      8.18226      0.00000
      1.51581      9.53842      0.00000
      1.52581      9.40232      0.00000
      1.53581      9.20406      0.00000
      1.54581     14.08865      0.00000
      1.55581     17.88774      0.00000
      1.56581     17.90737      0.00000
      1.57581     14.87911      0.00000
      1.58581      6.02803      0.00000
      1.59581      1.89636      0.00000
      1.60581      6.17158      0.00000
      1.61581     14.13477      0.00000
      1.62581     12.01035      0.00000
      1.63581      3.77891      0.00000
      1.64581      0.96588      0.00000
      1.65581      4.29415      0.00000
      1.66581     12.61269      0.00000
      1.67581     13.70832      0.00000
      1.68581      5.51081      0.00000
      1.69581      1.20458      0.00000
      1.70581      2.75078      0.00000
      1.71581      6.83351      0.00000
      1.72581      6.38019      0.00000
      1.73581      2.74751      0.00000
      1.74581      3.65043      0.00000
      1.75581      7.24246      0.00000
      1.76581      5.69253      0.00000
      1.77581      1.64874      0.00000
      1.78581      0.17568      0.00000
      1.79581      0.00689      0.00000
      1.80581      0.00010      0.00000
      1.81581      0.00428      0.00000
      1.82581      0.14976      0.00000
      1.83581      1.94183      0.00000
      1.84581      9.38464      0.00000
      1.85581     17.04054      0.00000
      1.86581     11.75982      0.00000
      1.87581      3.12949      0.00000
      1.88581      0.32595      0.00000
      1.89581      0.01342      0.00000
      1.90581      0.00022      0.00000
      1.91581      0.00000      0.00000
      1.92581      0.00000      0.00000
      1.93581      0.00000      0.00000
      1.94581      0.00008      0.00000
      1.95581      0.00570      0.00000
      1.96581      0.15283      0.00000
      1.97581      1.50844      0.00000
      1.98581      5.47718      0.00000
      1.99581      7.31629      0.00000
      2.00581      3.59528      0.00000
      2.01581      0.65169      0.00000
      2.02581      0.09702      0.00000
      2.03581      0.67227      0.00000
      2.04581      3.59722      0.00000
      2.05581      8.72161      0.00000
      2.06581     10.92896      0.00000
      2.07581     10.79003      0.00000
      2.08581      9.28880      0.00000
      2.09581      4.65552      0.00000
      2.10581      1.15455      0.00000
      2.11581      0.13032      0.00000
      2.12581      0.00608      0.00000
      2.13581      0.00011      0.00000
      2.14581      0.00000      0.00000
      2.15581     -0.00000      0.00000
      2.16581      0.00027      0.00000
      2.17581      0.01170      0.00000
      2.18581      0.18758      0.00000
      2.19581      1.10832      0.00000
      2.20581      2.45266      0.00000
      2.21581      2.42681      0.00000
      2.22581      2.49225      0.00000
      2.23581      3.81388      0.00000
      2.24581      8.11278      0.00000
      2.25581     14.42847      0.00000
      2.26581     12.53477      0.00000
      2.27581      8.63555      0.00000
      2.28581      7.81846      0.00000
      2.29581      3.91729      0.00000
      2.30581      0.79478      0.00000
      2.31581      0.66810      0.00000
      2.32581      3.48705      0.00000
      2.33581      7.28012      0.00000
      2.34581      5.72648      0.00000
      2.35581      3.00677      0.00000
      2.36581      5.52427      0.00000
      2.37581      7.66399      0.00000
      2.38581      6.01763      0.00000
      2.39581      7.17489      0.00000
      2.40581      7.02360      0.00000
      2.41581      4.86942      0.00000
      2.42581      8.09026      0.00000
      2.43581      9.59027      0.00000
      2.44581      4.37902      0.00000
      2.45581      1.04970      0.00000
      2.46581      2.42421      0.00000
      2.47581      6.55672      0.00000
      2.48581      6.64587      0.00000
      2.49581      2.48150      0.00000
      2.50581      0.43549      0.00000
      2.51581      1.12707      0.00000
      2.52581      4.74841      0.00000
      2.53581      7.47992      0.00000
      2.54581      4.55806      0.00000
      2.55581      3.44695      0.00000
      2.56581     10.21441      0.00000
      2.57581     15.52579      0.00000
      2.58581     11.92053      0.00000
      2.59581     10.39582      0.00000
      2.60581      8.14007      0.00000
      2.61581      3.07338      0.00000
      2.62581      0.50313      0.00000
      2.63581      0.04473      0.00000
      2.64581      0.21030      0.00000
      2.65581      1.77601      0.00000
      2.66581      6.34506      0.00000
      2.67581      9.47276      0.00000
      2.68581      5.71722      0.00000
      2.69581      1.34507      0.00000
      2.70581      0.12014      0.00000
      2.71581      0.00401      0.00000
      2.72581      0.00005      0.00000
      2.73581      0.00005      0.00000
      2.74581      0.00394      0.00000
      2.75581      0.12507      0.00000
      2.76581      1.46122      0.00000
      2.77581      6.28683      0.00000
      2.78581      9.96427      0.00000
      2.79581      5.93402      0.00000
      2.80581      2.89645      0.00000
      2.81581      8.26435      0.00000
      2.82581     14.89350      0.00000
      2.83581     10.09408      0.00000
      2.84581      3.31216      0.00000
      2.85581      2.96870      0.00000
      2.86581      5.45599      0.00000
      2.87581      8.31496      0.00000
      2.88581      8.45879      0.00000
      2.89581      8.43596      0.00000
      2.90581      6.80246      0.00000
      2.91581      3.55445      0.00000
      2.92581      7.36587      0.00000
      2.93581     18.48621      0.00000
      2.94581     22.31905      0.00000
      2.95581     16.00564      0.00000
      2.96581     13.72549      0.00000
      2.97581     15.23514      0.00000
      2.98581     18.43727      0.00000
      2.99581     20.11917      0.00000
      3.00581     18.17117      0.00000
      3.01581      9.44501      0.00000
      3.02581      2.09573      0.00000
      3.03581      0.99024      0.00000
      3.04581      4.97651      0.00000
      3.05581     12.28817      0.00000
      3.06581     13.40635      0.00000
      3.07581     10.16369      0.00000
      3.08581     13.26955      0.00000
      3.09581     13.26880      0.00000
      3.10581      5.72458      0.00000
      3.11581      1.23704      0.00000
      3.12581      1.79024      0.00000
      3.13581      6.16036      0.00000
      3.14581     15.23772      0.00000
      3.15581     26.35245      0.00000
      3.16581     25.10324      0.00000
      3.17581     10.67871      0.00000
      3.18581      1.84486      0.00000
      3.19581      0.22968      0.00000
      3.20581      1.29640      0.00000
      3.21581      6.62220      0.00000
      3.22581     15.96079      0.00000
      3.23581     19.16107      0.00000
      3.24581     10.53292      0.00000
      3.25581      2.37868      0.00000
      3.26581      0.43927      0.00000
      3.27581      1.26382      0.00000
      3.28581      2.46215      0.00000
      3.29581      1.89617      0.00000
      3.30581      1.81994      0.00000
      3.31581      5.25996      0.00000
      3.32581      7.39755      0.00000
      3.33581      3.85906      0.00000
      3.34581      0.74162      0.00000
      3.35581      0.08937      0.00000
      3.36581      0.58575      0.00000
      3.37581      3.39020      0.00000
      3.38581      7.23518      0.00000
      3.39581      5.68148      0.00000
      3.40581      1.68421      0.00000
      3.41581      0.82778      0.00000
      3.42581      3.61280      0.00000
      3.43581      7.32878      0.00000
      3.44581      5.71633      0.00000
      3.45581      4.14929      0.00000
      3.46581     10.47784      0.00000
      3.47581     14.82297      0.00000
      3.48581      7.85083      0.00000
      3.49581      2.01798      0.00000
      3.50581      3.21044      0.00000
      3.51581      7.09401      0.00000
      3.52581      5.96358      0.00000
      3.53581      1.84502      0.00000
      3.54581      0.20999      0.00000
      3.55581      0.00879      0.00000
      3.56581      0.00014      0.00000
      3.57581      0.00000      0.00000
      3.58581      0.00000      0.00000
      3.59581      0.00202      0.00000
      3.60581      0.07070      0.00000
      3.61581      0.90855      0.00000
      3.62581      4.29506      0.00000
      3.63581      7.46952      0.00000
      3.64581      4.77884      0.00000
      3.65581      1.12475      0.00000
      3.66581      0.09739      0.00000
      3.67581      0.00310      0.00000
      3.68581      0.00004      0.00000
      3.69581      0.00000      0.00000
      3.70581      0.00000      0.00000
      3.71581      0.00000      0.00000
      3.72581      0.00000      0.00000
      3.73581      0.00000      0.00000
      3.74581      0.00000      0.00000
      3.75581      0.00000      0.00000
      3.76581      0.00000      0.00000
      3.77581      0.00000      0.00000
      3.78581      0.00000      0.00000
      3.79581      0.00000      0.00000
      3.80581      0.00000      0.00000
      3.81581      0.00000      0.00000
      3.82581      0.00000      0.00000
      3.83581      0.00000      0.00000
      3.84581      0.00000      0.00000
      3.85581      0.00000      0.00000
      3.86581      0.00000      0.00000
      3.87581      0.00000      0.00000
      3.88581      0.00000      0.00000
      3.89581      0.00092      0.00000
      3.90581      0.04543      0.00000
      3.91581      0.82980      0.00000
      3.92581      5.57569      0.00000
      3.93581     13.78247      0.00000
      3.94581     12.53317      0.00000
      3.95581      4.19276      0.00000
      3.96581      0.51599      0.00000
      3.97581      0.02336      0.00000
      3.98581      0.00039      0.00000
      3.99581      0.00000      0.00000
      4.00581      0.00000      0.00000
      4.01581      0.00000      0.00000
      4.02581      0.00000      0.00000
      4.03581      0.00000      0.00000
      4.04581      0.00000      0.00000
      4.05581      0.00000      0.00000
      4.06581      0.00000      0.00000
      4.07581      0.00000      0.00000
      4.08581      0.00000      0.00000
      4.09581      0.00000      0.00000
      4.10581      0.00000      0.00000
      4.11581      0.00000      0.00000
      4.12581      0.00000      0.00000
      4.13581      0.00000      0.00000
      4.14581      0.00000      0.00000
      4.15581      0.00000      0.00000
      4.16581      0.00181      0.00000
      4.17581      0.07660      0.00000
      4.18581      1.19578      0.00000
      4.19581      6.86703      0.00000
      4.20581     14.50751      0.00000
      4.21581     11.27515      0.00000
      4.22581      3.22372      0.00000
      4.23581      0.33908      0.00000
      4.24581      0.01312      0.00000
      4.25581      0.00019      0.00000
      4.26581      0.00000      0.00000
      4.27581      0.00000      0.00000
      4.28581      0.00000      0.00000
      4.29581      0.00046      0.00000
      4.30581      0.02285      0.00000
      4.31581      0.41664      0.00000
      4.32581      2.79465      0.00000
      4.33581      6.89607      0.00000
      4.34581      6.26011      0.00000
      4.35581      2.09058      0.00000
      4.36581      0.25974      0.00000
