Energy-E_F (eV)    DOS (1/eV)    PDOS (1/eV)  of atom type Hf 
     -4.81912      1.00888      0.00000
     -4.80912      3.20614      0.00000
     -4.79912      6.03067      0.00000
     -4.78912      7.86793      0.00000
     -4.77912      6.02648      0.00000
     -4.76912      2.78210      0.00000
     -4.75912      0.95380      0.00000
     -4.74912      0.79664      0.00000
     -4.73912      2.59114      0.00000
     -4.72912      4.58857      0.00000
     -4.71912      4.54138      0.00000
     -4.70912      4.31365      0.00000
     -4.69912      3.52625      0.00000
     -4.68912      1.36465      0.00000
     -4.67912      0.38544      0.00000
     -4.66912      1.10798      0.00000
     -4.65912      2.39808      0.00000
     -4.64912      1.96009      0.00000
     -4.63912      0.88916      0.00000
     -4.62912      1.34587      0.00000
     -4.61912      2.80252      0.00000
     -4.60912      3.92117      0.00000
     -4.59912      3.24113      0.00000
     -4.58912      2.57351      0.00000
     -4.57912      3.84167      0.00000
     -4.56912      4.48111      0.00000
     -4.55912      3.78626      0.00000
     -4.54912      3.08509      0.00000
     -4.53912      2.15803      0.00000
     -4.52912      3.57886      0.00000
     -4.51912      6.93698      0.00000
     -4.50912      6.32212      0.00000
     -4.49912      3.85825      0.00000
     -4.48912      2.67965      0.00000
     -4.47912      1.16852      0.00000
     -4.46912      0.53634      0.00000
     -4.45912      1.73934      0.00000
     -4.44912      3.50291      0.00000
     -4.43912      2.97952      0.00000
     -4.42912      1.66196      0.00000
     -4.41912      1.43490      0.00000
     -4.40912      1.44357      0.00000
     -4.39912      2.56556      0.00000
     -4.38912      4.03267      0.00000
     -4.37912      4.40950      0.00000
     -4.36912      2.96360      0.00000
     -4.35912      0.91579      0.00000
     -4.34912      0.11657      0.00000
     -4.33912      0.07315      0.00000
     -4.32912      0.45961      0.00000
     -4.31912      1.14485      0.00000
     -4.30912      1.04979      0.00000
     -4.29912      0.37446      0.00000
     -4.28912      0.37709      0.00000
     -4.27912      2.07850      0.00000
     -4.26912      5.25754      0.00000
     -4.25912      6.06784      0.00000
     -4.24912      3.67605      0.00000
     -4.23912      1.25128      0.00000
     -4.22912      1.13024      0.00000
     -4.21912      3.76835      0.00000
     -4.20912      5.99232      0.00000
     -4.19912      4.52656      0.00000
     -4.18912      3.28278      0.00000
     -4.17912      3.63630      0.00000
     -4.16912      4.67586      0.00000
     -4.15912      5.96947      0.00000
     -4.14912      7.06490      0.00000
     -4.13912      6.53052      0.00000
     -4.12912      2.93231      0.00000
     -4.11912      0.52433      0.00000
     -4.10912      0.09781      0.00000
     -4.09912      0.44004      0.00000
     -4.08912      1.12939      0.00000
     -4.07912      1.06849      0.00000
     -4.06912      0.37188      0.00000
     -4.05912      0.04766      0.00000
     -4.04912      0.00535      0.00000
     -4.03912      0.07309      0.00000
     -4.02912      0.63166      0.00000
     -4.01912      2.00985      0.00000
     -4.00912      2.38000      0.00000
     -3.99912      1.48148      0.00000
     -3.98912      3.07184      0.00000
     -3.97912      7.14767      0.00000
     -3.96912      7.30543      0.00000
     -3.95912      3.34903      0.00000
     -3.94912      1.19466      0.00000
     -3.93912      2.20793      0.00000
     -3.92912      3.60722      0.00000
     -3.91912      3.02571      0.00000
     -3.90912      1.93420      0.00000
     -3.89912      0.95363      0.00000
     -3.88912      0.27038      0.00000
     -3.87912      0.58952      0.00000
     -3.86912      2.80626      0.00000
     -3.85912      5.49760      0.00000
     -3.84912      6.12167      0.00000
     -3.83912      6.71270      0.00000
     -3.82912      5.28238      0.00000
     -3.81912      4.17338      0.00000
     -3.80912      7.09613      0.00000
     -3.79912      7.69958      0.00000
     -3.78912      3.43278      0.00000
     -3.77912      0.98041      0.00000
     -3.76912      1.70195      0.00000
     -3.75912      2.48119      0.00000
     -3.74912      1.35810      0.00000
     -3.73912      0.27357      0.00000
     -3.72912      0.02111      0.00000
     -3.71912      0.02422      0.00000
     -3.70912      0.25383      0.00000
     -3.69912      1.13067      0.00000
     -3.68912      2.50502      0.00000
     -3.67912      3.23253      0.00000
     -3.66912      3.10985      0.00000
     -3.65912      4.41903      0.00000
     -3.64912      5.08719      0.00000
     -3.63912      3.68342      0.00000
     -3.62912      3.62871      0.00000
     -3.61912      4.10629      0.00000
     -3.60912      5.42784      0.00000
     -3.59912      8.18584      0.00000
     -3.58912      9.32076      0.00000
     -3.57912      7.18948      0.00000
     -3.56912      3.40129      0.00000
     -3.55912      1.02115      0.00000
     -3.54912      1.37041      0.00000
     -3.53912      3.33080      0.00000
     -3.52912      3.47033      0.00000
     -3.51912      2.61247      0.00000
     -3.50912      3.75270      0.00000
     -3.49912      4.21980      0.00000
     -3.48912      2.36745      0.00000
     -3.47912      0.59903      0.00000
     -3.46912      0.27825      0.00000
     -3.45912      1.60676      0.00000
     -3.44912      4.36234      0.00000
     -3.43912      4.46464      0.00000
     -3.42912      2.15318      0.00000
     -3.41912      1.91859      0.00000
     -3.40912      2.51044      0.00000
     -3.39912      2.21411      0.00000
     -3.38912      2.42045      0.00000
     -3.37912      3.46918      0.00000
     -3.36912      4.17403      0.00000
     -3.35912      3.28120      0.00000
     -3.34912      1.47282      0.00000
     -3.33912      1.16426      0.00000
     -3.32912      2.31641      0.00000
     -3.31912      2.10797      0.00000
     -3.30912      0.99493      0.00000
     -3.29912      1.51421      0.00000
     -3.28912      2.59508      0.00000
     -3.27912      2.59830      0.00000
     -3.26912      4.21898      0.00000
     -3.25912      6.31386      0.00000
     -3.24912      6.03269      0.00000
     -3.23912      5.79168      0.00000
     -3.22912      3.85680      0.00000
     -3.21912      1.10058      0.00000
     -3.20912      0.22372      0.00000
     -3.19912      0.79609      0.00000
     -3.18912      2.18659      0.00000
     -3.17912      2.27727      0.00000
     -3.16912      1.35422      0.00000
     -3.15912      2.46618      0.00000
     -3.14912      6.21026      0.00000
     -3.13912      8.97846      0.00000
     -3.12912      8.89662      0.00000
     -3.11912      9.06066      0.00000
     -3.10912      7.90014      0.00000
     -3.09912      7.84750      0.00000
     -3.08912      8.50745      0.00000
     -3.07912      9.84331      0.00000
     -3.06912     10.43252      0.00000
     -3.05912      5.87979      0.00000
     -3.04912      2.46818      0.00000
     -3.03912      2.82642      0.00000
     -3.02912      3.10971      0.00000
     -3.01912      1.87258      0.00000
     -3.00912      1.67932      0.00000
     -2.99912      3.37120      0.00000
     -2.98912      4.23487      0.00000
     -2.97912      2.57425      0.00000
     -2.96912      0.67314      0.00000
     -2.95912      0.08046      0.00000
     -2.94912      0.14678      0.00000
     -2.93912      0.76582      0.00000
     -2.92912      2.05431      0.00000
     -2.91912      4.27207      0.00000
     -2.90912      6.07166      0.00000
     -2.89912      4.10580      0.00000
     -2.88912      1.18129      0.00000
     -2.87912      0.20527      0.00000
     -2.86912      0.59570      0.00000
     -2.85912      1.95331      0.00000
     -2.84912      2.38297      0.00000
     -2.83912      1.07618      0.00000
     -2.82912      0.30484      0.00000
     -2.81912      0.92137      0.00000
     -2.80912      2.59331      0.00000
     -2.79912      3.91270      0.00000
     -2.78912      5.09232      0.00000
     -2.77912      5.37585      0.00000
     -2.76912      3.27350      0.00000
     -2.75912      2.06100      0.00000
     -2.74912      3.28025      0.00000
     -2.73912      3.64846      0.00000
     -2.72912      3.78792      0.00000
     -2.71912      5.30918      0.00000
     -2.70912      4.81410      0.00000
     -2.69912      3.42458      0.00000
     -2.68912      1.95565      0.00000
     -2.67912      1.20942      0.00000
     -2.66912      2.43110      0.00000
     -2.65912      3.53615      0.00000
     -2.64912      3.30994      0.00000
     -2.63912      2.78578      0.00000
     -2.62912      2.96917      0.00000
     -2.61912      2.91630      0.00000
     -2.60912      2.55605      0.00000
     -2.59912      3.38548      0.00000
     -2.58912      4.29084      0.00000
     -2.57912      3.22401      0.00000
     -2.56912      1.61413      0.00000
     -2.55912      0.51389      0.00000
     -2.54912      0.34059      0.00000
     -2.53912      1.95843      0.00000
     -2.52912      5.70000      0.00000
     -2.51912      7.22875      0.00000
     -2.50912      5.12574      0.00000
     -2.49912      4.23496      0.00000
     -2.48912      4.90710      0.00000
     -2.47912      5.78263      0.00000
     -2.46912      6.95475      0.00000
     -2.45912      6.26270      0.00000
     -2.44912      5.30168      0.00000
     -2.43912      6.13490      0.00000
     -2.42912      7.52744      0.00000
     -2.41912      7.84842      0.00000
     -2.40912      6.36560      0.00000
     -2.39912      6.05897      0.00000
     -2.38912      6.04339      0.00000
     -2.37912      4.20220      0.00000
     -2.36912      2.42153      0.00000
     -2.35912      2.60514      0.00000
     -2.34912      3.25992      0.00000
     -2.33912      2.32921      0.00000
     -2.32912      1.33521      0.00000
     -2.31912      1.36693      0.00000
     -2.30912      1.55024      0.00000
     -2.29912      3.15678      0.00000
     -2.28912      6.07873      0.00000
     -2.27912      7.00788      0.00000
     -2.26912      6.29215      0.00000
     -2.25912      5.29254      0.00000
     -2.24912      5.87331      0.00000
     -2.23912      7.34156      0.00000
     -2.22912      6.01834      0.00000
     -2.21912      2.40816      0.00000
     -2.20912      1.44128      0.00000
     -2.19912      3.70534      0.00000
     -2.18912      4.89662      0.00000
     -2.17912      3.56175      0.00000
     -2.16912      4.25649      0.00000
     -2.15912      5.93742      0.00000
     -2.14912      6.30826      0.00000
     -2.13912      5.92620      0.00000
     -2.12912      4.85460      0.00000
     -2.11912      5.19214      0.00000
     -2.10912      5.57758      0.00000
     -2.09912      3.68672      0.00000
     -2.08912      3.07781      0.00000
     -2.07912      5.23600      0.00000
     -2.06912      6.25815      0.00000
     -2.05912      6.14494      0.00000
     -2.04912      7.67135      0.00000
     -2.03912      7.37896      0.00000
     -2.02912      5.16522      0.00000
     -2.01912      4.30496      0.00000
     -2.00912      4.29313      0.00000
     -1.99912      5.61757      0.00000
     -1.98912      8.58808      0.00000
     -1.97912      8.61760      0.00000
     -1.96912      5.72294      0.00000
     -1.95912      4.83481      0.00000
     -1.94912      8.87926      0.00000
     -1.93912     13.90958      0.00000
     -1.92912     12.54832      0.00000
     -1.91912      6.70218      0.00000
     -1.90912      3.22097      0.00000
     -1.89912      3.46846      0.00000
     -1.88912      6.63437      0.00000
     -1.87912      9.08794      0.00000
     -1.86912      7.33770      0.00000
     -1.85912      4.53034      0.00000
     -1.84912      3.85508      0.00000
     -1.83912      5.17847      0.00000
     -1.82912      7.32837      0.00000
     -1.81912      7.18591      0.00000
     -1.80912      6.90544      0.00000
     -1.79912      6.39957      0.00000
     -1.78912      3.99835      0.00000
     -1.77912      2.50284      0.00000
     -1.76912      3.79928      0.00000
     -1.75912      6.05371      0.00000
     -1.74912      7.35375      0.00000
     -1.73912      7.55964      0.00000
     -1.72912      8.61342      0.00000
     -1.71912      9.76455      0.00000
     -1.70912      8.27370      0.00000
     -1.69912      6.54423      0.00000
     -1.68912      8.44162      0.00000
     -1.67912      7.25878      0.00000
     -1.66912      2.64728      0.00000
     -1.65912      0.70523      0.00000
     -1.64912      2.24530      0.00000
     -1.63912      6.23991      0.00000
     -1.62912      8.57903      0.00000
     -1.61912      7.82643      0.00000
     -1.60912      7.24000      0.00000
     -1.59912      7.65479      0.00000
     -1.58912      6.22555      0.00000
     -1.57912      3.05869      0.00000
     -1.56912      1.56969      0.00000
     -1.55912      2.73626      0.00000
     -1.54912      3.96915      0.00000
     -1.53912      3.82535      0.00000
     -1.52912      2.81355      0.00000
     -1.51912      1.12073      0.00000
     -1.50912      0.18321      0.00000
     -1.49912      0.04016      0.00000
     -1.48912      0.28112      0.00000
     -1.47912      1.09572      0.00000
     -1.46912      2.18321      0.00000
     -1.45912      2.89892      0.00000
     -1.44912      2.22106      0.00000
     -1.43912      1.45635      0.00000
     -1.42912      3.20118      0.00000
     -1.41912      5.34029      0.00000
     -1.40912      5.30362      0.00000
     -1.39912      4.91933      0.00000
     -1.38912      3.69812      0.00000
     -1.37912      1.60187      0.00000
     -1.36912      1.26355      0.00000
     -1.35912      3.08636      0.00000
     -1.34912      3.48614      0.00000
     -1.33912      1.64641      0.00000
     -1.32912      1.02567      0.00000
     -1.31912      1.25884      0.00000
     -1.30912      0.73769      0.00000
     -1.29912      0.42138      0.00000
     -1.28912      1.37258      0.00000
     -1.27912      3.15977      0.00000
     -1.26912      3.72332      0.00000
     -1.25912      2.59291      0.00000
     -1.24912      1.34853      0.00000
     -1.23912      1.23984      0.00000
     -1.22912      2.18307      0.00000
     -1.21912      3.41008      0.00000
     -1.20912      3.49371      0.00000
     -1.19912      1.76621      0.00000
     -1.18912      0.49717      0.00000
     -1.17912      1.01324      0.00000
     -1.16912      3.64732      0.00000
     -1.15912      5.77988      0.00000
     -1.14912      4.52356      0.00000
     -1.13912      2.43000      0.00000
     -1.12912      1.18967      0.00000
     -1.11912      1.09486      0.00000
     -1.10912      2.00959      0.00000
     -1.09912      2.14144      0.00000
     -1.08912      1.65868      0.00000
     -1.07912      2.78279      0.00000
     -1.06912      4.32946      0.00000
     -1.05912      3.40589      0.00000
     -1.04912      1.26241      0.00000
     -1.03912      0.57421      0.00000
     -1.02912      1.77799      0.00000
     -1.01912      3.46255      0.00000
     -1.00912      4.17087      0.00000
     -0.99912      4.55395      0.00000
     -0.98912      3.44399      0.00000
     -0.97912      2.39987      0.00000
     -0.96912      3.83978      0.00000
     -0.95912      4.72714      0.00000
     -0.94912      4.41669      0.00000
     -0.93912      5.52009      0.00000
     -0.92912      7.19164      0.00000
     -0.91912      7.13019      0.00000
     -0.90912      4.58659      0.00000
     -0.89912      1.92628      0.00000
     -0.88912      2.20539      0.00000
     -0.87912      4.63228      0.00000
     -0.86912      6.00023      0.00000
     -0.85912      5.16643      0.00000
     -0.84912      3.69698      0.00000
     -0.83912      3.46472      0.00000
     -0.82912      4.07898      0.00000
     -0.81912      4.40576      0.00000
     -0.80912      5.29205      0.00000
     -0.79912      6.59215      0.00000
     -0.78912      5.58823      0.00000
     -0.77912      3.42683      0.00000
     -0.76912      3.52453      0.00000
     -0.75912      5.62830      0.00000
     -0.74912      6.51100      0.00000
     -0.73912      6.40358      0.00000
     -0.72912      8.73664      0.00000
     -0.71912     10.63613      0.00000
     -0.70912      8.83774      0.00000
     -0.69912      5.18430      0.00000
     -0.68912      5.63085      0.00000
     -0.67912      9.28426      0.00000
     -0.66912      9.59920      0.00000
     -0.65912      7.16224      0.00000
     -0.64912      7.87790      0.00000
     -0.63912     11.73714      0.00000
     -0.62912     12.84471      0.00000
     -0.61912      8.54254      0.00000
     -0.60912      3.81578      0.00000
     -0.59912      2.18795      0.00000
     -0.58912      3.53990      0.00000
     -0.57912      4.89836      0.00000
     -0.56912      6.08710      0.00000
     -0.55912      5.96883      0.00000
     -0.54912      4.32895      0.00000
     -0.53912      3.83292      0.00000
     -0.52912      3.49241      0.00000
     -0.51912      4.19236      0.00000
     -0.50912      8.07919      0.00000
     -0.49912     10.95784      0.00000
     -0.48912      8.59284      0.00000
     -0.47912      4.55049      0.00000
     -0.46912      3.54886      0.00000
     -0.45912      4.21043      0.00000
     -0.44912      6.60982      0.00000
     -0.43912     10.65130      0.00000
     -0.42912     12.11716      0.00000
     -0.41912      9.10763      0.00000
     -0.40912      5.76724      0.00000
     -0.39912      6.29391      0.00000
     -0.38912      8.74055      0.00000
     -0.37912      8.27455      0.00000
     -0.36912      4.63887      0.00000
     -0.35912      4.47596      0.00000
     -0.34912      8.31435      0.00000
     -0.33912      9.60695      0.00000
     -0.32912      7.54774      0.00000
     -0.31912      7.26880      0.00000
     -0.30912      9.10263      0.00000
     -0.29912     10.90044      0.00000
     -0.28912     11.59513      0.00000
     -0.27912      7.41051      0.00000
     -0.26912      3.00686      0.00000
     -0.25912      3.63002      0.00000
     -0.24912      6.62426      0.00000
     -0.23912      8.77195      0.00000
     -0.22912      7.31458      0.00000
     -0.21912      4.97778      0.00000
     -0.20912      4.24092      0.00000
     -0.19912      4.15159      0.00000
     -0.18912      4.32740      0.00000
     -0.17912      3.88559      0.00000
     -0.16912      3.98006      0.00000
     -0.15912      4.36762      0.00000
     -0.14912      5.37405      0.00000
     -0.13912      8.86470      0.00000
     -0.12912     10.22430      0.00000
     -0.11912      7.14744      0.00000
     -0.10912      5.81362      0.00000
     -0.09912      6.80059      0.00000
     -0.08912      6.47472      0.00000
     -0.07912      5.02465      0.00000
     -0.06912      5.44052      0.00000
     -0.05912      8.07355      0.00000
     -0.04912      9.65399      0.00000
     -0.03912      8.08028      0.00000
     -0.02912      6.27306      0.00000
     -0.01912      5.84392      0.00000
     -0.00912      4.31751      0.00000
      0.00088      4.04450      0.00000
      0.01088      5.82340      0.00000
      0.02088      7.01437      0.00000
      0.03088      6.43273      0.00000
      0.04088      6.26148      0.00000
      0.05088      7.99067      0.00000
      0.06088     10.06566      0.00000
      0.07088      9.70742      0.00000
      0.08088      7.37312      0.00000
      0.09088      4.64439      0.00000
      0.10088      2.89444      0.00000
      0.11088      3.98136      0.00000
      0.12088      6.01488      0.00000
      0.13088      6.29838      0.00000
      0.14088      5.62423      0.00000
      0.15088      5.63422      0.00000
      0.16088      6.36992      0.00000
      0.17088      6.25217      0.00000
      0.18088      7.06163      0.00000
      0.19088      8.19776      0.00000
      0.20088      5.94677      0.00000
      0.21088      2.18179      0.00000
      0.22088      1.10613      0.00000
      0.23088      3.48575      0.00000
      0.24088      6.50003      0.00000
      0.25088      5.80151      0.00000
      0.26088      3.53389      0.00000
      0.27088      3.39956      0.00000
      0.28088      5.03839      0.00000
      0.29088      4.65918      0.00000
      0.30088      3.21837      0.00000
      0.31088      4.03581      0.00000
      0.32088      5.18342      0.00000
      0.33088      5.60842      0.00000
      0.34088      6.37272      0.00000
      0.35088      7.07903      0.00000
      0.36088      6.91678      0.00000
      0.37088      5.30696      0.00000
      0.38088      4.39660      0.00000
      0.39088      3.90483      0.00000
      0.40088      1.93738      0.00000
      0.41088      1.54729      0.00000
      0.42088      4.31347      0.00000
      0.43088      6.69670      0.00000
      0.44088      7.22660      0.00000
      0.45088      7.28642      0.00000
      0.46088      5.23553      0.00000
      0.47088      4.11328      0.00000
      0.48088      6.83334      0.00000
      0.49088      8.34598      0.00000
      0.50088      6.71325      0.00000
      0.51088      4.86103      0.00000
      0.52088      2.43496      0.00000
      0.53088      1.43179      0.00000
      0.54088      2.25863      0.00000
      0.55088      4.55105      0.00000
      0.56088      7.00330      0.00000
      0.57088      8.36234      0.00000
      0.58088     10.27583      0.00000
      0.59088      8.25050      0.00000
      0.60088      4.28291      0.00000
      0.61088      3.82700      0.00000
      0.62088      5.54312      0.00000
      0.63088      6.02011      0.00000
      0.64088      6.80587      0.00000
      0.65088      8.14048      0.00000
      0.66088      9.74075      0.00000
      0.67088      9.67270      0.00000
      0.68088      6.86024      0.00000
      0.69088      5.25380      0.00000
      0.70088      5.39527      0.00000
      0.71088      6.24340      0.00000
      0.72088      8.21144      0.00000
      0.73088     10.41736      0.00000
      0.74088      9.67459      0.00000
      0.75088      6.56902      0.00000
      0.76088      4.98834      0.00000
      0.77088      6.25229      0.00000
      0.78088      6.68585      0.00000
      0.79088      4.80697      0.00000
      0.80088      4.46345      0.00000
      0.81088      5.55796      0.00000
      0.82088      4.91282      0.00000
      0.83088      4.26325      0.00000
      0.84088      2.89364      0.00000
      0.85088      2.22381      0.00000
      0.86088      3.96815      0.00000
      0.87088      4.72623      0.00000
      0.88088      3.24388      0.00000
      0.89088      1.54750      0.00000
      0.90088      0.59631      0.00000
      0.91088      0.80526      0.00000
      0.92088      1.25806      0.00000
      0.93088      0.93954      0.00000
      0.94088      1.55725      0.00000
      0.95088      4.28847      0.00000
      0.96088      5.90580      0.00000
      0.97088      4.91930      0.00000
      0.98088      4.22382      0.00000
      0.99088      4.24524      0.00000
      1.00088      3.08058      0.00000
      1.01088      3.41085      0.00000
      1.02088      4.85841      0.00000
      1.03088      3.37387      0.00000
      1.04088      1.60729      0.00000
      1.05088      1.55297      0.00000
      1.06088      2.03040      0.00000
      1.07088      3.22712      0.00000
      1.08088      4.31537      0.00000
      1.09088      4.84683      0.00000
      1.10088      3.59298      0.00000
      1.11088      1.61505      0.00000
      1.12088      1.69557      0.00000
      1.13088      2.50626      0.00000
      1.14088      1.55902      0.00000
      1.15088      0.68056      0.00000
      1.16088      1.51926      0.00000
      1.17088      4.16326      0.00000
      1.18088      7.83524      0.00000
      1.19088      8.21607      0.00000
      1.20088      4.52448      0.00000
      1.21088      1.31914      0.00000
      1.22088      0.48524      0.00000
      1.23088      1.05158      0.00000
      1.24088      1.82398      0.00000
      1.25088      4.15320      0.00000
      1.26088      8.02840      0.00000
      1.27088      6.86110      0.00000
      1.28088      2.38615      0.00000
      1.29088      0.33930      0.00000
      1.30088      0.07247      0.00000
      1.31088      0.51804      0.00000
      1.32088      1.84910      0.00000
      1.33088      2.43033      0.00000
      1.34088      1.18554      0.00000
      1.35088      0.38709      0.00000
      1.36088      1.13505      0.00000
      1.37088      2.79595      0.00000
      1.38088      3.13338      0.00000
      1.39088      2.15541      0.00000
      1.40088      1.65370      0.00000
      1.41088      1.51915      0.00000
      1.42088      2.03436      0.00000
      1.43088      2.52391      0.00000
      1.44088      1.41715      0.00000
      1.45088      0.75522      0.00000
      1.46088      1.18427      0.00000
      1.47088      1.02214      0.00000
      1.48088      0.33741      0.00000
      1.49088      0.20530      0.00000
      1.50088      1.37393      0.00000
      1.51088      4.50988      0.00000
      1.52088      6.10435      0.00000
      1.53088      3.94528      0.00000
      1.54088      1.85874      0.00000
      1.55088      0.82753      0.00000
      1.56088      1.22739      0.00000
      1.57088      3.03631      0.00000
      1.58088      3.38500      0.00000
      1.59088      2.23150      0.00000
      1.60088      2.43551      0.00000
      1.61088      2.26316      0.00000
      1.62088      1.06960      0.00000
      1.63088      1.34845      0.00000
      1.64088      2.45584      0.00000
      1.65088      1.79416      0.00000
      1.66088      0.51809      0.00000
      1.67088      0.43061      0.00000
      1.68088      1.87464      0.00000
      1.69088      4.78260      0.00000
      1.70088      6.96451      0.00000
      1.71088      6.58787      0.00000
      1.72088      4.85778      0.00000
      1.73088      2.18275      0.00000
      1.74088      0.42468      0.00000
      1.75088      0.04376      0.00000
      1.76088      0.20921      0.00000
      1.77088      1.18900      0.00000
      1.78088      2.42937      0.00000
      1.79088      1.82876      0.00000
      1.80088      0.78280      0.00000
      1.81088      1.81424      0.00000
      1.82088      4.69039      0.00000
      1.83088      6.14339      0.00000
      1.84088      4.98446      0.00000
      1.85088      2.92845      0.00000
      1.86088      1.26649      0.00000
      1.87088      1.90052      0.00000
      1.88088      4.23261      0.00000
      1.89088      5.22386      0.00000
      1.90088      4.44510      0.00000
      1.91088      3.33659      0.00000
      1.92088      3.55363      0.00000
      1.93088      4.85632      0.00000
      1.94088      4.83333      0.00000
      1.95088      3.33454      0.00000
      1.96088      1.33089      0.00000
      1.97088      0.28312      0.00000
      1.98088      0.48911      0.00000
      1.99088      1.88919      0.00000
      2.00088      3.85529      0.00000
      2.01088      4.53172      0.00000
      2.02088      3.18562      0.00000
      2.03088      1.32402      0.00000
      2.04088      0.28529      0.00000
      2.05088      0.05883      0.00000
      2.06088      0.33797      0.00000
      2.07088      1.48229      0.00000
      2.08088      3.03319      0.00000
      2.09088      2.96707      0.00000
      2.10088      1.43714      0.00000
      2.11088      1.54426      0.00000
      2.12088      4.47476      0.00000
      2.13088      6.18305      0.00000
      2.14088      4.60438      0.00000
      2.15088      3.95564      0.00000
      2.16088      3.07103      0.00000
      2.17088      1.25965      0.00000
      2.18088      1.18578      0.00000
      2.19088      2.52393      0.00000
      2.20088      2.74293      0.00000
      2.21088      1.87422      0.00000
      2.22088      0.86461      0.00000
      2.23088      0.44337      0.00000
      2.24088      1.38339      0.00000
      2.25088      2.96503      0.00000
      2.26088      4.03702      0.00000
      2.27088      4.88519      0.00000
      2.28088      3.64479      0.00000
      2.29088      1.32681      0.00000
      2.30088      0.22319      0.00000
      2.31088      0.02303      0.00000
      2.32088      0.13024      0.00000
      2.33088      0.89524      0.00000
      2.34088      2.27194      0.00000
      2.35088      2.12109      0.00000
      2.36088      0.72850      0.00000
      2.37088      0.09211      0.00000
      2.38088      0.00811      0.00000
      2.39088      0.08509      0.00000
      2.40088      0.69444      0.00000
      2.41088      2.10334      0.00000
      2.42088      2.57191      0.00000
      2.43088      2.28582      0.00000
      2.44088      2.61887      0.00000
      2.45088      1.68199      0.00000
      2.46088      0.43573      0.00000
      2.47088      0.34982      0.00000
      2.48088      1.98293      0.00000
      2.49088      5.67837      0.00000
      2.50088      8.94656      0.00000
      2.51088      8.74792      0.00000
      2.52088      4.95766      0.00000
      2.53088      2.77161      0.00000
      2.54088      2.62521      0.00000
      2.55088      1.75500      0.00000
      2.56088      1.43072      0.00000
      2.57088      1.35669      0.00000
      2.58088      1.70072      0.00000
      2.59088      3.54351      0.00000
      2.60088      5.81000      0.00000
      2.61088      5.14855      0.00000
      2.62088      2.23671      0.00000
      2.63088      1.11354      0.00000
      2.64088      2.17834      0.00000
      2.65088      2.78917      0.00000
      2.66088      2.73118      0.00000
      2.67088      2.74299      0.00000
      2.68088      2.46071      0.00000
      2.69088      3.91658      0.00000
      2.70088      5.24924      0.00000
      2.71088      3.76654      0.00000
      2.72088      1.49639      0.00000
      2.73088      1.41051      0.00000
      2.74088      3.22256      0.00000
      2.75088      3.78259      0.00000
      2.76088      2.57206      0.00000
      2.77088      1.29093      0.00000
      2.78088      1.01882      0.00000
      2.79088      2.42582      0.00000
      2.80088      3.35552      0.00000
      2.81088      2.26682      0.00000
      2.82088      1.62827      0.00000
      2.83088      2.89246      0.00000
      2.84088      3.95744      0.00000
      2.85088      3.59229      0.00000
      2.86088      2.44372      0.00000
      2.87088      1.26719      0.00000
      2.88088      0.39328      0.00000
      2.89088      0.33102      0.00000
      2.90088      0.97039      0.00000
      2.91088      1.21619      0.00000
      2.92088      0.80003      0.00000
      2.93088      1.52586      0.00000
      2.94088      4.23205      0.00000
      2.95088      7.65960      0.00000
      2.96088      8.38213      0.00000
      2.97088      4.77090      0.00000
      2.98088      1.23460      0.00000
      2.99088      0.14199      0.00000
      3.00088      0.15562      0.00000
      3.01088      0.97398      0.00000
      3.02088      2.33461      0.00000
      3.03088      2.19216      0.00000
      3.04088      1.75705      0.00000
      3.05088      3.19166      0.00000
      3.06088      3.39230      0.00000
      3.07088      1.64030      0.00000
      3.08088      1.64296      0.00000
      3.09088      3.63069      0.00000
      3.10088      4.76650      0.00000
      3.11088      4.75951      0.00000
      3.12088      4.90318      0.00000
      3.13088      4.46551      0.00000
      3.14088      3.74327      0.00000
      3.15088      4.28466      0.00000
      3.16088      4.96623      0.00000
      3.17088      2.91067      0.00000
      3.18088      1.29304      0.00000
      3.19088      1.34200      0.00000
      3.20088      1.39555      0.00000
      3.21088      2.57240      0.00000
      3.22088      4.25523      0.00000
      3.23088      4.15328      0.00000
      3.24088      3.10077      0.00000
      3.25088      1.95067      0.00000
      3.26088      1.51110      0.00000
      3.27088      1.36678      0.00000
      3.28088      2.16998      0.00000
      3.29088      2.58005      0.00000
      3.30088      2.40771      0.00000
      3.31088      3.67363      0.00000
      3.32088      4.02849      0.00000
      3.33088      3.74990      0.00000
      3.34088      3.57344      0.00000
      3.35088      1.92719      0.00000
      3.36088      1.14371      0.00000
      3.37088      3.17634      0.00000
      3.38088      5.96244      0.00000
      3.39088      6.24839      0.00000
      3.40088      4.08022      0.00000
      3.41088      1.94980      0.00000
      3.42088      2.09485      0.00000
      3.43088      2.44314      0.00000
      3.44088      1.16635      0.00000
      3.45088      0.20763      0.00000
      3.46088      0.05761      0.00000
      3.47088      0.46284      0.00000
      3.48088      1.84380      0.00000
      3.49088      3.26055      0.00000
      3.50088      4.07591      0.00000
      3.51088      4.78659      0.00000
      3.52088      4.20519      0.00000
      3.53088      2.64019      0.00000
      3.54088      2.64430      0.00000
      3.55088      5.80163      0.00000
      3.56088      6.96919      0.00000
      3.57088      3.91161      0.00000
      3.58088      2.34201      0.00000
