Energy-E_F (eV)    DOS (1/eV)    PDOS (1/eV)  of atom type Hf 
     -4.82209      0.36035      0.00000
     -4.81209      1.80892      0.00000
     -4.80209      4.53425      0.00000
     -4.79209      7.15923      0.00000
     -4.78209      7.54146      0.00000
     -4.77209      4.63286      0.00000
     -4.76209      1.69316      0.00000
     -4.75209      0.51485      0.00000
     -4.74209      1.27835      0.00000
     -4.73209      3.82728      0.00000
     -4.72209      5.09076      0.00000
     -4.71209      4.32147      0.00000
     -4.70209      3.87180      0.00000
     -4.69209      2.27521      0.00000
     -4.68209      0.61782      0.00000
     -4.67209      0.48233      0.00000
     -4.66209      1.69147      0.00000
     -4.65209      2.48852      0.00000
     -4.64209      1.49171      0.00000
     -4.63209      1.02872      0.00000
     -4.62209      1.75656      0.00000
     -4.61209      3.02515      0.00000
     -4.60209      3.96974      0.00000
     -4.59209      2.89501      0.00000
     -4.58209      3.21946      0.00000
     -4.57209      5.03321      0.00000
     -4.56209      4.34428      0.00000
     -4.55209      3.21195      0.00000
     -4.54209      2.39386      0.00000
     -4.53209      2.55296      0.00000
     -4.52209      5.08715      0.00000
     -4.51209      5.97187      0.00000
     -4.50209      4.48328      0.00000
     -4.49209      3.44969      0.00000
     -4.48209      2.66041      0.00000
     -4.47209      1.19029      0.00000
     -4.46209      1.03108      0.00000
     -4.45209      2.88050      0.00000
     -4.44209      3.62171      0.00000
     -4.43209      1.97729      0.00000
     -4.42209      1.29773      0.00000
     -4.41209      1.38377      0.00000
     -4.40209      1.75089      0.00000
     -4.39209      3.60839      0.00000
     -4.38209      5.04556      0.00000
     -4.37209      3.90838      0.00000
     -4.36209      1.46705      0.00000
     -4.35209      0.23306      0.00000
     -4.34209      0.05813      0.00000
     -4.33209      0.35451      0.00000
     -4.32209      1.04972      0.00000
     -4.31209      1.14452      0.00000
     -4.30209      0.46003      0.00000
     -4.29209      0.10471      0.00000
     -4.28209      0.53789      0.00000
     -4.27209      2.95993      0.00000
     -4.26209      6.49676      0.00000
     -4.25209      5.92780      0.00000
     -4.24209      2.37914      0.00000
     -4.23209      0.80648      0.00000
     -4.22209      2.35472      0.00000
     -4.21209      5.47038      0.00000
     -4.20209      5.43913      0.00000
     -4.19209      3.39373      0.00000
     -4.18209      3.28792      0.00000
     -4.17209      3.68964      0.00000
     -4.16209      4.33200      0.00000
     -4.15209      5.90474      0.00000
     -4.14209      7.56096      0.00000
     -4.13209      5.75305      0.00000
     -4.12209      2.07162      0.00000
     -4.11209      0.36262      0.00000
     -4.10209      0.32491      0.00000
     -4.09209      0.98824      0.00000
     -4.08209      1.18544      0.00000
     -4.07209      0.52344      0.00000
     -4.06209      0.08503      0.00000
     -4.05209      0.00527      0.00000
     -4.04209      0.00890      0.00000
     -4.03209      0.15361      0.00000
     -4.02209      0.98772      0.00000
     -4.01209      2.33977      0.00000
     -4.00209      2.13316      0.00000
     -3.99209      1.74677      0.00000
     -3.98209      4.83924      0.00000
     -3.97209      8.30924      0.00000
     -3.96209      5.83727      0.00000
     -3.95209      1.96558      0.00000
     -3.94209      1.83530      0.00000
     -3.93209      3.21043      0.00000
     -3.92209      2.97814      0.00000
     -3.91209      2.03733      0.00000
     -3.90209      1.45943      0.00000
     -3.89209      0.65652      0.00000
     -3.88209      0.20467      0.00000
     -3.87209      0.87265      0.00000
     -3.86209      3.40877      0.00000
     -3.85209      5.61649      0.00000
     -3.84209      5.92126      0.00000
     -3.83209      6.52059      0.00000
     -3.82209      5.61987      0.00000
     -3.81209      5.56903      0.00000
     -3.80209      7.36933      0.00000
     -3.79209      6.13771      0.00000
     -3.78209      2.49953      0.00000
     -3.77209      0.98342      0.00000
     -3.76209      1.94707      0.00000
     -3.75209      2.40138      0.00000
     -3.74209      1.10549      0.00000
     -3.73209      0.18737      0.00000
     -3.72209      0.01606      0.00000
     -3.71209      0.07817      0.00000
     -3.70209      0.53238      0.00000
     -3.69209      1.59410      0.00000
     -3.68209      2.72834      0.00000
     -3.67209      3.10712      0.00000
     -3.66209      3.34641      0.00000
     -3.65209      5.12706      0.00000
     -3.64209      5.23654      0.00000
     -3.63209      4.22943      0.00000
     -3.62209      4.23607      0.00000
     -3.61209      4.44534      0.00000
     -3.60209      6.17606      0.00000
     -3.59209      9.35786      0.00000
     -3.58209      8.58745      0.00000
     -3.57209      4.71492      0.00000
     -3.56209      1.77267      0.00000
     -3.55209      0.60162      0.00000
     -3.54209      1.60723      0.00000
     -3.53209      3.57887      0.00000
     -3.52209      3.41968      0.00000
     -3.51209      3.18911      0.00000
     -3.50209      4.61496      0.00000
     -3.49209      3.74118      0.00000
     -3.48209      1.28777      0.00000
     -3.47209      0.24244      0.00000
     -3.46209      0.65080      0.00000
     -3.45209      2.57338      0.00000
     -3.44209      4.44819      0.00000
     -3.43209      3.59737      0.00000
     -3.42209      2.15821      0.00000
     -3.41209      2.50798      0.00000
     -3.40209      2.37846      0.00000
     -3.39209      1.81738      0.00000
     -3.38209      2.16495      0.00000
     -3.37209      3.50508      0.00000
     -3.36209      4.48499      0.00000
     -3.35209      3.02635      0.00000
     -3.34209      1.19259      0.00000
     -3.33209      1.49735      0.00000
     -3.32209      2.49083      0.00000
     -3.31209      1.67061      0.00000
     -3.30209      0.75952      0.00000
     -3.29209      1.62433      0.00000
     -3.28209      2.79846      0.00000
     -3.27209      3.06147      0.00000
     -3.26209      4.63545      0.00000
     -3.25209      6.62827      0.00000
     -3.24209      6.93228      0.00000
     -3.23209      5.51535      0.00000
     -3.22209      2.37506      0.00000
     -3.21209      0.53114      0.00000
     -3.20209      0.83313      0.00000
     -3.19209      2.26552      0.00000
     -3.18209      2.68991      0.00000
     -3.17209      2.00535      0.00000
     -3.16209      1.57484      0.00000
     -3.15209      3.17388      0.00000
     -3.14209      8.00096      0.00000
     -3.13209     11.02334      0.00000
     -3.12209      9.63858      0.00000
     -3.11209      6.83333      0.00000
     -3.10209      6.47374      0.00000
     -3.09209      9.04044      0.00000
     -3.08209     10.05549      0.00000
     -3.07209      9.72407      0.00000
     -3.06209      7.28799      0.00000
     -3.05209      3.46484      0.00000
     -3.04209      2.82790      0.00000
     -3.03209      3.44518      0.00000
     -3.02209      2.14517      0.00000
     -3.01209      0.93882      0.00000
     -3.00209      1.77470      0.00000
     -2.99209      3.31661      0.00000
     -2.98209      3.69492      0.00000
     -2.97209      2.45186      0.00000
     -2.96209      0.76283      0.00000
     -2.95209      0.09953      0.00000
     -2.94209      0.11989      0.00000
     -2.93209      1.03367      0.00000
     -2.92209      3.87756      0.00000
     -2.91209      6.19597      0.00000
     -2.90209      4.61206      0.00000
     -2.89209      2.11686      0.00000
     -2.88209      0.68105      0.00000
     -2.87209      0.20120      0.00000
     -2.86209      0.73560      0.00000
     -2.85209      2.12137      0.00000
     -2.84209      2.27376      0.00000
     -2.83209      0.94584      0.00000
     -2.82209      0.63300      0.00000
     -2.81209      1.89324      0.00000
     -2.80209      3.12741      0.00000
     -2.79209      4.27807      0.00000
     -2.78209      6.30955      0.00000
     -2.77209      5.69325      0.00000
     -2.76209      2.80301      0.00000
     -2.75209      1.85115      0.00000
     -2.74209      2.70105      0.00000
     -2.73209      3.07518      0.00000
     -2.72209      4.37392      0.00000
     -2.71209      5.02705      0.00000
     -2.70209      3.87189      0.00000
     -2.69209      2.87587      0.00000
     -2.68209      1.50611      0.00000
     -2.67209      1.47106      0.00000
     -2.66209      3.17401      0.00000
     -2.65209      3.71167      0.00000
     -2.64209      2.69288      0.00000
     -2.63209      2.01599      0.00000
     -2.62209      2.54512      0.00000
     -2.61209      2.82957      0.00000
     -2.60209      2.74972      0.00000
     -2.59209      3.59450      0.00000
     -2.58209      4.05005      0.00000
     -2.57209      3.37483      0.00000
     -2.56209      1.75761      0.00000
     -2.55209      0.45139      0.00000
     -2.54209      0.42600      0.00000
     -2.53209      2.44146      0.00000
     -2.52209      5.81403      0.00000
     -2.51209      5.55300      0.00000
     -2.50209      3.97262      0.00000
     -2.49209      5.32401      0.00000
     -2.48209      6.64687      0.00000
     -2.47209      7.43614      0.00000
     -2.46209      6.58068      0.00000
     -2.45209      4.25988      0.00000
     -2.44209      3.53084      0.00000
     -2.43209      6.46697      0.00000
     -2.42209      8.32117      0.00000
     -2.41209      7.02139      0.00000
     -2.40209      6.65298      0.00000
     -2.39209      7.15524      0.00000
     -2.38209      6.99547      0.00000
     -2.37209      4.41546      0.00000
     -2.36209      2.41584      0.00000
     -2.35209      3.15967      0.00000
     -2.34209      3.06705      0.00000
     -2.33209      1.41443      0.00000
     -2.32209      0.30337      0.00000
     -2.31209      0.16215      0.00000
     -2.30209      1.20980      0.00000
     -2.29209      4.23638      0.00000
     -2.28209      6.01235      0.00000
     -2.27209      4.32898      0.00000
     -2.26209      4.69305      0.00000
     -2.25209      6.58955      0.00000
     -2.24209      5.84147      0.00000
     -2.23209      5.56634      0.00000
     -2.22209      6.97768      0.00000
     -2.21209      5.44095      0.00000
     -2.20209      2.08449      0.00000
     -2.19209      1.84299      0.00000
     -2.18209      4.16754      0.00000
     -2.17209      4.68818      0.00000
     -2.16209      4.16077      0.00000
     -2.15209      6.49288      0.00000
     -2.14209      7.90714      0.00000
     -2.13209      5.94253      0.00000
     -2.12209      5.78515      0.00000
     -2.11209      6.73133      0.00000
     -2.10209      4.74366      0.00000
     -2.09209      2.53025      0.00000
     -2.08209      2.46559      0.00000
     -2.07209      4.29132      0.00000
     -2.06209      5.96041      0.00000
     -2.05209      6.82833      0.00000
     -2.04209      7.61432      0.00000
     -2.03209      7.39108      0.00000
     -2.02209      6.35408      0.00000
     -2.01209      5.07560      0.00000
     -2.00209      4.52541      0.00000
     -1.99209      5.23654      0.00000
     -1.98209      6.81520      0.00000
     -1.97209      7.98135      0.00000
     -1.96209      6.91517      0.00000
     -1.95209      4.83169      0.00000
     -1.94209      5.17841      0.00000
     -1.93209      7.52025      0.00000
     -1.92209     11.60559      0.00000
     -1.91209     12.14214      0.00000
     -1.90209      7.22478      0.00000
     -1.89209      3.38419      0.00000
     -1.88209      3.32846      0.00000
     -1.87209      6.10061      0.00000
     -1.86209      9.46888      0.00000
     -1.85209      9.54112      0.00000
     -1.84209      6.13824      0.00000
     -1.83209      5.49239      0.00000
     -1.82209      6.68669      0.00000
     -1.81209      6.00422      0.00000
     -1.80209      5.66084      0.00000
     -1.79209      6.17612      0.00000
     -1.78209      5.20362      0.00000
     -1.77209      3.38823      0.00000
     -1.76209      3.56357      0.00000
     -1.75209      4.46134      0.00000
     -1.74209      4.93175      0.00000
     -1.73209      5.55600      0.00000
     -1.72209      8.24595      0.00000
     -1.71209     10.99097      0.00000
     -1.70209     10.18502      0.00000
     -1.69209      7.44805      0.00000
     -1.68209      7.56548      0.00000
     -1.67209      8.36651      0.00000
     -1.66209      4.50955      0.00000
     -1.65209      1.01321      0.00000
     -1.64209      0.80066      0.00000
     -1.63209      3.51172      0.00000
     -1.62209      7.10522      0.00000
     -1.61209      7.33950      0.00000
     -1.60209      7.75713      0.00000
     -1.59209     10.41830      0.00000
     -1.58209      8.78312      0.00000
     -1.57209      3.60957      0.00000
     -1.56209      0.94104      0.00000
     -1.55209      1.62179      0.00000
     -1.54209      3.57237      0.00000
     -1.53209      3.89365      0.00000
     -1.52209      3.29129      0.00000
     -1.51209      2.20901      0.00000
     -1.50209      0.69929      0.00000
     -1.49209      0.09247      0.00000
     -1.48209      0.14349      0.00000
     -1.47209      1.02180      0.00000
     -1.46209      2.96753      0.00000
     -1.45209      3.41483      0.00000
     -1.44209      1.54830      0.00000
     -1.43209      0.44802      0.00000
     -1.42209      1.34563      0.00000
     -1.41209      4.23389      0.00000
     -1.40209      7.08628      0.00000
     -1.39209      7.74983      0.00000
     -1.38209      5.35010      0.00000
     -1.37209      1.92028      0.00000
     -1.36209      0.71994      0.00000
     -1.35209      1.72021      0.00000
     -1.34209      2.48962      0.00000
     -1.33209      1.50462      0.00000
     -1.32209      1.04485      0.00000
     -1.31209      1.26465      0.00000
     -1.30209      0.72878      0.00000
     -1.29209      0.17917      0.00000
     -1.28209      0.35109      0.00000
     -1.27209      1.91603      0.00000
     -1.26209      4.26983      0.00000
     -1.25209      4.07280      0.00000
     -1.24209      2.43289      0.00000
     -1.23209      2.97036      0.00000
     -1.22209      4.42307      0.00000
     -1.21209      3.34549      0.00000
     -1.20209      1.06727      0.00000
     -1.19209      0.15847      0.00000
     -1.18209      0.31222      0.00000
     -1.17209      1.66036      0.00000
     -1.16209      4.15923      0.00000
     -1.15209      5.26136      0.00000
     -1.14209      3.75024      0.00000
     -1.13209      2.12622      0.00000
     -1.12209      1.28272      0.00000
     -1.11209      1.06998      0.00000
     -1.10209      1.28409      0.00000
     -1.09209      0.79321      0.00000
     -1.08209      0.51518      0.00000
     -1.07209      1.55479      0.00000
     -1.06209      2.74626      0.00000
     -1.05209      2.99550      0.00000
     -1.04209      3.81824      0.00000
     -1.03209      3.79897      0.00000
     -1.02209      3.30410      0.00000
     -1.01209      3.12643      0.00000
     -1.00209      3.27205      0.00000
     -0.99209      3.75998      0.00000
     -0.98209      3.13875      0.00000
     -0.97209      2.98984      0.00000
     -0.96209      3.51656      0.00000
     -0.95209      3.48472      0.00000
     -0.94209      3.60198      0.00000
     -0.93209      4.11060      0.00000
     -0.92209      5.14112      0.00000
     -0.91209      5.84069      0.00000
     -0.90209      5.37554      0.00000
     -0.89209      3.90805      0.00000
     -0.88209      3.53567      0.00000
     -0.87209      4.30396      0.00000
     -0.86209      5.82750      0.00000
     -0.85209      5.00381      0.00000
     -0.84209      3.17573      0.00000
     -0.83209      4.00255      0.00000
     -0.82209      5.17861      0.00000
     -0.81209      5.43266      0.00000
     -0.80209      6.83301      0.00000
     -0.79209      7.76066      0.00000
     -0.78209      5.30991      0.00000
     -0.77209      1.77802      0.00000
     -0.76209      1.18077      0.00000
     -0.75209      4.13076      0.00000
     -0.74209      7.51170      0.00000
     -0.73209      7.57131      0.00000
     -0.72209      7.67454      0.00000
     -0.71209      9.38718      0.00000
     -0.70209      9.68275      0.00000
     -0.69209      6.76294      0.00000
     -0.68209      4.23946      0.00000
     -0.67209      7.53923      0.00000
     -0.66209     10.88193      0.00000
     -0.65209      8.03600      0.00000
     -0.64209      6.33925      0.00000
     -0.63209      9.42489      0.00000
     -0.62209     13.65146      0.00000
     -0.61209     10.40838      0.00000
     -0.60209      3.66589      0.00000
     -0.59209      2.35431      0.00000
     -0.58209      5.07891      0.00000
     -0.57209      6.81543      0.00000
     -0.56209      7.38497      0.00000
     -0.55209      6.61441      0.00000
     -0.54209      4.64830      0.00000
     -0.53209      3.99383      0.00000
     -0.52209      3.54181      0.00000
     -0.51209      4.42146      0.00000
     -0.50209      9.01391      0.00000
     -0.49209     11.74029      0.00000
     -0.48209      8.34023      0.00000
     -0.47209      4.67480      0.00000
     -0.46209      2.89031      0.00000
     -0.45209      2.52359      0.00000
     -0.44209      3.53496      0.00000
     -0.43209      5.90561      0.00000
     -0.42209     10.61047      0.00000
     -0.41209     11.34515      0.00000
     -0.40209      6.36015      0.00000
     -0.39209      5.49789      0.00000
     -0.38209      9.58935      0.00000
     -0.37209     10.79814      0.00000
     -0.36209      6.57034      0.00000
     -0.35209      3.79810      0.00000
     -0.34209      6.47173      0.00000
     -0.33209     11.07410      0.00000
     -0.32209     12.07958      0.00000
     -0.31209      8.94527      0.00000
     -0.30209      8.70382      0.00000
     -0.29209     10.60866      0.00000
     -0.28209      9.46917      0.00000
     -0.27209      6.40228      0.00000
     -0.26209      3.72136      0.00000
     -0.25209      3.66310      0.00000
     -0.24209      5.16265      0.00000
     -0.23209      6.68379      0.00000
     -0.22209      6.28810      0.00000
     -0.21209      5.83599      0.00000
     -0.20209      7.02583      0.00000
     -0.19209      6.75447      0.00000
     -0.18209      3.72200      0.00000
     -0.17209      2.17880      0.00000
     -0.16209      2.65148      0.00000
     -0.15209      3.32784      0.00000
     -0.14209      5.76437      0.00000
     -0.13209      9.98048      0.00000
     -0.12209     10.18117      0.00000
     -0.11209      6.70329      0.00000
     -0.10209      7.23511      0.00000
     -0.09209      7.94590      0.00000
     -0.08209      5.83164      0.00000
     -0.07209      5.69004      0.00000
     -0.06209      5.43447      0.00000
     -0.05209      5.07307      0.00000
     -0.04209      7.28795      0.00000
     -0.03209      9.95715      0.00000
     -0.02209      8.06988      0.00000
     -0.01209      4.09221      0.00000
     -0.00209      4.88316      0.00000
      0.00791      7.94550      0.00000
      0.01791      9.22014      0.00000
      0.02791      7.47805      0.00000
      0.03791      3.31995      0.00000
      0.04791      2.33339      0.00000
      0.05791      5.41198      0.00000
      0.06791      8.85686      0.00000
      0.07791     10.81604      0.00000
      0.08791     10.56368      0.00000
      0.09791      6.68530      0.00000
      0.10791      3.49335      0.00000
      0.11791      3.30996      0.00000
      0.12791      3.07420      0.00000
      0.13791      2.38336      0.00000
      0.14791      3.60541      0.00000
      0.15791      5.73484      0.00000
      0.16791      6.52540      0.00000
      0.17791      7.87725      0.00000
      0.18791      8.38397      0.00000
      0.19791      7.03787      0.00000
      0.20791      4.55140      0.00000
      0.21791      2.61753      0.00000
      0.22791      3.33394      0.00000
      0.23791      5.41069      0.00000
      0.24791      5.22548      0.00000
      0.25791      4.51554      0.00000
      0.26791      4.04301      0.00000
      0.27791      3.49734      0.00000
      0.28791      3.04322      0.00000
      0.29791      3.99507      0.00000
      0.30791      5.26274      0.00000
      0.31791      6.34440      0.00000
      0.32791      6.16807      0.00000
      0.33791      4.89449      0.00000
      0.34791      4.54905      0.00000
      0.35791      4.71802      0.00000
      0.36791      6.33190      0.00000
      0.37791      8.07174      0.00000
      0.38791      7.54617      0.00000
      0.39791      4.34127      0.00000
      0.40791      1.44418      0.00000
      0.41791      0.33011      0.00000
      0.42791      0.54107      0.00000
      0.43791      1.28522      0.00000
      0.44791      2.21441      0.00000
      0.45791      6.14488      0.00000
      0.46791     11.32659      0.00000
      0.47791      9.59919      0.00000
      0.48791      6.23531      0.00000
      0.49791      7.64351      0.00000
      0.50791      8.44208      0.00000
      0.51791      6.61820      0.00000
      0.52791      4.93115      0.00000
      0.53791      3.37018      0.00000
      0.54791      3.49060      0.00000
      0.55791      5.44263      0.00000
      0.56791      6.38411      0.00000
      0.57791      7.92241      0.00000
      0.58791      8.59030      0.00000
      0.59791      6.96053      0.00000
      0.60791      4.17533      0.00000
      0.61791      3.00124      0.00000
      0.62791      5.85289      0.00000
      0.63791      7.79784      0.00000
      0.64791      6.23311      0.00000
      0.65791      5.27143      0.00000
      0.66791      5.76443      0.00000
      0.67791      8.39984      0.00000
      0.68791     11.40214      0.00000
      0.69791      9.47620      0.00000
      0.70791      5.55558      0.00000
      0.71791      4.88523      0.00000
      0.72791      5.95417      0.00000
      0.73791      6.54302      0.00000
      0.74791      6.33295      0.00000
      0.75791      6.54493      0.00000
      0.76791      6.74626      0.00000
      0.77791      6.35471      0.00000
      0.78791      6.28844      0.00000
      0.79791      5.94033      0.00000
      0.80791      4.96714      0.00000
      0.81791      4.40546      0.00000
      0.82791      7.09246      0.00000
      0.83791      8.18501      0.00000
      0.84791      4.11151      0.00000
      0.85791      1.91244      0.00000
      0.86791      3.98720      0.00000
      0.87791      5.39432      0.00000
      0.88791      3.45593      0.00000
      0.89791      1.28180      0.00000
      0.90791      0.31780      0.00000
      0.91791      0.43065      0.00000
      0.92791      1.13855      0.00000
      0.93791      1.42073      0.00000
      0.94791      1.46128      0.00000
      0.95791      1.74140      0.00000
      0.96791      2.66480      0.00000
      0.97791      4.08490      0.00000
      0.98791      4.39968      0.00000
      0.99791      4.69090      0.00000
      1.00791      5.35293      0.00000
      1.01791      5.40523      0.00000
      1.02791      5.02102      0.00000
      1.03791      4.01971      0.00000
      1.04791      2.56708      0.00000
      1.05791      1.61068      0.00000
      1.06791      0.98746      0.00000
      1.07791      1.85357      0.00000
      1.08791      4.39698      0.00000
      1.09791      5.47265      0.00000
      1.10791      4.26434      0.00000
      1.11791      2.35069      0.00000
      1.12791      1.83213      0.00000
      1.13791      2.54299      0.00000
      1.14791      1.90016      0.00000
      1.15791      1.27823      0.00000
      1.16791      1.51580      0.00000
      1.17791      2.47895      0.00000
      1.18791      5.74766      0.00000
      1.19791      7.76603      0.00000
      1.20791      5.60726      0.00000
      1.21791      2.65269      0.00000
      1.22791      1.07892      0.00000
      1.23791      1.10281      0.00000
      1.24791      1.36116      0.00000
      1.25791      2.03446      0.00000
      1.26791      5.59927      0.00000
      1.27791      8.26809      0.00000
      1.28791      5.06041      0.00000
      1.29791      1.24234      0.00000
      1.30791      0.13618      0.00000
      1.31791      0.24907      0.00000
      1.32791      1.28026      0.00000
      1.33791      2.46376      0.00000
      1.34791      1.74557      0.00000
      1.35791      0.49262      0.00000
      1.36791      0.46686      0.00000
      1.37791      1.77689      0.00000
      1.38791      3.06408      0.00000
      1.39791      2.74698      0.00000
      1.40791      2.02572      0.00000
      1.41791      1.69146      0.00000
      1.42791      1.73820      0.00000
      1.43791      2.54744      0.00000
      1.44791      2.44254      0.00000
      1.45791      1.74625      0.00000
      1.46791      1.17256      0.00000
      1.47791      0.41139      0.00000
      1.48791      0.17981      0.00000
      1.49791      0.88561      0.00000
      1.50791      2.37252      0.00000
      1.51791      3.18393      0.00000
      1.52791      4.37786      0.00000
      1.53791      4.88320      0.00000
      1.54791      2.42365      0.00000
      1.55791      0.62447      0.00000
      1.56791      1.09912      0.00000
      1.57791      2.86937      0.00000
      1.58791      3.25395      0.00000
      1.59791      2.12705      0.00000
      1.60791      2.35296      0.00000
      1.61791      2.30292      0.00000
      1.62791      0.98168      0.00000
      1.63791      0.75167      0.00000
      1.64791      1.99929      0.00000
      1.65791      2.37165      0.00000
      1.66791      1.17016      0.00000
      1.67791      0.93500      0.00000
      1.68791      2.02054      0.00000
      1.69791      3.81369      0.00000
      1.70791      6.14172      0.00000
      1.71791      6.73614      0.00000
      1.72791      5.13386      0.00000
      1.73791      2.59829      0.00000
      1.74791      0.66045      0.00000
      1.75791     -0.02704      0.00000
      1.76791     -0.12028      0.00000
      1.77791      0.40086      0.00000
      1.78791      1.80704      0.00000
      1.79791      2.45135      0.00000
      1.80791      1.43724      0.00000
      1.81791      1.83128      0.00000
      1.82791      4.87565      0.00000
      1.83791      6.92617      0.00000
      1.84791      5.27979      0.00000
      1.85791      2.43189      0.00000
      1.86791      1.22782      0.00000
      1.87791      2.49374      0.00000
      1.88791      4.01612      0.00000
      1.89791      3.99249      0.00000
      1.90791      3.81140      0.00000
      1.91791      4.07506      0.00000
      1.92791      3.21239      0.00000
      1.93791      4.03485      0.00000
      1.94791      5.88979      0.00000
      1.95791      4.04015      0.00000
      1.96791      1.09252      0.00000
      1.97791      0.13647      0.00000
      1.98791      0.29543      0.00000
      1.99791      1.37069      0.00000
      2.00791      2.97391      0.00000
      2.01791      4.13140      0.00000
      2.02791      4.16611      0.00000
      2.03791      2.16726      0.00000
      2.04791      0.46093      0.00000
      2.05791      0.05546      0.00000
      2.06791      0.20375      0.00000
      2.07791      0.85739      0.00000
      2.08791      1.61734      0.00000
      2.09791      2.28295      0.00000
      2.10791      2.65733      0.00000
      2.11791      1.83833      0.00000
      2.12791      2.61374      0.00000
      2.13791      5.75743      0.00000
      2.14791      6.78301      0.00000
      2.15791      5.10879      0.00000
      2.16791      3.20569      0.00000
      2.17791      1.25461      0.00000
      2.18791      0.59833      0.00000
      2.19791      1.80654      0.00000
      2.20791      3.27859      0.00000
      2.21791      2.66079      0.00000
      2.22791      1.03449      0.00000
      2.23791      0.41231      0.00000
      2.24791      1.26960      0.00000
      2.25791      2.53210      0.00000
      2.26791      2.50595      0.00000
      2.27791      3.40282      0.00000
      2.28791      4.81518      0.00000
      2.29791      3.11004      0.00000
      2.30791      0.79426      0.00000
      2.31791      0.07827      0.00000
      2.32791      0.01292      0.00000
      2.33791      0.16830      0.00000
      2.34791      1.04057      0.00000
      2.35791      2.36740      0.00000
      2.36791      1.98143      0.00000
      2.37791      0.61008      0.00000
      2.38791      0.06989      0.00000
      2.39791      0.02919      0.00000
      2.40791      0.32608      0.00000
      2.41791      1.48647      0.00000
      2.42791      2.49609      0.00000
      2.43791      1.61055      0.00000
      2.44791      0.97690      0.00000
      2.45791      2.03363      0.00000
      2.46791      2.36581      0.00000
      2.47791      1.20083      0.00000
      2.48791      1.37658      0.00000
      2.49791      3.60524      0.00000
      2.50791      6.45259      0.00000
      2.51791      8.69677      0.00000
      2.52791      7.43798      0.00000
      2.53791      3.94139      0.00000
      2.54791      2.99571      0.00000
      2.55791      3.09465      0.00000
      2.56791      2.26409      0.00000
      2.57791      1.64114      0.00000
      2.58791      1.55230      0.00000
      2.59791      1.87827      0.00000
      2.60791      3.82003      0.00000
      2.61791      5.44665      0.00000
      2.62791      3.87376      0.00000
      2.63791      1.64448      0.00000
      2.64791      2.03616      0.00000
      2.65791      3.18976      0.00000
      2.66791      2.92911      0.00000
      2.67791      2.21846      0.00000
      2.68791      1.52629      0.00000
      2.69791      1.95556      0.00000
      2.70791      4.52251      0.00000
      2.71791      5.52326      0.00000
      2.72791      3.29107      0.00000
      2.73791      2.03191      0.00000
      2.74791      2.58755      0.00000
      2.75791      2.17727      0.00000
      2.76791      2.03600      0.00000
      2.77791      2.40095      0.00000
      2.78791      1.51363      0.00000
      2.79791      1.09302      0.00000
      2.80791      2.73849      0.00000
      2.81791      3.66745      0.00000
      2.82791      1.90421      0.00000
      2.83791      0.96634      0.00000
      2.84791      2.10930      0.00000
      2.85791      3.06112      0.00000
      2.86791      3.14102      0.00000
      2.87791      2.71032      0.00000
      2.88791      1.85059      0.00000
      2.89791      1.36261      0.00000
      2.90791      0.70984      0.00000
      2.91791      0.70068      0.00000
      2.92791      1.22512      0.00000
      2.93791      0.95017      0.00000
      2.94791      0.73937      0.00000
      2.95791      3.05983      0.00000
      2.96791      8.11202      0.00000
      2.97791      9.74243      0.00000
      2.98791      5.31852      0.00000
      2.99791      1.27172      0.00000
      3.00791      0.12779      0.00000
      3.01791      0.04957      0.00000
      3.02791      0.46150      0.00000
      3.03791      1.75708      0.00000
      3.04791      2.47470      0.00000
      3.05791      1.49869      0.00000
      3.06791      1.65942      0.00000
      3.07791      3.39873      0.00000
      3.08791      3.49579      0.00000
      3.09791      2.98594      0.00000
      3.10791      3.95395      0.00000
      3.11791      4.68182      0.00000
      3.12791      4.53450      0.00000
      3.13791      3.85631      0.00000
      3.14791      3.89650      0.00000
      3.15791      4.08469      0.00000
      3.16791      4.52809      0.00000
      3.17791      5.21853      0.00000
      3.18791      3.00134      0.00000
      3.19791      0.77388      0.00000
      3.20791      1.09347      0.00000
      3.21791      3.68024      0.00000
      3.22791      5.06788      0.00000
      3.23791      3.69185      0.00000
      3.24791      3.26757      0.00000
      3.25791      2.85842      0.00000
      3.26791      1.62430      0.00000
      3.27791      0.80193      0.00000
      3.28791      1.54068      0.00000
      3.29791      2.76647      0.00000
      3.30791      2.94510      0.00000
      3.31791      3.45589      0.00000
      3.32791      3.29424      0.00000
      3.33791      2.57166      0.00000
      3.34791      3.56784      0.00000
      3.35791      3.38141      0.00000
      3.36791      1.90192      0.00000
      3.37791      2.35721      0.00000
      3.38791      3.77638      0.00000
      3.39791      4.67845      0.00000
      3.40791      4.95343      0.00000
      3.41791      3.68559      0.00000
      3.42791      2.06836      0.00000
      3.43791      2.25682      0.00000
      3.44791      2.40569      0.00000
      3.45791      1.06404      0.00000
      3.46791      0.17779      0.00000
      3.47791      0.08265      0.00000
      3.48791      0.62724      0.00000
      3.49791      2.02422      0.00000
      3.50791      2.66656      0.00000
      3.51791      2.84958      0.00000
      3.52791      4.71969      0.00000
      3.53791      5.10282      0.00000
      3.54791      2.85884      0.00000
      3.55791      1.17428      0.00000
      3.56791      2.11234      0.00000
      3.57791      5.35270      0.00000
      3.58791      7.40919      0.00000
      3.59791      6.30519      0.00000
