Energy-E_F (eV)    DOS (1/eV)    PDOS (1/eV)  of atom type Hf 
     -4.99000      0.06014      0.06014
     -4.98000      0.44882      0.44882
     -4.97000      1.62256      1.62256
     -4.96000      3.04098      3.04098
     -4.95000      3.84921      3.84921
     -4.94000      3.24966      3.24966
     -4.93000      1.46053      1.46053
     -4.92000      0.33875      0.33875
     -4.91000      0.37819      0.37819
     -4.90000      1.49631      1.49631
     -4.89000      2.59144      2.59144
     -4.88000      2.30738      2.30738
     -4.87000      1.87653      1.87653
     -4.86000      1.37166      1.37166
     -4.85000      0.57694      0.57694
     -4.84000      0.18629      0.18629
     -4.83000      0.49587      0.49587
     -4.82000      1.16572      1.16572
     -4.81000      1.05677      1.05677
     -4.80000      0.56723      0.56723
     -4.79000      0.74261      0.74261
     -4.78000      1.30533      1.30533
     -4.77000      1.92426      1.92426
     -4.76000      1.59967      1.59967
     -4.75000      1.20671      1.20671
     -4.74000      2.21635      2.21635
     -4.73000      2.63063      2.63063
     -4.72000      1.92980      1.92980
     -4.71000      1.32644      1.32644
     -4.70000      1.03560      1.03560
     -4.69000      2.02097      2.02097
     -4.68000      2.86073      2.86073
     -4.67000      2.37933      2.37933
     -4.66000      1.86274      1.86274
     -4.65000      1.60274      1.60274
     -4.64000      0.98273      0.98273
     -4.63000      0.46473      0.46473
     -4.62000      1.02830      1.02830
     -4.61000      1.83333      1.83333
     -4.60000      1.32619      1.32619
     -4.59000      0.65315      0.65315
     -4.58000      0.66201      0.66201
     -4.57000      0.61744      0.61744
     -4.56000      1.09842      1.09842
     -4.55000      2.27586      2.27586
     -4.54000      2.49508      2.49508
     -4.53000      1.43315      1.43315
     -4.52000      0.39523      0.39523
     -4.51000      0.05198      0.05198
     -4.50000      0.08270      0.08270
     -4.49000      0.36972      0.36972
     -4.48000      0.62319      0.62319
     -4.47000      0.38649      0.38649
     -4.46000      0.08940      0.08940
     -4.45000      0.04294      0.04294
     -4.44000      0.40416      0.40416
     -4.43000      1.84714      1.84714
     -4.42000      3.46313      3.46313
     -4.41000      2.67330      2.67330
     -4.40000      0.84293      0.84293
     -4.39000      0.17843      0.17843
     -4.38000      0.69044      0.69044
     -4.37000      2.40151      2.40151
     -4.36000      3.34527      3.34527
     -4.35000      2.51551      2.51551
     -4.34000      1.92385      1.92385
     -4.33000      1.86996      1.86996
     -4.32000      2.14878      2.14878
     -4.31000      3.06393      3.06393
     -4.30000      3.71053      3.71053
     -4.29000      2.44585      2.44585
     -4.28000      0.72184      0.72184
     -4.27000      0.09191      0.09191
     -4.26000      0.06457      0.06457
     -4.25000      0.31779      0.31779
     -4.24000      0.61532      0.61532
     -4.23000      0.43840      0.43840
     -4.22000      0.11492      0.11492
     -4.21000      0.01187      0.01187
     -4.20000      0.02270      0.02270
     -4.19000      0.23081      0.23081
     -4.18000      0.87864      0.87864
     -4.17000      1.23563      1.23563
     -4.16000      0.73301      0.73301
     -4.15000      0.84290      0.84290
     -4.14000      2.31042      2.31042
     -4.13000      3.61456      3.61456
     -4.12000      2.91418      2.91418
     -4.11000      1.20488      1.20488
     -4.10000      0.87771      0.87771
     -4.09000      1.74128      1.74128
     -4.08000      1.66907      1.66907
     -4.07000      0.95124      0.95124
     -4.06000      0.68350      0.68350
     -4.05000      0.33644      0.33644
     -4.04000      0.14149      0.14149
     -4.03000      0.55704      0.55704
     -4.02000      1.65964      1.65964
     -4.01000      2.48012      2.48012
     -4.00000      2.84323      2.84323
     -3.99000      3.38755      3.38755
     -3.98000      2.82205      2.82205
     -3.97000      1.89887      1.89887
     -3.96000      2.44602      2.44602
     -3.95000      3.40868      3.40868
     -3.94000      2.52415      2.52415
     -3.93000      1.05203      1.05203
     -3.92000      1.00731      1.00731
     -3.91000      1.22931      1.22931
     -3.90000      0.61216      0.61216
     -3.89000      0.11270      0.11270
     -3.88000      0.01182      0.01182
     -3.87000      0.07621      0.07621
     -3.86000      0.54084      0.54084
     -3.85000      1.52122      1.52122
     -3.84000      1.69242      1.69242
     -3.83000      0.84271      0.84271
     -3.82000      0.97566      0.97566
     -3.81000      2.51223      2.51223
     -3.80000      3.16014      3.16014
     -3.79000      2.36288      2.36288
     -3.78000      1.40322      1.40322
     -3.77000      0.63032      0.63032
     -3.76000      1.28955      1.28955
     -3.75000      3.76854      3.76854
     -3.74000      4.95242      4.95242
     -3.73000      3.31245      3.31245
     -3.72000      1.91585      1.91585
     -3.71000      1.35989      1.35989
     -3.70000      1.01702      1.01702
     -3.69000      1.52239      1.52239
     -3.68000      1.67167      1.67167
     -3.67000      1.05136      1.05136
     -3.66000      1.11639      1.11639
     -3.65000      1.59614      1.59614
     -3.64000      1.67278      1.67278
     -3.63000      1.36647      1.36647
     -3.62000      1.08594      1.08594
     -3.61000      1.46467      1.46467
     -3.60000      1.67903      1.67903
     -3.59000      1.50730      1.50730
     -3.58000      0.93492      0.93492
     -3.57000      0.91669      0.91669
     -3.56000      1.40619      1.40619
     -3.55000      1.31791      1.31791
     -3.54000      1.01453      1.01453
     -3.53000      1.37185      1.37185
     -3.52000      2.19140      2.19140
     -3.51000      1.87307      1.87307
     -3.50000      0.76921      0.76921
     -3.49000      0.56476      0.56476
     -3.48000      1.60882      1.60882
     -3.47000      2.34031      2.34031
     -3.46000      1.42058      1.42058
     -3.45000      0.38794      0.38794
     -3.44000      0.27495      0.27495
     -3.43000      0.61712      0.61712
     -3.42000      0.92618      0.92618
     -3.41000      2.02968      2.02968
     -3.40000      3.57286      3.57286
     -3.39000      3.17914      3.17914
     -3.38000      2.00207      2.00207
     -3.37000      1.12568      1.12568
     -3.36000      0.55815      0.55815
     -3.35000      0.92926      0.92926
     -3.34000      1.22768      1.22768
     -3.33000      0.62626      0.62626
     -3.32000      0.23083      0.23083
     -3.31000      0.76203      0.76203
     -3.30000      2.08577      2.08577
     -3.29000      2.99840      2.99840
     -3.28000      3.41124      3.41124
     -3.27000      3.79313      3.79313
     -3.26000      3.96548      3.96548
     -3.25000      3.86009      3.86009
     -3.24000      3.44066      3.44066
     -3.23000      3.81319      3.81319
     -3.22000      3.72522      3.72522
     -3.21000      3.07479      3.07479
     -3.20000      3.59458      3.59458
     -3.19000      4.11850      4.11850
     -3.18000      3.94718      3.94718
     -3.17000      3.11360      3.11360
     -3.16000      1.45166      1.45166
     -3.15000      0.59595      0.59595
     -3.14000      1.02848      1.02848
     -3.13000      1.41608      1.41608
     -3.12000      1.38520      1.38520
     -3.11000      1.30888      1.30888
     -3.10000      0.69798      0.69798
     -3.09000      0.43612      0.43612
     -3.08000      0.99676      0.99676
     -3.07000      1.18715      1.18715
     -3.06000      0.54643      0.54643
     -3.05000      0.31446      0.31446
     -3.04000      0.92102      0.92102
     -3.03000      1.58584      1.58584
     -3.02000      1.68955      1.68955
     -3.01000      1.26723      1.26723
     -3.00000      0.46814      0.46814
     -2.99000      0.07022      0.07022
     -2.98000      0.05097      0.05097
     -2.97000      0.39679      0.39679
     -2.96000      1.35916      1.35916
     -2.95000      2.19053      2.19053
     -2.94000      2.17538      2.17538
     -2.93000      2.05969      2.05969
     -2.92000      1.77402      1.77402
     -2.91000      1.18811      1.18811
     -2.90000      1.50092      1.50092
     -2.89000      2.14438      2.14438
     -2.88000      2.01543      2.01543
     -2.87000      1.92335      1.92335
     -2.86000      2.21413      2.21413
     -2.85000      1.71466      1.71466
     -2.84000      0.85556      0.85556
     -2.83000      1.39182      1.39182
     -2.82000      3.13525      3.13525
     -2.81000      3.24974      3.24974
     -2.80000      1.82842      1.82842
     -2.79000      1.29639      1.29639
     -2.78000      1.00756      1.00756
     -2.77000      0.40465      0.40465
     -2.76000      0.18615      0.18615
     -2.75000      0.81505      0.81505
     -2.74000      2.32235      2.32235
     -2.73000      2.82714      2.82714
     -2.72000      1.42012      1.42012
     -2.71000      0.31727      0.31727
     -2.70000      0.37728      0.37728
     -2.69000      1.45077      1.45077
     -2.68000      2.46120      2.46120
     -2.67000      2.12174      2.12174
     -2.66000      1.94946      1.94946
     -2.65000      2.57111      2.57111
     -2.64000      3.04305      3.04305
     -2.63000      3.17804      3.17804
     -2.62000      2.60577      2.60577
     -2.61000      2.27591      2.27591
     -2.60000      2.40745      2.40745
     -2.59000      2.96088      2.96088
     -2.58000      3.59222      3.59222
     -2.57000      2.69135      2.69135
     -2.56000      1.88215      1.88215
     -2.55000      3.18067      3.18067
     -2.54000      4.31383      4.31383
     -2.53000      3.44376      3.44376
     -2.52000      2.57792      2.57792
     -2.51000      1.74696      1.74696
     -2.50000      0.83515      0.83515
     -2.49000      0.95765      0.95765
     -2.48000      1.66334      1.66334
     -2.47000      2.40592      2.40592
     -2.46000      3.33655      3.33655
     -2.45000      3.09164      3.09164
     -2.44000      2.28863      2.28863
     -2.43000      2.46336      2.46336
     -2.42000      3.54811      3.54811
     -2.41000      4.78350      4.78350
     -2.40000      3.66261      3.66261
     -2.39000      1.34460      1.34460
     -2.38000      0.93751      0.93751
     -2.37000      2.05969      2.05969
     -2.36000      2.63736      2.63736
     -2.35000      1.66445      1.66445
     -2.34000      0.50877      0.50877
     -2.33000      0.38982      0.38982
     -2.32000      1.49002      1.49002
     -2.31000      2.81379      2.81379
     -2.30000      2.31528      2.31528
     -2.29000      1.22690      1.22690
     -2.28000      2.03773      2.03773
     -2.27000      3.32356      3.32356
     -2.26000      3.17037      3.17037
     -2.25000      3.33932      3.33932
     -2.24000      3.84224      3.84224
     -2.23000      3.23803      3.23803
     -2.22000      2.63251      2.63251
     -2.21000      3.51046      3.51046
     -2.20000      3.63187      3.63187
     -2.19000      2.47841      2.47841
     -2.18000      1.64561      1.64561
     -2.17000      2.26965      2.26965
     -2.16000      3.20274      3.20274
     -2.15000      2.92639      2.92639
     -2.14000      2.34346      2.34346
     -2.13000      3.04587      3.04587
     -2.12000      5.30342      5.30342
     -2.11000      6.90718      6.90718
     -2.10000      5.89428      5.89428
     -2.09000      3.74108      3.74108
     -2.08000      2.02988      2.02988
     -2.07000      1.85676      1.85676
     -2.06000      3.49662      3.49662
     -2.05000      5.19055      5.19055
     -2.04000      4.87336      4.87336
     -2.03000      3.69464      3.69464
     -2.02000      3.08114      3.08114
     -2.01000      1.88357      1.88357
     -2.00000      1.33372      1.33372
     -1.99000      2.76114      2.76114
     -1.98000      4.32547      4.32547
     -1.97000      3.95749      3.95749
     -1.96000      2.39748      2.39748
     -1.95000      0.99778      0.99778
     -1.94000      0.59840      0.59840
     -1.93000      1.96982      1.96982
     -1.92000      4.03865      4.03865
     -1.91000      4.65702      4.65702
     -1.90000      4.87005      4.87005
     -1.89000      4.32976      4.32976
     -1.88000      3.04969      3.04969
     -1.87000      2.66052      2.66052
     -1.86000      3.71531      3.71531
     -1.85000      4.74013      4.74013
     -1.84000      3.36717      3.36717
     -1.83000      1.10859      1.10859
     -1.82000      0.36932      0.36932
     -1.81000      1.14903      1.14903
     -1.80000      2.49576      2.49576
     -1.79000      2.86436      2.86436
     -1.78000      2.44061      2.44061
     -1.77000      1.85165      1.85165
     -1.76000      2.79417      2.79417
     -1.75000      5.06288      5.06288
     -1.74000      4.32590      4.32590
     -1.73000      1.61915      1.61915
     -1.72000      0.58369      0.58369
     -1.71000      0.66891      0.66891
     -1.70000      0.70185      0.70185
     -1.69000      1.12504      1.12504
     -1.68000      1.58234      1.58234
     -1.67000      1.63067      1.63067
     -1.66000      1.41021      1.41021
     -1.65000      1.26547      1.26547
     -1.64000      1.37460      1.37460
     -1.63000      1.04022      1.04022
     -1.62000      0.76093      0.76093
     -1.61000      0.41427      0.41427
     -1.60000      0.10462      0.10462
     -1.59000      0.15081      0.15081
     -1.58000      0.96333      0.96333
     -1.57000      2.58565      2.58565
     -1.56000      3.40359      3.40359
     -1.55000      3.52376      3.52376
     -1.54000      3.11357      3.11357
     -1.53000      1.53009      1.53009
     -1.52000      0.32630      0.32630
     -1.51000      0.02859      0.02859
     -1.50000      0.02163      0.02163
     -1.49000      0.17086      0.17086
     -1.48000      0.51916      0.51916
     -1.47000      0.60433      0.60433
     -1.46000      0.43735      0.43735
     -1.45000      0.60034      0.60034
     -1.44000      0.76706      0.76706
     -1.43000      1.23274      1.23274
     -1.42000      1.99084      1.99084
     -1.41000      1.72370      1.72370
     -1.40000      0.95576      0.95576
     -1.39000      0.50729      0.50729
     -1.38000      0.64024      0.64024
     -1.37000      1.02187      1.02187
     -1.36000      1.70143      1.70143
     -1.35000      2.25628      2.25628
     -1.34000      2.04003      2.04003
     -1.33000      2.06324      2.06324
     -1.32000      1.90057      1.90057
     -1.31000      1.33275      1.33275
     -1.30000      1.65012      1.65012
     -1.29000      1.76406      1.76406
     -1.28000      1.64580      1.64580
     -1.27000      1.94708      1.94708
     -1.26000      1.33963      1.33963
     -1.25000      0.37386      0.37386
     -1.24000      0.04026      0.04026
     -1.23000      0.00206      0.00206
     -1.22000      0.01500      0.01500
     -1.21000      0.21167      0.21167
     -1.20000      1.14263      1.14263
     -1.19000      2.39195      2.39195
     -1.18000      2.11740      2.11740
     -1.17000      1.30962      1.30962
     -1.16000      1.12556      1.12556
     -1.15000      0.86542      0.86542
     -1.14000      0.99103      0.99103
     -1.13000      2.31242      2.31242
     -1.12000      3.16180      3.16180
     -1.11000      2.51840      2.51840
     -1.10000      1.95080      1.95080
     -1.09000      1.99118      1.99118
     -1.08000      2.53783      2.53783
     -1.07000      3.35641      3.35641
     -1.06000      3.54136      3.54136
     -1.05000      2.52637      2.52637
     -1.04000      1.92996      1.92996
     -1.03000      1.91663      1.91663
     -1.02000      1.77099      1.77099
     -1.01000      1.88771      1.88771
     -1.00000      1.72290      1.72290
     -0.99000      1.21506      1.21506
     -0.98000      0.62316      0.62316
     -0.97000      0.23120      0.23120
     -0.96000      0.72602      0.72602
     -0.95000      2.91298      2.91298
     -0.94000      4.98870      4.98870
     -0.93000      4.18781      4.18781
     -0.92000      3.25360      3.25360
     -0.91000      3.60811      3.60811
     -0.90000      3.25568      3.25568
     -0.89000      2.99822      2.99822
     -0.88000      3.58877      3.58877
     -0.87000      4.02138      4.02138
     -0.86000      3.62631      3.62631
     -0.85000      3.46894      3.46894
     -0.84000      2.89843      2.89843
     -0.83000      2.21937      2.21937
     -0.82000      3.33315      3.33315
     -0.81000      5.11297      5.11297
     -0.80000      4.69176      4.69176
     -0.79000      4.38252      4.38252
     -0.78000      5.68687      5.68687
     -0.77000      6.08183      6.08183
     -0.76000      4.94175      4.94175
     -0.75000      2.53493      2.53493
     -0.74000      1.38573      1.38573
     -0.73000      1.64962      1.64962
     -0.72000      2.21580      2.21580
     -0.71000      2.91071      2.91071
     -0.70000      2.18750      2.18750
     -0.69000      0.89862      0.89862
     -0.68000      0.83872      0.83872
     -0.67000      1.63518      1.63518
     -0.66000      2.31343      2.31343
     -0.65000      3.03577      3.03577
     -0.64000      4.19027      4.19027
     -0.63000      4.88425      4.88425
     -0.62000      4.50113      4.50113
     -0.61000      3.82352      3.82352
     -0.60000      3.17468      3.17468
     -0.59000      3.09087      3.09087
     -0.58000      3.30716      3.30716
     -0.57000      3.54767      3.54767
     -0.56000      4.05093      4.05093
     -0.55000      4.66588      4.66588
     -0.54000      4.68456      4.68456
     -0.53000      3.12804      3.12804
     -0.52000      1.40813      1.40813
     -0.51000      1.96770      1.96770
     -0.50000      3.38007      3.38007
     -0.49000      2.79016      2.79016
     -0.48000      1.75774      1.75774
     -0.47000      2.67738      2.67738
     -0.46000      4.11479      4.11479
     -0.45000      4.82925      4.82925
     -0.44000      5.11572      5.11572
     -0.43000      5.13114      5.13114
     -0.42000      4.32729      4.32729
     -0.41000      3.53779      3.53779
     -0.40000      3.34649      3.34649
     -0.39000      3.24921      3.24921
     -0.38000      2.76958      2.76958
     -0.37000      2.47007      2.47007
     -0.36000      2.99609      2.99609
     -0.35000      4.20607      4.20607
     -0.34000      4.79869      4.79869
     -0.33000      2.80423      2.80423
     -0.32000      1.10819      1.10819
     -0.31000      1.51959      1.51959
     -0.30000      2.45733      2.45733
     -0.29000      3.10674      3.10674
     -0.28000      3.04696      3.04696
     -0.27000      2.58745      2.58745
     -0.26000      3.78074      3.78074
     -0.25000      5.51307      5.51307
     -0.24000      6.18697      6.18697
     -0.23000      5.26145      5.26145
     -0.22000      3.25744      3.25744
     -0.21000      2.33568      2.33568
     -0.20000      1.83233      1.83233
     -0.19000      1.02361      1.02361
     -0.18000      1.58643      1.58643
     -0.17000      3.13679      3.13679
     -0.16000      3.59828      3.59828
     -0.15000      3.17019      3.17019
     -0.14000      3.33729      3.33729
     -0.13000      2.83453      2.83453
     -0.12000      2.39582      2.39582
     -0.11000      3.83304      3.83304
     -0.10000      3.85898      3.85898
     -0.09000      2.75693      2.75693
     -0.08000      4.08387      4.08387
     -0.07000      5.98095      5.98095
     -0.06000      5.95747      5.95747
     -0.05000      5.09012      5.09012
     -0.04000      3.47952      3.47952
     -0.03000      1.77175      1.77175
     -0.02000      0.57957      0.57957
     -0.01000      0.01262      0.01262
      0.00000      0.01442      0.01442
      0.01000      0.78665      0.78665
      0.02000      2.42249      2.42249
      0.03000      4.20584      4.20584
      0.04000      5.10500      5.10500
      0.05000      4.94927      4.94927
      0.06000      4.58432      4.58432
      0.07000      5.04169      5.04169
      0.08000      5.37411      5.37411
      0.09000      4.21681      4.21681
      0.10000      3.61423      3.61423
      0.11000      4.43362      4.43362
      0.12000      4.12360      4.12360
      0.13000      2.13384      2.13384
      0.14000      1.29164      1.29164
      0.15000      1.82700      1.82700
      0.16000      1.80518      1.80518
      0.17000      1.58454      1.58454
      0.18000      1.27270      1.27270
      0.19000      1.23183      1.23183
      0.20000      2.28874      2.28874
      0.21000      3.30715      3.30715
      0.22000      3.65061      3.65061
      0.23000      3.06656      3.06656
      0.24000      2.27177      2.27177
      0.25000      2.81792      2.81792
      0.26000      3.48581      3.48581
      0.27000      2.33577      2.33577
      0.28000      1.14916      1.14916
      0.29000      1.59692      1.59692
      0.30000      2.57659      2.57659
      0.31000      3.25945      3.25945
      0.32000      2.98713      2.98713
      0.33000      2.06247      2.06247
      0.34000      2.73329      2.73329
      0.35000      4.33794      4.33794
      0.36000      4.54035      4.54035
      0.37000      3.42915      3.42915
      0.38000      2.82049      2.82049
      0.39000      2.26186      2.26186
      0.40000      1.00284      1.00284
      0.41000      0.21735      0.21735
      0.42000      0.24188      0.24188
      0.43000      0.99902      0.99902
      0.44000      2.76902      2.76902
      0.45000      4.71862      4.71862
      0.46000      4.90397      4.90397
      0.47000      4.96966      4.96966
      0.48000      4.93114      4.93114
      0.49000      3.47236      3.47236
      0.50000      3.19753      3.19753
      0.51000      4.11203      4.11203
      0.52000      4.26417      4.26417
      0.53000      3.77913      3.77913
      0.54000      3.64731      3.64731
      0.55000      4.08378      4.08378
      0.56000      4.38054      4.38054
      0.57000      4.84447      4.84447
      0.58000      3.59687      3.59687
      0.59000      1.79764      1.79764
      0.60000      1.90140      1.90140
      0.61000      1.89558      1.89558
      0.62000      1.44014      1.44014
      0.63000      1.93404      1.93404
      0.64000      2.84830      2.84830
      0.65000      2.95788      2.95788
      0.66000      3.08776      3.08776
      0.67000      3.05960      3.05960
      0.68000      2.60971      2.60971
      0.69000      2.59563      2.59563
      0.70000      2.61171      2.61171
      0.71000      1.59399      1.59399
      0.72000      0.44297      0.44297
      0.73000      0.07004      0.07004
      0.74000      0.17384      0.17384
      0.75000      0.51893      0.51893
      0.76000      0.57716      0.57716
      0.77000      0.25224      0.25224
      0.78000      0.26656      0.26656
      0.79000      1.24218      1.24218
      0.80000      2.71951      2.71951
      0.81000      3.38041      3.38041
      0.82000      3.82510      3.82510
      0.83000      2.88553      2.88553
      0.84000      1.27398      1.27398
      0.85000      0.73958      0.73958
      0.86000      0.51987      0.51987
      0.87000      0.93568      0.93568
      0.88000      1.80271      1.80271
      0.89000      1.55037      1.55037
      0.90000      1.12120      1.12120
      0.91000      1.33751      1.33751
      0.92000      1.22470      1.22470
      0.93000      1.72439      1.72439
      0.94000      2.84016      2.84016
      0.95000      2.82391      2.82391
      0.96000      1.41053      1.41053
      0.97000      0.35451      0.35451
      0.98000      0.41464      0.41464
      0.99000      1.30251      1.30251
      1.00000      2.08132      2.08132
      1.01000      1.89529      1.89529
      1.02000      1.24142      1.24142
      1.03000      0.78446      0.78446
      1.04000      0.68551      0.68551
      1.05000      0.83976      0.83976
      1.06000      1.40832      1.40832
      1.07000      2.82819      2.82819
      1.08000      3.41940      3.41940
      1.09000      2.57646      2.57646
      1.10000      1.61091      1.61091
      1.11000      0.65540      0.65540
      1.12000      0.26951      0.26951
      1.13000      0.91906      0.91906
      1.14000      2.13579      2.13579
      1.15000      2.06712      2.06712
      1.16000      0.82595      0.82595
      1.17000      0.13667      0.13667
      1.18000      0.07815      0.07815
      1.19000      0.52123      0.52123
      1.20000      1.60402      1.60402
      1.21000      2.22669      2.22669
      1.22000      1.59102      1.59102
      1.23000      1.02288      1.02288
      1.24000      1.28813      1.28813
      1.25000      2.09804      2.09804
      1.26000      2.29367      2.29367
      1.27000      1.44709      1.44709
      1.28000      0.86641      0.86641
      1.29000      0.46396      0.46396
      1.30000      0.11698      0.11698
      1.31000      0.01372      0.01372
      1.32000      0.05512      0.05512
      1.33000      0.46030      0.46030
      1.34000      1.46505      1.46505
      1.35000      1.76337      1.76337
      1.36000      0.83078      0.83078
      1.37000      0.40226      0.40226
      1.38000      0.97359      0.97359
      1.39000      1.71198      1.71198
      1.40000      1.65240      1.65240
      1.41000      1.05725      1.05725
      1.42000      0.47438      0.47438
      1.43000      0.28480      0.28480
      1.44000      0.78711      0.78711
      1.45000      1.31470      1.31470
      1.46000      1.21722      1.21722
      1.47000      1.16286      1.16286
      1.48000      1.38142      1.38142
      1.49000      1.08593      1.08593
      1.50000      0.98744      0.98744
      1.51000      2.21200      2.21200
      1.52000      3.22350      3.22350
      1.53000      2.73528      2.73528
      1.54000      1.48025      1.48025
      1.55000      0.45590      0.45590
      1.56000      0.06807      0.06807
      1.57000      0.03645      0.03645
      1.58000      0.30378      0.30378
      1.59000      1.16045      1.16045
      1.60000      2.27324      2.27324
      1.61000      3.06713      3.06713
      1.62000      2.82144      2.82144
      1.63000      1.95181      1.95181
      1.64000      1.49240      1.49240
      1.65000      0.82350      0.82350
      1.66000      0.53675      0.53675
      1.67000      1.09509      1.09509
      1.68000      1.34299      1.34299
      1.69000      1.38492      1.38492
      1.70000      1.96814      1.96814
      1.71000      2.19400      2.19400
      1.72000      1.64268      1.64268
      1.73000      0.81911      0.81911
      1.74000      0.80674      0.80674
      1.75000      1.93989      1.93989
      1.76000      2.62651      2.62651
      1.77000      1.81446      1.81446
      1.78000      0.61781      0.61781
      1.79000      0.10444      0.10444
      1.80000      0.19391      0.19391
      1.81000      0.98217      0.98217
      1.82000      1.95405      1.95405
      1.83000      1.78797      1.78797
      1.84000      1.35698      1.35698
      1.85000      1.10024      1.10024
      1.86000      0.88097      0.88097
      1.87000      1.11428      1.11428
      1.88000      1.55799      1.55799
      1.89000      1.64937      1.64937
      1.90000      1.21613      1.21613
      1.91000      1.40731      1.40731
      1.92000      2.75562      2.75562
      1.93000      2.71368      2.71368
      1.94000      1.21193      1.21193
      1.95000      0.91024      0.91024
      1.96000      1.25572      1.25572
      1.97000      0.75883      0.75883
      1.98000      0.16983      0.16983
      1.99000      0.01433      0.01433
      2.00000      0.01376      0.01376
      2.01000      0.18766      0.18766
      2.02000      0.97160      0.97160
      2.03000      1.85066      1.85066
      2.04000      1.29680      1.29680
      2.05000      0.33444      0.33444
      2.06000      0.03910      0.03910
      2.07000      0.13443      0.13443
      2.08000      0.94104      0.94104
      2.09000      2.71369      2.71369
      2.10000      3.34180      3.34180
      2.11000      1.79006      1.79006
      2.12000      0.40830      0.40830
      2.13000      0.04446      0.04446
      2.14000      0.10208      0.10208
      2.15000      0.57557      0.57557
      2.16000      1.21033      1.21033
      2.17000      0.93633      0.93633
      2.18000      0.26649      0.26649
      2.19000      0.02843      0.02843
      2.20000      0.01760      0.01760
      2.21000      0.18970      0.18970
      2.22000      0.80105      0.80105
      2.23000      1.24463      1.24463
      2.24000      0.71730      0.71730
      2.25000      0.24534      0.24534
      2.26000      0.57137      0.57137
      2.27000      1.20403      1.20403
      2.28000      0.95884      0.95884
      2.29000      0.39306      0.39306
      2.30000      0.81502      0.81502
      2.31000      2.41875      2.41875
      2.32000      4.03455      4.03455
      2.33000      4.15526      4.15526
      2.34000      2.78891      2.78891
      2.35000      1.44894      1.44894
      2.36000      1.25502      1.25502
      2.37000      1.18062      1.18062
      2.38000      0.49541      0.49541
      2.39000      0.20138      0.20138
      2.40000      0.55547      0.55547
      2.41000      1.43948      1.43948
      2.42000      2.98943      2.98943
      2.43000      3.53104      3.53104
      2.44000      1.86821      1.86821
      2.45000      0.63692      0.63692
      2.46000      0.91864      0.91864
      2.47000      1.23032      1.23032
      2.48000      0.63022      0.63022
      2.49000      0.14045      0.14045
      2.50000      0.30780      0.30780
      2.51000      1.55842      1.55842
      2.52000      3.17780      3.17780
      2.53000      2.87141      2.87141
      2.54000      1.93627      1.93627
      2.55000      2.34996      2.34996
      2.56000      2.77622      2.77622
      2.57000      1.74717      1.74717
      2.58000      0.75502      0.75502
      2.59000      0.87698      0.87698
      2.60000      1.34616      1.34616
      2.61000      1.36924      1.36924
      2.62000      0.65757      0.65757
      2.63000      0.15046      0.15046
      2.64000      0.21195      0.21195
      2.65000      0.61941      0.61941
      2.66000      1.17242      1.17242
      2.67000      2.19934      2.19934
      2.68000      2.38749      2.38749
      2.69000      1.02821      1.02821
      2.70000      0.16611      0.16611
      2.71000      0.04196      0.04196
      2.72000      0.22346      0.22346
      2.73000      0.57104      0.57104
      2.74000      0.58554      0.58554
      2.75000      0.51438      0.51438
      2.76000      1.03505      1.03505
      2.77000      2.31886      2.31886
      2.78000      3.59802      3.59802
      2.79000      2.96769      2.96769
      2.80000      1.86190      1.86190
      2.81000      1.30198      1.30198
      2.82000      0.52572      0.52572
      2.83000      0.11238      0.11238
      2.84000      0.27696      0.27696
      2.85000      0.95408      0.95408
      2.86000      1.35254      1.35254
      2.87000      1.38924      1.38924
      2.88000      1.85879      1.85879
      2.89000      1.46807      1.46807
      2.90000      0.68212      0.68212
      2.91000      0.99872      0.99872
      2.92000      1.76011      1.76011
      2.93000      2.16249      2.16249
      2.94000      2.33560      2.33560
      2.95000      2.25643      2.25643
      2.96000      2.27961      2.27961
      2.97000      2.22925      2.22925
      2.98000      2.22638      2.22638
      2.99000      2.14845      2.14845
      3.00000      1.30332      1.30332
      3.01000      0.38826      0.38826
      3.02000      0.19171      0.19171
      3.03000      0.59319      0.59319
      3.04000      1.17643      1.17643
      3.05000      1.87059      1.87059
      3.06000      2.70484      2.70484
      3.07000      2.11672      2.11672
      3.08000      0.67643      0.67643
      3.09000      0.20916      0.20916
      3.10000      0.79673      0.79673
      3.11000      1.78700      1.78700
      3.12000      1.55705      1.55705
      3.13000      1.01586      1.01586
      3.14000      1.57981      1.57981
      3.15000      1.90050      1.90050
      3.16000      1.90383      1.90383
      3.17000      2.00812      2.00812
      3.18000      1.19897      1.19897
      3.19000      0.81484      0.81484
      3.20000      1.76457      1.76457
      3.21000      2.70617      2.70617
      3.22000      2.37273      2.37273
      3.23000      1.37099      1.37099
      3.24000      0.89656      0.89656
      3.25000      1.28094      1.28094
      3.26000      1.69898      1.69898
      3.27000      1.31642      1.31642
      3.28000      0.99765      0.99765
      3.29000      1.03823      1.03823
      3.30000      1.02895      1.02895
      3.31000      1.41042      1.41042
      3.32000      1.97036      1.97036
      3.33000      1.74990      1.74990
      3.34000      1.54246      1.54246
      3.35000      1.29008      1.29008
      3.36000      1.28417      1.28417
      3.37000      1.20442      1.20442
      3.38000      0.64776      0.64776
      3.39000      1.09188      1.09188
      3.40000      2.61828      2.61828
      3.41000      2.69087      2.69087
      3.42000      1.23838      1.23838
      3.43000      0.81392      0.81392
