Energy-E_F (eV)    DOS (1/eV)    PDOS (1/eV)  of atom type Bi 
     -4.62798      0.00000      0.00000
     -4.61798      0.00000      0.00000
     -4.60798      0.00000      0.00000
     -4.59798      0.00000      0.00000
     -4.58798      0.00000      0.00000
     -4.57798      0.00000      0.00000
     -4.56798      0.00000      0.00000
     -4.55798      0.00000      0.00000
     -4.54798      0.00000      0.00000
     -4.53798      0.00000      0.00000
     -4.52798      0.00000      0.00000
     -4.51798      0.00000      0.00000
     -4.50798      0.00000      0.00000
     -4.49798      0.00000      0.00000
     -4.48798      0.00000      0.00000
     -4.47798      0.00000      0.00000
     -4.46798      0.00000      0.00000
     -4.45798      0.00000      0.00000
     -4.44798      0.00000      0.00000
     -4.43798      0.00000      0.00000
     -4.42798      0.00000      0.00000
     -4.41798      0.00000      0.00000
     -4.40798      0.00000      0.00000
     -4.39798      0.00000      0.00000
     -4.38798      0.00001      0.00000
     -4.37798      0.00054      0.00000
     -4.36798      0.01330      0.00000
     -4.35798      0.13125      0.00000
     -4.34798      0.56754      0.00000
     -4.33798      1.23184      0.00000
     -4.32798      1.53585      0.00000
     -4.31798      1.35405      0.00000
     -4.30798      1.46312      0.00000
     -4.29798      1.99267      0.00000
     -4.28798      2.02779      0.00000
     -4.27798      1.71415      0.00000
     -4.26798      1.68580      0.00000
     -4.25798      1.55699      0.00000
     -4.24798      1.84695      0.00000
     -4.23798      2.92622      0.00000
     -4.22798      3.73288      0.00000
     -4.21798      3.56133      0.00000
     -4.20798      2.94359      0.00000
     -4.19798      2.70657      0.00000
     -4.18798      2.56194      0.00000
     -4.17798      3.06142      0.00000
     -4.16798      3.56114      0.00000
     -4.15798      2.97388      0.00000
     -4.14798      2.68922      0.00000
     -4.13798      3.45669      0.00000
     -4.12798      3.99317      0.00000
     -4.11798      3.45561      0.00000
     -4.10798      2.65054      0.00000
     -4.09798      2.50694      0.00000
     -4.08798      3.49586      0.00000
     -4.07798      4.42687      0.00000
     -4.06798      4.05724      0.00000
     -4.05798      3.32572      0.00000
     -4.04798      3.48792      0.00000
     -4.03798      3.69194      0.00000
     -4.02798      3.48778      0.00000
     -4.01798      3.63321      0.00000
     -4.00798      4.00028      0.00000
     -3.99798      3.90630      0.00000
     -3.98798      3.62545      0.00000
     -3.97798      4.32225      0.00000
     -3.96798      5.86248      0.00000
     -3.95798      6.04428      0.00000
     -3.94798      4.94616      0.00000
     -3.93798      4.60102      0.00000
     -3.92798      4.78727      0.00000
     -3.91798      4.93641      0.00000
     -3.90798      4.80021      0.00000
     -3.89798      4.57156      0.00000
     -3.88798      4.77828      0.00000
     -3.87798      5.35400      0.00000
     -3.86798      5.16511      0.00000
     -3.85798      5.47976      0.00000
     -3.84798      6.71214      0.00000
     -3.83798      6.81057      0.00000
     -3.82798      5.96662      0.00000
     -3.81798      5.55997      0.00000
     -3.80798      5.82835      0.00000
     -3.79798      4.96331      0.00000
     -3.78798      4.58401      0.00000
     -3.77798      5.91696      0.00000
     -3.76798      7.17384      0.00000
     -3.75798      6.98185      0.00000
     -3.74798      5.77071      0.00000
     -3.73798      5.14016      0.00000
     -3.72798      4.73337      0.00000
     -3.71798      5.06804      0.00000
     -3.70798      5.53432      0.00000
     -3.69798      5.37893      0.00000
     -3.68798      5.54611      0.00000
     -3.67798      5.11242      0.00000
     -3.66798      3.75056      0.00000
     -3.65798      3.39137      0.00000
     -3.64798      4.82406      0.00000
     -3.63798      7.23025      0.00000
     -3.62798      8.77564      0.00000
     -3.61798      7.58629      0.00000
     -3.60798      6.16630      0.00000
     -3.59798      6.60887      0.00000
     -3.58798      6.97390      0.00000
     -3.57798      6.25298      0.00000
     -3.56798      6.56356      0.00000
     -3.55798      7.28688      0.00000
     -3.54798      6.82210      0.00000
     -3.53798      5.61002      0.00000
     -3.52798      4.67906      0.00000
     -3.51798      5.07658      0.00000
     -3.50798      6.41449      0.00000
     -3.49798      6.53319      0.00000
     -3.48798      5.97360      0.00000
     -3.47798      6.63304      0.00000
     -3.46798      7.96523      0.00000
     -3.45798      7.73300      0.00000
     -3.44798      6.72480      0.00000
     -3.43798      6.45371      0.00000
     -3.42798      6.32136      0.00000
     -3.41798      5.83348      0.00000
     -3.40798      5.41726      0.00000
     -3.39798      5.87946      0.00000
     -3.38798      6.69967      0.00000
     -3.37798      6.65616      0.00000
     -3.36798      6.63266      0.00000
     -3.35798      6.75054      0.00000
     -3.34798      6.65658      0.00000
     -3.33798      7.61508      0.00000
     -3.32798      8.71327      0.00000
     -3.31798      8.31159      0.00000
     -3.30798      7.09097      0.00000
     -3.29798      6.25819      0.00000
     -3.28798      7.11341      0.00000
     -3.27798      8.94201      0.00000
     -3.26798      8.61258      0.00000
     -3.25798      6.90297      0.00000
     -3.24798      6.08728      0.00000
     -3.23798      6.34702      0.00000
     -3.22798      7.52429      0.00000
     -3.21798      8.32007      0.00000
     -3.20798      8.95171      0.00000
     -3.19798      9.29066      0.00000
     -3.18798      8.79368      0.00000
     -3.17798      8.31814      0.00000
     -3.16798      8.40931      0.00000
     -3.15798      9.60254      0.00000
     -3.14798     11.70109      0.00000
     -3.13798     12.83238      0.00000
     -3.12798     12.55529      0.00000
     -3.11798     12.23085      0.00000
     -3.10798     12.23021      0.00000
     -3.09798     11.40858      0.00000
     -3.08798     10.83254      0.00000
     -3.07798     11.31036      0.00000
     -3.06798     11.27092      0.00000
     -3.05798     10.19241      0.00000
     -3.04798      9.25665      0.00000
     -3.03798      8.82935      0.00000
     -3.02798      8.26216      0.00000
     -3.01798      9.29868      0.00000
     -3.00798     11.76736      0.00000
     -2.99798     12.88412      0.00000
     -2.98798     12.78365      0.00000
     -2.97798     12.10655      0.00000
     -2.96798     10.35397      0.00000
     -2.95798      9.75064      0.00000
     -2.94798     11.21147      0.00000
     -2.93798     12.62725      0.00000
     -2.92798     12.62140      0.00000
     -2.91798     11.45774      0.00000
     -2.90798     10.39146      0.00000
     -2.89798     10.29775      0.00000
     -2.88798     10.95917      0.00000
     -2.87798     11.58059      0.00000
     -2.86798     11.50207      0.00000
     -2.85798     10.57620      0.00000
     -2.84798     11.30044      0.00000
     -2.83798     13.00909      0.00000
     -2.82798     12.57013      0.00000
     -2.81798     10.41869      0.00000
     -2.80798      8.74709      0.00000
     -2.79798      8.30185      0.00000
     -2.78798      8.61276      0.00000
     -2.77798      9.83084      0.00000
     -2.76798     10.84742      0.00000
     -2.75798      9.68558      0.00000
     -2.74798      9.08753      0.00000
     -2.73798      9.94205      0.00000
     -2.72798      9.44140      0.00000
     -2.71798      7.81583      0.00000
     -2.70798      7.26614      0.00000
     -2.69798      7.73161      0.00000
     -2.68798      9.10849      0.00000
     -2.67798     11.04415      0.00000
     -2.66798     12.07608      0.00000
     -2.65798     11.62817      0.00000
     -2.64798     10.38500      0.00000
     -2.63798     10.16239      0.00000
     -2.62798     11.48017      0.00000
     -2.61798     12.04262      0.00000
     -2.60798     10.67970      0.00000
     -2.59798      9.43405      0.00000
     -2.58798     10.49499      0.00000
     -2.57798     10.87086      0.00000
     -2.56798      9.21234      0.00000
     -2.55798      9.82893      0.00000
     -2.54798     10.77759      0.00000
     -2.53798      8.77733      0.00000
     -2.52798      7.60461      0.00000
     -2.51798      9.12307      0.00000
     -2.50798     10.99539      0.00000
     -2.49798     11.52152      0.00000
     -2.48798     10.77328      0.00000
     -2.47798     10.06524      0.00000
     -2.46798      9.19876      0.00000
     -2.45798      8.06108      0.00000
     -2.44798      8.41400      0.00000
     -2.43798      9.72980      0.00000
     -2.42798      9.76937      0.00000
     -2.41798      7.86136      0.00000
     -2.40798      6.89772      0.00000
     -2.39798      8.98769      0.00000
     -2.38798     11.43457      0.00000
     -2.37798     11.59182      0.00000
     -2.36798      9.83911      0.00000
     -2.35798      8.49493      0.00000
     -2.34798      9.91432      0.00000
     -2.33798     10.73472      0.00000
     -2.32798      9.09641      0.00000
     -2.31798      8.78130      0.00000
     -2.30798      9.67540      0.00000
     -2.29798      8.72949      0.00000
     -2.28798      6.94428      0.00000
     -2.27798      6.99699      0.00000
     -2.26798      8.71010      0.00000
     -2.25798     10.00040      0.00000
     -2.24798     10.13335      0.00000
     -2.23798      9.57567      0.00000
     -2.22798      9.33269      0.00000
     -2.21798     10.10284      0.00000
     -2.20798     11.43901      0.00000
     -2.19798     13.04921      0.00000
     -2.18798     12.49530      0.00000
     -2.17798     10.80240      0.00000
     -2.16798      9.90521      0.00000
     -2.15798      8.91280      0.00000
     -2.14798      9.14182      0.00000
     -2.13798     10.96799      0.00000
     -2.12798     13.55430      0.00000
     -2.11798     15.27500      0.00000
     -2.10798     15.05143      0.00000
     -2.09798     13.34082      0.00000
     -2.08798     11.06497      0.00000
     -2.07798      9.52585      0.00000
     -2.06798      9.74305      0.00000
     -2.05798     11.03588      0.00000
     -2.04798     10.65403      0.00000
     -2.03798     10.00498      0.00000
     -2.02798     10.96827      0.00000
     -2.01798     13.07907      0.00000
     -2.00798     14.44502      0.00000
     -1.99798     14.42808      0.00000
     -1.98798     14.78178      0.00000
     -1.97798     14.76718      0.00000
     -1.96798     12.87332      0.00000
     -1.95798     10.26084      0.00000
     -1.94798      9.52774      0.00000
     -1.93798     10.55632      0.00000
     -1.92798     11.82506      0.00000
     -1.91798     11.61186      0.00000
     -1.90798      9.70508      0.00000
     -1.89798      8.20750      0.00000
     -1.88798      8.63767      0.00000
     -1.87798     10.07535      0.00000
     -1.86798     11.19595      0.00000
     -1.85798     12.52847      0.00000
     -1.84798     13.87183      0.00000
     -1.83798     14.39012      0.00000
     -1.82798     13.68943      0.00000
     -1.81798     14.11465      0.00000
     -1.80798     15.91877      0.00000
     -1.79798     15.92230      0.00000
     -1.78798     14.70103      0.00000
     -1.77798     12.87472      0.00000
     -1.76798     10.83982      0.00000
     -1.75798     10.64517      0.00000
     -1.74798     11.57352      0.00000
     -1.73798     11.74130      0.00000
     -1.72798     12.09593      0.00000
     -1.71798     12.41127      0.00000
     -1.70798     12.11737      0.00000
     -1.69798     11.26050      0.00000
     -1.68798     10.26496      0.00000
     -1.67798      9.25607      0.00000
     -1.66798      9.01270      0.00000
     -1.65798      9.27410      0.00000
     -1.64798      8.58202      0.00000
     -1.63798      8.95014      0.00000
     -1.62798      9.81523      0.00000
     -1.61798      8.60973      0.00000
     -1.60798      8.12432      0.00000
     -1.59798      9.04124      0.00000
     -1.58798      9.32225      0.00000
     -1.57798      9.22305      0.00000
     -1.56798      9.51764      0.00000
     -1.55798      9.07204      0.00000
     -1.54798      8.93948      0.00000
     -1.53798      9.81987      0.00000
     -1.52798      9.73803      0.00000
     -1.51798      9.68145      0.00000
     -1.50798      9.83693      0.00000
     -1.49798      8.58531      0.00000
     -1.48798      7.17753      0.00000
     -1.47798      7.33930      0.00000
     -1.46798      8.24864      0.00000
     -1.45798      8.60042      0.00000
     -1.44798      8.66461      0.00000
     -1.43798     10.14171      0.00000
     -1.42798     11.69715      0.00000
     -1.41798     11.41743      0.00000
     -1.40798      9.62297      0.00000
     -1.39798      8.67120      0.00000
     -1.38798      8.65230      0.00000
     -1.37798      9.67570      0.00000
     -1.36798     10.94003      0.00000
     -1.35798     10.97564      0.00000
     -1.34798      9.55886      0.00000
     -1.33798      9.34248      0.00000
     -1.32798      9.77555      0.00000
     -1.31798      8.60541      0.00000
     -1.30798      7.87329      0.00000
     -1.29798      8.86853      0.00000
     -1.28798      9.99132      0.00000
     -1.27798     10.27554      0.00000
     -1.26798      9.97104      0.00000
     -1.25798      8.84080      0.00000
     -1.24798      8.34155      0.00000
     -1.23798      9.32497      0.00000
     -1.22798      9.50790      0.00000
     -1.21798      9.17344      0.00000
     -1.20798      9.26394      0.00000
     -1.19798      8.82655      0.00000
     -1.18798      8.59523      0.00000
     -1.17798      8.49908      0.00000
     -1.16798      8.67949      0.00000
     -1.15798      8.93123      0.00000
     -1.14798      8.89703      0.00000
     -1.13798      9.49955      0.00000
     -1.12798     10.24340      0.00000
     -1.11798     10.39695      0.00000
     -1.10798     10.66835      0.00000
     -1.09798     10.99161      0.00000
     -1.08798     10.50486      0.00000
     -1.07798      9.91512      0.00000
     -1.06798      9.80484      0.00000
     -1.05798      9.40617      0.00000
     -1.04798      9.26593      0.00000
     -1.03798      9.40655      0.00000
     -1.02798      9.00444      0.00000
     -1.01798      9.07533      0.00000
     -1.00798     10.01201      0.00000
     -0.99798     10.40425      0.00000
     -0.98798     10.37815      0.00000
     -0.97798     10.45562      0.00000
     -0.96798     10.85155      0.00000
     -0.95798     11.09733      0.00000
     -0.94798     11.46148      0.00000
     -0.93798     11.76375      0.00000
     -0.92798     12.18392      0.00000
     -0.91798     12.73822      0.00000
     -0.90798     11.40448      0.00000
     -0.89798     10.24394      0.00000
     -0.88798     10.21827      0.00000
     -0.87798     10.12277      0.00000
     -0.86798     10.19857      0.00000
     -0.85798     10.53121      0.00000
     -0.84798     11.13256      0.00000
     -0.83798     12.47775      0.00000
     -0.82798     13.24239      0.00000
     -0.81798     11.84097      0.00000
     -0.80798     10.74023      0.00000
     -0.79798     10.84359      0.00000
     -0.78798     11.36027      0.00000
     -0.77798     12.16783      0.00000
     -0.76798     12.01608      0.00000
     -0.75798     10.91808      0.00000
     -0.74798     10.27661      0.00000
     -0.73798     10.17455      0.00000
     -0.72798     10.23914      0.00000
     -0.71798     10.76096      0.00000
     -0.70798     11.63165      0.00000
     -0.69798     11.21397      0.00000
     -0.68798     10.36748      0.00000
     -0.67798     11.90199      0.00000
     -0.66798     13.39822      0.00000
     -0.65798     12.26646      0.00000
     -0.64798     11.15171      0.00000
     -0.63798     10.88512      0.00000
     -0.62798     10.57057      0.00000
     -0.61798      9.42171      0.00000
     -0.60798      7.54879      0.00000
     -0.59798      7.55386      0.00000
     -0.58798      9.03568      0.00000
     -0.57798      9.15735      0.00000
     -0.56798      8.73850      0.00000
     -0.55798      7.72728      0.00000
     -0.54798      6.69555      0.00000
     -0.53798      6.82139      0.00000
     -0.52798      7.32851      0.00000
     -0.51798      7.30048      0.00000
     -0.50798      7.11887      0.00000
     -0.49798      7.13502      0.00000
     -0.48798      6.65813      0.00000
     -0.47798      5.97935      0.00000
     -0.46798      5.62670      0.00000
     -0.45798      6.06682      0.00000
     -0.44798      6.99531      0.00000
     -0.43798      6.65351      0.00000
     -0.42798      6.46371      0.00000
     -0.41798      8.22135      0.00000
     -0.40798      9.92586      0.00000
     -0.39798     10.18409      0.00000
     -0.38798      9.91327      0.00000
     -0.37798      9.20192      0.00000
     -0.36798      8.45913      0.00000
     -0.35798      8.16807      0.00000
     -0.34798      7.75857      0.00000
     -0.33798      7.84093      0.00000
     -0.32798      8.64890      0.00000
     -0.31798      8.49134      0.00000
     -0.30798      6.79057      0.00000
     -0.29798      4.97124      0.00000
     -0.28798      4.72821      0.00000
     -0.27798      5.68119      0.00000
     -0.26798      5.48048      0.00000
     -0.25798      4.16088      0.00000
     -0.24798      3.76695      0.00000
     -0.23798      4.15954      0.00000
     -0.22798      4.42854      0.00000
     -0.21798      3.92325      0.00000
     -0.20798      3.23909      0.00000
     -0.19798      2.96537      0.00000
     -0.18798      2.64219      0.00000
     -0.17798      2.17558      0.00000
     -0.16798      1.89114      0.00000
     -0.15798      1.61337      0.00000
     -0.14798      1.25881      0.00000
     -0.13798      0.85075      0.00000
     -0.12798      0.64300      0.00000
     -0.11798      0.91657      0.00000
     -0.10798      1.01754      0.00000
     -0.09798      0.57405      0.00000
     -0.08798      0.17099      0.00000
     -0.07798      0.14505      0.00000
     -0.06798      0.34790      0.00000
     -0.05798      0.51814      0.00000
     -0.04798      0.84995      0.00000
     -0.03798      1.30104      0.00000
     -0.02798      1.43316      0.00000
     -0.01798      1.64565      0.00000
     -0.00798      1.90955      0.00000
      0.00202      1.68320      0.00000
      0.01202      1.52063      0.00000
      0.02202      1.88193      0.00000
      0.03202      2.58297      0.00000
      0.04202      2.75861      0.00000
      0.05202      1.88713      0.00000
      0.06202      1.27169      0.00000
      0.07202      1.78372      0.00000
      0.08202      2.56253      0.00000
      0.09202      2.63295      0.00000
      0.10202      1.94851      0.00000
      0.11202      1.49359      0.00000
      0.12202      1.59748      0.00000
      0.13202      1.65810      0.00000
      0.14202      1.74357      0.00000
      0.15202      2.73339      0.00000
      0.16202      3.53837      0.00000
      0.17202      2.64994      0.00000
      0.18202      1.65656      0.00000
      0.19202      1.46847      0.00000
      0.20202      1.43704      0.00000
      0.21202      1.42784      0.00000
      0.22202      1.54731      0.00000
      0.23202      1.46269      0.00000
      0.24202      2.00532      0.00000
      0.25202      2.98780      0.00000
      0.26202      3.55819      0.00000
      0.27202      3.02816      0.00000
      0.28202      2.02855      0.00000
      0.29202      1.52389      0.00000
      0.30202      1.05855      0.00000
      0.31202      0.78957      0.00000
      0.32202      1.15581      0.00000
      0.33202      1.83309      0.00000
      0.34202      2.39127      0.00000
      0.35202      2.19012      0.00000
      0.36202      1.94656      0.00000
      0.37202      2.67113      0.00000
      0.38202      3.17575      0.00000
      0.39202      2.87493      0.00000
      0.40202      2.83188      0.00000
      0.41202      2.97939      0.00000
      0.42202      2.74571      0.00000
      0.43202      3.01954      0.00000
      0.44202      4.36632      0.00000
      0.45202      5.63867      0.00000
      0.46202      5.54241      0.00000
      0.47202      6.07084      0.00000
      0.48202      8.60573      0.00000
      0.49202     11.06715      0.00000
      0.50202     12.72552      0.00000
      0.51202     13.21325      0.00000
      0.52202     12.30129      0.00000
      0.53202     12.21754      0.00000
      0.54202     13.45091      0.00000
      0.55202     13.89934      0.00000
      0.56202     13.07693      0.00000
      0.57202     12.26141      0.00000
      0.58202     11.79884      0.00000
      0.59202     11.39179      0.00000
      0.60202     12.48554      0.00000
      0.61202     13.28628      0.00000
      0.62202     12.76191      0.00000
      0.63202     13.28071      0.00000
      0.64202     13.86818      0.00000
      0.65202     14.21015      0.00000
      0.66202     14.52582      0.00000
      0.67202     13.58303      0.00000
      0.68202     12.10900      0.00000
      0.69202     11.50147      0.00000
      0.70202     11.55077      0.00000
      0.71202     12.89352      0.00000
      0.72202     14.70818      0.00000
      0.73202     14.22579      0.00000
      0.74202     13.59132      0.00000
      0.75202     13.88385      0.00000
      0.76202     13.28656      0.00000
      0.77202     12.29567      0.00000
      0.78202     11.18414      0.00000
      0.79202      9.65771      0.00000
      0.80202      9.72456      0.00000
      0.81202     11.31018      0.00000
      0.82202     11.95713      0.00000
      0.83202     10.98145      0.00000
      0.84202     10.40529      0.00000
      0.85202     10.64324      0.00000
      0.86202     11.06811      0.00000
      0.87202     11.28230      0.00000
      0.88202     10.44626      0.00000
      0.89202     10.22206      0.00000
      0.90202     10.58055      0.00000
      0.91202      9.69645      0.00000
      0.92202      9.80239      0.00000
      0.93202     10.51210      0.00000
      0.94202     10.03624      0.00000
      0.95202      9.30877      0.00000
      0.96202      8.07064      0.00000
      0.97202      6.92439      0.00000
      0.98202      8.03527      0.00000
      0.99202     10.97963      0.00000
      1.00202     12.17113      0.00000
      1.01202     10.78409      0.00000
      1.02202      9.15366      0.00000
      1.03202      9.18867      0.00000
      1.04202      9.68949      0.00000
      1.05202      9.24074      0.00000
      1.06202      8.77098      0.00000
      1.07202      8.35088      0.00000
      1.08202      7.94061      0.00000
      1.09202      8.42931      0.00000
      1.10202     10.01964      0.00000
      1.11202     12.22380      0.00000
      1.12202     13.57389      0.00000
      1.13202     12.56701      0.00000
      1.14202     10.45955      0.00000
      1.15202      9.46606      0.00000
      1.16202     10.20933      0.00000
      1.17202     11.86038      0.00000
      1.18202     13.39390      0.00000
      1.19202     14.99657      0.00000
      1.20202     16.69916      0.00000
      1.21202     16.46776      0.00000
      1.22202     14.26537      0.00000
      1.23202     13.08044      0.00000
      1.24202     12.69319      0.00000
      1.25202     12.43187      0.00000
      1.26202     12.99239      0.00000
      1.27202     12.85026      0.00000
      1.28202     12.44621      0.00000
      1.29202     11.78958      0.00000
      1.30202     10.82483      0.00000
      1.31202     10.72771      0.00000
      1.32202     11.51470      0.00000
      1.33202     10.70137      0.00000
      1.34202      9.69920      0.00000
      1.35202      9.77319      0.00000
      1.36202      8.29723      0.00000
      1.37202      6.66288      0.00000
      1.38202      7.33047      0.00000
      1.39202      8.34628      0.00000
      1.40202      8.09260      0.00000
      1.41202      7.50572      0.00000
      1.42202      7.40850      0.00000
      1.43202      7.40818      0.00000
      1.44202      7.39335      0.00000
      1.45202      6.85603      0.00000
      1.46202      5.67267      0.00000
      1.47202      5.48290      0.00000
      1.48202      5.85718      0.00000
      1.49202      5.25536      0.00000
      1.50202      4.72341      0.00000
      1.51202      4.55489      0.00000
      1.52202      3.78695      0.00000
      1.53202      3.16324      0.00000
      1.54202      3.61753      0.00000
      1.55202      4.60956      0.00000
      1.56202      5.77969      0.00000
      1.57202      6.22898      0.00000
      1.58202      5.06819      0.00000
      1.59202      3.97018      0.00000
      1.60202      4.41930      0.00000
      1.61202      5.11678      0.00000
      1.62202      4.65524      0.00000
      1.63202      4.09038      0.00000
      1.64202      4.08660      0.00000
      1.65202      3.83983      0.00000
      1.66202      3.49887      0.00000
      1.67202      3.23691      0.00000
      1.68202      3.14802      0.00000
      1.69202      3.56735      0.00000
      1.70202      3.82390      0.00000
      1.71202      3.45802      0.00000
      1.72202      3.40946      0.00000
      1.73202      4.14637      0.00000
      1.74202      4.07902      0.00000
      1.75202      3.57736      0.00000
      1.76202      3.83783      0.00000
      1.77202      4.05866      0.00000
      1.78202      4.28136      0.00000
      1.79202      4.64262      0.00000
      1.80202      4.30045      0.00000
      1.81202      3.63852      0.00000
      1.82202      3.42357      0.00000
      1.83202      4.13584      0.00000
      1.84202      4.83238      0.00000
      1.85202      4.59784      0.00000
      1.86202      3.42217      0.00000
      1.87202      2.46396      0.00000
      1.88202      2.50415      0.00000
      1.89202      3.97983      0.00000
      1.90202      5.02775      0.00000
      1.91202      4.84675      0.00000
      1.92202      4.22076      0.00000
      1.93202      3.43807      0.00000
      1.94202      3.02411      0.00000
      1.95202      3.23027      0.00000
      1.96202      3.68842      0.00000
      1.97202      3.73627      0.00000
      1.98202      3.63876      0.00000
      1.99202      4.07649      0.00000
      2.00202      4.72072      0.00000
      2.01202      5.51412      0.00000
      2.02202      7.62219      0.00000
      2.03202      8.86226      0.00000
      2.04202      7.68993      0.00000
      2.05202      5.90638      0.00000
      2.06202      4.71445      0.00000
      2.07202      4.98405      0.00000
      2.08202      5.74820      0.00000
      2.09202      5.85146      0.00000
      2.10202      5.45870      0.00000
      2.11202      5.05971      0.00000
      2.12202      4.96709      0.00000
      2.13202      4.67222      0.00000
      2.14202      4.68097      0.00000
      2.15202      4.66440      0.00000
      2.16202      4.42988      0.00000
      2.17202      4.92446      0.00000
      2.18202      4.60391      0.00000
      2.19202      3.58503      0.00000
      2.20202      3.02538      0.00000
      2.21202      3.65833      0.00000
      2.22202      4.77299      0.00000
      2.23202      4.73219      0.00000
      2.24202      4.47706      0.00000
      2.25202      4.44248      0.00000
      2.26202      4.37062      0.00000
      2.27202      4.30935      0.00000
      2.28202      3.98530      0.00000
      2.29202      3.77705      0.00000
      2.30202      4.24116      0.00000
      2.31202      4.36820      0.00000
      2.32202      4.08441      0.00000
      2.33202      4.97946      0.00000
      2.34202      6.23045      0.00000
      2.35202      5.66086      0.00000
      2.36202      4.09993      0.00000
      2.37202      3.03279      0.00000
      2.38202      2.55859      0.00000
      2.39202      2.92749      0.00000
      2.40202      3.46816      0.00000
      2.41202      4.08413      0.00000
      2.42202      4.57200      0.00000
      2.43202      3.81597      0.00000
      2.44202      3.52929      0.00000
      2.45202      4.22290      0.00000
      2.46202      4.71871      0.00000
      2.47202      4.47697      0.00000
      2.48202      4.16664      0.00000
      2.49202      4.42220      0.00000
      2.50202      4.45106      0.00000
      2.51202      3.91361      0.00000
      2.52202      3.61141      0.00000
      2.53202      3.62820      0.00000
      2.54202      4.10932      0.00000
      2.55202      4.71447      0.00000
      2.56202      5.27292      0.00000
      2.57202      5.71462      0.00000
      2.58202      4.87224      0.00000
      2.59202      3.01687      0.00000
      2.60202      2.51076      0.00000
      2.61202      3.33821      0.00000
      2.62202      4.10119      0.00000
      2.63202      4.21950      0.00000
      2.64202      4.08004      0.00000
      2.65202      3.99395      0.00000
      2.66202      3.54930      0.00000
      2.67202      3.71059      0.00000
      2.68202      4.23344      0.00000
      2.69202      3.82640      0.00000
      2.70202      3.05164      0.00000
      2.71202      3.68685      0.00000
      2.72202      4.68179      0.00000
      2.73202      4.56165      0.00000
      2.74202      3.57479      0.00000
      2.75202      2.58858      0.00000
      2.76202      2.77366      0.00000
      2.77202      3.01961      0.00000
      2.78202      3.40446      0.00000
      2.79202      5.12742      0.00000
      2.80202      6.37500      0.00000
      2.81202      5.88778      0.00000
      2.82202      5.46878      0.00000
      2.83202      4.46457      0.00000
      2.84202      2.73737      0.00000
      2.85202      2.14913      0.00000
      2.86202      2.66243      0.00000
      2.87202      3.41004      0.00000
      2.88202      4.41461      0.00000
      2.89202      5.07602      0.00000
      2.90202      4.67645      0.00000
      2.91202      4.02133      0.00000
      2.92202      3.46326      0.00000
      2.93202      3.47686      0.00000
      2.94202      3.65158      0.00000
      2.95202      4.30473      0.00000
      2.96202      5.14119      0.00000
      2.97202      5.84976      0.00000
      2.98202      6.36672      0.00000
      2.99202      6.19778      0.00000
      3.00202      5.36620      0.00000
      3.01202      5.20574      0.00000
      3.02202      5.78343      0.00000
      3.03202      6.05956      0.00000
      3.04202      5.51855      0.00000
      3.05202      4.79779      0.00000
      3.06202      4.14077      0.00000
      3.07202      3.67560      0.00000
      3.08202      2.88377      0.00000
      3.09202      1.79182      0.00000
      3.10202      1.68691      0.00000
      3.11202      2.38741      0.00000
      3.12202      2.61397      0.00000
      3.13202      2.22626      0.00000
      3.14202      2.64460      0.00000
      3.15202      4.37325      0.00000
      3.16202      5.47379      0.00000
      3.17202      5.59258      0.00000
      3.18202      6.12094      0.00000
      3.19202      6.00740      0.00000
      3.20202      4.93965      0.00000
      3.21202      4.39079      0.00000
      3.22202      4.81820      0.00000
      3.23202      4.79728      0.00000
      3.24202      4.29743      0.00000
      3.25202      3.73416      0.00000
      3.26202      3.36571      0.00000
      3.27202      3.66833      0.00000
      3.28202      4.37928      0.00000
      3.29202      4.57970      0.00000
      3.30202      3.92459      0.00000
      3.31202      3.31768      0.00000
      3.32202      3.86823      0.00000
      3.33202      5.16429      0.00000
      3.34202      5.74312      0.00000
      3.35202      5.57207      0.00000
      3.36202      5.56766      0.00000
      3.37202      5.99403      0.00000
      3.38202      5.42401      0.00000
      3.39202      4.14030      0.00000
      3.40202      2.87211      0.00000
      3.41202      2.11937      0.00000
      3.42202      2.26663      0.00000
      3.43202      2.70973      0.00000
      3.44202      2.42992      0.00000
      3.45202      2.58114      0.00000
      3.46202      3.60163      0.00000
      3.47202      4.31663      0.00000
      3.48202      5.26007      0.00000
      3.49202      6.21889      0.00000
      3.50202      5.68003      0.00000
      3.51202      4.62548      0.00000
      3.52202      4.91865      0.00000
      3.53202      6.19208      0.00000
      3.54202      5.99946      0.00000
      3.55202      5.58783      0.00000
      3.56202      5.62479      0.00000
      3.57202      4.75221      0.00000
      3.58202      3.62888      0.00000
      3.59202      3.69078      0.00000
      3.60202      4.62104      0.00000
      3.61202      5.09910      0.00000
      3.62202      5.09902      0.00000
      3.63202      4.83037      0.00000
      3.64202      4.21779      0.00000
      3.65202      4.90558      0.00000
      3.66202      6.06852      0.00000
      3.67202      6.20101      0.00000
      3.68202      5.60473      0.00000
      3.69202      4.94789      0.00000
      3.70202      5.29663      0.00000
      3.71202      6.26091      0.00000
      3.72202      6.60997      0.00000
      3.73202      6.55634      0.00000
      3.74202      6.29556      0.00000
      3.75202      5.49860      0.00000
      3.76202      5.86977      0.00000
      3.77202      6.08099      0.00000
      3.78202      4.40896      0.00000
      3.79202      3.27668      0.00000
      3.80202      4.38237      0.00000
      3.81202      6.26714      0.00000
      3.82202      6.40831      0.00000
      3.83202      5.64753      0.00000
      3.84202      5.11380      0.00000
      3.85202      4.76505      0.00000
      3.86202      4.59798      0.00000
      3.87202      4.56085      0.00000
      3.88202      4.99854      0.00000
      3.89202      6.23252      0.00000
      3.90202      6.52663      0.00000
      3.91202      6.02719      0.00000
      3.92202      5.62323      0.00000
      3.93202      5.62783      0.00000
      3.94202      5.91986      0.00000
      3.95202      6.39842      0.00000
      3.96202      6.87291      0.00000
      3.97202      6.89923      0.00000
      3.98202      7.30724      0.00000
      3.99202      8.61161      0.00000
      4.00202      8.98805      0.00000
      4.01202      7.68561      0.00000
      4.02202      7.08750      0.00000
      4.03202      7.77468      0.00000
      4.04202      9.49632      0.00000
      4.05202     10.24145      0.00000
      4.06202      9.25065      0.00000
      4.07202      7.84442      0.00000
      4.08202      6.88264      0.00000
      4.09202      8.12021      0.00000
      4.10202      9.90714      0.00000
      4.11202     10.09180      0.00000
      4.12202     10.19876      0.00000
      4.13202     11.06573      0.00000
      4.14202     11.47154      0.00000
      4.15202     11.62118      0.00000
      4.16202     10.83150      0.00000
      4.17202      9.17737      0.00000
      4.18202      9.76077      0.00000
      4.19202     10.53542      0.00000
      4.20202      9.99390      0.00000
      4.21202      9.94340      0.00000
      4.22202     10.08519      0.00000
      4.23202     10.46451      0.00000
      4.24202     11.22974      0.00000
      4.25202     12.06862      0.00000
      4.26202     13.28030      0.00000
      4.27202     13.82573      0.00000
      4.28202     12.74786      0.00000
      4.29202     10.64527      0.00000
      4.30202      8.87929      0.00000
      4.31202      8.13460      0.00000
      4.32202      9.00836      0.00000
      4.33202     10.55240      0.00000
      4.34202     10.78259      0.00000
      4.35202     10.74634      0.00000
      4.36202     10.31330      0.00000
      4.37202     10.04064      0.00000
      4.38202     10.87188      0.00000
      4.39202     11.56445      0.00000
      4.40202     12.03975      0.00000
      4.41202     12.23204      0.00000
      4.42202     11.44198      0.00000
      4.43202     10.47876      0.00000
      4.44202     10.95168      0.00000
      4.45202     11.07566      0.00000
      4.46202     10.11967      0.00000
      4.47202     10.44198      0.00000
      4.48202     12.05929      0.00000
      4.49202     12.70879      0.00000
      4.50202     11.80953      0.00000
      4.51202     10.38375      0.00000
      4.52202      8.74827      0.00000
      4.53202      7.74080      0.00000
      4.54202      8.12994      0.00000
      4.55202      8.56544      0.00000
      4.56202      8.97906      0.00000
      4.57202     10.04094      0.00000
      4.58202     10.27209      0.00000
      4.59202      9.15046      0.00000
      4.60202      8.27538      0.00000
      4.61202      8.32484      0.00000
      4.62202      7.95137      0.00000
      4.63202      6.88497      0.00000
      4.64202      7.68683      0.00000
      4.65202      9.87368      0.00000
      4.66202     11.94902      0.00000
      4.67202     13.03155      0.00000
      4.68202     11.28693      0.00000
      4.69202      9.30711      0.00000
      4.70202      9.54007      0.00000
      4.71202     10.06400      0.00000
      4.72202      9.05862      0.00000
      4.73202      7.20771      0.00000
      4.74202      6.46094      0.00000
      4.75202      6.85681      0.00000
      4.76202      7.21133      0.00000
      4.77202      7.17677      0.00000
      4.78202      6.99901      0.00000
      4.79202      7.20337      0.00000
      4.80202      6.91503      0.00000
      4.81202      5.94243      0.00000
      4.82202      5.47476      0.00000
      4.83202      5.33227      0.00000
      4.84202      4.66008      0.00000
      4.85202      3.29595      0.00000
      4.86202      2.66718      0.00000
      4.87202      3.42946      0.00000
      4.88202      4.09297      0.00000
      4.89202      3.88706      0.00000
      4.90202      3.73793      0.00000
      4.91202      4.19402      0.00000
      4.92202      4.27413      0.00000
      4.93202      3.65358      0.00000
      4.94202      3.64399      0.00000
      4.95202      4.59167      0.00000
      4.96202      5.75519      0.00000
      4.97202      5.27587      0.00000
      4.98202      3.48669      0.00000
      4.99202      2.38705      0.00000
      5.00202      2.20200      0.00000
      5.01202      2.18123      0.00000
      5.02202      2.56936      0.00000
      5.03202      3.69396      0.00000
      5.04202      4.67604      0.00000
      5.05202      4.36533      0.00000
      5.06202      3.65207      0.00000
      5.07202      3.24219      0.00000
      5.08202      3.38106      0.00000
      5.09202      3.67464      0.00000
      5.10202      3.02511      0.00000
      5.11202      2.37433      0.00000
      5.12202      2.48201      0.00000
      5.13202      2.62211      0.00000
