Energy-E_F (eV)    DOS (1/eV)    PDOS (1/eV)  of atom type Tl 
     -4.99000      0.00000      0.00000
     -4.98000      0.00000      0.00000
     -4.97000      0.00000      0.00000
     -4.96000      0.00000      0.00000
     -4.95000     -0.00002     -0.00002
     -4.94000     -0.00129     -0.00129
     -4.93000     -0.02516     -0.02516
     -4.92000     -0.18018     -0.18018
     -4.91000     -0.47464     -0.47464
     -4.90000     -0.45997     -0.45997
     -4.89000     -0.16399     -0.16399
     -4.88000     -0.02151     -0.02151
     -4.87000     -0.00104     -0.00104
     -4.86000     -0.00002     -0.00002
     -4.85000      0.00000      0.00000
     -4.84000      0.00000      0.00000
     -4.83000      0.00000      0.00000
     -4.82000      0.00000      0.00000
     -4.81000      0.00000      0.00000
     -4.80000      0.00000      0.00000
     -4.79000      0.00000      0.00000
     -4.78000      0.00000      0.00000
     -4.77000      0.00000      0.00000
     -4.76000      0.00000      0.00000
     -4.75000      0.00000      0.00000
     -4.74000      0.00000      0.00000
     -4.73000      0.00000      0.00000
     -4.72000      0.00000      0.00000
     -4.71000      0.00000      0.00000
     -4.70000      0.00000      0.00000
     -4.69000      0.00000      0.00000
     -4.68000      0.00000      0.00000
     -4.67000      0.00002      0.00002
     -4.66000      0.00107      0.00107
     -4.65000      0.02300      0.02300
     -4.64000      0.18206      0.18206
     -4.63000      0.53021      0.53021
     -4.62000      0.56804      0.56804
     -4.61000      0.22388      0.22388
     -4.60000      0.03246      0.03246
     -4.59000      0.00173      0.00173
     -4.58000      0.00003      0.00003
     -4.57000      0.00000      0.00000
     -4.56000      0.00000      0.00000
     -4.55000      0.00000      0.00000
     -4.54000      0.00000      0.00000
     -4.53000      0.00041      0.00041
     -4.52000      0.01363      0.01363
     -4.51000      0.16761      0.16761
     -4.50000      0.77398      0.77398
     -4.49000      1.49175      1.49175
     -4.48000      1.80877      1.80877
     -4.47000      1.94075      1.94075
     -4.46000      1.22873      1.22873
     -4.45000      0.34496      0.34496
     -4.44000      0.04307      0.04307
     -4.43000      0.04949      0.04949
     -4.42000      0.27951      0.27951
     -4.41000      0.61410      0.61410
     -4.40000      0.60254      0.60254
     -4.39000      0.59553      0.59553
     -4.38000      0.62462      0.62462
     -4.37000      0.30022      0.30022
     -4.36000      0.05580      0.05580
     -4.35000      0.03464      0.03464
     -4.34000      0.21814      0.21814
     -4.33000      0.56348      0.56348
     -4.32000      0.53567      0.53567
     -4.31000      0.18734      0.18734
     -4.30000      0.02410      0.02410
     -4.29000      0.00114      0.00114
     -4.28000      0.00011      0.00011
     -4.27000      0.00365      0.00365
     -4.26000      0.05464      0.05464
     -4.25000      0.30105      0.30105
     -4.24000      0.61020      0.61020
     -4.23000      0.45499      0.45499
     -4.22000      0.12481      0.12481
     -4.21000      0.01259      0.01259
     -4.20000      0.00048      0.00048
     -4.19000      0.00084      0.00084
     -4.18000      0.02322      0.02322
     -4.17000      0.23686      0.23686
     -4.16000      0.88890      0.88890
     -4.15000      1.22721      1.22721
     -4.14000      0.62329      0.62329
     -4.13000      0.11647      0.11647
     -4.12000      0.00887      0.00887
     -4.11000      0.01990      0.01990
     -4.10000      0.16553      0.16553
     -4.09000      0.51164      0.51164
     -4.08000      0.58181      0.58181
     -4.07000      0.24543      0.24543
     -4.06000      0.08236      0.08236
     -4.05000      0.36205      0.36205
     -4.04000      1.09125      1.09125
     -4.03000      1.58249      1.58249
     -4.02000      2.54312      2.54312
     -4.01000      4.13490      4.13490
     -4.00000      3.81859      3.81859
     -3.99000      2.53928      2.53928
     -3.98000      1.59778      1.59778
     -3.97000      0.78609      0.78609
     -3.96000      0.22091      0.22091
     -3.95000      0.02735      0.02735
     -3.94000      0.00144      0.00144
     -3.93000      0.00543      0.00543
     -3.92000      0.08879      0.08879
     -3.91000      0.53646      0.53646
     -3.90000      1.19231      1.19231
     -3.89000      0.97488      0.97488
     -3.88000      0.29324      0.29324
     -3.87000      0.03265      0.03265
     -3.86000      0.00816      0.00816
     -3.85000      0.08365      0.08365
     -3.84000      0.37643      0.37643
     -3.83000      0.62334      0.62334
     -3.82000      0.37973      0.37973
     -3.81000      0.08510      0.08510
     -3.80000      0.00703      0.00703
     -3.79000      0.00111      0.00111
     -3.78000      0.02443      0.02443
     -3.77000      0.24472      0.24472
     -3.76000      0.90201      0.90201
     -3.75000      1.22323      1.22323
     -3.74000      0.61546      0.61546
     -3.73000      0.19757      0.19757
     -3.72000      0.56297      0.56297
     -3.71000      1.49246      1.49246
     -3.70000      1.66054      1.66054
     -3.69000      0.74734      0.74734
     -3.68000      0.13178      0.13178
     -3.67000      0.00892      0.00892
     -3.66000      0.00281      0.00281
     -3.65000      0.05313      0.05313
     -3.64000      0.40933      0.40933
     -3.63000      1.29115      1.29115
     -3.62000      2.22074      2.22074
     -3.61000      2.77465      2.77465
     -3.60000      1.96346      1.96346
     -3.59000      0.58855      0.58855
     -3.58000      0.06831      0.06831
     -3.57000      0.00308      0.00308
     -3.56000      0.00316      0.00316
     -3.55000      0.04889      0.04889
     -3.54000      0.28318      0.28318
     -3.53000      0.60519      0.60519
     -3.52000      0.51673      0.51673
     -3.51000      0.50269      0.50269
     -3.50000      1.25454      1.25454
     -3.49000      2.14715      2.14715
     -3.48000      2.55209      2.55209
     -3.47000      2.37526      2.37526
     -3.46000      2.55310      2.55310
     -3.45000      2.99020      2.99020
     -3.44000      2.91810      2.91810
     -3.43000      2.57524      2.57524
     -3.42000      1.61679      1.61679
     -3.41000      0.82181      0.82181
     -3.40000      1.10026      1.10026
     -3.39000      1.15520      1.15520
     -3.38000      0.48613      0.48613
     -3.37000      0.28062      0.28062
     -3.36000      1.08709      1.08709
     -3.35000      2.41102      2.41102
     -3.34000      2.46218      2.46218
     -3.33000      1.25596      1.25596
     -3.32000      0.34089      0.34089
     -3.31000      0.18931      0.18931
     -3.30000      0.78430      0.78430
     -3.29000      1.85578      1.85578
     -3.28000      2.46664      2.46664
     -3.27000      1.85064      1.85064
     -3.26000      0.73141      0.73141
     -3.25000      0.56323      0.56323
     -3.24000      1.18774      1.18774
     -3.23000      2.57092      2.57092
     -3.22000      3.69910      3.69910
     -3.21000      2.91166      2.91166
     -3.20000      1.82434      1.82434
     -3.19000      2.24628      2.24628
     -3.18000      3.02744      3.02744
     -3.17000      2.76741      2.76741
     -3.16000      2.25891      2.25891
     -3.15000      1.40520      1.40520
     -3.14000      0.51016      0.51016
     -3.13000      0.51411      0.51411
     -3.12000      1.28277      1.28277
     -3.11000      1.77331      1.77331
     -3.10000      1.69688      1.69688
     -3.09000      1.26240      1.26240
     -3.08000      1.08455      1.08455
     -3.07000      1.46544      1.46544
     -3.06000      2.03301      2.03301
     -3.05000      1.85197      1.85197
     -3.04000      0.93592      0.93592
     -3.03000      0.59450      0.59450
     -3.02000      1.38590      1.38590
     -3.01000      1.80679      1.80679
     -3.00000      1.11701      1.11701
     -2.99000      0.79555      0.79555
     -2.98000      0.95711      0.95711
     -2.97000      1.35040      1.35040
     -2.96000      1.79331      1.79331
     -2.95000      2.98178      2.98178
     -2.94000      3.83510      3.83510
     -2.93000      2.54800      2.54800
     -2.92000      1.60381      1.60381
     -2.91000      0.96570      0.96570
     -2.90000      0.28033      0.28033
     -2.89000      0.19538      0.19538
     -2.88000      0.81129      0.81129
     -2.87000      1.58579      1.58579
     -2.86000      1.39045      1.39045
     -2.85000      0.59202      0.59202
     -2.84000      0.11775      0.11775
     -2.83000      0.00984      0.00984
     -2.82000      0.00099      0.00099
     -2.81000      0.02277      0.02277
     -2.80000      0.29185      0.29185
     -2.79000      1.42008      1.42008
     -2.78000      2.71625      2.71625
     -2.77000      2.23370      2.23370
     -2.76000      0.91204      0.91204
     -2.75000      0.19500      0.19500
     -2.74000      0.01934      0.01934
     -2.73000      0.00078      0.00078
     -2.72000      0.00001      0.00001
     -2.71000      0.00000      0.00000
     -2.70000      0.00000      0.00000
     -2.69000      0.00000      0.00000
     -2.68000      0.00005      0.00005
     -2.67000      0.00260      0.00260
     -2.66000      0.05297      0.05297
     -2.65000      0.40023      0.40023
     -2.64000      1.16328      1.16328
     -2.63000      1.57907      1.57907
     -2.62000      1.56646      1.56646
     -2.61000      1.09515      1.09515
     -2.60000      0.35776      0.35776
     -2.59000      0.18914      0.18914
     -2.58000      0.75009      0.75009
     -2.57000      1.69539      1.69539
     -2.56000      2.68388      2.68388
     -2.55000      3.90978      3.90978
     -2.54000      3.85335      3.85335
     -2.53000      2.54649      2.54649
     -2.52000      1.41059      1.41059
     -2.51000      0.85426      0.85426
     -2.50000      0.61455      0.61455
     -2.49000      0.24256      0.24256
     -2.48000      0.12118      0.12118
     -2.47000      0.54589      0.54589
     -2.46000      1.39572      1.39572
     -2.45000      1.87503      1.87503
     -2.44000      1.96538      1.96538
     -2.43000      1.41008      1.41008
     -2.42000      0.53831      0.53831
     -2.41000      0.40093      0.40093
     -2.40000      0.62325      0.62325
     -2.39000      0.42693      0.42693
     -2.38000      0.22724      0.22724
     -2.37000      0.65268      0.65268
     -2.36000      1.23298      1.23298
     -2.35000      0.86906      0.86906
     -2.34000      0.22593      0.22593
     -2.33000      0.03620      0.03620
     -2.32000      0.15710      0.15710
     -2.31000      0.66156      0.66156
     -2.30000      1.15403      1.15403
     -2.29000      0.84655      0.84655
     -2.28000      0.25813      0.25813
     -2.27000      0.03163      0.03163
     -2.26000      0.00150      0.00150
     -2.25000      0.00003      0.00003
     -2.24000      0.00000      0.00000
     -2.23000      0.00001      0.00001
     -2.22000      0.00086      0.00086
     -2.21000      0.02364      0.02364
     -2.20000      0.23986      0.23986
     -2.19000      0.90283      0.90283
     -2.18000      1.35476      1.35476
     -2.17000      1.27691      1.27691
     -2.16000      1.35175      1.35175
     -2.15000      0.87933      0.87933
     -2.14000      0.37839      0.37839
     -2.13000      0.61685      0.61685
     -2.12000      1.00773      1.00773
     -2.11000      0.88137      0.88137
     -2.10000      0.38372      0.38372
     -2.09000      0.07221      0.07221
     -2.08000      0.01969      0.01969
     -2.07000      0.13702      0.13702
     -2.06000      0.48612      0.48612
     -2.05000      0.77072      0.77072
     -2.04000      1.14858      1.14858
     -2.03000      2.01635      2.01635
     -2.02000      2.72309      2.72309
     -2.01000      3.42571      3.42571
     -2.00000      3.06248      3.06248
     -1.99000      1.46886      1.46886
     -1.98000      0.33735      0.33735
     -1.97000      0.04763      0.04763
     -1.96000      0.17656      0.17656
     -1.95000      0.77090      0.77090
     -1.94000      1.25325      1.25325
     -1.93000      0.82486      0.82486
     -1.92000      0.53786      0.53786
     -1.91000      0.63640      0.63640
     -1.90000      0.38102      0.38102
     -1.89000      0.08553      0.08553
     -1.88000      0.00880      0.00880
     -1.87000      0.04254      0.04254
     -1.86000      0.40006      0.40006
     -1.85000      1.50737      1.50737
     -1.84000      2.34216      2.34216
     -1.83000      1.58500      1.58500
     -1.82000      0.83804      0.83804
     -1.81000      1.25513      1.25513
     -1.80000      1.74689      1.74689
     -1.79000      1.62425      1.62425
     -1.78000      1.57024      1.57024
     -1.77000      1.48188      1.48188
     -1.76000      1.45390      1.45390
     -1.75000      1.07587      1.07587
     -1.74000      0.63916      0.63916
     -1.73000      0.72821      0.72821
     -1.72000      0.91756      0.91756
     -1.71000      1.35655      1.35655
     -1.70000      1.41542      1.41542
     -1.69000      0.95393      0.95393
     -1.68000      0.42281      0.42281
     -1.67000      0.23568      0.23568
     -1.66000      0.83141      0.83141
     -1.65000      2.01702      2.01702
     -1.64000      2.63841      2.63841
     -1.63000      2.22718      2.22718
     -1.62000      2.18852      2.18852
     -1.61000      2.55572      2.55572
     -1.60000      2.44043      2.44043
     -1.59000      3.11515      3.11515
     -1.58000      4.38751      4.38751
     -1.57000      3.18437      3.18437
     -1.56000      1.51844      1.51844
     -1.55000      1.53622      1.53622
     -1.54000      1.71502      1.71502
     -1.53000      1.46418      1.46418
     -1.52000      0.69191      0.69191
     -1.51000      0.13428      0.13428
     -1.50000      0.01241      0.01241
     -1.49000      0.05350      0.05350
     -1.48000      0.39785      0.39785
     -1.47000      1.09388      1.09388
     -1.46000      1.10668      1.10668
     -1.45000      0.41983      0.41983
     -1.44000      0.15025      0.15025
     -1.43000      0.40209      0.40209
     -1.42000      0.64422      0.64422
     -1.41000      0.61916      0.61916
     -1.40000      1.35755      1.35755
     -1.39000      2.70878      2.70878
     -1.38000      2.61690      2.61690
     -1.37000      1.52559      1.52559
     -1.36000      1.08686      1.08686
     -1.35000      0.88407      0.88407
     -1.34000      0.44671      0.44671
     -1.33000      0.10893      0.10893
     -1.32000      0.13480      0.13480
     -1.31000      0.65105      0.65105
     -1.30000      1.24212      1.24212
     -1.29000      0.95217      0.95217
     -1.28000      0.61405      0.61405
     -1.27000      0.67897      0.67897
     -1.26000      0.67560      0.67560
     -1.25000      1.11946      1.11946
     -1.24000      1.55434      1.55434
     -1.23000      1.57964      1.57964
     -1.22000      1.21715      1.21715
     -1.21000      0.45172      0.45172
     -1.20000      0.10310      0.10310
     -1.19000      0.33091      0.33091
     -1.18000      1.01928      1.01928
     -1.17000      1.17391      1.17391
     -1.16000      0.59367      0.59367
     -1.15000      0.65658      0.65658
     -1.14000      1.45470      1.45470
     -1.13000      1.61968      1.61968
     -1.12000      0.76979      0.76979
     -1.11000      0.14627      0.14627
     -1.10000      0.01718      0.01718
     -1.09000      0.11504      0.11504
     -1.08000      0.73831      0.73831
     -1.07000      1.74945      1.74945
     -1.06000      1.52680      1.52680
     -1.05000      0.49079      0.49079
     -1.04000      0.05811      0.05811
     -1.03000      0.00276      0.00276
     -1.02000      0.00962      0.00962
     -1.01000      0.15325      0.15325
     -1.00000      0.98527      0.98527
     -0.99000      2.68959      2.68959
     -0.98000      3.30482      3.30482
     -0.97000      2.03346      2.03346
     -0.96000      1.17691      1.17691
     -0.95000      1.36572      1.36572
     -0.94000      1.53415      1.53415
     -0.93000      1.51540      1.51540
     -0.92000      2.29156      2.29156
     -0.91000      2.24266      2.24266
     -0.90000      0.87441      0.87441
     -0.89000      0.13272      0.13272
     -0.88000      0.09286      0.09286
     -0.87000      0.62334      0.62334
     -0.86000      1.67546      1.67546
     -0.85000      1.80024      1.80024
     -0.84000      1.50228      1.50228
     -0.83000      2.17612      2.17612
     -0.82000      2.39784      2.39784
     -0.81000      1.59281      1.59281
     -0.80000      0.55671      0.55671
     -0.79000      0.11911      0.11911
     -0.78000      0.24531      0.24531
     -0.77000      0.58214      0.58214
     -0.76000      0.56065      0.56065
     -0.75000      0.59626      0.59626
     -0.74000      1.73103      1.73103
     -0.73000      2.92717      2.92717
     -0.72000      2.06303      2.06303
     -0.71000      0.61911      0.61911
     -0.70000      0.49525      0.49525
     -0.69000      1.66108      1.66108
     -0.68000      2.70103      2.70103
     -0.67000      2.05838      2.05838
     -0.66000      0.97014      0.97014
     -0.65000      1.13242      1.13242
     -0.64000      1.85745      1.85745
     -0.63000      1.27888      1.27888
     -0.62000      0.32905      0.32905
     -0.61000      0.03149      0.03149
     -0.60000      0.00173      0.00173
     -0.59000      0.01525      0.01525
     -0.58000      0.14090      0.14090
     -0.57000      0.47946      0.47946
     -0.56000      0.60139      0.60139
     -0.55000      0.30205      0.30205
     -0.54000      0.24152      0.24152
     -0.53000      0.54641      0.54641
     -0.52000      0.57414      0.57414
     -0.51000      0.40403      0.40403
     -0.50000      0.83904      0.83904
     -0.49000      1.25930      1.25930
     -0.48000      0.88517      0.88517
     -0.47000      1.07197      1.07197
     -0.46000      2.03335      2.03335
     -0.45000      2.21829      2.21829
     -0.44000      2.05347      2.05347
     -0.43000      2.51384      2.51384
     -0.42000      1.90619      1.90619
     -0.41000      0.71387      0.71387
     -0.40000      0.70144      0.70144
     -0.39000      1.23215      1.23215
     -0.38000      0.88377      0.88377
     -0.37000      0.23401      0.23401
     -0.36000      0.03056      0.03056
     -0.35000      0.11524      0.11524
     -0.34000      0.61738      0.61738
     -0.33000      1.22541      1.22541
     -0.32000      0.89499      0.89499
     -0.31000      0.24815      0.24815
     -0.30000      0.13805      0.13805
     -0.29000      0.61787      0.61787
     -0.28000      1.22531      1.22531
     -0.27000      0.89516      0.89516
     -0.26000      0.24060      0.24060
     -0.25000      0.02515      0.02515
     -0.24000      0.03661      0.03661
     -0.23000      0.35179      0.35179
     -0.22000      1.30183      1.30183
     -0.21000      1.82041      1.82041
     -0.20000      0.96592      0.96592
     -0.19000      0.19512      0.19512
     -0.18000      0.02078      0.02078
     -0.17000      0.11281      0.11281
     -0.16000      0.81573      0.81573
     -0.15000      2.25769      2.25769
     -0.14000      2.62893      2.62893
     -0.13000      2.09323      2.09323
     -0.12000      2.31882      2.31882
     -0.11000      2.38572      2.38572
     -0.10000      2.14042      2.14042
     -0.09000      1.68463      1.68463
     -0.08000      1.03755      1.03755
     -0.07000      0.84773      0.84773
     -0.06000      0.83995      0.83995
     -0.05000      0.96878      0.96878
     -0.04000      1.27504      1.27504
     -0.03000      1.31130      1.31130
     -0.02000      0.78456      0.78456
     -0.01000      0.95655      0.95655
      0.00000      1.79583      1.79583
      0.01000      1.96695      1.96695
      0.02000      1.28645      1.28645
      0.03000      0.84333      0.84333
      0.04000      1.03619      1.03619
      0.05000      1.41420      1.41420
      0.06000      1.49111      1.49111
      0.07000      1.47709      1.47709
      0.08000      1.49076      1.49076
      0.09000      1.43411      1.43411
      0.10000      1.27054      1.27054
      0.11000      0.56738      0.56738
      0.12000      0.25141      0.25141
      0.13000      0.73854      0.73854
      0.14000      1.26521      1.26521
      0.15000      0.98828      0.98828
      0.16000      1.01870      1.01870
      0.17000      1.29501      1.29501
      0.18000      1.02266      1.02266
      0.19000      1.32810      1.32810
      0.20000      1.93330      1.93330
      0.21000      1.87119      1.87119
      0.22000      1.58896      1.58896
      0.23000      2.12904      2.12904
      0.24000      2.87797      2.87797
      0.25000      2.44044      2.44044
      0.26000      1.02201      1.02201
      0.27000      0.17808      0.17808
      0.28000      0.01229      0.01229
      0.29000      0.01102      0.01102
      0.30000      0.11247      0.11247
      0.31000      0.43411      0.43411
      0.32000      0.61678      0.61678
      0.33000      0.33405      0.33405
      0.34000      0.21973      0.21973
      0.35000      0.81013      0.81013
      0.36000      1.77602      1.77602
      0.37000      1.98506      1.98506
      0.38000      1.21383      1.21383
      0.39000      0.72823      0.72823
      0.40000      1.43199      1.43199
      0.41000      1.87449      1.87449
      0.42000      1.39932      1.39932
      0.43000      1.34854      1.34854
      0.44000      0.99447      0.99447
      0.45000      0.30078      0.30078
      0.46000      0.06094      0.06094
      0.47000      0.27638      0.27638
      0.48000      1.09997      1.09997
      0.49000      1.97870      1.97870
      0.50000      1.83969      1.83969
      0.51000      0.94854      0.94854
      0.52000      0.57896      0.57896
      0.53000      0.68107      0.68107
      0.54000      0.77237      0.77237
      0.55000      1.69138      1.69138
      0.56000      2.77970      2.77970
      0.57000      2.15059      2.15059
      0.58000      0.80375      0.80375
      0.59000      0.65201      0.65201
      0.60000      1.20770      1.20770
      0.61000      0.95522      0.95522
      0.62000      0.32037      0.32037
      0.63000      0.38076      0.38076
      0.64000      1.12162      1.12162
      0.65000      1.65454      1.65454
      0.66000      1.64221      1.64221
      0.67000      1.07773      1.07773
      0.68000      0.34066      0.34066
      0.69000      0.28471      0.28471
      0.70000      1.24045      1.24045
      0.71000      2.38970      2.38970
      0.72000      1.80542      1.80542
      0.73000      0.78121      0.78121
      0.74000      1.31633      1.31633
      0.75000      2.60514      2.60514
      0.76000      2.47313      2.47313
      0.77000      1.30885      1.30885
      0.78000      1.58537      1.58537
      0.79000      2.69761      2.69761
      0.80000      2.21320      2.21320
      0.81000      0.99632      0.99632
      0.82000      0.66622      0.66622
      0.83000      1.55293      1.55293
      0.84000      2.28647      2.28647
      0.85000      1.63888      1.63888
      0.86000      0.91121      0.91121
      0.87000      0.64169      0.64169
      0.88000      0.26589      0.26589
      0.89000      0.04314      0.04314
      0.90000      0.00266      0.00266
      0.91000      0.00402      0.00402
      0.92000      0.09122      0.09122
      0.93000      0.77987      0.77987
      0.94000      2.48064      2.48064
      0.95000      2.93682      2.93682
      0.96000      1.29448      1.29448
      0.97000      0.21914      0.21914
      0.98000      0.11710      0.11710
      0.99000      0.58745      0.58745
