Energy-E_F (eV)    DOS (1/eV)    PDOS (1/eV)  of atom type Tl 
     -4.99000      0.00000      0.00000
     -4.98000      0.00000      0.00000
     -4.97000      0.00000      0.00000
     -4.96000      0.00000      0.00000
     -4.95000     -0.00005      0.00000
     -4.94000     -0.00259      0.00000
     -4.93000     -0.05032      0.00000
     -4.92000     -0.36036      0.00000
     -4.91000     -0.94928      0.00000
     -4.90000     -0.91994      0.00000
     -4.89000     -0.32797      0.00000
     -4.88000     -0.04301      0.00000
     -4.87000     -0.00208      0.00000
     -4.86000     -0.00004      0.00000
     -4.85000      0.00000      0.00000
     -4.84000      0.00000      0.00000
     -4.83000      0.00000      0.00000
     -4.82000      0.00000      0.00000
     -4.81000      0.00000      0.00000
     -4.80000      0.00000      0.00000
     -4.79000      0.00000      0.00000
     -4.78000      0.00000      0.00000
     -4.77000      0.00000      0.00000
     -4.76000      0.00000      0.00000
     -4.75000      0.00000      0.00000
     -4.74000      0.00000      0.00000
     -4.73000      0.00000      0.00000
     -4.72000      0.00000      0.00000
     -4.71000      0.00000      0.00000
     -4.70000      0.00000      0.00000
     -4.69000      0.00000      0.00000
     -4.68000      0.00000      0.00000
     -4.67000      0.00004      0.00000
     -4.66000      0.00214      0.00000
     -4.65000      0.04600      0.00000
     -4.64000      0.36413      0.00000
     -4.63000      1.06042      0.00000
     -4.62000      1.13607      0.00000
     -4.61000      0.44775      0.00000
     -4.60000      0.06492      0.00000
     -4.59000      0.00346      0.00000
     -4.58000      0.00007      0.00000
     -4.57000      0.00000      0.00000
     -4.56000      0.00000      0.00000
     -4.55000      0.00000      0.00000
     -4.54000      0.00001      0.00000
     -4.53000      0.00107      0.00000
     -4.52000      0.03328      0.00000
     -4.51000      0.38248      0.00000
     -4.50000      1.64995      0.00000
     -4.49000      2.98282      0.00000
     -4.48000      3.52333      0.00000
     -4.47000      3.83636      0.00000
     -4.46000      2.44506      0.00000
     -4.45000      0.68710      0.00000
     -4.44000      0.08592      0.00000
     -4.43000      0.09955      0.00000
     -4.42000      0.56123      0.00000
     -4.41000      1.23545      0.00000
     -4.40000      1.24181      0.00000
     -4.39000      1.24731      0.00000
     -4.38000      1.22426      0.00000
     -4.37000      0.54227      0.00000
     -4.36000      0.09396      0.00000
     -4.35000      0.07498      0.00000
     -4.34000      0.46597      0.00000
     -4.33000      1.14940      0.00000
     -4.32000      1.04328      0.00000
     -4.31000      0.34837      0.00000
     -4.30000      0.04279      0.00000
     -4.29000      0.00193      0.00000
     -4.28000      0.00021      0.00000
     -4.27000      0.00731      0.00000
     -4.26000      0.10944      0.00000
     -4.25000      0.60258      0.00000
     -4.24000      1.22056      0.00000
     -4.23000      0.90952      0.00000
     -4.22000      0.24933      0.00000
     -4.21000      0.02514      0.00000
     -4.20000      0.00096      0.00000
     -4.19000      0.00169      0.00000
     -4.18000      0.04644      0.00000
     -4.17000      0.47372      0.00000
     -4.16000      1.77780      0.00000
     -4.15000      2.45442      0.00000
     -4.14000      1.24658      0.00000
     -4.13000      0.23324      0.00000
     -4.12000      0.02755      0.00000
     -4.11000      0.14968      0.00000
     -4.10000      0.71059      0.00000
     -4.09000      1.24443      0.00000
     -4.08000      0.80206      0.00000
     -4.07000      0.20383      0.00000
     -4.06000      0.22736      0.00000
     -4.05000      1.19539      0.00000
     -4.04000      2.72763      0.00000
     -4.03000      4.12543      0.00000
     -4.02000      7.76900      0.00000
     -4.01000     10.07618      0.00000
     -4.00000      6.55769      0.00000
     -3.99000      2.79004      0.00000
     -3.98000      1.41246      0.00000
     -3.97000      0.53228      0.00000
     -3.96000      0.08435      0.00000
     -3.95000      0.00506      0.00000
     -3.94000      0.00378      0.00000
     -3.93000      0.08247      0.00000
     -3.92000      0.68097      0.00000
     -3.91000      2.06866      0.00000
     -3.90000      2.31182      0.00000
     -3.89000      0.95044      0.00000
     -3.88000      0.14375      0.00000
     -3.87000      0.00849      0.00000
     -3.86000      0.01580      0.00000
     -3.85000      0.18291      0.00000
     -3.84000      0.78698      0.00000
     -3.83000      1.24566      0.00000
     -3.82000      0.72534      0.00000
     -3.81000      0.15538      0.00000
     -3.80000      0.01227      0.00000
     -3.79000      0.00225      0.00000
     -3.78000      0.05093      0.00000
     -3.77000      0.50275      0.00000
     -3.76000      1.82563      0.00000
     -3.75000      2.43958      0.00000
     -3.74000      1.22772      0.00000
     -3.73000      0.61582      0.00000
     -3.72000      2.02176      0.00000
     -3.71000      3.71509      0.00000
     -3.70000      2.52953      0.00000
     -3.69000      0.63383      0.00000
     -3.68000      0.05999      0.00000
     -3.67000      0.04584      0.00000
     -3.66000      0.45701      0.00000
     -3.65000      1.76550      0.00000
     -3.64000      2.71465      0.00000
     -3.63000      2.69877      0.00000
     -3.62000      3.66077      0.00000
     -3.61000      4.08379      0.00000
     -3.60000      2.61252      0.00000
     -3.59000      1.26668      0.00000
     -3.58000      1.28003      0.00000
     -3.57000      0.97004      0.00000
     -3.56000      0.28719      0.00000
     -3.55000      0.03304      0.00000
     -3.54000      0.04745      0.00000
     -3.53000      0.47483      0.00000
     -3.52000      1.84722      0.00000
     -3.51000      3.09106      0.00000
     -3.50000      3.36703      0.00000
     -3.49000      3.39629      0.00000
     -3.48000      3.78633      0.00000
     -3.47000      5.94700      0.00000
     -3.46000      8.35357      0.00000
     -3.45000      7.21673      0.00000
     -3.44000      4.19150      0.00000
     -3.43000      1.75942      0.00000
     -3.42000      1.03318      0.00000
     -3.41000      2.37354      0.00000
     -3.40000      3.63032      0.00000
     -3.39000      3.35080      0.00000
     -3.38000      1.88054      0.00000
     -3.37000      0.88581      0.00000
     -3.36000      2.05355      0.00000
     -3.35000      3.69137      0.00000
     -3.34000      2.53386      0.00000
     -3.33000      0.66425      0.00000
     -3.32000      0.28924      0.00000
     -3.31000      1.31639      0.00000
     -3.30000      3.28573      0.00000
     -3.29000      4.60337      0.00000
     -3.28000      4.11738      0.00000
     -3.27000      2.38422      0.00000
     -3.26000      2.52739      0.00000
     -3.25000      3.63801      0.00000
     -3.24000      3.92013      0.00000
     -3.23000      4.30619      0.00000
     -3.22000      4.22766      0.00000
     -3.21000      3.53049      0.00000
     -3.20000      3.93568      0.00000
     -3.19000      5.49567      0.00000
     -3.18000      6.49994      0.00000
     -3.17000      5.36330      0.00000
     -3.16000      3.68776      0.00000
     -3.15000      2.01092      0.00000
     -3.14000      0.88053      0.00000
     -3.13000      1.79753      0.00000
     -3.12000      3.56216      0.00000
     -3.11000      4.13410      0.00000
     -3.10000      3.63715      0.00000
     -3.09000      2.56269      0.00000
     -3.08000      2.96446      0.00000
     -3.07000      4.07263      0.00000
     -3.06000      3.42204      0.00000
     -3.05000      1.93412      0.00000
     -3.04000      2.50811      0.00000
     -3.03000      3.71881      0.00000
     -3.02000      2.56651      0.00000
     -3.01000      1.50944      0.00000
     -3.00000      1.25765      0.00000
     -2.99000      0.75220      0.00000
     -2.98000      1.58758      0.00000
     -2.97000      4.91160      0.00000
     -2.96000      8.21934      0.00000
     -2.95000      8.35724      0.00000
     -2.94000      5.61402      0.00000
     -2.93000      2.18453      0.00000
     -2.92000      1.13740      0.00000
     -2.91000      2.20966      0.00000
     -2.90000      2.23018      0.00000
     -2.89000      1.00667      0.00000
     -2.88000      0.89779      0.00000
     -2.87000      1.25150      0.00000
     -2.86000      0.72768      0.00000
     -2.85000      0.15650      0.00000
     -2.84000      0.02122      0.00000
     -2.83000      0.15825      0.00000
     -2.82000      1.07927      0.00000
     -2.81000      3.06329      0.00000
     -2.80000      4.18475      0.00000
     -2.79000      3.22687      0.00000
     -2.78000      1.96155      0.00000
     -2.77000      1.31996      0.00000
     -2.76000      0.53165      0.00000
     -2.75000      0.08550      0.00000
     -2.74000      0.00511      0.00000
     -2.73000      0.00011      0.00000
     -2.72000      0.00000      0.00000
     -2.71000      0.00000      0.00000
     -2.70000      0.00000      0.00000
     -2.69000      0.00000      0.00000
     -2.68000      0.00021      0.00000
     -2.67000      0.01118      0.00000
     -2.66000      0.22239      0.00000
     -2.65000      1.63039      0.00000
     -2.64000      4.40666      0.00000
     -2.63000      4.41254      0.00000
     -2.62000      1.91413      0.00000
     -2.61000      1.65146      0.00000
     -2.60000      2.57307      0.00000
     -2.59000      2.39881      0.00000
     -2.58000      4.04798      0.00000
     -2.57000      7.83137      0.00000
     -2.56000      8.88010      0.00000
     -2.55000      5.39589      0.00000
     -2.54000      1.98560      0.00000
     -2.53000      1.35729      0.00000
     -2.52000      0.96655      0.00000
     -2.51000      0.28494      0.00000
     -2.50000      0.09117      0.00000
     -2.49000      0.58059      0.00000
     -2.48000      2.14450      0.00000
     -2.47000      3.38467      0.00000
     -2.46000      3.10890      0.00000
     -2.45000      2.97964      0.00000
     -2.44000      2.37272      0.00000
     -2.43000      0.86537      0.00000
     -2.42000      0.12878      0.00000
     -2.41000      0.16125      0.00000
     -2.40000      1.11901      0.00000
     -2.39000      3.09578      0.00000
     -2.38000      3.33215      0.00000
     -2.37000      1.41381      0.00000
     -2.36000      0.28014      0.00000
     -2.35000      0.45268      0.00000
     -2.34000      1.67118      0.00000
     -2.33000      2.43411      0.00000
     -2.32000      1.35284      0.00000
     -2.31000      0.28639      0.00000
     -2.30000      0.02301      0.00000
     -2.29000      0.00070      0.00000
     -2.28000      0.00001      0.00000
     -2.27000      0.00000      0.00000
     -2.26000      0.00011      0.00000
     -2.25000      0.00601      0.00000
     -2.24000      0.11733      0.00000
     -2.23000      0.84338      0.00000
     -2.22000      2.23048      0.00000
     -2.21000      2.18139      0.00000
     -2.20000      0.92946      0.00000
     -2.19000      0.82657      0.00000
     -2.18000      1.34830      0.00000
     -2.17000      1.55259      0.00000
     -2.16000      2.39186      0.00000
     -2.15000      2.67228      0.00000
     -2.14000      1.96851      0.00000
     -2.13000      1.21838      0.00000
     -2.12000      0.40672      0.00000
     -2.11000      0.05392      0.00000
     -2.10000      0.00282      0.00000
     -2.09000      0.00831      0.00000
     -2.08000      0.15473      0.00000
     -2.07000      1.12899      0.00000
     -2.06000      3.53773      0.00000
     -2.05000      6.01890      0.00000
     -2.04000      7.34407      0.00000
     -2.03000      6.84518      0.00000
     -2.02000      5.59036      0.00000
     -2.01000      4.26539      0.00000
     -2.00000      2.08830      0.00000
     -1.99000      0.47346      0.00000
     -1.98000      0.04294      0.00000
     -1.97000      0.00147      0.00000
     -1.96000      0.00002      0.00000
     -1.95000      0.00041      0.00000
     -1.94000      0.01357      0.00000
     -1.93000      0.16645      0.00000
     -1.92000      0.75105      0.00000
     -1.91000      1.24677      0.00000
     -1.90000      0.76758      0.00000
     -1.89000      0.31538      0.00000
     -1.88000      1.30970      0.00000
     -1.87000      4.88992      0.00000
     -1.86000      8.59765      0.00000
     -1.85000      7.89378      0.00000
     -1.84000      4.06443      0.00000
     -1.83000      1.23033      0.00000
     -1.82000      0.80836      0.00000
     -1.81000      1.43820      0.00000
     -1.80000      1.98229      0.00000
     -1.79000      2.62774      0.00000
     -1.78000      1.91493      0.00000
     -1.77000      0.58899      0.00000
     -1.76000      0.49851      0.00000
     -1.75000      1.72520      0.00000
     -1.74000      2.55075      0.00000
     -1.73000      2.00588      0.00000
     -1.72000      2.68781      0.00000
     -1.71000      3.94682      0.00000
     -1.70000      3.45602      0.00000
     -1.69000      1.56991      0.00000
     -1.68000      0.38178      0.00000
     -1.67000      0.74705      0.00000
     -1.66000      2.87044      0.00000
     -1.65000      5.40754      0.00000
     -1.64000      5.80497      0.00000
     -1.63000      4.99908      0.00000
     -1.62000      6.42427      0.00000
     -1.61000      7.30601      0.00000
     -1.60000      5.26896      0.00000
     -1.59000      4.48778      0.00000
     -1.58000      6.06939      0.00000
     -1.57000      4.92597      0.00000
     -1.56000      1.67722      0.00000
     -1.55000      0.45252      0.00000
     -1.54000      0.89735      0.00000
     -1.53000      1.27125      0.00000
     -1.52000      0.97468      0.00000
     -1.51000      1.15956      0.00000
     -1.50000      1.16062      0.00000
     -1.49000      0.51518      0.00000
     -1.48000      0.54884      0.00000
     -1.47000      1.79037      0.00000
     -1.46000      2.45186      0.00000
     -1.45000      1.23783      0.00000
     -1.44000      0.22990      0.00000
     -1.43000      0.01577      0.00000
     -1.42000      0.00397      0.00000
     -1.41000      0.08102      0.00000
     -1.40000      0.67927      0.00000
     -1.39000      2.19368      0.00000
     -1.38000      3.39057      0.00000
     -1.37000      4.21994      0.00000
     -1.36000      4.23314      0.00000
     -1.35000      2.63928      0.00000
     -1.34000      1.06161      0.00000
     -1.33000      0.22692      0.00000
     -1.32000      0.02142      0.00000
     -1.31000      0.03647      0.00000
     -1.30000      0.40416      0.00000
     -1.29000      1.75488      0.00000
     -1.28000      3.48464      0.00000
     -1.27000      4.84524      0.00000
     -1.26000      5.02418      0.00000
     -1.25000      2.59913      0.00000
     -1.24000      0.55324      0.00000
     -1.23000      0.04642      0.00000
     -1.22000      0.01680      0.00000
     -1.21000      0.23658      0.00000
     -1.20000      1.39249      0.00000
     -1.19000      3.22464      0.00000
     -1.18000      3.05813      0.00000
     -1.17000      1.23507      0.00000
     -1.16000      0.33976      0.00000
     -1.15000      0.70224      0.00000
     -1.14000      1.53017      0.00000
     -1.13000      2.25200      0.00000
     -1.12000      2.70025      0.00000
     -1.11000      1.63969      0.00000
     -1.10000      0.40621      0.00000
     -1.09000      0.23229      0.00000
     -1.08000      0.82184      0.00000
     -1.07000      1.31084      0.00000
     -1.06000      1.30002      0.00000
     -1.05000      2.11831      0.00000
     -1.04000      2.38197      0.00000
     -1.03000      1.06429      0.00000
     -1.02000      0.41652      0.00000
     -1.01000      1.29546      0.00000
     -1.00000      2.46527      0.00000
     -0.99000      1.73920      0.00000
     -0.98000      0.45197      0.00000
     -0.97000      0.06687      0.00000
     -0.96000      0.38766      0.00000
     -0.95000      2.46764      0.00000
     -0.94000      6.80494      0.00000
     -0.93000      9.31037      0.00000
     -0.92000      6.62405      0.00000
     -0.91000      2.19243      0.00000
     -0.90000      0.29957      0.00000
     -0.89000      0.03824      0.00000
     -0.88000      0.33213      0.00000
     -0.87000      2.08079      0.00000
     -0.86000      6.16262      0.00000
     -0.85000      9.22109      0.00000
     -0.84000      7.41949      0.00000
     -0.83000      4.08177      0.00000
     -0.82000      1.59757      0.00000
     -0.81000      0.30899      0.00000
     -0.80000      0.06752      0.00000
     -0.79000      0.57681      0.00000
     -0.78000      2.78080      0.00000
     -0.77000      4.95985      0.00000
     -0.76000      3.28926      0.00000
     -0.75000      1.14278      0.00000
     -0.74000      2.18819      0.00000
     -0.73000      4.75550      0.00000
     -0.72000      3.92830      0.00000
     -0.71000      1.20227      0.00000
     -0.70000      0.27263      0.00000
     -0.69000      0.94775      0.00000
     -0.68000      2.48567      0.00000
     -0.67000      3.22813      0.00000
     -0.66000      3.43123      0.00000
     -0.65000      3.03704      0.00000
     -0.64000      1.73102      0.00000
     -0.63000      0.54330      0.00000
     -0.62000      0.08902      0.00000
     -0.61000      0.16667      0.00000
     -0.60000      0.74212      0.00000
     -0.59000      1.24648      0.00000
     -0.58000      0.77084      0.00000
     -0.57000      0.19666      0.00000
     -0.56000      0.32256      0.00000
     -0.55000      1.67088      0.00000
     -0.54000      3.49283      0.00000
     -0.53000      2.91989      0.00000
     -0.52000      1.39896      0.00000
     -0.51000      1.31952      0.00000
     -0.50000      1.53960      0.00000
     -0.49000      2.68099      0.00000
     -0.48000      4.54213      0.00000
     -0.47000      3.66732      0.00000
     -0.46000      1.25463      0.00000
     -0.45000      0.17452      0.00000
     -0.44000      0.02760      0.00000
     -0.43000      0.27575      0.00000
     -0.42000      1.69278      0.00000
     -0.41000      4.66836      0.00000
     -0.40000      6.37807      0.00000
     -0.39000      4.27664      0.00000
     -0.38000      1.27662      0.00000
     -0.37000      0.15675      0.00000
     -0.36000      0.03795      0.00000
     -0.35000      0.36019      0.00000
     -0.34000      1.56174      0.00000
     -0.33000      2.49206      0.00000
     -0.32000      1.46289      0.00000
     -0.31000      0.31592      0.00000
     -0.30000      0.02510      0.00000
     -0.29000      0.00079      0.00000
     -0.28000      0.00355      0.00000
     -0.27000      0.08041      0.00000
     -0.26000      0.67041      0.00000
     -0.25000      2.05637      0.00000
     -0.24000      2.32045      0.00000
     -0.23000      0.96495      0.00000
     -0.22000      0.19403      0.00000
     -0.21000      0.48526      0.00000
     -0.20000      1.78454      0.00000
     -0.19000      2.48050      0.00000
     -0.18000      1.50731      0.00000
     -0.17000      1.19310      0.00000
     -0.16000      1.56175      0.00000
     -0.15000      2.09801      0.00000
     -0.14000      2.82485      0.00000
     -0.13000      2.99947      0.00000
     -0.12000      4.27281      0.00000
     -0.11000      4.43533      0.00000
     -0.10000      2.09369      0.00000
     -0.09000      1.04546      0.00000
     -0.08000      3.04050      0.00000
     -0.07000      5.25664      0.00000
     -0.06000      4.72549      0.00000
     -0.05000      5.29445      0.00000
     -0.04000      7.41473      0.00000
     -0.03000      7.86936      0.00000
     -0.02000      5.14922      0.00000
     -0.01000      2.88582      0.00000
     -0.00000      2.65551      0.00000
      0.01000      1.51982      0.00000
      0.02000      0.33758      0.00000
      0.03000      0.02770      0.00000
      0.04000      0.00084      0.00000
      0.05000      0.00015      0.00000
      0.06000      0.00728      0.00000
      0.07000      0.13447      0.00000
      0.08000      0.91561      0.00000
      0.09000      2.32302      0.00000
      0.10000      2.42159      0.00000
      0.11000      1.71957      0.00000
      0.12000      1.26247      0.00000
      0.13000      0.51550      0.00000
      0.14000      0.24437      0.00000
      0.15000      1.28231      0.00000
      0.16000      4.31374      0.00000
      0.17000      7.27102      0.00000
      0.18000      7.32766      0.00000
      0.19000      5.27119      0.00000
      0.20000      3.29999      0.00000
      0.21000      2.85366      0.00000
      0.22000      1.95713      0.00000
      0.23000      0.56572      0.00000
      0.24000      0.06312      0.00000
      0.25000      0.04790      0.00000
      0.26000      0.39652      0.00000
      0.27000      1.49467      0.00000
      0.28000      2.87211      0.00000
      0.29000      2.94068      0.00000
      0.30000      1.54825      0.00000
      0.31000      1.22150      0.00000
      0.32000      2.25430      0.00000
      0.33000      2.93145      0.00000
      0.34000      3.12861      0.00000
      0.35000      2.23660      0.00000
      0.36000      0.71189      0.00000
      0.37000      0.08782      0.00000
      0.38000      0.03763      0.00000
      0.39000      0.48166      0.00000
      0.40000      2.66545      0.00000
      0.41000      5.75818      0.00000
      0.42000      4.86808      0.00000
      0.43000      1.62618      0.00000
      0.44000      0.50633      0.00000
      0.45000      1.57573      0.00000
      0.46000      3.49148      0.00000
      0.47000      3.96302      0.00000
      0.48000      2.40556      0.00000
      0.49000      0.72081      0.00000
      0.50000      0.56444      0.00000
      0.51000      1.80667      0.00000
      0.52000      2.44643      0.00000
      0.53000      1.22080      0.00000
      0.54000      0.22411      0.00000
      0.55000      0.01514      0.00000
      0.56000      0.00038      0.00000
      0.57000      0.00000      0.00000
      0.58000      0.00000      0.00000
      0.59000      0.00003      0.00000
      0.60000      0.00252      0.00000
      0.61000      0.07086      0.00000
      0.62000      0.75669      0.00000
      0.63000      3.09707      0.00000
      0.64000      4.96027      0.00000
      0.65000      3.69224      0.00000
      0.66000      2.92989      0.00000
      0.67000      3.52240      0.00000
      0.68000      5.67910      0.00000
      0.69000      7.46819      0.00000
      0.70000      4.30194      0.00000
      0.71000      1.12071      0.00000
      0.72000      1.13861      0.00000
      0.73000      2.45595      0.00000
      0.74000      2.63123      0.00000
      0.75000      2.78182      0.00000
      0.76000      3.10533      0.00000
      0.77000      2.25051      0.00000
      0.78000      1.27296      0.00000
      0.79000      2.00452      0.00000
      0.80000      4.18659      0.00000
      0.81000      4.91391      0.00000
      0.82000      4.71328      0.00000
      0.83000      4.65808      0.00000
      0.84000      5.09836      0.00000
      0.85000      5.76360      0.00000
      0.86000      4.25859      0.00000
      0.87000      1.53705      0.00000
      0.88000      0.23769      0.00000
      0.89000      0.01462      0.00000
      0.90000      0.00153      0.00000
      0.91000      0.03617      0.00000
      0.92000      0.40478      0.00000
      0.93000      1.71194      0.00000
      0.94000      3.12439      0.00000
      0.95000      3.82851      0.00000
      0.96000      3.91915      0.00000
      0.97000      2.40119      0.00000
      0.98000      2.06235      0.00000
      0.99000      3.70032      0.00000
