Energy-E_F (eV)    DOS (1/eV)    PDOS (1/eV)  of atom type Tl 
     -4.99000      0.00000      0.00000
     -4.98000      0.00000      0.00000
     -4.97000      0.00000      0.00000
     -4.96000      0.00000      0.00000
     -4.95000      0.00000      0.00000
     -4.94000      0.00000      0.00000
     -4.93000      0.00000      0.00000
     -4.92000      0.00000      0.00000
     -4.91000      0.00000      0.00000
     -4.90000      0.00000      0.00000
     -4.89000      0.00000      0.00000
     -4.88000      0.00000      0.00000
     -4.87000      0.00000      0.00000
     -4.86000      0.00000      0.00000
     -4.85000      0.00000      0.00000
     -4.84000      0.00000      0.00000
     -4.83000      0.00000      0.00000
     -4.82000      0.00000      0.00000
     -4.81000      0.00000      0.00000
     -4.80000      0.00000      0.00000
     -4.79000      0.00000      0.00000
     -4.78000      0.00000      0.00000
     -4.77000      0.00000      0.00000
     -4.76000      0.00000      0.00000
     -4.75000      0.00000      0.00000
     -4.74000      0.00000      0.00000
     -4.73000      0.00000      0.00000
     -4.72000      0.00000      0.00000
     -4.71000      0.00000      0.00000
     -4.70000      0.00000      0.00000
     -4.69000      0.00000      0.00000
     -4.68000      0.00000      0.00000
     -4.67000      0.00000      0.00000
     -4.66000      0.00000      0.00000
     -4.65000      0.00000      0.00000
     -4.64000      0.00008      0.00008
     -4.63000      0.00326      0.00326
     -4.62000      0.05055      0.05055
     -4.61000      0.28842      0.28842
     -4.60000      0.60543      0.60543
     -4.59000      0.46753      0.46753
     -4.58000      0.13282      0.13282
     -4.57000      0.01388      0.01388
     -4.56000      0.00053      0.00053
     -4.55000      0.00001      0.00001
     -4.54000      0.00000      0.00000
     -4.53000      0.00000      0.00000
     -4.52000      0.00000      0.00000
     -4.51000      0.00002      0.00002
     -4.50000      0.00110      0.00110
     -4.49000      0.02834      0.02834
     -4.48000      0.27082      0.27082
     -4.47000      0.98347      0.98347
     -4.46000      1.59491      1.59491
     -4.45000      1.89228      1.89228
     -4.44000      1.86840      1.86840
     -4.43000      0.95170      0.95170
     -4.42000      0.20361      0.20361
     -4.41000      0.02440      0.02440
     -4.40000      0.08505      0.08505
     -4.39000      0.37956      0.37956
     -4.38000      0.64999      0.64999
     -4.37000      0.57697      0.57697
     -4.36000      0.63134      0.63134
     -4.35000      0.56002      0.56002
     -4.34000      0.20606      0.20606
     -4.33000      0.03301      0.03301
     -4.32000      0.06793      0.06793
     -4.31000      0.33461      0.33461
     -4.30000      0.61920      0.61920
     -4.29000      0.42156      0.42156
     -4.28000      0.10558      0.10558
     -4.27000      0.00973      0.00973
     -4.26000      0.00033      0.00033
     -4.25000      0.00028      0.00028
     -4.24000      0.00859      0.00859
     -4.23000      0.09733      0.09733
     -4.22000      0.40557      0.40557
     -4.21000      0.62170      0.62170
     -4.20000      0.35058      0.35058
     -4.19000      0.07273      0.07273
     -4.18000      0.00555      0.00555
     -4.17000      0.00022      0.00022
     -4.16000      0.00313      0.00313
     -4.15000      0.06048      0.06048
     -4.14000      0.42937      0.42937
     -4.13000      1.12149      1.12149
     -4.12000      1.07761      1.07761
     -4.11000      0.38092      0.38092
     -4.10000      0.04964      0.04964
     -4.09000      0.00641      0.00641
     -4.08000      0.05861      0.05861
     -4.07000      0.31262      0.31262
     -4.06000      0.61389      0.61389
     -4.05000      0.44364      0.44364
     -4.04000      0.12453      0.12453
     -4.03000      0.11441      0.11441
     -4.02000      0.59150      0.59150
     -4.01000      1.36852      1.36852
     -4.00000      1.98605      1.98605
     -3.99000      3.31483      3.31483
     -3.98000      4.15322      4.15322
     -3.97000      3.24636      3.24636
     -3.96000      2.10659      2.10659
     -3.95000      1.23098      1.23098
     -3.94000      0.51937      0.51937
     -3.93000      0.11285      0.11285
     -3.92000      0.01008      0.01008
     -3.91000      0.00104      0.00104
     -3.90000      0.02027      0.02027
     -3.89000      0.21688      0.21688
     -3.88000      0.85370      0.85370
     -3.87000      1.23625      1.23625
     -3.86000      0.65858      0.65858
     -3.85000      0.12924      0.12924
     -3.84000      0.01541      0.01541
     -3.83000      0.07778      0.07778
     -3.82000      0.36230      0.36230
     -3.81000      0.62280      0.62280
     -3.80000      0.39386      0.39386
     -3.79000      0.09163      0.09163
     -3.78000      0.00784      0.00784
     -3.77000      0.00030      0.00030
     -3.76000      0.00280      0.00280
     -3.75000      0.05582      0.05582
     -3.74000      0.40933      0.40933
     -3.73000      1.10433      1.10433
     -3.72000      1.09657      1.09657
     -3.71000      0.41674      0.41674
     -3.70000      0.25437      0.25437
     -3.69000      0.95748      0.95748
     -3.68000      1.78934      1.78934
     -3.67000      1.31194      1.31194
     -3.66000      0.37186      0.37186
     -3.65000      0.04020      0.04020
     -3.64000      0.00203      0.00203
     -3.63000      0.01319      0.01319
     -3.62000      0.16708      0.16708
     -3.61000      0.83911      0.83911
     -3.60000      1.99476      1.99476
     -3.59000      2.90253      2.90253
     -3.58000      2.42670      2.42670
     -3.57000      0.89595      0.89595
     -3.56000      0.12830      0.12830
     -3.55000      0.00689      0.00689
     -3.54000      0.00092      0.00092
     -3.53000      0.01834      0.01834
     -3.52000      0.15830      0.15830
     -3.51000      0.50316      0.50316
     -3.50000      0.60032      0.60032
     -3.49000      0.41590      0.41590
     -3.48000      0.85029      0.85029
     -3.47000      1.86841      1.86841
     -3.46000      2.74946      2.74946
     -3.45000      2.72400      2.72400
     -3.44000      2.13811      2.13811
     -3.43000      2.57457      2.57457
     -3.42000      2.89973      2.89973
     -3.41000      2.72761      2.72761
     -3.40000      2.13968      2.13968
     -3.39000      1.27741      1.27741
     -3.38000      1.23330      1.23330
     -3.37000      1.17523      1.17523
     -3.36000      0.66695      0.66695
     -3.35000      0.97320      0.97320
     -3.34000      1.68771      1.68771
     -3.33000      1.81161      1.81161
     -3.32000      1.55374      1.55374
     -3.31000      1.06623      1.06623
     -3.30000      0.46150      0.46150
     -3.29000      0.13148      0.13148
     -3.28000      0.35989      0.35989
     -3.27000      1.36692      1.36692
     -3.26000      2.62381      2.62381
     -3.25000      2.82907      2.82907
     -3.24000      1.69118      1.69118
     -3.23000      0.87167      0.87167
     -3.22000      1.34862      1.34862
     -3.21000      2.14991      2.14991
     -3.20000      2.67802      2.67802
     -3.19000      2.50664      2.50664
     -3.18000      1.69134      1.69134
     -3.17000      1.78376      1.78376
     -3.16000      2.92272      2.92272
     -3.15000      3.07379      3.07379
     -3.14000      2.52322      2.52322
     -3.13000      1.65938      1.65938
     -3.12000      0.61885      0.61885
     -3.11000      0.28765      0.28765
     -3.10000      0.85674      0.85674
     -3.09000      1.60652      1.60652
     -3.08000      1.81629      1.81629
     -3.07000      1.60100      1.60100
     -3.06000      1.21658      1.21658
     -3.05000      1.28040      1.28040
     -3.04000      1.88825      1.88825
     -3.03000      2.03677      2.03677
     -3.02000      1.26788      1.26788
     -3.01000      0.82250      0.82250
     -3.00000      1.43449      1.43449
     -2.99000      1.65059      1.65059
     -2.98000      0.96389      0.96389
     -2.97000      0.65190      0.65190
     -2.96000      0.88612      0.88612
     -2.95000      1.25039      1.25039
     -2.94000      1.65409      1.65409
     -2.93000      2.56820      2.56820
     -2.92000      3.98890      3.98890
     -2.91000      3.43602      3.43602
     -2.90000      1.93407      1.93407
     -2.89000      0.76520      0.76520
     -2.88000      0.18906      0.18906
     -2.87000      0.37155      0.37155
     -2.86000      1.15735      1.15735
     -2.85000      1.58106      1.58106
     -2.84000      1.08056      1.08056
     -2.83000      0.39201      0.39201
     -2.82000      0.06603      0.06603
     -2.81000      0.00450      0.00450
     -2.80000      0.00076      0.00076
     -2.79000      0.02198      0.02198
     -2.78000      0.28166      0.28166
     -2.77000      1.39264      1.39264
     -2.76000      2.74763      2.74763
     -2.75000      2.30381      2.30381
     -2.74000      0.88852      0.88852
     -2.73000      0.16202      0.16202
     -2.72000      0.01314      0.01314
     -2.71000      0.00043      0.00043
     -2.70000      0.00001      0.00001
     -2.69000      0.00000      0.00000
     -2.68000      0.00000      0.00000
     -2.67000      0.00000      0.00000
     -2.66000      0.00000      0.00000
     -2.65000      0.00042      0.00042
     -2.64000      0.01486      0.01486
     -2.63000      0.20058      0.20058
     -2.62000      1.06033      1.06033
     -2.61000      2.24881      2.24881
     -2.60000      1.94291      1.94291
     -2.59000      0.68180      0.68180
     -2.58000      0.10304      0.10304
     -2.57000      0.12236      0.12236
     -2.56000      0.68865      0.68865
     -2.55000      1.87068      1.87068
     -2.54000      3.18183      3.18183
     -2.53000      3.94613      3.94613
     -2.52000      3.75592      3.75592
     -2.51000      2.97305      2.97305
     -2.50000      1.65248      1.65248
     -2.49000      0.48832      0.48832
     -2.48000      0.06433      0.06433
     -2.47000      0.00595      0.00595
     -2.46000      0.05161      0.05161
     -2.45000      0.39799      0.39799
     -2.44000      1.20208      1.20208
     -2.43000      1.73994      1.73994
     -2.42000      1.90975      1.90975
     -2.41000      1.65534      1.65534
     -2.40000      0.82348      0.82348
     -2.39000      0.54167      0.54167
     -2.38000      0.63109      0.63109
     -2.37000      0.37504      0.37504
     -2.36000      0.35001      0.35001
     -2.35000      0.96101      0.96101
     -2.34000      1.20192      1.20192
     -2.33000      0.55594      0.55594
     -2.32000      0.09548      0.09548
     -2.31000      0.02962      0.02962
     -2.30000      0.23847      0.23847
     -2.29000      0.88752      0.88752
     -2.28000      1.22357      1.22357
     -2.27000      0.62452      0.62452
     -2.26000      0.11801      0.11801
     -2.25000      0.00825      0.00825
     -2.24000      0.00021      0.00021
     -2.23000      0.00000      0.00000
     -2.22000      0.00000      0.00000
     -2.21000      0.00006      0.00006
     -2.20000      0.00330      0.00330
     -2.19000      0.06272      0.06272
     -2.18000      0.43913      0.43913
     -2.17000      1.14178      1.14178
     -2.16000      1.22816      1.22816
     -2.15000      1.10759      1.10759
     -2.14000      1.31343      1.31343
     -2.13000      0.96950      0.96950
     -2.12000      0.91082      0.91082
     -2.11000      1.18129      1.18129
     -2.10000      0.77833      0.77833
     -2.09000      0.21428      0.21428
     -2.08000      0.02359      0.02359
     -2.07000      0.00137      0.00137
     -2.06000      0.01054      0.01054
     -2.05000      0.11158      0.11158
     -2.04000      0.44729      0.44729
     -2.03000      0.82867      0.82867
     -2.02000      1.43786      1.43786
     -2.01000      2.62727      2.62727
     -2.00000      3.55588      3.55588
     -1.99000      3.66911      3.66911
     -1.98000      2.23346      2.23346
     -1.97000      0.62713      0.62713
     -1.96000      0.08385      0.08385
     -1.95000      0.14862      0.14862
     -1.94000      0.70081      0.70081
     -1.93000      1.24335      1.24335
     -1.92000      0.81192      0.81192
     -1.91000      0.20533      0.20533
     -1.90000      0.12786      0.12786
     -1.89000      0.43142      0.43142
     -1.88000      0.61723      0.61723
     -1.87000      0.32569      0.32569
     -1.86000      0.07725      0.07725
     -1.85000      0.18468      0.18468
     -1.84000      0.90383      0.90383
     -1.83000      1.95216      1.95216
     -1.82000      2.00180      2.00180
     -1.81000      1.02671      1.02671
     -1.80000      0.66309      0.66309
     -1.79000      1.56794      1.56794
     -1.78000      2.26570      2.26570
     -1.77000      2.00979      2.00979
     -1.76000      1.57106      1.57106
     -1.75000      1.45137      1.45137
     -1.74000      1.14287      1.14287
     -1.73000      0.52392      0.52392
     -1.72000      0.52204      0.52204
     -1.71000      0.73687      0.73687
     -1.70000      0.95316      0.95316
     -1.69000      1.37901      1.37901
     -1.68000      1.29163      1.29163
     -1.67000      1.15557      1.15557
     -1.66000      1.46071      1.46071
     -1.65000      1.64815      1.64815
     -1.64000      1.21431      1.21431
     -1.63000      0.97629      0.97629
     -1.62000      1.89921      1.89921
     -1.61000      3.10522      3.10522
     -1.60000      3.04427      3.04427
     -1.59000      2.09252      2.09252
     -1.58000      2.38662      2.38662
     -1.57000      4.16868      4.16868
     -1.56000      3.46812      3.46812
     -1.55000      1.31355      1.31355
     -1.54000      1.19965      1.19965
     -1.53000      2.20403      2.20403
     -1.52000      1.92705      1.92705
     -1.51000      0.71405      0.71405
     -1.50000      0.10785      0.10785
     -1.49000      0.00762      0.00762
     -1.48000      0.03122      0.03122
     -1.47000      0.28535      0.28535
     -1.46000      0.96399      0.96399
     -1.45000      1.20107      1.20107
     -1.44000      0.60172      0.60172
     -1.43000      0.44863      0.44863
     -1.42000      0.96549      0.96549
     -1.41000      1.09955      1.09955
     -1.40000      0.58746      0.58746
     -1.39000      0.57790      0.57790
     -1.38000      1.69294      1.69294
     -1.37000      2.42070      2.42070
     -1.36000      1.64988      1.64988
     -1.35000      1.27799      1.27799
     -1.34000      1.19606      1.19606
     -1.33000      0.52834      0.52834
     -1.32000      0.09182      0.09182
     -1.31000      0.05510      0.05510
     -1.30000      0.43341      0.43341
     -1.29000      1.42903      1.42903
     -1.28000      1.78525      1.78525
     -1.27000      0.95326      0.95326
     -1.26000      0.78441      0.78441
     -1.25000      1.39596      1.39596
     -1.24000      1.62385      1.62385
     -1.23000      1.48359      1.48359
     -1.22000      0.80193      0.80193
     -1.21000      0.18003      0.18003
     -1.20000      0.02340      0.02340
     -1.19000      0.11941      0.11941
     -1.18000      0.63043      0.63043
     -1.17000      1.22976      1.22976
     -1.16000      0.89846      0.89846
     -1.15000      0.44494      0.44494
     -1.14000      1.03758      1.03758
     -1.13000      1.83230      1.83230
     -1.12000      1.25251      1.25251
     -1.11000      0.32565      0.32565
     -1.10000      0.03247      0.03247
     -1.09000      0.00944      0.00944
     -1.08000      0.11035      0.11035
     -1.07000      0.61383      0.61383
     -1.06000      1.49360      1.49360
     -1.05000      1.60082      1.60082
     -1.04000      0.72197      0.72197
     -1.03000      0.12985      0.12985
     -1.02000      0.02464      0.02464
     -1.01000      0.20330      0.20330
     -1.00000      1.06522      1.06522
     -0.99000      2.52958      2.52958
     -0.98000      3.05190      3.05190
     -0.97000      1.93102      1.93102
     -0.96000      0.90379      0.90379
     -0.95000      1.36476      1.36476
     -0.94000      2.01116      2.01116
     -0.93000      1.88319      1.88319
     -0.92000      1.77487      1.77487
     -0.91000      1.68617      1.68617
     -0.90000      1.30083      1.30083
     -0.89000      0.52990      0.52990
     -0.88000      0.30426      0.30426
     -0.87000      0.87629      0.87629
     -0.86000      1.27752      1.27752
     -0.85000      1.03116      1.03116
     -0.84000      1.63499      1.63499
     -0.83000      2.91670      2.91670
     -0.82000      2.86771      2.86771
     -0.81000      1.35400      1.35400
     -0.80000      0.27515      0.27515
     -0.79000      0.02250      0.02250
     -0.78000      0.00845      0.00845
     -0.77000      0.11422      0.11422
     -0.76000      0.70316      0.70316
     -0.75000      2.00527      2.00527
     -0.74000      3.14330      3.14330
     -0.73000      3.00805      3.00805
     -0.72000      1.55398      1.55398
     -0.71000      0.36637      0.36637
     -0.70000      0.07717      0.07717
     -0.69000      0.39502      0.39502
     -0.68000      1.48714      1.48714
     -0.67000      2.33669      2.33669
     -0.66000      1.67199      1.67199
     -0.65000      1.10956      1.10956
     -0.64000      1.36804      1.36804
     -0.63000      1.20109      1.20109
     -0.62000      0.82661      0.82661
     -0.61000      0.40360      0.40360
     -0.60000      0.08853      0.08853
     -0.59000      0.01747      0.01747
     -0.58000      0.12388      0.12388
     -0.57000      0.59351      0.59351
     -0.56000      1.14969      1.14969
     -0.55000      0.91258      0.91258
     -0.54000      0.29515      0.29515
     -0.53000      0.03853      0.03853
     -0.52000      0.02005      0.02005
     -0.51000      0.24784      0.24784
     -0.50000      1.26838      1.26838
     -0.49000      2.44944      2.44944
     -0.48000      1.93244      1.93244
     -0.47000      1.29020      1.29020
     -0.46000      1.75437      1.75437
     -0.45000      2.49702      2.49702
     -0.44000      2.62353      2.62353
     -0.43000      1.28404      1.28404
     -0.42000      0.24470      0.24470
     -0.41000      0.07350      0.07350
     -0.40000      0.41328      0.41328
     -0.39000      1.10743      1.10743
     -0.38000      1.09292      1.09292
     -0.37000      0.40085      0.40085
     -0.36000      0.12632      0.12632
     -0.35000      0.48342      0.48342
     -0.34000      1.15972      1.15972
     -0.33000      1.02896      1.02896
     -0.32000      0.33587      0.33587
     -0.31000      0.04083      0.04083
     -0.30000      0.01762      0.01762
     -0.29000      0.18445      0.18445
     -0.28000      0.79015      0.79015
     -0.27000      1.24560      1.24560
     -0.26000      0.72909      0.72909
     -0.25000      0.25945      0.25945
     -0.24000      0.60281      0.60281
     -0.23000      1.23164      1.23164
     -0.22000      1.11186      1.11186
     -0.21000      1.19192      1.19192
     -0.20000      1.98043      1.98043
     -0.19000      1.99061      1.99061
     -0.18000      1.28756      1.28756
     -0.17000      1.05878      1.05878
     -0.16000      1.34184      1.34184
     -0.15000      1.36322      1.36322
     -0.14000      0.67453      0.67453
     -0.13000      0.27626      0.27626
     -0.12000      0.95004      0.95004
     -0.11000      2.38226      2.38226
     -0.10000      2.60557      2.60557
     -0.09000      1.53372      1.53372
     -0.08000      1.14300      1.14300
     -0.07000      1.69422      1.69422
     -0.06000      2.12085      2.12085
     -0.05000      2.06308      2.06308
     -0.04000      1.55386      1.55386
     -0.03000      0.78010      0.78010
     -0.02000      0.37053      0.37053
     -0.01000      0.78081      0.78081
      0.00000      1.28333      1.28333
      0.01000      1.08121      1.08121
      0.02000      1.36041      1.36041
      0.03000      2.04424      2.04424
      0.04000      1.99751      1.99751
      0.05000      1.36035      1.36035
      0.06000      0.67263      0.67263
      0.07000      0.28917      0.28917
      0.08000      0.84451      0.84451
      0.09000      2.50686      2.50686
      0.10000      3.26876      3.26876
      0.11000      2.00129      2.00129
      0.12000      0.58391      0.58391
      0.13000      0.07480      0.07480
      0.14000      0.00400      0.00400
      0.15000      0.00671      0.00671
      0.16000      0.10251      0.10251
      0.17000      0.58839      0.58839
      0.18000      1.32781      1.32781
      0.19000      1.58800      1.58800
      0.20000      1.77983      1.77983
      0.21000      1.79656      1.79656
      0.22000      1.70817      1.70817
      0.23000      1.61164      1.61164
      0.24000      1.48578      1.48578
      0.25000      1.52571      1.52571
      0.26000      1.21598      1.21598
      0.27000      0.89780      0.89780
      0.28000      0.78357      0.78357
      0.29000      0.56013      0.56013
      0.30000      0.18456      0.18456
      0.31000      0.02677      0.02677
      0.32000      0.06706      0.06706
      0.33000      0.45271      0.45271
      0.34000      1.16172      1.16172
      0.35000      1.32802      1.32802
      0.36000      1.62560      1.62560
      0.37000      2.53646      2.53646
      0.38000      2.63081      2.63081
      0.39000      2.15583      2.15583
      0.40000      1.46233      1.46233
      0.41000      0.54877      0.54877
      0.42000      0.08551      0.08551
      0.43000      0.00511      0.00511
      0.44000      0.00338      0.00338
      0.45000      0.06232      0.06232
      0.46000      0.43709      0.43709
      0.47000      1.12824      1.12824
      0.48000      1.08674      1.08674
      0.49000      0.57281      0.57281
      0.50000      0.98067      0.98067
      0.51000      1.74340      1.74340
      0.52000      1.47649      1.47649
      0.53000      1.29360      1.29360
      0.54000      1.88085      1.88085
      0.55000      1.56908      1.56908
      0.56000      1.15145      1.15145
      0.57000      1.28923      1.28923
      0.58000      0.76474      0.76474
      0.59000      0.19973      0.19973
      0.60000      0.31382      0.31382
      0.61000      1.27259      1.27259
      0.62000      2.34826      2.34826
      0.63000      2.29965      2.29965
      0.64000      1.77906      1.77906
      0.65000      1.03349      1.03349
      0.66000      0.30770      0.30770
      0.67000      0.27679      0.27679
      0.68000      0.91681      0.91681
      0.69000      1.37273      1.37273
      0.70000      1.45449      1.45449
      0.71000      2.17300      2.17300
      0.72000      2.49204      2.49204
      0.73000      1.72923      1.72923
      0.74000      1.11979      1.11979
      0.75000      1.56931      1.56931
      0.76000      2.07952      2.07952
      0.77000      2.39983      2.39983
      0.78000      3.01495      3.01495
      0.79000      3.09150      3.09150
      0.80000      2.05366      2.05366
      0.81000      0.99163      0.99163
      0.82000      0.83341      0.83341
      0.83000      1.16699      1.16699
      0.84000      1.39855      1.39855
      0.85000      0.91135      0.91135
      0.86000      0.44142      0.44142
      0.87000      0.58588      0.58588
      0.88000      0.54085      0.54085
      0.89000      0.26356      0.26356
      0.90000      0.40177      0.40177
      0.91000      0.81196      0.81196
      0.92000      1.19426      1.19426
      0.93000      1.38118      1.38118
      0.94000      1.09848      1.09848
      0.95000      1.50463      1.50463
      0.96000      2.21952      2.21952
      0.97000      1.65308      1.65308
      0.98000      0.53852      0.53852
      0.99000      0.07127      0.07127
      1.00000      0.00592      0.00592
      1.01000      0.03961      0.03961
