Energy-E_F (eV)    DOS (1/eV)    PDOS (1/eV)  of atom type Pb 
     -3.90010      3.68539      0.00000
     -3.89010      4.62172      0.00000
     -3.88010      5.52243      0.00000
     -3.87010      6.53875      0.00000
     -3.86010      6.06059      0.00000
     -3.85010      3.58127      0.00000
     -3.84010      2.04456      0.00000
     -3.83010      1.42364      0.00000
     -3.82010      0.78409      0.00000
     -3.81010      1.84409      0.00000
     -3.80010      4.72444      0.00000
     -3.79010      5.88365      0.00000
     -3.78010      4.57990      0.00000
     -3.77010      4.29192      0.00000
     -3.76010      5.27652      0.00000
     -3.75010      4.84482      0.00000
     -3.74010      3.82842      0.00000
     -3.73010      4.42120      0.00000
     -3.72010      6.45482      0.00000
     -3.71010      7.72938      0.00000
     -3.70010      7.23648      0.00000
     -3.69010      6.27944      0.00000
     -3.68010      4.71118      0.00000
     -3.67010      3.42886      0.00000
     -3.66010      3.53408      0.00000
     -3.65010      4.23928      0.00000
     -3.64010      6.32660      0.00000
     -3.63010      8.29812      0.00000
     -3.62010      7.78429      0.00000
     -3.61010      5.67198      0.00000
     -3.60010      4.53090      0.00000
     -3.59010      4.37953      0.00000
     -3.58010      3.73871      0.00000
     -3.57010      4.18747      0.00000
     -3.56010      5.46646      0.00000
     -3.55010      5.48870      0.00000
     -3.54010      5.78113      0.00000
     -3.53010      7.05399      0.00000
     -3.52010      6.82418      0.00000
     -3.51010      7.96929      0.00000
     -3.50010     10.51127      0.00000
     -3.49010     10.21684      0.00000
     -3.48010      8.88449      0.00000
     -3.47010      7.72508      0.00000
     -3.46010      6.44154      0.00000
     -3.45010      6.61245      0.00000
     -3.44010      6.94234      0.00000
     -3.43010      8.43625      0.00000
     -3.42010     12.29671      0.00000
     -3.41010     12.39432      0.00000
     -3.40010      7.37530      0.00000
     -3.39010      4.97922      0.00000
     -3.38010      6.46814      0.00000
     -3.37010      7.68728      0.00000
     -3.36010      7.12190      0.00000
     -3.35010      6.53855      0.00000
     -3.34010      5.63622      0.00000
     -3.33010      6.13877      0.00000
     -3.32010      7.75998      0.00000
     -3.31010      8.92371      0.00000
     -3.30010      9.68808      0.00000
     -3.29010      8.44781      0.00000
     -3.28010      6.74296      0.00000
     -3.27010      5.69808      0.00000
     -3.26010      4.49480      0.00000
     -3.25010      4.04026      0.00000
     -3.24010      6.70577      0.00000
     -3.23010      9.52235      0.00000
     -3.22010     10.73809      0.00000
     -3.21010     10.96380      0.00000
     -3.20010      9.18017      0.00000
     -3.19010      6.43420      0.00000
     -3.18010      4.34269      0.00000
     -3.17010      4.80447      0.00000
     -3.16010      6.73468      0.00000
     -3.15010      8.04506      0.00000
     -3.14010     11.10238      0.00000
     -3.13010     13.88577      0.00000
     -3.12010     10.40549      0.00000
     -3.11010      5.24163      0.00000
     -3.10010      3.54375      0.00000
     -3.09010      4.70825      0.00000
     -3.08010      5.94610      0.00000
     -3.07010      5.61542      0.00000
     -3.06010      4.44029      0.00000
     -3.05010      3.56624      0.00000
     -3.04010      4.28133      0.00000
     -3.03010      7.75875      0.00000
     -3.02010     10.30480      0.00000
     -3.01010      8.21069      0.00000
     -3.00010      5.77815      0.00000
     -2.99010      6.25659      0.00000
     -2.98010      8.34332      0.00000
     -2.97010      8.65929      0.00000
     -2.96010      7.35826      0.00000
     -2.95010      7.02449      0.00000
     -2.94010      6.55154      0.00000
     -2.93010      6.18977      0.00000
     -2.92010      5.75278      0.00000
     -2.91010      4.61974      0.00000
     -2.90010      4.80869      0.00000
     -2.89010      7.50178      0.00000
     -2.88010      8.73098      0.00000
     -2.87010      6.96765      0.00000
     -2.86010      7.51654      0.00000
     -2.85010     10.16950      0.00000
     -2.84010     10.14568      0.00000
     -2.83010      6.27532      0.00000
     -2.82010      3.11308      0.00000
     -2.81010      4.29737      0.00000
     -2.80010      5.89966      0.00000
     -2.79010      5.44621      0.00000
     -2.78010      5.37283      0.00000
     -2.77010      4.35333      0.00000
     -2.76010      2.71451      0.00000
     -2.75010      3.27346      0.00000
     -2.74010      6.35184      0.00000
     -2.73010      7.96111      0.00000
     -2.72010      6.98999      0.00000
     -2.71010      6.46168      0.00000
     -2.70010      7.20683      0.00000
     -2.69010      5.87262      0.00000
     -2.68010      3.30808      0.00000
     -2.67010      2.43437      0.00000
     -2.66010      1.65320      0.00000
     -2.65010      0.63134      0.00000
     -2.64010      0.76217      0.00000
     -2.63010      2.25014      0.00000
     -2.62010      2.84247      0.00000
     -2.61010      1.67344      0.00000
     -2.60010      1.38851      0.00000
     -2.59010      1.50034      0.00000
     -2.58010      1.00468      0.00000
     -2.57010      0.83230      0.00000
     -2.56010      0.56350      0.00000
     -2.55010      0.37029      0.00000
     -2.54010      1.28509      0.00000
     -2.53010      3.64757      0.00000
     -2.52010      5.84622      0.00000
     -2.51010      5.00066      0.00000
     -2.50010      2.21045      0.00000
     -2.49010      1.39049      0.00000
     -2.48010      3.16880      0.00000
     -2.47010      4.06710      0.00000
     -2.46010      2.53763      0.00000
     -2.45010      2.27635      0.00000
     -2.44010      4.12425      0.00000
     -2.43010      4.87881      0.00000
     -2.42010      3.75684      0.00000
     -2.41010      1.74665      0.00000
     -2.40010      1.08545      0.00000
     -2.39010      1.49469      0.00000
     -2.38010      1.09665      0.00000
     -2.37010      0.88797      0.00000
     -2.36010      1.64802      0.00000
     -2.35010      2.15019      0.00000
     -2.34010      2.31696      0.00000
     -2.33010      2.85149      0.00000
     -2.32010      3.14539      0.00000
     -2.31010      1.87575      0.00000
     -2.30010      0.98633      0.00000
     -2.29010      0.81260      0.00000
     -2.28010      1.21763      0.00000
     -2.27010      3.20285      0.00000
     -2.26010      5.31596      0.00000
     -2.25010      6.11865      0.00000
     -2.24010      6.16788      0.00000
     -2.23010      6.21779      0.00000
     -2.22010      4.82779      0.00000
     -2.21010      2.04269      0.00000
     -2.20010      1.26172      0.00000
     -2.19010      2.94159      0.00000
     -2.18010      4.43388      0.00000
     -2.17010      4.60394      0.00000
     -2.16010      4.06807      0.00000
     -2.15010      4.35108      0.00000
     -2.14010      5.37265      0.00000
     -2.13010      3.89913      0.00000
     -2.12010      2.38025      0.00000
     -2.11010      3.10162      0.00000
     -2.10010      4.20749      0.00000
     -2.09010      6.77771      0.00000
     -2.08010     11.85635      0.00000
     -2.07010     13.41095      0.00000
     -2.06010      9.24356      0.00000
     -2.05010      6.65138      0.00000
     -2.04010      6.43554      0.00000
     -2.03010      5.16642      0.00000
     -2.02010      5.04554      0.00000
     -2.01010      7.15599      0.00000
     -2.00010      6.31092      0.00000
     -1.99010      3.36244      0.00000
     -1.98010      1.87935      0.00000
     -1.97010      1.93055      0.00000
     -1.96010      3.72014      0.00000
     -1.95010      5.12957      0.00000
     -1.94010      5.68759      0.00000
     -1.93010      5.56526      0.00000
     -1.92010      3.72782      0.00000
     -1.91010      1.79972      0.00000
     -1.90010      0.60584      0.00000
     -1.89010      0.66131      0.00000
     -1.88010      2.01132      0.00000
     -1.87010      3.55483      0.00000
     -1.86010      5.27213      0.00000
     -1.85010      6.91027      0.00000
     -1.84010      6.05988      0.00000
     -1.83010      4.23976      0.00000
     -1.82010      3.78049      0.00000
     -1.81010      4.45730      0.00000
     -1.80010      3.40164      0.00000
     -1.79010      2.70815      0.00000
     -1.78010      3.11772      0.00000
     -1.77010      2.39437      0.00000
     -1.76010      1.58818      0.00000
     -1.75010      1.28975      0.00000
     -1.74010      1.37891      0.00000
     -1.73010      1.81505      0.00000
     -1.72010      2.44130      0.00000
     -1.71010      4.37530      0.00000
     -1.70010      6.40717      0.00000
     -1.69010      6.72463      0.00000
     -1.68010      5.33932      0.00000
     -1.67010      3.73518      0.00000
     -1.66010      2.08887      0.00000
     -1.65010      1.76561      0.00000
     -1.64010      3.52524      0.00000
     -1.63010      5.04632      0.00000
     -1.62010      3.85157      0.00000
     -1.61010      2.84792      0.00000
     -1.60010      2.99705      0.00000
     -1.59010      3.41607      0.00000
     -1.58010      4.06673      0.00000
     -1.57010      5.01599      0.00000
     -1.56010      4.49069      0.00000
     -1.55010      3.96363      0.00000
     -1.54010      6.89936      0.00000
     -1.53010     10.85338      0.00000
     -1.52010     11.31595      0.00000
     -1.51010      7.98983      0.00000
     -1.50010      5.12956      0.00000
     -1.49010      4.08600      0.00000
     -1.48010      3.41297      0.00000
     -1.47010      3.85841      0.00000
     -1.46010      5.25710      0.00000
     -1.45010      6.02610      0.00000
     -1.44010      5.14958      0.00000
     -1.43010      4.03898      0.00000
     -1.42010      3.19736      0.00000
     -1.41010      3.13530      0.00000
     -1.40010      6.50627      0.00000
     -1.39010      9.51441      0.00000
     -1.38010      8.43233      0.00000
     -1.37010      8.64097      0.00000
     -1.36010      8.73478      0.00000
     -1.35010      6.89663      0.00000
     -1.34010      6.21413      0.00000
     -1.33010      6.53174      0.00000
     -1.32010      6.87788      0.00000
     -1.31010      7.51549      0.00000
     -1.30010      7.30143      0.00000
     -1.29010      4.71394      0.00000
     -1.28010      2.87415      0.00000
     -1.27010      3.35408      0.00000
     -1.26010      3.28996      0.00000
     -1.25010      2.40519      0.00000
     -1.24010      2.09452      0.00000
     -1.23010      2.66592      0.00000
     -1.22010      3.25145      0.00000
     -1.21010      3.21849      0.00000
     -1.20010      1.86101      0.00000
     -1.19010      1.15809      0.00000
     -1.18010      2.81632      0.00000
     -1.17010      4.77587      0.00000
     -1.16010      4.10615      0.00000
     -1.15010      1.89584      0.00000
     -1.14010      0.67359      0.00000
     -1.13010      1.16273      0.00000
     -1.12010      2.56672      0.00000
     -1.11010      4.33282      0.00000
     -1.10010      5.39604      0.00000
     -1.09010      5.53363      0.00000
     -1.08010      5.23888      0.00000
     -1.07010      3.87654      0.00000
     -1.06010      3.71767      0.00000
     -1.05010      5.06678      0.00000
     -1.04010      5.99261      0.00000
     -1.03010      6.20811      0.00000
     -1.02010      5.43851      0.00000
     -1.01010      4.61815      0.00000
     -1.00010      3.80526      0.00000
     -0.99010      3.23500      0.00000
     -0.98010      3.37416      0.00000
     -0.97010      3.30686      0.00000
     -0.96010      4.22901      0.00000
     -0.95010      6.11054      0.00000
     -0.94010      6.89167      0.00000
     -0.93010      5.50552      0.00000
     -0.92010      3.88868      0.00000
     -0.91010      4.24558      0.00000
     -0.90010      4.55301      0.00000
     -0.89010      2.55179      0.00000
     -0.88010      2.11377      0.00000
     -0.87010      3.46856      0.00000
     -0.86010      3.42058      0.00000
     -0.85010      2.42821      0.00000
     -0.84010      1.57264      0.00000
     -0.83010      1.50954      0.00000
     -0.82010      2.64783      0.00000
     -0.81010      4.73098      0.00000
     -0.80010      8.30157      0.00000
     -0.79010     10.10126      0.00000
     -0.78010      7.35775      0.00000
     -0.77010      4.40359      0.00000
     -0.76010      3.68175      0.00000
     -0.75010      5.22199      0.00000
     -0.74010      5.84838      0.00000
     -0.73010      5.75556      0.00000
     -0.72010      7.05032      0.00000
     -0.71010      8.15938      0.00000
     -0.70010      8.11787      0.00000
     -0.69010      7.75815      0.00000
     -0.68010      7.23855      0.00000
     -0.67010      7.91532      0.00000
     -0.66010      8.45239      0.00000
     -0.65010      7.91524      0.00000
     -0.64010      7.08356      0.00000
     -0.63010      4.30936      0.00000
     -0.62010      2.67498      0.00000
     -0.61010      2.87161      0.00000
     -0.60010      3.09624      0.00000
     -0.59010      2.43259      0.00000
     -0.58010      2.88529      0.00000
     -0.57010      4.30964      0.00000
     -0.56010      5.58639      0.00000
     -0.55010      6.99183      0.00000
     -0.54010      7.10405      0.00000
     -0.53010      7.59868      0.00000
     -0.52010      8.70124      0.00000
     -0.51010      7.05676      0.00000
     -0.50010      5.04704      0.00000
     -0.49010      4.97920      0.00000
     -0.48010      4.69058      0.00000
     -0.47010      3.44870      0.00000
     -0.46010      3.11374      0.00000
     -0.45010      3.17481      0.00000
     -0.44010      3.43132      0.00000
     -0.43010      4.97936      0.00000
     -0.42010      4.75373      0.00000
     -0.41010      3.43213      0.00000
     -0.40010      2.92751      0.00000
     -0.39010      2.79962      0.00000
     -0.38010      3.04219      0.00000
     -0.37010      4.54487      0.00000
     -0.36010      5.20223      0.00000
     -0.35010      4.18978      0.00000
     -0.34010      2.19808      0.00000
     -0.33010      1.80497      0.00000
     -0.32010      4.10689      0.00000
     -0.31010      5.50536      0.00000
     -0.30010      4.43762      0.00000
     -0.29010      2.33294      0.00000
     -0.28010      1.04062      0.00000
     -0.27010      2.35631      0.00000
     -0.26010      5.90662      0.00000
     -0.25010      7.67812      0.00000
     -0.24010      5.24442      0.00000
     -0.23010      4.63613      0.00000
     -0.22010      8.50968      0.00000
     -0.21010      9.59303      0.00000
     -0.20010      5.33001      0.00000
     -0.19010      2.45632      0.00000
     -0.18010      1.94403      0.00000
     -0.17010      3.00621      0.00000
     -0.16010      5.52336      0.00000
     -0.15010      6.57984      0.00000
     -0.14010      5.78621      0.00000
     -0.13010      6.17926      0.00000
     -0.12010      6.94082      0.00000
     -0.11010      6.22604      0.00000
     -0.10010      7.68434      0.00000
     -0.09010     18.33231      0.00000
     -0.08010     28.05500      0.00000
     -0.07010     18.15810      0.00000
     -0.06010      6.77628      0.00000
     -0.05010      7.25386      0.00000
     -0.04010     10.61014      0.00000
     -0.03010      9.15096      0.00000
     -0.02010      5.91688      0.00000
     -0.01010      3.63379      0.00000
     -0.00010      2.35666      0.00000
      0.00990      3.26339      0.00000
      0.01990      5.70247      0.00000
      0.02990      6.03876      0.00000
      0.03990      5.80253      0.00000
      0.04990      6.43112      0.00000
      0.05990      6.29483      0.00000
      0.06990      7.42585      0.00000
      0.07990      8.61323      0.00000
      0.08990      6.35925      0.00000
      0.09990      3.74050      0.00000
      0.10990      3.86050      0.00000
      0.11990      5.29995      0.00000
      0.12990      4.20805      0.00000
      0.13990      2.15399      0.00000
      0.14990      3.06313      0.00000
      0.15990      4.26779      0.00000
      0.16990      2.99059      0.00000
      0.17990      2.24390      0.00000
      0.18990      3.05498      0.00000
      0.19990      4.18546      0.00000
      0.20990      4.27856      0.00000
      0.21990      3.90606      0.00000
      0.22990      4.24879      0.00000
      0.23990      5.73328      0.00000
      0.24990      9.18774      0.00000
      0.25990     10.00390      0.00000
      0.26990      6.71878      0.00000
      0.27990      5.21652      0.00000
      0.28990      6.60744      0.00000
      0.29990      8.47869      0.00000
      0.30990      8.15635      0.00000
      0.31990      5.94410      0.00000
      0.32990      3.70486      0.00000
      0.33990      2.78004      0.00000
      0.34990      4.65950      0.00000
      0.35990      7.31879      0.00000
      0.36990      6.98310      0.00000
      0.37990      4.39772      0.00000
      0.38990      3.09102      0.00000
      0.39990      3.64053      0.00000
      0.40990      4.21743      0.00000
      0.41990      4.01257      0.00000
      0.42990      3.25047      0.00000
      0.43990      2.93693      0.00000
      0.44990      3.95321      0.00000
      0.45990      5.10489      0.00000
      0.46990      4.34015      0.00000
      0.47990      2.94872      0.00000
      0.48990      2.94634      0.00000
      0.49990      3.03456      0.00000
      0.50990      2.42051      0.00000
      0.51990      3.33550      0.00000
      0.52990      4.97813      0.00000
      0.53990      4.23430      0.00000
      0.54990      2.88948      0.00000
      0.55990      4.38824      0.00000
      0.56990      7.19156      0.00000
      0.57990      8.54012      0.00000
      0.58990      7.08648      0.00000
      0.59990      4.88742      0.00000
      0.60990      4.87960      0.00000
      0.61990      6.73816      0.00000
      0.62990      8.07204      0.00000
      0.63990      7.41670      0.00000
      0.64990      5.92892      0.00000
      0.65990      3.97627      0.00000
      0.66990      1.57688      0.00000
      0.67990      0.31926      0.00000
      0.68990      0.47934      0.00000
      0.69990      1.82710      0.00000
      0.70990      3.11642      0.00000
      0.71990      2.85293      0.00000
      0.72990      2.17383      0.00000
      0.73990      1.79701      0.00000
      0.74990      1.49095      0.00000
      0.75990      1.59103      0.00000
      0.76990      1.07381      0.00000
      0.77990      0.86210      0.00000
      0.78990      2.99666      0.00000
      0.79990      6.43857      0.00000
      0.80990      9.71792      0.00000
      0.81990     17.32338      0.00000
      0.82990     22.02905      0.00000
      0.83990     15.25409      0.00000
      0.84990      8.98117      0.00000
      0.85990      7.87984      0.00000
      0.86990      6.82581      0.00000
      0.87990      6.21907      0.00000
      0.88990      8.23655      0.00000
      0.89990      8.48941      0.00000
      0.90990      5.46164      0.00000
      0.91990      3.54815      0.00000
      0.92990      5.15567      0.00000
      0.93990      6.53287      0.00000
      0.94990      5.43617      0.00000
      0.95990      3.28130      0.00000
      0.96990      2.08365      0.00000
      0.97990      4.32079      0.00000
      0.98990      9.23392      0.00000
      0.99990     11.00252      0.00000
      1.00990      8.80443      0.00000
      1.01990      7.60265      0.00000
      1.02990      7.76930      0.00000
      1.03990      7.41557      0.00000
      1.04990      6.16849      0.00000
      1.05990      5.53814      0.00000
      1.06990      7.22814      0.00000
      1.07990      8.54466      0.00000
      1.08990      7.37083      0.00000
      1.09990      5.53057      0.00000
      1.10990      5.78856      0.00000
      1.11990      7.07598      0.00000
      1.12990      5.62219      0.00000
      1.13990      3.32546      0.00000
      1.14990      2.07037      0.00000
      1.15990      1.41784      0.00000
      1.16990      2.75301      0.00000
      1.17990      4.90603      0.00000
      1.18990      4.46771      0.00000
      1.19990      3.87413      0.00000
      1.20990      6.26287      0.00000
      1.21990      9.04457      0.00000
      1.22990      7.06270      0.00000
      1.23990      4.34709      0.00000
      1.24990      5.09285      0.00000
      1.25990      5.66565      0.00000
      1.26990      6.09118      0.00000
      1.27990      6.78280      0.00000
      1.28990      4.87044      0.00000
      1.29990      2.58181      0.00000
      1.30990      1.45069      0.00000
      1.31990      1.10518      0.00000
      1.32990      2.94022      0.00000
      1.33990      9.23482      0.00000
      1.34990     14.93703      0.00000
      1.35990     10.65861      0.00000
      1.36990      4.21550      0.00000
      1.37990      1.56409      0.00000
      1.38990      1.96373      0.00000
      1.39990      3.99340      0.00000
      1.40990      4.48775      0.00000
      1.41990      4.07302      0.00000
      1.42990      3.86345      0.00000
      1.43990      3.87773      0.00000
      1.44990      4.35219      0.00000
      1.45990      4.43365      0.00000
      1.46990      3.92552      0.00000
      1.47990      2.89504      0.00000
      1.48990      2.72843      0.00000
      1.49990      5.96735      0.00000
      1.50990     10.65149      0.00000
      1.51990     11.97422      0.00000
      1.52990      8.68708      0.00000
      1.53990      5.95922      0.00000
      1.54990      5.83222      0.00000
      1.55990      4.93768      0.00000
      1.56990      3.05934      0.00000
      1.57990      2.34209      0.00000
      1.58990      3.28870      0.00000
      1.59990      5.28626      0.00000
      1.60990      6.55128      0.00000
      1.61990      5.89135      0.00000
      1.62990      4.37472      0.00000
      1.63990      3.20213      0.00000
      1.64990      3.70508      0.00000
      1.65990      6.22190      0.00000
      1.66990      7.85856      0.00000
      1.67990      6.09316      0.00000
      1.68990      3.71247      0.00000
      1.69990      3.59726      0.00000
      1.70990      5.77600      0.00000
      1.71990      7.41988      0.00000
      1.72990      7.15102      0.00000
      1.73990      6.82167      0.00000
      1.74990      5.53349      0.00000
      1.75990      4.70558      0.00000
      1.76990      4.73764      0.00000
      1.77990      4.93411      0.00000
      1.78990      4.69909      0.00000
      1.79990      2.83338      0.00000
      1.80990      2.31639      0.00000
      1.81990      4.86141      0.00000
      1.82990      7.17648      0.00000
      1.83990      5.82022      0.00000
      1.84990      3.57697      0.00000
      1.85990      3.00637      0.00000
      1.86990      3.32658      0.00000
      1.87990      4.53141      0.00000
      1.88990      5.43896      0.00000
      1.89990      4.77680      0.00000
      1.90990      3.92426      0.00000
      1.91990      3.21726      0.00000
      1.92990      2.65649      0.00000
      1.93990      2.41132      0.00000
      1.94990      1.80860      0.00000
      1.95990      1.11910      0.00000
      1.96990      1.73454      0.00000
      1.97990      3.57021      0.00000
      1.98990      5.81303      0.00000
      1.99990      6.54335      0.00000
      2.00990      6.68211      0.00000
      2.01990      6.98849      0.00000
      2.02990      7.51992      0.00000
      2.03990      9.12237      0.00000
      2.04990      9.57150      0.00000
      2.05990      7.16061      0.00000
      2.06990      3.67758      0.00000
      2.07990      2.84884      0.00000
      2.08990      3.34252      0.00000
      2.09990      3.79322      0.00000
      2.10990      6.16715      0.00000
      2.11990      8.72517      0.00000
      2.12990      7.03879      0.00000
      2.13990      3.73984      0.00000
      2.14990      2.32061      0.00000
      2.15990      2.30260      0.00000
      2.16990      3.18187      0.00000
      2.17990      4.18145      0.00000
      2.18990      5.31135      0.00000
      2.19990      4.71668      0.00000
      2.20990      2.96233      0.00000
      2.21990      2.09831      0.00000
      2.22990      1.64435      0.00000
      2.23990      3.94734      0.00000
      2.24990     16.42980      0.00000
      2.25990     29.06748      0.00000
      2.26990     21.43028      0.00000
      2.27990     10.13250      0.00000
      2.28990      8.75774      0.00000
      2.29990     10.29802      0.00000
      2.30990      8.14306      0.00000
      2.31990      5.05056      0.00000
      2.32990      4.05705      0.00000
      2.33990      4.76625      0.00000
      2.34990      4.44253      0.00000
      2.35990      5.24107      0.00000
      2.36990      6.42059      0.00000
      2.37990      5.75067      0.00000
      2.38990      4.70104      0.00000
      2.39990      2.72361      0.00000
      2.40990      1.31422      0.00000
      2.41990      0.90053      0.00000
      2.42990      1.74441      0.00000
      2.43990      5.61083      0.00000
      2.44990      9.23866      0.00000
      2.45990      7.80425      0.00000
      2.46990      5.83758      0.00000
      2.47990      4.95363      0.00000
      2.48990      2.82692      0.00000
      2.49990      0.86927      0.00000
      2.50990      0.54498      0.00000
      2.51990      2.10188      0.00000
      2.52990      5.62715      0.00000
      2.53990     10.50168      0.00000
      2.54990     12.16118      0.00000
      2.55990      9.21479      0.00000
      2.56990      7.63838      0.00000
      2.57990      6.67294      0.00000
      2.58990      5.45703      0.00000
      2.59990      4.82330      0.00000
      2.60990      3.95274      0.00000
      2.61990      3.86343      0.00000
      2.62990      3.52367      0.00000
      2.63990      3.53830      0.00000
      2.64990      4.32502      0.00000
      2.65990      6.13251      0.00000
      2.66990      8.64158      0.00000
      2.67990     10.35921      0.00000
      2.68990      8.72107      0.00000
      2.69990      3.97299      0.00000
      2.70990      1.88698      0.00000
      2.71990      2.61693      0.00000
      2.72990      3.71038      0.00000
      2.73990      4.08217      0.00000
      2.74990      3.52078      0.00000
      2.75990      3.40908      0.00000
      2.76990      2.56155      0.00000
      2.77990      0.87675      0.00000
      2.78990      0.54414      0.00000
      2.79990      2.51005      0.00000
      2.80990      5.57573      0.00000
      2.81990      5.33425      0.00000
      2.82990      3.79380      0.00000
      2.83990      3.51829      0.00000
      2.84990      2.77818      0.00000
      2.85990      1.76118      0.00000
      2.86990      1.45052      0.00000
      2.87990      1.57137      0.00000
      2.88990      1.43001      0.00000
      2.89990      3.16989      0.00000
      2.90990      6.26020      0.00000
      2.91990      6.83023      0.00000
      2.92990      4.86175      0.00000
      2.93990      3.72405      0.00000
      2.94990      3.68893      0.00000
      2.95990      4.76315      0.00000
      2.96990      7.12573      0.00000
      2.97990      6.13963      0.00000
      2.98990      3.71693      0.00000
      2.99990      2.52476      0.00000
      3.00990      2.68195      0.00000
      3.01990      3.74060      0.00000
      3.02990      3.22942      0.00000
      3.03990      3.17472      0.00000
      3.04990      3.83225      0.00000
      3.05990      3.58487      0.00000
      3.06990      2.74641      0.00000
      3.07990      1.47873      0.00000
      3.08990      1.20786      0.00000
      3.09990      1.78849      0.00000
      3.10990      2.14104      0.00000
      3.11990      1.70284      0.00000
      3.12990      1.34477      0.00000
      3.13990      2.56808      0.00000
      3.14990      4.11246      0.00000
      3.15990      4.39158      0.00000
      3.16990      4.40698      0.00000
      3.17990      4.91685      0.00000
      3.18990      7.00892      0.00000
      3.19990      9.85847      0.00000
      3.20990     10.58796      0.00000
      3.21990      9.14290      0.00000
      3.22990      6.08363      0.00000
      3.23990      3.90505      0.00000
      3.24990      3.14740      0.00000
      3.25990      2.82292      0.00000
      3.26990      3.93459      0.00000
      3.27990      3.88772      0.00000
      3.28990      2.62521      0.00000
      3.29990      3.84693      0.00000
      3.30990      5.40256      0.00000
      3.31990      6.53419      0.00000
      3.32990      8.49976      0.00000
      3.33990      7.65033      0.00000
      3.34990      4.66475      0.00000
      3.35990      3.14615      0.00000
      3.36990      4.06078      0.00000
      3.37990      4.84936      0.00000
      3.38990      5.03191      0.00000
      3.39990      4.84205      0.00000
      3.40990      4.71352      0.00000
      3.41990      4.01321      0.00000
      3.42990      2.94995      0.00000
      3.43990      2.44064      0.00000
      3.44990      1.77017      0.00000
      3.45990      1.18558      0.00000
      3.46990      1.47982      0.00000
      3.47990      1.45636      0.00000
      3.48990      2.33812      0.00000
      3.49990      6.27956      0.00000
      3.50990      8.82133      0.00000
      3.51990      8.33716      0.00000
      3.52990      8.67169      0.00000
      3.53990      7.90887      0.00000
      3.54990      5.35003      0.00000
      3.55990      4.22742      0.00000
      3.56990      3.73748      0.00000
      3.57990      2.71033      0.00000
      3.58990      3.50211      0.00000
      3.59990      4.13008      0.00000
      3.60990      2.90210      0.00000
      3.61990      1.75706      0.00000
      3.62990      1.79521      0.00000
      3.63990      2.08442      0.00000
      3.64990      1.28603      0.00000
