Energy-E_F (eV)    DOS (1/eV)    PDOS (1/eV)  of atom type Au 
     -4.83999      2.81547      0.00000
     -4.82999      5.09613      0.00000
     -4.81999     10.43387      0.00000
     -4.80999     12.45153      0.00000
     -4.79999      8.40065      0.00000
     -4.78999      4.56785      0.00000
     -4.77999      2.56393      0.00000
     -4.76999      1.64492      0.00000
     -4.75999      2.18916      0.00000
     -4.74999      1.90815      0.00000
     -4.73999      1.70012      0.00000
     -4.72999      4.40391      0.00000
     -4.71999      6.83073      0.00000
     -4.70999      5.49869      0.00000
     -4.69999      6.08053      0.00000
     -4.68999      9.85944      0.00000
     -4.67999     11.77114      0.00000
     -4.66999     14.23229      0.00000
     -4.65999     14.43308      0.00000
     -4.64999      8.83595      0.00000
     -4.63999      5.07039      0.00000
     -4.62999      8.22633      0.00000
     -4.61999     15.10762      0.00000
     -4.60999     20.76646      0.00000
     -4.59999     24.53089      0.00000
     -4.58999     23.52737      0.00000
     -4.57999     19.30225      0.00000
     -4.56999     18.64890      0.00000
     -4.55999     19.28397      0.00000
     -4.54999     16.89757      0.00000
     -4.53999     16.15855      0.00000
     -4.52999     19.13681      0.00000
     -4.51999     21.37871      0.00000
     -4.50999     18.35040      0.00000
     -4.49999     11.50197      0.00000
     -4.48999      8.55623      0.00000
     -4.47999     13.81401      0.00000
     -4.46999     20.28429      0.00000
     -4.45999     24.59409      0.00000
     -4.44999     25.86273      0.00000
     -4.43999     26.07824      0.00000
     -4.42999     24.26110      0.00000
     -4.41999     19.16935      0.00000
     -4.40999     16.92643      0.00000
     -4.39999     16.20558      0.00000
     -4.38999     17.16297      0.00000
     -4.37999     23.78341      0.00000
     -4.36999     28.15450      0.00000
     -4.35999     20.11910      0.00000
     -4.34999     10.19862      0.00000
     -4.33999     11.21282      0.00000
     -4.32999     18.39433      0.00000
     -4.31999     22.80015      0.00000
     -4.30999     18.45275      0.00000
     -4.29999     12.92434      0.00000
     -4.28999     12.54056      0.00000
     -4.27999     15.28525      0.00000
     -4.26999     21.53302      0.00000
     -4.25999     23.48327      0.00000
     -4.24999     17.84710      0.00000
     -4.23999     14.14404      0.00000
     -4.22999     16.56900      0.00000
     -4.21999     18.97651      0.00000
     -4.20999     13.55321      0.00000
     -4.19999      8.59139      0.00000
     -4.18999     13.53532      0.00000
     -4.17999     21.52652      0.00000
     -4.16999     24.78601      0.00000
     -4.15999     23.96389      0.00000
     -4.14999     18.39734      0.00000
     -4.13999     12.76850      0.00000
     -4.12999     10.28007      0.00000
     -4.11999      9.90624      0.00000
     -4.10999     13.04181      0.00000
     -4.09999     17.23175      0.00000
     -4.08999     17.01296      0.00000
     -4.07999     13.66348      0.00000
     -4.06999     13.16079      0.00000
     -4.05999     22.27546      0.00000
     -4.04999     34.10220      0.00000
     -4.03999     34.22314      0.00000
     -4.02999     28.67800      0.00000
     -4.01999     26.67089      0.00000
     -4.00999     26.76862      0.00000
     -3.99999     27.46591      0.00000
     -3.98999     29.01507      0.00000
     -3.97999     28.54856      0.00000
     -3.96999     21.83362      0.00000
     -3.95999     16.42819      0.00000
     -3.94999     19.37157      0.00000
     -3.93999     23.12879      0.00000
     -3.92999     19.62148      0.00000
     -3.91999     19.95250      0.00000
     -3.90999     21.66468      0.00000
     -3.89999     17.66643      0.00000
     -3.88999     13.89116      0.00000
     -3.87999     11.36575      0.00000
     -3.86999      8.18336      0.00000
     -3.85999      7.19205      0.00000
     -3.84999     12.03861      0.00000
     -3.83999     17.55200      0.00000
     -3.82999     15.72622      0.00000
     -3.81999     12.77608      0.00000
     -3.80999     16.04153      0.00000
     -3.79999     14.45011      0.00000
     -3.78999      9.19506      0.00000
     -3.77999     12.53797      0.00000
     -3.76999     24.53575      0.00000
     -3.75999     34.63299      0.00000
     -3.74999     34.65070      0.00000
     -3.73999     29.32176      0.00000
     -3.72999     25.08029      0.00000
     -3.71999     25.58072      0.00000
     -3.70999     26.61705      0.00000
     -3.69999     21.52899      0.00000
     -3.68999     13.16990      0.00000
     -3.67999      8.26595      0.00000
     -3.66999      9.02032      0.00000
     -3.65999     10.66254      0.00000
     -3.64999     10.35233      0.00000
     -3.63999     13.53372      0.00000
     -3.62999     15.37457      0.00000
     -3.61999     10.25170      0.00000
     -3.60999      6.31740      0.00000
     -3.59999      5.68206      0.00000
     -3.58999      4.62998      0.00000
     -3.57999      5.71792      0.00000
     -3.56999     10.74560      0.00000
     -3.55999     13.69772      0.00000
     -3.54999     12.72330      0.00000
     -3.53999     13.90205      0.00000
     -3.52999     21.68166      0.00000
     -3.51999     28.81266      0.00000
     -3.50999     27.96202      0.00000
     -3.49999     27.20780      0.00000
     -3.48999     30.11626      0.00000
     -3.47999     26.76193      0.00000
     -3.46999     16.32183      0.00000
     -3.45999      8.86377      0.00000
     -3.44999     10.89647      0.00000
     -3.43999     17.00335      0.00000
     -3.42999     21.56301      0.00000
     -3.41999     19.67717      0.00000
     -3.40999     13.30618      0.00000
     -3.39999     11.19565      0.00000
     -3.38999     13.39722      0.00000
     -3.37999     12.40568      0.00000
     -3.36999      7.74665      0.00000
     -3.35999      6.47127      0.00000
     -3.34999      6.56330      0.00000
     -3.33999      6.64204      0.00000
     -3.32999      8.82510      0.00000
     -3.31999     13.41944      0.00000
     -3.30999     16.50627      0.00000
     -3.29999     11.25578      0.00000
     -3.28999      8.36886      0.00000
     -3.27999     15.02404      0.00000
     -3.26999     19.51794      0.00000
     -3.25999     16.65674      0.00000
     -3.24999     14.29146      0.00000
     -3.23999     19.67168      0.00000
     -3.22999     26.46916      0.00000
     -3.21999     24.23810      0.00000
     -3.20999     19.19135      0.00000
     -3.19999     20.75899      0.00000
     -3.18999     28.20452      0.00000
     -3.17999     34.59026      0.00000
     -3.16999     26.63234      0.00000
     -3.15999     12.05721      0.00000
     -3.14999      5.97070      0.00000
     -3.13999      7.05181      0.00000
     -3.12999      8.92365      0.00000
     -3.11999     10.27517      0.00000
     -3.10999     13.53810      0.00000
     -3.09999     16.26974      0.00000
     -3.08999     15.72273      0.00000
     -3.07999     13.18188      0.00000
     -3.06999     10.46389      0.00000
     -3.05999      8.55725      0.00000
     -3.04999      9.63220      0.00000
     -3.03999     13.83323      0.00000
     -3.02999     14.51573      0.00000
     -3.01999     14.73682      0.00000
     -3.00999     19.56833      0.00000
     -2.99999     27.39660      0.00000
     -2.98999     30.28272      0.00000
     -2.97999     28.49703      0.00000
     -2.96999     31.57211      0.00000
     -2.95999     38.41729      0.00000
     -2.94999     42.83138      0.00000
     -2.93999     38.08474      0.00000
     -2.92999     28.53154      0.00000
     -2.91999     20.33263      0.00000
     -2.90999     15.47430      0.00000
     -2.89999     19.01974      0.00000
     -2.88999     28.33345      0.00000
     -2.87999     28.70099      0.00000
     -2.86999     19.91720      0.00000
     -2.85999     18.72982      0.00000
     -2.84999     20.43920      0.00000
     -2.83999     17.86160      0.00000
     -2.82999     17.83255      0.00000
     -2.81999     18.24374      0.00000
     -2.80999     16.76678      0.00000
     -2.79999     17.14335      0.00000
     -2.78999     19.47064      0.00000
     -2.77999     17.49050      0.00000
     -2.76999      9.97868      0.00000
     -2.75999      4.17715      0.00000
     -2.74999      3.02620      0.00000
     -2.73999      4.61815      0.00000
     -2.72999     11.39603      0.00000
     -2.71999     19.35402      0.00000
     -2.70999     20.77537      0.00000
     -2.69999     19.15496      0.00000
     -2.68999     15.64726      0.00000
     -2.67999     12.67634      0.00000
     -2.66999     15.53582      0.00000
     -2.65999     16.21797      0.00000
     -2.64999     11.23574      0.00000
     -2.63999      9.31656      0.00000
     -2.62999     16.51274      0.00000
     -2.61999     19.05108      0.00000
     -2.60999     11.43715      0.00000
     -2.59999     10.76138      0.00000
     -2.58999     12.50582      0.00000
     -2.57999      8.20168      0.00000
     -2.56999      6.50409      0.00000
     -2.55999      8.10699      0.00000
     -2.54999      6.82287      0.00000
     -2.53999      5.01607      0.00000
     -2.52999      7.57869      0.00000
     -2.51999     11.25115      0.00000
     -2.50999     11.39773      0.00000
     -2.49999      8.30089      0.00000
     -2.48999      5.75760      0.00000
     -2.47999      4.36294      0.00000
     -2.46999      5.71507      0.00000
     -2.45999      6.48652      0.00000
     -2.44999      3.12869      0.00000
     -2.43999      0.88986      0.00000
     -2.42999      2.32184      0.00000
     -2.41999      6.62093      0.00000
     -2.40999      8.44887      0.00000
     -2.39999      5.78655      0.00000
     -2.38999      2.97482      0.00000
     -2.37999      1.20612      0.00000
     -2.36999      1.19476      0.00000
     -2.35999      3.39716      0.00000
     -2.34999      4.27492      0.00000
     -2.33999      1.99422      0.00000
     -2.32999      0.34332      0.00000
     -2.31999      0.02194      0.00000
     -2.30999      0.00727      0.00000
     -2.29999      0.13945      0.00000
     -2.28999      1.19631      0.00000
     -2.27999      4.55068      0.00000
     -2.26999      7.95758      0.00000
     -2.25999      6.48216      0.00000
     -2.24999      4.16463      0.00000
     -2.23999      7.53090      0.00000
     -2.22999     12.87642      0.00000
     -2.21999     12.52004      0.00000
     -2.20999      8.88495      0.00000
     -2.19999      6.39500      0.00000
     -2.18999      4.89310      0.00000
     -2.17999      5.34926      0.00000
     -2.16999      5.04333      0.00000
     -2.15999      2.30521      0.00000
     -2.14999      0.47647      0.00000
     -2.13999      0.56866      0.00000
     -2.12999      2.10636      0.00000
     -2.11999      4.89351      0.00000
     -2.10999      9.09338      0.00000
     -2.09999     10.14084      0.00000
     -2.08999      5.23979      0.00000
     -2.07999      1.15260      0.00000
     -2.06999      0.10287      0.00000
     -2.05999      0.00400      0.00000
     -2.04999      0.02174      0.00000
     -2.03999      0.42373      0.00000
     -2.02999      3.17026      0.00000
     -2.01999      9.32657      0.00000
     -2.00999     11.13522      0.00000
     -1.99999      5.52682      0.00000
     -1.98999      1.14166      0.00000
     -1.97999      0.09597      0.00000
     -1.96999      0.00318      0.00000
     -1.95999      0.00003      0.00000
     -1.94999      0.00000      0.00000
     -1.93999      0.00007      0.00000
     -1.92999      0.00381      0.00000
     -1.91999      0.07909      0.00000
     -1.90999      0.67208      0.00000
     -1.89999      2.53337      0.00000
     -1.88999      4.84869      0.00000
     -1.87999      5.13761      0.00000
     -1.86999      2.75114      0.00000
     -1.85999      0.94133      0.00000
     -1.84999      1.43317      0.00000
     -1.83999      2.27693      0.00000
     -1.82999      2.17506      0.00000
     -1.81999      3.74368      0.00000
     -1.80999      6.51826      0.00000
     -1.79999      7.90726      0.00000
     -1.78999      6.28300      0.00000
     -1.77999      3.00606      0.00000
     -1.76999      3.72835      0.00000
     -1.75999      6.71233      0.00000
     -1.74999      6.25900      0.00000
     -1.73999      6.14338      0.00000
     -1.72999      6.26509      0.00000
     -1.71999      3.17822      0.00000
     -1.70999      0.67600      0.00000
     -1.69999      0.06063      0.00000
     -1.68999      0.06865      0.00000
     -1.67999      0.71981      0.00000
     -1.66999      2.90392      0.00000
     -1.65999      4.38745      0.00000
     -1.64999      2.61289      0.00000
     -1.63999      1.66103      0.00000
     -1.62999      3.55874      0.00000
     -1.61999      4.13258      0.00000
     -1.60999      1.84413      0.00000
     -1.59999      0.31266      0.00000
     -1.58999      0.03697      0.00000
     -1.57999      0.23451      0.00000
     -1.56999      1.20567      0.00000
     -1.55999      2.56903      0.00000
     -1.54999      3.55959      0.00000
     -1.53999      4.64386      0.00000
     -1.52999      3.43444      0.00000
     -1.51999      1.76698      0.00000
     -1.50999      3.11167      0.00000
     -1.49999      4.33054      0.00000
     -1.48999      2.37050      0.00000
     -1.47999      0.49425      0.00000
     -1.46999      0.05634      0.00000
     -1.45999      0.27206      0.00000
     -1.44999      1.65351      0.00000
     -1.43999      3.95365      0.00000
     -1.42999      3.69001      0.00000
     -1.41999      1.33184      0.00000
     -1.40999      0.18666      0.00000
     -1.39999      0.08587      0.00000
     -1.38999      0.76711      0.00000
     -1.37999      3.07198      0.00000
     -1.36999      5.32139      0.00000
     -1.35999      5.18828      0.00000
     -1.34999      4.48521      0.00000
     -1.33999      3.88118      0.00000
     -1.32999      4.37848      0.00000
     -1.31999      4.13053      0.00000
     -1.30999      1.73092      0.00000
     -1.29999      0.28603      0.00000
     -1.28999      0.13065      0.00000
     -1.27999      1.04607      0.00000
     -1.26999      3.77669      0.00000
     -1.25999      6.02212      0.00000
     -1.24999      6.36765      0.00000
     -1.23999      7.86725      0.00000
     -1.22999      8.15799      0.00000
     -1.21999      4.39503      0.00000
     -1.20999      1.03622      0.00000
     -1.19999      0.09866      0.00000
     -1.18999      0.00362      0.00000
     -1.17999      0.00005      0.00000
     -1.16999      0.00060      0.00000
     -1.15999      0.02431      0.00000
     -1.14999      0.36627      0.00000
     -1.13999      2.05180      0.00000
     -1.12999      4.28630      0.00000
     -1.11999      3.49563      0.00000
     -1.10999      2.23892      0.00000
     -1.09999      3.73411      0.00000
     -1.08999      4.00966      0.00000
     -1.07999      1.71355      0.00000
     -1.06999      0.28281      0.00000
     -1.05999      0.02051      0.00000
     -1.04999      0.06044      0.00000
     -1.03999      0.56298      0.00000
     -1.02999      2.37675      0.00000
     -1.01999      5.03736      0.00000
     -1.00999      5.75543      0.00000
     -0.99999      4.08263      0.00000
     -0.98999      2.69349      0.00000
     -0.97999      1.96450      0.00000
     -0.96999      2.56848      0.00000
     -0.95999      3.78391      0.00000
     -0.94999      4.71191      0.00000
     -0.93999      4.86856      0.00000
     -0.92999      3.19487      0.00000
     -0.91999      1.84996      0.00000
     -0.90999      0.78251      0.00000
     -0.89999      0.25550      0.00000
     -0.88999      1.00882      0.00000
     -0.87999      3.34124      0.00000
     -0.86999      4.22685      0.00000
     -0.85999      2.03061      0.00000
     -0.84999      0.39621      0.00000
     -0.83999      0.36999      0.00000
     -0.82999      1.84236      0.00000
     -0.81999      3.97211      0.00000
     -0.80999      3.49152      0.00000
     -0.79999      1.24699      0.00000
     -0.78999      0.17820      0.00000
     -0.77999      0.00999      0.00000
     -0.76999      0.00021      0.00000
     -0.75999      0.00000      0.00000
     -0.74999      0.00000      0.00000
     -0.73999      0.00026      0.00000
     -0.72999      0.01272      0.00000
     -0.71999      0.24186      0.00000
     -0.70999      1.79247      0.00000
     -0.69999      5.25931      0.00000
     -0.68999      6.43995      0.00000
     -0.67999      4.84015      0.00000
     -0.66999      4.79000      0.00000
     -0.65999      3.75785      0.00000
     -0.64999      2.52882      0.00000
     -0.63999      2.38830      0.00000
     -0.62999      1.84610      0.00000
     -0.61999      2.14391      0.00000
     -0.60999      2.13894      0.00000
     -0.59999      2.01235      0.00000
     -0.58999      3.83704      0.00000
     -0.57999      4.16324      0.00000
     -0.56999      2.46719      0.00000
     -0.55999      3.66924      0.00000
     -0.54999      7.47726      0.00000
     -0.53999     10.35697      0.00000
     -0.52999      8.01668      0.00000
     -0.51999      2.75365      0.00000
     -0.50999      0.37848      0.00000
     -0.49999      0.02020      0.00000
     -0.48999      0.00412      0.00000
     -0.47999      0.09392      0.00000
     -0.46999      0.92683      0.00000
     -0.45999      3.76322      0.00000
     -0.44999      6.93825      0.00000
     -0.43999      6.72301      0.00000
     -0.42999      4.27128      0.00000
     -0.41999      3.29184      0.00000
     -0.40999      4.99209      0.00000
     -0.39999      6.93001      0.00000
     -0.38999      4.86919      0.00000
     -0.37999      1.77057      0.00000
     -0.36999      2.04353      0.00000
     -0.35999      4.21784      0.00000
     -0.34999      3.51179      0.00000
     -0.33999      1.08058      0.00000
     -0.32999      0.12262      0.00000
     -0.31999      0.00513      0.00000
     -0.30999      0.00008      0.00000
     -0.29999      0.00000      0.00000
     -0.28999      0.00000      0.00000
     -0.27999      0.00017      0.00000
     -0.26999      0.00928      0.00000
     -0.25999      0.18733      0.00000
     -0.24999      1.39840      0.00000
     -0.23999      3.86132      0.00000
     -0.22999      3.94441      0.00000
     -0.21999      1.49087      0.00000
     -0.20999      0.21442      0.00000
     -0.19999      0.12851      0.00000
     -0.18999      0.95367      0.00000
     -0.17999      3.32680      0.00000
     -0.16999      5.15941      0.00000
     -0.15999      3.66373      0.00000
     -0.14999      1.59342      0.00000
     -0.13999      0.74832      0.00000
     -0.12999      0.30302      0.00000
     -0.11999      0.88825      0.00000
     -0.10999      4.21356      0.00000
     -0.09999      7.86831      0.00000
     -0.08999      5.70698      0.00000
     -0.07999      1.64910      0.00000
     -0.06999      0.20638      0.00000
     -0.05999      0.23442      0.00000
     -0.04999      1.57409      0.00000
     -0.03999      4.76481      0.00000
     -0.02999      8.24166      0.00000
     -0.01999     10.56878      0.00000
     -0.00999      9.08680      0.00000
      0.00001      5.71849      0.00000
      0.01001      3.06897      0.00000
      0.02001      1.01775      0.00000
      0.03001      0.15853      0.00000
      0.04001      0.08660      0.00000
      0.05001      0.73240      0.00000
      0.06001      2.78406      0.00000
      0.07001      4.25201      0.00000
      0.08001      2.58792      0.00000
      0.09001      0.64116      0.00000
      0.10001      0.39927      0.00000
      0.11001      1.86832      0.00000
      0.12001      4.00977      0.00000
      0.13001      3.46612      0.00000
      0.14001      1.22480      0.00000
      0.15001      0.31630      0.00000
      0.16001      1.18476      0.00000
      0.17001      3.80842      0.00000
      0.18001      5.78116      0.00000
      0.19001      6.83420      0.00000
      0.20001      7.86949      0.00000
      0.21001      5.60469      0.00000
      0.22001      1.84676      0.00000
      0.23001      0.25728      0.00000
      0.24001      0.15514      0.00000
      0.25001      1.13629      0.00000
      0.26001      3.54392      0.00000
      0.27001      4.75209      0.00000
      0.28001      4.07854      0.00000
      0.29001      3.99935      0.00000
      0.30001      3.15679      0.00000
      0.31001      1.27441      0.00000
      0.32001      0.89853      0.00000
      0.33001      2.88715      0.00000
      0.34001      4.37433      0.00000
      0.35001      2.50102      0.00000
      0.36001      0.54579      0.00000
      0.37001      0.18432      0.00000
      0.38001      0.95526      0.00000
      0.39001      2.52495      0.00000
      0.40001      2.80400      0.00000
      0.41001      2.23401      0.00000
      0.42001      2.99701      0.00000
      0.43001      3.13075      0.00000
      0.44001      1.53624      0.00000
      0.45001      0.31153      0.00000
      0.46001      0.02449      0.00000
      0.47001      0.00072      0.00000
      0.48001      0.00000      0.00000
      0.49001      0.00001      0.00000
      0.50001      0.00108      0.00000
      0.51001      0.03191      0.00000
      0.52001      0.37971      0.00000
      0.53001      1.96997      0.00000
      0.54001      4.96973      0.00000
      0.55001      6.73735      0.00000
      0.56001      5.52498      0.00000
      0.57001      4.18127      0.00000
      0.58001      5.01343      0.00000
      0.59001      5.97199      0.00000
      0.60001      6.33723      0.00000
      0.61001      5.24625      0.00000
      0.62001      2.71443      0.00000
      0.63001      0.80095      0.00000
      0.64001      0.11732      0.00000
      0.65001      0.10059      0.00000
      0.66001      0.79450      0.00000
      0.67001      2.64097      0.00000
      0.68001      3.77594      0.00000
      0.69001      2.66021      0.00000
      0.70001      0.96783      0.00000
      0.71001      0.16226      0.00000
      0.72001      0.01748      0.00000
      0.73001      0.13524      0.00000
      0.74001      1.13429      0.00000
      0.75001      4.11154      0.00000
      0.76001      7.22558      0.00000
      0.77001      7.50324      0.00000
      0.78001      5.22519      0.00000
      0.79001      2.04909      0.00000
      0.80001      0.36690      0.00000
      0.81001      0.13051      0.00000
      0.82001      0.71806      0.00000
      0.83001      1.90078      0.00000
      0.84001      1.94411      0.00000
      0.85001      0.76234      0.00000
      0.86001      0.11363      0.00000
      0.87001      0.00657      0.00000
      0.88001      0.00815      0.00000
      0.89001      0.13030      0.00000
      0.90001      0.85568      0.00000
      0.91001      2.55010      0.00000
      0.92001      3.82648      0.00000
      0.93001      2.79254      0.00000
      0.94001      1.04600      0.00000
      0.95001      0.95246      0.00000
      0.96001      1.80961      0.00000
      0.97001      1.98926      0.00000
      0.98001      1.69493      0.00000
      0.99001      1.86912      0.00000
      1.00001      2.39238      0.00000
      1.01001      3.90369      0.00000
      1.02001      4.29102      0.00000
      1.03001      2.45009      0.00000
      1.04001      0.68318      0.00000
      1.05001      0.08402      0.00000
      1.06001      0.00425      0.00000
      1.07001      0.00561      0.00000
      1.08001      0.12242      0.00000
      1.09001      1.05191      0.00000
      1.10001      3.69357      0.00000
      1.11001      5.88699      0.00000
      1.12001      5.50370      0.00000
      1.13001      5.43746      0.00000
      1.14001      5.56288      0.00000
      1.15001      3.39056      0.00000
      1.16001      2.16122      0.00000
      1.17001      4.30550      0.00000
      1.18001      6.04064      0.00000
      1.19001      4.45966      0.00000
      1.20001      1.90623      0.00000
      1.21001      0.43245      0.00000
      1.22001      0.12644      0.00000
      1.23001      0.58545      0.00000
      1.24001      1.70846      0.00000
      1.25001      2.85411      0.00000
      1.26001      3.30829      0.00000
      1.27001      2.01226      0.00000
      1.28001      0.50483      0.00000
      1.29001      0.04948      0.00000
      1.30001      0.03117      0.00000
      1.31001      0.40605      0.00000
      1.32001      2.33809      0.00000
      1.33001      6.02504      0.00000
      1.34001      7.47170      0.00000
      1.35001      4.52974      0.00000
      1.36001      1.26414      0.00000
      1.37001      0.14995      0.00000
      1.38001      0.00714      0.00000
      1.39001      0.00013      0.00000
      1.40001      0.00000      0.00000
      1.41001      0.00000      0.00000
      1.42001      0.00000      0.00000
      1.43001      0.00000      0.00000
      1.44001      0.00000      0.00000
      1.45001      0.00040      0.00000
      1.46001      0.01410      0.00000
      1.47001      0.18069      0.00000
      1.48001      0.85664      0.00000
      1.49001      1.59009      0.00000
      1.50001      1.88514      0.00000
      1.51001      3.44182      0.00000
      1.52001      5.10449      0.00000
      1.53001      5.26257      0.00000
      1.54001      5.53605      0.00000
      1.55001      5.29533      0.00000
      1.56001      3.16972      0.00000
      1.57001      0.89031      0.00000
      1.58001      0.10148      0.00000
      1.59001      0.00567      0.00000
      1.60001      0.03346      0.00000
      1.61001      0.34364      0.00000
      1.62001      1.50747      0.00000
      1.63001      3.49043      0.00000
      1.64001      5.56152      0.00000
      1.65001      7.44690      0.00000
      1.66001      8.53218      0.00000
      1.67001      7.61166      0.00000
      1.68001      5.36807      0.00000
      1.69001      3.04384      0.00000
      1.70001      1.22550      0.00000
      1.71001      0.25577      0.00000
      1.72001      0.02205      0.00000
      1.73001      0.00072      0.00000
      1.74001      0.00001      0.00000
      1.75001      0.00000      0.00000
      1.76001      0.00000      0.00000
      1.77001      0.00000      0.00000
      1.78001      0.00000      0.00000
      1.79001      0.00087      0.00000
      1.80001      0.03232      0.00000
      1.81001      0.45424      0.00000
      1.82001      2.53445      0.00000
      1.83001      6.33990      0.00000
      1.84001      9.39883      0.00000
      1.85001     10.69063      0.00000
      1.86001      9.22374      0.00000
      1.87001      6.84382      0.00000
      1.88001      5.44718      0.00000
      1.89001      6.91703      0.00000
      1.90001      8.28670      0.00000
      1.91001      4.86187      0.00000
      1.92001      1.72874      0.00000
      1.93001      1.83545      0.00000
      1.94001      2.10415      0.00000
      1.95001      1.62592      0.00000
      1.96001      2.85390      0.00000
      1.97001      5.02077      0.00000
      1.98001      5.12368      0.00000
      1.99001      4.43808      0.00000
      2.00001      4.01912      0.00000
      2.01001      2.87200      0.00000
      2.02001      1.92376      0.00000
      2.03001      1.42076      0.00000
      2.04001      2.67962      0.00000
      2.05001      4.66142      0.00000
      2.06001      4.32369      0.00000
      2.07001      2.81974      0.00000
      2.08001      1.48109      0.00000
      2.09001      1.21056      0.00000
      2.10001      2.54909      0.00000
      2.11001      3.15098      0.00000
      2.12001      2.74825      0.00000
      2.13001      2.74380      0.00000
      2.14001      2.38054      0.00000
      2.15001      3.04275      0.00000
      2.16001      5.07001      0.00000
      2.17001      5.11800      0.00000
      2.18001      5.15552      0.00000
      2.19001      5.56423      0.00000
      2.20001      3.28600      0.00000
      2.21001      1.26131      0.00000
      2.22001      1.70600      0.00000
      2.23001      3.51808      0.00000
      2.24001      5.59224      0.00000
      2.25001      4.91944      0.00000
      2.26001      1.97886      0.00000
      2.27001      0.34759      0.00000
      2.28001      0.02569      0.00000
      2.29001      0.00076      0.00000
      2.30001      0.00081      0.00000
      2.31001      0.03096      0.00000
      2.32001      0.45469      0.00000
      2.33001      2.60475      0.00000
      2.34001      6.30803      0.00000
      2.35001      7.92017      0.00000
      2.36001      6.75058      0.00000
      2.37001      4.16140      0.00000
      2.38001      2.31054      0.00000
      2.39001      2.45159      0.00000
      2.40001      2.51842      0.00000
      2.41001      1.76541      0.00000
      2.42001      1.91318      0.00000
      2.43001      3.21707      0.00000
      2.44001      5.19133      0.00000
      2.45001      5.59151      0.00000
      2.46001      3.20038      0.00000
      2.47001      0.94153      0.00000
      2.48001      0.48705      0.00000
      2.49001      1.21960      0.00000
      2.50001      1.76810      0.00000
      2.51001      2.84554      0.00000
      2.52001      5.79062      0.00000
      2.53001      6.33775      0.00000
      2.54001      3.12010      0.00000
      2.55001      0.66694      0.00000
      2.56001      0.05941      0.00000
      2.57001      0.00211      0.00000
      2.58001      0.00017      0.00000
      2.59001      0.00654      0.00000
      2.60001      0.10679      0.00000
      2.61001      0.64390      0.00000
      2.62001      1.47720      0.00000
      2.63001      1.61671      0.00000
      2.64001      1.68236      0.00000
      2.65001      1.79599      0.00000
      2.66001      2.10643      0.00000
      2.67001      2.66528      0.00000
      2.68001      1.98437      0.00000
      2.69001      0.95766      0.00000
      2.70001      1.30466      0.00000
      2.71001      2.25493      0.00000
      2.72001      2.51714      0.00000
      2.73001      2.50978      0.00000
      2.74001      2.44007      0.00000
      2.75001      1.54947      0.00000
      2.76001      1.63576      0.00000
      2.77001      3.60634      0.00000
      2.78001      3.91553      0.00000
      2.79001      1.79595      0.00000
      2.80001      0.76243      0.00000
      2.81001      2.21855      0.00000
      2.82001      4.71201      0.00000
      2.83001      4.69888      0.00000
      2.84001      2.86926      0.00000
      2.85001      1.33929      0.00000
      2.86001      0.34440      0.00000
      2.87001      0.03623      0.00000
      2.88001      0.00146      0.00000
      2.89001      0.00211      0.00000
      2.90001      0.05235      0.00000
      2.91001      0.50560      0.00000
      2.92001      1.94914      0.00000
      2.93001      3.36952      0.00000
      2.94001      3.84057      0.00000
      2.95001      4.30308      0.00000
      2.96001      4.14019      0.00000
      2.97001      2.83087      0.00000
      2.98001      1.05596      0.00000
      2.99001      0.31682      0.00000
      3.00001      1.09292      0.00000
      3.01001      3.38470      0.00000
      3.02001      4.86627      0.00000
      3.03001      3.59151      0.00000
      3.04001      1.51545      0.00000
      3.05001      1.02477      0.00000
      3.06001      2.70989      0.00000
      3.07001      4.28051      0.00000
      3.08001      4.18617      0.00000
      3.09001      3.63424      0.00000
      3.10001      2.17777      0.00000
      3.11001      0.64802      0.00000
      3.12001      0.21301      0.00000
      3.13001      0.93466      0.00000
      3.14001      2.82277      0.00000
      3.15001      4.66353      0.00000
      3.16001      5.67341      0.00000
      3.17001      4.93501      0.00000
      3.18001      2.43202      0.00000
      3.19001      0.59416      0.00000
      3.20001      0.40842      0.00000
      3.21001      1.79773      0.00000
      3.22001      3.70780      0.00000
      3.23001      3.40302      0.00000
      3.24001      1.49389      0.00000
      3.25001      0.30405      0.00000
      3.26001      0.02603      0.00000
      3.27001      0.00086      0.00000
      3.28001      0.00001      0.00000
      3.29001      0.00000      0.00000
      3.30001      0.00000      0.00000
      3.31001      0.00000      0.00000
      3.32001      0.00000      0.00000
      3.33001      0.00019      0.00000
      3.34001      0.00816      0.00000
      3.35001      0.13592      0.00000
      3.36001      0.88807      0.00000
      3.37001      2.41122      0.00000
      3.38001      3.18208      0.00000
      3.39001      3.28016      0.00000
      3.40001      3.94101      0.00000
      3.41001      4.05618      0.00000
      3.42001      3.42720      0.00000
      3.43001      3.45691      0.00000
      3.44001      3.08468      0.00000
      3.45001      3.56799      0.00000
      3.46001      5.13985      0.00000
      3.47001      5.31071      0.00000
      3.48001      5.23903      0.00000
      3.49001      6.47899      0.00000
