Energy-E_F (eV)    DOS (1/eV)    PDOS (1/eV)  of atom type Hg 
     -4.11957      0.03579      0.00000
     -4.10957      0.25491      0.00000
     -4.09957      0.68565      0.00000
     -4.08957      0.83078      0.00000
     -4.07957      0.92717      0.00000
     -4.06957      1.37384      0.00000
     -4.05957      1.72354      0.00000
     -4.04957      1.22674      0.00000
     -4.03957      0.66368      0.00000
     -4.02957      1.22860      0.00000
     -4.01957      2.11166      0.00000
     -4.00957      3.26799      0.00000
     -3.99957      5.03529      0.00000
     -3.98957      4.59659      0.00000
     -3.97957      2.44596      0.00000
     -3.96957      2.03154      0.00000
     -3.95957      2.03596      0.00000
     -3.94957      1.60708      0.00000
     -3.93957      1.63507      0.00000
     -3.92957      1.12031      0.00000
     -3.91957      0.31164      0.00000
     -3.90957      0.03253      0.00000
     -3.89957      0.01076      0.00000
     -3.88957      0.13840      0.00000
     -3.87957      0.73985      0.00000
     -3.86957      1.45941      0.00000
     -3.85957      1.13627      0.00000
     -3.84957      0.83804      0.00000
     -3.83957      1.39634      0.00000
     -3.82957      1.29025      0.00000
     -3.81957      0.90781      0.00000
     -3.80957      1.79406      0.00000
     -3.79957      2.67488      0.00000
     -3.78957      2.05419      0.00000
     -3.77957      1.51242      0.00000
     -3.76957      1.67659      0.00000
     -3.75957      1.59280      0.00000
     -3.74957      1.83483      0.00000
     -3.73957      1.70319      0.00000
     -3.72957      0.96918      0.00000
     -3.71957      0.30206      0.00000
     -3.70957      0.04274      0.00000
     -3.69957      0.03504      0.00000
     -3.68957      0.31441      0.00000
     -3.67957      1.10770      0.00000
     -3.66957      1.44372      0.00000
     -3.65957      0.81505      0.00000
     -3.64957      0.91821      0.00000
     -3.63957      2.11046      0.00000
     -3.62957      2.98781      0.00000
     -3.61957      3.20619      0.00000
     -3.60957      3.00794      0.00000
     -3.59957      1.91400      0.00000
     -3.58957      0.75132      0.00000
     -3.57957      0.63251      0.00000
     -3.56957      0.74492      0.00000
     -3.55957      0.61814      0.00000
     -3.54957      1.36139      0.00000
     -3.53957      2.58477      0.00000
     -3.52957      2.24926      0.00000
     -3.51957      0.94246      0.00000
     -3.50957      0.61707      0.00000
     -3.49957      1.14064      0.00000
     -3.48957      1.67230      0.00000
     -3.47957      1.48243      0.00000
     -3.46957      0.60130      0.00000
     -3.45957      0.29922      0.00000
     -3.44957      0.92504      0.00000
     -3.43957      1.48779      0.00000
     -3.42957      1.05082      0.00000
     -3.41957      1.31687      0.00000
     -3.40957      2.71125      0.00000
     -3.39957      2.44309      0.00000
     -3.38957      0.83815      0.00000
     -3.37957      0.10873      0.00000
     -3.36957      0.00532      0.00000
     -3.35957      0.00010      0.00000
     -3.34957      0.00053      0.00000
     -3.33957      0.01937      0.00000
     -3.32957      0.26641      0.00000
     -3.31957      1.40299      0.00000
     -3.30957      2.89616      0.00000
     -3.29957      2.59318      0.00000
     -3.28957      1.47597      0.00000
     -3.27957      1.14668      0.00000
     -3.26957      1.56702      0.00000
     -3.25957      1.83311      0.00000
     -3.24957      2.74807      0.00000
     -3.23957      3.62393      0.00000
     -3.22957      2.13066      0.00000
     -3.21957      0.62459      0.00000
     -3.20957      0.78723      0.00000
     -3.19957      1.45769      0.00000
     -3.18957      1.04789      0.00000
     -3.17957      0.29689      0.00000
     -3.16957      0.28445      0.00000
     -3.15957      1.33138      0.00000
     -3.14957      3.00226      0.00000
     -3.13957      3.85956      0.00000
     -3.12957      3.77389      0.00000
     -3.11957      2.60603      0.00000
     -3.10957      2.27886      0.00000
     -3.09957      2.78184      0.00000
     -3.08957      2.32323      0.00000
     -3.07957      1.87328      0.00000
     -3.06957      1.38035      0.00000
     -3.05957      0.87683      0.00000
     -3.04957      1.31906      0.00000
     -3.03957      1.34347      0.00000
     -3.02957      0.52524      0.00000
     -3.01957      0.11228      0.00000
     -3.00957      0.32186      0.00000
     -2.99957      1.28947      0.00000
     -2.98957      2.92512      0.00000
     -2.97957      3.68908      0.00000
     -2.96957      2.22507      0.00000
     -2.95957      0.58232      0.00000
     -2.94957      0.25591      0.00000
     -2.93957      0.97785      0.00000
     -2.92957      1.92756      0.00000
     -2.91957      1.65658      0.00000
     -2.90957      0.65984      0.00000
     -2.89957      0.21226      0.00000
     -2.88957      0.86494      0.00000
     -2.87957      3.22844      0.00000
     -2.86957      5.38281      0.00000
     -2.85957      4.27029      0.00000
     -2.84957      2.56964      0.00000
     -2.83957      2.26843      0.00000
     -2.82957      1.79999      0.00000
     -2.81957      1.81864      0.00000
     -2.80957      2.19734      0.00000
     -2.79957      1.98462      0.00000
     -2.78957      1.04171      0.00000
     -2.77957      0.25256      0.00000
     -2.76957      0.22207      0.00000
     -2.75957      1.13921      0.00000
     -2.74957      2.76309      0.00000
     -2.73957      3.51659      0.00000
     -2.72957      3.31741      0.00000
     -2.71957      2.86714      0.00000
     -2.70957      2.71749      0.00000
     -2.69957      2.34035      0.00000
     -2.68957      1.19323      0.00000
     -2.67957      0.27501      0.00000
     -2.66957      0.02513      0.00000
     -2.65957      0.00220      0.00000
     -2.64957      0.02858      0.00000
     -2.63957      0.22745      0.00000
     -2.62957      0.72041      0.00000
     -2.61957      1.15334      0.00000
     -2.60957      1.53761      0.00000
     -2.59957      1.88404      0.00000
     -2.58957      1.36786      0.00000
     -2.57957      0.43168      0.00000
     -2.56957      0.05366      0.00000
     -2.55957      0.02780      0.00000
     -2.54957      0.26173      0.00000
     -2.53957      1.22002      0.00000
     -2.52957      2.80424      0.00000
     -2.51957      3.22032      0.00000
     -2.50957      2.39208      0.00000
     -2.49957      2.79506      0.00000
     -2.48957      3.15722      0.00000
     -2.47957      2.95119      0.00000
     -2.46957      3.63347      0.00000
     -2.45957      4.83347      0.00000
     -2.44957      4.84931      0.00000
     -2.43957      2.45483      0.00000
     -2.42957      0.53748      0.00000
     -2.41957      0.08145      0.00000
     -2.40957      0.24474      0.00000
     -2.39957      0.65520      0.00000
     -2.38957      0.66297      0.00000
     -2.37957      0.41518      0.00000
     -2.36957      0.87774      0.00000
     -2.35957      1.47993      0.00000
     -2.34957      1.01585      0.00000
     -2.33957      0.84916      0.00000
     -2.32957      2.56197      0.00000
     -2.31957      5.22335      0.00000
     -2.30957      5.75258      0.00000
     -2.29957      3.56038      0.00000
     -2.28957      1.94551      0.00000
     -2.27957      2.36152      0.00000
     -2.26957      3.74952      0.00000
     -2.25957      4.32265      0.00000
     -2.24957      3.07514      0.00000
     -2.23957      2.01953      0.00000
     -2.22957      1.34570      0.00000
     -2.21957      0.77089      0.00000
     -2.20957      1.51607      0.00000
     -2.19957      2.62781      0.00000
     -2.18957      2.19909      0.00000
     -2.17957      1.61793      0.00000
     -2.16957      2.95196      0.00000
     -2.15957      3.65066      0.00000
     -2.14957      2.46014      0.00000
     -2.13957      1.81913      0.00000
     -2.12957      1.37369      0.00000
     -2.11957      1.50616      0.00000
     -2.10957      2.19980      0.00000
     -2.09957      2.39063      0.00000
     -2.08957      2.27150      0.00000
     -2.07957      2.07680      0.00000
     -2.06957      1.60712      0.00000
     -2.05957      0.91665      0.00000
     -2.04957      1.14425      0.00000
     -2.03957      1.46637      0.00000
     -2.02957      0.75661      0.00000
     -2.01957      0.14488      0.00000
     -2.00957      0.03180      0.00000
     -1.99957      0.28388      0.00000
     -1.98957      1.49950      0.00000
     -1.97957      3.36666      0.00000
     -1.96957      3.66369      0.00000
     -1.95957      2.60986      0.00000
     -1.94957      1.68681      0.00000
     -1.93957      1.87631      0.00000
     -1.92957      2.16228      0.00000
     -1.91957      1.25392      0.00000
     -1.90957      1.38399      0.00000
     -1.89957      3.69861      0.00000
     -1.88957      4.84995      0.00000
     -1.87957      3.30362      0.00000
     -1.86957      2.53381      0.00000
     -1.85957      2.45568      0.00000
     -1.84957      1.65692      0.00000
     -1.83957      1.28321      0.00000
     -1.82957      2.50058      0.00000
     -1.81957      3.82519      0.00000
     -1.80957      3.00421      0.00000
     -1.79957      1.43406      0.00000
     -1.78957      1.13610      0.00000
     -1.77957      1.51565      0.00000
     -1.76957      1.58994      0.00000
     -1.75957      0.80472      0.00000
     -1.74957      0.35916      0.00000
     -1.73957      1.52967      0.00000
     -1.72957      4.63656      0.00000
     -1.71957      6.43974      0.00000
     -1.70957      5.50195      0.00000
     -1.69957      4.90685      0.00000
     -1.68957      4.46952      0.00000
     -1.67957      3.60547      0.00000
     -1.66957      2.52895      0.00000
     -1.65957      1.26191      0.00000
     -1.64957      1.20880      0.00000
     -1.63957      3.06078      0.00000
     -1.62957      4.74852      0.00000
     -1.61957      3.90768      0.00000
     -1.60957      1.64248      0.00000
     -1.59957      0.37153      0.00000
     -1.58957      0.54713      0.00000
     -1.57957      2.04538      0.00000
     -1.56957      3.21584      0.00000
     -1.55957      2.35539      0.00000
     -1.54957      1.39723      0.00000
     -1.53957      1.89090      0.00000
     -1.52957      2.77544      0.00000
     -1.51957      2.50427      0.00000
     -1.50957      1.53242      0.00000
     -1.49957      1.29032      0.00000
     -1.48957      2.14077      0.00000
     -1.47957      2.97517      0.00000
     -1.46957      3.68529      0.00000
     -1.45957      4.64666      0.00000
     -1.44957      3.96434      0.00000
     -1.43957      3.47735      0.00000
     -1.42957      4.48090      0.00000
     -1.41957      4.10765      0.00000
     -1.40957      2.75079      0.00000
     -1.39957      2.26673      0.00000
     -1.38957      1.96792      0.00000
     -1.37957      1.69644      0.00000
     -1.36957      2.39252      0.00000
     -1.35957      3.22974      0.00000
     -1.34957      2.94274      0.00000
     -1.33957      2.39923      0.00000
     -1.32957      1.35772      0.00000
     -1.31957      0.71177      0.00000
     -1.30957      1.23872      0.00000
     -1.29957      1.38384      0.00000
     -1.28957      0.58259      0.00000
     -1.27957      0.09030      0.00000
     -1.26957      0.00515      0.00000
     -1.25957      0.00011      0.00000
     -1.24957      0.00042      0.00000
     -1.23957      0.01727      0.00000
     -1.22957      0.26034      0.00000
     -1.21957      1.47473      0.00000
     -1.20957      3.22527      0.00000
     -1.19957      2.88765      0.00000
     -1.18957      1.15590      0.00000
     -1.17957      0.21838      0.00000
     -1.16957      0.01864      0.00000
     -1.15957      0.00066      0.00000
     -1.14957      0.00001      0.00000
     -1.13957      0.00000      0.00000
     -1.12957      0.00024      0.00000
     -1.11957      0.00951      0.00000
     -1.10957      0.13833      0.00000
     -1.09957      0.74206      0.00000
     -1.08957      1.50647      0.00000
     -1.07957      1.44766      0.00000
     -1.06957      1.45995      0.00000
     -1.05957      1.54057      0.00000
     -1.04957      1.41321      0.00000
     -1.03957      1.58187      0.00000
     -1.02957      1.08426      0.00000
     -1.01957      0.79513      0.00000
     -1.00957      1.38620      0.00000
     -0.99957      1.35993      0.00000
     -0.98957      1.40481      0.00000
     -0.97957      3.30211      0.00000
     -0.96957      4.45386      0.00000
     -0.95957      2.88174      0.00000
     -0.94957      1.05203      0.00000
     -0.93957      0.38150      0.00000
     -0.92957      0.99086      0.00000
     -0.91957      2.31608      0.00000
     -0.90957      2.59258      0.00000
     -0.89957      2.00728      0.00000
     -0.88957      2.26263      0.00000
     -0.87957      1.89362      0.00000
     -0.86957      0.64881      0.00000
     -0.85957      0.08338      0.00000
     -0.84957      0.00552      0.00000
     -0.83957      0.03152      0.00000
     -0.82957      0.23533      0.00000
     -0.81957      0.64840      0.00000
     -0.80957      0.67175      0.00000
     -0.79957      0.39719      0.00000
     -0.78957      0.58057      0.00000
     -0.77957      0.72821      0.00000
     -0.76957      0.45112      0.00000
     -0.75957      0.68698      0.00000
     -0.74957      1.41141      0.00000
     -0.73957      1.16634      0.00000
     -0.72957      0.35554      0.00000
     -0.71957      0.03987      0.00000
     -0.70957      0.00165      0.00000
     -0.69957      0.00002      0.00000
     -0.68957      0.00000      0.00000
     -0.67957      0.00000      0.00000
     -0.66957      0.00000      0.00000
     -0.65957      0.00000      0.00000
     -0.64957      0.00000      0.00000
     -0.63957      0.00001      0.00000
     -0.62957      0.00120      0.00000
     -0.61957      0.03871      0.00000
     -0.60957      0.46724      0.00000
     -0.59957      2.12304      0.00000
     -0.58957      3.63965      0.00000
     -0.57957      2.35734      0.00000
     -0.56957      0.57691      0.00000
     -0.55957      0.05348      0.00000
     -0.54957      0.00853      0.00000
     -0.53957      0.08721      0.00000
     -0.52957      0.42284      0.00000
     -0.51957      0.81073      0.00000
     -0.50957      0.86196      0.00000
     -0.49957      0.86695      0.00000
     -0.48957      0.71202      0.00000
     -0.47957      0.73002      0.00000
     -0.46957      0.71379      0.00000
     -0.45957      0.38948      0.00000
     -0.44957      0.61780      0.00000
     -0.43957      1.35803      0.00000
     -0.42957      1.21524      0.00000
     -0.41957      0.41131      0.00000
     -0.40957      0.05248      0.00000
     -0.39957      0.00265      0.00000
     -0.38957      0.00715      0.00000
     -0.37957      0.13700      0.00000
     -0.36957      0.98131      0.00000
     -0.35957      2.61196      0.00000
     -0.34957      2.59024      0.00000
     -0.33957      1.07641      0.00000
     -0.32957      1.06423      0.00000
     -0.31957      2.79975      0.00000
     -0.30957      4.02028      0.00000
     -0.29957      4.18162      0.00000
     -0.28957      3.79004      0.00000
     -0.27957      2.16647      0.00000
     -0.26957      0.92403      0.00000
     -0.25957      0.83655      0.00000
     -0.24957      0.90677      0.00000
     -0.23957      1.35204      0.00000
     -0.22957      1.39615      0.00000
     -0.21957      0.75138      0.00000
     -0.20957      1.05293      0.00000
     -0.19957      2.28844      0.00000
     -0.18957      3.23756      0.00000
     -0.17957      3.49608      0.00000
     -0.16957      3.31577      0.00000
     -0.15957      2.26391      0.00000
     -0.14957      0.77986      0.00000
     -0.13957      0.11349      0.00000
     -0.12957      0.00648      0.00000
     -0.11957      0.00014      0.00000
     -0.10957      0.00000      0.00000
     -0.09957      0.00002      0.00000
     -0.08957      0.00137      0.00000
     -0.07957      0.03655      0.00000
     -0.06957      0.37569      0.00000
     -0.05957      1.55643      0.00000
     -0.04957      2.85722      0.00000
     -0.03957      2.88767      0.00000
     -0.02957      2.15789      0.00000
     -0.01957      1.23772      0.00000
     -0.00957      1.15728      0.00000
      0.00043      1.49443      0.00000
      0.01043      0.85578      0.00000
      0.02043      0.18957      0.00000
      0.03043      0.13005      0.00000
      0.04043      0.67465      0.00000
      0.05043      1.48886      0.00000
      0.06043      1.46149      0.00000
      0.07043      1.04475      0.00000
      0.08043      0.65540      0.00000
      0.09043      0.52341      0.00000
      0.10043      0.83772      0.00000
      0.11043      1.14798      0.00000
      0.12043      1.55046      0.00000
      0.13043      1.28251      0.00000
      0.14043      0.99951      0.00000
      0.15043      2.00378      0.00000
      0.16043      2.99479      0.00000
      0.17043      2.54788      0.00000
      0.18043      1.70452      0.00000
      0.19043      2.26163      0.00000
      0.20043      3.12092      0.00000
      0.21043      3.16948      0.00000
      0.22043      2.72124      0.00000
      0.23043      2.29103      0.00000
      0.24043      1.85742      0.00000
      0.25043      1.58013      0.00000
      0.26043      2.12187      0.00000
      0.27043      2.31189      0.00000
      0.28043      1.47158      0.00000
      0.29043      0.44351      0.00000
      0.30043      0.09607      0.00000
      0.31043      0.30898      0.00000
      0.32043      1.02280      0.00000
      0.33043      2.23912      0.00000
      0.34043      3.12927      0.00000
      0.35043      2.13144      0.00000
      0.36043      1.25822      0.00000
      0.37043      1.50812      0.00000
      0.38043      1.04359      0.00000
      0.39043      0.46735      0.00000
      0.40043      1.11734      0.00000
      0.41043      2.22756      0.00000
      0.42043      2.23692      0.00000
      0.43043      3.49749      0.00000
      0.44043      5.71450      0.00000
      0.45043      4.09347      0.00000
      0.46043      1.18377      0.00000
      0.47043      0.38605      0.00000
      0.48043      1.01662      0.00000
      0.49043      1.46551      0.00000
      0.50043      0.78476      0.00000
      0.51043      0.22854      0.00000
      0.52043      0.62680      0.00000
      0.53043      1.86514      0.00000
      0.54043      2.19398      0.00000
      0.55043      1.37157      0.00000
      0.56043      0.86289      0.00000
      0.57043      0.54958      0.00000
      0.58043      0.93875      0.00000
      0.59043      1.67662      0.00000
      0.60043      2.00303      0.00000
      0.61043      2.38154      0.00000
      0.62043      1.65928      0.00000
      0.63043      0.70131      0.00000
      0.64043      1.05197      0.00000
      0.65043      1.46849      0.00000
      0.66043      0.80375      0.00000
      0.67043      0.42308      0.00000
      0.68043      1.59358      0.00000
      0.69043      3.75727      0.00000
      0.70043      3.71374      0.00000
      0.71043      1.81945      0.00000
      0.72043      1.73009      0.00000
      0.73043      3.13120      0.00000
      0.74043      2.93589      0.00000
      0.75043      1.19997      0.00000
      0.76043      0.20135      0.00000
      0.77043      0.02689      0.00000
      0.78043      0.16581      0.00000
      0.79043      0.80198      0.00000
      0.80043      1.68957      0.00000
      0.81043      1.73539      0.00000
      0.82043      1.07821      0.00000
      0.83043      1.42411      0.00000
      0.84043      3.20974      0.00000
      0.85043      3.24615      0.00000
      0.86043      1.32972      0.00000
      0.87043      0.76918      0.00000
      0.88043      1.97144      0.00000
      0.89043      3.04697      0.00000
      0.90043      2.72292      0.00000
      0.91043      2.14273      0.00000
      0.92043      2.04406      0.00000
      0.93043      1.97242      0.00000
      0.94043      1.73765      0.00000
      0.95043      2.03121      0.00000
      0.96043      3.67970      0.00000
      0.97043      4.48490      0.00000
      0.98043      4.58580      0.00000
      0.99043      3.90360      0.00000
      1.00043      1.72507      0.00000
      1.01043      0.31650      0.00000
      1.02043      0.02261      0.00000
      1.03043      0.00601      0.00000
      1.04043      0.09922      0.00000
      1.05043      0.72264      0.00000
      1.06043      2.30253      0.00000
      1.07043      3.64664      0.00000
      1.08043      3.01230      0.00000
      1.09043      1.40304      0.00000
      1.10043      1.19541      0.00000
      1.11043      2.34631      0.00000
      1.12043      3.15092      0.00000
      1.13043      2.26599      0.00000
      1.14043      1.78478      0.00000
      1.15043      2.41951      0.00000
      1.16043      2.90400      0.00000
      1.17043      3.41712      0.00000
      1.18043      3.15838      0.00000
      1.19043      2.56981      0.00000
      1.20043      2.58888      0.00000
      1.21043      2.88452      0.00000
      1.22043      2.32374      0.00000
      1.23043      2.45892      0.00000
      1.24043      4.00076      0.00000
      1.25043      4.22601      0.00000
      1.26043      3.75291      0.00000
      1.27043      3.94881      0.00000
      1.28043      3.41100      0.00000
      1.29043      1.90613      0.00000
      1.30043      0.54419      0.00000
      1.31043      0.08377      0.00000
      1.32043      0.24291      0.00000
      1.33043      1.31112      0.00000
      1.34043      3.36057      0.00000
      1.35043      5.04375      0.00000
      1.36043      4.92880      0.00000
      1.37043      3.32835      0.00000
      1.38043      1.97150      0.00000
      1.39043      1.85867      0.00000
      1.40043      2.64976      0.00000
      1.41043      2.69309      0.00000
      1.42043      3.30232      0.00000
      1.43043      5.63727      0.00000
      1.44043      7.23762      0.00000
      1.45043      5.77697      0.00000
      1.46043      2.86097      0.00000
      1.47043      2.11853      0.00000
      1.48043      2.41790      0.00000
      1.49043      2.19010      0.00000
      1.50043      1.82132      0.00000
      1.51043      1.89597      0.00000
      1.52043      1.65596      0.00000
      1.53043      1.09892      0.00000
      1.54043      0.88512      0.00000
      1.55043      0.99126      0.00000
      1.56043      1.95014      0.00000
      1.57043      2.30467      0.00000
      1.58043      1.78776      0.00000
      1.59043      1.94553      0.00000
      1.60043      2.24881      0.00000
      1.61043      2.14151      0.00000
      1.62043      2.82685      0.00000
      1.63043      3.95026      0.00000
      1.64043      3.61750      0.00000
      1.65043      2.87431      0.00000
      1.66043      2.64014      0.00000
      1.67043      2.99845      0.00000
      1.68043      2.31772      0.00000
      1.69043      0.85928      0.00000
      1.70043      0.37088      0.00000
      1.71043      0.81250      0.00000
      1.72043      1.46433      0.00000
      1.73043      1.92557      0.00000
      1.74043      1.67867      0.00000
      1.75043      1.02265      0.00000
      1.76043      0.88885      0.00000
      1.77043      1.53893      0.00000
      1.78043      1.91551      0.00000
      1.79043      2.35436      0.00000
      1.80043      2.61600      0.00000
      1.81043      2.03735      0.00000
      1.82043      2.38345      0.00000
      1.83043      3.73300      0.00000
      1.84043      3.60803      0.00000
      1.85043      2.15778      0.00000
      1.86043      0.90603      0.00000
      1.87043      0.66025      0.00000
      1.88043      1.91349      0.00000
      1.89043      3.56566      0.00000
      1.90043      4.04795      0.00000
      1.91043      4.14726      0.00000
      1.92043      3.87588      0.00000
      1.93043      3.23486      0.00000
      1.94043      2.66284      0.00000
      1.95043      1.90460      0.00000
      1.96043      1.64558      0.00000
      1.97043      1.63152      0.00000
      1.98043      1.87978      0.00000
      1.99043      3.51936      0.00000
      2.00043      4.01370      0.00000
      2.01043      3.07576      0.00000
      2.02043      2.53512      0.00000
      2.03043      2.72209      0.00000
      2.04043      3.35402      0.00000
      2.05043      2.84372      0.00000
      2.06043      2.77525      0.00000
      2.07043      4.36975      0.00000
      2.08043      4.25379      0.00000
      2.09043      3.63622      0.00000
      2.10043      4.36972      0.00000
      2.11043      3.62052      0.00000
      2.12043      1.46234      0.00000
      2.13043      0.52861      0.00000
      2.14043      1.09138      0.00000
      2.15043      1.90714      0.00000
      2.16043      1.59390      0.00000
      2.17043      0.56937      0.00000
      2.18043      0.07996      0.00000
      2.19043      0.00463      0.00000
      2.20043      0.01395      0.00000
      2.21043      0.17869      0.00000
      2.22043      0.84893      0.00000
      2.23043      1.53293      0.00000
      2.24043      1.46115      0.00000
      2.25043      2.11113      0.00000
      2.26043      3.26788      0.00000
      2.27043      3.77058      0.00000
      2.28043      4.39296      0.00000
      2.29043      4.80235      0.00000
      2.30043      4.60448      0.00000
      2.31043      3.65138      0.00000
      2.32043      2.04530      0.00000
      2.33043      0.91302      0.00000
      2.34043      1.23072      0.00000
      2.35043      1.96428      0.00000
      2.36043      2.73331      0.00000
      2.37043      3.33947      0.00000
      2.38043      2.40387      0.00000
      2.39043      1.54404      0.00000
      2.40043      1.98300      0.00000
      2.41043      2.51926      0.00000
      2.42043      2.88560      0.00000
      2.43043      3.64343      0.00000
      2.44043      3.39495      0.00000
      2.45043      1.91320      0.00000
      2.46043      1.82545      0.00000
      2.47043      2.56953      0.00000
      2.48043      1.99749      0.00000
      2.49043      0.77286      0.00000
      2.50043      0.56046      0.00000
      2.51043      1.43710      0.00000
      2.52043      2.09746      0.00000
      2.53043      2.17129      0.00000
      2.54043      1.90567      0.00000
      2.55043      0.93958      0.00000
      2.56043      0.28062      0.00000
      2.57043      0.73217      0.00000
      2.58043      2.56853      0.00000
      2.59043      4.53743      0.00000
      2.60043      4.54250      0.00000
      2.61043      2.89721      0.00000
      2.62043      1.14046      0.00000
      2.63043      0.50676      0.00000
      2.64043      1.06669      0.00000
      2.65043      2.28629      0.00000
      2.66043      3.07667      0.00000
      2.67043      1.93919      0.00000
      2.68043      0.50726      0.00000
      2.69043      0.19055      0.00000
      2.70043      1.12188      0.00000
      2.71043      3.52275      0.00000
      2.72043      4.69155      0.00000
      2.73043      3.65074      0.00000
      2.74043      3.18141      0.00000
      2.75043      3.17038      0.00000
      2.76043      2.11792      0.00000
      2.77043      1.13050      0.00000
      2.78043      1.40940      0.00000
      2.79043      1.27880      0.00000
      2.80043      0.48901      0.00000
      2.81043      0.43270      0.00000
      2.82043      1.36619      0.00000
      2.83043      2.51540      0.00000
      2.84043      3.50036      0.00000
      2.85043      3.80896      0.00000
      2.86043      2.91222      0.00000
      2.87043      1.59703      0.00000
      2.88043      0.87084      0.00000
      2.89043      1.51197      0.00000
      2.90043      2.25688      0.00000
      2.91043      1.81431      0.00000
      2.92043      2.02605      0.00000
      2.93043      3.35684      0.00000
      2.94043      3.71136      0.00000
      2.95043      2.74932      0.00000
      2.96043      2.27318      0.00000
      2.97043      2.40190      0.00000
      2.98043      1.92755      0.00000
      2.99043      2.10429      0.00000
      3.00043      2.34804      0.00000
      3.01043      1.93185      0.00000
      3.02043      1.76000      0.00000
      3.03043      1.38444      0.00000
      3.04043      1.37433      0.00000
      3.05043      1.70581      0.00000
      3.06043      1.37927      0.00000
      3.07043      0.48498      0.00000
      3.08043      0.09560      0.00000
      3.09043      0.38016      0.00000
      3.10043      1.72213      0.00000
      3.11043      2.96164      0.00000
      3.12043      2.16060      0.00000
      3.13043      1.52618      0.00000
      3.14043      1.57150      0.00000
      3.15043      1.44272      0.00000
      3.16043      2.71838      0.00000
      3.17043      4.40287      0.00000
      3.18043      4.12767      0.00000
      3.19043      3.24695      0.00000
      3.20043      3.36251      0.00000
      3.21043      3.39184      0.00000
      3.22043      2.83468      0.00000
      3.23043      2.36361      0.00000
      3.24043      3.00176      0.00000
      3.25043      3.66353      0.00000
      3.26043      3.24390      0.00000
      3.27043      3.12039      0.00000
      3.28043      4.51436      0.00000
      3.29043      4.76894      0.00000
      3.30043      3.00317      0.00000
      3.31043      2.21343      0.00000
      3.32043      2.53986      0.00000
      3.33043      3.09877      0.00000
      3.34043      2.06783      0.00000
      3.35043      0.73481      0.00000
      3.36043      0.91387      0.00000
      3.37043      1.47929      0.00000
      3.38043      0.95900      0.00000
      3.39043      0.46461      0.00000
      3.40043      1.20606      0.00000
      3.41043      3.07567      0.00000
      3.42043      4.83420      0.00000
      3.43043      4.57711      0.00000
      3.44043      2.39439      0.00000
      3.45043      1.58506      0.00000
      3.46043      2.72303      0.00000
      3.47043      2.50493      0.00000
      3.48043      1.25553      0.00000
      3.49043      1.33081      0.00000
      3.50043      1.37971      0.00000
      3.51043      0.63510      0.00000
      3.52043      0.45946      0.00000
      3.53043      0.93768      0.00000
      3.54043      1.50054      0.00000
      3.55043      1.95202      0.00000
      3.56043      1.95955      0.00000
      3.57043      2.04659      0.00000
      3.58043      1.99807      0.00000
      3.59043      2.15855      0.00000
      3.60043      3.65008      0.00000
      3.61043      6.17826      0.00000
      3.62043      6.44278      0.00000
      3.63043      3.40313      0.00000
      3.64043      1.88906      0.00000
      3.65043      3.48544      0.00000
      3.66043      4.21491      0.00000
      3.67043      2.91526      0.00000
      3.68043      3.10203      0.00000
      3.69043      4.27756      0.00000
      3.70043      4.78661      0.00000
      3.71043      3.94240      0.00000
      3.72043      2.58305      0.00000
      3.73043      1.84779      0.00000
      3.74043      1.32743      0.00000
      3.75043      2.12675      0.00000
      3.76043      3.68204      0.00000
      3.77043      3.31954      0.00000
      3.78043      1.37327      0.00000
      3.79043      0.36918      0.00000
      3.80043      0.87930      0.00000
      3.81043      2.41683      0.00000
      3.82043      3.47804      0.00000
      3.83043      3.17120      0.00000
      3.84043      2.81479      0.00000
      3.85043      3.02298      0.00000
      3.86043      2.01932      0.00000
      3.87043      0.94228      0.00000
      3.88043      1.63805      0.00000
      3.89043      2.81251      0.00000
      3.90043      2.74381      0.00000
      3.91043      2.13982      0.00000
