Energy-E_F (eV)    DOS (1/eV)    PDOS (1/eV)  of atom type Tl 
     -4.99000      0.00418      0.00418
     -4.98000      0.03976      0.03976
     -4.97000      0.13913      0.13913
     -4.96000      0.17913      0.17913
     -4.95000      0.08484      0.08484
     -4.94000      0.01478      0.01478
     -4.93000      0.00095      0.00095
     -4.92000      0.00005      0.00005
     -4.91000      0.00132      0.00132
     -4.90000      0.02298      0.02298
     -4.89000      0.14715      0.14715
     -4.88000      0.34662      0.34662
     -4.87000      0.30036      0.30036
     -4.86000      0.09582      0.09582
     -4.85000      0.01414      0.01414
     -4.84000      0.04683      0.04683
     -4.83000      0.27903      0.27903
     -4.82000      0.64904      0.64904
     -4.81000      0.60289      0.60289
     -4.80000      0.23481      0.23481
     -4.79000      0.07990      0.07990
     -4.78000      0.20951      0.20951
     -4.77000      0.39008      0.39008
     -4.76000      0.43160      0.43160
     -4.75000      0.69894      0.69894
     -4.74000      0.86809      0.86809
     -4.73000      0.47757      0.47757
     -4.72000      0.11066      0.11066
     -4.71000      0.01072      0.01072
     -4.70000      0.00065      0.00065
     -4.69000      0.00567      0.00567
     -4.68000      0.05616      0.05616
     -4.67000      0.24955      0.24955
     -4.66000      0.55985      0.55985
     -4.65000      0.62360      0.62360
     -4.64000      0.34492      0.34492
     -4.63000      0.32904      0.32904
     -4.62000      0.70859      0.70859
     -4.61000      0.90220      0.90220
     -4.60000      0.61256      0.61256
     -4.59000      0.20696      0.20696
     -4.58000      0.05412      0.05412
     -4.57000      0.15309      0.15309
     -4.56000      0.34936      0.34936
     -4.55000      0.30191      0.30191
     -4.54000      0.15404      0.15404
     -4.53000      0.25850      0.25850
     -4.52000      0.36774      0.36774
     -4.51000      0.20028      0.20028
     -4.50000      0.04245      0.04245
     -4.49000      0.03688      0.03688
     -4.48000      0.18640      0.18640
     -4.47000      0.40427      0.40427
     -4.46000      0.45178      0.45178
     -4.45000      0.45521      0.45521
     -4.44000      0.43076      0.43076
     -4.43000      0.31902      0.31902
     -4.42000      0.52999      0.52999
     -4.41000      1.44531      1.44531
     -4.40000      2.01491      2.01491
     -4.39000      1.48195      1.48195
     -4.38000      1.02969      1.02969
     -4.37000      0.86458      0.86458
     -4.36000      0.43480      0.43480
     -4.35000      0.11280      0.11280
     -4.34000      0.16766      0.16766
     -4.33000      0.49677      0.49677
     -4.32000      0.67551      0.67551
     -4.31000      0.69859      0.69859
     -4.30000      0.84732      0.84732
     -4.29000      0.68717      0.68717
     -4.28000      0.47928      0.47928
     -4.27000      0.54449      0.54449
     -4.26000      0.60539      0.60539
     -4.25000      0.70126      0.70126
     -4.24000      0.86180      0.86180
     -4.23000      0.85760      0.85760
     -4.22000      0.97533      0.97533
     -4.21000      1.20672      1.20672
     -4.20000      1.20849      1.20849
     -4.19000      0.98890      0.98890
     -4.18000      0.65284      0.65284
     -4.17000      0.43124      0.43124
     -4.16000      0.63018      0.63018
     -4.15000      0.70951      0.70951
     -4.14000      0.33962      0.33962
     -4.13000      0.15316      0.15316
     -4.12000      0.19036      0.19036
     -4.11000      0.17049      0.17049
     -4.10000      0.24547      0.24547
     -4.09000      0.39344      0.39344
     -4.08000      0.40107      0.40107
     -4.07000      0.65155      0.65155
     -4.06000      1.21477      1.21477
     -4.05000      1.50711      1.50711
     -4.04000      1.46166      1.46166
     -4.03000      1.50779      1.50779
     -4.02000      1.42334      1.42334
     -4.01000      0.94690      0.94690
     -4.00000      0.55776      0.55776
     -3.99000      0.67267      0.67267
     -3.98000      0.82649      0.82649
     -3.97000      0.74041      0.74041
     -3.96000      0.71092      0.71092
     -3.95000      0.87072      0.87072
     -3.94000      1.08689      1.08689
     -3.93000      1.20443      1.20443
     -3.92000      1.28842      1.28842
     -3.91000      1.34683      1.34683
     -3.90000      1.32488      1.32488
     -3.89000      1.20319      1.20319
     -3.88000      1.01570      1.01570
     -3.87000      0.94037      0.94037
     -3.86000      1.05664      1.05664
     -3.85000      0.96393      0.96393
     -3.84000      0.66211      0.66211
     -3.83000      0.57306      0.57306
     -3.82000      0.62337      0.62337
     -3.81000      0.76358      0.76358
     -3.80000      1.01401      1.01401
     -3.79000      1.45535      1.45535
     -3.78000      1.46488      1.46488
     -3.77000      0.82923      0.82923
     -3.76000      0.34120      0.34120
     -3.75000      0.28636      0.28636
     -3.74000      0.48537      0.48537
     -3.73000      0.64223      0.64223
     -3.72000      0.81787      0.81787
     -3.71000      1.29938      1.29938
     -3.70000      1.93104      1.93104
     -3.69000      1.84226      1.84226
     -3.68000      1.03180      1.03180
     -3.67000      0.73661      0.73661
     -3.66000      1.01064      1.01064
     -3.65000      1.70253      1.70253
     -3.64000      2.52768      2.52768
     -3.63000      2.22818      2.22818
     -3.62000      1.62890      1.62890
     -3.61000      1.73739      1.73739
     -3.60000      2.02413      2.02413
     -3.59000      2.11901      2.11901
     -3.58000      2.16301      2.16301
     -3.57000      1.99952      1.99952
     -3.56000      1.51979      1.51979
     -3.55000      1.38897      1.38897
     -3.54000      1.85039      1.85039
     -3.53000      2.44727      2.44727
     -3.52000      2.32776      2.32776
     -3.51000      1.74069      1.74069
     -3.50000      1.41489      1.41489
     -3.49000      1.55390      1.55390
     -3.48000      1.51216      1.51216
     -3.47000      0.94358      0.94358
     -3.46000      0.79383      0.79383
     -3.45000      1.19727      1.19727
     -3.44000      1.51114      1.51114
     -3.43000      1.48051      1.48051
     -3.42000      1.19738      1.19738
     -3.41000      1.04768      1.04768
     -3.40000      1.19646      1.19646
     -3.39000      1.59284      1.59284
     -3.38000      1.67146      1.67146
     -3.37000      1.54046      1.54046
     -3.36000      1.69669      1.69669
     -3.35000      1.74694      1.74694
     -3.34000      1.25694      1.25694
     -3.33000      0.76900      0.76900
     -3.32000      0.71478      0.71478
     -3.31000      0.93839      0.93839
     -3.30000      1.27557      1.27557
     -3.29000      1.61417      1.61417
     -3.28000      1.93720      1.93720
     -3.27000      2.09355      2.09355
     -3.26000      1.64750      1.64750
     -3.25000      0.99348      0.99348
     -3.24000      1.18234      1.18234
     -3.23000      1.53878      1.53878
     -3.22000      1.35163      1.35163
     -3.21000      1.24254      1.24254
     -3.20000      1.08445      1.08445
     -3.19000      0.78345      0.78345
     -3.18000      0.56399      0.56399
     -3.17000      0.48595      0.48595
     -3.16000      0.43789      0.43789
     -3.15000      0.52094      0.52094
     -3.14000      0.60630      0.60630
     -3.13000      0.51825      0.51825
     -3.12000      0.45005      0.45005
     -3.11000      0.43966      0.43966
     -3.10000      0.55976      0.55976
     -3.09000      1.09609      1.09609
     -3.08000      1.62228      1.62228
     -3.07000      1.86322      1.86322
     -3.06000      2.25034      2.25034
     -3.05000      2.76853      2.76853
     -3.04000      2.33342      2.33342
     -3.03000      1.72228      1.72228
     -3.02000      1.44048      1.44048
     -3.01000      0.83573      0.83573
     -3.00000      0.25130      0.25130
     -2.99000      0.09619      0.09619
     -2.98000      0.38651      0.38651
     -2.97000      1.07221      1.07221
     -2.96000      1.59954      1.59954
     -2.95000      1.70305      1.70305
     -2.94000      1.60107      1.60107
     -2.93000      1.53734      1.53734
     -2.92000      1.46740      1.46740
     -2.91000      1.06353      1.06353
     -2.90000      0.72550      0.72550
     -2.89000      0.58289      0.58289
     -2.88000      0.65305      0.65305
     -2.87000      0.94929      0.94929
     -2.86000      1.16054      1.16054
     -2.85000      0.84632      0.84632
     -2.84000      0.52604      0.52604
     -2.83000      0.69073      0.69073
     -2.82000      0.72262      0.72262
     -2.81000      0.59535      0.59535
     -2.80000      0.90810      0.90810
     -2.79000      1.08247      1.08247
     -2.78000      0.89604      0.89604
     -2.77000      0.82868      0.82868
     -2.76000      0.68703      0.68703
     -2.75000      0.33167      0.33167
     -2.74000      0.37238      0.37238
     -2.73000      0.91699      0.91699
     -2.72000      1.25677      1.25677
     -2.71000      1.16922      1.16922
     -2.70000      1.15876      1.15876
     -2.69000      1.17520      1.17520
     -2.68000      0.75397      0.75397
     -2.67000      0.45534      0.45534
     -2.66000      0.51051      0.51051
     -2.65000      0.39369      0.39369
     -2.64000      0.14839      0.14839
     -2.63000      0.05998      0.05998
     -2.62000      0.25272      0.25272
     -2.61000      0.68038      0.68038
     -2.60000      0.82117      0.82117
     -2.59000      0.79009      0.79009
     -2.58000      0.92011      0.92011
     -2.57000      1.16212      1.16212
     -2.56000      1.64275      1.64275
     -2.55000      2.23786      2.23786
     -2.54000      2.20463      2.20463
     -2.53000      1.35566      1.35566
     -2.52000      1.09841      1.09841
     -2.51000      1.15188      1.15188
     -2.50000      0.70773      0.70773
     -2.49000      0.30295      0.30295
     -2.48000      0.33207      0.33207
     -2.47000      0.56396      0.56396
     -2.46000      0.69003      0.69003
     -2.45000      0.61026      0.61026
     -2.44000      0.77072      0.77072
     -2.43000      1.19476      1.19476
     -2.42000      1.25077      1.25077
     -2.41000      1.14012      1.14012
     -2.40000      0.93269      0.93269
     -2.39000      0.70354      0.70354
     -2.38000      0.78331      0.78331
     -2.37000      1.05467      1.05467
     -2.36000      1.14409      1.14409
     -2.35000      1.25873      1.25873
     -2.34000      1.30636      1.30636
     -2.33000      0.77727      0.77727
     -2.32000      0.22348      0.22348
     -2.31000      0.24521      0.24521
     -2.30000      0.74656      0.74656
     -2.29000      1.09626      1.09626
     -2.28000      1.07058      1.07058
     -2.27000      1.15353      1.15353
     -2.26000      0.99759      0.99759
     -2.25000      0.66949      0.66949
     -2.24000      0.59504      0.59504
     -2.23000      0.88236      0.88236
     -2.22000      1.44374      1.44374
     -2.21000      1.68565      1.68565
     -2.20000      1.21938      1.21938
     -2.19000      0.77681      0.77681
     -2.18000      0.82031      0.82031
     -2.17000      1.03208      1.03208
     -2.16000      1.31195      1.31195
     -2.15000      1.37142      1.37142
     -2.14000      1.02873      1.02873
     -2.13000      1.05940      1.05940
     -2.12000      1.81313      1.81313
     -2.11000      2.36145      2.36145
     -2.10000      2.21066      2.21066
     -2.09000      1.89371      1.89371
     -2.08000      1.37130      1.37130
     -2.07000      0.90376      0.90376
     -2.06000      0.93577      0.93577
     -2.05000      0.96197      0.96197
     -2.04000      0.83705      0.83705
     -2.03000      0.94893      0.94893
     -2.02000      1.19969      1.19969
     -2.01000      1.47656      1.47656
     -2.00000      1.64679      1.64679
     -1.99000      1.27272      1.27272
     -1.98000      0.63205      0.63205
     -1.97000      0.35487      0.35487
     -1.96000      0.56413      0.56413
     -1.95000      0.74511      0.74511
     -1.94000      0.61107      0.61107
     -1.93000      0.45318      0.45318
     -1.92000      0.49580      0.49580
     -1.91000      0.75309      0.75309
     -1.90000      1.43818      1.43818
     -1.89000      1.79855      1.79855
     -1.88000      1.50306      1.50306
     -1.87000      1.07207      1.07207
     -1.86000      0.89173      0.89173
     -1.85000      1.14116      1.14116
     -1.84000      1.25865      1.25865
     -1.83000      0.94052      0.94052
     -1.82000      0.91384      0.91384
     -1.81000      1.23958      1.23958
     -1.80000      1.29396      1.29396
     -1.79000      0.98233      0.98233
     -1.78000      0.85612      0.85612
     -1.77000      1.17833      1.17833
     -1.76000      1.27954      1.27954
     -1.75000      1.47327      1.47327
     -1.74000      1.55385      1.55385
     -1.73000      0.92466      0.92466
     -1.72000      0.49345      0.49345
     -1.71000      0.50585      0.50585
     -1.70000      0.77415      0.77415
     -1.69000      1.02982      1.02982
     -1.68000      1.18650      1.18650
     -1.67000      1.48009      1.48009
     -1.66000      1.56496      1.56496
     -1.65000      1.10925      1.10925
     -1.64000      0.69933      0.69933
     -1.63000      1.02609      1.02609
     -1.62000      1.54024      1.54024
     -1.61000      1.41411      1.41411
     -1.60000      1.00644      1.00644
     -1.59000      0.80017      0.80017
     -1.58000      0.98884      0.98884
     -1.57000      1.26574      1.26574
     -1.56000      1.08301      1.08301
     -1.55000      0.61169      0.61169
     -1.54000      0.44613      0.44613
     -1.53000      0.58758      0.58758
     -1.52000      0.66786      0.66786
     -1.51000      0.68267      0.68267
     -1.50000      1.06065      1.06065
     -1.49000      1.39753      1.39753
     -1.48000      1.61181      1.61181
     -1.47000      2.18238      2.18238
     -1.46000      1.97360      1.97360
     -1.45000      0.94731      0.94731
     -1.44000      0.25729      0.25729
     -1.43000      0.04250      0.04250
     -1.42000      0.03700      0.03700
     -1.41000      0.14355      0.14355
     -1.40000      0.32279      0.32279
     -1.39000      0.61129      0.61129
     -1.38000      0.74590      0.74590
     -1.37000      0.48569      0.48569
     -1.36000      0.56350      0.56350
     -1.35000      0.99915      0.99915
     -1.34000      1.28171      1.28171
     -1.33000      1.58668      1.58668
     -1.32000      1.70707      1.70707
     -1.31000      1.18736      1.18736
     -1.30000      1.01995      1.01995
     -1.29000      1.45827      1.45827
     -1.28000      1.59794      1.59794
     -1.27000      1.44684      1.44684
     -1.26000      1.48677      1.48677
     -1.25000      1.83310      1.83310
     -1.24000      1.45490      1.45490
     -1.23000      0.90999      0.90999
     -1.22000      0.90183      0.90183
     -1.21000      0.86211      0.86211
     -1.20000      1.05292      1.05292
     -1.19000      1.56975      1.56975
     -1.18000      1.97299      1.97299
     -1.17000      2.37915      2.37915
     -1.16000      2.43665      2.43665
     -1.15000      1.94508      1.94508
     -1.14000      1.42833      1.42833
     -1.13000      1.09467      1.09467
     -1.12000      0.80167      0.80167
     -1.11000      1.01697      1.01697
     -1.10000      1.59130      1.59130
     -1.09000      1.95604      1.95604
     -1.08000      1.93756      1.93756
     -1.07000      1.42933      1.42933
     -1.06000      0.98145      0.98145
     -1.05000      1.12110      1.12110
     -1.04000      1.03862      1.03862
     -1.03000      0.73320      0.73320
     -1.02000      0.72232      0.72232
     -1.01000      0.84593      0.84593
     -1.00000      1.01397      1.01397
     -0.99000      1.26686      1.26686
     -0.98000      1.62267      1.62267
     -0.97000      1.68618      1.68618
     -0.96000      1.59444      1.59444
     -0.95000      1.55755      1.55755
     -0.94000      1.41103      1.41103
     -0.93000      1.36462      1.36462
     -0.92000      1.20667      1.20667
     -0.91000      0.83042      0.83042
     -0.90000      0.79581      0.79581
     -0.89000      1.00526      1.00526
     -0.88000      0.90802      0.90802
     -0.87000      0.74386      0.74386
     -0.86000      0.74877      0.74877
     -0.85000      0.82517      0.82517
     -0.84000      0.67342      0.67342
     -0.83000      0.33723      0.33723
     -0.82000      0.19122      0.19122
     -0.81000      0.42831      0.42831
     -0.80000      1.01139      1.01139
     -0.79000      1.75985      1.75985
     -0.78000      1.71679      1.71679
     -0.77000      1.04912      1.04912
     -0.76000      0.85456      0.85456
     -0.75000      0.67347      0.67347
     -0.74000      0.28898      0.28898
     -0.73000      0.38361      0.38361
     -0.72000      0.98518      0.98518
     -0.71000      1.34467      1.34467
     -0.70000      1.16326      1.16326
     -0.69000      1.00143      1.00143
     -0.68000      0.92246      0.92246
     -0.67000      0.54379      0.54379
     -0.66000      0.30154      0.30154
     -0.65000      0.52629      0.52629
     -0.64000      0.89768      0.89768
     -0.63000      1.31947      1.31947
     -0.62000      1.35548      1.35548
     -0.61000      0.72943      0.72943
     -0.60000      0.56772      0.56772
     -0.59000      1.19439      1.19439
     -0.58000      1.46728      1.46728
     -0.57000      1.16959      1.16959
     -0.56000      1.32721      1.32721
     -0.55000      2.08025      2.08025
     -0.54000      2.89290      2.89290
     -0.53000      2.75175      2.75175
     -0.52000      1.80023      1.80023
     -0.51000      1.07195      1.07195
     -0.50000      0.85736      0.85736
     -0.49000      0.82101      0.82101
     -0.48000      0.75801      0.75801
     -0.47000      0.65687      0.65687
     -0.46000      0.57485      0.57485
     -0.45000      0.53854      0.53854
     -0.44000      0.62016      0.62016
     -0.43000      0.70130      0.70130
     -0.42000      0.61310      0.61310
     -0.41000      0.47532      0.47532
     -0.40000      0.25934      0.25934
     -0.39000      0.22140      0.22140
     -0.38000      0.45900      0.45900
     -0.37000      0.50723      0.50723
     -0.36000      0.38818      0.38818
     -0.35000      0.70462      0.70462
     -0.34000      1.27352      1.27352
     -0.33000      1.76826      1.76826
     -0.32000      1.85691      1.85691
     -0.31000      1.51351      1.51351
     -0.30000      1.29362      1.29362
     -0.29000      1.21403      1.21403
     -0.28000      1.03041      1.03041
     -0.27000      0.72744      0.72744
     -0.26000      0.55276      0.55276
     -0.25000      0.41539      0.41539
     -0.24000      0.62039      0.62039
     -0.23000      1.15098      1.15098
     -0.22000      1.43595      1.43595
     -0.21000      1.44789      1.44789
     -0.20000      1.52461      1.52461
     -0.19000      1.82001      1.82001
     -0.18000      2.04538      2.04538
     -0.17000      1.84524      1.84524
     -0.16000      1.06959      1.06959
     -0.15000      0.53053      0.53053
     -0.14000      0.98985      0.98985
     -0.13000      2.30321      2.30321
     -0.12000      2.60859      2.60859
     -0.11000      1.70868      1.70868
     -0.10000      1.09717      1.09717
     -0.09000      1.07336      1.07336
     -0.08000      1.41419      1.41419
     -0.07000      1.84838      1.84838
     -0.06000      2.03850      2.03850
     -0.05000      1.48664      1.48664
     -0.04000      0.78352      0.78352
     -0.03000      0.67429      0.67429
     -0.02000      0.88815      0.88815
     -0.01000      1.12636      1.12636
      0.00000      1.34610      1.34610
      0.01000      1.68882      1.68882
      0.02000      1.60617      1.60617
      0.03000      1.22148      1.22148
      0.04000      1.14137      1.14137
      0.05000      0.81048      0.81048
      0.06000      0.27064      0.27064
      0.07000      0.04945      0.04945
      0.08000      0.13160      0.13160
      0.09000      0.57116      0.57116
      0.10000      1.26930      1.26930
      0.11000      1.60988      1.60988
      0.12000      1.34663      1.34663
      0.13000      0.89979      0.89979
      0.14000      0.57659      0.57659
      0.15000      0.89257      0.89257
      0.16000      1.95375      1.95375
      0.17000      2.21147      2.21147
      0.18000      1.54428      1.54428
      0.19000      1.26903      1.26903
      0.20000      1.25190      1.25190
      0.21000      1.21819      1.21819
      0.22000      1.14821      1.14821
      0.23000      0.86044      0.86044
      0.24000      0.51862      0.51862
      0.25000      0.42961      0.42961
      0.26000      1.03678      1.03678
      0.27000      1.70582      1.70582
      0.28000      1.67833      1.67833
      0.29000      1.18782      1.18782
      0.30000      0.50568      0.50568
      0.31000      0.18627      0.18627
      0.32000      0.37110      0.37110
      0.33000      0.56101      0.56101
      0.34000      0.43835      0.43835
      0.35000      0.61371      0.61371
      0.36000      0.96402      0.96402
      0.37000      0.78424      0.78424
      0.38000      0.45166      0.45166
      0.39000      0.64488      0.64488
      0.40000      1.30619      1.30619
      0.41000      1.77024      1.77024
      0.42000      1.43093      1.43093
      0.43000      1.16698      1.16698
      0.44000      1.34394      1.34394
      0.45000      1.02989      1.02989
      0.46000      0.85695      0.85695
      0.47000      1.07185      1.07185
      0.48000      1.26953      1.26953
      0.49000      1.52615      1.52615
      0.50000      1.74109      1.74109
      0.51000      1.34858      1.34858
      0.52000      0.74932      0.74932
      0.53000      0.98773      0.98773
