Energy-E_F (eV)    DOS (1/eV)    PDOS (1/eV)  of atom type Hg 
     -4.99000      0.81333      0.81333
     -4.98000      0.80331      0.80331
     -4.97000      0.61526      0.61526
     -4.96000      0.77774      0.77774
     -4.95000      0.84504      0.84504
     -4.94000      0.84514      0.84514
     -4.93000      0.68550      0.68550
     -4.92000      0.36829      0.36829
     -4.91000      0.53836      0.53836
     -4.90000      0.74072      0.74072
     -4.89000      0.47610      0.47610
     -4.88000      0.49110      0.49110
     -4.87000      0.74223      0.74223
     -4.86000      0.48170      0.48170
     -4.85000      0.11580      0.11580
     -4.84000      0.01059      0.01059
     -4.83000      0.01254      0.01254
     -4.82000      0.16063      0.16063
     -4.81000      0.79238      0.79238
     -4.80000      1.48977      1.48977
     -4.79000      1.19429      1.19429
     -4.78000      0.69138      0.69138
     -4.77000      0.65356      0.65356
     -4.76000      0.80150      0.80150
     -4.75000      0.61158      0.61158
     -4.74000      0.62774      0.62774
     -4.73000      1.38900      1.38900
     -4.72000      1.67936      1.67936
     -4.71000      0.83447      0.83447
     -4.70000      0.16949      0.16949
     -4.69000      0.11353      0.11353
     -4.68000      0.45235      0.45235
     -4.67000      0.73879      0.73879
     -4.66000      0.44593      0.44593
     -4.65000      0.13473      0.13473
     -4.64000      0.29970      0.29970
     -4.63000      0.96616      0.96616
     -4.62000      1.51489      1.51489
     -4.61000      1.49870      1.49870
     -4.60000      1.34942      1.34942
     -4.59000      1.21175      1.21175
     -4.58000      1.25651      1.25651
     -4.57000      1.60321      1.60321
     -4.56000      1.40528      1.40528
     -4.55000      1.02332      1.02332
     -4.54000      0.74191      0.74191
     -4.53000      0.68014      0.68014
     -4.52000      0.75357      0.75357
     -4.51000      0.39621      0.39621
     -4.50000      0.08527      0.08527
     -4.49000      0.09394      0.09394
     -4.48000      0.45838      0.45838
     -4.47000      1.01385      1.01385
     -4.46000      1.10110      1.10110
     -4.45000      0.95507      0.95507
     -4.44000      0.76856      0.76856
     -4.43000      0.49937      0.49937
     -4.42000      0.40778      0.40778
     -4.41000      0.25392      0.25392
     -4.40000      0.32535      0.32535
     -4.39000      0.68830      0.68830
     -4.38000      0.61311      0.61311
     -4.37000      0.20248      0.20248
     -4.36000      0.04256      0.04256
     -4.35000      0.19979      0.19979
     -4.34000      0.90519      0.90519
     -4.33000      1.83793      1.83793
     -4.32000      1.76322      1.76322
     -4.31000      1.09189      1.09189
     -4.30000      1.49743      1.49743
     -4.29000      2.22507      2.22507
     -4.28000      1.73376      1.73376
     -4.27000      0.83868      0.83868
     -4.26000      0.70112      0.70112
     -4.25000      0.71170      0.71170
     -4.24000      0.31162      0.31162
     -4.23000      0.05132      0.05132
     -4.22000      0.02101      0.02101
     -4.21000      0.20434      0.20434
     -4.20000      0.88787      0.88787
     -4.19000      1.54738      1.54738
     -4.18000      1.42512      1.42512
     -4.17000      1.28557      1.28557
     -4.16000      1.06536      1.06536
     -4.15000      0.89312      0.89312
     -4.14000      0.70308      0.70308
     -4.13000      0.26334      0.26334
     -4.12000      0.03762      0.03762
     -4.11000      0.00207      0.00207
     -4.10000      0.00315      0.00315
     -4.09000      0.04147      0.04147
     -4.08000      0.20394      0.20394
     -4.07000      0.37885      0.37885
     -4.06000      0.38483      0.38483
     -4.05000      0.73798      0.73798
     -4.04000      1.35135      1.35135
     -4.03000      1.34975      1.34975
     -4.02000      0.81490      0.81490
     -4.01000      0.25453      0.25453
     -4.00000      0.03308      0.03308
     -3.99000      0.00165      0.00165
     -3.98000      0.00095      0.00095
     -3.97000      0.02777      0.02777
     -3.96000      0.31026      0.31026
     -3.95000      1.32553      1.32553
     -3.94000      2.39524      2.39524
     -3.93000      2.41725      2.41725
     -3.92000      2.02428      2.02428
     -3.91000      1.73136      1.73136
     -3.90000      1.30853      1.30853
     -3.89000      0.90303      0.90303
     -3.88000      1.26911      1.26911
     -3.87000      1.90177      1.90177
     -3.86000      1.45433      1.45433
     -3.85000      0.46308      0.46308
     -3.84000      0.05764      0.05764
     -3.83000      0.00997      0.00997
     -3.82000      0.07280      0.07280
     -3.81000      0.26779      0.26779
     -3.80000      0.36695      0.36695
     -3.79000      0.24893      0.24893
     -3.78000      0.40551      0.40551
     -3.77000      0.79856      0.79856
     -3.76000      0.90894      0.90894
     -3.75000      1.00352      1.00352
     -3.74000      1.26258      1.26258
     -3.73000      1.94090      1.94090
     -3.72000      2.59324      2.59324
     -3.71000      2.42492      2.42492
     -3.70000      1.42797      1.42797
     -3.69000      0.98002      0.98002
     -3.68000      1.11182      1.11182
     -3.67000      0.67153      0.67153
     -3.66000      0.17163      0.17163
     -3.65000      0.14885      0.14885
     -3.64000      0.53899      0.53899
     -3.63000      0.92975      0.92975
     -3.62000      1.02768      1.02768
     -3.61000      1.03037      1.03037
     -3.60000      1.00537      1.00537
     -3.59000      1.02301      1.02301
     -3.58000      1.43854      1.43854
     -3.57000      1.84308      1.84308
     -3.56000      1.70965      1.70965
     -3.55000      1.68231      1.68231
     -3.54000      1.74754      1.74754
     -3.53000      1.53916      1.53916
     -3.52000      0.80094      0.80094
     -3.51000      0.19592      0.19592
     -3.50000      0.13711      0.13711
     -3.49000      0.53705      0.53705
     -3.48000      0.97428      0.97428
     -3.47000      0.78550      0.78550
     -3.46000      0.31457      0.31457
     -3.45000      0.20148      0.20148
     -3.44000      0.56716      0.56716
     -3.43000      0.98704      0.98704
     -3.42000      0.87859      0.87859
     -3.41000      0.73490      0.73490
     -3.40000      0.98292      0.98292
     -3.39000      1.25801      1.25801
     -3.38000      1.49328      1.49328
     -3.37000      1.23289      1.23289
     -3.36000      0.67637      0.67637
     -3.35000      0.23853      0.23853
     -3.34000      0.04535      0.04535
     -3.33000      0.07073      0.07073
     -3.32000      0.47292      0.47292
     -3.31000      1.41870      1.41870
     -3.30000      2.07658      2.07658
     -3.29000      1.64262      1.64262
     -3.28000      0.66837      0.66837
     -3.27000      0.12514      0.12514
     -3.26000      0.07216      0.07216
     -3.25000      0.42072      0.42072
     -3.24000      1.11152      1.11152
     -3.23000      1.37439      1.37439
     -3.22000      1.27068      1.27068
     -3.21000      1.40591      1.40591
     -3.20000      1.46165      1.46165
     -3.19000      0.98300      0.98300
     -3.18000      0.66586      0.66586
     -3.17000      0.96260      0.96260
     -3.16000      0.92620      0.92620
     -3.15000      0.47911      0.47911
     -3.14000      0.36165      0.36165
     -3.13000      0.36755      0.36755
     -3.12000      0.26917      0.26917
     -3.11000      0.60358      0.60358
     -3.10000      1.32080      1.32080
     -3.09000      1.55724      1.55724
     -3.08000      1.21602      1.21602
     -3.07000      0.61438      0.61438
     -3.06000      0.22963      0.22963
     -3.05000      0.49716      0.49716
     -3.04000      1.04944      1.04944
     -3.03000      0.87758      0.87758
     -3.02000      0.47296      0.47296
     -3.01000      0.91648      0.91648
     -3.00000      1.46094      1.46094
     -2.99000      1.06328      1.06328
     -2.98000      0.91930      0.91930
     -2.97000      1.41364      1.41364
     -2.96000      1.55502      1.55502
     -2.95000      1.48577      1.48577
     -2.94000      1.27205      1.27205
     -2.93000      0.66195      0.66195
     -2.92000      0.21600      0.21600
     -2.91000      0.35674      0.35674
     -2.90000      0.71935      0.71935
     -2.89000      0.58392      0.58392
     -2.88000      0.43586      0.43586
     -2.87000      1.08217      1.08217
     -2.86000      1.73333      1.73333
     -2.85000      1.27200      1.27200
     -2.84000      0.63748      0.63748
     -2.83000      0.46275      0.46275
     -2.82000      0.60608      0.60608
     -2.81000      1.15766      1.15766
     -2.80000      1.60754      1.60754
     -2.79000      1.67844      1.67844
     -2.78000      1.62162      1.62162
     -2.77000      1.98759      1.98759
     -2.76000      2.10626      2.10626
     -2.75000      1.35852      1.35852
     -2.74000      1.19148      1.19148
     -2.73000      1.84052      1.84052
     -2.72000      2.33180      2.33180
     -2.71000      2.27635      2.27635
     -2.70000      1.96760      1.96760
     -2.69000      1.51072      1.51072
     -2.68000      0.72938      0.72938
     -2.67000      0.16255      0.16255
     -2.66000      0.01477      0.01477
     -2.65000      0.00092      0.00092
     -2.64000      0.01168      0.01168
     -2.63000      0.12621      0.12621
     -2.62000      0.50466      0.50466
     -2.61000      0.78130      0.78130
     -2.60000      0.68402      0.68402
     -2.59000      0.86117      0.86117
     -2.58000      1.15533      1.15533
     -2.57000      1.10556      1.10556
     -2.56000      0.93746      0.93746
     -2.55000      0.79740      0.79740
     -2.54000      0.36986      0.36986
     -2.53000      0.06767      0.06767
     -2.52000      0.00557      0.00557
     -2.51000      0.01867      0.01867
     -2.50000      0.12989      0.12989
     -2.49000      0.33445      0.33445
     -2.48000      0.31680      0.31680
     -2.47000      0.11039      0.11039
     -2.46000      0.01415      0.01415
     -2.45000      0.00067      0.00067
     -2.44000      0.00001      0.00001
     -2.43000      0.00000      0.00000
     -2.42000      0.00000      0.00000
     -2.41000      0.00000      0.00000
     -2.40000      0.00000      0.00000
     -2.39000      0.00000      0.00000
     -2.38000      0.00000      0.00000
     -2.37000      0.00000      0.00000
     -2.36000      0.00000      0.00000
     -2.35000      0.00000      0.00000
     -2.34000      0.00000      0.00000
     -2.33000      0.00018      0.00018
     -2.32000      0.00687      0.00687
     -2.31000      0.09823      0.09823
     -2.30000      0.53323      0.53323
     -2.29000      1.14829      1.14829
     -2.28000      1.25109      1.25109
     -2.27000      1.22090      1.22090
     -2.26000      1.09547      1.09547
     -2.25000      0.72572      0.72572
     -2.24000      0.32464      0.32464
     -2.23000      0.11371      0.11371
     -2.22000      0.34589      0.34589
     -2.21000      1.11234      1.11234
     -2.20000      1.58184      1.58184
     -2.19000      1.22137      1.22137
     -2.18000      0.93956      0.93956
     -2.17000      0.80403      0.80403
     -2.16000      0.36920      0.36920
     -2.15000      0.08267      0.08267
     -2.14000      0.12377      0.12377
     -2.13000      0.32552      0.32552
     -2.12000      0.32657      0.32657
     -2.11000      0.12132      0.12132
     -2.10000      0.03211      0.03211
     -2.09000      0.12609      0.12609
     -2.08000      0.42742      0.42742
     -2.07000      0.78734      0.78734
     -2.06000      0.86200      0.86200
     -2.05000      0.45495      0.45495
     -2.04000      0.09639      0.09639
     -2.03000      0.00768      0.00768
     -2.02000      0.00023      0.00023
     -2.01000      0.00000      0.00000
     -2.00000      0.00000      0.00000
     -1.99000      0.00000      0.00000
     -1.98000      0.00000      0.00000
     -1.97000      0.00000      0.00000
     -1.96000      0.00000      0.00000
     -1.95000      0.00000      0.00000
     -1.94000      0.00014      0.00014
     -1.93000      0.00531      0.00531
     -1.92000      0.07458      0.07458
     -1.91000      0.38561      0.38561
     -1.90000      0.74559      0.74559
     -1.89000      0.64862      0.64862
     -1.88000      0.63937      0.63937
     -1.87000      0.72981      0.72981
     -1.86000      0.38868      0.38868
     -1.85000      0.09478      0.09478
     -1.84000      0.16029      0.16029
     -1.83000      0.62217      0.62217
     -1.82000      1.01728      1.01728
     -1.81000      0.71491      0.71491
     -1.80000      0.22321      0.22321
     -1.79000      0.04086      0.04086
     -1.78000      0.09574      0.09574
     -1.77000      0.29835      0.29835
     -1.76000      0.34790      0.34790
     -1.75000      0.14926      0.14926
     -1.74000      0.02356      0.02356
     -1.73000      0.00139      0.00139
     -1.72000      0.00111      0.00111
     -1.71000      0.01991      0.01991
     -1.70000      0.13539      0.13539
     -1.69000      0.33873      0.33873
     -1.68000      0.31438      0.31438
     -1.67000      0.14575      0.14575
     -1.66000      0.25135      0.25135
     -1.65000      0.65525      0.65525
     -1.64000      0.94399      0.94399
     -1.63000      0.67118      0.67118
     -1.62000      0.20212      0.20212
     -1.61000      0.02353      0.02353
     -1.60000      0.00102      0.00102
     -1.59000      0.00002      0.00002
     -1.58000      0.00057      0.00057
     -1.57000      0.01533      0.01533
     -1.56000      0.15045      0.15045
     -1.55000      0.54329      0.54329
     -1.54000      0.72175      0.72175
     -1.53000      0.35274      0.35274
     -1.52000      0.06345      0.06345
     -1.51000      0.00602      0.00602
     -1.50000      0.04271      0.04271
     -1.49000      0.38191      0.38191
     -1.48000      1.32372      1.32372
     -1.47000      1.81301      1.81301
     -1.46000      1.19951      1.19951
     -1.45000      0.86837      0.86837
     -1.44000      0.62479      0.62479
     -1.43000      0.20058      0.20058
     -1.42000      0.02786      0.02786
     -1.41000      0.06874      0.06874
     -1.40000      0.47021      0.47021
     -1.39000      1.29540      1.29540
     -1.38000      1.59114      1.59114
     -1.37000      1.21717      1.21717
     -1.36000      0.68666      0.68666
     -1.35000      0.19946      0.19946
     -1.34000      0.02780      0.02780
     -1.33000      0.08316      0.08316
     -1.32000      0.55577      0.55577
     -1.31000      1.48482      1.48482
     -1.30000      1.66670      1.66670
     -1.29000      0.98641      0.98641
     -1.28000      0.51587      0.51587
     -1.27000      0.21466      0.21466
     -1.26000      0.04126      0.04126
     -1.25000      0.00304      0.00304
     -1.24000      0.00008      0.00008
     -1.23000      0.00000      0.00000
     -1.22000      0.00000      0.00000
     -1.21000      0.00014      0.00014
     -1.20000      0.00587      0.00587
     -1.19000      0.09038      0.09038
     -1.18000      0.53115      0.53115
     -1.17000      1.29429      1.29429
     -1.16000      1.64422      1.64422
     -1.15000      1.37268      1.37268
     -1.14000      0.97605      0.97605
     -1.13000      1.32267      1.32267
     -1.12000      1.36569      1.36569
     -1.11000      0.60321      0.60321
     -1.10000      0.35274      0.35274
     -1.09000      0.67787      0.67787
     -1.08000      0.62912      0.62912
     -1.07000      0.21636      0.21636
     -1.06000      0.02738      0.02738
     -1.05000      0.00127      0.00127
     -1.04000      0.00009      0.00009
     -1.03000      0.00295      0.00295
     -1.02000      0.05081      0.05081
     -1.01000      0.33722      0.33722
     -1.00000      0.93296      0.93296
     -0.99000      1.23423      1.23423
     -0.98000      0.84072      0.84072
     -0.97000      0.26796      0.26796
     -0.96000      0.03501      0.03501
     -0.95000      0.00190      0.00190
     -0.94000      0.00559      0.00559
     -0.93000      0.07686      0.07686
     -0.92000      0.39128      0.39128
     -0.91000      0.73281      0.73281
     -0.90000      0.50489      0.50489
     -0.89000      0.12798      0.12798
     -0.88000      0.01242      0.01242
     -0.87000      0.01401      0.01401
     -0.86000      0.13934      0.13934
     -0.85000      0.52503      0.52503
     -0.84000      0.72854      0.72854
     -0.83000      0.38751      0.38751
     -0.82000      0.20210      0.20210
     -0.81000      0.47150      0.47150
     -0.80000      0.85703      0.85703
     -0.79000      0.84780      0.84780
     -0.78000      0.38488      0.38488
     -0.77000      0.10425      0.10425
     -0.76000      0.26173      0.26173
     -0.75000      0.74953      0.74953
     -0.74000      1.20466      1.20466
     -0.73000      1.59034      1.59034
     -0.72000      1.25434      1.25434
     -0.71000      0.42877      0.42877
     -0.70000      0.22124      0.22124
     -0.69000      0.57550      0.57550
     -0.68000      0.70891      0.70891
     -0.67000      0.32253      0.32253
     -0.66000      0.05431      0.05431
     -0.65000      0.01441      0.01441
     -0.64000      0.13864      0.13864
     -0.63000      0.65092      0.65092
     -0.62000      1.23522      1.23522
     -0.61000      1.34119      1.34119
     -0.60000      1.48253      1.48253
     -0.59000      1.59706      1.59706
     -0.58000      1.51641      1.51641
     -0.57000      1.11047      1.11047
     -0.56000      0.87380      0.87380
     -0.55000      1.14768      1.14768
     -0.54000      1.16815      1.16815
     -0.53000      0.64402      0.64402
     -0.52000      0.38467      0.38467
     -0.51000      0.37258      0.37258
     -0.50000      0.20642      0.20642
     -0.49000      0.24378      0.24378
     -0.48000      0.63457      0.63457
     -0.47000      0.76485      0.76485
     -0.46000      0.56046      0.56046
     -0.45000      0.39312      0.39312
     -0.44000      0.16087      0.16087
     -0.43000      0.02689      0.02689
     -0.42000      0.01934      0.01934
     -0.41000      0.20522      0.20522
     -0.40000      0.98048      0.98048
     -0.39000      1.98763      1.98763
     -0.38000      1.69510      1.69510
     -0.37000      0.59854      0.59854
     -0.36000      0.21155      0.21155
     -0.35000      0.53531      0.53531
     -0.34000      0.90739      0.90739
     -0.33000      0.96531      0.96531
     -0.32000      0.77959      0.77959
     -0.31000      0.32915      0.32915
     -0.30000      0.16652      0.16652
     -0.29000      0.57699      0.57699
     -0.28000      1.22593      1.22593
     -0.27000      1.25006      1.25006
     -0.26000      0.88556      0.88556
     -0.25000      0.80860      0.80860
     -0.24000      0.52720      0.52720
     -0.23000      0.14989      0.14989
     -0.22000      0.09412      0.09412
     -0.21000      0.47163      0.47163
     -0.20000      1.23719      1.23719
     -0.19000      1.57817      1.57817
     -0.18000      0.97110      0.97110
     -0.17000      0.27949      0.27949
     -0.16000      0.23201      0.23201
     -0.15000      0.86069      0.86069
     -0.14000      1.64941      1.64941
     -0.13000      1.91296      1.91296
     -0.12000      1.90071      1.90071
     -0.11000      1.64688      1.64688
     -0.10000      1.43528      1.43528
     -0.09000      1.33703      1.33703
     -0.08000      1.45149      1.45149
     -0.07000      1.50765      1.50765
     -0.06000      0.74001      0.74001
     -0.05000      0.13910      0.13910
     -0.04000      0.00973      0.00973
     -0.03000      0.00025      0.00025
     -0.02000      0.00000      0.00000
     -0.01000      0.00000      0.00000
      0.00000      0.00030      0.00030
      0.01000      0.00977      0.00977
      0.02000      0.12098      0.12098
      0.03000      0.60528      0.60528
      0.04000      1.38951      1.38951
      0.05000      1.85359      1.85359
      0.06000      1.91749      1.91749
      0.07000      1.89516      1.89516
      0.08000      1.78359      1.78359
      0.09000      1.20374      1.20374
      0.10000      0.72288      0.72288
      0.11000      0.80811      0.80811
      0.12000      0.85947      0.85947
      0.13000      1.26545      1.26545
      0.14000      1.44655      1.44655
      0.15000      0.78781      0.78781
      0.16000      0.88191      0.88191
      0.17000      2.06363      2.06363
      0.18000      2.29491      2.29491
      0.19000      1.04612      1.04612
      0.20000      0.25482      0.25482
      0.21000      0.30016      0.30016
      0.22000      0.63324      0.63324
      0.23000      1.23769      1.23769
      0.24000      1.77294      1.77294
      0.25000      1.42907      1.42907
      0.26000      1.00920      1.00920
      0.27000      0.74045      0.74045
      0.28000      0.58026      0.58026
      0.29000      1.07221      1.07221
      0.30000      1.45182      1.45182
      0.31000      1.35875      1.35875
      0.32000      1.74576      1.74576
      0.33000      2.03149      2.03149
      0.34000      1.67820      1.67820
      0.35000      1.43457      1.43457
      0.36000      1.52145      1.52145
      0.37000      0.96348      0.96348
      0.38000      0.34352      0.34352
      0.39000      0.50042      0.50042
      0.40000      1.01438      1.01438
      0.41000      1.11325      1.11325
      0.42000      0.99722      0.99722
      0.43000      0.68378      0.68378
      0.44000      0.22073      0.22073
      0.45000      0.02789      0.02789
      0.46000      0.01125      0.01125
      0.47000      0.13549      0.13549
      0.48000      0.70410      0.70410
      0.49000      1.41425      1.41425
      0.50000      1.17649      1.17649
      0.51000      0.74978      0.74978
      0.52000      0.77478      0.77478
      0.53000      0.47088      0.47088
      0.54000      0.10981      0.10981
      0.55000      0.00996      0.00996
      0.56000      0.01797      0.01797
      0.57000      0.22433      0.22433
      0.58000      1.05465      1.05465
      0.59000      1.83718      1.83718
      0.60000      1.18965      1.18965
      0.61000      0.33180      0.33180
      0.62000      0.24601      0.24601
      0.63000      0.39640      0.39640
      0.64000      0.49028      0.49028
      0.65000      1.10819      1.10819
      0.66000      1.75068      1.75068
      0.67000      1.18275      1.18275
      0.68000      0.34631      0.34631
      0.69000      0.21626      0.21626
      0.70000      0.53386      0.53386
      0.71000      0.66429      0.66429
      0.72000      0.35798      0.35798
      0.73000      0.08246      0.08246
      0.74000      0.04659      0.04659
      0.75000      0.34038      0.34038
      0.76000      1.11853      1.11853
      0.77000      1.40833      1.40833
      0.78000      0.75765      0.75765
      0.79000      0.59686      0.59686
      0.80000      1.01978      1.01978
      0.81000      0.85977      0.85977
      0.82000      0.30680      0.30680
      0.83000      0.16749      0.16749
      0.84000      0.58397      0.58397
      0.85000      1.07207      1.07207
      0.86000      0.88108      0.88108
      0.87000      0.70012      0.70012
      0.88000      0.75845      0.75845
      0.89000      0.40967      0.40967
      0.90000      0.09774      0.09774
      0.91000      0.17875      0.17875
      0.92000      0.79656      0.79656
      0.93000      1.43894      1.43894
      0.94000      1.13198      1.13198
      0.95000      0.79069      0.79069
      0.96000      0.75981      0.75981
      0.97000      0.42144      0.42144
      0.98000      0.36523      0.36523
      0.99000      0.77972      0.77972
      1.00000      1.19613      1.19613
      1.01000      1.83864      1.83864
      1.02000      2.12843      2.12843
      1.03000      1.97214      1.97214
      1.04000      1.77706      1.77706
      1.05000      1.21040      1.21040
      1.06000      1.45428      1.45428
      1.07000      2.33242      2.33242
      1.08000      2.08638      2.08638
      1.09000      1.63837      1.63837
      1.10000      2.02231      2.02231
      1.11000      1.95075      1.95075
      1.12000      1.46362      1.46362
      1.13000      0.97520      0.97520
      1.14000      0.67550      0.67550
      1.15000      0.72362      0.72362
      1.16000      0.76847      0.76847
      1.17000      0.44571      0.44571
      1.18000      0.43947      0.43947
      1.19000      0.73193      0.73193
      1.20000      0.52767      0.52767
      1.21000      0.14084      0.14084
      1.22000      0.01443      0.01443
      1.23000      0.01367      0.01367
      1.24000      0.10715      0.10715
      1.25000      0.34452      0.34452
      1.26000      0.59144      0.59144
      1.27000      0.94845      0.94845
      1.28000      1.43508      1.43508
      1.29000      1.64018      1.64018
      1.30000      1.05409      1.05409
      1.31000      0.30703      0.30703
      1.32000      0.03782      0.03782
      1.33000      0.00205      0.00205
      1.34000      0.00551      0.00551
      1.35000      0.07810      0.07810
      1.36000      0.43664      0.43664
      1.37000      1.09063      1.09063
      1.38000      1.50153      1.50153
      1.39000      1.28848      1.28848
      1.40000      0.96229      0.96229
      1.41000      0.75273      0.75273
      1.42000      0.31298      0.31298
      1.43000      0.07175      0.07175
      1.44000      0.21594      0.21594
      1.45000      0.86097      0.86097
      1.46000      1.58045      1.58045
      1.47000      1.63026      1.63026
      1.48000      1.32293      1.32293
      1.49000      1.28869      1.28869
      1.50000      1.42593      1.42593
      1.51000      1.17668      1.17668
      1.52000      0.53900      0.53900
      1.53000      0.11761      0.11761
      1.54000      0.06921      0.06921
      1.55000      0.45813      0.45813
      1.56000      1.58745      1.58745
      1.57000      2.59450      2.59450
      1.58000      1.96472      1.96472
      1.59000      0.66150      0.66150
      1.60000      0.22553      0.22553
      1.61000      0.52628      0.52628
      1.62000      0.72885      0.72885
      1.63000      0.37462      0.37462
      1.64000      0.07087      0.07087
      1.65000      0.00623      0.00623
      1.66000      0.02791      0.02791
      1.67000      0.21830      0.21830
      1.68000      0.63125      0.63125
      1.69000      0.67928      0.67928
      1.70000      0.38548      0.38548
      1.71000      0.74814      0.74814
      1.72000      1.65525      1.65525
      1.73000      1.71717      1.71717
      1.74000      1.15348      1.15348
      1.75000      1.12790      1.12790
      1.76000      1.15736      1.15736
      1.77000      0.56695      0.56695
      1.78000      0.11153      0.11153
      1.79000      0.05726      0.05726
      1.80000      0.26325      0.26325
      1.81000      0.66529      0.66529
      1.82000      0.95959      0.95959
      1.83000      0.92787      0.92787
      1.84000      1.02481      1.02481
      1.85000      1.04806      1.04806
      1.86000      0.63691      0.63691
      1.87000      0.44028      0.44028
      1.88000      0.35685      0.35685
      1.89000      0.32249      0.32249
      1.90000      0.63523      0.63523
      1.91000      0.70727      0.70727
      1.92000      0.43231      0.43231
      1.93000      0.39740      0.39740
      1.94000      0.36828      0.36828
      1.95000      0.57977      0.57977
      1.96000      1.27756      1.27756
      1.97000      1.35801      1.35801
      1.98000      0.92765      0.92765
      1.99000      1.04881      1.04881
      2.00000      1.19329      1.19329
      2.01000      1.25271      1.25271
      2.02000      1.15177      1.15177
      2.03000      0.79076      0.79076
      2.04000      0.98423      0.98423
      2.05000      1.30124      1.30124
      2.06000      1.30661      1.30661
      2.07000      1.44372      1.44372
      2.08000      2.38169      2.38169
      2.09000      2.35385      2.35385
      2.10000      1.00202      1.00202
      2.11000      0.61992      0.61992
      2.12000      1.23701      1.23701
      2.13000      2.02263      2.02263
      2.14000      2.14096      2.14096
      2.15000      1.14475      1.14475
      2.16000      0.37671      0.37671
      2.17000      0.55334      0.55334
      2.18000      0.98915      0.98915
      2.19000      0.80642      0.80642
      2.20000      0.39986      0.39986
      2.21000      0.54145      0.54145
      2.22000      0.91506      0.91506
      2.23000      0.79221      0.79221
      2.24000      0.36746      0.36746
      2.25000      0.08433      0.08433
      2.26000      0.00815      0.00815
      2.27000      0.00030      0.00030
      2.28000      0.00000      0.00000
      2.29000      0.00001      0.00001
      2.30000      0.00057      0.00057
      2.31000      0.01685      0.01685
      2.32000      0.18517      0.18517
      2.33000      0.78543      0.78543
      2.34000      1.43178      1.43178
      2.35000      1.52197      1.52197
      2.36000      1.52241      1.52241
      2.37000      1.60999      1.60999
      2.38000      1.43804      1.43804
      2.39000      1.29632      1.29632
      2.40000      1.19438      1.19438
      2.41000      0.76371      0.76371
