Energy-E_F (eV)    DOS (1/eV)    PDOS (1/eV)  of atom type Pb 
     -4.99000      3.16210      3.16210
     -4.98000      3.42844      3.42844
     -4.97000      1.40534      1.40534
     -4.96000      0.66654      0.66654
     -4.95000      2.18529      2.18529
     -4.94000      3.73719      3.73719
     -4.93000      2.36858      2.36858
     -4.92000      0.68195      0.68195
     -4.91000      1.11454      1.11454
     -4.90000      3.21752      3.21752
     -4.89000      4.10309      4.10309
     -4.88000      3.97342      3.97342
     -4.87000      3.90236      3.90236
     -4.86000      1.94999      1.94999
     -4.85000      0.42331      0.42331
     -4.84000      0.59783      0.59783
     -4.83000      2.40861      2.40861
     -4.82000      3.73309      3.73309
     -4.81000      2.13524      2.13524
     -4.80000      0.60963      0.60963
     -4.79000      1.60601      1.60601
     -4.78000      5.57724      5.57724
     -4.77000      7.27895      7.27895
     -4.76000      3.49542      3.49542
     -4.75000      0.61750      0.61750
     -4.74000      0.04050      0.04050
     -4.73000      0.02011      0.02011
     -4.72000      0.36768      0.36768
     -4.71000      2.59651      2.59651
     -4.70000      6.74688      6.74688
     -4.69000      6.49976      6.49976
     -4.68000      3.01970      3.01970
     -4.67000      4.31687      4.31687
     -4.66000      8.56485      8.56485
     -4.65000      8.44198      8.44198
     -4.64000      4.70131      4.70131
     -4.63000      1.40673      1.40673
     -4.62000      0.18371      0.18371
     -4.61000      0.00930      0.00930
     -4.60000      0.00018      0.00018
     -4.59000      0.00000      0.00000
     -4.58000      0.00000      0.00000
     -4.57000      0.00002      0.00002
     -4.56000      0.00190      0.00190
     -4.55000      0.05674      0.05674
     -4.54000      0.62184      0.62184
     -4.53000      2.50735      2.50735
     -4.52000      3.71925      3.71925
     -4.51000      2.02955      2.02955
     -4.50000      0.40743      0.40743
     -4.49000      0.03220      0.03220
     -4.48000      0.07376      0.07376
     -4.47000      0.92780      0.92780
     -4.46000      4.34138      4.34138
     -4.45000      7.47321      7.47321
     -4.44000      4.73252      4.73252
     -4.43000      1.10411      1.10411
     -4.42000      0.15385      0.15385
     -4.41000      0.81031      0.81031
     -4.40000      4.03938      4.03938
     -4.39000      7.43496      7.43496
     -4.38000      5.03444      5.03444
     -4.37000      1.25409      1.25409
     -4.36000      0.11503      0.11503
     -4.35000      0.01096      0.01096
     -4.34000      0.17940      0.17940
     -4.33000      1.67051      1.67051
     -4.32000      5.72404      5.72404
     -4.31000      7.21543      7.21543
     -4.30000      3.34601      3.34601
     -4.29000      0.57082      0.57082
     -4.28000      0.03598      0.03598
     -4.27000      0.01077      0.01077
     -4.26000      0.23126      0.23126
     -4.25000      2.00992      2.00992
     -4.24000      6.75095      6.75095
     -4.23000      9.58542      9.58542
     -4.22000      6.68777      6.68777
     -4.21000      2.71368      2.71368
     -4.20000      2.65293      2.65293
     -4.19000      6.49370      6.49370
     -4.18000      7.41510      7.41510
     -4.17000      6.21188      6.21188
     -4.16000      7.68813      7.68813
     -4.15000      5.50252      5.50252
     -4.14000      1.51240      1.51240
     -4.13000      0.15340      0.15340
     -4.12000      0.00572      0.00572
     -4.11000      0.00008      0.00008
     -4.10000      0.00052      0.00052
     -4.09000      0.02141      0.02141
     -4.08000      0.33360      0.33360
     -4.07000      2.06355      2.06355
     -4.06000      5.85421      5.85421
     -4.05000      9.13136      9.13136
     -4.04000      7.56518      7.56518
     -4.03000      2.74781      2.74781
     -4.02000      0.44548      0.44548
     -4.01000      0.81075      0.81075
     -4.00000      4.01382      4.01382
     -3.99000      7.74086      7.74086
     -3.98000      6.84750      6.84750
     -3.97000      4.92609      4.92609
     -3.96000      2.90769      2.90769
     -3.95000      1.11864      1.11864
     -3.94000      2.47574      2.47574
     -3.93000      7.37149      7.37149
     -3.92000     10.41449     10.41449
     -3.91000      7.99041      7.99041
     -3.90000      8.19308      8.19308
     -3.89000     10.60276     10.60276
     -3.88000      6.93695      6.93695
     -3.87000      2.42521      2.42521
     -3.86000      3.61242      3.61242
     -3.85000      7.25734      7.25734
     -3.84000      5.65466      5.65466
     -3.83000      1.82144      1.82144
     -3.82000      2.12313      2.12313
     -3.81000      7.22878      7.22878
     -3.80000     10.60781     10.60781
     -3.79000      6.37332      6.37332
     -3.78000      1.58845      1.58845
     -3.77000      0.16230      0.16230
     -3.76000      0.00660      0.00660
     -3.75000      0.00010      0.00010
     -3.74000      0.00000      0.00000
     -3.73000      0.00000      0.00000
     -3.72000      0.00000      0.00000
     -3.71000      0.00020      0.00020
     -3.70000      0.01187      0.01187
     -3.69000      0.26101      0.26101
     -3.68000      2.11137      2.11137
     -3.67000      6.28322      6.28322
     -3.66000      6.87869      6.87869
     -3.65000      2.77035      2.77035
     -3.64000      0.41046      0.41046
     -3.63000      0.02237      0.02237
     -3.62000      0.00045      0.00045
     -3.61000      0.00000      0.00000
     -3.60000      0.00000      0.00000
     -3.59000      0.00000      0.00000
     -3.58000      0.00000      0.00000
     -3.57000      0.00000      0.00000
     -3.56000      0.00000      0.00000
     -3.55000      0.00000      0.00000
     -3.54000      0.00000      0.00000
     -3.53000      0.00000      0.00000
     -3.52000      0.00000      0.00000
     -3.51000      0.00000      0.00000
     -3.50000      0.00000      0.00000
     -3.49000      0.00000      0.00000
     -3.48000      0.00006      0.00006
     -3.47000      0.00422      0.00422
     -3.46000      0.10194      0.10194
     -3.45000      0.90557      0.90557
     -3.44000      2.95968      2.95968
     -3.43000      3.56764      3.56764
     -3.42000      1.79523      1.79523
     -3.41000      2.16341      2.16341
     -3.40000      6.05843      6.05843
     -3.39000      7.04441      7.04441
     -3.38000      3.04291      3.04291
     -3.37000      0.89107      0.89107
     -3.36000      2.81451      2.81451
     -3.35000      6.89112      6.89112
     -3.34000      6.26752      6.26752
     -3.33000      2.09722      2.09722
     -3.32000      0.25817      0.25817
     -3.31000      0.01169      0.01169
     -3.30000      0.00019      0.00019
     -3.29000      0.00000      0.00000
     -3.28000      0.00000      0.00000
     -3.27000      0.00000      0.00000
     -3.26000      0.00000      0.00000
     -3.25000      0.00000      0.00000
     -3.24000      0.00000      0.00000
     -3.23000      0.00000      0.00000
     -3.22000      0.00000      0.00000
     -3.21000      0.00000      0.00000
     -3.20000      0.00000      0.00000
     -3.19000      0.00000      0.00000
     -3.18000      0.00000      0.00000
     -3.17000      0.00000      0.00000
     -3.16000      0.00000      0.00000
     -3.15000      0.00000      0.00000
     -3.14000      0.00000      0.00000
     -3.13000      0.00095      0.00095
     -3.12000      0.03362      0.03362
     -3.11000      0.43918      0.43918
     -3.10000      2.11047      2.11047
     -3.09000      3.73099      3.73099
     -3.08000      2.42650      2.42650
     -3.07000      0.58192      0.58192
     -3.06000      0.08459      0.08459
     -3.05000      0.30083      0.30083
     -3.04000      0.98680      0.98680
     -3.03000      1.30400      1.30400
     -3.02000      1.78966      1.78966
     -3.01000      5.13777      5.13777
     -3.00000      7.54134      7.54134
     -2.99000      5.26707      5.26707
     -2.98000      6.70082      6.70082
     -2.97000     12.17561     12.17561
     -2.96000     11.71952     11.71952
     -2.95000      5.30737      5.30737
     -2.94000      1.02983      1.02983
     -2.93000      0.08239      0.08239
     -2.92000      0.10924      0.10924
     -2.91000      1.19653      1.19653
     -2.90000      4.92348      4.92348
     -2.89000      7.45293      7.45293
     -2.88000      4.15038      4.15038
     -2.87000      0.85098      0.85098
     -2.86000      0.09604      0.09604
     -2.85000      0.52903      0.52903
     -2.84000      3.19986      3.19986
     -2.83000      7.14415      7.14415
     -2.82000      5.86780      5.86780
     -2.81000      1.77299      1.77299
     -2.80000      0.19708      0.19708
     -2.79000      0.00806      0.00806
     -2.78000      0.00012      0.00012
     -2.77000      0.00000      0.00000
     -2.76000      0.00000      0.00000
     -2.75000      0.00000      0.00000
     -2.74000      0.00010      0.00010
     -2.73000      0.00634      0.00634
     -2.72000      0.14752      0.14752
     -2.71000      1.32750      1.32750
     -2.70000      4.76299      4.76299
     -2.69000      7.01975      7.01975
     -2.68000      4.35026      4.35026
     -2.67000      1.86761      1.86761
     -2.66000      4.78293      4.78293
     -2.65000     11.56919     11.56919
     -2.64000     12.71736     12.71736
     -2.63000      6.27137      6.27137
     -2.62000      1.31392      1.31392
     -2.61000      0.10959      0.10959
     -2.60000      0.00349      0.00349
     -2.59000      0.00004      0.00004
     -2.58000      0.00000      0.00000
     -2.57000      0.00000      0.00000
     -2.56000      0.00000      0.00000
     -2.55000      0.00070      0.00070
     -2.54000      0.02680      0.02680
     -2.53000      0.37660      0.37660
     -2.52000      1.94688      1.94688
     -2.51000      3.70960      3.70960
     -2.50000      2.77582      2.77582
     -2.49000      2.37486      2.37486
     -2.48000      5.84119      5.84119
     -2.47000      7.19197      7.19197
     -2.46000      3.29121      3.29121
     -2.45000      0.55424      0.55424
     -2.44000      0.03434      0.03434
     -2.43000      0.00078      0.00078
     -2.42000      0.00000      0.00000
     -2.41000      0.00000      0.00000
     -2.40000      0.00000      0.00000
     -2.39000      0.00000      0.00000
     -2.38000      0.00034      0.00034
     -2.37000      0.01547      0.01547
     -2.36000      0.25775      0.25775
     -2.35000      1.57962      1.57962
     -2.34000      3.56134      3.56134
     -2.33000      2.95380      2.95380
     -2.32000      0.90127      0.90127
     -2.31000      0.10117      0.10117
     -2.30000      0.00418      0.00418
     -2.29000      0.00006      0.00006
     -2.28000      0.00000      0.00000
     -2.27000      0.00195      0.00195
     -2.26000      0.06878      0.06878
     -2.25000      0.89185      0.89185
     -2.24000      4.25429      4.25429
     -2.23000      7.46563      7.46563
     -2.22000      4.81961      4.81961
     -2.21000      1.14462      1.14462
     -2.20000      0.10000      0.10000
     -2.19000      0.00321      0.00321
     -2.18000      0.00004      0.00004
     -2.17000      0.00000      0.00000
     -2.16000      0.00000      0.00000
     -2.15000      0.00000      0.00000
     -2.14000      0.00000      0.00000
     -2.13000      0.00000      0.00000
     -2.12000      0.00000      0.00000
     -2.11000      0.00000      0.00000
     -2.10000      0.00004      0.00004
     -2.09000      0.00282      0.00282
     -2.08000      0.07585      0.07585
     -2.07000      0.75066      0.75066
     -2.06000      2.73287      2.73287
     -2.05000      3.66017      3.66017
     -2.04000      1.80339      1.80339
     -2.03000      0.32688      0.32688
     -2.02000      0.02180      0.02180
     -2.01000      0.00053      0.00053
     -2.00000      0.00000      0.00000
     -1.99000      0.00000      0.00000
     -1.98000      0.00031      0.00031
     -1.97000      0.01673      0.01673
     -1.96000      0.33391      0.33391
     -1.95000      2.45193      2.45193
     -1.94000      6.63564      6.63564
     -1.93000      6.81515      6.81515
     -1.92000      3.90370      3.90370
     -1.91000      3.83814      3.83814
     -1.90000      3.04905      3.04905
     -1.89000      0.96782      0.96782
     -1.88000      0.24452      0.24452
     -1.87000      1.37776      1.37776
     -1.86000      5.25050      5.25050
     -1.85000      7.38683      7.38683
     -1.84000      3.83315      3.83315
     -1.83000      0.92106      0.92106
     -1.82000      1.44193      1.44193
     -1.81000      4.27573      4.27573
     -1.80000      8.37003      8.37003
     -1.79000     15.29464     15.29464
     -1.78000     20.51912     20.51912
     -1.77000     17.06050     17.06050
     -1.76000     10.94723     10.94723
     -1.75000      5.09972      5.09972
     -1.74000      1.11711      1.11711
     -1.73000      0.09471      0.09471
     -1.72000      0.00298      0.00298
     -1.71000      0.00003      0.00003
     -1.70000      0.00000      0.00000
     -1.69000      0.00091      0.00091
     -1.68000      0.03255      0.03255
     -1.67000      0.42968      0.42968
     -1.66000      2.08800      2.08800
     -1.65000      3.77150      3.77150
     -1.64000      2.97184      2.97184
     -1.63000      2.89505      2.89505
     -1.62000      3.79236      3.79236
     -1.61000      2.23607      2.23607
     -1.60000      0.49113      0.49113
     -1.59000      0.03971      0.03971
     -1.58000      0.00118      0.00118
     -1.57000      0.00000      0.00000
     -1.56000      0.00000      0.00000
     -1.55000      0.00000      0.00000
     -1.54000      0.00000      0.00000
     -1.53000      0.00000      0.00000
     -1.52000      0.00000      0.00000
     -1.51000      0.00000      0.00000
     -1.50000      0.00000      0.00000
     -1.49000      0.00000      0.00000
     -1.48000      0.00000      0.00000
     -1.47000      0.00000      0.00000
     -1.46000      0.00000      0.00000
     -1.45000      0.00000      0.00000
     -1.44000      0.00000      0.00000
     -1.43000      0.00000      0.00000
     -1.42000      0.00000      0.00000
     -1.41000      0.00000      0.00000
     -1.40000      0.00184      0.00184
     -1.39000      0.06824      0.06824
     -1.38000      0.96227      0.96227
     -1.37000      5.35430      5.35430
     -1.36000     12.36246     12.36246
     -1.35000     12.36309     12.36309
     -1.34000      5.35513      5.35513
     -1.33000      0.96253      0.96253
     -1.32000      0.06831      0.06831
     -1.31000      0.00601      0.00601
     -1.30000      0.12137      0.12137
     -1.29000      1.29959      1.29959
     -1.28000      5.11915      5.11915
     -1.27000      7.41813      7.41813
     -1.26000      3.95455      3.95455
     -1.25000      0.77554      0.77554
     -1.24000      0.05612      0.05612
     -1.23000      0.01177      0.01177
     -1.22000      0.23530      0.23530
     -1.21000      1.98053      1.98053
     -1.20000      6.13270      6.13270
     -1.19000      6.98598      6.98598
     -1.18000      2.92758      2.92758
     -1.17000      0.45133      0.45133
     -1.16000      0.02560      0.02560
     -1.15000      0.00053      0.00053
     -1.14000      0.00042      0.00042
     -1.13000      0.02144      0.02144
     -1.12000      0.39829      0.39829
     -1.11000      2.72219      2.72219
     -1.10000      6.85613      6.85613
     -1.09000      6.55686      6.55686
     -1.08000      3.62498      3.62498
     -1.07000      3.76749      3.76749
     -1.06000      3.07130      3.07130
     -1.05000      0.98426      0.98426
     -1.04000      0.11650      0.11650
     -1.03000      0.00853      0.00853
     -1.02000      0.10578      0.10578
     -1.01000      1.18716      1.18716
     -1.00000      4.90500      4.90500
     -0.99000      7.45548      7.45548
     -0.98000      4.16886      4.16886
     -0.97000      0.85756      0.85756
     -0.96000      0.06490      0.06490
     -0.95000      0.00193      0.00193
     -0.94000      0.00837      0.00837
     -0.93000      0.20252      0.20252
     -0.92000      1.80361      1.80361
     -0.91000      5.90903      5.90903
     -0.90000      7.12190      7.12190
     -0.89000      3.15778      3.15778
     -0.88000      0.51508      0.51508
     -0.87000      0.03091      0.03091
     -0.86000      0.00068      0.00068
     -0.85000      0.00000      0.00000
     -0.84000      0.00000      0.00000
     -0.83000      0.00000      0.00000
     -0.82000      0.00000      0.00000
     -0.81000      0.00000      0.00000
     -0.80000      0.00048      0.00048
     -0.79000      0.02229      0.02229
     -0.78000      0.39296      0.39296
     -0.77000      2.62080      2.62080
     -0.76000      6.65899      6.65899
     -0.75000      6.90907      6.90907
     -0.74000      6.47406      6.47406
     -0.73000     12.66546     12.66546
     -0.72000     13.79852     13.79852
     -0.71000      5.75559      5.75559
     -0.70000      0.89828      0.89828
     -0.69000      0.05235      0.05235
     -0.68000      0.00114      0.00114
     -0.67000      0.00000      0.00000
     -0.66000      0.00000      0.00000
     -0.65000      0.00000      0.00000
     -0.64000      0.00000      0.00000
     -0.63000      0.00000      0.00000
     -0.62000      0.00003      0.00003
     -0.61000      0.00205      0.00205
     -0.60000      0.05993      0.05993
     -0.59000      0.64449      0.64449
     -0.58000      2.54982      2.54982
     -0.57000      3.71112      3.71112
     -0.56000      1.98704      1.98704
     -0.55000      0.39139      0.39139
     -0.54000      0.02846      0.02846
     -0.53000      0.00750      0.00750
     -0.52000      0.17309      0.17309
     -0.51000      1.63324      1.63324
     -0.50000      5.66972      5.66972
     -0.49000      7.25517      7.25517
     -0.48000      3.73217      3.73217
     -0.47000      3.45668      3.45668
     -0.46000     10.09045     10.09045
     -0.45000     14.59965     14.59965
     -0.44000     10.75035     10.75035
     -0.43000      8.63967      8.63967
     -0.42000      6.89205      6.89205
     -0.41000      4.10983      4.10983
     -0.40000      3.97452      3.97452
     -0.39000      2.74529      2.74529
     -0.38000      1.87696      1.87696
     -0.37000      4.97607      4.97607
     -0.36000      7.45716      7.45716
     -0.35000      4.16395      4.16395
     -0.34000      0.85561      0.85561
     -0.33000      0.06566      0.06566
     -0.32000      0.04267      0.04267
     -0.31000      0.62538      0.62538
     -0.30000      3.51997      3.51997
     -0.29000      7.28854      7.28854
     -0.28000      5.55513      5.55513
     -0.27000      1.65558      1.65558
     -0.26000      1.30332      1.30332
     -0.25000      4.82224      4.82224
     -0.24000      7.46606      7.46606
     -0.23000      4.25780      4.25780
     -0.22000      0.89783      0.89783
     -0.21000      0.17696      0.17696
     -0.20000      0.94101      0.94101
     -0.19000      3.00315      3.00315
     -0.18000      3.53798      3.53798
     -0.17000      1.66640      1.66640
     -0.16000      1.65131      1.65131
     -0.15000      5.32502      5.32502
     -0.14000      7.37023      7.37023
     -0.13000      3.76248      3.76248
     -0.12000      0.70663      0.70663
     -0.11000      0.04882      0.04882
     -0.10000      0.00124      0.00124
     -0.09000      0.00000      0.00000
     -0.08000      0.00000      0.00000
     -0.07000      0.00000      0.00000
     -0.06000      0.00000      0.00000
     -0.05000     -0.00000     -0.00000
     -0.04000     -0.00001     -0.00001
     -0.03000     -0.00032     -0.00032
     -0.02000     -0.00394     -0.00394
     -0.01000     -0.01748     -0.01748
      0.00000     -0.01877     -0.01877
      0.01000      0.23114      0.23114
      0.02000      2.26149      2.26149
      0.03000      7.89134      7.89134
      0.04000     10.68656     10.68656
      0.05000      5.72737      5.72737
      0.06000      1.52396      1.52396
      0.07000      1.86346      1.86346
      0.08000      3.64873      3.64873
      0.09000      2.79637      2.79637
      0.10000      1.18480      1.18480
      0.11000      2.84090      2.84090
      0.12000      6.87488      6.87488
      0.13000      6.29225      6.29225
      0.14000      2.11952      2.11952
      0.15000      0.26265      0.26265
      0.16000      0.01197      0.01197
      0.17000      0.00020      0.00020
      0.18000      0.00000      0.00000
      0.19000      0.00000      0.00000
      0.20000      0.00000      0.00000
      0.21000      0.00000      0.00000
      0.22000      0.00000      0.00000
      0.23000      0.00028      0.00028
      0.24000      0.01567      0.01567
      0.25000      0.31890      0.31890
      0.26000      2.39367      2.39367
      0.27000      6.74691      6.74691
      0.28000      8.01114      8.01114
      0.29000      6.56817      6.56817
      0.30000      6.24784      6.24784
      0.31000      4.82605      4.82605
      0.32000      2.00220      2.00220
      0.33000      0.49039      0.49039
      0.34000      1.67456      1.67456
      0.35000      7.82079      7.82079
      0.36000     15.87228     15.87228
      0.37000     14.46713     14.46713
      0.38000      6.05102      6.05102
      0.39000      2.74683      2.74683
      0.40000      5.91872      5.91872
      0.41000      7.36799      7.36799
      0.42000      4.06473      4.06473
      0.43000      1.77866      1.77866
      0.44000      0.71635      0.71635
      0.45000      0.14778      0.14778
      0.46000      0.21705      0.21705
      0.47000      1.83286      1.83286
      0.48000      6.07282      6.07282
      0.49000      8.17569      8.17569
      0.50000      6.28483      6.28483
      0.51000      3.93296      3.93296
      0.52000      1.39815      1.39815
      0.53000      0.20872      0.20872
      0.54000      0.19200      0.19200
      0.55000      1.68133      1.68133
      0.56000      5.73934      5.73934
      0.57000      7.20830      7.20830
      0.58000      3.33102      3.33102
      0.59000      0.59105      0.59105
      0.60000      0.47882      0.47882
      0.61000      2.90691      2.90691
      0.62000      7.18377      7.18377
      0.63000      8.22545      8.22545
      0.64000      9.91836      9.91836
      0.65000     13.46032     13.46032
      0.66000     10.12736     10.12736
      0.67000      3.44730      3.44730
      0.68000      0.48672      0.48672
      0.69000      0.07160      0.07160
      0.70000      0.53451      0.53451
      0.71000      2.33004      2.33004
      0.72000      3.75983      3.75983
      0.73000      2.52706      2.52706
      0.74000      2.26085      2.26085
      0.75000      3.69060      3.69060
      0.76000      2.75588      2.75588
      0.77000      0.76784      0.76784
      0.78000      0.18432      0.18432
      0.79000      1.19450      1.19450
      0.80000      4.91377      4.91377
      0.81000      7.45430      7.45430
      0.82000      4.16014      4.16014
      0.83000      0.85411      0.85411
      0.84000      0.06451      0.06451
      0.85000      0.00179      0.00179
      0.86000      0.00000      0.00000
      0.87000      0.00000      0.00000
      0.88000      0.00000      0.00000
      0.89000      0.00032      0.00032
      0.90000      0.01712      0.01712
      0.91000      0.34063      0.34063
      0.92000      2.51943      2.51943
      0.93000      7.17135      7.17135
      0.94000      8.87647      8.87647
      0.95000      6.12151      6.12151
      0.96000      2.53760      2.53760
      0.97000      0.50021      0.50021
      0.98000      0.03920      0.03920
      0.99000      0.00115      0.00115
      1.00000      0.00000      0.00000
      1.01000      0.00000      0.00000
      1.02000      0.00000      0.00000
      1.03000      0.00000      0.00000
      1.04000      0.00000      0.00000
      1.05000      0.00040      0.00040
      1.06000      0.01733      0.01733
      1.07000      0.27889      0.27889
      1.08000      1.65149      1.65149
      1.09000      3.59781      3.59781
      1.10000      2.89042      2.89042
      1.11000      1.02353      1.02353
      1.12000      1.67304      1.67304
      1.13000      5.46886      5.46886
      1.14000      7.18823      7.18823
      1.15000      3.60177      3.60177
      1.16000      0.76959      0.76959
      1.17000      1.11944      1.11944
      1.18000      5.19516      5.19516
      1.19000     10.07643     10.07643
      1.20000      8.25084      8.25084
      1.21000      2.95888      2.95888
      1.22000      0.46784      0.46784
      1.23000      0.25449      0.25449
      1.24000      1.92902      1.92902
      1.25000      6.06916      6.06916
      1.26000      7.02731      7.02731
      1.27000      2.99343      2.99343
      1.28000      0.47519      0.47519
      1.29000      0.16614      0.16614
      1.30000      1.24406      1.24406
      1.31000      4.82759      4.82759
      1.32000      9.16833      9.16833
      1.33000      8.58720      8.58720
      1.34000      3.53803      3.53803
      1.35000      0.57850      0.57850
      1.36000      0.03859      0.03859
      1.37000      0.07731      0.07731
      1.38000      0.75473      0.75473
      1.39000      2.73941      2.73941
      1.40000      3.65789      3.65789
      1.41000      1.79982      1.79982
      1.42000      0.40441      0.40441
      1.43000      0.79747      0.79747
      1.44000      2.81217      2.81217
      1.45000      4.26554      4.26554
      1.46000      5.26756      5.26756
      1.47000      7.63781      7.63781
      1.48000      6.10238      6.10238
      1.49000      3.84894      3.84894
      1.50000      3.91004      3.91004
      1.51000      2.45336      2.45336
      1.52000      2.23918      2.23918
      1.53000      5.86116      5.86116
      1.54000      7.17015      7.17015
      1.55000      3.25576      3.25576
      1.56000      0.69564      0.69564
      1.57000      1.20171      1.20171
      1.58000      3.25968      3.25968
      1.59000      3.38376      3.38376
      1.60000      1.94238      1.94238
      1.61000      4.36496      4.36496
      1.62000      9.95257      9.95257
      1.63000      9.27564      9.27564
      1.64000      3.44823      3.44823
      1.65000      0.51237      0.51237
      1.66000      0.03014      0.03014
      1.67000      0.00069      0.00069
      1.68000      0.00005      0.00005
      1.69000      0.00480      0.00480
      1.70000      0.14560      0.14560
      1.71000      1.64926      1.64926
      1.72000      7.03490      7.03490
      1.73000     11.73150     11.73150
      1.74000      9.18364      9.18364
      1.75000      5.20913      5.20913
      1.76000      2.11673      2.11673
      1.77000      0.43098      0.43098
      1.78000      0.59029      0.59029
      1.79000      3.31720      3.31720
      1.80000      7.20175      7.20175
      1.81000      5.75322      5.75322
      1.82000      1.69309      1.69309
      1.83000      0.24849      0.24849
      1.84000      0.69144      0.69144
      1.85000      2.62131      2.62131
      1.86000      3.69438      3.69438
      1.87000      1.91552      1.91552
      1.88000      0.36537      0.36537
      1.89000      0.02564      0.02564
      1.90000      0.00066      0.00066
      1.91000      0.00000      0.00000
      1.92000      0.00000      0.00000
      1.93000      0.00000      0.00000
      1.94000      0.00000      0.00000
      1.95000      0.00048      0.00048
      1.96000      0.02368      0.02368
      1.97000      0.42727      0.42727
      1.98000      2.83601      2.83601
      1.99000      6.92498      6.92498
      2.00000      6.22062      6.22062
      2.01000      2.05568      2.05568
      2.02000      0.24991      0.24991
      2.03000      0.01118      0.01118
      2.04000      0.00018      0.00018
      2.05000      0.00000      0.00000
      2.06000      0.00000      0.00000
      2.07000      0.00000      0.00000
      2.08000      0.00000      0.00000
      2.09000      0.00000      0.00000
      2.10000      0.00000      0.00000
      2.11000      0.00057      0.00057
      2.12000      0.02691      0.02691
      2.13000      0.46744      0.46744
      2.14000      2.98738      2.98738
      2.15000      7.02365      7.02365
      2.16000      6.07493      6.07493
      2.17000      1.93322      1.93322
      2.18000      0.24204      0.24204
      2.19000      0.36838      0.36838
      2.20000      2.99953      2.99953
      2.21000      9.23115      9.23115
      2.22000     10.45517     10.45517
      2.23000      4.35798      4.35798
      2.24000      0.68124      0.68124
      2.25000      0.26377      0.26377
      2.26000      1.46599      1.46599
      2.27000      3.49390      3.49390
      2.28000      3.06498      3.06498
      2.29000      0.98912      0.98912
      2.30000      0.11743      0.11743
      2.31000      0.00513      0.00513
      2.32000      0.00010      0.00010
      2.33000      0.00169      0.00169
      2.34000      0.05184      0.05184
      2.35000      0.58609      0.58609
      2.36000      2.43761      2.43761
      2.37000      3.72966      3.72966
      2.38000      2.09975      2.09975
      2.39000      0.45282      0.45282
      2.40000      0.32075      0.32075
      2.41000      1.68550      1.68550
      2.42000      3.74698      3.74698
      2.43000      4.43016      4.43016
      2.44000      7.66966      7.66966
      2.45000     11.21408     11.21408
      2.46000      6.77455      6.77455
      2.47000      1.53930      1.53930
      2.48000      0.13698      0.13698
      2.49000      0.18177      0.18177
      2.50000      1.83895      1.83895
      2.51000      7.30653      7.30653
      2.52000     11.42856     11.42856
      2.53000      8.41623      8.41623
      2.54000      5.10777      5.10777
      2.55000      2.56589      2.56589
      2.56000      0.59714      0.59714
      2.57000      0.05298      0.05298
      2.58000      0.00789      0.00789
      2.59000      0.16282      0.16282
      2.60000      1.67886      1.67886
