Energy-E_F (eV)    DOS (1/eV)    PDOS (1/eV)  of atom type W  
     -4.99000      0.00000      0.00000
     -4.98000      0.00024      0.00024
     -4.97000      0.01183      0.01183
     -4.96000      0.21414      0.21414
     -4.95000      1.43906      1.43906
     -4.94000      3.69149      3.69149
     -4.93000      3.98807      3.98807
     -4.92000      2.25943      2.25943
     -4.91000      0.76066      0.76066
     -4.90000      0.12633      0.12633
     -4.89000      0.00972      0.00972
     -4.88000      0.04021      0.04021
     -4.87000      0.49346      0.49346
     -4.86000      2.24178      2.24178
     -4.85000      3.81070      3.81070
     -4.84000      3.20757      3.20757
     -4.83000      4.81856      4.81856
     -4.82000      7.51306      7.51306
     -4.81000      4.77577      4.77577
     -4.80000      1.12265      1.12265
     -4.79000      0.09711      0.09711
     -4.78000      0.00309      0.00309
     -4.77000      0.00005      0.00005
     -4.76000      0.00158      0.00158
     -4.75000      0.04934      0.04934
     -4.74000      0.56761      0.56761
     -4.73000      2.41443      2.41443
     -4.72000      3.98671      3.98671
     -4.71000      3.75617      3.75617
     -4.70000      4.69433      4.69433
     -4.69000      6.00785      6.00785
     -4.68000      6.66857      6.66857
     -4.67000      6.13143      6.13143
     -4.66000      4.80573      4.80573
     -4.65000      4.34614      4.34614
     -4.64000      2.69469      2.69469
     -4.63000      0.85637      0.85637
     -4.62000      1.28892      1.28892
     -4.61000      3.31051      3.31051
     -4.60000      3.29304      3.29304
     -4.59000      1.20648      1.20648
     -4.58000      0.18611      0.18611
     -4.57000      0.35382      0.35382
     -4.56000      1.85956      1.85956
     -4.55000      3.67849      3.67849
     -4.54000      2.67713      2.67713
     -4.53000      0.71684      0.71684
     -4.52000      0.07507      0.07507
     -4.51000      0.09765      0.09765
     -4.50000      0.74312      0.74312
     -4.49000      2.13629      2.13629
     -4.48000      2.25935      2.25935
     -4.47000      0.87909      0.87909
     -4.46000      0.12828      0.12828
     -4.45000      0.05747      0.05747
     -4.44000      0.38712      0.38712
     -4.43000      1.08356      1.08356
     -4.42000      1.11627      1.11627
     -4.41000      0.43084      0.43084
     -4.40000      0.21936      0.21936
     -4.39000      1.19972      1.19972
     -4.38000      3.28460      3.28460
     -4.37000      3.31645      3.31645
     -4.36000      1.23190      1.23190
     -4.35000      0.16834      0.16834
     -4.34000      0.00846      0.00846
     -4.33000      0.00016      0.00016
     -4.32000      0.00000      0.00000
     -4.31000      0.00000      0.00000
     -4.30000      0.00000      0.00000
     -4.29000      0.00000      0.00000
     -4.28000      0.00000      0.00000
     -4.27000      0.00000      0.00000
     -4.26000      0.00000      0.00000
     -4.25000      0.00000      0.00000
     -4.24000      0.00000      0.00000
     -4.23000      0.00000      0.00000
     -4.22000      0.00000      0.00000
     -4.21000      0.00000      0.00000
     -4.20000      0.00000      0.00000
     -4.19000      0.00000      0.00000
     -4.18000      0.00000      0.00000
     -4.17000      0.00000      0.00000
     -4.16000      0.00000      0.00000
     -4.15000      0.00031      0.00031
     -4.14000      0.01428      0.01428
     -4.13000      0.24376      0.24376
     -4.12000      1.53019      1.53019
     -4.11000      3.53597      3.53597
     -4.10000      3.06741      3.06741
     -4.09000      1.62008      1.62008
     -4.08000      2.72498      2.72498
     -4.07000      3.70001      3.70001
     -4.06000      1.91971      1.91971
     -4.05000      0.36684      0.36684
     -4.04000      0.02579      0.02579
     -4.03000      0.00067      0.00067
     -4.02000      0.00000      0.00000
     -4.01000      0.00000      0.00000
     -4.00000      0.00000      0.00000
     -3.99000      0.00000      0.00000
     -3.98000      0.00216      0.00216
     -3.97000      0.07494      0.07494
     -3.96000      0.96364      0.96364
     -3.95000      4.62754      4.62754
     -3.94000      8.41272      8.41272
     -3.93000      5.92363      5.92363
     -3.92000      1.66737      1.66737
     -3.91000      0.19343      0.19343
     -3.90000      0.00935      0.00935
     -3.89000      0.00019      0.00019
     -3.88000      0.00000      0.00000
     -3.87000      0.00000      0.00000
     -3.86000      0.00000      0.00000
     -3.85000      0.00000      0.00000
     -3.84000      0.00000      0.00000
     -3.83000      0.00000      0.00000
     -3.82000      0.00000      0.00000
     -3.81000      0.00000      0.00000
     -3.80000      0.00000      0.00000
     -3.79000      0.00000      0.00000
     -3.78000      0.00000      0.00000
     -3.77000      0.00000      0.00000
     -3.76000      0.00038      0.00038
     -3.75000      0.01662      0.01662
     -3.74000      0.27136      0.27136
     -3.73000      1.64275      1.64275
     -3.72000      3.87529      3.87529
     -3.71000      4.72490      4.72490
     -3.70000      5.61894      5.61894
     -3.69000      6.20711      6.20711
     -3.68000      4.36070      4.36070
     -3.67000      2.54930      2.54930
     -3.66000      3.49392      3.49392
     -3.65000      3.90714      3.90714
     -3.64000      3.65798      3.65798
     -3.63000      4.20212      4.20212
     -3.62000      3.86006      3.86006
     -3.61000      4.07560      4.07560
     -3.60000      2.87474      2.87474
     -3.59000      0.82090      0.82090
     -3.58000      0.10255      0.10255
     -3.57000      0.26176      0.26176
     -3.56000      1.58181      1.58181
     -3.55000      3.56249      3.56249
     -3.54000      2.95170      2.95170
     -3.53000      0.89970      0.89970
     -3.52000      0.10096      0.10096
     -3.51000      0.00866      0.00866
     -3.50000      0.10048      0.10048
     -3.49000      0.91607      0.91607
     -3.48000      4.20260      4.20260
     -3.47000     11.39633     11.39633
     -3.46000     15.97536     15.97536
     -3.45000     10.22248     10.22248
     -3.44000      4.40973      4.40973
     -3.43000      2.11479      2.11479
     -3.42000      0.59022      0.59022
     -3.41000      0.06480      0.06480
     -3.40000      0.00893      0.00893
     -3.39000      0.16463      0.16463
     -3.38000      1.58170      1.58170
     -3.37000      5.59186      5.59186
     -3.36000      7.27366      7.27366
     -3.35000      3.51389      3.51389
     -3.34000      1.05760      1.05760
     -3.33000      2.20280      2.20280
     -3.32000      4.48394      4.48394
     -3.31000      7.63973      7.63973
     -3.30000     14.04372     14.04372
     -3.29000     12.91334     12.91334
     -3.28000      4.75271      4.75271
     -3.27000      2.00438      2.00438
     -3.26000      3.48714      3.48714
     -3.25000      3.14949      3.14949
     -3.24000      1.45702      1.45702
     -3.23000      2.19637      2.19637
     -3.22000      3.73191      3.73191
     -3.21000      2.48720      2.48720
     -3.20000      0.91314      0.91314
     -3.19000      1.81457      1.81457
     -3.18000      3.70186      3.70186
     -3.17000      3.39563      3.39563
     -3.16000      3.27964      3.27964
     -3.15000      3.80065      3.80065
     -3.14000      2.03894      2.03894
     -3.13000      0.40990      0.40990
     -3.12000      0.03035      0.03035
     -3.11000      0.00083      0.00083
     -3.10000      0.00000      0.00000
     -3.09000      0.00000      0.00000
     -3.08000      0.00000      0.00000
     -3.07000      0.00000      0.00000
     -3.06000      0.00000      0.00000
     -3.05000      0.00100      0.00100
     -3.04000      0.04134      0.04134
     -3.03000      0.63051      0.63051
     -3.02000      3.54538      3.54538
     -3.01000      7.46510      7.46510
     -3.00000      6.58638      6.58638
     -2.99000      3.91845      3.91845
     -2.98000      2.13160      2.13160
     -2.97000      0.61353      0.61353
     -2.96000      0.14080      0.14080
     -2.95000      0.48556      0.48556
     -2.94000      1.25987      1.25987
     -2.93000      1.93655      1.93655
     -2.92000      3.33954      3.33954
     -2.91000      4.12837      4.12837
     -2.90000      3.89510      3.89510
     -2.89000      3.99739      3.99739
     -2.88000      2.27742      2.27742
     -2.87000      0.93244      0.93244
     -2.86000      1.77378      1.77378
     -2.85000      2.54371      2.54371
     -2.84000      2.05874      2.05874
     -2.83000      3.29005      3.29005
     -2.82000      5.69180      5.69180
     -2.81000      7.19202      7.19202
     -2.80000      6.81344      6.81344
     -2.79000      3.67914      3.67914
     -2.78000      1.74072      1.74072
     -2.77000      4.43250      4.43250
     -2.76000      8.59960      8.59960
     -2.75000      8.09886      8.09886
     -2.74000      4.54022      4.54022
     -2.73000      1.39796      1.39796
     -2.72000      0.18631      0.18631
     -2.71000      0.00955      0.00955
     -2.70000      0.00018      0.00018
     -2.69000      0.00000      0.00000
     -2.68000      0.00000      0.00000
     -2.67000      0.00000      0.00000
     -2.66000      0.00000      0.00000
     -2.65000      0.00004      0.00004
     -2.64000      0.00316      0.00316
     -2.63000      0.09878      0.09878
     -2.62000      1.13534      1.13534
     -2.61000      4.80064      4.80064
     -2.60000      7.46762      7.46762
     -2.59000      4.27871      4.27871
     -2.58000      1.01066      1.01066
     -2.57000      0.93478      0.93478
     -2.56000      2.97132      2.97132
     -2.55000      6.12921      6.12921
     -2.54000      8.21313      8.21313
     -2.53000      5.25404      5.25404
     -2.52000      1.32354      1.32354
     -2.51000      0.12470      0.12470
     -2.50000      0.00906      0.00906
     -2.49000      0.11067      0.11067
     -2.48000      0.95306      0.95306
     -2.47000      3.02079      3.02079
     -2.46000      3.52228      3.52228
     -2.45000      1.51089      1.51089
     -2.44000      0.23842      0.23842
     -2.43000      0.01384      0.01384
     -2.42000      0.00030      0.00030
     -2.41000      0.00000      0.00000
     -2.40000      0.00073      0.00073
     -2.39000      0.02770      0.02770
     -2.38000      0.38515      0.38515
     -2.37000      1.97081      1.97081
     -2.36000      3.73214      3.73214
     -2.35000      2.92205      2.92205
     -2.34000      2.54310      2.54310
     -2.33000      3.81306      3.81306
     -2.32000      3.33242      3.33242
     -2.31000      3.32704      3.32704
     -2.30000      4.02044      4.02044
     -2.29000      4.01853      4.01853
     -2.28000      6.77086      6.77086
     -2.27000      8.06307      8.06307
     -2.26000      6.15304      6.15304
     -2.25000      5.17005      5.17005
     -2.24000      6.98692      6.98692
     -2.23000     10.49278     10.49278
     -2.22000     10.84142     10.84142
     -2.21000      6.88543      6.88543
     -2.20000      2.04384      2.04384
     -2.19000      0.23879      0.23879
     -2.18000      0.01079      0.01079
     -2.17000      0.01698      0.01698
     -2.16000      0.27308      0.27308
     -2.15000      1.63208      1.63208
     -2.14000      3.58832      3.58832
     -2.13000      2.90233      2.90233
     -2.12000      0.86359      0.86359
     -2.11000      0.09453      0.09453
     -2.10000      0.00381      0.00381
     -2.09000      0.00019      0.00019
     -2.08000      0.00745      0.00745
     -2.07000      0.15372      0.15372
     -2.06000      1.16643      1.16643
     -2.05000      3.25596      3.25596
     -2.04000      3.34352      3.34352
     -2.03000      1.26318      1.26318
     -2.02000      0.18166      0.18166
     -2.01000      0.17474      0.17474
     -2.00000      1.69310      1.69310
     -1.99000      6.68808      6.68808
     -1.98000     10.80542     10.80542
     -1.97000      8.58738      8.58738
     -1.96000      5.53897      5.53897
     -1.95000      3.08097      3.08097
     -1.94000      0.84346      0.84346
     -1.93000      0.15763      0.15763
     -1.92000      0.92102      0.92102
     -1.91000      4.57339      4.57339
     -1.90000      8.53204      8.53204
     -1.89000      6.03400      6.03400
     -1.88000      2.03059      2.03059
     -1.87000      2.23447      2.23447
     -1.86000      3.73217      3.73217
     -1.85000      2.46842      2.46842
     -1.84000      0.61180      0.61180
     -1.83000      0.24779      0.24779
     -1.82000      1.36152      1.36152
     -1.81000      3.73667      3.73667
     -1.80000      5.01396      5.01396
     -1.79000      4.91714      4.91714
     -1.78000      4.36440      4.36440
     -1.77000      6.22636      6.22636
     -1.76000      7.38940      7.38940
     -1.75000      3.59485      3.59485
     -1.74000      0.64894      0.64894
     -1.73000      0.04312      0.04312
     -1.72000      0.00105      0.00105
     -1.71000      0.00053      0.00053
     -1.70000      0.02158      0.02158
     -1.69000      0.32460      0.32460
     -1.68000      1.79650      1.79650
     -1.67000      3.65774      3.65774
     -1.66000      2.73971      2.73971
     -1.65000      0.75492      0.75492
     -1.64000      0.07653      0.07653
     -1.63000      0.00285      0.00285
     -1.62000      0.00004      0.00004
     -1.61000      0.00109      0.00109
     -1.60000      0.04428      0.04428
     -1.59000      0.66107      0.66107
     -1.58000      3.63781      3.63781
     -1.57000      7.49187      7.49187
     -1.56000      6.47052      6.47052
     -1.55000      3.84737      3.84737
     -1.54000      2.14524      2.14524
     -1.53000      0.62662      0.62662
     -1.52000      0.07652      0.07652
     -1.51000      0.12420      0.12420
     -1.50000      1.00873      1.00873
     -1.49000      3.08815      3.08815
     -1.48000      3.47815      3.47815
     -1.47000      1.44113      1.44113
     -1.46000      0.21967      0.21967
     -1.45000      0.01232      0.01232
     -1.44000      0.00025      0.00025
     -1.43000      0.00000      0.00000
     -1.42000      0.00000      0.00000
     -1.41000      0.00000      0.00000
     -1.40000      0.00009      0.00009
     -1.39000      0.00633      0.00633
     -1.38000      0.16510      0.16510
     -1.37000      1.58487      1.58487
     -1.36000      5.59671      5.59671
     -1.35000      7.27073      7.27073
     -1.34000      3.47479      3.47479
     -1.33000      0.61092      0.61092
     -1.32000      0.03951      0.03951
     -1.31000      0.00094      0.00094
     -1.30000      0.00000      0.00000
     -1.29000      0.00000      0.00000
     -1.28000      0.00000      0.00000
     -1.27000      0.00000      0.00000
     -1.26000      0.00000      0.00000
     -1.25000      0.00000      0.00000
     -1.24000      0.00000      0.00000
     -1.23000      0.00000      0.00000
     -1.22000      0.00000      0.00000
     -1.21000      0.00000      0.00000
     -1.20000      0.00000      0.00000
     -1.19000      0.00000      0.00000
     -1.18000      0.00000      0.00000
     -1.17000      0.00000      0.00000
     -1.16000      0.00000      0.00000
     -1.15000      0.00000      0.00000
     -1.14000      0.00042      0.00042
     -1.13000      0.01452      0.01452
     -1.12000      0.19113      0.19113
     -1.11000      1.07936      1.07936
     -1.10000      3.03055      3.03055
     -1.09000      4.40661      4.40661
     -1.08000      2.91976      2.91976
     -1.07000      0.77650      0.77650
     -1.06000      0.07819      0.07819
     -1.05000      0.00292      0.00292
     -1.04000      0.00004      0.00004
     -1.03000      0.00000      0.00000
     -1.02000      0.00000      0.00000
     -1.01000      0.00000      0.00000
     -1.00000      0.00000      0.00000
     -0.99000      0.00000      0.00000
     -0.98000      0.00000      0.00000
     -0.97000      0.00005      0.00005
     -0.96000      0.00321      0.00321
     -0.95000      0.08342      0.08342
     -0.94000      0.79771      0.79771
     -0.93000      2.80641      2.80641
     -0.92000      3.63355      3.63355
     -0.91000      1.77635      1.77635
     -0.90000      0.85279      0.85279
     -0.89000      2.38292      2.38292
     -0.88000      3.73727      3.73727
     -0.87000      2.17354      2.17354
     -0.86000      0.46509      0.46509
     -0.85000      0.03661      0.03661
     -0.84000      0.00106      0.00106
     -0.83000      0.00000      0.00000
     -0.82000      0.00000      0.00000
     -0.81000      0.00000      0.00000
     -0.80000      0.00000      0.00000
     -0.79000      0.00000      0.00000
     -0.78000      0.00000      0.00000
     -0.77000      0.00000      0.00000
     -0.76000      0.00000      0.00000
     -0.75000      0.00005      0.00005
     -0.74000      0.00371      0.00371
     -0.73000      0.09271      0.09271
     -0.72000      0.85304      0.85304
     -0.71000      2.88748      2.88748
     -0.70000      3.59564      3.59564
     -0.69000      1.64717      1.64717
     -0.68000      0.27759      0.27759
     -0.67000      0.01721      0.01721
     -0.66000      0.00039      0.00039
     -0.65000      0.00000      0.00000
     -0.64000      0.00000      0.00000
     -0.63000      0.00000      0.00000
     -0.62000      0.00000      0.00000
     -0.61000      0.00065      0.00065
     -0.60000      0.02525      0.02525
     -0.59000      0.36156      0.36156
     -0.58000      1.90477      1.90477
     -0.57000      3.69152      3.69152
     -0.56000      2.63192      2.63192
     -0.55000      0.69031      0.69031
     -0.54000      0.06661      0.06661
     -0.53000      0.00236      0.00236
     -0.52000      0.00003      0.00003
     -0.51000      0.00000      0.00000
     -0.50000      0.00000      0.00000
     -0.49000      0.00000      0.00000
     -0.48000      0.00000      0.00000
     -0.47000      0.00000      0.00000
     -0.46000      0.00000      0.00000
     -0.45000      0.00000      0.00000
     -0.44000      0.00000      0.00000
     -0.43000      0.00000      0.00000
     -0.42000      0.00000      0.00000
     -0.41000      0.00000      0.00000
     -0.40000      0.00000      0.00000
     -0.39000      0.00000      0.00000
     -0.38000      0.00000      0.00000
     -0.37000      0.00000      0.00000
     -0.36000      0.00000      0.00000
     -0.35000      0.00000      0.00000
     -0.34000      0.00000      0.00000
     -0.33000      0.00000      0.00000
     -0.32000      0.00079      0.00079
     -0.31000      0.02923      0.02923
     -0.30000      0.39954      0.39954
     -0.29000      2.00877      2.00877
     -0.28000      3.71545      3.71545
     -0.27000      2.52811      2.52811
     -0.26000      0.63283      0.63283
     -0.25000      0.05828      0.05828
     -0.24000      0.00206      0.00206
     -0.23000      0.00509      0.00509
     -0.22000      0.11642      0.11642
     -0.21000      0.98442      0.98442
     -0.20000      3.08367      3.08367
     -0.19000      3.91421      3.91421
     -0.18000      4.12628      4.12628
     -0.17000      6.79380      6.79380
     -0.16000      6.34881      6.34881
     -0.15000      2.38468      2.38468
     -0.14000      0.34770      0.34770
     -0.13000      0.01945      0.01945
     -0.12000      0.00065      0.00065
     -0.11000      0.01153      0.01153
     -0.10000      0.20961      0.20961
     -0.09000      1.40278      1.40278
     -0.08000      3.46954      3.46954
     -0.07000      3.41095      3.41095
     -0.06000      2.71496      2.71496
     -0.05000      3.73571      3.73571
     -0.04000      2.86684      2.86684
     -0.03000      0.83470      0.83470
     -0.02000      0.08957      0.08957
     -0.01000      0.00354      0.00354
      0.00000      0.00005      0.00005
      0.01000      0.00000      0.00000
      0.02000      0.00000      0.00000
      0.03000      0.00000      0.00000
      0.04000      0.00000      0.00000
      0.05000      0.00000      0.00000
      0.06000      0.00000      0.00000
      0.07000      0.00000      0.00000
      0.08000      0.00000      0.00000
      0.09000      0.00000      0.00000
      0.10000      0.00026      0.00026
      0.11000      0.01237      0.01237
      0.12000      0.22027      0.22027
      0.13000      1.44344      1.44344
      0.14000      3.47968      3.47968
      0.15000      3.08680      3.08680
      0.16000      1.03826      1.03826
      0.17000      0.54084      0.54084
      0.18000      2.06745      2.06745
      0.19000      3.72464      3.72464
      0.20000      2.47481      2.47481
      0.21000      0.60494      0.60494
      0.22000      0.05447      0.05447
      0.23000      0.00706      0.00706
      0.24000      0.14419      0.14419
      0.25000      1.45290      1.45290
      0.26000      5.38661      5.38661
      0.27000      7.34686      7.34686
      0.28000      3.68632      3.68632
      0.29000      0.68071      0.68071
      0.30000      0.05897      0.05897
      0.31000      0.22643      0.22643
      0.32000      1.46234      1.46234
      0.33000      3.49205      3.49205
      0.34000      3.06775      3.06775
      0.35000      0.99256      0.99256
      0.36000      0.16305      0.16305
      0.37000      0.67513      0.67513
      0.38000      3.65544      3.65544
      0.39000      7.33683      7.33683
      0.40000      5.41919      5.41919
      0.41000      1.53529      1.53529
      0.42000      0.99397      0.99397
      0.43000      4.14726      4.14726
      0.44000      7.45179      7.45179
      0.45000      4.93200      4.93200
      0.46000      1.20087      1.20087
      0.47000      0.10757      0.10757
      0.48000      0.00354      0.00354
      0.49000      0.00004      0.00004
      0.50000      0.00000      0.00000
      0.51000      0.00000      0.00000
      0.52000      0.00000      0.00000
      0.53000      0.00000      0.00000
      0.54000      0.00000      0.00000
      0.55000      0.00000      0.00000
      0.56000      0.00000      0.00000
      0.57000      0.00000      0.00000
      0.58000      0.00000      0.00000
      0.59000      0.00000      0.00000
      0.60000      0.00000      0.00000
      0.61000      0.00000      0.00000
      0.62000      0.00000      0.00000
      0.63000      0.00000      0.00000
      0.64000      0.00000      0.00000
      0.65000      0.00000      0.00000
      0.66000      0.00000      0.00000
      0.67000      0.00000      0.00000
      0.68000      0.00000      0.00000
      0.69000      0.00000      0.00000
      0.70000      0.00000      0.00000
      0.71000      0.00000      0.00000
      0.72000      0.00000      0.00000
      0.73000      0.00000      0.00000
      0.74000      0.00000      0.00000
      0.75000      0.00000      0.00000
      0.76000      0.00000      0.00000
      0.77000      0.00206      0.00206
      0.78000      0.07177      0.07177
      0.79000      0.91774      0.91774
      0.80000      4.31726      4.31726
      0.81000      7.47139      7.47139
      0.82000      4.75674      4.75674
      0.83000      1.12156      1.12156
      0.84000      0.30176      0.30176
      0.85000      2.09403      2.09403
      0.86000      7.88569      7.88569
      0.87000     11.04562     11.04562
      0.88000      5.96167      5.96167
      0.89000      2.61251      2.61251
      0.90000      3.60145      3.60145
      0.91000      3.02151      3.02151
      0.92000      0.95199      0.95199
      0.93000      0.11042      0.11042
      0.94000      0.00471      0.00471
      0.95000      0.00037      0.00037
      0.96000      0.01375      0.01375
      0.97000      0.23732      0.23732
      0.98000      1.50692      1.50692
      0.99000      3.52279      3.52279
      1.00000      3.10258      3.10258
      1.01000      1.71978      1.71978
      1.02000      2.86472      2.86472
      1.03000      3.65749      3.65749
      1.04000      1.78267      1.78267
      1.05000      0.32003      0.32003
      1.06000      0.02114      0.02114
      1.07000      0.00051      0.00051
      1.08000      0.00000      0.00000
      1.09000      0.00000      0.00000
      1.10000      0.00000      0.00000
      1.11000      0.00000      0.00000
      1.12000      0.00000      0.00000
      1.13000      0.00009      0.00009
      1.14000      0.00545      0.00545
      1.15000      0.12268      0.12268
      1.16000      1.01628      1.01628
      1.17000      3.09700      3.09700
      1.18000      3.47197      3.47197
      1.19000      1.43191      1.43191
      1.20000      0.21725      0.21725
      1.21000      0.01213      0.01213
      1.22000      0.00025      0.00025
      1.23000      0.00000      0.00000
      1.24000      0.00000      0.00000
      1.25000      0.00000      0.00000
      1.26000      0.00022      0.00022
      1.27000      0.01106      0.01106
      1.28000      0.20356      0.20356
      1.29000      1.37855      1.37855
      1.30000      3.43455      3.43455
      1.31000      3.14808      3.14808
      1.32000      1.07212      1.07212
      1.33000      0.35492      0.35492
      1.34000      1.79593      1.79593
      1.35000      5.61291      5.61291
      1.36000      6.96616      6.96616
      1.37000      3.43586      3.43586
      1.38000      0.75266      0.75266
      1.39000      0.58387      0.58387
      1.40000      1.24281      1.24281
      1.41000      1.68905      1.68905
      1.42000      4.31854      4.31854
      1.43000      9.56283      9.56283
      1.44000      9.42450      9.42450
      1.45000      3.96307      3.96307
      1.46000      2.34750      2.34750
      1.47000      5.88168      5.88168
      1.48000      7.15610      7.15610
      1.49000      3.22158      3.22158
      1.50000      0.53360      0.53360
      1.51000      0.03251      0.03251
      1.52000      0.00150      0.00150
      1.53000      0.03578      0.03578
      1.54000      0.62679      0.62679
      1.55000      4.16061      4.16061
      1.56000     10.72793     10.72793
      1.57000     11.82357     11.82357
      1.58000      7.02232      7.02232
      1.59000      2.58560      2.58560
      1.60000      0.47955      0.47955
      1.61000      0.04613      0.04613
      1.62000      0.18919      0.18919
      1.63000      1.31693      1.31693
      1.64000      3.41413      3.41413
      1.65000      3.58481      3.58481
      1.66000      3.06788      3.06788
      1.67000      3.84628      3.84628
      1.68000      2.59245      2.59245
      1.69000      0.66430      0.66430
      1.70000      0.06276      0.06276
      1.71000      0.00324      0.00324
      1.72000      0.04325      0.04325
      1.73000      0.64993      0.64993
      1.74000      3.59522      3.59522
      1.75000      7.31650      7.31650
      1.76000      5.48742      5.48742
      1.77000      1.67898      1.67898
      1.78000      1.20131      1.20131
      1.79000      2.37744      2.37744
      1.80000      1.97378      1.97378
      1.81000      0.60423      0.60423
      1.82000      0.06805      0.06805
      1.83000      0.00282      0.00282
      1.84000      0.00006      0.00006
      1.85000      0.00155      0.00155
      1.86000      0.04869      0.04869
      1.87000      0.56235      0.56235
      1.88000      2.38940      2.38940
      1.89000      3.73686      3.73686
      1.90000      2.20238      2.20238
      1.91000      0.98122      0.98122
      1.92000      1.90250      1.90250
      1.93000      2.51910      2.51910
      1.94000      2.01882      2.01882
      1.95000      3.09933      3.09933
      1.96000      3.60520      3.60520
      1.97000      1.63986      1.63986
      1.98000      0.27531      0.27531
      1.99000      0.01701      0.01701
      2.00000      0.00041      0.00041
      2.01000      0.00271      0.00271
      2.02000      0.08574      0.08574
      2.03000      1.01315      1.01315
      2.04000      4.47858      4.47858
      2.05000      7.41252      7.41252
      2.06000      4.59506      4.59506
      2.07000      1.06656      1.06656
      2.08000      0.09261      0.09261
      2.09000      0.00300      0.00300
      2.10000      0.00003      0.00003
      2.11000      0.00000      0.00000
      2.12000      0.00000      0.00000
      2.13000      0.00000      0.00000
      2.14000      0.00000      0.00000
      2.15000      0.00000      0.00000
      2.16000      0.00030      0.00030
      2.17000      0.01509      0.01509
      2.18000      0.27615      0.27615
      2.19000      1.97044      1.97044
      2.20000      5.71046      5.71046
      2.21000      7.34844      7.34844
      2.22000      5.83258      5.83258
      2.23000      4.40569      4.40569
      2.24000      2.11774      2.11774
      2.25000      0.52536      0.52536
      2.26000      0.95395      0.95395
      2.27000      2.98295      2.98295
      2.28000      3.55478      3.55478
      2.29000      1.73058      1.73058
      2.30000      1.53054      1.53054
      2.31000      3.37334      3.37334
      2.32000      3.23977      3.23977
      2.33000      1.15114      1.15114
      2.34000      0.20214      0.20214
      2.35000      0.59519      0.59519
      2.36000      2.44158      2.44158
      2.37000      3.73277      3.73277
      2.38000      2.17645      2.17645
      2.39000      1.10940      1.10940
      2.40000      2.18041      2.18041
      2.41000      3.14698      3.14698
      2.42000      3.81119      3.81119
      2.43000      3.75922      3.75922
      2.44000      1.69278      1.69278
      2.45000      0.29817      0.29817
      2.46000      0.19555      0.19555
      2.47000      1.27198      1.27198
      2.48000      3.37882      3.37882
      2.49000      3.59820      3.59820
      2.50000      2.76269      2.76269
      2.51000      3.38535      3.38535
      2.52000      4.63630      4.63630
      2.53000      6.99070      6.99070
      2.54000      8.91221      8.91221
      2.55000      6.42900      6.42900
      2.56000      1.97324      1.97324
      2.57000      0.51953      0.51953
      2.58000      2.61838      2.61838
      2.59000      8.66626      8.66626
      2.60000     10.72653     10.72653
      2.61000      5.17683      5.17683
      2.62000      2.37959      2.37959
      2.63000      3.58953      3.58953
      2.64000      3.00053      3.00053
      2.65000      0.93604      0.93604
      2.66000      0.10754      0.10754
      2.67000      0.00904      0.00904
      2.68000      0.10689      0.10689
      2.69000      0.93252      0.93252
      2.70000      2.99478      2.99478
      2.71000      3.54187      3.54187
      2.72000      1.63276      1.63276
      2.73000      1.11249      1.11249
      2.74000      2.92103      2.92103
      2.75000      3.58665      3.58665
      2.76000      1.63521      1.63521
      2.77000      0.42543      0.42543
      2.78000      1.19315      1.19315
      2.79000      3.52936      3.52936
      2.80000      5.92798      5.92798
      2.81000     11.09109     11.09109
      2.82000     16.39242     16.39242
      2.83000     13.26597     13.26597
      2.84000      7.93730      7.93730
      2.85000      6.64656      6.64656
      2.86000      6.04675      6.04675
      2.87000      5.64697      5.64697
      2.88000      8.47824      8.47824
      2.89000     10.53481     10.53481
      2.90000      8.04678      8.04678
      2.91000      5.41871      5.41871
      2.92000      4.62550      4.62550
      2.93000      6.82940      6.82940
      2.94000      7.73234      7.73234
      2.95000      3.99020      3.99020
      2.96000      0.82909      0.82909
      2.97000      0.06616      0.06616
      2.98000      0.00198      0.00198
      2.99000      0.00047      0.00047
      3.00000      0.01731      0.01731
      3.01000      0.24571      0.24571
      3.02000      1.28298      1.28298
      3.03000      2.46446      2.46446
      3.04000      1.74152      1.74152
      3.05000      0.45332      0.45332
      3.06000      0.07066      0.07066
      3.07000      0.47451      0.47451
      3.08000      3.00792      3.00792
      3.09000      7.04581      7.04581
      3.10000      6.24518      6.24518
      3.11000      3.33347      3.33347
      3.12000      4.58687      4.58687
      3.13000      6.66141      6.66141
      3.14000      5.90312      5.90312
      3.15000      2.85126      2.85126
      3.16000      1.72794      1.72794
      3.17000      4.95613      4.95613
      3.18000      8.03298      8.03298
      3.19000      8.11965      8.11965
      3.20000     11.08601     11.08601
      3.21000     10.97854     10.97854
      3.22000      6.81467      6.81467
      3.23000      3.69731      3.69731
      3.24000      1.16879      1.16879
      3.25000      0.14969      0.14969
      3.26000      0.00715      0.00715
      3.27000      0.00013      0.00013
      3.28000      0.00000      0.00000
      3.29000      0.00000      0.00000
      3.30000      0.00000      0.00000
      3.31000      0.00000      0.00000
      3.32000      0.00000      0.00000
      3.33000      0.00000      0.00000
      3.34000      0.00000      0.00000
      3.35000      0.00008      0.00008
      3.36000      0.00479      0.00479
      3.37000      0.11174      0.11174
      3.38000      0.95909      0.95909
      3.39000      3.02847      3.02847
      3.40000      3.52636      3.52636
      3.41000      1.67568      1.67568
      3.42000      1.48649      1.48649
      3.43000      3.34612      3.34612
      3.44000      3.26811      3.26811
      3.45000      1.17884      1.17884
      3.46000      0.15644      0.15644
      3.47000      0.00764      0.00764
      3.48000      0.00014      0.00014
      3.49000      0.00000      0.00000
      3.50000      0.00000      0.00000
      3.51000      0.00000      0.00000
      3.52000      0.00000      0.00000
      3.53000      0.00000      0.00000
      3.54000      0.00000      0.00000
      3.55000      0.00000      0.00000
      3.56000      0.00000      0.00000
      3.57000      0.00000      0.00000
      3.58000      0.00000      0.00000
      3.59000      0.00000      0.00000
      3.60000      0.00000      0.00000
      3.61000      0.00000      0.00000
      3.62000      0.00000      0.00000
      3.63000      0.00000      0.00000
      3.64000      0.00000      0.00000
      3.65000      0.00002      0.00002
      3.66000      0.00150      0.00150
      3.67000      0.04755      0.04755
      3.68000      0.55363      0.55363
      3.69000      2.37123      2.37123
      3.70000      3.73624      3.73624
      3.71000      2.16572      2.16572
      3.72000      0.46182      0.46182
      3.73000      0.03623      0.03623
      3.74000      0.00105      0.00105
      3.75000      0.00000      0.00000
      3.76000      0.00000      0.00000
      3.77000      0.00000      0.00000
      3.78000      0.00000      0.00000
      3.79000      0.00000      0.00000
      3.80000      0.00000      0.00000
      3.81000      0.00000      0.00000
      3.82000      0.00000      0.00000
      3.83000      0.00000      0.00000
      3.84000      0.00000      0.00000
      3.85000      0.00000      0.00000
      3.86000      0.00000      0.00000
      3.87000      0.00000      0.00000
      3.88000      0.00000      0.00000
      3.89000      0.00000      0.00000
      3.90000      0.00000      0.00000
      3.91000      0.00000      0.00000
      3.92000      0.00000      0.00000
      3.93000      0.00000      0.00000
      3.94000      0.00000      0.00000
      3.95000      0.00000      0.00000
      3.96000      0.00000      0.00000
      3.97000      0.00000      0.00000
      3.98000      0.00000      0.00000
      3.99000      0.00000      0.00000
      4.00000      0.00000      0.00000
      4.01000      0.00005      0.00005
      4.02000      0.00389      0.00389
      4.03000      0.11529      0.11529
      4.04000      1.25672      1.25672
      4.05000      5.03940      5.03940
      4.06000      7.43405      7.43405
      4.07000      4.03439      4.03439
      4.08000      0.80544      0.80544
      4.09000      0.05916      0.05916
      4.10000      0.00160      0.00160
      4.11000      0.00000      0.00000
      4.12000      0.00000      0.00000
      4.13000      0.00000      0.00000
      4.14000      0.00000      0.00000
      4.15000      0.00000      0.00000
      4.16000      0.00004      0.00004
      4.17000      0.00317      0.00317
      4.18000      0.09908      0.09908
      4.19000      1.13760      1.13760
      4.20000      4.80525      4.80525
      4.21000      7.46743      7.46743
      4.22000      4.28532      4.28532
      4.23000      1.18446      1.18446
