Energy-E_F (eV)    DOS (1/eV)    PDOS (1/eV)  of atom type W  
     -4.95174      0.06946      0.00000
     -4.94174      0.00196      0.00000
     -4.93174      0.00000      0.00000
     -4.92174      0.00071      0.00000
     -4.91174      0.02460      0.00000
     -4.90174      0.31167      0.00000
     -4.89174      1.45286      0.00000
     -4.88174      2.49146      0.00000
     -4.87174      1.57184      0.00000
     -4.86174      0.37002      0.00000
     -4.85174      0.17481      0.00000
     -4.84174      1.45064      0.00000
     -4.83174      5.38124      0.00000
     -4.82174      7.34857      0.00000
     -4.81174      3.69173      0.00000
     -4.80174      0.68231      0.00000
     -4.79174      0.04925      0.00000
     -4.78174      0.09287      0.00000
     -4.77174      1.08096      0.00000
     -4.76174      4.68747      0.00000
     -4.75174      7.50615      0.00000
     -4.74174      5.00566      0.00000
     -4.73174      5.63009      0.00000
     -4.72174     13.11570      0.00000
     -4.71174     13.36085      0.00000
     -4.70174      5.03428      0.00000
     -4.69174      0.69794      0.00000
     -4.68174      0.03560      0.00000
     -4.67174      0.00071      0.00000
     -4.66174      0.00345      0.00000
     -4.65174      0.10919      0.00000
     -4.64174      1.31876      0.00000
     -4.63174      6.35209      0.00000
     -4.62174     13.20557      0.00000
     -4.61174     14.14656      0.00000
     -4.60174     12.11566      0.00000
     -4.59174     11.43635      0.00000
     -4.58174      9.82628      0.00000
     -4.57174      5.18784      0.00000
     -4.56174      1.19110      0.00000
     -4.55174      0.14276      0.00000
     -4.54174      0.71198      0.00000
     -4.53174      4.94701      0.00000
     -4.52174     13.23601      0.00000
     -4.51174     15.00692      0.00000
     -4.50174     12.14058      0.00000
     -4.49174     10.48969      0.00000
     -4.48174      4.95457      0.00000
     -4.47174      0.91341      0.00000
     -4.46174      0.06263      0.00000
     -4.45174      0.00822      0.00000
     -4.44174      0.17106      0.00000
     -4.43174      1.62103      0.00000
     -4.42174      5.65130      0.00000
     -4.41174      7.24789      0.00000
     -4.40174      3.41965      0.00000
     -4.39174      0.59355      0.00000
     -4.38174      0.03790      0.00000
     -4.37174      0.00098      0.00000
     -4.36174      0.00487      0.00000
     -4.35174      0.10095      0.00000
     -4.34174      0.77057      0.00000
     -4.33174      2.16381      0.00000
     -4.32174      2.23527      0.00000
     -4.31174      0.84947      0.00000
     -4.30174      0.11877      0.00000
     -4.29174      0.00714      0.00000
     -4.28174      0.03254      0.00000
     -4.27174      0.37464      0.00000
     -4.26174      1.59236      0.00000
     -4.25174      2.48989      0.00000
     -4.24174      1.43227      0.00000
     -4.23174      0.30309      0.00000
     -4.22174      0.02360      0.00000
     -4.21174      0.00068      0.00000
     -4.20174      0.00044      0.00000
     -4.19174      0.02188      0.00000
     -4.18174      0.40410      0.00000
     -4.17174      2.74513      0.00000
     -4.16174      6.86034      0.00000
     -4.15174      6.30716      0.00000
     -4.14174      2.13318      0.00000
     -4.13174      0.26542      0.00000
     -4.12174      0.01215      0.00000
     -4.11174      0.00037      0.00000
     -4.10174      0.00789      0.00000
     -4.09174      0.14238      0.00000
     -4.08174      0.94515      0.00000
     -4.07174      2.30820      0.00000
     -4.06174      2.07372      0.00000
     -4.05174      0.68538      0.00000
     -4.04174      0.08333      0.00000
     -4.03174      0.00373      0.00000
     -4.02174      0.00006      0.00000
     -4.01174      0.00000      0.00000
     -4.00174      0.00000      0.00000
     -3.99174      0.00008      0.00000
     -3.98174      0.00468      0.00000
     -3.97174      0.09821      0.00000
     -3.96174      0.75783      0.00000
     -3.95174      2.15122      0.00000
     -3.94174      2.24650      0.00000
     -3.93174      0.86304      0.00000
     -3.92174      0.12197      0.00000
     -3.91174      0.00634      0.00000
     -3.90174      0.00012      0.00000
     -3.89174      0.00000      0.00000
     -3.88174      0.00010      0.00000
     -3.87174      0.00702      0.00000
     -3.86174      0.18654      0.00000
     -3.85174      1.94708      0.00000
     -3.84174      8.66961      0.00000
     -3.83174     18.12472      0.00000
     -3.82174     18.03397      0.00000
     -3.81174      7.83265      0.00000
     -3.80174      1.35683      0.00000
     -3.79174      0.08926      0.00000
     -3.78174      0.00218      0.00000
     -3.77174      0.00000      0.00000
     -3.76174      0.00000      0.00000
     -3.75174      0.00000      0.00000
     -3.74174      0.00000      0.00000
     -3.73174      0.00000      0.00000
     -3.72174      0.00000      0.00000
     -3.71174      0.00037      0.00000
     -3.70174      0.01942      0.00000
     -3.69174      0.37130      0.00000
     -3.68174      2.61161      0.00000
     -3.67174      6.75770      0.00000
     -3.66174      6.43273      0.00000
     -3.65174      2.25267      0.00000
     -3.64174      0.29029      0.00000
     -3.63174      0.02296      0.00000
     -3.62174      0.27111      0.00000
     -3.61174      3.04382      0.00000
     -3.60174     13.27494      0.00000
     -3.59174     23.55994      0.00000
     -3.58174     19.96076      0.00000
     -3.57174     10.72053      0.00000
     -3.56174      3.71624      0.00000
     -3.55174      1.94877      0.00000
     -3.54174      5.35961      0.00000
     -3.53174      7.76490      0.00000
     -3.52174      5.49310      0.00000
     -3.51174      4.39865      0.00000
     -3.50174      7.35757      0.00000
     -3.49174     12.67981      0.00000
     -3.48174     11.94302      0.00000
     -3.47174      6.37790      0.00000
     -3.46174      7.54595      0.00000
     -3.45174     16.13707      0.00000
     -3.44174     19.22249      0.00000
     -3.43174     10.44850      0.00000
     -3.42174      2.31382      0.00000
     -3.41174      0.19602      0.00000
     -3.40174      0.00879      0.00000
     -3.39174      0.10238      0.00000
     -3.38174      1.47900      0.00000
     -3.37174      8.08704      0.00000
     -3.36174     17.76095      0.00000
     -3.35174     18.55884      0.00000
     -3.34174     13.63083      0.00000
     -3.33174     10.01972      0.00000
     -3.32174      5.98367      0.00000
     -3.31174      3.43311      0.00000
     -3.30174      1.73989      0.00000
     -3.29174      0.41418      0.00000
     -3.28174      0.08119      0.00000
     -3.27174      0.87703      0.00000
     -3.26174      6.57733      0.00000
     -3.25174     18.73321      0.00000
     -3.24174     21.13189      0.00000
     -3.23174     15.21934      0.00000
     -3.22174     21.16701      0.00000
     -3.21174     22.52059      0.00000
     -3.20174     10.28636      0.00000
     -3.19174      2.01262      0.00000
     -3.18174      0.17449      0.00000
     -3.17174      0.00661      0.00000
     -3.16174      0.00009      0.00000
     -3.15174      0.00000      0.00000
     -3.14174      0.00112      0.00000
     -3.13174      0.04519      0.00000
     -3.12174      0.67018      0.00000
     -3.11174      3.65598      0.00000
     -3.10174      7.33777      0.00000
     -3.09174      5.44186      0.00000
     -3.08174      1.78734      0.00000
     -3.07174      1.63080      0.00000
     -3.06174      2.78489      0.00000
     -3.05174      2.95644      0.00000
     -3.04174      2.84618      0.00000
     -3.03174      1.66149      0.00000
     -3.02174      0.39461      0.00000
     -3.01174      0.03677      0.00000
     -3.00174      0.07792      0.00000
     -2.99174      1.20398      0.00000
     -2.98174      7.05555      0.00000
     -2.97174     16.21893      0.00000
     -2.96174     17.05397      0.00000
     -2.95174     10.41045      0.00000
     -2.94174      3.62689      0.00000
     -2.93174      0.56641      0.00000
     -2.92174      0.03444      0.00000
     -2.91174      0.00078      0.00000
     -2.90174      0.00000      0.00000
     -2.89174      0.00000      0.00000
     -2.88174      0.00000      0.00000
     -2.87174      0.00000      0.00000
     -2.86174      0.00000      0.00000
     -2.85174      0.00000      0.00000
     -2.84174      0.00000      0.00000
     -2.83174      0.00000      0.00000
     -2.82174      0.00000      0.00000
     -2.81174      0.00000      0.00000
     -2.80174      0.00000      0.00000
     -2.79174      0.00344      0.00000
     -2.78174      0.13189      0.00000
     -2.77174      1.92921      0.00000
     -2.76174     11.05306      0.00000
     -2.75174     25.62227      0.00000
     -2.74174     24.66008      0.00000
     -2.73174      9.88641      0.00000
     -2.72174      1.75848      0.00000
     -2.71174      1.56851      0.00000
     -2.70174      5.43071      0.00000
     -2.69174      7.84104      0.00000
     -2.68174      7.74828      0.00000
     -2.67174     13.02610      0.00000
     -2.66174     14.04148      0.00000
     -2.65174      6.72777      0.00000
     -2.64174      3.21078      0.00000
     -2.63174      2.12596      0.00000
     -2.62174      0.94028      0.00000
     -2.61174      1.48875      0.00000
     -2.60174      3.24985      0.00000
     -2.59174      5.93625      0.00000
     -2.58174     12.55594      0.00000
     -2.57174     16.06609      0.00000
     -2.56174      8.60286      0.00000
     -2.55174      1.75719      0.00000
     -2.54174      0.13363      0.00000
     -2.53174      0.01372      0.00000
     -2.52174      0.23865      0.00000
     -2.51174      2.19429      0.00000
     -2.50174      8.17783      0.00000
     -2.49174     13.39452      0.00000
     -2.48174     10.69716      0.00000
     -2.47174      5.46876      0.00000
     -2.46174      2.63350      0.00000
     -2.45174      0.82214      0.00000
     -2.44174      0.10761      0.00000
     -2.43174      0.00574      0.00000
     -2.42174      0.01762      0.00000
     -2.41174      0.24814      0.00000
     -2.40174      1.30871      0.00000
     -2.39174      2.84539      0.00000
     -2.38174      4.38139      0.00000
     -2.37174      7.23420      0.00000
     -2.36174      6.44382      0.00000
     -2.35174      2.22312      0.00000
     -2.34174      0.28368      0.00000
     -2.33174      0.01332      0.00000
     -2.32174      0.00027      0.00000
     -2.31174      0.00305      0.00000
     -2.30174      0.09620      0.00000
     -2.29174      1.11827      0.00000
     -2.28174      4.85002      0.00000
     -2.27174      8.54210      0.00000
     -2.26174      8.98060      0.00000
     -2.25174      8.43320      0.00000
     -2.24174      5.23822      0.00000
     -2.23174      6.44937      0.00000
     -2.22174     16.31027      0.00000
     -2.21174     24.69566      0.00000
     -2.20174     25.30985      0.00000
     -2.19174     15.98365      0.00000
     -2.18174      6.98809      0.00000
     -2.17174     10.56254      0.00000
     -2.16174     18.16183      0.00000
     -2.15174     15.86437      0.00000
     -2.14174      7.76383      0.00000
     -2.13174      1.93673      0.00000
     -2.12174      0.22718      0.00000
     -2.11174      0.46024      0.00000
     -2.10174      3.43888      0.00000
     -2.09174     10.57920      0.00000
     -2.08174     13.66090      0.00000
     -2.07174      7.48701      0.00000
     -2.06174      1.69963      0.00000
     -2.05174      0.15349      0.00000
     -2.04174      0.00533      0.00000
     -2.03174      0.00007      0.00000
     -2.02174      0.00027      0.00000
     -2.01174      0.01494      0.00000
     -2.00174      0.30792      0.00000
     -1.99174      2.33503      0.00000
     -1.98174      6.51619      0.00000
     -1.97174      6.77446      0.00000
     -1.96174      3.87899      0.00000
     -1.95174      8.14674      0.00000
     -1.94174     17.91276      0.00000
     -1.93174     18.05250      0.00000
     -1.92174      8.81473      0.00000
     -1.91174      2.24975      0.00000
     -1.90174      2.20551      0.00000
     -1.89174      9.67288      0.00000
     -1.88174     21.73577      0.00000
     -1.87174     20.37829      0.00000
     -1.86174      7.43402      0.00000
     -1.85174      1.18004      0.00000
     -1.84174      1.59484      0.00000
     -1.83174      5.53199      0.00000
     -1.82174      7.29722      0.00000
     -1.81174      3.57804      0.00000
     -1.80174      1.34932      0.00000
     -1.79174      5.15769      0.00000
     -1.78174     13.43101      0.00000
     -1.77174     13.04044      0.00000
     -1.76174      5.55472      0.00000
     -1.75174      4.99479      0.00000
     -1.74174      7.50533      0.00000
     -1.73174      4.68138      0.00000
     -1.72174      1.07812      0.00000
     -1.71174      0.09135      0.00000
     -1.70174      0.00285      0.00000
     -1.69174      0.00048      0.00000
     -1.68174      0.02399      0.00000
     -1.67174      0.47094      0.00000
     -1.66174      3.45597      0.00000
     -1.65174     10.19811      0.00000
     -1.64174     15.80807      0.00000
     -1.63174     17.71782      0.00000
     -1.62174     11.42524      0.00000
     -1.61174      3.07538      0.00000
     -1.60174      0.31214      0.00000
     -1.59174      0.01170      0.00000
     -1.58174      0.00016      0.00000
     -1.57174      0.00023      0.00000
     -1.56174      0.01072      0.00000
     -1.55174      0.18925      0.00000
     -1.54174      1.38214      0.00000
     -1.53174      4.78613      0.00000
     -1.52174      8.54845      0.00000
     -1.51174      7.21588      0.00000
     -1.50174      2.51444      0.00000
     -1.49174      0.33574      0.00000
     -1.48174      0.01671      0.00000
     -1.47174      0.00031      0.00000
     -1.46174      0.00000      0.00000
     -1.45174      0.00000      0.00000
     -1.44174      0.00000      0.00000
     -1.43174      0.00000      0.00000
     -1.42174      0.00015      0.00000
     -1.41174      0.01114      0.00000
     -1.40174      0.30067      0.00000
     -1.39174      2.98516      0.00000
     -1.38174     10.90328      0.00000
     -1.37174     14.65049      0.00000
     -1.36174      7.24191      0.00000
     -1.35174      1.31692      0.00000
     -1.34174      0.08810      0.00000
     -1.33174      0.00217      0.00000
     -1.32174      0.00000      0.00000
     -1.31174      0.00000      0.00000
     -1.30174      0.00000      0.00000
     -1.29174      0.00000      0.00000
     -1.28174      0.00000      0.00000
     -1.27174      0.00000      0.00000
     -1.26174      0.00000      0.00000
     -1.25174      0.00000      0.00000
     -1.24174      0.00000      0.00000
     -1.23174      0.00000      0.00000
     -1.22174      0.00013      0.00000
     -1.21174      0.00827      0.00000
     -1.20174      0.20084      0.00000
     -1.19174      1.79417      0.00000
     -1.18174      5.89641      0.00000
     -1.17174      7.12880      0.00000
     -1.16174      3.17067      0.00000
     -1.15174      0.51879      0.00000
     -1.14174      0.03123      0.00000
     -1.13174      0.00069      0.00000
     -1.12174      0.00000      0.00000
     -1.11174      0.00000      0.00000
     -1.10174      0.00000      0.00000
     -1.09174      0.00129      0.00000
     -1.08174      0.05023      0.00000
     -1.07174      0.72047      0.00000
     -1.06174      3.80200      0.00000
     -1.05174      7.38100      0.00000
     -1.04174      5.27136      0.00000
     -1.03174      1.38496      0.00000
     -1.02174      0.13425      0.00000
     -1.01174      0.02470      0.00000
     -1.00174      0.37844      0.00000
     -0.99174      2.64110      0.00000
     -0.98174      6.78954      0.00000
     -0.97174      6.55549      0.00000
     -0.96174      3.20060      0.00000
     -0.95174      2.61250      0.00000
     -0.94174      2.05867      0.00000
     -0.93174      0.66129      0.00000
     -0.92174      0.07860      0.00000
     -0.91174      0.00344      0.00000
     -0.90174      0.00006      0.00000
     -0.89174      0.00000      0.00000
     -0.88174      0.00000      0.00000
     -0.87174      0.00000      0.00000
     -0.86174      0.00000      0.00000
     -0.85174      0.00000      0.00000
     -0.84174      0.00000      0.00000
     -0.83174      0.00000      0.00000
     -0.82174      0.00000      0.00000
     -0.81174      0.00000      0.00000
     -0.80174      0.00000      0.00000
     -0.79174      0.00000      0.00000
     -0.78174      0.00000      0.00000
     -0.77174      0.00000      0.00000
     -0.76174      0.00000      0.00000
     -0.75174      0.00000      0.00000
     -0.74174      0.00000      0.00000
     -0.73174      0.00000      0.00000
     -0.72174      0.00000      0.00000
     -0.71174      0.00000      0.00000
     -0.70174      0.00000      0.00000
     -0.69174      0.00000      0.00000
     -0.68174      0.00000      0.00000
     -0.67174      0.00000      0.00000
     -0.66174      0.00000      0.00000
     -0.65174      0.00000      0.00000
     -0.64174      0.00000      0.00000
     -0.63174      0.00000      0.00000
     -0.62174      0.00000      0.00000
     -0.61174      0.00034      0.00000
     -0.60174      0.01802      0.00000
     -0.59174      0.35207      0.00000
     -0.58174      2.53042      0.00000
     -0.57174      6.69064      0.00000
     -0.56174      6.50801      0.00000
     -0.55174      2.32881      0.00000
     -0.54174      0.30657      0.00000
     -0.53174      0.01687      0.00000
     -0.52174      0.07086      0.00000
     -0.51174      0.90760      0.00000
     -0.50174      4.29273      0.00000
     -0.49174      7.46932      0.00000
     -0.48174      4.78116      0.00000
     -0.47174      1.12588      0.00000
     -0.46174      0.09753      0.00000
     -0.45174      0.00316      0.00000
     -0.44174      0.00401      0.00000
     -0.43174      0.11700      0.00000
     -0.42174      1.26887      0.00000
     -0.41174      5.06224      0.00000
     -0.40174      7.42973      0.00000
     -0.39174      4.01152      0.00000
     -0.38174      0.79708      0.00000
     -0.37174      0.07378      0.00000
     -0.36174      0.31857      0.00000
     -0.35174      2.38041      0.00000
     -0.34174      6.67797      0.00000
     -0.33174      7.97329      0.00000
     -0.32174      7.64652      0.00000
     -0.31174      7.74860      0.00000
     -0.30174      3.92579      0.00000
     -0.29174      0.75899      0.00000
     -0.28174      0.05417      0.00000
     -0.27174      0.00142      0.00000
     -0.26174      0.00000      0.00000
     -0.25174      0.00000      0.00000
     -0.24174      0.00224      0.00000
     -0.23174      0.07639      0.00000
     -0.22174      0.95698      0.00000
     -0.21174      4.41031      0.00000
     -0.20174      7.47725      0.00000
     -0.19174      4.66359      0.00000
     -0.18174      1.07015      0.00000
     -0.17174      0.09741      0.00000
     -0.16174      0.18221      0.00000
     -0.15174      1.67086      0.00000
     -0.14174      5.72450      0.00000
     -0.13174      7.21522      0.00000
     -0.12174      3.34554      0.00000
     -0.11174      0.57068      0.00000
     -0.10174      0.03581      0.00000
     -0.09174      0.00083      0.00000
     -0.08174      0.00000      0.00000
     -0.07174      0.00000      0.00000
     -0.06174      0.00000      0.00000
     -0.05174      0.00019      0.00000
     -0.04174      0.01145      0.00000
     -0.03174      0.25435      0.00000
     -0.02174      2.07810      0.00000
     -0.01174      6.24609      0.00000
     -0.00174      6.90644      0.00000
      0.00826      2.80935      0.00000
      0.01826      0.42040      0.00000
      0.02826      0.02314      0.00000
      0.03826      0.00047      0.00000
      0.04826      0.00000      0.00000
      0.05826      0.00000      0.00000
      0.06826      0.00000      0.00000
      0.07826      0.00000      0.00000
      0.08826      0.00000      0.00000
      0.09826      0.00000      0.00000
      0.10826      0.00000      0.00000
      0.11826      0.00000      0.00000
      0.12826      0.00000      0.00000
      0.13826      0.00000      0.00000
      0.14826      0.00000      0.00000
      0.15826      0.00000      0.00000
      0.16826      0.00000      0.00000
      0.17826      0.00000      0.00000
      0.18826      0.00000      0.00000
      0.19826      0.00013      0.00000
      0.20826      0.00856      0.00000
      0.21826      0.20585      0.00000
      0.22826      1.82215      0.00000
      0.23826      5.93363      0.00000
      0.24826      7.10822      0.00000
      0.25826      3.13262      0.00000
      0.26826      0.50791      0.00000
      0.27826      0.03317      0.00000
      0.28826      0.09393      0.00000
      0.29826      1.14050      0.00000
      0.30826      5.66618      0.00000
      0.31826     13.59266      0.00000
      0.32826     18.52288      0.00000
      0.33826     13.16756      0.00000
      0.34826      5.68013      0.00000
      0.35826      6.40325      0.00000
      0.36826      7.10630      0.00000
      0.37826      3.09665      0.00000
      0.38826      0.49761      0.00000
      0.39826      0.03155      0.00000
      0.40826      0.08770      0.00000
      0.41826      1.30625      0.00000
      0.42826      7.20978      0.00000
      0.43826     14.63935      0.00000
      0.44826     10.93521      0.00000
      0.45826      3.00495      0.00000
      0.46826      0.30378      0.00000
      0.47826      0.01130      0.00000
      0.48826      0.00015      0.00000
      0.49826      0.00011      0.00000
      0.50826      0.00835      0.00000
      0.51826      0.24303      0.00000
      0.52826      2.60116      0.00000
      0.53826     10.24192      0.00000
      0.54826     14.83548      0.00000
      0.55826      7.90546      0.00000
      0.56826      1.54974      0.00000
      0.57826      0.11176      0.00000
      0.58826      0.00297      0.00000
      0.59826      0.00000      0.00000
      0.60826      0.00000      0.00000
      0.61826      0.00000      0.00000
      0.62826      0.00000      0.00000
      0.63826      0.00000      0.00000
      0.64826      0.00000      0.00000
      0.65826      0.00000      0.00000
      0.66826      0.00000      0.00000
      0.67826      0.00000      0.00000
      0.68826      0.00000      0.00000
      0.69826      0.00000      0.00000
      0.70826      0.00000      0.00000
      0.71826      0.00000      0.00000
      0.72826      0.00000      0.00000
      0.73826      0.00000      0.00000
      0.74826      0.00000      0.00000
      0.75826      0.00000      0.00000
      0.76826      0.00000      0.00000
      0.77826      0.00000      0.00000
      0.78826      0.00000      0.00000
      0.79826      0.00000      0.00000
      0.80826      0.00370      0.00000
      0.81826      0.13211      0.00000
      0.82826      1.73572      0.00000
      0.83826      8.38955      0.00000
      0.84826     14.91769      0.00000
      0.85826      9.75821      0.00000
      0.86826      2.34871      0.00000
      0.87826      0.23673      0.00000
      0.88826      0.67760      0.00000
      0.89826      5.74802      0.00000
      0.90826     18.15987      0.00000
      0.91826     21.43059      0.00000
      0.92826     11.47025      0.00000
      0.93826      8.02782      0.00000
      0.94826      6.68580      0.00000
      0.95826      2.43187      0.00000
      0.96826      0.32902      0.00000
      0.97826      0.01639      0.00000
      0.98826      0.00030      0.00000
      0.99826      0.00000      0.00000
      1.00826      0.00000      0.00000
      1.01826      0.00000      0.00000
      1.02826      0.00000      0.00000
      1.03826      0.00000      0.00000
      1.04826      0.00000      0.00000
      1.05826      0.00093      0.00000
      1.06826      0.03935      0.00000
      1.07826      0.61506      0.00000
      1.08826      3.64379      0.00000
      1.09826      8.92994      0.00000
      1.10826     11.31865      0.00000
      1.11826      8.81128      0.00000
      1.12826      3.52351      0.00000
      1.13826      0.59277      0.00000
      1.14826      0.30153      0.00000
      1.15826      2.13347      0.00000
      1.16826      6.30656      0.00000
      1.17826      6.86080      0.00000
      1.18826      2.74576      0.00000
      1.19826      0.40429      0.00000
      1.20826      0.02486      0.00000
      1.21826      0.09457      0.00000
      1.22826      1.09980      0.00000
      1.23826      4.72682      0.00000
      1.24826      7.47361      0.00000
      1.25826      4.34747      0.00000
      1.26826      0.94557      0.00000
      1.27826      0.29984      0.00000
      1.28826      1.23032      0.00000
      1.29826      2.44995      0.00000
      1.30826      1.84310      0.00000
      1.31826      1.17305      0.00000
      1.32826      3.75780      0.00000
      1.33826      7.35593      0.00000
      1.34826      5.36337      0.00000
      1.35826      1.43894      0.00000
      1.36826      0.14202      0.00000
      1.37826      0.00582      0.00000
      1.38826      0.03504      0.00000
      1.39826      0.68198      0.00000
      1.40826      4.92899      0.00000
      1.41826     13.20675      0.00000
      1.42826     13.12019      0.00000
      1.43826      4.83941      0.00000
      1.44826      0.86913      0.00000
      1.45826      2.42228      0.00000
      1.46826     10.46704      0.00000
      1.47826     19.95183      0.00000
      1.48826     21.73915      0.00000
      1.49826     14.77272      0.00000
      1.50826      4.88130      0.00000
      1.51826      1.71915      0.00000
      1.52826      6.57408      0.00000
      1.53826     14.36152      0.00000
      1.54826     11.59388      0.00000
      1.55826      3.44615      0.00000
      1.56826      0.47848      0.00000
      1.57826      1.41634      0.00000
      1.58826      7.27980      0.00000
      1.59826     14.39384      0.00000
      1.60826     10.86555      0.00000
      1.61826      3.42863      0.00000
      1.62826      2.69604      0.00000
      1.63826      6.54817      0.00000
      1.64826      6.66653      0.00000
      1.65826      2.50200      0.00000
      1.66826      0.34632      0.00000
      1.67826      0.05466      0.00000
      1.68826      0.58536      0.00000
      1.69826      3.39226      0.00000
      1.70826      7.23721      0.00000
      1.71826      5.71333      0.00000
      1.72826      2.04677      0.00000
      1.73826      2.18674      0.00000
      1.74826      5.98842      0.00000
      1.75826     13.06378      0.00000
      1.76826     14.61327      0.00000
      1.77826      6.49220      0.00000
      1.78826      1.07576      0.00000
      1.79826      0.06572      0.00000
      1.80826      0.00148      0.00000
      1.81826      0.00000      0.00000
      1.82826      0.00000      0.00000
      1.83826      0.00003      0.00000
      1.84826      0.00255      0.00000
      1.85826      0.08399      0.00000
      1.86826      1.01961      0.00000
      1.87826      4.55321      0.00000
      1.88826      7.48012      0.00000
      1.89826      4.52069      0.00000
      1.90826      1.00568      0.00000
      1.91826      0.10339      0.00000
      1.92826      0.28487      0.00000
      1.93826      1.40552      0.00000
      1.94826      2.95832      0.00000
      1.95826      5.00114      0.00000
      1.96826     10.23661      0.00000
      1.97826     13.11600      0.00000
      1.98826      8.34771      0.00000
      1.99826      3.28171      0.00000
      2.00826      2.60338      0.00000
      2.01826      2.02907      0.00000
      2.02826      0.63878      0.00000
      2.03826      0.07435      0.00000
      2.04826      0.00318      0.00000
      2.05826      0.00005      0.00000
      2.06826      0.00000      0.00000
      2.07826      0.00000      0.00000
      2.08826      0.00000      0.00000
      2.09826      0.00063      0.00000
      2.10826      0.02229      0.00000
      2.11826      0.29193      0.00000
      2.12826      1.41430      0.00000
      2.13826      2.67801      0.00000
      2.14826      3.23795      0.00000
      2.15826      7.37358      0.00000
      2.16826     16.40090      0.00000
      2.17826     20.11866      0.00000
      2.18826     12.70608      0.00000
      2.19826      3.93655      0.00000
      2.20826      0.53881      0.00000
      2.21826      0.02965      0.00000
      2.22826      0.00109      0.00000
      2.23826      0.02649      0.00000
      2.24826      0.55250      0.00000
      2.25826      4.30309      0.00000
      2.26826     12.53344      0.00000
      2.27826     13.76371      0.00000
      2.28826      6.42517      0.00000
      2.29826      3.11846      0.00000
      2.30826      2.58506      0.00000
      2.31826      3.44841      0.00000
      2.32826      6.93584      0.00000
      2.33826      6.68053      0.00000
      2.34826      4.57531      0.00000
      2.35826      6.89952      0.00000
      2.36826      7.38908      0.00000
      2.37826      6.33561      0.00000
      2.38826      7.73577      0.00000
      2.39826      5.21541      0.00000
      2.40826      1.34383      0.00000
      2.41826      0.12774      0.00000
      2.42826      0.00447      0.00000
      2.43826      0.00069      0.00000
      2.44826      0.02925      0.00000
      2.45826      0.49561      0.00000
      2.46826      3.09150      0.00000
      2.47826      7.18123      0.00000
      2.48826      7.54664      0.00000
      2.49826     11.31207      0.00000
      2.50826     21.43145      0.00000
      2.51826     17.73731      0.00000
      2.52826      5.51018      0.00000
      2.53826      0.63668      0.00000
      2.54826      0.04382      0.00000
      2.55826      0.33156      0.00000
      2.56826      2.43940      0.00000
      2.57826      6.61111      0.00000
      2.58826      6.59211      0.00000
      2.59826      2.44477      0.00000
      2.60826      0.65992      0.00000
      2.61826      1.52013      0.00000
      2.62826      2.49365      0.00000
      2.63826      1.52069      0.00000
      2.64826      0.34155      0.00000
      2.65826      0.04269      0.00000
      2.66826      0.21874      0.00000
      2.67826      1.20216      0.00000
      2.68826      2.44016      0.00000
      2.69826      1.82924      0.00000
      2.70826      0.71866      0.00000
      2.71826      2.47442      0.00000
      2.72826      9.90905      0.00000
      2.73826     14.89705      0.00000
      2.74826      8.24053      0.00000
      2.75826      1.67697      0.00000
      2.76826      0.12839      0.00000
      2.77826      0.09484      0.00000
      2.78826      1.07930      0.00000
      2.79826      4.72052      0.00000
      2.80826      8.10848      0.00000
      2.81826      8.38462      0.00000
      2.82826     11.53110      0.00000
      2.83826     13.16106      0.00000
      2.84826      8.65880      0.00000
      2.85826      4.33657      0.00000
      2.86826      2.07245      0.00000
      2.87826      1.54379      0.00000
      2.88826      4.40620      0.00000
      2.89826     13.63899      0.00000
      2.90826     29.75746      0.00000
      2.91826     36.23015      0.00000
      2.92826     25.69451      0.00000
      2.93826     15.78319      0.00000
      2.94826     15.41568      0.00000
      2.95826     16.49565      0.00000
      2.96826     13.19680      0.00000
      2.97826      7.58654      0.00000
      2.98826      4.57695      0.00000
      2.99826      7.05941      0.00000
      3.00826      7.68594      0.00000
      3.01826      7.24022      0.00000
      3.02826      7.91164      0.00000
      3.03826      5.72091      0.00000
      3.04826      6.42839      0.00000
      3.05826      7.35337      0.00000
      3.06826      3.81329      0.00000
      3.07826      3.29407      0.00000
      3.08826      8.75272      0.00000
      3.09826     12.32375      0.00000
      3.10826      9.30171      0.00000
      3.11826      6.96456      0.00000
      3.12826     14.73888      0.00000
      3.13826     22.32206      0.00000
      3.14826     13.19499      0.00000
      3.15826      2.92135      0.00000
      3.16826      0.24196      0.00000
      3.17826      0.01527      0.00000
      3.18826      0.23286      0.00000
      3.19826      2.70203      0.00000
      3.20826     12.25039      0.00000
      3.21826     21.71622      0.00000
      3.22826     14.98404      0.00000
      3.23826      4.37723      0.00000
      3.24826      3.17887      0.00000
      3.25826      6.94485      0.00000
      3.26826      6.94740      0.00000
      3.27826      5.76444      0.00000
      3.28826      7.59795      0.00000
      3.29826      5.42486      0.00000
      3.30826      1.47558      0.00000
      3.31826      0.27173      0.00000
      3.32826      0.90564      0.00000
      3.33826      2.81368      0.00000
      3.34826      6.53994      0.00000
      3.35826     13.50365      0.00000
      3.36826     13.70349      0.00000
      3.37826      5.34454      0.00000
      3.38826      0.77113      0.00000
      3.39826      0.04936      0.00000
      3.40826      0.20420      0.00000
      3.41826      1.80851      0.00000
      3.42826      5.91556      0.00000
      3.43826      7.11830      0.00000
      3.44826      3.15373      0.00000
      3.45826      0.60589      0.00000
      3.46826      1.28335      0.00000
      3.47826      6.58849      0.00000
      3.48826     13.73517      0.00000
      3.49826     11.47201      0.00000
      3.50826      3.82797      0.00000
      3.51826      0.50301      0.00000
      3.52826      0.02554      0.00000
      3.53826      0.00049      0.00000
      3.54826      0.00000      0.00000
      3.55826      0.00000      0.00000
      3.56826      0.00000      0.00000
      3.57826      0.00000      0.00000
      3.58826      0.00000      0.00000
      3.59826      0.00000      0.00000
      3.60826      0.00000      0.00000
      3.61826      0.00000      0.00000
      3.62826      0.00000      0.00000
      3.63826      0.00000      0.00000
      3.64826      0.00000      0.00000
      3.65826      0.00000      0.00000
      3.66826      0.00000      0.00000
      3.67826      0.00000      0.00000
      3.68826      0.00000      0.00000
      3.69826      0.00000      0.00000
      3.70826      0.00000      0.00000
      3.71826      0.00000      0.00000
      3.72826      0.00000      0.00000
      3.73826      0.00000      0.00000
      3.74826      0.00000      0.00000
      3.75826      0.00000      0.00000
      3.76826      0.00000      0.00000
      3.77826      0.00000      0.00000
      3.78826      0.00000      0.00000
      3.79826      0.00000      0.00000
      3.80826      0.00000      0.00000
      3.81826      0.00000      0.00000
      3.82826      0.00000      0.00000
      3.83826      0.00000      0.00000
      3.84826      0.00000      0.00000
      3.85826      0.00000      0.00000
      3.86826      0.00000      0.00000
      3.87826      0.00000      0.00000
      3.88826      0.00433      0.00000
      3.89826      0.14885      0.00000
      3.90826      1.88081      0.00000
      3.91826      8.74269      0.00000
      3.92826     14.95036      0.00000
      3.93826      9.40511      0.00000
      3.94826      2.17661      0.00000
      3.95826      0.18531      0.00000
      3.96826      0.00580      0.00000
      3.97826      0.00007      0.00000
      3.98826      0.00000      0.00000
      3.99826      0.00000      0.00000
      4.00826      0.00000      0.00000
      4.01826      0.00000      0.00000
      4.02826      0.00000      0.00000
      4.03826      0.00000      0.00000
      4.04826      0.00000      0.00000
      4.05826      0.00000      0.00000
      4.06826      0.00000      0.00000
      4.07826      0.00000      0.00000
      4.08826      0.00000      0.00000
      4.09826      0.00000      0.00000
      4.10826      0.00000      0.00000
      4.11826      0.00000      0.00000
      4.12826      0.00000      0.00000
      4.13826      0.00000      0.00000
      4.14826      0.00000      0.00000
      4.15826      0.00337      0.00000
      4.16826      0.12324      0.00000
      4.17826      1.65605      0.00000
      4.18826      8.18672      0.00000
      4.19826     14.88855      0.00000
      4.20826      9.96095      0.00000
      4.21826      2.45163      0.00000
      4.22826      0.22198      0.00000
      4.23826      0.00739      0.00000
      4.24826      0.00009      0.00000
      4.25826      0.00000      0.00000
      4.26826      0.00165      0.00000
      4.27826      0.06500      0.00000
