Energy-E_F (eV)    DOS (1/eV)    PDOS (1/eV)  of atom type W  
     -4.99000      2.27142      2.27142
     -4.98000      0.50738      0.50738
     -4.97000      0.04170      0.04170
     -4.96000      0.00126      0.00126
     -4.95000      0.00001      0.00001
     -4.94000      0.00000      0.00000
     -4.93000      0.00000      0.00000
     -4.92000      0.00000      0.00000
     -4.91000      0.00000      0.00000
     -4.90000      0.00000      0.00000
     -4.89000      0.00000      0.00000
     -4.88000      0.00002      0.00002
     -4.87000      0.00176      0.00176
     -4.86000      0.05725      0.05725
     -4.85000      0.68754      0.68754
     -4.84000      3.04593      3.04593
     -4.83000      4.97880      4.97880
     -4.82000      3.00333      3.00333
     -4.81000      0.66872      0.66872
     -4.80000      0.05578      0.05578
     -4.79000      0.03170      0.03170
     -4.78000      0.40688      0.40688
     -4.77000      2.02821      2.02821
     -4.76000      3.72685      3.72685
     -4.75000      2.70228      2.70228
     -4.74000      2.37509      2.37509
     -4.73000      5.89660      5.89660
     -4.72000      7.16073      7.16073
     -4.71000      3.22847      3.22847
     -4.70000      0.53561      0.53561
     -4.69000      0.03269      0.03269
     -4.68000      0.00110      0.00110
     -4.67000      0.01621      0.01621
     -4.66000      0.26624      0.26624
     -4.65000      1.60895      1.60895
     -4.64000      3.58109      3.58109
     -4.63000      3.03718      3.03718
     -4.62000      1.98212      1.98212
     -4.61000      4.42445      4.42445
     -4.60000      7.16040      7.16040
     -4.59000      6.21335      6.21335
     -4.58000      6.37414      6.37414
     -4.57000      7.17384      7.17384
     -4.56000      4.02355      4.02355
     -4.55000      1.01330      1.01330
     -4.54000      0.88987      0.88987
     -4.53000      2.82055      2.82055
     -4.52000      3.62751      3.62751
     -4.51000      1.72310      1.72310
     -4.50000      0.41661      0.41661
     -4.49000      1.00753      1.00753
     -4.48000      3.06450      3.06450
     -4.47000      3.49453      3.49453
     -4.46000      1.46618      1.46618
     -4.45000      0.22641      0.22641
     -4.44000      0.01847      0.01847
     -4.43000      0.11216      0.11216
     -4.42000      0.81982      0.81982
     -4.41000      2.20968      2.20968
     -4.40000      2.19102      2.19102
     -4.39000      0.79950      0.79950
     -4.38000      0.11746      0.11746
     -4.37000      0.14274      0.14274
     -4.36000      0.68088      0.68088
     -4.35000      1.24054      1.24054
     -4.34000      0.83569      0.83569
     -4.33000      0.30603      0.30603
     -4.32000      0.91882      0.91882
     -4.31000      2.95301      2.95301
     -4.30000      3.56212      3.56212
     -4.29000      1.58106      1.58106
     -4.28000      0.25816      0.25816
     -4.27000      0.01551      0.01551
     -4.26000      0.00034      0.00034
     -4.25000      0.00000      0.00000
     -4.24000      0.00000      0.00000
     -4.23000      0.00000      0.00000
     -4.22000      0.00000      0.00000
     -4.21000      0.00000      0.00000
     -4.20000      0.00000      0.00000
     -4.19000      0.00000      0.00000
     -4.18000      0.00000      0.00000
     -4.17000      0.00000      0.00000
     -4.16000      0.00000      0.00000
     -4.15000      0.00000      0.00000
     -4.14000      0.00000      0.00000
     -4.13000      0.00000      0.00000
     -4.12000      0.00000      0.00000
     -4.11000      0.00000      0.00000
     -4.10000      0.00000      0.00000
     -4.09000      0.00000      0.00000
     -4.08000      0.00009      0.00009
     -4.07000      0.00546      0.00546
     -4.06000      0.12288      0.12288
     -4.05000      1.01727      1.01727
     -4.04000      3.09932      3.09932
     -4.03000      3.51076      3.51076
     -4.02000      1.92090      1.92090
     -4.01000      2.44918      2.44918
     -4.00000      3.75171      3.75171
     -3.99000      2.30496      2.30496
     -3.98000      0.52253      0.52253
     -3.97000      0.04358      0.04358
     -3.96000      0.00134      0.00134
     -3.95000      0.00002      0.00002
     -3.94000      0.00000      0.00000
     -3.93000      0.00000      0.00000
     -3.92000      0.00012      0.00012
     -3.91000      0.00774      0.00774
     -3.90000      0.18934      0.18934
     -3.89000      1.77172      1.77172
     -3.88000      6.30433      6.30433
     -3.87000      8.47107      8.47107
     -3.86000      4.27006      4.27006
     -3.85000      0.80305      0.80305
     -3.84000      0.05611      0.05611
     -3.83000      0.00145      0.00145
     -3.82000      0.00000      0.00000
     -3.81000      0.00000      0.00000
     -3.80000      0.00000      0.00000
     -3.79000      0.00000      0.00000
     -3.78000      0.00000      0.00000
     -3.77000      0.00000      0.00000
     -3.76000      0.00000      0.00000
     -3.75000      0.00000      0.00000
     -3.74000      0.00000      0.00000
     -3.73000      0.00000      0.00000
     -3.72000      0.00000      0.00000
     -3.71000      0.00068      0.00068
     -3.70000      0.02621      0.02621
     -3.69000      0.37184      0.37184
     -3.68000      1.96474      1.96474
     -3.67000      4.13899      4.13899
     -3.66000      4.71998      4.71998
     -3.65000      4.40773      4.40773
     -3.64000      2.51919      2.51919
     -3.63000      1.01353      1.01353
     -3.62000      2.30832      2.30832
     -3.61000      5.18652      5.18652
     -3.60000      7.13992      7.13992
     -3.59000      7.24575      7.24575
     -3.58000      4.42050      4.42050
     -3.57000      1.41604      1.41604
     -3.56000      1.31227      1.31227
     -3.55000      3.26000      3.26000
     -3.54000      3.35232      3.35232
     -3.53000      1.39895      1.39895
     -3.52000      1.24325      1.24325
     -3.51000      3.16305      3.16305
     -3.50000      3.43000      3.43000
     -3.49000      1.37210      1.37210
     -3.48000      0.20193      0.20193
     -3.47000      0.01119      0.01119
     -3.46000      0.01430      0.01430
     -3.45000      0.29313      0.29313
     -3.44000      2.40573      2.40573
     -3.43000      8.51667      8.51667
     -3.42000     14.90055     14.90055
     -3.41000     14.13870     14.13870
     -3.40000      7.34910      7.34910
     -3.39000      2.07019      2.07019
     -3.38000      0.29295      0.29295
     -3.37000      0.01823      0.01823
     -3.36000      0.00380      0.00380
     -3.35000      0.10351      0.10351
     -3.34000      1.17093      1.17093
     -3.33000      4.87273      4.87273
     -3.32000      7.45965      7.45965
     -3.31000      4.20274      4.20274
     -3.30000      0.92022      0.92022
     -3.29000      0.64235      0.64235
     -3.28000      2.56208      2.56208
     -3.27000      5.25633      5.25633
     -3.26000      7.73098      7.73098
     -3.25000      9.09582      9.09582
     -3.24000      9.98153      9.98153
     -3.23000     11.82765     11.82765
     -3.22000      7.28297      7.28297
     -3.21000      1.72993      1.72993
     -3.20000      0.15817      0.15817
     -3.19000      0.13578      0.13578
     -3.18000      1.05765      1.05765
     -3.17000      3.15496      3.15496
     -3.16000      3.64709      3.64709
     -3.15000      2.78408      2.78408
     -3.14000      3.66741      3.66741
     -3.13000      3.35775      3.35775
     -3.12000      2.48390      2.48390
     -3.11000      3.60604      3.60604
     -3.10000      3.09388      3.09388
     -3.09000      1.00874      1.00874
     -3.08000      0.12120      0.12120
     -3.07000      0.00536      0.00536
     -3.06000      0.00009      0.00009
     -3.05000      0.00000      0.00000
     -3.04000      0.00000      0.00000
     -3.03000      0.00000      0.00000
     -3.02000      0.00050      0.00050
     -3.01000      0.02068      0.02068
     -3.00000      0.34395      0.34395
     -2.99000      2.39564      2.39564
     -2.98000      7.19869      7.19869
     -2.97000      9.20427      9.20427
     -2.96000      4.79121      4.79121
     -2.95000      1.01647      1.01647
     -2.94000      0.43795      0.43795
     -2.93000      1.06226      1.06226
     -2.92000      1.15395      1.15395
     -2.91000      0.72731      0.72731
     -2.90000      1.71640      1.71640
     -2.89000      3.60283      3.60283
     -2.88000      2.93366      2.93366
     -2.87000      1.40521      1.40521
     -2.86000      2.62731      2.62731
     -2.85000      5.18256      5.18256
     -2.84000      4.90969      4.90969
     -2.83000      2.24216      2.24216
     -2.82000      1.72540      1.72540
     -2.81000      3.51233      3.51233
     -2.80000      3.75704      3.75704
     -2.79000      3.55531      3.55531
     -2.78000      4.07150      4.07150
     -2.77000      3.56225      3.56225
     -2.76000      4.68741      4.68741
     -2.75000      5.96727      5.96727
     -2.74000      4.71252      4.71252
     -2.73000      2.62909      2.62909
     -2.72000      4.30044      4.30044
     -2.71000      7.44606      7.44606
     -2.70000      5.07696      5.07696
     -2.69000      1.27652      1.27652
     -2.68000      0.11808      0.11808
     -2.67000      0.00402      0.00402
     -2.66000      0.00005      0.00005
     -2.65000      0.00000      0.00000
     -2.64000      0.00000      0.00000
     -2.63000      0.00000      0.00000
     -2.62000      0.00000      0.00000
     -2.61000      0.00007      0.00007
     -2.60000      0.00517      0.00517
     -2.59000      0.14232      0.14232
     -2.58000      1.44089      1.44089
     -2.57000      5.36661      5.36661
     -2.56000      7.35326      7.35326
     -2.55000      3.71169      3.71169
     -2.54000      0.79922      0.79922
     -2.53000      0.97955      0.97955
     -2.52000      3.29806      3.29806
     -2.51000      5.42832      5.42832
     -2.50000      4.35661      4.35661
     -2.49000      2.52606      2.52606
     -2.48000      3.37677      3.37677
     -2.47000      3.42912      3.42912
     -2.46000      1.55077      1.55077
     -2.45000      1.59080      1.59080
     -2.44000      3.45762      3.45762
     -2.43000      3.13140      3.13140
     -2.42000      1.05167      1.05167
     -2.41000      0.25112      0.25112
     -2.40000      1.02120      1.02120
     -2.39000      3.09606      3.09606
     -2.38000      3.47269      3.47269
     -2.37000      1.43299      1.43299
     -2.36000      0.21753      0.21753
     -2.35000      0.01215      0.01215
     -2.34000      0.00096      0.00096
     -2.33000      0.02734      0.02734
     -2.32000      0.38975      0.38975
     -2.31000      2.14279      2.14279
     -2.30000      5.03437      5.03437
     -2.29000      6.29259      6.29259
     -2.28000      5.69676      5.69676
     -2.27000      4.96662      4.96662
     -2.26000      4.17566      4.17566
     -2.25000      6.65886      6.65886
     -2.24000     11.79654     11.79654
     -2.23000     11.53836     11.53836
     -2.22000      5.61165      5.61165
     -2.21000      1.25394      1.25394
     -2.20000      0.93430      0.93430
     -2.19000      4.11302      4.11302
     -2.18000      7.44700      7.44700
     -2.17000      4.96773      4.96773
     -2.16000      1.31113      1.31113
     -2.15000      0.96954      0.96954
     -2.14000      2.90056      2.90056
     -2.13000      3.59106      3.59106
     -2.12000      1.63758      1.63758
     -2.11000      0.27472      0.27472
     -2.10000      0.01695      0.01695
     -2.09000      0.00038      0.00038
     -2.08000      0.00000      0.00000
     -2.07000      0.00091      0.00091
     -2.06000      0.03868      0.03868
     -2.05000      0.65115      0.65115
     -2.04000      4.42278      4.42278
     -2.03000     12.17236     12.17236
     -2.02000     13.40840     13.40840
     -2.01000      5.78644      5.78644
     -2.00000      0.95796      0.95796
     -1.99000      0.05999      0.05999
     -1.98000      0.00758      0.00758
     -1.97000      0.13432      0.13432
     -1.96000      1.07451      1.07451
     -1.95000      3.16217      3.16217
     -1.94000      3.42347      3.42347
     -1.93000      1.36354      1.36354
     -1.92000      0.20343      0.20343
     -1.91000      0.12070      0.12070
     -1.90000      1.21836      1.21836
     -1.89000      4.96567      4.96567
     -1.88000      7.44759      7.44759
     -1.87000      4.13392      4.13392
     -1.86000      1.09993      1.09993
     -1.85000      1.22918      1.22918
     -1.84000      2.80913      2.80913
     -1.83000      4.53426      4.53426
     -1.82000      5.72051      5.72051
     -1.81000      7.74434      7.74434
     -1.80000      7.02337      7.02337
     -1.79000      4.62364      4.62364
     -1.78000      4.97606      4.97606
     -1.77000      5.28312      5.28312
     -1.76000      4.02102      4.02102
     -1.75000      1.55239      1.55239
     -1.74000      0.23990      0.23990
     -1.73000      0.01386      0.01386
     -1.72000      0.00030      0.00030
     -1.71000      0.00000      0.00000
     -1.70000      0.00000      0.00000
     -1.69000      0.00014      0.00014
     -1.68000      0.00782      0.00782
     -1.67000      0.15913      0.15913
     -1.66000      1.19098      1.19098
     -1.65000      3.27923      3.27923
     -1.64000      3.32168      3.32168
     -1.63000      1.24464      1.24464
     -1.62000      0.34588      0.34588
     -1.61000      1.66045      1.66045
     -1.60000      5.69710      5.69710
     -1.59000      7.22780      7.22780
     -1.58000      3.37346      3.37346
     -1.57000      0.57952      0.57952
     -1.56000      0.04895      0.04895
     -1.55000      0.19580      0.19580
     -1.54000      1.13055      1.13055
     -1.53000      2.41194      2.41194
     -1.52000      1.89299      1.89299
     -1.51000      0.54671      0.54671
     -1.50000      0.06623      0.06623
     -1.49000      0.16648      0.16648
     -1.48000      1.21376      1.21376
     -1.47000      3.30016      3.30016
     -1.46000      3.30106      3.30106
     -1.45000      1.21472      1.21472
     -1.44000      0.16444      0.16444
     -1.43000      0.00819      0.00819
     -1.42000      0.00015      0.00015
     -1.41000      0.00000      0.00000
     -1.40000      0.00000      0.00000
     -1.39000      0.00000      0.00000
     -1.38000      0.00003      0.00003
     -1.37000      0.00279      0.00279
     -1.36000      0.08996      0.08996
     -1.35000      1.06721      1.06721
     -1.34000      4.65748      4.65748
     -1.33000      7.47753      7.47753
     -1.32000      4.41642      4.41642
     -1.31000      0.95960      0.95960
     -1.30000      0.07670      0.07670
     -1.29000      0.00226      0.00226
     -1.28000      0.00000      0.00000
     -1.27000      0.00000      0.00000
     -1.26000      0.00120      0.00120
     -1.25000      0.04016      0.04016
     -1.24000      0.49479      0.49479
     -1.23000      2.24276      2.24276
     -1.22000      3.73984      3.73984
     -1.21000      2.29419      2.29419
     -1.20000      0.51774      0.51774
     -1.19000      0.04298      0.04298
     -1.18000      0.00131      0.00131
     -1.17000      0.00001      0.00001
     -1.16000      0.00000      0.00000
     -1.15000      0.00003      0.00003
     -1.14000      0.00228      0.00228
     -1.13000      0.06487      0.06487
     -1.12000      0.68306      0.68306
     -1.11000      2.69727      2.69727
     -1.10000      4.22867      4.22867
     -1.09000      3.11649      3.11649
     -1.08000      1.34925      1.34925
     -1.07000      0.32294      0.32294
     -1.06000      0.03377      0.03377
     -1.05000      0.00136      0.00136
     -1.04000      0.00002      0.00002
     -1.03000      0.00000      0.00000
     -1.02000      0.00000      0.00000
     -1.01000      0.00000      0.00000
     -1.00000      0.00000      0.00000
     -0.99000      0.00000      0.00000
     -0.98000      0.00000      0.00000
     -0.97000      0.00000      0.00000
     -0.96000      0.00000      0.00000
     -0.95000      0.00000      0.00000
     -0.94000      0.00000      0.00000
     -0.93000      0.00000      0.00000
     -0.92000      0.00012      0.00012
     -0.91000      0.00666      0.00666
     -0.90000      0.14177      0.14177
     -0.89000      1.11053      1.11053
     -0.88000      3.20020      3.20020
     -0.87000      3.39259      3.39259
     -0.86000      1.32309      1.32309
     -0.85000      0.18983      0.18983
     -0.84000      0.01002      0.01002
     -0.83000      0.00019      0.00019
     -0.82000      0.00000      0.00000
     -0.81000      0.00000      0.00000
     -0.80000      0.00000      0.00000
     -0.79000      0.00000      0.00000
     -0.78000      0.00000      0.00000
     -0.77000      0.00000      0.00000
     -0.76000      0.00000      0.00000
     -0.75000      0.00000      0.00000
     -0.74000      0.00000      0.00000
     -0.73000      0.00007      0.00007
     -0.72000      0.00443      0.00443
     -0.71000      0.10552      0.10552
     -0.70000      0.92541      0.92541
     -0.69000      2.98555      2.98555
     -0.68000      3.54340      3.54340
     -0.67000      1.54712      1.54712
     -0.66000      0.24850      0.24850
     -0.65000      0.01468      0.01468
     -0.64000      0.00032      0.00032
     -0.63000      0.00000      0.00000
     -0.62000      0.00000      0.00000
     -0.61000      0.00000      0.00000
     -0.60000      0.00106      0.00106
     -0.59000      0.03663      0.03663
     -0.58000      0.46523      0.46523
     -0.57000      2.17387      2.17387
     -0.56000      3.73683      3.73683
     -0.55000      2.36308      2.36308
     -0.54000      0.54974      0.54974
     -0.53000      0.04705      0.04705
     -0.52000      0.00148      0.00148
     -0.51000      0.00002      0.00002
     -0.50000      0.00000      0.00000
     -0.49000      0.00002      0.00002
     -0.48000      0.00180      0.00180
     -0.47000      0.05441      0.05441
     -0.46000      0.60503      0.60503
     -0.45000      2.47499      2.47499
     -0.44000      3.72453      3.72453
     -0.43000      2.06194      2.06194
     -0.42000      0.41994      0.41994
     -0.41000      0.03146      0.03146
     -0.40000      0.00087      0.00087
     -0.39000      0.00000      0.00000
     -0.38000      0.00032      0.00032
     -0.37000      0.01455      0.01455
     -0.36000      0.24687      0.24687
     -0.35000      1.54131      1.54131
     -0.34000      3.54010      3.54010
     -0.33000      2.99121      2.99121
     -0.32000      0.92979      0.92979
     -0.31000      0.10632      0.10632
     -0.30000      0.00481      0.00481
     -0.29000      0.01532      0.01532
     -0.28000      0.25520      0.25520
     -0.27000      1.57074      1.57074
     -0.26000      3.55654      3.55654
     -0.25000      2.96248      2.96248
     -0.24000      0.90780      0.90780
     -0.23000      0.10234      0.10234
     -0.22000      0.00424      0.00424
     -0.21000      0.00061      0.00061
     -0.20000      0.02464      0.02464
     -0.19000      0.42035      0.42035
     -0.18000      2.71908      2.71908
     -0.17000      6.69850      6.69850
     -0.16000      6.29991      6.29991
     -0.15000      2.26161      2.26161
     -0.14000      0.30905      0.30905
     -0.13000      0.01600      0.01600
     -0.12000      0.00031      0.00031
     -0.11000      0.00000      0.00000
     -0.10000      0.00000      0.00000
     -0.09000      0.00016      0.00016
     -0.08000      0.00845      0.00845
     -0.07000      0.16819      0.16819
     -0.06000      1.23124      1.23124
     -0.05000      3.31586      3.31586
     -0.04000      3.28515      3.28515
     -0.03000      1.19735      1.19735
     -0.02000      0.16054      0.16054
     -0.01000      0.00792      0.00792
      0.00000      0.00014      0.00014
      0.01000      0.00000      0.00000
      0.02000      0.00000      0.00000
      0.03000      0.00000      0.00000
      0.04000      0.00000      0.00000
      0.05000      0.00000      0.00000
      0.06000      0.00000      0.00000
      0.07000      0.00000      0.00000
      0.08000      0.00000      0.00000
      0.09000      0.00000      0.00000
      0.10000      0.00000      0.00000
      0.11000      0.00000      0.00000
      0.12000      0.00000      0.00000
      0.13000      0.00016      0.00016
      0.14000      0.00855      0.00855
      0.15000      0.16988      0.16988
      0.16000      1.24990      1.24990
      0.17000      3.54188      3.54188
      0.18000      4.72363      4.72363
      0.19000      4.67137      4.67137
      0.20000      3.24437      3.24437
      0.21000      1.01399      1.01399
      0.22000      0.12327      0.12327
      0.23000      0.08617      0.08617
      0.24000      0.99398      0.99398
      0.25000      4.49536      4.49536
      0.26000      7.47985      7.47985
      0.27000      4.57855      4.57855
      0.28000      1.03102      1.03102
      0.29000      0.08591      0.08591
      0.30000      0.02320      0.02320
      0.31000      0.31438      0.31438
      0.32000      1.76513      1.76513
      0.33000      3.64622      3.64622
      0.34000      2.77086      2.77086
      0.35000      0.77508      0.77508
      0.36000      0.10248      0.10248
      0.37000      0.41914      0.41914
      0.38000      2.79270      2.79270
      0.39000      6.89466      6.89466
      0.40000      6.26214      6.26214
      0.41000      2.10108      2.10108
      0.42000      0.46737      0.46737
      0.43000      1.85777      1.85777
      0.44000      5.96522      5.96522
      0.45000      7.09032      7.09032
      0.46000      3.10046      3.10046
      0.47000      0.49876      0.49876
      0.48000      0.02952      0.02952
      0.49000      0.00064      0.00064
      0.50000      0.00000      0.00000
      0.51000      0.00000      0.00000
      0.52000      0.00000      0.00000
      0.53000      0.00000      0.00000
      0.54000      0.00000      0.00000
      0.55000      0.00000      0.00000
      0.56000      0.00000      0.00000
      0.57000      0.00000      0.00000
      0.58000      0.00000      0.00000
      0.59000      0.00000      0.00000
      0.60000      0.00000      0.00000
      0.61000      0.00000      0.00000
      0.62000      0.00000      0.00000
      0.63000      0.00000      0.00000
      0.64000      0.00000      0.00000
      0.65000      0.00000      0.00000
      0.66000      0.00000      0.00000
      0.67000      0.00000      0.00000
      0.68000      0.00000      0.00000
      0.69000      0.00000      0.00000
      0.70000      0.00000      0.00000
      0.71000      0.00000      0.00000
      0.72000      0.00000      0.00000
      0.73000      0.00000      0.00000
      0.74000      0.00000      0.00000
      0.75000      0.00000      0.00000
      0.76000      0.00000      0.00000
      0.77000      0.00000      0.00000
      0.78000      0.00191      0.00191
      0.79000      0.06777      0.06777
      0.80000      0.88300      0.88300
      0.81000      4.23275      4.23275
      0.82000      7.47927      7.47927
      0.83000      5.16463      5.16463
      0.84000      3.56003      3.56003
      0.85000      6.70149      6.70149
      0.86000      6.94565      6.94565
      0.87000      4.24684      4.24684
      0.88000      4.23697      4.23697
      0.89000      4.33115      4.33115
      0.90000      4.31530      4.31530
      0.91000      3.05389      3.05389
      0.92000      0.92114      0.92114
      0.93000      0.12199      0.12199
      0.94000      0.28866      0.28866
      0.95000      1.66946      1.66946
      0.96000      3.60606      3.60606
      0.97000      2.86558      2.86558
      0.98000      0.83807      0.83807
      0.99000      0.10604      0.10604
      1.00000      0.26681      0.26681
      1.01000      1.59868      1.59868
      1.02000      3.57140      3.57140
      1.03000      2.93518      2.93518
      1.04000      0.88744      0.88744
      1.05000      0.09871      0.09871
      1.06000      0.00404      0.00404
      1.07000      0.00006      0.00006
      1.08000      0.00000      0.00000
      1.09000      0.00000      0.00000
      1.10000      0.00000      0.00000
      1.11000      0.00000      0.00000
      1.12000      0.00002      0.00002
      1.13000      0.00192      0.00192
      1.14000      0.05698      0.05698
      1.15000      0.62361      0.62361
      1.16000      2.51072      2.51072
      1.17000      3.71865      3.71865
      1.18000      2.02618      2.02618
      1.19000      0.40614      0.40614
      1.20000      0.02995      0.02995
      1.21000      0.00081      0.00081
      1.22000      0.00000      0.00000
      1.23000      0.00000      0.00000
      1.24000      0.00000      0.00000
      1.25000      0.00000      0.00000
      1.26000      0.00000      0.00000
      1.27000      0.00013      0.00013
      1.28000      0.00722      0.00722
      1.29000      0.15039      0.15039
      1.30000      1.15486      1.15486
      1.31000      3.34083      3.34083
      1.32000      4.25831      4.25831
      1.33000      4.35713      4.35713
      1.34000      4.81039      4.81039
      1.35000      4.75584      4.75584
      1.36000      3.79375      3.79375
      1.37000      1.96875      1.96875
      1.38000      1.41535      1.41535
      1.39000      0.98597      0.98597
      1.40000      0.95227      0.95227
      1.41000      4.32000      4.32000
      1.42000     10.17955     10.17955
      1.43000      9.23790      9.23790
      1.44000      3.23965      3.23965
      1.45000      0.69156      0.69156
      1.46000      2.10986      2.10986
      1.47000      6.25682      6.25682
      1.48000      6.89924      6.89924
      1.49000      2.81855      2.81855
      1.50000      0.79651      0.79651
      1.51000      2.66672      2.66672
      1.52000      6.81834      6.81834
      1.53000      6.95660      6.95660
      1.54000      5.46663      5.46663
      1.55000      7.38823      7.38823
      1.56000      5.83291      5.83291
      1.57000      1.79769      1.79769
      1.58000      0.46076      0.46076
      1.59000      1.58522      1.58522
      1.60000      3.55981      3.55981
      1.61000      2.95693      2.95693
      1.62000      0.90905      0.90905
      1.63000      0.22504      0.22504
      1.64000      1.02446      1.02446
      1.65000      3.10166      3.10166
      1.66000      3.46871      3.46871
      1.67000      1.42711      1.42711
      1.68000      0.21600      0.21600
      1.69000      0.01203      0.01203
      1.70000      0.00025      0.00025
      1.71000      0.00214      0.00214
      1.72000      0.07379      0.07379
      1.73000      0.93504      0.93504
      1.74000      4.35863      4.35863
      1.75000      7.47446      7.47446
      1.76000      4.71960      4.71960
      1.77000      1.18719      1.18719
      1.78000      0.82592      0.82592
      1.79000      2.12823      2.12823
      1.80000      2.26854      2.26854
      1.81000      0.89077      0.89077
      1.82000      0.12868      0.12868
      1.83000      0.00684      0.00684
      1.84000      0.00013      0.00013
      1.85000      0.00109      0.00109
      1.86000      0.04109      0.04109
      1.87000      0.57932      0.57932
      1.88000      3.05650      3.05650
      1.89000      6.04959      6.04959
      1.90000      4.50008      4.50008
      1.91000      1.25953      1.25953
      1.92000      0.14038      0.14038
      1.93000      0.16363      0.16363
      1.94000      1.18771      1.18771
      1.95000      3.27836      3.27836
      1.96000      3.38967      3.38967
      1.97000      1.92100      1.92100
      1.98000      2.78402      2.78402
      1.99000      3.70497      3.70497
      2.00000      1.92340      1.92340
      2.01000      0.37153      0.37153
      2.02000      0.11333      0.11333
      2.03000      0.82247      0.82247
      2.04000      2.84237      2.84237
      2.05000      3.61663      3.61663
      2.06000      1.69291      1.69291
      2.07000      0.29152      0.29152
      2.08000      0.01847      0.01847
      2.09000      0.00043      0.00043
      2.10000      0.00000      0.00000
      2.11000      0.00000      0.00000
      2.12000      0.00000      0.00000
      2.13000      0.00000      0.00000
      2.14000      0.00004      0.00004
      2.15000      0.00306      0.00306
      2.16000      0.08054      0.08054
      2.17000      0.78214      0.78214
      2.18000      2.84617      2.84617
      2.19000      4.40150      4.40150
      2.20000      5.17783      5.17783
      2.21000      6.85688      6.85688
      2.22000      5.57519      5.57519
      2.23000      2.06483      2.06483
      2.24000      0.31848      0.31848
      2.25000      0.05928      0.05928
      2.26000      0.49931      0.49931
      2.27000      2.34633      2.34633
      2.28000      4.65766      4.65766
      2.29000      5.27045      5.27045
      2.30000      4.06709      4.06709
      2.31000      1.60025      1.60025
      2.32000      0.25267      0.25267
      2.33000      0.01497      0.01497
      2.34000      0.00262      0.00262
      2.35000      0.06510      0.06510
      2.36000      0.68016      0.68016
      2.37000      2.61572      2.61572
      2.38000      3.74128      3.74128
      2.39000      2.38780      2.38780
      2.40000      2.15205      2.15205
      2.41000      2.81244      2.81244
      2.42000      3.06850      3.06850
      2.43000      3.89966      3.89966
      2.44000      2.76192      2.76192
      2.45000      0.97832      0.97832
      2.46000      1.47502      1.47502
      2.47000      3.79357      3.79357
      2.48000      5.23980      5.23980
      2.49000      3.81176      3.81176
      2.50000      2.59560      2.59560
      2.51000      6.12286      6.12286
      2.52000     10.04036     10.04036
      2.53000      7.51561      7.51561
      2.54000      3.07461      3.07461
      2.55000      2.60177      2.60177
      2.56000      3.78461      3.78461
      2.57000      2.77027      2.77027
      2.58000      3.86991      3.86991
      2.59000      9.59871      9.59871
      2.60000     10.16095     10.16095
      2.61000      4.00930      4.00930
      2.62000      0.58801      0.58801
      2.63000      0.05681      0.05681
      2.64000      0.35834      0.35834
      2.65000      1.89376      1.89376
      2.66000      3.68850      3.68850
      2.67000      2.64290      2.64290
      2.68000      0.69665      0.69665
      2.69000      0.06756      0.06756
      2.70000      0.00279      0.00279
      2.71000      0.01674      0.01674
      2.72000      0.27189      0.27189
      2.73000      1.62807      1.62807
      2.74000      3.58643      3.58643
      2.75000      2.91138      2.91138
      2.76000      0.98340      0.98340
      2.77000      1.08709      1.08709
      2.78000      3.22852      3.22852
      2.79000      5.33686      5.33686
      2.80000      9.78486      9.78486
      2.81000     16.90959     16.90959
      2.82000     17.58058     17.58058
      2.83000     11.44191     11.44191
      2.84000      6.15845      6.15845
      2.85000      3.10646      3.10646
      2.86000      3.41787      3.41787
      2.87000      8.84861      8.84861
      2.88000     10.67484     10.67484
      2.89000      5.85888      5.85888
      2.90000      4.11397      4.11397
      2.91000      5.04590      5.04590
      2.92000      7.86125      7.86125
      2.93000     10.74465     10.74465
      2.94000      7.06993      7.06993
      2.95000      2.05375      2.05375
      2.96000      0.26313      0.26313
      2.97000      0.01427      0.01427
      2.98000      0.00029      0.00029
      2.99000      0.00000      0.00000
      3.00000      0.00033      0.00033
      3.01000      0.01754      0.01754
      3.02000      0.34578      0.34578
      3.03000      2.52216      2.52216
      3.04000      6.99932      6.99932
      3.05000      8.63146      8.63146
      3.06000      8.01707      8.01707
      3.07000      7.69437      7.69437
      3.08000      4.81061      4.81061
      3.09000      1.40983      1.40983
      3.10000      0.16863      0.16863
      3.11000      0.00792      0.00792
      3.12000      0.01046      0.01046
      3.13000      0.23598      0.23598
      3.14000      1.98408      1.98408
      3.15000      6.13729      6.13729
      3.16000      7.00203      7.00203
      3.17000      3.30009      3.30009
      3.18000      3.33421      3.33421
      3.19000      8.99817      8.99817
      3.20000     12.63616     12.63616
      3.21000      8.94481      8.94481
      3.22000      3.14272      3.14272
      3.23000      0.49189      0.49189
      3.24000      0.03129      0.03129
      3.25000      0.00077      0.00077
      3.26000      0.00003      0.00003
      3.27000      0.00258      0.00258
      3.28000      0.07114      0.07114
      3.29000      0.72031      0.72031
      3.30000      2.68308      2.68308
      3.31000      3.67665      3.67665
      3.32000      1.85343      1.85343
      3.33000      0.34372      0.34372
      3.34000      0.02345      0.02345
      3.35000      0.00066      0.00066
      3.36000      0.00451      0.00451
      3.37000      0.10695      0.10695
      3.38000      0.93323      0.93323
      3.39000      2.99577      2.99577
      3.40000      3.54451      3.54451
      3.41000      1.68409      1.68409
      3.42000      1.38244      1.38244
      3.43000      3.24137      3.24137
      3.44000      3.36997      3.36997
      3.45000      1.29445      1.29445
      3.46000      0.18293      0.18293
      3.47000      0.00951      0.00951
      3.48000      0.00018      0.00018
      3.49000      0.00000      0.00000
      3.50000      0.00000      0.00000
      3.51000      0.00000      0.00000
      3.52000      0.00000      0.00000
      3.53000      0.00000      0.00000
      3.54000      0.00000      0.00000
      3.55000      0.00000      0.00000
      3.56000      0.00000      0.00000
      3.57000      0.00000      0.00000
      3.58000      0.00000      0.00000
      3.59000      0.00000      0.00000
      3.60000      0.00000      0.00000
      3.61000      0.00000      0.00000
      3.62000      0.00000      0.00000
      3.63000      0.00000      0.00000
      3.64000      0.00000      0.00000
      3.65000      0.00000      0.00000
      3.66000      0.00000      0.00000
      3.67000      0.00000      0.00000
      3.68000      0.00000      0.00000
      3.69000      0.00000      0.00000
      3.70000      0.00000      0.00000
      3.71000      0.00000      0.00000
      3.72000      0.00000      0.00000
      3.73000      0.00000      0.00000
      3.74000      0.00000      0.00000
      3.75000      0.00000      0.00000
      3.76000      0.00000      0.00000
      3.77000      0.00000      0.00000
      3.78000      0.00000      0.00000
      3.79000      0.00000      0.00000
      3.80000      0.00000      0.00000
      3.81000      0.00000      0.00000
      3.82000      0.00035      0.00035
      3.83000      0.01837      0.01837
      3.84000      0.35694      0.35694
      3.85000      2.55121      2.55121
      3.86000      6.70816      6.70816
      3.87000      6.48882      6.48882
      3.88000      2.30905      2.30905
      3.89000      0.30228      0.30228
      3.90000      0.01456      0.01456
      3.91000      0.00026      0.00026
      3.92000      0.00000      0.00000
      3.93000      0.00000      0.00000
      3.94000      0.00000      0.00000
      3.95000      0.00000      0.00000
      3.96000      0.00000      0.00000
      3.97000      0.00000      0.00000
      3.98000      0.00000      0.00000
      3.99000      0.00000      0.00000
      4.00000      0.00000      0.00000
      4.01000      0.00000      0.00000
      4.02000      0.00000      0.00000
      4.03000      0.00000      0.00000
      4.04000      0.00000      0.00000
      4.05000      0.00000      0.00000
      4.06000      0.00000      0.00000
      4.07000      0.00005      0.00005
      4.08000      0.00410      0.00410
      4.09000      0.11975      0.11975
      4.10000      1.28826      1.28826
      4.11000      5.09828      5.09828
      4.12000      7.42370      7.42370
      4.13000      4.02092      4.02092
      4.14000      1.44182      1.44182
      4.15000      3.62385      3.62385
      4.16000      7.23804      7.23804
      4.17000      5.50343      5.50343
      4.18000      1.65836      1.65836
      4.19000      1.39816      1.39816
      4.20000      6.10090      6.10090
      4.21000     11.13757     11.13757
      4.22000      7.51609      7.51609
      4.23000      1.87328      1.87328
      4.24000      0.17246      0.17246
