Energy-E_F (eV)    DOS (1/eV)    PDOS (1/eV)  of atom type Tl 
     -4.99000      0.00317      0.00000
     -4.98000      0.00195      0.00000
     -4.97000      0.02924      0.00000
     -4.96000      0.16864      0.00000
     -4.95000      0.35782      0.00000
     -4.94000      0.27930      0.00000
     -4.93000      0.08020      0.00000
     -4.92000      0.00847      0.00000
     -4.91000      0.00034      0.00000
     -4.90000      0.00061      0.00000
     -4.89000      0.01584      0.00000
     -4.88000      0.15364      0.00000
     -4.87000      0.54830      0.00000
     -4.86000      0.71987      0.00000
     -4.85000      0.34770      0.00000
     -4.84000      0.06293      0.00000
     -4.83000      0.03286      0.00000
     -4.82000      0.27183      0.00000
     -4.81000      0.98398      0.00000
     -4.80000      1.40088      0.00000
     -4.79000      0.80782      0.00000
     -4.78000      0.22468      0.00000
     -4.77000      0.26225      0.00000
     -4.76000      0.66643      0.00000
     -4.75000      0.79991      0.00000
     -4.74000      1.05049      0.00000
     -4.73000      1.73702      0.00000
     -4.72000      1.41404      0.00000
     -4.71000      0.46949      0.00000
     -4.70000      0.06298      0.00000
     -4.69000      0.00346      0.00000
     -4.68000      0.00288      0.00000
     -4.67000      0.04331      0.00000
     -4.66000      0.28415      0.00000
     -4.65000      0.88204      0.00000
     -4.64000      1.33244      0.00000
     -4.63000      0.92435      0.00000
     -4.62000      0.51475      0.00000
     -4.61000      1.02490      0.00000
     -4.60000      1.71417      0.00000
     -4.59000      1.56723      0.00000
     -4.58000      0.77342      0.00000
     -4.57000      0.20864      0.00000
     -4.56000      0.24330      0.00000
     -4.55000      0.63964      0.00000
     -4.54000      0.66700      0.00000
     -4.53000      0.30108      0.00000
     -4.52000      0.33394      0.00000
     -4.51000      0.69745      0.00000
     -4.50000      0.59700      0.00000
     -4.49000      0.18935      0.00000
     -4.48000      0.04311      0.00000
     -4.47000      0.18712      0.00000
     -4.46000      0.62014      0.00000
     -4.45000      0.90306      0.00000
     -4.44000      0.91488      0.00000
     -4.43000      0.89165      0.00000
     -4.42000      0.71598      0.00000
     -4.41000      0.80478      0.00000
     -4.40000      2.14300      0.00000
     -4.39000      3.97322      0.00000
     -4.38000      3.88781      0.00000
     -4.37000      2.42326      0.00000
     -4.36000      1.52316      0.00000
     -4.35000      0.98074      0.00000
     -4.34000      0.35299      0.00000
     -4.33000      0.25245      0.00000
     -4.32000      0.79185      0.00000
     -4.31000      1.23555      0.00000
     -4.30000      1.21036      0.00000
     -4.29000      1.56273      0.00000
     -4.28000      1.72257      0.00000
     -4.27000      1.41148      0.00000
     -4.26000      1.45649      0.00000
     -4.25000      1.13263      0.00000
     -4.24000      0.80533      0.00000
     -4.23000      1.49634      0.00000
     -4.22000      2.24952      0.00000
     -4.21000      2.26510      0.00000
     -4.20000      2.02457      0.00000
     -4.19000      1.96740      0.00000
     -4.18000      1.91221      0.00000
     -4.17000      1.78449      0.00000
     -4.16000      1.60452      0.00000
     -4.15000      1.30182      0.00000
     -4.14000      0.94437      0.00000
     -4.13000      0.47419      0.00000
     -4.12000      0.29488      0.00000
     -4.11000      0.49389      0.00000
     -4.10000      0.74191      0.00000
     -4.09000      0.79885      0.00000
     -4.08000      0.42282      0.00000
     -4.07000      0.21940      0.00000
     -4.06000      0.68775      0.00000
     -4.05000      1.77725      0.00000
     -4.04000      2.92867      0.00000
     -4.03000      3.45402      0.00000
     -4.02000      3.39658      0.00000
     -4.01000      2.84097      0.00000
     -4.00000      2.10212      0.00000
     -3.99000      1.58926      0.00000
     -3.98000      1.62347      0.00000
     -3.97000      1.50585      0.00000
     -3.96000      1.60463      0.00000
     -3.95000      2.13466      0.00000
     -3.94000      1.91759      0.00000
     -3.93000      1.55093      0.00000
     -3.92000      1.76508      0.00000
     -3.91000      1.99125      0.00000
     -3.90000      2.69727      0.00000
     -3.89000      3.27954      0.00000
     -3.88000      2.38972      0.00000
     -3.87000      1.55885      0.00000
     -3.86000      1.84595      0.00000
     -3.85000      2.87524      0.00000
     -3.84000      2.90107      0.00000
     -3.83000      2.01668      0.00000
     -3.82000      1.43027      0.00000
     -3.81000      1.04082      0.00000
     -3.80000      1.30671      0.00000
     -3.79000      2.14061      0.00000
     -3.78000      2.66993      0.00000
     -3.77000      2.20211      0.00000
     -3.76000      1.64209      0.00000
     -3.75000      1.20264      0.00000
     -3.74000      0.81527      0.00000
     -3.73000      1.19661      0.00000
     -3.72000      1.77672      0.00000
     -3.71000      2.45307      0.00000
     -3.70000      3.65342      0.00000
     -3.69000      4.15673      0.00000
     -3.68000      3.09792      0.00000
     -3.67000      1.88658      0.00000
     -3.66000      1.00539      0.00000
     -3.65000      1.18953      0.00000
     -3.64000      3.12103      0.00000
     -3.63000      5.23347      0.00000
     -3.62000      4.54251      0.00000
     -3.61000      3.20309      0.00000
     -3.60000      3.58431      0.00000
     -3.59000      4.55350      0.00000
     -3.58000      4.27576      0.00000
     -3.57000      3.47187      0.00000
     -3.56000      3.08148      0.00000
     -3.55000      2.28033      0.00000
     -3.54000      1.68767      0.00000
     -3.53000      3.13427      0.00000
     -3.52000      5.32839      0.00000
     -3.51000      4.94829      0.00000
     -3.50000      3.11079      0.00000
     -3.49000      2.07881      0.00000
     -3.48000      2.54826      0.00000
     -3.47000      3.19526      0.00000
     -3.46000      2.68373      0.00000
     -3.45000      2.77513      0.00000
     -3.44000      3.91185      0.00000
     -3.43000      3.91652      0.00000
     -3.42000      2.65003      0.00000
     -3.41000      1.55312      0.00000
     -3.40000      1.37254      0.00000
     -3.39000      1.97635      0.00000
     -3.38000      3.27362      0.00000
     -3.37000      3.26633      0.00000
     -3.36000      2.46343      0.00000
     -3.35000      2.90071      0.00000
     -3.34000      3.33666      0.00000
     -3.33000      2.64925      0.00000
     -3.32000      2.05047      0.00000
     -3.31000      2.00704      0.00000
     -3.30000      2.44507      0.00000
     -3.29000      3.48287      0.00000
     -3.28000      4.03499      0.00000
     -3.27000      3.64357      0.00000
     -3.26000      3.02467      0.00000
     -3.25000      2.40644      0.00000
     -3.24000      1.96741      0.00000
     -3.23000      2.16558      0.00000
     -3.22000      2.90331      0.00000
     -3.21000      2.70443      0.00000
     -3.20000      2.00225      0.00000
     -3.19000      2.11046      0.00000
     -3.18000      2.10358      0.00000
     -3.17000      1.72947      0.00000
     -3.16000      1.24721      0.00000
     -3.15000      0.99735      0.00000
     -3.14000      0.80041      0.00000
     -3.13000      0.81308      0.00000
     -3.12000      0.94767      0.00000
     -3.11000      0.99540      0.00000
     -3.10000      1.19099      0.00000
     -3.09000      1.96838      0.00000
     -3.08000      2.99327      0.00000
     -3.07000      3.82234      0.00000
     -3.06000      4.46872      0.00000
     -3.05000      4.43219      0.00000
     -3.04000      3.98551      0.00000
     -3.03000      2.98364      0.00000
     -3.02000      2.59141      0.00000
     -3.01000      2.71308      0.00000
     -3.00000      2.00239      0.00000
     -2.99000      1.18268      0.00000
     -2.98000      1.72356      0.00000
     -2.97000      3.19971      0.00000
     -2.96000      3.08985      0.00000
     -2.95000      2.19092      0.00000
     -2.94000      2.14553      0.00000
     -2.93000      1.84204      0.00000
     -2.92000      2.13110      0.00000
     -2.91000      3.10083      0.00000
     -2.90000      2.69154      0.00000
     -2.89000      1.61145      0.00000
     -2.88000      1.52372      0.00000
     -2.87000      2.16544      0.00000
     -2.86000      2.39072      0.00000
     -2.85000      1.28568      0.00000
     -2.84000      0.39848      0.00000
     -2.83000      0.72932      0.00000
     -2.82000      1.62460      0.00000
     -2.81000      2.02662      0.00000
     -2.80000      2.24389      0.00000
     -2.79000      1.99196      0.00000
     -2.78000      1.26041      0.00000
     -2.77000      1.14343      0.00000
     -2.76000      1.66401      0.00000
     -2.75000      1.57800      0.00000
     -2.74000      1.10639      0.00000
     -2.73000      1.14416      0.00000
     -2.72000      1.96362      0.00000
     -2.71000      2.47091      0.00000
     -2.70000      2.54681      0.00000
     -2.69000      2.38865      0.00000
     -2.68000      1.82543      0.00000
     -2.67000      1.42843      0.00000
     -2.66000      0.96576      0.00000
     -2.65000      0.30602      0.00000
     -2.64000      0.03769      0.00000
     -2.63000      0.01728      0.00000
     -2.62000      0.16785      0.00000
     -2.61000      0.74124      0.00000
     -2.60000      1.57366      0.00000
     -2.59000      2.22455      0.00000
     -2.58000      2.86838      0.00000
     -2.57000      3.10490      0.00000
     -2.56000      2.59667      0.00000
     -2.55000      2.74161      0.00000
     -2.54000      3.80780      0.00000
     -2.53000      4.33162      0.00000
     -2.52000      3.50313      0.00000
     -2.51000      2.15366      0.00000
     -2.50000      1.26743      0.00000
     -2.49000      1.01488      0.00000
     -2.48000      1.36364      0.00000
     -2.47000      1.56664      0.00000
     -2.46000      1.43252      0.00000
     -2.45000      1.30445      0.00000
     -2.44000      1.75154      0.00000
     -2.43000      2.09817      0.00000
     -2.42000      1.81634      0.00000
     -2.41000      1.49058      0.00000
     -2.40000      1.51783      0.00000
     -2.39000      1.73621      0.00000
     -2.38000      1.41622      0.00000
     -2.37000      1.56358      0.00000
     -2.36000      2.34481      0.00000
     -2.35000      2.26730      0.00000
     -2.34000      1.96264      0.00000
     -2.33000      2.08149      0.00000
     -2.32000      2.13219      0.00000
     -2.31000      1.79647      0.00000
     -2.30000      1.07983      0.00000
     -2.29000      1.17228      0.00000
     -2.28000      1.90074      0.00000
     -2.27000      1.93760      0.00000
     -2.26000      1.73487      0.00000
     -2.25000      1.46595      0.00000
     -2.24000      1.12756      0.00000
     -2.23000      1.44430      0.00000
     -2.22000      2.32946      0.00000
     -2.21000      3.32712      0.00000
     -2.20000      3.54213      0.00000
     -2.19000      2.33965      0.00000
     -2.18000      2.49039      0.00000
     -2.17000      3.85683      0.00000
     -2.16000      3.83320      0.00000
     -2.15000      3.18046      0.00000
     -2.14000      2.19834      0.00000
     -2.13000      1.17712      0.00000
     -2.12000      2.09239      0.00000
     -2.11000      4.84422      0.00000
     -2.10000      5.65174      0.00000
     -2.09000      3.79182      0.00000
     -2.08000      2.01646      0.00000
     -2.07000      1.41924      0.00000
     -2.06000      1.60908      0.00000
     -2.05000      2.35885      0.00000
     -2.04000      3.25019      0.00000
     -2.03000      3.20481      0.00000
     -2.02000      2.09211      0.00000
     -2.01000      1.70583      0.00000
     -2.00000      1.83439      0.00000
     -1.99000      1.54425      0.00000
     -1.98000      1.24897      0.00000
     -1.97000      1.04738      0.00000
     -1.96000      1.49844      0.00000
     -1.95000      2.31965      0.00000
     -1.94000      2.27691      0.00000
     -1.93000      2.07849      0.00000
     -1.92000      1.81976      0.00000
     -1.91000      1.52917      0.00000
     -1.90000      1.17065      0.00000
     -1.89000      1.24825      0.00000
     -1.88000      1.86630      0.00000
     -1.87000      1.70408      0.00000
     -1.86000      1.23743      0.00000
     -1.85000      2.08033      0.00000
     -1.84000      3.36051      0.00000
     -1.83000      2.72735      0.00000
     -1.82000      1.63908      0.00000
     -1.81000      1.81948      0.00000
     -1.80000      2.53461      0.00000
     -1.79000      2.67769      0.00000
     -1.78000      2.14248      0.00000
     -1.77000      2.33182      0.00000
     -1.76000      3.09454      0.00000
     -1.75000      3.30863      0.00000
     -1.74000      3.07940      0.00000
     -1.73000      2.83909      0.00000
     -1.72000      1.99593      0.00000
     -1.71000      1.49668      0.00000
     -1.70000      1.41669      0.00000
     -1.69000      1.20875      0.00000
     -1.68000      1.56984      0.00000
     -1.67000      2.27669      0.00000
     -1.66000      2.18113      0.00000
     -1.65000      1.52393      0.00000
     -1.64000      1.63351      0.00000
     -1.63000      1.70939      0.00000
     -1.62000      1.26119      0.00000
     -1.61000      1.13507      0.00000
     -1.60000      1.37566      0.00000
     -1.59000      1.88515      0.00000
     -1.58000      1.86036      0.00000
     -1.57000      1.43320      0.00000
     -1.56000      1.53761      0.00000
     -1.55000      1.25522      0.00000
     -1.54000      0.85437      0.00000
     -1.53000      0.77722      0.00000
     -1.52000      0.44028      0.00000
     -1.51000      0.48903      0.00000
     -1.50000      1.52472      0.00000
     -1.49000      2.49138      0.00000
     -1.48000      2.43355      0.00000
     -1.47000      3.15201      0.00000
     -1.46000      4.53738      0.00000
     -1.45000      3.99802      0.00000
     -1.44000      2.36967      0.00000
     -1.43000      1.06860      0.00000
     -1.42000      0.60881      0.00000
     -1.41000      0.99896      0.00000
     -1.40000      0.97069      0.00000
     -1.39000      0.52223      0.00000
     -1.38000      0.81948      0.00000
     -1.37000      1.51046      0.00000
     -1.36000      1.72496      0.00000
     -1.35000      2.06628      0.00000
     -1.34000      2.40395      0.00000
     -1.33000      2.31344      0.00000
     -1.32000      2.20638      0.00000
     -1.31000      2.54914      0.00000
     -1.30000      2.19773      0.00000
     -1.29000      1.27898      0.00000
     -1.28000      1.10958      0.00000
     -1.27000      1.76685      0.00000
     -1.26000      2.74573      0.00000
     -1.25000      3.15351      0.00000
     -1.24000      2.88096      0.00000
     -1.23000      2.15806      0.00000
     -1.22000      1.54662      0.00000
     -1.21000      2.27179      0.00000
     -1.20000      3.53256      0.00000
     -1.19000      3.57686      0.00000
     -1.18000      2.90625      0.00000
     -1.17000      2.63073      0.00000
     -1.16000      3.73852      0.00000
     -1.15000      4.74639      0.00000
     -1.14000      4.09206      0.00000
     -1.13000      3.27345      0.00000
     -1.12000      3.20911      0.00000
     -1.11000      2.81476      0.00000
     -1.10000      2.57341      0.00000
     -1.09000      3.04846      0.00000
     -1.08000      3.46994      0.00000
     -1.07000      3.43567      0.00000
     -1.06000      3.54036      0.00000
     -1.05000      3.53495      0.00000
     -1.04000      2.86529      0.00000
     -1.03000      1.71956      0.00000
     -1.02000      1.22086      0.00000
     -1.01000      1.41735      0.00000
     -1.00000      2.01017      0.00000
     -0.99000      2.22961      0.00000
     -0.98000      1.67723      0.00000
     -0.97000      1.47193      0.00000
     -0.96000      2.51862      0.00000
     -0.95000      3.31039      0.00000
     -0.94000      2.60642      0.00000
     -0.93000      2.30821      0.00000
     -0.92000      3.52386      0.00000
     -0.91000      4.91285      0.00000
     -0.90000      4.37701      0.00000
     -0.89000      2.05980      0.00000
     -0.88000      0.93802      0.00000
     -0.87000      1.14432      0.00000
     -0.86000      1.07380      0.00000
     -0.85000      1.21221      0.00000
     -0.84000      1.50561      0.00000
     -0.83000      1.23556      0.00000
     -0.82000      0.99538      0.00000
     -0.81000      0.91066      0.00000
     -0.80000      1.16410      0.00000
     -0.79000      1.33600      0.00000
     -0.78000      1.44747      0.00000
     -0.77000      1.44507      0.00000
     -0.76000      1.59606      0.00000
     -0.75000      3.07354      0.00000
     -0.74000      4.06519      0.00000
     -0.73000      3.06105      0.00000
     -0.72000      2.53165      0.00000
     -0.71000      2.92871      0.00000
     -0.70000      2.09480      0.00000
     -0.69000      0.68912      0.00000
     -0.68000      0.09907      0.00000
     -0.67000      0.01786      0.00000
     -0.66000      0.13952      0.00000
     -0.65000      0.64873      0.00000
     -0.64000      1.32982      0.00000
     -0.63000      1.62458      0.00000
     -0.62000      2.43381      0.00000
     -0.61000      4.07470      0.00000
     -0.60000      4.66915      0.00000
     -0.59000      3.75989      0.00000
     -0.58000      2.35636      0.00000
     -0.57000      1.08602      0.00000
     -0.56000      0.57618      0.00000
     -0.55000      0.80507      0.00000
     -0.54000      1.87556      0.00000
     -0.53000      2.75689      0.00000
     -0.52000      2.20792      0.00000
     -0.51000      2.05421      0.00000
     -0.50000      3.37870      0.00000
     -0.49000      4.45985      0.00000
     -0.48000      3.85554      0.00000
     -0.47000      2.54657      0.00000
     -0.46000      1.92924      0.00000
     -0.45000      1.83780      0.00000
     -0.44000      1.87394      0.00000
     -0.43000      1.84263      0.00000
     -0.42000      1.47608      0.00000
     -0.41000      1.31129      0.00000
     -0.40000      1.02060      0.00000
     -0.39000      0.52001      0.00000
     -0.38000      0.89687      0.00000
     -0.37000      1.73801      0.00000
     -0.36000      1.39898      0.00000
     -0.35000      0.57033      0.00000
     -0.34000      0.78519      0.00000
     -0.33000      1.55016      0.00000
     -0.32000      1.80385      0.00000
     -0.31000      1.87804      0.00000
     -0.30000      1.44271      0.00000
     -0.29000      0.73948      0.00000
     -0.28000      0.88470      0.00000
     -0.27000      2.02105      0.00000
     -0.26000      3.30823      0.00000
     -0.25000      3.96834      0.00000
     -0.24000      3.18153      0.00000
     -0.23000      2.52692      0.00000
     -0.22000      2.59044      0.00000
     -0.21000      1.90139      0.00000
     -0.20000      1.50889      0.00000
     -0.19000      2.84115      0.00000
     -0.18000      4.47087      0.00000
     -0.17000      4.24466      0.00000
     -0.16000      2.60559      0.00000
     -0.15000      1.35994      0.00000
     -0.14000      1.15786      0.00000
     -0.13000      2.10376      0.00000
     -0.12000      3.35264      0.00000
     -0.11000      4.21968      0.00000
     -0.10000      4.51740      0.00000
     -0.09000      3.86877      0.00000
     -0.08000      2.80646      0.00000
     -0.07000      2.18164      0.00000
     -0.06000      1.87356      0.00000
     -0.05000      1.48144      0.00000
     -0.04000      1.25784      0.00000
     -0.03000      2.39138      0.00000
     -0.02000      4.00897      0.00000
     -0.01000      4.51338      0.00000
     -0.00000      4.29784      0.00000
      0.01000      2.77923      0.00000
      0.02000      1.31733      0.00000
      0.03000      1.32021      0.00000
      0.04000      1.82816      0.00000
      0.05000      1.51892      0.00000
      0.06000      0.81947      0.00000
      0.07000      0.94263      0.00000
      0.08000      1.50195      0.00000
      0.09000      2.05972      0.00000
      0.10000      1.95437      0.00000
      0.11000      1.32199      0.00000
      0.12000      0.89083      0.00000
      0.13000      0.77163      0.00000
      0.14000      1.51180      0.00000
      0.15000      2.34848      0.00000
      0.16000      2.65333      0.00000
      0.17000      2.23866      0.00000
      0.18000      1.32238      0.00000
      0.19000      0.71930      0.00000
      0.20000      1.29070      0.00000
      0.21000      3.02853      0.00000
      0.22000      4.10333      0.00000
      0.23000      4.64082      0.00000
      0.24000      5.16271      0.00000
      0.25000      4.03551      0.00000
      0.26000      2.00691      0.00000
      0.27000      0.94869      0.00000
      0.28000      1.57477      0.00000
      0.29000      2.40768      0.00000
      0.30000      1.72929      0.00000
      0.31000      0.87137      0.00000
      0.32000      0.75191      0.00000
      0.33000      0.56697      0.00000
      0.34000      0.65255      0.00000
      0.35000      1.44372      0.00000
      0.36000      1.76814      0.00000
      0.37000      1.38001      0.00000
      0.38000      1.08232      0.00000
      0.39000      0.80219      0.00000
      0.40000      0.38104      0.00000
      0.41000      0.57991      0.00000
      0.42000      1.91839      0.00000
      0.43000      3.38666      0.00000
      0.44000      3.05559      0.00000
      0.45000      1.91777      0.00000
      0.46000      2.39904      0.00000
      0.47000      2.99495      0.00000
      0.48000      2.24731      0.00000
      0.49000      1.35145      0.00000
      0.50000      1.33481      0.00000
      0.51000      2.77265      0.00000
      0.52000      3.88563      0.00000
      0.53000      3.53414      0.00000
      0.54000      3.64957      0.00000
