Energy-E_F (eV)    DOS (1/eV)    PDOS (1/eV)  of atom type Hf 
     -4.99000      1.70875      1.70875
     -4.98000      3.15874      3.15874
     -4.97000      3.96368      3.96368
     -4.96000      2.74163      2.74163
     -4.95000      1.23701      1.23701
     -4.94000      0.50307      0.50307
     -4.93000      0.41706      0.41706
     -4.92000      1.23375      1.23375
     -4.91000      2.16399      2.16399
     -4.90000      2.22181      2.22181
     -4.89000      2.12829      2.12829
     -4.88000      1.86049      1.86049
     -4.87000      0.83339      0.83339
     -4.86000      0.22539      0.22539
     -4.85000      0.50443      0.50443
     -4.84000      1.16905      1.16905
     -4.83000      1.02850      1.02850
     -4.82000      0.46590      0.46590
     -4.81000      0.71220      0.71220
     -4.80000      1.52788      1.52788
     -4.79000      1.81854      1.81854
     -4.78000      1.42731      1.42731
     -4.77000      1.31651      1.31651
     -4.76000      1.73437      1.73437
     -4.75000      1.99219      1.99219
     -4.74000      1.93235      1.93235
     -4.73000      1.71121      1.71121
     -4.72000      1.19955      1.19955
     -4.71000      1.50524      1.50524
     -4.70000      3.36160      3.36160
     -4.69000      3.68779      3.68779
     -4.68000      2.32403      2.32403
     -4.67000      1.27981      1.27981
     -4.66000      0.43975      0.43975
     -4.65000      0.22811      0.22811
     -4.64000      0.69583      0.69583
     -4.63000      1.41622      1.41622
     -4.62000      1.63281      1.63281
     -4.61000      1.20767      1.20767
     -4.60000      0.76304      0.76304
     -4.59000      0.43052      0.43052
     -4.58000      0.74157      0.74157
     -4.57000      1.57169      1.57169
     -4.56000      2.08429      2.08429
     -4.55000      2.01702      2.01702
     -4.54000      1.06008      1.06008
     -4.53000      0.23400      0.23400
     -4.52000      0.02614      0.02614
     -4.51000      0.07891      0.07891
     -4.50000      0.36405      0.36405
     -4.49000      0.62296      0.62296
     -4.48000      0.39477      0.39477
     -4.47000      0.15422      0.15422
     -4.46000      0.57864      0.57864
     -4.45000      1.99126      1.99126
     -4.44000      2.94932      2.94932
     -4.43000      2.32693      2.32693
     -4.42000      1.15347      1.15347
     -4.41000      0.41973      0.41973
     -4.40000      0.92061      0.92061
     -4.39000      2.44159      2.44159
     -4.38000      2.90979      2.90979
     -4.37000      2.18985      2.18985
     -4.36000      1.91221      1.91221
     -4.35000      2.29926      2.29926
     -4.34000      2.92267      2.92267
     -4.33000      3.04018      3.04018
     -4.32000      3.33110      3.33110
     -4.31000      2.23741      2.23741
     -4.30000      0.62316      0.62316
     -4.29000      0.06728      0.06728
     -4.28000      0.01360      0.01360
     -4.27000      0.11355      0.11355
     -4.26000      0.43596      0.43596
     -4.25000      0.61597      0.61597
     -4.24000      0.32018      0.32018
     -4.23000      0.06230      0.06230
     -4.22000      0.03220      0.03220
     -4.21000      0.26653      0.26653
     -4.20000      0.93625      0.93625
     -4.19000      1.21092      1.21092
     -4.18000      0.59474      0.59474
     -4.17000      0.35484      0.35484
     -4.16000      1.38370      1.38370
     -4.15000      3.29201      3.29201
     -4.14000      3.68271      3.68271
     -4.13000      1.90347      1.90347
     -4.12000      0.70114      0.70114
     -4.11000      1.27045      1.27045
     -4.10000      1.95847      1.95847
     -4.09000      1.44522      1.44522
     -4.08000      0.83686      0.83686
     -4.07000      0.38100      0.38100
     -4.06000      0.23951      0.23951
     -4.05000      0.77476      0.77476
     -4.04000      1.50867      1.50867
     -4.03000      2.17670      2.17670
     -4.02000      3.58409      3.58409
     -4.01000      3.77017      3.77017
     -4.00000      2.11239      2.11239
     -3.99000      1.96866      1.96866
     -3.98000      3.15387      3.15387
     -3.97000      2.94005      2.94005
     -3.96000      1.92259      1.92259
     -3.95000      1.20843      1.20843
     -3.94000      1.26443      1.26443
     -3.93000      1.10873      1.10873
     -3.92000      0.40074      0.40074
     -3.91000      0.05383      0.05383
     -3.90000      0.00492      0.00492
     -3.89000      0.05335      0.05335
     -3.88000      0.46407      0.46407
     -3.87000      1.49157      1.49157
     -3.86000      1.77669      1.77669
     -3.85000      0.90122      0.90122
     -3.84000      0.95190      0.95190
     -3.83000      2.17522      2.17522
     -3.82000      2.54165      2.54165
     -3.81000      2.02710      2.02710
     -3.80000      1.80858      1.80858
     -3.79000      1.34341      1.34341
     -3.78000      1.81595      1.81595
     -3.77000      3.94793      3.94793
     -3.76000      4.59985      4.59985
     -3.75000      3.23497      3.23497
     -3.74000      2.10137      2.10137
     -3.73000      1.27020      1.27020
     -3.72000      0.95139      0.95139
     -3.71000      1.67614      1.67614
     -3.70000      1.65738      1.65738
     -3.69000      0.69091      0.69091
     -3.68000      0.58377      0.58377
     -3.67000      1.44909      1.44909
     -3.66000      2.02442      2.02442
     -3.65000      1.55091      1.55091
     -3.64000      0.74384      0.74384
     -3.63000      1.07846      1.07846
     -3.62000      2.26233      2.26233
     -3.61000      2.02532      2.02532
     -3.60000      0.82035      0.82035
     -3.59000      0.72820      0.72820
     -3.58000      1.39481      1.39481
     -3.57000      1.47406      1.47406
     -3.56000      1.28301      1.28301
     -3.55000      1.64303      1.64303
     -3.54000      2.03034      2.03034
     -3.53000      1.60528      1.60528
     -3.52000      0.73778      0.73778
     -3.51000      0.74149      0.74149
     -3.50000      1.79164      1.79164
     -3.49000      2.20700      2.20700
     -3.48000      1.21577      1.21577
     -3.47000      0.28901      0.28901
     -3.46000      0.08712      0.08712
     -3.45000      0.44448      0.44448
     -3.44000      1.44420      1.44420
     -3.43000      2.44090      2.44090
     -3.42000      2.99821      2.99821
     -3.41000      3.29991      3.29991
     -3.40000      2.40831      2.40831
     -3.39000      0.83991      0.83991
     -3.38000      0.17277      0.17277
     -3.37000      0.40349      0.40349
     -3.36000      1.09353      1.09353
     -3.35000      1.12306      1.12306
     -3.34000      0.60132      0.60132
     -3.33000      0.95298      0.95298
     -3.32000      2.02744      2.02744
     -3.31000      3.03329      3.03329
     -3.30000      3.34028      3.34028
     -3.29000      2.96390      2.96390
     -3.28000      3.71055      3.71055
     -3.27000      4.52054      4.52054
     -3.26000      3.83327      3.83327
     -3.25000      3.64180      3.64180
     -3.24000      3.66166      3.66166
     -3.23000      3.55109      3.55109
     -3.22000      4.09916      4.09916
     -3.21000      3.60801      3.60801
     -3.20000      3.09360      3.09360
     -3.19000      3.05214      3.05214
     -3.18000      1.81807      1.81807
     -3.17000      0.73265      0.73265
     -3.16000      1.06910      1.06910
     -3.15000      1.72619      1.72619
     -3.14000      1.55872      1.55872
     -3.13000      1.05083      1.05083
     -3.12000      0.52040      0.52040
     -3.11000      0.34799      0.34799
     -3.10000      0.89392      0.89392
     -3.09000      1.22925      1.22925
     -3.08000      0.63329      0.63329
     -3.07000      0.19956      0.19956
     -3.06000      0.57054      0.57054
     -3.05000      1.61880      1.61880
     -3.04000      2.14963      2.14963
     -3.03000      1.38249      1.38249
     -3.02000      0.40139      0.40139
     -3.01000      0.04828      0.04828
     -3.00000      0.02396      0.02396
     -2.99000      0.23039      0.23039
     -2.98000      0.94058      0.94058
     -2.97000      1.77692      1.77692
     -2.96000      2.41085      2.41085
     -2.95000      2.68751      2.68751
     -2.94000      1.90840      1.90840
     -2.93000      0.95327      0.95327
     -2.92000      1.00485      1.00485
     -2.91000      1.82236      1.82236
     -2.90000      2.26368      2.26368
     -2.89000      2.41118      2.41118
     -2.88000      2.51900      2.51900
     -2.87000      1.80728      1.80728
     -2.86000      0.88860      0.88860
     -2.85000      1.27873      1.27873
     -2.84000      2.49940      2.49940
     -2.83000      3.04851      3.04851
     -2.82000      2.37819      2.37819
     -2.81000      1.67690      1.67690
     -2.80000      1.04754      1.04754
     -2.79000      0.34677      0.34677
     -2.78000      0.33177      0.33177
     -2.77000      1.36109      1.36109
     -2.76000      2.66235      2.66235
     -2.75000      2.32394      2.32394
     -2.74000      0.95037      0.95037
     -2.73000      0.19513      0.19513
     -2.72000      0.21705      0.21705
     -2.71000      1.14637      1.14637
     -2.70000      2.56406      2.56406
     -2.69000      2.59868      2.59868
     -2.68000      1.88793      1.88793
     -2.67000      1.91443      1.91443
     -2.66000      2.61522      2.61522
     -2.65000      3.29197      3.29197
     -2.64000      2.97666      2.97666
     -2.63000      2.19405      2.19405
     -2.62000      2.37045      2.37045
     -2.61000      3.03792      3.03792
     -2.60000      4.22533      4.22533
     -2.59000      3.68634      3.68634
     -2.58000      2.52411      2.52411
     -2.57000      2.76862      2.76862
     -2.56000      2.45021      2.45021
     -2.55000      2.25927      2.25927
     -2.54000      2.70877      2.70877
     -2.53000      2.63014      2.63014
     -2.52000      1.77250      1.77250
     -2.51000      1.13016      1.13016
     -2.50000      1.35618      1.35618
     -2.49000      2.35960      2.35960
     -2.48000      2.98224      2.98224
     -2.47000      2.78786      2.78786
     -2.46000      2.62462      2.62462
     -2.45000      3.63939      3.63939
     -2.44000      5.23462      5.23462
     -2.43000      4.51338      4.51338
     -2.42000      2.12606      2.12606
     -2.41000      0.86774      0.86774
     -2.40000      1.34561      1.34561
     -2.39000      2.39611      2.39611
     -2.38000      2.30071      2.30071
     -2.37000      1.22883      1.22883
     -2.36000      0.46273      0.46273
     -2.35000      0.78320      0.78320
     -2.34000      1.55787      1.55787
     -2.33000      1.87633      1.87633
     -2.32000      1.76886      1.76886
     -2.31000      1.24432      1.24432
     -2.30000      1.14510      1.14510
     -2.29000      2.85250      2.85250
     -2.28000      5.31850      5.31850
     -2.27000      4.99155      4.99155
     -2.26000      3.03636      3.03636
     -2.25000      2.43604      2.43604
     -2.24000      2.55589      2.55589
     -2.23000      3.09930      3.09930
     -2.22000      3.47048      3.47048
     -2.21000      2.56567      2.56567
     -2.20000      2.22019      2.22019
     -2.19000      3.17724      3.17724
     -2.18000      3.10911      3.10911
     -2.17000      2.30358      2.30358
     -2.16000      2.89057      2.89057
     -2.15000      4.56167      4.56167
     -2.14000      6.01762      6.01762
     -2.13000      5.96409      5.96409
     -2.12000      4.56513      4.56513
     -2.11000      3.76198      3.76198
     -2.10000      3.90114      3.90114
     -2.09000      3.95311      3.95311
     -2.08000      3.51626      3.51626
     -2.07000      3.69436      3.69436
     -2.06000      3.16313      3.16313
     -2.05000      2.23050      2.23050
     -2.04000      2.41217      2.41217
     -2.03000      2.10338      2.10338
     -2.02000      1.76983      1.76983
     -2.01000      3.63997      3.63997
     -2.00000      4.81674      4.81674
     -1.99000      2.86663      2.86663
     -1.98000      1.56845      1.56845
     -1.97000      1.34446      1.34446
     -1.96000      1.54962      1.54962
     -1.95000      3.26440      3.26440
     -1.94000      4.74120      4.74120
     -1.93000      5.01496      5.01496
     -1.92000      4.35324      4.35324
     -1.91000      3.05726      3.05726
     -1.90000      3.36264      3.36264
     -1.89000      3.69006      3.69006
     -1.88000      3.40305      3.40305
     -1.87000      3.50242      3.50242
     -1.86000      2.53006      2.53006
     -1.85000      0.95636      0.95636
     -1.84000      0.83452      0.83452
     -1.83000      2.00520      2.00520
     -1.82000      2.75782      2.75782
     -1.81000      2.48489      2.48489
     -1.80000      2.11620      2.11620
     -1.79000      2.34661      2.34661
     -1.78000      3.86992      3.86992
     -1.77000      4.62931      4.62931
     -1.76000      2.93143      2.93143
     -1.75000      1.14968      1.14968
     -1.74000      0.72657      0.72657
     -1.73000      0.72027      0.72027
     -1.72000      0.97598      0.97598
     -1.71000      1.29618      1.29618
     -1.70000      0.99437      0.99437
     -1.69000      1.14999      1.14999
     -1.68000      1.58522      1.58522
     -1.67000      1.71124      1.71124
     -1.66000      1.63139      1.63139
     -1.65000      1.07773      1.07773
     -1.64000      0.42278      0.42278
     -1.63000      0.08228      0.08228
     -1.62000      0.07977      0.07977
     -1.61000      0.66419      0.66419
     -1.60000      2.59291      2.59291
     -1.59000      4.77832      4.77832
     -1.58000      4.54796      4.54796
     -1.57000      2.31461      2.31461
     -1.56000      0.58276      0.58276
     -1.55000      0.06427      0.06427
     -1.54000      0.00287      0.00287
     -1.53000      0.00137      0.00137
     -1.52000      0.02690      0.02690
     -1.51000      0.20179      0.20179
     -1.50000      0.58134      0.58134
     -1.49000      0.79861      0.79861
     -1.48000      0.95768      0.95768
     -1.47000      1.13622      1.13622
     -1.46000      1.11431      1.11431
     -1.45000      1.31697      1.31697
     -1.44000      1.30355      1.30355
     -1.43000      1.02504      1.02504
     -1.42000      1.13759      1.13759
     -1.41000      0.96921      0.96921
     -1.40000      0.76546      0.76546
     -1.39000      1.42889      1.42889
     -1.38000      2.01373      2.01373
     -1.37000      1.98974      1.98974
     -1.36000      2.30877      2.30877
     -1.35000      1.95174      1.95174
     -1.34000      0.81260      0.81260
     -1.33000      0.70923      0.70923
     -1.32000      1.87331      1.87331
     -1.31000      2.63775      2.63775
     -1.30000      2.13023      2.13023
     -1.29000      1.28074      1.28074
     -1.28000      0.60288      0.60288
     -1.27000      0.15674      0.15674
     -1.26000      0.01693      0.01693
     -1.25000      0.00108      0.00108
     -1.24000      0.01382      0.01382
     -1.23000      0.18879      0.18879
     -1.22000      1.03117      1.03117
     -1.21000      2.41435      2.41435
     -1.20000      2.77994      2.77994
     -1.19000      2.10195      2.10195
     -1.18000      1.44010      1.44010
     -1.17000      0.82535      0.82535
     -1.16000      0.96967      0.96967
     -1.15000      3.12151      3.12151
     -1.14000      5.22619      5.22619
     -1.13000      3.68493      3.68493
     -1.12000      1.10390      1.10390
     -1.11000      0.43425      0.43425
     -1.10000      1.20154      1.20154
     -1.09000      2.41630      2.41630
     -1.08000      3.33266      3.33266
     -1.07000      3.14963      3.14963
     -1.06000      2.09874      2.09874
     -1.05000      1.32936      1.32936
     -1.04000      1.58768      1.58768
     -1.03000      2.38932      2.38932
     -1.02000      1.81425      1.81425
     -1.01000      0.57732      0.57732
     -1.00000      0.08279      0.08279
     -0.99000      0.15432      0.15432
     -0.98000      1.20482      1.20482
     -0.97000      3.86942      3.86942
     -0.96000      5.35669      5.35669
     -0.95000      4.19356      4.19356
     -0.94000      3.11527      3.11527
     -0.93000      3.12748      3.12748
     -0.92000      3.22737      3.22737
     -0.91000      2.36804      2.36804
     -0.90000      2.79660      2.79660
     -0.89000      4.26580      4.26580
     -0.88000      4.31728      4.31728
     -0.87000      4.07174      4.07174
     -0.86000      3.65422      3.65422
     -0.85000      3.42695      3.42695
     -0.84000      4.63818      4.63818
     -0.83000      5.48915      5.48915
     -0.82000      4.06926      4.06926
     -0.81000      3.19704      3.19704
     -0.80000      4.38984      4.38984
     -0.79000      5.58040      5.58040
     -0.78000      4.32960      4.32960
     -0.77000      2.49296      2.49296
     -0.76000      1.74525      1.74525
     -0.75000      1.46611      1.46611
     -0.74000      1.69157      1.69157
     -0.73000      2.03825      2.03825
     -0.72000      2.03036      2.03036
     -0.71000      1.17075      1.17075
     -0.70000      0.59466      0.59466
     -0.69000      1.31282      1.31282
     -0.68000      2.75983      2.75983
     -0.67000      4.08591      4.08591
     -0.66000      5.19588      5.19588
     -0.65000      5.49204      5.49204
     -0.64000      4.69861      4.69861
     -0.63000      3.91100      3.91100
     -0.62000      2.60003      2.60003
     -0.61000      1.65226      1.65226
     -0.60000      3.17057      3.17057
     -0.59000      6.02247      6.02247
     -0.58000      7.45718      7.45718
     -0.57000      5.41055      5.41055
     -0.56000      1.89012      1.89012
     -0.55000      0.52579      0.52579
     -0.54000      1.34046      1.34046
     -0.53000      3.07735      3.07735
     -0.52000      3.48744      3.48744
     -0.51000      2.81017      2.81017
     -0.50000      2.97128      2.97128
     -0.49000      3.76505      3.76505
     -0.48000      3.91969      3.91969
     -0.47000      3.05927      3.05927
     -0.46000      3.15590      3.15590
     -0.45000      3.21258      3.21258
     -0.44000      3.39576      3.39576
     -0.43000      5.51022      5.51022
     -0.42000      6.64923      6.64923
     -0.41000      3.88580      3.88580
     -0.40000      1.18207      1.18207
     -0.39000      0.95756      0.95756
     -0.38000      2.10438      2.10438
     -0.37000      3.62248      3.62248
     -0.36000      4.42498      4.42498
     -0.35000      3.91151      3.91151
     -0.34000      2.58780      2.58780
     -0.33000      2.05273      2.05273
     -0.32000      3.18328      3.18328
     -0.31000      3.68290      3.68290
     -0.30000      2.41040      2.41040
     -0.29000      1.97269      1.97269
     -0.28000      3.68176      3.68176
     -0.27000      5.91973      5.91973
     -0.26000      7.06931      7.06931
     -0.25000      5.81116      5.81116
     -0.24000      3.64931      3.64931
     -0.23000      2.31281      2.31281
     -0.22000      1.63299      1.63299
     -0.21000      1.74034      1.74034
     -0.20000      2.27150      2.27150
     -0.19000      2.49047      2.49047
     -0.18000      2.39445      2.39445
     -0.17000      1.96251      1.96251
     -0.16000      1.83295      1.83295
     -0.15000      2.36362      2.36362
     -0.14000      3.82407      3.82407
     -0.13000      4.90290      4.90290
     -0.12000      4.37289      4.37289
     -0.11000      3.80249      3.80249
     -0.10000      4.20776      4.20776
     -0.09000      4.59435      4.59435
     -0.08000      4.14204      4.14204
     -0.07000      3.55794      3.55794
     -0.06000      2.62523      2.62523
     -0.05000      1.73705      1.73705
     -0.04000      1.79558      1.79558
     -0.03000      1.94880      1.94880
     -0.02000      1.32636      1.32636
     -0.01000      1.83667      1.83667
      0.00000      3.28833      3.28833
      0.01000      4.23780      4.23780
      0.02000      4.79343      4.79343
      0.03000      3.92062      3.92062
      0.04000      1.96419      1.96419
      0.05000      2.13771      2.13771
      0.06000      4.56089      4.56089
      0.07000      5.33364      5.33364
      0.08000      4.72694      4.72694
      0.09000      4.70348      4.70348
      0.10000      3.70901      3.70901
      0.11000      2.31307      2.31307
      0.12000      2.50368      2.50368
      0.13000      2.19001      2.19001
      0.14000      1.35183      1.35183
      0.15000      1.35510      1.35510
      0.16000      1.19347      1.19347
      0.17000      1.64348      1.64348
      0.18000      2.66335      2.66335
      0.19000      2.67455      2.67455
      0.20000      2.46075      2.46075
      0.21000      2.83174      2.83174
      0.22000      3.41231      3.41231
      0.23000      3.14109      3.14109
      0.24000      2.67438      2.67438
      0.25000      1.99895      1.99895
      0.26000      1.07337      1.07337
      0.27000      0.91632      0.91632
      0.28000      2.39973      2.39973
      0.29000      3.76981      3.76981
      0.30000      3.08770      3.08770
      0.31000      2.54854      2.54854
      0.32000      2.93293      2.93293
      0.33000      3.54258      3.54258
      0.34000      3.31192      3.31192
      0.35000      2.18981      2.18981
      0.36000      1.91379      1.91379
      0.37000      2.48405      2.48405
      0.38000      2.82886      2.82886
      0.39000      2.00492      2.00492
      0.40000      0.69657      0.69657
      0.41000      0.53579      0.53579
      0.42000      2.16484      2.16484
      0.43000      4.48399      4.48399
      0.44000      4.30364      4.30364
      0.45000      3.27149      3.27149
      0.46000      4.44842      4.44842
      0.47000      5.57046      5.57046
      0.48000      4.08724      4.08724
      0.49000      2.73032      2.73032
      0.50000      3.46072      3.46072
      0.51000      4.03240      4.03240
      0.52000      4.74906      4.74906
      0.53000      5.93354      5.93354
      0.54000      6.02408      6.02408
      0.55000      4.77733      4.77733
      0.56000      3.12671      3.12671
      0.57000      2.03390      2.03390
      0.58000      1.19545      1.19545
      0.59000      0.77587      0.77587
      0.60000      1.58581      1.58581
      0.61000      2.60626      2.60626
      0.62000      3.03254      3.03254
      0.63000      2.87441      2.87441
      0.64000      1.79903      1.79903
      0.65000      1.55911      1.55911
      0.66000      2.40394      2.40394
      0.67000      2.85390      2.85390
      0.68000      3.25635      3.25635
      0.69000      2.66667      2.66667
      0.70000      1.16788      1.16788
      0.71000      0.28713      0.28713
      0.72000      0.21956      0.21956
      0.73000      0.54169      0.54169
      0.74000      0.57337      0.57337
      0.75000      0.41953      0.41953
      0.76000      1.21637      1.21637
      0.77000      2.68439      2.68439
      0.78000      2.51946      2.51946
      0.79000      1.29012      1.29012
      0.80000      1.47747      1.47747
      0.81000      2.86766      2.86766
      0.82000      3.07612      3.07612
      0.83000      1.55370      1.55370
      0.84000      0.60449      0.60449
      0.85000      0.99322      0.99322
      0.86000      1.22703      1.22703
      0.87000      0.77111      0.77111
      0.88000      0.85266      0.85266
      0.89000      1.46222      1.46222
      0.90000      2.02582      2.02582
      0.91000      2.42590      2.42590
      0.92000      2.46128      2.46128
      0.93000      1.92921      1.92921
      0.94000      1.55819      1.55819
      0.95000      0.92857      0.92857
      0.96000      0.30064      0.30064
      0.97000      0.52241      0.52241
      0.98000      1.66733      1.66733
      0.99000      2.33278      2.33278
      1.00000      1.47096      1.47096
      1.01000      0.80209      0.80209
      1.02000      0.88273      0.88273
      1.03000      0.94295      0.94295
      1.04000      1.06730      1.06730
      1.05000      2.14699      2.14699
      1.06000      3.50897      3.50897
      1.07000      2.78152      2.78152
      1.08000      1.63398      1.63398
      1.09000      1.42247      1.42247
      1.10000      1.26704      1.26704
      1.11000      1.66726      1.66726
      1.12000      1.95395      1.95395
      1.13000      1.42121      1.42121
      1.14000      0.51324      0.51324
      1.15000      0.07699      0.07699
      1.16000      0.03202      0.03202
      1.17000      0.26655      0.26655
      1.18000      0.95911      0.95911
      1.19000      1.46212      1.46212
      1.20000      1.61153      1.61153
      1.21000      2.01774      2.01774
      1.22000      1.98041      1.98041
      1.23000      1.58539      1.58539
      1.24000      1.60050      1.60050
      1.25000      1.46956      1.46956
      1.26000      1.14785      1.14785
      1.27000      0.89421      0.89421
      1.28000      0.47543      0.47543
      1.29000      0.11891      0.11891
      1.30000      0.07825      0.07825
      1.31000      0.45294      0.45294
      1.32000      1.31612      1.31612
      1.33000      1.69435      1.69435
      1.34000      0.94293      0.94293
      1.35000      0.38418      0.38418
      1.36000      0.94143      0.94143
      1.37000      1.80763      1.80763
      1.38000      1.37594      1.37594
      1.39000      0.61154      0.61154
      1.40000      0.62079      0.62079
      1.41000      0.62699      0.62699
      1.42000      0.75383      0.75383
      1.43000      1.24103      1.24103
      1.44000      1.05509      1.05509
      1.45000      0.96247      0.96247
      1.46000      1.68742      1.68742
      1.47000      1.78242      1.78242
      1.48000      1.67383      1.67383
      1.49000      2.42970      2.42970
      1.50000      2.79470      2.79470
      1.51000      2.38882      2.38882
      1.52000      1.46545      1.46545
      1.53000      0.51493      0.51493
      1.54000      0.09454      0.09454
      1.55000      0.13055      0.13055
      1.56000      0.65020      0.65020
      1.57000      1.29405      1.29405
      1.58000      1.23723      1.23723
      1.59000      1.37286      1.37286
      1.60000      2.46716      2.46716
      1.61000      3.43309      3.43309
      1.62000      2.51398      2.51398
      1.63000      0.86194      0.86194
      1.64000      0.36826      0.36826
      1.65000      1.01434      1.01434
      1.66000      1.82005      1.82005
      1.67000      1.85779      1.85779
      1.68000      1.30216      1.30216
      1.69000      1.25942      1.25942
      1.70000      1.54533      1.54533
      1.71000      1.19972      1.19972
      1.72000      0.73916      0.73916
      1.73000      1.19160      1.19160
      1.74000      2.46906      2.46906
      1.75000      2.55445      2.55445
      1.76000      1.23974      1.23974
      1.77000      0.32802      0.32802
      1.78000      0.53113      0.53113
      1.79000      1.54149      1.54149
      1.80000      1.74398      1.74398
      1.81000      0.84487      0.84487
      1.82000      0.64476      0.64476
      1.83000      1.08396      1.08396
      1.84000      1.34432      1.34432
      1.85000      1.46795      1.46795
      1.86000      1.54620      1.54620
      1.87000      1.59942      1.59942
      1.88000      1.48838      1.48838
      1.89000      1.91360      1.91360
      1.90000      2.97870      2.97870
      1.91000      2.29166      2.29166
      1.92000      0.73285      0.73285
      1.93000      0.25629      0.25629
      1.94000      0.75420      0.75420
      1.95000      1.24673      1.24673
      1.96000      0.76264      0.76264
      1.97000      0.17296      0.17296
      1.98000      0.04757      0.04757
      1.99000      0.31403      0.31403
      2.00000      1.14341      1.14341
      2.01000      1.70721      1.70721
      2.02000      1.11578      1.11578
      2.03000      0.32882      0.32882
      2.04000      0.05062      0.05062
      2.05000      0.15401      0.15401
      2.06000      1.02959      1.02959
      2.07000      2.76613      2.76613
      2.08000      3.11563      3.11563
      2.09000      1.69180      1.69180
      2.10000      0.52186      0.52186
      2.11000      0.13051      0.13051
      2.12000      0.36712      0.36712
      2.13000      1.05727      1.05727
      2.14000      1.13874      1.13874
      2.15000      0.45127      0.45127
      2.16000      0.06579      0.06579
      2.17000      0.00364      0.00364
      2.18000      0.00525      0.00525
      2.19000      0.08623      0.08623
      2.20000      0.52802      0.52802
      2.21000      1.20174      1.20174
      2.22000      1.15397      1.15397
      2.23000      1.05957      1.05957
      2.24000      1.28028      1.28028
      2.25000      0.75523      0.75523
      2.26000      0.20767      0.20767
      2.27000      0.44047      0.44047
      2.28000      1.71661      1.71661
      2.29000      2.94067      2.94067
      2.30000      3.33729      3.33729
      2.31000      3.70845      3.70845
      2.32000      2.68991      2.68991
      2.33000      1.46504      1.46504
      2.34000      1.34059      1.34059
      2.35000      0.85040      0.85040
      2.36000      0.21681      0.21681
      2.37000      0.11414      0.11414
      2.38000      0.77117      0.77117
      2.39000      2.46669      2.46669
      2.40000      3.32315      3.32315
      2.41000      2.41876      2.41876
      2.42000      1.34575      1.34575
      2.43000      0.66332      0.66332
      2.44000      0.90397      0.90397
      2.45000      1.24487      1.24487
      2.46000      0.69164      0.69164
      2.47000      0.33874      0.33874
      2.48000      1.25801      1.25801
      2.49000      2.89789      2.89789
      2.50000      2.56266      2.56266
      2.51000      1.16021      1.16021
      2.52000      1.21993      1.21993
      2.53000      1.69864      1.69864
      2.54000      1.89382      1.89382
      2.55000      2.40501      2.40501
      2.56000      2.17767      2.17767
      2.57000      1.10556      1.10556
      2.58000      0.76559      0.76559
      2.59000      1.21410      1.21410
      2.60000      0.98292      0.98292
      2.61000      0.34983      0.34983
      2.62000      0.54542      0.54542
      2.63000      1.98112      1.98112
      2.64000      3.02532      3.02532
      2.65000      1.79633      1.79633
      2.66000      0.40759      0.40759
      2.67000      0.03890      0.03890
      2.68000      0.05978      0.05978
      2.69000      0.31364      0.31364
      2.70000      0.63215      0.63215
      2.71000      0.60429      0.60429
      2.72000      0.70363      0.70363
      2.73000      1.27870      1.27870
      2.74000      2.31555      2.31555
      2.75000      2.58223      2.58223
      2.76000      1.97156      1.97156
      2.77000      1.99456      1.99456
      2.78000      1.86418      1.86418
      2.79000      1.03170      1.03170
      2.80000      0.38016      0.38016
      2.81000      0.67779      0.67779
      2.82000      1.27286      1.27286
      2.83000      1.21773      1.21773
      2.84000      1.51790      1.51790
      2.85000      1.82588      1.82588
      2.86000      0.97146      0.97146
      2.87000      0.21973      0.21973
      2.88000      0.21698      0.21698
      2.89000      0.91139      0.91139
      2.90000      1.89987      1.89987
      2.91000      2.50801      2.50801
      2.92000      2.65962      2.65962
      2.93000      2.45849      2.45849
      2.94000      2.20339      2.20339
      2.95000      2.20215      2.20215
      2.96000      2.52740      2.52740
      2.97000      1.97050      1.97050
      2.98000      0.89996      0.89996
      2.99000      0.66512      0.66512
      3.00000      0.59800      0.59800
      3.01000      0.51673      0.51673
      3.02000      0.91830      0.91830
      3.03000      1.71033      1.71033
      3.04000      2.41667      2.41667
      3.05000      1.76896      1.76896
      3.06000      0.56577      0.56577
      3.07000      0.17396      0.17396
      3.08000      0.64392      0.64392
      3.09000      1.57290      1.57290
      3.10000      1.60378      1.60378
      3.11000      0.97953      0.97953
      3.12000      1.37376      1.37376
      3.13000      1.91196      1.91196
      3.14000      1.47230      1.47230
      3.15000      1.84317      1.84317
      3.16000      2.70251      2.70251
      3.17000      2.44920      2.44920
      3.18000      2.12342      2.12342
      3.19000      2.27610      2.27610
      3.20000      1.63497      1.63497
      3.21000      0.64438      0.64438
      3.22000      0.35020      0.35020
      3.23000      0.99994      0.99994
      3.24000      1.68951      1.68951
      3.25000      1.27358      1.27358
      3.26000      0.63671      0.63671
      3.27000      1.15083      1.15083
      3.28000      2.46143      2.46143
      3.29000      2.67347      2.67347
      3.30000      1.99085      1.99085
      3.31000      1.53956      1.53956
      3.32000      0.79920      0.79920
      3.33000      0.43759      0.43759
      3.34000      1.50583      1.50583
      3.35000      3.32160      3.32160
      3.36000      3.00579      3.00579
      3.37000      1.10364      1.10364
      3.38000      0.24176      0.24176
      3.39000      0.38900      0.38900
      3.40000      0.69170      0.69170
