Energy-E_F (eV)    DOS (1/eV)    PDOS (1/eV)  of atom type Hf 
     -4.81908      0.28344      0.00000
     -4.80908      1.52517      0.00000
     -4.79908      4.02608      0.00000
     -4.78908      6.82536      0.00000
     -4.77908      7.77795      0.00000
     -4.76908      5.06130      0.00000
     -4.75908      2.03663      0.00000
     -4.74908      0.67314      0.00000
     -4.73908      1.18578      0.00000
     -4.72908      3.38044      0.00000
     -4.71908      4.74566      0.00000
     -4.70908      4.36854      0.00000
     -4.69908      4.27159      0.00000
     -4.68908      2.89493      0.00000
     -4.67908      0.86791      0.00000
     -4.66908      0.44108      0.00000
     -4.65908      1.53956      0.00000
     -4.64908      2.49715      0.00000
     -4.63908      1.56266      0.00000
     -4.62908      0.85915      0.00000
     -4.61908      1.77238      0.00000
     -4.60908      3.34007      0.00000
     -4.59908      3.93499      0.00000
     -4.58908      2.76103      0.00000
     -4.57908      2.72608      0.00000
     -4.56908      4.23700      0.00000
     -4.55908      4.40929      0.00000
     -4.54908      3.65864      0.00000
     -4.53908      2.75403      0.00000
     -4.52908      2.15398      0.00000
     -4.51908      4.71743      0.00000
     -4.50908      7.33369      0.00000
     -4.49908      5.46427      0.00000
     -4.48908      3.44896      0.00000
     -4.47908      2.18622      0.00000
     -4.46908      0.75354      0.00000
     -4.45908      0.72043      0.00000
     -4.44908      2.40377      0.00000
     -4.43908      3.64038      0.00000
     -4.42908      2.47400      0.00000
     -4.41908      1.53594      0.00000
     -4.40908      1.37982      0.00000
     -4.39908      1.62130      0.00000
     -4.38908      3.09900      0.00000
     -4.37908      4.29636      0.00000
     -4.36908      4.12805      0.00000
     -4.35908      2.25203      0.00000
     -4.34908      0.53788      0.00000
     -4.33908      0.05983      0.00000
     -4.32908      0.13213      0.00000
     -4.31908      0.66203      0.00000
     -4.30908      1.23699      0.00000
     -4.29908      0.85201      0.00000
     -4.28908      0.27021      0.00000
     -4.27908      0.68415      0.00000
     -4.26908      3.09637      0.00000
     -4.25908      5.97675      0.00000
     -4.24908      5.49874      0.00000
     -4.23908      2.72606      0.00000
     -4.22908      0.85752      0.00000
     -4.21908      1.54819      0.00000
     -4.20908      4.62021      0.00000
     -4.19908      5.99642      0.00000
     -4.18908      4.15300      0.00000
     -4.17908      3.41962      0.00000
     -4.16908      3.87560      0.00000
     -4.15908      5.05166      0.00000
     -4.14908      6.19017      0.00000
     -4.13908      7.19171      0.00000
     -4.12908      5.61496      0.00000
     -4.11908      1.93996      0.00000
     -4.10908      0.26788      0.00000
     -4.09908      0.13302      0.00000
     -4.08908      0.63356      0.00000
     -4.07908      1.23007      0.00000
     -4.06908      0.87891      0.00000
     -4.05908      0.23103      0.00000
     -4.04908      0.02257      0.00000
     -4.03908      0.01135      0.00000
     -4.02908      0.17461      0.00000
     -4.01908      1.06267      0.00000
     -4.00908      2.38177      0.00000
     -3.99908      2.03688      0.00000
     -3.98908      1.50825      0.00000
     -3.97908      4.26690      0.00000
     -3.96908      7.79727      0.00000
     -3.95908      6.23651      0.00000
     -3.94908      2.36227      0.00000
     -3.93908      1.20859      0.00000
     -3.92908      2.75480      0.00000
     -3.91908      3.74821      0.00000
     -3.90908      2.78985      0.00000
     -3.89908      1.59995      0.00000
     -3.88908      0.58987      0.00000
     -3.87908      0.20174      0.00000
     -3.86908      1.05210      0.00000
     -3.85908      3.82921      0.00000
     -3.84908      5.99330      0.00000
     -3.83908      6.48441      0.00000
     -3.82908      6.48170      0.00000
     -3.81908      4.37771      0.00000
     -3.80908      4.72853      0.00000
     -3.79908      7.89304      0.00000
     -3.78908      6.58823      0.00000
     -3.77908      2.28041      0.00000
     -3.76908      1.03288      0.00000
     -3.75908      2.16415      0.00000
     -3.74908      2.24678      0.00000
     -3.73908      0.86311      0.00000
     -3.72908      0.12211      0.00000
     -3.71908      0.01167      0.00000
     -3.70908      0.08938      0.00000
     -3.69908      0.57759      0.00000
     -3.68908      1.65525      0.00000
     -3.67908      2.76358      0.00000
     -3.66908      3.12504      0.00000
     -3.65908      3.49820      0.00000
     -3.64908      5.17363      0.00000
     -3.63908      4.76968      0.00000
     -3.62908      3.68880      0.00000
     -3.61908      3.69843      0.00000
     -3.60908      3.70726      0.00000
     -3.59908      5.90903      0.00000
     -3.58908      8.59832      0.00000
     -3.57908      8.93168      0.00000
     -3.56908      6.39384      0.00000
     -3.55908      2.56948      0.00000
     -3.54908      0.92730      0.00000
     -3.53908      2.18666      0.00000
     -3.52908      3.76344      0.00000
     -3.51908      2.80173      0.00000
     -3.50908      2.53470      0.00000
     -3.49908      4.09903      0.00000
     -3.48908      3.90834      0.00000
     -3.47908      1.76070      0.00000
     -3.46908      0.39139      0.00000
     -3.45908      0.64506      0.00000
     -3.44908      2.79250      0.00000
     -3.43908      4.86571      0.00000
     -3.42908      3.46996      0.00000
     -3.41908      1.93513      0.00000
     -3.40908      2.37121      0.00000
     -3.39908      2.26142      0.00000
     -3.38908      1.93614      0.00000
     -3.37908      2.66458      0.00000
     -3.36908      3.88872      0.00000
     -3.35908      4.13525      0.00000
     -3.34908      2.57136      0.00000
     -3.33908      1.01044      0.00000
     -3.32908      1.43729      0.00000
     -3.31908      2.48524      0.00000
     -3.30908      1.73356      0.00000
     -3.29908      0.97038      0.00000
     -3.28908      1.95919      0.00000
     -3.27908      2.70227      0.00000
     -3.26908      3.05788      0.00000
     -3.25908      5.31878      0.00000
     -3.24908      6.24102      0.00000
     -3.23908      5.74554      0.00000
     -3.22908      5.41191      0.00000
     -3.21908      2.76487      0.00000
     -3.20908      0.57114      0.00000
     -3.19908      0.27919      0.00000
     -3.18908      1.26189      0.00000
     -3.17908      2.46090      0.00000
     -3.16908      1.82300      0.00000
     -3.15908      1.10499      0.00000
     -3.14908      3.28364      0.00000
     -3.13908      7.75476      0.00000
     -3.12908      9.40414      0.00000
     -3.11908      8.93221      0.00000
     -3.10908      8.54788      0.00000
     -3.09908      7.45540      0.00000
     -3.08908      7.98673      0.00000
     -3.07908      8.85700      0.00000
     -3.06908     10.78788      0.00000
     -3.05908      9.51959      0.00000
     -3.04908      4.17098      0.00000
     -3.03908      2.25001      0.00000
     -3.02908      3.17759      0.00000
     -3.01908      2.88044      0.00000
     -3.00908      1.60061      0.00000
     -2.99908      2.15460      0.00000
     -2.98908      3.99715      0.00000
     -2.97908      3.95112      0.00000
     -2.96908      1.69965      0.00000
     -2.95908      0.29136      0.00000
     -2.94908      0.05382      0.00000
     -2.93908      0.31554      0.00000
     -2.92908      1.16749      0.00000
     -2.91908      2.57088      0.00000
     -2.90908      4.92862      0.00000
     -2.89908      5.83294      0.00000
     -2.88908      3.12716      0.00000
     -2.87908      0.72049      0.00000
     -2.86908      0.29788      0.00000
     -2.85908      1.24920      0.00000
     -2.84908      2.45452      0.00000
     -2.83908      1.77810      0.00000
     -2.82908      0.49328      0.00000
     -2.81908      0.31683      0.00000
     -2.80908      1.40829      0.00000
     -2.79908      3.11256      0.00000
     -2.78908      4.32947      0.00000
     -2.77908      5.51218      0.00000
     -2.76908      4.82077      0.00000
     -2.75908      2.31768      0.00000
     -2.74908      1.99342      0.00000
     -2.73908      3.67743      0.00000
     -2.72908      3.89858      0.00000
     -2.71908      4.55809      0.00000
     -2.70908      5.42256      0.00000
     -2.69908      4.14532      0.00000
     -2.68908      2.94023      0.00000
     -2.67908      1.68276      0.00000
     -2.66908      1.83128      0.00000
     -2.65908      2.90570      0.00000
     -2.64908      3.03963      0.00000
     -2.63908      3.09130      0.00000
     -2.62908      3.19821      0.00000
     -2.61908      3.11279      0.00000
     -2.60908      2.58068      0.00000
     -2.59908      3.24963      0.00000
     -2.58908      4.45140      0.00000
     -2.57908      3.65950      0.00000
     -2.56908      2.05872      0.00000
     -2.55908      0.88231      0.00000
     -2.54908      0.24795      0.00000
     -2.53908      0.76549      0.00000
     -2.52908      3.69802      0.00000
     -2.51908      7.22219      0.00000
     -2.50908      6.40400      0.00000
     -2.49908      4.15850      0.00000
     -2.48908      4.30623      0.00000
     -2.47908      5.07418      0.00000
     -2.46908      6.13006      0.00000
     -2.45908      6.87405      0.00000
     -2.44908      6.03320      0.00000
     -2.43908      5.69663      0.00000
     -2.42908      6.67885      0.00000
     -2.41908      7.73678      0.00000
     -2.40908      7.26533      0.00000
     -2.39908      6.00821      0.00000
     -2.38908      6.24695      0.00000
     -2.37908      5.38540      0.00000
     -2.36908      3.27978      0.00000
     -2.35908      2.10394      0.00000
     -2.34908      2.90093      0.00000
     -2.33908      3.12102      0.00000
     -2.32908      2.04399      0.00000
     -2.31908      1.49947      0.00000
     -2.30908      1.38991      0.00000
     -2.29908      1.83740      0.00000
     -2.28908      4.55640      0.00000
     -2.27908      6.88252      0.00000
     -2.26908      6.85125      0.00000
     -2.25908      5.74086      0.00000
     -2.24908      5.24445      0.00000
     -2.23908      6.66073      0.00000
     -2.22908      7.31469      0.00000
     -2.21908      4.25117      0.00000
     -2.20908      1.48245      0.00000
     -2.19908      2.47373      0.00000
     -2.18908      4.76477      0.00000
     -2.17908      4.01237      0.00000
     -2.16908      3.16096      0.00000
     -2.15908      5.06498      0.00000
     -2.14908      6.16139      0.00000
     -2.13908      6.21009      0.00000
     -2.12908      5.63266      0.00000
     -2.11908      4.97696      0.00000
     -2.10908      5.79501      0.00000
     -2.09908      4.90910      0.00000
     -2.08908      2.92391      0.00000
     -2.07908      3.73817      0.00000
     -2.06908      5.98046      0.00000
     -2.05908      6.07640      0.00000
     -2.04908      6.74256      0.00000
     -2.03908      8.00952      0.00000
     -2.02908      6.43378      0.00000
     -2.01908      4.72436      0.00000
     -2.00908      4.37397      0.00000
     -1.99908      4.41007      0.00000
     -1.98908      6.65490      0.00000
     -1.97908      9.15395      0.00000
     -1.96908      7.55215      0.00000
     -1.95908      4.73806      0.00000
     -1.94908      5.76199      0.00000
     -1.93908     11.04736      0.00000
     -1.92908     14.32515      0.00000
     -1.91908     10.44670      0.00000
     -1.90908      4.98716      0.00000
     -1.89908      2.90165      0.00000
     -1.88908      4.56691      0.00000
     -1.87908      8.27503      0.00000
     -1.86908      8.80815      0.00000
     -1.85908      5.86104      0.00000
     -1.84908      3.99710      0.00000
     -1.83908      4.13615      0.00000
     -1.82908      5.99512      0.00000
     -1.81908      7.48483      0.00000
     -1.80908      7.31836      0.00000
     -1.79908      7.03886      0.00000
     -1.78908      5.37615      0.00000
     -1.77908      2.88860      0.00000
     -1.76908      2.80627      0.00000
     -1.75908      5.04984      0.00000
     -1.74908      6.85806      0.00000
     -1.73908      7.35093      0.00000
     -1.72908      8.01526      0.00000
     -1.71908      9.20593      0.00000
     -1.70908      9.32358      0.00000
     -1.69908      7.00834      0.00000
     -1.68908      7.18246      0.00000
     -1.67908      8.67160      0.00000
     -1.66908      5.22394      0.00000
     -1.65908      1.40767      0.00000
     -1.64908      1.30661      0.00000
     -1.63908      4.36182      0.00000
     -1.62908      7.50394      0.00000
     -1.61908      8.00520      0.00000
     -1.60908      7.23461      0.00000
     -1.59908      7.35790      0.00000
     -1.58908      7.10430      0.00000
     -1.57908      4.86476      0.00000
     -1.56908      2.30591      0.00000
     -1.55908      1.90499      0.00000
     -1.54908      3.24157      0.00000
     -1.53908      4.23808      0.00000
     -1.52908      3.76575      0.00000
     -1.51908      1.93285      0.00000
     -1.50908      0.44745      0.00000
     -1.49908      0.04393      0.00000
     -1.48908      0.06484      0.00000
     -1.47908      0.48294      0.00000
     -1.46908      1.61290      0.00000
     -1.45908      2.87367      0.00000
     -1.44908      2.83440      0.00000
     -1.43908      1.47009      0.00000
     -1.42908      1.63560      0.00000
     -1.41908      4.09248      0.00000
     -1.40908      5.54348      0.00000
     -1.39908      5.48035      0.00000
     -1.38908      4.97469      0.00000
     -1.37908      2.65699      0.00000
     -1.36908      0.91193      0.00000
     -1.35908      1.67782      0.00000
     -1.34908      3.42584      0.00000
     -1.33908      2.92392      0.00000
     -1.32908      1.32694      0.00000
     -1.31908      1.17254      0.00000
     -1.30908      1.16490      0.00000
     -1.29908      0.53319      0.00000
     -1.28908      0.63120      0.00000
     -1.27908      2.19500      0.00000
     -1.26908      3.74042      0.00000
     -1.25908      3.20809      0.00000
     -1.24908      1.91372      0.00000
     -1.23908      1.11146      0.00000
     -1.22908      1.39558      0.00000
     -1.21908      2.35491      0.00000
     -1.20908      3.42384      0.00000
     -1.19908      3.18643      0.00000
     -1.18908      1.51449      0.00000
     -1.17908      0.61355      0.00000
     -1.16908      1.84141      0.00000
     -1.15908      4.66990      0.00000
     -1.14908      5.53472      0.00000
     -1.13908      3.73891      0.00000
     -1.12908      1.96528      0.00000
     -1.11908      1.16957      0.00000
     -1.10908      1.77125      0.00000
     -1.09908      2.32820      0.00000
     -1.08908      1.60876      0.00000
     -1.07908      1.76507      0.00000
     -1.06908      3.50728      0.00000
     -1.05908      4.10506      0.00000
     -1.04908      2.47297      0.00000
     -1.03908      0.79539      0.00000
     -1.02908      0.97390      0.00000
     -1.01908      2.67481      0.00000
     -1.00908      3.78084      0.00000
     -0.99908      4.16915      0.00000
     -0.98908      4.30481      0.00000
     -0.97908      2.97782      0.00000
     -0.96908      3.10523      0.00000
     -0.95908      4.52882      0.00000
     -0.94908      4.20382      0.00000
     -0.93908      4.23723      0.00000
     -0.92908      6.15926      0.00000
     -0.91908      7.55163      0.00000
     -0.90908      6.51799      0.00000
     -0.89908      3.40567      0.00000
     -0.88908      1.80474      0.00000
     -0.87908      3.39407      0.00000
     -0.86908      5.58747      0.00000
     -0.85908      5.79310      0.00000
     -0.84908      4.25350      0.00000
     -0.83908      3.03919      0.00000
     -0.82908      3.72368      0.00000
     -0.81908      4.49964      0.00000
     -0.80908      4.70940      0.00000
     -0.79908      5.99255      0.00000
     -0.78908      6.49106      0.00000
     -0.77908      4.55631      0.00000
     -0.76908      3.05872      0.00000
     -0.75908      4.11802      0.00000
     -0.74908      6.27616      0.00000
     -0.73908      6.56431      0.00000
     -0.72908      7.48176      0.00000
     -0.71908      9.93559      0.00000
     -0.70908     10.16060      0.00000
     -0.69908      6.93937      0.00000
     -0.68908      4.48291      0.00000
     -0.67908      6.95574      0.00000
     -0.66908     10.08969      0.00000
     -0.65908      8.86908      0.00000
     -0.64908      7.32619      0.00000
     -0.63908      9.85495      0.00000
     -0.62908     12.84283      0.00000
     -0.61908     10.77696      0.00000
     -0.60908      6.01644      0.00000
     -0.59908      2.66623      0.00000
     -0.58908      2.49993      0.00000
     -0.57908      4.21076      0.00000
     -0.56908      5.54139      0.00000
     -0.55908      6.58192      0.00000
     -0.54908      5.44115      0.00000
     -0.53908      4.03514      0.00000
     -0.52908      3.59588      0.00000
     -0.51908      3.51272      0.00000
     -0.50908      5.97816      0.00000
     -0.49908      9.93716      0.00000
     -0.48908     10.33193      0.00000
     -0.47908      6.24424      0.00000
     -0.46908      3.59462      0.00000
     -0.45908      4.02492      0.00000
     -0.44908      5.31085      0.00000
     -0.43908      8.24399      0.00000
     -0.42908     11.50458      0.00000
     -0.41908     11.26002      0.00000
     -0.40908      7.35551      0.00000
     -0.39908      5.51846      0.00000
     -0.38908      7.16620      0.00000
     -0.37908      8.95771      0.00000
     -0.36908      6.76923      0.00000
     -0.35908      4.02564      0.00000
     -0.34908      6.36890      0.00000
     -0.33908      9.54452      0.00000
     -0.32908      8.64933      0.00000
     -0.31908      7.65880      0.00000
     -0.30908      8.86747      0.00000
     -0.29908     10.05940      0.00000
     -0.28908     11.17378      0.00000
     -0.27908      9.65659      0.00000
     -0.26908      4.72381      0.00000
     -0.25908      3.32805      0.00000
     -0.24908      5.20401      0.00000
     -0.23908      7.53550      0.00000
     -0.22908      8.00701      0.00000
     -0.21908      5.92452      0.00000
     -0.20908      4.49741      0.00000
     -0.19908      4.13842      0.00000
     -0.18908      4.05170      0.00000
     -0.17908      4.12230      0.00000
     -0.16908      4.09233      0.00000
     -0.15908      4.29041      0.00000
     -0.14908      4.17844      0.00000
     -0.13908      6.36626      0.00000
     -0.12908     10.29364      0.00000
     -0.11908      9.33862      0.00000
     -0.10908      6.18846      0.00000
     -0.09908      6.01413      0.00000
     -0.08908      6.83013      0.00000
     -0.07908      6.00367      0.00000
     -0.06908      4.88668      0.00000
     -0.05908      6.36052      0.00000
     -0.04908      9.31744      0.00000
     -0.03908      9.50022      0.00000
     -0.02908      6.40219      0.00000
     -0.01908      5.59188      0.00000
     -0.00908      5.79606      0.00000
      0.00092      4.45365      0.00000
      0.01092      4.77188      0.00000
      0.02092      6.61936      0.00000
      0.03092      6.46303      0.00000
      0.04092      5.88440      0.00000
      0.05092      7.28485      0.00000
      0.06092      8.85829      0.00000
      0.07092     10.02522      0.00000
      0.08092      9.49691      0.00000
      0.09092      6.44903      0.00000
      0.10092      3.63597      0.00000
      0.11092      3.35839      0.00000
      0.12092      5.18388      0.00000
      0.13092      5.81161      0.00000
      0.14092      5.57976      0.00000
      0.15092      6.14160      0.00000
      0.16092      6.43450      0.00000
      0.17092      6.10929      0.00000
      0.18092      6.64784      0.00000
      0.19092      8.37072      0.00000
      0.20092      7.24842      0.00000
      0.21092      3.04090      0.00000
      0.22092      1.15537      0.00000
      0.23092      3.07644      0.00000
      0.24092      5.92509      0.00000
      0.25092      5.80084      0.00000
      0.26092      4.13031      0.00000
      0.27092      3.59515      0.00000
      0.28092      4.78446      0.00000
      0.29092      4.59645      0.00000
      0.30092      3.06617      0.00000
      0.31092      3.32214      0.00000
      0.32092      4.87245      0.00000
      0.33092      6.00639      0.00000
      0.34092      6.73037      0.00000
      0.35092      6.84814      0.00000
      0.36092      6.51875      0.00000
      0.37092      5.34598      0.00000
      0.38092      4.30095      0.00000
      0.39092      4.27147      0.00000
      0.40092      2.98234      0.00000
      0.41092      2.13482      0.00000
      0.42092      4.45700      0.00000
      0.43092      6.49945      0.00000
      0.44092      6.84097      0.00000
      0.45092      6.95397      0.00000
      0.46092      5.38638      0.00000
      0.47092      3.62730      0.00000
      0.48092      5.60178      0.00000
      0.49092      8.39570      0.00000
      0.50092      7.42801      0.00000
      0.51092      5.38267      0.00000
      0.52092      2.90159      0.00000
      0.53092      1.38216      0.00000
      0.54092      2.22109      0.00000
      0.55092      4.65416      0.00000
      0.56092      6.65852      0.00000
      0.57092      7.45907      0.00000
      0.58092      9.88382      0.00000
      0.59092      8.98906      0.00000
      0.60092      4.66288      0.00000
      0.61092      3.24831      0.00000
      0.62092      5.11023      0.00000
      0.63092      6.50146      0.00000
      0.64092      6.87168      0.00000
      0.65092      8.10126      0.00000
      0.66092      9.54267      0.00000
      0.67092      9.41849      0.00000
      0.68092      7.26612      0.00000
      0.69092      5.52053      0.00000
      0.70092      5.25818      0.00000
      0.71092      5.85880      0.00000
      0.72092      7.78029      0.00000
      0.73092     10.41408      0.00000
      0.74092     10.81477      0.00000
      0.75092      7.44052      0.00000
      0.76092      4.76939      0.00000
      0.77092      5.61187      0.00000
      0.78092      6.61512      0.00000
      0.79092      5.13186      0.00000
      0.80092      4.23176      0.00000
      0.81092      5.27099      0.00000
      0.82092      4.89327      0.00000
      0.83092      4.30358      0.00000
      0.84092      3.43357      0.00000
      0.85092      2.01568      0.00000
      0.86092      3.25287      0.00000
      0.87092      5.13346      0.00000
      0.88092      4.05561      0.00000
      0.89092      1.91326      0.00000
      0.90092      0.60305      0.00000
      0.91092      0.48940      0.00000
      0.92092      1.11870      0.00000
      0.93092      1.19981      0.00000
      0.94092      1.36626      0.00000
      0.95092      3.60531      0.00000
      0.96092      5.80693      0.00000
      0.97092      5.22087      0.00000
      0.98092      4.00490      0.00000
      0.99092      4.17954      0.00000
      1.00092      3.63305      0.00000
      1.01092      3.16975      0.00000
      1.02092      4.34187      0.00000
      1.03092      3.94520      0.00000
      1.04092      2.26033      0.00000
      1.05092      1.58623      0.00000
      1.06092      1.48636      0.00000
      1.07092      2.51822      0.00000
      1.08092      3.99832      0.00000
      1.09092      4.69260      0.00000
      1.10092      4.21852      0.00000
      1.11092      2.43154      0.00000
      1.12092      1.71808      0.00000
      1.13092      2.48497      0.00000
      1.14092      1.87044      0.00000
      1.15092      0.76673      0.00000
      1.16092      1.21109      0.00000
      1.17092      3.21609      0.00000
      1.18092      6.67199      0.00000
      1.19092      8.51000      0.00000
      1.20092      5.88012      0.00000
      1.21092      2.07825      0.00000
      1.22092      0.53032      0.00000
      1.23092      0.85088      0.00000
      1.24092      1.45664      0.00000
      1.25092      2.62204      0.00000
      1.26092      6.68745      0.00000
      1.27092      8.37353      0.00000
      1.28092      4.03040      0.00000
      1.29092      0.73344      0.00000
      1.30092      0.06377      0.00000
      1.31092      0.20769      0.00000
      1.32092      1.16688      0.00000
      1.33092      2.42705      0.00000
      1.34092      1.86004      0.00000
      1.35092      0.59439      0.00000
      1.36092      0.68697      0.00000
      1.37092      2.13901      0.00000
      1.38092      3.08278      0.00000
      1.39092      2.62225      0.00000
      1.40092      2.06741      0.00000
      1.41092      1.61242      0.00000
      1.42092      1.78470      0.00000
      1.43092      2.53998      0.00000
      1.44092      1.75378      0.00000
      1.45092      0.75142      0.00000
      1.46092      1.04333      0.00000
      1.47092      1.17839      0.00000
      1.48092      0.51097      0.00000
      1.49092      0.15029      0.00000
      1.50092      0.75348      0.00000
      1.51092      3.26077      0.00000
      1.52092      5.95648      0.00000
      1.53092      4.97418      0.00000
      1.54092      2.52078      0.00000
      1.55092      1.02450      0.00000
      1.56092      0.68114      0.00000
      1.57092      2.11454      0.00000
      1.58092      3.67121      0.00000
      1.59092      2.96665      0.00000
      1.60092      2.51257      0.00000
      1.61092      2.49849      0.00000
      1.62092      1.28840      0.00000
      1.63092      1.08472      0.00000
      1.64092      2.27384      0.00000
      1.65092      2.13538      0.00000
      1.66092      0.75299      0.00000
      1.67092      0.26712      0.00000
      1.68092      1.12570      0.00000
      1.69092      3.57085      0.00000
      1.70092      6.29380      0.00000
      1.71092      6.81552      0.00000
      1.72092      5.63274      0.00000
      1.73092      3.38839      0.00000
      1.74092      0.99718      0.00000
      1.75092      0.11912      0.00000
      1.76092      0.07486      0.00000
      1.77092      0.61394      0.00000
      1.78092      1.98642      0.00000
      1.79092      2.36848      0.00000
      1.80092      1.12831      0.00000
      1.81092      1.03632      0.00000
      1.82092      3.40508      0.00000
      1.83092      6.02386      0.00000
      1.84092      5.73833      0.00000
      1.85092      3.79390      0.00000
      1.86092      1.77491      0.00000
      1.87092      1.46084      0.00000
      1.88092      3.50468      0.00000
      1.89092      5.14743      0.00000
      1.90092      4.79330      0.00000
      1.91092      3.62486      0.00000
      1.92092      3.16963      0.00000
      1.93092      4.35420      0.00000
      1.94092      5.13032      0.00000
      1.95092      4.05163      0.00000
      1.96092      1.95816      0.00000
      1.97092      0.46234      0.00000
      1.98092      0.25687      0.00000
      1.99092      1.20366      0.00000
      2.00092      3.10403      0.00000
      2.01092      4.45939      0.00000
      2.02092      3.94514      0.00000
      2.03092      2.05270      0.00000
      2.04092      0.55718      0.00000
      2.05092      0.07576      0.00000
      2.06092      0.13024      0.00000
      2.07092      0.85048      0.00000
      2.08092      2.45970      0.00000
      2.09092      3.27907      0.00000
      2.10092      2.07735      0.00000
      2.11092      1.15325      0.00000
      2.12092      3.07458      0.00000
      2.13092      5.98379      0.00000
      2.14092      5.31397      0.00000
      2.15092      3.94979      0.00000
      2.16092      3.67030      0.00000
      2.17092      2.02600      0.00000
      2.18092      1.01933      0.00000
      2.19092      2.05526      0.00000
      2.20092      2.86581      0.00000
      2.21092      2.23471      0.00000
      2.22092      1.21823      0.00000
      2.23092      0.49258      0.00000
      2.24092      0.99833      0.00000
      2.25092      2.47516      0.00000
      2.26092      3.30665      0.00000
      2.27092      4.37327      0.00000
      2.28092      4.57032      0.00000
      2.29092      2.33334      0.00000
      2.30092      0.53019      0.00000
      2.31092      0.05344      0.00000
      2.32092      0.04746      0.00000
      2.33092      0.46681      0.00000
      2.34092      1.76596      0.00000
      2.35092      2.45787      0.00000
      2.36092      1.25847      0.00000
      2.37092      0.23705      0.00000
      2.38092      0.01726      0.00000
      2.39092      0.02805      0.00000
      2.40092      0.33691      0.00000
      2.41092      1.51435      0.00000
      2.42092      2.57042      0.00000
      2.43092      2.16646      0.00000
      2.44092      2.37341      0.00000
      2.45092      2.36232      0.00000
      2.46092      0.98924      0.00000
      2.47092      0.24049      0.00000
      2.48092      0.89688      0.00000
      2.49092      3.75025      0.00000
      2.50092      7.68481      0.00000
      2.51092      9.40971      0.00000
      2.52092      6.93218      0.00000
      2.53092      3.32190      0.00000
      2.54092      2.69176      0.00000
      2.55092      2.26302      0.00000
      2.56092      1.52024      0.00000
      2.57092      1.44094      0.00000
      2.58092      1.45785      0.00000
      2.59092      2.66896      0.00000
      2.60092      5.07062      0.00000
      2.61092      5.79850      0.00000
      2.62092      3.35333      0.00000
      2.63092      1.25794      0.00000
      2.64092      1.62736      0.00000
      2.65092      2.74732      0.00000
      2.66092      2.81278      0.00000
      2.67092      2.84838      0.00000
      2.68092      2.36809      0.00000
      2.69092      3.07404      0.00000
      2.70092      5.20056      0.00000
      2.71092      4.79989      0.00000
      2.72092      2.08771      0.00000
      2.73092      0.94194      0.00000
      2.74092      2.35001      0.00000
      2.75092      3.86152      0.00000
      2.76092      3.20149      0.00000
      2.77092      1.79219      0.00000
      2.78092      0.92064      0.00000
      2.79092      1.67157      0.00000
      2.80092      3.21168      0.00000
      2.81092      2.88547      0.00000
      2.82092      1.61937      0.00000
      2.83092      2.08510      0.00000
      2.84092      3.48774      0.00000
      2.85092      3.78785      0.00000
      2.86092      2.96728      0.00000
      2.87092      1.90884      0.00000
      2.88092      0.91956      0.00000
      2.89092      0.33036      0.00000
      2.90092      0.65414      0.00000
      2.91092      1.23455      0.00000
      2.92092      0.94891      0.00000
      2.93092      0.88161      0.00000
      2.94092      2.81747      0.00000
      2.95092      6.51387      0.00000
      2.96092      8.76744      0.00000
      2.97092      6.50371      0.00000
      2.98092      2.39676      0.00000
      2.99092      0.39635      0.00000
      3.00092      0.07995      0.00000
      3.01092      0.51796      0.00000
      3.02092      1.84943      0.00000
      3.03092      2.46067      0.00000
      3.04092      1.56717      0.00000
      3.05092      2.12563      0.00000
      3.06092      3.61108      0.00000
      3.07092      2.68581      0.00000
      3.08092      1.41682      0.00000
      3.09092      2.64097      0.00000
      3.10092      4.48035      0.00000
      3.11092      4.76716      0.00000
      3.12092      4.84443      0.00000
      3.13092      4.78353      0.00000
      3.14092      4.02723      0.00000
      3.15092      3.78819      0.00000
      3.16092      4.93807      0.00000
      3.17092      4.12109      0.00000
      3.18092      1.72086      0.00000
      3.19092      1.20066      0.00000
      3.20092      1.39148      0.00000
      3.21092      1.85523      0.00000
      3.22092      3.65164      0.00000
      3.23092      4.47520      0.00000
      3.24092      3.68035      0.00000
      3.25092      2.31077      0.00000
      3.26092      1.58362      0.00000
      3.27092      1.38693      0.00000
      3.28092      1.69536      0.00000
      3.29092      2.58445      0.00000
      3.30092      2.39496      0.00000
      3.31092      3.02195      0.00000
      3.32092      4.08342      0.00000
      3.33092      3.70941      0.00000
      3.34092      3.78956      0.00000
      3.35092      2.86325      0.00000
      3.36092      1.32892      0.00000
      3.37092      2.23239      0.00000
      3.38092      4.93704      0.00000
      3.39092      6.23231      0.00000
      3.40092      5.14243      0.00000
      3.41092      2.64314      0.00000
      3.42092      1.71073      0.00000
      3.43092      2.47608      0.00000
      3.44092      1.87591      0.00000
      3.45092      0.53401      0.00000
      3.46092      0.07085      0.00000
      3.47092      0.22507      0.00000
      3.48092      1.24198      0.00000
      3.49092      2.80658      0.00000
      3.50092      3.71830      0.00000
      3.51092      4.76115      0.00000
      3.52092      4.76273      0.00000
      3.53092      3.10345      0.00000
      3.54092      1.96391      0.00000
      3.55092      4.11160      0.00000
      3.56092      7.17502      0.00000
      3.57092      5.46108      0.00000
      3.58092      2.67129      0.00000
      3.59092      2.39022      0.00000
