Energy-E_F (eV)    DOS (1/eV)    PDOS (1/eV)  of atom type Hf 
     -4.99000      0.05481      0.05481
     -4.98000      0.41314      0.41314
     -4.97000      1.47832      1.47832
     -4.96000      2.90823      2.90823
     -4.95000      3.93199      3.93199
     -4.94000      3.30547      3.30547
     -4.93000      1.53226      1.53226
     -4.92000      0.41591      0.41591
     -4.91000      0.33789      0.33789
     -4.90000      1.26289      1.26289
     -4.89000      2.34279      2.34279
     -4.88000      2.26537      2.26537
     -4.87000      2.08107      2.08107
     -4.86000      1.79081      1.79081
     -4.85000      0.75289      0.75289
     -4.84000      0.18013      0.18013
     -4.83000      0.41793      0.41793
     -4.82000      1.10573      1.10573
     -4.81000      1.10993      1.10993
     -4.80000      0.54324      0.54324
     -4.79000      0.65271      0.65271
     -4.78000      1.36911      1.36911
     -4.77000      2.01879      2.01879
     -4.76000      1.60292      1.60292
     -4.75000      1.00231      1.00231
     -4.74000      1.82238      1.82238
     -4.73000      2.57313      2.57313
     -4.72000      2.08974      2.08974
     -4.71000      1.52428      1.52428
     -4.70000      0.96676      0.96676
     -4.69000      1.52668      1.52668
     -4.68000      3.14504      3.14504
     -4.67000      3.20236      3.20236
     -4.66000      2.11358      2.11358
     -4.65000      1.50485      1.50485
     -4.64000      0.75021      0.75021
     -4.63000      0.28619      0.28619
     -4.62000      0.78919      0.78919
     -4.61000      1.74911      1.74911
     -4.60000      1.56998      1.56998
     -4.59000      0.85759      0.85759
     -4.58000      0.68955      0.68955
     -4.57000      0.50134      0.50134
     -4.56000      0.80683      0.80683
     -4.55000      1.85036      1.85036
     -4.54000      2.38857      2.38857
     -4.53000      1.83693      1.83693
     -4.52000      0.75150      0.75150
     -4.51000      0.13448      0.13448
     -4.50000      0.03251      0.03251
     -4.49000      0.18361      0.18361
     -4.48000      0.53159      0.53159
     -4.47000      0.56693      0.56693
     -4.46000      0.22387      0.22387
     -4.45000      0.07100      0.07100
     -4.44000      0.40810      0.40810
     -4.43000      1.73154      1.73154
     -4.42000      3.20405      3.20405
     -4.41000      2.72644      2.72644
     -4.40000      1.07242      1.07242
     -4.39000      0.24359      0.24359
     -4.38000      0.60901      0.60901
     -4.37000      2.22214      2.22214
     -4.36000      3.30325      3.30325
     -4.35000      2.55825      2.55825
     -4.34000      1.91760      1.91760
     -4.33000      2.00474      2.00474
     -4.32000      2.52975      2.52975
     -4.31000      3.01538      3.01538
     -4.30000      3.46663      3.46663
     -4.29000      2.46492      2.46492
     -4.28000      0.76187      0.76187
     -4.27000      0.09342      0.09342
     -4.26000      0.02745      0.02745
     -4.25000      0.18303      0.18303
     -4.24000      0.53115      0.53115
     -4.23000      0.56727      0.56727
     -4.22000      0.22289      0.22289
     -4.21000      0.03300      0.03300
     -4.20000      0.02390      0.02390
     -4.19000      0.23001      0.23001
     -4.18000      0.87710      0.87710
     -4.17000      1.23231      1.23231
     -4.16000      0.68009      0.68009
     -4.15000      0.56676      0.56676
     -4.14000      1.83097      1.83097
     -4.13000      3.45672      3.45672
     -4.12000      3.32522      3.32522
     -4.11000      1.57732      1.57732
     -4.10000      0.75728      0.75728
     -4.09000      1.52331      1.52331
     -4.08000      1.87570      1.87570
     -4.07000      1.19104      1.19104
     -4.06000      0.74485      0.74485
     -4.05000      0.35296      0.35296
     -4.04000      0.16326      0.16326
     -4.03000      0.59191      0.59191
     -4.02000      1.53831      1.53831
     -4.01000      2.34681      2.34681
     -4.00000      3.25064      3.25064
     -3.99000      3.66541      3.66541
     -3.98000      2.47238      2.47238
     -3.97000      1.83147      1.83147
     -3.96000      2.79878      2.79878
     -3.95000      3.30395      3.30395
     -3.94000      2.23545      2.23545
     -3.93000      1.10268      1.10268
     -3.92000      1.14434      1.14434
     -3.91000      1.17497      1.17497
     -3.90000      0.49187      0.49187
     -3.89000      0.07629      0.07629
     -3.88000      0.00771      0.00771
     -3.87000      0.06671      0.06671
     -3.86000      0.50945      0.50945
     -3.85000      1.50641      1.50641
     -3.84000      1.72498      1.72498
     -3.83000      0.88091      0.88091
     -3.82000      1.02418      1.02418
     -3.81000      2.45527      2.45527
     -3.80000      2.95921      2.95921
     -3.79000      2.29882      2.29882
     -3.78000      1.52744      1.52744
     -3.77000      0.77183      0.77183
     -3.76000      1.45191      1.45191
     -3.75000      3.84446      3.84446
     -3.74000      4.74716      4.74716
     -3.73000      3.26110      3.26110
     -3.72000      2.03672      2.03672
     -3.71000      1.34248      1.34248
     -3.70000      1.01303      1.01303
     -3.69000      1.65164      1.65164
     -3.68000      1.66908      1.66908
     -3.67000      0.82189      0.82189
     -3.66000      0.87498      0.87498
     -3.65000      1.56149      1.56149
     -3.64000      1.77379      1.77379
     -3.63000      1.42549      1.42549
     -3.62000      1.01348      1.01348
     -3.61000      1.49313      1.49313
     -3.60000      1.99752      1.99752
     -3.59000      1.58696      1.58696
     -3.58000      0.83208      0.83208
     -3.57000      0.96256      0.96256
     -3.56000      1.41674      1.41674
     -3.55000      1.24389      1.24389
     -3.54000      1.08445      1.08445
     -3.53000      1.56418      1.56418
     -3.52000      2.15334      2.15334
     -3.51000      1.67280      1.67280
     -3.50000      0.68979      0.68979
     -3.49000      0.65842      0.65842
     -3.48000      1.74037      1.74037
     -3.47000      2.26779      2.26779
     -3.46000      1.27698      1.27698
     -3.45000      0.31796      0.31796
     -3.44000      0.18572      0.18572
     -3.43000      0.58784      0.58784
     -3.42000      1.25076      1.25076
     -3.41000      2.37154      2.37154
     -3.40000      3.45978      3.45978
     -3.39000      3.16013      3.16013
     -3.38000      2.01442      2.01442
     -3.37000      0.86872      0.86872
     -3.36000      0.33926      0.33926
     -3.35000      0.76196      0.76196
     -3.34000      1.24747      1.24747
     -3.33000      0.77869      0.77869
     -3.32000      0.35635      0.35635
     -3.31000      0.96093      0.96093
     -3.30000      2.21133      2.21133
     -3.29000      3.05768      3.05768
     -3.28000      3.42290      3.42290
     -3.27000      3.57776      3.57776
     -3.26000      3.92348      3.92348
     -3.25000      3.99161      3.99161
     -3.24000      3.59305      3.59305
     -3.23000      3.84338      3.84338
     -3.22000      3.63192      3.63192
     -3.21000      3.32747      3.32747
     -3.20000      4.03033      4.03033
     -3.19000      4.01352      4.01352
     -3.18000      3.59413      3.59413
     -3.17000      2.73535      2.73535
     -3.16000      1.22280      1.22280
     -3.15000      0.58381      0.58381
     -3.14000      1.09939      1.09939
     -3.13000      1.55892      1.55892
     -3.12000      1.49874      1.49874
     -3.11000      1.15889      1.15889
     -3.10000      0.54531      0.54531
     -3.09000      0.47607      0.47607
     -3.08000      1.08781      1.08781
     -3.07000      1.12048      1.12048
     -3.06000      0.46756      0.46756
     -3.05000      0.40739      0.40739
     -3.04000      1.11801      1.11801
     -3.03000      1.64937      1.64937
     -3.02000      1.64107      1.64107
     -3.01000      1.08553      1.08553
     -3.00000      0.32785      0.32785
     -2.99000      0.04206      0.04206
     -2.98000      0.07410      0.07410
     -2.97000      0.50608      0.50608
     -2.96000      1.46437      1.46437
     -2.95000      2.16806      2.16806
     -2.94000      2.30636      2.30636
     -2.93000      2.20528      2.20528
     -2.92000      1.59937      1.59937
     -2.91000      1.04391      1.04391
     -2.90000      1.59733      1.59733
     -2.89000      2.23925      2.23925
     -2.88000      2.02502      2.02502
     -2.87000      2.05607      2.05607
     -2.86000      2.24715      2.24715
     -2.85000      1.50784      1.50784
     -2.84000      1.01039      1.01039
     -2.83000      2.03906      2.03906
     -2.82000      3.17745      3.17745
     -2.81000      2.65032      2.65032
     -2.80000      1.57746      1.57746
     -2.79000      1.30625      1.30625
     -2.78000      0.85414      0.85414
     -2.77000      0.27928      0.27928
     -2.76000      0.36928      0.36928
     -2.75000      1.57459      1.57459
     -2.74000      2.92341      2.92341
     -2.73000      2.19384      2.19384
     -2.72000      0.66964      0.66964
     -2.71000      0.15047      0.15047
     -2.70000      0.55854      0.55854
     -2.69000      1.78946      1.78946
     -2.68000      2.49090      2.49090
     -2.67000      2.10285      2.10285
     -2.66000      2.17283      2.17283
     -2.65000      2.41921      2.41921
     -2.64000      2.87216      2.87216
     -2.63000      3.42388      3.42388
     -2.62000      2.56263      2.56263
     -2.61000      2.05934      2.05934
     -2.60000      2.49420      2.49420
     -2.59000      3.48746      3.48746
     -2.58000      3.93122      3.93122
     -2.57000      2.62953      2.62953
     -2.56000      2.25427      2.25427
     -2.55000      3.26365      3.26365
     -2.54000      3.41605      3.41605
     -2.53000      2.77750      2.77750
     -2.52000      2.39927      2.39927
     -2.51000      1.75362      1.75362
     -2.50000      1.09235      1.09235
     -2.49000      1.28953      1.28953
     -2.48000      1.91276      1.91276
     -2.47000      2.66989      2.66989
     -2.46000      3.08484      3.08484
     -2.45000      2.72625      2.72625
     -2.44000      2.51816      2.51816
     -2.43000      3.33984      3.33984
     -2.42000      4.83448      4.83448
     -2.41000      4.45388      4.45388
     -2.40000      2.02337      2.02337
     -2.39000      0.84774      0.84774
     -2.38000      1.61490      1.61490
     -2.37000      2.51207      2.51207
     -2.36000      2.09329      2.09329
     -2.35000      0.92910      0.92910
     -2.34000      0.29009      0.29009
     -2.33000      0.67746      0.67746
     -2.32000      1.81191      1.81191
     -2.31000      2.52339      2.52339
     -2.30000      1.93376      1.93376
     -2.29000      1.12674      1.12674
     -2.28000      2.14183      2.14183
     -2.27000      4.00808      4.00808
     -2.26000      4.33826      4.33826
     -2.25000      3.76716      3.76716
     -2.24000      3.08128      3.08128
     -2.23000      2.60173      2.60173
     -2.22000      2.78907      2.78907
     -2.21000      3.56605      3.56605
     -2.20000      3.28961      3.28961
     -2.19000      2.17608      2.17608
     -2.18000      2.24166      2.24166
     -2.17000      3.10469      3.10469
     -2.16000      2.77444      2.77444
     -2.15000      2.10651      2.10651
     -2.14000      2.72611      2.72611
     -2.13000      4.88203      4.88203
     -2.12000      6.69356      6.69356
     -2.11000      5.87738      5.87738
     -2.10000      4.22445      4.22445
     -2.09000      3.08613      3.08613
     -2.08000      2.64267      2.64267
     -2.07000      3.59525      3.59525
     -2.06000      4.58833      4.58833
     -2.05000      4.48165      4.48165
     -2.04000      3.34108      3.34108
     -2.03000      2.76279      2.76279
     -2.02000      2.60937      2.60937
     -2.01000      1.47644      1.47644
     -2.00000      1.75782      1.75782
     -1.99000      4.04000      4.04000
     -1.98000      4.59983      4.59983
     -1.97000      2.84222      2.84222
     -1.96000      1.59523      1.59523
     -1.95000      0.85560      0.85560
     -1.94000      1.38423      1.38423
     -1.93000      3.44763      3.44763
     -1.92000      4.84735      4.84735
     -1.91000      5.09638      5.09638
     -1.90000      4.27843      4.27843
     -1.89000      2.95923      2.95923
     -1.88000      2.97674      2.97674
     -1.87000      3.57349      3.57349
     -1.86000      4.09029      4.09029
     -1.85000      3.73948      3.73948
     -1.84000      2.03492      2.03492
     -1.83000      0.65363      0.65363
     -1.82000      0.93543      0.93543
     -1.81000      2.24036      2.24036
     -1.80000      2.74478      2.74478
     -1.79000      2.27142      2.27142
     -1.78000      1.87698      1.87698
     -1.77000      2.20029      2.20029
     -1.76000      4.25823      4.25823
     -1.75000      5.02068      5.02068
     -1.74000      2.70920      2.70920
     -1.73000      0.89842      0.89842
     -1.72000      0.68024      0.68024
     -1.71000      0.68834      0.68834
     -1.70000      0.98794      0.98794
     -1.69000      1.44109      1.44109
     -1.68000      1.47707      1.47707
     -1.67000      1.44232      1.44232
     -1.66000      1.15601      1.15601
     -1.65000      1.30568      1.30568
     -1.64000      1.33370      1.33370
     -1.63000      0.96575      0.96575
     -1.62000      0.56805      0.56805
     -1.61000      0.17655      0.17655
     -1.60000      0.10019      0.10019
     -1.59000      0.62957      0.62957
     -1.58000      2.10016      2.10016
     -1.57000      3.70361      3.70361
     -1.56000      4.54516      4.54516
     -1.55000      3.33913      3.33913
     -1.54000      1.08174      1.08174
     -1.53000      0.13639      0.13639
     -1.52000      0.00657      0.00657
     -1.51000      0.00373      0.00373
     -1.50000      0.05433      0.05433
     -1.49000      0.30246      0.30246
     -1.48000      0.65199      0.65199
     -1.47000      0.71698      0.71698
     -1.46000      0.73007      0.73007
     -1.45000      0.67923      0.67923
     -1.44000      1.05286      1.05286
     -1.43000      1.84504      1.84504
     -1.42000      1.58656      1.58656
     -1.41000      0.98048      0.98048
     -1.40000      0.76896      0.76896
     -1.39000      0.80715      0.80715
     -1.38000      1.16607      1.16607
     -1.37000      1.79551      1.79551
     -1.36000      2.03766      2.03766
     -1.35000      2.01472      2.01472
     -1.34000      2.33131      2.33131
     -1.33000      1.74338      1.74338
     -1.32000      0.74979      0.74979
     -1.31000      1.06144      1.06144
     -1.30000      2.10491      2.10491
     -1.29000      2.39048      2.39048
     -1.28000      1.98390      1.98390
     -1.27000      1.19199      1.19199
     -1.26000      0.42257      0.42257
     -1.25000      0.07137      0.07137
     -1.24000      0.00498      0.00498
     -1.23000      0.00286      0.00286
     -1.22000      0.06629      0.06629
     -1.21000      0.59700      0.59700
     -1.20000      2.03098      2.03098
     -1.19000      2.75932      2.75932
     -1.18000      1.80333      1.80333
     -1.17000      1.02939      1.02939
     -1.16000      1.01378      1.01378
     -1.15000      1.23614      1.23614
     -1.14000      1.92282      1.92282
     -1.13000      3.09448      3.09448
     -1.12000      3.48084      3.48084
     -1.11000      2.93377      2.93377
     -1.10000      2.14041      2.14041
     -1.09000      1.53863      1.53863
     -1.08000      2.17599      2.17599
     -1.07000      3.14704      3.14704
     -1.06000      3.14311      3.14311
     -1.05000      2.50675      2.50675
     -1.04000      1.72905      1.72905
     -1.03000      1.27541      1.27541
     -1.02000      1.89153      1.89153
     -1.01000      2.16484      2.16484
     -1.00000      1.23602      1.23602
     -0.99000      0.34806      0.34806
     -0.98000      0.09785      0.09785
     -0.97000      0.62190      0.62190
     -0.96000      2.78573      2.78573
     -0.95000      4.98820      4.98820
     -0.94000      4.21360      4.21360
     -0.93000      3.53992      3.53992
     -0.92000      3.94711      3.94711
     -0.91000      3.48857      3.48857
     -0.90000      2.62233      2.62233
     -0.89000      2.77717      2.77717
     -0.88000      3.78399      3.78399
     -0.87000      3.56271      3.56271
     -0.86000      3.44486      3.44486
     -0.85000      3.23616      3.23616
     -0.84000      2.51762      2.51762
     -0.83000      3.66019      3.66019
     -0.82000      5.76972      5.76972
     -0.81000      5.49814      5.49814
     -0.80000      4.20111      4.20111
     -0.79000      4.65659      4.65659
     -0.78000      5.81988      5.81988
     -0.77000      4.78259      4.78259
     -0.76000      2.58018      2.58018
     -0.75000      1.61544      1.61544
     -0.74000      1.46991      1.46991
     -0.73000      1.51122      1.51122
     -0.72000      2.12824      2.12824
     -0.71000      2.42564      2.42564
     -0.70000      1.61326      1.61326
     -0.69000      0.81426      0.81426
     -0.68000      1.28864      1.28864
     -0.67000      2.33412      2.33412
     -0.66000      3.02171      3.02171
     -0.65000      3.74021      3.74021
     -0.64000      5.09672      5.09672
     -0.63000      5.36668      5.36668
     -0.62000      4.33558      4.33558
     -0.61000      3.62349      3.62349
     -0.60000      2.90836      2.90836
     -0.59000      2.59037      2.59037
     -0.58000      3.34622      3.34622
     -0.57000      5.58074      5.58074
     -0.56000      6.46463      6.46463
     -0.55000      4.31297      4.31297
     -0.54000      1.61634      1.61634
     -0.53000      0.74503      0.74503
     -0.52000      2.12943      2.12943
     -0.51000      3.63035      3.63035
     -0.50000      2.59644      2.59644
     -0.49000      1.61183      1.61183
     -0.48000      3.05943      3.05943
     -0.47000      4.96531      4.96531
     -0.46000      4.60270      4.60270
     -0.45000      3.65548      3.65548
     -0.44000      3.85073      3.85073
     -0.43000      4.42860      4.42860
     -0.42000      4.50646      4.50646
     -0.41000      4.26794      4.26794
     -0.40000      3.57361      3.57361
     -0.39000      2.93039      2.93039
     -0.38000      2.57951      2.57951
     -0.37000      2.12594      2.12594
     -0.36000      2.74235      2.74235
     -0.35000      4.24751      4.24751
     -0.34000      4.10759      4.10759
     -0.33000      2.29617      2.29617
     -0.32000      1.90682      1.90682
     -0.31000      3.30761      3.30761
     -0.30000      3.67168      3.67168
     -0.29000      2.46486      2.46486
     -0.28000      1.96277      1.96277
     -0.27000      3.37914      3.37914
     -0.26000      5.36867      5.36867
     -0.25000      6.33147      6.33147
     -0.24000      5.51586      5.51586
     -0.23000      3.60014      3.60014
     -0.22000      2.37882      2.37882
     -0.21000      1.57520      1.57520
     -0.20000      1.50452      1.50452
     -0.19000      1.73472      1.73472
     -0.18000      2.90436      2.90436
     -0.17000      4.16342      4.16342
     -0.16000      3.37145      3.37145
     -0.15000      2.29187      2.29187
     -0.14000      2.04910      2.04910
     -0.13000      2.84927      2.84927
     -0.12000      3.77505      3.77505
     -0.11000      3.38856      3.38856
     -0.10000      3.97283      3.97283
     -0.09000      5.05547      5.05547
     -0.08000      5.41752      5.41752
     -0.07000      5.03529      5.03529
     -0.06000      3.81948      3.81948
     -0.05000      2.82828      2.82828
     -0.04000      1.91491      1.91491
     -0.03000      0.94012      0.94012
     -0.02000      0.34727      0.34727
     -0.01000      0.74399      0.74399
      0.00000      2.59573      2.59573
      0.01000      4.37983      4.37983
      0.02000      4.31738      4.31738
      0.03000      3.72753      3.72753
      0.04000      3.22987      3.22987
      0.05000      2.82902      2.82902
      0.06000      3.85545      3.85545
      0.07000      5.93278      5.93278
      0.08000      5.77636      5.77636
      0.09000      4.01226      4.01226
      0.10000      3.97740      3.97740
      0.11000      3.70376      3.70376
      0.12000      2.44178      2.44178
      0.13000      2.12652      2.12652
      0.14000      1.74984      1.74984
      0.15000      0.83283      0.83283
      0.16000      0.82804      0.82804
      0.17000      1.57209      1.57209
      0.18000      2.30073      2.30073
      0.19000      2.98707      2.98707
      0.20000      2.90793      2.90793
      0.21000      2.81732      2.81732
      0.22000      2.93500      2.93500
      0.23000      3.10643      3.10643
      0.24000      3.20673      3.20673
      0.25000      2.93904      2.93904
      0.26000      1.85881      1.85881
      0.27000      0.76986      0.76986
      0.28000      1.18540      1.18540
      0.29000      2.95881      2.95881
      0.30000      4.04699      4.04699
      0.31000      3.17438      3.17438
      0.32000      2.07852      2.07852
      0.33000      2.50200      2.50200
      0.34000      3.65376      3.65376
      0.35000      3.87296      3.87296
      0.36000      2.91355      2.91355
      0.37000      2.46065      2.46065
      0.38000      2.62547      2.62547
      0.39000      1.97205      1.97205
      0.40000      0.69590      0.69590
      0.41000      0.20568      0.20568
      0.42000      0.96858      0.96858
      0.43000      3.40763      3.40763
      0.44000      4.81732      4.81732
      0.45000      3.19925      3.19925
      0.46000      3.14969      3.14969
      0.47000      5.49598      5.49598
      0.48000      5.48391      5.48391
      0.49000      3.29968      3.29968
      0.50000      3.09178      3.09178
      0.51000      3.97745      3.97745
      0.52000      4.09776      4.09776
      0.53000      4.64251      4.64251
      0.54000      6.12899      6.12899
      0.55000      5.95563      5.95563
      0.56000      4.00962      4.00962
      0.57000      2.45022      2.45022
      0.58000      1.72329      1.72329
      0.59000      1.08279      1.08279
      0.60000      0.97087      0.97087
      0.61000      1.86453      1.86453
      0.62000      2.56037      2.56037
      0.63000      2.69020      2.69020
      0.64000      2.76922      2.76922
      0.65000      2.33066      2.33066
      0.66000      2.32624      2.32624
      0.67000      2.71307      2.71307
      0.68000      2.97474      2.97474
      0.69000      3.02566      3.02566
      0.70000      1.85929      1.85929
      0.71000      0.51937      0.51937
      0.72000      0.10388      0.10388
      0.73000      0.27510      0.27510
      0.74000      0.59891      0.59891
      0.75000      0.50130      0.50130
      0.76000      0.38219      0.38219
      0.77000      1.28352      1.28352
      0.78000      2.76083      2.76083
      0.79000      2.61712      2.61712
      0.80000      1.85047      1.85047
      0.81000      2.59814      2.59814
      0.82000      3.04031      3.04031
      0.83000      1.93887      1.93887
      0.84000      0.72990      0.72990
      0.85000      0.37584      0.37584
      0.86000      0.93491      0.93491
      0.87000      1.47558      1.47558
      0.88000      1.31688      1.31688
      0.89000      1.24623      1.24623
      0.90000      1.49016      1.49016
      0.91000      1.53039      1.53039
      0.92000      1.98656      1.98656
      0.93000      2.65525      2.65525
      0.94000      2.50299      2.50299
      0.95000      1.39156      1.39156
      0.96000      0.39187      0.39187
      0.97000      0.29582      0.29582
      0.98000      1.11463      1.11463
      0.99000      2.13815      2.13815
      1.00000      1.93133      1.93133
      1.01000      1.05259      1.05259
      1.02000      0.83371      0.83371
      1.03000      0.86756      0.86756
      1.04000      0.84132      0.84132
      1.05000      1.11967      1.11967
      1.06000      2.55152      2.55152
      1.07000      3.59102      3.59102
      1.08000      2.64499      2.64499
      1.09000      1.70365      1.70365
      1.10000      1.00585      1.00585
      1.11000      0.73555      0.73555
      1.12000      1.55849      1.55849
      1.13000      2.17353      2.17353
      1.14000      1.47219      1.47219
      1.15000      0.45093      0.45093
      1.16000      0.06620      0.06620
      1.17000      0.13498      0.13498
      1.18000      0.67401      0.67401
      1.19000      1.34806      1.34806
      1.20000      1.46644      1.46644
      1.21000      1.61862      1.61862
      1.22000      1.70155      1.70155
      1.23000      1.75361      1.75361
      1.24000      1.84545      1.84545
      1.25000      1.63730      1.63730
      1.26000      1.20551      1.20551
      1.27000      0.98597      0.98597
      1.28000      0.78813      0.78813
      1.29000      0.37639      0.37639
      1.30000      0.08762      0.08762
      1.31000      0.15644      0.15644
      1.32000      0.79498      0.79498
      1.33000      1.70013      1.70013
      1.34000      1.46424      1.46424
      1.35000      0.50890      0.50890
      1.36000      0.22866      0.22866
      1.37000      0.88997      0.88997
      1.38000      1.80969      1.80969
      1.39000      1.45557      1.45557
      1.40000      0.75643      0.75643
      1.41000      0.68036      0.68036
      1.42000      0.57469      0.57469
      1.43000      0.86647      0.86647
      1.44000      1.30377      1.30377
      1.45000      1.09951      1.09951
      1.46000      1.30432      1.30432
      1.47000      1.71155      1.71155
      1.48000      1.26679      1.26679
      1.49000      1.20028      1.20028
      1.50000      2.42458      2.42458
      1.51000      3.34896      3.34896
      1.52000      2.65994      2.65994
      1.53000      1.17766      1.17766
      1.54000      0.26872      0.26872
      1.55000      0.03483      0.03483
      1.56000      0.10509      0.10509
      1.57000      0.58812      0.58812
      1.58000      1.26935      1.26935
      1.59000      1.39461      1.39461
      1.60000      2.01300      2.01300
      1.61000      3.22201      3.22201
      1.62000      3.17106      3.17106
      1.63000      1.75385      1.75385
      1.64000      0.49317      0.49317
      1.65000      0.21590      0.21590
      1.66000      0.78672      0.78672
      1.67000      1.65997      1.65997
      1.68000      1.95437      1.95437
      1.69000      1.73491      1.73491
      1.70000      1.68801      1.68801
      1.71000      1.59904      1.59904
      1.72000      0.99075      0.99075
      1.73000      0.60513      0.60513
      1.74000      1.55097      1.55097
      1.75000      3.01219      3.01219
      1.76000      2.27538      2.27538
      1.77000      0.65363      0.65363
      1.78000      0.14357      0.14357
      1.79000      0.56819      0.56819
      1.80000      1.60786      1.60786
      1.81000      1.70197      1.70197
      1.82000      0.80596      0.80596
      1.83000      0.69926      0.69926
      1.84000      1.10125      1.10125
      1.85000      1.19988      1.19988
      1.86000      1.37490      1.37490
      1.87000      1.68641      1.68641
      1.88000      1.69323      1.69323
      1.89000      1.37223      1.37223
      1.90000      1.67172      1.67172
      1.91000      2.87436      2.87436
      1.92000      2.46967      2.46967
      1.93000      0.87983      0.87983
      1.94000      0.36961      0.36961
      1.95000      0.92370      0.92370
      1.96000      1.21772      1.21772
      1.97000      0.59430      0.59430
      1.98000      0.10812      0.10812
      1.99000      0.04221      0.04221
      2.00000      0.33109      0.33109
      2.01000      1.20421      1.20421
      2.02000      1.75426      1.75426
      2.03000      1.06091      1.06091
      2.04000      0.27092      0.27092
      2.05000      0.03892      0.03892
      2.06000      0.18565      0.18565
      2.07000      1.23837      1.23837
      2.08000      3.16055      3.16055
      2.09000      3.17784      3.17784
      2.10000      1.33433      1.33433
      2.11000      0.24935      0.24935
      2.12000      0.05686      0.05686
      2.13000      0.31566      0.31566
      2.14000      1.00348      1.00348
      2.15000      1.17621      1.17621
      2.16000      0.50719      0.50719
      2.17000      0.08046      0.08046
      2.18000      0.00509      0.00509
      2.19000      0.01341      0.01341
      2.20000      0.16431      0.16431
      2.21000      0.74643      0.74643
      2.22000      1.25608      1.25608
      2.23000      0.89698      0.89698
      2.24000      0.83657      0.83657
      2.25000      1.25165      1.25165
      2.26000      0.84995      0.84995
      2.27000      0.23480      0.23480
      2.28000      0.29591      0.29591
      2.29000      1.38070      1.38070
      2.30000      2.74029      2.74029
      2.31000      3.19369      3.19369
      2.32000      3.87947      3.87947
      2.33000      3.10478      3.10478
      2.34000      1.47128      1.47128
      2.35000      1.28645      1.28645
      2.36000      1.02680      1.02680
      2.37000      0.33099      0.33099
      2.38000      0.08080      0.08080
      2.39000      0.42624      0.42624
      2.40000      1.76608      1.76608
      2.41000      3.20507      3.20507
      2.42000      2.95663      2.95663
      2.43000      1.76587      1.76587
      2.44000      0.85649      0.85649
      2.45000      0.93711      0.93711
      2.46000      1.25279      1.25279
      2.47000      0.70523      0.70523
      2.48000      0.26843      0.26843
      2.49000      0.93102      0.93102
      2.50000      2.59885      2.59885
      2.51000      2.83759      2.83759
      2.52000      1.46571      1.46571
      2.53000      1.31134      1.31134
      2.54000      1.96921      1.96921
      2.55000      2.34772      2.34772
      2.56000      2.38900      2.38900
      2.57000      1.68239      1.68239
      2.58000      0.95295      0.95295
      2.59000      0.91388      0.91388
      2.60000      1.27179      1.27179
      2.61000      0.85419      0.85419
      2.62000      0.28091      0.28091
      2.63000      0.48929      0.48929
      2.64000      1.61967      1.61967
      2.65000      2.78850      2.78850
      2.66000      2.13391      2.13391
      2.67000      0.65169      0.65169
      2.68000      0.07759      0.07759
      2.69000      0.04044      0.04044
      2.70000      0.24250      0.24250
      2.71000      0.58467      0.58467
      2.72000      0.56661      0.56661
      2.73000      0.48040      0.48040
      2.74000      0.86414      0.86414
      2.75000      1.73471      1.73471
      2.76000      2.84419      2.84419
      2.77000      2.86428      2.86428
      2.78000      2.45174      2.45174
      2.79000      1.89735      1.89735
      2.80000      0.86632      0.86632
      2.81000      0.19440      0.19440
      2.82000      0.22466      0.22466
      2.83000      0.86933      0.86933
      2.84000      1.54307      1.54307
      2.85000      1.89122      1.89122
      2.86000      1.97420      1.97420
      2.87000      1.05960      1.05960
      2.88000      0.25122      0.25122
      2.89000      0.27504      0.27504
      2.90000      1.06785      1.06785
      2.91000      2.06099      2.06099
      2.92000      2.50922      2.50922
      2.93000      2.68072      2.68072
      2.94000      2.56695      2.56695
      2.95000      2.14518      2.14518
      2.96000      1.97665      1.97665
      2.97000      2.22292      2.22292
      2.98000      1.85076      1.85076
      2.99000      0.80778      0.80778
      3.00000      0.28737      0.28737
      3.01000      0.53555      0.53555
      3.02000      0.89549      0.89549
      3.03000      0.99699      0.99699
      3.04000      1.29262      1.29262
      3.05000      2.23098      2.23098
      3.06000      2.21919      2.21919
      3.07000      0.91247      0.91247
      3.08000      0.24963      0.24963
      3.09000      0.65008      0.65008
      3.10000      1.54640      1.54640
      3.11000      1.63537      1.63537
      3.12000      1.25800      1.25800
      3.13000      1.68033      1.68033
      3.14000      1.78109      1.78109
      3.15000      1.41469      1.41469
      3.16000      1.76822      1.76822
      3.17000      1.87810      1.87810
      3.18000      1.86571      1.86571
      3.19000      2.35336      2.35336
      3.20000      2.64294      2.64294
      3.21000      1.95691      1.95691
      3.22000      0.78104      0.78104
      3.23000      0.39335      0.39335
      3.24000      1.12596      1.12596
      3.25000      1.83633      1.83633
      3.26000      1.21138      1.21138
      3.27000      0.64712      0.64712
      3.28000      1.09261      1.09261
      3.29000      1.92529      1.92529
      3.30000      2.48239      2.48239
      3.31000      2.17817      2.17817
      3.32000      1.66547      1.66547
      3.33000      0.96566      0.96566
      3.34000      0.54924      0.54924
      3.35000      1.19018      1.19018
      3.36000      2.26643      2.26643
      3.37000      2.91417      2.91417
      3.38000      2.06979      2.06979
      3.39000      0.84722      0.84722
      3.40000      0.66713      0.66713
      3.41000      0.61609      0.61609
      3.42000      0.67030      0.67030
