Energy-E_F (eV)    DOS (1/eV)    PDOS (1/eV)  of atom type W  
     -4.87207      0.46070      0.00000
     -4.86207      0.04448      0.00000
     -4.85207      0.00158      0.00000
     -4.84207      0.00017      0.00000
     -4.83207      0.00960      0.00000
     -4.82207      0.22390      0.00000
     -4.81207      1.92039      0.00000
     -4.80207      6.05937      0.00000
     -4.79207      7.03348      0.00000
     -4.78207      3.00343      0.00000
     -4.77207      0.47182      0.00000
     -4.76207      0.02727      0.00000
     -4.75207      0.00058      0.00000
     -4.74207      0.00000      0.00000
     -4.73207      0.00000      0.00000
     -4.72207      0.00020      0.00000
     -4.71207      0.01220      0.00000
     -4.70207      0.27282      0.00000
     -4.69207      2.36862      0.00000
     -4.68207      8.87762      0.00000
     -4.67207     17.05976      0.00000
     -4.66207     17.69595      0.00000
     -4.65207      9.50924      0.00000
     -4.64207      6.42009      0.00000
     -4.63207      7.60430      0.00000
     -4.62207      4.69883      0.00000
     -4.61207      3.83156      0.00000
     -4.60207      7.38374      0.00000
     -4.59207      8.57417      0.00000
     -4.58207      8.77632      0.00000
     -4.57207      8.77009      0.00000
     -4.56207     10.31112      0.00000
     -4.55207     13.88023      0.00000
     -4.54207     10.20773      0.00000
     -4.53207      3.28974      0.00000
     -4.52207      0.43306      0.00000
     -4.51207      0.02694      0.00000
     -4.50207      0.13440      0.00000
     -4.49207      1.38754      0.00000
     -4.48207      5.34588      0.00000
     -4.47207      8.49872      0.00000
     -4.46207     10.43266      0.00000
     -4.45207     16.20693      0.00000
     -4.44207     14.40272      0.00000
     -4.43207      5.27874      0.00000
     -4.42207      0.76399      0.00000
     -4.41207      0.04304      0.00000
     -4.40207      0.00093      0.00000
     -4.39207      0.00000      0.00000
     -4.38207      0.00000      0.00000
     -4.37207      0.00000      0.00000
     -4.36207      0.00000      0.00000
     -4.35207      0.00000      0.00000
     -4.34207      0.00000      0.00000
     -4.33207      0.00000      0.00000
     -4.32207      0.00006      0.00000
     -4.31207      0.00375      0.00000
     -4.30207      0.08364      0.00000
     -4.29207      0.68694      0.00000
     -4.28207      2.07550      0.00000
     -4.27207      2.30691      0.00000
     -4.26207      0.94329      0.00000
     -4.25207      0.14192      0.00000
     -4.24207      0.00967      0.00000
     -4.23207      0.04942      0.00000
     -4.22207      0.49207      0.00000
     -4.21207      1.80905      0.00000
     -4.20207      2.46914      0.00000
     -4.19207      1.52571      0.00000
     -4.18207      1.67087      0.00000
     -4.17207      2.50614      0.00000
     -4.16207      1.57660      0.00000
     -4.15207      0.36689      0.00000
     -4.14207      0.03142      0.00000
     -4.13207      0.00190      0.00000
     -4.12207      0.03953      0.00000
     -4.11207      0.63857      0.00000
     -4.10207      3.88268      0.00000
     -4.09207      9.00587      0.00000
     -4.08207      8.11037      0.00000
     -4.07207      2.88723      0.00000
     -4.06207      0.41096      0.00000
     -4.05207      0.02336      0.00000
     -4.04207      0.00052      0.00000
     -4.03207      0.00000      0.00000
     -4.02207      0.00000      0.00000
     -4.01207      0.00000      0.00000
     -4.00207      0.00000      0.00000
     -3.99207      0.00000      0.00000
     -3.98207      0.00000      0.00000
     -3.97207      0.00000      0.00000
     -3.96207      0.00000      0.00000
     -3.95207      0.00000      0.00000
     -3.94207      0.00000      0.00000
     -3.93207      0.00000      0.00000
     -3.92207      0.00000      0.00000
     -3.91207      0.00000      0.00000
     -3.90207      0.00000      0.00000
     -3.89207      0.00000      0.00000
     -3.88207      0.00000      0.00000
     -3.87207      0.00000      0.00000
     -3.86207      0.00000      0.00000
     -3.85207      0.00000      0.00000
     -3.84207      0.00081      0.00000
     -3.83207      0.04208      0.00000
     -3.82207      0.83460      0.00000
     -3.81207      6.33543      0.00000
     -3.80207     18.42323      0.00000
     -3.79207     20.48004      0.00000
     -3.78207      8.66270      0.00000
     -3.77207      1.38589      0.00000
     -3.76207      0.08334      0.00000
     -3.75207      0.00187      0.00000
     -3.74207      0.00000      0.00000
     -3.73207      0.00000      0.00000
     -3.72207      0.00000      0.00000
     -3.71207      0.00000      0.00000
     -3.70207      0.00000      0.00000
     -3.69207      0.00000      0.00000
     -3.68207      0.00000      0.00000
     -3.67207      0.00000      0.00000
     -3.66207      0.00000      0.00000
     -3.65207      0.00000      0.00000
     -3.64207      0.00070      0.00000
     -3.63207      0.02483      0.00000
     -3.62207      0.33373      0.00000
     -3.61207      1.88253      0.00000
     -3.60207      5.35677      0.00000
     -3.59207      8.52239      0.00000
     -3.58207      6.56784      0.00000
     -3.57207      2.27692      0.00000
     -3.56207      2.42254      0.00000
     -3.55207      9.34033      0.00000
     -3.54207     18.45732      0.00000
     -3.53207     17.96687      0.00000
     -3.52207     12.18690      0.00000
     -3.51207     17.75831      0.00000
     -3.50207     27.85106      0.00000
     -3.49207     25.58406      0.00000
     -3.48207     14.19960      0.00000
     -3.47207      5.85240      0.00000
     -3.46207      3.05283      0.00000
     -3.45207      1.34044      0.00000
     -3.44207      0.31412      0.00000
     -3.43207      0.82772      0.00000
     -3.42207      4.04573      0.00000
     -3.41207      7.43825      0.00000
     -3.40207      5.11835      0.00000
     -3.39207      2.58532      0.00000
     -3.38207      7.40853      0.00000
     -3.37207     14.67214      0.00000
     -3.36207     10.86225      0.00000
     -3.35207      3.24660      0.00000
     -3.34207      3.23373      0.00000
     -3.33207     10.83736      0.00000
     -3.32207     14.67658      0.00000
     -3.31207      7.31914      0.00000
     -3.30207      1.34278      0.00000
     -3.29207      0.09063      0.00000
     -3.28207      0.00225      0.00000
     -3.27207      0.00000      0.00000
     -3.26207      0.00000      0.00000
     -3.25207      0.00044      0.00000
     -3.24207      0.02205      0.00000
     -3.23207      0.40634      0.00000
     -3.22207      2.75596      0.00000
     -3.21207      6.92033      0.00000
     -3.20207      6.82978      0.00000
     -3.19207      4.34803      0.00000
     -3.18207      6.83513      0.00000
     -3.17207     19.17106      0.00000
     -3.16207     32.26168      0.00000
     -3.15207     27.27366      0.00000
     -3.14207     16.54018      0.00000
     -3.13207      9.76920      0.00000
     -3.12207      3.71308      0.00000
     -3.11207      0.61476      0.00000
     -3.10207      0.08137      0.00000
     -3.09207      0.44835      0.00000
     -3.08207      1.73212      0.00000
     -3.07207      2.46680      0.00000
     -3.06207      1.29243      0.00000
     -3.05207      0.25221      0.00000
     -3.04207      0.11935      0.00000
     -3.03207      1.23812      0.00000
     -3.02207      5.65405      0.00000
     -3.01207      9.76896      0.00000
     -3.00207      6.43787      0.00000
     -2.99207      1.63088      0.00000
     -2.98207      0.15962      0.00000
     -2.97207      0.00604      0.00000
     -2.96207      0.00007      0.00000
     -2.95207      0.00049      0.00000
     -2.94207      0.02818      0.00000
     -2.93207      0.59050      0.00000
     -2.92207      4.55274      0.00000
     -2.91207     12.91310      0.00000
     -2.90207     13.47391      0.00000
     -2.89207      5.17204      0.00000
     -2.88207      0.73036      0.00000
     -2.87207      0.03794      0.00000
     -2.86207      0.00127      0.00000
     -2.85207      0.02613      0.00000
     -2.84207      0.45797      0.00000
     -2.83207      2.95235      0.00000
     -2.82207      7.00179      0.00000
     -2.81207      6.10879      0.00000
     -2.80207      1.96068      0.00000
     -2.79207      0.23151      0.00000
     -2.78207      0.01006      0.00000
     -2.77207      0.00016      0.00000
     -2.76207      0.00021      0.00000
     -2.75207      0.01368      0.00000
     -2.74207      0.32515      0.00000
     -2.73207      3.05319      0.00000
     -2.72207     11.87148      0.00000
     -2.71207     20.10138      0.00000
     -2.70207     15.17335      0.00000
     -2.69207      5.01791      0.00000
     -2.68207      1.28261      0.00000
     -2.67207      5.30260      0.00000
     -2.66207     17.35335      0.00000
     -2.65207     21.89468      0.00000
     -2.64207     13.10221      0.00000
     -2.63207      9.17210      0.00000
     -2.62207      7.45266      0.00000
     -2.61207      4.52166      0.00000
     -2.60207      3.08227      0.00000
     -2.59207      2.84025      0.00000
     -2.58207      1.72215      0.00000
     -2.57207      0.42632      0.00000
     -2.56207      0.03935      0.00000
     -2.55207      0.00134      0.00000
     -2.54207      0.00002      0.00000
     -2.53207      0.00035      0.00000
     -2.52207      0.02151      0.00000
     -2.51207      0.48615      0.00000
     -2.50207      4.04480      0.00000
     -2.49207     12.43942      0.00000
     -2.48207     14.57098      0.00000
     -2.47207      7.81018      0.00000
     -2.46207      3.34721      0.00000
     -2.45207      2.47820      0.00000
     -2.44207      5.56739      0.00000
     -2.43207      7.76216      0.00000
     -2.42207      6.53152      0.00000
     -2.41207      8.70931      0.00000
     -2.40207      9.06647      0.00000
     -2.39207      3.96262      0.00000
     -2.38207      0.76839      0.00000
     -2.37207      0.86396      0.00000
     -2.36207      2.78530      0.00000
     -2.35207      5.69269      0.00000
     -2.34207      8.10485      0.00000
     -2.33207      5.71906      0.00000
     -2.32207      1.59506      0.00000
     -2.31207      0.16670      0.00000
     -2.30207      0.04065      0.00000
     -2.29207      0.55381      0.00000
     -2.28207      3.29022      0.00000
     -2.27207      7.22238      0.00000
     -2.26207      6.32495      0.00000
     -2.25207      5.01214      0.00000
     -2.24207      8.06498      0.00000
     -2.23207     10.21485      0.00000
     -2.22207     14.34851      0.00000
     -2.21207     19.62818      0.00000
     -2.20207     17.31267      0.00000
     -2.19207     11.65054      0.00000
     -2.18207      6.67953      0.00000
     -2.17207      2.56837      0.00000
     -2.16207      4.87821      0.00000
     -2.15207     13.03511      0.00000
     -2.14207     13.75811      0.00000
     -2.13207      8.48354      0.00000
     -2.12207     12.26196      0.00000
     -2.11207     14.41554      0.00000
     -2.10207      6.58299      0.00000
     -2.09207      1.12158      0.00000
     -2.08207      0.35034      0.00000
     -2.07207      2.21368      0.00000
     -2.06207      6.39116      0.00000
     -2.05207      6.79312      0.00000
     -2.04207      2.67069      0.00000
     -2.03207      0.73906      0.00000
     -2.02207      3.47101      0.00000
     -2.01207     13.49801      0.00000
     -2.00207     21.66565      0.00000
     -1.99207     15.58142      0.00000
     -1.98207      9.44130      0.00000
     -1.97207      7.39961      0.00000
     -1.96207      3.07428      0.00000
     -1.95207      0.48821      0.00000
     -1.94207      0.02861      0.00000
     -1.93207      0.00168      0.00000
     -1.92207      0.04333      0.00000
     -1.91207      0.65109      0.00000
     -1.90207      3.59873      0.00000
     -1.89207      7.31751      0.00000
     -1.88207      5.47442      0.00000
     -1.87207      1.53873      0.00000
     -1.86207      0.72866      0.00000
     -1.85207      4.19346      0.00000
     -1.84207     13.80275      0.00000
     -1.83207     22.06434      0.00000
     -1.82207     16.24884      0.00000
     -1.81207      4.97084      0.00000
     -1.80207      0.58948      0.00000
     -1.79207      0.02628      0.00000
     -1.78207      0.00134      0.00000
     -1.77207      0.04853      0.00000
     -1.76207      0.96709      0.00000
     -1.75207      7.14797      0.00000
     -1.74207     19.59085      0.00000
     -1.73207     19.90326      0.00000
     -1.72207      7.49207      0.00000
     -1.71207      1.04474      0.00000
     -1.70207      0.07247      0.00000
     -1.69207      0.36089      0.00000
     -1.68207      2.56362      0.00000
     -1.67207      6.71850      0.00000
     -1.66207      6.47733      0.00000
     -1.65207      2.29734      0.00000
     -1.64207      0.29975      0.00000
     -1.63207      0.01439      0.00000
     -1.62207      0.00025      0.00000
     -1.61207      0.00005      0.00000
     -1.60207      0.00444      0.00000
     -1.59207      0.13857      0.00000
     -1.58207      1.70127      0.00000
     -1.57207      8.72424      0.00000
     -1.56207     19.97146      0.00000
     -1.55207     20.78511      0.00000
     -1.54207      9.35383      0.00000
     -1.53207      1.69909      0.00000
     -1.52207      0.11879      0.00000
     -1.51207      0.00310      0.00000
     -1.50207      0.00185      0.00000
     -1.49207      0.06620      0.00000
     -1.48207      0.86938      0.00000
     -1.47207      4.20827      0.00000
     -1.46207      7.63048      0.00000
     -1.45207      5.92687      0.00000
     -1.44207      3.54561      0.00000
     -1.43207      2.07496      0.00000
     -1.42207      0.60575      0.00000
     -1.41207      0.06776      0.00000
     -1.40207      0.00320      0.00000
     -1.39207      0.02411      0.00000
     -1.38207      0.52725      0.00000
     -1.37207      4.24897      0.00000
     -1.36207     12.60989      0.00000
     -1.35207     14.04256      0.00000
     -1.34207      7.84139      0.00000
     -1.33207      7.32322      0.00000
     -1.32207      6.73307      0.00000
     -1.31207      2.52926      0.00000
     -1.30207      0.35159      0.00000
     -1.29207      0.01802      0.00000
     -1.28207      0.00361      0.00000
     -1.27207      0.10128      0.00000
     -1.26207      1.15421      0.00000
     -1.25207      4.83907      0.00000
     -1.24207      7.46355      0.00000
     -1.23207      4.23481      0.00000
     -1.22207      0.88395      0.00000
     -1.21207      0.06788      0.00000
     -1.20207      0.00192      0.00000
     -1.19207      0.00000      0.00000
     -1.18207      0.00000      0.00000
     -1.17207      0.00000      0.00000
     -1.16207      0.00000      0.00000
     -1.15207      0.00000      0.00000
     -1.14207      0.00000      0.00000
     -1.13207      0.00000      0.00000
     -1.12207      0.00000      0.00000
     -1.11207      0.00000      0.00000
     -1.10207      0.00000      0.00000
     -1.09207      0.00000      0.00000
     -1.08207      0.00000      0.00000
     -1.07207      0.00000      0.00000
     -1.06207      0.00000      0.00000
     -1.05207      0.00000      0.00000
     -1.04207     -0.00000      0.00000
     -1.03207      0.00018      0.00000
     -1.02207      0.01099      0.00000
     -1.01207      0.24690      0.00000
     -1.00207      2.04039      0.00000
     -0.99207      6.20306      0.00000
     -0.98207      6.93753      0.00000
     -0.97207      2.85436      0.00000
     -0.96207      0.43204      0.00000
     -0.95207      0.02406      0.00000
     -0.94207      0.00049      0.00000
     -0.93207      0.00000      0.00000
     -0.92207      0.00000      0.00000
     -0.91207      0.00025      0.00000
     -0.90207      0.01112      0.00000
     -0.89207      0.18104      0.00000
     -0.88207      1.08463      0.00000
     -0.87207      2.39053      0.00000
     -0.86207      1.93825      0.00000
     -0.85207      0.57814      0.00000
     -0.84207      0.06344      0.00000
     -0.83207      0.00256      0.00000
     -0.82207      0.00004      0.00000
     -0.81207      0.00000      0.00000
     -0.80207      0.00000      0.00000
     -0.79207      0.00000      0.00000
     -0.78207      0.00000      0.00000
     -0.77207      0.00000      0.00000
     -0.76207      0.00000      0.00000
     -0.75207      0.00000      0.00000
     -0.74207      0.00000      0.00000
     -0.73207      0.00000      0.00000
     -0.72207      0.00000      0.00000
     -0.71207      0.00000      0.00000
     -0.70207      0.00000      0.00000
     -0.69207      0.00000      0.00000
     -0.68207      0.00000      0.00000
     -0.67207      0.00000      0.00000
     -0.66207      0.00000      0.00000
     -0.65207      0.00000      0.00000
     -0.64207      0.00000      0.00000
     -0.63207      0.00000      0.00000
     -0.62207      0.00000      0.00000
     -0.61207      0.00000      0.00000
     -0.60207      0.00000      0.00000
     -0.59207      0.00000      0.00000
     -0.58207      0.00000      0.00000
     -0.57207      0.00000      0.00000
     -0.56207      0.00000      0.00000
     -0.55207      0.00000      0.00000
     -0.54207      0.00000      0.00000
     -0.53207      0.00010      0.00000
     -0.52207      0.00713      0.00000
     -0.51207      0.18013      0.00000
     -0.50207      1.67510      0.00000
     -0.49207      5.73068      0.00000
     -0.48207      7.21235      0.00000
     -0.47207      3.33928      0.00000
     -0.46207      0.56891      0.00000
     -0.45207      0.04525      0.00000
     -0.44207      0.23788      0.00000
     -0.43207      2.31318      0.00000
     -0.42207      9.66738      0.00000
     -0.41207     18.83442      0.00000
     -0.40207     17.21412      0.00000
     -0.39207      6.82396      0.00000
     -0.38207      1.08284      0.00000
     -0.37207      0.06597      0.00000
     -0.36207      0.01344      0.00000
     -0.35207      0.26225      0.00000
     -0.34207      2.11755      0.00000
     -0.33207      6.29003      0.00000
     -0.32207      6.87508      0.00000
     -0.31207      2.82149      0.00000
     -0.30207      1.20619      0.00000
     -0.29207      4.03573      0.00000
     -0.28207      7.43056      0.00000
     -0.27207      5.06026      0.00000
     -0.26207      1.26782      0.00000
     -0.25207      0.11685      0.00000
     -0.24207      0.00396      0.00000
     -0.23207      0.00005      0.00000
     -0.22207      0.00000      0.00000
     -0.21207      0.00000      0.00000
     -0.20207      0.00000      0.00000
     -0.19207      0.00000      0.00000
     -0.18207      0.00000      0.00000
     -0.17207      0.00000      0.00000
     -0.16207      0.00000      0.00000
     -0.15207      0.00000      0.00000
     -0.14207      0.00000      0.00000
     -0.13207      0.00000      0.00000
     -0.12207      0.00000      0.00000
     -0.11207      0.00000      0.00000
     -0.10207      0.00003      0.00000
     -0.09207      0.00282      0.00000
     -0.08207      0.09080      0.00000
     -0.07207      1.07379      0.00000
     -0.06207      4.67162      0.00000
     -0.05207      7.47687      0.00000
     -0.04207      4.40228      0.00000
     -0.03207      0.95354      0.00000
     -0.02207      0.07598      0.00000
     -0.01207      0.00223      0.00000
     -0.00207      0.00000      0.00000
      0.00793      0.00000      0.00000
      0.01793      0.00006      0.00000
      0.02793      0.00432      0.00000
      0.03793      0.12466      0.00000
      0.04793      1.32243      0.00000
      0.05793      5.16072      0.00000
      0.06793      7.40887      0.00000
      0.07793      3.91291      0.00000
      0.08793      0.76024      0.00000
      0.09793      0.05434      0.00000
      0.10793      0.00143      0.00000
      0.11793      0.00000      0.00000
      0.12793      0.00000      0.00000
      0.13793      0.00000      0.00000
      0.14793      0.00000      0.00000
      0.15793      0.00000      0.00000
      0.16793      0.00000      0.00000
      0.17793      0.00000      0.00000
      0.18793      0.00000      0.00000
      0.19793      0.00000      0.00000
      0.20793      0.00000      0.00000
      0.21793      0.00000      0.00000
      0.22793      0.00000      0.00000
      0.23793      0.00000      0.00000
      0.24793      0.00000      0.00000
      0.25793      0.00009      0.00000
      0.26793      0.00634      0.00000
      0.27793      0.16543      0.00000
      0.28793      1.58683      0.00000
      0.29793      5.59971      0.00000
      0.30793      7.26951      0.00000
      0.31793      3.47177      0.00000
      0.32793      0.60996      0.00000
      0.33793      0.03982      0.00000
      0.34793      0.02509      0.00000
      0.35793      0.54412      0.00000
      0.36793      4.63589      0.00000
      0.37793     15.35818      0.00000
      0.38793     20.65766      0.00000
      0.39793     11.80963      0.00000
      0.40793      3.06278      0.00000
      0.41793      1.79997      0.00000
      0.42793      5.47373      0.00000
      0.43793      7.32210      0.00000
      0.44793      3.61130      0.00000
      0.45793      0.65525      0.00000
      0.46793      0.04476      0.00000
      0.47793      0.05037      0.00000
      0.48793      0.87898      0.00000
      0.49793      5.76571      0.00000
      0.50793     13.91338      0.00000
      0.51793     12.35146      0.00000
      0.52793      4.03375      0.00000
      0.53793      0.48463      0.00000
      0.54793      0.02148      0.00000
      0.55793      0.00582      0.00000
      0.56793      0.17722      0.00000
      0.57793      2.11305      0.00000
      0.58793      9.26877      0.00000
      0.59793     14.95688      0.00000
      0.60793      8.87903      0.00000
      0.61793      1.93908      0.00000
      0.62793      0.15579      0.00000
      0.63793      0.00460      0.00000
      0.64793      0.00000      0.00000
      0.65793      0.00000      0.00000
      0.66793      0.00000      0.00000
      0.67793      0.00000      0.00000
      0.68793      0.00000      0.00000
      0.69793      0.00000      0.00000
      0.70793      0.00000      0.00000
      0.71793      0.00000      0.00000
      0.72793      0.00000      0.00000
      0.73793      0.00000      0.00000
      0.74793      0.00000      0.00000
      0.75793      0.00000      0.00000
      0.76793      0.00000      0.00000
      0.77793      0.00000      0.00000
      0.78793      0.00000      0.00000
      0.79793      0.00000      0.00000
      0.80793      0.00000      0.00000
      0.81793      0.00000      0.00000
      0.82793      0.00000      0.00000
      0.83793      0.00000      0.00000
      0.84793      0.00000      0.00000
      0.85793      0.00000      0.00000
      0.86793      0.00000      0.00000
      0.87793      0.00000      0.00000
      0.88793      0.00136      0.00000
      0.89793      0.06172      0.00000
      0.90793      1.02903      0.00000
      0.91793      6.31279      0.00000
      0.92793     14.29599      0.00000
      0.93793     12.76256      0.00000
      0.94793      9.60702      0.00000
      0.95793     14.50933      0.00000
      0.96793     12.97650      0.00000
      0.97793     10.02887      0.00000
      0.98793     18.43945      0.00000
      0.99793     20.50788      0.00000
      1.00793      9.06994      0.00000
      1.01793      1.54488      0.00000
      1.02793      0.10019      0.00000
      1.03793      0.00245      0.00000
      1.04793      0.00000      0.00000
      1.05793      0.00000      0.00000
      1.06793      0.00000      0.00000
      1.07793      0.00000      0.00000
      1.08793      0.00000      0.00000
      1.09793      0.00000      0.00000
      1.10793      0.00000      0.00000
      1.11793      0.00000      0.00000
      1.12793      0.00000      0.00000
      1.13793      0.00000      0.00000
      1.14793      0.00068      0.00000
      1.15793      0.03147      0.00000
      1.16793      0.54716      0.00000
      1.17793      3.70812      0.00000
      1.18793     10.42703      0.00000
      1.19793     13.11736      0.00000
      1.20793      7.56990      0.00000
      1.21793      1.89877      0.00000
      1.22793      0.19195      0.00000
      1.23793      0.00744      0.00000
      1.24793      0.00011      0.00000
      1.25793      0.00009      0.00000
      1.26793      0.00639      0.00000
      1.27793      0.16633      0.00000
      1.28793      1.59237      0.00000
      1.29793      5.60814      0.00000
      1.30793      7.26605      0.00000
      1.31793      3.46325      0.00000
      1.32793      0.60730      0.00000
      1.33793      0.04161      0.00000
      1.34793      0.06210      0.00000
      1.35793      0.56500      0.00000
      1.36793      1.91974      0.00000
      1.37793      2.39988      0.00000
      1.38793      1.11777      0.00000
      1.39793      0.48562      0.00000
      1.40793      2.30527      0.00000
      1.41793      6.47397      0.00000
      1.42793      6.72175      0.00000
      1.43793      2.56754      0.00000
      1.44793      0.36088      0.00000
      1.45793      0.02486      0.00000
      1.46793      0.16337      0.00000
      1.47793      1.58342      0.00000
      1.48793      5.84936      0.00000
      1.49793      9.45761      0.00000
      1.50793      9.90364      0.00000
      1.51793      8.36100      0.00000
      1.52793      8.67063      0.00000
      1.53793     14.80172      0.00000
      1.54793     15.78391      0.00000
      1.55793     15.66403      0.00000
      1.56793     14.74704      0.00000
      1.57793      6.62389      0.00000
      1.58793      3.50462      0.00000
      1.59793     10.03113      0.00000
      1.60793     14.88887      0.00000
      1.61793      8.18278      0.00000
      1.62793      1.75568      0.00000
      1.63793      1.53152      0.00000
      1.64793      7.33420      0.00000
      1.65793     14.45072      0.00000
      1.66793     10.80281      0.00000
      1.67793      3.07289      0.00000
      1.68793      0.59248      0.00000
      1.69793      2.14203      0.00000
      1.70793      6.30944      0.00000
      1.71793      7.04178      0.00000
      1.72793      4.41072      0.00000
      1.73793      6.11478      0.00000
      1.74793      7.24415      0.00000
      1.75793      3.36131      0.00000
      1.76793      0.57536      0.00000
      1.77793      0.03624      0.00000
      1.78793      0.00085      0.00000
      1.79793      0.00095      0.00000
      1.80793      0.03363      0.00000
      1.81793      0.47588      0.00000
      1.82793      3.15053      0.00000
      1.83793     10.50304      0.00000
      1.84793     16.32029      0.00000
      1.85793     10.45258      0.00000
      1.86793      2.56931      0.00000
      1.87793      0.23565      0.00000
      1.88793      0.00798      0.00000
      1.89793      0.00010      0.00000
      1.90793      0.00000      0.00000
      1.91793      0.00000      0.00000
      1.92793      0.00000      0.00000
      1.93793      0.00009      0.00000
      1.94793      0.00633      0.00000
      1.95793      0.16520      0.00000
      1.96793      1.58546      0.00000
      1.97793      5.59761      0.00000
      1.98793      7.27036      0.00000
      1.99793      3.47401      0.00000
      2.00793      0.61711      0.00000
      2.01793      0.16597      0.00000
      2.02793      0.96847      0.00000
      2.03793      3.39520      0.00000
      2.04793      7.16958      0.00000
      2.05793     10.18627      0.00000
      2.06793     10.93465      0.00000
      2.07793      9.78337      0.00000
      2.08793      5.51551      0.00000
      2.09793      1.66041      0.00000
      2.10793      0.23946      0.00000
      2.11793      0.01455      0.00000
      2.12793      0.00034      0.00000
      2.13793      0.00000      0.00000
      2.14793      0.00005      0.00000
      2.15793      0.00306      0.00000
      2.16793      0.07458      0.00000
      2.17793      0.69760      0.00000
      2.18793      2.64056      0.00000
      2.19793      4.38168      0.00000
      2.20793      3.36841      0.00000
      2.21793      1.23602      0.00000
      2.22793      1.19499      0.00000
      2.23793      5.58488      0.00000
      2.24793     12.65469      0.00000
      2.25793     13.52687      0.00000
      2.26793     10.30387      0.00000
      2.27793      8.30209      0.00000
      2.28793      3.97781      0.00000
      2.29793      1.01279      0.00000
      2.30793      2.12959      0.00000
      2.31793      6.24462      0.00000
      2.32793      6.90899      0.00000
      2.33793      2.83403      0.00000
      2.34793      0.82228      0.00000
      2.35793      2.75760      0.00000
      2.36793      6.89928      0.00000
      2.37793      7.00955      0.00000
      2.38793      5.86110      0.00000
      2.39793      7.62458      0.00000
      2.40793      5.39246      0.00000
      2.41793      1.91153      0.00000
      2.42793      3.54406      0.00000
      2.43793      8.96117      0.00000
      2.44793      8.99166      0.00000
      2.45793      5.56985      0.00000
      2.46793      7.05809      0.00000
      2.47793      6.56725      0.00000
      2.48793      2.37152      0.00000
      2.49793      0.34758      0.00000
      2.50793      0.54171      0.00000
      2.51793      3.19683      0.00000
      2.52793      7.15346      0.00000
      2.53793      6.17302      0.00000
      2.54793      4.81287      0.00000
      2.55793     11.64976      0.00000
      2.56793     16.68774      0.00000
      2.57793     10.91921      0.00000
      2.58793      7.48081      0.00000
      2.59793      7.71137      0.00000
      2.60793      4.04242      0.00000
      2.61793      0.80342      0.00000
      2.62793      0.05899      0.00000
      2.63793      0.00783      0.00000
      2.64793      0.16631      0.00000
      2.65793      1.65856      0.00000
      2.66793      6.29980      0.00000
      2.67793      9.40792      0.00000
      2.68793      5.77298      0.00000
      2.69793      1.51109      0.00000
      2.70793      0.16906      0.00000
      2.71793      0.00780      0.00000
      2.72793      0.00021      0.00000
      2.73793      0.00610      0.00000
      2.74793      0.17309      0.00000
      2.75793      1.80788      0.00000
      2.76793      6.95524      0.00000
      2.77793      9.86698      0.00000
      2.78793      5.46300      0.00000
      2.79793      4.09665      0.00000
      2.80793     11.16932      0.00000
      2.81793     14.60518      0.00000
      2.82793      7.35485      0.00000
      2.83793      2.71182      0.00000
      2.84793      2.83129      0.00000
      2.85793      3.68307      0.00000
      2.86793      6.81039      0.00000
      2.87793      8.57005      0.00000
      2.88793      8.48167      0.00000
      2.89793      7.74441      0.00000
      2.90793      4.93412      0.00000
      2.91793      9.88364      0.00000
      2.92793     22.56598      0.00000
      2.93793     23.26772      0.00000
      2.94793     14.65386      0.00000
      2.95793     11.37093      0.00000
      2.96793     14.34581      0.00000
      2.97793     18.47358      0.00000
      2.98793     19.34329      0.00000
      2.99793     17.31340      0.00000
      3.00793      8.46563      0.00000
      3.01793      1.75882      0.00000
      3.02793      1.38480      0.00000
      3.03793      7.03789      0.00000
      3.04793     14.69953      0.00000
      3.05793     13.17492      0.00000
      3.06793     12.09467      0.00000
      3.07793     15.08223      0.00000
      3.08793      9.77733      0.00000
      3.09793      5.60251      0.00000
      3.10793      8.25889      0.00000
      3.11793      8.25397      0.00000
      3.12793      6.79436      0.00000
      3.13793     15.02625      0.00000
      3.14793     24.96564      0.00000
      3.15793     16.16663      0.00000
      3.16793      3.86983      0.00000
      3.17793      0.34472      0.00000
      3.18793      0.11943      0.00000
      3.19793      1.27448      0.00000
      3.20793      6.17083      0.00000
      3.21793     14.51056      0.00000
      3.22793     18.74242      0.00000
      3.23793     11.94150      0.00000
      3.24793      3.17769      0.00000
      3.25793      0.51308      0.00000
      3.26793      1.13390      0.00000
      3.27793      2.41943      0.00000
      3.28793      2.15309      0.00000
      3.29793      2.61528      0.00000
      3.30793      6.28772      0.00000
      3.31793      6.92149      0.00000
      3.32793      2.82764      0.00000
      3.33793      0.42510      0.00000
      3.34793      0.02571      0.00000
      3.35793      0.07566      0.00000
      3.36793      0.94682      0.00000
      3.37793      4.38872      0.00000
      3.38793      7.55199      0.00000
      3.39793      5.64056      0.00000
      3.40793      5.48253      0.00000
      3.41793      7.56857      0.00000
      3.42793      4.67770      0.00000
      3.43793      1.16592      0.00000
      3.44793      1.44413      0.00000
      3.45793      7.35305      0.00000
      3.46793     14.68658      0.00000
      3.47793     10.79554      0.00000
      3.48793      2.91930      0.00000
      3.49793      0.29301      0.00000
      3.50793      0.09595      0.00000
      3.51793      1.03044      0.00000
      3.52793      4.57693      0.00000
      3.53793      7.47988      0.00000
      3.54793      4.49697      0.00000
      3.55793      0.99460      0.00000
      3.56793      0.08093      0.00000
      3.57793      0.00242      0.00000
      3.58793      0.00000      0.00000
      3.59793      0.00000      0.00000
      3.60793      0.00000      0.00000
      3.61793      0.00196      0.00000
      3.62793      0.06905      0.00000
      3.63793      0.89422      0.00000
      3.64793      4.26011      0.00000
      3.65793      7.46622      0.00000
      3.66793      4.81379      0.00000
      3.67793      1.14177      0.00000
      3.68793      0.09963      0.00000
      3.69793      0.00320      0.00000
      3.70793      0.00004      0.00000
      3.71793      0.00000      0.00000
      3.72793      0.00000      0.00000
      3.73793      0.00000      0.00000
      3.74793      0.00000      0.00000
      3.75793      0.00000      0.00000
      3.76793      0.00000      0.00000
      3.77793      0.00000      0.00000
      3.78793      0.00000      0.00000
      3.79793      0.00000      0.00000
      3.80793      0.00000      0.00000
      3.81793      0.00000      0.00000
      3.82793      0.00000      0.00000
      3.83793      0.00000      0.00000
      3.84793      0.00000      0.00000
      3.85793      0.00000      0.00000
      3.86793      0.00000      0.00000
      3.87793      0.00000      0.00000
      3.88793      0.00000      0.00000
      3.89793      0.00000      0.00000
      3.90793      0.00294      0.00000
      3.91793      0.11109      0.00000
      3.92793      1.54338      0.00000
      3.93793      7.88822      0.00000
      3.94793     14.83174      0.00000
      3.95793     10.25913      0.00000
      3.96793      2.61057      0.00000
      3.97793      0.24438      0.00000
      3.98793      0.00842      0.00000
      3.99793      0.00011      0.00000
      4.00793      0.00000      0.00000
      4.01793      0.00000      0.00000
      4.02793      0.00000      0.00000
      4.03793      0.00000      0.00000
      4.04793      0.00000      0.00000
      4.05793      0.00000      0.00000
      4.06793      0.00000      0.00000
      4.07793      0.00000      0.00000
      4.08793      0.00000      0.00000
      4.09793      0.00000      0.00000
      4.10793      0.00000      0.00000
      4.11793      0.00000      0.00000
      4.12793      0.00000      0.00000
      4.13793      0.00000      0.00000
      4.14793      0.00007      0.00000
      4.15793      0.00619      0.00000
      4.16793      0.19455      0.00000
      4.17793      2.24778      0.00000
      4.18793      9.55411      0.00000
      4.19793     14.93936      0.00000
      4.20793      8.59369      0.00000
      4.21793      1.81858      0.00000
      4.22793      0.14158      0.00000
      4.23793      0.00405      0.00000
      4.24793      0.00000      0.00000
      4.25793      0.00000      0.00000
      4.26793      0.00000      0.00000
      4.27793      0.00000      0.00000
      4.28793      0.00044      0.00000
      4.29793      0.02197      0.00000
      4.30793      0.40527      0.00000
      4.31793      2.74978      0.00000
      4.32793      6.86375      0.00000
      4.33793      6.30275      0.00000
      4.34793      2.12914      0.00000
      4.35793      0.26744      0.00000
