Energy-E_F (eV)    DOS (1/eV)    PDOS (1/eV)  of atom type Ta 
     -4.60618      0.00000      0.00000
     -4.59618      0.00000      0.00000
     -4.58618      0.00000      0.00000
     -4.57618      0.00000      0.00000
     -4.56618      0.00000      0.00000
     -4.55618      0.00017      0.00000
     -4.54618      0.01226      0.00000
     -4.53618      0.32268      0.00000
     -4.52618      3.12343      0.00000
     -4.51618     11.12221      0.00000
     -4.50618     14.56986      0.00000
     -4.49618      7.02148      0.00000
     -4.48618      1.24999      0.00000
     -4.47618      0.25157      0.00000
     -4.46618      2.06053      0.00000
     -4.45618      9.15306      0.00000
     -4.44618     15.07127      0.00000
     -4.43618     10.22769      0.00000
     -4.42618      6.98243      0.00000
     -4.41618      7.69796      0.00000
     -4.40618      4.82319      0.00000
     -4.39618      2.95058      0.00000
     -4.38618      2.35988      0.00000
     -4.37618      1.24227      0.00000
     -4.36618      1.66600      0.00000
     -4.35618      2.49992      0.00000
     -4.34618      1.48779      0.00000
     -4.33618      0.33016      0.00000
     -4.32618      0.13541      0.00000
     -4.31618      1.21245      0.00000
     -4.30618      4.95309      0.00000
     -4.29618      7.44859      0.00000
     -4.28618      4.12076      0.00000
     -4.27618      0.83866      0.00000
     -4.26618      0.06279      0.00000
     -4.25618      0.00173      0.00000
     -4.24618      0.00000      0.00000
     -4.23618      0.00000      0.00000
     -4.22618      0.00000      0.00000
     -4.21618      0.00000      0.00000
     -4.20618      0.00000      0.00000
     -4.19618      0.00000      0.00000
     -4.18618      0.00000      0.00000
     -4.17618      0.00000      0.00000
     -4.16618      0.00000      0.00000
     -4.15618      0.00000      0.00000
     -4.14618      0.00005      0.00000
     -4.13618      0.00377      0.00000
     -4.12618      0.11203      0.00000
     -4.11618      1.39855      0.00000
     -4.10618      7.37558      0.00000
     -4.09618     16.00615      0.00000
     -4.08618     13.77438      0.00000
     -4.07618      5.02358      0.00000
     -4.06618      3.76426      0.00000
     -4.05618      8.36393      0.00000
     -4.04618     11.00961      0.00000
     -4.03618      9.28910      0.00000
     -4.02618      4.25631      0.00000
     -4.01618      0.99172      0.00000
     -4.00618      2.42891      0.00000
     -3.99618     11.89468      0.00000
     -3.98618     22.16328      0.00000
     -3.97618     15.32669      0.00000
     -3.96618      3.93997      0.00000
     -3.95618      0.59304      0.00000
     -3.94618      1.90965      0.00000
     -3.93618      6.02962      0.00000
     -3.92618      7.05200      0.00000
     -3.91618      3.03424      0.00000
     -3.90618      0.48028      0.00000
     -3.89618      0.02797      0.00000
     -3.88618      0.00060      0.00000
     -3.87618      0.00000      0.00000
     -3.86618      0.00000      0.00000
     -3.85618      0.00172      0.00000
     -3.84618      0.06438      0.00000
     -3.83618      0.91951      0.00000
     -3.82618      5.17930      0.00000
     -3.81618     12.14842      0.00000
     -3.80618     12.45890      0.00000
     -3.79618      5.59677      0.00000
     -3.78618      1.05073      0.00000
     -3.77618      0.07803      0.00000
     -3.76618      0.00221      0.00000
     -3.75618      0.00000      0.00000
     -3.74618      0.00000      0.00000
     -3.73618      0.00000      0.00000
     -3.72618      0.00000      0.00000
     -3.71618      0.00000      0.00000
     -3.70618      0.00000      0.00000
     -3.69618      0.00031      0.00000
     -3.68618      0.01674      0.00000
     -3.67618      0.33927      0.00000
     -3.66618      2.64253      0.00000
     -3.65618      8.86650      0.00000
     -3.64618     16.13789      0.00000
     -3.63618     17.37184      0.00000
     -3.62618      9.34262      0.00000
     -3.61618      4.65984      0.00000
     -3.60618      7.05933      0.00000
     -3.59618      6.23509      0.00000
     -3.58618      2.06481      0.00000
     -3.57618      0.25171      0.00000
     -3.56618      0.01129      0.00000
     -3.55618      0.00019      0.00000
     -3.54618      0.00000      0.00000
     -3.53618      0.00208      0.00000
     -3.52618      0.07227      0.00000
     -3.51618      0.92212      0.00000
     -3.50618      4.33261      0.00000
     -3.49618      7.63124      0.00000
     -3.48618      6.66299      0.00000
     -3.47618      9.82272      0.00000
     -3.46618     15.63094      0.00000
     -3.45618     14.86390      0.00000
     -3.44618     16.92407      0.00000
     -3.43618     15.66583      0.00000
     -3.42618      6.38044      0.00000
     -3.41618      1.02367      0.00000
     -3.40618      0.06353      0.00000
     -3.39618      0.00151      0.00000
     -3.38618      0.00022      0.00000
     -3.37618      0.01285      0.00000
     -3.36618      0.27641      0.00000
     -3.35618      2.18683      0.00000
     -3.34618      6.36469      0.00000
     -3.33618      6.81467      0.00000
     -3.32618      2.68422      0.00000
     -3.31618      0.38895      0.00000
     -3.30618      0.02073      0.00000
     -3.29618      0.00041      0.00000
     -3.28618      0.00000      0.00000
     -3.27618      0.00000      0.00000
     -3.26618      0.00000      0.00000
     -3.25618      0.00000      0.00000
     -3.24618      0.00000      0.00000
     -3.23618      0.00000      0.00000
     -3.22618      0.00144      0.00000
     -3.21618      0.05462      0.00000
     -3.20618      0.76299      0.00000
     -3.19618      3.92205      0.00000
     -3.18618      7.45729      0.00000
     -3.17618      5.62911      0.00000
     -3.16618      3.11232      0.00000
     -3.15618      2.78138      0.00000
     -3.14618      2.41872      0.00000
     -3.13618      2.85826      0.00000
     -3.12618      3.03805      0.00000
     -3.11618      2.95176      0.00000
     -3.10618      1.92654      0.00000
     -3.09618      0.61550      0.00000
     -3.08618      0.74250      0.00000
     -3.07618      2.07793      0.00000
     -3.06618      2.30672      0.00000
     -3.05618      0.94297      0.00000
     -3.04618      0.14181      0.00000
     -3.03618      0.00785      0.00000
     -3.02618      0.00016      0.00000
     -3.01618      0.00000      0.00000
     -3.00618      0.00000      0.00000
     -2.99618      0.00000      0.00000
     -2.98618      0.00000      0.00000
     -2.97618      0.00000      0.00000
     -2.96618      0.00000      0.00000
     -2.95618      0.00000      0.00000
     -2.94618      0.00000      0.00000
     -2.93618      0.00000      0.00000
     -2.92618      0.00000      0.00000
     -2.91618      0.00000      0.00000
     -2.90618      0.00000      0.00000
     -2.89618      0.00000      0.00000
     -2.88618      0.00000      0.00000
     -2.87618      0.00000      0.00000
     -2.86618      0.00042      0.00000
     -2.85618      0.02469      0.00000
     -2.84618      0.53692      0.00000
     -2.83618      4.29629      0.00000
     -2.82618     12.64680      0.00000
     -2.81618     13.69535      0.00000
     -2.80618      5.45622      0.00000
     -2.79618      0.81413      0.00000
     -2.78618      0.34496      0.00000
     -2.77618      2.30793      0.00000
     -2.76618      6.48689      0.00000
     -2.75618      6.70991      0.00000
     -2.74618      2.55330      0.00000
     -2.73618      0.35743      0.00000
     -2.72618      0.01841      0.00000
     -2.71618      0.00035      0.00000
     -2.70618      0.00000      0.00000
     -2.69618      0.00000      0.00000
     -2.68618      0.00000      0.00000
     -2.67618      0.00000      0.00000
     -2.66618      0.00000      0.00000
     -2.65618      0.00000      0.00000
     -2.64618      0.00000      0.00000
     -2.63618      0.00000      0.00000
     -2.62618      0.00000      0.00000
     -2.61618      0.00000      0.00000
     -2.60618      0.00000      0.00000
     -2.59618      0.00000      0.00000
     -2.58618      0.00000      0.00000
     -2.57618      0.00000      0.00000
     -2.56618      0.00000      0.00000
     -2.55618      0.00000      0.00000
     -2.54618      0.00000      0.00000
     -2.53618      0.00000      0.00000
     -2.52618      0.00000      0.00000
     -2.51618      0.00000      0.00000
     -2.50618      0.00000      0.00000
     -2.49618      0.00004      0.00000
     -2.48618      0.00329      0.00000
     -2.47618      0.10181      0.00000
     -2.46618      1.15819      0.00000
     -2.45618      4.85007      0.00000
     -2.44618      7.58319      0.00000
     -2.43618      6.08349      0.00000
     -2.42618     11.65983      0.00000
     -2.41618     23.65628      0.00000
     -2.40618     19.59146      0.00000
     -2.39618      7.63924      0.00000
     -2.38618      6.86102      0.00000
     -2.37618     10.91704      0.00000
     -2.36618     13.12139      0.00000
     -2.35618     13.61256      0.00000
     -2.34618     14.12128      0.00000
     -2.33618     12.87465      0.00000
     -2.32618      6.84489      0.00000
     -2.31618      1.72360      0.00000
     -2.30618      1.04969      0.00000
     -2.29618      4.25268      0.00000
     -2.28618      7.46492      0.00000
     -2.27618      4.82716      0.00000
     -2.26618      1.15094      0.00000
     -2.25618      0.21094      0.00000
     -2.24618      1.78209      0.00000
     -2.23618     11.03095      0.00000
     -2.22618     26.95573      0.00000
     -2.21618     29.36326      0.00000
     -2.20618     25.37666      0.00000
     -2.19618     23.45917      0.00000
     -2.18618     12.53380      0.00000
     -2.17618      7.36584      0.00000
     -2.16618      7.50821      0.00000
     -2.15618      3.76003      0.00000
     -2.14618      0.70455      0.00000
     -2.13618      0.04861      0.00000
     -2.12618      0.00123      0.00000
     -2.11618      0.00000      0.00000
     -2.10618      0.00013      0.00000
     -2.09618      0.00964      0.00000
     -2.08618      0.24868      0.00000
     -2.07618      2.46036      0.00000
     -2.06618      9.47813      0.00000
     -2.05618     14.40389      0.00000
     -2.04618      8.81128      0.00000
     -2.03618      3.03101      0.00000
     -2.02618      2.51969      0.00000
     -2.01618      2.04797      0.00000
     -2.00618      0.65983      0.00000
     -1.99618      0.15406      0.00000
     -1.98618      1.14384      0.00000
     -1.97618      6.80207      0.00000
     -1.96618     15.90053      0.00000
     -1.95618     14.30336      0.00000
     -1.94618      4.87360      0.00000
     -1.93618      0.62241      0.00000
     -1.92618      0.05098      0.00000
     -1.91618      0.33612      0.00000
     -1.90618      2.23315      0.00000
     -1.89618      6.73451      0.00000
     -1.88618      9.15050      0.00000
     -1.87618      5.23794      0.00000
     -1.86618      1.18189      0.00000
     -1.85618      0.10112      0.00000
     -1.84618      0.00372      0.00000
     -1.83618      0.02439      0.00000
     -1.82618      0.43580      0.00000
     -1.81618      2.86878      0.00000
     -1.80618      6.94728      0.00000
     -1.79618      6.19161      0.00000
     -1.78618      2.12295      0.00000
     -1.77618      1.62644      0.00000
     -1.76618      7.44655      0.00000
     -1.75618     14.77344      0.00000
     -1.74618     11.58407      0.00000
     -1.73618      7.85149      0.00000
     -1.72618     12.55568      0.00000
     -1.71618     15.51104      0.00000
     -1.70618     12.96831      0.00000
     -1.69618      7.30181      0.00000
     -1.68618      2.13094      0.00000
     -1.67618      1.32748      0.00000
     -1.66618      5.64359      0.00000
     -1.65618     11.46763      0.00000
     -1.64618      9.87929      0.00000
     -1.63618      7.18108      0.00000
     -1.62618     12.77812      0.00000
     -1.61618     13.93624      0.00000
     -1.60618      5.76613      0.00000
     -1.59618      0.87896      0.00000
     -1.58618      0.04929      0.00000
     -1.57618      0.00102      0.00000
     -1.56618      0.00000      0.00000
     -1.55618      0.00000      0.00000
     -1.54618      0.00000      0.00000
     -1.53618      0.00000      0.00000
     -1.52618      0.00000      0.00000
     -1.51618      0.00012      0.00000
     -1.50618      0.00791      0.00000
     -1.49618      0.19449      0.00000
     -1.48618      1.75831      0.00000
     -1.47618      5.84777      0.00000
     -1.46618      7.15467      0.00000
     -1.45618      3.22122      0.00000
     -1.44618      0.57262      0.00000
     -1.43618      0.64226      0.00000
     -1.42618      3.47191      0.00000
     -1.41618      7.26944      0.00000
     -1.40618      5.60820      0.00000
     -1.39618      1.73000      0.00000
     -1.38618      1.11875      0.00000
     -1.37618      2.49103      0.00000
     -1.36618      3.72114      0.00000
     -1.35618      6.37837      0.00000
     -1.34618      7.40446      0.00000
     -1.33618      4.98834      0.00000
     -1.32618     11.91045      0.00000
     -1.31618     32.86773      0.00000
     -1.30618     41.25801      0.00000
     -1.29618     26.64156      0.00000
     -1.28618     14.03022      0.00000
     -1.27618      7.30244      0.00000
     -1.26618      2.14218      0.00000
     -1.25618      0.26343      0.00000
     -1.24618      0.16206      0.00000
     -1.23618      0.97697      0.00000
     -1.22618      2.32926      0.00000
     -1.21618      2.04334      0.00000
     -1.20618      0.65943      0.00000
     -1.19618      0.07829      0.00000
     -1.18618      0.00378      0.00000
     -1.17618      0.02204      0.00000
     -1.16618      0.49418      0.00000
     -1.15618      4.09598      0.00000
     -1.14618     12.70963      0.00000
     -1.13618     16.19009      0.00000
     -1.12618     12.32447      0.00000
     -1.11618      8.90704      0.00000
     -1.10618      8.03414      0.00000
     -1.09618     10.88575      0.00000
     -1.08618     18.07493      0.00000
     -1.07618     27.86752      0.00000
     -1.06618     28.88393      0.00000
     -1.05618     23.20153      0.00000
     -1.04618     14.88579      0.00000
     -1.03618     13.78785      0.00000
     -1.02618     15.23409      0.00000
     -1.01618      7.88674      0.00000
     -1.00618      2.59781      0.00000
     -0.99618      4.82676      0.00000
     -0.98618      7.47685      0.00000
     -0.97618      4.35375      0.00000
     -0.96618      0.93299      0.00000
     -0.95618      0.07355      0.00000
     -0.94618      0.00213      0.00000
     -0.93618      0.00089      0.00000
     -0.92618      0.04439      0.00000
     -0.91618      0.81630      0.00000
     -0.90618      5.52253      0.00000
     -0.89618     13.74967      0.00000
     -0.88618     12.69412      0.00000
     -0.87618      5.05134      0.00000
     -0.86618      2.72863      0.00000
     -0.85618      2.22130      0.00000
     -0.84618      0.80653      0.00000
     -0.83618      0.10880      0.00000
     -0.82618      0.00540      0.00000
     -0.81618      0.00010      0.00000
     -0.80618      0.00012      0.00000
     -0.79618      0.00784      0.00000
     -0.78618      0.19435      0.00000
     -0.77618      1.80730      0.00000
     -0.76618      6.80792      0.00000
     -0.75618     13.26715      0.00000
     -0.74618     17.40468      0.00000
     -0.73618     13.25272      0.00000
     -0.72618      7.52181      0.00000
     -0.71618      7.79309      0.00000
     -0.70618      5.36681      0.00000
     -0.69618      1.43035      0.00000
     -0.68618      0.14067      0.00000
     -0.67618      0.00509      0.00000
     -0.66618      0.00007      0.00000
     -0.65618      0.00000      0.00000
     -0.64618      0.00000      0.00000
     -0.63618      0.00000      0.00000
     -0.62618      0.00008      0.00000
     -0.61618      0.00591      0.00000
     -0.60618      0.15703      0.00000
     -0.59618      1.53491      0.00000
     -0.58618      5.51935      0.00000
     -0.57618      7.30917      0.00000
     -0.56618      3.75293      0.00000
     -0.55618      2.42666      0.00000
     -0.54618      5.97572      0.00000
     -0.53618      7.78771      0.00000
     -0.52618      6.78609      0.00000
     -0.51618      7.84176      0.00000
     -0.50618      5.49578      0.00000
     -0.49618      1.53942      0.00000
     -0.48618      0.75488      0.00000
     -0.47618      3.45665      0.00000
     -0.46618      7.26112      0.00000
     -0.45618      5.62025      0.00000
     -0.44618      1.60036      0.00000
     -0.43618      0.16771      0.00000
     -0.42618      0.01122      0.00000
     -0.41618      0.13402      0.00000
     -0.40618      1.38755      0.00000
     -0.39618      5.34600      0.00000
     -0.38618      8.31642      0.00000
     -0.37618      8.16211      0.00000
     -0.36618      8.22539      0.00000
     -0.35618      5.21641      0.00000
     -0.34618      4.19120      0.00000
     -0.33618     10.58794      0.00000
     -0.32618     16.37190      0.00000
     -0.31618     10.48442      0.00000
     -0.30618      2.57720      0.00000
     -0.29618      0.23650      0.00000
     -0.28618      0.00804      0.00000
     -0.27618      0.00129      0.00000
     -0.26618      0.03610      0.00000
     -0.25618      0.40208      0.00000
     -0.24618      1.64750      0.00000
     -0.23618      2.48339      0.00000
     -0.22618      1.37712      0.00000
     -0.21618      0.28093      0.00000
     -0.20618      0.02108      0.00000
     -0.19618      0.00058      0.00000
     -0.18618      0.00000      0.00000
     -0.17618      0.00000      0.00000
     -0.16618      0.00000      0.00000
     -0.15618      0.00000      0.00000
     -0.14618      0.00000      0.00000
     -0.13618      0.00000      0.00000
     -0.12618      0.00000      0.00000
     -0.11618      0.00000      0.00000
     -0.10618      0.00000      0.00000
     -0.09618      0.00000      0.00000
     -0.08618      0.00000      0.00000
     -0.07618      0.00000      0.00000
     -0.06618      0.00000      0.00000
     -0.05618      0.00000      0.00000
     -0.04618      0.00017      0.00000
     -0.03618      0.01075      0.00000
     -0.02618      0.24302      0.00000
     -0.01618      2.02668      0.00000
     -0.00618      6.35105      0.00000
      0.00382      8.57916      0.00000
      0.01382      8.55576      0.00000
      0.02382      8.06391      0.00000
      0.03382      6.08575      0.00000
      0.04382      7.37815      0.00000
      0.05382      6.43742      0.00000
      0.06382      2.22123      0.00000
      0.07382      0.28339      0.00000
      0.08382      0.01331      0.00000
      0.09382      0.00023      0.00000
      0.10382      0.00000      0.00000
      0.11382      0.00000      0.00000
      0.12382      0.00000      0.00000
      0.13382      0.00000      0.00000
      0.14382      0.00000      0.00000
      0.15382      0.00000      0.00000
      0.16382      0.00000      0.00000
      0.17382      0.00000      0.00000
      0.18382      0.00000      0.00000
      0.19382      0.00000      0.00000
      0.20382      0.00000      0.00000
      0.21382      0.00000      0.00000
      0.22382      0.00000      0.00000
      0.23382      0.00000      0.00000
      0.24382      0.00013      0.00000
      0.25382      0.00674      0.00000
      0.26382      0.12735      0.00000
      0.27382      0.88534      0.00000
      0.28382      2.26430      0.00000
      0.29382      2.13039      0.00000
      0.30382      0.73738      0.00000
      0.31382      0.09389      0.00000
      0.32382      0.00440      0.00000
      0.33382      0.00008      0.00000
      0.34382      0.00000      0.00000
      0.35382      0.00000      0.00000
      0.36382      0.00000      0.00000
      0.37382      0.00000      0.00000
      0.38382      0.00000      0.00000
      0.39382      0.00000      0.00000
      0.40382      0.00000      0.00000
      0.41382      0.00000      0.00000
      0.42382      0.00000      0.00000
      0.43382      0.00000      0.00000
      0.44382      0.00000      0.00000
      0.45382      0.00000      0.00000
      0.46382      0.00004      0.00000
      0.47382      0.00319      0.00000
      0.48382      0.09946      0.00000
      0.49382      1.14048      0.00000
      0.50382      4.81115      0.00000
      0.51382      7.46677      0.00000
      0.52382      4.27855      0.00000
      0.53382      1.21594      0.00000
      0.54382      2.46186      0.00000
      0.55382      6.57040      0.00000
      0.56382      6.63353      0.00000
      0.57382      2.46452      0.00000
      0.58382      0.33687      0.00000
      0.59382      0.01948      0.00000
      0.60382      0.08416      0.00000
      0.61382      1.01840      0.00000
      0.62382      4.55052      0.00000
      0.63382      7.48013      0.00000
      0.64382      4.52338      0.00000
      0.65382      1.00629      0.00000
      0.66382      0.08235      0.00000
      0.67382      0.00248      0.00000
      0.68382      0.00003      0.00000
      0.69382      0.00287      0.00000
      0.70382      0.09199      0.00000
      0.71382      1.08314      0.00000
      0.72382      4.69157      0.00000
      0.73382      7.47582      0.00000
      0.74382      4.38233      0.00000
      0.75382      0.94505      0.00000
      0.76382      0.07497      0.00000
      0.77382      0.00219      0.00000
      0.78382      0.00000      0.00000
      0.79382      0.00000      0.00000
      0.80382      0.00000      0.00000
      0.81382      0.00000      0.00000
      0.82382      0.00000      0.00000
      0.83382      0.00000      0.00000
      0.84382      0.00000      0.00000
      0.85382      0.00000      0.00000
      0.86382      0.00000      0.00000
      0.87382      0.00000      0.00000
      0.88382      0.00000      0.00000
      0.89382      0.00000      0.00000
      0.90382      0.00000      0.00000
      0.91382      0.00000      0.00000
      0.92382      0.00000      0.00000
      0.93382      0.00000      0.00000
      0.94382      0.00062      0.00000
      0.95382      0.02868      0.00000
      0.96382      0.48879      0.00000
      0.97382      3.06491      0.00000
      0.98382      7.07000      0.00000
      0.99382      6.00029      0.00000
      1.00382      1.90212      0.00000
      1.01382      0.70909      0.00000
      1.02382      3.09255      0.00000
      1.03382      7.08082      0.00000
      1.04382      5.98159      0.00000
      1.05382      1.85893      0.00000
      1.06382      0.21253      0.00000
      1.07382      0.00894      0.00000
      1.08382      0.00014      0.00000
      1.09382      0.00000      0.00000
      1.10382      0.00000      0.00000
      1.11382      0.00000      0.00000
      1.12382      0.00000      0.00000
      1.13382      0.00000      0.00000
      1.14382      0.00000      0.00000
      1.15382      0.00000      0.00000
      1.16382      0.00000      0.00000
      1.17382      0.00032      0.00000
      1.18382      0.01737      0.00000
      1.19382      0.34296      0.00000
      1.20382      2.49118      0.00000
      1.21382      6.65693      0.00000
      1.22382      6.54407      0.00000
      1.23382      2.36662      0.00000
      1.24382      0.31486      0.00000
      1.25382      0.01541      0.00000
      1.26382      0.00028      0.00000
      1.27382      0.00000      0.00000
      1.28382      0.00230      0.00000
      1.29382      0.09225      0.00000
      1.30382      1.35921      0.00000
      1.31382      7.36772      0.00000
      1.32382     14.69215      0.00000
      1.33382     10.77813      0.00000
      1.34382      2.90875      0.00000
      1.35382      0.28879      0.00000
      1.36382      0.01055      0.00000
      1.37382      0.00014      0.00000
      1.38382      0.00000      0.00000
      1.39382      0.00000      0.00000
      1.40382      0.00000      0.00000
      1.41382      0.00010      0.00000
      1.42382      0.00837      0.00000
      1.43382      0.25798      0.00000
      1.44382      2.98453      0.00000
      1.45382     13.07391      0.00000
      1.46382     21.89174      0.00000
      1.47382     14.14166      0.00000
      1.48382      3.72163      0.00000
      1.49382      2.49010      0.00000
      1.50382      9.35280      0.00000
      1.51382     14.95425      0.00000
      1.52382      8.81959      0.00000
      1.53382      2.16638      0.00000
      1.54382      2.24783      0.00000
      1.55382      6.27028      0.00000
      1.56382      6.89181      0.00000
      1.57382      2.78865      0.00000
      1.58382      0.41511      0.00000
      1.59382      0.02273      0.00000
      1.60382      0.00046      0.00000
      1.61382      0.00000      0.00000
      1.62382      0.00000      0.00000
      1.63382      0.00000      0.00000
      1.64382      0.00000      0.00000
      1.65382      0.00000      0.00000
      1.66382      0.00000      0.00000
      1.67382      0.00000      0.00000
      1.68382      0.00000      0.00000
      1.69382      0.00000      0.00000
      1.70382      0.00005      0.00000
      1.71382      0.00370      0.00000
      1.72382      0.11114      0.00000
      1.73382      1.22687      0.00000
      1.74382      4.98250      0.00000
      1.75382      7.44395      0.00000
      1.76382      4.09133      0.00000
      1.77382      0.82724      0.00000
      1.78382      0.06153      0.00000
      1.79382      0.00168      0.00000
      1.80382      0.00000      0.00000
      1.81382      0.00000      0.00000
      1.82382      0.00000      0.00000
      1.83382      0.00000      0.00000
      1.84382      0.00000      0.00000
      1.85382      0.00000      0.00000
      1.86382      0.00042      0.00000
      1.87382      0.02503      0.00000
      1.88382      0.54232      0.00000
      1.89382      4.32268      0.00000
      1.90382     12.67519      0.00000
      1.91382     13.67292      0.00000
      1.92382      5.42645      0.00000
      1.93382      0.82157      0.00000
      1.94382      0.65245      0.00000
      1.95382      4.66404      0.00000
      1.96382     13.41165      0.00000
      1.97382     16.17271      0.00000
      1.98382     11.96244      0.00000
      1.99382      7.02193      0.00000
      2.00382      2.77586      0.00000
      2.01382      4.58068      0.00000
      2.02382     11.83461      0.00000
      2.03382     13.29046      0.00000
      2.04382      6.15659      0.00000
      2.05382      1.15282      0.00000
      2.06382      0.08475      0.00000
      2.07382      0.00238      0.00000
      2.08382      0.00000      0.00000
      2.09382      0.00000      0.00000
      2.10382      0.00000      0.00000
      2.11382      0.00000      0.00000
      2.12382      0.00000      0.00000
      2.13382      0.00128      0.00000
      2.14382      0.04991      0.00000
      2.15382      0.71739      0.00000
      2.16382      3.79326      0.00000
      2.17382      7.37860      0.00000
      2.18382      5.28008      0.00000
      2.19382      1.38999      0.00000
      2.20382      0.13461      0.00000
      2.21382      0.00480      0.00000
      2.22382      0.00006      0.00000
      2.23382      0.00000      0.00000
      2.24382      0.00000      0.00000
      2.25382      0.00000      0.00000
      2.26382      0.00000      0.00000
      2.27382      0.00000      0.00000
      2.28382      0.00000      0.00000
      2.29382      0.00000      0.00000
      2.30382      0.00000      0.00000
      2.31382      0.00087      0.00000
      2.32382      0.03730      0.00000
      2.33382      0.58708      0.00000
      2.34382      3.39886      0.00000
      2.35382      7.23896      0.00000
      2.36382      5.67185      0.00000
      2.37382      1.63489      0.00000
      2.38382      0.17632      0.00000
      2.39382      0.10079      0.00000
      2.40382      1.09906      0.00000
      2.41382      4.72668      0.00000
      2.42382      7.53334      0.00000
      2.43382      5.15845      0.00000
      2.44382      4.97635      0.00000
      2.45382      7.51472      0.00000
      2.46382      5.17835      0.00000
      2.47382      2.78353      0.00000
      2.48382      6.55937      0.00000
      2.49382     13.56793      0.00000
      2.50382     18.54787      0.00000
      2.51382     15.26038      0.00000
      2.52382      6.20764      0.00000
      2.53382      3.61975      0.00000
      2.54382     10.37591      0.00000
      2.55382     14.84657      0.00000
      2.56382      8.37814      0.00000
      2.57382      5.93919      0.00000
      2.58382     14.27753      0.00000
      2.59382     21.48498      0.00000
      2.60382     20.25750      0.00000
      2.61382     11.25103      0.00000
      2.62382      3.87530      0.00000
      2.63382      5.12567      0.00000
      2.64382      7.46835      0.00000
      2.65382      4.20088      0.00000
      2.66382      0.87026      0.00000
      2.67382      0.06632      0.00000
      2.68382      0.00186      0.00000
      2.69382      0.00000      0.00000
      2.70382      0.00000      0.00000
      2.71382      0.00000      0.00000
      2.72382      0.00000      0.00000
      2.73382      0.00000      0.00000
      2.74382      0.00000      0.00000
      2.75382      0.00202      0.00000
      2.76382      0.07127      0.00000
      2.77382      0.93508      0.00000
      2.78382      4.63939      0.00000
      2.79382      9.01202      0.00000
      2.80382      7.27879      0.00000
      2.81382      2.60968      0.00000
      2.82382      0.42174      0.00000
      2.83382      0.03118      0.00000
      2.84382      0.08404      0.00000
      2.85382      1.26633      0.00000
      2.86382      7.08805      0.00000
      2.87382     14.59526      0.00000
      2.88382     11.05611      0.00000
      2.89382      3.08105      0.00000
      2.90382      0.31586      0.00000
      2.91382      0.01191      0.00000
