Energy-E_F (eV)    DOS (1/eV)    PDOS (1/eV)  of atom type Tl 
     -4.99000      0.00000      0.00000
     -4.98000      0.00000      0.00000
     -4.97000      0.00000      0.00000
     -4.96000      0.00000      0.00000
     -4.95000      0.00000      0.00000
     -4.94000      0.00000      0.00000
     -4.93000      0.00000      0.00000
     -4.92000      0.00000      0.00000
     -4.91000      0.00000      0.00000
     -4.90000      0.00000      0.00000
     -4.89000      0.00000      0.00000
     -4.88000      0.00003      0.00000
     -4.87000      0.00010      0.00000
     -4.86000      0.00014      0.00000
     -4.85000      0.00007      0.00000
     -4.84000      0.00001      0.00000
     -4.83000      0.00000      0.00000
     -4.82000      0.00000      0.00000
     -4.81000      0.00000      0.00000
     -4.80000      0.00000      0.00000
     -4.79000      0.00000      0.00000
     -4.78000      0.00000      0.00000
     -4.77000      0.00000      0.00000
     -4.76000      0.00000      0.00000
     -4.75000      0.00000      0.00000
     -4.74000      0.00000      0.00000
     -4.73000      0.00000      0.00000
     -4.72000      0.00000      0.00000
     -4.71000      0.00000      0.00000
     -4.70000      0.00000      0.00000
     -4.69000      0.00000      0.00000
     -4.68000      0.00000      0.00000
     -4.67000      0.00000      0.00000
     -4.66000      0.00000      0.00000
     -4.65000      0.00000      0.00000
     -4.64000      0.00000      0.00000
     -4.63000      0.00001      0.00000
     -4.62000      0.00079      0.00000
     -4.61000      0.02228      0.00000
     -4.60000      0.23065      0.00000
     -4.59000      0.87826      0.00000
     -4.58000      1.23025      0.00000
     -4.57000      0.63397      0.00000
     -4.56000      0.12018      0.00000
     -4.55000      0.00838      0.00000
     -4.54000      0.00022      0.00000
     -4.53000      0.00000      0.00000
     -4.52000      0.00000      0.00000
     -4.51000      0.00000      0.00000
     -4.50000      0.00000      0.00000
     -4.49000      0.00038      0.00000
     -4.48000      0.01518      0.00000
     -4.47000      0.22515      0.00000
     -4.46000      1.24243      0.00000
     -4.45000      2.73357      0.00000
     -4.44000      3.36130      0.00000
     -4.43000      3.82744      0.00000
     -4.42000      2.96996      0.00000
     -4.41000      1.07429      0.00000
     -4.40000      0.16735      0.00000
     -4.39000      0.06236      0.00000
     -4.38000      0.39329      0.00000
     -4.37000      1.10375      0.00000
     -4.36000      1.28769      0.00000
     -4.35000      1.19049      0.00000
     -4.34000      1.30397      0.00000
     -4.33000      0.74189      0.00000
     -4.32000      0.16276      0.00000
     -4.31000      0.04925      0.00000
     -4.30000      0.31507      0.00000
     -4.29000      1.00314      0.00000
     -4.28000      1.17641      0.00000
     -4.27000      0.50753      0.00000
     -4.26000      0.08055      0.00000
     -4.25000      0.00470      0.00000
     -4.24000      0.00016      0.00000
     -4.23000      0.00301      0.00000
     -4.22000      0.05883      0.00000
     -4.21000      0.42241      0.00000
     -4.20000      1.11568      0.00000
     -4.19000      1.08405      0.00000
     -4.18000      0.38749      0.00000
     -4.17000      0.05095      0.00000
     -4.16000      0.00246      0.00000
     -4.15000      0.00048      0.00000
     -4.14000      0.01702      0.00000
     -4.13000      0.24289      0.00000
     -4.12000      1.27506      0.00000
     -4.11000      2.46240      0.00000
     -4.10000      1.74941      0.00000
     -4.09000      0.45727      0.00000
     -4.08000      0.04622      0.00000
     -4.07000      0.04939      0.00000
     -4.06000      0.37297      0.00000
     -4.05000      1.06958      0.00000
     -4.04000      1.12855      0.00000
     -4.03000      0.44293      0.00000
     -4.02000      0.16457      0.00000
     -4.01000      0.78319      0.00000
     -4.00000      2.29254      0.00000
     -3.99000      3.49737      0.00000
     -3.98000      5.95034      0.00000
     -3.97000      9.04165      0.00000
     -3.96000      8.05598      0.00000
     -3.95000      4.60002      0.00000
     -3.94000      2.15785      0.00000
     -3.93000      0.83612      0.00000
     -3.92000      0.16750      0.00000
     -3.91000      0.01333      0.00000
     -3.90000      0.00079      0.00000
     -3.89000      0.01563      0.00000
     -3.88000      0.22909      0.00000
     -3.87000      1.23546      0.00000
     -3.86000      2.45105      0.00000
     -3.85000      1.78888      0.00000
     -3.84000      0.48032      0.00000
     -3.83000      0.04865      0.00000
     -3.82000      0.03206      0.00000
     -3.81000      0.28104      0.00000
     -3.80000      0.95775      0.00000
     -3.79000      1.20082      0.00000
     -3.78000      0.55387      0.00000
     -3.77000      0.09398      0.00000
     -3.76000      0.00587      0.00000
     -3.75000      0.00070      0.00000
     -3.74000      0.02073      0.00000
     -3.73000      0.27773      0.00000
     -3.72000      1.36890      0.00000
     -3.71000      2.48223      0.00000
     -3.70000      1.66083      0.00000
     -3.69000      0.51501      0.00000
     -3.68000      0.92957      0.00000
     -3.67000      2.84902      0.00000
     -3.66000      3.52006      0.00000
     -3.65000      1.67496      0.00000
     -3.64000      0.30405      0.00000
     -3.63000      0.02449      0.00000
     -3.62000      0.08268      0.00000
     -3.61000      0.68997      0.00000
     -3.60000      2.29463      0.00000
     -3.59000      3.96626      0.00000
     -3.58000      5.36610      0.00000
     -3.57000      4.51105      0.00000
     -3.56000      1.63100      0.00000
     -3.55000      0.45057      0.00000
     -3.54000      0.89341      0.00000
     -3.53000      1.22928      0.00000
     -3.52000      0.62975      0.00000
     -3.51000      0.12001      0.00000
     -3.50000      0.04708      0.00000
     -3.49000      0.42371      0.00000
     -3.48000      1.73331      0.00000
     -3.47000      2.96901      0.00000
     -3.46000      3.27689      0.00000
     -3.45000      3.65979      0.00000
     -3.44000      3.75387      0.00000
     -3.43000      4.02082      0.00000
     -3.42000      5.94155      0.00000
     -3.41000      7.26751      0.00000
     -3.40000      5.85014      0.00000
     -3.39000      3.57408      0.00000
     -3.38000      2.21061      0.00000
     -3.37000      3.29444      0.00000
     -3.36000      3.91658      0.00000
     -3.35000      2.77640      0.00000
     -3.34000      2.29878      0.00000
     -3.33000      2.76499      0.00000
     -3.32000      2.43430      0.00000
     -3.31000      1.70943      0.00000
     -3.30000      1.20407      0.00000
     -3.29000      0.48986      0.00000
     -3.28000      0.56093      0.00000
     -3.27000      1.94573      0.00000
     -3.26000      3.36874      0.00000
     -3.25000      3.94280      0.00000
     -3.24000      4.06697      0.00000
     -3.23000      3.25053      0.00000
     -3.22000      3.16312      0.00000
     -3.21000      4.59898      0.00000
     -3.20000      4.37525      0.00000
     -3.19000      2.45343      0.00000
     -3.18000      2.42211      0.00000
     -3.17000      2.87882      0.00000
     -3.16000      3.33249      0.00000
     -3.15000      5.19789      0.00000
     -3.14000      6.70073      0.00000
     -3.13000      6.33514      0.00000
     -3.12000      4.46624      0.00000
     -3.11000      2.08007      0.00000
     -3.10000      0.66354      0.00000
     -3.09000      1.39790      0.00000
     -3.08000      3.57532      0.00000
     -3.07000      4.23608      0.00000
     -3.06000      3.48923      0.00000
     -3.05000      2.34677      0.00000
     -3.04000      2.16864      0.00000
     -3.03000      4.14788      0.00000
     -3.02000      4.57454      0.00000
     -3.01000      3.01032      0.00000
     -3.00000      2.86624      0.00000
     -2.99000      3.15249      0.00000
     -2.98000      1.87411      0.00000
     -2.97000      0.56855      0.00000
     -2.96000      0.73529      0.00000
     -2.95000      1.91639      0.00000
     -2.94000      3.16885      0.00000
     -2.93000      5.26586      0.00000
     -2.92000      7.91055      0.00000
     -2.91000      7.73351      0.00000
     -2.90000      5.00170      0.00000
     -2.89000      2.09338      0.00000
     -2.88000      0.49895      0.00000
     -2.87000      0.58782      0.00000
     -2.86000      1.92383      0.00000
     -2.85000      2.66890      0.00000
     -2.84000      2.05124      0.00000
     -2.83000      1.40937      0.00000
     -2.82000      0.60059      0.00000
     -2.81000      0.10808      0.00000
     -2.80000      0.07884      0.00000
     -2.79000      0.62603      0.00000
     -2.78000      2.00558      0.00000
     -2.77000      2.44669      0.00000
     -2.76000      1.83723      0.00000
     -2.75000      2.93277      0.00000
     -2.74000      3.58100      0.00000
     -2.73000      1.76208      0.00000
     -2.72000      0.33374      0.00000
     -2.71000      0.02427      0.00000
     -2.70000      0.00068      0.00000
     -2.69000      0.00001      0.00000
     -2.68000      0.00000      0.00000
     -2.67000      0.00000      0.00000
     -2.66000      0.00000      0.00000
     -2.65000      0.00000      0.00000
     -2.64000      0.00023      0.00000
     -2.63000      0.01205      0.00000
     -2.62000      0.23356      0.00000
     -2.61000      1.67381      0.00000
     -2.60000      4.44582      0.00000
     -2.59000      4.52300      0.00000
     -2.58000      2.64248      0.00000
     -2.57000      2.59471      0.00000
     -2.56000      2.02601      0.00000
     -2.55000      1.23031      0.00000
     -2.54000      2.88183      0.00000
     -2.53000      5.77571      0.00000
     -2.52000      7.19968      0.00000
     -2.51000      7.03791      0.00000
     -2.50000      5.10130      0.00000
     -2.49000      2.76700      0.00000
     -2.48000      1.73160      0.00000
     -2.47000      1.13108      0.00000
     -2.46000      1.26243      0.00000
     -2.45000      2.37421      0.00000
     -2.44000      2.05616      0.00000
     -2.43000      1.06063      0.00000
     -2.42000      1.76239      0.00000
     -2.41000      2.47957      0.00000
     -2.40000      1.33638      0.00000
     -2.39000      0.26869      0.00000
     -2.38000      0.09786      0.00000
     -2.37000      0.66146      0.00000
     -2.36000      2.06121      0.00000
     -2.35000      2.53732      0.00000
     -2.34000      2.04565      0.00000
     -2.33000      2.66622      0.00000
     -2.32000      3.06008      0.00000
     -2.31000      1.90042      0.00000
     -2.30000      0.54355      0.00000
     -2.29000      0.06458      0.00000
     -2.28000      0.00334      0.00000
     -2.27000      0.01378      0.00000
     -2.26000      0.20960      0.00000
     -2.25000      1.17685      0.00000
     -2.24000      2.43085      0.00000
     -2.23000      1.84714      0.00000
     -2.22000      0.51635      0.00000
     -2.21000      0.05310      0.00000
     -2.20000      0.00201      0.00000
     -2.19000      0.00003      0.00000
     -2.18000      0.00000      0.00000
     -2.17000      0.00000      0.00000
     -2.16000      0.00087      0.00000
     -2.15000      0.03384      0.00000
     -2.14000      0.48348      0.00000
     -2.13000      2.54244      0.00000
     -2.12000      4.92129      0.00000
     -2.11000      3.50645      0.00000
     -2.10000      0.91964      0.00000
     -2.09000      0.08879      0.00000
     -2.08000      0.00316      0.00000
     -2.07000      0.00004      0.00000
     -2.06000      0.00075      0.00000
     -2.05000      0.02626      0.00000
     -2.04000      0.34825      0.00000
     -2.03000      1.86840      0.00000
     -2.02000      4.57110      0.00000
     -2.01000      6.25884      0.00000
     -2.00000      6.87509      0.00000
     -1.99000      7.15662      0.00000
     -1.98000      5.54490      0.00000
     -1.97000      3.33520      0.00000
     -1.96000      1.28130      0.00000
     -1.95000      0.21862      0.00000
     -1.94000      0.01433      0.00000
     -1.93000      0.00035      0.00000
     -1.92000      0.00000      0.00000
     -1.91000      0.00039      0.00000
     -1.90000      0.01387      0.00000
     -1.89000      0.18905      0.00000
     -1.88000      1.07467      0.00000
     -1.87000      2.85083      0.00000
     -1.86000      4.33424      0.00000
     -1.85000      5.69799      0.00000
     -1.84000      6.32367      0.00000
     -1.83000      3.90624      0.00000
     -1.82000      2.31413      0.00000
     -1.81000      2.57607      0.00000
     -1.80000      1.64320      0.00000
     -1.79000      1.06152      0.00000
     -1.78000      2.65627      0.00000
     -1.77000      3.67457      0.00000
     -1.76000      1.91226      0.00000
     -1.75000      0.40528      0.00000
     -1.74000      0.42400      0.00000
     -1.73000      1.63898      0.00000
     -1.72000      2.48472      0.00000
     -1.71000      1.38636      0.00000
     -1.70000      0.28484      0.00000
     -1.69000      0.03559      0.00000
     -1.68000      0.26272      0.00000
     -1.67000      1.79655      0.00000
     -1.66000      4.54204      0.00000
     -1.65000      4.25057      0.00000
     -1.64000      1.73404      0.00000
     -1.63000      2.17737      0.00000
     -1.62000      6.25837      0.00000
     -1.61000      9.50519      0.00000
     -1.60000      7.52054      0.00000
     -1.59000      4.48918      0.00000
     -1.58000      5.16965      0.00000
     -1.57000      5.36231      0.00000
     -1.56000      4.10703      0.00000
     -1.55000      4.15467      0.00000
     -1.54000      4.10422      0.00000
     -1.53000      3.82761      0.00000
     -1.52000      3.52171      0.00000
     -1.51000      1.79104      0.00000
     -1.50000      0.37941      0.00000
     -1.49000      0.03099      0.00000
     -1.48000      0.00096      0.00000
     -1.47000      0.00109      0.00000
     -1.46000      0.03362      0.00000
     -1.45000      0.38368      0.00000
     -1.44000      1.61089      0.00000
     -1.43000      2.48808      0.00000
     -1.42000      1.41374      0.00000
     -1.41000      0.29552      0.00000
     -1.40000      0.02293      0.00000
     -1.39000      0.01016      0.00000
     -1.38000      0.16241      0.00000
     -1.37000      1.02142      0.00000
     -1.36000      2.40943      0.00000
     -1.35000      2.65069      0.00000
     -1.34000      3.59135      0.00000
     -1.33000      5.48591      0.00000
     -1.32000      4.91824      0.00000
     -1.31000      3.19624      0.00000
     -1.30000      1.30570      0.00000
     -1.29000      0.23269      0.00000
     -1.28000      0.01601      0.00000
     -1.27000      0.01054      0.00000
     -1.26000      0.16995      0.00000
     -1.25000      1.05102      0.00000
     -1.24000      2.47053      0.00000
     -1.23000      2.74214      0.00000
     -1.22000      2.76545      0.00000
     -1.21000      2.30745      0.00000
     -1.20000      0.85690      0.00000
     -1.19000      0.11989      0.00000
     -1.18000      0.00664      0.00000
     -1.17000      0.01896      0.00000
     -1.16000      0.29299      0.00000
     -1.15000      1.68733      0.00000
     -1.14000      3.61485      0.00000
     -1.13000      3.03291      0.00000
     -1.12000      1.63463      0.00000
     -1.11000      1.45296      0.00000
     -1.10000      1.56380      0.00000
     -1.09000      2.38241      0.00000
     -1.08000      2.21854      0.00000
     -1.07000      1.08648      0.00000
     -1.06000      1.10058      0.00000
     -1.05000      1.27499      0.00000
     -1.04000      1.22747      0.00000
     -1.03000      2.21892      0.00000
     -1.02000      2.69031      0.00000
     -1.01000      2.55620      0.00000
     -1.00000      2.66004      0.00000
     -0.99000      1.82421      0.00000
     -0.98000      1.98504      0.00000
     -0.97000      2.49557      0.00000
     -0.96000      1.32515      0.00000
     -0.95000      0.26135      0.00000
     -0.94000      0.03817      0.00000
     -0.93000      0.30195      0.00000
     -0.92000      1.93720      0.00000
     -0.91000      5.45325      0.00000
     -0.90000      7.19217      0.00000
     -0.89000      5.58003      0.00000
     -0.88000      4.34046      0.00000
     -0.87000      3.24060      0.00000
     -0.86000      2.77420      0.00000
     -0.85000      2.40549      0.00000
     -0.84000      0.98560      0.00000
     -0.83000      0.31946      0.00000
     -0.82000      1.04590      0.00000
     -0.81000      3.40526      0.00000
     -0.80000      6.31068      0.00000
     -0.79000      5.52502      0.00000
     -0.78000      1.99134      0.00000
     -0.77000      0.30490      0.00000
     -0.76000      0.30084      0.00000
     -0.75000      1.54856      0.00000
     -0.74000      4.26891      0.00000
     -0.73000      6.40783      0.00000
     -0.72000      4.64362      0.00000
     -0.71000      1.40190      0.00000
     -0.70000      0.16443      0.00000
     -0.69000      0.04593      0.00000
     -0.68000      0.51607      0.00000
     -0.67000      2.58161      0.00000
     -0.66000      4.86953      0.00000
     -0.65000      3.46543      0.00000
     -0.64000      0.93298      0.00000
     -0.63000      0.16673      0.00000
     -0.62000      0.67912      0.00000
     -0.61000      2.42905      0.00000
     -0.60000      3.53315      0.00000
     -0.59000      2.39982      0.00000
     -0.58000      1.51562      0.00000
     -0.57000      1.24931      0.00000
     -0.56000      0.59899      0.00000
     -0.55000      0.55506      0.00000
     -0.54000      1.34328      0.00000
     -0.53000      1.90433      0.00000
     -0.52000      1.93051      0.00000
     -0.51000      2.35316      0.00000
     -0.50000      3.60296      0.00000
     -0.49000      3.89035      0.00000
     -0.48000      2.41211      0.00000
     -0.47000      0.73799      0.00000
     -0.46000      0.62390      0.00000
     -0.45000      2.70542      0.00000
     -0.44000      4.96190      0.00000
     -0.43000      3.49520      0.00000
     -0.42000      1.79961      0.00000
     -0.41000      2.39951      0.00000
     -0.40000      2.08366      0.00000
     -0.39000      1.00192      0.00000
     -0.38000      1.58373      0.00000
     -0.37000      2.49831      0.00000
     -0.36000      1.56241      0.00000
     -0.35000      0.78130      0.00000
     -0.34000      1.74697      0.00000
     -0.33000      2.47081      0.00000
     -0.32000      1.30576      0.00000
     -0.31000      0.25394      0.00000
     -0.30000      0.01817      0.00000
     -0.29000      0.00048      0.00000
     -0.28000      0.00000      0.00000
     -0.27000      0.00003      0.00000
     -0.26000      0.00198      0.00000
     -0.25000      0.05259      0.00000
     -0.24000      0.51318      0.00000
     -0.23000      1.84217      0.00000
     -0.22000      2.43274      0.00000
     -0.21000      1.18186      0.00000
     -0.20000      0.21122      0.00000
     -0.19000      0.01435      0.00000
     -0.18000      0.01884      0.00000
     -0.17000      0.28217      0.00000
     -0.16000      1.72305      0.00000
     -0.15000      4.72506      0.00000
     -0.14000      7.33843      0.00000
     -0.13000      7.75398      0.00000
     -0.12000      4.87976      0.00000
     -0.11000      1.95013      0.00000
     -0.10000      1.39809      0.00000
     -0.09000      1.17098      0.00000
     -0.08000      1.38094      0.00000
     -0.07000      2.90078      0.00000
     -0.06000      5.48883      0.00000
     -0.05000      7.32963      0.00000
     -0.04000      6.44250      0.00000
     -0.03000      4.71496      0.00000
     -0.02000      4.28942      0.00000
     -0.01000      6.28387      0.00000
     -0.00000      7.00411      0.00000
      0.01000      3.45044      0.00000
      0.02000      0.67224      0.00000
      0.03000      0.05021      0.00000
      0.04000      0.00141      0.00000
      0.05000      0.00000      0.00000
      0.06000      0.00014      0.00000
      0.07000      0.00697      0.00000
      0.08000      0.13046      0.00000
      0.09000      0.89800      0.00000
      0.10000      2.27411      0.00000
      0.11000      2.12231      0.00000
      0.12000      0.81389      0.00000
      0.13000      0.86266      0.00000
      0.14000      2.72765      0.00000
      0.15000      4.46693      0.00000
      0.16000      4.29694      0.00000
      0.17000      2.52431      0.00000
      0.18000      1.05618      0.00000
      0.19000      1.93933      0.00000
      0.20000      3.66126      0.00000
      0.21000      2.99905      0.00000
      0.22000      2.22493      0.00000
      0.23000      2.61287      0.00000
      0.24000      1.89530      0.00000
      0.25000      1.39887      0.00000
      0.26000      1.24626      0.00000
      0.27000      1.13327      0.00000
      0.28000      2.89944      0.00000
      0.29000      5.41931      0.00000
      0.30000      4.64921      0.00000
      0.31000      1.71569      0.00000
      0.32000      0.25892      0.00000
      0.33000      0.01536      0.00000
      0.34000      0.00035      0.00000
      0.35000      0.00005      0.00000
      0.36000      0.00288      0.00000
      0.37000      0.05718      0.00000
      0.38000      0.42932      0.00000
      0.39000      1.41060      0.00000
      0.40000      3.44153      0.00000
      0.41000      7.73294      0.00000
      0.42000      9.54289      0.00000
      0.43000      5.68676      0.00000
      0.44000      2.19356      0.00000
      0.45000      0.64662      0.00000
      0.46000      0.11335      0.00000
      0.47000      0.21514      0.00000
      0.48000      1.17507      0.00000
      0.49000      2.43012      0.00000
      0.50000      1.84905      0.00000
      0.51000      0.51758      0.00000
      0.52000      0.05330      0.00000
      0.53000      0.00202      0.00000
      0.54000      0.00003      0.00000
      0.55000      0.00000      0.00000
      0.56000      0.00008      0.00000
      0.57000      0.00474      0.00000
      0.58000      0.09993      0.00000
      0.59000      0.79534      0.00000
      0.60000      2.63126      0.00000
      0.61000      4.79485      0.00000
      0.62000      6.31162      0.00000
      0.63000      5.63107      0.00000
      0.64000      3.54746      0.00000
      0.65000      2.27032      0.00000
      0.66000      2.58011      0.00000
      0.67000      2.02158      0.00000
      0.68000      1.22742      0.00000
      0.69000      2.18378      0.00000
      0.70000      3.10885      0.00000
      0.71000      3.54868      0.00000
      0.72000      4.18442      0.00000
      0.73000      4.62812      0.00000
      0.74000      4.71024      0.00000
      0.75000      3.86856      0.00000
      0.76000      3.21250      0.00000
      0.77000      2.83676      0.00000
      0.78000      2.98762      0.00000
      0.79000      2.82461      0.00000
      0.80000      2.79861      0.00000
      0.81000      1.72245      0.00000
      0.82000      0.44217      0.00000
      0.83000      0.21857      0.00000
      0.84000      0.95910      0.00000
      0.85000      2.53053      0.00000
      0.86000      4.12983      0.00000
      0.87000      4.79211      0.00000
      0.88000      4.89780      0.00000
      0.89000      5.23794      0.00000
      0.90000      3.87330      0.00000
      0.91000      1.56259      0.00000
      0.92000      1.12350      0.00000
      0.93000      1.68339      0.00000
      0.94000      1.77297      0.00000
      0.95000      1.19181      0.00000
      0.96000      0.41392      0.00000
      0.97000      0.43665      0.00000
      0.98000      1.62468      0.00000
      0.99000      2.50978      0.00000
      1.00000      1.63779      0.00000
      1.01000      1.18402      0.00000
      1.02000      1.39206      0.00000
      1.03000      1.69384      0.00000
