Energy-E_F (eV)    DOS (1/eV)    PDOS (1/eV)  of atom type Tl 
     -4.99000      0.00000      0.00000
     -4.98000      0.00000      0.00000
     -4.97000      0.00000      0.00000
     -4.96000      0.00000      0.00000
     -4.95000      0.00000      0.00000
     -4.94000      0.00000      0.00000
     -4.93000      0.00000      0.00000
     -4.92000      0.00000      0.00000
     -4.91000      0.00000      0.00000
     -4.90000      0.00000      0.00000
     -4.89000      0.00000      0.00000
     -4.88000      0.00001      0.00001
     -4.87000      0.00005      0.00005
     -4.86000      0.00007      0.00007
     -4.85000      0.00003      0.00003
     -4.84000      0.00001      0.00001
     -4.83000      0.00000      0.00000
     -4.82000      0.00000      0.00000
     -4.81000      0.00000      0.00000
     -4.80000      0.00000      0.00000
     -4.79000      0.00000      0.00000
     -4.78000      0.00000      0.00000
     -4.77000      0.00000      0.00000
     -4.76000      0.00000      0.00000
     -4.75000      0.00000      0.00000
     -4.74000      0.00000      0.00000
     -4.73000      0.00000      0.00000
     -4.72000      0.00000      0.00000
     -4.71000      0.00000      0.00000
     -4.70000      0.00000      0.00000
     -4.69000      0.00000      0.00000
     -4.68000      0.00000      0.00000
     -4.67000      0.00000      0.00000
     -4.66000      0.00000      0.00000
     -4.65000      0.00000      0.00000
     -4.64000      0.00000      0.00000
     -4.63000      0.00001      0.00001
     -4.62000      0.00040      0.00040
     -4.61000      0.01114      0.01114
     -4.60000      0.11533      0.11533
     -4.59000      0.43913      0.43913
     -4.58000      0.61512      0.61512
     -4.57000      0.31698      0.31698
     -4.56000      0.06009      0.06009
     -4.55000      0.00419      0.00419
     -4.54000      0.00011      0.00011
     -4.53000      0.00000      0.00000
     -4.52000      0.00000      0.00000
     -4.51000      0.00000      0.00000
     -4.50000      0.00000      0.00000
     -4.49000      0.00013      0.00013
     -4.48000      0.00556      0.00556
     -4.47000      0.09073      0.09073
     -4.46000      0.55174      0.55174
     -4.45000      1.33342      1.33342
     -4.44000      1.73506      1.73506
     -4.43000      1.95588      1.95588
     -4.42000      1.50619      1.50619
     -4.41000      0.54502      0.54502
     -4.40000      0.08467      0.08467
     -4.39000      0.03006      0.03006
     -4.38000      0.19122      0.19122
     -4.37000      0.54524      0.54524
     -4.36000      0.63683      0.63683
     -4.35000      0.57399      0.57399
     -4.34000      0.65274      0.65274
     -4.33000      0.39793      0.39793
     -4.32000      0.09349      0.09349
     -4.31000      0.02382      0.02382
     -4.30000      0.14459      0.14459
     -4.29000      0.48429      0.48429
     -4.28000      0.59777      0.59777
     -4.27000      0.27144      0.27144
     -4.26000      0.04534      0.04534
     -4.25000      0.00279      0.00279
     -4.24000      0.00009      0.00009
     -4.23000      0.00147      0.00147
     -4.22000      0.02896      0.02896
     -4.21000      0.20925      0.20925
     -4.20000      0.55617      0.55617
     -4.19000      0.54383      0.54383
     -4.18000      0.19562      0.19562
     -4.17000      0.02589      0.02589
     -4.16000      0.00126      0.00126
     -4.15000      0.00024      0.00024
     -4.14000      0.00851      0.00851
     -4.13000      0.12144      0.12144
     -4.12000      0.63753      0.63753
     -4.11000      1.23120      1.23120
     -4.10000      0.87471      0.87471
     -4.09000      0.22862      0.22862
     -4.08000      0.02240      0.02240
     -4.07000      0.01249      0.01249
     -4.06000      0.11911      0.11911
     -4.05000      0.44558      0.44558
     -4.04000      0.61328      0.61328
     -4.03000      0.31129      0.31129
     -4.02000      0.07990      0.07990
     -4.01000      0.23388      0.23388
     -4.00000      0.90275      0.90275
     -3.99000      1.56934      1.56934
     -3.98000      2.34054      2.34054
     -3.97000      3.80472      3.80472
     -3.96000      3.92939      3.92939
     -3.95000      2.81063      2.81063
     -3.94000      1.80853      1.80853
     -3.93000      0.95988      0.95988
     -3.92000      0.31918      0.31918
     -3.91000      0.04930      0.04930
     -3.90000      0.00306      0.00306
     -3.89000      0.00261      0.00261
     -3.88000      0.05204      0.05204
     -3.87000      0.39245      0.39245
     -3.86000      1.08880      1.08880
     -3.85000      1.11126      1.11126
     -3.84000      0.41725      0.41725
     -3.83000      0.05814      0.05814
     -3.82000      0.01637      0.01637
     -3.81000      0.13020      0.13020
     -3.80000      0.46342      0.46342
     -3.79000      0.60708      0.60708
     -3.78000      0.29256      0.29256
     -3.77000      0.05187      0.05187
     -3.76000      0.00338      0.00338
     -3.75000      0.00036      0.00036
     -3.74000      0.01010      0.01010
     -3.73000      0.13650      0.13650
     -3.72000      0.67832      0.67832
     -3.71000      1.24010      1.24010
     -3.70000      0.83616      0.83616
     -3.69000      0.25085      0.25085
     -3.68000      0.38447      0.38447
     -3.67000      1.24268      1.24268
     -3.66000      1.75906      1.75906
     -3.65000      1.01904      1.01904
     -3.64000      0.23366      0.23366
     -3.63000      0.02060      0.02060
     -3.62000      0.00191      0.00191
     -3.61000      0.03098      0.03098
     -3.60000      0.29492      0.29492
     -3.59000      1.14834      1.14834
     -3.58000      2.30255      2.30255
     -3.57000      2.94610      2.94610
     -3.56000      2.01265      2.01265
     -3.55000      0.57357      0.57357
     -3.54000      0.06212      0.06212
     -3.53000      0.00254      0.00254
     -3.52000      0.00222      0.00222
     -3.51000      0.03820      0.03820
     -3.50000      0.24619      0.24619
     -3.49000      0.58459      0.58459
     -3.48000      0.53585      0.53585
     -3.47000      0.43092      0.43092
     -3.46000      1.08789      1.08789
     -3.45000      2.14681      2.14681
     -3.44000      2.89365      2.89365
     -3.43000      2.55748      2.55748
     -3.42000      2.18716      2.18716
     -3.41000      2.71876      2.71876
     -3.40000      2.85146      2.85146
     -3.39000      2.63750      2.63750
     -3.38000      1.87996      1.87996
     -3.37000      1.15996      1.15996
     -3.36000      1.28472      1.28472
     -3.35000      1.02736      1.02736
     -3.34000      0.64151      0.64151
     -3.33000      1.19299      1.19299
     -3.32000      1.79583      1.79583
     -3.31000      1.75388      1.75388
     -3.30000      1.40145      1.40145
     -3.29000      0.90041      0.90041
     -3.28000      0.35772      0.35772
     -3.27000      0.15234      0.15234
     -3.26000      0.59751      0.59751
     -3.25000      1.70680      1.70680
     -3.24000      2.69272      2.69272
     -3.23000      2.58236      2.58236
     -3.22000      1.40116      1.40116
     -3.21000      0.81925      0.81925
     -3.20000      1.49225      1.49225
     -3.19000      2.37905      2.37905
     -3.18000      2.81338      2.81338
     -3.17000      2.38527      2.38527
     -3.16000      1.61311      1.61311
     -3.15000      2.14182      2.14182
     -3.14000      3.06370      3.06370
     -3.13000      2.79649      2.79649
     -3.12000      2.26117      2.26117
     -3.11000      1.43603      1.43603
     -3.10000      0.51820      0.51820
     -3.09000      0.43045      0.43045
     -3.08000      1.14706      1.14706
     -3.07000      1.67635      1.67635
     -3.06000      1.73535      1.73535
     -3.05000      1.47402      1.47402
     -3.04000      1.19218      1.19218
     -3.03000      1.45138      1.45138
     -3.02000      1.97698      1.97698
     -3.01000      1.84405      1.84405
     -3.00000      1.04721      1.04721
     -2.99000      0.87135      0.87135
     -2.98000      1.54923      1.54923
     -2.97000      1.54199      1.54199
     -2.96000      0.86770      0.86770
     -2.95000      0.71396      0.71396
     -2.94000      0.98931      0.98931
     -2.93000      1.39448      1.39448
     -2.92000      1.79531      1.79531
     -2.91000      2.95436      2.95436
     -2.90000      4.00512      4.00512
     -2.89000      2.98651      2.98651
     -2.88000      1.62381      1.62381
     -2.87000      0.59321      0.59321
     -2.86000      0.17845      0.17845
     -2.85000      0.54078      0.54078
     -2.84000      1.35667      1.35667
     -2.83000      1.52268      1.52268
     -2.82000      0.88292      0.88292
     -2.81000      0.26520      0.26520
     -2.80000      0.03539      0.03539
     -2.79000      0.00188      0.00188
     -2.78000      0.00172      0.00172
     -2.77000      0.04485      0.04485
     -2.76000      0.45250      0.45250
     -2.75000      1.76553      1.76553
     -2.74000      2.78519      2.78519
     -2.73000      1.95241      1.95241
     -2.72000      0.68172      0.68172
     -2.71000      0.11905      0.11905
     -2.70000      0.00924      0.00924
     -2.69000      0.00029      0.00029
     -2.68000      0.00000      0.00000
     -2.67000      0.00000      0.00000
     -2.66000      0.00000      0.00000
     -2.65000      0.00000      0.00000
     -2.64000      0.00004      0.00004
     -2.63000      0.00226      0.00226
     -2.62000      0.05049      0.05049
     -2.61000      0.43676      0.43676
     -2.60000      1.52914      1.52914
     -2.59000      2.28217      2.28217
     -2.58000      1.48791      1.48791
     -2.57000      0.41329      0.41329
     -2.56000      0.05949      0.05949
     -2.55000      0.17055      0.17055
     -2.54000      0.86339      0.86339
     -2.53000      2.17280      2.17280
     -2.52000      3.64223      3.64223
     -2.51000      4.30983      4.30983
     -2.50000      3.60935      3.60935
     -2.49000      2.45595      2.45595
     -2.48000      1.17999      1.17999
     -2.47000      0.29911      0.29911
     -2.46000      0.03390      0.03390
     -2.45000      0.00985      0.00985
     -2.44000      0.12022      0.12022
     -2.43000      0.65540      0.65540
     -2.42000      1.48216      1.48216
     -2.41000      1.94459      1.94459
     -2.40000      2.02828      2.02828
     -2.39000      1.23971      1.23971
     -2.38000      0.44799      0.44799
     -2.37000      0.49885      0.49885
     -2.36000      0.61185      0.61185
     -2.35000      0.37421      0.37421
     -2.34000      0.57570      0.57570
     -2.33000      1.18959      1.18959
     -2.32000      0.98612      0.98612
     -2.31000      0.30153      0.30153
     -2.30000      0.03543      0.03543
     -2.29000      0.03714      0.03714
     -2.28000      0.31127      0.31127
     -2.27000      0.99816      0.99816
     -2.26000      1.17873      1.17873
     -2.25000      0.51257      0.51257
     -2.24000      0.08208      0.08208
     -2.23000      0.00484      0.00484
     -2.22000      0.00011      0.00011
     -2.21000      0.00000      0.00000
     -2.20000      0.00000      0.00000
     -2.19000      0.00016      0.00016
     -2.18000      0.00670      0.00670
     -2.17000      0.10309      0.10309
     -2.16000      0.58367      0.58367
     -2.15000      1.23073      1.23073
     -2.14000      1.12485      1.12485
     -2.13000      1.07859      1.07859
     -2.12000      1.32902      1.32902
     -2.11000      1.09825      1.09825
     -2.10000      1.19672      1.19672
     -2.09000      1.10257      1.10257
     -2.08000      0.44541      0.44541
     -2.07000      0.07079      0.07079
     -2.06000      0.00435      0.00435
     -2.05000      0.00080      0.00080
     -2.04000      0.01701      0.01701
     -2.03000      0.15459      0.15459
     -2.02000      0.57303      0.57303
     -2.01000      1.20840      1.20840
     -2.00000      2.16311      2.16311
     -1.99000      3.07783      3.07783
     -1.98000      3.74413      3.74413
     -1.97000      3.17964      3.17964
     -1.96000      1.28390      1.28390
     -1.95000      0.20983      0.20983
     -1.94000      0.02939      0.02939
     -1.93000      0.18862      0.18862
     -1.92000      0.79824      0.79824
     -1.91000      1.24496      1.24496
     -1.90000      0.72061      0.72061
     -1.89000      0.23190      0.23190
     -1.88000      0.38259      0.38259
     -1.87000      0.62357      0.62357
     -1.86000      0.38543      0.38543
     -1.85000      0.09461      0.09461
     -1.84000      0.11401      0.11401
     -1.83000      0.61129      0.61129
     -1.82000      1.42327      1.42327
     -1.81000      1.75411      1.75411
     -1.80000      1.50561      1.50561
     -1.79000      0.84394      0.84394
     -1.78000      0.92063      0.92063
     -1.77000      1.80974      1.80974
     -1.76000      2.02112      2.02112
     -1.75000      1.84418      1.84418
     -1.74000      1.78492      1.78492
     -1.73000      1.55160      1.55160
     -1.72000      0.83943      0.83943
     -1.71000      0.39025      0.39025
     -1.70000      0.58880      0.58880
     -1.69000      0.73408      0.73408
     -1.68000      1.01014      1.01014
     -1.67000      1.40728      1.40728
     -1.66000      1.31122      1.31122
     -1.65000      1.46110      1.46110
     -1.64000      1.66454      1.66454
     -1.63000      1.33627      1.33627
     -1.62000      1.13357      1.13357
     -1.61000      1.72306      1.72306
     -1.60000      2.96365      2.96365
     -1.59000      3.34443      3.34443
     -1.58000      2.21665      2.21665
     -1.57000      1.32004      1.32004
     -1.56000      2.69374      2.69374
     -1.55000      4.25399      4.25399
     -1.54000      2.73502      2.73502
     -1.53000      1.05777      1.05777
     -1.52000      1.67856      1.67856
     -1.51000      2.46908      2.46908
     -1.50000      1.40809      1.40809
     -1.49000      0.30050      0.30050
     -1.48000      0.02400      0.02400
     -1.47000      0.00328      0.00328
     -1.46000      0.05252      0.05252
     -1.45000      0.39462      0.39462
     -1.44000      1.09239      1.09239
     -1.43000      1.13976      1.13976
     -1.42000      0.63397      0.63397
     -1.41000      0.67579      0.67579
     -1.40000      0.85164      0.85164
     -1.39000      0.81151      0.81151
     -1.38000      0.61621      0.61621
     -1.37000      1.07757      1.07757
     -1.36000      2.34039      2.34039
     -1.35000      2.21087      2.21087
     -1.34000      1.32666      1.32666
     -1.33000      1.24471      1.24471
     -1.32000      0.86190      0.86190
     -1.31000      0.25927      0.25927
     -1.30000      0.03433      0.03433
     -1.29000      0.06814      0.06814
     -1.28000      0.52784      0.52784
     -1.27000      1.56194      1.56194
     -1.26000      1.80629      1.80629
     -1.25000      1.28010      1.28010
     -1.24000      1.57489      1.57489
     -1.23000      1.91124      1.91124
     -1.22000      1.49501      1.49501
     -1.21000      0.60303      0.60303
     -1.20000      0.10077      0.10077
     -1.19000      0.00668      0.00668
     -1.18000      0.01079      0.01079
     -1.17000      0.14135      0.14135
     -1.16000      0.69083      0.69083
     -1.15000      1.24378      1.24378
     -1.14000      0.86363      0.86363
     -1.13000      0.58164      0.58164
     -1.12000      1.34069      1.34069
     -1.11000      1.78074      1.78074
     -1.10000      0.94355      0.94355
     -1.09000      0.19870      0.19870
     -1.08000      0.02682      0.02682
     -1.07000      0.11125      0.11125
     -1.06000      0.45413      0.45413
     -1.05000      0.86465      0.86465
     -1.04000      1.23268      1.23268
     -1.03000      1.28543      1.28543
     -1.02000      0.61082      0.61082
     -1.01000      0.11209      0.11209
     -1.00000      0.04078      0.04078
     -0.99000      0.32789      0.32789
     -0.98000      1.34526      1.34526
     -0.97000      2.67329      2.67329
     -0.96000      2.95573      2.95573
     -0.95000      2.05327      2.05327
     -0.94000      1.59493      1.59493
     -0.93000      1.51360      1.51360
     -0.92000      1.32455      1.32455
     -0.91000      1.52481      1.52481
     -0.90000      1.77174      1.77174
     -0.89000      1.69616      1.69616
     -0.88000      1.14331      1.14331
     -0.87000      0.61081      0.61081
     -0.86000      0.98260      0.98260
     -0.85000      1.22708      1.22708
     -0.84000      0.76210      0.76210
     -0.83000      1.00441      1.00441
     -0.82000      2.02497      2.02497
     -0.81000      2.64673      2.64673
     -0.80000      2.31052      2.31052
     -0.79000      1.06468      1.06468
     -0.78000      0.20433      0.20433
     -0.77000      0.01884      0.01884
     -0.76000      0.06001      0.06001
     -0.75000      0.36545      0.36545
     -0.74000      1.09691      1.09691
     -0.73000      2.19374      2.19374
     -0.72000      3.17089      3.17089
     -0.71000      2.72333      2.72333
     -0.70000      1.12000      1.12000
     -0.69000      0.21200      0.21200
     -0.68000      0.28311      0.28311
     -0.67000      1.32275      1.32275
     -0.66000      2.44099      2.44099
     -0.65000      1.71572      1.71572
     -0.64000      0.62118      0.62118
     -0.63000      0.81721      0.81721
     -0.62000      1.33032      1.33032
     -0.61000      1.11911      1.11911
     -0.60000      0.78761      0.78761
     -0.59000      0.39723      0.39723
     -0.58000      0.10378      0.10378
     -0.57000      0.16112      0.16112
     -0.56000      0.56219      0.56219
     -0.55000      0.94374      0.94374
     -0.54000      0.88719      0.88719
     -0.53000      0.45093      0.45093
     -0.52000      0.10084      0.10084
     -0.51000      0.00997      0.00997
     -0.50000      0.03516      0.03516
     -0.49000      0.38094      0.38094
     -0.48000      1.57258      1.57258
     -0.47000      2.48502      2.48502
     -0.46000      1.81011      1.81011
     -0.45000      1.90540      1.90540
     -0.44000      2.79221      2.79221
     -0.43000      2.42441      2.42441
     -0.42000      1.52655      1.52655
     -0.41000      0.58827      0.58827
     -0.40000      0.10290      0.10290
     -0.39000      0.09710      0.09710
     -0.38000      0.54407      0.54407
     -0.37000      1.19668      1.19668
     -0.36000      0.98615      0.98615
     -0.35000      0.49301      0.49301
     -0.34000      0.86307      0.86307
     -0.33000      1.24174      1.24174
     -0.32000      0.68078      0.68078
     -0.31000      0.13744      0.13744
     -0.30000      0.01022      0.01022
     -0.29000      0.00146      0.00146
     -0.28000      0.02984      0.02984
     -0.27000      0.27811      0.27811
     -0.26000      0.95358      0.95358
     -0.25000      1.20387      1.20387
     -0.24000      0.58643      0.58643
     -0.23000      0.36427      0.36427
     -0.22000      0.94719      0.94719
     -0.21000      1.23808      1.23808
     -0.20000      0.86802      0.86802
     -0.19000      1.30535      1.30535
     -0.18000      2.15853      2.15853
     -0.17000      1.99185      1.99185
     -0.16000      1.72836      1.72836
     -0.15000      1.97237      1.97237
     -0.14000      1.23336      1.23336
     -0.13000      0.30356      0.30356
     -0.12000      0.10552      0.10552
     -0.11000      0.60772      0.60772
     -0.10000      2.04736      2.04736
     -0.09000      3.04292      3.04292
     -0.08000      2.16990      2.16990
     -0.07000      1.09822      1.09822
     -0.06000      0.92941      0.92941
     -0.05000      1.73703      1.73703
     -0.04000      2.42153      2.42153
     -0.03000      2.01711      2.01711
     -0.02000      1.03949      1.03949
     -0.01000      0.92133      0.92133
      0.00000      1.26081      1.26081
      0.01000      0.79951      0.79951
      0.02000      0.56571      0.56571
      0.03000      1.48796      1.48796
      0.04000      2.31627      2.31627
      0.05000      1.68595      1.68595
      0.06000      0.91957      0.91957
      0.07000      0.70223      0.70223
      0.08000      0.68081      0.68081
      0.09000      1.27272      1.27272
      0.10000      1.84829      1.84829
      0.11000      2.09962      2.09962
      0.12000      2.03263      2.03263
      0.13000      1.27739      1.27739
      0.14000      0.38692      0.38692
      0.15000      0.04736      0.04736
      0.16000      0.00290      0.00290
      0.17000      0.02085      0.02085
      0.18000      0.23106      0.23106
      0.19000      1.01843      1.01843
      0.20000      1.98712      1.98712
      0.21000      2.01099      2.01099
      0.22000      1.40054      1.40054
      0.23000      1.41167      1.41167
      0.24000      2.14087      2.14087
      0.25000      2.34312      2.34312
      0.26000      1.46864      1.46864
      0.27000      1.06103      1.06103
      0.28000      1.13700      1.13700
      0.29000      0.72402      0.72402
      0.30000      0.20638      0.20638
      0.31000      0.02398      0.02398
      0.32000      0.00174      0.00174
      0.33000      0.01971      0.01971
      0.34000      0.21287      0.21287
      0.35000      0.84812      0.84812
      0.36000      1.28514      1.28514
      0.37000      1.12071      1.12071
      0.38000      1.88081      1.88081
      0.39000      3.10388      3.10388
      0.40000      3.10460      3.10460
      0.41000      1.85617      1.85617
      0.42000      0.55543      0.55543
      0.43000      0.07079      0.07079
      0.44000      0.00392      0.00392
      0.45000      0.01294      0.01294
      0.46000      0.16071      0.16071
      0.47000      0.73787      0.73787
      0.48000      1.24636      1.24636
      0.49000      0.77615      0.77615
      0.50000      0.21636      0.21636
      0.51000      0.35298      0.35298
      0.52000      1.13693      1.13693
      0.53000      1.79818      1.79818
      0.54000      2.08251      2.08251
      0.55000      2.08065      2.08065
      0.56000      1.43098      1.43098
      0.57000      1.01269      1.01269
      0.58000      1.27276      1.27276
      0.59000      0.98035      0.98035
      0.60000      0.30837      0.30837
      0.61000      0.24358      0.24358
      0.62000      1.18409      1.18409
      0.63000      2.87719      2.87719
      0.64000      3.17041      3.17041
      0.65000      1.56248      1.56248
      0.66000      0.32677      0.32677
      0.67000      0.03058      0.03058
      0.68000      0.06079      0.06079
      0.69000      0.42966      0.42966
      0.70000      1.17773      1.17773
      0.71000      1.53733      1.53733
      0.72000      1.90175      1.90175
      0.73000      2.44834      2.44834
      0.74000      2.13605      2.13605
      0.75000      1.37235      1.37235
      0.76000      1.78362      1.78362
      0.77000      3.06631      3.06631
      0.78000      3.41977      3.41977
      0.79000      2.74166      2.74166
      0.80000      1.65224      1.65224
      0.81000      1.39199      1.39199
      0.82000      1.15215      1.15215
      0.83000      0.76556      0.76556
      0.84000      0.90046      0.90046
      0.85000      1.25127      1.25127
      0.86000      1.35155      1.35155
      0.87000      0.90898      0.90898
      0.88000      0.71808      0.71808
      0.89000      0.48803      0.48803
      0.90000      0.17051      0.17051
      0.91000      0.24554      0.24554
      0.92000      0.77847      0.77847
      0.93000      1.54674      1.54674
      0.94000      2.05125      2.05125
      0.95000      1.61517      1.61517
      0.96000      1.09360      1.09360
      0.97000      1.14817      1.14817
      0.98000      1.35723      1.35723
      0.99000      0.85402      0.85402
      1.00000      0.21128      0.21128
      1.01000      0.02009      0.02009
      1.02000      0.02158      0.02158
      1.03000      0.24693      0.24693
