Energy-E_F (eV)    DOS (1/eV)    PDOS (1/eV)  of atom type Hf 
     -4.80664      6.28080      0.00000
     -4.79664      8.01344      0.00000
     -4.78664      5.21497      0.00000
     -4.77664      2.21305      0.00000
     -4.76664      1.39693      0.00000
     -4.75664      1.29883      0.00000
     -4.74664      2.67551      0.00000
     -4.73664      4.19172      0.00000
     -4.72664      4.36178      0.00000
     -4.71664      4.25599      0.00000
     -4.70664      3.63819      0.00000
     -4.69664      1.66025      0.00000
     -4.68664      0.51492      0.00000
     -4.67664      1.18908      0.00000
     -4.66664      2.43004      0.00000
     -4.65664      1.91315      0.00000
     -4.64664      1.02428      0.00000
     -4.63664      1.98612      0.00000
     -4.62664      3.39545      0.00000
     -4.61664      2.93852      0.00000
     -4.60664      2.29072      0.00000
     -4.59664      3.17799      0.00000
     -4.58664      3.87275      0.00000
     -4.57664      3.92589      0.00000
     -4.56664      3.86018      0.00000
     -4.55664      3.30106      0.00000
     -4.54664      2.78365      0.00000
     -4.53664      4.95534      0.00000
     -4.52664      7.72197      0.00000
     -4.51664      6.45886      0.00000
     -4.50664      3.60557      0.00000
     -4.49664      1.28271      0.00000
     -4.48664      0.45514      0.00000
     -4.47664      1.15619      0.00000
     -4.46664      2.56136      0.00000
     -4.45664      3.32452      0.00000
     -4.44664      2.70453      0.00000
     -4.43664      1.69779      0.00000
     -4.42664      0.96307      0.00000
     -4.41664      1.51887      0.00000
     -4.40664      2.72444      0.00000
     -4.39664      3.12498      0.00000
     -4.38664      3.89867      0.00000
     -4.37664      3.08333      0.00000
     -4.36664      0.98046      0.00000
     -4.35664      0.11988      0.00000
     -4.34664      0.07449      0.00000
     -4.33664      0.46576      0.00000
     -4.32664      1.14963      0.00000
     -4.31664      1.06001      0.00000
     -4.30664      0.64046      0.00000
     -4.29664      1.96899      0.00000
     -4.28664      4.89604      0.00000
     -4.27664      5.38737      0.00000
     -4.26664      3.62124      0.00000
     -4.25664      1.99513      0.00000
     -4.24664      1.32249      0.00000
     -4.23664      3.14565      0.00000
     -4.22664      5.64672      0.00000
     -4.21664      5.13401      0.00000
     -4.20664      3.86795      0.00000
     -4.19664      4.35317      0.00000
     -4.18664      5.60414      0.00000
     -4.17664      5.23764      0.00000
     -4.16664      5.24401      0.00000
     -4.15664      6.35987      0.00000
     -4.14664      3.76899      0.00000
     -4.13664      0.85722      0.00000
     -4.12664      0.08051      0.00000
     -4.11664      0.11277      0.00000
     -4.10664      0.60560      0.00000
     -4.09664      1.22159      0.00000
     -4.08664      0.90653      0.00000
     -4.07664      0.24754      0.00000
     -4.06664      0.02841      0.00000
     -4.05664      0.08148      0.00000
     -4.04664      0.67120      0.00000
     -4.03664      2.05782      0.00000
     -4.02664      2.34253      0.00000
     -4.01664      1.33184      0.00000
     -4.00664      2.48527      0.00000
     -3.99664      6.09060      0.00000
     -3.98664      7.20077      0.00000
     -3.97664      4.35374      0.00000
     -3.96664      1.55587      0.00000
     -3.95664      1.64733      0.00000
     -3.94664      3.70882      0.00000
     -3.93664      4.04078      0.00000
     -3.92664      2.25666      0.00000
     -3.91664      0.69256      0.00000
     -3.90664      0.15567      0.00000
     -3.89664      0.69006      0.00000
     -3.88664      3.33898      0.00000
     -3.87664      7.30228      0.00000
     -3.86664      8.80688      0.00000
     -3.85664      6.15769      0.00000
     -3.84664      3.52545      0.00000
     -3.83664      5.35612      0.00000
     -3.82664      7.29244      0.00000
     -3.81664      5.27326      0.00000
     -3.80664      2.21085      0.00000
     -3.79664      1.76806      0.00000
     -3.78664      2.51275      0.00000
     -3.77664      1.56923      0.00000
     -3.76664      0.36332      0.00000
     -3.75664      0.03097      0.00000
     -3.74664      0.00182      0.00000
     -3.73664      0.02365      0.00000
     -3.72664      0.24908      0.00000
     -3.71664      1.07475      0.00000
     -3.70664      2.40345      0.00000
     -3.69664      3.84111      0.00000
     -3.68664      4.95169      0.00000
     -3.67664      5.02423      0.00000
     -3.66664      3.28048      0.00000
     -3.65664      1.82589      0.00000
     -3.64664      3.63177      0.00000
     -3.63664      7.30913      0.00000
     -3.62664      9.10528      0.00000
     -3.61664      8.31900      0.00000
     -3.60664      6.62130      0.00000
     -3.59664      4.51364      0.00000
     -3.58664      2.79256      0.00000
     -3.57664      1.86969      0.00000
     -3.56664      2.43547      0.00000
     -3.55664      3.30690      0.00000
     -3.54664      3.47989      0.00000
     -3.53664      3.53567      0.00000
     -3.52664      3.47681      0.00000
     -3.51664      2.86777      0.00000
     -3.50664      1.30850      0.00000
     -3.49664      0.36340      0.00000
     -3.48664      0.89653      0.00000
     -3.47664      2.47985      0.00000
     -3.46664      3.46021      0.00000
     -3.45664      3.76515      0.00000
     -3.44664      3.53324      0.00000
     -3.43664      2.75969      0.00000
     -3.42664      2.09994      0.00000
     -3.41664      2.58934      0.00000
     -3.40664      3.65884      0.00000
     -3.39664      3.73184      0.00000
     -3.38664      3.19091      0.00000
     -3.37664      2.01678      0.00000
     -3.36664      1.86368      0.00000
     -3.35664      2.52678      0.00000
     -3.34664      1.55354      0.00000
     -3.33664      0.35714      0.00000
     -3.32664      0.08004      0.00000
     -3.31664      0.66665      0.00000
     -3.30664      3.47512      0.00000
     -3.29664      7.69270      0.00000
     -3.28664      8.33271      0.00000
     -3.27664      5.27787      0.00000
     -3.26664      2.32868      0.00000
     -3.25664      1.69499      0.00000
     -3.24664      2.49626      0.00000
     -3.23664      1.83897      0.00000
     -3.22664      0.80693      0.00000
     -3.21664      1.51809      0.00000
     -3.20664      2.70195      0.00000
     -3.19664      2.87447      0.00000
     -3.18664      4.39821      0.00000
     -3.17664      7.33116      0.00000
     -3.16664      9.14533      0.00000
     -3.15664      8.92633      0.00000
     -3.14664      8.11408      0.00000
     -3.13664      7.84586      0.00000
     -3.12664      9.24107      0.00000
     -3.11664     11.97981      0.00000
     -3.10664     10.59934      0.00000
     -3.09664      6.33662      0.00000
     -3.08664      3.37186      0.00000
     -3.07664      3.01685      0.00000
     -3.06664      3.44022      0.00000
     -3.05664      2.77679      0.00000
     -3.04664      1.66059      0.00000
     -3.03664      0.81781      0.00000
     -3.02664      1.06849      0.00000
     -3.01664      2.14312      0.00000
     -3.00664      2.94615      0.00000
     -2.99664      2.25345      0.00000
     -2.98664      0.76849      0.00000
     -2.97664      0.46931      0.00000
     -2.96664      1.62321      0.00000
     -2.95664      2.79453      0.00000
     -2.94664      3.05462      0.00000
     -2.93664      3.70293      0.00000
     -2.92664      2.90632      0.00000
     -2.91664      1.16114      0.00000
     -2.90664      0.88692      0.00000
     -2.89664      1.30957      0.00000
     -2.88664      1.29781      0.00000
     -2.87664      2.03944      0.00000
     -2.86664      2.45183      0.00000
     -2.85664      1.42095      0.00000
     -2.84664      2.15176      0.00000
     -2.83664      5.47488      0.00000
     -2.82664      6.03293      0.00000
     -2.81664      3.38217      0.00000
     -2.80664      2.11495      0.00000
     -2.79664      2.53249      0.00000
     -2.78664      2.43325      0.00000
     -2.77664      2.10366      0.00000
     -2.76664      4.03307      0.00000
     -2.75664      4.82805      0.00000
     -2.74664      3.16779      0.00000
     -2.73664      3.14407      0.00000
     -2.72664      4.01000      0.00000
     -2.71664      4.61178      0.00000
     -2.70664      4.20538      0.00000
     -2.69664      2.79461      0.00000
     -2.68664      1.77661      0.00000
     -2.67664      1.43401      0.00000
     -2.66664      1.71411      0.00000
     -2.65664      2.25118      0.00000
     -2.64664      3.89032      0.00000
     -2.63664      5.46799      0.00000
     -2.62664      3.99668      0.00000
     -2.61664      2.62920      0.00000
     -2.60664      2.56545      0.00000
     -2.59664      1.43355      0.00000
     -2.58664      0.91085      0.00000
     -2.57664      1.40405      0.00000
     -2.56664      1.81189      0.00000
     -2.55664      3.24772      0.00000
     -2.54664      5.35472      0.00000
     -2.53664      4.45872      0.00000
     -2.52664      1.73025      0.00000
     -2.51664      1.67500      0.00000
     -2.50664      3.99999      0.00000
     -2.49664      5.66172      0.00000
     -2.48664      7.26275      0.00000
     -2.47664      8.55878      0.00000
     -2.46664      8.67419      0.00000
     -2.45664     10.20902      0.00000
     -2.44664      9.47636      0.00000
     -2.43664      5.29607      0.00000
     -2.42664      2.96908      0.00000
     -2.41664      4.42772      0.00000
     -2.40664      5.80688      0.00000
     -2.39664      4.55975      0.00000
     -2.38664      2.19059      0.00000
     -2.37664      1.11596      0.00000
     -2.36664      2.39271      0.00000
     -2.35664      3.48565      0.00000
     -2.34664      2.17927      0.00000
     -2.33664      0.61997      0.00000
     -2.32664      0.53879      0.00000
     -2.31664      2.61165      0.00000
     -2.30664      6.37696      0.00000
     -2.29664      8.00100      0.00000
     -2.28664      6.34427      0.00000
     -2.27664      4.87009      0.00000
     -2.26664      5.79250      0.00000
     -2.25664      7.01593      0.00000
     -2.24664      6.54571      0.00000
     -2.23664      4.10366      0.00000
     -2.22664      2.29172      0.00000
     -2.21664      2.98899      0.00000
     -2.20664      4.04177      0.00000
     -2.19664      5.11087      0.00000
     -2.18664      4.33409      0.00000
     -2.17664      3.81741      0.00000
     -2.16664      6.25163      0.00000
     -2.15664      6.72513      0.00000
     -2.14664      4.08794      0.00000
     -2.13664      2.10745      0.00000
     -2.12664      3.14165      0.00000
     -2.11664      5.90872      0.00000
     -2.10664      6.44408      0.00000
     -2.09664      6.00944      0.00000
     -2.08664      5.29654      0.00000
     -2.07664      4.85615      0.00000
     -2.06664      6.56626      0.00000
     -2.05664      7.97714      0.00000
     -2.04664      6.84351      0.00000
     -2.03664      5.52846      0.00000
     -2.02664      4.39625      0.00000
     -2.01664      4.56452      0.00000
     -2.00664      7.94099      0.00000
     -1.99664     11.09142      0.00000
     -1.98664      9.46341      0.00000
     -1.97664      7.07159      0.00000
     -1.96664      7.46527      0.00000
     -1.95664      7.95303      0.00000
     -1.94664      8.64609      0.00000
     -1.93664      8.13369      0.00000
     -1.92664      6.69751      0.00000
     -1.91664      5.91235      0.00000
     -1.90664      7.06012      0.00000
     -1.89664      8.17378      0.00000
     -1.88664      6.11955      0.00000
     -1.87664      3.16281      0.00000
     -1.86664      2.76144      0.00000
     -1.85664      3.12127      0.00000
     -1.84664      5.13864      0.00000
     -1.83664      8.59782      0.00000
     -1.82664      8.78114      0.00000
     -1.81664      6.98430      0.00000
     -1.80664      5.15455      0.00000
     -1.79664      3.51702      0.00000
     -1.78664      3.05555      0.00000
     -1.77664      3.12879      0.00000
     -1.76664      6.80293      0.00000
     -1.75664     12.28649      0.00000
     -1.74664     10.82641      0.00000
     -1.73664      6.73193      0.00000
     -1.72664      6.14508      0.00000
     -1.71664      7.09485      0.00000
     -1.70664      7.40582      0.00000
     -1.69664      7.73221      0.00000
     -1.68664      5.90734      0.00000
     -1.67664      2.61539      0.00000
     -1.66664      1.60436      0.00000
     -1.65664      3.76727      0.00000
     -1.64664      5.82950      0.00000
     -1.63664      6.41794      0.00000
     -1.62664      6.62523      0.00000
     -1.61664      4.70543      0.00000
     -1.60664      4.51212      0.00000
     -1.59664      6.27835      0.00000
     -1.58664      5.46892      0.00000
     -1.57664      3.23896      0.00000
     -1.56664      3.35271      0.00000
     -1.55664      3.90335      0.00000
     -1.54664      3.53796      0.00000
     -1.53664      2.59873      0.00000
     -1.52664      0.99237      0.00000
     -1.51664      0.21618      0.00000
     -1.50664      0.56206      0.00000
     -1.49664      2.00040      0.00000
     -1.48664      3.40791      0.00000
     -1.47664      3.14989      0.00000
     -1.46664      2.87733      0.00000
     -1.45664      3.21830      0.00000
     -1.44664      3.76217      0.00000
     -1.43664      3.90660      0.00000
     -1.42664      2.61768      0.00000
     -1.41664      2.71528      0.00000
     -1.40664      3.71649      0.00000
     -1.39664      5.04990      0.00000
     -1.38664      4.61948      0.00000
     -1.37664      1.80213      0.00000
     -1.36664      0.26977      0.00000
     -1.35664      0.06469      0.00000
     -1.34664      0.45473      0.00000
     -1.33664      1.63488      0.00000
     -1.32664      2.36557      0.00000
     -1.31664      1.38629      0.00000
     -1.30664      0.32850      0.00000
     -1.29664      0.09683      0.00000
     -1.28664      0.61164      0.00000
     -1.27664      2.18616      0.00000
     -1.26664      3.75315      0.00000
     -1.25664      5.06328      0.00000
     -1.24664      5.77048      0.00000
     -1.23664      3.46747      0.00000
     -1.22664      0.87223      0.00000
     -1.21664      0.18760      0.00000
     -1.20664      0.78536      0.00000
     -1.19664      2.18283      0.00000
     -1.18664      2.34046      0.00000
     -1.17664      1.46923      0.00000
     -1.16664      1.54328      0.00000
     -1.15664      2.18192      0.00000
     -1.14664      3.47346      0.00000
     -1.13664      3.24406      0.00000
     -1.12664      1.38588      0.00000
     -1.11664      0.91378      0.00000
     -1.10664      1.74042      0.00000
     -1.09664      3.59320      0.00000
     -1.08664      6.13997      0.00000
     -1.07664      4.91249      0.00000
     -1.06664      2.12982      0.00000
     -1.05664      1.70624      0.00000
     -1.04664      2.01239      0.00000
     -1.03664      2.73843      0.00000
     -1.02664      4.71159      0.00000
     -1.01664      5.23062      0.00000
     -1.00664      3.12630      0.00000
     -0.99664      1.37398      0.00000
     -0.98664      0.95379      0.00000
     -0.97664      2.93584      0.00000
     -0.96664      5.89417      0.00000
     -0.95664      6.54372      0.00000
     -0.94664      7.16332      0.00000
     -0.93664      6.73085      0.00000
     -0.92664      3.74989      0.00000
     -0.91664      2.43293      0.00000
     -0.90664      2.62905      0.00000
     -0.89664      1.74576      0.00000
     -0.88664      1.81313      0.00000
     -0.87664      4.81868      0.00000
     -0.86664      8.31826      0.00000
     -0.85664      9.00177      0.00000
     -0.84664      5.67130      0.00000
     -0.83664      2.12768      0.00000
     -0.82664      2.31576      0.00000
     -0.81664      4.27038      0.00000
     -0.80664      5.27844      0.00000
     -0.79664      4.73505      0.00000
     -0.78664      4.22914      0.00000
     -0.77664      7.15416      0.00000
     -0.76664      9.19456      0.00000
     -0.75664      6.78458      0.00000
     -0.74664      4.95296      0.00000
     -0.73664      7.43708      0.00000
     -0.72664      8.93356      0.00000
     -0.71664      8.11149      0.00000
     -0.70664      7.67986      0.00000
     -0.69664      6.90474      0.00000
     -0.68664      7.32718      0.00000
     -0.67664      6.65760      0.00000
     -0.66664      6.79808      0.00000
     -0.65664      9.88776      0.00000
     -0.64664     13.67081      0.00000
     -0.63664     12.84599      0.00000
     -0.62664      8.01152      0.00000
     -0.61664      5.12697      0.00000
     -0.60664      2.93025      0.00000
     -0.59664      0.94894      0.00000
     -0.58664      0.97598      0.00000
     -0.57664      2.95538      0.00000
     -0.56664      5.03516      0.00000
     -0.55664      5.87940      0.00000
     -0.54664      5.71626      0.00000
     -0.53664      6.04922      0.00000
     -0.52664      7.12722      0.00000
     -0.51664      8.04733      0.00000
     -0.50664      8.06938      0.00000
     -0.49664      6.75662      0.00000
     -0.48664      6.10988      0.00000
     -0.47664      7.79284      0.00000
     -0.46664      8.66950      0.00000
     -0.45664      7.72277      0.00000
     -0.44664      7.75355      0.00000
     -0.43664      9.49720      0.00000
     -0.42664      9.30981      0.00000
     -0.41664      7.51744      0.00000
     -0.40664      6.35732      0.00000
     -0.39664      7.16925      0.00000
     -0.38664     10.15523      0.00000
     -0.37664      9.35299      0.00000
     -0.36664      5.89320      0.00000
     -0.35664      5.25209      0.00000
     -0.34664      7.30461      0.00000
     -0.33664     10.17339      0.00000
     -0.32664     11.55318      0.00000
     -0.31664     11.42173      0.00000
     -0.30664      9.01660      0.00000
     -0.29664      5.12737      0.00000
     -0.28664      1.93950      0.00000
     -0.27664      1.45174      0.00000
     -0.26664      3.88472      0.00000
     -0.25664      6.58204      0.00000
     -0.24664      6.20641      0.00000
     -0.23664      4.74474      0.00000
     -0.22664      5.98687      0.00000
     -0.21664      7.89653      0.00000
     -0.20664      9.55197      0.00000
     -0.19664     10.22822      0.00000
     -0.18664      7.12277      0.00000
     -0.17664      4.23404      0.00000
     -0.16664      3.75494      0.00000
     -0.15664      4.12914      0.00000
     -0.14664      3.77345      0.00000
     -0.13664      5.44741      0.00000
     -0.12664      7.81154      0.00000
     -0.11664      8.45593      0.00000
     -0.10664      7.40479      0.00000
     -0.09664      6.95853      0.00000
     -0.08664      6.51797      0.00000
     -0.07664      5.04392      0.00000
     -0.06664      6.36465      0.00000
     -0.05664      8.23122      0.00000
     -0.04664      8.05107      0.00000
     -0.03664      7.02411      0.00000
     -0.02664      5.69444      0.00000
     -0.01664      6.16864      0.00000
     -0.00664      8.61390      0.00000
      0.00336      8.62436      0.00000
      0.01336      5.55041      0.00000
      0.02336      3.06038      0.00000
      0.03336      3.92969      0.00000
      0.04336      5.79148      0.00000
      0.05336      4.16938      0.00000
      0.06336      2.46885      0.00000
      0.07336      4.98402      0.00000
      0.08336      7.72101      0.00000
      0.09336      8.21703      0.00000
      0.10336      7.62838      0.00000
      0.11336      5.26959      0.00000
      0.12336      3.38948      0.00000
      0.13336      3.07151      0.00000
      0.14336      4.73851      0.00000
      0.15336      6.55828      0.00000
      0.16336      6.58995      0.00000
      0.17336      5.62368      0.00000
      0.18336      4.72915      0.00000
      0.19336      3.78527      0.00000
      0.20336      3.20505      0.00000
      0.21336      4.38647      0.00000
      0.22336      5.97577      0.00000
      0.23336      5.92088      0.00000
      0.24336      3.01790      0.00000
      0.25336      0.67275      0.00000
      0.26336      0.44637      0.00000
      0.27336      1.47924      0.00000
      0.28336      3.48666      0.00000
      0.29336      6.01222      0.00000
      0.30336      7.25317      0.00000
      0.31336      7.31320      0.00000
      0.32336      5.37146      0.00000
      0.33336      4.01619      0.00000
      0.34336      5.54072      0.00000
      0.35336      7.21271      0.00000
      0.36336      7.90560      0.00000
      0.37336      8.62935      0.00000
      0.38336      6.04443      0.00000
      0.39336      2.68952      0.00000
      0.40336      1.20353      0.00000
      0.41336      0.35642      0.00000
      0.42336      0.15591      0.00000
      0.43336      1.08881      0.00000
      0.44336      4.46020      0.00000
      0.45336      8.69292      0.00000
      0.46336      9.63256      0.00000
      0.47336      7.53063      0.00000
      0.48336      6.36152      0.00000
      0.49336      8.60832      0.00000
      0.50336      9.14404      0.00000
      0.51336      6.66697      0.00000
      0.52336      3.80534      0.00000
      0.53336      1.89922      0.00000
      0.54336      1.11472      0.00000
      0.55336      2.78164      0.00000
      0.56336      6.59547      0.00000
      0.57336      9.09316      0.00000
      0.58336     10.15305      0.00000
      0.59336      7.98705      0.00000
      0.60336      3.78420      0.00000
      0.61336      3.23295      0.00000
      0.62336      5.42644      0.00000
      0.63336      6.04728      0.00000
      0.64336      6.10609      0.00000
      0.65336      8.62080      0.00000
      0.66336     11.36863      0.00000
      0.67336      9.83624      0.00000
      0.68336      6.23045      0.00000
      0.69336      4.90302      0.00000
      0.70336      5.01522      0.00000
      0.71336      5.59393      0.00000
      0.72336      6.37782      0.00000
      0.73336      7.22207      0.00000
      0.74336     10.09068      0.00000
      0.75336     10.69474      0.00000
      0.76336      7.30748      0.00000
      0.77336      5.90288      0.00000
      0.78336      7.25662      0.00000
      0.79336      6.44714      0.00000
      0.80336      5.08029      0.00000
      0.81336      4.52717      0.00000
      0.82336      3.20496      0.00000
      0.83336      3.10538      0.00000
      0.84336      3.87792      0.00000
      0.85336      2.81525      0.00000
      0.86336      3.20063      0.00000
      0.87336      4.85387      0.00000
      0.88336      3.86850      0.00000
      0.89336      2.13778      0.00000
      0.90336      1.09915      0.00000
      0.91336      0.59606      0.00000
      0.92336      1.05640      0.00000
      0.93336      1.57541      0.00000
      0.94336      2.55385      0.00000
      0.95336      4.79491      0.00000
      0.96336      5.27625      0.00000
      0.97336      3.22156      0.00000
      0.98336      2.47670      0.00000
      0.99336      3.76313      0.00000
      1.00336      4.10116      0.00000
      1.01336      2.90383      0.00000
      1.02336      3.93949      0.00000
      1.03336      4.82667      0.00000
      1.04336      2.56242      0.00000
      1.05336      1.12827      0.00000
      1.06336      1.60263      0.00000
      1.07336      2.68624      0.00000
      1.08336      4.62395      0.00000
      1.09336      5.89514      0.00000
      1.10336      4.43184      0.00000
      1.11336      1.68439      0.00000
      1.12336      0.81278      0.00000
      1.13336      1.92747      0.00000
      1.14336      2.40508      0.00000
      1.15336      1.14967      0.00000
      1.16336      0.62524      0.00000
      1.17336      2.17707      0.00000
      1.18336      5.31328      0.00000
      1.19336      7.28649      0.00000
      1.20336      6.29202      0.00000
      1.21336      4.13905      0.00000
      1.22336      2.01618      0.00000
      1.23336      1.01572      0.00000
      1.24336      2.14987      0.00000
      1.25336      4.88908      0.00000
      1.26336      6.47887      0.00000
      1.27336      4.75902      0.00000
      1.28336      3.28934      0.00000
      1.29336      2.13873      0.00000
      1.30336      0.84585      0.00000
      1.31336      1.20835      0.00000
      1.32336      2.41607      0.00000
      1.33336      1.89123      0.00000
      1.34336      0.55171      0.00000
      1.35336      0.16000      0.00000
      1.36336      0.62413      0.00000
      1.37336      1.68807      0.00000
      1.38336      2.73529      0.00000
      1.39336      2.88898      0.00000
      1.40336      2.02650      0.00000
      1.41336      1.49427      0.00000
      1.42336      1.00115      0.00000
      1.43336      1.40964      0.00000
      1.44336      2.46800      0.00000
      1.45336      1.81723      0.00000
      1.46336      0.77768      0.00000
      1.47336      1.03211      0.00000
      1.48336      1.18855      0.00000
      1.49336      0.53100      0.00000
      1.50336      0.21852      0.00000
      1.51336      1.29281      0.00000
      1.52336      4.60896      0.00000
      1.53336      6.14355      0.00000
      1.54336      3.42115      0.00000
      1.55336      1.69325      0.00000
      1.56336      1.28961      0.00000
      1.57336      1.60176      0.00000
      1.58336      3.00261      0.00000
      1.59336      3.19020      0.00000
      1.60336      2.46687      0.00000
      1.61336      2.67296      0.00000
      1.62336      2.10485      0.00000
      1.63336      0.81077      0.00000
      1.64336      0.99561      0.00000
      1.65336      2.28985      0.00000
      1.66336      2.10312      0.00000
      1.67336      0.71225      0.00000
      1.68336      0.11406      0.00000
      1.69336      0.44337      0.00000
      1.70336      2.97905      0.00000
      1.71336      8.22008      0.00000
      1.72336      9.73408      0.00000
      1.73336      5.25242      0.00000
      1.74336      1.31964      0.00000
      1.75336      0.14826      0.00000
      1.76336      0.03198      0.00000
      1.77336      0.31663      0.00000
      1.78336      1.46437      0.00000
      1.79336      2.49671      0.00000
      1.80336      1.66706      0.00000
      1.81336      1.28258      0.00000
      1.82336      3.01925      0.00000
      1.83336      3.87417      0.00000
      1.84336      3.11762      0.00000
      1.85336      3.14620      0.00000
      1.86336      3.18833      0.00000
      1.87336      3.20283      0.00000
      1.88336      3.06982      0.00000
      1.89336      3.36956      0.00000
      1.90336      4.25438      0.00000
      1.91336      5.34192      0.00000
      1.92336      3.90380      0.00000
      1.93336      2.72460      0.00000
      1.94336      3.66665      0.00000
      1.95336      4.37294      0.00000
      1.96336      3.82870      0.00000
      1.97336      2.85535      0.00000
      1.98336      1.23203      0.00000
      1.99336      0.49210      0.00000
      2.00336      1.63510      0.00000
      2.01336      4.00500      0.00000
      2.02336      4.53256      0.00000
      2.03336      2.94157      0.00000
      2.04336      1.57184      0.00000
      2.05336      0.55840      0.00000
      2.06336      0.09934      0.00000
      2.07336      0.19937      0.00000
      2.08336      1.18760      0.00000
      2.09336      2.93470      0.00000
      2.10336      3.17584      0.00000
      2.11336      1.97246      0.00000
      2.12336      2.13181      0.00000
      2.13336      3.21369      0.00000
      2.14336      3.49314      0.00000
      2.15336      3.18657      0.00000
      2.16336      3.02095      0.00000
      2.17336      3.20792      0.00000
      2.18336      3.19674      0.00000
      2.19336      2.86051      0.00000
      2.20336      2.59554      0.00000
      2.21336      2.75463      0.00000
      2.22336      2.05626      0.00000
      2.23336      1.51450      0.00000
      2.24336      0.87452      0.00000
      2.25336      0.68934      0.00000
      2.26336      2.19765      0.00000
      2.27336      4.34067      0.00000
      2.28336      4.79916      0.00000
      2.29336      3.47968      0.00000
      2.30336      2.07055      0.00000
      2.31336      1.03952      0.00000
      2.32336      0.27113      0.00000
      2.33336      0.05104      0.00000
      2.34336      0.30076      0.00000
      2.35336      1.42402      0.00000
      2.36336      2.48913      0.00000
      2.37336      1.60063      0.00000
      2.38336      0.37865      0.00000
      2.39336      0.03297      0.00000
      2.40336      0.00270      0.00000
      2.41336      0.04633      0.00000
      2.42336      0.48898      0.00000
      2.43336      2.03688      0.00000
      2.44336      3.79544      0.00000
      2.45336      3.73070      0.00000
      2.46336      1.92129      0.00000
      2.47336      0.44803      0.00000
      2.48336      0.22444      0.00000
      2.49336      1.36973      0.00000
      2.50336      4.11779      0.00000
      2.51336      5.96431      0.00000
      2.52336      6.52471      0.00000
      2.53336      6.92584      0.00000
      2.54336      6.24153      0.00000
      2.55336      4.27596      0.00000
      2.56336      1.84395      0.00000
      2.57336      1.14911      0.00000
      2.58336      1.37628      0.00000
      2.59336      1.41880      0.00000
      2.60336      2.66611      0.00000
      2.61336      5.45599      0.00000
      2.62336      6.24210      0.00000
      2.63336      3.02672      0.00000
      2.64336      0.82576      0.00000
      2.65336      1.56654      0.00000
      2.66336      3.44070      0.00000
      2.67336      3.37299      0.00000
      2.68336      2.30279      0.00000
      2.69336      2.36762      0.00000
      2.70336      3.29560      0.00000
      2.71336      3.70791      0.00000
      2.72336      3.55235      0.00000
      2.73336      2.88932      0.00000
      2.74336      1.56685      0.00000
      2.75336      1.77836      0.00000
      2.76336      2.52540      0.00000
      2.77336      1.72055      0.00000
      2.78336      1.62042      0.00000
      2.79336      2.45010      0.00000
      2.80336      1.75155      0.00000
      2.81336      0.90028      0.00000
      2.82336      2.07987      0.00000
      2.83336      4.01096      0.00000
      2.84336      4.82224      0.00000
      2.85336      5.51564      0.00000
      2.86336      3.82337      0.00000
      2.87336      1.07791      0.00000
      2.88336      0.13710      0.00000
      2.89336      0.29336      0.00000
      2.90336      1.34837      0.00000
      2.91336      2.41992      0.00000
      2.92336      1.67497      0.00000
      2.93336      0.45430      0.00000
      2.94336      0.22167      0.00000
      2.95336      1.42982      0.00000
      2.96336      4.38865      0.00000
      2.97336      5.75449      0.00000
      2.98336      4.90561      0.00000
      2.99336      4.73521      0.00000
      3.00336      4.25076      0.00000
      3.01336      2.04573      0.00000
      3.02336      0.44413      0.00000
      3.03336      0.54024      0.00000
      3.04336      2.53960      0.00000
      3.05336      5.36972      0.00000
      3.06336      4.92560      0.00000
      3.07336      1.91627      0.00000
      3.08336      0.30419      0.00000
      3.09336      0.07336      0.00000
      3.10336      0.66862      0.00000
      3.11336      3.04381      0.00000
      3.12336      5.43160      0.00000
      3.13336      4.93124      0.00000
      3.14336      4.20326      0.00000
      3.15336      3.61044      0.00000
      3.16336      3.62004      0.00000
      3.17336      4.75853      0.00000
      3.18336      5.47265      0.00000
      3.19336      3.63741      0.00000
      3.20336      1.06688      0.00000
      3.21336      0.25312      0.00000
      3.22336      1.28092      0.00000
      3.23336      4.82446      0.00000
      3.24336      7.13711      0.00000
      3.25336      4.26580      0.00000
      3.26336      1.31315      0.00000
      3.27336      1.05967      0.00000
      3.28336      1.22247      0.00000
      3.29336      0.78710      0.00000
      3.30336      1.36472      0.00000
      3.31336      2.89703      0.00000
      3.32336      3.82731      0.00000
      3.33336      4.11681      0.00000
      3.34336      2.81293      0.00000
      3.35336      2.12950      0.00000
      3.36336      3.61442      0.00000
      3.37336      4.57866      0.00000
      3.38336      3.97465      0.00000
      3.39336      3.37777      0.00000
      3.40336      4.86242      0.00000
      3.41336      5.64744      0.00000
      3.42336      3.26154      0.00000
      3.43336      2.13230      0.00000
      3.44336      2.53939      0.00000
      3.45336      1.49000      0.00000
      3.46336      0.33965      0.00000
      3.47336      0.22573      0.00000
      3.48336      1.14535      0.00000
      3.49336      2.41814      0.00000
      3.50336      1.88873      0.00000
      3.51336      0.70768      0.00000
      3.52336      1.22143      0.00000
      3.53336      3.28046      0.00000
      3.54336      4.48558      0.00000
      3.55336      4.20827      0.00000
      3.56336      3.95849      0.00000
      3.57336      3.63605      0.00000
      3.58336      4.24106      0.00000
