Energy-E_F (eV)    DOS (1/eV)    PDOS (1/eV)  of atom type Hf 
     -4.99000      0.89375      0.89375
     -4.98000      2.16482      2.16482
     -4.97000      3.59943      3.59943
     -4.96000      3.78132      3.78132
     -4.95000      2.16946      2.16946
     -4.94000      0.91682      0.91682
     -4.93000      0.37427      0.37427
     -4.92000      0.60625      0.60625
     -4.91000      1.61963      1.61963
     -4.90000      2.27151      2.27151
     -4.89000      2.15055      2.15055
     -4.88000      2.12170      2.12170
     -4.87000      1.55100      1.55100
     -4.86000      0.52360      0.52360
     -4.85000      0.22710      0.22710
     -4.84000      0.74247      0.74247
     -4.83000      1.24800      1.24800
     -4.82000      0.80538      0.80538
     -4.81000      0.44470      0.44470
     -4.80000      0.99499      0.99499
     -4.79000      1.74774      1.74774
     -4.78000      1.71336      1.71336
     -4.77000      1.29783      1.29783
     -4.76000      1.41025      1.41025
     -4.75000      1.86689      1.86689
     -4.74000      2.00846      2.00846
     -4.73000      1.89130      1.89130
     -4.72000      1.55922      1.55922
     -4.71000      1.09881      1.09881
     -4.70000      2.07511      2.07511
     -4.69000      3.80173      3.80173
     -4.68000      3.25204      3.25204
     -4.67000      1.92622      1.92622
     -4.66000      0.94425      0.94425
     -4.65000      0.27578      0.27578
     -4.64000      0.33331      0.33331
     -4.63000      0.96025      0.96025
     -4.62000      1.58374      1.58374
     -4.61000      1.51945      1.51945
     -4.60000      1.04210      1.04210
     -4.59000      0.61234      0.61234
     -4.58000      0.43290      0.43290
     -4.57000      1.02166      1.02166
     -4.56000      1.80763      1.80763
     -4.55000      2.15518      2.15518
     -4.54000      1.75556      1.75556
     -4.53000      0.69452      0.69452
     -4.52000      0.11168      0.11168
     -4.51000      0.02312      0.02312
     -4.50000      0.14739      0.14739
     -4.49000      0.48828      0.48828
     -4.48000      0.59592      0.59592
     -4.47000      0.27653      0.27653
     -4.46000      0.19784      0.19784
     -4.45000      0.98437      0.98437
     -4.44000      2.48746      2.48746
     -4.43000      2.86449      2.86449
     -4.42000      1.92836      1.92836
     -4.41000      0.80751      0.80751
     -4.40000      0.42506      0.42506
     -4.39000      1.39638      1.39638
     -4.38000      2.82170      2.82170
     -4.37000      2.71400      2.71400
     -4.36000      2.04482      2.04482
     -4.35000      1.97802      1.97802
     -4.34000      2.57599      2.57599
     -4.33000      2.95658      2.95658
     -4.32000      3.13730      3.13730
     -4.31000      3.15129      3.15129
     -4.30000      1.59391      1.59391
     -4.29000      0.32173      0.32173
     -4.28000      0.02631      0.02631
     -4.27000      0.02780      0.02780
     -4.26000      0.20092      0.20092
     -4.25000      0.54878      0.54878
     -4.24000      0.55142      0.55142
     -4.23000      0.20391      0.20391
     -4.22000      0.03152      0.03152
     -4.21000      0.07077      0.07077
     -4.20000      0.46556      0.46556
     -4.19000      1.14921      1.14921
     -4.18000      1.04585      1.04585
     -4.17000      0.40333      0.40333
     -4.16000      0.55913      0.55913
     -4.15000      2.04340      2.04340
     -4.14000      3.69721      3.69721
     -4.13000      3.19046      3.19046
     -4.12000      1.30129      1.30129
     -4.11000      0.74339      0.74339
     -4.10000      1.62217      1.62217
     -4.09000      1.88550      1.88550
     -4.08000      1.20661      1.20661
     -4.07000      0.66670      0.66670
     -4.06000      0.26208      0.26208
     -4.05000      0.34139      0.34139
     -4.04000      1.04930      1.04930
     -4.03000      1.70336      1.70336
     -4.02000      2.65700      2.65700
     -4.01000      3.99370      3.99370
     -4.00000      3.22082      3.22082
     -3.99000      1.74211      1.74211
     -3.98000      2.42806      2.42806
     -3.97000      3.27235      3.27235
     -3.96000      2.55344      2.55344
     -3.95000      1.59598      1.59598
     -3.94000      1.16936      1.16936
     -3.93000      1.31154      1.31154
     -3.92000      0.85051      0.85051
     -3.91000      0.21301      0.21301
     -3.90000      0.01990      0.01990
     -3.89000      0.00910      0.00910
     -3.88000      0.13500      0.13500
     -3.87000      0.80368      0.80368
     -3.86000      1.77943      1.77943
     -3.85000      1.48740      1.48740
     -3.84000      0.74176      0.74176
     -3.83000      1.41083      1.41083
     -3.82000      2.55393      2.55393
     -3.81000      2.37418      2.37418
     -3.80000      1.95049      1.95049
     -3.79000      1.61293      1.61293
     -3.78000      1.19508      1.19508
     -3.77000      2.47275      2.47275
     -3.76000      4.48462      4.48462
     -3.75000      4.18288      4.18288
     -3.74000      2.76108      2.76108
     -3.73000      1.82199      1.82199
     -3.72000      1.05045      1.05045
     -3.71000      1.18068      1.18068
     -3.70000      1.86673      1.86673
     -3.69000      1.28428      1.28428
     -3.68000      0.48528      0.48528
     -3.67000      0.83701      0.83701
     -3.66000      1.73283      1.73283
     -3.65000      1.94471      1.94471
     -3.64000      1.24394      1.24394
     -3.63000      0.74134      0.74134
     -3.62000      1.56973      1.56973
     -3.61000      2.38110      2.38110
     -3.60000      1.52387      1.52387
     -3.59000      0.66261      0.66261
     -3.58000      1.04838      1.04838
     -3.57000      1.49934      1.49934
     -3.56000      1.29775      1.29775
     -3.55000      1.30819      1.30819
     -3.54000      1.85104      1.85104
     -3.53000      2.00422      2.00422
     -3.52000      1.26065      1.26065
     -3.51000      0.57165      0.57165
     -3.50000      1.05807      1.05807
     -3.49000      2.08892      2.08892
     -3.48000      1.94592      1.94592
     -3.47000      0.81772      0.81772
     -3.46000      0.15657      0.15657
     -3.45000      0.15926      0.15926
     -3.44000      0.77634      0.77634
     -3.43000      1.88739      1.88739
     -3.42000      2.69304      2.69304
     -3.41000      3.19477      3.19477
     -3.40000      3.12078      3.12078
     -3.39000      1.74581      1.74581
     -3.38000      0.44695      0.44695
     -3.37000      0.17747      0.17747
     -3.36000      0.67148      0.67148
     -3.35000      1.24031      1.24031
     -3.34000      0.88333      0.88333
     -3.33000      0.56552      0.56552
     -3.32000      1.29559      1.29559
     -3.31000      2.42695      2.42695
     -3.30000      3.27879      3.27879
     -3.29000      3.21996      3.21996
     -3.28000      3.12831      3.12831
     -3.27000      4.16216      4.16216
     -3.26000      4.30820      4.30820
     -3.25000      3.61361      3.61361
     -3.24000      3.73455      3.73455
     -3.23000      3.58742      3.58742
     -3.22000      3.80877      3.80877
     -3.21000      4.07768      4.07768
     -3.20000      3.30240      3.30240
     -3.19000      3.19024      3.19024
     -3.18000      2.66534      2.66534
     -3.17000      1.20140      1.20140
     -3.16000      0.66424      0.66424
     -3.15000      1.33813      1.33813
     -3.14000      1.76748      1.76748
     -3.13000      1.39183      1.39183
     -3.12000      0.86926      0.86926
     -3.11000      0.40468      0.40468
     -3.10000      0.49827      0.49827
     -3.09000      1.13269      1.13269
     -3.08000      1.07023      1.07023
     -3.07000      0.39386      0.39386
     -3.06000      0.27975      0.27975
     -3.05000      1.01300      1.01300
     -3.04000      1.94963      1.94963
     -3.03000      1.89730      1.89730
     -3.02000      0.92444      0.92444
     -3.01000      0.19714      0.19714
     -3.00000      0.01964      0.01964
     -2.99000      0.06087      0.06087
     -2.98000      0.44073      0.44073
     -2.97000      1.30161      1.30161
     -2.96000      2.05493      2.05493
     -2.95000      2.61367      2.61367
     -2.94000      2.47998      2.47998
     -2.93000      1.47457      1.47457
     -2.92000      0.83046      0.83046
     -2.91000      1.34091      1.34091
     -2.90000      2.12425      2.12425
     -2.89000      2.30375      2.30375
     -2.88000      2.43255      2.43255
     -2.87000      2.34012      2.34012
     -2.86000      1.38709      1.38709
     -2.85000      0.95632      0.95632
     -2.84000      1.84812      1.84812
     -2.83000      2.85311      2.85311
     -2.82000      2.78838      2.78838
     -2.81000      1.94397      1.94397
     -2.80000      1.43973      1.43973
     -2.79000      0.74574      0.74574
     -2.78000      0.24076      0.24076
     -2.77000      0.63626      0.63626
     -2.76000      2.02574      2.02574
     -2.75000      2.77634      2.77634
     -2.74000      1.72006      1.72006
     -2.73000      0.51344      0.51344
     -2.72000      0.12019      0.12019
     -2.71000      0.47760      0.47760
     -2.70000      1.79076      1.79076
     -2.69000      2.81346      2.81346
     -2.68000      2.28955      2.28955
     -2.67000      1.77975      1.77975
     -2.66000      2.17739      2.17739
     -2.65000      2.94392      2.94392
     -2.64000      3.28326      3.28326
     -2.63000      2.55278      2.55278
     -2.62000      2.14739      2.14739
     -2.61000      2.58305      2.58305
     -2.60000      3.61777      3.61777
     -2.59000      4.33626      4.33626
     -2.58000      3.00399      3.00399
     -2.57000      2.51812      2.51812
     -2.56000      2.77853      2.77853
     -2.55000      2.31034      2.31034
     -2.54000      2.42468      2.42468
     -2.53000      2.71408      2.71408
     -2.52000      2.28604      2.28604
     -2.51000      1.44435      1.44435
     -2.50000      1.11256      1.11256
     -2.49000      1.75799      1.75799
     -2.48000      2.73498      2.73498
     -2.47000      2.91656      2.91656
     -2.46000      2.63377      2.63377
     -2.45000      2.92142      2.92142
     -2.44000      4.43443      4.43443
     -2.43000      5.31898      5.31898
     -2.42000      3.47805      3.47805
     -2.41000      1.37455      1.37455
     -2.40000      0.92354      0.92354
     -2.39000      1.89162      1.89162
     -2.38000      2.52755      2.52755
     -2.37000      1.85946      1.85946
     -2.36000      0.75717      0.75717
     -2.35000      0.42276      0.42276
     -2.34000      1.06669      1.06669
     -2.33000      1.73817      1.73817
     -2.32000      1.92810      1.92810
     -2.31000      1.65829      1.65829
     -2.30000      1.10418      1.10418
     -2.29000      1.68293      1.68293
     -2.28000      4.11591      4.11591
     -2.27000      5.55961      5.55961
     -2.26000      3.99869      3.99869
     -2.25000      2.56643      2.56643
     -2.24000      2.45168      2.45168
     -2.23000      2.73164      2.73164
     -2.22000      3.37458      3.37458
     -2.21000      3.22081      3.22081
     -2.20000      2.22458      2.22458
     -2.19000      2.62425      2.62425
     -2.18000      3.35049      3.35049
     -2.17000      2.62040      2.62040
     -2.16000      2.30822      2.30822
     -2.15000      3.57463      3.57463
     -2.14000      5.30713      5.30713
     -2.13000      6.19010      6.19010
     -2.12000      5.34593      5.34593
     -2.11000      4.04304      4.04304
     -2.10000      3.78690      3.78690
     -2.09000      4.10085      4.10085
     -2.08000      3.79733      3.79733
     -2.07000      3.53092      3.53092
     -2.06000      3.65495      3.65495
     -2.05000      2.70403      2.70403
     -2.04000      2.28077      2.28077
     -2.03000      2.43714      2.43714
     -2.02000      1.69589      1.69589
     -2.01000      2.23214      2.23214
     -2.00000      4.51989      4.51989
     -1.99000      4.24638      4.24638
     -1.98000      2.13360      2.13360
     -1.97000      1.46979      1.46979
     -1.96000      1.23261      1.23261
     -1.95000      2.07456      2.07456
     -1.94000      4.08641      4.08641
     -1.93000      5.01312      5.01312
     -1.92000      4.93627      4.93627
     -1.91000      3.66714      3.66714
     -1.90000      2.93034      2.93034
     -1.89000      3.64719      3.64719
     -1.88000      3.57552      3.57552
     -1.87000      3.43550      3.43550
     -1.86000      3.27666      3.27666
     -1.85000      1.80886      1.80886
     -1.84000      0.71578      0.71578
     -1.83000      1.30725      1.30725
     -1.82000      2.47616      2.47616
     -1.81000      2.67459      2.67459
     -1.80000      2.24303      2.24303
     -1.79000      2.06990      2.06990
     -1.78000      2.91998      2.91998
     -1.77000      4.50062      4.50062
     -1.76000      4.08224      4.08224
     -1.75000      2.02626      2.02626
     -1.74000      0.85865      0.85865
     -1.73000      0.73072      0.73072
     -1.72000      0.78549      0.78549
     -1.71000      1.19857      1.19857
     -1.70000      1.19185      1.19185
     -1.69000      0.97362      0.97362
     -1.68000      1.40064      1.40064
     -1.67000      1.64570      1.64570
     -1.66000      1.68656      1.68656
     -1.65000      1.38303      1.38303
     -1.64000      0.77582      0.77582
     -1.63000      0.24683      0.24683
     -1.62000      0.04854      0.04854
     -1.61000      0.21217      0.21217
     -1.60000      1.28907      1.28907
     -1.59000      3.61838      3.61838
     -1.58000      5.09395      5.09395
     -1.57000      3.76363      3.76363
     -1.56000      1.38881      1.38881
     -1.55000      0.22996      0.22996
     -1.54000      0.01563      0.01563
     -1.53000      0.00056      0.00056
     -1.52000      0.00547      0.00547
     -1.51000      0.07221      0.07221
     -1.50000      0.35643      0.35643
     -1.49000      0.71513      0.71513
     -1.48000      0.85040      0.85040
     -1.47000      1.02569      1.02569
     -1.46000      1.14471      1.14471
     -1.45000      1.29263      1.29263
     -1.44000      1.42658      1.42658
     -1.43000      1.06876      1.06876
     -1.42000      0.98963      0.98963
     -1.41000      1.09326      1.09326
     -1.40000      0.82464      0.82464
     -1.39000      0.98639      0.98639
     -1.38000      1.81648      1.81648
     -1.37000      2.03636      2.03636
     -1.36000      2.10511      2.10511
     -1.35000      2.29503      2.29503
     -1.34000      1.40864      1.40864
     -1.33000      0.57977      0.57977
     -1.32000      1.17862      1.17862
     -1.31000      2.37456      2.37456
     -1.30000      2.52064      2.52064
     -1.29000      1.77484      1.77484
     -1.28000      0.94179      0.94179
     -1.27000      0.31441      0.31441
     -1.26000      0.04863      0.04863
     -1.25000      0.00302      0.00302
     -1.24000      0.00314      0.00314
     -1.23000      0.06477      0.06477
     -1.22000      0.53239      0.53239
     -1.21000      1.79874      1.79874
     -1.20000      2.74936      2.74936
     -1.19000      2.38214      2.38214
     -1.18000      1.78333      1.78333
     -1.17000      1.17258      1.17258
     -1.16000      0.68273      0.68273
     -1.15000      1.75569      1.75569
     -1.14000      4.38662      4.38662
     -1.13000      4.86453      4.86453
     -1.12000      2.32462      2.32462
     -1.11000      0.58237      0.58237
     -1.10000      0.72027      0.72027
     -1.09000      1.83004      1.83004
     -1.08000      2.97153      2.97153
     -1.07000      3.36659      3.36659
     -1.06000      2.61515      2.61515
     -1.05000      1.64482      1.64482
     -1.04000      1.41054      1.41054
     -1.03000      2.16140      2.16140
     -1.02000      2.24285      2.24285
     -1.01000      1.04038      1.04038
     -1.00000      0.20904      0.20904
     -0.99000      0.05813      0.05813
     -0.98000      0.50382      0.50382
     -0.97000      2.47597      2.47597
     -0.96000      5.00978      5.00978
     -0.95000      4.86675      4.86675
     -0.94000      3.54268      3.54268
     -0.93000      3.01121      3.01121
     -0.92000      3.23980      3.23980
     -0.91000      2.84209      2.84209
     -0.90000      2.44728      2.44728
     -0.89000      3.76513      3.76513
     -0.88000      4.33423      4.33423
     -0.87000      3.97961      3.97961
     -0.86000      3.85081      3.85081
     -0.85000      3.43053      3.43053
     -0.84000      3.85604      3.85604
     -0.83000      5.33668      5.33668
     -0.82000      4.97000      4.97000
     -0.81000      3.49039      3.49039
     -0.80000      3.81850      3.81850
     -0.79000      5.33096      5.33096
     -0.78000      5.03594      5.03594
     -0.77000      3.13544      3.13544
     -0.76000      1.98929      1.98929
     -0.75000      1.54789      1.54789
     -0.74000      1.51954      1.51954
     -0.73000      1.88405      1.88405
     -0.72000      2.16409      2.16409
     -0.71000      1.68129      1.68129
     -0.70000      0.75380      0.75380
     -0.69000      0.92920      0.92920
     -0.68000      2.15457      2.15457
     -0.67000      3.44756      3.44756
     -0.66000      4.49185      4.49185
     -0.65000      5.38513      5.38513
     -0.64000      5.16147      5.16147
     -0.63000      4.44122      4.44122
     -0.62000      3.42097      3.42097
     -0.61000      1.92780      1.92780
     -0.60000      2.29443      2.29443
     -0.59000      4.60903      4.60903
     -0.58000      6.86459      6.86459
     -0.57000      6.73528      6.73528
     -0.56000      3.45040      3.45040
     -0.55000      0.86532      0.86532
     -0.54000      0.76810      0.76810
     -0.53000      2.22191      2.22191
     -0.52000      3.45489      3.45489
     -0.51000      3.10198      3.10198
     -0.50000      2.85172      2.85172
     -0.49000      3.53281      3.53281
     -0.48000      4.13290      4.13290
     -0.47000      3.42853      3.42853
     -0.46000      3.02929      3.02929
     -0.45000      3.27757      3.27757
     -0.44000      3.31481      3.31481
     -0.43000      4.60869      4.60869
     -0.42000      6.35004      6.35004
     -0.41000      5.12984      5.12984
     -0.40000      2.14609      2.14609
     -0.39000      1.01591      1.01591
     -0.38000      1.60859      1.60859
     -0.37000      2.92792      2.92792
     -0.36000      4.39012      4.39012
     -0.35000      4.41185      4.41185
     -0.34000      2.85146      2.85146
     -0.33000      1.82143      1.82143
     -0.32000      2.56952      2.56952
     -0.31000      3.85549      3.85549
     -0.30000      3.16896      3.16896
     -0.29000      1.80682      1.80682
     -0.28000      2.79914      2.79914
     -0.27000      5.08181      5.08181
     -0.26000      6.80088      6.80088
     -0.25000      6.60537      6.60537
     -0.24000      4.35346      4.35346
     -0.23000      2.59617      2.59617
     -0.22000      1.79381      1.79381
     -0.21000      1.52145      1.52145
     -0.20000      2.11716      2.11716
     -0.19000      2.63935      2.63935
     -0.18000      2.62476      2.62476
     -0.17000      2.21246      2.21246
     -0.16000      1.84156      1.84156
     -0.15000      2.10181      2.10181
     -0.14000      3.24700      3.24700
     -0.13000      4.50248      4.50248
     -0.12000      4.42886      4.42886
     -0.11000      3.98330      3.98330
     -0.10000      4.23181      4.23181
     -0.09000      4.74278      4.74278
     -0.08000      4.36146      4.36146
     -0.07000      3.73954      3.73954
     -0.06000      3.00166      3.00166
     -0.05000      1.99929      1.99929
     -0.04000      1.50776      1.50776
     -0.03000      1.84705      1.84705
     -0.02000      1.54086      1.54086
     -0.01000      1.46931      1.46931
      0.00000      2.80576      2.80576
      0.01000      4.07044      4.07044
      0.02000      4.59880      4.59880
      0.03000      4.24121      4.24121
      0.04000      2.71838      2.71838
      0.05000      2.03381      2.03381
      0.06000      3.98556      3.98556
      0.07000      5.58940      5.58940
      0.08000      4.95921      4.95921
      0.09000      4.47852      4.47852
      0.10000      4.04485      4.04485
      0.11000      2.58129      2.58129
      0.12000      2.35298      2.35298
      0.13000      2.31843      2.31843
      0.14000      1.33444      1.33444
      0.15000      1.19896      1.19896
      0.16000      1.33271      1.33271
      0.17000      1.43889      1.43889
      0.18000      2.44095      2.44095
      0.19000      2.82073      2.82073
      0.20000      2.55339      2.55339
      0.21000      2.73523      2.73523
      0.22000      3.30844      3.30844
      0.23000      3.32673      3.32673
      0.24000      2.90482      2.90482
      0.25000      2.26885      2.26885
      0.26000      1.22040      1.22040
      0.27000      0.75069      0.75069
      0.28000      1.88808      1.88808
      0.29000      3.64390      3.64390
      0.30000      3.51669      3.51669
      0.31000      2.64492      2.64492
      0.32000      2.62217      2.62217
      0.33000      3.33498      3.33498
      0.34000      3.57514      3.57514
      0.35000      2.61402      2.61402
      0.36000      2.05154      2.05154
      0.37000      2.41038      2.41038
      0.38000      2.77678      2.77678
      0.39000      2.09064      2.09064
      0.40000      0.75620      0.75620
      0.41000      0.37003      0.37003
      0.42000      1.63351      1.63351
      0.43000      4.13416      4.13416
      0.44000      4.51881      4.51881
      0.45000      3.16571      3.16571
      0.46000      4.12723      4.12723
      0.47000      5.70218      5.70218
      0.48000      4.55710      4.55710
      0.49000      2.76445      2.76445
      0.50000      3.39429      3.39429
      0.51000      4.05931      4.05931
      0.52000      4.33850      4.33850
      0.53000      5.56518      5.56518
      0.54000      6.26951      6.26951
      0.55000      5.23875      5.23875
      0.56000      3.37418      3.37418
      0.57000      2.12670      2.12670
      0.58000      1.38946      1.38946
      0.59000      0.78178      0.78178
      0.60000      1.27072      1.27072
      0.61000      2.37122      2.37122
      0.62000      2.88918      2.88918
      0.63000      2.96764      2.96764
      0.64000      2.20341      2.20341
      0.65000      1.62868      1.62868
      0.66000      2.28674      2.28674
      0.67000      2.73719      2.73719
      0.68000      3.14915      3.14915
      0.69000      2.96887      2.96887
      0.70000      1.47398      1.47398
      0.71000      0.35686      0.35686
      0.72000      0.13749      0.13749
      0.73000      0.41236      0.41236
      0.74000      0.62614      0.62614
      0.75000      0.44702      0.44702
      0.76000      0.84805      0.84805
      0.77000      2.32626      2.32626
      0.78000      2.80958      2.80958
      0.79000      1.60994      1.60994
      0.80000      1.32053      1.32053
      0.81000      2.61051      2.61051
      0.82000      3.19936      3.19936
      0.83000      1.88894      1.88894
      0.84000      0.63352      0.63352
      0.85000      0.73795      0.73795
      0.86000      1.26545      1.26545
      0.87000      1.01941      1.01941
      0.88000      0.87237      0.87237
      0.89000      1.31263      1.31263
      0.90000      1.79088      1.79088
      0.91000      2.12694      2.12694
      0.92000      2.47102      2.47102
      0.93000      2.27349      2.27349
      0.94000      1.80196      1.80196
      0.95000      1.08212      1.08212
      0.96000      0.34612      0.34612
      0.97000      0.38590      0.38590
      0.98000      1.37678      1.37678
      0.99000      2.29561      2.29561
      1.00000      1.71855      1.71855
      1.01000      0.87268      0.87268
      1.02000      0.83932      0.83932
      1.03000      0.92113      0.92113
      1.04000      0.95653      0.95653
      1.05000      1.66610      1.66610
      1.06000      3.23013      3.23013
      1.07000      3.23009      3.23009
      1.08000      1.91793      1.91793
      1.09000      1.47480      1.47480
      1.10000      1.19297      1.19297
      1.11000      1.44234      1.44234
      1.12000      1.98041      1.98041
      1.13000      1.70238      1.70238
      1.14000      0.76161      0.76161
      1.15000      0.14662      0.14662
      1.16000      0.02458      0.02458
      1.17000      0.16841      0.16841
      1.18000      0.76490      0.76490
      1.19000      1.39246      1.39246
      1.20000      1.52195      1.52195
      1.21000      1.88886      1.88886
      1.22000      2.05457      2.05457
      1.23000      1.70314      1.70314
      1.24000      1.59534      1.59534
      1.25000      1.50145      1.50145
      1.26000      1.18098      1.18098
      1.27000      0.96762      0.96762
      1.28000      0.63398      0.63398
      1.29000      0.20982      0.20982
      1.30000      0.05586      0.05586
      1.31000      0.26951      0.26951
      1.32000      1.05332      1.05332
      1.33000      1.75096      1.75096
      1.34000      1.21486      1.21486
      1.35000      0.40269      0.40269
      1.36000      0.55878      0.55878
      1.37000      1.54444      1.54444
      1.38000      1.72723      1.72723
      1.39000      0.85111      0.85111
      1.40000      0.58336      0.58336
      1.41000      0.65944      0.65944
      1.42000      0.65816      0.65816
      1.43000      1.11972      1.11972
      1.44000      1.19730      1.19730
      1.45000      0.90583      0.90583
      1.46000      1.47101      1.47101
      1.47000      1.82141      1.82141
      1.48000      1.48547      1.48547
      1.49000      2.05573      2.05573
      1.50000      2.84951      2.84951
      1.51000      2.71691      2.71691
      1.52000      1.83691      1.83691
      1.53000      0.75575      0.75575
      1.54000      0.15766      0.15766
      1.55000      0.05964      0.05964
      1.56000      0.36449      0.36449
      1.57000      1.08156      1.08156
      1.58000      1.33628      1.33628
      1.59000      1.26220      1.26220
      1.60000      2.05694      2.05694
      1.61000      3.26798      3.26798
      1.62000      3.02328      3.02328
      1.63000      1.34997      1.34997
      1.64000      0.36482      0.36482
      1.65000      0.64803      0.64803
      1.66000      1.55298      1.55298
      1.67000      1.96536      1.96536
      1.68000      1.55643      1.55643
      1.69000      1.21119      1.21119
      1.70000      1.49986      1.49986
      1.71000      1.37243      1.37243
      1.72000      0.85207      0.85207
      1.73000      0.87833      0.87833
      1.74000      2.05307      2.05307
      1.75000      2.77243      2.77243
      1.76000      1.74111      1.74111
      1.77000      0.51351      0.51351
      1.78000      0.30586      0.30586
      1.79000      1.11833      1.11833
      1.80000      1.86667      1.86667
      1.81000      1.20031      1.20031
      1.82000      0.57670      0.57670
      1.83000      0.90282      0.90282
      1.84000      1.29675      1.29675
      1.85000      1.42996      1.42996
      1.86000      1.52039      1.52039
      1.87000      1.58229      1.58229
      1.88000      1.54429      1.54429
      1.89000      1.57590      1.57590
      1.90000      2.63284      2.63284
      1.91000      2.84104      2.84104
      1.92000      1.28113      1.28113
      1.93000      0.29944      0.29944
      1.94000      0.48946      0.48946
      1.95000      1.15515      1.15515
      1.96000      1.03601      1.03601
      1.97000      0.34223      0.34223
      1.98000      0.05199      0.05199
      1.99000      0.14648      0.14648
      2.00000      0.76397      0.76397
      2.01000      1.61263      1.61263
      2.02000      1.45328      1.45328
      2.03000      0.58854      0.58854
      2.04000      0.10746      0.10746
      2.05000      0.05736      0.05736
      2.06000      0.51441      0.51441
      2.07000      2.06267      2.06267
      2.08000      3.30668      3.30668
      2.09000      2.34598      2.34598
      2.10000      0.88604      0.88604
      2.11000      0.20352      0.20352
      2.12000      0.19527      0.19527
      2.13000      0.77342      0.77342
      2.14000      1.24641      1.24641
      2.15000      0.73968      0.73968
      2.16000      0.16148      0.16148
      2.17000      0.01299      0.01299
      2.18000      0.00152      0.00152
      2.19000      0.02904      0.02904
      2.20000      0.27344      0.27344
      2.21000      0.94991      0.94991
      2.22000      1.26827      1.26827
      2.23000      1.00241      1.00241
      2.24000      1.22532      1.22532
      2.25000      1.07665      1.07665
      2.26000      0.38351      0.38351
      2.27000      0.21140      0.21140
      2.28000      1.02731      1.02731
      2.29000      2.52766      2.52766
      2.30000      3.17332      3.17332
      2.31000      3.61901      3.61901
      2.32000      3.36026      3.36026
      2.33000      1.88313      1.88313
      2.34000      1.36941      1.36941
      2.35000      1.13586      1.13586
      2.36000      0.42224      0.42224
      2.37000      0.08552      0.08552
      2.38000      0.34306      0.34306
      2.39000      1.65121      1.65121
      2.40000      3.22673      3.22673
      2.41000      2.95483      2.95483
      2.42000      1.78847      1.78847
      2.43000      0.84637      0.84637
      2.44000      0.66666      0.66666
      2.45000      1.18605      1.18605
      2.46000      1.01571      1.01571
      2.47000      0.39202      0.39202
      2.48000      0.69135      0.69135
      2.49000      2.29324      2.29324
      2.50000      3.02681      3.02681
      2.51000      1.65009      1.65009
      2.52000      1.05303      1.05303
      2.53000      1.57012      1.57012
      2.54000      1.77978      1.77978
      2.55000      2.16546      2.16546
      2.56000      2.41516      2.41516
      2.57000      1.54717      1.54717
      2.58000      0.76601      0.76601
      2.59000      1.03660      1.03660
      2.60000      1.20249      1.20249
      2.61000      0.56139      0.56139
      2.62000      0.29338      0.29338
      2.63000      1.16633      1.16633
      2.64000      2.74160      2.74160
      2.65000      2.59469      2.59469
      2.66000      0.95737      0.95737
      2.67000      0.13556      0.13556
      2.68000      0.02644      0.02644
      2.69000      0.16375      0.16375
      2.70000      0.51397      0.51397
      2.71000      0.65002      0.65002
      2.72000      0.60411      0.60411
      2.73000      0.96328      0.96328
      2.74000      1.83028      1.83028
      2.75000      2.63979      2.63979
      2.76000      2.22158      2.22158
      2.77000      1.93011      1.93011
      2.78000      2.00844      2.00844
      2.79000      1.46167      1.46167
      2.80000      0.58147      0.58147
      2.81000      0.44884      0.44884
      2.82000      1.07669      1.07669
      2.83000      1.25543      1.25543
      2.84000      1.18245      1.18245
      2.85000      1.76668      1.76668
      2.86000      1.51894      1.51894
      2.87000      0.52899      0.52899
      2.88000      0.14106      0.14106
      2.89000      0.49708      0.49708
      2.90000      1.45151      1.45151
      2.91000      2.28907      2.28907
      2.92000      2.65470      2.65470
      2.93000      2.56994      2.56994
      2.94000      2.28888      2.28888
      2.95000      2.12262      2.12262
      2.96000      2.37878      2.37878
      2.97000      2.41492      2.41492
      2.98000      1.36521      1.36521
      2.99000      0.68406      0.68406
      3.00000      0.66472      0.66472
      3.01000      0.51383      0.51383
      3.02000      0.67000      0.67000
      3.03000      1.30780      1.30780
      3.04000      2.21141      2.21141
      3.05000      2.26094      2.26094
      3.06000      1.05462      1.05462
      3.07000      0.23358      0.23358
      3.08000      0.31830      0.31830
      3.09000      1.14847      1.14847
      3.10000      1.75451      1.75451
      3.11000      1.23072      1.23072
      3.12000      1.03474      1.03474
      3.13000      1.77889      1.77889
      3.14000      1.73997      1.73997
      3.15000      1.58509      1.58509
      3.16000      2.48228      2.48228
      3.17000      2.67341      2.67341
      3.18000      2.09031      2.09031
      3.19000      2.21066      2.21066
      3.20000      2.03332      2.03332
      3.21000      1.04414      1.04414
      3.22000      0.36418      0.36418
      3.23000      0.64013      0.64013
      3.24000      1.53556      1.53556
      3.25000      1.59796      1.59796
      3.26000      0.80940      0.80940
      3.27000      0.80547      0.80547
      3.28000      1.98498      1.98498
      3.29000      2.75108      2.75108
      3.30000      2.19746      2.19746
      3.31000      1.69273      1.69273
      3.32000      1.13933      1.13933
      3.33000      0.46463      0.46463
      3.34000      0.83807      0.83807
      3.35000      2.53064      2.53064
      3.36000      3.42853      3.42853
      3.37000      1.98917      1.98917
      3.38000      0.51948      0.51948
      3.39000      0.29698      0.29698
      3.40000      0.62118      0.62118
      3.41000      0.74155      0.74155
