Energy-E_F (eV)    DOS (1/eV)    PDOS (1/eV)  of atom type Bi 
     -4.99000      0.00000      0.00000
     -4.98000      0.00000      0.00000
     -4.97000      0.00000      0.00000
     -4.96000      0.00000      0.00000
     -4.95000      0.00000      0.00000
     -4.94000      0.00000      0.00000
     -4.93000      0.00000      0.00000
     -4.92000      0.00000      0.00000
     -4.91000      0.00000      0.00000
     -4.90000      0.00000      0.00000
     -4.89000      0.00000      0.00000
     -4.88000      0.00000      0.00000
     -4.87000      0.00000      0.00000
     -4.86000      0.00000      0.00000
     -4.85000      0.00000      0.00000
     -4.84000      0.00000      0.00000
     -4.83000      0.00000      0.00000
     -4.82000      0.00000      0.00000
     -4.81000      0.00000      0.00000
     -4.80000      0.00000      0.00000
     -4.79000      0.00000      0.00000
     -4.78000      0.00000      0.00000
     -4.77000      0.00000      0.00000
     -4.76000      0.00000      0.00000
     -4.75000      0.00000      0.00000
     -4.74000      0.00000      0.00000
     -4.73000      0.00000      0.00000
     -4.72000      0.00000      0.00000
     -4.71000      0.00000      0.00000
     -4.70000      0.00000      0.00000
     -4.69000      0.00000      0.00000
     -4.68000      0.00000      0.00000
     -4.67000      0.00000      0.00000
     -4.66000      0.00000      0.00000
     -4.65000      0.00000      0.00000
     -4.64000      0.00000      0.00000
     -4.63000      0.00000      0.00000
     -4.62000      0.00000      0.00000
     -4.61000      0.00000      0.00000
     -4.60000      0.00000      0.00000
     -4.59000      0.00000      0.00000
     -4.58000      0.00000      0.00000
     -4.57000      0.00000      0.00000
     -4.56000      0.00000      0.00000
     -4.55000      0.00000      0.00000
     -4.54000      0.00000      0.00000
     -4.53000      0.00000      0.00000
     -4.52000      0.00000      0.00000
     -4.51000      0.00000      0.00000
     -4.50000      0.00000      0.00000
     -4.49000      0.00000      0.00000
     -4.48000      0.00000      0.00000
     -4.47000      0.00000      0.00000
     -4.46000      0.00000      0.00000
     -4.45000      0.00000      0.00000
     -4.44000      0.00000      0.00000
     -4.43000      0.00002      0.00002
     -4.42000      0.00111      0.00111
     -4.41000      0.02385      0.02385
     -4.40000      0.19247      0.19247
     -4.39000      0.61634      0.61634
     -4.38000      0.96491      0.96491
     -4.37000      1.20255      1.20255
     -4.36000      1.47517      1.47517
     -4.35000      1.55057      1.55057
     -4.34000      1.34161      1.34161
     -4.33000      0.83495      0.83495
     -4.32000      0.37721      0.37721
     -4.31000      0.42735      0.42735
     -4.30000      1.18596      1.18596
     -4.29000      2.21352      2.21352
     -4.28000      2.19660      2.19660
     -4.27000      1.26248      1.26248
     -4.26000      1.36427      1.36427
     -4.25000      1.75489      1.75489
     -4.24000      1.30003      1.30003
     -4.23000      1.34209      1.34209
     -4.22000      2.00408      2.00408
     -4.21000      1.56769      1.56769
     -4.20000      0.51442      0.51442
     -4.19000      0.10788      0.10788
     -4.18000      0.28810      0.28810
     -4.17000      0.86726      0.86726
     -4.16000      1.67856      1.67856
     -4.15000      2.62035      2.62035
     -4.14000      2.89999      2.89999
     -4.13000      2.73767      2.73767
     -4.12000      2.75955      2.75955
     -4.11000      3.07342      3.07342
     -4.10000      2.95899      2.95899
     -4.09000      2.36784      2.36784
     -4.08000      1.73839      1.73839
     -4.07000      1.74664      1.74664
     -4.06000      2.53755      2.53755
     -4.05000      2.38598      2.38598
     -4.04000      1.80018      1.80018
     -4.03000      1.94184      1.94184
     -4.02000      2.11341      2.11341
     -4.01000      2.43251      2.43251
     -4.00000      3.43778      3.43778
     -3.99000      3.39620      3.39620
     -3.98000      1.95838      1.95838
     -3.97000      1.27815      1.27815
     -3.96000      1.64455      1.64455
     -3.95000      2.20362      2.20362
     -3.94000      2.70863      2.70863
     -3.93000      3.25069      3.25069
     -3.92000      3.67421      3.67421
     -3.91000      3.97602      3.97602
     -3.90000      3.33833      3.33833
     -3.89000      2.24581      2.24581
     -3.88000      2.14502      2.14502
     -3.87000      2.56892      2.56892
     -3.86000      2.71689      2.71689
     -3.85000      2.47905      2.47905
     -3.84000      2.13923      2.13923
     -3.83000      2.37893      2.37893
     -3.82000      3.23572      3.23572
     -3.81000      3.13267      3.13267
     -3.80000      1.99489      1.99489
     -3.79000      1.86954      1.86954
     -3.78000      2.87369      2.87369
     -3.77000      3.53217      3.53217
     -3.76000      3.61527      3.61527
     -3.75000      3.41407      3.41407
     -3.74000      3.31147      3.31147
     -3.73000      3.36835      3.36835
     -3.72000      2.84175      2.84175
     -3.71000      2.56338      2.56338
     -3.70000      2.40871      2.40871
     -3.69000      1.72297      1.72297
     -3.68000      1.50925      1.50925
     -3.67000      2.12430      2.12430
     -3.66000      2.88189      2.88189
     -3.65000      2.30973      2.30973
     -3.64000      1.50526      1.50526
     -3.63000      2.75405      2.75405
     -3.62000      4.16419      4.16419
     -3.61000      3.55301      3.55301
     -3.60000      2.76870      2.76870
     -3.59000      2.83599      2.83599
     -3.58000      2.61722      2.61722
     -3.57000      2.14060      2.14060
     -3.56000      2.41724      2.41724
     -3.55000      3.42846      3.42846
     -3.54000      4.17015      4.17015
     -3.53000      3.94888      3.94888
     -3.52000      3.60389      3.60389
     -3.51000      3.43589      3.43589
     -3.50000      3.00134      3.00134
     -3.49000      3.36119      3.36119
     -3.48000      4.02164      4.02164
     -3.47000      4.13947      4.13947
     -3.46000      4.67370      4.67370
     -3.45000      4.54884      4.54884
     -3.44000      3.72814      3.72814
     -3.43000      3.62060      3.62060
     -3.42000      3.54886      3.54886
     -3.41000      3.04588      3.04588
     -3.40000      2.97307      2.97307
     -3.39000      3.91067      3.91067
     -3.38000      4.92385      4.92385
     -3.37000      4.55630      4.55630
     -3.36000      3.63535      3.63535
     -3.35000      2.82005      2.82005
     -3.34000      1.92327      1.92327
     -3.33000      1.60106      1.60106
     -3.32000      2.46626      2.46626
     -3.31000      2.97174      2.97174
     -3.30000      2.68724      2.68724
     -3.29000      2.46610      2.46610
     -3.28000      2.87726      2.87726
     -3.27000      3.52850      3.52850
     -3.26000      4.20179      4.20179
     -3.25000      4.26683      4.26683
     -3.24000      3.97440      3.97440
     -3.23000      4.87607      4.87607
     -3.22000      5.93768      5.93768
     -3.21000      5.80766      5.80766
     -3.20000      4.79237      4.79237
     -3.19000      3.70368      3.70368
     -3.18000      3.50850      3.50850
     -3.17000      3.44968      3.44968
     -3.16000      2.85094      2.85094
     -3.15000      3.21174      3.21174
     -3.14000      3.74120      3.74120
     -3.13000      2.69701      2.69701
     -3.12000      1.91243      1.91243
     -3.11000      2.32090      2.32090
     -3.10000      3.83047      3.83047
     -3.09000      4.42121      4.42121
     -3.08000      3.61965      3.61965
     -3.07000      3.19712      3.19712
     -3.06000      2.99161      2.99161
     -3.05000      2.74364      2.74364
     -3.04000      3.34330      3.34330
     -3.03000      5.28018      5.28018
     -3.02000      6.03693      6.03693
     -3.01000      4.91017      4.91017
     -3.00000      3.25441      3.25441
     -2.99000      1.70273      1.70273
     -2.98000      1.55800      1.55800
     -2.97000      2.01561      2.01561
     -2.96000      2.88909      2.88909
     -2.95000      3.86188      3.86188
     -2.94000      4.13710      4.13710
     -2.93000      4.21355      4.21355
     -2.92000      4.44579      4.44579
     -2.91000      5.35871      5.35871
     -2.90000      6.38196      6.38196
     -2.89000      5.92472      5.92472
     -2.88000      5.21643      5.21643
     -2.87000      5.16104      5.16104
     -2.86000      5.12624      5.12624
     -2.85000      5.67435      5.67435
     -2.84000      6.14309      6.14309
     -2.83000      5.89321      5.89321
     -2.82000      5.45922      5.45922
     -2.81000      5.81502      5.81502
     -2.80000      7.07661      7.07661
     -2.79000      7.35317      7.35317
     -2.78000      5.72445      5.72445
     -2.77000      4.81783      4.81783
     -2.76000      5.60005      5.60005
     -2.75000      7.09041      7.09041
     -2.74000      6.56408      6.56408
     -2.73000      5.34942      5.34942
     -2.72000      5.61352      5.61352
     -2.71000      5.87467      5.87467
     -2.70000      5.38097      5.38097
     -2.69000      5.41240      5.41240
     -2.68000      4.64865      4.64865
     -2.67000      3.41143      3.41143
     -2.66000      4.45665      4.45665
     -2.65000      7.24203      7.24203
     -2.64000      8.94190      8.94190
     -2.63000      8.33313      8.33313
     -2.62000      5.77584      5.77584
     -2.61000      4.60732      4.60732
     -2.60000      5.94977      5.94977
     -2.59000      6.82353      6.82353
     -2.58000      5.75435      5.75435
     -2.57000      4.80287      4.80287
     -2.56000      5.28435      5.28435
     -2.55000      5.26879      5.26879
     -2.54000      4.45121      4.45121
     -2.53000      4.25006      4.25006
     -2.52000      5.17486      5.17486
     -2.51000      6.17336      6.17336
     -2.50000      6.57632      6.57632
     -2.49000      6.76792      6.76792
     -2.48000      6.48825      6.48825
     -2.47000      5.79539      5.79539
     -2.46000      4.28616      4.28616
     -2.45000      2.51480      2.51480
     -2.44000      2.58034      2.58034
     -2.43000      4.33326      4.33326
     -2.42000      6.07393      6.07393
     -2.41000      6.66171      6.66171
     -2.40000      6.66071      6.66071
     -2.39000      6.09426      6.09426
     -2.38000      5.03217      5.03217
     -2.37000      4.06256      4.06256
     -2.36000      4.22049      4.22049
     -2.35000      5.58384      5.58384
     -2.34000      6.30939      6.30939
     -2.33000      6.04729      6.04729
     -2.32000      5.65040      5.65040
     -2.31000      5.49969      5.49969
     -2.30000      6.62828      6.62828
     -2.29000      7.56874      7.56874
     -2.28000      5.52890      5.52890
     -2.27000      3.35646      3.35646
     -2.26000      4.48317      4.48317
     -2.25000      7.06859      7.06859
     -2.24000      7.58363      7.58363
     -2.23000      6.60281      6.60281
     -2.22000      6.75656      6.75656
     -2.21000      5.74977      5.74977
     -2.20000      3.64174      3.64174
     -2.19000      2.95842      2.95842
     -2.18000      3.55616      3.55616
     -2.17000      4.35195      4.35195
     -2.16000      4.74028      4.74028
     -2.15000      5.44425      5.44425
     -2.14000      5.70842      5.70842
     -2.13000      5.35444      5.35444
     -2.12000      5.51709      5.51709
     -2.11000      6.67331      6.67331
     -2.10000      8.08811      8.08811
     -2.09000      9.06381      9.06381
     -2.08000      8.97678      8.97678
     -2.07000      6.49717      6.49717
     -2.06000      3.82364      3.82364
     -2.05000      3.62998      3.62998
     -2.04000      5.78386      5.78386
     -2.03000      7.01167      7.01167
     -2.02000      6.12503      6.12503
     -2.01000      4.76698      4.76698
     -2.00000      3.67110      3.67110
     -1.99000      3.15894      3.15894
     -1.98000      3.39707      3.39707
     -1.97000      3.79343      3.79343
     -1.96000      4.43593      4.43593
     -1.95000      4.96156      4.96156
     -1.94000      4.36327      4.36327
     -1.93000      3.39604      3.39604
     -1.92000      2.92089      2.92089
     -1.91000      3.64069      3.64069
     -1.90000      4.95595      4.95595
     -1.89000      5.89517      5.89517
     -1.88000      6.73446      6.73446
     -1.87000      7.20155      7.20155
     -1.86000      7.25169      7.25169
     -1.85000      6.65977      6.65977
     -1.84000      5.34161      5.34161
     -1.83000      4.59788      4.59788
     -1.82000      5.05635      5.05635
     -1.81000      5.62152      5.62152
     -1.80000      6.30479      6.30479
     -1.79000      6.19556      6.19556
     -1.78000      5.26020      5.26020
     -1.77000      4.28408      4.28408
     -1.76000      3.42548      3.42548
     -1.75000      3.87840      3.87840
     -1.74000      4.47376      4.47376
     -1.73000      4.96594      4.96594
     -1.72000      5.92782      5.92782
     -1.71000      6.17343      6.17343
     -1.70000      5.85604      5.85604
     -1.69000      6.45578      6.45578
     -1.68000      6.67606      6.67606
     -1.67000      6.14310      6.14310
     -1.66000      5.46599      5.46599
     -1.65000      5.55224      5.55224
     -1.64000      6.63152      6.63152
     -1.63000      8.09085      8.09085
     -1.62000      7.69394      7.69394
     -1.61000      5.01112      5.01112
     -1.60000      4.27814      4.27814
     -1.59000      6.09959      6.09959
     -1.58000      6.85867      6.85867
     -1.57000      6.05101      6.05101
     -1.56000      5.84773      5.84773
     -1.55000      6.38397      6.38397
     -1.54000      7.60739      7.60739
     -1.53000      8.63644      8.63644
     -1.52000      7.52648      7.52648
     -1.51000      5.93149      5.93149
     -1.50000      5.49086      5.49086
     -1.49000      5.79932      5.79932
     -1.48000      5.90354      5.90354
     -1.47000      5.10122      5.10122
     -1.46000      4.29642      4.29642
     -1.45000      4.33854      4.33854
     -1.44000      5.18001      5.18001
     -1.43000      5.45542      5.45542
     -1.42000      5.14007      5.14007
     -1.41000      4.36312      4.36312
     -1.40000      4.21338      4.21338
     -1.39000      5.90432      5.90432
     -1.38000      6.83644      6.83644
     -1.37000      6.01432      6.01432
     -1.36000      5.29061      5.29061
     -1.35000      4.76201      4.76201
     -1.34000      5.51401      5.51401
     -1.33000      7.24098      7.24098
     -1.32000      7.23568      7.23568
     -1.31000      7.01168      7.01168
     -1.30000      6.33391      6.33391
     -1.29000      5.71571      5.71571
     -1.28000      5.56418      5.56418
     -1.27000      5.19215      5.19215
     -1.26000      5.37320      5.37320
     -1.25000      5.34485      5.34485
     -1.24000      5.96756      5.96756
     -1.23000      6.79987      6.79987
     -1.22000      5.80658      5.80658
     -1.21000      5.04012      5.04012
     -1.20000      5.95622      5.95622
     -1.19000      6.63610      6.63610
     -1.18000      6.01780      6.01780
     -1.17000      5.38583      5.38583
     -1.16000      5.66897      5.66897
     -1.15000      6.03627      6.03627
     -1.14000      5.30789      5.30789
     -1.13000      5.34557      5.34557
     -1.12000      7.23129      7.23129
     -1.11000      7.50152      7.50152
     -1.10000      5.79299      5.79299
     -1.09000      4.40333      4.40333
     -1.08000      4.10487      4.10487
     -1.07000      5.43436      5.43436
     -1.06000      6.73630      6.73630
     -1.05000      6.48911      6.48911
     -1.04000      6.18521      6.18521
     -1.03000      6.16641      6.16641
     -1.02000      5.01754      5.01754
     -1.01000      3.70962      3.70962
     -1.00000      3.71958      3.71958
     -0.99000      3.67585      3.67585
     -0.98000      3.32890      3.32890
     -0.97000      4.01901      4.01901
     -0.96000      4.92491      4.92491
     -0.95000      5.53413      5.53413
     -0.94000      5.76613      5.76613
     -0.93000      4.65028      4.65028
     -0.92000      3.83742      3.83742
     -0.91000      3.66499      3.66499
     -0.90000      3.77222      3.77222
     -0.89000      3.98881      3.98881
     -0.88000      5.24050      5.24050
     -0.87000      6.06121      6.06121
     -0.86000      4.77345      4.77345
     -0.85000      2.59857      2.59857
     -0.84000      1.59651      1.59651
     -0.83000      1.96078      1.96078
     -0.82000      2.15556      2.15556
     -0.81000      2.72956      2.72956
     -0.80000      4.05374      4.05374
     -0.79000      4.67803      4.67803
     -0.78000      5.34162      5.34162
     -0.77000      6.17343      6.17343
     -0.76000      5.65334      5.65334
     -0.75000      5.67662      5.67662
     -0.74000      5.74752      5.74752
     -0.73000      5.73139      5.73139
     -0.72000      6.75520      6.75520
     -0.71000      6.34140      6.34140
     -0.70000      4.28639      4.28639
     -0.69000      2.31807      2.31807
     -0.68000      1.81129      1.81129
     -0.67000      3.22795      3.22795
     -0.66000      4.00978      4.00978
     -0.65000      2.91137      2.91137
     -0.64000      2.14690      2.14690
     -0.63000      2.06002      2.06002
     -0.62000      1.74138      1.74138
     -0.61000      2.69403      2.69403
     -0.60000      5.07109      5.07109
     -0.59000      5.60302      5.60302
     -0.58000      3.89272      3.89272
     -0.57000      3.34108      3.34108
     -0.56000      4.05621      4.05621
     -0.55000      3.91830      3.91830
     -0.54000      3.78054      3.78054
     -0.53000      5.07939      5.07939
     -0.52000      5.76170      5.76170
     -0.51000      4.82041      4.82041
     -0.50000      3.36051      3.36051
     -0.49000      2.00411      2.00411
     -0.48000      1.90487      1.90487
     -0.47000      2.49178      2.49178
     -0.46000      3.07747      3.07747
     -0.45000      2.87675      2.87675
     -0.44000      1.94919      1.94919
     -0.43000      1.11936      1.11936
     -0.42000      1.01728      1.01728
     -0.41000      1.58859      1.58859
     -0.40000      1.99993      1.99993
     -0.39000      2.34144      2.34144
     -0.38000      2.41757      2.41757
     -0.37000      2.33530      2.33530
     -0.36000      2.15200      2.15200
     -0.35000      1.61478      1.61478
     -0.34000      1.69726      1.69726
     -0.33000      2.72617      2.72617
     -0.32000      2.99071      2.99071
     -0.31000      2.64685      2.64685
     -0.30000      2.91882      2.91882
     -0.29000      3.01892      3.01892
     -0.28000      2.61628      2.61628
     -0.27000      1.75407      1.75407
     -0.26000      0.91599      0.91599
     -0.25000      0.55376      0.55376
     -0.24000      0.62463      0.62463
     -0.23000      1.20510      1.20510
     -0.22000      2.39378      2.39378
     -0.21000      3.27933      3.27933
     -0.20000      2.65067      2.65067
     -0.19000      1.81330      1.81330
     -0.18000      1.61728      1.61728
     -0.17000      2.01828      2.01828
     -0.16000      2.84991      2.84991
     -0.15000      3.39758      3.39758
     -0.14000      3.10459      3.10459
     -0.13000      2.18558      2.18558
     -0.12000      1.95018      1.95018
     -0.11000      2.56526      2.56526
     -0.10000      2.67574      2.67574
     -0.09000      2.35923      2.35923
     -0.08000      1.85257      1.85257
     -0.07000      1.15461      1.15461
     -0.06000      1.12322      1.12322
     -0.05000      1.45890      1.45890
     -0.04000      1.78446      1.78446
     -0.03000      1.55103      1.55103
     -0.02000      0.74040      0.74040
     -0.01000      0.49341      0.49341
      0.00000      0.63309      0.63309
      0.01000      0.40623      0.40623
      0.02000      0.23676      0.23676
      0.03000      0.31266      0.31266
      0.04000      0.22584      0.22584
      0.05000      0.06126      0.06126
      0.06000      0.00612      0.00612
      0.07000      0.00022      0.00022
      0.08000      0.00000      0.00000
      0.09000      0.00000      0.00000
      0.10000      0.00000      0.00000
      0.11000      0.00000      0.00000
      0.12000      0.00000      0.00000
      0.13000      0.00000      0.00000
      0.14000      0.00000      0.00000
      0.15000      0.00000      0.00000
      0.16000      0.00019      0.00019
      0.17000      0.00640      0.00640
      0.18000      0.08041      0.08041
      0.19000      0.37820      0.37820
      0.20000      0.70753      0.70753
      0.21000      0.64607      0.64607
      0.22000      0.38514      0.38514
      0.23000      0.21582      0.21582
      0.24000      0.49936      0.49936
      0.25000      1.21494      1.21494
      0.26000      1.77146      1.77146
      0.27000      1.86601      1.86601
      0.28000      1.90721      1.90721
      0.29000      2.36995      2.36995
      0.30000      2.93998      2.93998
      0.31000      2.98991      2.98991
      0.32000      2.19830      2.19830
      0.33000      1.51935      1.51935
      0.34000      2.15303      2.15303
      0.35000      3.27349      3.27349
      0.36000      3.23340      3.23340
      0.37000      1.85451      1.85451
      0.38000      0.66930      0.66930
      0.39000      0.77681      0.77681
      0.40000      1.69059      1.69059
      0.41000      2.26753      2.26753
      0.42000      2.96133      2.96133
      0.43000      4.17753      4.17753
      0.44000      4.04220      4.04220
      0.45000      2.57864      2.57864
      0.46000      1.35809      1.35809
      0.47000      1.14483      1.14483
      0.48000      1.64531      1.64531
      0.49000      3.79104      3.79104
      0.50000      6.28269      6.28269
      0.51000      5.57214      5.57214
      0.52000      3.38768      3.38768
      0.53000      2.60735      2.60735
      0.54000      2.44345      2.44345
      0.55000      2.43032      2.43032
      0.56000      2.74891      2.74891
      0.57000      2.72810      2.72810
      0.58000      2.94024      2.94024
      0.59000      4.57632      4.57632
      0.60000      5.76237      5.76237
      0.61000      4.78559      4.78559
      0.62000      3.22925      3.22925
      0.63000      2.82785      2.82785
      0.64000      4.11425      4.11425
      0.65000      5.84186      5.84186
      0.66000      5.77735      5.77735
      0.67000      5.60728      5.60728
      0.68000      6.15941      6.15941
      0.69000      6.19963      6.19963
      0.70000      6.36723      6.36723
      0.71000      6.25573      6.25573
      0.72000      4.51719      4.51719
      0.73000      2.99998      2.99998
      0.74000      2.97311      2.97311
      0.75000      3.44579      3.44579
      0.76000      3.32515      3.32515
      0.77000      4.23531      4.23531
      0.78000      7.03598      7.03598
      0.79000      7.99787      7.99787
      0.80000      6.06575      6.06575
      0.81000      4.22712      4.22712
      0.82000      2.95702      2.95702
      0.83000      2.57297      2.57297
      0.84000      3.30466      3.30466
      0.85000      3.46819      3.46819
      0.86000      2.97775      2.97775
      0.87000      2.68158      2.68158
      0.88000      3.60605      3.60605
      0.89000      5.29052      5.29052
      0.90000      5.93893      5.93893
      0.91000      5.56005      5.56005
      0.92000      5.35435      5.35435
      0.93000      4.52770      4.52770
      0.94000      3.02000      3.02000
      0.95000      2.11082      2.11082
      0.96000      1.98890      1.98890
      0.97000      2.10675      2.10675
      0.98000      2.30812      2.30812
      0.99000      2.84014      2.84014
      1.00000      2.83127      2.83127
      1.01000      3.47592      3.47592
      1.02000      4.48817      4.48817
      1.03000      3.98565      3.98565
      1.04000      3.43684      3.43684
      1.05000      3.27872      3.27872
      1.06000      3.72192      3.72192
      1.07000      4.97024      4.97024
      1.08000      6.21007      6.21007
      1.09000      6.66335      6.66335
      1.10000      6.18409      6.18409
      1.11000      5.22445      5.22445
      1.12000      4.41165      4.41165
      1.13000      4.14293      4.14293
      1.14000      4.75203      4.75203
      1.15000      4.93602      4.93602
      1.16000      3.73212      3.73212
      1.17000      2.61961      2.61961
      1.18000      2.42523      2.42523
      1.19000      2.35659      2.35659
      1.20000      2.28605      2.28605
      1.21000      2.80807      2.80807
      1.22000      3.89461      3.89461
      1.23000      4.37621      4.37621
      1.24000      3.71581      3.71581
      1.25000      2.63733      2.63733
      1.26000      2.25873      2.25873
      1.27000      2.59082      2.59082
      1.28000      3.11805      3.11805
      1.29000      3.88246      3.88246
      1.30000      3.92702      3.92702
      1.31000      2.78063      2.78063
      1.32000      2.09062      2.09062
      1.33000      2.31913      2.31913
      1.34000      3.16922      3.16922
      1.35000      4.35469      4.35469
      1.36000      4.13739      4.13739
      1.37000      3.13755      3.13755
      1.38000      2.65213      2.65213
      1.39000      2.59771      2.59771
      1.40000      3.04654      3.04654
      1.41000      4.12729      4.12729
      1.42000      5.32285      5.32285
      1.43000      5.03683      5.03683
      1.44000      3.66805      3.66805
      1.45000      3.78055      3.78055
      1.46000      5.73869      5.73869
      1.47000      6.91018      6.91018
      1.48000      5.26780      5.26780
      1.49000      3.91250      3.91250
      1.50000      3.30782      3.30782
      1.51000      2.16496      2.16496
      1.52000      2.15603      2.15603
      1.53000      2.69111      2.69111
      1.54000      3.82104      3.82104
      1.55000      5.67320      5.67320
      1.56000      6.10817      6.10817
      1.57000      5.59237      5.59237
      1.58000      5.75373      5.75373
      1.59000      6.31810      6.31810
      1.60000      5.39739      5.39739
      1.61000      3.27997      3.27997
      1.62000      2.65723      2.65723
      1.63000      3.35539      3.35539
      1.64000      3.47544      3.47544
      1.65000      3.87779      3.87779
      1.66000      4.14338      4.14338
      1.67000      3.32771      3.32771
      1.68000      3.20614      3.20614
      1.69000      3.90065      3.90065
      1.70000      4.45924      4.45924
      1.71000      4.80634      4.80634
      1.72000      4.67120      4.67120
      1.73000      3.29562      3.29562
      1.74000      2.00975      2.00975
      1.75000      2.38722      2.38722
      1.76000      4.11065      4.11065
      1.77000      5.31367      5.31367
      1.78000      4.97881      4.97881
      1.79000      4.91268      4.91268
      1.80000      4.87065      4.87065
      1.81000      4.24244      4.24244
      1.82000      3.95695      3.95695
      1.83000      3.41951      3.41951
      1.84000      3.25080      3.25080
      1.85000      4.45820      4.45820
      1.86000      5.50069      5.50069
      1.87000      4.98402      4.98402
      1.88000      3.36756      3.36756
      1.89000      1.91124      1.91124
      1.90000      1.32191      1.32191
      1.91000      1.09154      1.09154
      1.92000      1.71910      1.71910
      1.93000      3.27169      3.27169
      1.94000      4.80486      4.80486
      1.95000      6.18888      6.18888
      1.96000      5.89028      5.89028
      1.97000      4.64496      4.64496
      1.98000      4.35611      4.35611
      1.99000      5.09041      5.09041
      2.00000      5.00046      5.00046
      2.01000      4.43300      4.43300
      2.02000      3.61008      3.61008
      2.03000      2.87571      2.87571
      2.04000      2.61245      2.61245
      2.05000      2.59142      2.59142
      2.06000      2.90768      2.90768
      2.07000      3.13482      3.13482
      2.08000      3.07344      3.07344
      2.09000      3.10718      3.10718
      2.10000      3.69426      3.69426
      2.11000      3.70143      3.70143
      2.12000      3.70788      3.70788
      2.13000      4.67890      4.67890
      2.14000      5.38370      5.38370
      2.15000      5.59172      5.59172
      2.16000      5.28745      5.28745
      2.17000      4.91645      4.91645
      2.18000      3.53352      3.53352
      2.19000      1.69965      1.69965
      2.20000      1.22876      1.22876
      2.21000      2.20811      2.20811
      2.22000      4.35855      4.35855
      2.23000      6.42689      6.42689
      2.24000      6.33757      6.33757
      2.25000      4.40573      4.40573
      2.26000      3.44132      3.44132
      2.27000      2.89589      2.89589
      2.28000      2.09309      2.09309
      2.29000      3.05574      3.05574
      2.30000      4.83668      4.83668
      2.31000      5.82816      5.82816
      2.32000      6.03110      6.03110
      2.33000      4.41784      4.41784
      2.34000      3.26788      3.26788
      2.35000      4.27415      4.27415
      2.36000      5.55290      5.55290
      2.37000      5.59791      5.59791
      2.38000      4.82334      4.82334
      2.39000      4.08575      4.08575
      2.40000      3.93616      3.93616
      2.41000      4.56870      4.56870
      2.42000      4.50886      4.50886
      2.43000      3.62235      3.62235
      2.44000      2.49656      2.49656
      2.45000      1.62186      1.62186
      2.46000      1.80523      1.80523
      2.47000      2.62868      2.62868
      2.48000      3.66848      3.66848
      2.49000      4.30903      4.30903
      2.50000      4.50277      4.50277
      2.51000      4.20167      4.20167
      2.52000      3.27796      3.27796
      2.53000      2.67924      2.67924
      2.54000      3.33617      3.33617
      2.55000      5.17384      5.17384
      2.56000      7.33215      7.33215
      2.57000      7.94893      7.94893
      2.58000      6.01878      6.01878
      2.59000      4.71040      4.71040
      2.60000      5.87415      5.87415
      2.61000      7.34897      7.34897
      2.62000      6.83428      6.83428
      2.63000      5.21220      5.21220
      2.64000      4.81188      4.81188
      2.65000      5.60907      5.60907
      2.66000      6.76508      6.76508
      2.67000      7.08617      7.08617
      2.68000      6.72656      6.72656
      2.69000      6.12384      6.12384
      2.70000      5.84036      5.84036
      2.71000      6.19275      6.19275
      2.72000      6.69698      6.69698
      2.73000      6.19111      6.19111
      2.74000      3.71565      3.71565
      2.75000      1.77107      1.77107
      2.76000      1.51583      1.51583
      2.77000      1.69122      1.69122
      2.78000      2.32235      2.32235
      2.79000      3.15858      3.15858
      2.80000      4.13150      4.13150
      2.81000      4.74024      4.74024
      2.82000      5.07800      5.07800
      2.83000      6.33683      6.33683
      2.84000      7.31802      7.31802
      2.85000      6.72998      6.72998
      2.86000      5.51120      5.51120
      2.87000      5.16677      5.16677
      2.88000      5.35291      5.35291
      2.89000      5.57172      5.57172
      2.90000      5.99841      5.99841
      2.91000      6.44085      6.44085
      2.92000      6.93861      6.93861
      2.93000      6.61493      6.61493
      2.94000      5.24629      5.24629
      2.95000      3.30006      3.30006
      2.96000      2.27613      2.27613
      2.97000      2.64905      2.64905
      2.98000      3.66734      3.66734
      2.99000      4.76073      4.76073
      3.00000      4.64216      4.64216
      3.01000      3.99637      3.99637
      3.02000      3.96980      3.96980
      3.03000      4.07615      4.07615
      3.04000      4.53786      4.53786
      3.05000      5.33335      5.33335
      3.06000      5.19521      5.19521
      3.07000      4.20278      4.20278
      3.08000      2.49702      2.49702
      3.09000      1.43970      1.43970
      3.10000      1.85382      1.85382
      3.11000      2.89948      2.89948
      3.12000      4.05837      4.05837
      3.13000      4.06020      4.06020
      3.14000      3.52823      3.52823
      3.15000      4.07045      4.07045
      3.16000      4.42816      4.42816
      3.17000      3.19171      3.19171
      3.18000      2.42442      2.42442
      3.19000      3.08888      3.08888
      3.20000      3.43267      3.43267
      3.21000      3.43561      3.43561
      3.22000      4.22481      4.22481
      3.23000      4.46355      4.46355
      3.24000      3.55928      3.55928
      3.25000      2.99321      2.99321
      3.26000      2.98646      2.98646
      3.27000      3.48190      3.48190
      3.28000      4.25349      4.25349
      3.29000      4.24808      4.24808
      3.30000      3.62890      3.62890
      3.31000      4.19657      4.19657
      3.32000      4.66863      4.66863
      3.33000      4.12958      4.12958
      3.34000      4.73865      4.73865
      3.35000      5.51755      5.51755
      3.36000      3.94657      3.94657
      3.37000      1.46996      1.46996
      3.38000      0.83103      0.83103
      3.39000      1.68611      1.68611
      3.40000      2.63446      2.63446
      3.41000      3.17999      3.17999
      3.42000      4.30410      4.30410
      3.43000      5.19424      5.19424
      3.44000      4.53602      4.53602
      3.45000      3.68654      3.68654
      3.46000      2.78004      2.78004
      3.47000      2.48573      2.48573
      3.48000      4.48463      4.48463
      3.49000      6.16576      6.16576
      3.50000      6.39600      6.39600
      3.51000      6.32151      6.32151
      3.52000      5.44151      5.44151
      3.53000      4.69174      4.69174
      3.54000      4.93058      4.93058
      3.55000      5.96517      5.96517
      3.56000      7.03990      7.03990
      3.57000      7.71937      7.71937
      3.58000      8.11290      8.11290
      3.59000      7.39980      7.39980
      3.60000      5.45580      5.45580
      3.61000      3.78930      3.78930
      3.62000      3.07226      3.07226
      3.63000      2.88287      2.88287
      3.64000      2.44827      2.44827
      3.65000      1.98214      1.98214
      3.66000      2.36712      2.36712
      3.67000      3.08885      3.08885
      3.68000      3.73111      3.73111
      3.69000      4.84486      4.84486
      3.70000      5.46924      5.46924
      3.71000      5.48987      5.48987
      3.72000      5.27946      5.27946
      3.73000      4.39548      4.39548
      3.74000      3.15611      3.15611
      3.75000      2.40900      2.40900
      3.76000      2.85639      2.85639
      3.77000      3.54218      3.54218
      3.78000      3.11121      3.11121
      3.79000      2.59725      2.59725
      3.80000      2.64228      2.64228
      3.81000      3.15455      3.15455
      3.82000      3.99822      3.99822
      3.83000      5.29950      5.29950
      3.84000      6.63551      6.63551
      3.85000      7.24346      7.24346
      3.86000      6.30247      6.30247
      3.87000      4.53832      4.53832
      3.88000      3.16702      3.16702
      3.89000      2.53517      2.53517
      3.90000      2.39838      2.39838
      3.91000      2.55030      2.55030
      3.92000      2.14521      2.14521
      3.93000      1.32255      1.32255
      3.94000      1.38261      1.38261
      3.95000      2.43187      2.43187
      3.96000      3.20891      3.20891
      3.97000      3.44807      3.44807
      3.98000      3.46371      3.46371
      3.99000      3.18693      3.18693
      4.00000      3.28939      3.28939
      4.01000      3.60206      3.60206
      4.02000      3.72423      3.72423
      4.03000      3.60602      3.60602
      4.04000      3.54186      3.54186
      4.05000      3.55215      3.55215
      4.06000      2.60973      2.60973
      4.07000      1.51068      1.51068
      4.08000      1.67083      1.67083
      4.09000      2.43757      2.43757
      4.10000      2.81337      2.81337
      4.11000      3.28065      3.28065
      4.12000      3.62761      3.62761
      4.13000      3.77789      3.77789
      4.14000      3.78501      3.78501
      4.15000      3.58943      3.58943
      4.16000      3.40813      3.40813
      4.17000      2.85398      2.85398
      4.18000      2.89397      2.89397
      4.19000      3.11226      3.11226
      4.20000      2.41029      2.41029
      4.21000      1.96915      1.96915
      4.22000      2.79742      2.79742
      4.23000      3.59372      3.59372
      4.24000      2.77035      2.77035
      4.25000      1.30262      1.30262
      4.26000      0.90144      0.90144
      4.27000      1.45669      1.45669
      4.28000      2.25592      2.25592
      4.29000      3.04990      3.04990
      4.30000      3.65517      3.65517
      4.31000      3.46294      3.46294
      4.32000      2.59334      2.59334
      4.33000      2.34219      2.34219
      4.34000      2.82423      2.82423
      4.35000      2.82818      2.82818
      4.36000      2.38176      2.38176
      4.37000      2.07224      2.07224
      4.38000      2.75208      2.75208
      4.39000      2.83299      2.83299
      4.40000      1.80508      1.80508
      4.41000      1.15944      1.15944
      4.42000      1.66969      1.66969
      4.43000      2.98878      2.98878
      4.44000      3.97528      3.97528
      4.45000      5.34570      5.34570
      4.46000      5.17084      5.17084
      4.47000      2.97409      2.97409
      4.48000      1.89171      1.89171
      4.49000      2.25820      2.25820
      4.50000      2.50870      2.50870
      4.51000      2.37658      2.37658
      4.52000      2.40559      2.40559
      4.53000      2.51294      2.51294
      4.54000      3.37069      3.37069
      4.55000      4.60351      4.60351
      4.56000      4.39035      4.39035
      4.57000      3.66043      3.66043
      4.58000      3.63464      3.63464
      4.59000      3.44206      3.44206
      4.60000      2.95521      2.95521
      4.61000      3.46666      3.46666
      4.62000      4.16025      4.16025
      4.63000      4.26471      4.26471
      4.64000      4.35126      4.35126
      4.65000      4.52200      4.52200
      4.66000      4.95335      4.95335
      4.67000      5.53679      5.53679
      4.68000      5.87011      5.87011
      4.69000      5.10892      5.10892
      4.70000      3.15522      3.15522
      4.71000      1.53158      1.53158
      4.72000      1.31720      1.31720
      4.73000      3.26952      3.26952
      4.74000      6.01225      6.01225
      4.75000      7.57089      7.57089
      4.76000      7.12273      7.12273
      4.77000      5.58216      5.58216
      4.78000      4.83529      4.83529
      4.79000      4.88274      4.88274
      4.80000      5.53058      5.53058
      4.81000      5.44155      5.44155
      4.82000      4.84063      4.84063
      4.83000      5.13532      5.13532
      4.84000      5.53627      5.53627
      4.85000      5.17508      5.17508
      4.86000      4.29448      4.29448
      4.87000      4.81973      4.81973
      4.88000      6.48632      6.48632
      4.89000      7.80745      7.80745
      4.90000      8.57263      8.57263
      4.91000      7.86615      7.86615
