Energy-E_F (eV)    DOS (1/eV)    PDOS (1/eV)  of atom type Bi 
     -4.76184      0.00000      0.00000
     -4.75184      0.00000      0.00000
     -4.74184      0.00000      0.00000
     -4.73184      0.00000      0.00000
     -4.72184      0.00000      0.00000
     -4.71184      0.00000      0.00000
     -4.70184      0.00000      0.00000
     -4.69184      0.00000      0.00000
     -4.68184      0.00000      0.00000
     -4.67184      0.00000      0.00000
     -4.66184      0.00000      0.00000
     -4.65184      0.00000      0.00000
     -4.64184      0.00000      0.00000
     -4.63184      0.00000      0.00000
     -4.62184      0.00000      0.00000
     -4.61184      0.00000      0.00000
     -4.60184      0.00000      0.00000
     -4.59184      0.00000      0.00000
     -4.58184      0.00000      0.00000
     -4.57184      0.00000      0.00000
     -4.56184      0.00000      0.00000
     -4.55184      0.00000      0.00000
     -4.54184      0.00000      0.00000
     -4.53184      0.00000      0.00000
     -4.52184      0.00000      0.00000
     -4.51184      0.00000      0.00000
     -4.50184      0.00000      0.00000
     -4.49184      0.00000      0.00000
     -4.48184      0.00000      0.00000
     -4.47184      0.00000      0.00000
     -4.46184      0.00000      0.00000
     -4.45184      0.00000      0.00000
     -4.44184      0.00000      0.00000
     -4.43184      0.00000      0.00000
     -4.42184      0.00000      0.00000
     -4.41184      0.00000      0.00000
     -4.40184      0.00000      0.00000
     -4.39184      0.00000      0.00000
     -4.38184      0.00000      0.00000
     -4.37184      0.00000      0.00000
     -4.36184      0.00000      0.00000
     -4.35184      0.00000      0.00000
     -4.34184      0.00000      0.00000
     -4.33184      0.00000      0.00000
     -4.32184      0.00000      0.00000
     -4.31184      0.00000      0.00000
     -4.30184      0.00000      0.00000
     -4.29184      0.00000      0.00000
     -4.28184      0.00000      0.00000
     -4.27184      0.00000      0.00000
     -4.26184      0.00000      0.00000
     -4.25184      0.00034      0.00000
     -4.24184      0.01288      0.00000
     -4.23184      0.18650      0.00000
     -4.22184      1.09044      0.00000
     -4.21184      2.82360      0.00000
     -4.20184      3.91484      0.00000
     -4.19184      3.85334      0.00000
     -4.18184      3.09223      0.00000
     -4.17184      1.77595      0.00000
     -4.16184      1.14877      0.00000
     -4.15184      2.29641      0.00000
     -4.14184      3.75976      0.00000
     -4.13184      3.78277      0.00000
     -4.12184      2.76609      0.00000
     -4.11184      3.06490      0.00000
     -4.10184      4.67089      0.00000
     -4.09184      5.34968      0.00000
     -4.08184      4.44756      0.00000
     -4.07184      2.55831      0.00000
     -4.06184      0.84095      0.00000
     -4.05184      0.26131      0.00000
     -4.04184      0.96197      0.00000
     -4.03184      2.71246      0.00000
     -4.02184      3.90247      0.00000
     -4.01184      4.88187      0.00000
     -4.00184      7.15593      0.00000
     -3.99184      7.67010      0.00000
     -3.98184      4.36623      0.00000
     -3.97184      2.42635      0.00000
     -3.96184      4.79800      0.00000
     -3.95184      7.19450      0.00000
     -3.94184      5.47796      0.00000
     -3.93184      3.57645      0.00000
     -3.92184      4.42423      0.00000
     -3.91184      5.95010      0.00000
     -3.90184      5.65359      0.00000
     -3.89184      4.15799      0.00000
     -3.88184      2.79772      0.00000
     -3.87184      4.08840      0.00000
     -3.86184      7.42889      0.00000
     -3.85184      7.28980      0.00000
     -3.84184      5.25256      0.00000
     -3.83184      6.21581      0.00000
     -3.82184      7.29718      0.00000
     -3.81184      5.86299      0.00000
     -3.80184      4.62794      0.00000
     -3.79184      4.70130      0.00000
     -3.78184      4.24586      0.00000
     -3.77184      4.43593      0.00000
     -3.76184      6.87683      0.00000
     -3.75184      9.59083      0.00000
     -3.74184     10.03732      0.00000
     -3.73184      8.08016      0.00000
     -3.72184      4.84970      0.00000
     -3.71184      3.54315      0.00000
     -3.70184      3.83411      0.00000
     -3.69184      2.89607      0.00000
     -3.68184      3.07688      0.00000
     -3.67184      4.37380      0.00000
     -3.66184      5.86857      0.00000
     -3.65184      8.15938      0.00000
     -3.64184      8.02996      0.00000
     -3.63184      5.77685      0.00000
     -3.62184      4.66207      0.00000
     -3.61184      4.00865      0.00000
     -3.60184      3.80602      0.00000
     -3.59184      4.22099      0.00000
     -3.58184      3.91894      0.00000
     -3.57184      4.10082      0.00000
     -3.56184      4.97680      0.00000
     -3.55184      5.03260      0.00000
     -3.54184      5.85710      0.00000
     -3.53184      6.99553      0.00000
     -3.52184      7.23953      0.00000
     -3.51184      7.74580      0.00000
     -3.50184      5.98273      0.00000
     -3.49184      4.16575      0.00000
     -3.48184      5.22411      0.00000
     -3.47184      6.49166      0.00000
     -3.46184      5.01334      0.00000
     -3.45184      3.67282      0.00000
     -3.44184      4.69890      0.00000
     -3.43184      6.07661      0.00000
     -3.42184      5.38185      0.00000
     -3.41184      4.62728      0.00000
     -3.40184      3.93892      0.00000
     -3.39184      2.82632      0.00000
     -3.38184      3.34885      0.00000
     -3.37184      4.93845      0.00000
     -3.36184      7.59285      0.00000
     -3.35184      9.92633      0.00000
     -3.34184      9.57714      0.00000
     -3.33184      9.58505      0.00000
     -3.32184      8.66809      0.00000
     -3.31184      6.86917      0.00000
     -3.30184      7.87905      0.00000
     -3.29184      8.59166      0.00000
     -3.28184      8.35793      0.00000
     -3.27184      8.33841      0.00000
     -3.26184      6.95745      0.00000
     -3.25184      6.32067      0.00000
     -3.24184      6.24680      0.00000
     -3.23184      5.66452      0.00000
     -3.22184      5.62002      0.00000
     -3.21184      5.80903      0.00000
     -3.20184      6.38064      0.00000
     -3.19184      7.23819      0.00000
     -3.18184      6.00104      0.00000
     -3.17184      3.32955      0.00000
     -3.16184      4.35375      0.00000
     -3.15184      9.29992      0.00000
     -3.14184     11.72792      0.00000
     -3.13184     10.38644      0.00000
     -3.12184      8.16280      0.00000
     -3.11184      6.42309      0.00000
     -3.10184      6.54253      0.00000
     -3.09184      7.89244      0.00000
     -3.08184      8.62384      0.00000
     -3.07184      8.08612      0.00000
     -3.06184      6.41926      0.00000
     -3.05184      5.65597      0.00000
     -3.04184      7.75260      0.00000
     -3.03184     10.00298      0.00000
     -3.02184      9.80762      0.00000
     -3.01184      7.49970      0.00000
     -3.00184      4.55516      0.00000
     -2.99184      3.93560      0.00000
     -2.98184      5.59785      0.00000
     -2.97184      7.62921      0.00000
     -2.96184      7.99086      0.00000
     -2.95184      6.03976      0.00000
     -2.94184      5.81978      0.00000
     -2.93184      7.80257      0.00000
     -2.92184      9.50534      0.00000
     -2.91184     10.50730      0.00000
     -2.90184      9.29909      0.00000
     -2.89184      8.84497      0.00000
     -2.88184     10.42346      0.00000
     -2.87184      9.86654      0.00000
     -2.86184      8.40505      0.00000
     -2.85184      6.31421      0.00000
     -2.84184      6.09196      0.00000
     -2.83184      8.34019      0.00000
     -2.82184     10.70128      0.00000
     -2.81184     13.19863      0.00000
     -2.80184     13.40899      0.00000
     -2.79184     12.27551      0.00000
     -2.78184     11.81801      0.00000
     -2.77184     10.61529      0.00000
     -2.76184      8.39631      0.00000
     -2.75184      9.04606      0.00000
     -2.74184     12.77862      0.00000
     -2.73184     14.79693      0.00000
     -2.72184     13.39360      0.00000
     -2.71184     12.59754      0.00000
     -2.70184     13.98035      0.00000
     -2.69184     15.79280      0.00000
     -2.68184     16.45557      0.00000
     -2.67184     15.17840      0.00000
     -2.66184     13.47169      0.00000
     -2.65184     13.38470      0.00000
     -2.64184     12.84505      0.00000
     -2.63184     11.79413      0.00000
     -2.62184     12.66930      0.00000
     -2.61184     13.42542      0.00000
     -2.60184     11.67868      0.00000
     -2.59184      9.44205      0.00000
     -2.58184      8.19002      0.00000
     -2.57184      8.06387      0.00000
     -2.56184     10.43634      0.00000
     -2.55184     14.84434      0.00000
     -2.54184     15.78441      0.00000
     -2.53184     14.18848      0.00000
     -2.52184     13.96322      0.00000
     -2.51184     11.78468      0.00000
     -2.50184      8.94760      0.00000
     -2.49184     10.45511      0.00000
     -2.48184     11.90344      0.00000
     -2.47184      9.20847      0.00000
     -2.46184      7.80779      0.00000
     -2.45184     10.07042      0.00000
     -2.44184     10.98346      0.00000
     -2.43184     10.00044      0.00000
     -2.42184      9.04377      0.00000
     -2.41184     10.28133      0.00000
     -2.40184     11.47527      0.00000
     -2.39184     11.73709      0.00000
     -2.38184     10.60508      0.00000
     -2.37184      7.67903      0.00000
     -2.36184      6.26843      0.00000
     -2.35184      6.94580      0.00000
     -2.34184      6.58631      0.00000
     -2.33184      5.76831      0.00000
     -2.32184      6.21587      0.00000
     -2.31184      8.27843      0.00000
     -2.30184     10.29662      0.00000
     -2.29184     11.26259      0.00000
     -2.28184     12.05633      0.00000
     -2.27184     11.86428      0.00000
     -2.26184      9.51881      0.00000
     -2.25184      7.64730      0.00000
     -2.24184      9.02750      0.00000
     -2.23184      9.79196      0.00000
     -2.22184      7.58802      0.00000
     -2.21184      7.15352      0.00000
     -2.20184      9.55186      0.00000
     -2.19184     10.01178      0.00000
     -2.18184      7.78016      0.00000
     -2.17184      7.81768      0.00000
     -2.16184     11.59267      0.00000
     -2.15184     14.94344      0.00000
     -2.14184     14.76623      0.00000
     -2.13184     12.43756      0.00000
     -2.12184     10.19510      0.00000
     -2.11184      7.92405      0.00000
     -2.10184      7.18992      0.00000
     -2.09184     10.88304      0.00000
     -2.08184     14.38677      0.00000
     -2.07184     12.39768      0.00000
     -2.06184     10.31734      0.00000
     -2.05184     10.09330      0.00000
     -2.04184      8.89356      0.00000
     -2.03184      9.02202      0.00000
     -2.02184      9.83817      0.00000
     -2.01184      9.61300      0.00000
     -2.00184      9.98401      0.00000
     -1.99184     11.11849      0.00000
     -1.98184     11.80083      0.00000
     -1.97184     11.53668      0.00000
     -1.96184     14.28758      0.00000
     -1.95184     18.45092      0.00000
     -1.94184     18.63297      0.00000
     -1.93184     13.80294      0.00000
     -1.92184      9.19006      0.00000
     -1.91184      7.75365      0.00000
     -1.90184      9.42730      0.00000
     -1.89184     10.98753      0.00000
     -1.88184      9.45379      0.00000
     -1.87184      6.65721      0.00000
     -1.86184      6.19189      0.00000
     -1.85184      8.35260      0.00000
     -1.84184     12.68311      0.00000
     -1.83184     14.87050      0.00000
     -1.82184     11.75888      0.00000
     -1.81184      9.74004      0.00000
     -1.80184      9.59444      0.00000
     -1.79184     10.70212      0.00000
     -1.78184     11.95658      0.00000
     -1.77184     12.69469      0.00000
     -1.76184     12.44717      0.00000
     -1.75184     10.28454      0.00000
     -1.74184     10.04196      0.00000
     -1.73184     13.25617      0.00000
     -1.72184     17.06022      0.00000
     -1.71184     19.31108      0.00000
     -1.70184     18.72857      0.00000
     -1.69184     15.27882      0.00000
     -1.68184     13.35580      0.00000
     -1.67184     13.25628      0.00000
     -1.66184     12.94237      0.00000
     -1.65184     12.05381      0.00000
     -1.64184     11.56183      0.00000
     -1.63184     13.12275      0.00000
     -1.62184     13.24778      0.00000
     -1.61184     11.15344      0.00000
     -1.60184      9.49799      0.00000
     -1.59184     10.98122      0.00000
     -1.58184     11.73039      0.00000
     -1.57184      9.75219      0.00000
     -1.56184      8.56619      0.00000
     -1.55184      8.68326      0.00000
     -1.54184      8.64138      0.00000
     -1.53184      8.59078      0.00000
     -1.52184      7.67715      0.00000
     -1.51184      6.41040      0.00000
     -1.50184      5.84309      0.00000
     -1.49184      4.67706      0.00000
     -1.48184      5.70650      0.00000
     -1.47184      8.43688      0.00000
     -1.46184      8.85884      0.00000
     -1.45184      8.71842      0.00000
     -1.44184     10.10113      0.00000
     -1.43184     11.88150      0.00000
     -1.42184     12.45570      0.00000
     -1.41184     11.25174      0.00000
     -1.40184     10.56965      0.00000
     -1.39184     10.19674      0.00000
     -1.38184      7.84158      0.00000
     -1.37184      5.22473      0.00000
     -1.36184      4.52000      0.00000
     -1.35184      4.52507      0.00000
     -1.34184      4.33531      0.00000
     -1.33184      6.01926      0.00000
     -1.32184      9.84308      0.00000
     -1.31184     12.32612      0.00000
     -1.30184     11.11727      0.00000
     -1.29184     10.10495      0.00000
     -1.28184     11.06639      0.00000
     -1.27184     11.25021      0.00000
     -1.26184      9.56617      0.00000
     -1.25184      9.07146      0.00000
     -1.24184      9.48608      0.00000
     -1.23184     10.66336      0.00000
     -1.22184     10.88537      0.00000
     -1.21184      8.40398      0.00000
     -1.20184      6.34245      0.00000
     -1.19184      6.21375      0.00000
     -1.18184      7.85063      0.00000
     -1.17184     12.65398      0.00000
     -1.16184     15.19370      0.00000
     -1.15184     12.54995      0.00000
     -1.14184     11.37329      0.00000
     -1.13184     13.76003      0.00000
     -1.12184     14.22144      0.00000
     -1.11184     10.92385      0.00000
     -1.10184      8.49302      0.00000
     -1.09184      8.74443      0.00000
     -1.08184      8.71851      0.00000
     -1.07184      9.25173      0.00000
     -1.06184     10.47307      0.00000
     -1.05184     10.66532      0.00000
     -1.04184     10.13752      0.00000
     -1.03184     10.52162      0.00000
     -1.02184     11.88729      0.00000
     -1.01184     12.50249      0.00000
     -1.00184     10.94267      0.00000
     -0.99184     10.10127      0.00000
     -0.98184     11.02808      0.00000
     -0.97184     10.42793      0.00000
     -0.96184      8.25469      0.00000
     -0.95184      8.10820      0.00000
     -0.94184     11.11094      0.00000
     -0.93184     13.11908      0.00000
     -0.92184     13.19098      0.00000
     -0.91184     13.72979      0.00000
     -0.90184     14.59008      0.00000
     -0.89184     14.97307      0.00000
     -0.88184     13.36167      0.00000
     -0.87184     12.17313      0.00000
     -0.86184     10.85433      0.00000
     -0.85184      8.88596      0.00000
     -0.84184      7.75839      0.00000
     -0.83184      8.57877      0.00000
     -0.82184      9.99989      0.00000
     -0.81184     10.31782      0.00000
     -0.80184     10.59163      0.00000
     -0.79184     11.82583      0.00000
     -0.78184     12.46092      0.00000
     -0.77184     13.54703      0.00000
     -0.76184     14.35065      0.00000
     -0.75184     13.04761      0.00000
     -0.74184     11.27125      0.00000
     -0.73184     11.64410      0.00000
     -0.72184     10.90762      0.00000
     -0.71184      7.21198      0.00000
     -0.70184      4.74944      0.00000
     -0.69184      4.88055      0.00000
     -0.68184      6.17105      0.00000
     -0.67184      8.60699      0.00000
     -0.66184     11.76714      0.00000
     -0.65184     13.43040      0.00000
     -0.64184     11.73230      0.00000
     -0.63184      9.20344      0.00000
     -0.62184      7.46427      0.00000
     -0.61184      7.09731      0.00000
     -0.60184      8.57453      0.00000
     -0.59184     11.19754      0.00000
     -0.58184     12.16754      0.00000
     -0.57184      9.38717      0.00000
     -0.56184      7.61627      0.00000
     -0.55184      9.06597      0.00000
     -0.54184     11.02438      0.00000
     -0.53184      9.72701      0.00000
     -0.52184      5.99642      0.00000
     -0.51184      3.58651      0.00000
     -0.50184      3.61181      0.00000
     -0.49184      5.27675      0.00000
     -0.48184      6.99547      0.00000
     -0.47184      7.22658      0.00000
     -0.46184      7.72962      0.00000
     -0.45184      9.98246      0.00000
     -0.44184     11.78202      0.00000
     -0.43184     11.29996      0.00000
     -0.42184      9.34965      0.00000
     -0.41184      9.09741      0.00000
     -0.40184     10.30536      0.00000
     -0.39184      9.90393      0.00000
     -0.38184      8.57106      0.00000
     -0.37184      8.05302      0.00000
     -0.36184      7.32605      0.00000
     -0.35184      5.80996      0.00000
     -0.34184      4.91732      0.00000
     -0.33184      5.15219      0.00000
     -0.32184      5.48111      0.00000
     -0.31184      5.71469      0.00000
     -0.30184      5.60604      0.00000
     -0.29184      5.09404      0.00000
     -0.28184      5.10385      0.00000
     -0.27184      5.12704      0.00000
     -0.26184      4.54637      0.00000
     -0.25184      4.06639      0.00000
     -0.24184      4.55290      0.00000
     -0.23184      6.53065      0.00000
     -0.22184      7.89240      0.00000
     -0.21184      7.89464      0.00000
     -0.20184      6.55061      0.00000
     -0.19184      5.95916      0.00000
     -0.18184      8.52043      0.00000
     -0.17184      8.32660      0.00000
     -0.16184      6.30893      0.00000
     -0.15184      5.97487      0.00000
     -0.14184      6.09871      0.00000
     -0.13184      7.06166      0.00000
     -0.12184      7.10652      0.00000
     -0.11184      6.87367      0.00000
     -0.10184      7.59272      0.00000
     -0.09184      6.74263      0.00000
     -0.08184      5.77681      0.00000
     -0.07184      6.20424      0.00000
     -0.06184      6.43600      0.00000
     -0.05184      6.52118      0.00000
     -0.04184      4.99742      0.00000
     -0.03184      2.54488      0.00000
     -0.02184      1.21823      0.00000
     -0.01184      0.95431      0.00000
     -0.00184      0.83463      0.00000
      0.00816      0.47784      0.00000
      0.01816      0.12153      0.00000
      0.02816      0.01187      0.00000
      0.03816      0.00043      0.00000
      0.04816      0.00001      0.00000
      0.05816      0.00000      0.00000
      0.06816      0.00034      0.00000
      0.07816      0.00987      0.00000
      0.08816      0.10661      0.00000
      0.09816      0.42348      0.00000
      0.10816      0.61882      0.00000
      0.11816      0.33266      0.00000
      0.12816      0.06579      0.00000
      0.13816      0.00479      0.00000
      0.14816      0.00015      0.00000
      0.15816      0.00138      0.00000
      0.16816      0.02769      0.00000
      0.17816      0.20370      0.00000
      0.18816      0.55130      0.00000
      0.19816      0.54890      0.00000
      0.20816      0.20105      0.00000
      0.21816      0.02709      0.00000
      0.22816      0.00146      0.00000
      0.23816      0.00440      0.00000
      0.24816      0.06190      0.00000
      0.25816      0.32208      0.00000
      0.26816      0.61726      0.00000
      0.27816      0.45291      0.00000
      0.28816      0.27348      0.00000
      0.29816      0.51691      0.00000
      0.30816      0.58590      0.00000
      0.31816      0.25549      0.00000
      0.32816      0.11973      0.00000
      0.33816      0.37212      0.00000
      0.34816      0.62325      0.00000
      0.35816      0.38628      0.00000
      0.36816      0.08814      0.00000
      0.37816      0.00989      0.00000
      0.38816      0.04231      0.00000
      0.39816      0.26022      0.00000
      0.40816      0.59189      0.00000
      0.41816      0.49530      0.00000
      0.42816      0.15344      0.00000
      0.43816      0.04483      0.00000
      0.44816      0.30991      0.00000
      0.45816      1.42615      0.00000
      0.46816      2.80155      0.00000
      0.47816      2.46827      0.00000
      0.48816      1.73954      0.00000
      0.49816      2.92524      0.00000
      0.50816      4.20915      0.00000
      0.51816      4.18745      0.00000
      0.52816      4.87294      0.00000
      0.53816      6.49447      0.00000
      0.54816      7.33941      0.00000
      0.55816      6.77016      0.00000
      0.56816      6.17932      0.00000
      0.57816      5.53567      0.00000
      0.58816      5.36293      0.00000
      0.59816      5.38527      0.00000
      0.60816      5.61916      0.00000
      0.61816      7.12663      0.00000
      0.62816      8.86544      0.00000
      0.63816      9.91851      0.00000
      0.64816     11.36526      0.00000
      0.65816     13.50935      0.00000
      0.66816     14.35231      0.00000
      0.67816     13.34818      0.00000
      0.68816     14.93629      0.00000
      0.69816     16.26516      0.00000
      0.70816     13.37988      0.00000
      0.71816     12.30545      0.00000
      0.72816     16.25729      0.00000
      0.73816     20.21211      0.00000
      0.74816     20.69712      0.00000
      0.75816     20.82131      0.00000
      0.76816     19.66140      0.00000
      0.77816     15.96151      0.00000
      0.78816     13.42967      0.00000
      0.79816     12.76970      0.00000
      0.80816     12.13459      0.00000
      0.81816     10.34049      0.00000
      0.82816     11.13367      0.00000
      0.83816     12.49074      0.00000
      0.84816     11.25981      0.00000
      0.85816      9.97046      0.00000
      0.86816     11.18221      0.00000
      0.87816     10.52218      0.00000
      0.88816      9.41899      0.00000
      0.89816     11.56947      0.00000
      0.90816     11.16546      0.00000
      0.91816      8.62383      0.00000
      0.92816      8.05252      0.00000
      0.93816      7.46232      0.00000
      0.94816      4.89691      0.00000
      0.95816      4.46698      0.00000
      0.96816      6.29155      0.00000
      0.97816      7.98488      0.00000
      0.98816      9.31451      0.00000
      0.99816     11.23100      0.00000
      1.00816     12.12324      0.00000
      1.01816     11.14344      0.00000
      1.02816     11.13302      0.00000
      1.03816     10.05903      0.00000
      1.04816      7.66106      0.00000
      1.05816      6.15749      0.00000
      1.06816      5.56529      0.00000
      1.07816      5.24619      0.00000
      1.08816      4.71213      0.00000
      1.09816      4.62843      0.00000
      1.10816      5.15839      0.00000
      1.11816      6.60567      0.00000
      1.12816      8.71969      0.00000
      1.13816      8.24746      0.00000
      1.14816      6.16136      0.00000
      1.15816      5.72951      0.00000
      1.16816      5.30408      0.00000
      1.17816      4.44135      0.00000
      1.18816      5.10810      0.00000
      1.19816      6.85495      0.00000
      1.20816      6.58036      0.00000
      1.21816      4.34535      0.00000
      1.22816      3.97945      0.00000
      1.23816      4.65377      0.00000
      1.24816      4.65569      0.00000
      1.25816      5.98051      0.00000
      1.26816      7.63477      0.00000
      1.27816      8.99602      0.00000
      1.28816     11.16049      0.00000
      1.29816     12.31599      0.00000
      1.30816     10.06833      0.00000
      1.31816      6.58576      0.00000
      1.32816      5.29946      0.00000
      1.33816      6.25039      0.00000
      1.34816      7.20014      0.00000
      1.35816      6.84034      0.00000
      1.36816      5.96060      0.00000
      1.37816      6.78402      0.00000
      1.38816      7.82688      0.00000
      1.39816      6.49117      0.00000
      1.40816      5.90731      0.00000
      1.41816      7.48329      0.00000
      1.42816      8.33874      0.00000
      1.43816      7.78227      0.00000
      1.44816      6.72749      0.00000
      1.45816      5.47823      0.00000
      1.46816      5.15629      0.00000
      1.47816      5.63902      0.00000
      1.48816      6.49797      0.00000
      1.49816      6.58837      0.00000
      1.50816      5.98207      0.00000
      1.51816      5.45534      0.00000
      1.52816      5.80786      0.00000
      1.53816      7.33283      0.00000
      1.54816      9.02720      0.00000
      1.55816      9.22156      0.00000
      1.56816      7.81377      0.00000
      1.57816      6.60411      0.00000
      1.58816      7.25450      0.00000
      1.59816      9.12321      0.00000
      1.60816      9.49571      0.00000
      1.61816      7.94187      0.00000
      1.62816      6.46577      0.00000
      1.63816      5.86266      0.00000
      1.64816      5.30890      0.00000
      1.65816      6.57329      0.00000
      1.66816     10.03395      0.00000
      1.67816     11.81906      0.00000
      1.68816     10.51440      0.00000
      1.69816      8.20875      0.00000
      1.70816      7.19487      0.00000
      1.71816      8.39482      0.00000
      1.72816      8.80185      0.00000
      1.73816      8.40801      0.00000
      1.74816      9.10345      0.00000
      1.75816      8.89539      0.00000
      1.76816      7.58159      0.00000
      1.77816      6.97092      0.00000
      1.78816      8.69091      0.00000
      1.79816     12.87782      0.00000
      1.80816     15.07159      0.00000
      1.81816     11.72615      0.00000
      1.82816      7.56216      0.00000
      1.83816      7.66820      0.00000
      1.84816     10.54352      0.00000
      1.85816     10.18805      0.00000
      1.86816      7.93267      0.00000
      1.87816      6.50342      0.00000
      1.88816      5.90403      0.00000
      1.89816      5.01819      0.00000
      1.90816      4.12788      0.00000
      1.91816      4.82405      0.00000
      1.92816      7.55941      0.00000
      1.93816     10.85767      0.00000
      1.94816     12.55293      0.00000
      1.95816     12.34201      0.00000
      1.96816     11.43168      0.00000
      1.97816      9.65861      0.00000
      1.98816      7.46552      0.00000
      1.99816      6.43329      0.00000
      2.00816      6.64186      0.00000
      2.01816      8.86984      0.00000
      2.02816     11.92290      0.00000
      2.03816     11.31276      0.00000
      2.04816      7.89570      0.00000
      2.05816      6.85326      0.00000
      2.06816      8.38406      0.00000
      2.07816     10.21529      0.00000
      2.08816     11.50741      0.00000
      2.09816     12.33354      0.00000
      2.10816     11.75754      0.00000
      2.11816     10.14086      0.00000
      2.12816      9.72156      0.00000
      2.13816     10.34656      0.00000
      2.14816      9.01462      0.00000
      2.15816      7.46457      0.00000
      2.16816      8.52978      0.00000
      2.17816      8.87579      0.00000
      2.18816     10.24232      0.00000
      2.19816     13.40647      0.00000
      2.20816     13.61781      0.00000
      2.21816     10.87775      0.00000
      2.22816      8.14270      0.00000
      2.23816      7.04290      0.00000
      2.24816      7.41052      0.00000
      2.25816      6.51439      0.00000
      2.26816      5.53981      0.00000
      2.27816      6.10459      0.00000
      2.28816      7.96269      0.00000
      2.29816      9.16863      0.00000
      2.30816      8.89625      0.00000
      2.31816      9.36471      0.00000
      2.32816     10.84380      0.00000
      2.33816     11.60939      0.00000
      2.34816     10.99651      0.00000
      2.35816      8.18179      0.00000
      2.36816      6.15329      0.00000
      2.37816      6.72550      0.00000
      2.38816      6.76758      0.00000
      2.39816      6.45198      0.00000
      2.40816      6.08594      0.00000
      2.41816      4.27488      0.00000
      2.42816      3.06443      0.00000
      2.43816      3.86528      0.00000
      2.44816      4.99766      0.00000
      2.45816      5.34935      0.00000
      2.46816      4.88224      0.00000
      2.47816      4.12987      0.00000
      2.48816      3.73016      0.00000
      2.49816      5.32016      0.00000
      2.50816      7.03731      0.00000
      2.51816      6.44717      0.00000
      2.52816      6.18491      0.00000
      2.53816      6.81439      0.00000
      2.54816      5.55585      0.00000
      2.55816      4.37258      0.00000
      2.56816      4.53234      0.00000
      2.57816      4.66676      0.00000
      2.58816      3.72030      0.00000
      2.59816      2.68947      0.00000
      2.60816      3.77547      0.00000
      2.61816      5.28390      0.00000
      2.62816      5.67281      0.00000
      2.63816      4.76643      0.00000
      2.64816      3.99233      0.00000
      2.65816      3.46175      0.00000
      2.66816      3.11797      0.00000
      2.67816      4.04900      0.00000
      2.68816      4.79382      0.00000
      2.69816      3.94313      0.00000
      2.70816      3.71742      0.00000
      2.71816      6.02671      0.00000
      2.72816      7.01584      0.00000
      2.73816      5.76337      0.00000
      2.74816      4.68518      0.00000
      2.75816      2.92835      0.00000
      2.76816      1.78243      0.00000
      2.77816      2.13752      0.00000
      2.78816      1.96793      0.00000
      2.79816      1.34505      0.00000
      2.80816      1.59112      0.00000
      2.81816      2.15778      0.00000
      2.82816      3.10952      0.00000
      2.83816      4.54082      0.00000
      2.84816      5.22906      0.00000
      2.85816      5.59336      0.00000
      2.86816      6.47822      0.00000
      2.87816      7.39141      0.00000
      2.88816      6.91561      0.00000
      2.89816      6.25855      0.00000
      2.90816      6.42344      0.00000
      2.91816      5.95131      0.00000
      2.92816      4.91558      0.00000
      2.93816      3.81955      0.00000
      2.94816      2.05534      0.00000
      2.95816      0.65488      0.00000
      2.96816      0.67817      0.00000
      2.97816      1.66061      0.00000
      2.98816      3.31383      0.00000
      2.99816      4.12833      0.00000
      3.00816      3.59771      0.00000
      3.01816      3.30617      0.00000
      3.02816      4.09375      0.00000
      3.03816      4.87035      0.00000
      3.04816      4.25829      0.00000
      3.05816      3.89337      0.00000
      3.06816      4.08308      0.00000
      3.07816      4.35879      0.00000
      3.08816      4.45912      0.00000
      3.09816      4.32488      0.00000
      3.10816      4.63579      0.00000
      3.11816      4.53726      0.00000
      3.12816      4.18856      0.00000
      3.13816      3.31191      0.00000
      3.14816      2.72294      0.00000
      3.15816      3.24069      0.00000
      3.16816      4.01586      0.00000
      3.17816      3.92285      0.00000
      3.18816      3.15005      0.00000
      3.19816      2.98232      0.00000
      3.20816      3.54765      0.00000
      3.21816      4.62423      0.00000
      3.22816      5.67110      0.00000
      3.23816      4.96294      0.00000
      3.24816      4.16705      0.00000
      3.25816      3.87564      0.00000
      3.26816      3.56961      0.00000
      3.27816      4.19603      0.00000
      3.28816      4.72010      0.00000
      3.29816      4.83903      0.00000
      3.30816      5.41228      0.00000
      3.31816      4.64248      0.00000
      3.32816      3.24509      0.00000
      3.33816      3.17786      0.00000
      3.34816      3.81545      0.00000
      3.35816      4.65742      0.00000
      3.36816      4.56143      0.00000
      3.37816      3.50792      0.00000
      3.38816      2.56261      0.00000
      3.39816      1.95403      0.00000
      3.40816      1.88744      0.00000
      3.41816      3.22386      0.00000
      3.42816      4.56175      0.00000
      3.43816      4.61573      0.00000
      3.44816      3.56811      0.00000
      3.45816      4.04875      0.00000
      3.46816      7.42551      0.00000
      3.47816      9.51511      0.00000
      3.48816      8.08083      0.00000
      3.49816      6.37391      0.00000
      3.50816      5.12570      0.00000
      3.51816      4.32202      0.00000
      3.52816      3.11047      0.00000
      3.53816      2.80044      0.00000
      3.54816      4.63890      0.00000
      3.55816      6.16277      0.00000
      3.56816      5.94493      0.00000
      3.57816      4.55752      0.00000
      3.58816      4.03851      0.00000
      3.59816      3.84539      0.00000
      3.60816      3.47591      0.00000
      3.61816      5.29157      0.00000
      3.62816      8.44937      0.00000
      3.63816      8.66608      0.00000
      3.64816      5.74293      0.00000
      3.65816      4.64018      0.00000
      3.66816      5.73834      0.00000
      3.67816      7.41822      0.00000
      3.68816      8.20514      0.00000
      3.69816      7.67438      0.00000
      3.70816      7.43390      0.00000
      3.71816      7.10158      0.00000
      3.72816      7.27478      0.00000
      3.73816      7.17414      0.00000
      3.74816      5.51760      0.00000
      3.75816      4.59317      0.00000
      3.76816      5.76515      0.00000
      3.77816      5.20201      0.00000
      3.78816      3.53444      0.00000
      3.79816      3.33207      0.00000
      3.80816      3.90297      0.00000
      3.81816      5.16633      0.00000
      3.82816      5.73101      0.00000
      3.83816      5.59352      0.00000
      3.84816      5.74338      0.00000
      3.85816      5.24319      0.00000
      3.86816      5.25498      0.00000
      3.87816      6.53086      0.00000
      3.88816      7.98134      0.00000
      3.89816     11.71954      0.00000
      3.90816     13.37440      0.00000
      3.91816      9.89489      0.00000
      3.92816      7.58561      0.00000
      3.93816      7.71728      0.00000
      3.94816      6.88312      0.00000
      3.95816      6.17299      0.00000
      3.96816      7.79503      0.00000
      3.97816     10.31667      0.00000
      3.98816      8.92017      0.00000
      3.99816      6.28711      0.00000
      4.00816      7.27877      0.00000
      4.01816     10.26589      0.00000
      4.02816     12.41766      0.00000
      4.03816     13.46484      0.00000
      4.04816     11.88096      0.00000
      4.05816      8.97428      0.00000
      4.06816      7.78293      0.00000
      4.07816      8.41261      0.00000
      4.08816     11.03530      0.00000
      4.09816     13.76490      0.00000
      4.10816     13.09264      0.00000
      4.11816      9.65633      0.00000
      4.12816      8.02948      0.00000
      4.13816      8.93297      0.00000
      4.14816     10.46221      0.00000
      4.15816     11.35546      0.00000
      4.16816     12.03986      0.00000
      4.17816     12.67031      0.00000
      4.18816     13.20003      0.00000
      4.19816     13.05221      0.00000
      4.20816     12.49489      0.00000
      4.21816     12.17315      0.00000
      4.22816     13.21051      0.00000
      4.23816     14.96717      0.00000
      4.24816     12.93245      0.00000
      4.25816      8.08627      0.00000
      4.26816      5.19873      0.00000
      4.27816      4.86545      0.00000
      4.28816      6.97102      0.00000
      4.29816      9.17127      0.00000
      4.30816      8.39796      0.00000
      4.31816      6.99435      0.00000
      4.32816      6.02912      0.00000
      4.33816      5.26825      0.00000
      4.34816      5.28582      0.00000
      4.35816      6.40130      0.00000
      4.36816      8.10170      0.00000
      4.37816      8.08731      0.00000
      4.38816      6.27314      0.00000
      4.39816      7.04269      0.00000
      4.40816      8.90670      0.00000
      4.41816      7.61101      0.00000
      4.42816      5.29104      0.00000
      4.43816      4.95255      0.00000
      4.44816      6.22981      0.00000
      4.45816      6.23099      0.00000
      4.46816      5.55065      0.00000
      4.47816      6.67618      0.00000
      4.48816      7.11638      0.00000
      4.49816      7.97300      0.00000
      4.50816      9.90938      0.00000
      4.51816     11.22524      0.00000
      4.52816     10.87674      0.00000
      4.53816      8.14763      0.00000
      4.54816      5.07729      0.00000
      4.55816      3.88251      0.00000
      4.56816      3.90298      0.00000
      4.57816      2.67446      0.00000
      4.58816      2.34935      0.00000
      4.59816      3.82072      0.00000
      4.60816      4.67594      0.00000
      4.61816      3.39211      0.00000
      4.62816      3.17126      0.00000
      4.63816      5.78731      0.00000
      4.64816      8.81842      0.00000
      4.65816      8.41168      0.00000
      4.66816      6.69862      0.00000
      4.67816      5.82838      0.00000
      4.68816      4.60100      0.00000
      4.69816      4.24699      0.00000
      4.70816      6.36669      0.00000
      4.71816      7.63422      0.00000
      4.72816      5.01784      0.00000
      4.73816      4.33028      0.00000
      4.74816      7.30141      0.00000
      4.75816      9.93310      0.00000
      4.76816      8.90361      0.00000
      4.77816      5.47282      0.00000
      4.78816      3.73932      0.00000
      4.79816      3.54110      0.00000
      4.80816      3.71677      0.00000
      4.81816      5.07575      0.00000
      4.82816      7.27221      0.00000
      4.83816      6.50812      0.00000
      4.84816      4.48780      0.00000
      4.85816      3.65603      0.00000
      4.86816      4.92274      0.00000
      4.87816      8.02109      0.00000
      4.88816      9.54299      0.00000
      4.89816      7.29954      0.00000
      4.90816      4.54296      0.00000
      4.91816      4.06629      0.00000
      4.92816      4.29683      0.00000
      4.93816      3.85367      0.00000
      4.94816      2.50793      0.00000
      4.95816      1.46454      0.00000
      4.96816      2.02959      0.00000
      4.97816      3.19720      0.00000
      4.98816      3.99153      0.00000
      4.99816      6.34744      0.00000
      5.00816      9.52155      0.00000
      5.01816      9.25619      0.00000
      5.02816      7.00362      0.00000
      5.03816      6.71430      0.00000
      5.04816      8.18497      0.00000
      5.05816      8.80041      0.00000
      5.06816      7.54366      0.00000
      5.07816      8.35397      0.00000
      5.08816     10.81344      0.00000
      5.09816     10.66356      0.00000
      5.10816      9.16017      0.00000
      5.11816      8.20646      0.00000
      5.12816     10.20468      0.00000
      5.13816     15.16792      0.00000
