Energy-E_F (eV)    DOS (1/eV)    PDOS (1/eV)  of atom type Tl 
     -4.99000      0.00000      0.00000
     -4.98000      0.00000      0.00000
     -4.97000      0.00000      0.00000
     -4.96000      0.00000      0.00000
     -4.95000      0.00000      0.00000
     -4.94000      0.00000      0.00000
     -4.93000      0.00000      0.00000
     -4.92000      0.00000      0.00000
     -4.91000      0.00000      0.00000
     -4.90000      0.00005      0.00005
     -4.89000      0.00171      0.00171
     -4.88000      0.02211      0.02211
     -4.87000      0.10483      0.10483
     -4.86000      0.18288      0.18288
     -4.85000      0.11737      0.11737
     -4.84000      0.02771      0.02771
     -4.83000      0.00241      0.00241
     -4.82000      0.00008      0.00008
     -4.81000      0.00000      0.00000
     -4.80000      0.00000      0.00000
     -4.79000      0.00000      0.00000
     -4.78000      0.00000      0.00000
     -4.77000      0.00000      0.00000
     -4.76000      0.00000      0.00000
     -4.75000      0.00000      0.00000
     -4.74000      0.00000      0.00000
     -4.73000      0.00000      0.00000
     -4.72000      0.00000      0.00000
     -4.71000      0.00000      0.00000
     -4.70000      0.00000      0.00000
     -4.69000      0.00000      0.00000
     -4.68000      0.00000      0.00000
     -4.67000      0.00000      0.00000
     -4.66000      0.00000      0.00000
     -4.65000      0.00000      0.00000
     -4.64000      0.00000      0.00000
     -4.63000      0.00000      0.00000
     -4.62000      0.00013      0.00013
     -4.61000      0.00494      0.00494
     -4.60000      0.06720      0.06720
     -4.59000      0.33640      0.33640
     -4.58000      0.61954      0.61954
     -4.57000      0.41975      0.41975
     -4.56000      0.10462      0.10462
     -4.55000      0.00959      0.00959
     -4.54000      0.00032      0.00032
     -4.53000      0.00000      0.00000
     -4.52000      0.00000      0.00000
     -4.51000      0.00000      0.00000
     -4.50000      0.00000      0.00000
     -4.49000      0.00004      0.00004
     -4.48000      0.00221      0.00221
     -4.47000      0.04727      0.04727
     -4.46000      0.37422      0.37422
     -4.45000      1.14638      1.14638
     -4.44000      1.68590      1.68590
     -4.43000      1.94264      1.94264
     -4.42000      1.70594      1.70594
     -4.41000      0.75281      0.75281
     -4.40000      0.14398      0.14398
     -4.39000      0.02431      0.02431
     -4.38000      0.12825      0.12825
     -4.37000      0.46291      0.46291
     -4.36000      0.65720      0.65720
     -4.35000      0.57887      0.57887
     -4.34000      0.65604      0.65604
     -4.33000      0.47671      0.47671
     -4.32000      0.13694      0.13694
     -4.31000      0.02221      0.02221
     -4.30000      0.09113      0.09113
     -4.29000      0.39161      0.39161
     -4.28000      0.62295      0.62295
     -4.27000      0.36456      0.36456
     -4.26000      0.07849      0.07849
     -4.25000      0.00622      0.00622
     -4.24000      0.00019      0.00019
     -4.23000      0.00068      0.00068
     -4.22000      0.01656      0.01656
     -4.21000      0.14855      0.14855
     -4.20000      0.49006      0.49006
     -4.19000      0.59477      0.59477
     -4.18000      0.26555      0.26555
     -4.17000      0.04362      0.04362
     -4.16000      0.00264      0.00264
     -4.15000      0.00015      0.00015
     -4.14000      0.00433      0.00433
     -4.13000      0.07598      0.07598
     -4.12000      0.49076      0.49076
     -4.11000      1.16614      1.16614
     -4.10000      1.01939      1.01939
     -4.09000      0.32782      0.32782
     -4.08000      0.03897      0.03897
     -4.07000      0.00801      0.00801
     -4.06000      0.07943      0.07943
     -4.05000      0.36672      0.36672
     -4.04000      0.62307      0.62307
     -4.03000      0.38979      0.38979
     -4.02000      0.10163      0.10163
     -4.01000      0.16192      0.16192
     -4.00000      0.73666      0.73666
     -3.99000      1.46582      1.46582
     -3.98000      2.12999      2.12999
     -3.97000      3.58936      3.58936
     -3.96000      4.06929      4.06929
     -3.95000      3.01969      3.01969
     -3.94000      1.99118      1.99118
     -3.93000      1.10862      1.10862
     -3.92000      0.39866      0.39866
     -3.91000      0.06921      0.06921
     -3.90000      0.00487      0.00487
     -3.89000      0.00142      0.00142
     -3.88000      0.03197      0.03197
     -3.87000      0.29049      0.29049
     -3.86000      0.97109      0.97109
     -3.85000      1.19427      1.19427
     -3.84000      0.54032      0.54032
     -3.83000      0.09015      0.09015
     -3.82000      0.01281      0.01281
     -3.81000      0.08752      0.08752
     -3.80000      0.38480      0.38480
     -3.79000      0.62325      0.62325
     -3.78000      0.37136      0.37136
     -3.77000      0.08140      0.08140
     -3.76000      0.00656      0.00656
     -3.75000      0.00032      0.00032
     -3.74000      0.00557      0.00557
     -3.73000      0.09060      0.09060
     -3.72000      0.54259      0.54259
     -3.71000      1.19542      1.19542
     -3.70000      0.97009      0.97009
     -3.69000      0.31827      0.31827
     -3.68000      0.30997      0.30997
     -3.67000      1.08657      1.08657
     -3.66000      1.76575      1.76575
     -3.65000      1.18021      1.18021
     -3.64000      0.31387      0.31387
     -3.63000      0.03221      0.03221
     -3.62000      0.00190      0.00190
     -3.61000      0.01954      0.01954
     -3.60000      0.21757      0.21757
     -3.59000      0.97118      0.97118
     -3.58000      2.12947      2.12947
     -3.57000      2.93719      2.93719
     -3.56000      2.25821      2.25821
     -3.55000      0.74323      0.74323
     -3.54000      0.09351      0.09351
     -3.53000      0.00440      0.00440
     -3.52000      0.00164      0.00164
     -3.51000      0.03014      0.03014
     -3.50000      0.21429      0.21429
     -3.49000      0.56101      0.56101
     -3.48000      0.55756      0.55756
     -3.47000      0.39889      0.39889
     -3.46000      0.95582      0.95582
     -3.45000      2.00472      2.00472
     -3.44000      2.82176      2.82176
     -3.43000      2.64028      2.64028
     -3.42000      2.15416      2.15416
     -3.41000      2.65500      2.65500
     -3.40000      2.86590      2.86590
     -3.39000      2.66712      2.66712
     -3.38000      2.03101      2.03101
     -3.37000      1.24990      1.24990
     -3.36000      1.28333      1.28333
     -3.35000      1.10858      1.10858
     -3.34000      0.71797      0.71797
     -3.33000      1.19531      1.19531
     -3.32000      1.67355      1.67355
     -3.31000      1.62620      1.62620
     -3.30000      1.45209      1.45209
     -3.29000      1.01684      1.01684
     -3.28000      0.41522      0.41522
     -3.27000      0.14616      0.14616
     -3.26000      0.51542      0.51542
     -3.25000      1.58287      1.58287
     -3.24000      2.65600      2.65600
     -3.23000      2.70694      2.70694
     -3.22000      1.51312      1.51312
     -3.21000      0.81595      0.81595
     -3.20000      1.41271      1.41271
     -3.19000      2.23709      2.23709
     -3.18000      2.74024      2.74024
     -3.17000      2.46478      2.46478
     -3.16000      1.66956      1.66956
     -3.15000      2.01066      2.01066
     -3.14000      2.99632      2.99632
     -3.13000      2.84354      2.84354
     -3.12000      2.35276      2.35276
     -3.11000      1.57357      1.57357
     -3.10000      0.59248      0.59248
     -3.09000      0.36381      0.36381
     -3.08000      1.00259      1.00259
     -3.07000      1.57340      1.57340
     -3.06000      1.69971      1.69971
     -3.05000      1.61782      1.61782
     -3.04000      1.28557      1.28557
     -3.03000      1.38759      1.38759
     -3.02000      1.94173      1.94173
     -3.01000      1.92495      1.92495
     -3.00000      1.13678      1.13678
     -2.99000      0.83718      0.83718
     -2.98000      1.49898      1.49898
     -2.97000      1.59574      1.59574
     -2.96000      0.88156      0.88156
     -2.95000      0.64175      0.64175
     -2.94000      0.97994      0.97994
     -2.93000      1.40888      1.40888
     -2.92000      1.72116      1.72116
     -2.91000      2.73472      2.73472
     -2.90000      4.00930      4.00930
     -2.89000      3.17771      3.17771
     -2.88000      1.76256      1.76256
     -2.87000      0.68483      0.68483
     -2.86000      0.17859      0.17859
     -2.85000      0.43244      0.43244
     -2.84000      1.24847      1.24847
     -2.83000      1.58262      1.58262
     -2.82000      0.99873      0.99873
     -2.81000      0.32438      0.32438
     -2.80000      0.04769      0.04769
     -2.79000      0.00282      0.00282
     -2.78000      0.00098      0.00098
     -2.77000      0.02806      0.02806
     -2.76000      0.32716      0.32716
     -2.75000      1.48835      1.48835
     -2.74000      2.74847      2.74847
     -2.73000      2.21154      2.21154
     -2.72000      0.84147      0.84147
     -2.71000      0.15364      0.15364
     -2.70000      0.01246      0.01246
     -2.69000      0.00041      0.00041
     -2.68000      0.00001      0.00001
     -2.67000      0.00000      0.00000
     -2.66000      0.00000      0.00000
     -2.65000      0.00000      0.00000
     -2.64000      0.00002      0.00002
     -2.63000      0.00156      0.00156
     -2.62000      0.03819      0.03819
     -2.61000      0.36020      0.36020
     -2.60000      1.37194      1.37194
     -2.59000      2.24583      2.24583
     -2.58000      1.63999      1.63999
     -2.57000      0.52134      0.52134
     -2.56000      0.07823      0.07823
     -2.55000      0.14668      0.14668
     -2.54000      0.77221      0.77221
     -2.53000      1.99041      1.99041
     -2.52000      3.43573      3.43573
     -2.51000      4.28962      4.28962
     -2.50000      3.69792      3.69792
     -2.49000      2.60256      2.60256
     -2.48000      1.36788      1.36788
     -2.47000      0.38796      0.38796
     -2.46000      0.04931      0.04931
     -2.45000      0.00994      0.00994
     -2.44000      0.11104      0.11104
     -2.43000      0.62564      0.62564
     -2.42000      1.44917      1.44917
     -2.41000      1.91335      1.91335
     -2.40000      2.03359      2.03359
     -2.39000      1.29803      1.29803
     -2.38000      0.47322      0.47322
     -2.37000      0.49121      0.49121
     -2.36000      0.61486      0.61486
     -2.35000      0.35975      0.35975
     -2.34000      0.47371      0.47371
     -2.33000      1.11631      1.11631
     -2.32000      1.08742      1.08742
     -2.31000      0.39093      0.39093
     -2.30000      0.05324      0.05324
     -2.29000      0.03872      0.03872
     -2.28000      0.31412      0.31412
     -2.27000      1.00238      1.00238
     -2.26000      1.17687      1.17687
     -2.25000      0.50832      0.50832
     -2.24000      0.08077      0.08077
     -2.23000      0.00472      0.00472
     -2.22000      0.00010      0.00010
     -2.21000      0.00000      0.00000
     -2.20000      0.00000      0.00000
     -2.19000      0.00014      0.00014
     -2.18000      0.00610      0.00610
     -2.17000      0.09652      0.09652
     -2.16000      0.56263      0.56263
     -2.15000      1.21973      1.21973
     -2.14000      1.12856      1.12856
     -2.13000      1.05630      1.05630
     -2.12000      1.32325      1.32325
     -2.11000      1.09793      1.09793
     -2.10000      1.20099      1.20099
     -2.09000      1.14303      1.14303
     -2.08000      0.46382      0.46382
     -2.07000      0.07173      0.07173
     -2.06000      0.00419      0.00419
     -2.05000      0.00073      0.00073
     -2.04000      0.01583      0.01583
     -2.03000      0.14664      0.14664
     -2.02000      0.54201      0.54201
     -2.01000      1.10166      1.10166
     -2.00000      2.01990      2.01990
     -1.99000      3.06537      3.06537
     -1.98000      3.79736      3.79736
     -1.97000      3.29628      3.29628
     -1.96000      1.38632      1.38632
     -1.95000      0.23756      0.23756
     -1.94000      0.03117      0.03117
     -1.93000      0.18321      0.18321
     -1.92000      0.78683      0.78683
     -1.91000      1.24572      1.24572
     -1.90000      0.72803      0.72803
     -1.89000      0.19800      0.19800
     -1.88000      0.27414      0.27414
     -1.87000      0.59316      0.59316
     -1.86000      0.49377      0.49377
     -1.85000      0.15659      0.15659
     -1.84000      0.10577      0.10577
     -1.83000      0.55083      0.55083
     -1.82000      1.37371      1.37371
     -1.81000      1.76269      1.76269
     -1.80000      1.54571      1.54571
     -1.79000      0.85705      0.85705
     -1.78000      0.82625      0.82625
     -1.77000      1.78053      1.78053
     -1.76000      2.12446      2.12446
     -1.75000      1.90626      1.90626
     -1.74000      1.80997      1.80997
     -1.73000      1.55941      1.55941
     -1.72000      0.83107      0.83107
     -1.71000      0.36825      0.36825
     -1.70000      0.57126      0.57126
     -1.69000      0.75831      0.75831
     -1.68000      1.04656      1.04656
     -1.67000      1.43061      1.43061
     -1.66000      1.30138      1.30138
     -1.65000      1.35369      1.35369
     -1.64000      1.61759      1.61759
     -1.63000      1.41569      1.41569
     -1.62000      1.05686      1.05686
     -1.61000      1.42658      1.42658
     -1.60000      2.88062      2.88062
     -1.59000      3.66337      3.66337
     -1.58000      2.40926      2.40926
     -1.57000      1.21431      1.21431
     -1.56000      2.49115      2.49115
     -1.55000      4.27160      4.27160
     -1.54000      2.92104      2.92104
     -1.53000      1.11580      1.11580
     -1.52000      1.60038      1.60038
     -1.51000      2.42637      2.42637
     -1.50000      1.49568      1.49568
     -1.49000      0.35801      0.35801
     -1.48000      0.03303      0.03303
     -1.47000      0.00376      0.00376
     -1.46000      0.05296      0.05296
     -1.45000      0.39663      0.39663
     -1.44000      1.09592      1.09592
     -1.43000      1.15852      1.15852
     -1.42000      0.71437      0.71437
     -1.41000      0.79113      0.79113
     -1.40000      0.93286      0.93286
     -1.39000      0.74907      0.74907
     -1.38000      0.45446      0.45446
     -1.37000      1.00929      1.00929
     -1.36000      2.32706      2.32706
     -1.35000      2.22625      2.22625
     -1.34000      1.36244      1.36244
     -1.33000      1.24437      1.24437
     -1.32000      0.83223      0.83223
     -1.31000      0.24460      0.24460
     -1.30000      0.03227      0.03227
     -1.29000      0.07229      0.07229
     -1.28000      0.55295      0.55295
     -1.27000      1.60122      1.60122
     -1.26000      1.82693      1.82693
     -1.25000      1.35955      1.35955
     -1.24000      1.62100      1.62100
     -1.23000      1.82459      1.82459
     -1.22000      1.41343      1.41343
     -1.21000      0.56556      0.56556
     -1.20000      0.09211      0.09211
     -1.19000      0.00597      0.00597
     -1.18000      0.01165      0.01165
     -1.17000      0.14917      0.14917
     -1.16000      0.71039      0.71039
     -1.15000      1.24654      1.24654
     -1.14000      0.85013      0.85013
     -1.13000      0.60195      0.60195
     -1.12000      1.37149      1.37149
     -1.11000      1.75359      1.75359
     -1.10000      0.90979      0.90979
     -1.09000      0.19118      0.19118
     -1.08000      0.02304      0.02304
     -1.07000      0.08579      0.08579
     -1.06000      0.39944      0.39944
     -1.05000      0.84518      0.84518
     -1.04000      1.24040      1.24040
     -1.03000      1.31841      1.31841
     -1.02000      0.65651      0.65651
     -1.01000      0.12762      0.12762
     -1.00000      0.04832      0.04832
     -0.99000      0.36534      0.36534
     -0.98000      1.42851      1.42851
     -0.97000      2.75497      2.75497
     -0.96000      3.05008      3.05008
     -0.95000      2.31330      2.31330
     -0.94000      1.70069      1.70069
     -0.93000      1.20061      1.20061
     -0.92000      1.08661      1.08661
     -0.91000      1.42251      1.42251
     -0.90000      1.72037      1.72037
     -0.89000      1.67785      1.67785
     -0.88000      1.17537      1.17537
     -0.87000      0.66544      0.66544
     -0.86000      1.03172      1.03172
     -0.85000      1.20507      1.20507
     -0.84000      0.73568      0.73568
     -0.83000      1.11973      1.11973
     -0.82000      2.17833      2.17833
     -0.81000      2.58803      2.58803
     -0.80000      2.17672      2.17672
     -0.79000      0.98101      0.98101
     -0.78000      0.18090      0.18090
     -0.77000      0.01494      0.01494
     -0.76000      0.04376      0.04376
     -0.75000      0.32596      0.32596
     -0.74000      1.17980      1.17980
     -0.73000      2.51906      2.51906
     -0.72000      3.35896      3.35896
     -0.71000      2.49222      2.49222
     -0.70000      0.87878      0.87878
     -0.69000      0.15778      0.15778
     -0.68000      0.33033      0.33033
     -0.67000      1.43254      1.43254
     -0.66000      2.43686      2.43686
     -0.65000      1.60501      1.60501
     -0.64000      0.56406      0.56406
     -0.63000      0.79248      0.79248
     -0.62000      1.32556      1.32556
     -0.61000      1.12641      1.12641
     -0.60000      0.79510      0.79510
     -0.59000      0.40940      0.40940
     -0.58000      0.11903      0.11903
     -0.57000      0.22074      0.22074
     -0.56000      0.68550      0.68550
     -0.55000      1.03113      1.03113
     -0.54000      0.80812      0.80812
     -0.53000      0.30721      0.30721
     -0.52000      0.04906      0.04906
     -0.51000      0.00674      0.00674
     -0.50000      0.07600      0.07600
     -0.49000      0.59717      0.59717
     -0.48000      1.85607      1.85607
     -0.47000      2.36763      2.36763
     -0.46000      1.70596      1.70596
     -0.45000      2.14840      2.14840
     -0.44000      2.68082      2.68082
     -0.43000      2.04440      2.04440
     -0.42000      1.41544      1.41544
     -0.41000      0.61307      0.61307
     -0.40000      0.11576      0.11576
     -0.39000      0.11057      0.11057
     -0.38000      0.58403      0.58403
     -0.37000      1.21501      1.21501
     -0.36000      0.96125      0.96125
     -0.35000      0.55819      0.55819
     -0.34000      1.00714      1.00714
     -0.33000      1.19058      1.19058
     -0.32000      0.53114      0.53114
     -0.31000      0.08724      0.08724
     -0.30000      0.00530      0.00530
     -0.29000      0.00192      0.00192
     -0.28000      0.04075      0.04075
     -0.27000      0.33803      0.33803
     -0.26000      1.03151      1.03151
     -0.25000      1.15946      1.15946
     -0.24000      0.51464      0.51464
     -0.23000      0.38834      0.38834
     -0.22000      1.01763      1.01763
     -0.21000      1.31083      1.31083
     -0.20000      1.25370      1.25370
     -0.19000      1.83870      1.83870
     -0.18000      2.05046      2.05046
     -0.17000      1.49442      1.49442
     -0.16000      1.54888      1.54888
     -0.15000      1.90416      1.90416
     -0.14000      1.05717      1.05717
     -0.13000      0.22248      0.22248
     -0.12000      0.08194      0.08194
     -0.11000      0.59982      0.59982
     -0.10000      2.17030      2.17030
     -0.09000      3.16052      3.16052
     -0.08000      2.11897      2.11897
     -0.07000      1.05050      1.05050
     -0.06000      1.09343      1.09343
     -0.05000      2.26644      2.26644
     -0.04000      2.75512      2.75512
     -0.03000      1.53110      1.53110
     -0.02000      0.52251      0.52251
     -0.01000      0.78930      0.78930
      0.00000      1.25052      1.25052
      0.01000      0.81348      0.81348
      0.02000      0.65356      0.65356
      0.03000      1.65979      1.65979
      0.04000      2.32677      2.32677
      0.05000      1.46841      1.46841
      0.06000      0.78044      0.78044
      0.07000      1.02352      1.02352
      0.08000      1.43765      1.43765
      0.09000      1.38529      1.38529
      0.10000      1.31183      1.31183
      0.11000      1.89326      1.89326
      0.12000      1.96918      1.96918
      0.13000      1.09660      1.09660
      0.14000      0.27558      0.27558
      0.15000      0.02759      0.02759
      0.16000      0.00242      0.00242
      0.17000      0.03507      0.03507
      0.18000      0.34031      0.34031
      0.19000      1.33213      1.33213
      0.20000      2.24821      2.24821
      0.21000      1.79707      1.79707
      0.22000      1.07571      1.07571
      0.23000      1.30177      1.30177
      0.24000      2.06313      2.06313
      0.25000      2.36458      2.36458
      0.26000      1.74933      1.74933
      0.27000      1.17470      1.17470
      0.28000      0.92885      0.92885
      0.29000      0.57901      0.57901
      0.30000      0.17455      0.17455
      0.31000      0.02075      0.02075
      0.32000      0.00211      0.00211
      0.33000      0.03016      0.03016
      0.34000      0.27994      0.27994
      0.35000      0.95906      0.95906
      0.36000      1.26749      1.26749
      0.37000      1.12462      1.12462
      0.38000      2.08760      2.08760
      0.39000      3.22030      3.22030
      0.40000      2.92593      2.92593
      0.41000      1.63306      1.63306
      0.42000      0.47186      0.47186
      0.43000      0.05841      0.05841
      0.44000      0.00323      0.00323
      0.45000      0.01376      0.01376
      0.46000      0.16757      0.16757
      0.47000      0.75357      0.75357
      0.48000      1.24675      1.24675
      0.49000      0.76206      0.76206
      0.50000      0.23605      0.23605
      0.51000      0.51578      0.51578
      0.52000      1.50518      1.50518
      0.53000      2.05316      2.05316
      0.54000      1.93225      1.93225
      0.55000      1.69514      1.69514
      0.56000      1.20519      1.20519
      0.57000      1.03405      1.03405
      0.58000      1.30234      1.30234
      0.59000      0.92254      0.92254
      0.60000      0.27615      0.27615
      0.61000      0.32937      0.32937
      0.62000      1.54921      1.54921
      0.63000      3.19578      3.19578
      0.64000      2.87498      2.87498
      0.65000      1.18982      1.18982
      0.66000      0.22143      0.22143
      0.67000      0.02462      0.02462
      0.68000      0.11184      0.11184
      0.69000      0.61434      0.61434
      0.70000      1.32362      1.32362
      0.71000      1.57178      1.57178
      0.72000      2.26431      2.26431
      0.73000      2.84515      2.84515
      0.74000      1.79125      1.79125
      0.75000      1.03872      1.03872
      0.76000      2.08610      2.08610
      0.77000      2.99570      2.99570
      0.78000      3.03434      3.03434
      0.79000      2.60502      2.60502
      0.80000      1.56845      1.56845
      0.81000      1.37148      1.37148
      0.82000      1.17929      1.17929
      0.83000      1.01677      1.01677
      0.84000      1.46924      1.46924
      0.85000      1.50710      1.50710
      0.86000      0.80733      0.80733
      0.87000      0.53859      0.53859
      0.88000      0.63213      0.63213
      0.89000      0.36511      0.36511
      0.90000      0.22403      0.22403
      0.91000      0.74252      0.74252
      0.92000      1.51492      1.51492
      0.93000      1.76205      1.76205
      0.94000      1.51910      1.51910
      0.95000      1.03758      1.03758
      0.96000      0.82025      0.82025
      0.97000      0.91703      0.91703
      0.98000      1.27776      1.27776
      0.99000      0.91401      0.91401
      1.00000      0.24994      0.24994
      1.01000      0.03209      0.03209
      1.02000      0.11604      0.11604
      1.03000      0.72211      0.72211
