Energy-E_F (eV)    DOS (1/eV)    PDOS (1/eV)  of atom type As 
     -4.99000      2.69000      2.69000
     -4.98000      2.63703      2.63703
     -4.97000      2.66345      2.66345
     -4.96000      2.71962      2.71962
     -4.95000      2.78038      2.78038
     -4.94000      2.84685      2.84685
     -4.93000      2.95274      2.95274
     -4.92000      2.98929      2.98929
     -4.91000      2.84588      2.84588
     -4.90000      2.66155      2.66155
     -4.89000      2.60625      2.60625
     -4.88000      2.67927      2.67927
     -4.87000      2.67146      2.67146
     -4.86000      2.62042      2.62042
     -4.85000      2.72492      2.72492
     -4.84000      2.86688      2.86688
     -4.83000      3.00338      3.00338
     -4.82000      3.12834      3.12834
     -4.81000      3.21222      3.21222
     -4.80000      3.18673      3.18673
     -4.79000      3.04522      3.04522
     -4.78000      2.88658      2.88658
     -4.77000      2.84976      2.84976
     -4.76000      2.91092      2.91092
     -4.75000      3.00302      3.00302
     -4.74000      3.09344      3.09344
     -4.73000      3.16445      3.16445
     -4.72000      3.14479      3.14479
     -4.71000      3.07863      3.07863
     -4.70000      3.06998      3.06998
     -4.69000      3.07313      3.07313
     -4.68000      3.07187      3.07187
     -4.67000      3.02175      3.02175
     -4.66000      2.95108      2.95108
     -4.65000      3.00456      3.00456
     -4.64000      3.14752      3.14752
     -4.63000      3.22548      3.22548
     -4.62000      3.22087      3.22087
     -4.61000      3.29587      3.29587
     -4.60000      3.41777      3.41777
     -4.59000      3.32310      3.32310
     -4.58000      3.15974      3.15974
     -4.57000      3.25491      3.25491
     -4.56000      3.40098      3.40098
     -4.55000      3.38778      3.38778
     -4.54000      3.35544      3.35544
     -4.53000      3.36188      3.36188
     -4.52000      3.41334      3.41334
     -4.51000      3.46307      3.46307
     -4.50000      3.43048      3.43048
     -4.49000      3.35939      3.35939
     -4.48000      3.40005      3.40005
     -4.47000      3.55526      3.55526
     -4.46000      3.59670      3.59670
     -4.45000      3.55712      3.55712
     -4.44000      3.58109      3.58109
     -4.43000      3.59813      3.59813
     -4.42000      3.64092      3.64092
     -4.41000      3.69699      3.69699
     -4.40000      3.63533      3.63533
     -4.39000      3.62678      3.62678
     -4.38000      3.75478      3.75478
     -4.37000      3.83034      3.83034
     -4.36000      3.86475      3.86475
     -4.35000      3.86413      3.86413
     -4.34000      4.03223      4.03223
     -4.33000      4.20252      4.20252
     -4.32000      4.21036      4.21036
     -4.31000      4.32165      4.32165
     -4.30000      4.35051      4.35051
     -4.29000      4.33032      4.33032
     -4.28000      4.21463      4.21463
     -4.27000      4.00771      4.00771
     -4.26000      4.04947      4.04947
     -4.25000      4.18501      4.18501
     -4.24000      4.15064      4.15064
     -4.23000      4.09376      4.09376
     -4.22000      4.13632      4.13632
     -4.21000      4.22885      4.22885
     -4.20000      4.22837      4.22837
     -4.19000      4.20894      4.20894
     -4.18000      4.27321      4.27321
     -4.17000      4.36729      4.36729
     -4.16000      4.32951      4.32951
     -4.15000      4.19274      4.19274
     -4.14000      4.14802      4.14802
     -4.13000      4.22273      4.22273
     -4.12000      4.37797      4.37797
     -4.11000      4.41011      4.41011
     -4.10000      4.25467      4.25467
     -4.09000      4.20803      4.20803
     -4.08000      4.33521      4.33521
     -4.07000      4.31404      4.31404
     -4.06000      4.12289      4.12289
     -4.05000      4.05988      4.05988
     -4.04000      4.08745      4.08745
     -4.03000      4.13563      4.13563
     -4.02000      4.22838      4.22838
     -4.01000      4.27518      4.27518
     -4.00000      4.24862      4.24862
     -3.99000      4.27006      4.27006
     -3.98000      4.34999      4.34999
     -3.97000      4.31118      4.31118
     -3.96000      4.18393      4.18393
     -3.95000      4.12174      4.12174
     -3.94000      4.15846      4.15846
     -3.93000      4.26021      4.26021
     -3.92000      4.31000      4.31000
     -3.91000      4.28424      4.28424
     -3.90000      4.10208      4.10208
     -3.89000      3.89805      3.89805
     -3.88000      4.03563      4.03563
     -3.87000      4.30464      4.30464
     -3.86000      4.28072      4.28072
     -3.85000      4.28176      4.28176
     -3.84000      4.36730      4.36730
     -3.83000      4.37582      4.37582
     -3.82000      4.32564      4.32564
     -3.81000      4.21546      4.21546
     -3.80000      4.19471      4.19471
     -3.79000      4.34212      4.34212
     -3.78000      4.38950      4.38950
     -3.77000      4.26046      4.26046
     -3.76000      4.21621      4.21621
     -3.75000      4.33431      4.33431
     -3.74000      4.33484      4.33484
     -3.73000      4.18566      4.18566
     -3.72000      4.15194      4.15194
     -3.71000      4.23674      4.23674
     -3.70000      4.22889      4.22889
     -3.69000      4.21755      4.21755
     -3.68000      4.36075      4.36075
     -3.67000      4.52812      4.52812
     -3.66000      4.42688      4.42688
     -3.65000      4.20552      4.20552
     -3.64000      4.23063      4.23063
     -3.63000      4.35939      4.35939
     -3.62000      4.29568      4.29568
     -3.61000      4.18207      4.18207
     -3.60000      4.16193      4.16193
     -3.59000      4.28560      4.28560
     -3.58000      4.32594      4.32594
     -3.57000      4.20341      4.20341
     -3.56000      4.15268      4.15268
     -3.55000      4.25025      4.25025
     -3.54000      4.25167      4.25167
     -3.53000      4.20394      4.20394
     -3.52000      4.27985      4.27985
     -3.51000      4.33110      4.33110
     -3.50000      4.31467      4.31467
     -3.49000      4.34144      4.34144
     -3.48000      4.40421      4.40421
     -3.47000      4.46099      4.46099
     -3.46000      4.48272      4.48272
     -3.45000      4.50766      4.50766
     -3.44000      4.47528      4.47528
     -3.43000      4.31067      4.31067
     -3.42000      4.24087      4.24087
     -3.41000      4.26598      4.26598
     -3.40000      4.33073      4.33073
     -3.39000      4.33630      4.33630
     -3.38000      4.27650      4.27650
     -3.37000      4.25136      4.25136
     -3.36000      4.28023      4.28023
     -3.35000      4.41529      4.41529
     -3.34000      4.47558      4.47558
     -3.33000      4.30445      4.30445
     -3.32000      4.23384      4.23384
     -3.31000      4.40961      4.40961
     -3.30000      4.55507      4.55507
     -3.29000      4.53666      4.53666
     -3.28000      4.56674      4.56674
     -3.27000      4.64989      4.64989
     -3.26000      4.60688      4.60688
     -3.25000      4.51158      4.51158
     -3.24000      4.48209      4.48209
     -3.23000      4.43594      4.43594
     -3.22000      4.46555      4.46555
     -3.21000      4.56978      4.56978
     -3.20000      4.54390      4.54390
     -3.19000      4.42365      4.42365
     -3.18000      4.41850      4.41850
     -3.17000      4.52439      4.52439
     -3.16000      4.54692      4.54692
     -3.15000      4.54481      4.54481
     -3.14000      4.49631      4.49631
     -3.13000      4.46131      4.46131
     -3.12000      4.53959      4.53959
     -3.11000      4.63436      4.63436
     -3.10000      4.68532      4.68532
     -3.09000      4.66700      4.66700
     -3.08000      4.65074      4.65074
     -3.07000      4.80109      4.80109
     -3.06000      5.02814      5.02814
     -3.05000      5.02895      5.02895
     -3.04000      4.84385      4.84385
     -3.03000      4.74227      4.74227
     -3.02000      4.62201      4.62201
     -3.01000      4.43974      4.43974
     -3.00000      4.40909      4.40909
     -2.99000      4.41914      4.41914
     -2.98000      4.43345      4.43345
     -2.97000      4.48404      4.48404
     -2.96000      4.53772      4.53772
     -2.95000      4.48901      4.48901
     -2.94000      4.46436      4.46436
     -2.93000      4.50574      4.50574
     -2.92000      4.50910      4.50910
     -2.91000      4.44058      4.44058
     -2.90000      4.36893      4.36893
     -2.89000      4.51088      4.51088
     -2.88000      4.70990      4.70990
     -2.87000      4.69857      4.69857
     -2.86000      4.46337      4.46337
     -2.85000      4.31423      4.31423
     -2.84000      4.40398      4.40398
     -2.83000      4.51893      4.51893
     -2.82000      4.52146      4.52146
     -2.81000      4.37683      4.37683
     -2.80000      4.21129      4.21129
     -2.79000      4.28984      4.28984
     -2.78000      4.42652      4.42652
     -2.77000      4.28274      4.28274
     -2.76000      4.13033      4.13033
     -2.75000      4.13873      4.13873
     -2.74000      4.19612      4.19612
     -2.73000      4.21204      4.21204
     -2.72000      4.15814      4.15814
     -2.71000      4.14795      4.14795
     -2.70000      4.11031      4.11031
     -2.69000      4.06934      4.06934
     -2.68000      4.27001      4.27001
     -2.67000      4.53530      4.53530
     -2.66000      4.41808      4.41808
     -2.65000      4.16582      4.16582
     -2.64000      4.01923      4.01923
     -2.63000      3.93222      3.93222
     -2.62000      3.89769      3.89769
     -2.61000      3.76810      3.76810
     -2.60000      3.75171      3.75171
     -2.59000      3.91336      3.91336
     -2.58000      4.02997      4.02997
     -2.57000      4.08198      4.08198
     -2.56000      4.08530      4.08530
     -2.55000      3.99277      3.99277
     -2.54000      3.87689      3.87689
     -2.53000      3.86259      3.86259
     -2.52000      3.84124      3.84124
     -2.51000      3.74957      3.74957
     -2.50000      3.73609      3.73609
     -2.49000      3.78089      3.78089
     -2.48000      3.72830      3.72830
     -2.47000      3.60439      3.60439
     -2.46000      3.63256      3.63256
     -2.45000      3.68802      3.68802
     -2.44000      3.61912      3.61912
     -2.43000      3.57877      3.57877
     -2.42000      3.62347      3.62347
     -2.41000      3.72237      3.72237
     -2.40000      3.85885      3.85885
     -2.39000      3.94827      3.94827
     -2.38000      3.84862      3.84862
     -2.37000      3.64889      3.64889
     -2.36000      3.54545      3.54545
     -2.35000      3.59192      3.59192
     -2.34000      3.59598      3.59598
     -2.33000      3.59225      3.59225
     -2.32000      3.73158      3.73158
     -2.31000      3.83817      3.83817
     -2.30000      3.69938      3.69938
     -2.29000      3.48664      3.48664
     -2.28000      3.45259      3.45259
     -2.27000      3.47940      3.47940
     -2.26000      3.43667      3.43667
     -2.25000      3.47546      3.47546
     -2.24000      3.56991      3.56991
     -2.23000      3.53978      3.53978
     -2.22000      3.32621      3.32621
     -2.21000      3.19030      3.19030
     -2.20000      3.14688      3.14688
     -2.19000      3.12049      3.12049
     -2.18000      3.21151      3.21151
     -2.17000      3.23587      3.23587
     -2.16000      3.23587      3.23587
     -2.15000      3.25431      3.25431
     -2.14000      3.19722      3.19722
     -2.13000      3.22109      3.22109
     -2.12000      3.31510      3.31510
     -2.11000      3.32143      3.32143
     -2.10000      3.22966      3.22966
     -2.09000      3.13971      3.13971
     -2.08000      3.18071      3.18071
     -2.07000      3.21866      3.21866
     -2.06000      3.13153      3.13153
     -2.05000      3.12164      3.12164
     -2.04000      3.21837      3.21837
     -2.03000      3.26152      3.26152
     -2.02000      3.23384      3.23384
     -2.01000      3.13543      3.13543
     -2.00000      3.11057      3.11057
     -1.99000      3.07694      3.07694
     -1.98000      2.98298      2.98298
     -1.97000      2.99116      2.99116
     -1.96000      2.94923      2.94923
     -1.95000      2.81287      2.81287
     -1.94000      2.68597      2.68597
     -1.93000      2.57109      2.57109
     -1.92000      2.50868      2.50868
     -1.91000      2.55781      2.55781
     -1.90000      2.63240      2.63240
     -1.89000      2.71556      2.71556
     -1.88000      2.81891      2.81891
     -1.87000      2.70048      2.70048
     -1.86000      2.47417      2.47417
     -1.85000      2.38996      2.38996
     -1.84000      2.40333      2.40333
     -1.83000      2.43158      2.43158
     -1.82000      2.43891      2.43891
     -1.81000      2.53659      2.53659
     -1.80000      2.65816      2.65816
     -1.79000      2.53862      2.53862
     -1.78000      2.38659      2.38659
     -1.77000      2.42042      2.42042
     -1.76000      2.43778      2.43778
     -1.75000      2.32880      2.32880
     -1.74000      2.35420      2.35420
     -1.73000      2.52381      2.52381
     -1.72000      2.58034      2.58034
     -1.71000      2.48404      2.48404
     -1.70000      2.35703      2.35703
     -1.69000      2.32729      2.32729
     -1.68000      2.37159      2.37159
     -1.67000      2.38967      2.38967
     -1.66000      2.30764      2.30764
     -1.65000      2.22306      2.22306
     -1.64000      2.28013      2.28013
     -1.63000      2.35502      2.35502
     -1.62000      2.21657      2.21657
     -1.61000      2.03630      2.03630
     -1.60000      2.04316      2.04316
     -1.59000      2.17028      2.17028
     -1.58000      2.30070      2.30070
     -1.57000      2.38615      2.38615
     -1.56000      2.42964      2.42964
     -1.55000      2.41441      2.41441
     -1.54000      2.38002      2.38002
     -1.53000      2.39226      2.39226
     -1.52000      2.30918      2.30918
     -1.51000      2.13040      2.13040
     -1.50000      2.08310      2.08310
     -1.49000      2.06687      2.06687
     -1.48000      2.02003      2.02003
     -1.47000      2.05774      2.05774
     -1.46000      2.06596      2.06596
     -1.45000      2.04296      2.04296
     -1.44000      2.02680      2.02680
     -1.43000      2.01416      2.01416
     -1.42000      2.09117      2.09117
     -1.41000      2.12731      2.12731
     -1.40000      2.06847      2.06847
     -1.39000      1.95459      1.95459
     -1.38000      1.81769      1.81769
     -1.37000      1.88059      1.88059
     -1.36000      2.09734      2.09734
     -1.35000      2.06330      2.06330
     -1.34000      1.78835      1.78835
     -1.33000      1.67237      1.67237
     -1.32000      1.79274      1.79274
     -1.31000      1.94215      1.94215
     -1.30000      2.02590      2.02590
     -1.29000      2.07653      2.07653
     -1.28000      2.03041      2.03041
     -1.27000      1.92445      1.92445
     -1.26000      1.87992      1.87992
     -1.25000      1.85408      1.85408
     -1.24000      1.85886      1.85886
     -1.23000      1.89119      1.89119
     -1.22000      1.89982      1.89982
     -1.21000      1.82760      1.82760
     -1.20000      1.76458      1.76458
     -1.19000      1.77016      1.77016
     -1.18000      1.80686      1.80686
     -1.17000      1.82121      1.82121
     -1.16000      1.78110      1.78110
     -1.15000      1.69321      1.69321
     -1.14000      1.60389      1.60389
     -1.13000      1.58941      1.58941
     -1.12000      1.65569      1.65569
     -1.11000      1.72705      1.72705
     -1.10000      1.69566      1.69566
     -1.09000      1.60219      1.60219
     -1.08000      1.58313      1.58313
     -1.07000      1.65798      1.65798
     -1.06000      1.69069      1.69069
     -1.05000      1.57470      1.57470
     -1.04000      1.50063      1.50063
     -1.03000      1.59630      1.59630
     -1.02000      1.65277      1.65277
     -1.01000      1.53529      1.53529
     -1.00000      1.41489      1.41489
     -0.99000      1.43073      1.43073
     -0.98000      1.51210      1.51210
     -0.97000      1.51970      1.51970
     -0.96000      1.48194      1.48194
     -0.95000      1.46183      1.46183
     -0.94000      1.41417      1.41417
     -0.93000      1.42029      1.42029
     -0.92000      1.48193      1.48193
     -0.91000      1.51829      1.51829
     -0.90000      1.57450      1.57450
     -0.89000      1.59947      1.59947
     -0.88000      1.57236      1.57236
     -0.87000      1.53149      1.53149
     -0.86000      1.46398      1.46398
     -0.85000      1.38710      1.38710
     -0.84000      1.33505      1.33505
     -0.83000      1.37544      1.37544
     -0.82000      1.40459      1.40459
     -0.81000      1.31937      1.31937
     -0.80000      1.27555      1.27555
     -0.79000      1.32638      1.32638
     -0.78000      1.29554      1.29554
     -0.77000      1.23831      1.23831
     -0.76000      1.21508      1.21508
     -0.75000      1.17493      1.17493
     -0.74000      1.13540      1.13540
     -0.73000      1.12341      1.12341
     -0.72000      1.17631      1.17631
     -0.71000      1.22328      1.22328
     -0.70000      1.24222      1.24222
     -0.69000      1.21244      1.21244
     -0.68000      1.14341      1.14341
     -0.67000      1.12458      1.12458
     -0.66000      1.14077      1.14077
     -0.65000      1.10912      1.10912
     -0.64000      1.07400      1.07400
     -0.63000      1.06982      1.06982
     -0.62000      1.04675      1.04675
     -0.61000      0.96340      0.96340
     -0.60000      0.86196      0.86196
     -0.59000      0.87769      0.87769
     -0.58000      0.93393      0.93393
     -0.57000      0.91839      0.91839
     -0.56000      0.90488      0.90488
     -0.55000      0.88397      0.88397
     -0.54000      0.88687      0.88687
     -0.53000      0.93234      0.93234
     -0.52000      0.99518      0.99518
     -0.51000      1.03930      1.03930
     -0.50000      1.03231      1.03231
     -0.49000      0.94816      0.94816
     -0.48000      0.90714      0.90714
     -0.47000      0.92906      0.92906
     -0.46000      0.86396      0.86396
     -0.45000      0.72623      0.72623
     -0.44000      0.68350      0.68350
     -0.43000      0.73891      0.73891
     -0.42000      0.75153      0.75153
     -0.41000      0.73657      0.73657
     -0.40000      0.73599      0.73599
     -0.39000      0.75325      0.75325
     -0.38000      0.76902      0.76902
     -0.37000      0.78845      0.78845
     -0.36000      0.78835      0.78835
     -0.35000      0.72147      0.72147
     -0.34000      0.67598      0.67598
     -0.33000      0.65351      0.65351
     -0.32000      0.61578      0.61578
     -0.31000      0.61496      0.61496
     -0.30000      0.63341      0.63341
     -0.29000      0.60197      0.60197
     -0.28000      0.54470      0.54470
     -0.27000      0.52589      0.52589
     -0.26000      0.56868      0.56868
     -0.25000      0.58437      0.58437
     -0.24000      0.57454      0.57454
     -0.23000      0.55026      0.55026
     -0.22000      0.48858      0.48858
     -0.21000      0.45908      0.45908
     -0.20000      0.49815      0.49815
     -0.19000      0.52010      0.52010
     -0.18000      0.51176      0.51176
     -0.17000      0.53021      0.53021
     -0.16000      0.55725      0.55725
     -0.15000      0.55569      0.55569
     -0.14000      0.54364      0.54364
     -0.13000      0.54142      0.54142
     -0.12000      0.54479      0.54479
     -0.11000      0.51626      0.51626
     -0.10000      0.47855      0.47855
     -0.09000      0.46520      0.46520
     -0.08000      0.44770      0.44770
     -0.07000      0.43610      0.43610
     -0.06000      0.44705      0.44705
     -0.05000      0.45021      0.45021
     -0.04000      0.42668      0.42668
     -0.03000      0.36313      0.36313
     -0.02000      0.32215      0.32215
     -0.01000      0.37367      0.37367
      0.00000      0.46339      0.46339
      0.01000      0.50723      0.50723
      0.02000      0.51839      0.51839
      0.03000      0.51601      0.51601
      0.04000      0.52049      0.52049
      0.05000      0.55782      0.55782
      0.06000      0.61954      0.61954
      0.07000      0.65720      0.65720
      0.08000      0.63468      0.63468
      0.09000      0.56382      0.56382
      0.10000      0.53977      0.53977
      0.11000      0.59008      0.59008
      0.12000      0.64881      0.64881
      0.13000      0.71510      0.71510
      0.14000      0.78681      0.78681
      0.15000      0.86484      0.86484
      0.16000      0.99075      0.99075
      0.17000      1.07419      1.07419
      0.18000      1.08598      1.08598
      0.19000      1.10379      1.10379
      0.20000      1.12212      1.12212
      0.21000      1.17404      1.17404
      0.22000      1.24206      1.24206
      0.23000      1.22976      1.22976
      0.24000      1.23000      1.23000
      0.25000      1.29164      1.29164
      0.26000      1.37030      1.37030
      0.27000      1.43476      1.43476
      0.28000      1.45728      1.45728
      0.29000      1.46064      1.46064
      0.30000      1.46600      1.46600
      0.31000      1.53783      1.53783
      0.32000      1.61311      1.61311
      0.33000      1.61553      1.61553
      0.34000      1.63594      1.63594
      0.35000      1.77084      1.77084
      0.36000      1.90987      1.90987
      0.37000      1.93014      1.93014
      0.38000      1.96949      1.96949
      0.39000      2.13129      2.13129
      0.40000      2.30875      2.30875
      0.41000      2.37162      2.37162
      0.42000      2.35901      2.35901
      0.43000      2.35370      2.35370
      0.44000      2.41232      2.41232
      0.45000      2.52729      2.52729
      0.46000      2.54502      2.54502
      0.47000      2.60732      2.60732
      0.48000      2.83945      2.83945
      0.49000      2.96672      2.96672
      0.50000      2.87887      2.87887
      0.51000      2.90153      2.90153
      0.52000      3.07745      3.07745
      0.53000      3.22894      3.22894
      0.54000      3.26043      3.26043
      0.55000      3.25325      3.25325
      0.56000      3.31392      3.31392
      0.57000      3.49124      3.49124
      0.58000      3.61121      3.61121
      0.59000      3.49790      3.49790
      0.60000      3.44378      3.44378
      0.61000      3.50101      3.50101
      0.62000      3.61014      3.61014
      0.63000      3.78845      3.78845
      0.64000      3.89615      3.89615
      0.65000      3.88831      3.88831
      0.66000      3.80355      3.80355
      0.67000      3.77477      3.77477
      0.68000      4.11341      4.11341
      0.69000      4.57464      4.57464
      0.70000      4.64588      4.64588
      0.71000      4.54390      4.54390
      0.72000      4.47288      4.47288
      0.73000      4.47033      4.47033
      0.74000      4.68645      4.68645
      0.75000      4.92932      4.92932
      0.76000      4.98433      4.98433
      0.77000      4.92294      4.92294
      0.78000      4.84076      4.84076
      0.79000      4.75883      4.75883
      0.80000      4.78780      4.78780
      0.81000      4.76818      4.76818
      0.82000      4.72256      4.72256
      0.83000      4.77295      4.77295
      0.84000      4.93267      4.93267
      0.85000      5.15229      5.15229
      0.86000      5.13553      5.13553
      0.87000      4.98719      4.98719
      0.88000      4.98638      4.98638
      0.89000      5.08557      5.08557
      0.90000      5.03897      5.03897
      0.91000      4.86567      4.86567
      0.92000      4.77103      4.77103
      0.93000      4.69368      4.69368
      0.94000      4.65228      4.65228
      0.95000      4.50305      4.50305
      0.96000      4.30889      4.30889
      0.97000      4.36773      4.36773
      0.98000      4.34957      4.34957
      0.99000      4.12063      4.12063
      1.00000      4.06385      4.06385
      1.01000      3.95564      3.95564
      1.02000      3.78456      3.78456
      1.03000      3.95279      3.95279
      1.04000      4.11155      4.11155
      1.05000      3.95088      3.95088
      1.06000      3.77294      3.77294
      1.07000      3.63067      3.63067
      1.08000      3.49916      3.49916
      1.09000      3.60519      3.60519
      1.10000      3.79853      3.79853
      1.11000      3.76659      3.76659
      1.12000      3.72305      3.72305
      1.13000      3.76232      3.76232
      1.14000      3.67084      3.67084
      1.15000      3.59786      3.59786
      1.16000      3.71857      3.71857
      1.17000      3.81548      3.81548
      1.18000      3.72800      3.72800
      1.19000      3.69630      3.69630
      1.20000      3.79189      3.79189
      1.21000      3.85820      3.85820
      1.22000      3.91708      3.91708
      1.23000      4.04063      4.04063
      1.24000      4.12825      4.12825
      1.25000      4.11508      4.11508
      1.26000      4.04615      4.04615
      1.27000      3.99903      3.99903
      1.28000      3.97015      3.97015
      1.29000      3.93512      3.93512
      1.30000      3.95187      3.95187
      1.31000      3.93027      3.93027
      1.32000      3.86220      3.86220
      1.33000      3.85687      3.85687
      1.34000      3.91719      3.91719
      1.35000      3.93768      3.93768
      1.36000      3.86158      3.86158
      1.37000      3.78199      3.78199
      1.38000      3.78934      3.78934
      1.39000      3.90652      3.90652
      1.40000      3.97951      3.97951
      1.41000      3.93567      3.93567
      1.42000      3.93642      3.93642
      1.43000      4.08315      4.08315
      1.44000      4.24580      4.24580
      1.45000      4.11493      4.11493
      1.46000      3.93891      3.93891
      1.47000      3.97817      3.97817
      1.48000      3.98713      3.98713
      1.49000      3.84448      3.84448
      1.50000      3.80852      3.80852
      1.51000      3.96075      3.96075
      1.52000      4.10519      4.10519
      1.53000      4.07664      4.07664
      1.54000      3.97853      3.97853
      1.55000      4.00826      4.00826
      1.56000      4.01670      4.01670
      1.57000      3.98398      3.98398
      1.58000      4.05054      4.05054
      1.59000      4.11560      4.11560
      1.60000      4.16682      4.16682
      1.61000      4.13097      4.13097
      1.62000      3.90686      3.90686
      1.63000      3.78271      3.78271
      1.64000      3.85773      3.85773
      1.65000      3.86310      3.86310
      1.66000      3.66874      3.66874
      1.67000      3.51710      3.51710
      1.68000      3.52475      3.52475
      1.69000      3.67835      3.67835
      1.70000      3.95297      3.95297
      1.71000      4.22929      4.22929
      1.72000      4.32973      4.32973
      1.73000      4.18297      4.18297
      1.74000      3.98525      3.98525
      1.75000      3.90874      3.90874
      1.76000      3.90815      3.90815
      1.77000      3.93354      3.93354
      1.78000      3.94847      3.94847
      1.79000      3.88452      3.88452
      1.80000      3.82470      3.82470
      1.81000      3.90614      3.90614
      1.82000      3.92352      3.92352
      1.83000      3.73104      3.73104
      1.84000      3.51541      3.51541
      1.85000      3.54883      3.54883
      1.86000      3.89833      3.89833
      1.87000      4.17405      4.17405
      1.88000      4.18365      4.18365
      1.89000      4.04474      4.04474
      1.90000      3.93176      3.93176
      1.91000      3.92382      3.92382
      1.92000      3.91696      3.91696
      1.93000      3.89413      3.89413
      1.94000      3.88387      3.88387
      1.95000      3.87441      3.87441
      1.96000      3.86667      3.86667
      1.97000      3.83035      3.83035
      1.98000      3.78373      3.78373
      1.99000      3.75100      3.75100
      2.00000      3.87989      3.87989
      2.01000      4.09888      4.09888
      2.02000      4.22648      4.22648
      2.03000      4.47675      4.47675
      2.04000      4.62016      4.62016
      2.05000      4.63802      4.63802
      2.06000      4.76952      4.76952
      2.07000      4.78969      4.78969
      2.08000      4.60857      4.60857
      2.09000      4.47013      4.47013
      2.10000      4.50254      4.50254
      2.11000      4.58432      4.58432
      2.12000      4.60391      4.60391
      2.13000      4.50878      4.50878
      2.14000      4.31306      4.31306
      2.15000      4.10624      4.10624
      2.16000      4.06689      4.06689
      2.17000      4.16224      4.16224
      2.18000      4.11356      4.11356
      2.19000      3.96970      3.96970
      2.20000      4.00196      4.00196
      2.21000      4.23889      4.23889
      2.22000      4.37138      4.37138
      2.23000      4.23309      4.23309
      2.24000      4.07198      4.07198
      2.25000      4.05503      4.05503
      2.26000      4.12811      4.12811
      2.27000      4.14034      4.14034
      2.28000      4.16671      4.16671
      2.29000      4.29087      4.29087
      2.30000      4.35292      4.35292
      2.31000      4.40786      4.40786
      2.32000      4.48651      4.48651
      2.33000      4.32378      4.32378
      2.34000      4.15424      4.15424
      2.35000      4.26135      4.26135
      2.36000      4.55891      4.55891
      2.37000      4.86803      4.86803
      2.38000      5.17770      5.17770
      2.39000      5.33737      5.33737
      2.40000      5.13293      5.13293
      2.41000      4.85132      4.85132
      2.42000      4.79108      4.79108
      2.43000      4.90351      4.90351
      2.44000      5.12343      5.12343
      2.45000      5.37766      5.37766
      2.46000      5.52991      5.52991
      2.47000      5.53634      5.53634
      2.48000      5.43410      5.43410
      2.49000      5.41208      5.41208
      2.50000      5.53033      5.53033
      2.51000      5.58477      5.58477
      2.52000      5.57337      5.57337
      2.53000      5.73874      5.73874
      2.54000      5.92046      5.92046
      2.55000      5.96677      5.96677
      2.56000      6.03555      6.03555
      2.57000      6.05302      6.05302
      2.58000      6.13943      6.13943
      2.59000      6.28586      6.28586
      2.60000      6.06424      6.06424
      2.61000      5.67762      5.67762
      2.62000      5.61590      5.61590
      2.63000      5.77686      5.77686
      2.64000      5.68241      5.68241
      2.65000      5.38485      5.38485
      2.66000      5.20026      5.20026
      2.67000      5.15847      5.15847
      2.68000      5.20319      5.20319
      2.69000      5.24102      5.24102
      2.70000      5.09298      5.09298
      2.71000      4.86991      4.86991
      2.72000      4.66580      4.66580
      2.73000      4.49645      4.49645
      2.74000      4.32271      4.32271
      2.75000      4.12747      4.12747
      2.76000      3.97559      3.97559
      2.77000      3.76971      3.76971
      2.78000      3.62249      3.62249
      2.79000      3.62099      3.62099
      2.80000      3.69002      3.69002
      2.81000      3.85516      3.85516
      2.82000      3.99534      3.99534
      2.83000      3.94666      3.94666
      2.84000      3.82519      3.82519
      2.85000      3.72198      3.72198
      2.86000      3.59132      3.59132
      2.87000      3.45088      3.45088
      2.88000      3.37461      3.37461
      2.89000      3.42980      3.42980
      2.90000      3.52389      3.52389
      2.91000      3.44461      3.44461
      2.92000      3.29048      3.29048
      2.93000      3.23763      3.23763
      2.94000      3.25419      3.25419
      2.95000      3.31917      3.31917
      2.96000      3.51851      3.51851
      2.97000      3.57689      3.57689
      2.98000      3.40095      3.40095
      2.99000      3.30907      3.30907
      3.00000      3.37157      3.37157
      3.01000      3.38387      3.38387
      3.02000      3.34768      3.34768
      3.03000      3.39508      3.39508
      3.04000      3.51102      3.51102
      3.05000      3.58697      3.58697
      3.06000      3.53932      3.53932
      3.07000      3.39767      3.39767
      3.08000      3.28166      3.28166
      3.09000      3.20354      3.20354
      3.10000      3.16366      3.16366
      3.11000      3.29099      3.29099
      3.12000      3.40439      3.40439
      3.13000      3.33235      3.33235
      3.14000      3.15484      3.15484
      3.15000      2.95311      2.95311
      3.16000      2.90577      2.90577
      3.17000      3.05873      3.05873
      3.18000      3.38310      3.38310
      3.19000      3.54348      3.54348
      3.20000      3.44018      3.44018
      3.21000      3.29951      3.29951
      3.22000      3.15464      3.15464
      3.23000      3.11648      3.11648
      3.24000      3.10937      3.10937
      3.25000      3.02952      3.02952
      3.26000      3.04612      3.04612
      3.27000      3.20557      3.20557
      3.28000      3.35004      3.35004
      3.29000      3.41442      3.41442
      3.30000      3.34407      3.34407
      3.31000      3.24595      3.24595
      3.32000      3.21976      3.21976
      3.33000      3.13313      3.13313
      3.34000      3.06790      3.06790
      3.35000      3.17652      3.17652
      3.36000      3.43009      3.43009
      3.37000      3.59733      3.59733
      3.38000      3.52532      3.52532
      3.39000      3.37987      3.37987
      3.40000      3.25270      3.25270
      3.41000      3.19283      3.19283
      3.42000      3.15949      3.15949
      3.43000      3.14296      3.14296
      3.44000      3.25374      3.25374
      3.45000      3.34135      3.34135
      3.46000      3.29601      3.29601
      3.47000      3.27124      3.27124
      3.48000      3.28818      3.28818
      3.49000      3.26922      3.26922
      3.50000      3.20486      3.20486
      3.51000      3.15525      3.15525
      3.52000      3.21238      3.21238
      3.53000      3.37689      3.37689
      3.54000      3.57859      3.57859
      3.55000      3.70649      3.70649
      3.56000      3.64615      3.64615
      3.57000      3.44224      3.44224
      3.58000      3.28942      3.28942
      3.59000      3.20841      3.20841
      3.60000      3.18278      3.18278
      3.61000      3.24207      3.24207
      3.62000      3.32440      3.32440
      3.63000      3.33730      3.33730
      3.64000      3.32526      3.32526
      3.65000      3.38414      3.38414
      3.66000      3.36584      3.36584
      3.67000      3.33122      3.33122
      3.68000      3.38838      3.38838
      3.69000      3.41155      3.41155
      3.70000      3.33096      3.33096
      3.71000      3.27026      3.27026
      3.72000      3.41146      3.41146
      3.73000      3.65850      3.65850
      3.74000      3.72768      3.72768
      3.75000      3.59008      3.59008
      3.76000      3.47793      3.47793
      3.77000      3.41285      3.41285
      3.78000      3.33918      3.33918
      3.79000      3.30402      3.30402
      3.80000      3.37133      3.37133
      3.81000      3.40686      3.40686
      3.82000      3.35609      3.35609
      3.83000      3.33084      3.33084
      3.84000      3.37957      3.37957
      3.85000      3.43340      3.43340
      3.86000      3.41863      3.41863
      3.87000      3.32664      3.32664
      3.88000      3.26555      3.26555
      3.89000      3.38099      3.38099
      3.90000      3.57146      3.57146
      3.91000      3.70958      3.70958
      3.92000      3.76376      3.76376
      3.93000      3.56084      3.56084
      3.94000      3.33064      3.33064
      3.95000      3.36369      3.36369
      3.96000      3.47764      3.47764
      3.97000      3.47972      3.47972
      3.98000      3.44499      3.44499
      3.99000      3.45859      3.45859
      4.00000      3.58946      3.58946
      4.01000      3.60187      3.60187
      4.02000      3.27311      3.27311
      4.03000      3.11461      3.11461
      4.04000      3.20496      3.20496
      4.05000      3.27687      3.27687
      4.06000      3.44248      3.44248
      4.07000      3.58963      3.58963
      4.08000      3.62342      3.62342
      4.09000      3.59645      3.59645
      4.10000      3.49373      3.49373
      4.11000      3.25190      3.25190
      4.12000      3.22831      3.22831
      4.13000      3.33880      3.33880
      4.14000      3.29210      3.29210
      4.15000      3.17651      3.17651
      4.16000      3.20299      3.20299
      4.17000      3.33026      3.33026
      4.18000      3.37858      3.37858
      4.19000      3.34512      3.34512
      4.20000      3.25061      3.25061
      4.21000      2.96567      2.96567
      4.22000      2.59225      2.59225
      4.23000      2.43033      2.43033
      4.24000      2.52464      2.52464
      4.25000      2.74236      2.74236
      4.26000      2.94814      2.94814
      4.27000      2.93700      2.93700
      4.28000      2.72491      2.72491
      4.29000      2.58163      2.58163
      4.30000      2.61056      2.61056
      4.31000      2.67563      2.67563
      4.32000      2.64948      2.64948
      4.33000      2.59901      2.59901
      4.34000      2.54231      2.54231
      4.35000      2.51537      2.51537
      4.36000      2.42473      2.42473
      4.37000      2.27834      2.27834
      4.38000      2.29115      2.29115
      4.39000      2.38051      2.38051
      4.40000      2.40094      2.40094
      4.41000      2.36791      2.36791
      4.42000      2.34239      2.34239
      4.43000      2.38999      2.38999
      4.44000      2.33549      2.33549
      4.45000      2.14208      2.14208
      4.46000      2.08085      2.08085
      4.47000      2.22347      2.22347
      4.48000      2.22606      2.22606
      4.49000      2.05094      2.05094
      4.50000      2.02527      2.02527
      4.51000      2.13671      2.13671
      4.52000      2.11418      2.11418
      4.53000      2.00738      2.00738
      4.54000      1.97785      1.97785
      4.55000      2.02280      2.02280
      4.56000      2.08993      2.08993
      4.57000      2.14993      2.14993
