Energy-E_F (eV)    DOS (1/eV)    PDOS (1/eV)  of atom type Tl 
     -4.99000      0.02437      0.00000
     -4.98000      0.00155      0.00000
     -4.97000      0.00395      0.00000
     -4.96000      0.04848      0.00000
     -4.95000      0.22062      0.00000
     -4.94000      0.36935      0.00000
     -4.93000      0.22748      0.00000
     -4.92000      0.05154      0.00000
     -4.91000      0.00430      0.00000
     -4.90000      0.00016      0.00000
     -4.89000      0.00152      0.00000
     -4.88000      0.03098      0.00000
     -4.87000      0.23320      0.00000
     -4.86000      0.64581      0.00000
     -4.85000      0.65796      0.00000
     -4.84000      0.24665      0.00000
     -4.83000      0.03670      0.00000
     -4.82000      0.05525      0.00000
     -4.81000      0.40266      0.00000
     -4.80000      1.16818      0.00000
     -4.79000      1.33574      0.00000
     -4.78000      0.61989      0.00000
     -4.77000      0.17917      0.00000
     -4.76000      0.36140      0.00000
     -4.75000      0.74383      0.00000
     -4.74000      0.79204      0.00000
     -4.73000      1.21243      0.00000
     -4.72000      1.78740      0.00000
     -4.71000      1.17589      0.00000
     -4.70000      0.31465      0.00000
     -4.69000      0.03416      0.00000
     -4.68000      0.00167      0.00000
     -4.67000      0.00586      0.00000
     -4.66000      0.07309      0.00000
     -4.65000      0.39834      0.00000
     -4.64000      1.04167      0.00000
     -4.63000      1.30892      0.00000
     -4.62000      0.77200      0.00000
     -4.61000      0.57249      0.00000
     -4.60000      1.24449      0.00000
     -4.59000      1.75837      0.00000
     -4.58000      1.38140      0.00000
     -4.57000      0.58352      0.00000
     -4.56000      0.15167      0.00000
     -4.55000      0.27847      0.00000
     -4.54000      0.67695      0.00000
     -4.53000      0.63024      0.00000
     -4.52000      0.29272      0.00000
     -4.51000      0.42824      0.00000
     -4.50000      0.73603      0.00000
     -4.49000      0.49448      0.00000
     -4.48000      0.12511      0.00000
     -4.47000      0.05847      0.00000
     -4.46000      0.30400      0.00000
     -4.45000      0.76056      0.00000
     -4.44000      0.93369      0.00000
     -4.43000      0.92195      0.00000
     -4.42000      0.81487      0.00000
     -4.41000      0.65839      0.00000
     -4.40000      1.08403      0.00000
     -4.39000      2.81783      0.00000
     -4.38000      4.16342      0.00000
     -4.37000      3.42529      0.00000
     -4.36000      2.03241      0.00000
     -4.35000      1.37264      0.00000
     -4.34000      0.79283      0.00000
     -4.33000      0.25466      0.00000
     -4.32000      0.33735      0.00000
     -4.31000      0.96115      0.00000
     -4.30000      1.26209      0.00000
     -4.29000      1.27570      0.00000
     -4.28000      1.75101      0.00000
     -4.27000      1.86996      0.00000
     -4.26000      1.51848      0.00000
     -4.25000      1.21607      0.00000
     -4.24000      0.82323      0.00000
     -4.23000      0.92202      0.00000
     -4.22000      1.76240      0.00000
     -4.21000      2.21775      0.00000
     -4.20000      2.14000      0.00000
     -4.19000      2.03905      0.00000
     -4.18000      2.06217      0.00000
     -4.17000      1.86150      0.00000
     -4.16000      1.55595      0.00000
     -4.15000      1.57074      0.00000
     -4.14000      1.43323      0.00000
     -4.13000      0.80103      0.00000
     -4.12000      0.27845      0.00000
     -4.11000      0.29422      0.00000
     -4.10000      0.53708      0.00000
     -4.09000      0.76808      0.00000
     -4.08000      0.74928      0.00000
     -4.07000      0.35228      0.00000
     -4.06000      0.28670      0.00000
     -4.05000      0.94819      0.00000
     -4.04000      2.15804      0.00000
     -4.03000      3.26332      0.00000
     -4.02000      3.66932      0.00000
     -4.01000      3.41338      0.00000
     -4.00000      2.68388      0.00000
     -3.99000      1.79388      0.00000
     -3.98000      1.53770      0.00000
     -3.97000      1.76188      0.00000
     -3.96000      1.74008      0.00000
     -3.95000      1.76170      0.00000
     -3.94000      1.79399      0.00000
     -3.93000      1.75253      0.00000
     -3.92000      2.06314      0.00000
     -3.91000      2.38987      0.00000
     -3.90000      2.33275      0.00000
     -3.89000      2.66000      0.00000
     -3.88000      2.62372      0.00000
     -3.87000      1.71042      0.00000
     -3.86000      1.26143      0.00000
     -3.85000      1.92028      0.00000
     -3.84000      2.49706      0.00000
     -3.83000      2.32532      0.00000
     -3.82000      2.03996      0.00000
     -3.81000      1.62638      0.00000
     -3.80000      1.37350      0.00000
     -3.79000      1.91597      0.00000
     -3.78000      2.63085      0.00000
     -3.77000      2.36682      0.00000
     -3.76000      1.53442      0.00000
     -3.75000      0.91307      0.00000
     -3.74000      0.85094      0.00000
     -3.73000      1.22219      0.00000
     -3.72000      1.90436      0.00000
     -3.71000      2.82362      0.00000
     -3.70000      3.43607      0.00000
     -3.69000      3.58622      0.00000
     -3.68000      2.90989      0.00000
     -3.67000      2.23323      0.00000
     -3.66000      1.66143      0.00000
     -3.65000      1.25589      0.00000
     -3.64000      2.31478      0.00000
     -3.63000      4.30884      0.00000
     -3.62000      4.80070      0.00000
     -3.61000      4.12873      0.00000
     -3.60000      4.09402      0.00000
     -3.59000      4.53591      0.00000
     -3.58000      4.73172      0.00000
     -3.57000      3.71186      0.00000
     -3.56000      2.85526      0.00000
     -3.55000      2.45165      0.00000
     -3.54000      1.85597      0.00000
     -3.53000      2.84219      0.00000
     -3.52000      4.59533      0.00000
     -3.51000      4.95039      0.00000
     -3.50000      3.96444      0.00000
     -3.49000      2.77850      0.00000
     -3.48000      2.44425      0.00000
     -3.47000      2.45151      0.00000
     -3.46000      2.64800      0.00000
     -3.45000      3.02853      0.00000
     -3.44000      3.70789      0.00000
     -3.43000      3.51132      0.00000
     -3.42000      2.68972      0.00000
     -3.41000      2.23121      0.00000
     -3.40000      2.18149      0.00000
     -3.39000      2.69173      0.00000
     -3.38000      2.95429      0.00000
     -3.37000      2.34704      0.00000
     -3.36000      2.04570      0.00000
     -3.35000      2.75657      0.00000
     -3.34000      3.42460      0.00000
     -3.33000      3.22788      0.00000
     -3.32000      2.51065      0.00000
     -3.31000      1.80982      0.00000
     -3.30000      2.22076      0.00000
     -3.29000      4.27938      0.00000
     -3.28000      4.78439      0.00000
     -3.27000      3.15965      0.00000
     -3.26000      2.33460      0.00000
     -3.25000      2.12848      0.00000
     -3.24000      1.96155      0.00000
     -3.23000      2.03326      0.00000
     -3.22000      2.49970      0.00000
     -3.21000      2.94054      0.00000
     -3.20000      2.25266      0.00000
     -3.19000      1.87153      0.00000
     -3.18000      1.96398      0.00000
     -3.17000      1.35856      0.00000
     -3.16000      1.09840      0.00000
     -3.15000      1.13562      0.00000
     -3.14000      1.11434      0.00000
     -3.13000      1.07640      0.00000
     -3.12000      1.08547      0.00000
     -3.11000      1.49063      0.00000
     -3.10000      2.46860      0.00000
     -3.09000      3.20244      0.00000
     -3.08000      3.23859      0.00000
     -3.07000      3.72870      0.00000
     -3.06000      4.41178      0.00000
     -3.05000      4.59493      0.00000
     -3.04000      3.60638      0.00000
     -3.03000      2.26805      0.00000
     -3.02000      1.31092      0.00000
     -3.01000      1.18105      0.00000
     -3.00000      1.51262      0.00000
     -2.99000      1.65326      0.00000
     -2.98000      2.16053      0.00000
     -2.97000      3.24685      0.00000
     -2.96000      3.59299      0.00000
     -2.95000      2.88216      0.00000
     -2.94000      1.72991      0.00000
     -2.93000      0.96443      0.00000
     -2.92000      1.35549      0.00000
     -2.91000      2.48620      0.00000
     -2.90000      3.06396      0.00000
     -2.89000      2.19856      0.00000
     -2.88000      1.72223      0.00000
     -2.87000      2.16419      0.00000
     -2.86000      2.29321      0.00000
     -2.85000      1.40699      0.00000
     -2.84000      0.50727      0.00000
     -2.83000      0.73328      0.00000
     -2.82000      1.82231      0.00000
     -2.81000      2.55027      0.00000
     -2.80000      2.17114      0.00000
     -2.79000      1.32893      0.00000
     -2.78000      1.26831      0.00000
     -2.77000      1.69453      0.00000
     -2.76000      1.89015      0.00000
     -2.75000      1.79917      0.00000
     -2.74000      1.81346      0.00000
     -2.73000      1.87712      0.00000
     -2.72000      2.32193      0.00000
     -2.71000      2.51407      0.00000
     -2.70000      1.91788      0.00000
     -2.69000      1.26894      0.00000
     -2.68000      0.88227      0.00000
     -2.67000      0.98446      0.00000
     -2.66000      1.02625      0.00000
     -2.65000      0.50338      0.00000
     -2.64000      0.10758      0.00000
     -2.63000      0.07367      0.00000
     -2.62000      0.41367      0.00000
     -2.61000      1.19712      0.00000
     -2.60000      2.12766      0.00000
     -2.59000      2.77934      0.00000
     -2.58000      2.29100      0.00000
     -2.57000      1.91899      0.00000
     -2.56000      2.47032      0.00000
     -2.55000      2.48913      0.00000
     -2.54000      2.55514      0.00000
     -2.53000      3.27181      0.00000
     -2.52000      3.91251      0.00000
     -2.51000      3.12524      0.00000
     -2.50000      2.09519      0.00000
     -2.49000      1.47707      0.00000
     -2.48000      1.22933      0.00000
     -2.47000      1.69757      0.00000
     -2.46000      2.27126      0.00000
     -2.45000      2.48695      0.00000
     -2.44000      2.48833      0.00000
     -2.43000      1.77347      0.00000
     -2.42000      1.21689      0.00000
     -2.41000      1.25901      0.00000
     -2.40000      1.27579      0.00000
     -2.39000      1.56039      0.00000
     -2.38000      1.18840      0.00000
     -2.37000      0.76702      0.00000
     -2.36000      1.63635      0.00000
     -2.35000      3.10827      0.00000
     -2.34000      3.16202      0.00000
     -2.33000      1.83040      0.00000
     -2.32000      1.30139      0.00000
     -2.31000      1.41756      0.00000
     -2.30000      1.26902      0.00000
     -2.29000      1.57918      0.00000
     -2.28000      2.58468      0.00000
     -2.27000      3.01928      0.00000
     -2.26000      2.71841      0.00000
     -2.25000      2.00487      0.00000
     -2.24000      1.19543      0.00000
     -2.23000      1.01581      0.00000
     -2.22000      1.49263      0.00000
     -2.21000      1.64702      0.00000
     -2.20000      2.02613      0.00000
     -2.19000      2.97922      0.00000
     -2.18000      3.28593      0.00000
     -2.17000      3.71054      0.00000
     -2.16000      4.33868      0.00000
     -2.15000      3.86293      0.00000
     -2.14000      3.02605      0.00000
     -2.13000      2.73816      0.00000
     -2.12000      3.11833      0.00000
     -2.11000      4.05120      0.00000
     -2.10000      4.29211      0.00000
     -2.09000      3.55651      0.00000
     -2.08000      2.47687      0.00000
     -2.07000      1.56013      0.00000
     -2.06000      1.32981      0.00000
     -2.05000      1.64618      0.00000
     -2.04000      2.60524      0.00000
     -2.03000      3.46732      0.00000
     -2.02000      3.22136      0.00000
     -2.01000      2.25242      0.00000
     -2.00000      1.59484      0.00000
     -1.99000      1.38681      0.00000
     -1.98000      1.10532      0.00000
     -1.97000      0.79336      0.00000
     -1.96000      1.25385      0.00000
     -1.95000      2.65671      0.00000
     -1.94000      3.75496      0.00000
     -1.93000      2.73929      0.00000
     -1.92000      0.98814      0.00000
     -1.91000      0.47195      0.00000
     -1.90000      1.11545      0.00000
     -1.89000      1.60039      0.00000
     -1.88000      1.54376      0.00000
     -1.87000      1.65320      0.00000
     -1.86000      1.40061      0.00000
     -1.85000      1.47560      0.00000
     -1.84000      2.21723      0.00000
     -1.83000      2.25285      0.00000
     -1.82000      1.09545      0.00000
     -1.81000      0.71655      0.00000
     -1.80000      1.60241      0.00000
     -1.79000      2.29915      0.00000
     -1.78000      2.49096      0.00000
     -1.77000      3.06718      0.00000
     -1.76000      3.97684      0.00000
     -1.75000      4.56144      0.00000
     -1.74000      3.51925      0.00000
     -1.73000      2.34944      0.00000
     -1.72000      1.80000      0.00000
     -1.71000      1.66433      0.00000
     -1.70000      1.29269      0.00000
     -1.69000      0.88455      0.00000
     -1.68000      1.41931      0.00000
     -1.67000      1.82199      0.00000
     -1.66000      1.23272      0.00000
     -1.65000      0.60455      0.00000
     -1.64000      0.79359      0.00000
     -1.63000      1.59020      0.00000
     -1.62000      1.75535      0.00000
     -1.61000      1.94262      0.00000
     -1.60000      2.70997      0.00000
     -1.59000      2.34246      0.00000
     -1.58000      1.51863      0.00000
     -1.57000      1.17618      0.00000
     -1.56000      0.92954      0.00000
     -1.55000      0.84396      0.00000
     -1.54000      0.80648      0.00000
     -1.53000      0.70398      0.00000
     -1.52000      0.78190      0.00000
     -1.51000      0.49664      0.00000
     -1.50000      0.21991      0.00000
     -1.49000      0.57952      0.00000
     -1.48000      1.47230      0.00000
     -1.47000      2.63606      0.00000
     -1.46000      4.04204      0.00000
     -1.45000      3.95001      0.00000
     -1.44000      2.42590      0.00000
     -1.43000      2.26590      0.00000
     -1.42000      2.56401      0.00000
     -1.41000      1.62774      0.00000
     -1.40000      0.51477      0.00000
     -1.39000      0.28581      0.00000
     -1.38000      0.91032      0.00000
     -1.37000      1.56977      0.00000
     -1.36000      1.44812      0.00000
     -1.35000      1.10868      0.00000
     -1.34000      1.22290      0.00000
     -1.33000      2.07002      0.00000
     -1.32000      2.74002      0.00000
     -1.31000      2.93649      0.00000
     -1.30000      2.62382      0.00000
     -1.29000      2.08470      0.00000
     -1.28000      1.84654      0.00000
     -1.27000      1.83343      0.00000
     -1.26000      1.95763      0.00000
     -1.25000      1.86911      0.00000
     -1.24000      1.40670      0.00000
     -1.23000      1.30236      0.00000
     -1.22000      2.27086      0.00000
     -1.21000      3.46329      0.00000
     -1.20000      3.56909      0.00000
     -1.19000      2.96170      0.00000
     -1.18000      2.34068      0.00000
     -1.17000      2.50421      0.00000
     -1.16000      3.91129      0.00000
     -1.15000      6.00752      0.00000
     -1.14000      6.02780      0.00000
     -1.13000      4.36784      0.00000
     -1.12000      3.20564      0.00000
     -1.11000      2.28075      0.00000
     -1.10000      2.11999      0.00000
     -1.09000      2.50139      0.00000
     -1.08000      2.26068      0.00000
     -1.07000      1.94782      0.00000
     -1.06000      2.13711      0.00000
     -1.05000      2.22021      0.00000
     -1.04000      1.94705      0.00000
     -1.03000      2.34704      0.00000
     -1.02000      2.89145      0.00000
     -1.01000      3.49645      0.00000
     -1.00000      3.88764      0.00000
     -0.99000      2.79497      0.00000
     -0.98000      1.56751      0.00000
     -0.97000      1.65982      0.00000
     -0.96000      2.01678      0.00000
     -0.95000      2.31057      0.00000
     -0.94000      2.87273      0.00000
     -0.93000      2.94309      0.00000
     -0.92000      2.15348      0.00000
     -0.91000      1.88824      0.00000
     -0.90000      2.76066      0.00000
     -0.89000      3.91163      0.00000
     -0.88000      4.13888      0.00000
     -0.87000      2.65287      0.00000
     -0.86000      1.54135      0.00000
     -0.85000      2.02861      0.00000
     -0.84000      2.18899      0.00000
     -0.83000      1.16623      0.00000
     -0.82000      0.34742      0.00000
     -0.81000      0.42504      0.00000
     -0.80000      1.03159      0.00000
     -0.79000      1.49551      0.00000
     -0.78000      1.51410      0.00000
     -0.77000      1.33576      0.00000
     -0.76000      1.78602      0.00000
     -0.75000      2.30241      0.00000
     -0.74000      2.55979      0.00000
     -0.73000      3.41495      0.00000
     -0.72000      3.32783      0.00000
     -0.71000      2.43503      0.00000
     -0.70000      2.39517      0.00000
     -0.69000      2.11960      0.00000
     -0.68000      1.19532      0.00000
     -0.67000      0.35156      0.00000
     -0.66000      0.04674      0.00000
     -0.65000      0.04242      0.00000
     -0.64000      0.36386      0.00000
     -0.63000      1.37725      0.00000
     -0.62000      2.44127      0.00000
     -0.61000      2.68777      0.00000
     -0.60000      3.20647      0.00000
     -0.59000      3.94152      0.00000
     -0.58000      3.82430      0.00000
     -0.57000      2.80833      0.00000
     -0.56000      1.44861      0.00000
     -0.55000      0.81700      0.00000
     -0.54000      1.31432      0.00000
     -0.53000      2.63881      0.00000
     -0.52000      2.86734      0.00000
     -0.51000      1.88351      0.00000
     -0.50000      1.79648      0.00000
     -0.49000      2.76461      0.00000
     -0.48000      3.29403      0.00000
     -0.47000      2.47737      0.00000
     -0.46000      1.81232      0.00000
     -0.45000      2.26257      0.00000
     -0.44000      2.76902      0.00000
     -0.43000      2.68022      0.00000
     -0.42000      2.29513      0.00000
     -0.41000      2.35513      0.00000
     -0.40000      1.62420      0.00000
     -0.39000      0.48373      0.00000
     -0.38000      0.09784      0.00000
     -0.37000      0.29684      0.00000
     -0.36000      0.87762      0.00000
     -0.35000      1.43508      0.00000
     -0.34000      1.75659      0.00000
     -0.33000      1.97101      0.00000
     -0.32000      1.96449      0.00000
     -0.31000      1.62249      0.00000
     -0.30000      1.45249      0.00000
     -0.29000      1.09620      0.00000
     -0.28000      0.50406      0.00000
     -0.27000      0.77204      0.00000
     -0.26000      1.99997      0.00000
     -0.25000      2.91116      0.00000
     -0.24000      3.33993      0.00000
     -0.23000      3.68452      0.00000
     -0.22000      3.01735      0.00000
     -0.21000      1.77705      0.00000
     -0.20000      1.49593      0.00000
     -0.19000      1.96885      0.00000
     -0.18000      2.83782      0.00000
     -0.17000      3.72021      0.00000
     -0.16000      3.36838      0.00000
     -0.15000      2.24353      0.00000
     -0.14000      1.86681      0.00000
     -0.13000      2.41489      0.00000
     -0.12000      2.54522      0.00000
     -0.11000      2.47724      0.00000
     -0.10000      3.21433      0.00000
     -0.09000      4.00988      0.00000
     -0.08000      4.09878      0.00000
     -0.07000      4.09303      0.00000
     -0.06000      3.92020      0.00000
     -0.05000      2.73607      0.00000
     -0.04000      1.19540      0.00000
     -0.03000      1.28243      0.00000
     -0.02000      3.01793      0.00000
     -0.01000      4.51107      0.00000
     -0.00000      4.24409      0.00000
      0.01000      2.31068      0.00000
      0.02000      1.43947      0.00000
      0.03000      2.31638      0.00000
      0.04000      2.65887      0.00000
      0.05000      1.87891      0.00000
      0.06000      0.97149      0.00000
      0.07000      0.31992      0.00000
      0.08000      0.21367      0.00000
      0.09000      0.66715      0.00000
      0.10000      1.24144      0.00000
      0.11000      1.63513      0.00000
      0.12000      2.00372      0.00000
      0.13000      2.14067      0.00000
      0.14000      2.15570      0.00000
      0.15000      2.31709      0.00000
      0.16000      2.30979      0.00000
      0.17000      2.17438      0.00000
      0.18000      1.30773      0.00000
      0.19000      0.41542      0.00000
      0.20000      0.59915      0.00000
      0.21000      1.91392      0.00000
      0.22000      3.31782      0.00000
      0.23000      3.65118      0.00000
      0.24000      3.54230      0.00000
      0.25000      4.04293      0.00000
      0.26000      4.00131      0.00000
      0.27000      2.86674      0.00000
      0.28000      2.52448      0.00000
      0.29000      2.89347      0.00000
      0.30000      2.21610      0.00000
      0.31000      1.17425      0.00000
      0.32000      0.84474      0.00000
      0.33000      0.78959      0.00000
      0.34000      1.11415      0.00000
      0.35000      1.57575      0.00000
      0.36000      1.25375      0.00000
      0.37000      0.46032      0.00000
      0.38000      0.12690      0.00000
      0.39000      0.45598      0.00000
      0.40000      1.40448      0.00000
      0.41000      2.04849      0.00000
      0.42000      2.00933      0.00000
      0.43000      1.92102      0.00000
      0.44000      1.85601      0.00000
      0.45000      1.99854      0.00000
      0.46000      2.49144      0.00000
      0.47000      2.67388      0.00000
      0.48000      2.53496      0.00000
      0.49000      2.47876      0.00000
      0.50000      2.17269      0.00000
      0.51000      2.30903      0.00000
      0.52000      3.02626      0.00000
      0.53000      3.03890      0.00000
      0.54000      2.95612      0.00000
      0.55000      3.70788      0.00000
