Energy-E_F (eV)    DOS (1/eV)    PDOS (1/eV)  of atom type Pb 
     -4.99000      4.24295      4.24295
     -4.98000      2.71290      2.71290
     -4.97000      0.68114      0.68114
     -4.96000      0.06725      0.06725
     -4.95000      0.05463      0.05463
     -4.94000      0.53718      0.53718
     -4.93000      2.27339      2.27339
     -4.92000      4.41385      4.41385
     -4.91000      4.24720      4.24720
     -4.90000      1.94604      1.94604
     -4.89000      0.38549      0.38549
     -4.88000      0.04133      0.04133
     -4.87000      0.17017      0.17017
     -4.86000      1.01669      1.01669
     -4.85000      2.50377      2.50377
     -4.84000      3.50681      3.50681
     -4.83000      3.79468      3.79468
     -4.82000      2.30452      2.30452
     -4.81000      0.85962      0.85962
     -4.80000      1.34905      1.34905
     -4.79000      2.15759      2.15759
     -4.78000      1.39015      1.39015
     -4.77000      0.34844      0.34844
     -4.76000      0.07292      0.07292
     -4.75000      0.41124      0.41124
     -4.74000      1.56170      1.56170
     -4.73000      2.20303      2.20303
     -4.72000      1.37548      1.37548
     -4.71000      1.75402      1.75402
     -4.70000      4.03572      4.03572
     -4.69000      4.72863      4.72863
     -4.68000      2.69449      2.69449
     -4.67000      1.57417      1.57417
     -4.66000      3.63246      3.63246
     -4.65000      5.84537      5.84537
     -4.64000      4.42453      4.42453
     -4.63000      1.87109      1.87109
     -4.62000      1.79293      1.79293
     -4.61000      3.14827      3.14827
     -4.60000      2.48087      2.48087
     -4.59000      0.77525      0.77525
     -4.58000      0.16801      0.16801
     -4.57000      0.60923      0.60923
     -4.56000      2.09257      2.09257
     -4.55000      3.10811      3.10811
     -4.54000      2.03084      2.03084
     -4.53000      1.25463      1.25463
     -4.52000      2.32644      2.32644
     -4.51000      2.92464      2.92464
     -4.50000      2.28210      2.28210
     -4.49000      2.55079      2.55079
     -4.48000      3.49368      3.49368
     -4.47000      4.27060      4.27060
     -4.46000      5.46126      5.46126
     -4.45000      5.73309      5.73309
     -4.44000      4.12295      4.12295
     -4.43000      3.97582      3.97582
     -4.42000      6.18161      6.18161
     -4.41000      7.56951      7.56951
     -4.40000      6.84336      6.84336
     -4.39000      4.52492      4.52492
     -4.38000      3.08119      3.08119
     -4.37000      2.57206      2.57206
     -4.36000      1.54722      1.54722
     -4.35000      1.79724      1.79724
     -4.34000      4.27152      4.27152
     -4.33000      5.29831      5.29831
     -4.32000      3.50897      3.50897
     -4.31000      1.49777      1.49777
     -4.30000      0.68757      0.68757
     -4.29000      1.47073      1.47073
     -4.28000      2.52480      2.52480
     -4.27000      3.18251      3.18251
     -4.26000      5.27594      5.27594
     -4.25000      6.88976      6.88976
     -4.24000      6.62640      6.62640
     -4.23000      4.73105      4.73105
     -4.22000      2.19151      2.19151
     -4.21000      1.78392      1.78392
     -4.20000      3.75134      3.75134
     -4.19000      6.10615      6.10615
     -4.18000      6.31736      6.31736
     -4.17000      3.42480      3.42480
     -4.16000      0.86212      0.86212
     -4.15000      0.09524      0.09524
     -4.14000      0.06731      0.06731
     -4.13000      0.61136      0.61136
     -4.12000      2.30515      2.30515
     -4.11000      3.72592      3.72592
     -4.10000      3.53199      3.53199
     -4.09000      3.22734      3.22734
     -4.08000      2.36171      2.36171
     -4.07000      1.33337      1.33337
     -4.06000      2.17622      2.17622
     -4.05000      4.11004      4.11004
     -4.04000      5.75492      5.75492
     -4.03000      5.35150      5.35150
     -4.02000      4.57705      4.57705
     -4.01000      6.07573      6.07573
     -4.00000      6.69637      6.69637
     -3.99000      4.63665      4.63665
     -3.98000      1.56792      1.56792
     -3.97000      0.24967      0.24967
     -3.96000      0.46467      0.46467
     -3.95000      2.22528      2.22528
     -3.94000      4.26079      4.26079
     -3.93000      3.45299      3.45299
     -3.92000      2.32861      2.32861
     -3.91000      2.87875      2.87875
     -3.90000      3.12376      3.12376
     -3.89000      2.38898      2.38898
     -3.88000      1.01476      1.01476
     -3.87000      1.11930      1.11930
     -3.86000      4.27588      4.27588
     -3.85000      8.35540      8.35540
     -3.84000      8.77735      8.77735
     -3.83000      5.67048      5.67048
     -3.82000      2.08892      2.08892
     -3.81000      0.68769      0.68769
     -3.80000      1.26710      1.26710
     -3.79000      2.49982      2.49982
     -3.78000      3.90274      3.90274
     -3.77000      4.52744      4.52744
     -3.76000      3.18338      3.18338
     -3.75000      1.83313      1.83313
     -3.74000      2.47670      2.47670
     -3.73000      4.11307      4.11307
     -3.72000      4.96297      4.96297
     -3.71000      4.67406      4.67406
     -3.70000      4.35364      4.35364
     -3.69000      3.75246      3.75246
     -3.68000      2.10653      2.10653
     -3.67000      1.33926      1.33926
     -3.66000      2.46338      2.46338
     -3.65000      2.92446      2.92446
     -3.64000      1.80648      1.80648
     -3.63000      1.51731      1.51731
     -3.62000      2.27280      2.27280
     -3.61000      2.11104      2.11104
     -3.60000      2.80121      2.80121
     -3.59000      4.26779      4.26779
     -3.58000      2.99128      2.99128
     -3.57000      0.83902      0.83902
     -3.56000      0.09211      0.09211
     -3.55000      0.00389      0.00389
     -3.54000      0.00015      0.00015
     -3.53000      0.00412      0.00412
     -3.52000      0.07091      0.07091
     -3.51000      0.44865      0.44865
     -3.50000      1.04422      1.04422
     -3.49000      0.89442      0.89442
     -3.48000      0.29474      0.29474
     -3.47000      0.22836      0.22836
     -3.46000      1.07615      1.07615
     -3.45000      2.17111      2.17111
     -3.44000      1.61356      1.61356
     -3.43000      0.44668      0.44668
     -3.42000      0.13208      0.13208
     -3.41000      0.50757      0.50757
     -3.40000      1.07349      1.07349
     -3.39000      0.83791      0.83791
     -3.38000      0.24105      0.24105
     -3.37000      0.04403      0.04403
     -3.36000      0.29846      0.29846
     -3.35000      1.85035      1.85035
     -3.34000      4.61223      4.61223
     -3.33000      4.78367      4.78367
     -3.32000      2.55122      2.55122
     -3.31000      2.27643      2.27643
     -3.30000      3.23262      3.23262
     -3.29000      3.65365      3.65365
     -3.28000      3.59072      3.59072
     -3.27000      2.60621      2.60621
     -3.26000      1.31272      1.31272
     -3.25000      1.60486      1.60486
     -3.24000      2.21810      2.21810
     -3.23000      1.27173      1.27173
     -3.22000      0.80528      0.80528
     -3.21000      2.83140      2.83140
     -3.20000      5.38591      5.38591
     -3.19000      3.90269      3.90269
     -3.18000      1.07577      1.07577
     -3.17000      0.11334      0.11334
     -3.16000      0.00878      0.00878
     -3.15000      0.07262      0.07262
     -3.14000      0.47157      0.47157
     -3.13000      1.30099      1.30099
     -3.12000      2.20295      2.20295
     -3.11000      3.21438      3.21438
     -3.10000      3.99339      3.99339
     -3.09000      4.37311      4.37311
     -3.08000      3.91507      3.91507
     -3.07000      3.13175      3.13175
     -3.06000      1.82561      1.82561
     -3.05000      0.89560      0.89560
     -3.04000      2.20414      2.20414
     -3.03000      4.30133      4.30133
     -3.02000      3.62650      3.62650
     -3.01000      1.95790      1.95790
     -3.00000      1.03790      1.03790
     -2.99000      0.31904      0.31904
     -2.98000      0.04436      0.04436
     -2.97000      0.10541      0.10541
     -2.96000      0.74690      0.74690
     -2.95000      1.98326      1.98326
     -2.94000      1.99239      1.99239
     -2.93000      1.10604      1.10604
     -2.92000      1.13418      1.13418
     -2.91000      1.25086      1.25086
     -2.90000      1.99596      1.99596
     -2.89000      3.38572      3.38572
     -2.88000      2.93942      2.93942
     -2.87000      2.43811      2.43811
     -2.86000      2.14364      2.14364
     -2.85000      1.09870      1.09870
     -2.84000      1.67087      1.67087
     -2.83000      4.29199      4.29199
     -2.82000      5.44526      5.44526
     -2.81000      5.13040      5.13040
     -2.80000      6.41248      6.41248
     -2.79000      5.28205      5.28205
     -2.78000      1.91498      1.91498
     -2.77000      0.28777      0.28777
     -2.76000      0.01970      0.01970
     -2.75000      0.04718      0.04718
     -2.74000      0.35118      0.35118
     -2.73000      0.97002      0.97002
     -2.72000      0.98572      0.98572
     -2.71000      0.36964      0.36964
     -2.70000      0.07930      0.07930
     -2.69000      0.26198      0.26198
     -2.68000      0.86497      0.86497
     -2.67000      1.06438      1.06438
     -2.66000      0.55820      0.55820
     -2.65000      0.71861      0.71861
     -2.64000      1.93972      1.93972
     -2.63000      2.57135      2.57135
     -2.62000      2.61831      2.61831
     -2.61000      2.70868      2.70868
     -2.60000      2.61463      2.61463
     -2.59000      2.29857      2.29857
     -2.58000      1.09059      1.09059
     -2.57000      0.78663      0.78663
     -2.56000      1.85812      1.85812
     -2.55000      2.04953      2.04953
     -2.54000      0.84393      0.84393
     -2.53000      0.21621      0.21621
     -2.52000      0.53774      0.53774
     -2.51000      1.88388      1.88388
     -2.50000      3.85925      3.85925
     -2.49000      4.24498      4.24498
     -2.48000      3.56061      3.56061
     -2.47000      4.32376      4.32376
     -2.46000      5.66980      5.66980
     -2.45000      4.93205      4.93205
     -2.44000      2.02550      2.02550
     -2.43000      0.33141      0.33141
     -2.42000      0.02043      0.02043
     -2.41000      0.00088      0.00088
     -2.40000      0.01574      0.01574
     -2.39000      0.22222      0.22222
     -2.38000      1.16750      1.16750
     -2.37000      2.44811      2.44811
     -2.36000      3.01560      3.01560
     -2.35000      4.00892      4.00892
     -2.34000      4.06202      4.06202
     -2.33000      3.00713      3.00713
     -2.32000      3.20929      3.20929
     -2.31000      3.58025      3.58025
     -2.30000      3.73467      3.73467
     -2.29000      5.40327      5.40327
     -2.28000      7.56075      7.56075
     -2.27000      6.59312      6.59312
     -2.26000      4.97092      4.97092
     -2.25000      4.79172      4.79172
     -2.24000      2.98565      2.98565
     -2.23000      1.93837      1.93837
     -2.22000      2.26697      2.26697
     -2.21000      1.35435      1.35435
     -2.20000      0.30377      0.30377
     -2.19000      0.02509      0.02509
     -2.18000      0.00076      0.00076
     -2.17000      0.00001      0.00001
     -2.16000      0.00000      0.00000
     -2.15000      0.00000      0.00000
     -2.14000      0.00000      0.00000
     -2.13000      0.00010      0.00010
     -2.12000      0.00554      0.00554
     -2.11000      0.10826      0.10826
     -2.10000      0.80044      0.80044
     -2.09000      2.40448      2.40448
     -2.08000      3.50860      3.50860
     -2.07000      3.16808      3.16808
     -2.06000      2.56102      2.56102
     -2.05000      2.43285      2.43285
     -2.04000      1.35416      1.35416
     -2.03000      0.30121      0.30121
     -2.02000      0.08253      0.08253
     -2.01000      0.40156      0.40156
     -2.00000      1.04292      1.04292
     -1.99000      1.35836      1.35836
     -1.98000      2.45256      2.45256
     -1.97000      4.61627      4.61627
     -1.96000      5.10605      5.10605
     -1.95000      4.25039      4.25039
     -1.94000      3.46627      3.46627
     -1.93000      2.89480      2.89480
     -1.92000      1.66342      1.66342
     -1.91000      0.42218      0.42218
     -1.90000      0.04089      0.04089
     -1.89000      0.00147      0.00147
     -1.88000      0.00003      0.00003
     -1.87000      0.00121      0.00121
     -1.86000      0.04097      0.04097
     -1.85000      0.51792      0.51792
     -1.84000      2.45522      2.45522
     -1.83000      4.37946      4.37946
     -1.82000      3.08419      3.08419
     -1.81000      1.70370      1.70370
     -1.80000      2.19697      2.19697
     -1.79000      1.72002      1.72002
     -1.78000      0.52906      0.52906
     -1.77000      0.29371      0.29371
     -1.76000      1.22383      1.22383
     -1.75000      2.75869      2.75869
     -1.74000      2.75849      2.75849
     -1.73000      1.31161      1.31161
     -1.72000      1.07718      1.07718
     -1.71000      1.95658      1.95658
     -1.70000      1.77536      1.77536
     -1.69000      0.77477      0.77477
     -1.68000      1.09339      1.09339
     -1.67000      3.69103      3.69103
     -1.66000      5.89129      5.89129
     -1.65000      5.00286      5.00286
     -1.64000      3.32147      3.32147
     -1.63000      3.00408      3.00408
     -1.62000      3.92504      3.92504
     -1.61000      4.31246      4.31246
     -1.60000      4.72146      4.72146
     -1.59000      6.70906      6.70906
     -1.58000      8.51759      8.51759
     -1.57000      5.96802      5.96802
     -1.56000      2.33094      2.33094
     -1.55000      1.84641      1.84641
     -1.54000      2.20326      2.20326
     -1.53000      1.13394      1.13394
     -1.52000      0.40553      0.40553
     -1.51000      1.08489      1.08489
     -1.50000      2.17834      2.17834
     -1.49000      1.78340      1.78340
     -1.48000      1.72341      1.72341
     -1.47000      4.05564      4.05564
     -1.46000      5.18396      5.18396
     -1.45000      3.03707      3.03707
     -1.44000      1.53662      1.53662
     -1.43000      1.02921      1.02921
     -1.42000      0.39034      0.39034
     -1.41000      0.34947      0.34947
     -1.40000      1.34789      1.34789
     -1.39000      2.26026      2.26026
     -1.38000      1.78290      1.78290
     -1.37000      1.91760      1.91760
     -1.36000      2.38270      2.38270
     -1.35000      2.47252      2.47252
     -1.34000      4.05789      4.05789
     -1.33000      3.96521      3.96521
     -1.32000      1.49354      1.49354
     -1.31000      0.20825      0.20825
     -1.30000      0.01157      0.01157
     -1.29000      0.02293      0.02293
     -1.28000      0.22447      0.22447
     -1.27000      0.82927      0.82927
     -1.26000      1.31694      1.31694
     -1.25000      1.71353      1.71353
     -1.24000      2.31332      2.31332
     -1.23000      1.75935      1.75935
     -1.22000      1.73988      1.73988
     -1.21000      3.24685      3.24685
     -1.20000      3.65160      3.65160
     -1.19000      2.05474      2.05474
     -1.18000      0.51677      0.51677
     -1.17000      0.05322      0.05322
     -1.16000      0.03393      0.03393
     -1.15000      0.37817      0.37817
     -1.14000      1.93731      1.93731
     -1.13000      4.49049      4.49049
     -1.12000      4.90422      4.90422
     -1.11000      3.63793      3.63793
     -1.10000      4.07033      4.07033
     -1.09000      3.77285      3.77285
     -1.08000      2.16217      2.16217
     -1.07000      2.10775      2.10775
     -1.06000      2.08090      2.08090
     -1.05000      0.94385      0.94385
     -1.04000      0.83667      0.83667
     -1.03000      1.95244      1.95244
     -1.02000      1.96698      1.96698
     -1.01000      0.74989      0.74989
     -1.00000      0.41426      0.41426
     -0.99000      2.05464      2.05464
     -0.98000      5.32050      5.32050
     -0.97000      6.19144      6.19144
     -0.96000      4.44219      4.44219
     -0.95000      2.82246      2.82246
     -0.94000      2.45229      2.45229
     -0.93000      4.11929      4.11929
     -0.92000      6.72633      6.72633
     -0.91000      7.03887      7.03887
     -0.90000      4.35962      4.35962
     -0.89000      2.56327      2.56327
     -0.88000      3.04391      3.04391
     -0.87000      3.37246      3.37246
     -0.86000      3.11905      3.11905
     -0.85000      2.25490      2.25490
     -0.84000      0.91840      0.91840
     -0.83000      0.94655      0.94655
     -0.82000      2.05486      2.05486
     -0.81000      1.84700      1.84700
     -0.80000      0.61241      0.61241
     -0.79000      0.07684      0.07684
     -0.78000      0.05793      0.05793
     -0.77000      0.52393      0.52393
     -0.76000      2.00395      2.00395
     -0.75000      3.48438      3.48438
     -0.74000      3.20202      3.20202
     -0.73000      1.51463      1.51463
     -0.72000      0.46233      0.46233
     -0.71000      1.13416      1.13416
     -0.70000      2.95309      2.95309
     -0.69000      2.90400      2.90400
     -0.68000      1.06045      1.06045
     -0.67000      0.21990      0.21990
     -0.66000      0.59411      0.59411
     -0.65000      2.42230      2.42230
     -0.64000      6.83503      6.83503
     -0.63000     11.78395     11.78395
     -0.62000     11.71259     11.71259
     -0.61000      7.96101      7.96101
     -0.60000      4.17023      4.17023
     -0.59000      1.42853      1.42853
     -0.58000      0.40222      0.40222
     -0.57000      1.00434      1.00434
     -0.56000      2.14627      2.14627
     -0.55000      1.85924      1.85924
     -0.54000      1.56488      1.56488
     -0.53000      3.02219      3.02219
     -0.52000      3.81568      3.81568
     -0.51000      2.35989      2.35989
     -0.50000      0.65437      0.65437
     -0.49000      0.07367      0.07367
     -0.48000      0.00317      0.00317
     -0.47000      0.00005      0.00005
     -0.46000      0.00030      0.00030
     -0.45000      0.01563      0.01563
     -0.44000      0.30451      0.30451
     -0.43000      2.19703      2.19703
     -0.42000      5.87446      5.87446
     -0.41000      5.82486      5.82486
     -0.40000      2.15562      2.15562
     -0.39000      0.49299      0.49299
     -0.38000      1.33825      1.33825
     -0.37000      3.92831      3.92831
     -0.36000      5.34522      5.34522
     -0.35000      3.65624      3.65624
     -0.34000      1.64039      1.64039
     -0.33000      0.56530      0.56530
     -0.32000      0.69074      0.69074
     -0.31000      1.90082      1.90082
     -0.30000      2.47965      2.47965
     -0.29000      2.59568      2.59568
     -0.28000      3.33594      3.33594
     -0.27000      3.29573      3.29573
     -0.26000      2.15722      2.15722
     -0.25000      1.65912      1.65912
     -0.24000      2.59835      2.59835
     -0.23000      3.54493      3.54493
     -0.22000      3.22715      3.22715
     -0.21000      3.52046      3.52046
     -0.20000      4.56811      4.56811
     -0.19000      3.40895      3.40895
     -0.18000      2.53345      2.53345
     -0.17000      4.35258      4.35258
     -0.16000      5.76622      5.76622
     -0.15000      5.50957      5.50957
     -0.14000      5.23412      5.23412
     -0.13000      5.10613      5.10613
     -0.12000      4.75466      4.75466
     -0.11000      4.16191      4.16191
     -0.10000      2.91324      2.91324
     -0.09000      3.12148      3.12148
     -0.08000      4.46270      4.46270
     -0.07000      5.06026      5.06026
     -0.06000      4.80747      4.80747
     -0.05000      3.07281      3.07281
     -0.04000      1.25929      1.25929
     -0.03000      2.23179      2.23179
     -0.02000      6.25511      6.25511
     -0.01000      8.64008      8.64008
      0.00000      6.61913      6.61913
      0.01000      3.89049      3.89049
      0.02000      3.10395      3.10395
      0.03000      2.84237      2.84237
      0.04000      1.70445      1.70445
      0.05000      0.55738      0.55738
      0.06000      0.08270      0.08270
      0.07000      0.00539      0.00539
      0.08000      0.01580      0.01580
      0.09000      0.17609      0.17609
      0.10000      0.72764      0.72764
      0.11000      1.12110      1.12110
      0.12000      0.80368      0.80368
      0.13000      0.95599      0.95599
      0.14000      1.89467      1.89467
      0.15000      3.36264      3.36264
      0.16000      4.21551      4.21551
      0.17000      2.64885      2.64885
      0.18000      1.15984      1.15984
      0.19000      2.67569      2.67569
      0.20000      6.02369      6.02369
      0.21000      6.84468      6.84468
      0.22000      5.69431      5.69431
      0.23000      4.07076      4.07076
      0.24000      1.88121      1.88121
      0.25000      1.31109      1.31109
      0.26000      2.17921      2.17921
      0.27000      1.90356      1.90356
      0.28000      1.28342      1.28342
      0.29000      1.28909      1.28909
      0.30000      1.24445      1.24445
      0.31000      1.54304      1.54304
      0.32000      2.43700      2.43700
      0.33000      4.01232      4.01232
      0.34000      4.28573      4.28573
      0.35000      3.94128      3.94128
      0.36000      3.98856      3.98856
      0.37000      2.93924      2.93924
      0.38000      1.86975      1.86975
      0.39000      4.23821      4.23821
      0.40000      8.20713      8.20713
      0.41000      6.63525      6.63525
      0.42000      2.27427      2.27427
      0.43000      0.98303      0.98303
      0.44000      1.91158      1.91158
      0.45000      3.76713      3.76713
      0.46000      5.01464      5.01464
      0.47000      5.23259      5.23259
      0.48000      7.21846      7.21846
      0.49000      7.33130      7.33130
      0.50000      4.91162      4.91162
      0.51000      3.50602      3.50602
      0.52000      2.82070      2.82070
      0.53000      3.28866      3.28866
      0.54000      6.30304      6.30304
      0.55000      8.24167      8.24167
      0.56000      6.84675      6.84675
      0.57000      3.82097      3.82097
      0.58000      1.08752      1.08752
      0.59000      0.50441      0.50441
      0.60000      1.68014      1.68014
      0.61000      3.13771      3.13771
      0.62000      2.93989      2.93989
      0.63000      2.62014      2.62014
      0.64000      2.96502      2.96502
      0.65000      2.10985      2.10985
      0.66000      0.69217      0.69217
      0.67000      0.11871      0.11871
      0.68000      0.40740      0.40740
      0.69000      2.51023      2.51023
      0.70000      6.49690      6.49690
      0.71000      8.75555      8.75555
      0.72000      7.69569      7.69569
      0.73000      3.78672      3.78672
      0.74000      0.82872      0.82872
      0.75000      0.24579      0.24579
      0.76000      0.73176      0.73176
      0.77000      1.10420      1.10420
      0.78000      0.61896      0.61896
      0.79000      0.23842      0.23842
      0.80000      1.11063      1.11063
      0.81000      3.99999      3.99999
      0.82000      5.40298      5.40298
      0.83000      2.72247      2.72247
      0.84000      0.57379      0.57379
      0.85000      0.62752      0.62752
      0.86000      2.32729      2.32729
      0.87000      4.44957      4.44957
      0.88000      4.94936      4.94936
      0.89000      3.77338      3.77338
      0.90000      3.29831      3.29831
      0.91000      3.72959      3.72959
      0.92000      3.20783      3.20783
      0.93000      2.02426      2.02426
      0.94000      1.35565      1.35565
      0.95000      0.77530      0.77530
      0.96000      0.97436      0.97436
      0.97000      2.07116      2.07116
      0.98000      2.00262      2.00262
      0.99000      1.78743      1.78743
      1.00000      3.53077      3.53077
      1.01000      4.36110      4.36110
      1.02000      3.77925      3.77925
      1.03000      4.48582      4.48582
      1.04000      3.82869      3.82869
      1.05000      2.96236      2.96236
      1.06000      4.19245      4.19245
      1.07000      3.54550      3.54550
      1.08000      1.26148      1.26148
      1.09000      0.75333      0.75333
      1.10000      2.65395      2.65395
      1.11000      4.89234      4.89234
      1.12000      4.10897      4.10897
      1.13000      2.33250      2.33250
      1.14000      2.75925      2.75925
      1.15000      3.73448      3.73448
      1.16000      4.22859      4.22859
      1.17000      3.81659      3.81659
      1.18000      2.76791      2.76791
      1.19000      2.85409      2.85409
      1.20000      2.49095      2.49095
      1.21000      1.78867      1.78867
      1.22000      3.11731      3.11731
      1.23000      5.96218      5.96218
      1.24000      5.19095      5.19095
      1.25000      1.90457      1.90457
      1.26000      0.29633      0.29633
      1.27000      0.06645      0.06645
      1.28000      0.58368      0.58368
      1.29000      3.05534      3.05534
      1.30000      6.99417      6.99417
      1.31000      7.46628      7.46628
      1.32000      4.61099      4.61099
      1.33000      2.33700      2.33700
      1.34000      2.13523      2.13523
      1.35000      2.84229      2.84229
      1.36000      3.68541      3.68541
      1.37000      4.45237      4.45237
      1.38000      2.72801      2.72801
      1.39000      0.80709      0.80709
      1.40000      0.71889      0.71889
      1.41000      1.36042      1.36042
      1.42000      2.15544      2.15544
      1.43000      3.40295      3.40295
      1.44000      3.33031      3.33031
      1.45000      3.04221      3.04221
      1.46000      3.20722      3.20722
      1.47000      3.09848      3.09848
      1.48000      3.67480      3.67480
      1.49000      3.92879      3.92879
      1.50000      3.64574      3.64574
      1.51000      2.94462      2.94462
      1.52000      2.17083      2.17083
      1.53000      2.62916      2.62916
      1.54000      2.98107      2.98107
      1.55000      1.65998      1.65998
      1.56000      0.38252      0.38252
      1.57000      0.10586      0.10586
      1.58000      0.60238      0.60238
      1.59000      1.83418      1.83418
      1.60000      2.05961      2.05961
      1.61000      0.89277      0.89277
      1.62000      0.63511      0.63511
      1.63000      2.31876      2.31876
      1.64000      4.82937      4.82937
      1.65000      6.43819      6.43819
      1.66000      6.03958      6.03958
      1.67000      3.64009      3.64009
      1.68000      2.37154      2.37154
      1.69000      2.67422      2.67422
      1.70000      2.77464      2.77464
      1.71000      2.83158      2.83158
      1.72000      3.01042      3.01042
      1.73000      4.44672      4.44672
      1.74000      5.39925      5.39925
      1.75000      3.83494      3.83494
      1.76000      1.70079      1.70079
      1.77000      1.64110      1.64110
      1.78000      3.02757      3.02757
      1.79000      4.40921      4.40921
      1.80000      4.66786      4.66786
      1.81000      2.35124      2.35124
      1.82000      0.53011      0.53011
      1.83000      0.69683      0.69683
      1.84000      2.40115      2.40115
      1.85000      3.26197      3.26197
      1.86000      1.92319      1.92319
      1.87000      1.85099      1.85099
      1.88000      3.16112      3.16112
      1.89000      2.49966      2.49966
      1.90000      0.99675      0.99675
      1.91000      0.91857      0.91857
      1.92000      1.08272      1.08272
      1.93000      0.51810      0.51810
      1.94000      0.09985      0.09985
      1.95000      0.15483      0.15483
      1.96000      1.10032      1.10032
      1.97000      3.56340      3.56340
      1.98000      5.53592      5.53592
      1.99000      4.98069      4.98069
      2.00000      3.15248      3.15248
      2.01000      2.00789      2.00789
      2.02000      2.38398      2.38398
      2.03000      2.65837      2.65837
      2.04000      4.54981      4.54981
      2.05000      7.34555      7.34555
      2.06000      6.69420      6.69420
      2.07000      4.60488      4.60488
      2.08000      2.91477      2.91477
      2.09000      1.54741      1.54741
      2.10000      1.24685      1.24685
      2.11000      0.89536      0.89536
      2.12000      0.59459      0.59459
      2.13000      0.99850      0.99850
      2.14000      0.98546      0.98546
      2.15000      0.41407      0.41407
      2.16000      0.54642      0.54642
      2.17000      2.01498      2.01498
      2.18000      3.64097      3.64097
      2.19000      3.37678      3.37678
      2.20000      2.33058      2.33058
      2.21000      2.92316      2.92316
      2.22000      3.24031      3.24031
      2.23000      2.15757      2.15757
      2.24000      1.46179      1.46179
      2.25000      1.20675      1.20675
      2.26000      1.23344      1.23344
      2.27000      1.00443      1.00443
      2.28000      1.51353      1.51353
      2.29000      2.52124      2.52124
      2.30000      2.83757      2.83757
      2.31000      3.63523      3.63523
      2.32000      3.92801      3.92801
      2.33000      3.02763      3.02763
      2.34000      2.70729      2.70729
      2.35000      3.14919      3.14919
      2.36000      4.77320      4.77320
      2.37000      6.70167      6.70167
      2.38000      6.24313      6.24313
      2.39000      5.84744      5.84744
      2.40000      5.83900      5.83900
      2.41000      3.78484      3.78484
      2.42000      1.84589      1.84589
      2.43000      1.00850      1.00850
      2.44000      1.55248      1.55248
      2.45000      2.23476      2.23476
      2.46000      1.42325      1.42325
      2.47000      0.96691      0.96691
      2.48000      1.12836      1.12836
      2.49000      0.67264      0.67264
      2.50000      0.47582      0.47582
      2.51000      1.49831      1.49831
      2.52000      2.98717      2.98717
      2.53000      3.36526      3.36526
      2.54000      2.16937      2.16937
      2.55000      0.64938      0.64938
      2.56000      0.07740      0.07740
      2.57000      0.00347      0.00347
      2.58000      0.00006      0.00006
      2.59000      0.00000      0.00000
