Energy-E_F (eV)    DOS (1/eV)    PDOS (1/eV)  of atom type Pb 
     -4.07358      3.75644      0.00000
     -4.06358      2.95270      0.00000
     -4.05358      4.61606      0.00000
     -4.04358      4.19371      0.00000
     -4.03358      2.62054      0.00000
     -4.02358      2.66286      0.00000
     -4.01358      2.87394      0.00000
     -4.00358      2.52797      0.00000
     -3.99358      2.39524      0.00000
     -3.98358      3.40523      0.00000
     -3.97358      4.48182      0.00000
     -3.96358      4.04220      0.00000
     -3.95358      4.79546      0.00000
     -3.94358      6.07291      0.00000
     -3.93358      5.29111      0.00000
     -3.92358      3.37809      0.00000
     -3.91358      2.14708      0.00000
     -3.90358      2.31427      0.00000
     -3.89358      3.16907      0.00000
     -3.88358      2.45811      0.00000
     -3.87358      0.79620      0.00000
     -3.86358      0.39954      0.00000
     -3.85358      2.10554      0.00000
     -3.84358      6.38728      0.00000
     -3.83358      9.22705      0.00000
     -3.82358      8.11113      0.00000
     -3.81358      7.61204      0.00000
     -3.80358      7.10696      0.00000
     -3.79358      4.63671      0.00000
     -3.78358      3.66242      0.00000
     -3.77358      4.88285      0.00000
     -3.76358      6.06631      0.00000
     -3.75358      8.36670      0.00000
     -3.74358      8.16658      0.00000
     -3.73358      4.30759      0.00000
     -3.72358      2.25983      0.00000
     -3.71358      2.85840      0.00000
     -3.70358      4.66403      0.00000
     -3.69358      5.47357      0.00000
     -3.68358      4.65348      0.00000
     -3.67358      4.53264      0.00000
     -3.66358      4.48967      0.00000
     -3.65358      3.91148      0.00000
     -3.64358      3.57287      0.00000
     -3.63358      5.01375      0.00000
     -3.62358      8.34598      0.00000
     -3.61358     10.77380      0.00000
     -3.60358      8.51778      0.00000
     -3.59358      6.16780      0.00000
     -3.58358      7.33691      0.00000
     -3.57358      8.40946      0.00000
     -3.56358     11.56829      0.00000
     -3.55358     14.18063      0.00000
     -3.54358     12.91916      0.00000
     -3.53358      9.74742      0.00000
     -3.52358      8.90815      0.00000
     -3.51358     11.23369      0.00000
     -3.50358      9.38339      0.00000
     -3.49358      4.44113      0.00000
     -3.48358      2.04412      0.00000
     -3.47358      1.09157      0.00000
     -3.46358      1.88790      0.00000
     -3.45358      5.68159      0.00000
     -3.44358      8.60015      0.00000
     -3.43358      8.27997      0.00000
     -3.42358     10.26107      0.00000
     -3.41358     12.12853      0.00000
     -3.40358      9.08833      0.00000
     -3.39358      5.35140      0.00000
     -3.38358      3.92315      0.00000
     -3.37358      5.27216      0.00000
     -3.36358      9.30164      0.00000
     -3.35358     10.37425      0.00000
     -3.34358      7.36898      0.00000
     -3.33358      5.38175      0.00000
     -3.32358      5.52344      0.00000
     -3.31358      6.11358      0.00000
     -3.30358      6.13117      0.00000
     -3.29358      5.68322      0.00000
     -3.28358      5.59749      0.00000
     -3.27358      5.56783      0.00000
     -3.26358      5.94694      0.00000
     -3.25358      7.09160      0.00000
     -3.24358      7.50489      0.00000
     -3.23358      6.77492      0.00000
     -3.22358      8.47987      0.00000
     -3.21358     10.85980      0.00000
     -3.20358      9.36990      0.00000
     -3.19358      6.29645      0.00000
     -3.18358      7.59996      0.00000
     -3.17358      9.77721      0.00000
     -3.16358      9.40208      0.00000
     -3.15358      7.40158      0.00000
     -3.14358      4.88466      0.00000
     -3.13358      3.34339      0.00000
     -3.12358      2.77889      0.00000
     -3.11358      3.17957      0.00000
     -3.10358      3.45943      0.00000
     -3.09358      3.13945      0.00000
     -3.08358      5.06534      0.00000
     -3.07358      8.10888      0.00000
     -3.06358      8.57777      0.00000
     -3.05358      8.19255      0.00000
     -3.04358      7.26491      0.00000
     -3.03358      6.07121      0.00000
     -3.02358      7.63698      0.00000
     -3.01358      9.64312      0.00000
     -3.00358     10.01225      0.00000
     -2.99358      9.72703      0.00000
     -2.98358      8.67585      0.00000
     -2.97358      6.81071      0.00000
     -2.96358      6.70261      0.00000
     -2.95358      7.32162      0.00000
     -2.94358      6.78212      0.00000
     -2.93358      7.83700      0.00000
     -2.92358     10.27133      0.00000
     -2.91358     10.32507      0.00000
     -2.90358      6.45995      0.00000
     -2.89358      2.51726      0.00000
     -2.88358      1.62884      0.00000
     -2.87358      4.52477      0.00000
     -2.86358      7.21364      0.00000
     -2.85358      5.82864      0.00000
     -2.84358      4.08317      0.00000
     -2.83358      4.29984      0.00000
     -2.82358      6.15195      0.00000
     -2.81358      7.05632      0.00000
     -2.80358      7.33422      0.00000
     -2.79358      7.95291      0.00000
     -2.78358      6.25435      0.00000
     -2.77358      4.62260      0.00000
     -2.76358      4.12307      0.00000
     -2.75358      2.95486      0.00000
     -2.74358      2.10004      0.00000
     -2.73358      1.45207      0.00000
     -2.72358      0.51613      0.00000
     -2.71358      0.07180      0.00000
     -2.70358      0.00371      0.00000
     -2.69358      0.00007      0.00000
     -2.68358      0.00014      0.00000
     -2.67358      0.00539      0.00000
     -2.66358      0.07569      0.00000
     -2.65358      0.40074      0.00000
     -2.64358      0.91004      0.00000
     -2.63358      1.38375      0.00000
     -2.62358      1.93287      0.00000
     -2.61358      2.28943      0.00000
     -2.60358      2.62808      0.00000
     -2.59358      2.25366      0.00000
     -2.58358      1.68036      0.00000
     -2.57358      3.59933      0.00000
     -2.56358      7.18098      0.00000
     -2.55358      7.10460      0.00000
     -2.54358      4.19018      0.00000
     -2.53358      2.60309      0.00000
     -2.52358      2.18443      0.00000
     -2.51358      2.59221      0.00000
     -2.50358      3.16744      0.00000
     -2.49358      2.35025      0.00000
     -2.48358      1.94602      0.00000
     -2.47358      2.18608      0.00000
     -2.46358      2.82161      0.00000
     -2.45358      3.01573      0.00000
     -2.44358      2.99394      0.00000
     -2.43358      3.41546      0.00000
     -2.42358      3.25438      0.00000
     -2.41358      3.18424      0.00000
     -2.40358      3.26348      0.00000
     -2.39358      3.76872      0.00000
     -2.38358      3.35541      0.00000
     -2.37358      1.73367      0.00000
     -2.36358      1.43605      0.00000
     -2.35358      1.89604      0.00000
     -2.34358      2.49507      0.00000
     -2.33358      2.98883      0.00000
     -2.32358      1.90982      0.00000
     -2.31358      1.44886      0.00000
     -2.30358      3.36779      0.00000
     -2.29358      6.34233      0.00000
     -2.28358      7.55905      0.00000
     -2.27358      5.63939      0.00000
     -2.26358      3.90986      0.00000
     -2.25358      5.17368      0.00000
     -2.24358      5.65398      0.00000
     -2.23358      3.76548      0.00000
     -2.22358      1.87581      0.00000
     -2.21358      2.71224      0.00000
     -2.20358      6.95915      0.00000
     -2.19358      9.86277      0.00000
     -2.18358      8.26687      0.00000
     -2.17358      5.05175      0.00000
     -2.16358      3.10082      0.00000
     -2.15358      4.13999      0.00000
     -2.14358      6.49909      0.00000
     -2.13358      7.99536      0.00000
     -2.12358      8.47596      0.00000
     -2.11358      7.06359      0.00000
     -2.10358      4.82151      0.00000
     -2.09358      4.17165      0.00000
     -2.08358      7.43153      0.00000
     -2.07358     11.35032      0.00000
     -2.06358      9.20043      0.00000
     -2.05358      3.88716      0.00000
     -2.04358      1.85813      0.00000
     -2.03358      1.66433      0.00000
     -2.02358      1.76468      0.00000
     -2.01358      2.68812      0.00000
     -2.00358      3.88313      0.00000
     -1.99358      5.25744      0.00000
     -1.98358      5.93216      0.00000
     -1.97358      3.81314      0.00000
     -1.96358      1.89780      0.00000
     -1.95358      3.74251      0.00000
     -1.94358      7.09978      0.00000
     -1.93358      7.55621      0.00000
     -1.92358      5.48209      0.00000
     -1.91358      3.16539      0.00000
     -1.90358      1.31255      0.00000
     -1.89358      0.38325      0.00000
     -1.88358      0.47852      0.00000
     -1.87358      1.26645      0.00000
     -1.86358      1.34014      0.00000
     -1.85358      0.52247      0.00000
     -1.84358      0.07495      0.00000
     -1.83358      0.00505      0.00000
     -1.82358      0.02959      0.00000
     -1.81358      0.29370      0.00000
     -1.80358      1.07529      0.00000
     -1.79358      1.45631      0.00000
     -1.78358      0.82402      0.00000
     -1.77358      0.65357      0.00000
     -1.76358      1.25791      0.00000
     -1.75358      2.04291      0.00000
     -1.74358      2.72035      0.00000
     -1.73358      3.27587      0.00000
     -1.72358      3.77849      0.00000
     -1.71358      5.06998      0.00000
     -1.70358      8.61308      0.00000
     -1.69358     10.30515      0.00000
     -1.68358      6.61012      0.00000
     -1.67358      3.94264      0.00000
     -1.66358      4.49311      0.00000
     -1.65358      4.26011      0.00000
     -1.64358      3.48544      0.00000
     -1.63358      3.89420      0.00000
     -1.62358      6.19394      0.00000
     -1.61358      9.38216      0.00000
     -1.60358     11.92616      0.00000
     -1.59358     11.63016      0.00000
     -1.58358      8.39464      0.00000
     -1.57358      6.93653      0.00000
     -1.56358      6.95996      0.00000
     -1.55358      5.25155      0.00000
     -1.54358      4.66655      0.00000
     -1.53358      5.09388      0.00000
     -1.52358      4.68238      0.00000
     -1.51358      5.01586      0.00000
     -1.50358      5.12477      0.00000
     -1.49358      6.77438      0.00000
     -1.48358      8.12437      0.00000
     -1.47358      5.74519      0.00000
     -1.46358      3.83698      0.00000
     -1.45358      4.97147      0.00000
     -1.44358      6.76214      0.00000
     -1.43358      8.20474      0.00000
     -1.42358      8.84149      0.00000
     -1.41358      7.54272      0.00000
     -1.40358      5.82207      0.00000
     -1.39358      6.39275      0.00000
     -1.38358      8.12098      0.00000
     -1.37358      6.71599      0.00000
     -1.36358      3.51059      0.00000
     -1.35358      1.91734      0.00000
     -1.34358      0.88259      0.00000
     -1.33358      0.18176      0.00000
     -1.32358      0.01414      0.00000
     -1.31358      0.00041      0.00000
     -1.30358      0.00025      0.00000
     -1.29358      0.00982      0.00000
     -1.28358      0.14591      0.00000
     -1.27358      0.84392      0.00000
     -1.26358      2.09515      0.00000
     -1.25358      2.73214      0.00000
     -1.24358      2.62742      0.00000
     -1.23358      2.88129      0.00000
     -1.22358      4.21004      0.00000
     -1.21358      4.88986      0.00000
     -1.20358      4.20866      0.00000
     -1.19358      4.67214      0.00000
     -1.18358      5.95489      0.00000
     -1.17358      6.15404      0.00000
     -1.16358      4.49234      0.00000
     -1.15358      3.45225      0.00000
     -1.14358      3.94688      0.00000
     -1.13358      4.28724      0.00000
     -1.12358      3.64295      0.00000
     -1.11358      3.23513      0.00000
     -1.10358      4.98351      0.00000
     -1.09358      6.25763      0.00000
     -1.08358      5.16655      0.00000
     -1.07358      3.56966      0.00000
     -1.06358      2.73422      0.00000
     -1.05358      2.16373      0.00000
     -1.04358      1.22259      0.00000
     -1.03358      1.11848      0.00000
     -1.02358      2.75388      0.00000
     -1.01358      4.44173      0.00000
     -1.00358      5.53523      0.00000
     -0.99358      6.33785      0.00000
     -0.98358      6.46306      0.00000
     -0.97358      6.02017      0.00000
     -0.96358      3.62823      0.00000
     -0.95358      2.16720      0.00000
     -0.94358      4.27396      0.00000
     -0.93358      5.99514      0.00000
     -0.92358      4.49246      0.00000
     -0.91358      2.45451      0.00000
     -0.90358      2.36371      0.00000
     -0.89358      3.04878      0.00000
     -0.88358      2.11607      0.00000
     -0.87358      1.60492      0.00000
     -0.86358      1.46333      0.00000
     -0.85358      1.43129      0.00000
     -0.84358      4.09369      0.00000
     -0.83358      7.70513      0.00000
     -0.82358      7.31277      0.00000
     -0.81358      6.50657      0.00000
     -0.80358      9.19551      0.00000
     -0.79358     12.29697      0.00000
     -0.78358     11.63434      0.00000
     -0.77358      8.92693      0.00000
     -0.76358      8.89380      0.00000
     -0.75358      7.49034      0.00000
     -0.74358      4.53340      0.00000
     -0.73358      3.42246      0.00000
     -0.72358      3.48477      0.00000
     -0.71358      4.63050      0.00000
     -0.70358      7.38485      0.00000
     -0.69358      8.38444      0.00000
     -0.68358      5.91503      0.00000
     -0.67358      4.34613      0.00000
     -0.66358      4.87489      0.00000
     -0.65358      5.16434      0.00000
     -0.64358      4.27801      0.00000
     -0.63358      3.12068      0.00000
     -0.62358      2.45063      0.00000
     -0.61358      3.07378      0.00000
     -0.60358      4.84064      0.00000
     -0.59358      4.90144      0.00000
     -0.58358      3.94251      0.00000
     -0.57358      2.86023      0.00000
     -0.56358      3.37155      0.00000
     -0.55358      6.16364      0.00000
     -0.54358      6.69506      0.00000
     -0.53358      4.73280      0.00000
     -0.52358      6.14066      0.00000
     -0.51358      9.53912      0.00000
     -0.50358      8.24818      0.00000
     -0.49358      4.12600      0.00000
     -0.48358      1.72764      0.00000
     -0.47358      2.35769      0.00000
     -0.46358      2.82995      0.00000
     -0.45358      1.48474      0.00000
     -0.44358      1.02505      0.00000
     -0.43358      1.86160      0.00000
     -0.42358      2.60835      0.00000
     -0.41358      3.22643      0.00000
     -0.40358      3.92528      0.00000
     -0.39358      5.21397      0.00000
     -0.38358      5.30465      0.00000
     -0.37358      4.10930      0.00000
     -0.36358      5.12468      0.00000
     -0.35358      8.44911      0.00000
     -0.34358      7.99697      0.00000
     -0.33358      4.12606      0.00000
     -0.32358      2.33737      0.00000
     -0.31358      1.85891      0.00000
     -0.30358      2.16115      0.00000
     -0.29358      3.53082      0.00000
     -0.28358      5.12636      0.00000
     -0.27358      5.37995      0.00000
     -0.26358      6.87718      0.00000
     -0.25358      9.91686      0.00000
     -0.24358      8.66355      0.00000
     -0.23358      5.18984      0.00000
     -0.22358      4.44373      0.00000
     -0.21358      5.11400      0.00000
     -0.20358      5.73345      0.00000
     -0.19358      5.99351      0.00000
     -0.18358      5.56849      0.00000
     -0.17358      5.13074      0.00000
     -0.16358      5.27944      0.00000
     -0.15358      4.97737      0.00000
     -0.14358      4.50940      0.00000
     -0.13358      4.63343      0.00000
     -0.12358      5.89642      0.00000
     -0.11358      7.94662      0.00000
     -0.10358      6.81321      0.00000
     -0.09358      4.64141      0.00000
     -0.08358      5.07851      0.00000
     -0.07358      5.59718      0.00000
     -0.06358      4.61531      0.00000
     -0.05358      3.41807      0.00000
     -0.04358      4.41858      0.00000
     -0.03358      5.07474      0.00000
     -0.02358      3.69443      0.00000
     -0.01358      2.85828      0.00000
     -0.00358      2.80427      0.00000
      0.00642      2.46354      0.00000
      0.01642      1.60614      0.00000
      0.02642      2.23990      0.00000
      0.03642      4.98963      0.00000
      0.04642      7.28455      0.00000
      0.05642      9.48567      0.00000
      0.06642     10.35936      0.00000
      0.07642      9.54669      0.00000
      0.08642     10.87530      0.00000
      0.09642     13.02151      0.00000
      0.10642     12.19879      0.00000
      0.11642      9.76588      0.00000
      0.12642      8.53096      0.00000
      0.13642      6.05277      0.00000
      0.14642      3.87028      0.00000
      0.15642      3.67190      0.00000
      0.16642      3.02243      0.00000
      0.17642      3.58430      0.00000
      0.18642      5.08659      0.00000
      0.19642      4.81898      0.00000
      0.20642      4.40953      0.00000
      0.21642      4.09491      0.00000
      0.22642      2.93524      0.00000
      0.23642      1.54255      0.00000
      0.24642      1.50861      0.00000
      0.25642      2.02667      0.00000
      0.26642      3.04469      0.00000
      0.27642      6.43065      0.00000
      0.28642      8.54834      0.00000
      0.29642      6.72360      0.00000
      0.30642      4.94949      0.00000
      0.31642      2.84378      0.00000
      0.32642      1.74640      0.00000
      0.33642      2.16172      0.00000
      0.34642      3.25152      0.00000
      0.35642      4.79277      0.00000
      0.36642      4.99865      0.00000
      0.37642      3.42064      0.00000
      0.38642      2.25473      0.00000
      0.39642      2.11139      0.00000
      0.40642      2.03595      0.00000
      0.41642      2.08104      0.00000
      0.42642      3.65682      0.00000
      0.43642      6.21663      0.00000
      0.44642      6.89086      0.00000
      0.45642      5.21412      0.00000
      0.46642      4.82867      0.00000
      0.47642      6.22451      0.00000
      0.48642      5.82270      0.00000
      0.49642      4.67139      0.00000
      0.50642      4.42666      0.00000
      0.51642      3.20099      0.00000
      0.52642      2.45355      0.00000
      0.53642      2.65987      0.00000
      0.54642      3.20570      0.00000
      0.55642      4.57455      0.00000
      0.56642      4.63289      0.00000
      0.57642      4.01860      0.00000
      0.58642      7.12672      0.00000
      0.59642     11.92051      0.00000
      0.60642     10.86364      0.00000
      0.61642      6.79363      0.00000
      0.62642      4.47138      0.00000
      0.63642      3.19898      0.00000
      0.64642      2.23474      0.00000
      0.65642      2.48370      0.00000
      0.66642      4.32291      0.00000
      0.67642      4.77725      0.00000
      0.68642      3.61565      0.00000
      0.69642      2.45558      0.00000
      0.70642      1.95331      0.00000
      0.71642      3.90496      0.00000
      0.72642      6.81932      0.00000
      0.73642      9.69377      0.00000
      0.74642     13.33378      0.00000
      0.75642     12.12085      0.00000
      0.76642      7.59437      0.00000
      0.77642      4.76607      0.00000
      0.78642      4.36337      0.00000
      0.79642      4.86575      0.00000
      0.80642      5.07263      0.00000
      0.81642      5.07078      0.00000
      0.82642      6.30561      0.00000
      0.83642      8.28079      0.00000
      0.84642      9.38439      0.00000
      0.85642      8.57155      0.00000
      0.86642      6.37984      0.00000
      0.87642      4.69322      0.00000
      0.88642      4.99007      0.00000
      0.89642      6.94695      0.00000
      0.90642      7.12556      0.00000
      0.91642      4.62941      0.00000
      0.92642      3.15413      0.00000
      0.93642      3.83999      0.00000
      0.94642      4.68618      0.00000
      0.95642      4.37127      0.00000
      0.96642      4.07816      0.00000
      0.97642      5.44505      0.00000
      0.98642      7.83567      0.00000
      0.99642      8.62501      0.00000
      1.00642      7.84053      0.00000
      1.01642      7.43737      0.00000
      1.02642      7.51679      0.00000
      1.03642      7.10070      0.00000
      1.04642      4.83815      0.00000
      1.05642      2.74390      0.00000
      1.06642      2.31637      0.00000
      1.07642      3.04228      0.00000
      1.08642      4.66379      0.00000
      1.09642      5.78688      0.00000
      1.10642      6.20475      0.00000
      1.11642      5.85500      0.00000
      1.12642      4.55348      0.00000
      1.13642      3.48120      0.00000
      1.14642      2.79570      0.00000
      1.15642      3.10318      0.00000
      1.16642      5.43689      0.00000
      1.17642      6.82126      0.00000
      1.18642      6.09739      0.00000
      1.19642      4.38423      0.00000
      1.20642      4.87609      0.00000
      1.21642      7.68396      0.00000
      1.22642      8.52057      0.00000
      1.23642      6.46923      0.00000
      1.24642      5.19782      0.00000
      1.25642      5.75734      0.00000
      1.26642      5.33814      0.00000
      1.27642      4.98489      0.00000
      1.28642      5.87412      0.00000
      1.29642      5.98126      0.00000
      1.30642      6.65674      0.00000
      1.31642      7.23661      0.00000
      1.32642      6.59046      0.00000
      1.33642      6.95340      0.00000
      1.34642      7.47719      0.00000
      1.35642      6.79855      0.00000
      1.36642      5.31279      0.00000
      1.37642      3.95770      0.00000
      1.38642      2.02788      0.00000
      1.39642      1.28883      0.00000
      1.40642      2.22860      0.00000
      1.41642      4.08051      0.00000
      1.42642      6.13262      0.00000
      1.43642      6.50219      0.00000
      1.44642      6.43829      0.00000
      1.45642      5.94446      0.00000
      1.46642      5.30456      0.00000
      1.47642      5.44495      0.00000
      1.48642      6.04238      0.00000
      1.49642      6.43344      0.00000
      1.50642      5.87364      0.00000
      1.51642      4.52535      0.00000
      1.52642      5.16400      0.00000
      1.53642      7.35027      0.00000
      1.54642      9.65142      0.00000
      1.55642     11.81942      0.00000
      1.56642     10.65478      0.00000
      1.57642      6.32551      0.00000
      1.58642      3.76949      0.00000
      1.59642      3.66666      0.00000
      1.60642      3.67940      0.00000
      1.61642      3.69510      0.00000
      1.62642      5.36665      0.00000
      1.63642      7.25263      0.00000
      1.64642      7.48139      0.00000
      1.65642      6.48656      0.00000
      1.66642      5.19735      0.00000
      1.67642      4.06249      0.00000
      1.68642      3.79734      0.00000
      1.69642      4.09832      0.00000
      1.70642      4.27676      0.00000
      1.71642      5.20143      0.00000
      1.72642      5.72454      0.00000
      1.73642      4.93834      0.00000
      1.74642      6.60863      0.00000
      1.75642     10.42452      0.00000
      1.76642      9.91855      0.00000
      1.77642      6.87688      0.00000
      1.78642      5.54136      0.00000
      1.79642      5.45449      0.00000
      1.80642      6.46482      0.00000
      1.81642      8.49862      0.00000
      1.82642      7.33340      0.00000
      1.83642      4.50456      0.00000
      1.84642      3.39412      0.00000
      1.85642      2.75633      0.00000
      1.86642      4.10394      0.00000
      1.87642      6.23218      0.00000
      1.88642      6.44820      0.00000
      1.89642      6.18571      0.00000
      1.90642      5.03732      0.00000
      1.91642      3.89703      0.00000
      1.92642      4.06737      0.00000
      1.93642      3.98983      0.00000
      1.94642      3.49516      0.00000
      1.95642      2.89178      0.00000
      1.96642      2.18426      0.00000
      1.97642      1.49687      0.00000
      1.98642      0.62160      0.00000
      1.99642      0.96556      0.00000
      2.00642      3.94150      0.00000
      2.01642      7.21251      0.00000
      2.02642      6.71750      0.00000
      2.03642      4.33458      0.00000
      2.04642      2.17078      0.00000
      2.05642      1.40064      0.00000
      2.06642      3.47648      0.00000
      2.07642      6.42426      0.00000
      2.08642      6.36628      0.00000
      2.09642      5.06370      0.00000
      2.10642      4.08210      0.00000
      2.11642      2.87969      0.00000
      2.12642      2.19726      0.00000
      2.13642      3.02816      0.00000
      2.14642      5.61327      0.00000
      2.15642      7.10552      0.00000
      2.16642      7.14032      0.00000
      2.17642      7.68496      0.00000
      2.18642      6.68498      0.00000
      2.19642      3.37751      0.00000
      2.20642      1.76618      0.00000
      2.21642      2.56273      0.00000
      2.22642      3.51404      0.00000
      2.23642      2.99344      0.00000
      2.24642      2.91753      0.00000
      2.25642      3.96993      0.00000
      2.26642      4.23116      0.00000
      2.27642      6.71712      0.00000
      2.28642     12.62628      0.00000
      2.29642     12.83676      0.00000
      2.30642      7.61894      0.00000
      2.31642      4.88225      0.00000
      2.32642      4.50144      0.00000
      2.33642      5.49623      0.00000
      2.34642      6.04764      0.00000
      2.35642      6.66062      0.00000
      2.36642      9.77082      0.00000
      2.37642     10.69669      0.00000
      2.38642      7.40105      0.00000
      2.39642      4.85736      0.00000
      2.40642      4.34251      0.00000
      2.41642      4.31752      0.00000
      2.42642      5.58593      0.00000
      2.43642      7.21742      0.00000
      2.44642      8.27013      0.00000
      2.45642      7.88533      0.00000
      2.46642      5.84880      0.00000
      2.47642      3.56386      0.00000
      2.48642      1.45640      0.00000
      2.49642      1.51413      0.00000
      2.50642      4.46790      0.00000
      2.51642      7.23032      0.00000
      2.52642      6.87996      0.00000
      2.53642      4.34268      0.00000
      2.54642      2.68721      0.00000
      2.55642      3.85142      0.00000
      2.56642      4.70940      0.00000
      2.57642      3.75714      0.00000
      2.58642      3.52743      0.00000
      2.59642      3.32155      0.00000
      2.60642      1.62489      0.00000
      2.61642      0.43647      0.00000
      2.62642      1.02803      0.00000
      2.63642      3.27501      0.00000
      2.64642      4.36622      0.00000
      2.65642      2.99211      0.00000
      2.66642      1.89349      0.00000
      2.67642      0.95931      0.00000
      2.68642      0.52913      0.00000
      2.69642      1.71199      0.00000
      2.70642      3.76764      0.00000
      2.71642      4.96380      0.00000
      2.72642      6.12564      0.00000
      2.73642      7.96694      0.00000
      2.74642      9.70614      0.00000
      2.75642      8.46009      0.00000
      2.76642      5.50323      0.00000
      2.77642      4.78713      0.00000
      2.78642      4.86372      0.00000
      2.79642      4.81990      0.00000
      2.80642      6.15991      0.00000
      2.81642      7.15148      0.00000
      2.82642      5.62555      0.00000
      2.83642      3.30831      0.00000
      2.84642      2.55943      0.00000
      2.85642      2.18616      0.00000
      2.86642      1.59837      0.00000
      2.87642      2.38628      0.00000
      2.88642      3.22414      0.00000
      2.89642      4.23515      0.00000
      2.90642      5.91194      0.00000
      2.91642      5.06495      0.00000
      2.92642      3.01522      0.00000
      2.93642      3.36904      0.00000
      2.94642      4.96171      0.00000
      2.95642      4.70542      0.00000
      2.96642      3.10644      0.00000
      2.97642      3.76076      0.00000
      2.98642      6.58809      0.00000
      2.99642      9.13352      0.00000
      3.00642     11.27834      0.00000
      3.01642     11.11065      0.00000
      3.02642      8.93229      0.00000
      3.03642      8.04351      0.00000
      3.04642      8.20566      0.00000
      3.05642      6.63620      0.00000
      3.06642      3.73799      0.00000
      3.07642      2.13246      0.00000
      3.08642      2.44563      0.00000
      3.09642      3.77999      0.00000
      3.10642      3.49861      0.00000
      3.11642      3.23707      0.00000
      3.12642      5.84554      0.00000
      3.13642      7.31454      0.00000
      3.14642      5.07524      0.00000
      3.15642      3.45042      0.00000
      3.16642      3.09766      0.00000
      3.17642      3.30478      0.00000
      3.18642      3.85385      0.00000
      3.19642      3.95393      0.00000
      3.20642      2.52650      0.00000
      3.21642      1.19825      0.00000
      3.22642      0.75143      0.00000
      3.23642      0.29645      0.00000
      3.24642      0.07154      0.00000
      3.25642      0.28631      0.00000
      3.26642      1.25789      0.00000
      3.27642      2.65137      0.00000
      3.28642      3.62041      0.00000
      3.29642      4.31333      0.00000
      3.30642      5.20893      0.00000
      3.31642      4.94006      0.00000
      3.32642      3.36184      0.00000
      3.33642      2.52589      0.00000
      3.34642      1.56306      0.00000
      3.35642      1.91510      0.00000
      3.36642      3.20927      0.00000
      3.37642      3.53523      0.00000
      3.38642      4.70053      0.00000
      3.39642      5.27272      0.00000
      3.40642      3.73594      0.00000
      3.41642      3.31874      0.00000
      3.42642      3.51567      0.00000
      3.43642      2.33502      0.00000
      3.44642      2.37792      0.00000
      3.45642      2.91733      0.00000
      3.46642      1.60412      0.00000
      3.47642      0.67005      0.00000
      3.48642      1.92681      0.00000
      3.49642      4.44316      0.00000
      3.50642      4.73137      0.00000
