Energy-E_F (eV)    DOS (1/eV)    PDOS (1/eV)  of atom type Hf 
     -4.82089      0.98639      0.00000
     -4.81089      1.05986      0.00000
     -4.80089      1.34161      0.00000
     -4.79089      1.39971      0.00000
     -4.78089      1.24440      0.00000
     -4.77089      1.17118      0.00000
     -4.76089      1.47342      0.00000
     -4.75089      2.52972      0.00000
     -4.74089      4.03740      0.00000
     -4.73089      3.91742      0.00000
     -4.72089      3.12766      0.00000
     -4.71089      3.03805      0.00000
     -4.70089      4.05504      0.00000
     -4.69089      6.71373      0.00000
     -4.68089      7.50831      0.00000
     -4.67089      6.84065      0.00000
     -4.66089      7.12119      0.00000
     -4.65089      6.31761      0.00000
     -4.64089      3.82740      0.00000
     -4.63089      2.13108      0.00000
     -4.62089      2.78652      0.00000
     -4.61089      4.04254      0.00000
     -4.60089      3.92136      0.00000
     -4.59089      2.88765      0.00000
     -4.58089      2.35736      0.00000
     -4.57089      2.01178      0.00000
     -4.56089      1.10503      0.00000
     -4.55089      0.49700      0.00000
     -4.54089      1.22127      0.00000
     -4.53089      2.55993      0.00000
     -4.52089      3.32927      0.00000
     -4.51089      3.89334      0.00000
     -4.50089      3.46245      0.00000
     -4.49089      2.69130      0.00000
     -4.48089      2.06733      0.00000
     -4.47089      1.38519      0.00000
     -4.46089      1.52539      0.00000
     -4.45089      2.10460      0.00000
     -4.44089      2.48173      0.00000
     -4.43089      2.63533      0.00000
     -4.42089      2.11940      0.00000
     -4.41089      1.99693      0.00000
     -4.40089      2.45775      0.00000
     -4.39089      3.01895      0.00000
     -4.38089      3.51428      0.00000
     -4.37089      3.80982      0.00000
     -4.36089      3.79148      0.00000
     -4.35089      3.54900      0.00000
     -4.34089      3.66472      0.00000
     -4.33089      3.94757      0.00000
     -4.32089      4.09067      0.00000
     -4.31089      4.51631      0.00000
     -4.30089      4.45178      0.00000
     -4.29089      3.16819      0.00000
     -4.28089      2.38723      0.00000
     -4.27089      1.92127      0.00000
     -4.26089      1.04685      0.00000
     -4.25089      0.48433      0.00000
     -4.24089      1.10009      0.00000
     -4.23089      2.45430      0.00000
     -4.22089      3.26932      0.00000
     -4.21089      3.26717      0.00000
     -4.20089      2.55480      0.00000
     -4.19089      2.37902      0.00000
     -4.18089      2.54669      0.00000
     -4.17089      2.09561      0.00000
     -4.16089      1.85033      0.00000
     -4.15089      1.47697      0.00000
     -4.14089      1.73062      0.00000
     -4.13089      3.06696      0.00000
     -4.12089      3.71886      0.00000
     -4.11089      2.88063      0.00000
     -4.10089      2.16148      0.00000
     -4.09089      2.95742      0.00000
     -4.08089      3.88341      0.00000
     -4.07089      4.10500      0.00000
     -4.06089      3.75493      0.00000
     -4.05089      2.70835      0.00000
     -4.04089      2.24996      0.00000
     -4.03089      2.49461      0.00000
     -4.02089      2.68864      0.00000
     -4.01089      2.21492      0.00000
     -4.00089      1.86047      0.00000
     -3.99089      1.94114      0.00000
     -3.98089      1.47436      0.00000
     -3.97089      0.99202      0.00000
     -3.96089      1.19204      0.00000
     -3.95089      1.35783      0.00000
     -3.94089      2.39708      0.00000
     -3.93089      3.40635      0.00000
     -3.92089      2.34372      0.00000
     -3.91089      1.24299      0.00000
     -3.90089      1.75955      0.00000
     -3.89089      2.69015      0.00000
     -3.88089      3.05811      0.00000
     -3.87089      3.88441      0.00000
     -3.86089      4.72903      0.00000
     -3.85089      4.51797      0.00000
     -3.84089      4.40770      0.00000
     -3.83089      3.97529      0.00000
     -3.82089      3.26535      0.00000
     -3.81089      3.41924      0.00000
     -3.80089      4.44058      0.00000
     -3.79089      4.76627      0.00000
     -3.78089      4.14508      0.00000
     -3.77089      3.57834      0.00000
     -3.76089      3.63607      0.00000
     -3.75089      3.82196      0.00000
     -3.74089      3.72281      0.00000
     -3.73089      4.27520      0.00000
     -3.72089      4.33704      0.00000
     -3.71089      3.37039      0.00000
     -3.70089      2.98129      0.00000
     -3.69089      2.72222      0.00000
     -3.68089      2.59879      0.00000
     -3.67089      2.25276      0.00000
     -3.66089      1.88286      0.00000
     -3.65089      2.06342      0.00000
     -3.64089      2.30356      0.00000
     -3.63089      2.51810      0.00000
     -3.62089      2.83643      0.00000
     -3.61089      2.82556      0.00000
     -3.60089      2.41134      0.00000
     -3.59089      2.26709      0.00000
     -3.58089      3.17040      0.00000
     -3.57089      3.86520      0.00000
     -3.56089      3.44518      0.00000
     -3.55089      3.50837      0.00000
     -3.54089      3.53894      0.00000
     -3.53089      2.28081      0.00000
     -3.52089      1.81677      0.00000
     -3.51089      2.61743      0.00000
     -3.50089      3.26507      0.00000
     -3.49089      3.63708      0.00000
     -3.48089      4.35346      0.00000
     -3.47089      4.49955      0.00000
     -3.46089      3.61864      0.00000
     -3.45089      3.21265      0.00000
     -3.44089      3.33094      0.00000
     -3.43089      4.35876      0.00000
     -3.42089      4.35774      0.00000
     -3.41089      3.08978      0.00000
     -3.40089      2.60016      0.00000
     -3.39089      2.49408      0.00000
     -3.38089      2.44581      0.00000
     -3.37089      3.54400      0.00000
     -3.36089      4.54728      0.00000
     -3.35089      3.83794      0.00000
     -3.34089      2.28897      0.00000
     -3.33089      2.26462      0.00000
     -3.32089      3.34301      0.00000
     -3.31089      3.12502      0.00000
     -3.30089      2.42779      0.00000
     -3.29089      2.68835      0.00000
     -3.28089      3.29930      0.00000
     -3.27089      3.21150      0.00000
     -3.26089      3.22987      0.00000
     -3.25089      3.57028      0.00000
     -3.24089      4.20699      0.00000
     -3.23089      5.66444      0.00000
     -3.22089      6.51433      0.00000
     -3.21089      6.28845      0.00000
     -3.20089      5.13902      0.00000
     -3.19089      4.08773      0.00000
     -3.18089      4.39930      0.00000
     -3.17089      4.26363      0.00000
     -3.16089      2.84896      0.00000
     -3.15089      1.76405      0.00000
     -3.14089      2.33355      0.00000
     -3.13089      4.48759      0.00000
     -3.12089      6.69093      0.00000
     -3.11089      7.09289      0.00000
     -3.10089      6.11577      0.00000
     -3.09089      5.21681      0.00000
     -3.08089      4.01627      0.00000
     -3.07089      2.22376      0.00000
     -3.06089      1.18774      0.00000
     -3.05089      1.95313      0.00000
     -3.04089      3.64128      0.00000
     -3.03089      4.01993      0.00000
     -3.02089      2.84601      0.00000
     -3.01089      2.17367      0.00000
     -3.00089      2.45738      0.00000
     -2.99089      3.48774      0.00000
     -2.98089      3.95703      0.00000
     -2.97089      4.26387      0.00000
     -2.96089      4.33227      0.00000
     -2.95089      3.74614      0.00000
     -2.94089      3.40843      0.00000
     -2.93089      3.37208      0.00000
     -2.92089      2.56180      0.00000
     -2.91089      1.65056      0.00000
     -2.90089      1.23685      0.00000
     -2.89089      1.42749      0.00000
     -2.88089      1.90965      0.00000
     -2.87089      2.85596      0.00000
     -2.86089      3.55413      0.00000
     -2.85089      3.46798      0.00000
     -2.84089      3.44433      0.00000
     -2.83089      3.46451      0.00000
     -2.82089      2.45481      0.00000
     -2.81089      1.20921      0.00000
     -2.80089      1.50156      0.00000
     -2.79089      2.89338      0.00000
     -2.78089      3.65799      0.00000
     -2.77089      3.25441      0.00000
     -2.76089      2.57554      0.00000
     -2.75089      2.45907      0.00000
     -2.74089      3.19337      0.00000
     -2.73089      3.58381      0.00000
     -2.72089      2.95936      0.00000
     -2.71089      2.97509      0.00000
     -2.70089      2.66141      0.00000
     -2.69089      2.09911      0.00000
     -2.68089      2.39974      0.00000
     -2.67089      2.51068      0.00000
     -2.66089      2.96507      0.00000
     -2.65089      4.94970      0.00000
     -2.64089      5.74496      0.00000
     -2.63089      4.40450      0.00000
     -2.62089      3.76192      0.00000
     -2.61089      3.51474      0.00000
     -2.60089      3.34014      0.00000
     -2.59089      4.14495      0.00000
     -2.58089      4.92868      0.00000
     -2.57089      4.79602      0.00000
     -2.56089      3.85054      0.00000
     -2.55089      3.17535      0.00000
     -2.54089      4.17349      0.00000
     -2.53089      6.19724      0.00000
     -2.52089      7.17865      0.00000
     -2.51089      5.82517      0.00000
     -2.50089      4.35001      0.00000
     -2.49089      4.44809      0.00000
     -2.48089      4.73021      0.00000
     -2.47089      4.00788      0.00000
     -2.46089      3.47484      0.00000
     -2.45089      2.91417      0.00000
     -2.44089      2.09177      0.00000
     -2.43089      2.22864      0.00000
     -2.42089      3.08995      0.00000
     -2.41089      3.71379      0.00000
     -2.40089      4.18814      0.00000
     -2.39089      4.94566      0.00000
     -2.38089      4.65239      0.00000
     -2.37089      3.14367      0.00000
     -2.36089      2.53497      0.00000
     -2.35089      3.09999      0.00000
     -2.34089      4.15684      0.00000
     -2.33089      5.16080      0.00000
     -2.32089      7.20825      0.00000
     -2.31089      8.91960      0.00000
     -2.30089      7.44924      0.00000
     -2.29089      6.80859      0.00000
     -2.28089      7.06346      0.00000
     -2.27089      5.31612      0.00000
     -2.26089      3.97983      0.00000
     -2.25089      5.30770      0.00000
     -2.24089      6.52372      0.00000
     -2.23089      5.66574      0.00000
     -2.22089      4.19338      0.00000
     -2.21089      3.47611      0.00000
     -2.20089      3.17912      0.00000
     -2.19089      3.70483      0.00000
     -2.18089      5.18554      0.00000
     -2.17089      6.00516      0.00000
     -2.16089      4.46809      0.00000
     -2.15089      3.03986      0.00000
     -2.14089      3.33631      0.00000
     -2.13089      4.10013      0.00000
     -2.12089      5.41245      0.00000
     -2.11089      7.29036      0.00000
     -2.10089      7.64232      0.00000
     -2.09089      7.49930      0.00000
     -2.08089      7.12697      0.00000
     -2.07089      6.31378      0.00000
     -2.06089      5.33485      0.00000
     -2.05089      5.16647      0.00000
     -2.04089      6.30339      0.00000
     -2.03089      6.94205      0.00000
     -2.02089      5.68273      0.00000
     -2.01089      5.72988      0.00000
     -2.00089      7.30245      0.00000
     -1.99089      7.01021      0.00000
     -1.98089      5.65886      0.00000
     -1.97089      5.18270      0.00000
     -1.96089      6.15215      0.00000
     -1.95089      6.97874      0.00000
     -1.94089      6.24906      0.00000
     -1.93089      5.59416      0.00000
     -1.92089      5.65456      0.00000
     -1.91089      6.25861      0.00000
     -1.90089      7.29634      0.00000
     -1.89089      7.27603      0.00000
     -1.88089      5.33364      0.00000
     -1.87089      4.27095      0.00000
     -1.86089      4.95840      0.00000
     -1.85089      5.09343      0.00000
     -1.84089      3.85915      0.00000
     -1.83089      4.09060      0.00000
     -1.82089      5.43097      0.00000
     -1.81089      4.96830      0.00000
     -1.80089      5.10677      0.00000
     -1.79089      6.83078      0.00000
     -1.78089      7.26534      0.00000
     -1.77089      5.46146      0.00000
     -1.76089      4.47547      0.00000
     -1.75089      5.27306      0.00000
     -1.74089      6.15581      0.00000
     -1.73089      6.52819      0.00000
     -1.72089      7.44735      0.00000
     -1.71089      8.14655      0.00000
     -1.70089      7.62332      0.00000
     -1.69089      6.08906      0.00000
     -1.68089      5.81320      0.00000
     -1.67089      6.52533      0.00000
     -1.66089      6.39162      0.00000
     -1.65089      5.99759      0.00000
     -1.64089      5.63081      0.00000
     -1.63089      6.05754      0.00000
     -1.62089      5.92467      0.00000
     -1.61089      5.91340      0.00000
     -1.60089      6.31465      0.00000
     -1.59089      4.95599      0.00000
     -1.58089      3.18176      0.00000
     -1.57089      2.33576      0.00000
     -1.56089      2.14750      0.00000
     -1.55089      1.98194      0.00000
     -1.54089      1.38018      0.00000
     -1.53089      1.18282      0.00000
     -1.52089      2.08382      0.00000
     -1.51089      3.39878      0.00000
     -1.50089      4.24861      0.00000
     -1.49089      3.64355      0.00000
     -1.48089      2.96727      0.00000
     -1.47089      3.11020      0.00000
     -1.46089      3.01024      0.00000
     -1.45089      3.24788      0.00000
     -1.44089      3.69820      0.00000
     -1.43089      3.03580      0.00000
     -1.42089      2.11224      0.00000
     -1.41089      1.61716      0.00000
     -1.40089      1.39138      0.00000
     -1.39089      1.08735      0.00000
     -1.38089      0.63230      0.00000
     -1.37089      0.82201      0.00000
     -1.36089      1.35228      0.00000
     -1.35089      2.09237      0.00000
     -1.34089      2.35921      0.00000
     -1.33089      2.09351      0.00000
     -1.32089      2.87334      0.00000
     -1.31089      3.99925      0.00000
     -1.30089      3.45906      0.00000
     -1.29089      1.67088      0.00000
     -1.28089      0.74525      0.00000
     -1.27089      1.37325      0.00000
     -1.26089      2.68141      0.00000
     -1.25089      3.05513      0.00000
     -1.24089      2.20650      0.00000
     -1.23089      1.98656      0.00000
     -1.22089      2.46784      0.00000
     -1.21089      2.49100      0.00000
     -1.20089      2.04944      0.00000
     -1.19089      1.77138      0.00000
     -1.18089      1.72783      0.00000
     -1.17089      1.73355      0.00000
     -1.16089      2.46227      0.00000
     -1.15089      3.19998      0.00000
     -1.14089      3.04046      0.00000
     -1.13089      3.12126      0.00000
     -1.12089      3.12709      0.00000
     -1.11089      2.16322      0.00000
     -1.10089      1.40256      0.00000
     -1.09089      1.56312      0.00000
     -1.08089      1.91755      0.00000
     -1.07089      2.69381      0.00000
     -1.06089      4.21632      0.00000
     -1.05089      4.05828      0.00000
     -1.04089      3.38558      0.00000
     -1.03089      3.23856      0.00000
     -1.02089      2.54854      0.00000
     -1.01089      1.87798      0.00000
     -1.00089      2.19542      0.00000
     -0.99089      3.25635      0.00000
     -0.98089      4.01715      0.00000
     -0.97089      4.07881      0.00000
     -0.96089      3.39060      0.00000
     -0.95089      2.41366      0.00000
     -0.94089      2.09358      0.00000
     -0.93089      2.08684      0.00000
     -0.92089      2.09426      0.00000
     -0.91089      2.15792      0.00000
     -0.90089      2.70597      0.00000
     -0.89089      3.65603      0.00000
     -0.88089      4.48993      0.00000
     -0.87089      5.07431      0.00000
     -0.86089      5.74236      0.00000
     -0.85089      5.74533      0.00000
     -0.84089      4.62740      0.00000
     -0.83089      5.29886      0.00000
     -0.82089      7.10776      0.00000
     -0.81089      6.94593      0.00000
     -0.80089      5.47170      0.00000
     -0.79089      4.72817      0.00000
     -0.78089      4.05366      0.00000
     -0.77089      3.33198      0.00000
     -0.76089      3.38793      0.00000
     -0.75089      3.58730      0.00000
     -0.74089      4.90337      0.00000
     -0.73089      7.37676      0.00000
     -0.72089      9.65025      0.00000
     -0.71089     10.53495      0.00000
     -0.70089      8.98915      0.00000
     -0.69089      7.11948      0.00000
     -0.68089      6.76870      0.00000
     -0.67089      7.03413      0.00000
     -0.66089      8.10768      0.00000
     -0.65089      8.75762      0.00000
     -0.64089      7.59319      0.00000
     -0.63089      6.34824      0.00000
     -0.62089      6.10052      0.00000
     -0.61089      5.56125      0.00000
     -0.60089      4.45400      0.00000
     -0.59089      4.61156      0.00000
     -0.58089      6.73945      0.00000
     -0.57089      8.80348      0.00000
     -0.56089      8.95520      0.00000
     -0.55089      9.35721      0.00000
     -0.54089      9.41034      0.00000
     -0.53089      7.43038      0.00000
     -0.52089      7.42149      0.00000
     -0.51089      8.12279      0.00000
     -0.50089      7.70674      0.00000
     -0.49089      6.87773      0.00000
     -0.48089      7.30816      0.00000
     -0.47089      8.66131      0.00000
     -0.46089     10.90881      0.00000
     -0.45089     10.64861      0.00000
     -0.44089      7.46921      0.00000
     -0.43089      5.26041      0.00000
     -0.42089      4.72471      0.00000
     -0.41089      5.08751      0.00000
     -0.40089      5.35443      0.00000
     -0.39089      5.63296      0.00000
     -0.38089      7.25466      0.00000
     -0.37089      8.81526      0.00000
     -0.36089      7.22779      0.00000
     -0.35089      5.41741      0.00000
     -0.34089      5.59625      0.00000
     -0.33089      5.43774      0.00000
     -0.32089      5.34215      0.00000
     -0.31089      6.35204      0.00000
     -0.30089      6.36864      0.00000
     -0.29089      6.88010      0.00000
     -0.28089      8.96380      0.00000
     -0.27089      9.48416      0.00000
     -0.26089      8.16444      0.00000
     -0.25089      6.28599      0.00000
     -0.24089      5.79230      0.00000
     -0.23089      6.73621      0.00000
     -0.22089      7.03611      0.00000
     -0.21089      7.99366      0.00000
     -0.20089      9.00545      0.00000
     -0.19089      7.91863      0.00000
     -0.18089      7.43995      0.00000
     -0.17089      8.07187      0.00000
     -0.16089      6.76907      0.00000
     -0.15089      5.63573      0.00000
     -0.14089      6.14490      0.00000
     -0.13089      5.68485      0.00000
     -0.12089      5.00697      0.00000
     -0.11089      6.10849      0.00000
     -0.10089      6.81395      0.00000
     -0.09089      6.38444      0.00000
     -0.08089      5.78940      0.00000
     -0.07089      4.31714      0.00000
     -0.06089      3.00017      0.00000
     -0.05089      3.50212      0.00000
     -0.04089      4.40137      0.00000
     -0.03089      4.81486      0.00000
     -0.02089      5.95688      0.00000
     -0.01089      8.05023      0.00000
     -0.00089     11.36935      0.00000
      0.00911     12.60131      0.00000
      0.01911     10.02114      0.00000
      0.02911      7.40587      0.00000
      0.03911      6.19026      0.00000
      0.04911      5.63998      0.00000
      0.05911      5.31864      0.00000
      0.06911      6.25954      0.00000
      0.07911      7.50713      0.00000
      0.08911      7.32978      0.00000
      0.09911      7.17166      0.00000
      0.10911      6.68477      0.00000
      0.11911      6.35158      0.00000
      0.12911      5.68951      0.00000
      0.13911      4.93749      0.00000
      0.14911      4.97512      0.00000
      0.15911      4.94269      0.00000
      0.16911      4.94182      0.00000
      0.17911      4.53292      0.00000
      0.18911      4.31824      0.00000
      0.19911      4.26824      0.00000
      0.20911      5.41107      0.00000
      0.21911      7.82688      0.00000
      0.22911      7.91859      0.00000
      0.23911      5.97531      0.00000
      0.24911      4.04911      0.00000
      0.25911      3.51064      0.00000
      0.26911      3.18951      0.00000
      0.27911      2.16502      0.00000
      0.28911      2.04775      0.00000
      0.29911      2.68925      0.00000
      0.30911      4.00974      0.00000
      0.31911      6.63223      0.00000
      0.32911      9.58364      0.00000
      0.33911     11.29313      0.00000
      0.34911      9.53019      0.00000
      0.35911      6.67385      0.00000
      0.36911      5.76339      0.00000
      0.37911      7.06831      0.00000
      0.38911      9.19627      0.00000
      0.39911      8.19947      0.00000
      0.40911      5.32361      0.00000
      0.41911      3.86379      0.00000
      0.42911      4.67881      0.00000
      0.43911      5.83015      0.00000
      0.44911      5.45162      0.00000
      0.45911      4.19491      0.00000
      0.46911      3.57459      0.00000
      0.47911      4.03431      0.00000
      0.48911      5.04260      0.00000
      0.49911      6.16611      0.00000
      0.50911      5.87760      0.00000
      0.51911      4.96267      0.00000
      0.52911      5.50055      0.00000
      0.53911      6.70938      0.00000
      0.54911      5.96897      0.00000
      0.55911      3.86177      0.00000
      0.56911      3.65393      0.00000
      0.57911      5.80169      0.00000
      0.58911      7.50018      0.00000
      0.59911      7.95092      0.00000
      0.60911      7.20391      0.00000
      0.61911      5.61701      0.00000
      0.62911      5.23833      0.00000
      0.63911      6.33289      0.00000
      0.64911      7.84001      0.00000
      0.65911      9.31909      0.00000
      0.66911      9.00109      0.00000
      0.67911      7.85042      0.00000
      0.68911      7.89208      0.00000
      0.69911      7.03190      0.00000
      0.70911      6.56924      0.00000
      0.71911      7.79253      0.00000
      0.72911      8.37963      0.00000
      0.73911      8.12491      0.00000
      0.74911      6.86726      0.00000
      0.75911      4.21644      0.00000
      0.76911      2.41608      0.00000
      0.77911      1.94782      0.00000
      0.78911      2.42298      0.00000
      0.79911      4.14040      0.00000
      0.80911      5.87085      0.00000
      0.81911      6.31905      0.00000
      0.82911      6.09824      0.00000
      0.83911      5.33481      0.00000
      0.84911      4.62090      0.00000
      0.85911      3.77911      0.00000
      0.86911      2.48121      0.00000
      0.87911      2.50696      0.00000
      0.88911      3.97520      0.00000
      0.89911      4.08436      0.00000
      0.90911      2.77124      0.00000
      0.91911      2.39336      0.00000
      0.92911      3.46735      0.00000
      0.93911      4.15425      0.00000
      0.94911      4.02188      0.00000
      0.95911      3.50288      0.00000
      0.96911      3.39591      0.00000
      0.97911      4.35974      0.00000
      0.98911      5.04854      0.00000
      0.99911      4.59974      0.00000
      1.00911      4.12686      0.00000
      1.01911      4.33060      0.00000
      1.02911      4.46657      0.00000
      1.03911      3.99564      0.00000
      1.04911      2.83083      0.00000
      1.05911      1.84742      0.00000
      1.06911      1.90903      0.00000
      1.07911      1.96789      0.00000
      1.08911      1.88401      0.00000
      1.09911      2.52783      0.00000
      1.10911      2.96189      0.00000
      1.11911      2.14811      0.00000
      1.12911      1.78595      0.00000
      1.13911      2.85684      0.00000
      1.14911      3.92402      0.00000
      1.15911      3.42367      0.00000
      1.16911      2.76997      0.00000
      1.17911      4.20108      0.00000
      1.18911      6.77731      0.00000
      1.19911      7.40631      0.00000
      1.20911      4.70098      0.00000
      1.21911      2.40792      0.00000
      1.22911      2.14024      0.00000
      1.23911      2.95587      0.00000
      1.24911      3.22633      0.00000
      1.25911      2.26064      0.00000
      1.26911      1.56744      0.00000
      1.27911      2.06072      0.00000
      1.28911      2.29734      0.00000
      1.29911      2.09869      0.00000
      1.30911      2.31925      0.00000
      1.31911      2.28671      0.00000
      1.32911      1.93763      0.00000
      1.33911      1.83968      0.00000
      1.34911      2.23102      0.00000
      1.35911      2.44358      0.00000
      1.36911      1.98136      0.00000
      1.37911      1.69965      0.00000
      1.38911      2.19741      0.00000
      1.39911      2.79559      0.00000
      1.40911      2.12874      0.00000
      1.41911      1.34145      0.00000
      1.42911      2.33660      0.00000
      1.43911      3.89646      0.00000
      1.44911      3.68947      0.00000
      1.45911      2.99643      0.00000
      1.46911      3.84409      0.00000
      1.47911      3.95406      0.00000
      1.48911      3.01217      0.00000
      1.49911      2.50768      0.00000
      1.50911      2.08942      0.00000
      1.51911      1.86652      0.00000
      1.52911      1.90081      0.00000
      1.53911      2.00900      0.00000
      1.54911      1.51083      0.00000
      1.55911      1.24132      0.00000
      1.56911      2.29698      0.00000
      1.57911      3.68858      0.00000
      1.58911      4.62169      0.00000
      1.59911      4.78993      0.00000
      1.60911      3.31644      0.00000
      1.61911      2.41876      0.00000
      1.62911      1.70036      0.00000
      1.63911      1.12968      0.00000
      1.64911      1.89319      0.00000
      1.65911      2.70755      0.00000
      1.66911      2.53292      0.00000
      1.67911      2.06049      0.00000
      1.68911      1.60086      0.00000
      1.69911      1.45837      0.00000
      1.70911      1.40370      0.00000
      1.71911      1.27663      0.00000
      1.72911      1.80039      0.00000
      1.73911      3.26937      0.00000
      1.74911      4.64111      0.00000
      1.75911      4.23240      0.00000
      1.76911      2.97767      0.00000
      1.77911      3.49332      0.00000
      1.78911      5.68513      0.00000
      1.79911      5.72098      0.00000
      1.80911      2.92875      0.00000
      1.81911      1.51207      0.00000
      1.82911      1.67371      0.00000
      1.83911      2.46060      0.00000
      1.84911      3.08743      0.00000
      1.85911      2.29959      0.00000
      1.86911      1.49029      0.00000
      1.87911      2.11397      0.00000
      1.88911      2.74857      0.00000
      1.89911      2.13600      0.00000
      1.90911      1.15037      0.00000
      1.91911      0.98912      0.00000
      1.92911      1.73974      0.00000
      1.93911      2.22905      0.00000
      1.94911      1.80193      0.00000
      1.95911      1.47814      0.00000
      1.96911      1.92248      0.00000
      1.97911      2.42296      0.00000
      1.98911      2.83757      0.00000
      1.99911      2.88386      0.00000
      2.00911      2.38718      0.00000
      2.01911      2.23564      0.00000
      2.02911      2.81025      0.00000
      2.03911      3.36696      0.00000
      2.04911      3.29477      0.00000
      2.05911      2.81173      0.00000
      2.06911      2.58524      0.00000
      2.07911      2.40940      0.00000
      2.08911      2.33399      0.00000
      2.09911      1.91559      0.00000
      2.10911      1.74512      0.00000
      2.11911      2.75868      0.00000
      2.12911      4.29986      0.00000
      2.13911      5.09480      0.00000
      2.14911      4.60628      0.00000
      2.15911      4.05017      0.00000
      2.16911      3.36615      0.00000
      2.17911      2.47574      0.00000
      2.18911      2.57452      0.00000
      2.19911      2.63073      0.00000
      2.20911      2.43715      0.00000
      2.21911      2.16577      0.00000
      2.22911      1.41739      0.00000
      2.23911      1.15190      0.00000
      2.24911      1.81490      0.00000
      2.25911      2.93369      0.00000
      2.26911      3.19786      0.00000
      2.27911      2.75667      0.00000
      2.28911      2.68419      0.00000
      2.29911      2.91921      0.00000
      2.30911      2.64092      0.00000
      2.31911      2.13285      0.00000
      2.32911      1.59308      0.00000
      2.33911      1.02003      0.00000
      2.34911      1.81450      0.00000
      2.35911      3.35167      0.00000
      2.36911      3.05308      0.00000
      2.37911      1.43268      0.00000
      2.38911      0.94873      0.00000
      2.39911      2.06003      0.00000
      2.40911      2.55032      0.00000
      2.41911      1.95842      0.00000
      2.42911      1.83313      0.00000
      2.43911      1.71016      0.00000
      2.44911      2.03068      0.00000
      2.45911      2.35187      0.00000
      2.46911      1.66951      0.00000
      2.47911      0.83431      0.00000
      2.48911      1.21565      0.00000
      2.49911      2.53704      0.00000
      2.50911      3.10291      0.00000
      2.51911      3.55425      0.00000
      2.52911      4.69186      0.00000
      2.53911      4.91287      0.00000
      2.54911      4.24704      0.00000
      2.55911      3.10066      0.00000
      2.56911      2.19736      0.00000
      2.57911      2.17785      0.00000
      2.58911      2.81980      0.00000
      2.59911      3.25266      0.00000
      2.60911      2.66738      0.00000
      2.61911      1.45928      0.00000
      2.62911      0.50717      0.00000
      2.63911      0.40753      0.00000
      2.64911      1.13832      0.00000
      2.65911      2.13720      0.00000
      2.66911      2.46855      0.00000
      2.67911      2.07815      0.00000
      2.68911      1.73804      0.00000
      2.69911      1.98340      0.00000
      2.70911      2.90554      0.00000
      2.71911      3.17022      0.00000
      2.72911      2.76595      0.00000
      2.73911      2.62635      0.00000
      2.74911      3.09366      0.00000
      2.75911      3.42799      0.00000
      2.76911      2.92460      0.00000
      2.77911      1.75499      0.00000
      2.78911      0.56239      0.00000
      2.79911      0.47333      0.00000
      2.80911      1.88216      0.00000
      2.81911      3.69669      0.00000
      2.82911      3.78225      0.00000
      2.83911      3.28204      0.00000
      2.84911      3.17108      0.00000
      2.85911      2.61080      0.00000
      2.86911      1.75465      0.00000
      2.87911      1.78020      0.00000
      2.88911      2.46769      0.00000
      2.89911      2.69801      0.00000
      2.90911      2.50531      0.00000
      2.91911      2.27867      0.00000
      2.92911      1.98026      0.00000
      2.93911      2.75828      0.00000
      2.94911      4.30186      0.00000
      2.95911      3.69967      0.00000
      2.96911      2.72054      0.00000
      2.97911      2.56501      0.00000
      2.98911      2.84419      0.00000
      2.99911      4.26241      0.00000
      3.00911      5.09071      0.00000
      3.01911      4.17736      0.00000
      3.02911      3.28996      0.00000
      3.03911      3.35595      0.00000
      3.04911      3.19161      0.00000
      3.05911      3.09986      0.00000
      3.06911      2.78884      0.00000
      3.07911      2.39079      0.00000
      3.08911      2.22259      0.00000
      3.09911      1.35141      0.00000
      3.10911      0.41166      0.00000
      3.11911      0.28692      0.00000
      3.12911      1.20109      0.00000
      3.13911      2.45758      0.00000
      3.14911      2.34749      0.00000
      3.15911      1.82780      0.00000
      3.16911      2.15977      0.00000
      3.17911      2.78277      0.00000
      3.18911      3.21422      0.00000
      3.19911      3.62098      0.00000
      3.20911      3.19393      0.00000
      3.21911      2.22872      0.00000
      3.22911      1.68904      0.00000
      3.23911      1.95571      0.00000
      3.24911      3.59916      0.00000
      3.25911      4.47213      0.00000
      3.26911      4.19006      0.00000
      3.27911      3.87211      0.00000
      3.28911      2.54289      0.00000
      3.29911      1.66137      0.00000
      3.30911      1.70266      0.00000
      3.31911      2.49743      0.00000
      3.32911      2.20271      0.00000
      3.33911      1.05529      0.00000
      3.34911      0.88964      0.00000
      3.35911      1.11141      0.00000
      3.36911      1.55959      0.00000
      3.37911      2.76281      0.00000
      3.38911      3.85229      0.00000
      3.39911      3.15623      0.00000
      3.40911      2.05260      0.00000
      3.41911      1.81910      0.00000
      3.42911      2.60531      0.00000
      3.43911      3.41040      0.00000
      3.44911      3.00345      0.00000
      3.45911      2.48503      0.00000
      3.46911      2.63704      0.00000
      3.47911      3.25587      0.00000
      3.48911      4.10318      0.00000
      3.49911      4.65021      0.00000
      3.50911      4.04164      0.00000
      3.51911      3.44781      0.00000
      3.52911      4.13051      0.00000
