Energy-E_F (eV)    DOS (1/eV)    PDOS (1/eV)  of atom type W  
     -4.94799      3.16879      0.00000
     -4.93799      0.51823      0.00000
     -4.92799      0.03121      0.00000
     -4.91799      0.00281      0.00000
     -4.90799      0.05515      0.00000
     -4.89799      0.52900      0.00000
     -4.88799      1.86666      0.00000
     -4.87799      2.42313      0.00000
     -4.86799      1.15771      0.00000
     -4.85799      0.22941      0.00000
     -4.84799      0.47090      0.00000
     -4.83799      2.95190      0.00000
     -4.82799      7.00131      0.00000
     -4.81799      6.10953      0.00000
     -4.80799      1.96129      0.00000
     -4.79799      0.23186      0.00000
     -4.78799      0.02358      0.00000
     -4.77799      0.28677      0.00000
     -4.76799      2.23563      0.00000
     -4.75799      6.41789      0.00000
     -4.74799      6.87077      0.00000
     -4.73799      4.04932      0.00000
     -4.72799      7.91763      0.00000
     -4.71799     14.76443      0.00000
     -4.70799     10.60506      0.00000
     -4.69799      2.80586      0.00000
     -4.68799      0.27311      0.00000
     -4.67799      0.00978      0.00000
     -4.66799      0.00039      0.00000
     -4.65799      0.01504      0.00000
     -4.64799      0.32366      0.00000
     -4.63799      2.70085      0.00000
     -4.62799      9.34988      0.00000
     -4.61799     15.80862      0.00000
     -4.60799     18.43717      0.00000
     -4.59799     17.27739      0.00000
     -4.58799      8.96363      0.00000
     -4.57799      1.95337      0.00000
     -4.56799      0.16483      0.00000
     -4.55799      0.00902      0.00000
     -4.54799      0.12835      0.00000
     -4.53799      1.64994      0.00000
     -4.52799      8.01596      0.00000
     -4.51799     15.05121      0.00000
     -4.50799     13.23153      0.00000
     -4.49799     11.31413      0.00000
     -4.48799      9.20055      0.00000
     -4.47799      3.40504      0.00000
     -4.46799      0.47466      0.00000
     -4.45799      0.02529      0.00000
     -4.44799      0.03817      0.00000
     -4.43799      0.59150      0.00000
     -4.42799      3.41307      0.00000
     -4.41799      7.24509      0.00000
     -4.40799      5.65780      0.00000
     -4.39799      1.62539      0.00000
     -4.38799      0.17178      0.00000
     -4.37799      0.00668      0.00000
     -4.36799      0.00056      0.00000
     -4.35799      0.01781      0.00000
     -4.34799      0.25056      0.00000
     -4.33799      1.29645      0.00000
     -4.32799      2.46778      0.00000
     -4.31799      1.72807      0.00000
     -4.30799      0.44517      0.00000
     -4.29799      0.04227      0.00000
     -4.28799      0.00633      0.00000
     -4.27799      0.10094      0.00000
     -4.26799      0.77042      0.00000
     -4.25799      2.16366      0.00000
     -4.24799      2.23540      0.00000
     -4.23799      0.84963      0.00000
     -4.22799      0.11880      0.00000
     -4.21799      0.00611      0.00000
     -4.20799      0.00012      0.00000
     -4.19799      0.00128      0.00000
     -4.18799      0.04987      0.00000
     -4.17799      0.71703      0.00000
     -4.16799      3.79221      0.00000
     -4.15799      7.37831      0.00000
     -4.14799      5.28112      0.00000
     -4.13799      1.39060      0.00000
     -4.12799      0.13470      0.00000
     -4.11799      0.00485      0.00000
     -4.10799      0.00298      0.00000
     -4.09799      0.06974      0.00000
     -4.08799      0.61361      0.00000
     -4.07799      1.98604      0.00000
     -4.06799      2.36477      0.00000
     -4.05799      1.03584      0.00000
     -4.04799      0.16692      0.00000
     -4.03799      0.00990      0.00000
     -4.02799      0.00022      0.00000
     -4.01799      0.00000      0.00000
     -4.00799      0.00000      0.00000
     -3.99799      0.00010      0.00000
     -3.98799      0.00534      0.00000
     -3.97799      0.10784      0.00000
     -3.96799      0.80187      0.00000
     -3.95799      2.19346      0.00000
     -3.94799      2.20729      0.00000
     -3.93799      0.81714      0.00000
     -3.92799      0.11129      0.00000
     -3.91799      0.00558      0.00000
     -3.90799      0.00010      0.00000
     -3.89799      0.00000      0.00000
     -3.88799      0.00000      0.00000
     -3.87799      0.00077      0.00000
     -3.86799      0.03447      0.00000
     -3.85799      0.58556      0.00000
     -3.84799      3.99914      0.00000
     -3.83799     12.34964      0.00000
     -3.82799     19.27247      0.00000
     -3.81799     14.63817      0.00000
     -3.80799      4.74258      0.00000
     -3.79799      0.59838      0.00000
     -3.78799      0.02831      0.00000
     -3.77799      0.00050      0.00000
     -3.76799      0.00000      0.00000
     -3.75799      0.00000      0.00000
     -3.74799      0.00000      0.00000
     -3.73799      0.00000      0.00000
     -3.72799      0.00000      0.00000
     -3.71799      0.00000      0.00000
     -3.70799      0.00122      0.00000
     -3.69799      0.04807      0.00000
     -3.68799      0.69913      0.00000
     -3.67799      3.74085      0.00000
     -3.66799      7.36360      0.00000
     -3.65799      5.33231      0.00000
     -3.64799      1.42052      0.00000
     -3.63799      0.13962      0.00000
     -3.62799      0.03060      0.00000
     -3.61799      0.59990      0.00000
     -3.60799      5.27746      0.00000
     -3.59799     17.75266      0.00000
     -3.58799     24.48511      0.00000
     -3.57799     17.08300      0.00000
     -3.56799      7.67556      0.00000
     -3.55799      2.31671      0.00000
     -3.54799      2.95930      0.00000
     -3.53799      6.95336      0.00000
     -3.52799      6.97375      0.00000
     -3.51799      4.38001      0.00000
     -3.50799      4.71359      0.00000
     -3.49799      9.72708      0.00000
     -3.48799     14.49243      0.00000
     -3.47799      9.88443      0.00000
     -3.46799      5.81615      0.00000
     -3.45799     10.63592      0.00000
     -3.44799     17.53338      0.00000
     -3.43799     16.34455      0.00000
     -3.42799      6.90021      0.00000
     -3.41799      1.14644      0.00000
     -3.40799      0.07161      0.00000
     -3.39799      0.01798      0.00000
     -3.38799      0.40484      0.00000
     -3.37799      3.77346      0.00000
     -3.36799     13.64857      0.00000
     -3.35799     20.41458      0.00000
     -3.34799     14.57032      0.00000
     -3.33799      8.93752      0.00000
     -3.32799      8.62413      0.00000
     -3.31799      6.30131      0.00000
     -3.30799      3.27155      0.00000
     -3.29799      1.10761      0.00000
     -3.28799      0.17171      0.00000
     -3.27799      0.11345      0.00000
     -3.26799      1.66394      0.00000
     -3.25799      9.86226      0.00000
     -3.24799     21.70075      0.00000
     -3.23799     19.63301      0.00000
     -3.22799     17.06309      0.00000
     -3.21799     24.24411      0.00000
     -3.20799     18.24860      0.00000
     -3.19799      5.52485      0.00000
     -3.18799      0.67017      0.00000
     -3.17799      0.03282      0.00000
     -3.16799      0.00065      0.00000
     -3.15799      0.00000      0.00000
     -3.14799      0.00000      0.00000
     -3.13799      0.00193      0.00000
     -3.12799      0.06815      0.00000
     -3.11799      0.88635      0.00000
     -3.10799      4.24075      0.00000
     -3.09799      7.46521      0.00000
     -3.08799      4.86524      0.00000
     -3.07799      1.52758      0.00000
     -3.06799      1.78836      0.00000
     -3.05799      3.26859      0.00000
     -3.04799      3.60708      0.00000
     -3.03799      2.53735      0.00000
     -3.02799      0.86885      0.00000
     -3.01799      0.11847      0.00000
     -3.00799      0.01293      0.00000
     -2.99799      0.21091      0.00000
     -2.98799      2.37451      0.00000
     -2.97799      9.94287      0.00000
     -2.96799     16.35606      0.00000
     -2.95799     13.71905      0.00000
     -2.94799      9.07071      0.00000
     -2.93799      3.83181      0.00000
     -2.92799      0.68927      0.00000
     -2.91799      0.04672      0.00000
     -2.90799      0.00117      0.00000
     -2.89799      0.00000      0.00000
     -2.88799      0.00000      0.00000
     -2.87799      0.00000      0.00000
     -2.86799      0.00000      0.00000
     -2.85799      0.00000      0.00000
     -2.84799      0.00000      0.00000
     -2.83799      0.00000      0.00000
     -2.82799      0.00000      0.00000
     -2.81799      0.00000      0.00000
     -2.80799      0.00000      0.00000
     -2.79799      0.00019      0.00000
     -2.78799      0.01522      0.00000
     -2.77799      0.42092      0.00000
     -2.76799      4.44148      0.00000
     -2.75799     18.11153      0.00000
     -2.74799     28.89179      0.00000
     -2.73799     18.16552      0.00000
     -2.72799      4.51333      0.00000
     -2.71799      0.70716      0.00000
     -2.70799      2.18132      0.00000
     -2.69799      6.48191      0.00000
     -2.68799      8.57315      0.00000
     -2.67799     10.72287      0.00000
     -2.66799     14.80095      0.00000
     -2.65799     10.31402      0.00000
     -2.64799      3.81948      0.00000
     -2.63799      2.66381      0.00000
     -2.62799      2.04041      0.00000
     -2.61799      1.08572      0.00000
     -2.60799      1.91006      0.00000
     -2.59799      3.28787      0.00000
     -2.58799      6.17576      0.00000
     -2.57799     13.72770      0.00000
     -2.56799     15.79029      0.00000
     -2.55799      7.29372      0.00000
     -2.54799      1.27834      0.00000
     -2.53799      0.08428      0.00000
     -2.52799      0.04108      0.00000
     -2.51799      0.64124      0.00000
     -2.50799      4.11882      0.00000
     -2.49799     11.01895      0.00000
     -2.48799     13.36597      0.00000
     -2.47799      8.49090      0.00000
     -2.46799      4.08378      0.00000
     -2.45799      1.63208      0.00000
     -2.44799      0.33112      0.00000
     -2.43799      0.02637      0.00000
     -2.42799      0.00106      0.00000
     -2.41799      0.01198      0.00000
     -2.40799      0.19230      0.00000
     -2.39799      1.17538      0.00000
     -2.38799      3.20573      0.00000
     -2.37799      5.92633      0.00000
     -2.36799      7.98714      0.00000
     -2.35799      5.11361      0.00000
     -2.34799      1.26682      0.00000
     -2.33799      0.11642      0.00000
     -2.32799      0.00394      0.00000
     -2.31799      0.00010      0.00000
     -2.30799      0.00382      0.00000
     -2.29799      0.11379      0.00000
     -2.28799      1.25365      0.00000
     -2.27799      5.22424      0.00000
     -2.26799      9.26640      0.00000
     -2.25799     10.00095      0.00000
     -2.24799      8.01962      0.00000
     -2.23799      4.67030      0.00000
     -2.22799      8.83746      0.00000
     -2.21799     20.03831      0.00000
     -2.20799     25.90888      0.00000
     -2.19799     22.11283      0.00000
     -2.18799     12.47529      0.00000
     -2.17799      7.97311      0.00000
     -2.16799     14.15549      0.00000
     -2.15799     17.82754      0.00000
     -2.14799     12.74173      0.00000
     -2.13799      5.58336      0.00000
     -2.12799      1.19034      0.00000
     -2.11799      0.17193      0.00000
     -2.10799      1.03528      0.00000
     -2.09799      5.87465      0.00000
     -2.08799     13.29210      0.00000
     -2.07799     12.11137      0.00000
     -2.06799      4.43684      0.00000
     -2.05799      0.64357      0.00000
     -2.04799      0.03620      0.00000
     -2.03799      0.00077      0.00000
     -2.02799      0.00000      0.00000
     -2.01799      0.00083      0.00000
     -2.00799      0.03586      0.00000
     -1.99799      0.57124      0.00000
     -1.98799      3.34745      0.00000
     -1.97799      7.22230      0.00000
     -1.96799      5.92067      0.00000
     -1.95799      4.00133      0.00000
     -1.94799     10.69234      0.00000
     -1.93799     19.31267      0.00000
     -1.92799     16.04984      0.00000
     -1.91799      6.55318      0.00000
     -1.90799      1.72597      0.00000
     -1.89799      3.40296      0.00000
     -1.88799     12.41925      0.00000
     -1.87799     22.98964      0.00000
     -1.86799     17.56812      0.00000
     -1.85799      5.11867      0.00000
     -1.84799      0.73155      0.00000
     -1.83799      1.69121      0.00000
     -1.82799      5.72246      0.00000
     -1.81799      7.21800      0.00000
     -1.80799      3.42091      0.00000
     -1.79799      1.72758      0.00000
     -1.78799      6.77544      0.00000
     -1.77799     14.45861      0.00000
     -1.76799     11.55014      0.00000
     -1.75799      4.79235      0.00000
     -1.74799      5.79023      0.00000
     -1.73799      7.34415      0.00000
     -1.72799      3.63591      0.00000
     -1.71799      0.66338      0.00000
     -1.70799      0.04453      0.00000
     -1.69799      0.00110      0.00000
     -1.68799      0.00047      0.00000
     -1.67799      0.02458      0.00000
     -1.66799      0.47899      0.00000
     -1.65799      3.58406      0.00000
     -1.64799     11.33332      0.00000
     -1.63799     18.66194      0.00000
     -1.62799     18.03437      0.00000
     -1.61799      8.58791      0.00000
     -1.60799      1.66833      0.00000
     -1.59799      0.12265      0.00000
     -1.58799      0.00334      0.00000
     -1.57799     -0.00000      0.00000
     -1.56799      0.00015      0.00000
     -1.55799      0.00800      0.00000
     -1.54799      0.16646      0.00000
     -1.53799      1.44042      0.00000
     -1.52799      5.48075      0.00000
     -1.51799      9.24375      0.00000
     -1.50799      6.58467      0.00000
     -1.49799      1.86564      0.00000
     -1.48799      0.20186      0.00000
     -1.47799      0.00817      0.00000
     -1.46799      0.00012      0.00000
     -1.45799      0.00000      0.00000
     -1.44799      0.00000      0.00000
     -1.43799      0.00000      0.00000
     -1.42799      0.00000      0.00000
     -1.41799      0.00077      0.00000
     -1.40799      0.03957      0.00000
     -1.39799      0.75243      0.00000
     -1.38799      5.26402      0.00000
     -1.37799     13.54798      0.00000
     -1.36799     12.82735      0.00000
     -1.35799      4.46792      0.00000
     -1.34799      0.57250      0.00000
     -1.33799      0.02699      0.00000
     -1.32799      0.00047      0.00000
     -1.31799      0.00000      0.00000
     -1.30799      0.00000      0.00000
     -1.29799      0.00000      0.00000
     -1.28799      0.00000      0.00000
     -1.27799      0.00000      0.00000
     -1.26799      0.00000      0.00000
     -1.25799      0.00000      0.00000
     -1.24799      0.00000      0.00000
     -1.23799      0.00000      0.00000
     -1.22799      0.00000      0.00000
     -1.21799      0.00064      0.00000
     -1.20799      0.02940      0.00000
     -1.19799      0.49737      0.00000
     -1.18799      3.09552      0.00000
     -1.17799      7.08754      0.00000
     -1.16799      5.96984      0.00000
     -1.15799      1.84984      0.00000
     -1.14799      0.21087      0.00000
     -1.13799      0.00884      0.00000
     -1.12799      0.00014      0.00000
     -1.11799     -0.00000      0.00000
     -1.10799     -0.00000      0.00000
     -1.09799      0.00004      0.00000
     -1.08799      0.00323      0.00000
     -1.07799      0.10040      0.00000
     -1.06799      1.14762      0.00000
     -1.05799      4.82571      0.00000
     -1.04799      7.46499      0.00000
     -1.03799      4.24818      0.00000
     -1.02799      0.88937      0.00000
     -1.01799      0.06947      0.00000
     -1.00799      0.04242      0.00000
     -0.99799      0.62116      0.00000
     -0.98799      3.50691      0.00000
     -0.97799      7.28755      0.00000
     -0.96799      5.65460      0.00000
     -0.95799      2.28105      0.00000
     -0.94799      2.27041      0.00000
     -0.93799      2.28803      0.00000
     -0.92799      0.90849      0.00000
     -0.91799      0.13304      0.00000
     -0.90799      0.00717      0.00000
     -0.89799      0.00014      0.00000
     -0.88799      0.00000      0.00000
     -0.87799      0.00000      0.00000
     -0.86799      0.00000      0.00000
     -0.85799      0.00000      0.00000
     -0.84799      0.00000      0.00000
     -0.83799      0.00000      0.00000
     -0.82799      0.00000      0.00000
     -0.81799      0.00000      0.00000
     -0.80799      0.00000      0.00000
     -0.79799      0.00000      0.00000
     -0.78799      0.00000      0.00000
     -0.77799      0.00000      0.00000
     -0.76799      0.00000      0.00000
     -0.75799      0.00000      0.00000
     -0.74799      0.00000      0.00000
     -0.73799      0.00000      0.00000
     -0.72799      0.00000      0.00000
     -0.71799      0.00000      0.00000
     -0.70799      0.00000      0.00000
     -0.69799      0.00000      0.00000
     -0.68799      0.00000      0.00000
     -0.67799      0.00000      0.00000
     -0.66799      0.00000      0.00000
     -0.65799      0.00000      0.00000
     -0.64799      0.00000      0.00000
     -0.63799      0.00000      0.00000
     -0.62799      0.00000      0.00000
     -0.61799      0.00000      0.00000
     -0.60799      0.00153      0.00000
     -0.59799      0.05725      0.00000
     -0.58799      0.78774      0.00000
     -0.57799      3.98735      0.00000
     -0.56799      7.42496      0.00000
     -0.55799      5.08638      0.00000
     -0.54799      1.28183      0.00000
     -0.53799      0.11884      0.00000
     -0.52799      0.00580      0.00000
     -0.51799      0.06329      0.00000
     -0.50799      0.84267      0.00000
     -0.49799      4.13104      0.00000
     -0.48799      7.45013      0.00000
     -0.47799      4.94281      0.00000
     -0.46799      1.20640      0.00000
     -0.45799      0.10832      0.00000
     -0.44799      0.00375      0.00000
     -0.43799      0.01076      0.00000
     -0.42799      0.24244      0.00000
     -0.41799      2.01755      0.00000
     -0.40799      6.17652      0.00000
     -0.39799      6.95614      0.00000
     -0.38799      2.88203      0.00000
     -0.37799      0.44075      0.00000
     -0.36799      0.08024      0.00000
     -0.35799      0.77300      0.00000
     -0.34799      3.95791      0.00000
     -0.33799      7.68200      0.00000
     -0.32799      7.26288      0.00000
     -0.31799      7.61347      0.00000
     -0.30799      6.98091      0.00000
     -0.29799      2.74730      0.00000
     -0.28799      0.40364      0.00000
     -0.27799      0.02184      0.00000
     -0.26799      0.00043      0.00000
     -0.25799      0.00000      0.00000
     -0.24799      0.00010      0.00000
     -0.23799      0.00713      0.00000
     -0.22799      0.18018      0.00000
     -0.21799      1.67543      0.00000
     -0.20799      5.73115      0.00000
     -0.19799      7.21213      0.00000
     -0.18799      3.33880      0.00000
     -0.17799      0.56887      0.00000
     -0.16799      0.04958      0.00000
     -0.15799      0.29401      0.00000
     -0.14799      2.26672      0.00000
     -0.13799      6.44690      0.00000
     -0.12799      6.74541      0.00000
     -0.11799      2.59640      0.00000
     -0.10799      0.36766      0.00000
     -0.09799      0.01915      0.00000
     -0.08799      0.00037      0.00000
     -0.07799      0.00000      0.00000
     -0.06799      0.00000      0.00000
     -0.05799      0.00000      0.00000
     -0.04799      0.00084      0.00000
     -0.03799      0.03634      0.00000
     -0.02799      0.57652      0.00000
     -0.01799      3.36463      0.00000
     -0.00799      7.22385      0.00000
      0.00201      5.70566      0.00000
      0.01201      1.65786      0.00000
      0.02201      0.17721      0.00000
      0.03201      0.00697      0.00000
      0.04201      0.00010      0.00000
      0.05201      0.00000      0.00000
      0.06201      0.00000      0.00000
      0.07201      0.00000      0.00000
      0.08201      0.00000      0.00000
      0.09201      0.00000      0.00000
      0.10201      0.00000      0.00000
      0.11201      0.00000      0.00000
      0.12201      0.00000      0.00000
      0.13201      0.00000      0.00000
      0.14201      0.00000      0.00000
      0.15201      0.00000      0.00000
      0.16201      0.00000      0.00000
      0.17201      0.00000      0.00000
      0.18201      0.00000      0.00000
      0.19201      0.00000      0.00000
      0.20201      0.00038      0.00000
      0.21201      0.01978      0.00000
      0.22201      0.37615      0.00000
      0.23201      2.63174      0.00000
      0.24201      6.77378      0.00000
      0.25201      6.41393      0.00000
      0.26201      2.23420      0.00000
      0.27201      0.28639      0.00000
      0.28201      0.01954      0.00000
      0.29201      0.16351      0.00000
      0.30201      1.68231      0.00000
      0.31201      7.27358      0.00000
      0.32201     15.66498      0.00000
      0.33201     18.45830      0.00000
      0.34201     10.71201      0.00000
      0.35201      4.74065      0.00000
      0.36201      6.73175      0.00000
      0.37201      6.68472      0.00000
      0.38201      2.51556      0.00000
      0.39201      0.34858      0.00000
      0.40201      0.02221      0.00000
      0.41201      0.15199      0.00000
      0.42201      1.90454      0.00000
      0.43201      8.79859      0.00000
      0.44201     14.95345      0.00000
      0.45201      9.34922      0.00000
      0.46201      2.15038      0.00000
      0.47201      0.18195      0.00000
      0.48201      0.00566      0.00000
      0.49201      0.00006      0.00000
      0.50201      0.00049      0.00000
      0.51201      0.02786      0.00000
      0.52201      0.58571      0.00000
      0.53201      4.53030      0.00000
      0.54201     12.89063      0.00000
      0.55201     13.49358      0.00000
      0.56201      5.19620      0.00000
      0.57201      0.73612      0.00000
      0.58201      0.03836      0.00000
      0.59201      0.00074      0.00000
      0.60201      0.00000      0.00000
      0.61201      0.00000      0.00000
      0.62201      0.00000      0.00000
      0.63201      0.00000      0.00000
      0.64201      0.00000      0.00000
      0.65201      0.00000      0.00000
      0.66201      0.00000      0.00000
      0.67201      0.00000      0.00000
      0.68201      0.00000      0.00000
      0.69201      0.00000      0.00000
      0.70201      0.00000      0.00000
      0.71201      0.00000      0.00000
      0.72201      0.00000      0.00000
      0.73201      0.00000      0.00000
      0.74201      0.00000      0.00000
      0.75201      0.00000      0.00000
      0.76201      0.00000      0.00000
      0.77201      0.00000      0.00000
      0.78201      0.00000      0.00000
      0.79201      0.00000      0.00000
      0.80201      0.00006      0.00000
      0.81201      0.00542      0.00000
      0.82201      0.17596      0.00000
      0.83201      2.10307      0.00000
      0.84201      9.24709      0.00000
      0.85201     14.95761      0.00000
      0.86201      8.90071      0.00000
      0.87201      1.94955      0.00000
      0.88201      0.21380      0.00000
      0.89201      1.09868      0.00000
      0.90201      7.74749      0.00000
      0.91201     20.23407      0.00000
      0.92201     20.00692      0.00000
      0.93201     10.37645      0.00000
      0.94201      8.18288      0.00000
      0.95201      5.58457      0.00000
      0.96201      1.55014      0.00000
      0.97201      0.15935      0.00000
      0.98201      0.00603      0.00000
      0.99201      0.00008      0.00000
      1.00201      0.00000      0.00000
      1.01201      0.00000      0.00000
      1.02201      0.00000      0.00000
      1.03201      0.00000      0.00000
      1.04201      0.00000      0.00000
      1.05201      0.00004      0.00000
      1.06201      0.00314      0.00000
      1.07201      0.09830      0.00000
      1.08201      1.13911      0.00000
      1.09201      4.99369      0.00000
      1.10201      9.27186      0.00000
      1.11201     10.19152      0.00000
      1.12201      8.02548      0.00000
      1.13201      3.22886      0.00000
      1.14201      0.55088      0.00000
      1.15201      0.57844      0.00000
      1.16201      3.26940      0.00000
      1.17201      7.17888      0.00000
      1.18201      5.80018      0.00000
      1.19201      1.72398      0.00000
      1.20201      0.18868      0.00000
      1.21201      0.01814      0.00000
      1.22201      0.23984      0.00000
      1.23201      2.00355      0.00000
      1.24201      6.16006      0.00000
      1.25201      6.96756      0.00000
      1.26201      2.90393      0.00000
      1.27201      0.54341      0.00000
      1.28201      0.78942      0.00000
      1.29201      2.15830      0.00000
      1.30201      2.24216      0.00000
      1.31201      0.91147      0.00000
      1.32201      0.89154      0.00000
      1.33201      3.94912      0.00000
      1.34201      7.41573      0.00000
      1.35201      5.13077      0.00000
      1.36201      1.30594      0.00000
      1.37201      0.12228      0.00000
      1.38201      0.00550      0.00000
      1.39201      0.05802      0.00000
      1.40201      0.97132      0.00000
      1.41201      6.04915      0.00000
      1.42201     14.00862      0.00000
      1.43201     12.06594      0.00000
      1.44201      3.88328      0.00000
      1.45201      0.89466      0.00000
      1.46201      3.85172      0.00000
      1.47201     13.16197      0.00000
      1.48201     20.83374      0.00000
      1.49201     20.54858      0.00000
      1.50201     12.41058      0.00000
      1.51201      3.45822      0.00000
      1.52201      1.46357      0.00000
      1.53201      6.58492      0.00000
      1.54201     14.37419      0.00000
      1.55201     11.56751      0.00000
      1.56201      3.42954      0.00000
      1.57201      0.53763      0.00000
      1.58201      2.02704      0.00000
      1.59201      9.04589      0.00000
      1.60201     14.96049      0.00000
      1.61201      9.11535      0.00000
      1.62201      2.31929      0.00000
      1.63201      2.38141      0.00000
      1.64201      6.39783      0.00000
      1.65201      6.79163      0.00000
      1.66201      2.65439      0.00000
      1.67201      0.38477      0.00000
      1.68201      0.11820      0.00000
      1.69201      1.12997      0.00000
      1.70201      4.78878      0.00000
      1.71201      7.46893      0.00000
      1.72201      4.29817      0.00000
      1.73201      1.12538      0.00000
      1.74201      1.71391      0.00000
      1.75201      6.54078      0.00000
      1.76201     14.33533      0.00000
      1.77201     14.38027      0.00000
      1.78201      5.71611      0.00000
      1.79201      0.85345      0.00000
      1.80201      0.04714      0.00000
      1.81201      0.00096      0.00000
      1.82201      0.00000      0.00000
      1.83201      0.00000      0.00000
      1.84201      0.00000      0.00000
      1.85201      0.00226      0.00000
      1.86201      0.07689      0.00000
      1.87201      0.96113      0.00000
      1.88201      4.42000      0.00000
      1.89201      7.47768      0.00000
      1.90201      4.65390      0.00000
      1.91201      1.06596      0.00000
      1.92201      0.10587      0.00000
      1.93201      0.23696      0.00000
      1.94201      1.26137      0.00000
      1.95201      2.72917      0.00000
      1.96201      4.26612      0.00000
      1.97201      9.57102      0.00000
      1.98201     13.93754      0.00000
      1.99201      9.14726      0.00000
      2.00201      3.33837      0.00000
      2.01201      2.53622      0.00000
      2.02201      2.13456      0.00000
      2.03201      0.73082      0.00000
      2.04201      0.09249      0.00000
      2.05201      0.00431      0.00000
      2.06201      0.00007      0.00000
      2.07201     -0.00000      0.00000
      2.08201     -0.00000      0.00000
      2.09201     -0.00000      0.00000
      2.10201      0.00062      0.00000
      2.11201      0.02210      0.00000
      2.12201      0.29273      0.00000
      2.13201      1.47491      0.00000
      2.14201      3.20080      0.00000
      2.15201      4.76178      0.00000
      2.16201      9.08415      0.00000
      2.17201     16.28876      0.00000
      2.18201     17.89373      0.00000
      2.19201     11.34763      0.00000
      2.20201      3.78921      0.00000
      2.21201      0.56010      0.00000
      2.22201      0.03272      0.00000
      2.23201      0.00258      0.00000
      2.24201      0.07361      0.00000
      2.25201      1.10309      0.00000
      2.26201      6.31176      0.00000
      2.27201     13.88356      0.00000
      2.28201     11.84067      0.00000
      2.29201      4.44793      0.00000
      2.30201      2.51586      0.00000
      2.31201      3.29458      0.00000
      2.32201      5.32080      0.00000
      2.33201      7.68831      0.00000
      2.34201      5.52869      0.00000
      2.35201      4.90169      0.00000
      2.36201      7.52534      0.00000
      2.37201      6.10303      0.00000
      2.38201      5.39066      0.00000
      2.39201      7.56121      0.00000
      2.40201      5.09818      0.00000
      2.41201      1.28559      0.00000
      2.42201      0.11936      0.00000
      2.43201      0.00415      0.00000
      2.44201      0.00552      0.00000
      2.45201      0.14822      0.00000
      2.46201      1.47913      0.00000
      2.47201      5.43573      0.00000
      2.48201      7.54039      0.00000
      2.49201      6.30619      0.00000
      2.50201     13.32676      0.00000
      2.51201     22.35179      0.00000
      2.52201     14.56145      0.00000
      2.53201      3.51936      0.00000
      2.54201      0.31557      0.00000
      2.55201      0.04284      0.00000
      2.56201      0.53262      0.00000
      2.57201      3.21789      0.00000
      2.58201      7.15359      0.00000
      2.59201      5.85756      0.00000
      2.60201      1.89652      0.00000
      2.61201      1.11693      0.00000
      2.62201      2.29988      0.00000
      2.63201      2.09577      0.00000
      2.64201      0.70494      0.00000
      2.65201      0.08865      0.00000
      2.66201      0.04504      0.00000
      2.67201      0.43749      0.00000
      2.68201      1.71410      0.00000
      2.69201      2.47128      0.00000
      2.70201      1.32737      0.00000
      2.71201      0.66391      0.00000
      2.72201      3.64342      0.00000
      2.73201     11.84230      0.00000
      2.74201     14.23067      0.00000
      2.75201      6.29126      0.00000
      2.76201      1.02329      0.00000
      2.77201      0.06821      0.00000
      2.78201      0.17906      0.00000
      2.79201      1.66190      0.00000
      2.80201      5.75607      0.00000
      2.81201      7.97263      0.00000
      2.82201      8.13811      0.00000
      2.83201     12.86666      0.00000
      2.84201     13.47459      0.00000
      2.85201      7.46587      0.00000
      2.86201      3.46858      0.00000
      2.87201      1.57519      0.00000
      2.88201      1.76364      0.00000
      2.89201      4.83808      0.00000
      2.90201     15.08243      0.00000
      2.91201     32.98229      0.00000
      2.92201     36.67318      0.00000
      2.93201     23.37805      0.00000
      2.94201     14.36114      0.00000
      2.95201     14.89678      0.00000
      2.96201     16.66385      0.00000
      2.97201     13.26925      0.00000
      2.98201      6.58573      0.00000
      2.99201      4.71334      0.00000
      3.00201      7.61700      0.00000
      3.01201      7.64630      0.00000
      3.02201      7.80608      0.00000
      3.03201      7.41202      0.00000
      3.04201      5.19628      0.00000
      3.05201      6.94693      0.00000
      3.06201      6.75746      0.00000
      3.07201      3.22921      0.00000
      3.08201      4.51712      0.00000
      3.09201     10.29613      0.00000
      3.10201     11.84498      0.00000
      3.11201      7.77599      0.00000
      3.12201      6.03040      0.00000
      3.13201     14.88923      0.00000
      3.14201     22.38871      0.00000
      3.15201     12.73522      0.00000
      3.16201      2.67518      0.00000
      3.17201      0.20741      0.00000
      3.18201      0.01591      0.00000
      3.19201      0.30317      0.00000
      3.20201      3.41968      0.00000
      3.21201     14.33238      0.00000
      3.22201     22.31100      0.00000
      3.23201     12.97470      0.00000
      3.24201      3.80003      0.00000
      3.25201      4.81748      0.00000
      3.26201      7.60896      0.00000
      3.27201      5.79050      0.00000
      3.28201      6.12604      0.00000
      3.29201      7.49384      0.00000
      3.30201      3.93730      0.00000
      3.31201      0.77421      0.00000
      3.32201      0.17426      0.00000
      3.33201      0.94199      0.00000
      3.34201      3.67092      0.00000
      3.35201      9.78499      0.00000
      3.36201     15.54404      0.00000
      3.37201     10.63746      0.00000
      3.38201      2.77018      0.00000
      3.39201      0.26719      0.00000
      3.40201      0.01541      0.00000
      3.41201      0.15748      0.00000
      3.42201      1.53690      0.00000
      3.43201      5.52236      0.00000
      3.44201      7.29992      0.00000
      3.45201      3.55942      0.00000
      3.46201      0.86830      0.00000
      3.47201      2.21126      0.00000
      3.48201      8.16520      0.00000
      3.49201     13.33997      0.00000
      3.50201      9.89101      0.00000
      3.51201      3.23426      0.00000
      3.52201      0.43488      0.00000
      3.53201      0.02271      0.00000
      3.54201      0.00044      0.00000
      3.55201      0.00000      0.00000
      3.56201      0.00000      0.00000
      3.57201      0.00000      0.00000
      3.58201      0.00000      0.00000
      3.59201      0.00000      0.00000
      3.60201      0.00000      0.00000
      3.61201      0.00000      0.00000
      3.62201      0.00000      0.00000
      3.63201      0.00000      0.00000
      3.64201      0.00000      0.00000
      3.65201      0.00000      0.00000
      3.66201      0.00000      0.00000
      3.67201      0.00000      0.00000
      3.68201      0.00000      0.00000
      3.69201      0.00000      0.00000
      3.70201      0.00000      0.00000
      3.71201      0.00000      0.00000
      3.72201      0.00000      0.00000
      3.73201      0.00000      0.00000
      3.74201      0.00000      0.00000
      3.75201      0.00000      0.00000
      3.76201      0.00000      0.00000
      3.77201      0.00000      0.00000
      3.78201      0.00000      0.00000
      3.79201      0.00000      0.00000
      3.80201      0.00000      0.00000
      3.81201      0.00000      0.00000
      3.82201      0.00000      0.00000
      3.83201      0.00000      0.00000
      3.84201      0.00000      0.00000
      3.85201      0.00000      0.00000
      3.86201      0.00000      0.00000
      3.87201      0.00000      0.00000
      3.88201      0.00007      0.00000
      3.89201      0.00634      0.00000
      3.90201      0.19806      0.00000
      3.91201      2.27452      0.00000
      3.92201      9.60912      0.00000
      3.93201     14.93427      0.00000
      3.94201      8.53866      0.00000
      3.95201      1.79598      0.00000
      3.96201      0.13897      0.00000
      3.97201      0.00396      0.00000
      3.98201      0.00000      0.00000
      3.99201      0.00000      0.00000
      4.00201      0.00000      0.00000
      4.01201      0.00000      0.00000
      4.02201      0.00000      0.00000
      4.03201      0.00000      0.00000
      4.04201      0.00000      0.00000
      4.05201      0.00000      0.00000
      4.06201      0.00000      0.00000
      4.07201      0.00000      0.00000
      4.08201      0.00000      0.00000
      4.09201      0.00000      0.00000
      4.10201      0.00000      0.00000
      4.11201      0.00000      0.00000
      4.12201      0.00000      0.00000
      4.13201      0.00000      0.00000
      4.14201      0.00000      0.00000
      4.15201      0.00008      0.00000
      4.16201      0.00637      0.00000
      4.17201      0.19863      0.00000
      4.18201      2.27885      0.00000
      4.19201      9.61800      0.00000
      4.20201     14.93340      0.00000
      4.21201      8.52979      0.00000
      4.22201      1.79235      0.00000
      4.23201      0.13855      0.00000
      4.24201      0.00394      0.00000
      4.25201      0.00000      0.00000
      4.26201      0.00000      0.00000
      4.27201      0.00182      0.00000
      4.28201      0.07166      0.00000
