Energy-E_F (eV)    DOS (1/eV)    PDOS (1/eV)  of atom type W  
     -4.99000      1.58440      1.58440
     -4.98000      0.25911      0.25911
     -4.97000      0.01559      0.01559
     -4.96000      0.00035      0.00035
     -4.95000      0.00000      0.00000
     -4.94000      0.00000      0.00000
     -4.93000      0.00000      0.00000
     -4.92000      0.00000      0.00000
     -4.91000      0.00000      0.00000
     -4.90000      0.00000      0.00000
     -4.89000      0.00000      0.00000
     -4.88000      0.00012      0.00012
     -4.87000      0.00751      0.00751
     -4.86000      0.16696      0.16696
     -4.85000      1.36868      1.36868
     -4.84000      4.13806      4.13806
     -4.83000      4.61499      4.61499
     -4.82000      1.89888      1.89888
     -4.81000      0.28836      0.28836
     -4.80000      0.01988      0.01988
     -4.79000      0.09345      0.09345
     -4.78000      0.85542      0.85542
     -4.77000      2.89142      2.89142
     -4.76000      3.62111      3.62111
     -4.75000      2.11360      2.11360
     -4.74000      3.27277      3.27277
     -4.73000      7.04619      7.04619
     -4.72000      6.06677      6.06677
     -4.71000      1.92605      1.92605
     -4.70000      0.22496      0.22496
     -4.69000      0.00967      0.00967
     -4.68000      0.00135      0.00135
     -4.67000      0.04008      0.04008
     -4.66000      0.49411      0.49411
     -4.65000      2.24157      2.24157
     -4.64000      3.75637      3.75637
     -4.63000      2.58915      2.58915
     -4.62000      2.54935      2.54935
     -4.61000      5.75827      5.75827
     -4.60000      7.06560      7.06560
     -4.59000      5.76970      5.76970
     -4.58000      6.96724      6.96724
     -4.57000      6.51430      6.51430
     -4.56000      2.67713      2.67713
     -4.55000      0.65544      0.65544
     -4.54000      1.47092      1.47092
     -4.53000      3.48025      3.48025
     -4.52000      3.08652      3.08652
     -4.51000      1.02576      1.02576
     -4.50000      0.41645      0.41645
     -4.49000      1.71136      1.71136
     -4.48000      3.62241      3.62241
     -4.47000      2.82941      2.82941
     -4.46000      0.81304      0.81304
     -4.45000      0.08634      0.08634
     -4.44000      0.01902      0.01902
     -4.43000      0.22960      0.22960
     -4.42000      1.23681      1.23681
     -4.41000      2.45147      2.45147
     -4.40000      1.78756      1.78756
     -4.39000      0.48076      0.48076
     -4.38000      0.07864      0.07864
     -4.37000      0.28847      0.28847
     -4.36000      0.96591      0.96591
     -4.35000      1.19723      1.19723
     -4.34000      0.56108      0.56108
     -4.33000      0.34923      0.34923
     -4.32000      1.58518      1.58518
     -4.31000      3.56143      3.56143
     -4.30000      2.95388      2.95388
     -4.29000      0.90133      0.90133
     -4.28000      0.10118      0.10118
     -4.27000      0.00418      0.00418
     -4.26000      0.00006      0.00006
     -4.25000      0.00000      0.00000
     -4.24000      0.00000      0.00000
     -4.23000      0.00000      0.00000
     -4.22000      0.00000      0.00000
     -4.21000      0.00000      0.00000
     -4.20000      0.00000      0.00000
     -4.19000      0.00000      0.00000
     -4.18000      0.00000      0.00000
     -4.17000      0.00000      0.00000
     -4.16000      0.00000      0.00000
     -4.15000      0.00000      0.00000
     -4.14000      0.00000      0.00000
     -4.13000      0.00000      0.00000
     -4.12000      0.00000      0.00000
     -4.11000      0.00000      0.00000
     -4.10000      0.00000      0.00000
     -4.09000      0.00000      0.00000
     -4.08000      0.00043      0.00043
     -4.07000      0.01862      0.01862
     -4.06000      0.29313      0.29313
     -4.05000      1.69819      1.69819
     -4.04000      3.62310      3.62310
     -4.03000      2.93850      2.93850
     -4.02000      1.72025      1.72025
     -4.01000      3.04153      3.04153
     -4.00000      3.56423      3.56423
     -3.99000      1.57874      1.57874
     -3.98000      0.25748      0.25748
     -3.97000      0.01545      0.01545
     -3.96000      0.00034      0.00034
     -3.95000      0.00000      0.00000
     -3.94000      0.00000      0.00000
     -3.93000      0.00000      0.00000
     -3.92000      0.00064      0.00064
     -3.91000      0.02743      0.02743
     -3.90000      0.46304      0.46304
     -3.89000      3.04766      3.04766
     -3.88000      7.73633      7.73633
     -3.87000      7.48201      7.48201
     -3.86000      2.72718      2.72718
     -3.85000      0.37155      0.37155
     -3.84000      0.01881      0.01881
     -3.83000      0.00035      0.00035
     -3.82000      0.00000      0.00000
     -3.81000      0.00000      0.00000
     -3.80000      0.00000      0.00000
     -3.79000      0.00000      0.00000
     -3.78000      0.00000      0.00000
     -3.77000      0.00000      0.00000
     -3.76000      0.00000      0.00000
     -3.75000      0.00000      0.00000
     -3.74000      0.00000      0.00000
     -3.73000      0.00000      0.00000
     -3.72000      0.00003      0.00003
     -3.71000      0.00229      0.00229
     -3.70000      0.06518      0.06518
     -3.69000      0.68467      0.68467
     -3.68000      2.72015      2.72015
     -3.67000      4.62360      4.62360
     -3.66000      4.91067      4.91067
     -3.65000      3.91164      3.91164
     -3.64000      1.62800      1.62800
     -3.63000      0.90457      0.90457
     -3.62000      2.98933      2.98933
     -3.61000      6.21773      6.21773
     -3.60000      7.73397      7.73397
     -3.59000      6.54130      6.54130
     -3.58000      3.19785      3.19785
     -3.57000      1.05449      1.05449
     -3.56000      1.93601      1.93601
     -3.55000      3.68504      3.68504
     -3.54000      2.67580      2.67580
     -3.53000      0.93081      0.93081
     -3.52000      1.52031      1.52031
     -3.51000      3.48715      3.48715
     -3.50000      3.07873      3.07873
     -3.49000      1.00065      1.00065
     -3.48000      0.11965      0.11965
     -3.47000      0.00656      0.00656
     -3.46000      0.04958      0.04958
     -3.45000      0.71918      0.71918
     -3.44000      4.21359      4.21359
     -3.43000     11.17046     11.17046
     -3.42000     15.54243     15.54243
     -3.41000     12.06032     12.06032
     -3.40000      5.04811      5.04811
     -3.39000      1.08207      1.08207
     -3.38000      0.10840      0.10840
     -3.37000      0.00473      0.00473
     -3.36000      0.01136      0.01136
     -3.35000      0.25175      0.25175
     -3.34000      2.06498      2.06498
     -3.33000      6.23122      6.23122
     -3.32000      6.91739      6.91739
     -3.31000      2.82999      2.82999
     -3.30000      0.54107      0.54107
     -3.29000      1.02034      1.02034
     -3.28000      3.33715      3.33715
     -3.27000      5.70298      5.70298
     -3.26000      8.13117      8.13117
     -3.25000      9.64980      9.64980
     -3.24000     11.42043     11.42043
     -3.23000     11.13292     11.13292
     -3.22000      4.89222      4.89222
     -3.21000      0.81447      0.81447
     -3.20000      0.07251      0.07251
     -3.19000      0.33499      0.33499
     -3.18000      1.82528      1.82528
     -3.17000      3.70123      3.70123
     -3.16000      3.15392      3.15392
     -3.15000      2.85554      2.85554
     -3.14000      3.82868      3.82868
     -3.13000      2.76263      2.76263
     -3.12000      2.42008      2.42008
     -3.11000      3.72397      3.72397
     -3.10000      2.69530      2.69530
     -3.09000      0.72668      0.72668
     -3.08000      0.07212      0.07212
     -3.07000      0.00263      0.00263
     -3.06000      0.00004      0.00004
     -3.05000      0.00000      0.00000
     -3.04000      0.00000      0.00000
     -3.03000      0.00002      0.00002
     -3.02000      0.00171      0.00171
     -3.01000      0.05274      0.05274
     -3.00000      0.65825      0.65825
     -2.99000      3.52382      3.52382
     -2.98000      8.31700      8.31700
     -2.97000      8.41573      8.41573
     -2.96000      3.45728      3.45728
     -2.95000      0.65225      0.65225
     -2.94000      0.62212      0.62212
     -2.93000      1.21839      1.21839
     -2.92000      0.97846      0.97846
     -2.91000      0.87327      0.87327
     -2.90000      2.52224      2.52224
     -2.89000      3.72889      3.72889
     -2.88000      2.17534      2.17534
     -2.87000      1.48210      1.48210
     -2.86000      3.65464      3.65464
     -2.85000      5.57939      5.57939
     -2.84000      3.93703      3.93703
     -2.83000      1.57993      1.57993
     -2.82000      2.19919      2.19919
     -2.81000      3.89102      3.89102
     -2.80000      3.68565      3.68565
     -2.79000      3.92756      3.92756
     -2.78000      3.77366      3.77366
     -2.77000      3.42655      3.42655
     -2.76000      5.23690      5.23690
     -2.75000      5.96901      5.96901
     -2.74000      3.97031      3.97031
     -2.73000      2.71448      2.71448
     -2.72000      5.71830      5.71830
     -2.71000      7.28351      7.28351
     -2.70000      3.49115      3.49115
     -2.69000      0.61610      0.61610
     -2.68000      0.04000      0.04000
     -2.67000      0.00096      0.00096
     -2.66000      0.00000      0.00000
     -2.65000      0.00000      0.00000
     -2.64000      0.00000      0.00000
     -2.63000      0.00000      0.00000
     -2.62000      0.00000      0.00000
     -2.61000      0.00017      0.00017
     -2.60000      0.01072      0.01072
     -2.59000      0.24250      0.24250
     -2.58000      2.01783      2.01783
     -2.57000      6.17685      6.17685
     -2.56000      6.95619      6.95619
     -2.55000      2.89424      2.89424
     -2.54000      0.65285      0.65285
     -2.53000      1.48093      1.48093
     -2.52000      4.24905      4.24905
     -2.51000      5.60519      5.60519
     -2.50000      3.61012      3.61012
     -2.49000      2.68644      2.68644
     -2.48000      3.76556      3.76556
     -2.47000      2.67104      2.67104
     -2.46000      1.11333      1.11333
     -2.45000      2.12943      2.12943
     -2.44000      3.72698      3.72698
     -2.43000      2.47496      2.47496
     -2.42000      0.62220      0.62220
     -2.41000      0.33413      0.33413
     -2.40000      1.65614      1.65614
     -2.39000      3.59907      3.59907
     -2.38000      2.88042      2.88042
     -2.37000      0.84807      0.84807
     -2.36000      0.09186      0.09186
     -2.35000      0.00369      0.00369
     -2.34000      0.00247      0.00247
     -2.33000      0.06852      0.06852
     -2.32000      0.72799      0.72799
     -2.31000      3.05591      3.05591
     -2.30000      5.75493      5.75493
     -2.29000      6.00799      6.00799
     -2.28000      4.86404      4.86404
     -2.27000      4.62164      4.62164
     -2.26000      4.89602      4.89602
     -2.25000      8.70634      8.70634
     -2.24000     12.85042     12.85042
     -2.23000      9.91538      9.91538
     -2.22000      3.58804      3.58804
     -2.21000      0.71960      0.71960
     -2.20000      1.70227      1.70227
     -2.19000      5.72500      5.72500
     -2.18000      7.21556      7.21556
     -2.17000      3.35796      3.35796
     -2.16000      0.78926      0.78926
     -2.15000      1.47259      1.47259
     -2.14000      3.47606      3.47606
     -2.13000      3.09233      3.09233
     -2.12000      1.01226      1.01226
     -2.11000      0.12190      0.12190
     -2.10000      0.00540      0.00540
     -2.09000      0.00009      0.00009
     -2.08000      0.00004      0.00004
     -2.07000      0.00343      0.00343
     -2.06000      0.10888      0.10888
     -2.05000      1.37293      1.37293
     -2.04000      6.94362      6.94362
     -2.03000     14.03807     14.03807
     -2.02000     11.17634     11.17634
     -2.01000      3.43732      3.43732
     -2.00000      0.40149      0.40149
     -1.99000      0.01789      0.01789
     -1.98000      0.01437      0.01437
     -1.97000      0.24142      0.24142
     -1.96000      1.52175      1.52175
     -1.95000      3.52874      3.52874
     -1.94000      3.01024      3.01024
     -1.93000      0.94489      0.94489
     -1.92000      0.12097      0.12097
     -1.91000      0.26620      0.26620
     -1.90000      2.11421      2.11421
     -1.89000      6.28637      6.28637
     -1.88000      6.88069      6.88069
     -1.87000      2.84421      2.84421
     -1.86000      0.93988      0.93988
     -1.85000      1.68179      1.68179
     -1.84000      3.31758      3.31758
     -1.83000      4.89320      4.89320
     -1.82000      6.42886      6.42886
     -1.81000      8.03875      8.03875
     -1.80000      5.76815      5.76815
     -1.79000      4.04359      4.04359
     -1.78000      4.72638      4.72638
     -1.77000      4.84678      4.84678
     -1.76000      3.86531      3.86531
     -1.75000      1.54429      1.54429
     -1.74000      0.24193      0.24193
     -1.73000      0.01409      0.01409
     -1.72000      0.00030      0.00030
     -1.71000      0.00000      0.00000
     -1.70000      0.00000      0.00000
     -1.69000      0.00018      0.00018
     -1.68000      0.00952      0.00952
     -1.67000      0.18311      0.18311
     -1.66000      1.29520      1.29520
     -1.65000      3.37027      3.37027
     -1.64000      3.22675      3.22675
     -1.63000      1.16077      1.16077
     -1.62000      0.58642      0.58642
     -1.61000      2.88890      2.88890
     -1.60000      6.95617      6.95617
     -1.59000      6.17666      6.17666
     -1.58000      2.01767      2.01767
     -1.57000      0.24261      0.24261
     -1.56000      0.01790      0.01790
     -1.55000      0.13342      0.13342
     -1.54000      0.90924      0.90924
     -1.53000      2.28249      2.28249
     -1.52000      2.10788      2.10788
     -1.51000      0.71670      0.71670
     -1.50000      0.11268      0.11268
     -1.49000      0.34508      0.34508
     -1.48000      1.84543      1.84543
     -1.47000      3.67413      3.67413
     -1.46000      2.69112      2.69112
     -1.45000      0.72513      0.72513
     -1.44000      0.07188      0.07188
     -1.43000      0.00262      0.00262
     -1.42000      0.00004      0.00004
     -1.41000     -0.00000     -0.00000
     -1.40000     -0.00000     -0.00000
     -1.39000     -0.00000     -0.00000
     -1.38000      0.00018      0.00018
     -1.37000      0.01083      0.01083
     -1.36000      0.24424      0.24424
     -1.35000      2.02677      2.02677
     -1.34000      6.18728      6.18728
     -1.33000      6.94865      6.94865
     -1.32000      2.87082      2.87082
     -1.31000      0.43633      0.43633
     -1.30000      0.02440      0.02440
     -1.29000      0.00050      0.00050
     -1.28000      0.00000      0.00000
     -1.27000      0.00007      0.00007
     -1.26000      0.00443      0.00443
     -1.25000      0.10561      0.10561
     -1.24000      0.92587      0.92587
     -1.23000      2.98615      2.98615
     -1.22000      3.54306      3.54306
     -1.21000      1.54650      1.54650
     -1.20000      0.24833      0.24833
     -1.19000      0.01467      0.01467
     -1.18000      0.00032      0.00032
     -1.17000      0.00000      0.00000
     -1.16000      0.00000      0.00000
     -1.15000      0.00013      0.00013
     -1.14000      0.00747      0.00747
     -1.13000      0.15408      0.15408
     -1.12000      1.17062      1.17062
     -1.11000      3.31326      3.31326
     -1.10000      3.75233      3.75233
     -1.09000      2.36661      2.36661
     -1.08000      1.27060      1.27060
     -1.07000      0.40844      0.40844
     -1.06000      0.05377      0.05377
     -1.05000      0.00265      0.00265
     -1.04000      0.00005      0.00005
     -1.03000      0.00000      0.00000
     -1.02000      0.00000      0.00000
     -1.01000      0.00000      0.00000
     -1.00000      0.00000      0.00000
     -0.99000      0.00000      0.00000
     -0.98000      0.00000      0.00000
     -0.97000      0.00000      0.00000
     -0.96000      0.00000      0.00000
     -0.95000      0.00000      0.00000
     -0.94000      0.00000      0.00000
     -0.93000      0.00000      0.00000
     -0.92000      0.00054      0.00054
     -0.91000      0.02185      0.02185
     -0.90000      0.32741      0.32741
     -0.89000      1.80501      1.80501
     -0.88000      3.66073      3.66073
     -0.87000      2.73126      2.73126
     -0.86000      0.74966      0.74966
     -0.85000      0.07570      0.07570
     -0.84000      0.00281      0.00281
     -0.83000      0.00004      0.00004
     -0.82000      0.00000      0.00000
     -0.81000      0.00000      0.00000
     -0.80000      0.00000      0.00000
     -0.79000      0.00000      0.00000
     -0.78000      0.00000      0.00000
     -0.77000      0.00000      0.00000
     -0.76000      0.00000      0.00000
     -0.75000      0.00000      0.00000
     -0.74000      0.00000      0.00000
     -0.73000      0.00028      0.00028
     -0.72000      0.01342      0.01342
     -0.71000      0.23333      0.23333
     -0.70000      1.49227      1.49227
     -0.69000      3.51095      3.51095
     -0.68000      3.03884      3.03884
     -0.67000      0.96760      0.96760
     -0.66000      0.11334      0.11334
     -0.65000      0.00488      0.00488
     -0.64000      0.00008      0.00008
     -0.63000      0.00000      0.00000
     -0.62000      0.00000      0.00000
     -0.61000      0.00000      0.00000
     -0.60000      0.00091      0.00091
     -0.59000      0.03259      0.03259
     -0.58000      0.43001      0.43001
     -0.57000      2.08753      2.08753
     -0.56000      3.72815      3.72815
     -0.55000      2.44941      2.44941
     -0.54000      0.59202      0.59202
     -0.53000      0.05264      0.05264
     -0.52000      0.00172      0.00172
     -0.51000      0.00002      0.00002
     -0.50000      0.00000      0.00000
     -0.49000      0.00012      0.00012
     -0.48000      0.00673      0.00673
     -0.47000      0.14288      0.14288
     -0.46000      1.11582      1.11582
     -0.45000      3.20565      3.20565
     -0.44000      3.38800      3.38800
     -0.43000      1.31727      1.31727
     -0.42000      0.18841      0.18841
     -0.41000      0.00991      0.00991
     -0.40000      0.00019      0.00019
     -0.39000      0.00001      0.00001
     -0.38000      0.00133      0.00133
     -0.37000      0.04335      0.04335
     -0.36000      0.52069      0.52069
     -0.35000      2.30067      2.30067
     -0.34000      3.73971      3.73971
     -0.33000      2.23628      2.23628
     -0.32000      0.49195      0.49195
     -0.31000      0.03983      0.03983
     -0.30000      0.00278      0.00278
     -0.29000      0.04974      0.04974
     -0.28000      0.57035      0.57035
     -0.27000      2.40580      2.40580
     -0.26000      3.73322      3.73322
     -0.25000      2.13114      2.13114
     -0.24000      0.44756      0.44756
     -0.23000      0.03458      0.03458
     -0.22000      0.00098      0.00098
     -0.21000      0.00140      0.00140
     -0.20000      0.05247      0.05247
     -0.19000      0.73029      0.73029
     -0.18000      3.78774      3.78774
     -0.17000      7.32529      7.32529
     -0.16000      5.28368      5.28368
     -0.15000      1.42122      1.42122
     -0.14000      0.14249      0.14249
     -0.13000      0.00532      0.00532
     -0.12000      0.00007      0.00007
     -0.11000      0.00000      0.00000
     -0.10000      0.00000      0.00000
     -0.09000      0.00071      0.00071
     -0.08000      0.02693      0.02693
     -0.07000      0.37781      0.37781
     -0.06000      1.95011      1.95011
     -0.05000      3.70296      3.70296
     -0.04000      2.58669      2.58669
     -0.03000      0.66473      0.66473
     -0.02000      0.06284      0.06284
     -0.01000      0.00219      0.00219
      0.00000      0.00003      0.00003
      0.01000      0.00000      0.00000
      0.02000      0.00000      0.00000
      0.03000      0.00000      0.00000
      0.04000      0.00000      0.00000
      0.05000      0.00000      0.00000
      0.06000      0.00000      0.00000
      0.07000      0.00000      0.00000
      0.08000      0.00000      0.00000
      0.09000      0.00000      0.00000
      0.10000      0.00000      0.00000
      0.11000      0.00000      0.00000
      0.12000      0.00000      0.00000
      0.13000      0.00049      0.00049
      0.14000      0.02049      0.02049
      0.15000      0.31378      0.31378
      0.16000      1.78413      1.78413
      0.17000      3.97894      3.97894
      0.18000      4.59924      4.59924
      0.19000      4.44435      4.44435
      0.20000      2.79148      2.79148
      0.21000      0.74060      0.74060
      0.22000      0.08077      0.08077
      0.23000      0.17941      0.17941
      0.24000      1.65480      1.65480
      0.25000      5.70114      5.70114
      0.26000      7.22590      7.22590
      0.27000      3.36921      3.36921
      0.28000      0.57792      0.57792
      0.29000      0.03719      0.03719
      0.30000      0.02835      0.02835
      0.31000      0.38331      0.38331
      0.32000      1.96517      1.96517
      0.33000      3.70641      3.70641
      0.34000      2.57165      2.57165
      0.35000      0.65752      0.65752
      0.36000      0.10645      0.10645
      0.37000      0.66838      0.66838
      0.38000      3.64431      3.64431
      0.39000      7.33315      7.33315
      0.40000      5.42899      5.42899
      0.41000      1.50452      1.50452
      0.42000      0.60709      0.60709
      0.43000      2.96162      2.96162
      0.44000      7.00427      7.00427
      0.45000      6.10511      6.10511
      0.46000      1.95765      1.95765
      0.47000      0.23093      0.23093
      0.48000      0.01002      0.01002
      0.49000      0.00016      0.00016
      0.50000      0.00000      0.00000
      0.51000      0.00000      0.00000
      0.52000      0.00000      0.00000
      0.53000      0.00000      0.00000
      0.54000      0.00000      0.00000
      0.55000      0.00000      0.00000
      0.56000      0.00000      0.00000
      0.57000      0.00000      0.00000
      0.58000      0.00000      0.00000
      0.59000      0.00000      0.00000
      0.60000      0.00000      0.00000
      0.61000      0.00000      0.00000
      0.62000      0.00000      0.00000
      0.63000      0.00000      0.00000
      0.64000      0.00000      0.00000
      0.65000      0.00000      0.00000
      0.66000      0.00000      0.00000
      0.67000      0.00000      0.00000
      0.68000      0.00000      0.00000
      0.69000      0.00000      0.00000
      0.70000      0.00000      0.00000
      0.71000      0.00000      0.00000
      0.72000      0.00000      0.00000
      0.73000      0.00000      0.00000
      0.74000      0.00000      0.00000
      0.75000      0.00000      0.00000
      0.76000      0.00000      0.00000
      0.77000      0.00003      0.00003
      0.78000      0.00261      0.00261
      0.79000      0.08567      0.08567
      0.80000      1.03312      1.03312
      0.81000      4.58363      4.58363
      0.82000      7.50221      7.50221
      0.83000      4.90188      4.90188
      0.84000      3.76608      3.76608
      0.85000      6.99868      6.99868
      0.86000      6.75563      6.75563
      0.87000      4.33130      4.33130
      0.88000      4.43264      4.43264
      0.89000      4.45788      4.45788
      0.90000      4.27221      4.27221
      0.91000      2.48472      2.48472
      0.92000      0.58938      0.58938
      0.93000      0.09589      0.09589
      0.94000      0.52729      0.52729
      0.95000      2.31143      2.31143
      0.96000      3.73941      3.73941
      0.97000      2.22555      2.22555
      0.98000      0.48772      0.48772
      0.99000      0.05802      0.05802
      1.00000      0.29597      0.29597
      1.01000      1.70352      1.70352
      1.02000      3.62125      3.62125
      1.03000      2.83188      2.83188
      1.04000      0.81470      0.81470
      1.05000      0.08622      0.08622
      1.06000      0.00336      0.00336
      1.07000      0.00005      0.00005
      1.08000      0.00000      0.00000
      1.09000      0.00000      0.00000
      1.10000      0.00000      0.00000
      1.11000      0.00000      0.00000
      1.12000      0.00014      0.00014
      1.13000      0.00764      0.00764
      1.14000      0.15644      0.15644
      1.15000      1.17880      1.17880
      1.16000      3.26778      3.26778
      1.17000      3.33249      3.33249
      1.18000      1.25024      1.25024
      1.19000      0.17255      0.17255
      1.20000      0.00876      0.00876
      1.21000      0.00016      0.00016
      1.22000      0.00000      0.00000
      1.23000      0.00000      0.00000
      1.24000      0.00000      0.00000
      1.25000      0.00000      0.00000
      1.26000      0.00000      0.00000
      1.27000      0.00019      0.00019
      1.28000      0.00970      0.00970
      1.29000      0.18574      0.18574
      1.30000      1.31745      1.31745
      1.31000      3.59824      3.59824
      1.32000      4.66418      4.66418
      1.33000      4.72625      4.72625
      1.34000      4.23883      4.23883
      1.35000      4.10996      4.10996
      1.36000      3.73851      3.73851
      1.37000      2.12923      2.12923
      1.38000      1.46363      1.46363
      1.39000      0.93879      0.93879
      1.40000      1.39968      1.39968
      1.41000      5.80781      5.80781
      1.42000     10.78157     10.78157
      1.43000      7.80004      7.80004
      1.44000      2.22776      2.22776
      1.45000      0.60090      0.60090
      1.46000      2.55616      2.55616
      1.47000      6.70357      6.70357
      1.48000      6.49442      6.49442
      1.49000      2.33411      2.33411
      1.50000      0.67862      0.67862
      1.51000      2.64430      2.64430
      1.52000      6.83387      6.83387
      1.53000      7.17507      7.17507
      1.54000      5.82151      5.82151
      1.55000      7.16721      7.16721
      1.56000      5.46561      5.46561
      1.57000      1.80255      1.80255
      1.58000      0.64968      0.64968
      1.59000      2.07289      2.07289
      1.60000      3.72465      3.72465
      1.61000      2.47570      2.47570
      1.62000      0.60975      0.60975
      1.63000      0.15919      0.15919
      1.64000      0.92288      0.92288
      1.65000      2.97995      2.97995
      1.66000      3.54665      3.54665
      1.67000      1.55288      1.55288
      1.68000      0.25013      0.25013
      1.69000      0.01482      0.01482
      1.70000      0.00036      0.00036
      1.71000      0.00322      0.00322
      1.72000      0.10006      0.10006
      1.73000      1.14506      1.14506
      1.74000      4.82049      4.82049
      1.75000      7.46564      7.46564
      1.76000      4.25899      4.25899
      1.77000      1.00303      1.00303
      1.78000      0.88699      0.88699
      1.79000      2.21024      2.21024
      1.80000      2.19244      2.19244
      1.81000      0.80077      0.80077
      1.82000      0.10759      0.10759
      1.83000      0.00532      0.00532
      1.84000      0.00010      0.00010
      1.85000      0.00132      0.00132
      1.86000      0.04662      0.04662
      1.87000      0.61823      0.61823
      1.88000      3.11161      3.11161
      1.89000      5.99072      5.99072
      1.90000      4.43997      4.43997
      1.91000      1.27050      1.27050
      1.92000      0.14699      0.14699
      1.93000      0.15104      0.15104
      1.94000      1.12649      1.12649
      1.95000      3.21734      3.21734
      1.96000      3.41145      3.41145
      1.97000      1.73630      1.73630
      1.98000      2.27456      2.27456
      1.99000      3.73805      3.73805
      2.00000      2.44830      2.44830
      2.01000      0.59739      0.59739
      2.02000      0.18530      0.18530
      2.03000      1.06857      1.06857
      2.04000      3.15388      3.15388
      2.05000      3.42995      3.42995
      2.06000      1.37227      1.37227
      2.07000      0.20197      0.20197
      2.08000      0.01094      0.01094
      2.09000      0.00022      0.00022
      2.10000      0.00000      0.00000
      2.11000      0.00000      0.00000
      2.12000      0.00000      0.00000
      2.13000      0.00000      0.00000
      2.14000      0.00003      0.00003
      2.15000      0.00254      0.00254
      2.16000      0.07022      0.07022
      2.17000      0.71906      0.71906
      2.18000      2.80135      2.80135
      2.19000      4.90382      4.90382
      2.20000      6.46588      6.46588
      2.21000      7.40304      7.40304
      2.22000      4.48615      4.48615
      2.23000      1.15069      1.15069
      2.24000      0.12036      0.12036
      2.25000      0.08066      0.08066
      2.26000      0.75678      0.75678
      2.27000      2.85801      2.85801
      2.28000      4.68457      4.68457
      2.29000      4.90927      4.90927
      2.30000      3.79169      3.79169
      2.31000      1.44355      1.44355
      2.32000      0.21515      0.21515
      2.33000      0.01203      0.01203
      2.34000      0.00671      0.00671
      2.35000      0.13888      0.13888
      2.36000      1.09671      1.09671
      2.37000      3.18936      3.18936
      2.38000      3.48597      3.48597
      2.39000      2.01538      2.01538
      2.40000      2.30111      2.30111
      2.41000      2.86206      2.86206
      2.42000      3.29000      3.29000
      2.43000      3.88480      3.88480
      2.44000      2.23814      2.23814
      2.45000      0.81684      0.81684
      2.46000      1.82486      1.82486
      2.47000      4.27701      4.27701
      2.48000      5.22886      5.22886
      2.49000      3.46241      3.46241
      2.50000      3.41460      3.41460
      2.51000      7.72965      7.72965
      2.52000      9.59296      9.59296
      2.53000      5.92133      5.92133
      2.54000      2.48883      2.48883
      2.55000      2.89798      2.89798
      2.56000      3.74513      3.74513
      2.57000      2.64541      2.64541
      2.58000      5.01025      5.01025
      2.59000     10.59939     10.59939
      2.60000      8.93329      8.93329
      2.61000      2.80868      2.80868
      2.62000      0.33064      0.33064
      2.63000      0.06716      0.06716
      2.64000      0.59351      0.59351
      2.65000      2.45191      2.45191
      2.66000      3.72782      3.72782
      2.67000      2.08503      2.08503
      2.68000      0.42902      0.42902
      2.69000      0.03247      0.03247
      2.70000      0.00159      0.00159
      2.71000      0.02624      0.02624
      2.72000      0.37123      0.37123
      2.73000      1.93189      1.93189
      2.74000      3.69872      3.69872
      2.75000      2.61356      2.61356
      2.76000      0.84658      0.84658
      2.77000      1.32032      1.32032
      2.78000      3.59040      3.59040
      2.79000      5.80533      5.80533
      2.80000     11.23493     11.23493
      2.81000     18.25197     18.25197
      2.82000     17.00192     17.00192
      2.83000      9.88191      9.88191
      2.84000      5.22491      5.22491
      2.85000      2.76459      2.76459
      2.86000      4.30110      4.30110
      2.87000      9.83805      9.83805
      2.88000      9.88722      9.88722
      2.89000      5.29016      5.29016
      2.90000      4.42098      4.42098
      2.91000      5.47188      5.47188
      2.92000      9.02126      9.02126
      2.93000     10.47060     10.47060
      2.94000      5.42408      5.42408
      2.95000      1.19436      1.19436
      2.96000      0.11080      0.11080
      2.97000      0.00420      0.00420
      2.98000      0.00006      0.00006
      2.99000      0.00000      0.00000
      3.00000      0.00058      0.00058
      3.01000      0.02725      0.02725
      3.02000      0.47263      0.47263
      3.03000      3.03814      3.03814
      3.04000      7.51579      7.51579
      3.05000      8.68265      8.68265
      3.06000      8.15140      8.15140
      3.07000      7.44970      7.44970
      3.08000      4.13266      4.13266
      3.09000      1.04374      1.04374
      3.10000      0.10625      0.10625
      3.11000      0.00464      0.00464
      3.12000      0.02455      0.02455
      3.13000      0.43754      0.43754
      3.14000      2.87543      2.87543
      3.15000      6.95289      6.95289
      3.16000      6.23023      6.23023
      3.17000      2.75088      2.75088
      3.18000      4.58922      4.58922
      3.19000     10.79257     10.79257
      3.20000     12.36255     12.36255
      3.21000      7.06390      7.06390
      3.22000      1.93092      1.93092
      3.23000      0.22792      0.22792
      3.24000      0.01076      0.01076
      3.25000      0.00018      0.00018
      3.26000      0.00006      0.00006
      3.27000      0.00412      0.00412
      3.28000      0.10014      0.10014
      3.29000      0.89550      0.89550
      3.30000      2.94607      2.94607
      3.31000      3.56556      3.56556
      3.32000      1.58752      1.58752
      3.33000      0.26002      0.26002
      3.34000      0.01567      0.01567
      3.35000      0.00052      0.00052
      3.36000      0.00924      0.00924
      3.37000      0.17919      0.17919
      3.38000      1.27868      1.27868
      3.39000      3.35684      3.35684
      3.40000      3.25158      3.25158
      3.41000      1.34143      1.34143
      3.42000      1.47353      1.47353
      3.43000      3.39977      3.39977
      3.44000      3.20040      3.20040
      3.45000      1.11059      1.11059
      3.46000      0.14178      0.14178
      3.47000      0.00666      0.00666
      3.48000      0.00012      0.00012
      3.49000      0.00000      0.00000
      3.50000      0.00000      0.00000
      3.51000      0.00000      0.00000
      3.52000      0.00000      0.00000
      3.53000      0.00000      0.00000
      3.54000      0.00000      0.00000
      3.55000      0.00000      0.00000
      3.56000      0.00000      0.00000
      3.57000      0.00000      0.00000
      3.58000      0.00000      0.00000
      3.59000      0.00000      0.00000
      3.60000      0.00000      0.00000
      3.61000      0.00000      0.00000
      3.62000      0.00000      0.00000
      3.63000      0.00000      0.00000
      3.64000      0.00000      0.00000
      3.65000      0.00000      0.00000
      3.66000      0.00000      0.00000
      3.67000      0.00000      0.00000
      3.68000      0.00000      0.00000
      3.69000      0.00000      0.00000
      3.70000      0.00000      0.00000
      3.71000      0.00000      0.00000
      3.72000      0.00000      0.00000
      3.73000      0.00000      0.00000
      3.74000      0.00000      0.00000
      3.75000      0.00000      0.00000
      3.76000      0.00000      0.00000
      3.77000      0.00000      0.00000
      3.78000      0.00000      0.00000
      3.79000      0.00000      0.00000
      3.80000      0.00000      0.00000
      3.81000      0.00000      0.00000
      3.82000      0.00057      0.00057
      3.83000      0.02686      0.02686
      3.84000      0.46688      0.46688
      3.85000      2.98532      2.98532
      3.86000      7.02238      7.02238
      3.87000      6.07692      6.07692
      3.88000      1.93458      1.93458
      3.89000      0.22657      0.22657
      3.90000      0.00976      0.00976
      3.91000      0.00015      0.00015
      3.92000      0.00000      0.00000
      3.93000      0.00000      0.00000
      3.94000      0.00000      0.00000
      3.95000      0.00000      0.00000
      3.96000      0.00000      0.00000
      3.97000      0.00000      0.00000
      3.98000      0.00000      0.00000
      3.99000      0.00000      0.00000
      4.00000      0.00000      0.00000
      4.01000      0.00000      0.00000
      4.02000      0.00000      0.00000
      4.03000      0.00000      0.00000
      4.04000      0.00000      0.00000
      4.05000      0.00000      0.00000
      4.06000      0.00000      0.00000
      4.07000      0.00012      0.00012
      4.08000      0.00812      0.00812
      4.09000      0.19813      0.19813
      4.10000      1.77892      1.77892
      4.11000      5.87590      5.87590
      4.12000      7.14421      7.14421
      4.13000      3.30990      3.30990
      4.14000      1.74779      1.74779
      4.15000      4.85879      4.85879
      4.16000      7.30559      7.30559
      4.17000      4.25423      4.25423
      4.18000      1.18683      1.18683
      4.19000      2.35424      2.35424
      4.20000      8.06512      8.06512
      4.21000     10.83144     10.83144
      4.22000      5.54031      5.54031
      4.23000      1.08226      1.08226
      4.24000      0.08077      0.08077
