Energy-E_F (eV)    DOS (1/eV)    PDOS (1/eV)  of atom type Hg 
     -4.99000      0.00000      0.00000
     -4.98000      0.00000      0.00000
     -4.97000      0.00000      0.00000
     -4.96000      0.00000      0.00000
     -4.95000      0.00000      0.00000
     -4.94000      0.00000      0.00000
     -4.93000      0.00000      0.00000
     -4.92000      0.00000      0.00000
     -4.91000      0.00000      0.00000
     -4.90000      0.00000      0.00000
     -4.89000      0.00000      0.00000
     -4.88000      0.00000      0.00000
     -4.87000      0.00000      0.00000
     -4.86000      0.00000      0.00000
     -4.85000      0.00000      0.00000
     -4.84000      0.00000      0.00000
     -4.83000      0.00011      0.00000
     -4.82000      0.00793      0.00000
     -4.81000      0.20747      0.00000
     -4.80000      2.01395      0.00000
     -4.79000      7.26649      0.00000
     -4.78000      9.85535      0.00000
     -4.77000      5.75199      0.00000
     -4.76000      3.18148      0.00000
     -4.75000      2.16193      0.00000
     -4.74000      0.71102      0.00000
     -4.73000      0.08815      0.00000
     -4.72000      0.00403      0.00000
     -4.71000      0.00007      0.00000
     -4.70000      0.00000      0.00000
     -4.69000      0.00000      0.00000
     -4.68000      0.00000      0.00000
     -4.67000      0.00000      0.00000
     -4.66000      0.00000      0.00000
     -4.65000      0.00000      0.00000
     -4.64000      0.00000      0.00000
     -4.63000      0.00000      0.00000
     -4.62000      0.00000      0.00000
     -4.61000      0.00000      0.00000
     -4.60000      0.00000      0.00000
     -4.59000      0.00000      0.00000
     -4.58000      0.00000      0.00000
     -4.57000      0.00005      0.00000
     -4.56000      0.00349      0.00000
     -4.55000      0.09891      0.00000
     -4.54000      1.07403      0.00000
     -4.53000      4.67060      0.00000
     -4.52000      8.69861      0.00000
     -4.51000      7.29713      0.00000
     -4.50000      2.71267      0.00000
     -4.49000      0.41867      0.00000
     -4.48000      0.02528      0.00000
     -4.47000      0.00104      0.00000
     -4.46000      0.01808      0.00000
     -4.45000      0.25329      0.00000
     -4.44000      1.31282      0.00000
     -4.43000      2.63076      0.00000
     -4.42000      2.73709      0.00000
     -4.41000      2.79466      0.00000
     -4.40000      2.04705      0.00000
     -4.39000      0.63013      0.00000
     -4.38000      0.07252      0.00000
     -4.37000      0.00308      0.00000
     -4.36000      0.00005      0.00000
     -4.35000      0.00000      0.00000
     -4.34000      0.00000      0.00000
     -4.33000      0.00000      0.00000
     -4.32000      0.00000      0.00000
     -4.31000      0.00000      0.00000
     -4.30000      0.00000      0.00000
     -4.29000      0.00000      0.00000
     -4.28000      0.00038      0.00000
     -4.27000      0.01810      0.00000
     -4.26000      0.31366      0.00000
     -4.25000      1.99904      0.00000
     -4.24000      4.68700      0.00000
     -4.23000      4.04273      0.00000
     -4.22000      1.28293      0.00000
     -4.21000      0.15795      0.00000
     -4.20000      0.20608      0.00000
     -4.19000      1.79300      0.00000
     -4.18000      6.03517      0.00000
     -4.17000      8.44025      0.00000
     -4.16000      7.61978      0.00000
     -4.15000      7.49577      0.00000
     -4.14000      6.86715      0.00000
     -4.13000      4.07735      0.00000
     -4.12000      1.09742      0.00000
     -4.11000      0.17863      0.00000
     -4.10000      0.75320      0.00000
     -4.09000      3.18383      0.00000
     -4.08000      4.97987      0.00000
     -4.07000      2.86550      0.00000
     -4.06000      0.60658      0.00000
     -4.05000      0.04724      0.00000
     -4.04000      0.00135      0.00000
     -4.03000      0.00000      0.00000
     -4.02000      0.00000      0.00000
     -4.01000      0.00000      0.00000
     -4.00000      0.00013      0.00000
     -3.99000      0.00801      0.00000
     -3.98000      0.17549      0.00000
     -3.97000      1.41496      0.00000
     -3.96000      4.19694      0.00000
     -3.95000      4.58013      0.00000
     -3.94000      1.85819      0.00000
     -3.93000      0.54114      0.00000
     -3.92000      1.36267      0.00000
     -3.91000      2.47896      0.00000
     -3.90000      1.68209      0.00000
     -3.89000      0.54943      0.00000
     -3.88000      1.22464      0.00000
     -3.87000      3.91919      0.00000
     -3.86000      4.75958      0.00000
     -3.85000      2.12712      0.00000
     -3.84000      0.35199      0.00000
     -3.83000      0.09130      0.00000
     -3.82000      0.80105      0.00000
     -3.81000      3.47314      0.00000
     -3.80000      6.15846      0.00000
     -3.79000      5.22487      0.00000
     -3.78000      2.45218      0.00000
     -3.77000      0.98861      0.00000
     -3.76000      1.92124      0.00000
     -3.75000      3.55462      0.00000
     -3.74000      3.72174      0.00000
     -3.73000      2.21118      0.00000
     -3.72000      0.60328      0.00000
     -3.71000      0.06513      0.00000
     -3.70000      0.01176      0.00000
     -3.69000      0.19317      0.00000
     -3.68000      1.50017      0.00000
     -3.67000      4.28686      0.00000
     -3.66000      4.50653      0.00000
     -3.65000      1.74282      0.00000
     -3.64000      0.24795      0.00000
     -3.63000      0.01298      0.00000
     -3.62000      0.00025      0.00000
     -3.61000      0.00001      0.00000
     -3.60000      0.00104      0.00000
     -3.59000      0.03261      0.00000
     -3.58000      0.37602      0.00000
     -3.57000      1.59539      0.00000
     -3.56000      2.49872      0.00000
     -3.55000      1.62159      0.00000
     -3.54000      1.79761      0.00000
     -3.53000      4.30577      0.00000
     -3.52000      4.51111      0.00000
     -3.51000      1.74769      0.00000
     -3.50000      0.24912      0.00000
     -3.49000      0.01306      0.00000
     -3.48000      0.00025      0.00000
     -3.47000      0.00000      0.00000
     -3.46000      0.00102      0.00000
     -3.45000      0.04422      0.00000
     -3.44000      0.74090      0.00000
     -3.43000      4.86446      0.00000
     -3.42000     12.64149      0.00000
     -3.41000     13.02917      0.00000
     -3.40000      5.29061      0.00000
     -3.39000      0.83618      0.00000
     -3.38000      0.05076      0.00000
     -3.37000      0.00119      0.00000
     -3.36000      0.00151      0.00000
     -3.35000      0.04382      0.00000
     -3.34000      0.48237      0.00000
     -3.33000      2.11675      0.00000
     -3.32000      4.07329      0.00000
     -3.31000      3.77809      0.00000
     -3.30000      1.66555      0.00000
     -3.29000      0.31458      0.00000
     -3.28000      0.02335      0.00000
     -3.27000      0.00065      0.00000
     -3.26000      0.00000      0.00000
     -3.25000      0.00000      0.00000
     -3.24000      0.00000      0.00000
     -3.23000      0.00000      0.00000
     -3.22000      0.00000      0.00000
     -3.21000      0.00051      0.00000
     -3.20000      0.02250      0.00000
     -3.19000      0.36512      0.00000
     -3.18000      2.17951      0.00000
     -3.17000      4.78610      0.00000
     -3.16000      3.86643      0.00000
     -3.15000      1.14907      0.00000
     -3.14000      0.12563      0.00000
     -3.13000      0.00505      0.00000
     -3.12000      0.00007      0.00000
     -3.11000      0.00000      0.00000
     -3.10000      0.00000      0.00000
     -3.09000      0.00000      0.00000
     -3.08000      0.00000      0.00000
     -3.07000      0.00000      0.00000
     -3.06000      0.00000      0.00000
     -3.05000      0.00013      0.00000
     -3.04000      0.00766      0.00000
     -3.03000      0.16993      0.00000
     -3.02000      1.38725      0.00000
     -3.01000      4.16620      0.00000
     -3.00000      4.60628      0.00000
     -2.99000      1.95071      0.00000
     -2.98000      0.94797      0.00000
     -2.97000      2.06923      0.00000
     -2.96000      2.32318      0.00000
     -2.95000      0.99487      0.00000
     -2.94000      0.58295      0.00000
     -2.93000      2.41079      0.00000
     -2.92000      4.87968      0.00000
     -2.91000      3.64586      0.00000
     -2.90000      1.00230      0.00000
     -2.89000      0.11041      0.00000
     -2.88000      0.19581      0.00000
     -2.87000      1.49606      0.00000
     -2.86000      4.31495      0.00000
     -2.85000      4.91199      0.00000
     -2.84000      3.65413      0.00000
     -2.83000      4.18621      0.00000
     -2.82000      3.95010      0.00000
     -2.81000      2.18883      0.00000
     -2.80000      2.37665      0.00000
     -2.79000      4.77094      0.00000
     -2.78000      4.77934      0.00000
     -2.77000      4.42198      0.00000
     -2.76000      5.19266      0.00000
     -2.75000      3.46883      0.00000
     -2.74000      2.51152      0.00000
     -2.73000      2.46760      0.00000
     -2.72000      1.14493      0.00000
     -2.71000      0.19897      0.00000
     -2.70000      0.01274      0.00000
     -2.69000      0.00030      0.00000
     -2.68000      0.00000      0.00000
     -2.67000      0.00026      0.00000
     -2.66000      0.01136      0.00000
     -2.65000      0.18382      0.00000
     -2.64000      1.09397      0.00000
     -2.63000      2.39510      0.00000
     -2.62000      1.92907      0.00000
     -2.61000      0.57158      0.00000
     -2.60000      0.06230      0.00000
     -2.59000      0.00250      0.00000
     -2.58000      0.00004      0.00000
     -2.57000      0.00029      0.00000
     -2.56000      0.01251      0.00000
     -2.55000      0.19655      0.00000
     -2.54000      1.13572      0.00000
     -2.53000      2.41418      0.00000
     -2.52000      1.88791      0.00000
     -2.51000      0.54518      0.00000
     -2.50000      0.11180      0.00000
     -2.49000      0.52616      0.00000
     -2.48000      1.85891      0.00000
     -2.47000      2.42638      0.00000
     -2.46000      1.17188      0.00000
     -2.45000      0.36276      0.00000
     -2.44000      1.33425      0.00000
     -2.43000      4.08941      0.00000
     -2.42000      4.65690      0.00000
     -2.41000      1.95107      0.00000
     -2.40000      0.30073      0.00000
     -2.39000      0.01794      0.00000
     -2.38000      0.03092      0.00000
     -2.37000      0.41204      0.00000
     -2.36000      2.31028      0.00000
     -2.35000      5.75571      0.00000
     -2.34000      6.47328      0.00000
     -2.33000      3.11971      0.00000
     -2.32000      0.60259      0.00000
     -2.31000      0.06922      0.00000
     -2.30000      0.31468      0.00000
     -2.29000      1.45710      0.00000
     -2.28000      2.49173      0.00000
     -2.27000      1.56754      0.00000
     -2.26000      0.36278      0.00000
     -2.25000      0.03089      0.00000
     -2.24000      0.00097      0.00000
     -2.23000      0.00001      0.00000
     -2.22000      0.00000      0.00000
     -2.21000      0.00000      0.00000
     -2.20000      0.00000      0.00000
     -2.19000      0.00000      0.00000
     -2.18000      0.00000      0.00000
     -2.17000      0.00000      0.00000
     -2.16000      0.00000      0.00000
     -2.15000      0.00000      0.00000
     -2.14000      0.00037      0.00000
     -2.13000      0.01742      0.00000
     -2.12000      0.30527      0.00000
     -2.11000      1.96810      0.00000
     -2.10000      4.66778      0.00000
     -2.09000      4.07266      0.00000
     -2.08000      1.30723      0.00000
     -2.07000      0.15436      0.00000
     -2.06000      0.00671      0.00000
     -2.05000      0.00011      0.00000
     -2.04000      0.00000      0.00000
     -2.03000      0.00000      0.00000
     -2.02000      0.00000      0.00000
     -2.01000      0.00000      0.00000
     -2.00000      0.00000      0.00000
     -1.99000      0.00000      0.00000
     -1.98000      0.00000      0.00000
     -1.97000      0.00000      0.00000
     -1.96000      0.00000      0.00000
     -1.95000      0.00008      0.00000
     -1.94000      0.00509      0.00000
     -1.93000      0.12635      0.00000
     -1.92000      1.15325      0.00000
     -1.91000      3.87229      0.00000
     -1.90000      4.78317      0.00000
     -1.89000      2.17355      0.00000
     -1.88000      0.36335      0.00000
     -1.87000      0.02235      0.00000
     -1.86000      0.00051      0.00000
     -1.85000      0.00000      0.00000
     -1.84000      0.00000      0.00000
     -1.83000      0.00000      0.00000
     -1.82000      0.00000      0.00000
     -1.81000      0.00012      0.00000
     -1.80000      0.00621      0.00000
     -1.79000      0.12019      0.00000
     -1.78000      0.85553      0.00000
     -1.77000      2.24032      0.00000
     -1.76000      2.15819      0.00000
     -1.75000      0.76485      0.00000
     -1.74000      0.09972      0.00000
     -1.73000      0.00478      0.00000
     -1.72000      0.00008      0.00000
     -1.71000      0.00000      0.00000
     -1.70000      0.00000      0.00000
     -1.69000      0.00000      0.00000
     -1.68000      0.00000      0.00000
     -1.67000      0.00010      0.00000
     -1.66000      0.00563      0.00000
     -1.65000      0.11210      0.00000
     -1.64000      0.82071      0.00000
     -1.63000      2.21047      0.00000
     -1.62000      2.19020      0.00000
     -1.61000      0.79834      0.00000
     -1.60000      0.10705      0.00000
     -1.59000      0.00564      0.00000
     -1.58000      0.01459      0.00000
     -1.57000      0.21756      0.00000
     -1.56000      1.20117      0.00000
     -1.55000      2.43973      0.00000
     -1.54000      1.82299      0.00000
     -1.53000      0.50111      0.00000
     -1.52000      0.05067      0.00000
     -1.51000      0.00189      0.00000
     -1.50000      0.00003      0.00000
     -1.49000      0.00000      0.00000
     -1.48000      0.00000      0.00000
     -1.47000      0.00000      0.00000
     -1.46000      0.00000      0.00000
     -1.45000      0.00000      0.00000
     -1.44000      0.00004      0.00000
     -1.43000      0.00303      0.00000
     -1.42000      0.08616      0.00000
     -1.41000      0.90248      0.00000
     -1.40000      3.47777      0.00000
     -1.39000      4.93025      0.00000
     -1.38000      2.57124      0.00000
     -1.37000      0.49331      0.00000
     -1.36000      0.03482      0.00000
     -1.35000      0.00090      0.00000
     -1.34000      0.00000      0.00000
     -1.33000      0.00000      0.00000
     -1.32000      0.00000      0.00000
     -1.31000      0.00000      0.00000
     -1.30000      0.00000      0.00000
     -1.29000      0.00000      0.00000
     -1.28000      0.00000      0.00000
     -1.27000      0.00000      0.00000
     -1.26000      0.00000      0.00000
     -1.25000      0.00000      0.00000
     -1.24000      0.00000      0.00000
     -1.23000      0.00000      0.00000
     -1.22000      0.00067      0.00000
     -1.21000      0.02778      0.00000
     -1.20000      0.42250      0.00000
     -1.19000      2.36390      0.00000
     -1.18000      4.86554      0.00000
     -1.17000      3.68417      0.00000
     -1.16000      1.02625      0.00000
     -1.15000      0.10517      0.00000
     -1.14000      0.00396      0.00000
     -1.13000      0.00081      0.00000
     -1.12000      0.02558      0.00000
     -1.11000      0.31998      0.00000
     -1.10000      1.47241      0.00000
     -1.09000      2.49252      0.00000
     -1.08000      1.55224      0.00000
     -1.07000      0.35705      0.00000
     -1.06000      0.07140      0.00000
     -1.05000      0.44084      0.00000
     -1.04000      1.71863      0.00000
     -1.03000      2.47000      0.00000
     -1.02000      1.30593      0.00000
     -1.01000      0.25402      0.00000
     -1.00000      0.01936      0.00000
     -0.99000      0.03637      0.00000
     -0.98000      0.40055      0.00000
     -0.97000      1.64451      0.00000
     -0.96000      2.48383      0.00000
     -0.95000      1.38011      0.00000
     -0.94000      0.28210      0.00000
     -0.93000      0.02121      0.00000
     -0.92000      0.00059      0.00000
     -0.91000      0.00075      0.00000
     -0.90000      0.02553      0.00000
     -0.89000      0.31963      0.00000
     -0.88000      1.47454      0.00000
     -0.87000      2.57910      0.00000
     -0.86000      2.45876      0.00000
     -0.85000      3.83935      0.00000
     -0.84000      4.95887      0.00000
     -0.83000      2.56661      0.00000
     -0.82000      0.49133      0.00000
     -0.81000      0.03461      0.00000
     -0.80000      0.00090      0.00000
     -0.79000      0.00000      0.00000
     -0.78000      0.00000      0.00000
     -0.77000      0.00000      0.00000
     -0.76000      0.00000      0.00000
     -0.75000      0.00000      0.00000
     -0.74000      0.00000      0.00000
     -0.73000      0.00000      0.00000
     -0.72000      0.00000      0.00000
     -0.71000      0.00000      0.00000
     -0.70000      0.00214      0.00000
     -0.69000      0.07727      0.00000
     -0.68000      1.04131      0.00000
     -0.67000      5.23232      0.00000
     -0.66000      9.80973      0.00000
     -0.65000      6.86403      0.00000
     -0.64000      1.79260      0.00000
     -0.63000      0.19173      0.00000
     -0.62000      0.31110      0.00000
     -0.61000      2.03463      0.00000
     -0.60000      5.50799      0.00000
     -0.59000      7.46229      0.00000
     -0.58000      6.26918      0.00000
     -0.57000      2.82710      0.00000
     -0.56000      0.53673      0.00000
     -0.55000      0.03895      0.00000
     -0.54000      0.00919      0.00000
     -0.53000      0.14566      0.00000
     -0.52000      0.95778      0.00000
     -0.51000      2.31702      0.00000
     -0.50000      2.07409      0.00000
     -0.49000      0.91600      0.00000
     -0.48000      1.79538      0.00000
     -0.47000      4.48676      0.00000
     -0.46000      4.31363      0.00000
     -0.45000      1.52684      0.00000
     -0.44000      0.19882      0.00000
     -0.43000      0.01008      0.00000
     -0.42000      0.02584      0.00000
     -0.41000      0.44343      0.00000
     -0.40000      2.86072      0.00000
     -0.39000      6.88953      0.00000
     -0.38000      6.18878      0.00000
     -0.37000      2.07124      0.00000
     -0.36000      0.25792      0.00000
     -0.35000      0.01193      0.00000
     -0.34000      0.00020      0.00000
     -0.33000      0.00000      0.00000
     -0.32000      0.00000      0.00000
     -0.31000      0.00000      0.00000
     -0.30000      0.00015      0.00000
     -0.29000      0.00744      0.00000
     -0.28000      0.13664      0.00000
     -0.27000      0.92276      0.00000
     -0.26000      2.29240      0.00000
     -0.25000      2.09506      0.00000
     -0.24000      0.70438      0.00000
     -0.23000      0.08712      0.00000
     -0.22000      0.00396      0.00000
     -0.21000      0.00007      0.00000
     -0.20000      0.00000      0.00000
     -0.19000      0.00000      0.00000
     -0.18000      0.00201      0.00000
     -0.17000      0.07490      0.00000
     -0.16000      1.03166      0.00000
     -0.15000      5.24889      0.00000
     -0.14000      9.86489      0.00000
     -0.13000      6.84887      0.00000
     -0.12000      1.75648      0.00000
     -0.11000      0.16640      0.00000
     -0.10000      0.00589      0.00000
     -0.09000      0.00418      0.00000
     -0.08000      0.08934      0.00000
     -0.07000      0.71535      0.00000
     -0.06000      2.10704      0.00000
     -0.05000      2.28314      0.00000
     -0.04000      0.90812      0.00000
     -0.03000      0.06711      0.00000
     -0.02000     -0.80122      0.00000
     -0.01000     -3.62295      0.00000
      0.00000     -5.97347      0.00000
      0.01000     -3.62238      0.00000
      0.02000     -0.77960      0.00000
      0.03000      0.36698      0.00000
      0.04000      2.39689      0.00000
      0.05000      4.93039      0.00000
      0.06000      4.16632      0.00000
      0.07000      2.85619      0.00000
      0.08000      2.67298      0.00000
      0.09000      2.40947      0.00000
      0.10000      4.18148      0.00000
      0.11000      4.74393      0.00000
      0.12000      2.07307      0.00000
      0.13000      0.33414      0.00000
      0.14000      0.01982      0.00000
      0.15000      0.00118      0.00000
      0.16000      0.03008      0.00000
      0.17000      0.44629      0.00000
      0.18000      2.43583      0.00000
      0.19000      4.89088      0.00000
      0.20000      3.61358      0.00000
      0.21000      1.01083      0.00000
      0.22000      0.44708      0.00000
      0.23000      1.54138      0.00000
      0.24000      2.49326      0.00000
      0.25000      1.49650      0.00000
      0.26000      0.52661      0.00000
      0.27000      1.56043      0.00000
      0.28000      4.32150      0.00000
      0.29000      4.47676      0.00000
      0.30000      1.70647      0.00000
      0.31000      0.24520      0.00000
      0.32000      0.18089      0.00000
      0.33000      1.77070      0.00000
      0.34000      6.87225      0.00000
      0.35000      9.85846      0.00000
      0.36000      5.25171      0.00000
      0.37000      1.34966      0.00000
      0.38000      1.56063      0.00000
      0.39000      2.49501      0.00000
      0.40000      1.53809      0.00000
      0.41000      0.34910      0.00000
      0.42000      0.02915      0.00000
      0.43000      0.00090      0.00000
      0.44000      0.00001      0.00000
      0.45000      0.00000      0.00000
      0.46000      0.00016      0.00000
      0.47000      0.00791      0.00000
      0.48000      0.14258      0.00000
      0.49000      0.94592      0.00000
      0.50000      2.30925      0.00000
      0.51000      2.09574      0.00000
      0.52000      1.05277      0.00000
      0.53000      2.27246      0.00000
      0.54000      4.79456      0.00000
      0.55000      3.85690      0.00000
      0.56000      1.14224      0.00000
      0.57000      0.12445      0.00000
      0.58000      0.00558      0.00000
      0.59000      0.02149      0.00000
      0.60000      0.28399      0.00000
      0.61000      1.38809      0.00000
      0.62000      2.57631      0.00000
      0.63000      2.58022      0.00000
      0.64000      3.94179      0.00000
      0.65000      4.94794      0.00000
      0.66000      2.50677      0.00000
      0.67000      0.48608      0.00000
      0.68000      0.26592      0.00000
      0.69000      1.24904      0.00000
      0.70000      2.45491      0.00000
      0.71000      1.77618      0.00000
      0.72000      0.47276      0.00000
      0.73000      0.04629      0.00000
      0.74000      0.00167      0.00000
      0.75000      0.00002      0.00000
      0.76000      0.00000      0.00000
      0.77000      0.00000      0.00000
      0.78000      0.00000      0.00000
      0.79000      0.00000      0.00000
      0.80000      0.00000      0.00000
      0.81000      0.00000      0.00000
      0.82000      0.00000      0.00000
      0.83000      0.00000      0.00000
      0.84000      0.00000      0.00000
      0.85000      0.00001      0.00000
      0.86000      0.00169      0.00000
      0.87000      0.05577      0.00000
      0.88000      0.67790      0.00000
      0.89000      3.03137      0.00000
      0.90000      4.98675      0.00000
      0.91000      3.01956      0.00000
      0.92000      0.72696      0.00000
      0.93000      0.72155      0.00000
      0.94000      2.86413      0.00000
      0.95000      3.57862      0.00000
      0.96000     -1.46661      0.00000
      0.97000     -3.88766      0.00000
      0.98000     -0.07815      0.00000
      0.99000      1.46902      0.00000
      1.00000      0.51679      0.00000
      1.01000      0.05675      0.00000
      1.02000      0.00223      0.00000
      1.03000      0.00003      0.00000
      1.04000      0.00000      0.00000
      1.05000      0.00000      0.00000
      1.06000      0.00000      0.00000
      1.07000      0.00138      0.00000
      1.08000      0.04792      0.00000
      1.09000      0.61249      0.00000
      1.10000      2.88176      0.00000
      1.11000      5.04549      0.00000
      1.12000      3.91571      0.00000
      1.13000      3.92115      0.00000
      1.14000      5.08531      0.00000
      1.15000      3.56017      0.00000
      1.16000      4.89660      0.00000
      1.17000     10.50449      0.00000
      1.18000     12.06756      0.00000
      1.19000     10.35859      0.00000
      1.20000      7.80464      0.00000
      1.21000      3.52652      0.00000
      1.22000      0.71207      0.00000
      1.23000      0.06924      0.00000
      1.24000      0.24472      0.00000
      1.25000      1.72029      0.00000
      1.26000      4.42376      0.00000
      1.27000      3.49958      0.00000
      1.28000     -2.09938      0.00000
      1.29000     -5.77628      0.00000
      1.30000     -3.61817      0.00000
      1.31000     -0.81025      0.00000
      1.32000     -0.06523      0.00000
      1.33000      0.03808      0.00000
      1.34000      0.43066      0.00000
      1.35000      1.70175      0.00000
      1.36000      2.47369      0.00000
      1.37000      1.32282      0.00000
      1.38000      0.26023      0.00000
      1.39000      0.01883      0.00000
      1.40000      0.00050      0.00000
      1.41000      0.00002      0.00000
      1.42000      0.00129      0.00000
      1.43000      0.03837      0.00000
      1.44000      0.41845      0.00000
      1.45000      1.67895      0.00000
      1.46000      2.47817      0.00000
      1.47000      1.34565      0.00000
      1.48000      0.26880      0.00000
      1.49000      0.01975      0.00000
      1.50000      0.00053      0.00000
      1.51000      0.00000      0.00000
      1.52000      0.00000      0.00000
      1.53000      0.00000      0.00000
      1.54000      0.00000      0.00000
      1.55000      0.00000      0.00000
      1.56000      0.00000      0.00000
      1.57000      0.00000      0.00000
      1.58000      0.00000      0.00000
      1.59000      0.00000      0.00000
      1.60000      0.00006      0.00000
      1.61000      0.00358      0.00000
      1.62000      0.08086      0.00000
      1.63000      0.67275      0.00000
      1.64000      2.05911      0.00000
      1.65000      2.31853      0.00000
      1.66000      0.96040      0.00000
      1.67000      0.14637      0.00000
      1.68000      0.00983      0.00000
      1.69000      0.04568      0.00000
      1.70000      0.46757      0.00000
      1.71000      1.76732      0.00000
      1.72000      2.45748      0.00000
      1.73000      1.25834      0.00000
      1.74000      0.28067      0.00000
      1.75000      0.59556      0.00000
      1.76000      2.79845      0.00000
      1.77000      4.97275      0.00000
      1.78000      3.25124      0.00000
      1.79000      0.78391      0.00000
      1.80000      0.12771      0.00000
      1.81000      0.70776      0.00000
      1.82000      3.49568      0.00000
      1.83000      7.62942      0.00000
      1.84000      8.81098      0.00000
      1.85000      6.80296      0.00000
      1.86000      3.08377      0.00000
      1.87000      0.61369      0.00000
      1.88000      0.07570      0.00000
      1.89000      0.43436      0.00000
      1.90000      2.39602      0.00000
      1.91000      4.87724      0.00000
      1.92000      3.65226      0.00000
      1.93000      1.00613      0.00000
      1.94000      0.10197      0.00000
      1.95000      0.00380      0.00000
      1.96000      0.00015      0.00000
      1.97000      0.00526      0.00000
      1.98000      0.10675      0.00000
      1.99000      0.79699      0.00000
      2.00000      2.18895      0.00000
      2.01000      2.21171      0.00000
      2.02000      0.82361      0.00000
      2.03000      0.15568      0.00000
      2.04000      0.45820      0.00000
      2.05000      1.74337      0.00000
      2.06000      2.53080      0.00000
      2.07000      2.04381      0.00000
      2.08000      3.47731      0.00000
      2.09000      5.38746      0.00000
      2.10000      5.11240      0.00000
      2.11000      5.42961      0.00000
      2.12000      3.94891      0.00000
      2.13000      2.23274      0.00000
      2.14000      3.97407      0.00000
      2.15000      4.79433      0.00000
      2.16000      2.18727      0.00000
      2.17000      0.36742      0.00000
      2.18000      0.02271      0.00000
      2.19000      0.00058      0.00000
      2.20000      0.00376      0.00000
      2.21000      0.08387      0.00000
      2.22000      0.68816      0.00000
      2.23000      2.08080      0.00000
      2.24000      2.39351      0.00000
      2.25000      1.64842      0.00000
      2.26000      2.23894      0.00000
      2.27000      2.29989      0.00000
      2.28000      0.97017      0.00000
      2.29000      0.76376      0.00000
      2.30000      2.92352      0.00000
      2.31000      4.98372      0.00000
      2.32000      3.13315      0.00000
      2.33000      0.72465      0.00000
      2.34000      0.06166      0.00000
      2.35000      0.00193      0.00000
      2.36000      0.00002      0.00000
      2.37000      0.00000      0.00000
      2.38000      0.00004      0.00000
      2.39000      0.00270      0.00000
      2.40000      0.06587      0.00000
      2.41000      0.59202      0.00000
      2.42000      1.95733      0.00000
      2.43000      2.38070      0.00000
      2.44000      1.06888      0.00000
      2.45000      0.27432      0.00000
      2.46000      0.99369      0.00000
      2.47000      3.60575      0.00000
      2.48000      4.88339      0.00000
      2.49000      2.44258      0.00000
      2.50000      0.45117      0.00000
      2.51000      0.03077      0.00000
      2.52000      0.00078      0.00000
