Energy-E_F (eV)    DOS (1/eV)    PDOS (1/eV)  of atom type Tl 
     -4.99000      0.01122      0.00000
     -4.98000      0.00086      0.00000
     -4.97000      0.00926      0.00000
     -4.96000      0.08482      0.00000
     -4.95000      0.28598      0.00000
     -4.94000      0.35473      0.00000
     -4.93000      0.16187      0.00000
     -4.92000      0.02717      0.00000
     -4.91000      0.00168      0.00000
     -4.90000      0.00014      0.00000
     -4.89000      0.00425      0.00000
     -4.88000      0.06403      0.00000
     -4.87000      0.35460      0.00000
     -4.86000      0.72242      0.00000
     -4.85000      0.54144      0.00000
     -4.84000      0.14947      0.00000
     -4.83000      0.02228      0.00000
     -4.82000      0.10657      0.00000
     -4.81000      0.60258      0.00000
     -4.80000      1.33275      0.00000
     -4.79000      1.17242      0.00000
     -4.78000      0.42774      0.00000
     -4.77000      0.17141      0.00000
     -4.76000      0.47625      0.00000
     -4.75000      0.78716      0.00000
     -4.74000      0.84198      0.00000
     -4.73000      1.44383      0.00000
     -4.72000      1.73309      0.00000
     -4.71000      0.88270      0.00000
     -4.70000      0.18380      0.00000
     -4.69000      0.01562      0.00000
     -4.68000      0.00112      0.00000
     -4.67000      0.01374      0.00000
     -4.66000      0.13033      0.00000
     -4.65000      0.55882      0.00000
     -4.64000      1.18784      0.00000
     -4.63000      1.21090      0.00000
     -4.62000      0.62668      0.00000
     -4.61000      0.68678      0.00000
     -4.60000      1.44246      0.00000
     -4.59000      1.73694      0.00000
     -4.58000      1.17868      0.00000
     -4.57000      0.42117      0.00000
     -4.56000      0.13339      0.00000
     -4.55000      0.37154      0.00000
     -4.54000      0.72727      0.00000
     -4.53000      0.54246      0.00000
     -4.52000      0.28244      0.00000
     -4.51000      0.54173      0.00000
     -4.50000      0.72743      0.00000
     -4.49000      0.36846      0.00000
     -4.48000      0.07398      0.00000
     -4.47000      0.07970      0.00000
     -4.46000      0.39369      0.00000
     -4.45000      0.82189      0.00000
     -4.44000      0.91385      0.00000
     -4.43000      0.91751      0.00000
     -4.42000      0.82076      0.00000
     -4.41000      0.65599      0.00000
     -4.40000      1.25833      0.00000
     -4.39000      3.12602      0.00000
     -4.38000      4.09036      0.00000
     -4.37000      3.13138      0.00000
     -4.36000      1.98594      0.00000
     -4.35000      1.36846      0.00000
     -4.34000      0.65741      0.00000
     -4.33000      0.18646      0.00000
     -4.32000      0.36994      0.00000
     -4.31000      1.03018      0.00000
     -4.30000      1.32126      0.00000
     -4.29000      1.40701      0.00000
     -4.28000      1.78452      0.00000
     -4.27000      1.62157      0.00000
     -4.26000      1.33871      0.00000
     -4.25000      1.21899      0.00000
     -4.24000      0.91514      0.00000
     -4.23000      1.07663      0.00000
     -4.22000      1.81886      0.00000
     -4.21000      2.12988      0.00000
     -4.20000      2.11318      0.00000
     -4.19000      2.09519      0.00000
     -4.18000      2.10782      0.00000
     -4.17000      1.83434      0.00000
     -4.16000      1.47860      0.00000
     -4.15000      1.42977      0.00000
     -4.14000      1.35618      0.00000
     -4.13000      0.85042      0.00000
     -4.12000      0.31504      0.00000
     -4.11000      0.27467      0.00000
     -4.10000      0.49981      0.00000
     -4.09000      0.72580      0.00000
     -4.08000      0.78267      0.00000
     -4.07000      0.43759      0.00000
     -4.06000      0.40913      0.00000
     -4.05000      1.18074      0.00000
     -4.04000      2.39808      0.00000
     -4.03000      3.20841      0.00000
     -4.02000      3.40734      0.00000
     -4.01000      3.20724      0.00000
     -4.00000      2.54170      0.00000
     -3.99000      1.68683      0.00000
     -3.98000      1.43134      0.00000
     -3.97000      1.77031      0.00000
     -3.96000      1.67912      0.00000
     -3.95000      1.53882      0.00000
     -3.94000      1.79185      0.00000
     -3.93000      1.88690      0.00000
     -3.92000      1.92945      0.00000
     -3.91000      2.34260      0.00000
     -3.90000      2.54149      0.00000
     -3.89000      2.79742      0.00000
     -3.88000      2.76252      0.00000
     -3.87000      1.84681      0.00000
     -3.86000      1.37804      0.00000
     -3.85000      1.93578      0.00000
     -3.84000      2.35889      0.00000
     -3.83000      1.97614      0.00000
     -3.82000      1.84603      0.00000
     -3.81000      1.82868      0.00000
     -3.80000      1.47726      0.00000
     -3.79000      1.59341      0.00000
     -3.78000      2.36355      0.00000
     -3.77000      2.75081      0.00000
     -3.76000      1.81904      0.00000
     -3.75000      0.86360      0.00000
     -3.74000      0.72347      0.00000
     -3.73000      1.22259      0.00000
     -3.72000      1.74604      0.00000
     -3.71000      2.23337      0.00000
     -3.70000      2.85803      0.00000
     -3.69000      3.68896      0.00000
     -3.68000      3.74066      0.00000
     -3.67000      2.73698      0.00000
     -3.66000      1.67238      0.00000
     -3.65000      1.07789      0.00000
     -3.64000      1.73525      0.00000
     -3.63000      3.78983      0.00000
     -3.62000      4.98648      0.00000
     -3.61000      4.28607      0.00000
     -3.60000      3.87454      0.00000
     -3.59000      4.11363      0.00000
     -3.58000      4.34866      0.00000
     -3.57000      3.81121      0.00000
     -3.56000      3.37330      0.00000
     -3.55000      3.09292      0.00000
     -3.54000      2.15549      0.00000
     -3.53000      2.32624      0.00000
     -3.52000      4.18214      0.00000
     -3.51000      5.05757      0.00000
     -3.50000      4.46265      0.00000
     -3.49000      3.26653      0.00000
     -3.48000      2.31080      0.00000
     -3.47000      2.46472      0.00000
     -3.46000      2.73904      0.00000
     -3.45000      2.54312      0.00000
     -3.44000      2.99778      0.00000
     -3.43000      3.43810      0.00000
     -3.42000      3.22379      0.00000
     -3.41000      2.59149      0.00000
     -3.40000      1.79459      0.00000
     -3.39000      1.90840      0.00000
     -3.38000      2.85491      0.00000
     -3.37000      3.09232      0.00000
     -3.36000      2.40671      0.00000
     -3.35000      2.87172      0.00000
     -3.34000      3.68016      0.00000
     -3.33000      3.09796      0.00000
     -3.32000      2.03208      0.00000
     -3.31000      1.79847      0.00000
     -3.30000      2.01620      0.00000
     -3.29000      2.91272      0.00000
     -3.28000      4.03649      0.00000
     -3.27000      3.95668      0.00000
     -3.26000      3.36777      0.00000
     -3.25000      2.81140      0.00000
     -3.24000      2.20447      0.00000
     -3.23000      1.93980      0.00000
     -3.22000      2.51869      0.00000
     -3.21000      2.96329      0.00000
     -3.20000      2.46659      0.00000
     -3.19000      2.06028      0.00000
     -3.18000      1.94695      0.00000
     -3.17000      1.37577      0.00000
     -3.16000      0.99559      0.00000
     -3.15000      1.05172      0.00000
     -3.14000      1.12525      0.00000
     -3.13000      1.14856      0.00000
     -3.12000      0.99201      0.00000
     -3.11000      0.85855      0.00000
     -3.10000      1.25466      0.00000
     -3.09000      2.15091      0.00000
     -3.08000      3.16919      0.00000
     -3.07000      3.78229      0.00000
     -3.06000      4.16336      0.00000
     -3.05000      4.19149      0.00000
     -3.04000      4.34422      0.00000
     -3.03000      3.59772      0.00000
     -3.02000      2.29524      0.00000
     -3.01000      2.08477      0.00000
     -3.00000      1.94121      0.00000
     -2.99000      1.35299      0.00000
     -2.98000      1.33777      0.00000
     -2.97000      2.57879      0.00000
     -2.96000      3.41991      0.00000
     -2.95000      2.99200      0.00000
     -2.94000      2.21070      0.00000
     -2.93000      1.46763      0.00000
     -2.92000      1.41916      0.00000
     -2.91000      2.55437      0.00000
     -2.90000      3.04544      0.00000
     -2.89000      1.93036      0.00000
     -2.88000      1.15313      0.00000
     -2.87000      1.82224      0.00000
     -2.86000      2.54252      0.00000
     -2.85000      2.11324      0.00000
     -2.84000      1.06487      0.00000
     -2.83000      0.65260      0.00000
     -2.82000      1.40920      0.00000
     -2.81000      2.44071      0.00000
     -2.80000      2.46448      0.00000
     -2.79000      1.36566      0.00000
     -2.78000      0.76128      0.00000
     -2.77000      1.02259      0.00000
     -2.76000      1.53911      0.00000
     -2.75000      2.01376      0.00000
     -2.74000      1.56173      0.00000
     -2.73000      0.83338      0.00000
     -2.72000      1.40685      0.00000
     -2.71000      3.11842      0.00000
     -2.70000      3.39215      0.00000
     -2.69000      2.03747      0.00000
     -2.68000      1.48963      0.00000
     -2.67000      1.45653      0.00000
     -2.66000      0.74720      0.00000
     -2.65000      0.31345      0.00000
     -2.64000      0.37050      0.00000
     -2.63000      0.27629      0.00000
     -2.62000      0.12312      0.00000
     -2.61000      0.39661      0.00000
     -2.60000      1.43944      0.00000
     -2.59000      2.68125      0.00000
     -2.58000      2.89782      0.00000
     -2.57000      2.32591      0.00000
     -2.56000      2.33531      0.00000
     -2.55000      2.66657      0.00000
     -2.54000      2.97531      0.00000
     -2.53000      3.47535      0.00000
     -2.52000      3.72540      0.00000
     -2.51000      3.16683      0.00000
     -2.50000      2.25630      0.00000
     -2.49000      1.41487      0.00000
     -2.48000      0.93637      0.00000
     -2.47000      1.63125      0.00000
     -2.46000      2.73896      0.00000
     -2.45000      2.56229      0.00000
     -2.44000      1.76484      0.00000
     -2.43000      1.56535      0.00000
     -2.42000      1.36518      0.00000
     -2.41000      0.97044      0.00000
     -2.40000      1.16515      0.00000
     -2.39000      1.50911      0.00000
     -2.38000      0.91151      0.00000
     -2.37000      0.57511      0.00000
     -2.36000      1.66002      0.00000
     -2.35000      3.48534      0.00000
     -2.34000      3.67582      0.00000
     -2.33000      2.44029      0.00000
     -2.32000      1.55019      0.00000
     -2.31000      1.06084      0.00000
     -2.30000      1.06788      0.00000
     -2.29000      1.15513      0.00000
     -2.28000      1.27812      0.00000
     -2.27000      1.41034      0.00000
     -2.26000      1.49537      0.00000
     -2.25000      1.67512      0.00000
     -2.24000      1.89598      0.00000
     -2.23000      1.92224      0.00000
     -2.22000      2.23482      0.00000
     -2.21000      2.86673      0.00000
     -2.20000      3.23707      0.00000
     -2.19000      3.56151      0.00000
     -2.18000      3.47604      0.00000
     -2.17000      3.05920      0.00000
     -2.16000      2.84413      0.00000
     -2.15000      2.88967      0.00000
     -2.14000      2.48158      0.00000
     -2.13000      1.84437      0.00000
     -2.12000      2.23573      0.00000
     -2.11000      3.96242      0.00000
     -2.10000      4.45074      0.00000
     -2.09000      3.55314      0.00000
     -2.08000      2.87657      0.00000
     -2.07000      2.38214      0.00000
     -2.06000      1.67188      0.00000
     -2.05000      1.64979      0.00000
     -2.04000      2.61189      0.00000
     -2.03000      3.05270      0.00000
     -2.02000      2.62965      0.00000
     -2.01000      2.06394      0.00000
     -2.00000      1.88261      0.00000
     -1.99000      1.77901      0.00000
     -1.98000      1.37338      0.00000
     -1.97000      1.49763      0.00000
     -1.96000      1.60996      0.00000
     -1.95000      1.26655      0.00000
     -1.94000      1.04635      0.00000
     -1.93000      1.62415      0.00000
     -1.92000      2.27160      0.00000
     -1.91000      1.67438      0.00000
     -1.90000      1.65621      0.00000
     -1.89000      2.28996      0.00000
     -1.88000      2.31489      0.00000
     -1.87000      1.94540      0.00000
     -1.86000      1.54016      0.00000
     -1.85000      1.97948      0.00000
     -1.84000      2.53393      0.00000
     -1.83000      2.14680      0.00000
     -1.82000      1.49974      0.00000
     -1.81000      1.68410      0.00000
     -1.80000      2.94854      0.00000
     -1.79000      3.43192      0.00000
     -1.78000      2.89142      0.00000
     -1.77000      2.97394      0.00000
     -1.76000      2.96622      0.00000
     -1.75000      2.74928      0.00000
     -1.74000      2.92655      0.00000
     -1.73000      3.20757      0.00000
     -1.72000      2.99297      0.00000
     -1.71000      2.40687      0.00000
     -1.70000      1.33292      0.00000
     -1.69000      0.55235      0.00000
     -1.68000      0.78001      0.00000
     -1.67000      1.22030      0.00000
     -1.66000      1.12021      0.00000
     -1.65000      0.82842      0.00000
     -1.64000      0.99082      0.00000
     -1.63000      1.57714      0.00000
     -1.62000      2.14425      0.00000
     -1.61000      2.22795      0.00000
     -1.60000      2.21683      0.00000
     -1.59000      1.83275      0.00000
     -1.58000      1.31476      0.00000
     -1.57000      1.94218      0.00000
     -1.56000      2.24768      0.00000
     -1.55000      1.55463      0.00000
     -1.54000      0.74126      0.00000
     -1.53000      0.19230      0.00000
     -1.52000      0.02115      0.00000
     -1.51000      0.01112      0.00000
     -1.50000      0.14531      0.00000
     -1.49000      0.81708      0.00000
     -1.48000      2.04413      0.00000
     -1.47000      3.11662      0.00000
     -1.46000      4.27794      0.00000
     -1.45000      4.59102      0.00000
     -1.44000      2.72610      0.00000
     -1.43000      0.93234      0.00000
     -1.42000      0.86553      0.00000
     -1.41000      1.55514      0.00000
     -1.40000      1.93763      0.00000
     -1.39000      1.45522      0.00000
     -1.38000      0.88738      0.00000
     -1.37000      1.29518      0.00000
     -1.36000      2.02956      0.00000
     -1.35000      2.17651      0.00000
     -1.34000      1.93251      0.00000
     -1.33000      2.08064      0.00000
     -1.32000      2.73984      0.00000
     -1.31000      2.69489      0.00000
     -1.30000      2.02780      0.00000
     -1.29000      1.37824      0.00000
     -1.28000      0.97242      0.00000
     -1.27000      1.06636      0.00000
     -1.26000      1.90244      0.00000
     -1.25000      2.39557      0.00000
     -1.24000      1.92051      0.00000
     -1.23000      1.70181      0.00000
     -1.22000      2.15435      0.00000
     -1.21000      3.02282      0.00000
     -1.20000      3.22801      0.00000
     -1.19000      2.93752      0.00000
     -1.18000      3.06320      0.00000
     -1.17000      3.06444      0.00000
     -1.16000      3.48610      0.00000
     -1.15000      4.62814      0.00000
     -1.14000      5.35693      0.00000
     -1.13000      4.69803      0.00000
     -1.12000      3.60246      0.00000
     -1.11000      2.51669      0.00000
     -1.10000      1.98910      0.00000
     -1.09000      2.52679      0.00000
     -1.08000      2.80323      0.00000
     -1.07000      2.69777      0.00000
     -1.06000      2.99788      0.00000
     -1.05000      3.03764      0.00000
     -1.04000      2.82926      0.00000
     -1.03000      3.09806      0.00000
     -1.02000      2.79454      0.00000
     -1.01000      1.62326      0.00000
     -1.00000      1.18645      0.00000
     -0.99000      2.07244      0.00000
     -0.98000      2.43495      0.00000
     -0.97000      1.84076      0.00000
     -0.96000      1.82324      0.00000
     -0.95000      2.72749      0.00000
     -0.94000      3.27739      0.00000
     -0.93000      2.82255      0.00000
     -0.92000      2.59797      0.00000
     -0.91000      2.63918      0.00000
     -0.90000      2.14594      0.00000
     -0.89000      1.94627      0.00000
     -0.88000      2.12925      0.00000
     -0.87000      2.15126      0.00000
     -0.86000      1.85791      0.00000
     -0.85000      1.79417      0.00000
     -0.84000      1.91319      0.00000
     -0.83000      1.52909      0.00000
     -0.82000      1.09432      0.00000
     -0.81000      1.32131      0.00000
     -0.80000      1.18334      0.00000
     -0.79000      0.81878      0.00000
     -0.78000      1.22731      0.00000
     -0.77000      1.44337      0.00000
     -0.76000      1.04294      0.00000
     -0.75000      1.66705      0.00000
     -0.74000      3.28542      0.00000
     -0.73000      4.16567      0.00000
     -0.72000      3.03759      0.00000
     -0.71000      2.52844      0.00000
     -0.70000      3.58537      0.00000
     -0.69000      2.69981      0.00000
     -0.68000      0.81605      0.00000
     -0.67000      0.09743      0.00000
     -0.66000      0.01033      0.00000
     -0.65000      0.08555      0.00000
     -0.64000      0.50091      0.00000
     -0.63000      1.28710      0.00000
     -0.62000      2.02811      0.00000
     -0.61000      3.52772      0.00000
     -0.60000      5.27559      0.00000
     -0.59000      4.28537      0.00000
     -0.58000      2.07138      0.00000
     -0.57000      0.96008      0.00000
     -0.56000      0.54396      0.00000
     -0.55000      0.96351      0.00000
     -0.54000      1.98830      0.00000
     -0.53000      2.97564      0.00000
     -0.52000      2.91834      0.00000
     -0.51000      2.00245      0.00000
     -0.50000      1.76878      0.00000
     -0.49000      3.02545      0.00000
     -0.48000      4.67643      0.00000
     -0.47000      3.88401      0.00000
     -0.46000      2.20057      0.00000
     -0.45000      1.90013      0.00000
     -0.44000      2.20252      0.00000
     -0.43000      2.10044      0.00000
     -0.42000      1.67669      0.00000
     -0.41000      1.18852      0.00000
     -0.40000      0.72941      0.00000
     -0.39000      0.79506      0.00000
     -0.38000      0.84562      0.00000
     -0.37000      1.02107      0.00000
     -0.36000      1.29281      0.00000
     -0.35000      1.00731      0.00000
     -0.34000      0.83051      0.00000
     -0.33000      1.61688      0.00000
     -0.32000      2.25198      0.00000
     -0.31000      1.96341      0.00000
     -0.30000      1.53890      0.00000
     -0.29000      1.07269      0.00000
     -0.28000      0.89282      0.00000
     -0.27000      1.55136      0.00000
     -0.26000      1.98675      0.00000
     -0.25000      2.39640      0.00000
     -0.24000      3.01182      0.00000
     -0.23000      2.80253      0.00000
     -0.22000      2.98263      0.00000
     -0.21000      3.04428      0.00000
     -0.20000      1.76195      0.00000
     -0.19000      1.28436      0.00000
     -0.18000      2.50931      0.00000
     -0.17000      3.63802      0.00000
     -0.16000      3.40606      0.00000
     -0.15000      2.22031      0.00000
     -0.14000      1.12072      0.00000
     -0.13000      1.49590      0.00000
     -0.12000      3.45876      0.00000
     -0.11000      4.90001      0.00000
     -0.10000      4.78640      0.00000
     -0.09000      4.09266      0.00000
     -0.08000      3.50701      0.00000
     -0.07000      3.26748      0.00000
     -0.06000      3.14844      0.00000
     -0.05000      2.73085      0.00000
     -0.04000      2.21082      0.00000
     -0.03000      2.49723      0.00000
     -0.02000      3.30459      0.00000
     -0.01000      3.57602      0.00000
     -0.00000      3.32545      0.00000
      0.01000      2.66695      0.00000
      0.02000      1.81317      0.00000
      0.03000      1.52638      0.00000
      0.04000      2.11695      0.00000
      0.05000      2.58076      0.00000
      0.06000      2.31187      0.00000
      0.07000      1.74246      0.00000
      0.08000      0.99665      0.00000
      0.09000      1.08956      0.00000
      0.10000      1.47859      0.00000
      0.11000      0.86631      0.00000
      0.12000      0.32199      0.00000
      0.13000      0.58053      0.00000
      0.14000      1.15445      0.00000
      0.15000      1.79921      0.00000
      0.16000      1.98470      0.00000
      0.17000      1.77664      0.00000
      0.18000      2.63691      0.00000
      0.19000      3.01364      0.00000
      0.20000      2.22696      0.00000
      0.21000      1.99409      0.00000
      0.22000      2.17302      0.00000
      0.23000      3.14064      0.00000
      0.24000      4.93265      0.00000
      0.25000      4.67919      0.00000
      0.26000      2.32783      0.00000
      0.27000      0.70137      0.00000
      0.28000      0.80969      0.00000
      0.29000      2.02040      0.00000
      0.30000      2.73515      0.00000
      0.31000      2.18631      0.00000
      0.32000      1.80540      0.00000
      0.33000      1.70630      0.00000
      0.34000      1.14573      0.00000
      0.35000      0.41365      0.00000
      0.36000      0.09500      0.00000
      0.37000      0.29919      0.00000
      0.38000      1.13492      0.00000
      0.39000      1.87163      0.00000
      0.40000      1.78254      0.00000
      0.41000      1.70240      0.00000
      0.42000      2.25441      0.00000
      0.43000      3.53792      0.00000
      0.44000      4.38170      0.00000
      0.45000      3.18410      0.00000
      0.46000      1.68662      0.00000
      0.47000      1.72056      0.00000
      0.48000      1.99339      0.00000
      0.49000      1.84267      0.00000
      0.50000      1.91944      0.00000
      0.51000      1.86262      0.00000
      0.52000      1.86112      0.00000
      0.53000      2.42389      0.00000
      0.54000      3.79259      0.00000
      0.55000      5.18017      0.00000
