Energy-E_F (eV)    DOS (1/eV)    PDOS (1/eV)  of atom type W  
     -4.99000      2.47416      2.47416
     -4.98000      2.54181      2.54181
     -4.97000      2.88393      2.88393
     -4.96000      1.87971      1.87971
     -4.95000      0.78467      0.78467
     -4.94000      1.31896      1.31896
     -4.93000      2.22864      2.22864
     -4.92000      1.63280      1.63280
     -4.91000      1.54020      1.54020
     -4.90000      3.17113      3.17113
     -4.89000      4.30919      4.30919
     -4.88000      3.36384      3.36384
     -4.87000      1.47103      1.47103
     -4.86000      0.97397      0.97397
     -4.85000      1.97038      1.97038
     -4.84000      1.96754      1.96754
     -4.83000      0.80001      0.80001
     -4.82000      0.57004      0.57004
     -4.81000      1.25331      1.25331
     -4.80000      1.90457      1.90457
     -4.79000      2.69188      2.69188
     -4.78000      2.86379      2.86379
     -4.77000      1.55812      1.55812
     -4.76000      0.70525      0.70525
     -4.75000      1.03699      1.03699
     -4.74000      1.16304      1.16304
     -4.73000      1.45686      1.45686
     -4.72000      2.61597      2.61597
     -4.71000      2.70157      2.70157
     -4.70000      1.37290      1.37290
     -4.69000      0.37614      0.37614
     -4.68000      0.44316      0.44316
     -4.67000      1.59192      1.59192
     -4.66000      4.53338      4.53338
     -4.65000      8.46157      8.46157
     -4.64000      7.19208      7.19208
     -4.63000      2.65824      2.65824
     -4.62000      1.63805      1.63805
     -4.61000      3.04245      3.04245
     -4.60000      2.86556      2.86556
     -4.59000      1.92626      1.92626
     -4.58000      2.32279      2.32279
     -4.57000      2.12057      2.12057
     -4.56000      1.52277      1.52277
     -4.55000      1.04775      1.04775
     -4.54000      0.91371      0.91371
     -4.53000      2.24227      2.24227
     -4.52000      3.63695      3.63695
     -4.51000      3.53545      3.53545
     -4.50000      2.58616      2.58616
     -4.49000      1.06203      1.06203
     -4.48000      0.20385      0.20385
     -4.47000      0.25037      0.25037
     -4.46000      0.91949      0.91949
     -4.45000      1.51024      1.51024
     -4.44000      1.73798      1.73798
     -4.43000      2.38778      2.38778
     -4.42000      2.33593      2.33593
     -4.41000      1.72567      1.72567
     -4.40000      1.40629      1.40629
     -4.39000      1.53585      1.53585
     -4.38000      1.74838      1.74838
     -4.37000      1.36574      1.36574
     -4.36000      0.55551      0.55551
     -4.35000      0.09959      0.09959
     -4.34000      0.09044      0.09044
     -4.33000      0.49520      0.49520
     -4.32000      1.07259      1.07259
     -4.31000      0.91789      0.91789
     -4.30000      0.69023      0.69023
     -4.29000      1.06699      1.06699
     -4.28000      0.90136      0.90136
     -4.27000      0.28664      0.28664
     -4.26000      0.03368      0.03368
     -4.25000      0.00624      0.00624
     -4.24000      0.07881      0.07881
     -4.23000      0.47637      0.47637
     -4.22000      1.05961      1.05961
     -4.21000      0.86813      0.86813
     -4.20000      0.28910      0.28910
     -4.19000      0.29802      0.29802
     -4.18000      0.98775      0.98775
     -4.17000      1.48306      1.48306
     -4.16000      1.22083      1.22083
     -4.15000      0.93224      0.93224
     -4.14000      0.50517      0.50517
     -4.13000      0.11850      0.11850
     -4.12000      0.01051      0.01051
     -4.11000      0.00034      0.00034
     -4.10000      0.00000      0.00000
     -4.09000      0.00000      0.00000
     -4.08000      0.00000      0.00000
     -4.07000      0.00000      0.00000
     -4.06000      0.00004      0.00004
     -4.05000      0.00248      0.00248
     -4.04000      0.06214      0.06214
     -4.03000      0.58772      0.58772
     -4.02000      2.14740      2.14740
     -4.01000      3.12960      3.12960
     -4.00000      1.88430      1.88430
     -3.99000      0.55900      0.55900
     -3.98000      0.71780      0.71780
     -3.97000      1.90953      1.90953
     -3.96000      2.00828      2.00828
     -3.95000      0.87592      0.87592
     -3.94000      0.66412      0.66412
     -3.93000      1.10859      1.10859
     -3.92000      0.93752      0.93752
     -3.91000      0.87669      0.87669
     -3.90000      1.12876      1.12876
     -3.89000      0.67892      0.67892
     -3.88000      0.15698      0.15698
     -3.87000      0.11804      0.11804
     -3.86000      0.96419      0.96419
     -3.85000      3.30733      3.30733
     -3.84000      4.26338      4.26338
     -3.83000      2.06499      2.06499
     -3.82000      0.37557      0.37557
     -3.81000      0.02561      0.02561
     -3.80000      0.00065      0.00065
     -3.79000      0.00002      0.00002
     -3.78000      0.00143      0.00143
     -3.77000      0.03328      0.03328
     -3.76000      0.28509      0.28509
     -3.75000      0.89939      0.89939
     -3.74000      1.06708      1.06708
     -3.73000      0.68813      0.68813
     -3.72000      0.97396      0.97396
     -3.71000      1.64672      1.64672
     -3.70000      2.45313      2.45313
     -3.69000      3.08131      3.08131
     -3.68000      2.78809      2.78809
     -3.67000      2.00627      2.00627
     -3.66000      1.48442      1.48442
     -3.65000      2.01270      2.01270
     -3.64000      2.40421      2.40421
     -3.63000      1.71656      1.71656
     -3.62000      1.25376      1.25376
     -3.61000      2.47525      2.47525
     -3.60000      4.37890      4.37890
     -3.59000      4.77917      4.77917
     -3.58000      3.40334      3.40334
     -3.57000      3.14113      3.14113
     -3.56000      5.22423      5.22423
     -3.55000      5.97435      5.97435
     -3.54000      4.68757      4.68757
     -3.53000      2.49669      2.49669
     -3.52000      0.97524      0.97524
     -3.51000      1.55520      1.55520
     -3.50000      2.97203      2.97203
     -3.49000      4.33281      4.33281
     -3.48000      5.29551      5.29551
     -3.47000      3.61709      3.61709
     -3.46000      1.19521      1.19521
     -3.45000      0.32244      0.32244
     -3.44000      1.00499      1.00499
     -3.43000      3.01699      3.01699
     -3.42000      5.08139      5.08139
     -3.41000      5.98989      5.98989
     -3.40000      6.54578      6.54578
     -3.39000      6.73021      6.73021
     -3.38000      5.25847      5.25847
     -3.37000      4.71835      4.71835
     -3.36000      6.69388      6.69388
     -3.35000      9.04448      9.04448
     -3.34000      9.77227      9.77227
     -3.33000      7.07016      7.07016
     -3.32000      3.58219      3.58219
     -3.31000      3.23058      3.23058
     -3.30000      3.52837      3.52837
     -3.29000      2.17192      2.17192
     -3.28000      0.82312      0.82312
     -3.27000      1.43778      1.43778
     -3.26000      3.52598      3.52598
     -3.25000      4.76747      4.76747
     -3.24000      5.09967      5.09967
     -3.23000      3.76505      3.76505
     -3.22000      2.04506      2.04506
     -3.21000      1.49371      1.49371
     -3.20000      1.41366      1.41366
     -3.19000      1.35439      1.35439
     -3.18000      1.82409      1.82409
     -3.17000      3.21153      3.21153
     -3.16000      3.71923      3.71923
     -3.15000      3.22997      3.22997
     -3.14000      3.78353      3.78353
     -3.13000      5.90983      5.90983
     -3.12000      7.41107      7.41107
     -3.11000      4.65024      4.65024
     -3.10000      1.36276      1.36276
     -3.09000      0.99184      0.99184
     -3.08000      2.62516      2.62516
     -3.07000      3.08502      3.08502
     -3.06000      1.40285      1.40285
     -3.05000      0.24724      0.24724
     -3.04000      0.01693      0.01693
     -3.03000      0.00474      0.00474
     -3.02000      0.10556      0.10556
     -3.01000      1.04420      1.04420
     -3.00000      4.16372      4.16372
     -2.99000      6.75045      6.75045
     -2.98000      4.83841      4.83841
     -2.97000      2.09850      2.09850
     -2.96000      1.13441      1.13441
     -2.95000      1.53077      1.53077
     -2.94000      2.90578      2.90578
     -2.93000      3.48026      3.48026
     -2.92000      2.88856      2.88856
     -2.91000      4.12739      4.12739
     -2.90000      4.94229      4.94229
     -2.89000      3.21747      3.21747
     -2.88000      1.11375      1.11375
     -2.87000      0.56292      0.56292
     -2.86000      1.15411      1.15411
     -2.85000      1.57362      1.57362
     -2.84000      1.42758      1.42758
     -2.83000      0.75809      0.75809
     -2.82000      0.30990      0.30990
     -2.81000      1.05476      1.05476
     -2.80000      2.87802      2.87802
     -2.79000      2.97424      2.97424
     -2.78000      1.30867      1.30867
     -2.77000      1.23902      1.23902
     -2.76000      2.65993      2.65993
     -2.75000      2.82782      2.82782
     -2.74000      2.54689      2.54689
     -2.73000      3.44186      3.44186
     -2.72000      3.26706      3.26706
     -2.71000      2.48091      2.48091
     -2.70000      3.10909      3.10909
     -2.69000      3.66990      3.66990
     -2.68000      2.51103      2.51103
     -2.67000      0.82040      0.82040
     -2.66000      0.12015      0.12015
     -2.65000      0.17182      0.17182
     -2.64000      0.98789      0.98789
     -2.63000      2.24877      2.24877
     -2.62000      2.49425      2.49425
     -2.61000      2.62443      2.62443
     -2.60000      2.65266      2.65266
     -2.59000      2.22890      2.22890
     -2.58000      2.73251      2.73251
     -2.57000      3.67117      3.67117
     -2.56000      2.93132      2.93132
     -2.55000      1.70040      1.70040
     -2.54000      1.37440      1.37440
     -2.53000      2.11944      2.11944
     -2.52000      1.89385      1.89385
     -2.51000      0.79650      0.79650
     -2.50000      1.15202      1.15202
     -2.49000      3.24496      3.24496
     -2.48000      5.54207      5.54207
     -2.47000      6.63033      6.63033
     -2.46000      4.77554      4.77554
     -2.45000      2.16810      2.16810
     -2.44000      2.61893      2.61893
     -2.43000      4.17036      4.17036
     -2.42000      3.26038      3.26038
     -2.41000      2.37871      2.37871
     -2.40000      3.43527      3.43527
     -2.39000      3.40578      3.40578
     -2.38000      2.08436      2.08436
     -2.37000      1.92174      1.92174
     -2.36000      3.91435      3.91435
     -2.35000      6.07008      6.07008
     -2.34000      6.78001      6.78001
     -2.33000      5.86796      5.86796
     -2.32000      3.53851      3.53851
     -2.31000      1.80849      1.80849
     -2.30000      0.87480      0.87480
     -2.29000      0.50096      0.50096
     -2.28000      1.48286      1.48286
     -2.27000      3.34211      3.34211
     -2.26000      4.71119      4.71119
     -2.25000      4.64453      4.64453
     -2.24000      3.42360      3.42360
     -2.23000      3.45057      3.45057
     -2.22000      3.87356      3.87356
     -2.21000      3.09307      3.09307
     -2.20000      2.44607      2.44607
     -2.19000      2.59650      2.59650
     -2.18000      2.00144      2.00144
     -2.17000      0.81715      0.81715
     -2.16000      1.48234      1.48234
     -2.15000      4.99337      4.99337
     -2.14000      7.41986      7.41986
     -2.13000      6.57876      6.57876
     -2.12000      5.97539      5.97539
     -2.11000      5.59286      5.59286
     -2.10000      5.33721      5.33721
     -2.09000      3.68899      3.68899
     -2.08000      1.91856      1.91856
     -2.07000      1.06083      1.06083
     -2.06000      0.66229      0.66229
     -2.05000      1.48194      1.48194
     -2.04000      2.34180      2.34180
     -2.03000      2.10348      2.10348
     -2.02000      2.37690      2.37690
     -2.01000      2.56140      2.56140
     -2.00000      3.84544      3.84544
     -1.99000      5.92660      5.92660
     -1.98000      5.08557      5.08557
     -1.97000      4.08571      4.08571
     -1.96000      3.64250      3.64250
     -1.95000      2.22750      2.22750
     -1.94000      1.94274      1.94274
     -1.93000      2.92046      2.92046
     -1.92000      2.75668      2.75668
     -1.91000      1.76323      1.76323
     -1.90000      0.99291      0.99291
     -1.89000      1.34103      1.34103
     -1.88000      2.68561      2.68561
     -1.87000      2.90145      2.90145
     -1.86000      1.89571      1.89571
     -1.85000      1.43776      1.43776
     -1.84000      1.27734      1.27734
     -1.83000      1.28199      1.28199
     -1.82000      1.14538      1.14538
     -1.81000      2.07265      2.07265
     -1.80000      4.30823      4.30823
     -1.79000      4.90500      4.90500
     -1.78000      4.17941      4.17941
     -1.77000      4.65208      4.65208
     -1.76000      3.49460      3.49460
     -1.75000      1.12464      1.12464
     -1.74000      0.59345      0.59345
     -1.73000      2.04609      2.04609
     -1.72000      3.35707      3.35707
     -1.71000      2.38504      2.38504
     -1.70000      1.82403      1.82403
     -1.69000      2.08495      2.08495
     -1.68000      1.31463      1.31463
     -1.67000      0.47655      0.47655
     -1.66000      0.72119      0.72119
     -1.65000      1.62986      1.62986
     -1.64000      2.52704      2.52704
     -1.63000      3.97316      3.97316
     -1.62000      4.62217      4.62217
     -1.61000      2.51959      2.51959
     -1.60000      0.74172      0.74172
     -1.59000      1.22457      1.22457
     -1.58000      3.09095      3.09095
     -1.57000      3.79023      3.79023
     -1.56000      2.32820      2.32820
     -1.55000      1.21815      1.21815
     -1.54000      1.17374      1.17374
     -1.53000      0.72691      0.72691
     -1.52000      0.34813      0.34813
     -1.51000      0.97216      0.97216
     -1.50000      2.02248      2.02248
     -1.49000      1.71646      1.71646
     -1.48000      0.59693      0.59693
     -1.47000      0.21520      0.21520
     -1.46000      0.52484      0.52484
     -1.45000      0.73327      0.73327
     -1.44000      0.46359      0.46359
     -1.43000      0.74871      0.74871
     -1.42000      1.92109      1.92109
     -1.41000      1.99354      1.99354
     -1.40000      0.76292      0.76292
     -1.39000      0.10741      0.10741
     -1.38000      0.00556      0.00556
     -1.37000      0.00011      0.00011
     -1.36000      0.00000      0.00000
     -1.35000      0.00000      0.00000
     -1.34000      0.00038      0.00038
     -1.33000      0.01262      0.01262
     -1.32000      0.15248      0.15248
     -1.31000      0.67773      0.67773
     -1.30000      1.10817      1.10817
     -1.29000      0.66875      0.66875
     -1.28000      0.19369      0.19369
     -1.27000      0.38621      0.38621
     -1.26000      1.16406      1.16406
     -1.25000      1.38216      1.38216
     -1.24000      0.62275      0.62275
     -1.23000      0.10908      0.10908
     -1.22000      0.07736      0.07736
     -1.21000      0.61900      0.61900
     -1.20000      2.59886      2.59886
     -1.19000      5.70384      5.70384
     -1.18000      6.71388      6.71388
     -1.17000      4.48139      4.48139
     -1.16000      1.69678      1.69678
     -1.15000      0.31046      0.31046
     -1.14000      0.02673      0.02673
     -1.13000      0.06148      0.06148
     -1.12000      0.41041      0.41041
     -1.11000      1.01906      1.01906
     -1.10000      0.93086      0.93086
     -1.09000      0.31280      0.31280
     -1.08000      0.03867      0.03867
     -1.07000      0.00177      0.00177
     -1.06000      0.00072      0.00072
     -1.05000      0.01948      0.01948
     -1.04000      0.20281      0.20281
     -1.03000      0.77681      0.77681
     -1.02000      1.09459      1.09459
     -1.01000      0.56741      0.56741
     -1.00000      0.10820      0.10820
     -0.99000      0.00764      0.00764
     -0.98000      0.00340      0.00340
     -0.97000      0.07244      0.07244
     -0.96000      0.60859      0.60859
     -0.95000      1.97918      1.97918
     -0.94000      2.97373      2.97373
     -0.93000      2.94974      2.94974
     -0.92000      1.90103      1.90103
     -0.91000      0.55745      0.55745
     -0.90000      0.06305      0.06305
     -0.89000      0.00465      0.00465
     -0.88000      0.04261      0.04261
     -0.87000      0.33195      0.33195
     -0.86000      0.95921      0.95921
     -0.85000      1.11837      1.11837
     -0.84000      1.00794      1.00794
     -0.83000      1.52928      1.52928
     -0.82000      2.26116      2.26116
     -0.81000      2.39514      2.39514
     -0.80000      1.20832      1.20832
     -0.79000      0.23776      0.23776
     -0.78000      0.03133      0.03133
     -0.77000      0.16384      0.16384
     -0.76000      0.70119      0.70119
     -0.75000      1.10714      1.10714
     -0.74000      0.64309      0.64309
     -0.73000      0.13743      0.13743
     -0.72000      0.01161      0.01161
     -0.71000      0.02231      0.02231
     -0.70000      0.21938      0.21938
     -0.69000      0.80481      0.80481
     -0.68000      1.08619      1.08619
     -0.67000      0.53929      0.53929
     -0.66000      0.09868      0.09868
     -0.65000      0.01361      0.01361
     -0.64000      0.10240      0.10240
     -0.63000      0.55045      0.55045
     -0.62000      1.09531      1.09531
     -0.61000      0.88138      0.88138
     -0.60000      0.71810      0.71810
     -0.59000      1.09420      1.09420
     -0.58000      0.83924      0.83924
     -0.57000      0.24100      0.24100
     -0.56000      0.02548      0.02548
     -0.55000      0.00099      0.00099
     -0.54000      0.00001      0.00001
     -0.53000      0.00001      0.00001
     -0.52000      0.00069      0.00069
     -0.51000      0.02303      0.02303
     -0.50000      0.28358      0.28358
     -0.49000      1.29708      1.29708
     -0.48000      2.20400      2.20400
     -0.47000      1.39148      1.39148
     -0.46000      0.32821      0.32821
     -0.45000      0.06862      0.06862
     -0.44000      0.32298      0.32298
     -0.43000      0.98018      0.98018
     -0.42000      1.33868      1.33868
     -0.41000      1.34685      1.34685
     -0.40000      1.06669      1.06669
     -0.39000      0.39875      0.39875
     -0.38000      0.05718      0.05718
     -0.37000      0.00303      0.00303
     -0.36000      0.00019      0.00019
     -0.35000      0.00658      0.00658
     -0.34000      0.12094      0.12094
     -0.33000      0.81816      0.81816
     -0.32000      2.03619      2.03619
     -0.31000      1.86424      1.86424
     -0.30000      0.62790      0.62790
     -0.29000      0.07782      0.07782
     -0.28000      0.00515      0.00515
     -0.27000      0.04376      0.04376
     -0.26000      0.43943      0.43943
     -0.25000      1.66168      1.66168
     -0.24000      2.56355      2.56355
     -0.23000      2.08585      2.08585
     -0.22000      1.14902      1.14902
     -0.21000      0.36227      0.36227
     -0.20000      0.24698      0.24698
     -0.19000      0.92818      0.92818
     -0.18000      1.84397      1.84397
     -0.17000      1.84209      1.84209
     -0.16000      1.08552      1.08552
     -0.15000      0.45731      0.45731
     -0.14000      0.39239      0.39239
     -0.13000      1.82717      1.82717
     -0.12000      4.45327      4.45327
     -0.11000      4.91359      4.91359
     -0.10000      3.69608      3.69608
     -0.09000      2.50217      2.50217
     -0.08000      1.31559      1.31559
     -0.07000      0.41059      0.41059
     -0.06000      0.22944      0.22944
     -0.05000      0.73533      0.73533
     -0.04000      1.13645      1.13645
     -0.03000      0.89406      0.89406
     -0.02000      1.01872      1.01872
     -0.01000      1.05397      1.05397
      0.00000      0.44979      0.44979
      0.01000      0.08169      0.08169
      0.02000      0.14000      0.14000
      0.03000      0.63945      0.63945
      0.04000      1.10687      1.10687
      0.05000      0.70618      0.70618
      0.06000      0.20166      0.20166
      0.07000      0.40308      0.40308
      0.08000      1.52414      1.52414
      0.09000      2.19646      2.19646
      0.10000      1.16480      1.16480
      0.11000      0.22724      0.22724
      0.12000      0.01631      0.01631
      0.13000      0.00043      0.00043
      0.14000      0.00023      0.00023
      0.15000      0.01085      0.01085
      0.16000      0.19356      0.19356
      0.17000      1.33400      1.33400
      0.18000      3.75701      3.75701
      0.19000      4.75167      4.75167
      0.20000      2.90618      2.90618
      0.21000      0.83225      0.83225
      0.22000      0.15264      0.15264
      0.23000      0.55648      0.55648
      0.24000      2.21086      2.21086
      0.25000      3.55422      3.55422
      0.26000      2.76950      2.76950
      0.27000      1.43663      1.43663
      0.28000      0.46327      0.46327
      0.29000      0.06684      0.06684
      0.30000      0.00372      0.00372
      0.31000      0.00086      0.00086
      0.32000      0.02360      0.02360
      0.33000      0.28033      0.28033
      0.34000      1.38210      1.38210
      0.35000      2.95665      2.95665
      0.36000      3.04707      3.04707
      0.37000      2.55306      2.55306
      0.38000      2.31853      2.31853
      0.39000      1.10791      1.10791
      0.40000      0.20484      0.20484
      0.41000      0.02586      0.02586
      0.42000      0.15751      0.15751
      0.43000      0.77647      0.77647
      0.44000      1.44462      1.44462
      0.45000      1.06001      1.06001
      0.46000      0.71905      0.71905
      0.47000      1.65166      1.65166
      0.48000      2.16850      2.16850
      0.49000      1.06422      1.06422
      0.50000      0.19229      0.19229
      0.51000      0.01639      0.01639
      0.52000      0.08161      0.08161
      0.53000      0.70153      0.70153
      0.54000      2.47479      2.47479
      0.55000      4.01110      4.01110
      0.56000      3.54493      3.54493
      0.57000      2.09610      2.09610
      0.58000      0.96485      0.96485
      0.59000      0.83205      0.83205
      0.60000      1.12305      1.12305
      0.61000      0.72571      0.72571
      0.62000      0.64447      0.64447
      0.63000      1.70802      1.70802
      0.64000      2.15353      2.15353
      0.65000      1.16301      1.16301
      0.66000      0.90972      0.90972
      0.67000      1.45887      1.45887
      0.68000      2.35930      2.35930
      0.69000      3.39578      3.39578
      0.70000      2.33900      2.33900
      0.71000      0.89337      0.89337
      0.72000      1.35794      1.35794
      0.73000      3.01999      3.01999
      0.74000      4.11672      4.11672
      0.75000      3.80950      3.80950
      0.76000      2.86448      2.86448
      0.77000      1.98789      1.98789
      0.78000      2.32035      2.32035
      0.79000      2.45969      2.45969
      0.80000      2.46925      2.46925
      0.81000      2.44248      2.44248
      0.82000      2.12404      2.12404
      0.83000      2.56270      2.56270
      0.84000      2.94135      2.94135
      0.85000      2.63144      2.63144
      0.86000      1.26343      1.26343
      0.87000      0.24877      0.24877
      0.88000      0.04494      0.04494
      0.89000      0.31635      0.31635
      0.90000      1.37923      1.37923
      0.91000      2.21560      2.21560
      0.92000      1.30934      1.30934
      0.93000      0.28465      0.28465
      0.94000      0.02277      0.02277
      0.95000      0.00067      0.00067
      0.96000      0.00000      0.00000
      0.97000      0.00000      0.00000
      0.98000      0.00002      0.00002
      0.99000      0.00149      0.00149
      1.00000      0.03424      0.03424
      1.01000      0.29024      0.29024
      1.02000      0.90759      0.90759
      1.03000      1.10513      1.10513
      1.04000      1.01443      1.01443
      1.05000      1.90453      1.90453
      1.06000      2.49252      2.49252
      1.07000      2.80802      2.80802
      1.08000      3.77124      3.77124
      1.09000      3.74578      3.74578
      1.10000      4.13956      4.13956
      1.11000      4.55176      4.55176
      1.12000      3.54671      3.54671
      1.13000      2.82754      2.82754
      1.14000      2.43805      2.43805
      1.15000      1.89580      1.89580
      1.16000      1.89948      1.89948
      1.17000      1.52400      1.52400
      1.18000      0.65740      0.65740
      1.19000      0.31500      0.31500
      1.20000      1.09129      1.09129
      1.21000      2.17414      2.17414
      1.22000      1.60707      1.60707
      1.23000      0.48672      0.48672
      1.24000      0.52419      0.52419
      1.25000      1.67780      1.67780
      1.26000      2.17828      2.17828
      1.27000      1.29146      1.29146
      1.28000      1.18521      1.18521
      1.29000      1.91146      1.91146
      1.30000      2.56374      2.56374
      1.31000      2.44828      2.44828
      1.32000      3.10594      3.10594
      1.33000      5.03584      5.03584
      1.34000      5.05144      5.05144
      1.35000      3.52149      3.52149
      1.36000      2.05143      2.05143
      1.37000      1.25560      1.25560
      1.38000      1.87841      1.87841
      1.39000      2.11373      2.11373
      1.40000      0.92853      0.92853
      1.41000      0.17467      0.17467
      1.42000      0.24347      0.24347
      1.43000      0.82891      0.82891
      1.44000      1.07732      1.07732
      1.45000      0.51521      0.51521
      1.46000      0.09064      0.09064
      1.47000      0.00627      0.00627
      1.48000      0.01577      0.01577
      1.49000      0.22134      0.22134
      1.50000      1.16792      1.16792
      1.51000      2.44852      2.44852
      1.52000      2.95989      2.95989
      1.53000      4.74555      4.74555
      1.54000      7.89893      7.89893
      1.55000      7.45850      7.45850
      1.56000      3.71909      3.71909
      1.57000      2.73378      2.73378
      1.58000      3.37647      3.37647
      1.59000      2.52797      2.52797
      1.60000      1.77696      1.77696
      1.61000      1.82408      1.82408
      1.62000      2.15524      2.15524
      1.63000      1.60638      1.60638
      1.64000      0.79393      0.79393
      1.65000      1.45685      1.45685
      1.66000      3.26380      3.26380
      1.67000      3.64093      3.64093
      1.68000      2.00535      2.00535
      1.69000      0.84825      0.84825
      1.70000      1.48958      1.48958
      1.71000      2.21641      2.21641
      1.72000      1.30219      1.30219
      1.73000      0.61636      0.61636
      1.74000      1.07946      1.07946
      1.75000      1.50030      1.50030
      1.76000      1.77391      1.77391
      1.77000      2.40321      2.40321
      1.78000      2.11193      2.11193
      1.79000      0.82114      0.82114
      1.80000      0.32364      0.32364
      1.81000      1.25552      1.25552
      1.82000      3.29649      3.29649
      1.83000      4.38211      4.38211
      1.84000      3.64602      3.64602
      1.85000      2.93910      2.93910
      1.86000      2.66692      2.66692
      1.87000      1.84750      1.84750
      1.88000      1.72037      1.72037
      1.89000      3.22132      3.22132
      1.90000      4.82306      4.82306
      1.91000      5.37793      5.37793
      1.92000      4.79813      4.79813
      1.93000      2.70405      2.70405
      1.94000      1.41425      1.41425
      1.95000      1.98323      1.98323
      1.96000      2.56489      2.56489
      1.97000      2.09168      2.09168
      1.98000      1.55710      1.55710
      1.99000      2.26001      2.26001
      2.00000      2.89309      2.89309
      2.01000      2.89861      2.89861
      2.02000      2.60306      2.60306
      2.03000      2.31471      2.31471
      2.04000      2.01025      2.01025
      2.05000      1.62273      1.62273
      2.06000      2.06160      2.06160
      2.07000      1.97125      1.97125
      2.08000      0.87429      0.87429
      2.09000      0.79114      0.79114
      2.10000      2.69669      2.69669
      2.11000      5.28498      5.28498
      2.12000      5.40588      5.40588
      2.13000      3.48438      3.48438
      2.14000      2.63735      2.63735
      2.15000      1.73692      1.73692
      2.16000      1.23582      1.23582
      2.17000      1.97863      1.97863
      2.18000      2.59393      2.59393
      2.19000      1.96563      1.96563
      2.20000      0.70155      0.70155
      2.21000      0.14336      0.14336
      2.22000      0.36930      0.36930
      2.23000      1.32578      1.32578
      2.24000      2.08913      2.08913
      2.25000      1.83768      1.83768
      2.26000      2.14366      2.14366
      2.27000      2.98607      2.98607
      2.28000      3.34375      3.34375
      2.29000      2.91887      2.91887
      2.30000      1.79856      1.79856
      2.31000      1.66701      1.66701
      2.32000      2.84733      2.84733
      2.33000      4.96274      4.96274
      2.34000      4.64837      4.64837
      2.35000      1.87513      1.87513
      2.36000      0.31433      0.31433
      2.37000      0.03774      0.03774
      2.38000      0.23609      0.23609
      2.39000      1.33471      1.33471
      2.40000      3.30193      3.30193
      2.41000      4.42784      4.42784
      2.42000      4.45772      4.45772
      2.43000      4.62459      4.62459
      2.44000      4.17670      4.17670
      2.45000      2.38400      2.38400
      2.46000      1.21077      1.21077
      2.47000      0.92755      0.92755
      2.48000      1.25892      1.25892
      2.49000      1.67906      1.67906
      2.50000      1.48405      1.48405
      2.51000      0.73744      0.73744
      2.52000      0.40711      0.40711
      2.53000      1.68188      1.68188
      2.54000      4.06620      4.06620
      2.55000      3.69602      3.69602
      2.56000      1.34474      1.34474
      2.57000      0.71019      0.71019
      2.58000      1.40678      1.40678
      2.59000      2.20341      2.20341
      2.60000      2.44988      2.44988
      2.61000      1.47264      1.47264
      2.62000      1.54318      1.54318
      2.63000      4.39156      4.39156
      2.64000      6.78493      6.78493
      2.65000      5.96041      5.96041
      2.66000      3.93824      3.93824
      2.67000      3.95835      3.95835
      2.68000      5.88375      5.88375
      2.69000      6.20364      6.20364
      2.70000      4.19879      4.19879
      2.71000      2.97592      2.97592
      2.72000      3.00972      3.00972
      2.73000      2.01304      2.01304
      2.74000      1.33671      1.33671
      2.75000      1.66704      1.66704
      2.76000      2.42910      2.42910
      2.77000      3.05493      3.05493
      2.78000      2.58998      2.58998
      2.79000      2.28555      2.28555
      2.80000      2.54404      2.54404
      2.81000      4.03259      4.03259
      2.82000      7.38706      7.38706
      2.83000     10.41847     10.41847
      2.84000     11.38047     11.38047
      2.85000     11.27444     11.27444
      2.86000     10.71812     10.71812
      2.87000      9.04360      9.04360
      2.88000      8.39877      8.39877
      2.89000     10.22752     10.22752
      2.90000      9.42104      9.42104
      2.91000      5.16395      5.16395
      2.92000      4.52352      4.52352
      2.93000      5.65749      5.65749
      2.94000      4.12202      4.12202
      2.95000      4.11627      4.11627
      2.96000      6.46928      6.46928
      2.97000      6.95661      6.95661
      2.98000      3.89632      3.89632
      2.99000      1.02195      1.02195
      3.00000      0.49487      0.49487
      3.01000      2.13099      2.13099
      3.02000      4.77877      4.77877
      3.03000      5.10982      5.10982
      3.04000      4.39867      4.39867
      3.05000      4.85836      4.85836
      3.06000      4.02471      4.02471
      3.07000      1.98850      1.98850
      3.08000      1.21768      1.21768
      3.09000      1.08716      1.08716
      3.10000      0.51746      0.51746
      3.11000      0.43655      0.43655
      3.12000      1.09036      1.09036
      3.13000      1.77045      1.77045
      3.14000      2.38770      2.38770
      3.15000      2.07642      2.07642
      3.16000      1.43074      1.43074
      3.17000      2.29949      2.29949
      3.18000      3.62583      3.62583
      3.19000      3.23807      3.23807
      3.20000      2.64492      2.64492
      3.21000      5.33249      5.33249
      3.22000      7.87730      7.87730
      3.23000      5.51856      5.51856
      3.24000      1.72893      1.72893
      3.25000      0.22809      0.22809
      3.26000      0.01524      0.01524
      3.27000      0.07458      0.07458
      3.28000      0.66164      0.66164
      3.29000      2.40205      2.40205
      3.30000      4.00041      4.00041
      3.31000      3.63489      3.63489
      3.32000      2.30981      2.30981
      3.33000      1.81272      1.81272
      3.34000      2.29681      2.29681
      3.35000      1.72603      1.72603
      3.36000      0.75331      0.75331
      3.37000      1.21752      1.21752
      3.38000      2.08769      2.08769
      3.39000      1.51850      1.51850
      3.40000      0.44665      0.44665
      3.41000      0.05200      0.05200
      3.42000      0.00234      0.00234
      3.43000      0.00005      0.00005
      3.44000      0.00106      0.00106
      3.45000      0.02667      0.02667
      3.46000      0.24809      0.24809
      3.47000      0.84889      0.84889
      3.48000      1.06860      1.06860
      3.49000      0.49799      0.49799
      3.50000      0.15612      0.15612
      3.51000      0.60303      0.60303
      3.52000      1.83036      1.83036
      3.53000      2.06922      2.06922
      3.54000      0.96709      0.96709
      3.55000      0.71115      0.71115
      3.56000      1.10520      1.10520
      3.57000      0.76343      0.76343
      3.58000      0.19587      0.19587
      3.59000      0.03538      0.03538
      3.60000      0.16144      0.16144
      3.61000      0.55921      0.55921
      3.62000      0.71539      0.71539
      3.63000      0.33668      0.33668
      3.64000      0.05829      0.05829
      3.65000      0.00411      0.00411
      3.66000      0.01782      0.01782
      3.67000      0.29226      0.29226
      3.68000      1.80586      1.80586
      3.69000      4.28073      4.28073
      3.70000      4.46359      4.46359
      3.71000      3.23875      3.23875
      3.72000      1.93636      1.93636
      3.73000      0.68229      0.68229
      3.74000      0.66320      0.66320
      3.75000      1.38354      1.38354
      3.76000      2.12690      2.12690
      3.77000      2.80696      2.80696
      3.78000      2.41237      2.41237
      3.79000      1.26730      1.26730
      3.80000      0.35741      0.35741
      3.81000      0.09171      0.09171
      3.82000      0.36357      0.36357
      3.83000      0.98052      0.98052
      3.84000      1.00705      1.00705
      3.85000      0.75563      0.75563
      3.86000      1.94136      1.94136
      3.87000      3.32003      3.32003
      3.88000      2.15456      2.15456
      3.89000      0.71936      0.71936
      3.90000      1.21636      1.21636
      3.91000      2.55588      2.55588
      3.92000      2.48936      2.48936
      3.93000      1.67128      1.67128
      3.94000      0.92089      0.92089
      3.95000      0.60642      0.60642
      3.96000      1.69088      1.69088
      3.97000      3.00440      3.00440
      3.98000      2.32418      2.32418
      3.99000      0.80348      0.80348
      4.00000      0.12132      0.12132
      4.01000      0.01445      0.01445
      4.02000      0.14866      0.14866
      4.03000      1.23362      1.23362
      4.04000      4.03689      4.03689
      4.05000      5.22789      5.22789
      4.06000      2.66540      2.66540
      4.07000      0.52958      0.52958
      4.08000      0.07105      0.07105
      4.09000      0.27396      0.27396
      4.10000      0.89661      0.89661
      4.11000      1.25867      1.25867
      4.12000      1.57004      1.57004
      4.13000      2.25636      2.25636
      4.14000      1.58345      1.58345
      4.15000      0.42046      0.42046
      4.16000      0.04117      0.04117
      4.17000      0.00148      0.00148
      4.18000      0.00018      0.00018
      4.19000      0.00645      0.00645
      4.20000      0.09682      0.09682
      4.21000      0.53423      0.53423
      4.22000      1.08446      1.08446
      4.23000      0.80985      0.80985
