Energy-E_F (eV)    DOS (1/eV)    PDOS (1/eV)  of atom type Bi 
     -4.85615      0.00000      0.00000
     -4.84615      0.00000      0.00000
     -4.83615      0.00000      0.00000
     -4.82615      0.00000      0.00000
     -4.81615      0.00000      0.00000
     -4.80615      0.00000      0.00000
     -4.79615      0.00000      0.00000
     -4.78615      0.00000      0.00000
     -4.77615      0.00000      0.00000
     -4.76615      0.00000      0.00000
     -4.75615      0.00000      0.00000
     -4.74615      0.00000      0.00000
     -4.73615      0.00000      0.00000
     -4.72615      0.00000      0.00000
     -4.71615      0.00000      0.00000
     -4.70615      0.00000      0.00000
     -4.69615      0.00000      0.00000
     -4.68615      0.00000      0.00000
     -4.67615      0.00000      0.00000
     -4.66615      0.00000      0.00000
     -4.65615      0.00000      0.00000
     -4.64615      0.00000      0.00000
     -4.63615      0.00000      0.00000
     -4.62615      0.00000      0.00000
     -4.61615      0.00000      0.00000
     -4.60615      0.00000      0.00000
     -4.59615      0.00000      0.00000
     -4.58615      0.00000      0.00000
     -4.57615      0.00000      0.00000
     -4.56615      0.00000      0.00000
     -4.55615      0.00000      0.00000
     -4.54615      0.00000      0.00000
     -4.53615      0.00000      0.00000
     -4.52615      0.00000      0.00000
     -4.51615      0.00000      0.00000
     -4.50615      0.00000      0.00000
     -4.49615      0.00000      0.00000
     -4.48615      0.00000      0.00000
     -4.47615      0.00000      0.00000
     -4.46615      0.00000      0.00000
     -4.45615      0.00000      0.00000
     -4.44615      0.00000      0.00000
     -4.43615      0.00000      0.00000
     -4.42615      0.00000      0.00000
     -4.41615      0.00000      0.00000
     -4.40615      0.00019      0.00000
     -4.39615      0.00622      0.00000
     -4.38615      0.08018      0.00000
     -4.37615      0.43110      0.00000
     -4.36615      1.10354      0.00000
     -4.35615      1.59875      0.00000
     -4.34615      1.54458      0.00000
     -4.33615      1.59506      0.00000
     -4.32615      2.22473      0.00000
     -4.31615      2.51045      0.00000
     -4.30615      2.17809      0.00000
     -4.29615      1.42741      0.00000
     -4.28615      0.91889      0.00000
     -4.27615      1.95695      0.00000
     -4.26615      4.07905      0.00000
     -4.25615      4.70637      0.00000
     -4.24615      3.82693      0.00000
     -4.23615      2.96656      0.00000
     -4.22615      2.59527      0.00000
     -4.21615      2.69732      0.00000
     -4.20615      2.56688      0.00000
     -4.19615      3.00636      0.00000
     -4.18615      3.99705      0.00000
     -4.17615      4.22265      0.00000
     -4.16615      3.79756      0.00000
     -4.15615      3.41234      0.00000
     -4.14615      3.71395      0.00000
     -4.13615      3.19513      0.00000
     -4.12615      2.24925      0.00000
     -4.11615      2.79564      0.00000
     -4.10615      4.02279      0.00000
     -4.09615      4.73753      0.00000
     -4.08615      4.96443      0.00000
     -4.07615      3.96504      0.00000
     -4.06615      2.70754      0.00000
     -4.05615      2.78470      0.00000
     -4.04615      3.31384      0.00000
     -4.03615      3.44400      0.00000
     -4.02615      3.71244      0.00000
     -4.01615      4.56301      0.00000
     -4.00615      5.28712      0.00000
     -3.99615      6.20943      0.00000
     -3.98615      6.73509      0.00000
     -3.97615      6.27781      0.00000
     -3.96615      5.05332      0.00000
     -3.95615      4.32109      0.00000
     -3.94615      4.90091      0.00000
     -3.93615      5.25331      0.00000
     -3.92615      4.49079      0.00000
     -3.91615      4.17889      0.00000
     -3.90615      4.76870      0.00000
     -3.89615      5.34811      0.00000
     -3.88615      6.02025      0.00000
     -3.87615      6.30668      0.00000
     -3.86615      5.87512      0.00000
     -3.85615      5.69544      0.00000
     -3.84615      5.82146      0.00000
     -3.83615      5.52366      0.00000
     -3.82615      5.92611      0.00000
     -3.81615      6.58093      0.00000
     -3.80615      7.03299      0.00000
     -3.79615      6.76204      0.00000
     -3.78615      5.48225      0.00000
     -3.77615      4.28020      0.00000
     -3.76615      3.56983      0.00000
     -3.75615      4.31410      0.00000
     -3.74615      5.72142      0.00000
     -3.73615      5.82631      0.00000
     -3.72615      5.31806      0.00000
     -3.71615      4.97374      0.00000
     -3.70615      5.49386      0.00000
     -3.69615      6.25305      0.00000
     -3.68615      6.57675      0.00000
     -3.67615      6.34731      0.00000
     -3.66615      5.92955      0.00000
     -3.65615      5.81964      0.00000
     -3.64615      6.36516      0.00000
     -3.63615      6.78510      0.00000
     -3.62615      5.95444      0.00000
     -3.61615      5.10586      0.00000
     -3.60615      6.00461      0.00000
     -3.59615      7.35267      0.00000
     -3.58615      7.56082      0.00000
     -3.57615      6.26621      0.00000
     -3.56615      5.03805      0.00000
     -3.55615      5.12489      0.00000
     -3.54615      6.07945      0.00000
     -3.53615      6.56635      0.00000
     -3.52615      6.01560      0.00000
     -3.51615      5.96445      0.00000
     -3.50615      5.94962      0.00000
     -3.49615      5.95193      0.00000
     -3.48615      6.30277      0.00000
     -3.47615      7.48754      0.00000
     -3.46615      7.74628      0.00000
     -3.45615      5.82557      0.00000
     -3.44615      4.59922      0.00000
     -3.43615      4.85635      0.00000
     -3.42615      6.07652      0.00000
     -3.41615      6.71084      0.00000
     -3.40615      6.94154      0.00000
     -3.39615      7.20056      0.00000
     -3.38615      7.47488      0.00000
     -3.37615      6.98860      0.00000
     -3.36615      6.10095      0.00000
     -3.35615      5.71380      0.00000
     -3.34615      7.01751      0.00000
     -3.33615      9.07168      0.00000
     -3.32615      8.67330      0.00000
     -3.31615      7.37262      0.00000
     -3.30615      7.00408      0.00000
     -3.29615      6.28261      0.00000
     -3.28615      5.40339      0.00000
     -3.27615      5.78858      0.00000
     -3.26615      6.42357      0.00000
     -3.25615      6.29629      0.00000
     -3.24615      7.23556      0.00000
     -3.23615      7.49227      0.00000
     -3.22615      6.35405      0.00000
     -3.21615      5.78059      0.00000
     -3.20615      6.36708      0.00000
     -3.19615      7.38605      0.00000
     -3.18615      7.78911      0.00000
     -3.17615      7.96336      0.00000
     -3.16615      8.51537      0.00000
     -3.15615      9.26783      0.00000
     -3.14615      9.90896      0.00000
     -3.13615      9.32138      0.00000
     -3.12615      7.77157      0.00000
     -3.11615      8.05977      0.00000
     -3.10615      8.85039      0.00000
     -3.09615      7.68136      0.00000
     -3.08615      7.26411      0.00000
     -3.07615      8.56106      0.00000
     -3.06615      8.95434      0.00000
     -3.05615      7.71994      0.00000
     -3.04615      6.16881      0.00000
     -3.03615      5.93834      0.00000
     -3.02615      7.67050      0.00000
     -3.01615      9.74868      0.00000
     -3.00615     11.00145      0.00000
     -2.99615     10.81573      0.00000
     -2.98615      9.49812      0.00000
     -2.97615      8.96687      0.00000
     -2.96615     10.62774      0.00000
     -2.95615     12.23295      0.00000
     -2.94615     11.89817      0.00000
     -2.93615     11.93970      0.00000
     -2.92615     12.35550      0.00000
     -2.91615     12.20220      0.00000
     -2.90615     11.48558      0.00000
     -2.89615     10.67648      0.00000
     -2.88615     11.31380      0.00000
     -2.87615     12.85599      0.00000
     -2.86615     13.33141      0.00000
     -2.85615     13.31819      0.00000
     -2.84615     12.22995      0.00000
     -2.83615     11.59111      0.00000
     -2.82615     11.98318      0.00000
     -2.81615     10.68625      0.00000
     -2.80615      9.63837      0.00000
     -2.79615     10.04174      0.00000
     -2.78615      9.54667      0.00000
     -2.77615      8.07613      0.00000
     -2.76615      9.36706      0.00000
     -2.75615     10.83547      0.00000
     -2.74615      9.98033      0.00000
     -2.73615      9.62820      0.00000
     -2.72615      9.53121      0.00000
     -2.71615      9.13177      0.00000
     -2.70615      9.22513      0.00000
     -2.69615     10.17567      0.00000
     -2.68615     11.02626      0.00000
     -2.67615     11.06845      0.00000
     -2.66615     10.27313      0.00000
     -2.65615      9.60803      0.00000
     -2.64615      9.32436      0.00000
     -2.63615      8.38337      0.00000
     -2.62615      8.84461      0.00000
     -2.61615     11.11994      0.00000
     -2.60615     12.07196      0.00000
     -2.59615     11.45570      0.00000
     -2.58615     11.13828      0.00000
     -2.57615     10.47539      0.00000
     -2.56615      8.48189      0.00000
     -2.55615      7.30627      0.00000
     -2.54615      8.45335      0.00000
     -2.53615      9.06573      0.00000
     -2.52615      8.92003      0.00000
     -2.51615     10.17002      0.00000
     -2.50615     11.84947      0.00000
     -2.49615     12.38555      0.00000
     -2.48615     10.73330      0.00000
     -2.47615      9.16949      0.00000
     -2.46615      9.13141      0.00000
     -2.45615      8.27275      0.00000
     -2.44615      7.87046      0.00000
     -2.43615      9.03647      0.00000
     -2.42615     10.30817      0.00000
     -2.41615     11.24667      0.00000
     -2.40615     11.74996      0.00000
     -2.39615     11.17995      0.00000
     -2.38615      9.35972      0.00000
     -2.37615      9.01825      0.00000
     -2.36615     10.20755      0.00000
     -2.35615     10.65776      0.00000
     -2.34615     10.66816      0.00000
     -2.33615     11.16804      0.00000
     -2.32615     11.14164      0.00000
     -2.31615     10.63162      0.00000
     -2.30615     10.88682      0.00000
     -2.29615     11.94957      0.00000
     -2.28615     12.60827      0.00000
     -2.27615     12.02557      0.00000
     -2.26615     11.03478      0.00000
     -2.25615      9.95480      0.00000
     -2.24615      9.48379      0.00000
     -2.23615      9.32345      0.00000
     -2.22615      9.39300      0.00000
     -2.21615      9.74764      0.00000
     -2.20615     11.34854      0.00000
     -2.19615     13.14392      0.00000
     -2.18615     12.98026      0.00000
     -2.17615     12.47884      0.00000
     -2.16615     12.59754      0.00000
     -2.15615     12.20459      0.00000
     -2.14615     10.06232      0.00000
     -2.13615      8.39240      0.00000
     -2.12615      8.72142      0.00000
     -2.11615      9.09004      0.00000
     -2.10615     10.15114      0.00000
     -2.09615     12.14645      0.00000
     -2.08615     13.33001      0.00000
     -2.07615     13.48621      0.00000
     -2.06615     12.66608      0.00000
     -2.05615     11.70693      0.00000
     -2.04615     11.94433      0.00000
     -2.03615     11.58503      0.00000
     -2.02615     10.79857      0.00000
     -2.01615     11.71078      0.00000
     -2.00615     11.91989      0.00000
     -1.99615     10.85759      0.00000
     -1.98615     10.74650      0.00000
     -1.97615     11.51146      0.00000
     -1.96615     11.25174      0.00000
     -1.95615     10.64132      0.00000
     -1.94615     11.40677      0.00000
     -1.93615     12.52642      0.00000
     -1.92615     13.21230      0.00000
     -1.91615     13.45809      0.00000
     -1.90615     12.40732      0.00000
     -1.89615     11.22873      0.00000
     -1.88615     10.71761      0.00000
     -1.87615     10.72389      0.00000
     -1.86615     10.16444      0.00000
     -1.85615      9.30404      0.00000
     -1.84615     10.17985      0.00000
     -1.83615     11.78636      0.00000
     -1.82615     12.45353      0.00000
     -1.81615     12.99858      0.00000
     -1.80615     12.96619      0.00000
     -1.79615     12.25121      0.00000
     -1.78615     12.93357      0.00000
     -1.77615     13.71976      0.00000
     -1.76615     12.64564      0.00000
     -1.75615     11.80673      0.00000
     -1.74615     11.65366      0.00000
     -1.73615     10.89883      0.00000
     -1.72615      9.80632      0.00000
     -1.71615      9.90264      0.00000
     -1.70615      9.81360      0.00000
     -1.69615      9.48388      0.00000
     -1.68615      9.32757      0.00000
     -1.67615      8.46961      0.00000
     -1.66615      8.18331      0.00000
     -1.65615      8.70180      0.00000
     -1.64615      9.26192      0.00000
     -1.63615      9.32907      0.00000
     -1.62615      9.40267      0.00000
     -1.61615      9.93085      0.00000
     -1.60615     10.86094      0.00000
     -1.59615     12.02617      0.00000
     -1.58615     12.48507      0.00000
     -1.57615     11.98985      0.00000
     -1.56615      9.99085      0.00000
     -1.55615      8.26783      0.00000
     -1.54615      8.75105      0.00000
     -1.53615     10.10166      0.00000
     -1.52615     10.84796      0.00000
     -1.51615     10.75760      0.00000
     -1.50615      9.32510      0.00000
     -1.49615      7.80485      0.00000
     -1.48615      8.65360      0.00000
     -1.47615     10.73063      0.00000
     -1.46615     10.87689      0.00000
     -1.45615     10.13467      0.00000
     -1.44615      9.89955      0.00000
     -1.43615      9.62250      0.00000
     -1.42615     10.14293      0.00000
     -1.41615     11.09354      0.00000
     -1.40615     10.90776      0.00000
     -1.39615     10.72604      0.00000
     -1.38615     11.30382      0.00000
     -1.37615     10.86101      0.00000
     -1.36615      9.09442      0.00000
     -1.35615      8.70759      0.00000
     -1.34615      9.01364      0.00000
     -1.33615      8.62058      0.00000
     -1.32615      9.07119      0.00000
     -1.31615     10.23961      0.00000
     -1.30615     10.56375      0.00000
     -1.29615     10.31978      0.00000
     -1.28615      9.93617      0.00000
     -1.27615      9.11253      0.00000
     -1.26615      8.99353      0.00000
     -1.25615      9.89495      0.00000
     -1.24615     10.84116      0.00000
     -1.23615     11.37521      0.00000
     -1.22615     11.85325      0.00000
     -1.21615     11.77887      0.00000
     -1.20615     11.25711      0.00000
     -1.19615     10.67766      0.00000
     -1.18615      9.24597      0.00000
     -1.17615      8.84837      0.00000
     -1.16615      9.31941      0.00000
     -1.15615      9.54675      0.00000
     -1.14615      9.59242      0.00000
     -1.13615     10.39318      0.00000
     -1.12615     12.17162      0.00000
     -1.11615     12.44843      0.00000
     -1.10615     10.48483      0.00000
     -1.09615      8.81848      0.00000
     -1.08615      8.61184      0.00000
     -1.07615      8.51873      0.00000
     -1.06615      8.66571      0.00000
     -1.05615      9.33826      0.00000
     -1.04615      9.56571      0.00000
     -1.03615      9.33379      0.00000
     -1.02615     10.35339      0.00000
     -1.01615     13.32769      0.00000
     -1.00615     15.50657      0.00000
     -0.99615     13.89846      0.00000
     -0.98615     10.91983      0.00000
     -0.97615     10.55601      0.00000
     -0.96615     12.00990      0.00000
     -0.95615     12.34295      0.00000
     -0.94615     11.39546      0.00000
     -0.93615     10.05260      0.00000
     -0.92615      8.63571      0.00000
     -0.91615      8.81598      0.00000
     -0.90615      9.74424      0.00000
     -0.89615     10.02983      0.00000
     -0.88615      9.86534      0.00000
     -0.87615      9.66446      0.00000
     -0.86615      9.97990      0.00000
     -0.85615      9.83036      0.00000
     -0.84615      9.39789      0.00000
     -0.83615      9.56732      0.00000
     -0.82615      9.28451      0.00000
     -0.81615      9.09191      0.00000
     -0.80615      9.01690      0.00000
     -0.79615      8.28308      0.00000
     -0.78615      7.72584      0.00000
     -0.77615      7.52101      0.00000
     -0.76615      7.95126      0.00000
     -0.75615      9.50997      0.00000
     -0.74615     10.89682      0.00000
     -0.73615     11.44303      0.00000
     -0.72615     12.52029      0.00000
     -0.71615     13.05445      0.00000
     -0.70615     12.91232      0.00000
     -0.69615     12.78119      0.00000
     -0.68615     11.55051      0.00000
     -0.67615      9.66322      0.00000
     -0.66615      8.33943      0.00000
     -0.65615      7.71246      0.00000
     -0.64615      8.28961      0.00000
     -0.63615      8.82010      0.00000
     -0.62615      9.09219      0.00000
     -0.61615      9.97468      0.00000
     -0.60615      9.99943      0.00000
     -0.59615      8.70991      0.00000
     -0.58615      7.88718      0.00000
     -0.57615      8.20487      0.00000
     -0.56615      8.92569      0.00000
     -0.55615      8.85741      0.00000
     -0.54615      8.04018      0.00000
     -0.53615      7.15196      0.00000
     -0.52615      6.56827      0.00000
     -0.51615      6.13442      0.00000
     -0.50615      5.64664      0.00000
     -0.49615      5.29984      0.00000
     -0.48615      5.03412      0.00000
     -0.47615      4.68901      0.00000
     -0.46615      5.01641      0.00000
     -0.45615      5.84171      0.00000
     -0.44615      6.51781      0.00000
     -0.43615      7.39237      0.00000
     -0.42615      8.52211      0.00000
     -0.41615      8.78199      0.00000
     -0.40615      7.53418      0.00000
     -0.39615      6.20499      0.00000
     -0.38615      4.96991      0.00000
     -0.37615      3.63727      0.00000
     -0.36615      3.27731      0.00000
     -0.35615      4.62610      0.00000
     -0.34615      6.23970      0.00000
     -0.33615      6.73809      0.00000
     -0.32615      6.36429      0.00000
     -0.31615      5.95675      0.00000
     -0.30615      5.75865      0.00000
     -0.29615      5.24753      0.00000
     -0.28615      4.67065      0.00000
     -0.27615      4.00200      0.00000
     -0.26615      3.69865      0.00000
     -0.25615      3.96703      0.00000
     -0.24615      4.53922      0.00000
     -0.23615      4.78997      0.00000
     -0.22615      4.73210      0.00000
     -0.21615      4.29838      0.00000
     -0.20615      3.59737      0.00000
     -0.19615      3.40097      0.00000
     -0.18615      3.89515      0.00000
     -0.17615      4.73331      0.00000
     -0.16615      5.08596      0.00000
     -0.15615      4.92654      0.00000
     -0.14615      4.38788      0.00000
     -0.13615      4.63277      0.00000
     -0.12615      5.75818      0.00000
     -0.11615      5.63980      0.00000
     -0.10615      4.31402      0.00000
     -0.09615      3.35000      0.00000
     -0.08615      3.34195      0.00000
     -0.07615      4.25205      0.00000
     -0.06615      4.84506      0.00000
     -0.05615      3.99782      0.00000
     -0.04615      2.53195      0.00000
     -0.03615      1.61792      0.00000
     -0.02615      1.41016      0.00000
     -0.01615      1.56157      0.00000
     -0.00615      1.50202      0.00000
      0.00385      0.89337      0.00000
      0.01385      0.25223      0.00000
      0.02385      0.03993      0.00000
      0.03385      0.07106      0.00000
      0.04385      0.17079      0.00000
      0.05385      0.15391      0.00000
      0.06385      0.05103      0.00000
      0.07385      0.00641      0.00000
      0.08385      0.00684      0.00000
      0.09385      0.09059      0.00000
      0.10385      0.50183      0.00000
      0.11385      1.20794      0.00000
      0.12385      1.53787      0.00000
      0.13385      1.40015      0.00000
      0.14385      1.18414      0.00000
      0.15385      1.04578      0.00000
      0.16385      0.80041      0.00000
      0.17385      0.83099      0.00000
      0.18385      1.45876      0.00000
      0.19385      2.23874      0.00000
      0.20385      2.07885      0.00000
      0.21385      1.04092      0.00000
      0.22385      0.42339      0.00000
      0.23385      0.58474      0.00000
      0.24385      0.90524      0.00000
      0.25385      0.87151      0.00000
      0.26385      0.94253      0.00000
      0.27385      1.28576      0.00000
      0.28385      1.31041      0.00000
      0.29385      0.96516      0.00000
      0.30385      0.78920      0.00000
      0.31385      1.23296      0.00000
      0.32385      2.52860      0.00000
      0.33385      2.88364      0.00000
      0.34385      1.95830      0.00000
      0.35385      1.40687      0.00000
      0.36385      1.42141      0.00000
      0.37385      1.55619      0.00000
      0.38385      2.42500      0.00000
      0.39385      3.95539      0.00000
      0.40385      4.65407      0.00000
      0.41385      4.21633      0.00000
      0.42385      3.91813      0.00000
      0.43385      5.29065      0.00000
      0.44385      7.00011      0.00000
      0.45385      7.16161      0.00000
      0.46385      6.37950      0.00000
      0.47385      6.55315      0.00000
      0.48385      6.66416      0.00000
      0.49385      5.95726      0.00000
      0.50385      5.35498      0.00000
      0.51385      4.91524      0.00000
      0.52385      4.88851      0.00000
      0.53385      5.89466      0.00000
      0.54385      6.70902      0.00000
      0.55385      6.46911      0.00000
      0.56385      6.78338      0.00000
      0.57385      8.12319      0.00000
      0.58385      8.98437      0.00000
      0.59385      9.21039      0.00000
      0.60385      8.97482      0.00000
      0.61385      8.09401      0.00000
      0.62385      7.15761      0.00000
      0.63385      6.26590      0.00000
      0.64385      6.25051      0.00000
      0.65385      8.51404      0.00000
      0.66385     10.88566      0.00000
      0.67385     11.32243      0.00000
      0.68385     10.90918      0.00000
      0.69385     11.16382      0.00000
      0.70385     12.32303      0.00000
      0.71385     13.31592      0.00000
      0.72385     13.51396      0.00000
      0.73385     12.43916      0.00000
      0.74385      9.97250      0.00000
      0.75385      8.74346      0.00000
      0.76385      9.68513      0.00000
      0.77385      9.87576      0.00000
      0.78385      9.77725      0.00000
      0.79385     10.35800      0.00000
      0.80385     10.38966      0.00000
      0.81385     10.07259      0.00000
      0.82385     10.37811      0.00000
      0.83385     11.39108      0.00000
      0.84385     11.46972      0.00000
      0.85385     10.33006      0.00000
      0.86385     10.22938      0.00000
      0.87385     10.62498      0.00000
      0.88385     10.40513      0.00000
      0.89385      9.98173      0.00000
      0.90385      9.19490      0.00000
      0.91385      8.05874      0.00000
      0.92385      7.12484      0.00000
      0.93385      6.15147      0.00000
      0.94385      6.63767      0.00000
      0.95385      7.98569      0.00000
      0.96385      7.25281      0.00000
      0.97385      6.15586      0.00000
      0.98385      6.56424      0.00000
      0.99385      6.94158      0.00000
      1.00385      7.10739      0.00000
      1.01385      7.76836      0.00000
      1.02385      7.88364      0.00000
      1.03385      7.25238      0.00000
      1.04385      7.58424      0.00000
      1.05385      8.16607      0.00000
      1.06385      8.48594      0.00000
      1.07385      9.45880      0.00000
      1.08385     10.53118      0.00000
      1.09385      9.53125      0.00000
      1.10385      6.91276      0.00000
      1.11385      5.28728      0.00000
      1.12385      5.24261      0.00000
      1.13385      6.92984      0.00000
      1.14385      9.14207      0.00000
      1.15385      8.83351      0.00000
      1.16385      7.07436      0.00000
      1.17385      6.67870      0.00000
      1.18385      7.77818      0.00000
      1.19385      9.14235      0.00000
      1.20385      9.65735      0.00000
      1.21385      9.52987      0.00000
      1.22385      9.46764      0.00000
      1.23385      8.83596      0.00000
      1.24385      6.95213      0.00000
      1.25385      5.68111      0.00000
      1.26385      5.58231      0.00000
      1.27385      6.26430      0.00000
      1.28385      7.00346      0.00000
      1.29385      6.66030      0.00000
      1.30385      6.08347      0.00000
      1.31385      6.20696      0.00000
      1.32385      6.26904      0.00000
      1.33385      6.20426      0.00000
      1.34385      7.18713      0.00000
      1.35385      8.94566      0.00000
      1.36385      9.38475      0.00000
      1.37385      8.05241      0.00000
      1.38385      6.97440      0.00000
      1.39385      8.18738      0.00000
      1.40385      9.83942      0.00000
      1.41385      9.25423      0.00000
      1.42385      8.37050      0.00000
      1.43385      8.59952      0.00000
      1.44385      8.35101      0.00000
      1.45385      7.70098      0.00000
      1.46385      8.55722      0.00000
      1.47385      8.71904      0.00000
      1.48385      6.20188      0.00000
      1.49385      4.44898      0.00000
      1.50385      4.89402      0.00000
      1.51385      5.27162      0.00000
      1.52385      5.74615      0.00000
      1.53385      6.59752      0.00000
      1.54385      7.14560      0.00000
      1.55385      7.45748      0.00000
      1.56385      7.01240      0.00000
      1.57385      6.34293      0.00000
      1.58385      6.50009      0.00000
      1.59385      7.06731      0.00000
      1.60385      7.43862      0.00000
      1.61385      8.54757      0.00000
      1.62385      9.35648      0.00000
      1.63385      8.77182      0.00000
      1.64385      9.53776      0.00000
      1.65385      9.86182      0.00000
      1.66385      8.15615      0.00000
      1.67385      6.48226      0.00000
      1.68385      6.06212      0.00000
      1.69385      5.85401      0.00000
      1.70385      5.85539      0.00000
      1.71385      6.15573      0.00000
      1.72385      6.25328      0.00000
      1.73385      6.15148      0.00000
      1.74385      5.66979      0.00000
      1.75385      5.43098      0.00000
      1.76385      6.78553      0.00000
      1.77385      8.87761      0.00000
      1.78385      9.32846      0.00000
      1.79385      7.98163      0.00000
      1.80385      6.73522      0.00000
      1.81385      6.34288      0.00000
      1.82385      6.14124      0.00000
      1.83385      6.49316      0.00000
      1.84385      6.54584      0.00000
      1.85385      5.34438      0.00000
      1.86385      4.59155      0.00000
      1.87385      5.64029      0.00000
      1.88385      7.25877      0.00000
      1.89385      8.40575      0.00000
      1.90385      9.11148      0.00000
      1.91385      8.31645      0.00000
      1.92385      6.58465      0.00000
      1.93385      6.67769      0.00000
      1.94385      8.58252      0.00000
      1.95385      9.96538      0.00000
      1.96385      9.28109      0.00000
      1.97385      7.74941      0.00000
      1.98385      6.96580      0.00000
      1.99385      7.74136      0.00000
      2.00385      8.26973      0.00000
      2.01385      7.04639      0.00000
      2.02385      5.48009      0.00000
      2.03385      5.14229      0.00000
      2.04385      5.31753      0.00000
      2.05385      5.36005      0.00000
      2.06385      4.91872      0.00000
      2.07385      4.23963      0.00000
      2.08385      4.83485      0.00000
      2.09385      5.99274      0.00000
      2.10385      6.31654      0.00000
      2.11385      6.77169      0.00000
      2.12385      7.92247      0.00000
      2.13385      8.75259      0.00000
      2.14385      8.84329      0.00000
      2.15385      8.30499      0.00000
      2.16385      7.26068      0.00000
      2.17385      7.02898      0.00000
      2.18385      7.21653      0.00000
      2.19385      7.21884      0.00000
      2.20385      7.29448      0.00000
      2.21385      7.31651      0.00000
      2.22385      6.68348      0.00000
      2.23385      6.09687      0.00000
      2.24385      7.42870      0.00000
      2.25385      9.51277      0.00000
      2.26385     10.55784      0.00000
      2.27385      9.55843      0.00000
      2.28385      8.09830      0.00000
      2.29385      8.96530      0.00000
      2.30385     10.76374      0.00000
      2.31385     12.23935      0.00000
      2.32385     12.40791      0.00000
      2.33385     10.63443      0.00000
      2.34385      8.36343      0.00000
      2.35385      6.96532      0.00000
      2.36385      7.09588      0.00000
      2.37385      8.73045      0.00000
      2.38385      9.40791      0.00000
      2.39385      7.99094      0.00000
      2.40385      7.15278      0.00000
      2.41385      7.36890      0.00000
      2.42385      7.51226      0.00000
      2.43385      7.17309      0.00000
      2.44385      6.59242      0.00000
      2.45385      6.74028      0.00000
      2.46385      8.46010      0.00000
      2.47385     10.72486      0.00000
      2.48385     11.04105      0.00000
      2.49385      9.80020      0.00000
      2.50385      9.56613      0.00000
      2.51385     10.34409      0.00000
      2.52385     10.79535      0.00000
      2.53385     11.96473      0.00000
      2.54385     12.31350      0.00000
      2.55385     10.93007      0.00000
      2.56385      9.89970      0.00000
      2.57385      9.33676      0.00000
      2.58385      8.87928      0.00000
      2.59385      9.74204      0.00000
      2.60385     11.82140      0.00000
      2.61385     13.02800      0.00000
      2.62385     13.51371      0.00000
      2.63385     13.59966      0.00000
      2.64385     14.06909      0.00000
      2.65385     15.60761      0.00000
      2.66385     15.36629      0.00000
      2.67385     13.35085      0.00000
      2.68385     12.16692      0.00000
      2.69385     11.85274      0.00000
      2.70385     10.86217      0.00000
      2.71385      9.57087      0.00000
      2.72385      9.20194      0.00000
      2.73385      8.35185      0.00000
      2.74385      7.02026      0.00000
      2.75385      7.62292      0.00000
      2.76385      9.75946      0.00000
      2.77385     10.01725      0.00000
      2.78385      8.78565      0.00000
      2.79385      7.12199      0.00000
      2.80385      5.60206      0.00000
      2.81385      5.38691      0.00000
      2.82385      5.49413      0.00000
      2.83385      5.46078      0.00000
      2.84385      5.44782      0.00000
      2.85385      5.20619      0.00000
      2.86385      5.00053      0.00000
      2.87385      5.34279      0.00000
      2.88385      5.70289      0.00000
      2.89385      5.68867      0.00000
      2.90385      5.09032      0.00000
      2.91385      4.57105      0.00000
      2.92385      4.67478      0.00000
      2.93385      4.92655      0.00000
      2.94385      4.63151      0.00000
      2.95385      4.45548      0.00000
      2.96385      4.85593      0.00000
      2.97385      5.79431      0.00000
      2.98385      6.39485      0.00000
      2.99385      5.82729      0.00000
      3.00385      5.75564      0.00000
      3.01385      6.05232      0.00000
      3.02385      6.25589      0.00000
      3.03385      6.33473      0.00000
      3.04385      5.62800      0.00000
      3.05385      5.99942      0.00000
      3.06385      5.66171      0.00000
      3.07385      3.63256      0.00000
      3.08385      2.91139      0.00000
      3.09385      3.81414      0.00000
      3.10385      4.94650      0.00000
      3.11385      5.75355      0.00000
      3.12385      6.00906      0.00000
      3.13385      6.04617      0.00000
      3.14385      5.81337      0.00000
      3.15385      5.99555      0.00000
      3.16385      6.70918      0.00000
      3.17385      5.89057      0.00000
      3.18385      4.80209      0.00000
      3.19385      5.34505      0.00000
      3.20385      6.35549      0.00000
      3.21385      6.55962      0.00000
      3.22385      6.40638      0.00000
      3.23385      6.50438      0.00000
      3.24385      7.04630      0.00000
      3.25385      7.37808      0.00000
      3.26385      7.40568      0.00000
      3.27385      7.66892      0.00000
      3.28385      7.05702      0.00000
      3.29385      6.03616      0.00000
      3.30385      6.06046      0.00000
      3.31385      6.72546      0.00000
      3.32385      7.71174      0.00000
      3.33385      8.34302      0.00000
      3.34385      8.63913      0.00000
      3.35385      9.24427      0.00000
      3.36385      8.73300      0.00000
      3.37385      7.66168      0.00000
      3.38385      7.76744      0.00000
      3.39385      8.64923      0.00000
      3.40385      8.87092      0.00000
      3.41385      8.18604      0.00000
      3.42385      8.46820      0.00000
      3.43385     10.56628      0.00000
      3.44385     12.13482      0.00000
      3.45385     11.67226      0.00000
      3.46385     10.89416      0.00000
      3.47385      9.94625      0.00000
      3.48385      9.09119      0.00000
      3.49385      9.75330      0.00000
      3.50385      9.23504      0.00000
      3.51385      8.10288      0.00000
      3.52385      9.42945      0.00000
      3.53385     11.43328      0.00000
      3.54385     12.93472      0.00000
      3.55385     14.09090      0.00000
      3.56385     13.72061      0.00000
      3.57385     11.32721      0.00000
      3.58385      8.60621      0.00000
      3.59385      8.31629      0.00000
      3.60385      9.80177      0.00000
      3.61385     11.31447      0.00000
      3.62385     13.28282      0.00000
      3.63385     15.69903      0.00000
      3.64385     16.52068      0.00000
      3.65385     14.61852      0.00000
      3.66385     13.32185      0.00000
      3.67385     13.35621      0.00000
      3.68385     13.34317      0.00000
      3.69385     12.62599      0.00000
      3.70385     11.77159      0.00000
      3.71385     11.09697      0.00000
      3.72385     11.29962      0.00000
      3.73385     12.11857      0.00000
      3.74385     11.56701      0.00000
      3.75385     10.42790      0.00000
      3.76385      9.57707      0.00000
      3.77385      9.46004      0.00000
      3.78385     10.98261      0.00000
      3.79385     12.18833      0.00000
      3.80385     10.52843      0.00000
      3.81385      8.27575      0.00000
      3.82385      7.81900      0.00000
      3.83385      8.97584      0.00000
      3.84385     10.14530      0.00000
      3.85385      9.93800      0.00000
      3.86385      8.05037      0.00000
      3.87385      6.56632      0.00000
      3.88385      6.68864      0.00000
      3.89385      6.63775      0.00000
      3.90385      6.55824      0.00000
      3.91385      7.08325      0.00000
      3.92385      6.35419      0.00000
      3.93385      5.67931      0.00000
      3.94385      6.44284      0.00000
      3.95385      7.07806      0.00000
      3.96385      7.17236      0.00000
      3.97385      6.71256      0.00000
      3.98385      5.86754      0.00000
      3.99385      6.11440      0.00000
      4.00385      7.23691      0.00000
      4.01385      8.47495      0.00000
      4.02385      9.10411      0.00000
      4.03385      7.98698      0.00000
      4.04385      6.73623      0.00000
      4.05385      6.95964      0.00000
      4.06385      6.68522      0.00000
      4.07385      5.82720      0.00000
      4.08385      6.05162      0.00000
      4.09385      5.84334      0.00000
      4.10385      4.64697      0.00000
      4.11385      4.23037      0.00000
      4.12385      4.65617      0.00000
      4.13385      5.17239      0.00000
      4.14385      4.94219      0.00000
      4.15385      4.03486      0.00000
      4.16385      3.78146      0.00000
      4.17385      4.09878      0.00000
      4.18385      3.69081      0.00000
      4.19385      3.61550      0.00000
      4.20385      4.88749      0.00000
      4.21385      6.70358      0.00000
      4.22385      7.12184      0.00000
      4.23385      6.44285      0.00000
      4.24385      5.53015      0.00000
      4.25385      4.62746      0.00000
      4.26385      4.20876      0.00000
      4.27385      5.02102      0.00000
      4.28385      5.83603      0.00000
      4.29385      6.08688      0.00000
      4.30385      6.24726      0.00000
      4.31385      5.61968      0.00000
      4.32385      4.62158      0.00000
      4.33385      4.02039      0.00000
      4.34385      4.61365      0.00000
      4.35385      5.88023      0.00000
      4.36385      5.66290      0.00000
      4.37385      4.55572      0.00000
      4.38385      4.87186      0.00000
      4.39385      5.92178      0.00000
      4.40385      5.49471      0.00000
      4.41385      4.19094      0.00000
      4.42385      3.79936      0.00000
      4.43385      4.83210      0.00000
      4.44385      6.46556      0.00000
      4.45385      6.84030      0.00000
      4.46385      5.94537      0.00000
      4.47385      5.14472      0.00000
      4.48385      4.56850      0.00000
      4.49385      4.43414      0.00000
      4.50385      5.31755      0.00000
      4.51385      5.37148      0.00000
      4.52385      3.83382      0.00000
      4.53385      3.08422      0.00000
      4.54385      3.49857      0.00000
      4.55385      3.88752      0.00000
      4.56385      4.16682      0.00000
      4.57385      4.93652      0.00000
      4.58385      5.88209      0.00000
      4.59385      5.90287      0.00000
      4.60385      5.94393      0.00000
      4.61385      6.12524      0.00000
      4.62385      6.60360      0.00000
      4.63385      6.71907      0.00000
      4.64385      7.14895      0.00000
      4.65385      8.00035      0.00000
      4.66385      7.41398      0.00000
      4.67385      6.33098      0.00000
      4.68385      6.00131      0.00000
      4.69385      5.92691      0.00000
      4.70385      6.15767      0.00000
      4.71385      6.89456      0.00000
      4.72385      8.38759      0.00000
      4.73385      9.36047      0.00000
      4.74385      8.27024      0.00000
      4.75385      8.55387      0.00000
      4.76385     10.02753      0.00000
      4.77385      9.58319      0.00000
      4.78385      8.24165      0.00000
      4.79385      7.78451      0.00000
      4.80385      8.87870      0.00000
      4.81385     10.71915      0.00000
      4.82385     11.29519      0.00000
      4.83385     10.83395      0.00000
      4.84385     10.75584      0.00000
      4.85385     10.79583      0.00000
      4.86385     10.25541      0.00000
      4.87385      9.98541      0.00000
      4.88385     10.30995      0.00000
      4.89385     11.28565      0.00000
      4.90385     13.08419      0.00000
