Energy-E_F (eV)    DOS (1/eV)    PDOS (1/eV)  of atom type W  
     -4.98819      3.31625      0.00000
     -4.97819      1.96426      0.00000
     -4.96819      2.05936      0.00000
     -4.95819      2.54871      0.00000
     -4.94819      1.96751      0.00000
     -4.93819      1.96002      0.00000
     -4.92819      2.39080      0.00000
     -4.91819      1.66878      0.00000
     -4.90819      1.00196      0.00000
     -4.89819      0.77013      0.00000
     -4.88819      0.68759      0.00000
     -4.87819      0.76682      0.00000
     -4.86819      0.43274      0.00000
     -4.85819      0.09275      0.00000
     -4.84819      0.00750      0.00000
     -4.83819      0.00676      0.00000
     -4.82819      0.09643      0.00000
     -4.81819      0.61127      0.00000
     -4.80819      1.92489      0.00000
     -4.79819      3.42010      0.00000
     -4.78819      3.71343      0.00000
     -4.77819      2.36808      0.00000
     -4.76819      0.72677      0.00000
     -4.75819      0.09088      0.00000
     -4.74819      0.00432      0.00000
     -4.73819      0.00008      0.00000
     -4.72819      0.00000      0.00000
     -4.71819      0.00000      0.00000
     -4.70819      0.00000      0.00000
     -4.69819      0.00000      0.00000
     -4.68819      0.00001      0.00000
     -4.67819      0.00093      0.00000
     -4.66819      0.03011      0.00000
     -4.65819      0.36431      0.00000
     -4.64819      1.65978      0.00000
     -4.63819      2.87899      0.00000
     -4.62819      1.97300      0.00000
     -4.61819      1.11626      0.00000
     -4.60819      2.77576      0.00000
     -4.59819      4.43433      0.00000
     -4.58819      2.65242      0.00000
     -4.57819      0.58392      0.00000
     -4.56819      0.04729      0.00000
     -4.55819      0.00141      0.00000
     -4.54819      0.00003      0.00000
     -4.53819      0.00324      0.00000
     -4.52819      0.10398      0.00000
     -4.51819      1.23391      0.00000
     -4.50819      5.42417      0.00000
     -4.49819      8.83368      0.00000
     -4.48819      5.33004      0.00000
     -4.47819      1.19145      0.00000
     -4.46819      0.09865      0.00000
     -4.45819      0.00303      0.00000
     -4.44819      0.00002      0.00000
     -4.43819      0.00008      0.00000
     -4.42819      0.00445      0.00000
     -4.41819      0.09201      0.00000
     -4.40819      0.70954      0.00000
     -4.39819      2.15744      0.00000
     -4.38819      3.16947      0.00000
     -4.37819      3.35426      0.00000
     -4.36819      3.72044      0.00000
     -4.35819      4.55071      0.00000
     -4.34819      3.38563      0.00000
     -4.33819      1.79184      0.00000
     -4.32819      3.45251      0.00000
     -4.31819      6.46588      0.00000
     -4.30819      6.72921      0.00000
     -4.29819      5.97245      0.00000
     -4.28819      6.08542      0.00000
     -4.27819      5.28836      0.00000
     -4.26819      4.53952      0.00000
     -4.25819      3.71136      0.00000
     -4.24819      3.18640      0.00000
     -4.23819      4.79277      0.00000
     -4.22819      5.28915      0.00000
     -4.21819      3.57210      0.00000
     -4.20819      2.61596      0.00000
     -4.19819      4.44693      0.00000
     -4.18819      6.30700      0.00000
     -4.17819      6.50130      0.00000
     -4.16819      7.19574      0.00000
     -4.15819     11.95433      0.00000
     -4.14819     14.71746      0.00000
     -4.13819      9.57034      0.00000
     -4.12819      4.43069      0.00000
     -4.11819      2.17365      0.00000
     -4.10819      3.13307      0.00000
     -4.09819      6.36130      0.00000
     -4.08819      6.61174      0.00000
     -4.07819      5.75830      0.00000
     -4.06819      6.43925      0.00000
     -4.05819      9.31759      0.00000
     -4.04819     13.93108      0.00000
     -4.03819     12.87165      0.00000
     -4.02819      9.28536      0.00000
     -4.01819      7.83700      0.00000
     -4.00819      6.48000      0.00000
     -3.99819      8.16025      0.00000
     -3.98819     11.58629      0.00000
     -3.97819     11.47228      0.00000
     -3.96819      7.90684      0.00000
     -3.95819      7.19638      0.00000
     -3.94819     11.11176      0.00000
     -3.93819     10.17890      0.00000
     -3.92819      6.17622      0.00000
     -3.91819      5.62514      0.00000
     -3.90819      5.31180      0.00000
     -3.89819      3.81265      0.00000
     -3.88819      2.70503      0.00000
     -3.87819      3.26862      0.00000
     -3.86819      8.27536      0.00000
     -3.85819     12.54314      0.00000
     -3.84819      9.70629      0.00000
     -3.83819      5.96344      0.00000
     -3.82819      2.93723      0.00000
     -3.81819      1.23335      0.00000
     -3.80819      0.69391      0.00000
     -3.79819      1.00519      0.00000
     -3.78819      3.72080      0.00000
     -3.77819      7.89419      0.00000
     -3.76819      8.51809      0.00000
     -3.75819      6.24045      0.00000
     -3.74819      6.53022      0.00000
     -3.73819      7.73754      0.00000
     -3.72819      6.23632      0.00000
     -3.71819      5.36500      0.00000
     -3.70819      4.47331      0.00000
     -3.69819      4.47544      0.00000
     -3.68819      4.31513      0.00000
     -3.67819      2.14824      0.00000
     -3.66819      1.77364      0.00000
     -3.65819      2.96194      0.00000
     -3.64819      3.27763      0.00000
     -3.63819      2.38087      0.00000
     -3.62819      1.96342      0.00000
     -3.61819      3.79801      0.00000
     -3.60819      4.13926      0.00000
     -3.59819      2.15101      0.00000
     -3.58819      2.70330      0.00000
     -3.57819      6.24027      0.00000
     -3.56819      8.89207      0.00000
     -3.55819      6.81309      0.00000
     -3.54819      2.48988      0.00000
     -3.53819      0.79405      0.00000
     -3.52819      2.27118      0.00000
     -3.51819      4.85412      0.00000
     -3.50819      6.18076      0.00000
     -3.49819      8.94850      0.00000
     -3.48819     10.33324      0.00000
     -3.47819      6.36682      0.00000
     -3.46819      3.08008      0.00000
     -3.45819      3.14021      0.00000
     -3.44819      2.73650      0.00000
     -3.43819      1.45019      0.00000
     -3.42819      1.18999      0.00000
     -3.41819      2.10460      0.00000
     -3.40819      1.82086      0.00000
     -3.39819      0.63148      0.00000
     -3.38819      0.50935      0.00000
     -3.37819      1.61394      0.00000
     -3.36819      2.17318      0.00000
     -3.35819      1.12012      0.00000
     -3.34819      0.77054      0.00000
     -3.33819      2.84568      0.00000
     -3.32819      5.14697      0.00000
     -3.31819      3.49123      0.00000
     -3.30819      1.63179      0.00000
     -3.29819      4.92564      0.00000
     -3.28819     12.51545      0.00000
     -3.27819     14.72273      0.00000
     -3.26819      9.98007      0.00000
     -3.25819      5.19941      0.00000
     -3.24819      1.65940      0.00000
     -3.23819      0.23681      0.00000
     -3.22819      0.18130      0.00000
     -3.21819      1.32241      0.00000
     -3.20819      4.10270      0.00000
     -3.19819      5.37732      0.00000
     -3.18819      4.77932      0.00000
     -3.17819      5.15956      0.00000
     -3.16819      4.98640      0.00000
     -3.15819      5.85089      0.00000
     -3.14819      5.80114      0.00000
     -3.13819      4.11720      0.00000
     -3.12819      2.88755      0.00000
     -3.11819      1.42770      0.00000
     -3.10819      0.55028      0.00000
     -3.09819      1.34283      0.00000
     -3.08819      2.77487      0.00000
     -3.07819      2.49887      0.00000
     -3.06819      2.05697      0.00000
     -3.05819      2.91364      0.00000
     -3.04819      2.23915      0.00000
     -3.03819      0.66707      0.00000
     -3.02819      0.11679      0.00000
     -3.01819      0.64026      0.00000
     -3.00819      3.68918      0.00000
     -2.99819      8.45210      0.00000
     -2.98819      9.41404      0.00000
     -2.97819      9.18670      0.00000
     -2.96819      9.24408      0.00000
     -2.95819      9.21847      0.00000
     -2.94819      8.10115      0.00000
     -2.93819      4.00049      0.00000
     -2.92819      1.36503      0.00000
     -2.91819      1.71142      0.00000
     -2.90819      2.20051      0.00000
     -2.89819      1.56925      0.00000
     -2.88819      3.79898      0.00000
     -2.87819     10.34956      0.00000
     -2.86819     13.36282      0.00000
     -2.85819     10.44402      0.00000
     -2.84819      6.15820      0.00000
     -2.83819      4.84731      0.00000
     -2.82819      9.17059      0.00000
     -2.81819     11.01186      0.00000
     -2.80819      8.94510      0.00000
     -2.79819     10.96722      0.00000
     -2.78819     11.55685      0.00000
     -2.77819      9.18306      0.00000
     -2.76819      8.44988      0.00000
     -2.75819      8.28768      0.00000
     -2.74819      6.35923      0.00000
     -2.73819      4.94366      0.00000
     -2.72819      5.97050      0.00000
     -2.71819     10.67142      0.00000
     -2.70819     12.15124      0.00000
     -2.69819      5.92159      0.00000
     -2.68819      1.13789      0.00000
     -2.67819      0.35220      0.00000
     -2.66819      2.36146      0.00000
     -2.65819      8.05152      0.00000
     -2.64819     12.64331      0.00000
     -2.63819     13.41226      0.00000
     -2.62819     13.27844      0.00000
     -2.61819     12.26940      0.00000
     -2.60819     10.37640      0.00000
     -2.59819      7.14898      0.00000
     -2.58819      3.02594      0.00000
     -2.57819      1.31659      0.00000
     -2.56819      2.78170      0.00000
     -2.55819      5.11158      0.00000
     -2.54819      5.43326      0.00000
     -2.53819      3.77946      0.00000
     -2.52819      4.08019      0.00000
     -2.51819      4.67672      0.00000
     -2.50819      2.47236      0.00000
     -2.49819      1.05569      0.00000
     -2.48819      3.03327      0.00000
     -2.47819      8.13529      0.00000
     -2.46819     12.15809      0.00000
     -2.45819      9.83861      0.00000
     -2.44819      6.95737      0.00000
     -2.43819      8.40627      0.00000
     -2.42819      8.89176      0.00000
     -2.41819      6.64628      0.00000
     -2.40819      3.40466      0.00000
     -2.39819      1.96230      0.00000
     -2.38819      2.27729      0.00000
     -2.37819      1.52113      0.00000
     -2.36819      1.22938      0.00000
     -2.35819      3.51713      0.00000
     -2.34819      7.21002      0.00000
     -2.33819      8.27506      0.00000
     -2.32819      6.68622      0.00000
     -2.31819      4.97521      0.00000
     -2.30819      4.34959      0.00000
     -2.29819      7.71259      0.00000
     -2.28819      8.05421      0.00000
     -2.27819      3.26873      0.00000
     -2.26819      0.58800      0.00000
     -2.25819      1.02848      0.00000
     -2.24819      4.59227      0.00000
     -2.23819      9.69527      0.00000
     -2.22819     11.68313      0.00000
     -2.21819      9.08162      0.00000
     -2.20819      5.99934      0.00000
     -2.19819      5.71675      0.00000
     -2.18819      5.21042      0.00000
     -2.17819      4.59957      0.00000
     -2.16819      3.50991      0.00000
     -2.15819      1.49253      0.00000
     -2.14819      0.27826      0.00000
     -2.13819      0.13467      0.00000
     -2.12819      0.79920      0.00000
     -2.11819      2.07371      0.00000
     -2.10819      2.28078      0.00000
     -2.09819      2.11860      0.00000
     -2.08819      3.57919      0.00000
     -2.07819      5.37677      0.00000
     -2.06819      6.07067      0.00000
     -2.05819      8.27908      0.00000
     -2.04819     11.13423      0.00000
     -2.03819      7.85889      0.00000
     -2.02819      3.23025      0.00000
     -2.01819      2.40541      0.00000
     -2.00819      1.60482      0.00000
     -1.99819      0.43039      0.00000
     -1.98819      0.04268      0.00000
     -1.97819      0.00181      0.00000
     -1.96819      0.01293      0.00000
     -1.95819      0.23870      0.00000
     -1.94819      1.62370      0.00000
     -1.93819      4.06314      0.00000
     -1.92819      3.74046      0.00000
     -1.91819      1.26676      0.00000
     -1.90819      0.15782      0.00000
     -1.89819      0.00723      0.00000
     -1.88819      0.00012      0.00000
     -1.87819      0.00000      0.00000
     -1.86819      0.00000      0.00000
     -1.85819      0.00007      0.00000
     -1.84819      0.00397      0.00000
     -1.83819      0.08444      0.00000
     -1.82819      0.66044      0.00000
     -1.81819      1.91131      0.00000
     -1.80819      2.20112      0.00000
     -1.79819      1.84673      0.00000
     -1.78819      2.27961      0.00000
     -1.77819      1.62911      0.00000
     -1.76819      0.44728      0.00000
     -1.75819      0.04532      0.00000
     -1.74819      0.00169      0.00000
     -1.73819      0.00002      0.00000
     -1.72819      0.00000      0.00000
     -1.71819      0.00000      0.00000
     -1.70819      0.00000      0.00000
     -1.69819      0.00006      0.00000
     -1.68819      0.00411      0.00000
     -1.67819      0.10475      0.00000
     -1.66819      0.98343      0.00000
     -1.65819      3.44674      0.00000
     -1.64819      4.89787      0.00000
     -1.63819      4.10624      0.00000
     -1.62819      3.14169      0.00000
     -1.61819      1.49322      0.00000
     -1.60819      0.31265      0.00000
     -1.59819      0.02714      0.00000
     -1.58819      0.01822      0.00000
     -1.57819      0.33842      0.00000
     -1.56819      2.60820      0.00000
     -1.55819      8.10688      0.00000
     -1.54819     10.27703      0.00000
     -1.53819      5.27211      0.00000
     -1.52819      1.07090      0.00000
     -1.51819      0.08407      0.00000
     -1.50819      0.00253      0.00000
     -1.49819      0.00215      0.00000
     -1.48819      0.05659      0.00000
     -1.47819      0.57972      0.00000
     -1.46819      2.37477      0.00000
     -1.45819      4.06633      0.00000
     -1.44819      2.98677      0.00000
     -1.43819      0.98610      0.00000
     -1.42819      0.80842      0.00000
     -1.41819      2.90200      0.00000
     -1.40819      4.60911      0.00000
     -1.39819      3.54459      0.00000
     -1.38819      2.68000      0.00000
     -1.37819      1.67607      0.00000
     -1.36819      0.45670      0.00000
     -1.35819      0.04666      0.00000
     -1.34819      0.00176      0.00000
     -1.33819      0.00002      0.00000
     -1.32819      0.00000      0.00000
     -1.31819      0.00000      0.00000
     -1.30819      0.00005      0.00000
     -1.29819      0.00346      0.00000
     -1.28819      0.09216      0.00000
     -1.27819      0.90396      0.00000
     -1.26819      3.26178      0.00000
     -1.25819      4.32977      0.00000
     -1.24819      2.11437      0.00000
     -1.23819      0.37984      0.00000
     -1.22819      0.02510      0.00000
     -1.21819      0.00061      0.00000
     -1.20819      0.00000      0.00000
     -1.19819      0.00000      0.00000
     -1.18819      0.00000      0.00000
     -1.17819      0.00000      0.00000
     -1.16819      0.00054      0.00000
     -1.15819      0.01935      0.00000
     -1.14819      0.25520      0.00000
     -1.13819      1.23800      0.00000
     -1.12819      2.20940      0.00000
     -1.11819      1.45063      0.00000
     -1.10819      0.35586      0.00000
     -1.09819      0.18694      0.00000
     -1.08819      1.62272      0.00000
     -1.07819      6.21168      0.00000
     -1.06819      8.75590      0.00000
     -1.05819      4.54203      0.00000
     -1.04819      0.86867      0.00000
     -1.03819      0.10457      0.00000
     -1.02819      0.44009      0.00000
     -1.01819      1.65930      0.00000
     -1.00819      2.67090      0.00000
     -0.99819      2.78173      0.00000
     -0.98819      2.33468      0.00000
     -0.97819      1.00146      0.00000
     -0.96819      0.16845      0.00000
     -0.95819      0.01052      0.00000
     -0.94819      0.00024      0.00000
     -0.93819      0.00000      0.00000
     -0.92819      0.00000      0.00000
     -0.91819      0.00000      0.00000
     -0.90819      0.00026      0.00000
     -0.89819      0.01113      0.00000
     -0.88819      0.17474      0.00000
     -0.87819      1.00963      0.00000
     -0.86819      2.14598      0.00000
     -0.85819      1.67802      0.00000
     -0.84819      0.48271      0.00000
     -0.83819      0.05257      0.00000
     -0.82819      0.04337      0.00000
     -0.81819      0.42181      0.00000
     -0.80819      1.58378      0.00000
     -0.79819      2.25115      0.00000
     -0.78819      1.86197      0.00000
     -0.77819      3.21231      0.00000
     -0.76819      4.41710      0.00000
     -0.75819      2.40778      0.00000
     -0.74819      0.85557      0.00000
     -0.73819      1.55199      0.00000
     -0.72819      2.19888      0.00000
     -0.71819      1.18010      0.00000
     -0.70819      0.39193      0.00000
     -0.69819      1.12088      0.00000
     -0.68819      3.11037      0.00000
     -0.67819      3.89683      0.00000
     -0.66819      2.22291      0.00000
     -0.65819      0.54850      0.00000
     -0.64819      0.05449      0.00000
     -0.63819      0.00297      0.00000
     -0.62819      0.02127      0.00000
     -0.61819      0.18495      0.00000
     -0.60819      0.59251      0.00000
     -0.59819      0.69830      0.00000
     -0.58819      0.30350      0.00000
     -0.57819      0.07742      0.00000
     -0.56819      0.42358      0.00000
     -0.55819      2.23546      0.00000
     -0.54819      4.37219      0.00000
     -0.53819      3.22832      0.00000
     -0.52819      1.70156      0.00000
     -0.51819      3.29090      0.00000
     -0.50819      4.40479      0.00000
     -0.49819      2.66478      0.00000
     -0.48819      2.09561      0.00000
     -0.47819      2.16393      0.00000
     -0.46819      0.99028      0.00000
     -0.45819      0.16858      0.00000
     -0.44819      0.01067      0.00000
     -0.43819      0.00651      0.00000
     -0.42819      0.14235      0.00000
     -0.41819      1.18876      0.00000
     -0.40819      3.65214      0.00000
     -0.39819      4.12769      0.00000
     -0.38819      1.71622      0.00000
     -0.37819      0.26251      0.00000
     -0.36819      0.01521      0.00000
     -0.35819      0.01982      0.00000
     -0.34819      0.31907      0.00000
     -0.33819      1.91884      0.00000
     -0.32819      4.24513      0.00000
     -0.31819      3.45502      0.00000
     -0.30819      1.03475      0.00000
     -0.29819      0.12587      0.00000
     -0.28819      0.18802      0.00000
     -0.27819      1.04194      0.00000
     -0.26819      2.27617      0.00000
     -0.25819      2.69697      0.00000
     -0.24819      3.89941      0.00000
     -0.23819      4.26493      0.00000
     -0.22819      1.93769      0.00000
     -0.21819      0.33220      0.00000
     -0.20819      0.02129      0.00000
     -0.19819      0.00051      0.00000
     -0.18819      0.00000      0.00000
     -0.17819      0.00028      0.00000
     -0.16819      0.01182      0.00000
     -0.15819      0.18245      0.00000
     -0.14819      1.04470      0.00000
     -0.13819      2.37291      0.00000
     -0.12819      3.18978      0.00000
     -0.11819      4.46169      0.00000
     -0.10819      3.87198      0.00000
     -0.09819      1.34825      0.00000
     -0.08819      0.17913      0.00000
     -0.07819      0.10402      0.00000
     -0.06819      0.72759      0.00000
     -0.05819      2.24765      0.00000
     -0.04819      3.98645      0.00000
     -0.03819      6.07376      0.00000
     -0.02819      5.91814      0.00000
     -0.01819      3.17120      0.00000
     -0.00819      3.03882      0.00000
      0.00181      5.84562      0.00000
      0.01181      7.39372      0.00000
      0.02181      6.50266      0.00000
      0.03181      3.80076      0.00000
      0.04181      1.26576      0.00000
      0.05181      1.94847      0.00000
      0.06181      6.47462      0.00000
      0.07181      8.59282      0.00000
      0.08181      4.29665      0.00000
      0.09181      1.10065      0.00000
      0.10181      1.91684      0.00000
      0.11181      4.21992      0.00000
      0.12181      3.56930      0.00000
      0.13181      1.41088      0.00000
      0.14181      0.83987      0.00000
      0.15181      0.66928      0.00000
      0.16181      1.12353      0.00000
      0.17181      3.35933      0.00000
      0.18181      4.49990      0.00000
      0.19181      3.57442      0.00000
      0.20181      4.35276      0.00000
      0.21181      3.85146      0.00000
      0.22181      1.36837      0.00000
      0.23181      0.49171      0.00000
      0.24181      2.23417      0.00000
      0.25181      6.42897      0.00000
      0.26181      8.21817      0.00000
      0.27181      5.59952      0.00000
      0.28181      3.18493      0.00000
      0.29181      1.44903      0.00000
      0.30181      0.31067      0.00000
      0.31181      0.02561      0.00000
      0.32181      0.00080      0.00000
      0.33181      0.00122      0.00000
      0.34181      0.03784      0.00000
      0.35181      0.47598      0.00000
      0.36181      2.68236      0.00000
      0.37181      7.45814      0.00000
      0.38181     10.11978      0.00000
      0.39181      7.22767      0.00000
      0.40181      6.31108      0.00000
      0.41181      6.45990      0.00000
      0.42181      3.06647      0.00000
      0.43181      0.56340      0.00000
      0.44181      0.03950      0.00000
      0.45181      0.00105      0.00000
      0.46181      0.00001      0.00000
      0.47181      0.00094      0.00000
      0.48181      0.03486      0.00000
      0.49181      0.47619      0.00000
      0.50181      2.43516      0.00000
      0.51181      5.13536      0.00000
      0.52181      6.88319      0.00000
      0.53181      9.00398      0.00000
      0.54181      8.24232      0.00000
      0.55181      7.91113      0.00000
      0.56181      9.06601      0.00000
      0.57181      5.14658      0.00000
      0.58181      1.18859      0.00000
      0.59181      0.63721      0.00000
      0.60181      1.76694      0.00000
      0.61181      2.10278      0.00000
      0.62181      0.92207      0.00000
      0.63181      0.14887      0.00000
      0.64181      0.01636      0.00000
      0.65181      0.16263      0.00000
      0.66181      1.28930      0.00000
      0.67181      3.76468      0.00000
      0.68181      4.04398      0.00000
      0.69181      1.59851      0.00000
      0.70181      0.24904      0.00000
      0.71181      0.24383      0.00000
      0.72181      1.18741      0.00000
      0.73181      2.41621      0.00000
      0.74181      3.19673      0.00000
      0.75181      6.17105      0.00000
      0.76181      9.69071      0.00000
      0.77181     10.36946      0.00000
      0.78181     10.55851      0.00000
      0.79181      9.83914      0.00000
      0.80181      8.10086      0.00000
      0.81181      6.17189      0.00000
      0.82181      3.90252      0.00000
      0.83181      3.62011      0.00000
      0.84181      4.92720      0.00000
      0.85181      4.83574      0.00000
      0.86181      4.93992      0.00000
      0.87181      3.28589      0.00000
      0.88181      0.88964      0.00000
      0.89181      0.08968      0.00000
      0.90181      0.00340      0.00000
      0.91181      0.00503      0.00000
      0.92181      0.13344      0.00000
      0.93181      1.34975      0.00000
      0.94181      5.46094      0.00000
      0.95181     10.42670      0.00000
      0.96181     11.75356      0.00000
      0.97181      7.43216      0.00000
      0.98181      2.08924      0.00000
      0.99181      0.27920      0.00000
      1.00181      0.61037      0.00000
      1.01181      2.69297      0.00000
      1.02181      4.50395      0.00000
      1.03181      3.55724      0.00000
      1.04181      4.78972      0.00000
      1.05181      8.29794      0.00000
      1.06181      7.56401      0.00000
      1.07181      6.41510      0.00000
      1.08181      7.92508      0.00000
      1.09181      6.35525      0.00000
      1.10181      2.39712      0.00000
      1.11181      0.39251      0.00000
      1.12181      0.27216      0.00000
      1.13181      2.16002      0.00000
      1.14181      7.49847      0.00000
      1.15181     10.51090      0.00000
      1.16181      6.00152      0.00000
      1.17181      2.52682      0.00000
      1.18181      6.62162      0.00000
      1.19181     13.22706      0.00000
      1.20181     11.34707      0.00000
      1.21181      6.79427      0.00000
      1.22181      3.92727      0.00000
      1.23181      1.20012      0.00000
      1.24181      0.17877      0.00000
      1.25181      0.55385      0.00000
      1.26181      3.08977      0.00000
      1.27181      6.67435      0.00000
      1.28181      6.37495      0.00000
      1.29181      4.81509      0.00000
      1.30181      4.99262      0.00000
      1.31181      4.76422      0.00000
      1.32181      2.90491      0.00000
      1.33181      1.28038      0.00000
      1.34181      1.10114      0.00000
      1.35181      2.34590      0.00000
      1.36181      5.50769      0.00000
      1.37181      6.89701      0.00000
      1.38181      6.58373      0.00000
      1.39181      7.22454      0.00000
      1.40181      5.22699      0.00000
      1.41181      5.11270      0.00000
      1.42181      8.12505      0.00000
      1.43181      8.59676      0.00000
      1.44181      6.89911      0.00000
      1.45181      5.98328      0.00000
      1.46181      5.17693      0.00000
      1.47181      5.74621      0.00000
      1.48181      7.01214      0.00000
      1.49181      4.79450      0.00000
      1.50181      3.35338      0.00000
      1.51181      2.77955      0.00000
      1.52181      1.22964      0.00000
      1.53181      1.31566      0.00000
      1.54181      3.53461      0.00000
      1.55181      4.51652      0.00000
      1.56181      3.18181      0.00000
      1.57181      3.67438      0.00000
      1.58181      6.15258      0.00000
      1.59181      5.71829      0.00000
      1.60181      2.74598      0.00000
      1.61181      1.26602      0.00000
      1.62181      3.91204      0.00000
      1.63181      9.60390      0.00000
      1.64181     11.18387      0.00000
      1.65181      7.53323      0.00000
      1.66181      5.43013      0.00000
      1.67181      5.58902      0.00000
      1.68181      5.40737      0.00000
      1.69181      5.20705      0.00000
      1.70181      4.66361      0.00000
      1.71181      2.84004      0.00000
      1.72181      0.87658      0.00000
      1.73181      0.36496      0.00000
      1.74181      1.64851      0.00000
      1.75181      4.19830      0.00000
      1.76181      5.03673      0.00000
      1.77181      4.61653      0.00000
      1.78181      4.18027      0.00000
      1.79181      3.43799      0.00000
      1.80181      4.28828      0.00000
      1.81181      7.32746      0.00000
      1.82181      9.59255      0.00000
      1.83181      8.51020      0.00000
      1.84181      7.64462      0.00000
      1.85181      7.21814      0.00000
      1.86181      4.87096      0.00000
      1.87181      2.63602      0.00000
      1.88181      2.44553      0.00000
      1.89181      2.17981      0.00000
      1.90181      4.00591      0.00000
      1.91181      9.57835      0.00000
      1.92181     12.42010      0.00000
      1.93181      7.00252      0.00000
      1.94181      1.57293      0.00000
      1.95181      0.18648      0.00000
      1.96181      0.51157      0.00000
      1.97181      2.03568      0.00000
      1.98181      3.98210      0.00000
      1.99181      4.85843      0.00000
      2.00181      3.65839      0.00000
      2.01181      1.51795      0.00000
      2.02181      1.21554      0.00000
      2.03181      2.54870      0.00000
      2.04181      2.81960      0.00000
      2.05181      2.50861      0.00000
      2.06181      3.49622      0.00000
      2.07181      3.78280      0.00000
      2.08181      2.74691      0.00000
      2.09181      1.12057      0.00000
      2.10181      0.39752      0.00000
      2.11181      1.43060      0.00000
      2.12181      5.08786      0.00000
      2.13181      9.38362      0.00000
      2.14181      8.72018      0.00000
      2.15181      4.00904      0.00000
      2.16181      1.37719      0.00000
      2.17181      1.88011      0.00000
      2.18181      2.08024      0.00000
      2.19181      1.04823      0.00000
      2.20181      1.87925      0.00000
      2.21181      7.14081      0.00000
      2.22181     14.08358      0.00000
      2.23181     15.97303      0.00000
      2.24181     11.82396      0.00000
      2.25181      7.90250      0.00000
      2.26181      9.23708      0.00000
      2.27181     11.63360      0.00000
      2.28181     11.03507      0.00000
      2.29181     11.54937      0.00000
      2.30181     11.75879      0.00000
      2.31181      7.27294      0.00000
      2.32181      3.63258      0.00000
      2.33181      2.06768      0.00000
      2.34181      0.75234      0.00000
      2.35181      0.79731      0.00000
      2.36181      2.28843      0.00000
      2.37181      4.01800      0.00000
      2.38181      5.06752      0.00000
      2.39181      3.85150      0.00000
      2.40181      4.21576      0.00000
      2.41181     10.80221      0.00000
      2.42181     16.63045      0.00000
      2.43181     15.65072      0.00000
      2.44181     12.06443      0.00000
      2.45181     11.10582      0.00000
      2.46181     10.90380      0.00000
      2.47181     10.20777      0.00000
      2.48181     11.39055      0.00000
      2.49181     10.32419      0.00000
      2.50181      8.29165      0.00000
      2.51181      6.50501      0.00000
      2.52181      5.93431      0.00000
      2.53181      9.82229      0.00000
      2.54181     14.98248      0.00000
      2.55181     16.45951      0.00000
      2.56181     14.65694      0.00000
      2.57181     13.87343      0.00000
      2.58181     13.97577      0.00000
      2.59181     14.97643      0.00000
      2.60181     13.20354      0.00000
      2.61181      7.90915      0.00000
      2.62181      7.14995      0.00000
      2.63181      9.90123      0.00000
      2.64181      9.03592      0.00000
      2.65181      6.98391      0.00000
      2.66181      6.62569      0.00000
      2.67181      4.29488      0.00000
      2.68181      2.64330      0.00000
      2.69181      3.96497      0.00000
      2.70181      3.74046      0.00000
      2.71181      1.43855      0.00000
      2.72181      0.25496      0.00000
      2.73181      0.41081      0.00000
      2.74181      1.54455      0.00000
      2.75181      2.27732      0.00000
      2.76181      1.81034      0.00000
      2.77181      2.14436      0.00000
      2.78181      2.38193      0.00000
      2.79181      2.82987      0.00000
      2.80181      4.42076      0.00000
      2.81181      3.45770      0.00000
      2.82181      2.20162      0.00000
      2.83181      4.78101      0.00000
      2.84181      6.51494      0.00000
      2.85181      3.39416      0.00000
      2.86181      0.87883      0.00000
      2.87181      1.68715      0.00000
      2.88181      5.31483      0.00000
      2.89181      8.56755      0.00000
      2.90181      8.45004      0.00000
      2.91181      6.81795      0.00000
      2.92181      5.82327      0.00000
      2.93181      4.96186      0.00000
      2.94181      4.89450      0.00000
      2.95181      3.69351      0.00000
      2.96181      1.29596      0.00000
      2.97181      0.58799      0.00000
      2.98181      2.81351      0.00000
      2.99181      7.79610      0.00000
      3.00181     10.34096      0.00000
      3.01181      9.17126      0.00000
      3.02181      6.59348      0.00000
      3.03181      4.92694      0.00000
      3.04181      4.76082      0.00000
      3.05181      2.58061      0.00000
      3.06181      0.56100      0.00000
      3.07181      0.33157      0.00000
      3.08181      1.91651      0.00000
      3.09181      5.01383      0.00000
      3.10181      5.63417      0.00000
      3.11181      2.97451      0.00000
      3.12181      0.76027      0.00000
      3.13181      0.43406      0.00000
      3.14181      2.36521      0.00000
      3.15181      5.93448      0.00000
      3.16181      5.65068      0.00000
      3.17181      2.04705      0.00000
      3.18181      0.28271      0.00000
      3.19181      0.01488      0.00000
      3.20181      0.00048      0.00000
      3.21181      0.00854      0.00000
      3.22181      0.14534      0.00000
      3.23181      0.90996      0.00000
      3.24181      2.09588      0.00000
      3.25181      1.77589      0.00000
      3.26181      0.55357      0.00000
      3.27181      0.06348      0.00000
      3.28181      0.00268      0.00000
      3.29181      0.00004      0.00000
      3.30181      0.00000      0.00000
      3.31181      0.00000      0.00000
      3.32181      0.00000      0.00000
      3.33181      0.00000      0.00000
      3.34181      0.00000      0.00000
      3.35181      0.00000      0.00000
      3.36181      0.00013      0.00000
      3.37181      0.00768      0.00000
      3.38181      0.16480      0.00000
      3.39181      1.30070      0.00000
      3.40181      3.77672      0.00000
      3.41181      4.03420      0.00000
      3.42181      1.58528      0.00000
      3.43181      0.22917      0.00000
      3.44181      0.01219      0.00000
      3.45181      0.00056      0.00000
      3.46181      0.01527      0.00000
      3.47181      0.26874      0.00000
      3.48181      1.74214      0.00000
      3.49181      4.20538      0.00000
      3.50181      4.17820      0.00000
      3.51181      2.94045      0.00000
      3.52181      2.28499      0.00000
      3.53181      1.61704      0.00000
      3.54181      4.27206      0.00000
      3.55181     10.28385      0.00000
      3.56181     11.49292      0.00000
      3.57181      6.26302      0.00000
      3.58181      1.89036      0.00000
      3.59181      0.35944      0.00000
      3.60181      0.07329      0.00000
      3.61181      0.26179      0.00000
      3.62181      0.80102      0.00000
      3.63181      1.63852      0.00000
      3.64181      3.20618      0.00000
      3.65181      3.96689      0.00000
      3.66181      2.41168      0.00000
      3.67181      1.05314      0.00000
      3.68181      1.66907      0.00000
      3.69181      2.20109      0.00000
      3.70181      1.46371      0.00000
      3.71181      2.48097      0.00000
      3.72181      5.46700      0.00000
      3.73181      5.55943      0.00000
      3.74181      3.20919      0.00000
      3.75181      4.31654      0.00000
      3.76181      8.18429      0.00000
      3.77181      7.25799      0.00000
      3.78181      3.37170      0.00000
      3.79181      2.26432      0.00000
      3.80181      2.62818      0.00000
      3.81181      2.52281      0.00000
      3.82181      2.48953      0.00000
      3.83181      1.58480      0.00000
      3.84181      1.17014      0.00000
      3.85181      3.12568      0.00000
      3.86181      4.46760      0.00000
      3.87181      3.13588      0.00000
      3.88181      3.60970      0.00000
      3.89181      4.39186      0.00000
      3.90181      2.22399      0.00000
      3.91181      0.69941      0.00000
