Energy-E_F (eV)    DOS (1/eV)    PDOS (1/eV)  of atom type Hg 
     -4.99000      0.91723      0.91723
     -4.98000      0.36253      0.36253
     -4.97000      0.05625      0.05625
     -4.96000      0.00740      0.00740
     -4.95000      0.07385      0.07385
     -4.94000      0.55347      0.55347
     -4.93000      1.82933      1.82933
     -4.92000      2.71101      2.71101
     -4.91000      1.73464      1.73464
     -4.90000      0.45589      0.45589
     -4.89000      0.09620      0.09620
     -4.88000      0.31944      0.31944
     -4.87000      0.81695      0.81695
     -4.86000      1.06999      1.06999
     -4.85000      0.91814      0.91814
     -4.84000      0.43482      0.43482
     -4.83000      0.08675      0.08675
     -4.82000      0.01364      0.01364
     -4.81000      0.09100      0.09100
     -4.80000      0.42682      0.42682
     -4.79000      0.73800      0.73800
     -4.78000      0.47196      0.47196
     -4.77000      0.15521      0.15521
     -4.76000      0.30161      0.30161
     -4.75000      0.69238      0.69238
     -4.74000      0.60952      0.60952
     -4.73000      0.28066      0.28066
     -4.72000      0.44162      0.44162
     -4.71000      0.74678      0.74678
     -4.70000      0.61702      0.61702
     -4.69000      0.97883      0.97883
     -4.68000      2.12956      2.12956
     -4.67000      2.15772      2.15772
     -4.66000      0.97102      0.97102
     -4.65000      0.20078      0.20078
     -4.64000      0.01865      0.01865
     -4.63000      0.00090      0.00090
     -4.62000      0.00612      0.00612
     -4.61000      0.08198      0.08198
     -4.60000      0.40488      0.40488
     -4.59000      0.73894      0.73894
     -4.58000      0.54896      0.54896
     -4.57000      0.46345      0.46345
     -4.56000      0.83296      0.83296
     -4.55000      1.02987      1.02987
     -4.54000      0.93118      0.93118
     -4.53000      0.67677      0.67677
     -4.52000      0.74145      0.74145
     -4.51000      0.74036      0.74036
     -4.50000      0.51638      0.51638
     -4.49000      0.39834      0.39834
     -4.48000      0.18600      0.18600
     -4.47000      0.05779      0.05779
     -4.46000      0.24217      0.24217
     -4.45000      0.93773      0.93773
     -4.44000      1.43663      1.43663
     -4.43000      0.92252      0.92252
     -4.42000      0.45943      0.45943
     -4.41000      0.39129      0.39129
     -4.40000      0.30748      0.30748
     -4.39000      0.67188      0.67188
     -4.38000      1.45840      1.45840
     -4.37000      1.66604      1.66604
     -4.36000      1.14331      1.14331
     -4.35000      0.45341      0.45341
     -4.34000      0.19282      0.19282
     -4.33000      0.48570      0.48570
     -4.32000      0.73741      0.73741
     -4.31000      0.42762      0.42762
     -4.30000      0.21316      0.21316
     -4.29000      0.50936      0.50936
     -4.28000      0.73343      0.73343
     -4.27000      0.39340      0.39340
     -4.26000      0.07774      0.07774
     -4.25000      0.00960      0.00960
     -4.24000      0.06228      0.06228
     -4.23000      0.37344      0.37344
     -4.22000      0.94647      0.94647
     -4.21000      1.24342      1.24342
     -4.20000      1.06068      1.06068
     -4.19000      0.66175      0.66175
     -4.18000      0.45374      0.45374
     -4.17000      0.88597      0.88597
     -4.16000      1.48175      1.48175
     -4.15000      1.51661      1.51661
     -4.14000      1.28844      1.28844
     -4.13000      0.82294      0.82294
     -4.12000      0.27223      0.27223
     -4.11000      0.06181      0.06181
     -4.10000      0.20705      0.20705
     -4.09000      0.61699      0.61699
     -4.08000      0.68833      0.68833
     -4.07000      0.37728      0.37728
     -4.06000      0.69438      0.69438
     -4.05000      1.76794      1.76794
     -4.04000      1.97333      1.97333
     -4.03000      0.90313      0.90313
     -4.02000      0.31607      0.31607
     -4.01000      0.80984      0.80984
     -4.00000      1.82787      1.82787
     -3.99000      2.18523      2.18523
     -3.98000      1.58151      1.58151
     -3.97000      0.71081      0.71081
     -3.96000      0.36018      0.36018
     -3.95000      0.63995      0.63995
     -3.94000      0.67475      0.67475
     -3.93000      0.26727      0.26727
     -3.92000      0.05228      0.05228
     -3.91000      0.14290      0.14290
     -3.90000      0.62461      0.62461
     -3.89000      1.28357      1.28357
     -3.88000      1.47991      1.47991
     -3.87000      1.21455      1.21455
     -3.86000      0.63544      0.63544
     -3.85000      0.21800      0.21800
     -3.84000      0.37458      0.37458
     -3.83000      0.72483      0.72483
     -3.82000      0.53687      0.53687
     -3.81000      0.16591      0.16591
     -3.80000      0.19258      0.19258
     -3.79000      0.58475      0.58475
     -3.78000      0.72880      0.72880
     -3.77000      0.59195      0.59195
     -3.76000      1.22778      1.22778
     -3.75000      2.01145      2.01145
     -3.74000      1.94734      1.94734
     -3.73000      1.85608      1.85608
     -3.72000      1.53071      1.53071
     -3.71000      1.15089      1.15089
     -3.70000      0.98472      0.98472
     -3.69000      0.75184      0.75184
     -3.68000      0.35216      0.35216
     -3.67000      0.40819      0.40819
     -3.66000      0.72865      0.72865
     -3.65000      0.53552      0.53552
     -3.64000      0.22158      0.22158
     -3.63000      0.50113      0.50113
     -3.62000      1.38956      1.38956
     -3.61000      2.11029      2.11029
     -3.60000      1.68618      1.68618
     -3.59000      0.62243      0.62243
     -3.58000      0.09597      0.09597
     -3.57000      0.00588      0.00588
     -3.56000      0.00094      0.00094
     -3.55000      0.01734      0.01734
     -3.54000      0.14630      0.14630
     -3.53000      0.50004      0.50004
     -3.52000      0.77747      0.77747
     -3.51000      0.83029      0.83029
     -3.50000      0.91143      0.91143
     -3.49000      0.87724      0.87724
     -3.48000      0.87642      0.87642
     -3.47000      0.68800      0.68800
     -3.46000      0.48827      0.48827
     -3.45000      0.29939      0.29939
     -3.44000      0.22654      0.22654
     -3.43000      0.57537      0.57537
     -3.42000      0.93628      0.93628
     -3.41000      1.02832      1.02832
     -3.40000      1.15918      1.15918
     -3.39000      1.73680      1.73680
     -3.38000      2.30775      2.30775
     -3.37000      1.66164      1.66164
     -3.36000      0.75979      0.75979
     -3.35000      0.89941      0.89941
     -3.34000      1.49332      1.49332
     -3.33000      1.83871      1.83871
     -3.32000      1.70068      1.70068
     -3.31000      0.94824      0.94824
     -3.30000      0.32351      0.32351
     -3.29000      0.06045      0.06045
     -3.28000      0.00491      0.00491
     -3.27000      0.00032      0.00032
     -3.26000      0.00641      0.00641
     -3.25000      0.09057      0.09057
     -3.24000      0.50603      0.50603
     -3.23000      1.21313      1.21313
     -3.22000      1.54154      1.54154
     -3.21000      1.74284      1.74284
     -3.20000      2.12072      2.12072
     -3.19000      2.25938      2.25938
     -3.18000      1.86505      1.86505
     -3.17000      1.17047      1.17047
     -3.16000      0.98446      0.98446
     -3.15000      0.97682      0.97682
     -3.14000      1.03764      1.03764
     -3.13000      1.01735      1.01735
     -3.12000      0.75359      0.75359
     -3.11000      0.37409      0.37409
     -3.10000      0.72471      0.72471
     -3.09000      1.79933      1.79933
     -3.08000      1.95727      1.95727
     -3.07000      1.18961      1.18961
     -3.06000      1.22476      1.22476
     -3.05000      1.56978      1.56978
     -3.04000      1.36477      1.36477
     -3.03000      1.08846      1.08846
     -3.02000      0.85814      0.85814
     -3.01000      0.82923      0.82923
     -3.00000      1.20170      1.20170
     -2.99000      1.27260      1.27260
     -2.98000      1.32224      1.32224
     -2.97000      1.17364      1.17364
     -2.96000      0.64677      0.64677
     -2.95000      0.23207      0.23207
     -2.94000      0.29455      0.29455
     -2.93000      0.87714      0.87714
     -2.92000      1.29488      1.29488
     -2.91000      0.90783      0.90783
     -2.90000      0.30190      0.30190
     -2.89000      0.17001      0.17001
     -2.88000      0.54807      0.54807
     -2.87000      1.28329      1.28329
     -2.86000      1.61220      1.61220
     -2.85000      1.00460      1.00460
     -2.84000      0.77745      0.77745
     -2.83000      1.19108      1.19108
     -2.82000      1.41411      1.41411
     -2.81000      0.96318      0.96318
     -2.80000      0.32184      0.32184
     -2.79000      0.38098      0.38098
     -2.78000      1.28857      1.28857
     -2.77000      1.87645      1.87645
     -2.76000      1.30548      1.30548
     -2.75000      0.99226      0.99226
     -2.74000      1.22154      1.22154
     -2.73000      1.04065      1.04065
     -2.72000      0.83891      0.83891
     -2.71000      1.25612      1.25612
     -2.70000      1.48449      1.48449
     -2.69000      1.04940      1.04940
     -2.68000      0.60091      0.60091
     -2.67000      0.57780      0.57780
     -2.66000      0.75818      0.75818
     -2.65000      0.71984      0.71984
     -2.64000      0.30564      0.30564
     -2.63000      0.18518      0.18518
     -2.62000      0.92112      0.92112
     -2.61000      2.56689      2.56689
     -2.60000      3.00247      3.00247
     -2.59000      1.50396      1.50396
     -2.58000      0.82474      0.82474
     -2.57000      1.38601      1.38601
     -2.56000      1.22952      1.22952
     -2.55000      0.42990      0.42990
     -2.54000      0.26096      0.26096
     -2.53000      0.82366      0.82366
     -2.52000      1.74910      1.74910
     -2.51000      2.32955      2.32955
     -2.50000      1.65640      1.65640
     -2.49000      0.53960      0.53960
     -2.48000      0.12763      0.12763
     -2.47000      0.41848      0.41848
     -2.46000      1.22075      1.22075
     -2.45000      1.43545      1.43545
     -2.44000      0.90546      0.90546
     -2.43000      0.76505      0.76505
     -2.42000      0.96626      0.96626
     -2.41000      1.09958      1.09958
     -2.40000      1.20272      1.20272
     -2.39000      1.02606      1.02606
     -2.38000      0.74900      0.74900
     -2.37000      0.89812      0.89812
     -2.36000      1.45822      1.45822
     -2.35000      1.79576      1.79576
     -2.34000      2.08059      2.08059
     -2.33000      1.85758      1.85758
     -2.32000      1.36407      1.36407
     -2.31000      1.68747      1.68747
     -2.30000      1.69732      1.69732
     -2.29000      1.27588      1.27588
     -2.28000      0.93098      0.93098
     -2.27000      0.64958      0.64958
     -2.26000      0.67663      0.67663
     -2.25000      1.28167      1.28167
     -2.24000      1.66561      1.66561
     -2.23000      1.34801      1.34801
     -2.22000      1.09312      1.09312
     -2.21000      0.62773      0.62773
     -2.20000      0.16127      0.16127
     -2.19000      0.01614      0.01614
     -2.18000      0.00061      0.00061
     -2.17000      0.00001      0.00001
     -2.16000      0.00000      0.00000
     -2.15000      0.00000      0.00000
     -2.14000      0.00000      0.00000
     -2.13000      0.00007      0.00007
     -2.12000      0.00368      0.00368
     -2.11000      0.07176      0.07176
     -2.10000      0.52072      0.52072
     -2.09000      1.43842      1.43842
     -2.08000      1.59725      1.59725
     -2.07000      0.78745      0.78745
     -2.06000      0.18809      0.18809
     -2.05000      0.02115      0.02115
     -2.04000      0.00101      0.00101
     -2.03000      0.00002      0.00002
     -2.02000      0.00000      0.00000
     -2.01000      0.00000      0.00000
     -2.00000      0.00001      0.00001
     -1.99000      0.00042      0.00042
     -1.98000      0.01054      0.01054
     -1.97000      0.10081      0.10081
     -1.96000      0.38939      0.38939
     -1.95000      0.65378      0.65378
     -1.94000      0.50103      0.50103
     -1.93000      0.17055      0.17055
     -1.92000      0.02426      0.02426
     -1.91000      0.01043      0.01043
     -1.90000      0.10724      0.10724
     -1.89000      0.46438      0.46438
     -1.88000      0.75500      0.75500
     -1.87000      0.64326      0.64326
     -1.86000      1.14531      1.14531
     -1.85000      2.13768      2.13768
     -1.84000      1.88484      1.88484
     -1.83000      0.88078      0.88078
     -1.82000      0.26159      0.26159
     -1.81000      0.06549      0.06549
     -1.80000      0.20032      0.20032
     -1.79000      0.61523      0.61523
     -1.78000      0.76366      0.76366
     -1.77000      0.55841      0.55841
     -1.76000      0.40511      0.40511
     -1.75000      0.17933      0.17933
     -1.74000      0.03192      0.03192
     -1.73000      0.00211      0.00211
     -1.72000      0.00005      0.00005
     -1.71000      0.00000      0.00000
     -1.70000      0.00000      0.00000
     -1.69000      0.00000      0.00000
     -1.68000      0.00010      0.00010
     -1.67000      0.00348      0.00348
     -1.66000      0.04481      0.04481
     -1.65000      0.21196      0.21196
     -1.64000      0.36885      0.36885
     -1.63000      0.23613      0.23613
     -1.62000      0.05561      0.05561
     -1.61000      0.00490      0.00490
     -1.60000      0.00312      0.00312
     -1.59000      0.04017      0.04017
     -1.58000      0.20028      0.20028
     -1.57000      0.36764      0.36764
     -1.56000      0.25652      0.25652
     -1.55000      0.14310      0.14310
     -1.54000      0.28697      0.28697
     -1.53000      0.35711      0.35711
     -1.52000      0.16657      0.16657
     -1.51000      0.02862      0.02862
     -1.50000      0.00282      0.00282
     -1.49000      0.01921      0.01921
     -1.48000      0.13629      0.13629
     -1.47000      0.40104      0.40104
     -1.46000      0.67236      0.67236
     -1.45000      0.83197      0.83197
     -1.44000      0.55235      0.55235
     -1.43000      0.14859      0.14859
     -1.42000      0.02543      0.02543
     -1.41000      0.09279      0.09279
     -1.40000      0.30020      0.30020
     -1.39000      0.40462      0.40462
     -1.38000      0.43494      0.43494
     -1.37000      0.71993      0.71993
     -1.36000      0.93226      0.93226
     -1.35000      0.61773      0.61773
     -1.34000      0.17174      0.17174
     -1.33000      0.01832      0.01832
     -1.32000      0.00074      0.00074
     -1.31000      0.00064      0.00064
     -1.30000      0.01577      0.01577
     -1.29000      0.14865      0.14865
     -1.28000      0.52966      0.52966
     -1.27000      0.71502      0.71502
     -1.26000      0.36600      0.36600
     -1.25000      0.07545      0.07545
     -1.24000      0.07241      0.07241
     -1.23000      0.36431      0.36431
     -1.22000      0.72644      0.72644
     -1.21000      0.55148      0.55148
     -1.20000      0.31933      0.31933
     -1.19000      0.60459      0.60459
     -1.18000      0.82155      0.82155
     -1.17000      0.79690      0.79690
     -1.16000      0.78863      0.78863
     -1.15000      0.41793      0.41793
     -1.14000      0.08900      0.08900
     -1.13000      0.06478      0.06478
     -1.12000      0.42633      0.42633
     -1.11000      1.20721      1.20721
     -1.10000      1.33298      1.33298
     -1.09000      0.57748      0.57748
     -1.08000      0.14090      0.14090
     -1.07000      0.21868      0.21868
     -1.06000      0.36905      0.36905
     -1.05000      0.23556      0.23556
     -1.04000      0.05533      0.05533
     -1.03000      0.00478      0.00478
     -1.02000      0.00015      0.00015
     -1.01000      0.00000      0.00000
     -1.00000      0.00024      0.00024
     -0.99000      0.00790      0.00790
     -0.98000      0.09747      0.09747
     -0.97000      0.44242      0.44242
     -0.96000      0.73873      0.73873
     -0.95000      0.45412      0.45412
     -0.94000      0.11136      0.11136
     -0.93000      0.09080      0.09080
     -0.92000      0.28319      0.28319
     -0.91000      0.36960      0.36960
     -0.90000      0.27306      0.27306
     -0.89000      0.38457      0.38457
     -0.88000      0.68374      0.68374
     -0.87000      1.19614      1.19614
     -0.86000      1.45442      1.45442
     -0.85000      1.13740      1.13740
     -0.84000      0.89798      0.89798
     -0.83000      0.50481      0.50481
     -0.82000      0.13415      0.13415
     -0.81000      0.16346      0.16346
     -0.80000      0.69408      0.69408
     -0.79000      1.39620      1.39620
     -0.78000      1.39805      1.39805
     -0.77000      0.74569      0.74569
     -0.76000      0.20287      0.20287
     -0.75000      0.02551      0.02551
     -0.74000      0.01176      0.01176
     -0.73000      0.11749      0.11749
     -0.72000      0.53849      0.53849
     -0.71000      1.02544      1.02544
     -0.70000      0.80275      0.80275
     -0.69000      0.25097      0.25097
     -0.68000      0.03040      0.03040
     -0.67000      0.00188      0.00188
     -0.66000      0.01356      0.01356
     -0.65000      0.13946      0.13946
     -0.64000      0.54344      0.54344
     -0.63000      0.95780      0.95780
     -0.62000      1.43609      1.43609
     -0.61000      2.12651      2.12651
     -0.60000      1.91126      1.91126
     -0.59000      0.94552      0.94552
     -0.58000      0.23346      0.23346
     -0.57000      0.02484      0.02484
     -0.56000      0.00540      0.00540
     -0.55000      0.06534      0.06534
     -0.54000      0.35850      0.35850
     -0.53000      0.72378      0.72378
     -0.52000      0.53756      0.53756
     -0.51000      0.14690      0.14690
     -0.50000      0.01631      0.01631
     -0.49000      0.03372      0.03372
     -0.48000      0.26946      0.26946
     -0.47000      0.84089      0.84089
     -0.46000      1.02757      1.02757
     -0.45000      0.49987      0.49987
     -0.44000      0.09746      0.09746
     -0.43000      0.00821      0.00821
     -0.42000      0.01880      0.01880
     -0.41000      0.20379      0.20379
     -0.40000      0.86433      0.86433
     -0.39000      1.43368      1.43368
     -0.38000      0.99348      0.99348
     -0.37000      0.71802      0.71802
     -0.36000      1.34930      1.34930
     -0.35000      1.45689      1.45689
     -0.34000      0.83274      0.83274
     -0.33000      0.35842      0.35842
     -0.32000      0.09422      0.09422
     -0.31000      0.03839      0.03839
     -0.30000      0.22504      0.22504
     -0.29000      0.68871      0.68871
     -0.28000      0.90715      0.90715
     -0.27000      0.63007      0.63007
     -0.26000      0.25929      0.25929
     -0.25000      0.16845      0.16845
     -0.24000      0.49837      0.49837
     -0.23000      0.75696      0.75696
     -0.22000      0.59129      0.59129
     -0.21000      0.68477      0.68477
     -0.20000      0.78490      0.78490
     -0.19000      0.70685      0.70685
     -0.18000      0.78329      0.78329
     -0.17000      0.50273      0.50273
     -0.16000      0.25320      0.25320
     -0.15000      0.52768      0.52768
     -0.14000      0.74171      0.74171
     -0.13000      0.50322      0.50322
     -0.12000      0.57250      0.57250
     -0.11000      0.79139      0.79139
     -0.10000      0.73769      0.73769
     -0.09000      0.99682      0.99682
     -0.08000      1.21422      1.21422
     -0.07000      0.86748      0.86748
     -0.06000      0.43933      0.43933
     -0.05000      0.59921      0.59921
     -0.04000      0.90748      0.90748
     -0.03000      1.06703      1.06703
     -0.02000      1.20291      1.20291
     -0.01000      1.02229      1.02229
      0.00000      0.88303      0.88303
      0.01000      0.53027      0.53027
      0.02000      0.13615      0.13615
      0.03000      0.04037      0.04037
      0.04000      0.18399      0.18399
      0.05000      0.64803      0.64803
      0.06000      1.75013      1.75013
      0.07000      3.00572      3.00572
      0.08000      2.66092      2.66092
      0.09000      1.38686      1.38686
      0.10000      0.48468      0.48468
      0.11000      0.39263      0.39263
      0.12000      1.08343      1.08343
      0.13000      1.53953      1.53953
      0.14000      1.25929      1.25929
      0.15000      0.88433      0.88433
      0.16000      0.49830      0.49830
      0.17000      0.56638      0.56638
      0.18000      0.73832      0.73832
      0.19000      0.39658      0.39658
      0.20000      0.08025      0.08025
      0.21000      0.03055      0.03055
      0.22000      0.15741      0.15741
      0.23000      0.41794      0.41794
      0.24000      0.73051      0.73051
      0.25000      1.13230      1.13230
      0.26000      1.00229      1.00229
      0.27000      0.78598      0.78598
      0.28000      1.15191      1.15191
      0.29000      1.25373      1.25373
      0.30000      1.30888      1.30888
      0.31000      1.31141      1.31141
      0.32000      0.87508      0.87508
      0.33000      0.74240      0.74240
      0.34000      0.89889      0.89889
      0.35000      1.00882      1.00882
      0.36000      1.34065      1.34065
      0.37000      1.40650      1.40650
      0.38000      1.12059      1.12059
      0.39000      0.94037      0.94037
      0.40000      0.66188      0.66188
      0.41000      0.21867      0.21867
      0.42000      0.06736      0.06736
      0.43000      0.28797      0.28797
      0.44000      0.87303      0.87303
      0.45000      1.61310      1.61310
      0.46000      2.51046      2.51046
      0.47000      2.95860      2.95860
      0.48000      2.61420      2.61420
      0.49000      1.54945      1.54945
      0.50000      0.48490      0.48490
      0.51000      0.28091      0.28091
      0.52000      0.75850      0.75850
      0.53000      1.62680      1.62680
      0.54000      3.14998      3.14998
      0.55000      3.72441      3.72441
      0.56000      2.62746      2.62746
      0.57000      1.88035      1.88035
      0.58000      1.22506      1.22506
      0.59000      0.49679      0.49679
      0.60000      0.42573      0.42573
      0.61000      0.73314      0.73314
      0.62000      0.60929      0.60929
      0.63000      0.52777      0.52777
      0.64000      0.78664      0.78664
      0.65000      0.77163      0.77163
      0.66000      0.77254      0.77254
      0.67000      0.81093      0.81093
      0.68000      0.90387      0.90387
      0.69000      1.55702      1.55702
      0.70000      2.18118      2.18118
      0.71000      1.79430      1.79430
      0.72000      1.39207      1.39207
      0.73000      1.14845      1.14845
      0.74000      0.81126      0.81126
      0.75000      1.04246      1.04246
      0.76000      1.48333      1.48333
      0.77000      1.71467      1.71467
      0.78000      1.48997      1.48997
      0.79000      0.91971      0.91971
      0.80000      0.30267      0.30267
      0.81000      0.04183      0.04183
      0.82000      0.00222      0.00222
      0.83000      0.00005      0.00005
      0.84000      0.00070      0.00070
      0.85000      0.01684      0.01684
      0.86000      0.15878      0.15878
      0.87000      0.61154      0.61154
      0.88000      1.09935      1.09935
      0.89000      1.38889      1.38889
      0.90000      1.66910      1.66910
      0.91000      1.16651      1.16651
      0.92000      0.33271      0.33271
      0.93000      0.03564      0.03564
      0.94000      0.00204      0.00204
      0.95000      0.01714      0.01714
      0.96000      0.17994      0.17994
      0.97000      0.78224      0.78224
      0.98000      1.61666      1.61666
      0.99000      1.91906      1.91906
      1.00000      1.48756      1.48756
      1.01000      0.85431      0.85431
      1.02000      0.41349      0.41349
      1.03000      0.14345      0.14345
      1.04000      0.18148      0.18148
      1.05000      0.51224      0.51224
      1.06000      0.68503      0.68503
      1.07000      0.53030      0.53030
      1.08000      0.68582      0.68582
      1.09000      1.09939      1.09939
      1.10000      1.38383      1.38383
      1.11000      1.84600      1.84600
      1.12000      1.99098      1.99098
      1.13000      1.11947      1.11947
      1.14000      0.71797      0.71797
      1.15000      1.25011      1.25011
      1.16000      1.62763      1.62763
      1.17000      1.66971      1.66971
      1.18000      1.24805      1.24805
      1.19000      1.20686      1.20686
      1.20000      1.62879      1.62879
      1.21000      1.47972      1.47972
      1.22000      1.72609      1.72609
      1.23000      2.85661      2.85661
      1.24000      3.77454      3.77454
      1.25000      3.36306      3.36306
      1.26000      2.11862      2.11862
      1.27000      1.23589      1.23589
      1.28000      0.77029      0.77029
      1.29000      0.27952      0.27952
      1.30000      0.06468      0.06468
      1.31000      0.20163      0.20163
      1.32000      0.61305      0.61305
      1.33000      0.72671      0.72671
      1.34000      0.48370      0.48370
      1.35000      0.41046      0.41046
      1.36000      0.25140      0.25140
      1.37000      0.06220      0.06220
      1.38000      0.00746      0.00746
      1.39000      0.03471      0.03471
      1.40000      0.24885      0.24885
      1.41000      0.65997      0.65997
      1.42000      0.64730      0.64730
      1.43000      0.28772      0.28772
      1.44000      0.37107      0.37107
      1.45000      0.83578      0.83578
      1.46000      1.15396      1.15396
      1.47000      1.47734      1.47734
      1.48000      1.65857      1.65857
      1.49000      1.41851      1.41851
      1.50000      0.95410      0.95410
      1.51000      0.45573      0.45573
      1.52000      0.56771      0.56771
      1.53000      1.33633      1.33633
      1.54000      1.63583      1.63583
      1.55000      1.20588      1.20588
      1.56000      1.13592      1.13592
      1.57000      1.02121      1.02121
      1.58000      0.41580      0.41580
      1.59000      0.08099      0.08099
      1.60000      0.21418      0.21418
      1.61000      1.07869      1.07869
      1.62000      2.14739      2.14739
      1.63000      1.79804      1.79804
      1.64000      1.06758      1.06758
      1.65000      0.83274      0.83274
      1.66000      0.91686      0.91686
      1.67000      1.80611      1.80611
      1.68000      2.01013      2.01013
      1.69000      0.90770      0.90770
      1.70000      0.16014      0.16014
      1.71000      0.01285      0.01285
      1.72000      0.03808      0.03808
      1.73000      0.26370      0.26370
      1.74000      0.69767      0.69767
      1.75000      0.85705      0.85705
      1.76000      0.99143      0.99143
      1.77000      1.28730      1.28730
      1.78000      1.27337      1.27337
      1.79000      0.81454      0.81454
      1.80000      0.36768      0.36768
      1.81000      0.49812      0.49812
      1.82000      0.88012      0.88012
      1.83000      0.85275      0.85275
      1.84000      0.40991      0.40991
      1.85000      0.33616      0.33616
      1.86000      0.68334      0.68334
      1.87000      0.63930      0.63930
      1.88000      0.36541      0.36541
      1.89000      0.69308      0.69308
      1.90000      1.49931      1.49931
      1.91000      1.84888      1.84888
      1.92000      2.08083      2.08083
      1.93000      2.66567      2.66567
      1.94000      2.18370      2.18370
      1.95000      1.38449      1.38449
      1.96000      0.92290      0.92290
      1.97000      0.45341      0.45341
      1.98000      0.41961      0.41961
      1.99000      0.74826      0.74826
      2.00000      0.78041      0.78041
      2.01000      1.05238      1.05238
      2.02000      1.44818      1.44818
      2.03000      1.20909      1.20909
      2.04000      1.22312      1.22312
      2.05000      1.39738      1.39738
      2.06000      1.15237      1.15237
      2.07000      1.20105      1.20105
      2.08000      1.55654      1.55654
      2.09000      1.21522      1.21522
      2.10000      0.43187      0.43187
      2.11000      0.10264      0.10264
      2.12000      0.20330      0.20330
      2.13000      0.36728      0.36728
      2.14000      0.24858      0.24858
      2.15000      0.06651      0.06651
      2.16000      0.06019      0.06019
      2.17000      0.23408      0.23408
      2.18000      0.36905      0.36905
      2.19000      0.21516      0.21516
      2.20000      0.07112      0.07112
      2.21000      0.26345      0.26345
      2.22000      1.07736      1.07736
      2.23000      2.02871      2.02871
      2.24000      2.12792      2.12792
      2.25000      1.40183      1.40183
      2.26000      0.72347      0.72347
      2.27000      0.74140      0.74140
      2.28000      0.63032      0.63032
      2.29000      0.21483      0.21483
      2.30000      0.04738      0.04738
      2.31000      0.19869      0.19869
      2.32000      0.77491      0.77491
      2.33000      1.50369      1.50369
      2.34000      1.97513      1.97513
      2.35000      2.02246      2.02246
      2.36000      2.02006      2.02006
      2.37000      1.73703      1.73703
      2.38000      0.89518      0.89518
      2.39000      1.02016      1.02016
      2.40000      2.17563      2.17563
      2.41000      2.73192      2.73192
      2.42000      2.62973      2.62973
      2.43000      2.17600      2.17600
      2.44000      1.05500      1.05500
      2.45000      0.41750      0.41750
      2.46000      0.62918      0.62918
      2.47000      0.68941      0.68941
      2.48000      0.33021      0.33021
      2.49000      0.45987      0.45987
      2.50000      1.47248      1.47248
      2.51000      2.08095      2.08095
      2.52000      1.25026      1.25026
      2.53000      0.48471      0.48471
      2.54000      0.39498      0.39498
      2.55000      0.27858      0.27858
      2.56000      0.25010      0.25010
      2.57000      0.78319      0.78319
      2.58000      1.43721      1.43721
      2.59000      1.53540      1.53540
      2.60000      1.65961      1.65961
      2.61000      1.49063      1.49063
      2.62000      1.05486      1.05486
      2.63000      0.75829      0.75829
      2.64000      0.33163      0.33163
      2.65000      0.28539      0.28539
      2.66000      0.69463      0.69463
      2.67000      0.98719      0.98719
      2.68000      1.19325      1.19325
      2.69000      1.03585      1.03585
      2.70000      0.41056      0.41056
      2.71000      0.25294      0.25294
      2.72000      0.81499      0.81499
      2.73000      1.48993      1.48993
      2.74000      1.49916      1.49916
      2.75000      1.03385      1.03385
      2.76000      0.42224      0.42224
      2.77000      0.08567      0.08567
      2.78000      0.10831      0.10831
      2.79000      0.50478      0.50478
      2.80000      1.30621      1.30621
      2.81000      2.01998      2.01998
      2.82000      1.99326      1.99326
      2.83000      1.13805      1.13805
      2.84000      0.37099      0.37099
      2.85000      0.44163      0.44163
      2.86000      1.03541      1.03541
      2.87000      1.27741      1.27741
      2.88000      1.16023      1.16023
      2.89000      1.08217      1.08217
      2.90000      1.02681      1.02681
      2.91000      1.28317      1.28317
      2.92000      1.21839      1.21839
      2.93000      0.59664      0.59664
      2.94000      0.27122      0.27122
      2.95000      0.39212      0.39212
      2.96000      0.54194      0.54194
      2.97000      0.83794      0.83794
      2.98000      0.99769      0.99769
      2.99000      0.90831      0.90831
      3.00000      1.66374      1.66374
      3.01000      3.15552      3.15552
      3.02000      2.94100      2.94100
      3.03000      1.15934      1.15934
      3.04000      0.18174      0.18174
