Energy-E_F (eV)    DOS (1/eV)    PDOS (1/eV)  of atom type Bi 
     -4.72757      0.00000      0.00000
     -4.71757      0.00000      0.00000
     -4.70757      0.00000      0.00000
     -4.69757      0.00000      0.00000
     -4.68757      0.00000      0.00000
     -4.67757      0.00000      0.00000
     -4.66757      0.00000      0.00000
     -4.65757      0.00000      0.00000
     -4.64757      0.00000      0.00000
     -4.63757      0.00000      0.00000
     -4.62757      0.00000      0.00000
     -4.61757      0.00000      0.00000
     -4.60757      0.00000      0.00000
     -4.59757      0.00000      0.00000
     -4.58757      0.00000      0.00000
     -4.57757      0.00000      0.00000
     -4.56757      0.00000      0.00000
     -4.55757      0.00000      0.00000
     -4.54757      0.00000      0.00000
     -4.53757      0.00000      0.00000
     -4.52757      0.00000      0.00000
     -4.51757      0.00000      0.00000
     -4.50757      0.00005      0.00000
     -4.49757      0.00280      0.00000
     -4.48757      0.05576      0.00000
     -4.47757      0.40909      0.00000
     -4.46757      1.10421      0.00000
     -4.45757      1.10012      0.00000
     -4.44757      0.45723      0.00000
     -4.43757      0.36131      0.00000
     -4.42757      0.61500      0.00000
     -4.41757      0.44862      0.00000
     -4.40757      0.12089      0.00000
     -4.39757      0.01199      0.00000
     -4.38757      0.00044      0.00000
     -4.37757      0.00006      0.00000
     -4.36757      0.00292      0.00000
     -4.35757      0.05763      0.00000
     -4.34757      0.42200      0.00000
     -4.33757      1.20461      0.00000
     -4.32757      1.74480      0.00000
     -4.31757      2.23293      0.00000
     -4.30757      2.24994      0.00000
     -4.29757      1.41344      0.00000
     -4.28757      1.54039      0.00000
     -4.27757      2.53969      0.00000
     -4.26757      2.25294      0.00000
     -4.25757      1.35867      0.00000
     -4.24757      1.25605      0.00000
     -4.23757      1.43714      0.00000
     -4.22757      1.45830      0.00000
     -4.21757      2.24733      0.00000
     -4.20757      3.40451      0.00000
     -4.19757      4.15530      0.00000
     -4.18757      3.73797      0.00000
     -4.17757      3.22690      0.00000
     -4.16757      2.85567      0.00000
     -4.15757      2.58842      0.00000
     -4.14757      2.23838      0.00000
     -4.13757      1.51062      0.00000
     -4.12757      1.72164      0.00000
     -4.11757      2.44613      0.00000
     -4.10757      2.74416      0.00000
     -4.09757      2.37668      0.00000
     -4.08757      1.17558      0.00000
     -4.07757      0.70400      0.00000
     -4.06757      1.99420      0.00000
     -4.05757      3.92195      0.00000
     -4.04757      4.95113      0.00000
     -4.03757      4.98675      0.00000
     -4.02757      5.30108      0.00000
     -4.01757      6.71592      0.00000
     -4.00757      8.04251      0.00000
     -3.99757      8.64646      0.00000
     -3.98757      8.20411      0.00000
     -3.97757      6.88652      0.00000
     -3.96757      5.96996      0.00000
     -3.95757      5.45765      0.00000
     -3.94757      4.55285      0.00000
     -3.93757      3.35360      0.00000
     -3.92757      3.29626      0.00000
     -3.91757      4.64158      0.00000
     -3.90757      6.45657      0.00000
     -3.89757      7.48423      0.00000
     -3.88757      5.90444      0.00000
     -3.87757      4.80054      0.00000
     -3.86757      4.85412      0.00000
     -3.85757      4.45485      0.00000
     -3.84757      5.00181      0.00000
     -3.83757      4.64018      0.00000
     -3.82757      3.32722      0.00000
     -3.81757      4.01618      0.00000
     -3.80757      6.35154      0.00000
     -3.79757      7.50605      0.00000
     -3.78757      6.77407      0.00000
     -3.77757      6.01376      0.00000
     -3.76757      6.74757      0.00000
     -3.75757      6.98930      0.00000
     -3.74757      5.97993      0.00000
     -3.73757      5.98146      0.00000
     -3.72757      5.10959      0.00000
     -3.71757      3.79784      0.00000
     -3.70757      4.65991      0.00000
     -3.69757      6.89949      0.00000
     -3.68757      6.26328      0.00000
     -3.67757      5.18115      0.00000
     -3.66757      6.71715      0.00000
     -3.65757      6.39556      0.00000
     -3.64757      3.64066      0.00000
     -3.63757      1.36797      0.00000
     -3.62757      1.61383      0.00000
     -3.61757      4.17868      0.00000
     -3.60757      7.86262      0.00000
     -3.59757     11.24158      0.00000
     -3.58757     12.28262      0.00000
     -3.57757     10.16159      0.00000
     -3.56757      5.62243      0.00000
     -3.55757      2.20947      0.00000
     -3.54757      0.89561      0.00000
     -3.53757      0.91754      0.00000
     -3.52757      2.15754      0.00000
     -3.51757      4.49262      0.00000
     -3.50757      6.38982      0.00000
     -3.49757      6.16715      0.00000
     -3.48757      6.03481      0.00000
     -3.47757      5.19814      0.00000
     -3.46757      5.14045      0.00000
     -3.45757      6.45448      0.00000
     -3.44757      4.78826      0.00000
     -3.43757      3.48910      0.00000
     -3.42757      5.29684      0.00000
     -3.41757      6.12243      0.00000
     -3.40757      5.05496      0.00000
     -3.39757      4.76428      0.00000
     -3.38757      4.14352      0.00000
     -3.37757      2.45585      0.00000
     -3.36757      1.76134      0.00000
     -3.35757      2.99776      0.00000
     -3.34757      5.30638      0.00000
     -3.33757      8.08058      0.00000
     -3.32757     10.05660      0.00000
     -3.31757     10.74444      0.00000
     -3.30757      9.81109      0.00000
     -3.29757      7.96703      0.00000
     -3.28757      7.74751      0.00000
     -3.27757      7.36221      0.00000
     -3.26757      5.92539      0.00000
     -3.25757      6.02711      0.00000
     -3.24757      7.48407      0.00000
     -3.23757      7.17680      0.00000
     -3.22757      5.87936      0.00000
     -3.21757      6.88817      0.00000
     -3.20757      8.29604      0.00000
     -3.19757      7.19827      0.00000
     -3.18757      6.00555      0.00000
     -3.17757      7.20093      0.00000
     -3.16757      7.62866      0.00000
     -3.15757      5.75379      0.00000
     -3.14757      5.36119      0.00000
     -3.13757      7.52843      0.00000
     -3.12757      8.94283      0.00000
     -3.11757      8.35779      0.00000
     -3.10757      7.64290      0.00000
     -3.09757      6.88081      0.00000
     -3.08757      3.98023      0.00000
     -3.07757      2.36413      0.00000
     -3.06757      3.65171      0.00000
     -3.05757      6.12876      0.00000
     -3.04757      7.97771      0.00000
     -3.03757      8.30388      0.00000
     -3.02757      8.39843      0.00000
     -3.01757      8.44703      0.00000
     -3.00757      8.48845      0.00000
     -2.99757      8.30763      0.00000
     -2.98757      7.72321      0.00000
     -2.97757      6.99162      0.00000
     -2.96757      7.53003      0.00000
     -2.95757      7.61151      0.00000
     -2.94757      7.78985      0.00000
     -2.93757      8.55060      0.00000
     -2.92757      7.07512      0.00000
     -2.91757      4.91333      0.00000
     -2.90757      5.33293      0.00000
     -2.89757      7.63621      0.00000
     -2.88757     10.64578      0.00000
     -2.87757     12.94540      0.00000
     -2.86757     12.05709      0.00000
     -2.85757     10.05280      0.00000
     -2.84757      7.74386      0.00000
     -2.83757      6.17232      0.00000
     -2.82757      8.35103      0.00000
     -2.81757     10.53180      0.00000
     -2.80757      9.76877      0.00000
     -2.79757     10.72464      0.00000
     -2.78757     12.13319      0.00000
     -2.77757     10.75594      0.00000
     -2.76757      8.92082      0.00000
     -2.75757      9.38193      0.00000
     -2.74757     10.26821      0.00000
     -2.73757     11.51285      0.00000
     -2.72757     13.23530      0.00000
     -2.71757     14.27172      0.00000
     -2.70757     14.18816      0.00000
     -2.69757     13.04341      0.00000
     -2.68757     14.66176      0.00000
     -2.67757     16.66252      0.00000
     -2.66757     13.87221      0.00000
     -2.65757     11.71898      0.00000
     -2.64757     15.45768      0.00000
     -2.63757     16.65689      0.00000
     -2.62757     12.46910      0.00000
     -2.61757     10.42334      0.00000
     -2.60757     10.63112      0.00000
     -2.59757     11.61224      0.00000
     -2.58757     11.75337      0.00000
     -2.57757     10.56980      0.00000
     -2.56757     12.77466      0.00000
     -2.55757     16.61079      0.00000
     -2.54757     17.03636      0.00000
     -2.53757     15.74049      0.00000
     -2.52757     13.85581      0.00000
     -2.51757      9.24104      0.00000
     -2.50757      6.32297      0.00000
     -2.49757      7.73270      0.00000
     -2.48757      8.77749      0.00000
     -2.47757      7.36615      0.00000
     -2.46757      8.20789      0.00000
     -2.45757     10.39343      0.00000
     -2.44757     11.16843      0.00000
     -2.43757     12.00193      0.00000
     -2.42757     13.07757      0.00000
     -2.41757     13.05083      0.00000
     -2.40757     10.51841      0.00000
     -2.39757      5.96436      0.00000
     -2.38757      4.96797      0.00000
     -2.37757      8.36206      0.00000
     -2.36757     11.55748      0.00000
     -2.35757     12.11936      0.00000
     -2.34757      9.49320      0.00000
     -2.33757      6.69415      0.00000
     -2.32757      5.66653      0.00000
     -2.31757      5.24558      0.00000
     -2.30757      7.37543      0.00000
     -2.29757     11.77102      0.00000
     -2.28757     13.25196      0.00000
     -2.27757     10.78653      0.00000
     -2.26757      7.72979      0.00000
     -2.25757      6.31634      0.00000
     -2.24757      5.24243      0.00000
     -2.23757      5.71150      0.00000
     -2.22757      7.74864      0.00000
     -2.21757      7.77174      0.00000
     -2.20757      6.30095      0.00000
     -2.19757      6.55713      0.00000
     -2.18757      8.63874      0.00000
     -2.17757     11.28996      0.00000
     -2.16757     13.22806      0.00000
     -2.15757     13.52920      0.00000
     -2.14757     12.91428      0.00000
     -2.13757     11.91393      0.00000
     -2.12757     10.20631      0.00000
     -2.11757      9.00174      0.00000
     -2.10757      8.33223      0.00000
     -2.09757      9.43397      0.00000
     -2.08757     12.82234      0.00000
     -2.07757     13.34311      0.00000
     -2.06757     10.35901      0.00000
     -2.05757      8.24021      0.00000
     -2.04757      9.17069      0.00000
     -2.03757      9.68006      0.00000
     -2.02757      7.97087      0.00000
     -2.01757     10.69058      0.00000
     -2.00757     16.89583      0.00000
     -1.99757     18.13595      0.00000
     -1.98757     14.57748      0.00000
     -1.97757     11.19322      0.00000
     -1.96757     10.07384      0.00000
     -1.95757      9.75352      0.00000
     -1.94757     11.37852      0.00000
     -1.93757     14.27574      0.00000
     -1.92757     15.58158      0.00000
     -1.91757     15.22573      0.00000
     -1.90757     12.79584      0.00000
     -1.89757     10.67496      0.00000
     -1.88757      8.64820      0.00000
     -1.87757      6.89633      0.00000
     -1.86757      6.09218      0.00000
     -1.85757      6.03978      0.00000
     -1.84757      6.54135      0.00000
     -1.83757      7.23646      0.00000
     -1.82757      8.78647      0.00000
     -1.81757      9.71502      0.00000
     -1.80757     10.41899      0.00000
     -1.79757     10.78699      0.00000
     -1.78757     12.20565      0.00000
     -1.77757     13.03969      0.00000
     -1.76757     12.41017      0.00000
     -1.75757     12.37144      0.00000
     -1.74757     14.19240      0.00000
     -1.73757     16.58034      0.00000
     -1.72757     16.09343      0.00000
     -1.71757     14.05516      0.00000
     -1.70757     14.00768      0.00000
     -1.69757     16.68404      0.00000
     -1.68757     18.95921      0.00000
     -1.67757     17.01649      0.00000
     -1.66757     14.94867      0.00000
     -1.65757     13.52177      0.00000
     -1.64757     12.44274      0.00000
     -1.63757     13.55810      0.00000
     -1.62757     13.76816      0.00000
     -1.61757     13.25799      0.00000
     -1.60757     11.09506      0.00000
     -1.59757      6.95532      0.00000
     -1.58757      7.03676      0.00000
     -1.57757     10.35843      0.00000
     -1.56757     10.83252      0.00000
     -1.55757      9.14343      0.00000
     -1.54757      9.44167      0.00000
     -1.53757     11.75184      0.00000
     -1.52757     12.87341      0.00000
     -1.51757     10.67253      0.00000
     -1.50757      7.96998      0.00000
     -1.49757      7.83906      0.00000
     -1.48757     10.11682      0.00000
     -1.47757     12.75645      0.00000
     -1.46757     12.75611      0.00000
     -1.45757      9.19636      0.00000
     -1.44757      6.86607      0.00000
     -1.43757      7.14770      0.00000
     -1.42757      6.85187      0.00000
     -1.41757      6.01302      0.00000
     -1.40757      6.65053      0.00000
     -1.39757      9.17881      0.00000
     -1.38757     10.66904      0.00000
     -1.37757      9.43923      0.00000
     -1.36757      8.97852      0.00000
     -1.35757      9.25006      0.00000
     -1.34757      7.65770      0.00000
     -1.33757      6.15144      0.00000
     -1.32757      7.13668      0.00000
     -1.31757      9.83911      0.00000
     -1.30757     10.01031      0.00000
     -1.29757      9.06352      0.00000
     -1.28757     10.68231      0.00000
     -1.27757     13.58034      0.00000
     -1.26757     13.87538      0.00000
     -1.25757     12.77159      0.00000
     -1.24757     14.61606      0.00000
     -1.23757     15.39724      0.00000
     -1.22757     13.58588      0.00000
     -1.21757     12.40908      0.00000
     -1.20757     10.01386      0.00000
     -1.19757      8.11931      0.00000
     -1.18757      7.74458      0.00000
     -1.17757      8.15553      0.00000
     -1.16757      9.97766      0.00000
     -1.15757     11.84278      0.00000
     -1.14757     12.71479      0.00000
     -1.13757      9.78866      0.00000
     -1.12757      6.02523      0.00000
     -1.11757      6.73913      0.00000
     -1.10757     11.33226      0.00000
     -1.09757     14.48274      0.00000
     -1.08757     13.41514      0.00000
     -1.07757     12.85554      0.00000
     -1.06757     13.49477      0.00000
     -1.05757     13.79309      0.00000
     -1.04757     13.07921      0.00000
     -1.03757     11.94693      0.00000
     -1.02757     12.07845      0.00000
     -1.01757     10.96695      0.00000
     -1.00757     10.00816      0.00000
     -0.99757     12.24901      0.00000
     -0.98757     13.70515      0.00000
     -0.97757     12.00977      0.00000
     -0.96757     11.05206      0.00000
     -0.95757     10.82595      0.00000
     -0.94757      9.15976      0.00000
     -0.93757      7.42087      0.00000
     -0.92757      8.30969      0.00000
     -0.91757      8.24200      0.00000
     -0.90757      5.48609      0.00000
     -0.89757      4.16445      0.00000
     -0.88757      7.38920      0.00000
     -0.87757     13.45358      0.00000
     -0.86757     16.91411      0.00000
     -0.85757     14.96480      0.00000
     -0.84757     12.23344      0.00000
     -0.83757     11.10195      0.00000
     -0.82757     11.43819      0.00000
     -0.81757     10.15313      0.00000
     -0.80757      9.18331      0.00000
     -0.79757      9.61828      0.00000
     -0.78757      7.87985      0.00000
     -0.77757      6.27488      0.00000
     -0.76757      8.14919      0.00000
     -0.75757     11.68850      0.00000
     -0.74757     12.83047      0.00000
     -0.73757     12.65836      0.00000
     -0.72757     12.54950      0.00000
     -0.71757     12.46105      0.00000
     -0.70757     12.51285      0.00000
     -0.69757     13.48898      0.00000
     -0.68757     13.18989      0.00000
     -0.67757     10.71953      0.00000
     -0.66757      8.66186      0.00000
     -0.65757      6.03655      0.00000
     -0.64757      5.67268      0.00000
     -0.63757      8.31029      0.00000
     -0.62757      8.60458      0.00000
     -0.61757      6.55129      0.00000
     -0.60757      7.87359      0.00000
     -0.59757     11.76745      0.00000
     -0.58757     11.57799      0.00000
     -0.57757      8.27224      0.00000
     -0.56757      7.65286      0.00000
     -0.55757      9.64017      0.00000
     -0.54757      9.62085      0.00000
     -0.53757      8.57449      0.00000
     -0.52757      9.89983      0.00000
     -0.51757      9.73970      0.00000
     -0.50757      7.99865      0.00000
     -0.49757      8.22701      0.00000
     -0.48757      6.83447      0.00000
     -0.47757      4.33512      0.00000
     -0.46757      4.24633      0.00000
     -0.45757      6.89539      0.00000
     -0.44757      9.24604      0.00000
     -0.43757      8.57803      0.00000
     -0.42757      9.58728      0.00000
     -0.41757     14.37779      0.00000
     -0.40757     16.44110      0.00000
     -0.39757     13.86795      0.00000
     -0.38757     10.33403      0.00000
     -0.37757      9.08291      0.00000
     -0.36757      8.13577      0.00000
     -0.35757      5.74948      0.00000
     -0.34757      3.77801      0.00000
     -0.33757      2.87727      0.00000
     -0.32757      4.00600      0.00000
     -0.31757      5.35957      0.00000
     -0.30757      5.02974      0.00000
     -0.29757      5.31369      0.00000
     -0.28757      6.21757      0.00000
     -0.27757      6.62424      0.00000
     -0.26757      7.29742      0.00000
     -0.25757      7.67961      0.00000
     -0.24757      6.75217      0.00000
     -0.23757      5.13078      0.00000
     -0.22757      3.15241      0.00000
     -0.21757      2.24625      0.00000
     -0.20757      2.93475      0.00000
     -0.19757      3.86403      0.00000
     -0.18757      3.37732      0.00000
     -0.17757      4.24314      0.00000
     -0.16757      5.56649      0.00000
     -0.15757      4.81720      0.00000
     -0.14757      4.03026      0.00000
     -0.13757      3.83498      0.00000
     -0.12757      3.21435      0.00000
     -0.11757      2.24617      0.00000
     -0.10757      1.94511      0.00000
     -0.09757      3.07381      0.00000
     -0.08757      4.96854      0.00000
     -0.07757      5.60642      0.00000
     -0.06757      4.30433      0.00000
     -0.05757      2.89942      0.00000
     -0.04757      2.79085      0.00000
     -0.03757      3.38515      0.00000
     -0.02757      4.52237      0.00000
     -0.01757      4.69340      0.00000
     -0.00757      2.77115      0.00000
      0.00243      1.17625      0.00000
      0.01243      0.40690      0.00000
      0.02243      0.07932      0.00000
      0.03243      0.07516      0.00000
      0.04243      0.41753      0.00000
      0.05243      1.17011      0.00000
      0.06243      1.90827      0.00000
      0.07243      2.00784      0.00000
      0.08243      1.50127      0.00000
      0.09243      1.42812      0.00000
      0.10243      2.25884      0.00000
      0.11243      2.95330      0.00000
      0.12243      2.72648      0.00000
      0.13243      1.94164      0.00000
      0.14243      1.61417      0.00000
      0.15243      1.32630      0.00000
      0.16243      0.84206      0.00000
      0.17243      1.24057      0.00000
      0.18243      1.71962      0.00000
      0.19243      1.13344      0.00000
      0.20243      0.61520      0.00000
      0.21243      1.06471      0.00000
      0.22243      1.49448      0.00000
      0.23243      2.00822      0.00000
      0.24243      3.46517      0.00000
      0.25243      3.63350      0.00000
      0.26243      1.72501      0.00000
      0.27243      0.41124      0.00000
      0.28243      0.49560      0.00000
      0.29243      1.29498      0.00000
      0.30243      1.74930      0.00000
      0.31243      1.66315      0.00000
      0.32243      2.87425      0.00000
      0.33243      4.57645      0.00000
      0.34243      3.36628      0.00000
      0.35243      1.07916      0.00000
      0.36243      0.51124      0.00000
      0.37243      0.91212      0.00000
      0.38243      1.58837      0.00000
      0.39243      2.18197      0.00000
      0.40243      1.57237      0.00000
      0.41243      0.72608      0.00000
      0.42243      0.80417      0.00000
      0.43243      1.41762      0.00000
      0.44243      2.56817      0.00000
      0.45243      3.44601      0.00000
      0.46243      3.16734      0.00000
      0.47243      2.84870      0.00000
      0.48243      3.39006      0.00000
      0.49243      4.22895      0.00000
      0.50243      3.91771      0.00000
      0.51243      2.36742      0.00000
      0.52243      2.57403      0.00000
      0.53243      4.98605      0.00000
      0.54243      7.06123      0.00000
      0.55243      7.72906      0.00000
      0.56243      9.55188      0.00000
      0.57243     12.39025      0.00000
      0.58243     14.28480      0.00000
      0.59243     14.31554      0.00000
      0.60243     13.24276      0.00000
      0.61243     12.55747      0.00000
      0.62243     12.06537      0.00000
      0.63243     11.11764      0.00000
      0.64243     10.31162      0.00000
      0.65243     10.37179      0.00000
      0.66243      9.84124      0.00000
      0.67243     10.52913      0.00000
      0.68243     14.07392      0.00000
      0.69243     14.99304      0.00000
      0.70243     12.76746      0.00000
      0.71243     13.22442      0.00000
      0.72243     14.56459      0.00000
      0.73243     13.48824      0.00000
      0.74243     12.42432      0.00000
      0.75243     13.73731      0.00000
      0.76243     17.32957      0.00000
      0.77243     17.28133      0.00000
      0.78243     12.84893      0.00000
      0.79243      9.59726      0.00000
      0.80243     10.17088      0.00000
      0.81243     12.65752      0.00000
      0.82243     13.55127      0.00000
      0.83243     13.93749      0.00000
      0.84243     15.13564      0.00000
      0.85243     17.35874      0.00000
      0.86243     17.06443      0.00000
      0.87243     13.70480      0.00000
      0.88243     11.42940      0.00000
      0.89243     12.98676      0.00000
      0.90243     15.63584      0.00000
      0.91243     16.77637      0.00000
      0.92243     14.97332      0.00000
      0.93243     10.98132      0.00000
      0.94243      8.75857      0.00000
      0.95243      9.87946      0.00000
      0.96243     11.35548      0.00000
      0.97243     12.06087      0.00000
      0.98243     13.89963      0.00000
      0.99243     14.91368      0.00000
      1.00243     12.61340      0.00000
      1.01243     11.36347      0.00000
      1.02243     13.67185      0.00000
      1.03243     15.77531      0.00000
      1.04243     14.33730      0.00000
      1.05243     12.10608      0.00000
      1.06243     12.11908      0.00000
      1.07243     11.34292      0.00000
      1.08243      9.05813      0.00000
      1.09243      8.88232      0.00000
      1.10243     11.31280      0.00000
      1.11243     13.15629      0.00000
      1.12243     13.00115      0.00000
      1.13243     14.54978      0.00000
      1.14243     15.57470      0.00000
      1.15243     15.62641      0.00000
      1.16243     17.24589      0.00000
      1.17243     14.94984      0.00000
      1.18243     11.18808      0.00000
      1.19243     11.43098      0.00000
      1.20243     12.45326      0.00000
      1.21243     12.04628      0.00000
      1.22243     11.89220      0.00000
      1.23243     14.72773      0.00000
      1.24243     15.87089      0.00000
      1.25243     11.52236      0.00000
      1.26243      8.30926      0.00000
      1.27243      8.80859      0.00000
      1.28243     11.30124      0.00000
      1.29243     13.02547      0.00000
      1.30243     11.72599      0.00000
      1.31243      8.34939      0.00000
      1.32243      5.88308      0.00000
      1.33243      6.72999      0.00000
      1.34243      8.79595      0.00000
      1.35243      8.75172      0.00000
      1.36243      8.16381      0.00000
      1.37243      9.48162      0.00000
      1.38243     10.17215      0.00000
      1.39243      9.82249      0.00000
      1.40243     10.05318      0.00000
      1.41243      9.01735      0.00000
      1.42243      7.28251      0.00000
      1.43243      7.20665      0.00000
      1.44243      9.58717      0.00000
      1.45243      9.54144      0.00000
      1.46243      6.68826      0.00000
      1.47243      4.90586      0.00000
      1.48243      3.84158      0.00000
      1.49243      2.82247      0.00000
      1.50243      2.20684      0.00000
      1.51243      3.12091      0.00000
      1.52243      3.88661      0.00000
      1.53243      3.11858      0.00000
      1.54243      3.44959      0.00000
      1.55243      4.91825      0.00000
      1.56243      5.95825      0.00000
      1.57243      5.36780      0.00000
      1.58243      3.31951      0.00000
      1.59243      2.44506      0.00000
      1.60243      3.01374      0.00000
      1.61243      3.63855      0.00000
      1.62243      4.73029      0.00000
      1.63243      6.03877      0.00000
      1.64243      5.56973      0.00000
      1.65243      4.26112      0.00000
      1.66243      4.32193      0.00000
      1.67243      5.16629      0.00000
      1.68243      4.36952      0.00000
      1.69243      3.25620      0.00000
      1.70243      2.93550      0.00000
      1.71243      2.23412      0.00000
      1.72243      2.84794      0.00000
      1.73243      4.01068      0.00000
      1.74243      3.74647      0.00000
      1.75243      3.91897      0.00000
      1.76243      4.53940      0.00000
      1.77243      5.76500      0.00000
      1.78243      6.16259      0.00000
      1.79243      4.54172      0.00000
      1.80243      2.93794      0.00000
      1.81243      2.80721      0.00000
      1.82243      4.32936      0.00000
      1.83243      7.01109      0.00000
      1.84243      9.70221      0.00000
      1.85243     10.94719      0.00000
      1.86243      9.76312      0.00000
      1.87243      6.84145      0.00000
      1.88243      4.76804      0.00000
      1.89243      4.16625      0.00000
      1.90243      5.42448      0.00000
      1.91243      6.29364      0.00000
      1.92243      4.94716      0.00000
      1.93243      3.86347      0.00000
      1.94243      3.94274      0.00000
      1.95243      4.32506      0.00000
      1.96243      5.45552      0.00000
      1.97243      5.89480      0.00000
      1.98243      4.85585      0.00000
      1.99243      3.49263      0.00000
      2.00243      3.39051      0.00000
      2.01243      4.59997      0.00000
      2.02243      5.34294      0.00000
      2.03243      6.33205      0.00000
      2.04243      6.00364      0.00000
      2.05243      4.06685      0.00000
      2.06243      2.43519      0.00000
      2.07243      2.67994      0.00000
      2.08243      3.69571      0.00000
      2.09243      3.51182      0.00000
      2.10243      2.85846      0.00000
      2.11243      2.50999      0.00000
      2.12243      2.15617      0.00000
      2.13243      2.64884      0.00000
      2.14243      3.49899      0.00000
      2.15243      3.21525      0.00000
      2.16243      3.27062      0.00000
      2.17243      4.90343      0.00000
      2.18243      5.49216      0.00000
      2.19243      4.34529      0.00000
      2.20243      4.08035      0.00000
      2.21243      3.85420      0.00000
      2.22243      3.25017      0.00000
      2.23243      4.40874      0.00000
      2.24243      5.22968      0.00000
      2.25243      3.73387      0.00000
      2.26243      2.68765      0.00000
      2.27243      3.67623      0.00000
      2.28243      4.41129      0.00000
      2.29243      3.65476      0.00000
      2.30243      3.21448      0.00000
      2.31243      3.04593      0.00000
      2.32243      2.79742      0.00000
      2.33243      4.28901      0.00000
      2.34243      5.55192      0.00000
      2.35243      4.39329      0.00000
      2.36243      4.33499      0.00000
      2.37243      5.62359      0.00000
      2.38243      5.16054      0.00000
      2.39243      3.17201      0.00000
      2.40243      2.76150      0.00000
      2.41243      3.40624      0.00000
      2.42243      2.57065      0.00000
      2.43243      1.88557      0.00000
      2.44243      3.53213      0.00000
      2.45243      5.57315      0.00000
      2.46243      5.00367      0.00000
      2.47243      3.86241      0.00000
      2.48243      3.06083      0.00000
      2.49243      1.95786      0.00000
      2.50243      2.08103      0.00000
      2.51243      3.55862      0.00000
      2.52243      5.50430      0.00000
      2.53243      6.37617      0.00000
      2.54243      6.92982      0.00000
      2.55243      7.67092      0.00000
      2.56243      9.20872      0.00000
      2.57243      9.84314      0.00000
      2.58243      6.38408      0.00000
      2.59243      2.58662      0.00000
      2.60243      1.87186      0.00000
      2.61243      2.49357      0.00000
      2.62243      3.41878      0.00000
      2.63243      4.68746      0.00000
      2.64243      4.40888      0.00000
      2.65243      3.22780      0.00000
      2.66243      2.95727      0.00000
      2.67243      4.01962      0.00000
      2.68243      5.31318      0.00000
      2.69243      5.12394      0.00000
      2.70243      3.45879      0.00000
      2.71243      1.92223      0.00000
      2.72243      1.37360      0.00000
      2.73243      3.00709      0.00000
      2.74243      5.68118      0.00000
      2.75243      5.72359      0.00000
      2.76243      3.55562      0.00000
      2.77243      1.72708      0.00000
      2.78243      1.70437      0.00000
      2.79243      2.83158      0.00000
      2.80243      2.86114      0.00000
      2.81243      1.83015      0.00000
      2.82243      1.47509      0.00000
      2.83243      2.03876      0.00000
      2.84243      3.25667      0.00000
      2.85243      4.51161      0.00000
      2.86243      4.30718      0.00000
      2.87243      3.19641      0.00000
      2.88243      1.79594      0.00000
      2.89243      2.13588      0.00000
      2.90243      4.16310      0.00000
      2.91243      4.51440      0.00000
      2.92243      3.24270      0.00000
      2.93243      3.08579      0.00000
      2.94243      3.16877      0.00000
      2.95243      2.60927      0.00000
      2.96243      3.08623      0.00000
      2.97243      3.96696      0.00000
      2.98243      4.91719      0.00000
      2.99243      6.07777      0.00000
      3.00243      4.84421      0.00000
      3.01243      2.18985      0.00000
      3.02243      1.27865      0.00000
      3.03243      2.54086      0.00000
      3.04243      4.05738      0.00000
      3.05243      4.08494      0.00000
      3.06243      3.85577      0.00000
      3.07243      3.56771      0.00000
      3.08243      2.60426      0.00000
      3.09243      2.99042      0.00000
      3.10243      4.34340      0.00000
      3.11243      3.17916      0.00000
      3.12243      2.23339      0.00000
      3.13243      4.04851      0.00000
      3.14243      5.69396      0.00000
      3.15243      5.28669      0.00000
      3.16243      3.82666      0.00000
      3.17243      3.27168      0.00000
      3.18243      4.86728      0.00000
      3.19243      7.28011      0.00000
      3.20243      6.42366      0.00000
      3.21243      3.29823      0.00000
      3.22243      1.76451      0.00000
      3.23243      1.29070      0.00000
      3.24243      1.99490      0.00000
      3.25243      4.20199      0.00000
      3.26243      7.05509      0.00000
      3.27243      8.25399      0.00000
      3.28243      6.24049      0.00000
      3.29243      3.66073      0.00000
      3.30243      2.15517      0.00000
      3.31243      2.16486      0.00000
      3.32243      3.08555      0.00000
      3.33243      3.82557      0.00000
      3.34243      5.10638      0.00000
      3.35243      5.18546      0.00000
      3.36243      4.03384      0.00000
      3.37243      3.49586      0.00000
      3.38243      2.52597      0.00000
      3.39243      1.43858      0.00000
      3.40243      2.13719      0.00000
      3.41243      3.09752      0.00000
      3.42243      3.09396      0.00000
      3.43243      3.11850      0.00000
      3.44243      2.67087      0.00000
      3.45243      2.01253      0.00000
      3.46243      1.84935      0.00000
      3.47243      2.08790      0.00000
      3.48243      3.04694      0.00000
      3.49243      3.98292      0.00000
      3.50243      3.58769      0.00000
      3.51243      2.48591      0.00000
      3.52243      1.82624      0.00000
      3.53243      2.05600      0.00000
      3.54243      2.48232      0.00000
      3.55243      3.10961      0.00000
      3.56243      3.62599      0.00000
      3.57243      4.46088      0.00000
      3.58243      5.86925      0.00000
      3.59243      5.45518      0.00000
      3.60243      4.48981      0.00000
      3.61243      4.36440      0.00000
      3.62243      5.16215      0.00000
      3.63243      6.98213      0.00000
      3.64243      7.49898      0.00000
      3.65243      7.64332      0.00000
      3.66243      7.86819      0.00000
      3.67243      5.78105      0.00000
      3.68243      3.73279      0.00000
      3.69243      2.72821      0.00000
      3.70243      2.74743      0.00000
      3.71243      2.37672      0.00000
      3.72243      1.59558      0.00000
      3.73243      3.02804      0.00000
      3.74243      6.30679      0.00000
      3.75243      8.72442      0.00000
      3.76243      9.11723      0.00000
      3.77243      6.65793      0.00000
      3.78243      4.04771      0.00000
      3.79243      4.11199      0.00000
      3.80243      5.46181      0.00000
      3.81243      6.59605      0.00000
      3.82243      6.40457      0.00000
      3.83243      5.43387      0.00000
      3.84243      4.32661      0.00000
      3.85243      4.39826      0.00000
      3.86243      5.50044      0.00000
      3.87243      5.80271      0.00000
      3.88243      5.33663      0.00000
      3.89243      4.81007      0.00000
      3.90243      3.82689      0.00000
      3.91243      4.36620      0.00000
      3.92243      5.85927      0.00000
      3.93243      5.18398      0.00000
      3.94243      3.89818      0.00000
      3.95243      4.25575      0.00000
      3.96243      4.43004      0.00000
      3.97243      2.57868      0.00000
      3.98243      2.05025      0.00000
      3.99243      3.73050      0.00000
      4.00243      4.62261      0.00000
      4.01243      3.68089      0.00000
      4.02243      3.52191      0.00000
      4.03243      5.65617      0.00000
      4.04243      7.86992      0.00000
      4.05243      7.18804      0.00000
      4.06243      5.71975      0.00000
      4.07243      6.62092      0.00000
      4.08243      7.11896      0.00000
      4.09243      4.75692      0.00000
      4.10243      2.43793      0.00000
      4.11243      2.97867      0.00000
      4.12243      5.09451      0.00000
      4.13243      5.89229      0.00000
      4.14243      6.58749      0.00000
      4.15243      9.17784      0.00000
      4.16243     10.28920      0.00000
      4.17243      9.31803      0.00000
      4.18243     10.18014      0.00000
      4.19243     11.56759      0.00000
      4.20243     10.14227      0.00000
      4.21243      7.56809      0.00000
      4.22243      5.13248      0.00000
      4.23243      4.05660      0.00000
      4.24243      4.67139      0.00000
      4.25243      5.26581      0.00000
      4.26243      5.39996      0.00000
      4.27243      7.60029      0.00000
      4.28243     10.35826      0.00000
      4.29243      9.52413      0.00000
      4.30243      7.52732      0.00000
      4.31243      8.20676      0.00000
      4.32243      8.36092      0.00000
      4.33243      6.82653      0.00000
      4.34243      5.55275      0.00000
      4.35243      5.78234      0.00000
      4.36243      5.76800      0.00000
      4.37243      5.02970      0.00000
      4.38243      4.85375      0.00000
      4.39243      5.48008      0.00000
      4.40243      6.27092      0.00000
      4.41243      6.57733      0.00000
      4.42243      6.92663      0.00000
      4.43243      7.80910      0.00000
      4.44243      8.25193      0.00000
      4.45243      8.17364      0.00000
      4.46243      6.97307      0.00000
      4.47243      5.79611      0.00000
      4.48243      5.90221      0.00000
      4.49243      6.63760      0.00000
      4.50243      7.34603      0.00000
      4.51243      8.39121      0.00000
      4.52243      7.98629      0.00000
      4.53243      6.61210      0.00000
      4.54243      5.35076      0.00000
      4.55243      5.92334      0.00000
      4.56243      9.90579      0.00000
      4.57243     13.82548      0.00000
      4.58243     13.07227      0.00000
      4.59243     10.81899      0.00000
      4.60243      9.44113      0.00000
      4.61243      7.14713      0.00000
      4.62243      5.03671      0.00000
      4.63243      3.62936      0.00000
      4.64243      3.14530      0.00000
      4.65243      2.84000      0.00000
      4.66243      3.59322      0.00000
      4.67243      5.79174      0.00000
      4.68243      5.97568      0.00000
      4.69243      6.44287      0.00000
      4.70243      8.57091      0.00000
      4.71243      9.66663      0.00000
      4.72243      9.58854      0.00000
      4.73243      8.70713      0.00000
      4.74243      6.84174      0.00000
      4.75243      6.91939      0.00000
      4.76243      7.53360      0.00000
      4.77243      6.39924      0.00000
      4.78243      6.13465      0.00000
      4.79243      4.72691      0.00000
      4.80243      3.14542      0.00000
      4.81243      4.41169      0.00000
      4.82243      4.73194      0.00000
      4.83243      3.45906      0.00000
      4.84243      5.88101      0.00000
      4.85243     10.19795      0.00000
      4.86243     10.82161      0.00000
      4.87243      7.54217      0.00000
      4.88243      4.91678      0.00000
      4.89243      5.63502      0.00000
      4.90243      6.94683      0.00000
      4.91243      6.40789      0.00000
      4.92243      5.74431      0.00000
      4.93243      5.10184      0.00000
      4.94243      3.81903      0.00000
      4.95243      2.53238      0.00000
      4.96243      2.76283      0.00000
      4.97243      3.87182      0.00000
      4.98243      5.90269      0.00000
      4.99243      7.77235      0.00000
      5.00243      6.28972      0.00000
      5.01243      4.22824      0.00000
      5.02243      3.80063      0.00000
      5.03243      3.47733      0.00000
      5.04243      3.55897      0.00000
      5.05243      4.17021      0.00000
      5.06243      4.01785      0.00000
      5.07243      3.90923      0.00000
      5.08243      5.31366      0.00000
      5.09243      5.78562      0.00000
      5.10243      4.24229      0.00000
      5.11243      2.69064      0.00000
      5.12243      1.66672      0.00000
      5.13243      0.70621      0.00000
      5.14243      0.30638      0.00000
      5.15243      0.87760      0.00000
      5.16243      2.38075      0.00000
      5.17243      4.28097      0.00000
