Energy-E_F (eV)    DOS (1/eV)    PDOS (1/eV)  of atom type Bi 
     -4.99000      0.00000      0.00000
     -4.98000      0.00000      0.00000
     -4.97000      0.00000      0.00000
     -4.96000      0.00000      0.00000
     -4.95000      0.00000      0.00000
     -4.94000      0.00000      0.00000
     -4.93000      0.00000      0.00000
     -4.92000      0.00000      0.00000
     -4.91000      0.00000      0.00000
     -4.90000      0.00000      0.00000
     -4.89000      0.00000      0.00000
     -4.88000      0.00000      0.00000
     -4.87000      0.00000      0.00000
     -4.86000      0.00000      0.00000
     -4.85000      0.00000      0.00000
     -4.84000      0.00000      0.00000
     -4.83000      0.00000      0.00000
     -4.82000      0.00000      0.00000
     -4.81000      0.00000      0.00000
     -4.80000      0.00000      0.00000
     -4.79000      0.00000      0.00000
     -4.78000      0.00000      0.00000
     -4.77000      0.00000      0.00000
     -4.76000      0.00000      0.00000
     -4.75000      0.00000      0.00000
     -4.74000      0.00000      0.00000
     -4.73000      0.00000      0.00000
     -4.72000      0.00000      0.00000
     -4.71000      0.00000      0.00000
     -4.70000      0.00000      0.00000
     -4.69000      0.00000      0.00000
     -4.68000      0.00000      0.00000
     -4.67000      0.00000      0.00000
     -4.66000      0.00000      0.00000
     -4.65000      0.00000      0.00000
     -4.64000      0.00000      0.00000
     -4.63000      0.00000      0.00000
     -4.62000      0.00000      0.00000
     -4.61000      0.00000      0.00000
     -4.60000      0.00000      0.00000
     -4.59000      0.00000      0.00000
     -4.58000      0.00000      0.00000
     -4.57000      0.00000      0.00000
     -4.56000      0.00000      0.00000
     -4.55000      0.00000      0.00000
     -4.54000      0.00000      0.00000
     -4.53000      0.00000      0.00000
     -4.52000      0.00000      0.00000
     -4.51000      0.00000      0.00000
     -4.50000      0.00000      0.00000
     -4.49000      0.00000      0.00000
     -4.48000      0.00000      0.00000
     -4.47000      0.00000      0.00000
     -4.46000      0.00000      0.00000
     -4.45000      0.00000      0.00000
     -4.44000      0.00000      0.00000
     -4.43000      0.00011      0.00011
     -4.42000      0.00438      0.00438
     -4.41000      0.06290      0.06290
     -4.40000      0.34357      0.34357
     -4.39000      0.78647      0.78647
     -4.38000      1.05059      1.05059
     -4.37000      1.32294      1.32294
     -4.36000      1.53384      1.53384
     -4.35000      1.49913      1.49913
     -4.34000      1.15904      1.15904
     -4.33000      0.62280      0.62280
     -4.32000      0.31499      0.31499
     -4.31000      0.64457      0.64457
     -4.30000      1.61280      1.61280
     -4.29000      2.40338      2.40338
     -4.28000      1.81980      1.81980
     -4.27000      1.14506      1.14506
     -4.26000      1.59602      1.59602
     -4.25000      1.63058      1.63058
     -4.24000      1.16935      1.16935
     -4.23000      1.61550      1.61550
     -4.22000      2.01317      2.01317
     -4.21000      1.14246      1.14246
     -4.20000      0.27135      0.27135
     -4.19000      0.11991      0.11991
     -4.18000      0.47250      0.47250
     -4.17000      1.14557      1.14557
     -4.16000      2.03824      2.03824
     -4.15000      2.82484      2.82484
     -4.14000      2.82902      2.82902
     -4.13000      2.70684      2.70684
     -4.12000      2.85082      2.85082
     -4.11000      3.13611      3.13611
     -4.10000      2.76386      2.76386
     -4.09000      2.12728      2.12728
     -4.08000      1.58638      1.58638
     -4.07000      2.01062      2.01062
     -4.06000      2.64063      2.64063
     -4.05000      2.10817      2.10817
     -4.04000      1.76588      1.76588
     -4.03000      2.01481      2.01481
     -4.02000      2.17465      2.17465
     -4.01000      2.79267      2.79267
     -4.00000      3.68575      3.68575
     -3.99000      2.92483      2.92483
     -3.98000      1.55055      1.55055
     -3.97000      1.31161      1.31161
     -3.96000      1.84053      1.84053
     -3.95000      2.33215      2.33215
     -3.94000      2.84632      2.84632
     -3.93000      3.40120      3.40120
     -3.92000      3.85269      3.85269
     -3.91000      3.94424      3.94424
     -3.90000      2.92818      2.92818
     -3.89000      2.03799      2.03799
     -3.88000      2.23091      2.23091
     -3.87000      2.68347      2.68347
     -3.86000      2.68773      2.68773
     -3.85000      2.34303      2.34303
     -3.84000      2.11067      2.11067
     -3.83000      2.58196      2.58196
     -3.82000      3.35417      3.35417
     -3.81000      2.83447      2.83447
     -3.80000      1.82806      1.82806
     -3.79000      2.13801      2.13801
     -3.78000      3.15217      3.15217
     -3.77000      3.58691      3.58691
     -3.76000      3.60238      3.60238
     -3.75000      3.37514      3.37514
     -3.74000      3.33072      3.33072
     -3.73000      3.22150      3.22150
     -3.72000      2.65814      2.65814
     -3.71000      2.55058      2.55058
     -3.70000      2.22980      2.22980
     -3.69000      1.60128      1.60128
     -3.68000      1.65921      1.65921
     -3.67000      2.40645      2.40645
     -3.66000      2.86905      2.86905
     -3.65000      1.90648      1.90648
     -3.64000      1.58203      1.58203
     -3.63000      3.21349      3.21349
     -3.62000      4.15812      4.15812
     -3.61000      3.25217      3.25217
     -3.60000      2.76248      2.76248
     -3.59000      2.92322      2.92322
     -3.58000      2.48981      2.48981
     -3.57000      2.04681      2.04681
     -3.56000      2.49929      2.49929
     -3.55000      3.64941      3.64941
     -3.54000      4.14510      4.14510
     -3.53000      3.74794      3.74794
     -3.52000      3.55141      3.55141
     -3.51000      3.43088      3.43088
     -3.50000      3.06738      3.06738
     -3.49000      3.53800      3.53800
     -3.48000      3.99544      3.99544
     -3.47000      3.99818      3.99818
     -3.46000      4.61039      4.61039
     -3.45000      4.50172      4.50172
     -3.44000      3.76770      3.76770
     -3.43000      3.60162      3.60162
     -3.42000      3.39579      3.39579
     -3.41000      3.05030      3.05030
     -3.40000      3.19904      3.19904
     -3.39000      4.10886      4.10886
     -3.38000      4.87349      4.87349
     -3.37000      4.42877      4.42877
     -3.36000      3.35681      3.35681
     -3.35000      2.48349      2.48349
     -3.34000      1.93354      1.93354
     -3.33000      1.85446      1.85446
     -3.32000      2.57454      2.57454
     -3.31000      2.93917      2.93917
     -3.30000      2.70321      2.70321
     -3.29000      2.47836      2.47836
     -3.28000      2.88418      2.88418
     -3.27000      3.74697      3.74697
     -3.26000      4.48968      4.48968
     -3.25000      4.14774      4.14774
     -3.24000      3.81714      3.81714
     -3.23000      4.92315      4.92315
     -3.22000      5.93740      5.93740
     -3.21000      5.51303      5.51303
     -3.20000      4.41697      4.41697
     -3.19000      3.56735      3.56735
     -3.18000      3.52456      3.52456
     -3.17000      3.48009      3.48009
     -3.16000      2.86969      2.86969
     -3.15000      3.12158      3.12158
     -3.14000      3.61813      3.61813
     -3.13000      2.81737      2.81737
     -3.12000      2.07430      2.07430
     -3.11000      2.31802      2.31802
     -3.10000      3.65289      3.65289
     -3.09000      4.26822      4.26822
     -3.08000      3.77769      3.77769
     -3.07000      3.20769      3.20769
     -3.06000      2.82487      2.82487
     -3.05000      2.89389      2.89389
     -3.04000      3.28221      3.28221
     -3.03000      5.17982      5.17982
     -3.02000      6.34352      6.34352
     -3.01000      5.12058      5.12058
     -3.00000      3.22316      3.22316
     -2.99000      1.68743      1.68743
     -2.98000      1.40766      1.40766
     -2.97000      1.73866      1.73866
     -2.96000      2.76168      2.76168
     -2.95000      4.00397      4.00397
     -2.94000      4.15630      4.15630
     -2.93000      3.76071      3.76071
     -2.92000      4.08151      4.08151
     -2.91000      4.94483      4.94483
     -2.90000      6.30541      6.30541
     -2.89000      6.32715      6.32715
     -2.88000      5.09664      5.09664
     -2.87000      4.69459      4.69459
     -2.86000      5.09669      5.09669
     -2.85000      5.63069      5.63069
     -2.84000      5.89225      5.89225
     -2.83000      5.70368      5.70368
     -2.82000      5.60936      5.60936
     -2.81000      6.15247      6.15247
     -2.80000      6.73094      6.73094
     -2.79000      6.83093      6.83093
     -2.78000      6.41536      6.41536
     -2.77000      5.71210      5.71210
     -2.76000      5.96788      5.96788
     -2.75000      7.07041      7.07041
     -2.74000      6.54885      6.54885
     -2.73000      4.92014      4.92014
     -2.72000      4.92440      4.92440
     -2.71000      5.67255      5.67255
     -2.70000      6.18880      6.18880
     -2.69000      5.92468      5.92468
     -2.68000      4.49931      4.49931
     -2.67000      3.32354      3.32354
     -2.66000      3.77877      3.77877
     -2.65000      6.40363      6.40363
     -2.64000      8.67070      8.67070
     -2.63000      8.57837      8.57837
     -2.62000      6.29560      6.29560
     -2.61000      4.09245      4.09245
     -2.60000      4.93020      4.93020
     -2.59000      6.62994      6.62994
     -2.58000      6.73950      6.73950
     -2.57000      5.80370      5.80370
     -2.56000      5.14826      5.14826
     -2.55000      5.02696      5.02696
     -2.54000      4.86952      4.86952
     -2.53000      4.26533      4.26533
     -2.52000      4.69041      4.69041
     -2.51000      6.11324      6.11324
     -2.50000      6.32600      6.32600
     -2.49000      5.89522      5.89522
     -2.48000      6.05672      6.05672
     -2.47000      5.72926      5.72926
     -2.46000      4.98822      4.98822
     -2.45000      4.06007      4.06007
     -2.44000      2.96098      2.96098
     -2.43000      3.45251      3.45251
     -2.42000      5.40649      5.40649
     -2.41000      6.85506      6.85506
     -2.40000      7.00759      7.00759
     -2.39000      6.29303      6.29303
     -2.38000      5.26930      5.26930
     -2.37000      4.38907      4.38907
     -2.36000      3.92252      3.92252
     -2.35000      4.51651      4.51651
     -2.34000      5.84353      5.84353
     -2.33000      6.01563      6.01563
     -2.32000      5.45691      5.45691
     -2.31000      5.08561      5.08561
     -2.30000      5.55640      5.55640
     -2.29000      7.58354      7.58354
     -2.28000      7.66850      7.66850
     -2.27000      4.54319      4.54319
     -2.26000      3.79601      3.79601
     -2.25000      6.17456      6.17456
     -2.24000      7.71180      7.71180
     -2.23000      7.12894      7.12894
     -2.22000      6.48595      6.48595
     -2.21000      6.01097      6.01097
     -2.20000      4.11730      4.11730
     -2.19000      2.73763      2.73763
     -2.18000      3.51285      3.51285
     -2.17000      4.14399      4.14399
     -2.16000      4.43673      4.43673
     -2.15000      5.41695      5.41695
     -2.14000      6.17838      6.17838
     -2.13000      6.24613      6.24613
     -2.12000      5.42386      5.42386
     -2.11000      5.25197      5.25197
     -2.10000      7.09446      7.09446
     -2.09000      9.18849      9.18849
     -2.08000      9.28600      9.28600
     -2.07000      7.49704      7.49704
     -2.06000      4.76094      4.76094
     -2.05000      3.12305      3.12305
     -2.04000      4.10791      4.10791
     -2.03000      6.57692      6.57692
     -2.02000      7.00917      7.00917
     -2.01000      5.63405      5.63405
     -2.00000      4.34548      4.34548
     -1.99000      3.04032      3.04032
     -1.98000      2.38245      2.38245
     -1.97000      3.52148      3.52148
     -1.96000      4.69407      4.69407
     -1.95000      4.85502      4.85502
     -1.94000      5.27654      5.27654
     -1.93000      4.49867      4.49867
     -1.92000      2.69455      2.69455
     -1.91000      2.69674      2.69674
     -1.90000      4.12030      4.12030
     -1.89000      5.41381      5.41381
     -1.88000      6.47649      6.47649
     -1.87000      7.23406      7.23406
     -1.86000      6.92244      6.92244
     -1.85000      5.81031      5.81031
     -1.84000      5.59972      5.59972
     -1.83000      5.40881      5.40881
     -1.82000      5.45400      5.45400
     -1.81000      6.02023      6.02023
     -1.80000      6.38077      6.38077
     -1.79000      6.42471      6.42471
     -1.78000      6.28448      6.28448
     -1.77000      5.28389      5.28389
     -1.76000      3.71355      3.71355
     -1.75000      3.38242      3.38242
     -1.74000      3.37110      3.37110
     -1.73000      3.70624      3.70624
     -1.72000      4.97879      4.97879
     -1.71000      6.07986      6.07986
     -1.70000      6.62650      6.62650
     -1.69000      7.21204      7.21204
     -1.68000      6.77003      6.77003
     -1.67000      6.09767      6.09767
     -1.66000      5.70072      5.70072
     -1.65000      5.17139      5.17139
     -1.64000      5.94417      5.94417
     -1.63000      7.38667      7.38667
     -1.62000      7.84867      7.84867
     -1.61000      6.48385      6.48385
     -1.60000      4.89930      4.89930
     -1.59000      5.20696      5.20696
     -1.58000      5.87782      5.87782
     -1.57000      5.35044      5.35044
     -1.56000      4.91121      4.91121
     -1.55000      5.61686      5.61686
     -1.54000      6.59809      6.59809
     -1.53000      7.96851      7.96851
     -1.52000      9.33614      9.33614
     -1.51000      8.73746      8.73746
     -1.50000      6.63615      6.63615
     -1.49000      5.55979      5.55979
     -1.48000      5.38395      5.38395
     -1.47000      4.71691      4.71691
     -1.46000      4.32756      4.32756
     -1.45000      4.77968      4.77968
     -1.44000      5.21935      5.21935
     -1.43000      5.02368      5.02368
     -1.42000      4.80110      4.80110
     -1.41000      4.89655      4.89655
     -1.40000      4.54048      4.54048
     -1.39000      5.17821      5.17821
     -1.38000      6.54091      6.54091
     -1.37000      6.39406      6.39406
     -1.36000      5.66545      5.66545
     -1.35000      5.45977      5.45977
     -1.34000      5.33011      5.33011
     -1.33000      6.32104      6.32104
     -1.32000      6.70901      6.70901
     -1.31000      6.40610      6.40610
     -1.30000      6.79064      6.79064
     -1.29000      6.38734      6.38734
     -1.28000      5.76677      5.76677
     -1.27000      5.12703      5.12703
     -1.26000      4.27690      4.27690
     -1.25000      4.43988      4.43988
     -1.24000      5.84739      5.84739
     -1.23000      6.75705      6.75705
     -1.22000      6.50469      6.50469
     -1.21000      5.99117      5.99117
     -1.20000      6.03671      6.03671
     -1.19000      6.02400      6.02400
     -1.18000      5.60498      5.60498
     -1.17000      6.10393      6.10393
     -1.16000      6.90225      6.90225
     -1.15000      6.12687      6.12687
     -1.14000      5.02642      5.02642
     -1.13000      4.37455      4.37455
     -1.12000      5.72376      5.72376
     -1.11000      7.83672      7.83672
     -1.10000      6.75579      6.75579
     -1.09000      4.66499      4.66499
     -1.08000      4.22826      4.22826
     -1.07000      5.36633      5.36633
     -1.06000      6.72871      6.72871
     -1.05000      6.66767      6.66767
     -1.04000      5.91936      5.91936
     -1.03000      5.92826      5.92826
     -1.02000      5.26026      5.26026
     -1.01000      3.70465      3.70465
     -1.00000      3.72303      3.72303
     -0.99000      4.10138      4.10138
     -0.98000      3.57651      3.57651
     -0.97000      3.79970      3.79970
     -0.96000      4.67319      4.67319
     -0.95000      4.90240      4.90240
     -0.94000      5.63992      5.63992
     -0.93000      5.55498      5.55498
     -0.92000      4.34858      4.34858
     -0.91000      3.98295      3.98295
     -0.90000      3.75925      3.75925
     -0.89000      3.73258      3.73258
     -0.88000      4.37342      4.37342
     -0.87000      5.72030      5.72030
     -0.86000      5.65415      5.65415
     -0.85000      3.84049      3.84049
     -0.84000      2.10201      2.10201
     -0.83000      1.75441      1.75441
     -0.82000      1.90159      1.90159
     -0.81000      1.74504      1.74504
     -0.80000      2.84158      2.84158
     -0.79000      4.77556      4.77556
     -0.78000      5.34570      5.34570
     -0.77000      5.65822      5.65822
     -0.76000      5.53035      5.53035
     -0.75000      5.24697      5.24697
     -0.74000      6.08438      6.08438
     -0.73000      6.12912      6.12912
     -0.72000      6.28360      6.28360
     -0.71000      6.62825      6.62825
     -0.70000      5.14465      5.14465
     -0.69000      3.40840      3.40840
     -0.68000      2.28624      2.28624
     -0.67000      2.29975      2.29975
     -0.66000      3.63890      3.63890
     -0.65000      3.67819      3.67819
     -0.64000      2.45194      2.45194
     -0.63000      1.96865      1.96865
     -0.62000      1.91259      1.91259
     -0.61000      2.12776      2.12776
     -0.60000      3.62427      3.62427
     -0.59000      5.10623      5.10623
     -0.58000      4.89103      4.89103
     -0.57000      3.72058      3.72058
     -0.56000      3.89155      3.89155
     -0.55000      4.50334      4.50334
     -0.54000      3.65843      3.65843
     -0.53000      3.57573      3.57573
     -0.52000      5.26589      5.26589
     -0.51000      5.71008      5.71008
     -0.50000      4.48222      4.48222
     -0.49000      2.80405      2.80405
     -0.48000      1.82334      1.82334
     -0.47000      2.27454      2.27454
     -0.46000      2.92024      2.92024
     -0.45000      2.82312      2.82312
     -0.44000      2.20738      2.20738
     -0.43000      1.67124      1.67124
     -0.42000      1.17029      1.17029
     -0.41000      1.23170      1.23170
     -0.40000      1.64384      1.64384
     -0.39000      1.86025      1.86025
     -0.38000      2.38061      2.38061
     -0.37000      2.63744      2.63744
     -0.36000      2.43587      2.43587
     -0.35000      1.99365      1.99365
     -0.34000      1.50089      1.50089
     -0.33000      1.97880      1.97880
     -0.32000      2.90823      2.90823
     -0.31000      2.82249      2.82249
     -0.30000      2.76389      2.76389
     -0.29000      2.86835      2.86835
     -0.28000      2.63231      2.63231
     -0.27000      2.43157      2.43157
     -0.26000      1.72624      1.72624
     -0.25000      0.81262      0.81262
     -0.24000      0.49884      0.49884
     -0.23000      0.74393      0.74393
     -0.22000      1.68050      1.68050
     -0.21000      2.91993      2.91993
     -0.20000      3.27004      3.27004
     -0.19000      2.58665      2.58665
     -0.18000      1.84406      1.84406
     -0.17000      1.73910      1.73910
     -0.16000      2.47648      2.47648
     -0.15000      3.17858      3.17858
     -0.14000      3.41530      3.41530
     -0.13000      2.62269      2.62269
     -0.12000      1.92810      1.92810
     -0.11000      2.24237      2.24237
     -0.10000      2.76649      2.76649
     -0.09000      2.71005      2.71005
     -0.08000      2.02275      2.02275
     -0.07000      1.20565      1.20565
     -0.06000      1.07234      1.07234
     -0.05000      1.22239      1.22239
     -0.04000      1.24203      1.24203
     -0.03000      1.31310      1.31310
     -0.02000      1.24086      1.24086
     -0.01000      1.07030      1.07030
      0.00000      0.85065      0.85065
      0.01000      0.41209      0.41209
      0.02000      0.08716      0.08716
      0.03000      0.02131      0.02131
      0.04000      0.10422      0.10422
      0.05000      0.27756      0.27756
      0.06000      0.27248      0.27248
      0.07000      0.09840      0.09840
      0.08000      0.01307      0.01307
      0.09000      0.00064      0.00064
      0.10000      0.00001      0.00001
      0.11000      0.00000      0.00000
      0.12000      0.00000      0.00000
      0.13000      0.00000      0.00000
      0.14000      0.00000      0.00000
      0.15000      0.00000      0.00000
      0.16000      0.00000      0.00000
      0.17000      0.00029      0.00029
      0.18000      0.00891      0.00891
      0.19000      0.10341      0.10341
      0.20000      0.46129      0.46129
      0.21000      0.83354      0.83354
      0.22000      0.65791      0.65791
      0.23000      0.24470      0.24470
      0.24000      0.12945      0.12945
      0.25000      0.50717      0.50717
      0.26000      1.36159      1.36159
      0.27000      2.06036      2.06036
      0.28000      1.95228      1.95228
      0.29000      1.92660      1.92660
      0.30000      2.58820      2.58820
      0.31000      2.84888      2.84888
      0.32000      2.57953      2.57953
      0.33000      2.21001      2.21001
      0.34000      1.62793      1.62793
      0.35000      1.65444      1.65444
      0.36000      2.37763      2.37763
      0.37000      2.71604      2.71604
      0.38000      2.16624      2.16624
      0.39000      1.36232      1.36232
      0.40000      1.18916      1.18916
      0.41000      1.94309      1.94309
      0.42000      2.14884      2.14884
      0.43000      2.13617      2.13617
      0.44000      3.47335      3.47335
      0.45000      4.50811      4.50811
      0.46000      3.45489      3.45489
      0.47000      1.82511      1.82511
      0.48000      1.01019      1.01019
      0.49000      0.98578      0.98578
      0.50000      2.71159      2.71159
      0.51000      5.85949      5.85949
      0.52000      6.38149      6.38149
      0.53000      4.13031      4.13031
      0.54000      2.62593      2.62593
      0.55000      1.91861      1.91861
      0.56000      1.72583      1.72583
      0.57000      2.09151      2.09151
      0.58000      2.74009      2.74009
      0.59000      3.35895      3.35895
      0.60000      3.89099      3.89099
      0.61000      5.14764      5.14764
      0.62000      5.54625      5.54625
      0.63000      4.36913      4.36913
      0.64000      3.23591      3.23591
      0.65000      3.36859      3.36859
      0.66000      4.68887      4.68887
      0.67000      5.66928      5.66928
      0.68000      5.45988      5.45988
      0.69000      5.82691      5.82691
      0.70000      6.21083      6.21083
      0.71000      5.71451      5.71451
      0.72000      5.72222      5.72222
      0.73000      5.45412      5.45412
      0.74000      4.05560      4.05560
      0.75000      3.36639      3.36639
      0.76000      3.64288      3.64288
      0.77000      3.32831      3.32831
      0.78000      3.58467      3.58467
      0.79000      5.07999      5.07999
      0.80000      6.66487      6.66487
      0.81000      7.12476      7.12476
      0.82000      5.34844      5.34844
      0.83000      3.22109      3.22109
      0.84000      3.11691      3.11691
      0.85000      3.52447      3.52447
      0.86000      3.05975      3.05975
      0.87000      2.65485      2.65485
      0.88000      2.83690      2.83690
      0.89000      3.68505      3.68505
      0.90000      5.25394      5.25394
      0.91000      6.49043      6.49043
      0.92000      6.38612      6.38612
      0.93000      5.73507      5.73507
      0.94000      4.79393      4.79393
      0.95000      3.35202      3.35202
      0.96000      2.24371      2.24371
      0.97000      1.70152      1.70152
      0.98000      1.73688      1.73688
      0.99000      1.95719      1.95719
      1.00000      2.27405      2.27405
      1.01000      2.51015      2.51015
      1.02000      3.04713      3.04713
      1.03000      4.21787      4.21787
      1.04000      4.64319      4.64319
      1.05000      4.09192      4.09192
      1.06000      3.50379      3.50379
      1.07000      3.78901      3.78901
      1.08000      5.51787      5.51787
      1.09000      6.09158      6.09158
      1.10000      4.40204      4.40204
      1.11000      3.68778      3.68778
      1.12000      5.28933      5.28933
      1.13000      6.51842      6.51842
      1.14000      5.33433      5.33433
      1.15000      4.85053      4.85053
      1.16000      5.03399      5.03399
      1.17000      4.15130      4.15130
      1.18000      3.18456      3.18456
      1.19000      2.53164      2.53164
      1.20000      2.13053      2.13053
      1.21000      2.26242      2.26242
      1.22000      2.41815      2.41815
      1.23000      2.90722      2.90722
      1.24000      4.18182      4.18182
      1.25000      4.50693      4.50693
      1.26000      3.47789      3.47789
      1.27000      2.59564      2.59564
      1.28000      2.33370      2.33370
      1.29000      2.77821      2.77821
      1.30000      3.76943      3.76943
      1.31000      3.76358      3.76358
      1.32000      2.70955      2.70955
      1.33000      1.64852      1.64852
      1.34000      1.71311      1.71311
      1.35000      2.94682      2.94682
      1.36000      3.87293      3.87293
      1.37000      4.13938      4.13938
      1.38000      4.03466      4.03466
      1.39000      3.30685      3.30685
      1.40000      2.54326      2.54326
      1.41000      2.48814      2.48814
      1.42000      3.19388      3.19388
      1.43000      3.49648      3.49648
      1.44000      3.97238      3.97238
      1.45000      4.53390      4.53390
      1.46000      5.05889      5.05889
      1.47000      5.96423      5.96423
      1.48000      6.77963      6.77963
      1.49000      7.12613      7.12613
      1.50000      6.25433      6.25433
      1.51000      3.43815      3.43815
      1.52000      1.35554      1.35554
      1.53000      1.47938      1.47938
      1.54000      2.69648      2.69648
      1.55000      4.42381      4.42381
      1.56000      5.88598      5.88598
      1.57000      5.76446      5.76446
      1.58000      4.68861      4.68861
      1.59000      4.66251      4.66251
      1.60000      5.45162      5.45162
      1.61000      5.34127      5.34127
      1.62000      4.15123      4.15123
      1.63000      4.02824      4.02824
      1.64000      4.35717      4.35717
      1.65000      3.66528      3.66528
      1.66000      3.28706      3.28706
      1.67000      3.22931      3.22931
      1.68000      2.58140      2.58140
      1.69000      2.09037      2.09037
      1.70000      3.02162      3.02162
      1.71000      4.61965      4.61965
      1.72000      5.21363      5.21363
      1.73000      4.90750      4.90750
      1.74000      4.33350      4.33350
      1.75000      3.30367      3.30367
      1.76000      2.50396      2.50396
      1.77000      2.81462      2.81462
      1.78000      3.64098      3.64098
      1.79000      4.11714      4.11714
      1.80000      4.34010      4.34010
      1.81000      5.01982      5.01982
      1.82000      5.81885      5.81885
      1.83000      5.03673      5.03673
      1.84000      3.29056      3.29056
      1.85000      2.77604      2.77604
      1.86000      4.22546      4.22546
      1.87000      6.06583      6.06583
      1.88000      5.84532      5.84532
      1.89000      3.51251      3.51251
      1.90000      1.73884      1.73884
      1.91000      1.48646      1.48646
      1.92000      1.60320      1.60320
      1.93000      1.41093      1.41093
      1.94000      2.18119      2.18119
      1.95000      4.50239      4.50239
      1.96000      6.22551      6.22551
      1.97000      5.95259      5.95259
      1.98000      5.06694      5.06694
      1.99000      4.84954      4.84954
      2.00000      4.89699      4.89699
      2.01000      4.16367      4.16367
      2.02000      2.86998      2.86998
      2.03000      2.66617      2.66617
      2.04000      3.92139      3.92139
      2.05000      4.38169      4.38169
      2.06000      3.59483      3.59483
      2.07000      2.52105      2.52105
      2.08000      1.95670      1.95670
      2.09000      2.41455      2.41455
      2.10000      3.33356      3.33356
      2.11000      3.53452      3.53452
      2.12000      3.73456      3.73456
      2.13000      4.31650      4.31650
      2.14000      4.52300      4.52300
      2.15000      4.79706      4.79706
      2.16000      5.22143      5.22143
      2.17000      5.28626      5.28626
      2.18000      5.49101      5.49101
      2.19000      4.71857      4.71857
      2.20000      2.93341      2.93341
      2.21000      1.33026      1.33026
      2.22000      1.48487      1.48487
      2.23000      3.53729      3.53729
      2.24000      5.42446      5.42446
      2.25000      5.48028      5.48028
      2.26000      4.93226      4.93226
      2.27000      4.99681      4.99681
      2.28000      3.79875      3.79875
      2.29000      2.24592      2.24592
      2.30000      1.52180      1.52180
      2.31000      2.62144      2.62144
      2.32000      5.70734      5.70734
      2.33000      7.05059      7.05059
      2.34000      5.34013      5.34013
      2.35000      4.36726      4.36726
      2.36000      4.43772      4.43772
      2.37000      3.94546      3.94546
      2.38000      3.88785      3.88785
      2.39000      4.52430      4.52430
      2.40000      5.06449      5.06449
      2.41000      4.78081      4.78081
      2.42000      4.17588      4.17588
      2.43000      4.55676      4.55676
      2.44000      5.07072      5.07072
      2.45000      3.75542      3.75542
      2.46000      2.03429      2.03429
      2.47000      1.98227      1.98227
      2.48000      2.29800      2.29800
      2.49000      2.63321      2.63321
      2.50000      3.08394      3.08394
      2.51000      3.50693      3.50693
      2.52000      4.30989      4.30989
      2.53000      4.25879      4.25879
      2.54000      3.26837      3.26837
      2.55000      2.44434      2.44434
      2.56000      3.26227      3.26227
      2.57000      6.30957      6.30957
      2.58000      8.34675      8.34675
      2.59000      7.17532      7.17532
      2.60000      5.60409      5.60409
      2.61000      5.22970      5.22970
      2.62000      5.68931      5.68931
      2.63000      6.46627      6.46627
      2.64000      6.37001      6.37001
      2.65000      5.11217      5.11217
      2.66000      4.54453      4.54453
      2.67000      4.72909      4.72909
      2.68000      5.50176      5.50176
      2.69000      7.16313      7.16313
      2.70000      8.09625      8.09625
      2.71000      7.47805      7.47805
      2.72000      7.27356      7.27356
      2.73000      6.39487      6.39487
      2.74000      5.06257      5.06257
      2.75000      4.97060      4.97060
      2.76000      4.11574      4.11574
      2.77000      2.59241      2.59241
      2.78000      1.91907      1.91907
      2.79000      2.03013      2.03013
      2.80000      1.93690      1.93690
      2.81000      2.31442      2.31442
      2.82000      3.46208      3.46208
      2.83000      3.82141      3.82141
      2.84000      4.54833      4.54833
      2.85000      6.28651      6.28651
      2.86000      7.02919      7.02919
      2.87000      6.87837      6.87837
      2.88000      7.03268      7.03268
      2.89000      5.95985      5.95985
      2.90000      5.29311      5.29311
      2.91000      5.96540      5.96540
      2.92000      6.25889      6.25889
      2.93000      6.60951      6.60951
      2.94000      7.45414      7.45414
      2.95000      6.38299      6.38299
      2.96000      4.27251      4.27251
      2.97000      2.91906      2.91906
      2.98000      2.83276      2.83276
      2.99000      3.88068      3.88068
      3.00000      4.81473      4.81473
      3.01000      4.23997      4.23997
      3.02000      3.34110      3.34110
      3.03000      2.52238      2.52238
      3.04000      2.33334      2.33334
      3.05000      3.49995      3.49995
      3.06000      4.70937      4.70937
      3.07000      5.48635      5.48635
      3.08000      5.76365      5.76365
      3.09000      4.65177      4.65177
      3.10000      3.16591      3.16591
      3.11000      2.29246      2.29246
      3.12000      1.96632      1.96632
      3.13000      2.63410      2.63410
      3.14000      3.63322      3.63322
      3.15000      4.39551      4.39551
      3.16000      4.81286      4.81286
      3.17000      4.76811      4.76811
      3.18000      3.55233      3.55233
      3.19000      2.61862      2.61862
      3.20000      2.95363      2.95363
      3.21000      3.29790      3.29790
      3.22000      3.18941      3.18941
      3.23000      3.42642      3.42642
      3.24000      3.86322      3.86322
      3.25000      3.47733      3.47733
      3.26000      3.21288      3.21288
      3.27000      3.14114      3.14114
      3.28000      2.90465      2.90465
      3.29000      2.92618      2.92618
      3.30000      3.18509      3.18509
      3.31000      3.70304      3.70304
      3.32000      4.53491      4.53491
      3.33000      5.19819      5.19819
      3.34000      5.25348      5.25348
      3.35000      4.70865      4.70865
      3.36000      4.77983      4.77983
      3.37000      5.05409      5.05409
      3.38000      3.97302      3.97302
      3.39000      2.04820      2.04820
      3.40000      1.23613      1.23613
      3.41000      1.26344      1.26344
      3.42000      1.62025      1.62025
      3.43000      3.17355      3.17355
      3.44000      4.47456      4.47456
      3.45000      4.35646      4.35646
      3.46000      4.14248      4.14248
      3.47000      3.46677      3.46677
      3.48000      2.38169      2.38169
      3.49000      2.49787      2.49787
      3.50000      3.70181      3.70181
      3.51000      6.30436      6.30436
      3.52000      8.25714      8.25714
      3.53000      6.85941      6.85941
      3.54000      4.65631      4.65631
      3.55000      3.64609      3.64609
      3.56000      4.26838      4.26838
      3.57000      6.42272      6.42272
      3.58000      7.46397      7.46397
      3.59000      6.37728      6.37728
      3.60000      6.59967      6.59967
      3.61000      7.87625      7.87625
      3.62000      6.97756      6.97756
      3.63000      5.91312      5.91312
      3.64000      4.81620      4.81620
      3.65000      3.09596      3.09596
      3.66000      2.08328      2.08328
      3.67000      1.38455      1.38455
      3.68000      1.29026      1.29026
      3.69000      2.40133      2.40133
      3.70000      3.84876      3.84876
      3.71000      4.31147      4.31147
      3.72000      4.41197      4.41197
      3.73000      4.50608      4.50608
      3.74000      4.85640      4.85640
      3.75000      5.42544      5.42544
      3.76000      4.44753      4.44753
      3.77000      2.76866      2.76866
      3.78000      2.38496      2.38496
      3.79000      3.45812      3.45812
      3.80000      4.40568      4.40568
      3.81000      3.85829      3.85829
      3.82000      2.95342      2.95342
      3.83000      2.91721      2.91721
      3.84000      3.67826      3.67826
      3.85000      4.98619      4.98619
      3.86000      6.31338      6.31338
      3.87000      6.12593      6.12593
      3.88000      4.72263      4.72263
      3.89000      4.09681      4.09681
      3.90000      4.61004      4.61004
      3.91000      3.70823      3.70823
      3.92000      1.82601      1.82601
      3.93000      1.74447      1.74447
      3.94000      2.62066      2.62066
      3.95000      2.64590      2.64590
      3.96000      2.19509      2.19509
      3.97000      1.94043      1.94043
      3.98000      2.12905      2.12905
      3.99000      2.42347      2.42347
      4.00000      3.26543      3.26543
      4.01000      3.80549      3.80549
      4.02000      3.24059      3.24059
      4.03000      3.16138      3.16138
      4.04000      4.00706      4.00706
      4.05000      4.23565      4.23565
      4.06000      3.76653      3.76653
      4.07000      3.70365      3.70365
      4.08000      2.82960      2.82960
      4.09000      1.55271      1.55271
      4.10000      1.66723      1.66723
      4.11000      2.54008      2.54008
      4.12000      2.83081      2.83081
      4.13000      2.77146      2.77146
      4.14000      3.04967      3.04967
      4.15000      3.69547      3.69547
      4.16000      4.30808      4.30808
      4.17000      3.88330      3.88330
      4.18000      2.93032      2.93032
      4.19000      3.06184      3.06184
      4.20000      3.53723      3.53723
      4.21000      2.88462      2.88462
      4.22000      2.00691      2.00691
      4.23000      2.67239      2.67239
      4.24000      3.03953      3.03953
      4.25000      2.68620      2.68620
      4.26000      2.38570      2.38570
      4.27000      1.77233      1.77233
      4.28000      1.62876      1.62876
      4.29000      1.83555      1.83555
      4.30000      1.95570      1.95570
      4.31000      1.90850      1.90850
      4.32000      1.86567      1.86567
      4.33000      2.72827      2.72827
      4.34000      3.77912      3.77912
      4.35000      3.72974      3.72974
      4.36000      3.16930      3.16930
      4.37000      2.94298      2.94298
      4.38000      2.80580      2.80580
      4.39000      2.73921      2.73921
      4.40000      2.40105      2.40105
      4.41000      1.74808      1.74808
      4.42000      1.36244      1.36244
      4.43000      1.45633      1.45633
      4.44000      1.91748      1.91748
      4.45000      2.58905      2.58905
      4.46000      3.79855      3.79855
      4.47000      4.10959      4.10959
      4.48000      3.16949      3.16949
      4.49000      2.53908      2.53908
      4.50000      2.30374      2.30374
      4.51000      2.21486      2.21486
      4.52000      2.93630      2.93630
      4.53000      3.31919      3.31919
      4.54000      2.84451      2.84451
      4.55000      2.86194      2.86194
      4.56000      2.94323      2.94323
      4.57000      3.12098      3.12098
      4.58000      3.27370      3.27370
      4.59000      2.69423      2.69423
      4.60000      2.00543      2.00543
      4.61000      2.22159      2.22159
      4.62000      2.13666      2.13666
      4.63000      1.78178      1.78178
      4.64000      2.47243      2.47243
      4.65000      3.03363      3.03363
      4.66000      2.71063      2.71063
      4.67000      2.30832      2.30832
      4.68000      2.27681      2.27681
      4.69000      3.30833      3.30833
      4.70000      4.87382      4.87382
      4.71000      5.10095      5.10095
      4.72000      4.37803      4.37803
      4.73000      3.95725      3.95725
      4.74000      3.40635      3.40635
      4.75000      2.70470      2.70470
      4.76000      2.41278      2.41278
      4.77000      3.77463      3.77463
      4.78000      5.33056      5.33056
      4.79000      5.42980      5.42980
      4.80000      6.35705      6.35705
      4.81000      7.63380      7.63380
      4.82000      7.11134      7.11134
      4.83000      5.95078      5.95078
      4.84000      4.10512      4.10512
      4.85000      3.12424      3.12424
      4.86000      4.59599      4.59599
      4.87000      5.75321      5.75321
      4.88000      4.36916      4.36916
      4.89000      3.19823      3.19823
      4.90000      4.40839      4.40839
      4.91000      5.26162      5.26162
