Energy-E_F (eV)    DOS (1/eV)    PDOS (1/eV)  of atom type Bi 
     -4.63904      0.00000      0.00000
     -4.62904      0.00000      0.00000
     -4.61904      0.00000      0.00000
     -4.60904      0.00000      0.00000
     -4.59904      0.00000      0.00000
     -4.58904      0.00000      0.00000
     -4.57904      0.00000      0.00000
     -4.56904      0.00000      0.00000
     -4.55904      0.00000      0.00000
     -4.54904      0.00000      0.00000
     -4.53904      0.00000      0.00000
     -4.52904      0.00000      0.00000
     -4.51904      0.00000      0.00000
     -4.50904      0.00000      0.00000
     -4.49904      0.00001      0.00000
     -4.48904      0.00077      0.00000
     -4.47904      0.01567      0.00000
     -4.46904      0.11742      0.00000
     -4.45904      0.32368      0.00000
     -4.44904      0.32824      0.00000
     -4.43904      0.12245      0.00000
     -4.42904      0.01681      0.00000
     -4.41904      0.00113      0.00000
     -4.40904      0.00621      0.00000
     -4.39904      0.05114      0.00000
     -4.38904      0.16146      0.00000
     -4.37904      0.25980      0.00000
     -4.36904      0.49336      0.00000
     -4.35904      0.98201      0.00000
     -4.34904      1.39602      0.00000
     -4.33904      1.50907      0.00000
     -4.32904      1.41860      0.00000
     -4.31904      1.40072      0.00000
     -4.30904      1.76000      0.00000
     -4.29904      2.39948      0.00000
     -4.28904      2.33725      0.00000
     -4.27904      1.99174      0.00000
     -4.26904      1.73907      0.00000
     -4.25904      1.23148      0.00000
     -4.24904      0.92196      0.00000
     -4.23904      1.46459      0.00000
     -4.22904      2.52788      0.00000
     -4.21904      3.75492      0.00000
     -4.20904      4.67865      0.00000
     -4.19904      4.55935      0.00000
     -4.18904      3.46944      0.00000
     -4.17904      3.06554      0.00000
     -4.16904      3.71773      0.00000
     -4.15904      3.84224      0.00000
     -4.14904      3.26361      0.00000
     -4.13904      2.70243      0.00000
     -4.12904      2.27886      0.00000
     -4.11904      2.14866      0.00000
     -4.10904      3.05668      0.00000
     -4.09904      4.47703      0.00000
     -4.08904      4.10123      0.00000
     -4.07904      2.82642      0.00000
     -4.06904      2.72012      0.00000
     -4.05904      3.09752      0.00000
     -4.04904      2.39273      0.00000
     -4.03904      1.96580      0.00000
     -4.02904      3.06755      0.00000
     -4.01904      3.76842      0.00000
     -4.00904      3.52918      0.00000
     -3.99904      3.48965      0.00000
     -3.98904      4.33848      0.00000
     -3.97904      5.37661      0.00000
     -3.96904      5.75167      0.00000
     -3.95904      5.43364      0.00000
     -3.94904      4.61599      0.00000
     -3.93904      4.51581      0.00000
     -3.92904      5.45342      0.00000
     -3.91904      6.06605      0.00000
     -3.90904      5.94385      0.00000
     -3.89904      5.41101      0.00000
     -3.88904      5.53870      0.00000
     -3.87904      7.07021      0.00000
     -3.86904      7.24837      0.00000
     -3.85904      5.77739      0.00000
     -3.84904      4.97669      0.00000
     -3.83904      5.35866      0.00000
     -3.82904      6.02516      0.00000
     -3.81904      6.68270      0.00000
     -3.80904      6.94223      0.00000
     -3.79904      6.42699      0.00000
     -3.78904      6.26510      0.00000
     -3.77904      6.21414      0.00000
     -3.76904      5.32837      0.00000
     -3.75904      4.98600      0.00000
     -3.74904      5.33465      0.00000
     -3.73904      5.58373      0.00000
     -3.72904      5.30100      0.00000
     -3.71904      5.42795      0.00000
     -3.70904      6.75858      0.00000
     -3.69904      6.66375      0.00000
     -3.68904      4.28092      0.00000
     -3.67904      3.00918      0.00000
     -3.66904      3.28316      0.00000
     -3.65904      3.53718      0.00000
     -3.64904      4.16126      0.00000
     -3.63904      5.20972      0.00000
     -3.62904      6.04416      0.00000
     -3.61904      6.23506      0.00000
     -3.60904      5.91498      0.00000
     -3.59904      5.79394      0.00000
     -3.58904      6.04650      0.00000
     -3.57904      5.74259      0.00000
     -3.56904      5.03545      0.00000
     -3.55904      5.13969      0.00000
     -3.54904      5.60762      0.00000
     -3.53904      5.46712      0.00000
     -3.52904      4.92741      0.00000
     -3.51904      4.55707      0.00000
     -3.50904      3.47809      0.00000
     -3.49904      2.89372      0.00000
     -3.48904      3.65437      0.00000
     -3.47904      5.43840      0.00000
     -3.46904      7.30288      0.00000
     -3.45904      7.29816      0.00000
     -3.44904      6.28450      0.00000
     -3.43904      6.13567      0.00000
     -3.42904      6.51606      0.00000
     -3.41904      6.30232      0.00000
     -3.40904      6.30636      0.00000
     -3.39904      6.64212      0.00000
     -3.38904      6.33550      0.00000
     -3.37904      5.34937      0.00000
     -3.36904      4.91090      0.00000
     -3.35904      5.03188      0.00000
     -3.34904      5.28689      0.00000
     -3.33904      5.79047      0.00000
     -3.32904      5.52053      0.00000
     -3.31904      5.02024      0.00000
     -3.30904      5.11413      0.00000
     -3.29904      6.33943      0.00000
     -3.28904      7.77735      0.00000
     -3.27904      7.18027      0.00000
     -3.26904      6.11963      0.00000
     -3.25904      6.92609      0.00000
     -3.24904      8.55495      0.00000
     -3.23904      8.87833      0.00000
     -3.22904      7.68658      0.00000
     -3.21904      6.78765      0.00000
     -3.20904      6.24038      0.00000
     -3.19904      5.27920      0.00000
     -3.18904      4.59843      0.00000
     -3.17904      4.79551      0.00000
     -3.16904      5.40430      0.00000
     -3.15904      5.57584      0.00000
     -3.14904      6.08824      0.00000
     -3.13904      7.31070      0.00000
     -3.12904      7.85554      0.00000
     -3.11904      7.47670      0.00000
     -3.10904      7.67098      0.00000
     -3.09904      7.78165      0.00000
     -3.08904      7.19297      0.00000
     -3.07904      6.74904      0.00000
     -3.06904      7.22392      0.00000
     -3.05904      8.07519      0.00000
     -3.04904      7.64042      0.00000
     -3.03904      7.62405      0.00000
     -3.02904      8.97580      0.00000
     -3.01904      8.75113      0.00000
     -3.00904      7.32420      0.00000
     -2.99904      7.55085      0.00000
     -2.98904      7.92632      0.00000
     -2.97904      6.61032      0.00000
     -2.96904      5.67823      0.00000
     -2.95904      6.54192      0.00000
     -2.94904      8.18269      0.00000
     -2.93904      9.33963      0.00000
     -2.92904      9.20832      0.00000
     -2.91904      9.43509      0.00000
     -2.90904     10.78627      0.00000
     -2.89904     11.17006      0.00000
     -2.88904     11.07400      0.00000
     -2.87904     11.32353      0.00000
     -2.86904     11.26904      0.00000
     -2.85904      9.35256      0.00000
     -2.84904      7.20011      0.00000
     -2.83904      7.45495      0.00000
     -2.82904      9.32173      0.00000
     -2.81904     11.60025      0.00000
     -2.80904     12.67785      0.00000
     -2.79904     12.87468      0.00000
     -2.78904     13.38387      0.00000
     -2.77904     12.96962      0.00000
     -2.76904     12.10093      0.00000
     -2.75904     11.00307      0.00000
     -2.74904      9.44656      0.00000
     -2.73904      9.74750      0.00000
     -2.72904     13.06561      0.00000
     -2.71904     15.81506      0.00000
     -2.70904     15.46800      0.00000
     -2.69904     13.24338      0.00000
     -2.68904     10.20775      0.00000
     -2.67904      8.79518      0.00000
     -2.66904      8.93201      0.00000
     -2.65904     10.01860      0.00000
     -2.64904      9.84873      0.00000
     -2.63904      8.42736      0.00000
     -2.62904      9.42757      0.00000
     -2.61904     11.00948      0.00000
     -2.60904     10.40140      0.00000
     -2.59904      9.95995      0.00000
     -2.58904     10.95722      0.00000
     -2.57904     10.84278      0.00000
     -2.56904     10.51114      0.00000
     -2.55904     11.10351      0.00000
     -2.54904     10.91432      0.00000
     -2.53904     10.30713      0.00000
     -2.52904     10.92259      0.00000
     -2.51904     11.88209      0.00000
     -2.50904     12.05598      0.00000
     -2.49904     10.85776      0.00000
     -2.48904      9.01057      0.00000
     -2.47904      8.15184      0.00000
     -2.46904      8.27732      0.00000
     -2.45904      8.52418      0.00000
     -2.44904      9.61420      0.00000
     -2.43904     11.51215      0.00000
     -2.42904     12.43268      0.00000
     -2.41904     11.96404      0.00000
     -2.40904     11.50909      0.00000
     -2.39904     10.97593      0.00000
     -2.38904     10.55016      0.00000
     -2.37904     10.13514      0.00000
     -2.36904      8.75846      0.00000
     -2.35904      7.29751      0.00000
     -2.34904      6.90847      0.00000
     -2.33904      7.64246      0.00000
     -2.32904      9.10461      0.00000
     -2.31904     10.32374      0.00000
     -2.30904     10.66912      0.00000
     -2.29904      9.84032      0.00000
     -2.28904      9.58544      0.00000
     -2.27904     10.78952      0.00000
     -2.26904     10.83437      0.00000
     -2.25904      9.43517      0.00000
     -2.24904      8.17224      0.00000
     -2.23904      7.37331      0.00000
     -2.22904      7.91892      0.00000
     -2.21904     10.69851      0.00000
     -2.20904     13.10522      0.00000
     -2.19904     12.29882      0.00000
     -2.18904     10.11248      0.00000
     -2.17904      8.87350      0.00000
     -2.16904      9.17850      0.00000
     -2.15904     10.59274      0.00000
     -2.14904     11.40759      0.00000
     -2.13904     11.48045      0.00000
     -2.12904     11.58131      0.00000
     -2.11904     10.45864      0.00000
     -2.10904      9.51688      0.00000
     -2.09904     10.14724      0.00000
     -2.08904     11.76341      0.00000
     -2.07904     12.33678      0.00000
     -2.06904     11.86586      0.00000
     -2.05904     11.93480      0.00000
     -2.04904     12.40379      0.00000
     -2.03904     12.62721      0.00000
     -2.02904     11.81648      0.00000
     -2.01904     10.96092      0.00000
     -2.00904     10.78279      0.00000
     -1.99904     10.76954      0.00000
     -1.98904     11.55414      0.00000
     -1.97904     13.19731      0.00000
     -1.96904     13.52023      0.00000
     -1.95904     12.65757      0.00000
     -1.94904     12.01120      0.00000
     -1.93904     10.99505      0.00000
     -1.92904      8.98916      0.00000
     -1.91904      8.57206      0.00000
     -1.90904     10.20330      0.00000
     -1.89904     10.71055      0.00000
     -1.88904     10.35263      0.00000
     -1.87904     10.30836      0.00000
     -1.86904     10.82993      0.00000
     -1.85904     12.19107      0.00000
     -1.84904     13.63941      0.00000
     -1.83904     14.00064      0.00000
     -1.82904     13.67614      0.00000
     -1.81904     13.42893      0.00000
     -1.80904     13.37525      0.00000
     -1.79904     12.83619      0.00000
     -1.78904     11.94789      0.00000
     -1.77904     11.59725      0.00000
     -1.76904     12.67136      0.00000
     -1.75904     12.87177      0.00000
     -1.74904     11.48595      0.00000
     -1.73904     10.31162      0.00000
     -1.72904     11.52425      0.00000
     -1.71904     14.23022      0.00000
     -1.70904     14.88555      0.00000
     -1.69904     13.96880      0.00000
     -1.68904     12.53222      0.00000
     -1.67904     11.29261      0.00000
     -1.66904     11.35582      0.00000
     -1.65904     11.51862      0.00000
     -1.64904     11.00407      0.00000
     -1.63904     10.62310      0.00000
     -1.62904     10.40070      0.00000
     -1.61904      9.85337      0.00000
     -1.60904      8.82317      0.00000
     -1.59904      8.98462      0.00000
     -1.58904     11.49640      0.00000
     -1.57904     12.50588      0.00000
     -1.56904      9.68030      0.00000
     -1.55904      7.58897      0.00000
     -1.54904      8.54578      0.00000
     -1.53904      9.57295      0.00000
     -1.52904      9.74048      0.00000
     -1.51904      9.50118      0.00000
     -1.50904      9.24928      0.00000
     -1.49904      9.98076      0.00000
     -1.48904     10.66183      0.00000
     -1.47904     10.32962      0.00000
     -1.46904      9.28645      0.00000
     -1.45904      7.42043      0.00000
     -1.44904      5.82230      0.00000
     -1.43904      6.20452      0.00000
     -1.42904      8.66111      0.00000
     -1.41904     10.73720      0.00000
     -1.40904     11.19999      0.00000
     -1.39904     11.33752      0.00000
     -1.38904     12.65695      0.00000
     -1.37904     13.19526      0.00000
     -1.36904     12.98255      0.00000
     -1.35904     12.31890      0.00000
     -1.34904      9.82045      0.00000
     -1.33904      7.31554      0.00000
     -1.32904      7.16599      0.00000
     -1.31904      9.14346      0.00000
     -1.30904     10.87312      0.00000
     -1.29904     10.19589      0.00000
     -1.28904     10.00358      0.00000
     -1.27904     11.99901      0.00000
     -1.26904     11.94492      0.00000
     -1.25904      9.74566      0.00000
     -1.24904      9.08197      0.00000
     -1.23904      9.28458      0.00000
     -1.22904      9.63636      0.00000
     -1.21904      9.56911      0.00000
     -1.20904      9.60583      0.00000
     -1.19904      9.65322      0.00000
     -1.18904      9.22892      0.00000
     -1.17904     10.13955      0.00000
     -1.16904     11.58105      0.00000
     -1.15904     12.51626      0.00000
     -1.14904     12.27987      0.00000
     -1.13904     11.81044      0.00000
     -1.12904     11.56377      0.00000
     -1.11904     10.47288      0.00000
     -1.10904      9.65051      0.00000
     -1.09904     10.49149      0.00000
     -1.08904     10.96571      0.00000
     -1.07904     10.76087      0.00000
     -1.06904     10.83356      0.00000
     -1.05904     11.53906      0.00000
     -1.04904     11.25470      0.00000
     -1.03904      9.75888      0.00000
     -1.02904      9.46993      0.00000
     -1.01904     10.48807      0.00000
     -1.00904     11.00174      0.00000
     -0.99904     10.63586      0.00000
     -0.98904     10.91638      0.00000
     -0.97904     11.65145      0.00000
     -0.96904     11.19557      0.00000
     -0.95904     10.73708      0.00000
     -0.94904     10.30795      0.00000
     -0.93904      9.67701      0.00000
     -0.92904     10.31286      0.00000
     -0.91904     11.54166      0.00000
     -0.90904     10.85639      0.00000
     -0.89904      9.77186      0.00000
     -0.88904     10.77755      0.00000
     -0.87904     12.41537      0.00000
     -0.86904     12.71110      0.00000
     -0.85904     11.83714      0.00000
     -0.84904     10.85400      0.00000
     -0.83904     10.97194      0.00000
     -0.82904     12.17475      0.00000
     -0.81904     13.08746      0.00000
     -0.80904     12.64100      0.00000
     -0.79904     10.66834      0.00000
     -0.78904      9.82429      0.00000
     -0.77904      9.81882      0.00000
     -0.76904      9.26373      0.00000
     -0.75904      9.39558      0.00000
     -0.74904      9.66352      0.00000
     -0.73904     11.03857      0.00000
     -0.72904     13.55380      0.00000
     -0.71904     13.37823      0.00000
     -0.70904     11.32180      0.00000
     -0.69904     10.96033      0.00000
     -0.68904     10.40243      0.00000
     -0.67904      9.62221      0.00000
     -0.66904      9.95198      0.00000
     -0.65904     10.12170      0.00000
     -0.64904     10.09730      0.00000
     -0.63904      9.38473      0.00000
     -0.62904      8.50888      0.00000
     -0.61904      8.88344      0.00000
     -0.60904      9.46368      0.00000
     -0.59904      9.99755      0.00000
     -0.58904     11.28308      0.00000
     -0.57904     12.65958      0.00000
     -0.56904     12.17520      0.00000
     -0.55904     11.34680      0.00000
     -0.54904     10.90427      0.00000
     -0.53904     10.65961      0.00000
     -0.52904      9.26782      0.00000
     -0.51904      7.45287      0.00000
     -0.50904      7.55702      0.00000
     -0.49904      7.61686      0.00000
     -0.48904      7.06098      0.00000
     -0.47904      7.16372      0.00000
     -0.46904      6.83638      0.00000
     -0.45904      5.98821      0.00000
     -0.44904      5.82362      0.00000
     -0.43904      6.21437      0.00000
     -0.42904      7.11589      0.00000
     -0.41904      8.72428      0.00000
     -0.40904      9.21599      0.00000
     -0.39904      7.76742      0.00000
     -0.38904      5.59854      0.00000
     -0.37904      4.68184      0.00000
     -0.36904      5.48868      0.00000
     -0.35904      6.11508      0.00000
     -0.34904      6.10231      0.00000
     -0.33904      6.60760      0.00000
     -0.32904      7.21948      0.00000
     -0.31904      6.87560      0.00000
     -0.30904      5.56872      0.00000
     -0.29904      4.82281      0.00000
     -0.28904      5.54655      0.00000
     -0.27904      6.77587      0.00000
     -0.26904      7.77957      0.00000
     -0.25904      7.41320      0.00000
     -0.24904      6.00353      0.00000
     -0.23904      4.72285      0.00000
     -0.22904      4.13789      0.00000
     -0.21904      4.50133      0.00000
     -0.20904      5.25660      0.00000
     -0.19904      4.99902      0.00000
     -0.18904      4.42678      0.00000
     -0.17904      4.28058      0.00000
     -0.16904      3.71291      0.00000
     -0.15904      3.32124      0.00000
     -0.14904      3.11132      0.00000
     -0.13904      3.04802      0.00000
     -0.12904      3.41384      0.00000
     -0.11904      4.01484      0.00000
     -0.10904      3.94649      0.00000
     -0.09904      3.29526      0.00000
     -0.08904      3.77506      0.00000
     -0.07904      4.82096      0.00000
     -0.06904      4.70295      0.00000
     -0.05904      4.22854      0.00000
     -0.04904      3.43747      0.00000
     -0.03904      2.96892      0.00000
     -0.02904      3.36513      0.00000
     -0.01904      3.29012      0.00000
     -0.00904      2.45987      0.00000
      0.00096      1.98977      0.00000
      0.01096      2.08468      0.00000
      0.02096      2.03907      0.00000
      0.03096      1.49086      0.00000
      0.04096      0.79392      0.00000
      0.05096      0.45482      0.00000
      0.06096      0.65199      0.00000
      0.07096      1.05434      0.00000
      0.08096      1.30707      0.00000
      0.09096      1.44863      0.00000
      0.10096      1.84833      0.00000
      0.11096      1.98049      0.00000
      0.12096      1.50901      0.00000
      0.13096      1.14957      0.00000
      0.14096      1.11311      0.00000
      0.15096      1.46453      0.00000
      0.16096      1.89606      0.00000
      0.17096      2.33158      0.00000
      0.18096      2.19625      0.00000
      0.19096      1.63661      0.00000
      0.20096      1.79755      0.00000
      0.21096      1.96372      0.00000
      0.22096      1.61999      0.00000
      0.23096      1.68402      0.00000
      0.24096      2.08665      0.00000
      0.25096      1.91214      0.00000
      0.26096      1.33321      0.00000
      0.27096      1.19971      0.00000
      0.28096      1.45086      0.00000
      0.29096      1.62907      0.00000
      0.30096      1.90920      0.00000
      0.31096      2.57979      0.00000
      0.32096      3.24323      0.00000
      0.33096      2.95271      0.00000
      0.34096      2.32665      0.00000
      0.35096      2.13511      0.00000
      0.36096      2.43665      0.00000
      0.37096      2.34942      0.00000
      0.38096      1.57526      0.00000
      0.39096      1.40530      0.00000
      0.40096      2.07235      0.00000
      0.41096      3.06504      0.00000
      0.42096      4.11267      0.00000
      0.43096      3.64063      0.00000
      0.44096      2.78635      0.00000
      0.45096      3.21800      0.00000
      0.46096      3.75580      0.00000
      0.47096      3.65525      0.00000
      0.48096      3.09720      0.00000
      0.49096      2.65049      0.00000
      0.50096      2.73274      0.00000
      0.51096      3.62208      0.00000
      0.52096      4.43495      0.00000
      0.53096      4.05376      0.00000
      0.54096      4.24680      0.00000
      0.55096      5.66665      0.00000
      0.56096      6.58881      0.00000
      0.57096      7.45719      0.00000
      0.58096      8.32865      0.00000
      0.59096      9.29467      0.00000
      0.60096     10.11102      0.00000
      0.61096     10.98205      0.00000
      0.62096     11.13892      0.00000
      0.63096     11.07220      0.00000
      0.64096     11.33198      0.00000
      0.65096     12.08084      0.00000
      0.66096     11.99777      0.00000
      0.67096     12.39010      0.00000
      0.68096     13.55641      0.00000
      0.69096     12.81934      0.00000
      0.70096     12.28331      0.00000
      0.71096     13.14361      0.00000
      0.72096     13.31132      0.00000
      0.73096     13.53056      0.00000
      0.74096     13.77446      0.00000
      0.75096     14.28116      0.00000
      0.76096     14.80811      0.00000
      0.77096     15.16712      0.00000
      0.78096     14.77561      0.00000
      0.79096     14.03180      0.00000
      0.80096     13.87106      0.00000
      0.81096     14.13233      0.00000
      0.82096     16.29435      0.00000
      0.83096     16.29219      0.00000
      0.84096     13.89054      0.00000
      0.85096     12.85547      0.00000
      0.86096     12.07087      0.00000
      0.87096     11.33838      0.00000
      0.88096     11.12411      0.00000
      0.89096     12.02041      0.00000
      0.90096     14.43696      0.00000
      0.91096     14.93666      0.00000
      0.92096     12.80355      0.00000
      0.93096     11.13807      0.00000
      0.94096     11.09043      0.00000
      0.95096     11.21667      0.00000
      0.96096      9.66286      0.00000
      0.97096      8.65406      0.00000
      0.98096      9.45276      0.00000
      0.99096     11.78523      0.00000
      1.00096     13.05893      0.00000
      1.01096     12.65577      0.00000
      1.02096     11.99824      0.00000
      1.03096     10.60305      0.00000
      1.04096      9.55852      0.00000
      1.05096     10.08584      0.00000
      1.06096     11.42816      0.00000
      1.07096     12.17517      0.00000
      1.08096     12.42436      0.00000
      1.09096     13.74530      0.00000
      1.10096     16.31546      0.00000
      1.11096     16.63514      0.00000
      1.12096     13.96457      0.00000
      1.13096     11.65840      0.00000
      1.14096     11.34921      0.00000
      1.15096     12.92096      0.00000
      1.16096     14.15660      0.00000
      1.17096     12.98936      0.00000
      1.18096     12.41990      0.00000
      1.19096     13.80931      0.00000
      1.20096     14.49690      0.00000
      1.21096     14.08850      0.00000
      1.22096     13.36525      0.00000
      1.23096     12.10563      0.00000
      1.24096     11.40207      0.00000
      1.25096     12.81839      0.00000
      1.26096     15.27857      0.00000
      1.27096     16.26453      0.00000
      1.28096     15.49661      0.00000
      1.29096     13.15815      0.00000
      1.30096     10.68487      0.00000
      1.31096      9.36734      0.00000
      1.32096      9.41979      0.00000
      1.33096     11.09679      0.00000
      1.34096     12.59930      0.00000
      1.35096     11.64087      0.00000
      1.36096      9.04342      0.00000
      1.37096      6.99962      0.00000
      1.38096      7.43931      0.00000
      1.39096      9.71260      0.00000
      1.40096     10.77079      0.00000
      1.41096      9.61571      0.00000
      1.42096      6.88841      0.00000
      1.43096      5.51238      0.00000
      1.44096      5.57340      0.00000
      1.45096      5.65481      0.00000
      1.46096      5.87683      0.00000
      1.47096      5.73102      0.00000
      1.48096      5.26324      0.00000
      1.49096      4.75552      0.00000
      1.50096      4.66072      0.00000
      1.51096      4.73976      0.00000
      1.52096      5.39414      0.00000
      1.53096      6.94643      0.00000
      1.54096      7.16930      0.00000
      1.55096      6.45679      0.00000
      1.56096      6.28636      0.00000
      1.57096      5.76603      0.00000
      1.58096      4.69437      0.00000
      1.59096      3.52815      0.00000
      1.60096      3.51667      0.00000
      1.61096      4.77947      0.00000
      1.62096      5.42388      0.00000
      1.63096      5.27898      0.00000
      1.64096      5.04010      0.00000
      1.65096      4.50707      0.00000
      1.66096      4.99968      0.00000
      1.67096      5.97307      0.00000
      1.68096      5.47007      0.00000
      1.69096      4.28289      0.00000
      1.70096      3.83144      0.00000
      1.71096      4.07728      0.00000
      1.72096      4.57614      0.00000
      1.73096      4.65699      0.00000
      1.74096      3.76068      0.00000
      1.75096      3.78344      0.00000
      1.76096      4.17134      0.00000
      1.77096      3.77866      0.00000
      1.78096      4.12139      0.00000
      1.79096      4.96300      0.00000
      1.80096      4.71816      0.00000
      1.81096      3.60459      0.00000
      1.82096      3.25552      0.00000
      1.83096      3.66359      0.00000
      1.84096      3.34955      0.00000
      1.85096      2.76003      0.00000
      1.86096      3.37124      0.00000
      1.87096      4.50097      0.00000
      1.88096      4.92906      0.00000
      1.89096      4.79730      0.00000
      1.90096      4.52607      0.00000
      1.91096      4.58539      0.00000
      1.92096      5.62478      0.00000
      1.93096      6.64289      0.00000
      1.94096      6.16576      0.00000
      1.95096      4.96081      0.00000
      1.96096      4.20035      0.00000
      1.97096      4.21713      0.00000
      1.98096      5.32575      0.00000
      1.99096      6.59694      0.00000
      2.00096      6.30639      0.00000
      2.01096      4.77965      0.00000
      2.02096      4.39280      0.00000
      2.03096      5.43410      0.00000
      2.04096      6.20665      0.00000
      2.05096      6.34064      0.00000
      2.06096      5.86256      0.00000
      2.07096      4.86803      0.00000
      2.08096      4.74225      0.00000
      2.09096      5.38987      0.00000
      2.10096      5.27036      0.00000
      2.11096      4.48421      0.00000
      2.12096      4.10780      0.00000
      2.13096      3.48017      0.00000
      2.14096      2.07038      0.00000
      2.15096      2.16019      0.00000
      2.16096      3.40505      0.00000
      2.17096      3.59314      0.00000
      2.18096      3.70407      0.00000
      2.19096      4.83211      0.00000
      2.20096      5.50685      0.00000
      2.21096      5.07194      0.00000
      2.22096      4.38068      0.00000
      2.23096      3.95056      0.00000
      2.24096      3.61651      0.00000
      2.25096      2.88279      0.00000
      2.26096      2.03738      0.00000
      2.27096      2.19628      0.00000
      2.28096      2.84779      0.00000
      2.29096      3.28068      0.00000
      2.30096      4.08757      0.00000
      2.31096      4.09220      0.00000
      2.32096      3.15568      0.00000
      2.33096      2.94282      0.00000
      2.34096      4.12035      0.00000
      2.35096      5.41526      0.00000
      2.36096      5.13394      0.00000
      2.37096      4.37833      0.00000
      2.38096      3.64412      0.00000
      2.39096      3.34978      0.00000
      2.40096      4.02289      0.00000
      2.41096      4.39871      0.00000
      2.42096      4.09516      0.00000
      2.43096      3.27134      0.00000
      2.44096      2.04521      0.00000
      2.45096      1.72469      0.00000
      2.46096      2.84432      0.00000
      2.47096      4.40098      0.00000
      2.48096      5.18615      0.00000
      2.49096      5.09069      0.00000
      2.50096      4.64717      0.00000
      2.51096      3.54869      0.00000
      2.52096      2.11139      0.00000
      2.53096      1.44023      0.00000
      2.54096      1.98665      0.00000
      2.55096      3.41512      0.00000
      2.56096      3.82779      0.00000
      2.57096      3.18360      0.00000
      2.58096      3.14060      0.00000
      2.59096      3.16885      0.00000
      2.60096      3.28879      0.00000
      2.61096      4.47408      0.00000
      2.62096      5.71901      0.00000
      2.63096      5.26330      0.00000
      2.64096      4.25804      0.00000
      2.65096      4.18232      0.00000
      2.66096      4.26084      0.00000
      2.67096      4.25082      0.00000
      2.68096      3.93863      0.00000
      2.69096      3.19384      0.00000
      2.70096      2.95404      0.00000
      2.71096      3.32898      0.00000
      2.72096      3.43817      0.00000
      2.73096      3.15469      0.00000
      2.74096      2.64015      0.00000
      2.75096      2.63380      0.00000
      2.76096      3.58869      0.00000
      2.77096      4.53319      0.00000
      2.78096      4.80053      0.00000
      2.79096      4.11505      0.00000
      2.80096      3.33241      0.00000
      2.81096      2.94541      0.00000
      2.82096      3.02879      0.00000
      2.83096      3.23186      0.00000
      2.84096      3.22239      0.00000
      2.85096      3.17617      0.00000
      2.86096      3.23192      0.00000
      2.87096      3.55627      0.00000
      2.88096      3.60694      0.00000
      2.89096      2.96375      0.00000
      2.90096      2.29011      0.00000
      2.91096      2.30246      0.00000
      2.92096      2.98474      0.00000
      2.93096      4.18622      0.00000
      2.94096      5.54227      0.00000
      2.95096      6.40845      0.00000
      2.96096      6.71094      0.00000
      2.97096      6.85147      0.00000
      2.98096      6.43282      0.00000
      2.99096      5.75277      0.00000
      3.00096      5.02728      0.00000
      3.01096      3.76381      0.00000
      3.02096      2.76036      0.00000
      3.03096      2.80776      0.00000
      3.04096      3.13344      0.00000
      3.05096      3.46659      0.00000
      3.06096      3.98445      0.00000
      3.07096      4.36282      0.00000
      3.08096      4.58989      0.00000
      3.09096      4.48798      0.00000
      3.10096      3.74987      0.00000
      3.11096      3.45967      0.00000
      3.12096      3.56538      0.00000
      3.13096      3.53171      0.00000
      3.14096      3.42138      0.00000
      3.15096      3.02300      0.00000
      3.16096      2.79168      0.00000
      3.17096      2.87166      0.00000
      3.18096      3.07111      0.00000
      3.19096      3.13173      0.00000
      3.20096      2.61725      0.00000
      3.21096      2.35062      0.00000
      3.22096      2.94869      0.00000
      3.23096      3.37462      0.00000
      3.24096      3.31040      0.00000
      3.25096      3.58963      0.00000
      3.26096      4.10279      0.00000
      3.27096      3.86373      0.00000
      3.28096      3.74583      0.00000
      3.29096      5.12831      0.00000
      3.30096      5.85346      0.00000
      3.31096      4.86759      0.00000
      3.32096      4.55508      0.00000
      3.33096      4.86672      0.00000
      3.34096      4.32353      0.00000
      3.35096      3.86202      0.00000
      3.36096      4.00361      0.00000
      3.37096      3.64773      0.00000
      3.38096      2.87450      0.00000
      3.39096      2.31888      0.00000
      3.40096      2.47846      0.00000
      3.41096      2.96511      0.00000
      3.42096      2.99818      0.00000
      3.43096      3.00017      0.00000
      3.44096      3.16704      0.00000
      3.45096      3.17399      0.00000
      3.46096      3.14004      0.00000
      3.47096      3.30805      0.00000
      3.48096      3.90611      0.00000
      3.49096      4.86747      0.00000
      3.50096      5.07357      0.00000
      3.51096      4.44631      0.00000
      3.52096      4.11878      0.00000
      3.53096      4.25546      0.00000
      3.54096      3.94598      0.00000
      3.55096      3.69436      0.00000
      3.56096      4.03417      0.00000
      3.57096      4.88929      0.00000
      3.58096      5.40744      0.00000
      3.59096      5.26494      0.00000
      3.60096      4.62419      0.00000
      3.61096      3.79301      0.00000
      3.62096      3.02554      0.00000
      3.63096      3.49434      0.00000
      3.64096      4.55174      0.00000
      3.65096      4.53267      0.00000
      3.66096      4.51637      0.00000
      3.67096      5.02241      0.00000
      3.68096      5.14910      0.00000
      3.69096      4.88213      0.00000
      3.70096      4.11772      0.00000
      3.71096      3.17122      0.00000
      3.72096      3.09321      0.00000
      3.73096      4.70229      0.00000
      3.74096      5.86636      0.00000
      3.75096      4.33522      0.00000
      3.76096      2.84464      0.00000
      3.77096      3.30479      0.00000
      3.78096      4.81400      0.00000
      3.79096      5.39298      0.00000
      3.80096      4.75007      0.00000
      3.81096      4.50377      0.00000
      3.82096      4.63659      0.00000
      3.83096      4.40566      0.00000
      3.84096      5.05438      0.00000
      3.85096      6.45620      0.00000
      3.86096      6.47731      0.00000
      3.87096      5.39387      0.00000
      3.88096      4.33923      0.00000
      3.89096      3.97096      0.00000
      3.90096      4.66769      0.00000
      3.91096      5.54605      0.00000
      3.92096      6.23378      0.00000
      3.93096      6.49932      0.00000
      3.94096      6.04349      0.00000
      3.95096      5.70510      0.00000
      3.96096      5.76061      0.00000
      3.97096      6.55423      0.00000
      3.98096      6.48890      0.00000
      3.99096      4.89249      0.00000
      4.00096      3.26679      0.00000
      4.01096      3.15207      0.00000
      4.02096      3.95640      0.00000
      4.03096      4.53879      0.00000
      4.04096      5.31348      0.00000
      4.05096      5.92100      0.00000
      4.06096      5.30613      0.00000
      4.07096      5.29630      0.00000
      4.08096      6.38908      0.00000
      4.09096      6.51481      0.00000
      4.10096      6.20034      0.00000
      4.11096      7.12186      0.00000
      4.12096      7.58514      0.00000
      4.13096      7.00586      0.00000
      4.14096      6.85929      0.00000
      4.15096      7.14553      0.00000
      4.16096      6.91899      0.00000
      4.17096      5.93305      0.00000
      4.18096      5.23862      0.00000
      4.19096      4.91297      0.00000
      4.20096      4.97783      0.00000
      4.21096      5.01314      0.00000
      4.22096      4.07178      0.00000
      4.23096      3.38053      0.00000
      4.24096      4.06453      0.00000
      4.25096      5.47723      0.00000
      4.26096      6.81075      0.00000
      4.27096      7.07656      0.00000
      4.28096      6.26964      0.00000
      4.29096      6.04676      0.00000
      4.30096      6.44612      0.00000
      4.31096      6.64006      0.00000
      4.32096      6.15833      0.00000
      4.33096      7.07638      0.00000
      4.34096      8.31171      0.00000
      4.35096      7.63762      0.00000
      4.36096      7.28633      0.00000
      4.37096      7.63438      0.00000
      4.38096      6.63947      0.00000
      4.39096      5.34220      0.00000
      4.40096      5.79074      0.00000
      4.41096      7.10640      0.00000
      4.42096      8.41778      0.00000
      4.43096      8.57842      0.00000
      4.44096      6.90545      0.00000
      4.45096      5.83531      0.00000
      4.46096      6.13514      0.00000
      4.47096      5.80752      0.00000
      4.48096      5.98102      0.00000
      4.49096      8.46682      0.00000
      4.50096      9.88615      0.00000
      4.51096      8.71873      0.00000
      4.52096      7.15630      0.00000
      4.53096      6.22335      0.00000
      4.54096      6.18432      0.00000
      4.55096      6.21834      0.00000
      4.56096      6.12885      0.00000
      4.57096      5.88235      0.00000
      4.58096      5.82804      0.00000
      4.59096      5.97068      0.00000
      4.60096      6.36254      0.00000
      4.61096      7.24375      0.00000
      4.62096      6.87548      0.00000
      4.63096      6.41669      0.00000
      4.64096      6.89341      0.00000
      4.65096      8.32993      0.00000
      4.66096      9.13467      0.00000
      4.67096      8.10697      0.00000
      4.68096      7.49729      0.00000
      4.69096      6.86404      0.00000
      4.70096      5.99257      0.00000
      4.71096      6.47843      0.00000
      4.72096      7.70251      0.00000
      4.73096      7.56660      0.00000
      4.74096      6.86900      0.00000
      4.75096      7.17038      0.00000
      4.76096      7.55231      0.00000
      4.77096      7.73187      0.00000
      4.78096      7.32114      0.00000
      4.79096      5.78866      0.00000
      4.80096      3.70640      0.00000
      4.81096      2.91022      0.00000
      4.82096      4.40831      0.00000
      4.83096      5.97776      0.00000
      4.84096      6.01667      0.00000
      4.85096      5.06838      0.00000
      4.86096      4.45388      0.00000
      4.87096      5.54180      0.00000
      4.88096      6.94122      0.00000
      4.89096      6.58074      0.00000
      4.90096      5.38370      0.00000
      4.91096      4.20235      0.00000
      4.92096      3.54897      0.00000
      4.93096      4.25752      0.00000
      4.94096      4.96445      0.00000
      4.95096      4.51472      0.00000
      4.96096      3.56529      0.00000
      4.97096      3.54108      0.00000
      4.98096      4.81272      0.00000
      4.99096      5.43952      0.00000
      5.00096      4.24991      0.00000
      5.01096      2.83148      0.00000
      5.02096      2.39191      0.00000
      5.03096      3.33946      0.00000
      5.04096      4.65061      0.00000
      5.05096      4.65136      0.00000
      5.06096      4.00712      0.00000
      5.07096      3.41065      0.00000
      5.08096      3.28338      0.00000
      5.09096      3.41866      0.00000
      5.10096      3.65364      0.00000
      5.11096      4.34932      0.00000
      5.12096      5.93351      0.00000
