Energy-E_F (eV)    DOS (1/eV)    PDOS (1/eV)  of atom type Au 
     -4.99000     13.11799      0.00000
     -4.98000     13.48191      0.00000
     -4.97000      7.30913      0.00000
     -4.96000      7.77630      0.00000
     -4.95000     14.76058      0.00000
     -4.94000     14.51402      0.00000
     -4.93000     14.30027      0.00000
     -4.92000     14.98383      0.00000
     -4.91000      7.26378      0.00000
     -4.90000      1.45863      0.00000
     -4.89000      1.46453      0.00000
     -4.88000      5.83932      0.00000
     -4.87000     11.50625      0.00000
     -4.86000     13.86769      0.00000
     -4.85000     14.51570      0.00000
     -4.84000     19.70207      0.00000
     -4.83000     29.74074      0.00000
     -4.82000     24.85118      0.00000
     -4.81000      9.20665      0.00000
     -4.80000      5.58693      0.00000
     -4.79000     13.53163      0.00000
     -4.78000     19.59532      0.00000
     -4.77000     13.96954      0.00000
     -4.76000      8.04265      0.00000
     -4.75000     12.64594      0.00000
     -4.74000     15.82546      0.00000
     -4.73000     14.68040      0.00000
     -4.72000     15.57676      0.00000
     -4.71000     10.87520      0.00000
     -4.70000      9.88083      0.00000
     -4.69000     21.26011      0.00000
     -4.68000     35.65579      0.00000
     -4.67000     44.28670      0.00000
     -4.66000     43.12592      0.00000
     -4.65000     34.67660      0.00000
     -4.64000     19.05590      0.00000
     -4.63000      5.67688      0.00000
     -4.62000      3.87485      0.00000
     -4.61000     14.15135      0.00000
     -4.60000     32.56608      0.00000
     -4.59000     43.31925      0.00000
     -4.58000     36.00091      0.00000
     -4.57000     24.26693      0.00000
     -4.56000     15.05358      0.00000
     -4.55000     10.25002      0.00000
     -4.54000      8.19668      0.00000
     -4.53000      9.49592      0.00000
     -4.52000     17.16032      0.00000
     -4.51000     27.02608      0.00000
     -4.50000     34.22182      0.00000
     -4.49000     29.05261      0.00000
     -4.48000     12.16228      0.00000
     -4.47000      2.19051      0.00000
     -4.46000      0.91775      0.00000
     -4.45000      4.13370      0.00000
     -4.44000     12.00043      0.00000
     -4.43000     18.52209      0.00000
     -4.42000     18.99805      0.00000
     -4.41000     16.80863      0.00000
     -4.40000      8.65360      0.00000
     -4.39000      3.29754      0.00000
     -4.38000      2.64949      0.00000
     -4.37000      2.15924      0.00000
     -4.36000      5.18484      0.00000
     -4.35000     12.10619      0.00000
     -4.34000     12.62555      0.00000
     -4.33000      6.34748      0.00000
     -4.32000      6.50430      0.00000
     -4.31000     20.74614      0.00000
     -4.30000     35.37715      0.00000
     -4.29000     31.30795      0.00000
     -4.28000     17.58795      0.00000
     -4.27000      7.99192      0.00000
     -4.26000      6.44659      0.00000
     -4.25000      7.64790      0.00000
     -4.24000      6.88575      0.00000
     -4.23000     10.36536      0.00000
     -4.22000     18.37075      0.00000
     -4.21000     25.39448      0.00000
     -4.20000     23.18453      0.00000
     -4.19000     11.33308      0.00000
     -4.18000      2.69437      0.00000
     -4.17000      2.16720      0.00000
     -4.16000     10.44193      0.00000
     -4.15000     25.93082      0.00000
     -4.14000     32.65274      0.00000
     -4.13000     32.59597      0.00000
     -4.12000     40.04852      0.00000
     -4.11000     39.32431      0.00000
     -4.10000     22.56856      0.00000
     -4.09000      6.93533      0.00000
     -4.08000      3.92456      0.00000
     -4.07000      6.76259      0.00000
     -4.06000      9.29805      0.00000
     -4.05000     14.03983      0.00000
     -4.04000     16.51774      0.00000
     -4.03000     10.62973      0.00000
     -4.02000      6.70878      0.00000
     -4.01000      6.90093      0.00000
     -4.00000      7.81473      0.00000
     -3.99000      7.17900      0.00000
     -3.98000      3.78358      0.00000
     -3.97000      5.25583      0.00000
     -3.96000     15.78058      0.00000
     -3.95000     21.79532      0.00000
     -3.94000     15.13847      0.00000
     -3.93000     10.19837      0.00000
     -3.92000      8.48308      0.00000
     -3.91000      8.16741      0.00000
     -3.90000      6.32541      0.00000
     -3.89000      2.33319      0.00000
     -3.88000      0.36143      0.00000
     -3.87000      0.17017      0.00000
     -3.86000      1.77611      0.00000
     -3.85000      8.18576      0.00000
     -3.84000     15.17698      0.00000
     -3.83000     13.27384      0.00000
     -3.82000     11.39744      0.00000
     -3.81000     15.33964      0.00000
     -3.80000     11.88695      0.00000
     -3.79000      3.65262      0.00000
     -3.78000      1.03364      0.00000
     -3.77000      6.05231      0.00000
     -3.76000     23.19542      0.00000
     -3.75000     36.95628      0.00000
     -3.74000     29.34271      0.00000
     -3.73000     20.52275      0.00000
     -3.72000     19.95076      0.00000
     -3.71000     26.90855      0.00000
     -3.70000     37.41160      0.00000
     -3.69000     34.17481      0.00000
     -3.68000     20.00038      0.00000
     -3.67000     14.43168      0.00000
     -3.66000     18.26196      0.00000
     -3.65000     18.56378      0.00000
     -3.64000      9.81767      0.00000
     -3.63000      2.75966      0.00000
     -3.62000      3.88112      0.00000
     -3.61000     13.84076      0.00000
     -3.60000     24.85442      0.00000
     -3.59000     23.06783      0.00000
     -3.58000     11.88147      0.00000
     -3.57000      3.70341      0.00000
     -3.56000      4.52168      0.00000
     -3.55000     11.42311      0.00000
     -3.54000     12.45497      0.00000
     -3.53000      6.55457      0.00000
     -3.52000      3.37911      0.00000
     -3.51000      9.05354      0.00000
     -3.50000     25.29018      0.00000
     -3.49000     36.72008      0.00000
     -3.48000     28.73913      0.00000
     -3.47000     15.51433      0.00000
     -3.46000     12.45602      0.00000
     -3.45000     11.79858      0.00000
     -3.44000      8.79973      0.00000
     -3.43000     12.96589      0.00000
     -3.42000     27.04795      0.00000
     -3.41000     29.14324      0.00000
     -3.40000     22.59037      0.00000
     -3.39000     24.93331      0.00000
     -3.38000     29.30840      0.00000
     -3.37000     29.60101      0.00000
     -3.36000     28.45959      0.00000
     -3.35000     26.67363      0.00000
     -3.34000     26.58289      0.00000
     -3.33000     28.21108      0.00000
     -3.32000     25.53463      0.00000
     -3.31000     23.29682      0.00000
     -3.30000     21.07839      0.00000
     -3.29000     14.04054      0.00000
     -3.28000      5.25795      0.00000
     -3.27000      1.95990      0.00000
     -3.26000      6.57439      0.00000
     -3.25000     15.55612      0.00000
     -3.24000     19.30704      0.00000
     -3.23000     21.91196      0.00000
     -3.22000     21.39307      0.00000
     -3.21000     15.00197      0.00000
     -3.20000     13.43237      0.00000
     -3.19000     16.54493      0.00000
     -3.18000     13.22064      0.00000
     -3.17000      5.04936      0.00000
     -3.16000      0.85090      0.00000
     -3.15000      0.06798      0.00000
     -3.14000      0.23294      0.00000
     -3.13000      2.41343      0.00000
     -3.12000      9.69337      0.00000
     -3.11000     16.07571      0.00000
     -3.10000     15.82446      0.00000
     -3.09000     17.96762      0.00000
     -3.08000     17.67219      0.00000
     -3.07000     15.24682      0.00000
     -3.06000     15.98629      0.00000
     -3.05000     14.60910      0.00000
     -3.04000      8.78732      0.00000
     -3.03000      3.28934      0.00000
     -3.02000      4.20842      0.00000
     -3.01000      9.17706      0.00000
     -3.00000      9.22060      0.00000
     -2.99000      6.73383      0.00000
     -2.98000      7.00954      0.00000
     -2.97000      9.77411      0.00000
     -2.96000     16.64242      0.00000
     -2.95000     18.62880      0.00000
     -2.94000      9.77658      0.00000
     -2.93000      2.09480      0.00000
     -2.92000      0.17295      0.00000
     -2.91000      0.01078      0.00000
     -2.90000      0.13215      0.00000
     -2.89000      1.18862      0.00000
     -2.88000      4.00541      0.00000
     -2.87000      5.82025      0.00000
     -2.86000      6.96919      0.00000
     -2.85000      9.70613      0.00000
     -2.84000     10.38003      0.00000
     -2.83000      8.12275      0.00000
     -2.82000      4.22359      0.00000
     -2.81000      2.99770      0.00000
     -2.80000      3.65040      0.00000
     -2.79000      8.48776      0.00000
     -2.78000     14.72676      0.00000
     -2.77000     10.31663      0.00000
     -2.76000      2.73390      0.00000
     -2.75000      0.27366      0.00000
     -2.74000      0.03807      0.00000
     -2.73000      0.34805      0.00000
     -2.72000      1.73693      0.00000
     -2.71000      4.28837      0.00000
     -2.70000      7.15158      0.00000
     -2.69000      7.33702      0.00000
     -2.68000      3.42630      0.00000
     -2.67000      0.63677      0.00000
     -2.66000      0.04521      0.00000
     -2.65000      0.00121      0.00000
     -2.64000      0.00000      0.00000
     -2.63000      0.00000      0.00000
     -2.62000      0.00000      0.00000
     -2.61000      0.00000      0.00000
     -2.60000      0.00000      0.00000
     -2.59000      0.00021      0.00000
     -2.58000      0.01241      0.00000
     -2.57000      0.26732      0.00000
     -2.56000      2.15839      0.00000
     -2.55000      6.83860      0.00000
     -2.54000     10.18891      0.00000
     -2.53000      9.95914      0.00000
     -2.52000      6.15488      0.00000
     -2.51000      1.73142      0.00000
     -2.50000      0.35942      0.00000
     -2.49000      1.62325      0.00000
     -2.48000      5.62438      0.00000
     -2.47000      7.23995      0.00000
     -2.46000      3.44540      0.00000
     -2.45000      0.60598      0.00000
     -2.44000      0.03938      0.00000
     -2.43000      0.00095      0.00000
     -2.42000      0.00025      0.00000
     -2.41000      0.01613      0.00000
     -2.40000      0.37068      0.00000
     -2.39000      3.24368      0.00000
     -2.38000     11.00557      0.00000
     -2.37000     15.60669      0.00000
     -2.36000     13.81426      0.00000
     -2.35000     14.45759      0.00000
     -2.34000     11.43716      0.00000
     -2.33000      4.31329      0.00000
     -2.32000      0.68933      0.00000
     -2.31000      0.04423      0.00000
     -2.30000      0.00109      0.00000
     -2.29000      0.00000      0.00000
     -2.28000      0.00000      0.00000
     -2.27000      0.00000      0.00000
     -2.26000      0.00000      0.00000
     -2.25000      0.00000      0.00000
     -2.24000      0.00000      0.00000
     -2.23000      0.00000      0.00000
     -2.22000      0.00000      0.00000
     -2.21000      0.00044      0.00000
     -2.20000      0.02141      0.00000
     -2.19000      0.39137      0.00000
     -2.18000      2.91395      0.00000
     -2.17000      9.84921      0.00000
     -2.16000     17.28797      0.00000
     -2.15000     16.39550      0.00000
     -2.14000      7.66577      0.00000
     -2.13000      1.58452      0.00000
     -2.12000      0.13521      0.00000
     -2.11000      0.00458      0.00000
     -2.10000      0.00004      0.00000
     -2.09000      0.00000      0.00000
     -2.08000      0.00000      0.00000
     -2.07000      0.00000      0.00000
     -2.06000      0.00000      0.00000
     -2.05000      0.00000      0.00000
     -2.04000      0.00000      0.00000
     -2.03000      0.00000      0.00000
     -2.02000      0.00000      0.00000
     -2.01000      0.00000      0.00000
     -2.00000      0.00000      0.00000
     -1.99000      0.00000      0.00000
     -1.98000      0.00000      0.00000
     -1.97000      0.00000      0.00000
     -1.96000      0.00000      0.00000
     -1.95000      0.00000      0.00000
     -1.94000      0.00000      0.00000
     -1.93000      0.00000      0.00000
     -1.92000      0.00000      0.00000
     -1.91000      0.00000      0.00000
     -1.90000      0.00000      0.00000
     -1.89000      0.00000      0.00000
     -1.88000      0.00000      0.00000
     -1.87000      0.00000      0.00000
     -1.86000      0.00000      0.00000
     -1.85000      0.00000      0.00000
     -1.84000      0.00000      0.00000
     -1.83000      0.00000      0.00000
     -1.82000      0.00000      0.00000
     -1.81000      0.00017      0.00000
     -1.80000      0.01023      0.00000
     -1.79000      0.22190      0.00000
     -1.78000      1.81823      0.00000
     -1.77000      5.70483      0.00000
     -1.76000      6.96041      0.00000
     -1.75000      3.34683      0.00000
     -1.74000      0.63797      0.00000
     -1.73000      0.04799      0.00000
     -1.72000      0.00141      0.00000
     -1.71000      0.00001      0.00000
     -1.70000      0.00000      0.00000
     -1.69000      0.00002      0.00000
     -1.68000      0.00308      0.00000
     -1.67000      0.09603      0.00000
     -1.66000      1.10789      0.00000
     -1.65000      4.72652      0.00000
     -1.64000      7.45556      0.00000
     -1.63000      4.34728      0.00000
     -1.62000      0.93734      0.00000
     -1.61000      0.10733      0.00000
     -1.60000      0.72631      0.00000
     -1.59000      6.18901      0.00000
     -1.58000     20.81899      0.00000
     -1.57000     28.09135      0.00000
     -1.56000     15.40475      0.00000
     -1.55000      3.61356      0.00000
     -1.54000      2.46387      0.00000
     -1.53000      9.31831      0.00000
     -1.52000     14.89752      0.00000
     -1.51000      9.00530      0.00000
     -1.50000      3.52449      0.00000
     -1.49000      5.72542      0.00000
     -1.48000      7.26889      0.00000
     -1.47000      3.50422      0.00000
     -1.46000      0.62470      0.00000
     -1.45000      0.04114      0.00000
     -1.44000      0.00100      0.00000
     -1.43000      0.00000      0.00000
     -1.42000      0.00000      0.00000
     -1.41000      0.00000      0.00000
     -1.40000      0.00000      0.00000
     -1.39000      0.00000      0.00000
     -1.38000      0.00000      0.00000
     -1.37000      0.00000      0.00000
     -1.36000      0.00000      0.00000
     -1.35000      0.00000      0.00000
     -1.34000      0.00033      0.00000
     -1.33000      0.01845      0.00000
     -1.32000      0.39095      0.00000
     -1.31000      3.23568      0.00000
     -1.30000     10.63758      0.00000
     -1.29000     14.04767      0.00000
     -1.28000      7.45799      0.00000
     -1.27000      1.57650      0.00000
     -1.26000      0.13062      0.00000
     -1.25000      0.00417      0.00000
     -1.24000      0.00004      0.00000
     -1.23000      0.00000      0.00000
     -1.22000      0.00000      0.00000
     -1.21000      0.00000      0.00000
     -1.20000      0.00000      0.00000
     -1.19000      0.00000      0.00000
     -1.18000      0.00000      0.00000
     -1.17000      0.00000      0.00000
     -1.16000      0.00000      0.00000
     -1.15000      0.00000      0.00000
     -1.14000      0.00000      0.00000
     -1.13000      0.00000      0.00000
     -1.12000      0.00000      0.00000
     -1.11000      0.00000      0.00000
     -1.10000      0.00000      0.00000
     -1.09000      0.00000      0.00000
     -1.08000      0.00000      0.00000
     -1.07000      0.00167      0.00000
     -1.06000      0.06849      0.00000
     -1.05000      1.06355      0.00000
     -1.04000      6.25597      0.00000
     -1.03000     13.96759      0.00000
     -1.02000     11.84464      0.00000
     -1.01000      3.81180      0.00000
     -1.00000      0.46452      0.00000
     -0.99000      0.02137      0.00000
     -0.98000      0.00037      0.00000
     -0.97000      0.00000      0.00000
     -0.96000      0.00000      0.00000
     -0.95000      0.00000      0.00000
     -0.94000      0.00000      0.00000
     -0.93000      0.00000      0.00000
     -0.92000      0.00000      0.00000
     -0.91000      0.00000      0.00000
     -0.90000      0.00000      0.00000
     -0.89000      0.00000      0.00000
     -0.88000      0.00000      0.00000
     -0.87000      0.00000      0.00000
     -0.86000      0.00000      0.00000
     -0.85000      0.00000      0.00000
     -0.84000      0.00000      0.00000
     -0.83000      0.00000      0.00000
     -0.82000      0.00000      0.00000
     -0.81000      0.00279      0.00000
     -0.80000      0.10265      0.00000
     -0.79000      1.41563      0.00000
     -0.78000      7.34591      0.00000
     -0.77000     14.42633      0.00000
     -0.76000     10.77984      0.00000
     -0.75000      3.07672      0.00000
     -0.74000      0.33587      0.00000
     -0.73000      0.01400      0.00000
     -0.72000      0.00022      0.00000
     -0.71000      0.00000      0.00000
     -0.70000      0.00000      0.00000
     -0.69000      0.00081      0.00000
     -0.68000      0.03461      0.00000
     -0.67000      0.54911      0.00000
     -0.66000      3.24264      0.00000
     -0.65000      7.12520      0.00000
     -0.64000      5.82218      0.00000
     -0.63000      1.76773      0.00000
     -0.62000      0.19924      0.00000
     -0.61000      0.00833      0.00000
     -0.60000      0.00013      0.00000
     -0.59000      0.00000      0.00000
     -0.58000      0.00001      0.00000
     -0.57000      0.00310      0.00000
     -0.56000      0.11281      0.00000
     -0.55000      1.53689      0.00000
     -0.54000      7.92337      0.00000
     -0.53000     16.21409      0.00000
     -0.52000     15.67392      0.00000
     -0.51000      9.88811      0.00000
     -0.50000      4.05182      0.00000
     -0.49000      0.78365      0.00000
     -0.48000      0.06040      0.00000
     -0.47000      0.00177      0.00000
     -0.46000      0.00002      0.00000
     -0.45000      0.00080      0.00000
     -0.44000      0.03822      0.00000
     -0.43000      0.68719      0.00000
     -0.42000      4.69484      0.00000
     -0.41000     12.43103      0.00000
     -0.40000     13.06349      0.00000
     -0.39000      5.55553      0.00000
     -0.38000      0.96045      0.00000
     -0.37000      0.06661      0.00000
     -0.36000      0.00181      0.00000
     -0.35000      0.00000      0.00000
     -0.34000      0.00000      0.00000
     -0.33000      0.00000      0.00000
     -0.32000      0.00000      0.00000
     -0.31000      0.00000      0.00000
     -0.30000      0.00000      0.00000
     -0.29000      0.00000      0.00000
     -0.28000      0.00000      0.00000
     -0.27000      0.00000      0.00000
     -0.26000      0.00000      0.00000
     -0.25000      0.00000      0.00000
     -0.24000      0.00000      0.00000
     -0.23000      0.00000      0.00000
     -0.22000      0.00000      0.00000
     -0.21000      0.00065      0.00000
     -0.20000      0.02947      0.00000
     -0.19000      0.49744      0.00000
     -0.18000      3.14147      0.00000
     -0.17000      8.02289      0.00000
     -0.16000     11.77908      0.00000
     -0.15000     15.36298      0.00000
     -0.14000     12.42694      0.00000
     -0.13000      4.34807      0.00000
     -0.12000      0.60705      0.00000
     -0.11000      0.03322      0.00000
     -0.10000      0.00070      0.00000
     -0.09000      0.00000      0.00000
     -0.08000      0.00000      0.00000
     -0.07000      0.00090      0.00000
     -0.06000      0.03822      0.00000
     -0.05000      0.59618      0.00000
     -0.04000      3.42483      0.00000
     -0.03000      7.24593      0.00000
     -0.02000      5.64588      0.00000
     -0.01000      1.62009      0.00000
      0.00000      0.17120      0.00000
      0.01000      0.00666      0.00000
      0.02000      0.00010      0.00000
      0.03000      0.00000      0.00000
      0.04000      0.00000      0.00000
      0.05000      0.00000      0.00000
      0.06000      0.00000      0.00000
      0.07000      0.00000      0.00000
      0.08000      0.00000      0.00000
      0.09000      0.00000      0.00000
      0.10000      0.00125      0.00000
      0.11000      0.05111      0.00000
      0.12000      0.79222      0.00000
      0.13000      4.81446      0.00000
      0.14000     11.93168      0.00000
      0.15000     12.66276      0.00000
      0.16000      5.93335      0.00000
      0.17000      1.20806      0.00000
      0.18000      0.10418      0.00000
      0.19000      0.09532      0.00000
      0.20000      1.27178      0.00000
      0.21000      6.71407      0.00000
      0.22000     13.81103      0.00000
      0.23000     11.32123      0.00000
      0.24000      3.75587      0.00000
      0.25000      0.50409      0.00000
      0.26000      0.02694      0.00000
      0.27000      0.00056      0.00000
      0.28000      0.00000      0.00000
      0.29000      0.00000      0.00000
      0.30000      0.00000      0.00000
      0.31000      0.00000      0.00000
      0.32000      0.00000      0.00000
      0.33000      0.00000      0.00000
      0.34000      0.00000      0.00000
      0.35000      0.00000      0.00000
      0.36000      0.00000      0.00000
      0.37000      0.00000      0.00000
      0.38000      0.00000      0.00000
      0.39000      0.00000      0.00000
      0.40000      0.00000      0.00000
      0.41000      0.00000      0.00000
      0.42000      0.00000      0.00000
      0.43000      0.00000      0.00000
      0.44000      0.00000      0.00000
      0.45000      0.00000      0.00000
      0.46000      0.00000      0.00000
      0.47000      0.00000      0.00000
      0.48000      0.00010      0.00000
      0.49000      0.00790      0.00000
      0.50000      0.22264      0.00000
      0.51000      2.36705      0.00000
      0.52000      9.54281      0.00000
      0.53000     14.65525      0.00000
      0.54000      8.60145      0.00000
      0.55000      1.93156      0.00000
      0.56000      0.16574      0.00000
      0.57000      0.00542      0.00000
      0.58000      0.00005      0.00000
      0.59000      0.00000      0.00000
      0.60000      0.00000      0.00000
      0.61000      0.00000      0.00000
      0.62000      0.00000      0.00000
      0.63000      0.00000      0.00000
      0.64000      0.00018      0.00000
      0.65000      0.01348      0.00000
      0.66000      0.33676      0.00000
      0.67000      3.14197      0.00000
      0.68000     10.98374      0.00000
      0.69000     14.43518      0.00000
      0.70000      7.15260      0.00000
      0.71000      1.33879      0.00000
      0.72000      0.09472      0.00000
      0.73000      0.00253      0.00000
      0.74000      0.00002      0.00000
      0.75000      0.00000      0.00000
      0.76000      0.00000      0.00000
      0.77000      0.00000      0.00000
      0.78000      0.00000      0.00000
      0.79000      0.00000      0.00000
      0.80000      0.00000      0.00000
      0.81000      0.00000      0.00000
      0.82000      0.00000      0.00000
      0.83000      0.00037      0.00000
      0.84000      0.02064      0.00000
      0.85000      0.42368      0.00000
      0.86000      3.27724      0.00000
      0.87000      9.92986      0.00000
      0.88000     12.89763      0.00000
      0.89000      8.49916      0.00000
      0.90000      6.19655      0.00000
      0.91000     12.19462      0.00000
      0.92000     14.17596      0.00000
      0.93000      6.28353      0.00000
      0.94000      1.03584      0.00000
      0.95000      0.06345      0.00000
      0.96000      0.00144      0.00000
      0.97000      0.00000      0.00000
      0.98000      0.00000      0.00000
      0.99000      0.00000      0.00000
      1.00000      0.00000      0.00000
      1.01000      0.00000      0.00000
      1.02000      0.00000      0.00000
      1.03000      0.00000      0.00000
      1.04000      0.00000      0.00000
      1.05000      0.00000      0.00000
      1.06000      0.00000      0.00000
      1.07000      0.00000      0.00000
      1.08000      0.00000      0.00000
      1.09000      0.00042      0.00000
      1.10000      0.02296      0.00000
      1.11000      0.46799      0.00000
      1.12000      3.67370      0.00000
      1.13000     11.29117      0.00000
      1.14000     13.80895      0.00000
      1.15000      6.78763      0.00000
      1.16000      1.33918      0.00000
      1.17000      0.10475      0.00000
      1.18000      0.00319      0.00000
      1.19000      0.00003      0.00000
      1.20000      0.00000      0.00000
      1.21000      0.00000      0.00000
      1.22000      0.00000      0.00000
      1.23000      0.00000      0.00000
      1.24000      0.00000      0.00000
      1.25000      0.00000      0.00000
      1.26000      0.00000      0.00000
      1.27000      0.00000      0.00000
      1.28000      0.00000      0.00000
      1.29000      0.00000      0.00000
      1.30000      0.00000      0.00000
      1.31000      0.00000      0.00000
      1.32000      0.00000      0.00000
      1.33000      0.00000      0.00000
      1.34000      0.00000      0.00000
      1.35000      0.00000      0.00000
      1.36000      0.00010      0.00000
      1.37000      0.00545      0.00000
      1.38000      0.11053      0.00000
      1.39000      0.84631      0.00000
      1.40000      2.71263      0.00000
      1.41000      4.82363      0.00000
      1.42000      5.75201      0.00000
      1.43000      3.53540      0.00000
      1.44000      0.87901      0.00000
      1.45000      0.08204      0.00000
      1.46000      0.00283      0.00000
      1.47000      0.00004      0.00000
      1.48000      0.00000      0.00000
      1.49000      0.00000      0.00000
      1.50000      0.00138      0.00000
      1.51000      0.05418      0.00000
      1.52000      0.80124      0.00000
      1.53000      4.54119      0.00000
      1.54000     10.34825      0.00000
      1.55000     11.10312      0.00000
      1.56000      7.39422      0.00000
      1.57000      4.16082      0.00000
      1.58000      5.63781      0.00000
      1.59000      7.43175      0.00000
      1.60000      3.97894      0.00000
      1.61000      1.36026      0.00000
      1.62000      3.44377      0.00000
      1.63000      7.23511      0.00000
      1.64000      5.68342      0.00000
      1.65000      1.64286      0.00000
      1.66000      0.17471      0.00000
      1.67000      0.00684      0.00000
      1.68000      0.00147      0.00000
      1.69000      0.05250      0.00000
      1.70000      0.74051      0.00000
      1.71000      3.85111      0.00000
      1.72000      7.38490      0.00000
      1.73000      5.22210      0.00000
      1.74000      1.36182      0.00000
      1.75000      0.13144      0.00000
      1.76000      0.02725      0.00000
      1.77000      0.41079      0.00000
      1.78000      2.75894      0.00000
      1.79000      6.88344      0.00000
      1.80000      6.89696      0.00000
      1.81000      6.34535      0.00000
      1.82000     12.06201      0.00000
      1.83000     13.46432      0.00000
      1.84000      6.19320      0.00000
      1.85000      1.12975      0.00000
      1.86000      0.08004      0.00000
      1.87000      0.00217      0.00000
      1.88000      0.00003      0.00000
      1.89000      0.00384      0.00000
      1.90000      0.12790      0.00000
      1.91000      1.62392      0.00000
      1.92000      7.87204      0.00000
      1.93000     14.56947      0.00000
      1.94000     10.26990      0.00000
      1.95000      2.74536      0.00000
      1.96000      0.27689      0.00000
      1.97000      0.01048      0.00000
      1.98000      0.00014      0.00000
      1.99000      0.00000      0.00000
      2.00000      0.00000      0.00000
      2.01000      0.00000      0.00000
      2.02000      0.00074      0.00000
      2.03000      0.03755      0.00000
      2.04000      0.70854      0.00000
      2.05000      4.99123      0.00000
      2.06000     13.16285      0.00000
      2.07000     13.02989      0.00000
      2.08000      4.85196      0.00000
      2.09000      0.68055      0.00000
      2.10000      0.03597      0.00000
      2.11000      0.00072      0.00000
      2.12000      0.00000      0.00000
      2.13000      0.00000      0.00000
      2.14000      0.00000      0.00000
      2.15000      0.00000      0.00000
      2.16000      0.00000      0.00000
      2.17000      0.00000      0.00000
      2.18000      0.00000      0.00000
      2.19000      0.00000      0.00000
      2.20000      0.00039      0.00000
      2.21000      0.01823      0.00000
      2.22000      0.31644      0.00000
      2.23000      2.04555      0.00000
      2.24000      5.13102      0.00000
      2.25000      5.75857      0.00000
      2.26000      3.74850      0.00000
      2.27000      1.45295      0.00000
      2.28000      0.25967      0.00000
      2.29000      0.01820      0.00000
      2.30000      0.00048      0.00000
      2.31000      0.00000      0.00000
      2.32000      0.00000      0.00000
      2.33000      0.00049      0.00000
      2.34000      0.02748      0.00000
      2.35000      0.57323      0.00000
      2.36000      4.44446      0.00000
      2.37000     13.00127      0.00000
      2.38000     16.10527      0.00000
      2.39000     14.76312      0.00000
      2.40000     14.98023      0.00000
      2.41000      8.75992      0.00000
      2.42000      2.13387      0.00000
      2.43000      0.20314      0.00000
      2.44000      0.00739      0.00000
      2.45000      0.00010      0.00000
      2.46000      0.00000      0.00000
      2.47000      0.00000      0.00000
      2.48000      0.00000      0.00000
      2.49000      0.00000      0.00000
      2.50000      0.00000      0.00000
      2.51000      0.00000      0.00000
      2.52000      0.00000      0.00000
      2.53000      0.00000      0.00000
      2.54000      0.00000      0.00000
      2.55000      0.00000      0.00000
      2.56000      0.00000      0.00000
      2.57000      0.00000      0.00000
      2.58000      0.00000      0.00000
      2.59000      0.00000      0.00000
      2.60000      0.00000      0.00000
      2.61000      0.00000      0.00000
      2.62000      0.00000      0.00000
      2.63000      0.00000      0.00000
      2.64000      0.00000      0.00000
      2.65000      0.00002      0.00000
      2.66000      0.00135      0.00000
      2.67000      0.03957      0.00000
      2.68000      0.42700      0.00000
      2.69000      1.69494      0.00000
      2.70000      2.47509      0.00000
      2.71000      1.32964      0.00000
      2.72000      0.26286      0.00000
      2.73000      0.02789      0.00000
      2.74000      0.27597      0.00000
      2.75000      3.26050      0.00000
      2.76000     14.87463      0.00000
      2.77000     27.17535      0.00000
      2.78000     21.01537      0.00000
      2.79000      7.21580      0.00000
      2.80000      1.10155      0.00000
      2.81000      0.10655      0.00000
      2.82000      0.68898      0.00000
      2.83000      4.95328      0.00000
      2.84000     13.22946      0.00000
      2.85000     13.09756      0.00000
      2.86000      4.80820      0.00000
      2.87000      0.65467      0.00000
      2.88000      0.03306      0.00000
      2.89000      0.00062      0.00000
      2.90000      0.00000      0.00000
      2.91000      0.00000      0.00000
      2.92000      0.00000      0.00000
      2.93000      0.00000      0.00000
      2.94000      0.00000      0.00000
      2.95000      0.00000      0.00000
      2.96000      0.00000      0.00000
      2.97000      0.00000      0.00000
      2.98000      0.00000      0.00000
      2.99000      0.00000      0.00000
      3.00000      0.00000      0.00000
      3.01000      0.00000      0.00000
      3.02000      0.00000      0.00000
      3.03000      0.00000      0.00000
      3.04000      0.00000      0.00000
      3.05000      0.00037      0.00000
      3.06000      0.01841      0.00000
      3.07000      0.34356      0.00000
      3.08000      2.41324      0.00000
      3.09000      6.43197      0.00000
      3.10000      6.55673      0.00000
      3.11000      2.57274      0.00000
      3.12000      0.38971      0.00000
      3.13000      0.02276      0.00000
      3.14000      0.00051      0.00000
      3.15000      0.00000      0.00000
      3.16000      0.00000      0.00000
      3.17000      0.00000      0.00000
      3.18000      0.00000      0.00000
      3.19000      0.00000      0.00000
      3.20000      0.00000      0.00000
      3.21000      0.00000      0.00000
      3.22000      0.00000      0.00000
      3.23000      0.00000      0.00000
      3.24000      0.00000      0.00000
      3.25000      0.00000      0.00000
      3.26000      0.00000      0.00000
      3.27000      0.00000      0.00000
      3.28000      0.00000      0.00000
      3.29000      0.00000      0.00000
      3.30000      0.00000      0.00000
      3.31000      0.00000      0.00000
