Energy-E_F (eV)    DOS (1/eV)    PDOS (1/eV)  of atom type Pt 
     -5.60915      6.34038      0.00000
     -5.59915      3.26530      0.00000
     -5.58915      5.95119      0.00000
     -5.57915     15.57018      0.00000
     -5.56915     20.01339      0.00000
     -5.55915     15.30814      0.00000
     -5.54915     16.42807      0.00000
     -5.53915     24.28492      0.00000
     -5.52915     22.20318      0.00000
     -5.51915     13.06877      0.00000
     -5.50915     15.16598      0.00000
     -5.49915     24.12538      0.00000
     -5.48915     27.82914      0.00000
     -5.47915     29.02904      0.00000
     -5.46915     22.92198      0.00000
     -5.45915      8.70762      0.00000
     -5.44915      1.30606      0.00000
     -5.43915      0.07367      0.00000
     -5.42915      0.00155      0.00000
     -5.41915      0.00002      0.00000
     -5.40915      0.00302      0.00000
     -5.39915      0.10637      0.00000
     -5.38915      1.49124      0.00000
     -5.37915      8.47884      0.00000
     -5.36915     19.88800      0.00000
     -5.35915     21.20315      0.00000
     -5.34915     20.07706      0.00000
     -5.33915     28.62498      0.00000
     -5.32915     28.72646      0.00000
     -5.31915     16.29005      0.00000
     -5.30915      5.94461      0.00000
     -5.29915      7.31936      0.00000
     -5.28915     14.24962      0.00000
     -5.27915     16.08019      0.00000
     -5.26915     19.24149      0.00000
     -5.25915     23.94232      0.00000
     -5.24915     21.91437      0.00000
     -5.23915     21.28951      0.00000
     -5.22915     24.67360      0.00000
     -5.21915     28.11572      0.00000
     -5.20915     24.06658      0.00000
     -5.19915     13.06310      0.00000
     -5.18915      5.80077      0.00000
     -5.17915     10.52103      0.00000
     -5.16915     20.58146      0.00000
     -5.15915     22.71107      0.00000
     -5.14915     14.43877      0.00000
     -5.13915      4.40879      0.00000
     -5.12915      1.32477      0.00000
     -5.11915      4.91517      0.00000
     -5.10915     14.25763      0.00000
     -5.09915     23.59676      0.00000
     -5.08915     31.56774      0.00000
     -5.07915     36.70467      0.00000
     -5.06915     28.45505      0.00000
     -5.05915     16.58852      0.00000
     -5.04915     13.72411      0.00000
     -5.03915     21.02268      0.00000
     -5.02915     25.11819      0.00000
     -5.01915     17.66487      0.00000
     -5.00915     10.37732      0.00000
     -4.99915      9.21867      0.00000
     -4.98915      6.30297      0.00000
     -4.97915      1.92001      0.00000
     -4.96915      0.27385      0.00000
     -4.95915      0.86781      0.00000
     -4.94915      6.94697      0.00000
     -4.93915     25.02947      0.00000
     -4.92915     43.88813      0.00000
     -4.91915     43.87815      0.00000
     -4.90915     32.71985      0.00000
     -4.89915     28.54572      0.00000
     -4.88915     26.02402      0.00000
     -4.87915     16.06683      0.00000
     -4.86915      7.02994      0.00000
     -4.85915      6.62079      0.00000
     -4.84915     12.40649      0.00000
     -4.83915     12.22946      0.00000
     -4.82915      5.38285      0.00000
     -4.81915      1.24862      0.00000
     -4.80915      2.17685      0.00000
     -4.79915      8.26041      0.00000
     -4.78915     19.10335      0.00000
     -4.77915     31.33542      0.00000
     -4.76915     34.83144      0.00000
     -4.75915     26.18947      0.00000
     -4.74915     17.65596      0.00000
     -4.73915     16.43450      0.00000
     -4.72915      9.95081      0.00000
     -4.71915      2.59622      0.00000
     -4.70915      1.83139      0.00000
     -4.69915      5.56685      0.00000
     -4.68915      7.22782      0.00000
     -4.67915      3.76984      0.00000
     -4.66915      1.97109      0.00000
     -4.65915      2.55719      0.00000
     -4.64915      2.25262      0.00000
     -4.63915      3.74950      0.00000
     -4.62915      9.42134      0.00000
     -4.61915     15.49306      0.00000
     -4.60915     17.07640      0.00000
     -4.59915     14.03611      0.00000
     -4.58915     11.81589      0.00000
     -4.57915     13.41692      0.00000
     -4.56915     20.36706      0.00000
     -4.55915     34.36301      0.00000
     -4.54915     45.22706      0.00000
     -4.53915     39.03100      0.00000
     -4.52915     23.06772      0.00000
     -4.51915     11.07851      0.00000
     -4.50915      3.62026      0.00000
     -4.49915      0.56734      0.00000
     -4.48915      0.03614      0.00000
     -4.47915      0.00089      0.00000
     -4.46915      0.00059      0.00000
     -4.45915      0.02586      0.00000
     -4.44915      0.43311      0.00000
     -4.43915      2.76745      0.00000
     -4.42915      6.74854      0.00000
     -4.41915      6.28408      0.00000
     -4.40915      2.47861      0.00000
     -4.39915      1.70491      0.00000
     -4.38915      3.30008      0.00000
     -4.37915      6.23072      0.00000
     -4.36915     10.88852      0.00000
     -4.35915     10.28084      0.00000
     -4.34915      4.83186      0.00000
     -4.33915      3.44575      0.00000
     -4.32915      5.67877      0.00000
     -4.31915      8.01663      0.00000
     -4.30915     13.52310      0.00000
     -4.29915     15.27709      0.00000
     -4.28915      8.43604      0.00000
     -4.27915      3.11559      0.00000
     -4.26915      4.89189      0.00000
     -4.25915      7.48345      0.00000
     -4.24915      4.57961      0.00000
     -4.23915      3.12999      0.00000
     -4.22915      9.88799      0.00000
     -4.21915     20.57909      0.00000
     -4.20915     28.61739      0.00000
     -4.19915     30.80243      0.00000
     -4.18915     22.59260      0.00000
     -4.17915     14.16151      0.00000
     -4.16915      7.48124      0.00000
     -4.15915      5.25866      0.00000
     -4.14915      7.48707      0.00000
     -4.13915      5.46188      0.00000
     -4.12915      1.75834      0.00000
     -4.11915      1.51084      0.00000
     -4.10915      2.48651      0.00000
     -4.09915      1.66277      0.00000
     -4.08915      0.40992      0.00000
     -4.07915      0.03718      0.00000
     -4.06915      0.00141      0.00000
     -4.05915      0.00992      0.00000
     -4.04915      0.20965      0.00000
     -4.03915      1.70749      0.00000
     -4.02915      5.86487      0.00000
     -4.01915     10.87752      0.00000
     -4.00915     15.19812      0.00000
     -3.99915     14.82286      0.00000
     -3.98915      9.09034      0.00000
     -3.97915      7.72289      0.00000
     -3.96915      6.66428      0.00000
     -3.95915      3.08595      0.00000
     -3.94915      3.57411      0.00000
     -3.93915      6.85201      0.00000
     -3.92915      5.93051      0.00000
     -3.91915      3.21415      0.00000
     -3.90915      5.24622      0.00000
     -3.89915     10.52331      0.00000
     -3.88915     11.68995      0.00000
     -3.87915      8.50527      0.00000
     -3.86915      4.97929      0.00000
     -3.85915      2.16505      0.00000
     -3.84915      3.65638      0.00000
     -3.83915      8.05063      0.00000
     -3.82915     11.21415      0.00000
     -3.81915     16.18208      0.00000
     -3.80915     15.47954      0.00000
     -3.79915      6.82731      0.00000
     -3.78915      4.30635      0.00000
     -3.77915     10.92739      0.00000
     -3.76915     18.29251      0.00000
     -3.75915     15.94323      0.00000
     -3.74915      6.47101      0.00000
     -3.73915      2.36972      0.00000
     -3.72915      6.17657      0.00000
     -3.71915     13.08285      0.00000
     -3.70915     15.16927      0.00000
     -3.69915     11.92125      0.00000
     -3.68915      6.52208      0.00000
     -3.67915      2.59105      0.00000
     -3.66915      5.43712      0.00000
     -3.65915     13.32960      0.00000
     -3.64915     13.92277      0.00000
     -3.63915     10.24371      0.00000
     -3.62915     15.18470      0.00000
     -3.61915     27.77737      0.00000
     -3.60915     37.03030      0.00000
     -3.59915     26.03717      0.00000
     -3.58915     13.54288      0.00000
     -3.57915     16.15550      0.00000
     -3.56915     16.38795      0.00000
     -3.55915      8.32629      0.00000
     -3.54915      2.02600      0.00000
     -3.53915      0.22592      0.00000
     -3.52915      0.13520      0.00000
     -3.51915      1.16773      0.00000
     -3.50915      4.32686      0.00000
     -3.49915      8.60543      0.00000
     -3.48915     15.71350      0.00000
     -3.47915     21.80578      0.00000
     -3.46915     17.35772      0.00000
     -3.45915     12.31986      0.00000
     -3.44915      8.84418      0.00000
     -3.43915      6.31410      0.00000
     -3.42915     16.87622      0.00000
     -3.41915     34.51437      0.00000
     -3.40915     31.90217      0.00000
     -3.39915     23.67243      0.00000
     -3.38915     28.08372      0.00000
     -3.37915     25.25881      0.00000
     -3.36915     18.52599      0.00000
     -3.35915     18.49410      0.00000
     -3.34915     16.08519      0.00000
     -3.33915      9.98350      0.00000
     -3.32915      6.75256      0.00000
     -3.31915      6.22524      0.00000
     -3.30915      4.18947      0.00000
     -3.29915      4.02663      0.00000
     -3.28915      6.80475      0.00000
     -3.27915      6.08939      0.00000
     -3.26915      4.17476      0.00000
     -3.25915      6.50012      0.00000
     -3.24915      6.91934      0.00000
     -3.23915      2.86705      0.00000
     -3.22915      0.44283      0.00000
     -3.21915      0.02924      0.00000
     -3.20915      0.13408      0.00000
     -3.19915      1.78163      0.00000
     -3.18915      9.29658      0.00000
     -3.17915     19.54205      0.00000
     -3.16915     17.31272      0.00000
     -3.15915      6.83460      0.00000
     -3.14915      1.36466      0.00000
     -3.13915      1.64956      0.00000
     -3.12915      7.60034      0.00000
     -3.11915     14.43992      0.00000
     -3.10915     10.93251      0.00000
     -3.09915      6.08788      0.00000
     -3.08915     11.44350      0.00000
     -3.07915     19.03203      0.00000
     -3.06915     15.74116      0.00000
     -3.05915      5.84435      0.00000
     -3.04915      0.90477      0.00000
     -3.03915      0.14795      0.00000
     -3.02915      1.37217      0.00000
     -3.01915      8.11513      0.00000
     -3.00915     20.04725      0.00000
     -2.99915     24.64636      0.00000
     -2.98915     24.28577      0.00000
     -2.97915     21.10370      0.00000
     -2.96915     10.42809      0.00000
     -2.95915      3.97920      0.00000
     -2.94915      8.43307      0.00000
     -2.93915     15.21585      0.00000
     -2.92915     13.24973      0.00000
     -2.91915     13.82515      0.00000
     -2.90915     14.90644      0.00000
     -2.89915      9.34098      0.00000
     -2.88915     11.50064      0.00000
     -2.87915     17.41457      0.00000
     -2.86915     14.83704      0.00000
     -2.85915      8.61484      0.00000
     -2.84915      6.60123      0.00000
     -2.83915     12.57019      0.00000
     -2.82915     15.08804      0.00000
     -2.81915     12.93362      0.00000
     -2.80915     20.44895      0.00000
     -2.79915     30.16220      0.00000
     -2.78915     26.71161      0.00000
     -2.77915     16.68260      0.00000
     -2.76915      9.75378      0.00000
     -2.75915      9.95809      0.00000
     -2.74915     17.86993      0.00000
     -2.73915     24.93444      0.00000
     -2.72915     28.42458      0.00000
     -2.71915     25.22303      0.00000
     -2.70915     27.29720      0.00000
     -2.69915     31.04279      0.00000
     -2.68915     21.48413      0.00000
     -2.67915      7.58989      0.00000
     -2.66915      1.22836      0.00000
     -2.65915      0.08316      0.00000
     -2.64915      0.00244      0.00000
     -2.63915      0.01305      0.00000
     -2.62915      0.26921      0.00000
     -2.61915      2.08703      0.00000
     -2.60915      6.13259      0.00000
     -2.59915      7.18409      0.00000
     -2.58915      6.17350      0.00000
     -2.57915     11.66889      0.00000
     -2.56915     14.43015      0.00000
     -2.55915      6.94639      0.00000
     -2.54915      1.25721      0.00000
     -2.53915      0.08570      0.00000
     -2.52915      0.01681      0.00000
     -2.51915      0.30369      0.00000
     -2.50915      2.34433      0.00000
     -2.49915      6.95626      0.00000
     -2.48915      9.06006      0.00000
     -2.47915      7.18986      0.00000
     -2.46915      4.03797      0.00000
     -2.45915      1.26352      0.00000
     -2.44915      1.00941      0.00000
     -2.43915      4.03083      0.00000
     -2.42915      8.86243      0.00000
     -2.41915     13.56363      0.00000
     -2.40915     15.96375      0.00000
     -2.39915     10.19209      0.00000
     -2.38915      4.88876      0.00000
     -2.37915      9.23051      0.00000
     -2.36915     14.82185      0.00000
     -2.35915     11.52305      0.00000
     -2.34915      8.20048      0.00000
     -2.33915     13.09726      0.00000
     -2.32915     21.66284      0.00000
     -2.31915     34.22519      0.00000
     -2.30915     42.60125      0.00000
     -2.29915     33.00371      0.00000
     -2.28915     19.16394      0.00000
     -2.27915      8.61550      0.00000
     -2.26915      7.54322      0.00000
     -2.25915     13.58505      0.00000
     -2.24915     11.89577      0.00000
     -2.23915      4.55147      0.00000
     -2.22915      3.84820      0.00000
     -2.21915     14.13123      0.00000
     -2.20915     26.07067      0.00000
     -2.19915     22.58379      0.00000
     -2.18915     15.24832      0.00000
     -2.17915     20.63904      0.00000
     -2.16915     22.37482      0.00000
     -2.15915     10.72414      0.00000
     -2.14915      2.33933      0.00000
     -2.13915      2.19119      0.00000
     -2.12915      6.04778      0.00000
     -2.11915      6.88536      0.00000
     -2.10915      3.01932      0.00000
     -2.09915      1.01338      0.00000
     -2.08915      3.73811      0.00000
     -2.07915     10.64606      0.00000
     -2.06915     12.97933      0.00000
     -2.05915      7.29411      0.00000
     -2.04915      2.03328      0.00000
     -2.03915      0.31008      0.00000
     -2.02915      0.68469      0.00000
     -2.01915      4.98722      0.00000
     -2.00915     15.45540      0.00000
     -1.99915     20.41080      0.00000
     -1.98915     11.59789      0.00000
     -1.97915      2.85502      0.00000
     -1.96915      0.99098      0.00000
     -1.95915      3.66505      0.00000
     -1.94915      7.16557      0.00000
     -1.93915      5.40387      0.00000
     -1.92915      1.57680      0.00000
     -1.91915      0.17829      0.00000
     -1.90915      0.00778      0.00000
     -1.89915      0.00013      0.00000
     -1.88915      0.00000      0.00000
     -1.87915      0.00000      0.00000
     -1.86915      0.00000      0.00000
     -1.85915      0.00002      0.00000
     -1.84915      0.00243      0.00000
     -1.83915      0.07886      0.00000
     -1.82915      0.95909      0.00000
     -1.81915      4.39616      0.00000
     -1.80915      8.00963      0.00000
     -1.79915      8.48756      0.00000
     -1.78915     11.54177      0.00000
     -1.77915     13.34458      0.00000
     -1.76915      8.86082      0.00000
     -1.75915      9.80096      0.00000
     -1.74915     20.01081      0.00000
     -1.73915     25.53240      0.00000
     -1.72915     22.68877      0.00000
     -1.71915     12.88540      0.00000
     -1.70915      4.39827      0.00000
     -1.69915      3.11862      0.00000
     -1.68915      4.62052      0.00000
     -1.67915      9.20178      0.00000
     -1.66915     16.60959      0.00000
     -1.65915     21.26506      0.00000
     -1.64915     18.24707      0.00000
     -1.63915     17.76817      0.00000
     -1.62915     19.62488      0.00000
     -1.61915     17.75668      0.00000
     -1.60915     21.53871      0.00000
     -1.59915     36.16060      0.00000
     -1.58915     41.82894      0.00000
     -1.57915     27.96305      0.00000
     -1.56915     17.58219      0.00000
     -1.55915     15.79562      0.00000
     -1.54915     18.58173      0.00000
     -1.53915     19.87468      0.00000
     -1.52915     14.70939      0.00000
     -1.51915     11.57168      0.00000
     -1.50915     12.09277      0.00000
     -1.49915     13.14979      0.00000
     -1.48915     10.69156      0.00000
     -1.47915      6.45684      0.00000
     -1.46915      2.38205      0.00000
     -1.45915      0.38569      0.00000
     -1.44915      0.02393      0.00000
     -1.43915      0.00137      0.00000
     -1.42915      0.03535      0.00000
     -1.41915      0.56428      0.00000
     -1.40915      3.32365      0.00000
     -1.39915      7.33521      0.00000
     -1.38915      7.26567      0.00000
     -1.37915      7.89472      0.00000
     -1.36915      9.92388      0.00000
     -1.35915      6.70180      0.00000
     -1.34915      7.88498      0.00000
     -1.33915     21.04936      0.00000
     -1.32915     27.74551      0.00000
     -1.31915     15.26619      0.00000
     -1.30915      3.44184      0.00000
     -1.29915      0.39467      0.00000
     -1.28915      1.03980      0.00000
     -1.27915      4.55049      0.00000
     -1.26915      7.45897      0.00000
     -1.25915      4.70475      0.00000
     -1.24915      3.02997      0.00000
     -1.23915      8.75995      0.00000
     -1.22915     14.57600      0.00000
     -1.21915      9.87363      0.00000
     -1.20915      5.15689      0.00000
     -1.19915      8.13225      0.00000
     -1.18915     12.95070      0.00000
     -1.17915     16.59081      0.00000
     -1.16915     11.94789      0.00000
     -1.15915      5.27125      0.00000
     -1.14915      9.67570      0.00000
     -1.13915     20.77388      0.00000
     -1.12915     32.31244      0.00000
     -1.11915     49.20746      0.00000
     -1.10915     53.77752      0.00000
     -1.09915     32.27539      0.00000
     -1.08915     15.24064      0.00000
     -1.07915     15.07155      0.00000
     -1.06915     15.02914      0.00000
     -1.05915     16.67401      0.00000
     -1.04915     19.96614      0.00000
     -1.03915     13.82328      0.00000
     -1.02915      5.30521      0.00000
     -1.01915      7.68870      0.00000
     -1.00915     17.38665      0.00000
     -0.99915     21.05577      0.00000
     -0.98915     21.32660      0.00000
     -0.97915     17.48163      0.00000
     -0.96915      8.64249      0.00000
     -0.95915      9.93831      0.00000
     -0.94915     21.54453      0.00000
     -0.93915     27.40437      0.00000
     -0.92915     21.39251      0.00000
     -0.91915     17.13973      0.00000
     -0.90915     18.59062      0.00000
     -0.89915     16.85497      0.00000
     -0.88915      9.82766      0.00000
     -0.87915      5.25860      0.00000
     -0.86915      6.35637      0.00000
     -0.85915     11.41809      0.00000
     -0.84915     12.41657      0.00000
     -0.83915      6.72873      0.00000
     -0.82915      1.94409      0.00000
     -0.81915      1.96552      0.00000
     -0.80915      8.55669      0.00000
     -0.79915     16.51380      0.00000
     -0.78915     12.58252      0.00000
     -0.77915      3.76956      0.00000
     -0.76915      0.44058      0.00000
     -0.75915      0.01992      0.00000
     -0.74915      0.00391      0.00000
     -0.73915      0.11885      0.00000
     -0.72915      1.51996      0.00000
     -0.71915      7.51734      0.00000
     -0.70915     14.39340      0.00000
     -0.69915     10.77144      0.00000
     -0.68915      4.90333      0.00000
     -0.67915      9.06965      0.00000
     -0.66915     14.90565      0.00000
     -0.65915      9.42442      0.00000
     -0.64915      2.53079      0.00000
     -0.63915      1.96679      0.00000
     -0.62915      4.53313      0.00000
     -0.61915      6.28161      0.00000
     -0.60915      4.37462      0.00000
     -0.59915      1.36555      0.00000
     -0.58915      1.28999      0.00000
     -0.57915      6.33301      0.00000
     -0.56915     13.67627      0.00000
     -0.55915     11.70759      0.00000
     -0.54915      3.99306      0.00000
     -0.53915      0.54055      0.00000
     -0.52915      0.02870      0.00000
     -0.51915      0.00059      0.00000
     -0.50915      0.00000      0.00000
     -0.49915      0.00000      0.00000
     -0.48915      0.00000      0.00000
     -0.47915      0.00000      0.00000
     -0.46915      0.00000      0.00000
     -0.45915      0.00000      0.00000
     -0.44915      0.00000      0.00000
     -0.43915      0.00003      0.00000
     -0.42915      0.00193      0.00000
     -0.41915      0.05346      0.00000
     -0.40915      0.57705      0.00000
     -0.39915      2.64260      0.00000
     -0.38915      5.75709      0.00000
     -0.37915      6.16097      0.00000
     -0.36915      2.94714      0.00000
     -0.35915      0.56709      0.00000
     -0.34915      0.04151      0.00000
     -0.33915      0.00113      0.00000
     -0.32915      0.00032      0.00000
     -0.31915      0.01373      0.00000
     -0.30915      0.21924      0.00000
     -0.29915      1.40501      0.00000
     -0.28915      4.11937      0.00000
     -0.27915      6.31892      0.00000
     -0.26915      4.85573      0.00000
     -0.25915      1.60233      0.00000
     -0.24915      0.21734      0.00000
     -0.23915      0.28005      0.00000
     -0.22915      2.40757      0.00000
     -0.21915      8.78480      0.00000
     -0.20915     14.58548      0.00000
     -0.19915     13.85257      0.00000
     -0.18915      9.87413      0.00000
     -0.17915      4.95589      0.00000
     -0.16915      1.33686      0.00000
     -0.15915      0.16240      0.00000
     -0.14915      0.00835      0.00000
     -0.13915      0.01727      0.00000
     -0.12915      0.38894      0.00000
     -0.11915      3.73251      0.00000
     -0.10915     15.99097      0.00000
     -0.09915     31.69127      0.00000
     -0.08915     29.98914      0.00000
     -0.07915     16.88240      0.00000
     -0.06915      9.30432      0.00000
     -0.05915      3.78592      0.00000
     -0.04915      0.67101      0.00000
     -0.03915      0.04584      0.00000
     -0.02915      0.03360      0.00000
     -0.01915      0.45978      0.00000
     -0.00915      2.64668      0.00000
      0.00085      6.34301      0.00000
      0.01085      6.30944      0.00000
      0.02085      2.53527      0.00000
      0.03085      0.39808      0.00000
      0.04085      0.02380      0.00000
      0.05085      0.00053      0.00000
      0.06085      0.00000      0.00000
      0.07085      0.00000      0.00000
      0.08085      0.00000      0.00000
      0.09085      0.00000      0.00000
      0.10085      0.00000      0.00000
      0.11085      0.00000      0.00000
      0.12085      0.00000      0.00000
      0.13085      0.00000      0.00000
      0.14085      0.00000      0.00000
      0.15085      0.00000      0.00000
      0.16085      0.00000      0.00000
      0.17085      0.00000      0.00000
      0.18085      0.00000      0.00000
      0.19085      0.00000      0.00000
      0.20085      0.00000      0.00000
      0.21085      0.00000      0.00000
      0.22085      0.00008      0.00000
      0.23085      0.00594      0.00000
      0.24085      0.15751      0.00000
      0.25085      1.53772      0.00000
      0.26085      5.52335      0.00000
      0.27085      7.29908      0.00000
      0.28085      3.54875      0.00000
      0.29085      0.63478      0.00000
      0.30085      0.04177      0.00000
      0.31085      0.00105      0.00000
      0.32085      0.00362      0.00000
      0.33085      0.12031      0.00000
      0.34085      1.53516      0.00000
      0.35085      7.55704      0.00000
      0.36085     14.38687      0.00000
      0.37085     10.57550      0.00000
      0.38085      2.98642      0.00000
      0.39085      0.32172      0.00000
      0.40085      0.01312      0.00000
      0.41085      0.00019      0.00000
      0.42085      0.00000      0.00000
      0.43085      0.00000      0.00000
      0.44085      0.00000      0.00000
      0.45085      0.00000      0.00000
      0.46085      0.00000      0.00000
      0.47085      0.00000      0.00000
      0.48085      0.00000      0.00000
      0.49085      0.00000      0.00000
      0.50085      0.00000      0.00000
      0.51085      0.00000      0.00000
      0.52085      0.00000      0.00000
      0.53085      0.00000      0.00000
      0.54085      0.00000      0.00000
      0.55085      0.00000      0.00000
      0.56085      0.00000      0.00000
      0.57085      0.00000      0.00000
      0.58085      0.00000      0.00000
      0.59085      0.00000      0.00000
      0.60085      0.00000      0.00000
      0.61085      0.00000      0.00000
      0.62085      0.00000      0.00000
      0.63085      0.00010      0.00000
      0.64085      0.00875      0.00000
      0.65085      0.24765      0.00000
      0.66085      2.60294      0.00000
      0.67085     10.16621      0.00000
      0.68085     14.76548      0.00000
      0.69085      7.97984      0.00000
      0.70085      1.60538      0.00000
      0.71085      0.12025      0.00000
      0.72085      0.00335      0.00000
      0.73085      0.00002      0.00000
      0.74085      0.00000      0.00000
      0.75085      0.00122      0.00000
      0.76085      0.05529      0.00000
      0.77085      0.93307      0.00000
      0.78085      5.88445      0.00000
      0.79085     13.87068      0.00000
      0.80085     12.21856      0.00000
      0.81085      4.02013      0.00000
      0.82085      0.49361      0.00000
      0.83085      0.02259      0.00000
      0.84085      0.00039      0.00000
      0.85085      0.00000      0.00000
      0.86085      0.00000      0.00000
      0.87085      0.00000      0.00000
      0.88085      0.00000      0.00000
      0.89085      0.00000      0.00000
      0.90085      0.00030      0.00000
      0.91085      0.01394      0.00000
      0.92085      0.24697      0.00000
      0.93085      1.87776      0.00000
      0.94085      6.95377      0.00000
      0.95085     13.65507      0.00000
      0.96085     13.60227      0.00000
      0.97085      6.15368      0.00000
      0.98085      1.16154      0.00000
      0.99085      0.18804      0.00000
      1.00085      1.00880      0.00000
      1.01085      3.65262      0.00000
      1.02085      4.87712      0.00000
      1.03085      2.39569      0.00000
      1.04085      0.43291      0.00000
      1.05085      0.02878      0.00000
      1.06085      0.00070      0.00000
      1.07085      0.00000      0.00000
      1.08085      0.00097      0.00000
      1.09085      0.03774      0.00000
      1.10085      0.55418      0.00000
      1.11085      3.31129      0.00000
      1.12085      9.47645      0.00000
      1.13085     16.66761      0.00000
      1.14085     21.59598      0.00000
      1.15085     21.84980      0.00000
      1.16085     14.60559      0.00000
      1.17085      4.90098      0.00000
      1.18085      0.70718      0.00000
      1.19085      0.04123      0.00000
      1.20085      0.00094      0.00000
      1.21085      0.00000      0.00000
      1.22085      0.00000      0.00000
      1.23085      0.00000      0.00000
      1.24085      0.00000      0.00000
      1.25085      0.00000      0.00000
      1.26085      0.00000      0.00000
      1.27085      0.00000      0.00000
      1.28085      0.00000      0.00000
      1.29085      0.00000      0.00000
      1.30085      0.00000      0.00000
      1.31085      0.00000      0.00000
      1.32085      0.00000      0.00000
      1.33085      0.00000      0.00000
      1.34085      0.00000      0.00000
      1.35085      0.00000      0.00000
      1.36085      0.00000      0.00000
      1.37085      0.00000      0.00000
      1.38085      0.00000      0.00000
      1.39085      0.00000      0.00000
      1.40085      0.00000      0.00000
      1.41085      0.00000      0.00000
      1.42085      0.00000      0.00000
      1.43085      0.00000      0.00000
      1.44085      0.00000      0.00000
      1.45085      0.00000      0.00000
      1.46085      0.00000      0.00000
      1.47085      0.00000      0.00000
      1.48085      0.00000      0.00000
      1.49085      0.00004      0.00000
      1.50085      0.00291      0.00000
      1.51085      0.07915      0.00000
      1.52085      0.85534      0.00000
      1.53085      3.78538      0.00000
      1.54085      6.96729      0.00000
      1.55085      5.27272      0.00000
      1.56085      1.59261      0.00000
      1.57085      0.18618      0.00000
      1.58085      0.00824      0.00000
      1.59085      0.00013      0.00000
      1.60085      0.00093      0.00000
      1.61085      0.03721      0.00000
      1.62085      0.55952      0.00000
      1.63085      3.23306      0.00000
      1.64085      7.72399      0.00000
      1.65085      9.74763      0.00000
      1.66085      9.11337      0.00000
      1.67085      5.42300      0.00000
      1.68085      1.48721      0.00000
      1.69085      0.16657      0.00000
      1.70085      0.00735      0.00000
      1.71085      0.00011      0.00000
      1.72085      0.00000      0.00000
      1.73085      0.00000      0.00000
      1.74085      0.00000      0.00000
      1.75085      0.00000      0.00000
      1.76085      0.00000      0.00000
      1.77085      0.00000      0.00000
      1.78085      0.00000      0.00000
      1.79085      0.00000      0.00000
      1.80085      0.00000      0.00000
      1.81085      0.00000      0.00000
      1.82085      0.00005      0.00000
      1.83085      0.00298      0.00000
      1.84085      0.07117      0.00000
      1.85085      0.63530      0.00000
      1.86085      2.28132      0.00000
      1.87085      4.40069      0.00000
      1.88085      7.39639      0.00000
      1.89085     11.79350      0.00000
      1.90085     14.51407      0.00000
      1.91085     10.56940      0.00000
      1.92085      4.10248      0.00000
      1.93085      2.60974      0.00000
      1.94085      7.76181      0.00000
      1.95085     13.45138      0.00000
      1.96085     10.34560      0.00000
      1.97085      3.35565      0.00000
      1.98085      0.43608      0.00000
      1.99085      0.02193      0.00000
      2.00085      0.00051      0.00000
      2.01085      0.00686      0.00000
      2.02085      0.17881      0.00000
      2.03085      1.80474      0.00000
      2.04085      7.32274      0.00000
      2.05085     12.79159      0.00000
      2.06085     10.47276      0.00000
      2.07085      4.13266      0.00000
      2.08085      0.73458      0.00000
      2.09085      0.05362      0.00000
      2.10085      0.00151      0.00000
      2.11085      0.00000      0.00000
      2.12085      0.00000      0.00000
      2.13085      0.00000      0.00000
      2.14085      0.00000      0.00000
      2.15085      0.00000      0.00000
      2.16085      0.00000      0.00000
      2.17085      0.00000      0.00000
      2.18085      0.00000      0.00000
      2.19085      0.00000      0.00000
      2.20085      0.00000      0.00000
      2.21085      0.00000      0.00000
      2.22085      0.00000      0.00000
      2.23085      0.00000      0.00000
      2.24085      0.00000      0.00000
      2.25085      0.00000      0.00000
      2.26085      0.00000      0.00000
      2.27085      0.00000      0.00000
      2.28085      0.00024      0.00000
      2.29085      0.01263      0.00000
      2.30085      0.24341      0.00000
      2.31085      1.73323      0.00000
      2.32085      4.69911      0.00000
      2.33085      5.87707      0.00000
      2.34085      5.87564      0.00000
      2.35085      4.64474      0.00000
      2.36085      1.79578      0.00000
      2.37085      1.47038      0.00000
      2.38085      5.32839      0.00000
      2.39085     10.65237      0.00000
      2.40085     11.44425      0.00000
      2.41085      6.65805      0.00000
      2.42085      1.92248      0.00000
      2.43085      1.06919      0.00000
      2.44085      3.40125      0.00000
      2.45085      4.95002      0.00000
      2.46085      2.65764      0.00000
      2.47085      0.52493      0.00000
      2.48085      0.03814      0.00000
      2.49085      0.00102      0.00000
      2.50085      0.00000      0.00000
      2.51085      0.00000      0.00000
      2.52085      0.00000      0.00000
      2.53085      0.00000      0.00000
      2.54085      0.00000      0.00000
      2.55085      0.00000      0.00000
      2.56085      0.00000      0.00000
      2.57085      0.00000      0.00000
      2.58085      0.00000      0.00000
      2.59085      0.00000      0.00000
      2.60085      0.00000      0.00000
      2.61085      0.00000      0.00000
      2.62085      0.00000      0.00000
      2.63085      0.00023      0.00000
      2.64085      0.01273      0.00000
      2.65085      0.26572      0.00000
      2.66085      2.22650      0.00000
      2.67085      8.05780      0.00000
      2.68085     13.35815      0.00000
      2.69085     10.00499      0.00000
      2.70085      3.15959      0.00000
      2.71085      0.39507      0.00000
      2.72085      0.01888      0.00000
      2.73085      0.00034      0.00000
      2.74085      0.00000      0.00000
      2.75085      0.00000      0.00000
      2.76085      0.00000      0.00000
      2.77085      0.00000      0.00000
      2.78085      0.00000      0.00000
      2.79085      0.00000      0.00000
      2.80085      0.00000      0.00000
      2.81085      0.00000      0.00000
      2.82085      0.00000      0.00000
      2.83085      0.00000      0.00000
      2.84085      0.00000      0.00000
      2.85085      0.00000      0.00000
      2.86085      0.00000      0.00000
      2.87085      0.00154      0.00000
      2.88085      0.05306      0.00000
      2.89085      0.68920      0.00000
      2.90085      3.67039      0.00000
      2.91085      9.71873      0.00000
      2.92085     15.58377      0.00000
      2.93085     13.95920      0.00000
      2.94085      6.90798      0.00000
      2.95085      5.91349      0.00000
      2.96085      8.31979      0.00000
      2.97085      6.89439      0.00000
      2.98085      2.78060      0.00000
      2.99085      0.47547      0.00000
      3.00085      0.03157      0.00000
      3.01085      0.00078      0.00000
      3.02085      0.00000      0.00000
      3.03085      0.00000      0.00000
      3.04085      0.00000      0.00000
      3.05085      0.00000      0.00000
      3.06085      0.00000      0.00000
      3.07085      0.00000      0.00000
      3.08085      0.00000      0.00000
      3.09085      0.00000      0.00000
      3.10085      0.00000      0.00000
      3.11085      0.00000      0.00000
      3.12085      0.00000      0.00000
      3.13085      0.00000      0.00000
      3.14085      0.00000      0.00000
      3.15085      0.00000      0.00000
      3.16085      0.00000      0.00000
      3.17085      0.00000      0.00000
      3.18085      0.00000      0.00000
      3.19085      0.00000      0.00000
      3.20085      0.00000      0.00000
      3.21085      0.00000      0.00000
      3.22085      0.00000      0.00000
      3.23085      0.00000      0.00000
      3.24085      0.00000      0.00000
      3.25085      0.00016      0.00000
      3.26085      0.00804      0.00000
      3.27085      0.14430      0.00000
      3.28085      0.95346      0.00000
      3.29085      2.34782      0.00000
      3.30085      2.55735      0.00000
      3.31085      3.24327      0.00000
      3.32085      5.01347      0.00000
      3.33085      3.57277      0.00000
      3.34085      1.79544      0.00000
      3.35085      3.54373      0.00000
      3.36085      5.03752      0.00000
      3.37085      3.57805      0.00000
      3.38085      4.11581      0.00000
      3.39085      4.92648      0.00000
      3.40085      2.44697      0.00000
      3.41085      0.66913      0.00000
      3.42085      1.66698      0.00000
