Energy-E_F (eV)    DOS (1/eV)    PDOS (1/eV)  of atom type Tl 
     -4.67959      0.00000      0.00000
     -4.66959      0.00000      0.00000
     -4.65959      0.00000      0.00000
     -4.64959      0.00000      0.00000
     -4.63959      0.00000      0.00000
     -4.62959      0.00000      0.00000
     -4.61959      0.00012      0.00000
     -4.60959      0.00336      0.00000
     -4.59959      0.03424      0.00000
     -4.58959      0.12822      0.00000
     -4.57959      0.17664      0.00000
     -4.56959      0.08952      0.00000
     -4.55959      0.01669      0.00000
     -4.54959      0.00114      0.00000
     -4.53959      0.00003      0.00000
     -4.52959      0.00000      0.00000
     -4.51959      0.00000      0.00000
     -4.50959      0.00000      0.00000
     -4.49959      0.00000      0.00000
     -4.48959      0.00000      0.00000
     -4.47959      0.00000      0.00000
     -4.46959      0.00000      0.00000
     -4.45959      0.00000      0.00000
     -4.44959      0.00000      0.00000
     -4.43959      0.00000      0.00000
     -4.42959      0.00000      0.00000
     -4.41959      0.00000      0.00000
     -4.40959      0.00000      0.00000
     -4.39959      0.00000      0.00000
     -4.38959      0.00000      0.00000
     -4.37959      0.00000      0.00000
     -4.36959      0.00000      0.00000
     -4.35959      0.00000      0.00000
     -4.34959      0.00001      0.00000
     -4.33959      0.00070      0.00000
     -4.32959      0.02027      0.00000
     -4.31959      0.21686      0.00000
     -4.30959      0.85367      0.00000
     -4.29959      1.23625      0.00000
     -4.28959      0.65861      0.00000
     -4.27959      0.12908      0.00000
     -4.26959      0.00945      0.00000
     -4.25959      0.00760      0.00000
     -4.24959      0.13587      0.00000
     -4.23959      0.93428      0.00000
     -4.22959      2.52410      0.00000
     -4.21959      3.35249      0.00000
     -4.20959      3.16474      0.00000
     -4.19959      1.85940      0.00000
     -4.18959      0.47403      0.00000
     -4.17959      0.04769      0.00000
     -4.16959      0.04854      0.00000
     -4.15959      0.47235      0.00000
     -4.14959      1.83174      0.00000
     -4.13959      2.97036      0.00000
     -4.12959      2.46742      0.00000
     -4.11959      1.23255      0.00000
     -4.10959      0.31679      0.00000
     -4.09959      0.03827      0.00000
     -4.08959      0.07859      0.00000
     -4.07959      0.49537      0.00000
     -4.06959      1.16903      0.00000
     -4.05959      1.01495      0.00000
     -4.04959      0.32417      0.00000
     -4.03959      0.03809      0.00000
     -4.02959      0.00165      0.00000
     -4.01959      0.00003      0.00000
     -4.00959      0.00020      0.00000
     -3.99959      0.00797      0.00000
     -3.98959      0.11609      0.00000
     -3.97959      0.62224      0.00000
     -3.96959      1.22690      0.00000
     -3.95959      0.88995      0.00000
     -3.94959      0.23748      0.00000
     -3.93959      0.02331      0.00000
     -3.92959      0.00084      0.00000
     -3.91959      0.00001      0.00000
     -3.90959      0.00000      0.00000
     -3.89959      0.00000      0.00000
     -3.88959      0.00000      0.00000
     -3.87959      0.00007      0.00000
     -3.86959      0.00429      0.00000
     -3.85959      0.09313      0.00000
     -3.84959      0.75894      0.00000
     -3.83959      2.40682      0.00000
     -3.82959      3.23837      0.00000
     -3.81959      2.09317      0.00000
     -3.80959      0.67588      0.00000
     -3.79959      0.10363      0.00000
     -3.78959      0.13619      0.00000
     -3.77959      1.28904      0.00000
     -3.76959      5.08356      0.00000
     -3.75959      8.53805      0.00000
     -3.74959      7.47367      0.00000
     -3.73959      5.36389      0.00000
     -3.72959      3.90521      0.00000
     -3.71959      1.99244      0.00000
     -3.70959      0.55682      0.00000
     -3.69959      0.32750      0.00000
     -3.68959      0.93703      0.00000
     -3.67959      1.21135      0.00000
     -3.66959      0.57962      0.00000
     -3.65959      0.14974      0.00000
     -3.64959      0.49263      0.00000
     -3.63959      1.79865      0.00000
     -3.62959      2.44802      0.00000
     -3.61959      1.22667      0.00000
     -3.60959      0.24950      0.00000
     -3.59959      0.25529      0.00000
     -3.58959      0.89455      0.00000
     -3.57959      1.22561      0.00000
     -3.56959      0.61800      0.00000
     -3.55959      0.11464      0.00000
     -3.54959      0.00782      0.00000
     -3.53959      0.00021      0.00000
     -3.52959      0.00103      0.00000
     -3.51959      0.03228      0.00000
     -3.50959      0.37349      0.00000
     -3.49959      1.59000      0.00000
     -3.48959      2.49041      0.00000
     -3.47959      1.44566      0.00000
     -3.46959      0.44890      0.00000
     -3.45959      0.72331      0.00000
     -3.44959      1.24388      0.00000
     -3.43959      0.81271      0.00000
     -3.42959      0.19566      0.00000
     -3.41959      0.02711      0.00000
     -3.40959      0.17023      0.00000
     -3.39959      1.13421      0.00000
     -3.38959      3.31013      0.00000
     -3.37959      5.58287      0.00000
     -3.36959      6.82904      0.00000
     -3.35959      5.35678      0.00000
     -3.34959      2.18025      0.00000
     -3.33959      0.39680      0.00000
     -3.32959      0.02939      0.00000
     -3.31959      0.00086      0.00000
     -3.30959      0.00163      0.00000
     -3.29959      0.04550      0.00000
     -3.28959      0.46897      0.00000
     -3.27959      1.80682      0.00000
     -3.26959      2.85866      0.00000
     -3.25959      2.99679      0.00000
     -3.24959      3.79482      0.00000
     -3.23959      3.76818      0.00000
     -3.22959      2.20191      0.00000
     -3.21959      0.73341      0.00000
     -3.20959      0.59408      0.00000
     -3.19959      2.83296      0.00000
     -3.18959      7.27650      0.00000
     -3.17959      9.55987      0.00000
     -3.16959      7.37089      0.00000
     -3.15959      4.67008      0.00000
     -3.14959      3.98752      0.00000
     -3.13959      3.69942      0.00000
     -3.12959      2.69914      0.00000
     -3.11959      1.22731      0.00000
     -3.10959      1.02586      0.00000
     -3.09959      1.23914      0.00000
     -3.08959      0.63617      0.00000
     -3.07959      0.12958      0.00000
     -3.06959      0.17230      0.00000
     -3.05959      1.20345      0.00000
     -3.04959      3.69504      0.00000
     -3.03959      5.24215      0.00000
     -3.02959      3.76302      0.00000
     -3.01959      1.62563      0.00000
     -3.00959      1.64293      0.00000
     -2.99959      2.84200      0.00000
     -2.98959      3.29091      0.00000
     -2.97959      3.92688      0.00000
     -2.96959      4.21875      0.00000
     -2.95959      4.48399      0.00000
     -2.94959      7.39943      0.00000
     -2.93959      9.95417      0.00000
     -2.92959      6.73722      0.00000
     -2.91959      2.04775      0.00000
     -2.90959      0.43054      0.00000
     -2.89959      0.81330      0.00000
     -2.88959      1.63237      0.00000
     -2.87959      2.39763      0.00000
     -2.86959      3.08335      0.00000
     -2.85959      3.12899      0.00000
     -2.84959      2.77010      0.00000
     -2.83959      1.38114      0.00000
     -2.82959      0.72350      0.00000
     -2.81959      2.49645      0.00000
     -2.80959      6.23547      0.00000
     -2.79959      8.26181      0.00000
     -2.78959      6.45219      0.00000
     -2.77959      3.20241      0.00000
     -2.76959      0.89313      0.00000
     -2.75959      0.31351      0.00000
     -2.74959      1.56750      0.00000
     -2.73959      4.74128      0.00000
     -2.72959      5.76004      0.00000
     -2.71959      2.79082      0.00000
     -2.70959      0.73424      0.00000
     -2.69959      1.46603      0.00000
     -2.68959      3.83646      0.00000
     -2.67959      4.40169      0.00000
     -2.66959      3.04708      0.00000
     -2.65959      2.78137      0.00000
     -2.64959      2.22710      0.00000
     -2.63959      1.13674      0.00000
     -2.62959      1.72284      0.00000
     -2.61959      2.54340      0.00000
     -2.60959      1.95686      0.00000
     -2.59959      2.55618      0.00000
     -2.58959      3.61564      0.00000
     -2.57959      2.26719      0.00000
     -2.56959      0.57488      0.00000
     -2.55959      0.05842      0.00000
     -2.54959      0.00234      0.00000
     -2.53959      0.00003      0.00000
     -2.52959      0.00015      0.00000
     -2.51959      0.00803      0.00000
     -2.50959      0.16195      0.00000
     -2.49959      1.20291      0.00000
     -2.48959      3.28900      0.00000
     -2.47959      3.31046      0.00000
     -2.46959      1.22662      0.00000
     -2.45959      0.16732      0.00000
     -2.44959      0.00840      0.00000
     -2.43959      0.00029      0.00000
     -2.42959      0.00700      0.00000
     -2.41959      0.13087      0.00000
     -2.40959      0.89966      0.00000
     -2.39959      2.27566      0.00000
     -2.38959      2.13135      0.00000
     -2.37959      0.94650      0.00000
     -2.36959      1.42682      0.00000
     -2.35959      3.65094      0.00000
     -2.34959      5.95192      0.00000
     -2.33959      6.64793      0.00000
     -2.32959      5.21337      0.00000
     -2.31959      3.82489      0.00000
     -2.30959      2.98144      0.00000
     -2.29959      1.97947      0.00000
     -2.28959      2.72457      0.00000
     -2.27959      5.55127      0.00000
     -2.26959      6.53340      0.00000
     -2.25959      4.14396      0.00000
     -2.24959      3.40215      0.00000
     -2.23959      3.28420      0.00000
     -2.22959      1.58628      0.00000
     -2.21959      0.36073      0.00000
     -2.20959      0.52875      0.00000
     -2.19959      1.83105      0.00000
     -2.18959      2.44496      0.00000
     -2.17959      1.30847      0.00000
     -2.16959      0.83583      0.00000
     -2.15959      1.29919      0.00000
     -2.14959      1.32001      0.00000
     -2.13959      1.36365      0.00000
     -2.12959      1.19631      0.00000
     -2.11959      0.92951      0.00000
     -2.10959      1.24654      0.00000
     -2.09959      0.97973      0.00000
     -2.08959      0.44966      0.00000
     -2.07959      1.04786      0.00000
     -2.06959      2.35482      0.00000
     -2.05959      2.00510      0.00000
     -2.04959      0.62841      0.00000
     -2.03959      0.07245      0.00000
     -2.02959      0.00307      0.00000
     -2.01959      0.00006      0.00000
     -2.00959      0.00100      0.00000
     -1.99959      0.02654      0.00000
     -1.98959      0.25814      0.00000
     -1.97959      0.92352      0.00000
     -1.96959      1.21544      0.00000
     -1.95959      0.58848      0.00000
     -1.94959      0.10482      0.00000
     -1.93959      0.00687      0.00000
     -1.92959      0.00033      0.00000
     -1.91959      0.00671      0.00000
     -1.90959      0.10338      0.00000
     -1.89959      0.59327      0.00000
     -1.88959      1.38751      0.00000
     -1.87959      2.12434      0.00000
     -1.86959      3.79900      0.00000
     -1.85959      5.43903      0.00000
     -1.84959      5.06231      0.00000
     -1.83959      3.07386      0.00000
     -1.82959      2.61282      0.00000
     -1.81959      4.33818      0.00000
     -1.80959      5.05549      0.00000
     -1.79959      3.27272      0.00000
     -1.78959      2.27192      0.00000
     -1.77959      3.57740      0.00000
     -1.76959      3.05312      0.00000
     -1.75959      0.98190      0.00000
     -1.74959      0.11834      0.00000
     -1.73959      0.05767      0.00000
     -1.72959      0.62561      0.00000
     -1.71959      2.83431      0.00000
     -1.70959      4.97258      0.00000
     -1.69959      3.76665      0.00000
     -1.68959      2.08769      0.00000
     -1.67959      1.72114      0.00000
     -1.66959      2.36723      0.00000
     -1.65959      2.51894      0.00000
     -1.64959      1.71966      0.00000
     -1.63959      1.39243      0.00000
     -1.62959      0.77031      0.00000
     -1.61959      0.34825      0.00000
     -1.60959      1.12655      0.00000
     -1.59959      2.74189      0.00000
     -1.58959      3.48300      0.00000
     -1.57959      3.08306      0.00000
     -1.56959      1.69482      0.00000
     -1.55959      1.11468      0.00000
     -1.54959      2.07359      0.00000
     -1.53959      3.85344      0.00000
     -1.52959      5.00084      0.00000
     -1.51959      3.86091      0.00000
     -1.50959      3.25966      0.00000
     -1.49959      3.22506      0.00000
     -1.48959      2.04291      0.00000
     -1.47959      1.01049      0.00000
     -1.46959      1.87324      0.00000
     -1.45959      4.35620      0.00000
     -1.44959      6.09862      0.00000
     -1.43959      5.72143      0.00000
     -1.42959      4.18595      0.00000
     -1.41959      3.68128      0.00000
     -1.40959      5.33252      0.00000
     -1.39959      6.15021      0.00000
     -1.38959      4.22450      0.00000
     -1.37959      1.85288      0.00000
     -1.36959      1.56313      0.00000
     -1.35959      2.84570      0.00000
     -1.34959      3.01800      0.00000
     -1.33959      1.86410      0.00000
     -1.32959      1.78445      0.00000
     -1.31959      2.52556      0.00000
     -1.30959      1.62293      0.00000
     -1.29959      0.38891      0.00000
     -1.28959      0.03431      0.00000
     -1.27959      0.00111      0.00000
     -1.26959      0.00005      0.00000
     -1.25959      0.00293      0.00000
     -1.24959      0.07767      0.00000
     -1.23959      0.82223      0.00000
     -1.22959      3.67583      0.00000
     -1.21959      7.35159      0.00000
     -1.20959      6.71892      0.00000
     -1.19959      2.74820      0.00000
     -1.18959      0.75515      0.00000
     -1.17959      1.42775      0.00000
     -1.16959      2.48680      0.00000
     -1.15959      1.62913      0.00000
     -1.14959      0.39284      0.00000
     -1.13959      0.03930      0.00000
     -1.12959      0.09622      0.00000
     -1.11959      0.74676      0.00000
     -1.10959      2.20894      0.00000
     -1.09959      2.73963      0.00000
     -1.08959      2.03859      0.00000
     -1.07959      1.15578      0.00000
     -1.06959      0.34326      0.00000
     -1.05959      0.04061      0.00000
     -1.04959      0.00180      0.00000
     -1.03959      0.00071      0.00000
     -1.02959      0.01988      0.00000
     -1.01959      0.21412      0.00000
     -1.00959      0.84863      0.00000
     -0.99959      1.23735      0.00000
     -0.98959      0.66628      0.00000
     -0.97959      0.19558      0.00000
     -0.96959      0.59663      0.00000
     -0.95959      2.01546      0.00000
     -0.94959      3.13128      0.00000
     -0.93959      4.31343      0.00000
     -0.92959      5.93096      0.00000
     -0.91959      4.30494      0.00000
     -0.90959      1.39742      0.00000
     -0.89959      0.68175      0.00000
     -0.88959      1.84484      0.00000
     -0.87959      2.43516      0.00000
     -0.86959      1.18795      0.00000
     -0.85959      0.21321      0.00000
     -0.84959      0.01408      0.00000
     -0.83959      0.00034      0.00000
     -0.82959      0.00000      0.00000
     -0.81959      0.00010      0.00000
     -0.80959      0.00463      0.00000
     -0.79959      0.07981      0.00000
     -0.78959      0.51182      0.00000
     -0.77959      1.33442      0.00000
     -0.76959      2.30162      0.00000
     -0.75959      4.33044      0.00000
     -0.74959      5.19378      0.00000
     -0.73959      4.74147      0.00000
     -0.72959      6.55099      0.00000
     -0.71959      7.90642      0.00000
     -0.70959      6.86195      0.00000
     -0.69959      5.75469      0.00000
     -0.68959      4.71520      0.00000
     -0.67959      2.29255      0.00000
     -0.66959      0.49975      0.00000
     -0.65959      0.04713      0.00000
     -0.64959      0.09759      0.00000
     -0.63959      1.07437      0.00000
     -0.62959      4.59480      0.00000
     -0.61959      7.70888      0.00000
     -0.60959      5.57396      0.00000
     -0.59959      2.19928      0.00000
     -0.58959      0.55026      0.00000
     -0.57959      0.07048      0.00000
     -0.56959      0.01251      0.00000
     -0.55959      0.15517      0.00000
     -0.54959      1.02101      0.00000
     -0.53959      2.70521      0.00000
     -0.52959      3.61737      0.00000
     -0.51959      3.28926      0.00000
     -0.50959      2.53613      0.00000
     -0.49959      3.12952      0.00000
     -0.48959      3.89687      0.00000
     -0.47959      3.11335      0.00000
     -0.46959      1.28858      0.00000
     -0.45959      0.22343      0.00000
     -0.44959      0.01487      0.00000
     -0.43959      0.00529      0.00000
     -0.42959      0.10356      0.00000
     -0.41959      0.82292      0.00000
     -0.40959      2.61877      0.00000
     -0.39959      4.01235      0.00000
     -0.38959      4.38273      0.00000
     -0.37959      4.36015      0.00000
     -0.36959      3.64427      0.00000
     -0.35959      2.65423      0.00000
     -0.34959      2.68630      0.00000
     -0.33959      2.08330      0.00000
     -0.32959      0.67525      0.00000
     -0.31959      0.22254      0.00000
     -0.30959      1.17080      0.00000
     -0.29959      4.23792      0.00000
     -0.28959      7.40912      0.00000
     -0.27959      6.19980      0.00000
     -0.26959      2.31977      0.00000
     -0.25959      0.37661      0.00000
     -0.24959      0.19003      0.00000
     -0.23959      1.10103      0.00000
     -0.22959      3.14600      0.00000
     -0.21959      5.11269      0.00000
     -0.20959      5.44182      0.00000
     -0.19959      3.00418      0.00000
     -0.18959      0.70198      0.00000
     -0.17959      0.06575      0.00000
     -0.16959      0.03794      0.00000
     -0.15959      0.39892      0.00000
     -0.14959      1.64170      0.00000
     -0.13959      2.50137      0.00000
     -0.12959      1.62674      0.00000
     -0.11959      1.55984      0.00000
     -0.10959      2.48460      0.00000
     -0.09959      1.76390      0.00000
     -0.08959      0.63658      0.00000
     -0.07959      0.82655      0.00000
     -0.06959      1.29738      0.00000
     -0.05959      1.30622      0.00000
     -0.04959      2.78187      0.00000
     -0.03959      5.12787      0.00000
     -0.02959      4.76357      0.00000
     -0.01959      2.81681      0.00000
     -0.00959      3.54773      0.00000
      0.00041      5.32269      0.00000
      0.01041      4.56307      0.00000
      0.02041      4.08588      0.00000
      0.03041      3.28998      0.00000
      0.04041      2.01034      0.00000
      0.05041      1.29152      0.00000
      0.06041      0.52406      0.00000
      0.07041      0.46875      0.00000
      0.08041      1.84810      0.00000
      0.09041      4.12858      0.00000
      0.10041      5.73557      0.00000
      0.11041      4.65018      0.00000
      0.12041      1.73859      0.00000
      0.13041      0.57818      0.00000
      0.14041      1.26952      0.00000
      0.15041      2.67498      0.00000
      0.16041      4.24509      0.00000
      0.17041      4.62127      0.00000
      0.18041      3.72253      0.00000
      0.19041      3.07384      0.00000
      0.20041      2.18125      0.00000
      0.21041      2.30416      0.00000
      0.22041      2.41476      0.00000
      0.23041      1.07463      0.00000
      0.24041      0.17783      0.00000
      0.25041      0.01083      0.00000
      0.26041      0.00024      0.00000
      0.27041      0.00031      0.00000
      0.28041      0.01519      0.00000
      0.29041      0.27578      0.00000
      0.30041      1.84910      0.00000
      0.31041      4.57786      0.00000
      0.32041      4.18504      0.00000
      0.33041      1.42095      0.00000
      0.34041      0.32725      0.00000
      0.35041      1.05514      0.00000
      0.36041      3.04928      0.00000
      0.37041      4.78232      0.00000
      0.38041      5.29369      0.00000
      0.39041      4.28137      0.00000
      0.40041      3.93331      0.00000
      0.41041      4.99651      0.00000
      0.42041      5.00912      0.00000
      0.43041      3.47348      0.00000
      0.44041      2.36016      0.00000
      0.45041      1.76642      0.00000
      0.46041      1.78067      0.00000
      0.47041      2.58073      0.00000
      0.48041      2.35280      0.00000
      0.49041      2.39252      0.00000
      0.50041      3.06073      0.00000
      0.51041      3.69057      0.00000
      0.52041      4.97989      0.00000
      0.53041      4.52496      0.00000
      0.54041      2.40704      0.00000
      0.55041      0.71928      0.00000
      0.56041      0.10238      0.00000
      0.57041      0.00599      0.00000
      0.58041      0.00013      0.00000
      0.59041      0.00033      0.00000
      0.60041      0.01419      0.00000
      0.61041      0.23379      0.00000
      0.62041      1.56875      0.00000
      0.63041      4.68935      0.00000
      0.64041      6.66449      0.00000
      0.65041      4.59023      0.00000
      0.66041      2.62768      0.00000
      0.67041      3.33136      0.00000
      0.68041      3.03424      0.00000
      0.69041      1.17949      0.00000
      0.70041      0.18840      0.00000
      0.71041      0.18930      0.00000
      0.72041      1.57169      0.00000
      0.73041      5.53628      0.00000
      0.74041      8.36960      0.00000
      0.75041      6.22373      0.00000
      0.76041      2.66548      0.00000
      0.77041      1.46158      0.00000
      0.78041      2.81028      0.00000
      0.79041      3.35678      0.00000
      0.80041      1.75958      0.00000
      0.81041      0.48969      0.00000
      0.82041      0.60385      0.00000
      0.83041      1.52801      0.00000
      0.84041      2.56877      0.00000
      0.85041      3.57913      0.00000
      0.86041      3.75331      0.00000
      0.87041      2.56251      0.00000
      0.88041      0.85346      0.00000
      0.89041      0.11545      0.00000
      0.90041      0.04308      0.00000
      0.91041      0.32496      0.00000
      0.92041      1.11146      0.00000
      0.93041      1.94686      0.00000
      0.94041      2.68097      0.00000
      0.95041      2.47228      0.00000
      0.96041      1.58994      0.00000
      0.97041      1.36535      0.00000
      0.98041      0.80965      0.00000
      0.99041      0.53968      0.00000
      1.00041      1.58809      0.00000
      1.01041      2.59073      0.00000
      1.02041      2.21737      0.00000
      1.03041      2.50970      0.00000
      1.04041      2.72421      0.00000
      1.05041      3.00144      0.00000
      1.06041      4.99817      0.00000
      1.07041      5.25270      0.00000
      1.08041      2.68359      0.00000
      1.09041      1.43135      0.00000
      1.10041      1.64170      0.00000
      1.11041      2.21620      0.00000
      1.12041      2.59547      0.00000
      1.13041      1.55651      0.00000
      1.14041      1.05265      0.00000
      1.15041      1.33355      0.00000
      1.16041      1.26833      0.00000
      1.17041      2.00186      0.00000
      1.18041      3.18877      0.00000
      1.19041      2.66323      0.00000
      1.20041      1.00307      0.00000
      1.21041      0.48215      0.00000
      1.22041      1.16523      0.00000
      1.23041      2.03478      0.00000
      1.24041      2.73572      0.00000
      1.25041      2.22647      0.00000
      1.26041      0.93914      0.00000
      1.27041      0.97495      0.00000
      1.28041      2.12482      0.00000
      1.29041      4.27157      0.00000
      1.30041      6.14827      0.00000
      1.31041      5.14649      0.00000
      1.32041      3.32950      0.00000
