Energy-E_F (eV)    DOS (1/eV)    PDOS (1/eV)  of atom type Ta 
     -4.87121      1.18537      0.00000
     -4.86121      0.19872      0.00000
     -4.85121      0.79969      0.00000
     -4.84121      4.18556      0.00000
     -4.83121      8.48855      0.00000
     -4.82121      6.95218      0.00000
     -4.81121      3.49672      0.00000
     -4.80121      2.49853      0.00000
     -4.79121      1.56851      0.00000
     -4.78121      0.95752      0.00000
     -4.77121      0.50108      0.00000
     -4.76121      0.12522      0.00000
     -4.75121      0.10320      0.00000
     -4.74121      0.46000      0.00000
     -4.73121      0.97673      0.00000
     -4.72121      1.13501      0.00000
     -4.71121      0.98514      0.00000
     -4.70121      1.40202      0.00000
     -4.69121      2.22641      0.00000
     -4.68121      1.53943      0.00000
     -4.67121      0.41591      0.00000
     -4.66121      0.29426      0.00000
     -4.65121      1.24300      0.00000
     -4.64121      2.20989      0.00000
     -4.63121      1.44687      0.00000
     -4.62121      0.34948      0.00000
     -4.61121      0.06932      0.00000
     -4.60121      0.58031      0.00000
     -4.59121      3.50232      0.00000
     -4.58121      8.85940      0.00000
     -4.57121      9.61604      0.00000
     -4.56121      4.75084      0.00000
     -4.55121      2.34253      0.00000
     -4.54121      2.47810      0.00000
     -4.53121      2.99209      0.00000
     -4.52121      6.56127      0.00000
     -4.51121     10.37957      0.00000
     -4.50121      9.57977      0.00000
     -4.49121      6.54456      0.00000
     -4.48121      5.32525      0.00000
     -4.47121      6.39164      0.00000
     -4.46121      9.01785      0.00000
     -4.45121      7.86672      0.00000
     -4.44121      3.54347      0.00000
     -4.43121      2.34279      0.00000
     -4.42121      1.99556      0.00000
     -4.41121      0.74286      0.00000
     -4.40121      0.18574      0.00000
     -4.39121      0.87014      0.00000
     -4.38121      3.41082      0.00000
     -4.37121      5.63804      0.00000
     -4.36121      5.25415      0.00000
     -4.35121      5.06966      0.00000
     -4.34121      4.77204      0.00000
     -4.33121      2.42062      0.00000
     -4.32121      1.71442      0.00000
     -4.31121      3.72977      0.00000
     -4.30121      4.01846      0.00000
     -4.29121      1.84107      0.00000
     -4.28121      1.38678      0.00000
     -4.27121      2.58469      0.00000
     -4.26121      2.37866      0.00000
     -4.25121      0.94658      0.00000
     -4.24121      0.16717      0.00000
     -4.23121      0.05486      0.00000
     -4.22121      0.54358      0.00000
     -4.21121      2.56730      0.00000
     -4.20121      4.65676      0.00000
     -4.19121      4.72138      0.00000
     -4.18121      7.27912      0.00000
     -4.17121     10.70777      0.00000
     -4.16121      9.56367      0.00000
     -4.15121      6.91527      0.00000
     -4.14121      5.62331      0.00000
     -4.13121      5.37994      0.00000
     -4.12121      3.99893      0.00000
     -4.11121      3.10710      0.00000
     -4.10121      2.37492      0.00000
     -4.09121      0.92986      0.00000
     -4.08121      0.49958      0.00000
     -4.07121      1.49123      0.00000
     -4.06121      2.25674      0.00000
     -4.05121      1.69429      0.00000
     -4.04121      1.92896      0.00000
     -4.03121      2.18724      0.00000
     -4.02121      1.31714      0.00000
     -4.01121      1.55217      0.00000
     -4.00121      2.31992      0.00000
     -3.99121      2.18285      0.00000
     -3.98121      3.94514      0.00000
     -3.97121      7.92857      0.00000
     -3.96121      9.72354      0.00000
     -3.95121      8.76502      0.00000
     -3.94121      8.38933      0.00000
     -3.93121      6.51869      0.00000
     -3.92121      4.37820      0.00000
     -3.91121      5.24697      0.00000
     -3.90121      7.44162      0.00000
     -3.89121      8.13247      0.00000
     -3.88121      8.88994      0.00000
     -3.87121     10.27114      0.00000
     -3.86121      9.08050      0.00000
     -3.85121      5.62397      0.00000
     -3.84121      4.82612      0.00000
     -3.83121      6.52139      0.00000
     -3.82121      5.91484      0.00000
     -3.81121      5.70285      0.00000
     -3.80121      6.44154      0.00000
     -3.79121      5.20159      0.00000
     -3.78121      4.46121      0.00000
     -3.77121      3.81202      0.00000
     -3.76121      1.78647      0.00000
     -3.75121      0.72919      0.00000
     -3.74121      1.67929      0.00000
     -3.73121      3.25900      0.00000
     -3.72121      4.36633      0.00000
     -3.71121      5.47879      0.00000
     -3.70121      4.77701      0.00000
     -3.69121      1.94239      0.00000
     -3.68121      0.31082      0.00000
     -3.67121      0.01922      0.00000
     -3.66121      0.02129      0.00000
     -3.65121      0.26857      0.00000
     -3.64121      1.27120      0.00000
     -3.63121      2.21976      0.00000
     -3.62121      1.54976      0.00000
     -3.61121      1.29904      0.00000
     -3.60121      2.63293      0.00000
     -3.59121      2.60551      0.00000
     -3.58121      1.05913      0.00000
     -3.57121      0.92501      0.00000
     -3.56121      2.81006      0.00000
     -3.55121      5.17532      0.00000
     -3.54121      5.38534      0.00000
     -3.53121      3.65143      0.00000
     -3.52121      2.80527      0.00000
     -3.51121      1.96627      0.00000
     -3.50121      1.13453      0.00000
     -3.49121      1.31620      0.00000
     -3.48121      2.99700      0.00000
     -3.47121      4.09687      0.00000
     -3.46121      3.54296      0.00000
     -3.45121      2.85899      0.00000
     -3.44121      2.65634      0.00000
     -3.43121      2.64186      0.00000
     -3.42121      4.27717      0.00000
     -3.41121      4.92543      0.00000
     -3.40121      3.60530      0.00000
     -3.39121      1.93455      0.00000
     -3.38121      0.52937      0.00000
     -3.37121      0.06584      0.00000
     -3.36121      0.11260      0.00000
     -3.35121      0.61960      0.00000
     -3.34121      1.79568      0.00000
     -3.33121      2.96335      0.00000
     -3.32121      2.53368      0.00000
     -3.31121      1.02420      0.00000
     -3.30121      0.18837      0.00000
     -3.29121      0.01497      0.00000
     -3.28121      0.00048      0.00000
     -3.27121      0.00001      0.00000
     -3.26121      0.00063      0.00000
     -3.25121      0.01648      0.00000
     -3.24121      0.15760      0.00000
     -3.23121      0.55633      0.00000
     -3.22121      0.76828      0.00000
     -3.21121      0.82278      0.00000
     -3.20121      1.73562      0.00000
     -3.19121      2.15080      0.00000
     -3.18121      1.01197      0.00000
     -3.17121      0.17545      0.00000
     -3.16121      0.01119      0.00000
     -3.15121      0.00027      0.00000
     -3.14121      0.00057      0.00000
     -3.13121      0.01529      0.00000
     -3.12121      0.15020      0.00000
     -3.11121      0.54303      0.00000
     -3.10121      0.73025      0.00000
     -3.09121      0.54703      0.00000
     -3.08121      1.75859      0.00000
     -3.07121      5.82381      0.00000
     -3.06121      8.83754      0.00000
     -3.05121      7.22741      0.00000
     -3.04121      3.56448      0.00000
     -3.03121      2.51592      0.00000
     -3.02121      4.25542      0.00000
     -3.01121      3.54217      0.00000
     -3.00121      1.09832      0.00000
     -2.99121      0.12534      0.00000
     -2.98121      0.00526      0.00000
     -2.97121      0.00008      0.00000
     -2.96121      0.00000      0.00000
     -2.95121      0.00005      0.00000
     -2.94121      0.00325      0.00000
     -2.93121      0.07312      0.00000
     -2.92121      0.60436      0.00000
     -2.91121      1.83772      0.00000
     -2.90121      2.05574      0.00000
     -2.89121      0.84707      0.00000
     -2.88121      0.16095      0.00000
     -2.87121      0.37028      0.00000
     -2.86121      1.47573      0.00000
     -2.85121      2.20573      0.00000
     -2.84121      1.21297      0.00000
     -2.83121      0.24627      0.00000
     -2.82121      0.03925      0.00000
     -2.81121      0.18407      0.00000
     -2.80121      0.59074      0.00000
     -2.79121      0.70023      0.00000
     -2.78121      0.33792      0.00000
     -2.77121      0.51018      0.00000
     -2.76121      2.35252      0.00000
     -2.75121      4.44286      0.00000
     -2.74121      3.59583      0.00000
     -2.73121      3.37330      0.00000
     -2.72121      4.62712      0.00000
     -2.71121      3.84009      0.00000
     -2.70121      3.87192      0.00000
     -2.69121      4.61679      0.00000
     -2.68121      5.32703      0.00000
     -2.67121      8.13325      0.00000
     -2.66121      9.01153      0.00000
     -2.65121      7.77150      0.00000
     -2.64121      9.61833      0.00000
     -2.63121     12.59851      0.00000
     -2.62121     13.43833      0.00000
     -2.61121     14.70663      0.00000
     -2.60121     12.77775      0.00000
     -2.59121     12.69212      0.00000
     -2.58121     15.67544      0.00000
     -2.57121     15.58906      0.00000
     -2.56121     10.36438      0.00000
     -2.55121      4.30438      0.00000
     -2.54121      3.24489      0.00000
     -2.53121      6.64570      0.00000
     -2.52121      9.60933      0.00000
     -2.51121      9.65822      0.00000
     -2.50121      8.33862      0.00000
     -2.49121      8.84110      0.00000
     -2.48121     11.83153      0.00000
     -2.47121     10.18232      0.00000
     -2.46121      7.38322      0.00000
     -2.45121     11.89675      0.00000
     -2.44121     18.59323      0.00000
     -2.43121     18.61583      0.00000
     -2.42121     12.73405      0.00000
     -2.41121      5.63967      0.00000
     -2.40121      1.22898      0.00000
     -2.39121      0.10933      0.00000
     -2.38121      0.01489      0.00000
     -2.37121      0.17607      0.00000
     -2.36121      1.02260      0.00000
     -2.35121      2.26041      0.00000
     -2.34121      2.15172      0.00000
     -2.33121      1.24551      0.00000
     -2.32121      0.94267      0.00000
     -2.31121      3.25705      0.00000
     -2.30121      8.59409      0.00000
     -2.29121      9.88016      0.00000
     -2.28121      6.12609      0.00000
     -2.27121      5.68976      0.00000
     -2.26121      6.43610      0.00000
     -2.25121      4.53474      0.00000
     -2.24121      5.60415      0.00000
     -2.23121      9.21333      0.00000
     -2.22121     12.28416      0.00000
     -2.21121     13.85755      0.00000
     -2.20121      9.75574      0.00000
     -2.19121      5.90473      0.00000
     -2.18121      4.01963      0.00000
     -2.17121      1.57250      0.00000
     -2.16121      0.25770      0.00000
     -2.15121      0.02043      0.00000
     -2.14121      0.06873      0.00000
     -2.13121      0.51665      0.00000
     -2.12121      2.04800      0.00000
     -2.11121      5.66977      0.00000
     -2.10121     11.29127      0.00000
     -2.09121     11.72971      0.00000
     -2.08121      5.52360      0.00000
     -2.07121      2.83028      0.00000
     -2.06121      4.14494      0.00000
     -2.05121      4.09376      0.00000
     -2.04121      1.75846      0.00000
     -2.03121      0.37738      0.00000
     -2.02121      0.86594      0.00000
     -2.01121      3.94693      0.00000
     -2.00121      8.20069      0.00000
     -1.99121      8.58000      0.00000
     -1.98121      4.74711      0.00000
     -1.97121      1.30732      0.00000
     -1.96121      1.04440      0.00000
     -1.95121      4.82094      0.00000
     -1.94121     10.34977      0.00000
     -1.93121     11.29448      0.00000
     -1.92121      7.96668      0.00000
     -1.91121      3.59404      0.00000
     -1.90121      2.45140      0.00000
     -1.89121      3.80354      0.00000
     -1.88121      6.99069      0.00000
     -1.87121      8.79788      0.00000
     -1.86121      5.70354      0.00000
     -1.85121      4.44081      0.00000
     -1.84121      4.44915      0.00000
     -1.83121      2.83537      0.00000
     -1.82121      2.94536      0.00000
     -1.81121      3.14664      0.00000
     -1.80121      1.94854      0.00000
     -1.79121      1.86345      0.00000
     -1.78121      3.85385      0.00000
     -1.77121      4.08887      0.00000
     -1.76121      1.93384      0.00000
     -1.75121      1.67611      0.00000
     -1.74121      2.93016      0.00000
     -1.73121      5.33763      0.00000
     -1.72121     10.02778      0.00000
     -1.71121     10.02974      0.00000
     -1.70121      5.92340      0.00000
     -1.69121      5.78378      0.00000
     -1.68121      7.80667      0.00000
     -1.67121     10.14233      0.00000
     -1.66121     11.05966      0.00000
     -1.65121      9.06917      0.00000
     -1.64121      6.89291      0.00000
     -1.63121      4.72418      0.00000
     -1.62121      3.07569      0.00000
     -1.61121      5.05154      0.00000
     -1.60121     11.01150      0.00000
     -1.59121     12.96700      0.00000
     -1.58121     10.04963      0.00000
     -1.57121     11.18209      0.00000
     -1.56121     14.96806      0.00000
     -1.55121     10.68208      0.00000
     -1.54121      3.90939      0.00000
     -1.53121      2.99614      0.00000
     -1.52121      4.14596      0.00000
     -1.51121      2.79356      0.00000
     -1.50121      1.09136      0.00000
     -1.49121      1.99294      0.00000
     -1.48121      4.24242      0.00000
     -1.47121      3.47483      0.00000
     -1.46121      1.23779      0.00000
     -1.45121      2.23620      0.00000
     -1.44121      9.45678      0.00000
     -1.43121     18.77293      0.00000
     -1.42121     20.17200      0.00000
     -1.41121     15.82553      0.00000
     -1.40121     14.81922      0.00000
     -1.39121     16.23541      0.00000
     -1.38121     13.86601      0.00000
     -1.37121     11.41750      0.00000
     -1.36121      7.62047      0.00000
     -1.35121      2.48855      0.00000
     -1.34121      0.32550      0.00000
     -1.33121      0.02566      0.00000
     -1.32121      0.23095      0.00000
     -1.31121      2.32009      0.00000
     -1.30121     10.05332      0.00000
     -1.29121     19.22142      0.00000
     -1.28121     18.25208      0.00000
     -1.27121     14.24826      0.00000
     -1.26121     12.79871      0.00000
     -1.25121     10.22146      0.00000
     -1.24121      5.58969      0.00000
     -1.23121      2.68168      0.00000
     -1.22121      6.20901      0.00000
     -1.21121     10.96403      0.00000
     -1.20121      7.45602      0.00000
     -1.19121      2.61919      0.00000
     -1.18121      3.20107      0.00000
     -1.17121      4.56926      0.00000
     -1.16121      3.38647      0.00000
     -1.15121      3.13308      0.00000
     -1.14121      3.53760      0.00000
     -1.13121      2.90494      0.00000
     -1.12121      2.55390      0.00000
     -1.11121      4.26194      0.00000
     -1.10121      6.04563      0.00000
     -1.09121      5.58621      0.00000
     -1.08121      4.50006      0.00000
     -1.07121      4.17343      0.00000
     -1.06121      4.89184      0.00000
     -1.05121      6.51736      0.00000
     -1.04121      6.66523      0.00000
     -1.03121      4.39976      0.00000
     -1.02121      3.00998      0.00000
     -1.01121      6.55423      0.00000
     -1.00121      8.69051      0.00000
     -0.99121      4.35014      0.00000
     -0.98121      0.83519      0.00000
     -0.97121      0.28920      0.00000
     -0.96121      0.65082      0.00000
     -0.95121      0.70264      0.00000
     -0.94121      0.54217      0.00000
     -0.93121      0.80790      0.00000
     -0.92121      1.26288      0.00000
     -0.91121      2.31588      0.00000
     -0.90121      3.70129      0.00000
     -0.89121      5.26295      0.00000
     -0.88121      5.59533      0.00000
     -0.87121      4.95524      0.00000
     -0.86121      5.41381      0.00000
     -0.85121      5.73686      0.00000
     -0.84121      8.26547      0.00000
     -0.83121     12.16961      0.00000
     -0.82121     10.55812      0.00000
     -0.81121      8.11768      0.00000
     -0.80121      7.18117      0.00000
     -0.79121      4.89057      0.00000
     -0.78121      3.88566      0.00000
     -0.77121      3.44043      0.00000
     -0.76121      1.95483      0.00000
     -0.75121      0.99338      0.00000
     -0.74121      1.77077      0.00000
     -0.73121      2.14055      0.00000
     -0.72121      1.16526      0.00000
     -0.71121      1.25040      0.00000
     -0.70121      2.18581      0.00000
     -0.69121      1.59925      0.00000
     -0.68121      0.43730      0.00000
     -0.67121      0.14463      0.00000
     -0.66121      0.78471      0.00000
     -0.65121      2.64329      0.00000
     -0.64121      5.35957      0.00000
     -0.63121      7.50906      0.00000
     -0.62121      6.29958      0.00000
     -0.61121      4.49688      0.00000
     -0.60121      5.67845      0.00000
     -0.59121      8.61961      0.00000
     -0.58121      8.86989      0.00000
     -0.57121      6.75485      0.00000
     -0.56121      3.87503      0.00000
     -0.55121      2.87200      0.00000
     -0.54121      2.90214      0.00000
     -0.53121      1.44799      0.00000
     -0.52121      0.37552      0.00000
     -0.51121      0.72067      0.00000
     -0.50121      1.94398      0.00000
     -0.49121      2.09240      0.00000
     -0.48121      1.61459      0.00000
     -0.47121      2.92139      0.00000
     -0.46121      4.89207      0.00000
     -0.45121      5.51034      0.00000
     -0.44121      3.35739      0.00000
     -0.43121      0.85923      0.00000
     -0.42121      0.08367      0.00000
     -0.41121      0.00302      0.00000
     -0.40121      0.00004      0.00000
     -0.39121      0.00000      0.00000
     -0.38121      0.00000      0.00000
     -0.37121      0.00000      0.00000
     -0.36121      0.00000      0.00000
     -0.35121      0.00000      0.00000
     -0.34121      0.00007      0.00000
     -0.33121      0.00421      0.00000
     -0.32121      0.08806      0.00000
     -0.31121      0.67896      0.00000
     -0.30121      1.96473      0.00000
     -0.29121      2.46457      0.00000
     -0.28121      2.42351      0.00000
     -0.27121      2.26557      0.00000
     -0.26121      1.14409      0.00000
     -0.25121      1.19621      0.00000
     -0.24121      3.44040      0.00000
     -0.23121      4.25858      0.00000
     -0.22121      1.94555      0.00000
     -0.21121      0.32730      0.00000
     -0.20121      0.03255      0.00000
     -0.19121      0.18805      0.00000
     -0.18121      1.05002      0.00000
     -0.17121      2.16224      0.00000
     -0.16121      1.63800      0.00000
     -0.15121      0.45649      0.00000
     -0.14121      0.04680      0.00000
     -0.13121      0.00177      0.00000
     -0.12121      0.00025      0.00000
     -0.11121      0.00776      0.00000
     -0.10121      0.09629      0.00000
     -0.09121      0.43970      0.00000
     -0.08121      0.73865      0.00000
     -0.07121      0.45648      0.00000
     -0.06121      0.10400      0.00000
     -0.05121      0.01861      0.00000
     -0.04121      0.16215      0.00000
     -0.03121      0.98287      0.00000
     -0.02121      2.36338      0.00000
     -0.01121      2.98567      0.00000
     -0.00121      3.36068      0.00000
      0.00879      3.44774      0.00000
      0.01879      2.40079      0.00000
      0.02879      0.83096      0.00000
      0.03879      0.12729      0.00000
      0.04879      0.17726      0.00000
      0.05879      0.99794      0.00000
      0.06879      2.14133      0.00000
      0.07879      1.70868      0.00000
      0.08879      0.74264      0.00000
      0.09879      1.28238      0.00000
      0.10879      2.21107      0.00000
      0.11879      1.48223      0.00000
      0.12879      0.64624      0.00000
      0.13879      1.35761      0.00000
      0.14879      2.21950      0.00000
      0.15879      1.43138      0.00000
      0.16879      1.05563      0.00000
      0.17879      3.01705      0.00000
      0.18879      4.40845      0.00000
      0.19879      2.46210      0.00000
      0.20879      1.17081      0.00000
      0.21879      2.59378      0.00000
      0.22879      4.03099      0.00000
      0.23879      2.80178      0.00000
      0.24879      0.83834      0.00000
      0.25879      0.10202      0.00000
      0.26879      0.00481      0.00000
      0.27879      0.00008      0.00000
      0.28879      0.00000      0.00000
      0.29879      0.00000      0.00000
      0.30879      0.00008      0.00000
      0.31879      0.00453      0.00000
      0.32879      0.09272      0.00000
      0.33879      0.69863      0.00000
      0.34879      1.93654      0.00000
      0.35879      1.97474      0.00000
      0.36879      0.74080      0.00000
      0.37879      0.10275      0.00000
      0.38879      0.02380      0.00000
      0.39879      0.24866      0.00000
      0.40879      1.22116      0.00000
      0.41879      2.20702      0.00000
      0.42879      1.46739      0.00000
      0.43879      0.35891      0.00000
      0.44879      0.03230      0.00000
      0.45879      0.00107      0.00000
      0.46879      0.00001      0.00000
      0.47879      0.00000      0.00000
      0.48879      0.00000      0.00000
      0.49879      0.00000      0.00000
      0.50879      0.00000      0.00000
      0.51879      0.00000      0.00000
      0.52879      0.00000      0.00000
      0.53879      0.00000      0.00000
      0.54879      0.00000      0.00000
      0.55879      0.00000      0.00000
      0.56879      0.00029      0.00000
      0.57879      0.01193      0.00000
      0.58879      0.18337      0.00000
      0.59879      1.03704      0.00000
      0.60879      2.16386      0.00000
      0.61879      1.79860      0.00000
      0.62879      1.75854      0.00000
      0.63879      4.57907      0.00000
      0.64879      6.35039      0.00000
      0.65879      3.51796      0.00000
      0.66879      0.75706      0.00000
      0.67879      0.06215      0.00000
      0.68879      0.00192      0.00000
      0.69879      0.00017      0.00000
      0.70879      0.00728      0.00000
      0.71879      0.13393      0.00000
      0.72879      0.98099      0.00000
      0.73879      3.36708      0.00000
      0.74879      6.64717      0.00000
      0.75879      7.15336      0.00000
      0.76879      3.79267      0.00000
      0.77879      2.96696      0.00000
      0.78879      4.44115      0.00000
      0.79879      3.01315      0.00000
      0.80879      0.78250      0.00000
      0.81879      0.27279      0.00000
      0.82879      0.62212      0.00000
      0.83879      0.80541      0.00000
      0.84879      1.37111      0.00000
      0.85879      4.73605      0.00000
      0.86879     10.32543      0.00000
      0.87879     11.64458      0.00000
      0.88879      6.59512      0.00000
      0.89879      3.12279      0.00000
      0.90879      2.16888      0.00000
      0.91879      0.97832      0.00000
      0.92879      0.98330      0.00000
      0.93879      2.07356      0.00000
      0.94879      1.93709      0.00000
      0.95879      1.59895      0.00000
      0.96879      3.48169      0.00000
      0.97879      4.27349      0.00000
      0.98879      2.04759      0.00000
      0.99879      1.18409      0.00000
      1.00879      3.34580      0.00000
      1.01879      5.78068      0.00000
      1.02879      7.00421      0.00000
      1.03879      6.70979      0.00000
      1.04879      3.29210      0.00000
      1.05879      0.67250      0.00000
      1.06879      0.05469      0.00000
      1.07879      0.00174      0.00000
      1.08879      0.00002      0.00000
      1.09879      0.00006      0.00000
      1.10879      0.00441      0.00000
      1.11879      0.11490      0.00000
      1.12879      1.12975      0.00000
      1.13879      4.26812      0.00000
      1.14879      6.34147      0.00000
      1.15879      3.79112      0.00000
      1.16879      0.92251      0.00000
      1.17879      0.09073      0.00000
      1.18879      0.00365      0.00000
      1.19879      0.00717      0.00000
      1.20879      0.15603      0.00000
      1.21879      1.25847      0.00000
      1.22879      3.74970      0.00000
      1.23879      4.32139      0.00000
      1.24879      2.86074      0.00000
      1.25879      2.44912      0.00000
      1.26879      1.47477      0.00000
      1.27879      0.35624      0.00000
      1.28879      0.03189      0.00000
      1.29879      0.00146      0.00000
      1.30879      0.01581      0.00000
      1.31879      0.22234      0.00000
      1.32879      1.15138      0.00000
      1.33879      2.19632      0.00000
      1.34879      1.62478      0.00000
      1.35879      1.36270      0.00000
      1.36879      4.07921      0.00000
      1.37879      6.48098      0.00000
      1.38879      4.02497      0.00000
      1.39879      1.04976      0.00000
      1.40879      0.71905      0.00000
      1.41879      1.86778      0.00000
      1.42879      2.06171      0.00000
      1.43879      1.20259      0.00000
      1.44879      2.34138      0.00000
      1.45879      5.35223      0.00000
      1.46879      7.02119      0.00000
      1.47879      6.69607      0.00000
      1.48879      4.31214      0.00000
      1.49879      1.93723      0.00000
      1.50879      2.89625      0.00000
      1.51879      6.28598      0.00000
      1.52879      5.93097      0.00000
      1.53879      4.45083      0.00000
      1.54879      6.24951      0.00000
      1.55879      7.80952      0.00000
      1.56879      9.48803      0.00000
      1.57879     11.15295      0.00000
      1.58879     12.14327      0.00000
      1.59879     11.45794      0.00000
      1.60879      8.49895      0.00000
      1.61879      6.12457      0.00000
      1.62879      4.81975      0.00000
      1.63879      2.12848      0.00000
      1.64879      0.37346      0.00000
      1.65879      0.02440      0.00000
      1.66879      0.00059      0.00000
      1.67879      0.00000      0.00000
      1.68879      0.00000      0.00000
      1.69879      0.00000      0.00000
      1.70879      0.00000      0.00000
      1.71879      0.00007      0.00000
      1.72879      0.00409      0.00000
      1.73879      0.08617      0.00000
      1.74879      0.67069      0.00000
      1.75879      1.97978      0.00000
      1.76879      2.77969      0.00000
      1.77879      3.82103      0.00000
      1.78879      4.50259      0.00000
      1.79879      2.33473      0.00000
      1.80879      0.45437      0.00000
      1.81879      0.03259      0.00000
      1.82879      0.00090      0.00000
      1.83879      0.00304      0.00000
      1.84879      0.08234      0.00000
      1.85879      0.87621      0.00000
      1.86879      3.72928      0.00000
      1.87879      6.41549      0.00000
      1.88879      4.89428      0.00000
      1.89879      3.89301      0.00000
      1.90879      6.00743      0.00000
      1.91879      7.97183      0.00000
      1.92879      8.35638      0.00000
      1.93879      6.87594      0.00000
      1.94879      4.64887      0.00000
      1.95879      2.30899      0.00000
      1.96879      2.89169      0.00000
      1.97879      4.21500      0.00000
      1.98879      2.71301      0.00000
      1.99879      0.72260      0.00000
      2.00879      0.28315      0.00000
      2.01879      1.13960      0.00000
      2.02879      2.47334      0.00000
      2.03879      3.18653      0.00000
      2.04879      5.00373      0.00000
      2.05879      8.07880      0.00000
      2.06879      8.44518      0.00000
      2.07879      6.62794      0.00000
      2.08879      6.84651      0.00000
      2.09879      5.91989      0.00000
      2.10879      4.99285      0.00000
      2.11879      8.15565      0.00000
      2.12879      8.00444      0.00000
      2.13879      3.89267      0.00000
      2.14879      2.53802      0.00000
      2.15879      1.70775      0.00000
      2.16879      0.50914      0.00000
      2.17879      0.31633      0.00000
      2.18879      1.37551      0.00000
      2.19879      3.44834      0.00000
      2.20879      6.06546      0.00000
      2.21879      6.85287      0.00000
      2.22879      3.53209      0.00000
      2.23879      1.40316      0.00000
      2.24879      2.99342      0.00000
      2.25879      4.41461      0.00000
      2.26879      2.45507      0.00000
      2.27879      0.83087      0.00000
      2.28879      2.01550      0.00000
      2.29879      4.27497      0.00000
      2.30879      3.40110      0.00000
      2.31879      1.12532      0.00000
      2.32879      1.46810      0.00000
      2.33879      5.49939      0.00000
      2.34879      9.30433      0.00000
      2.35879      8.51500      0.00000
      2.36879      7.11745      0.00000
      2.37879      6.82454      0.00000
      2.38879      6.19820      0.00000
      2.39879      3.70821      0.00000
      2.40879      1.39559      0.00000
      2.41879      2.14387      0.00000
      2.42879      6.81688      0.00000
      2.43879     10.29480      0.00000
      2.44879      9.83135      0.00000
      2.45879      8.10110      0.00000
      2.46879      4.88588      0.00000
      2.47879      1.90284      0.00000
      2.48879      0.54941      0.00000
      2.49879      1.74669      0.00000
      2.50879      7.04329      0.00000
      2.51879     11.45141      0.00000
      2.52879      7.29590      0.00000
      2.53879      1.96947      0.00000
      2.54879      1.19138      0.00000
      2.55879      2.15770      0.00000
      2.56879      1.66818      0.00000
      2.57879      0.52945      0.00000
      2.58879      0.43853      0.00000
      2.59879      1.45872      0.00000
      2.60879      3.57050      0.00000
      2.61879      4.57812      0.00000
      2.62879      2.45333      0.00000
      2.63879      0.96777      0.00000
