Energy-E_F (eV)    DOS (1/eV)    PDOS (1/eV)  of atom type Ta 
     -4.70172      0.00000      0.00000
     -4.69172      0.00000      0.00000
     -4.68172      0.00000      0.00000
     -4.67172      0.00000      0.00000
     -4.66172     -0.00000      0.00000
     -4.65172     -0.00000      0.00000
     -4.64172     -0.00000      0.00000
     -4.63172      0.00018      0.00000
     -4.62172      0.01271      0.00000
     -4.61172      0.33134      0.00000
     -4.60172      3.17665      0.00000
     -4.59172     11.20396      0.00000
     -4.58172     14.53716      0.00000
     -4.57172      6.94147      0.00000
     -4.56172      1.31752      0.00000
     -4.55172      1.50596      0.00000
     -4.54172      7.56729      0.00000
     -4.53172     14.77052      0.00000
     -4.52172     10.95122      0.00000
     -4.51172      5.39717      0.00000
     -4.50172      7.02474      0.00000
     -4.49172      6.49116      0.00000
     -4.48172      2.70582      0.00000
     -4.47172      2.03614      0.00000
     -4.46172      2.69785      0.00000
     -4.45172      2.49327      0.00000
     -4.44172      2.68865      0.00000
     -4.43172      1.84320      0.00000
     -4.42172      0.50317      0.00000
     -4.41172      0.05544      0.00000
     -4.40172      0.13086      0.00000
     -4.39172      1.35193      0.00000
     -4.38172      5.21344      0.00000
     -4.37172      7.39618      0.00000
     -4.36172      3.86008      0.00000
     -4.35172      0.74112      0.00000
     -4.34172      0.05235      0.00000
     -4.33172      0.00136      0.00000
     -4.32172      0.00000      0.00000
     -4.31172      0.00000      0.00000
     -4.30172      0.00000      0.00000
     -4.29172      0.00000      0.00000
     -4.28172      0.00000      0.00000
     -4.27172      0.00000      0.00000
     -4.26172      0.00000      0.00000
     -4.25172      0.00003      0.00000
     -4.24172      0.00224      0.00000
     -4.23172      0.05761      0.00000
     -4.22172      0.54387      0.00000
     -4.21172      1.88902      0.00000
     -4.20172      2.41369      0.00000
     -4.19172      1.13586      0.00000
     -4.18172      0.25535      0.00000
     -4.17172      1.01149      0.00000
     -4.16172      6.20918      0.00000
     -4.15172     14.27353      0.00000
     -4.14172     12.99217      0.00000
     -4.13172      8.34580      0.00000
     -4.12172      7.89728      0.00000
     -4.11172      4.43938      0.00000
     -4.10172      1.10641      0.00000
     -4.09172      1.58542      0.00000
     -4.08172      6.30859      0.00000
     -4.07172     13.99650      0.00000
     -4.06172     22.32456      0.00000
     -4.05172     20.79089      0.00000
     -4.04172      8.46056      0.00000
     -4.03172      1.37545      0.00000
     -4.02172      0.19866      0.00000
     -4.01172      1.23483      0.00000
     -4.00172      4.99375      0.00000
     -3.99172      7.44209      0.00000
     -3.98172      4.08007      0.00000
     -3.97172      0.82290      0.00000
     -3.96172      0.06106      0.00000
     -3.95172      0.00167      0.00000
     -3.94172      0.00000      0.00000
     -3.93172      0.00000      0.00000
     -3.92172      0.00017      0.00000
     -3.91172      0.01247      0.00000
     -3.90172      0.30603      0.00000
     -3.89172      2.86423      0.00000
     -3.88172     10.31934      0.00000
     -3.87172     14.40912      0.00000
     -3.86172      7.81313      0.00000
     -3.85172      1.63934      0.00000
     -3.84172      0.13207      0.00000
     -3.83172      0.00405      0.00000
     -3.82172      0.00004      0.00000
     -3.81172      0.00000      0.00000
     -3.80172      0.00000      0.00000
     -3.79172      0.00068      0.00000
     -3.78172      0.03074      0.00000
     -3.77172      0.51314      0.00000
     -3.76172      3.15102      0.00000
     -3.75172      7.11826      0.00000
     -3.74172      5.91563      0.00000
     -3.73172      1.81013      0.00000
     -3.72172      0.27205      0.00000
     -3.71172      1.11654      0.00000
     -3.70172      6.58132      0.00000
     -3.69172     14.37897      0.00000
     -3.68172     11.55744      0.00000
     -3.67172      3.42588      0.00000
     -3.66172      0.57691      0.00000
     -3.65172      1.83326      0.00000
     -3.64172      5.92887      0.00000
     -3.63172      7.11101      0.00000
     -3.62172      3.13771      0.00000
     -3.61172      0.50987      0.00000
     -3.60172      0.05625      0.00000
     -3.59172      0.45746      0.00000
     -3.58172      3.02349      0.00000
     -3.57172      8.09938      0.00000
     -3.56172     11.84574      0.00000
     -3.55172     14.43329      0.00000
     -3.54172     12.33165      0.00000
     -3.53172      6.12580      0.00000
     -3.52172      5.77097      0.00000
     -3.51172     10.34919      0.00000
     -3.50172     11.54263      0.00000
     -3.49172      7.30824      0.00000
     -3.48172      2.22309      0.00000
     -3.47172      0.77891      0.00000
     -3.46172      1.86657      0.00000
     -3.45172      2.43696      0.00000
     -3.44172      1.38141      0.00000
     -3.43172      2.06531      0.00000
     -3.42172      5.99419      0.00000
     -3.41172      7.08153      0.00000
     -3.40172      3.08438      0.00000
     -3.39172      0.49424      0.00000
     -3.38172      0.02913      0.00000
     -3.37172      0.00063      0.00000
     -3.36172      0.00000      0.00000
     -3.35172      0.00000      0.00000
     -3.34172      0.00000      0.00000
     -3.33172      0.00000      0.00000
     -3.32172      0.00000      0.00000
     -3.31172      0.00000      0.00000
     -3.30172      0.00026      0.00000
     -3.29172      0.01127      0.00000
     -3.28172      0.18284      0.00000
     -3.27172      1.09182      0.00000
     -3.26172      2.42936      0.00000
     -3.25172      2.33382      0.00000
     -3.24172      2.25385      0.00000
     -3.23172      2.98481      0.00000
     -3.22172      3.69608      0.00000
     -3.21172      6.48937      0.00000
     -3.20172      9.02363      0.00000
     -3.19172      6.96109      0.00000
     -3.18172      3.93392      0.00000
     -3.17172      1.86671      0.00000
     -3.16172      0.44778      0.00000
     -3.15172      0.04188      0.00000
     -3.14172      0.00145      0.00000
     -3.13172      0.00002      0.00000
     -3.12172      0.00000      0.00000
     -3.11172      0.00000      0.00000
     -3.10172      0.00000      0.00000
     -3.09172      0.00000      0.00000
     -3.08172      0.00000      0.00000
     -3.07172      0.00000      0.00000
     -3.06172      0.00000      0.00000
     -3.05172      0.00000      0.00000
     -3.04172      0.00000      0.00000
     -3.03172      0.00000      0.00000
     -3.02172      0.00000      0.00000
     -3.01172      0.00000      0.00000
     -3.00172      0.00000      0.00000
     -2.99172      0.00000      0.00000
     -2.98172      0.00000      0.00000
     -2.97172      0.00000      0.00000
     -2.96172      0.00000      0.00000
     -2.95172      0.00000      0.00000
     -2.94172      0.00000      0.00000
     -2.93172      0.00000      0.00000
     -2.92172      0.00000      0.00000
     -2.91172      0.00000      0.00000
     -2.90172      0.00000      0.00000
     -2.89172      0.00105      0.00000
     -2.88172      0.05042      0.00000
     -2.87172      0.89310      0.00000
     -2.86172      5.81964      0.00000
     -2.85172     13.97024      0.00000
     -2.84172     12.70027      0.00000
     -2.83172      6.71988      0.00000
     -2.82172      7.32518      0.00000
     -2.81172      6.34262      0.00000
     -2.80172      2.14692      0.00000
     -2.79172      0.26814      0.00000
     -2.78172      0.01232      0.00000
     -2.77172      0.00021      0.00000
     -2.76172      0.00000      0.00000
     -2.75172      0.00000      0.00000
     -2.74172      0.00000      0.00000
     -2.73172      0.00000      0.00000
     -2.72172      0.00000      0.00000
     -2.71172      0.00000      0.00000
     -2.70172      0.00000      0.00000
     -2.69172      0.00000      0.00000
     -2.68172      0.00000      0.00000
     -2.67172      0.00000      0.00000
     -2.66172      0.00000      0.00000
     -2.65172      0.00000      0.00000
     -2.64172      0.00000      0.00000
     -2.63172      0.00000      0.00000
     -2.62172      0.00000      0.00000
     -2.61172      0.00000      0.00000
     -2.60172      0.00000      0.00000
     -2.59172      0.00000      0.00000
     -2.58172      0.00000      0.00000
     -2.57172      0.00000      0.00000
     -2.56172      0.00000      0.00000
     -2.55172      0.00011      0.00000
     -2.54172      0.00759      0.00000
     -2.53172      0.19619      0.00000
     -2.52172      1.96521      0.00000
     -2.51172      8.30720      0.00000
     -2.50172     17.72896      0.00000
     -2.49172     23.20377      0.00000
     -2.48172     19.32890      0.00000
     -2.47172     13.34232      0.00000
     -2.46172     12.66183      0.00000
     -2.45172     12.49865      0.00000
     -2.44172      8.99308      0.00000
     -2.43172      8.26572      0.00000
     -2.42172     10.41420      0.00000
     -2.41172      8.75592      0.00000
     -2.40172      8.30593      0.00000
     -2.39172      6.47304      0.00000
     -2.38172      3.78940      0.00000
     -2.37172      6.11959      0.00000
     -2.36172      7.14836      0.00000
     -2.35172      3.19271      0.00000
     -2.34172      0.68574      0.00000
     -2.33172      2.02403      0.00000
     -2.32172      9.07728      0.00000
     -2.31172     16.30565      0.00000
     -2.30172     17.70108      0.00000
     -2.29172     22.52647      0.00000
     -2.28172     18.71702      0.00000
     -2.27172      6.48042      0.00000
     -2.26172      2.19999      0.00000
     -2.25172      7.42335      0.00000
     -2.24172     14.70338      0.00000
     -2.23172     10.92371      0.00000
     -2.22172      4.45018      0.00000
     -2.21172      5.83001      0.00000
     -2.20172      7.30280      0.00000
     -2.19172      3.54099      0.00000
     -2.18172      0.88189      0.00000
     -2.17172      2.11778      0.00000
     -2.16172      6.34243      0.00000
     -2.15172      8.06021      0.00000
     -2.14172      7.64519      0.00000
     -2.13172      7.88635      0.00000
     -2.12172      4.26692      0.00000
     -2.11172      0.88801      0.00000
     -2.10172      0.06829      0.00000
     -2.09172      0.00259      0.00000
     -2.08172      0.03606      0.00000
     -2.07172      0.73326      0.00000
     -2.06172      5.49915      0.00000
     -2.05172     15.21696      0.00000
     -2.04172     15.55259      0.00000
     -2.03172      6.03502      0.00000
     -2.02172      1.87348      0.00000
     -2.01172      2.41818      0.00000
     -2.00172      1.96657      0.00000
     -1.99172      0.59828      0.00000
     -1.98172      0.06699      0.00000
     -1.97172      0.00276      0.00000
     -1.96172      0.00005      0.00000
     -1.95172      0.00086      0.00000
     -1.94172      0.02825      0.00000
     -1.93172      0.34486      0.00000
     -1.92172      1.63005      0.00000
     -1.91172      3.97055      0.00000
     -1.90172      9.08796      0.00000
     -1.89172     14.94114      0.00000
     -1.88172     10.58259      0.00000
     -1.87172      2.86304      0.00000
     -1.86172      0.34544      0.00000
     -1.85172      0.95821      0.00000
     -1.84172      6.01994      0.00000
     -1.83172     14.07515      0.00000
     -1.82172     12.12494      0.00000
     -1.81172      4.19288      0.00000
     -1.80172      3.03392      0.00000
     -1.79172      7.06668      0.00000
     -1.78172      8.86940      0.00000
     -1.77172      8.88766      0.00000
     -1.76172      7.35545      0.00000
     -1.75172      5.31758      0.00000
     -1.74172      7.26712      0.00000
     -1.73172      6.23949      0.00000
     -1.72172      2.32865      0.00000
     -1.71172      3.01472      0.00000
     -1.70172     11.24477      0.00000
     -1.69172     21.33986      0.00000
     -1.68172     20.96489      0.00000
     -1.67172      9.98529      0.00000
     -1.66172      2.00754      0.00000
     -1.65172      0.15642      0.00000
     -1.64172      0.00456      0.00000
     -1.63172      0.00000      0.00000
     -1.62172      0.00000      0.00000
     -1.61172      0.00000      0.00000
     -1.60172      0.00000      0.00000
     -1.59172      0.00000      0.00000
     -1.58172      0.00000      0.00000
     -1.57172      0.00179      0.00000
     -1.56172      0.06443      0.00000
     -1.55172      0.85337      0.00000
     -1.54172      4.15827      0.00000
     -1.53172      7.45404      0.00000
     -1.52172      4.91562      0.00000
     -1.51172      1.19508      0.00000
     -1.50172      0.19081      0.00000
     -1.49172      1.02625      0.00000
     -1.48172      4.56107      0.00000
     -1.47172      7.51646      0.00000
     -1.46172      5.13131      0.00000
     -1.45172      4.90529      0.00000
     -1.44172      9.30174      0.00000
     -1.43172      8.31637      0.00000
     -1.42172      4.75731      0.00000
     -1.41172     10.11434      0.00000
     -1.40172     17.35775      0.00000
     -1.39172     11.40731      0.00000
     -1.38172      3.01599      0.00000
     -1.37172      3.05815      0.00000
     -1.36172     13.55282      0.00000
     -1.35172     27.52019      0.00000
     -1.34172     24.01072      0.00000
     -1.33172     12.60547      0.00000
     -1.32172      8.31639      0.00000
     -1.31172      3.90051      0.00000
     -1.30172      0.80148      0.00000
     -1.29172      0.61890      0.00000
     -1.28172      1.92359      0.00000
     -1.27172      2.39843      0.00000
     -1.26172      1.10091      0.00000
     -1.25172      0.18590      0.00000
     -1.24172      0.01155      0.00000
     -1.23172      0.00026      0.00000
     -1.22172      0.00000      0.00000
     -1.21172      0.00256      0.00000
     -1.20172      0.10264      0.00000
     -1.19172      1.60748      0.00000
     -1.18172     10.28430      0.00000
     -1.17172     29.39717      0.00000
     -1.16172     44.94095      0.00000
     -1.15172     43.28282      0.00000
     -1.14172     26.34775      0.00000
     -1.13172     10.20589      0.00000
     -1.12172      2.32236      0.00000
     -1.11172      0.28805      0.00000
     -1.10172      0.79173      0.00000
     -1.09172      5.37688      0.00000
     -1.08172     13.63503      0.00000
     -1.07172     12.96365      0.00000
     -1.06172      6.98011      0.00000
     -1.05172     10.80652      0.00000
     -1.04172     14.85895      0.00000
     -1.03172      7.89501      0.00000
     -1.02172      1.54571      0.00000
     -1.01172      0.11134      0.00000
     -1.00172      0.00295      0.00000
     -0.99172      0.00000      0.00000
     -0.98172      0.00000      0.00000
     -0.97172      0.00000      0.00000
     -0.96172      0.00123      0.00000
     -0.95172      0.05708      0.00000
     -0.94172      0.97436      0.00000
     -0.93172      6.11826      0.00000
     -0.92172     14.13328      0.00000
     -0.91172     12.01078      0.00000
     -0.90172      3.76485      0.00000
     -0.89172      0.60084      0.00000
     -0.88172      1.08357      0.00000
     -0.87172      2.79723      0.00000
     -0.86172      4.82339      0.00000
     -0.85172      7.54026      0.00000
     -0.84172      6.33228      0.00000
     -0.83172      2.83157      0.00000
     -0.82172      5.30114      0.00000
     -0.81172     14.68720      0.00000
     -0.80172     20.04221      0.00000
     -0.79172     12.26300      0.00000
     -0.78172      3.07827      0.00000
     -0.77172      0.29818      0.00000
     -0.76172      0.01083      0.00000
     -0.75172      0.00015      0.00000
     -0.74172      0.00000      0.00000
     -0.73172      0.00000      0.00000
     -0.72172      0.00000      0.00000
     -0.71172      0.00000      0.00000
     -0.70172      0.00000      0.00000
     -0.69172      0.00000      0.00000
     -0.68172      0.00000      0.00000
     -0.67172      0.00000      0.00000
     -0.66172      0.00042      0.00000
     -0.65172      0.02110      0.00000
     -0.64172      0.39384      0.00000
     -0.63172      2.70782      0.00000
     -0.62172      6.95752      0.00000
     -0.61172      7.91417      0.00000
     -0.60172      9.65043      0.00000
     -0.59172     14.39279      0.00000
     -0.58172     10.64232      0.00000
     -0.57172      3.17975      0.00000
     -0.56172      0.37271      0.00000
     -0.55172      0.01683      0.00000
     -0.54172      0.00027      0.00000
     -0.53172      0.00000      0.00000
     -0.52172      0.00031      0.00000
     -0.51172      0.01667      0.00000
     -0.50172      0.33417      0.00000
     -0.49172      2.49131      0.00000
     -0.48172      7.27118      0.00000
     -0.47172     10.28563      0.00000
     -0.46172     10.95286      0.00000
     -0.45172     10.79303      0.00000
     -0.44172      8.97042      0.00000
     -0.43172      4.24106      0.00000
     -0.42172      0.86025      0.00000
     -0.41172      0.41024      0.00000
     -0.40172      1.53920      0.00000
     -0.39172      2.49449      0.00000
     -0.38172      1.55172      0.00000
     -0.37172      1.38869      0.00000
     -0.36172      6.45296      0.00000
     -0.35172     14.30300      0.00000
     -0.34172     11.71086      0.00000
     -0.33172      3.57206      0.00000
     -0.32172      0.85782      0.00000
     -0.31172      1.78239      0.00000
     -0.30172      2.45796      0.00000
     -0.29172      1.25796      0.00000
     -0.28172      0.23687      0.00000
     -0.27172      0.01641      0.00000
     -0.26172      0.00042      0.00000
     -0.25172     -0.00000      0.00000
     -0.24172     -0.00000      0.00000
     -0.23172      0.00000      0.00000
     -0.22172      0.00000      0.00000
     -0.21172      0.00000      0.00000
     -0.20172      0.00000      0.00000
     -0.19172      0.00000      0.00000
     -0.18172      0.00000      0.00000
     -0.17172      0.00000      0.00000
     -0.16172      0.00000      0.00000
     -0.15172      0.00000      0.00000
     -0.14172      0.00000      0.00000
     -0.13172      0.00000      0.00000
     -0.12172      0.00000      0.00000
     -0.11172      0.00000      0.00000
     -0.10172      0.00000      0.00000
     -0.09172      0.00000      0.00000
     -0.08172      0.00000      0.00000
     -0.07172      0.00000      0.00000
     -0.06172      0.00000      0.00000
     -0.05172      0.00000      0.00000
     -0.04172      0.00124      0.00000
     -0.03172      0.04884      0.00000
     -0.02172      0.70781      0.00000
     -0.01172      3.80481      0.00000
     -0.00172      8.00570      0.00000
      0.00828      8.86193      0.00000
      0.01828      8.70848      0.00000
      0.02828      5.67975      0.00000
      0.03828      1.94632      0.00000
      0.04828      2.90867      0.00000
      0.05828      6.87088      0.00000
      0.06828      6.30125      0.00000
      0.07828      2.12770      0.00000
      0.08828      0.26430      0.00000
      0.09828      0.01208      0.00000
      0.10828      0.00020      0.00000
      0.11828      0.00000      0.00000
      0.12828      0.00000      0.00000
      0.13828      0.00000      0.00000
      0.14828      0.00001      0.00000
      0.15828      0.00109      0.00000
      0.16828      0.03385      0.00000
      0.17828      0.38545      0.00000
      0.18828      1.61446      0.00000
      0.19828      2.48769      0.00000
      0.20828      1.41017      0.00000
      0.21828      0.29407      0.00000
      0.22828      0.02256      0.00000
      0.23828      0.00064      0.00000
      0.24828      0.00000      0.00000
      0.25828      0.00000      0.00000
      0.26828      0.00000      0.00000
      0.27828      0.00000      0.00000
      0.28828      0.00000      0.00000
      0.29828      0.00000      0.00000
      0.30828      0.00000      0.00000
      0.31828      0.00000      0.00000
      0.32828      0.00000      0.00000
      0.33828      0.00000      0.00000
      0.34828      0.00000      0.00000
      0.35828      0.00000      0.00000
      0.36828      0.00000      0.00000
      0.37828      0.00000      0.00000
      0.38828      0.00000      0.00000
      0.39828      0.00000      0.00000
      0.40828      0.00000      0.00000
      0.41828      0.00006      0.00000
      0.42828      0.00442      0.00000
      0.43828      0.12678      0.00000
      0.44828      1.33700      0.00000
      0.45828      5.18691      0.00000
      0.46828      7.40270      0.00000
      0.47828      3.88667      0.00000
      0.48828      0.75071      0.00000
      0.49828      0.05334      0.00000
      0.50828      0.00190      0.00000
      0.51828      0.02471      0.00000
      0.52828      0.44022      0.00000
      0.53828      2.88562      0.00000
      0.54828      6.95853      0.00000
      0.55828      6.17308      0.00000
      0.56828      2.01461      0.00000
      0.57828      0.24187      0.00000
      0.58828      0.01068      0.00000
      0.59828      0.00024      0.00000
      0.60828      0.00527      0.00000
      0.61828      0.14429      0.00000
      0.62828      1.45371      0.00000
      0.63828      5.38796      0.00000
      0.64828      7.34643      0.00000
      0.65828      3.68497      0.00000
      0.66828      0.67998      0.00000
      0.67828      0.04616      0.00000
      0.68828      0.00115      0.00000
      0.69828      0.00000      0.00000
      0.70828      0.00000      0.00000
      0.71828      0.00000      0.00000
      0.72828      0.00243      0.00000
      0.73828      0.08103      0.00000
      0.74828      0.99547      0.00000
      0.75828      4.49893      0.00000
      0.76828      7.47991      0.00000
      0.77828      4.57497      0.00000
      0.78828      1.02940      0.00000
      0.79828      0.08521      0.00000
      0.80828      0.00259      0.00000
      0.81828      0.00003      0.00000
      0.82828      0.00000      0.00000
      0.83828      0.00000      0.00000
      0.84828      0.00000      0.00000
      0.85828      0.00147      0.00000
      0.86828      0.05550      0.00000
      0.87828      0.77131      0.00000
      0.88828      3.94307      0.00000
      0.89828      7.41564      0.00000
      0.90828      5.13060      0.00000
      0.91828      1.30585      0.00000
      0.92828      0.12345      0.00000
      0.93828      0.05105      0.00000
      0.94828      0.68692      0.00000
      0.95828      3.70517      0.00000
      0.96828      7.35278      0.00000
      0.97828      5.36785      0.00000
      0.98828      1.44163      0.00000
      0.99828      0.14243      0.00000
      1.00828      0.00518      0.00000
      1.01828      0.00007      0.00000
      1.02828      0.00000      0.00000
      1.03828      0.00000      0.00000
      1.04828      0.00000      0.00000
      1.05828      0.00000      0.00000
      1.06828      0.00000      0.00000
      1.07828      0.00000      0.00000
      1.08828      0.00000      0.00000
      1.09828      0.00113      0.00000
      1.10828      0.04560      0.00000
      1.11828      0.67435      0.00000
      1.12828      3.66835      0.00000
      1.13828      7.34109      0.00000
      1.14828      5.40449      0.00000
      1.15828      1.46371      0.00000
      1.16828      0.14583      0.00000
      1.17828      0.00535      0.00000
      1.18828      0.00007      0.00000
      1.19828      0.00000      0.00000
      1.20828      0.00000      0.00000
      1.21828      0.00000      0.00000
      1.22828      0.00082      0.00000
      1.23828      0.04155      0.00000
      1.24828      0.77905      0.00000
      1.25828      5.37309      0.00000
      1.26828     13.63290      0.00000
      1.27828     12.72501      0.00000
      1.28828      4.36952      0.00000
      1.29828      0.55197      0.00000
      1.30828      0.02565      0.00000
      1.31828      0.00044      0.00000
      1.32828      0.00015      0.00000
      1.33828      0.00958      0.00000
      1.34828      0.22358      0.00000
      1.35828      1.91867      0.00000
      1.36828      6.05729      0.00000
      1.37828      7.04013      0.00000
      1.38828      3.17940      0.00000
      1.39828      2.57469      0.00000
      1.40828      9.67697      0.00000
      1.41828     18.79085      0.00000
      1.42828     21.05135      0.00000
      1.43828     16.04201      0.00000
      1.44828      6.19826      0.00000
      1.45828      1.33386      0.00000
      1.46828      2.71155      0.00000
      1.47828      6.79461      0.00000
      1.48828      6.39051      0.00000
      1.49828      2.21150      0.00000
      1.50828      0.28154      0.00000
      1.51828      0.01319      0.00000
      1.52828      0.00023      0.00000
      1.53828      0.00000      0.00000
      1.54828      0.00000      0.00000
      1.55828      0.00000      0.00000
      1.56828      0.00000      0.00000
      1.57828      0.00000      0.00000
      1.58828      0.00000      0.00000
      1.59828      0.00000      0.00000
      1.60828      0.00000      0.00000
      1.61828      0.00000      0.00000
      1.62828      0.00000      0.00000
      1.63828      0.00000      0.00000
      1.64828      0.00000      0.00000
      1.65828      0.00000      0.00000
      1.66828      0.00000      0.00000
      1.67828      0.00000      0.00000
      1.68828      0.00000      0.00000
      1.69828      0.00000      0.00000
      1.70828      0.00000      0.00000
      1.71828      0.00000      0.00000
      1.72828      0.00000      0.00000
      1.73828      0.00000      0.00000
      1.74828      0.00000      0.00000
      1.75828      0.00000      0.00000
      1.76828      0.00000      0.00000
      1.77828      0.00000      0.00000
      1.78828      0.00025      0.00000
      1.79828      0.01636      0.00000
      1.80828      0.39840      0.00000
      1.81828      3.56991      0.00000
      1.82828     11.76801      0.00000
      1.83828     14.27125      0.00000
      1.84828      6.38232      0.00000
      1.85828      1.43073      0.00000
      1.86828      3.56171      0.00000
      1.87828     11.67218      0.00000
      1.88828     14.32215      0.00000
      1.89828      6.46589      0.00000
      1.90828      1.08112      0.00000
      1.91828      0.26781      0.00000
      1.92828      2.15303      0.00000
      1.93828      8.88915      0.00000
      1.94828     14.43102      0.00000
      1.95828      9.25079      0.00000
      1.96828      2.33407      0.00000
      1.97828      0.32356      0.00000
      1.98828      1.11773      0.00000
      1.99828      4.74657      0.00000
      2.00828      7.47219      0.00000
      2.01828      4.32744      0.00000
      2.02828      0.92198      0.00000
      2.03828      0.07357      0.00000
      2.04828      0.05294      0.00000
      2.05828      0.72663      0.00000
      2.06828      3.81943      0.00000
      2.07828      7.38569      0.00000
      2.08828      5.25399      0.00000
      2.09828      1.37497      0.00000
      2.10828      0.13248      0.00000
      2.11828      0.01175      0.00000
      2.12828      0.17905      0.00000
      2.13828      1.66835      0.00000
      2.14828      5.72092      0.00000
      2.15828      7.21687      0.00000
      2.16828      3.34918      0.00000
      2.17828      0.57178      0.00000
      2.18828      0.03591      0.00000
      2.19828      0.00083      0.00000
      2.20828      0.00000      0.00000
      2.21828      0.00000      0.00000
      2.22828      0.00019      0.00000
      2.23828      0.01148      0.00000
      2.24828      0.25476      0.00000
      2.25828      2.08019      0.00000
      2.26828      6.24843      0.00000
      2.27828      6.90472      0.00000
      2.28828      2.80689      0.00000
      2.29828      0.41977      0.00000
      2.30828      0.02309      0.00000
      2.31828      0.00047      0.00000
      2.32828      0.00000      0.00000
      2.33828      0.00027      0.00000
      2.34828      0.01522      0.00000
      2.35828      0.31210      0.00000
      2.36828      2.35719      0.00000
      2.37828      6.63284      0.00000
      2.38828      7.81931      0.00000
      2.39828      7.36963      0.00000
      2.40828      8.36415      0.00000
      2.41828      7.55494      0.00000
      2.42828      8.18404      0.00000
      2.43828      6.65103      0.00000
      2.44828      3.96285      0.00000
      2.45828      3.19361      0.00000
      2.46828      4.88958      0.00000
      2.47828      8.41129      0.00000
      2.48828     11.07133      0.00000
      2.49828     18.28734      0.00000
      2.50828     23.80705      0.00000
      2.51828     19.78479      0.00000
      2.52828     14.14099      0.00000
      2.53828     16.21511      0.00000
      2.54828     15.54225      0.00000
      2.55828     14.80178      0.00000
      2.56828     13.86990      0.00000
      2.57828      6.60379      0.00000
      2.58828      1.30306      0.00000
      2.59828      0.10135      0.00000
      2.60828      0.00302      0.00000
      2.61828      0.00003      0.00000
      2.62828      0.00000      0.00000
      2.63828      0.00000      0.00000
      2.64828      0.00000      0.00000
      2.65828      0.00000      0.00000
      2.66828      0.00000      0.00000
      2.67828      0.00000      0.00000
      2.68828      0.00004      0.00000
      2.69828      0.00319      0.00000
      2.70828      0.09953      0.00000
      2.71828      1.14106      0.00000
      2.72828      4.81235      0.00000
      2.73828      7.46637      0.00000
      2.74828      4.26154      0.00000
      2.75828      0.89481      0.00000
      2.76828      0.06942      0.00000
      2.77828      0.02093      0.00000
      2.78828      0.44377      0.00000
      2.79828      3.82065      0.00000
      2.80828     12.14146      0.00000
      2.81828     14.71063      0.00000
