Energy-E_F (eV)    DOS (1/eV)    PDOS (1/eV)  of atom type Au 
     -4.99000      3.54994      3.54994
     -4.98000     12.99408     12.99408
     -4.97000     20.22712     20.22712
     -4.96000     16.09481     16.09481
     -4.95000      9.19473      9.19473
     -4.94000      4.40970      4.40970
     -4.93000      4.91795      4.91795
     -4.92000      8.65605      8.65605
     -4.91000     11.86978     11.86978
     -4.90000     10.75629     10.75629
     -4.89000     10.06796     10.06796
     -4.88000     10.42067     10.42067
     -4.87000      7.99545      7.99545
     -4.86000      7.82578      7.82578
     -4.85000      7.27075      7.27075
     -4.84000      3.06190      3.06190
     -4.83000      0.95506      0.95506
     -4.82000      2.58243      2.58243
     -4.81000      5.80226      5.80226
     -4.80000      6.18423      6.18423
     -4.79000      3.88879      3.88879
     -4.78000      5.68179      5.68179
     -4.77000     11.88764     11.88764
     -4.76000     12.02940     12.02940
     -4.75000      5.99428      5.99428
     -4.74000      1.53760      1.53760
     -4.73000      0.45274      0.45274
     -4.72000      2.19022      2.19022
     -4.71000      6.39955      6.39955
     -4.70000      7.45006      7.45006
     -4.69000      6.31085      6.31085
     -4.68000      8.57835      8.57835
     -4.67000      8.91153      8.91153
     -4.66000      8.02789      8.02789
     -4.65000      9.67467      9.67467
     -4.64000     11.00260     11.00260
     -4.63000      9.57445      9.57445
     -4.62000      4.92802      4.92802
     -4.61000      1.94482      1.94482
     -4.60000      4.17338      4.17338
     -4.59000      9.79809      9.79809
     -4.58000     15.36774     15.36774
     -4.57000     17.63808     17.63808
     -4.56000     13.32513     13.32513
     -4.55000      8.13366      8.13366
     -4.54000     10.30195     10.30195
     -4.53000     13.72076     13.72076
     -4.52000     12.92285     12.92285
     -4.51000      9.93923      9.93923
     -4.50000      9.97633      9.97633
     -4.49000     11.76470     11.76470
     -4.48000     15.08970     15.08970
     -4.47000     13.52816     13.52816
     -4.46000     11.19410     11.19410
     -4.45000     12.38574     12.38574
     -4.44000     14.27014     14.27014
     -4.43000     22.73345     22.73345
     -4.42000     26.60250     26.60250
     -4.41000     17.59805     17.59805
     -4.40000     10.64886     10.64886
     -4.39000      7.91377      7.91377
     -4.38000      3.71847      3.71847
     -4.37000      2.63468      2.63468
     -4.36000      3.80776      3.80776
     -4.35000      2.98524      2.98524
     -4.34000      2.95034      2.95034
     -4.33000      4.12614      4.12614
     -4.32000      4.61962      4.61962
     -4.31000      7.11048      7.11048
     -4.30000      7.83180      7.83180
     -4.29000      7.43118      7.43118
     -4.28000      7.80160      7.80160
     -4.27000      4.15017      4.15017
     -4.26000      0.84327      0.84327
     -4.25000      0.06326      0.06326
     -4.24000      0.00376      0.00376
     -4.23000      0.07049      0.07049
     -4.22000      0.91391      0.91391
     -4.21000      4.51196      4.51196
     -4.20000      9.77921      9.77921
     -4.19000     13.91335     13.91335
     -4.18000     15.30966     15.30966
     -4.17000      9.08507      9.08507
     -4.16000      2.54384      2.54384
     -4.15000      1.79807      1.79807
     -4.14000      5.95599      5.95599
     -4.13000     10.81573     10.81573
     -4.12000     13.34645     13.34645
     -4.11000     11.28399     11.28399
     -4.10000      8.34630      8.34630
     -4.09000     15.63850     15.63850
     -4.08000     25.11106     25.11106
     -4.07000     22.23567     22.23567
     -4.06000     16.63092     16.63092
     -4.05000     18.89972     18.89972
     -4.04000     16.93704     16.93704
     -4.03000      8.52237      8.52237
     -4.02000      2.48332      2.48332
     -4.01000      1.60372      1.60372
     -4.00000      5.98130      5.98130
     -3.99000     10.89062     10.89062
     -3.98000      8.70456      8.70456
     -3.97000      5.31331      5.31331
     -3.96000      3.75185      3.75185
     -3.95000      2.08183      2.08183
     -3.94000      2.29774      2.29774
     -3.93000      2.30213      2.30213
     -3.92000      0.94984      0.94984
     -3.91000      0.53738      0.53738
     -3.90000      2.02105      2.02105
     -3.89000      3.71652      3.71652
     -3.88000      2.52325      2.52325
     -3.87000      0.63189      0.63189
     -3.86000      0.10913      0.10913
     -3.85000      0.58341      0.58341
     -3.84000      2.42839      2.42839
     -3.83000      3.73499      3.73499
     -3.82000      2.21134      2.21134
     -3.81000      1.37696      1.37696
     -3.80000      3.44782      3.44782
     -3.79000      6.01377      6.01377
     -3.78000      8.06160      8.06160
     -3.77000     12.36286     12.36286
     -3.76000     18.63717     18.63717
     -3.75000     20.73906     20.73906
     -3.74000     17.52762     17.52762
     -3.73000     16.52576     16.52576
     -3.72000     16.60856     16.60856
     -3.71000     12.20578     12.20578
     -3.70000      8.64933      8.64933
     -3.69000     10.52365     10.52365
     -3.68000     13.10048     13.10048
     -3.67000      9.99864      9.99864
     -3.66000      7.15780      7.15780
     -3.65000      7.91217      7.91217
     -3.64000      5.25034      5.25034
     -3.63000      2.72291      2.72291
     -3.62000      4.65111      4.65111
     -3.61000      7.86962      7.86962
     -3.60000      8.54455      8.54455
     -3.59000      4.78876      4.78876
     -3.58000      3.27648      3.27648
     -3.57000      6.68489      6.68489
     -3.56000      7.80729      7.80729
     -3.55000      7.29456      7.29456
     -3.54000      7.82522      7.82522
     -3.53000      4.46667      4.46667
     -3.52000      2.65318      2.65318
     -3.51000      8.15441      8.15441
     -3.50000     16.22613     16.22613
     -3.49000     17.64175     17.64175
     -3.48000     13.26555     13.26555
     -3.47000      6.65510      6.65510
     -3.46000      2.22104      2.22104
     -3.45000      2.51005      2.51005
     -3.44000      4.40476      4.40476
     -3.43000      6.56629      6.56629
     -3.42000     10.96489     10.96489
     -3.41000      9.98814      9.98814
     -3.40000      7.10682      7.10682
     -3.39000      9.92135      9.92135
     -3.38000     10.20845     10.20845
     -3.37000     11.44121     11.44121
     -3.36000     21.08630     21.08630
     -3.35000     25.90835     25.90835
     -3.34000     20.13370     20.13370
     -3.33000     20.08120     20.08120
     -3.32000     26.28517     26.28517
     -3.31000     23.52013     23.52013
     -3.30000     15.09252     15.09252
     -3.29000     11.09770     11.09770
     -3.28000     10.71098     10.71098
     -3.27000     12.85413     12.85413
     -3.26000     17.09761     17.09761
     -3.25000     17.21197     17.21197
     -3.24000     13.95630     13.95630
     -3.23000      8.06943      8.06943
     -3.22000      5.44663      5.44663
     -3.21000      6.33526      6.33526
     -3.20000     10.47955     10.47955
     -3.19000     14.06276     14.06276
     -3.18000     11.54687     11.54687
     -3.17000      5.72512      5.72512
     -3.16000      1.51599      1.51599
     -3.15000      0.17874      0.17874
     -3.14000      0.00838      0.00838
     -3.13000      0.00052      0.00052
     -3.12000      0.02263      0.02263
     -3.11000      0.51381      0.51381
     -3.10000      4.45683      4.45683
     -3.09000     15.16116     15.16116
     -3.08000     21.19328     21.19328
     -3.07000     13.87810     13.87810
     -3.06000      6.60771      6.60771
     -3.05000      2.98232      2.98232
     -3.04000      0.73447      0.73447
     -3.03000      0.07167      0.07167
     -3.02000      0.00260      0.00260
     -3.01000      0.00003      0.00003
     -3.00000      0.00000      0.00000
     -2.99000      0.00000      0.00000
     -2.98000      0.00000      0.00000
     -2.97000      0.00000      0.00000
     -2.96000      0.00000      0.00000
     -2.95000      0.00000      0.00000
     -2.94000      0.00000      0.00000
     -2.93000      0.00000      0.00000
     -2.92000      0.00000      0.00000
     -2.91000      0.00000      0.00000
     -2.90000      0.00000      0.00000
     -2.89000      0.00000      0.00000
     -2.88000      0.00000      0.00000
     -2.87000      0.00000      0.00000
     -2.86000      0.00010      0.00010
     -2.85000      0.00622      0.00622
     -2.84000      0.13654      0.13654
     -2.83000      1.11987      1.11987
     -2.82000      3.51988      3.51988
     -2.81000      4.47525      4.47525
     -2.80000      2.50484      2.50484
     -2.79000      0.65564      0.65564
     -2.78000      0.07775      0.07775
     -2.77000      0.00383      0.00383
     -2.76000      0.00007      0.00007
     -2.75000      0.00000      0.00000
     -2.74000      0.00000      0.00000
     -2.73000      0.00000      0.00000
     -2.72000      0.00000      0.00000
     -2.71000      0.00000      0.00000
     -2.70000      0.00000      0.00000
     -2.69000      0.00000      0.00000
     -2.68000      0.00000      0.00000
     -2.67000      0.00000      0.00000
     -2.66000      0.00000      0.00000
     -2.65000      0.00004      0.00004
     -2.64000      0.00299      0.00299
     -2.63000      0.07927      0.07927
     -2.62000      0.77215      0.77215
     -2.61000      2.76699      2.76699
     -2.60000      3.64769      3.64769
     -2.59000      1.76902      1.76902
     -2.58000      0.31561      0.31561
     -2.57000      0.02071      0.02071
     -2.56000      0.00050      0.00050
     -2.55000      0.00000      0.00000
     -2.54000      0.00079      0.00079
     -2.53000      0.02938      0.02938
     -2.52000      0.40093      0.40093
     -2.51000      2.01656      2.01656
     -2.50000      3.85901      3.85901
     -2.49000      4.33580      4.33580
     -2.48000      9.14945      9.14945
     -2.47000     14.92469     14.92469
     -2.46000      9.63078      9.63078
     -2.45000      2.31429      2.31429
     -2.44000      0.20637      0.20637
     -2.43000      0.00683      0.00683
     -2.42000      0.00006      0.00006
     -2.41000      0.00000      0.00000
     -2.40000      0.00000      0.00000
     -2.39000      0.00000      0.00000
     -2.38000      0.00000      0.00000
     -2.37000      0.00003      0.00003
     -2.36000      0.00271      0.00271
     -2.35000      0.08810      0.08810
     -2.34000      1.05249      1.05249
     -2.33000      4.62562      4.62562
     -2.32000      7.47874      7.47874
     -2.31000      4.44828      4.44828
     -2.30000      0.97333      0.97333
     -2.29000      0.07855      0.07855
     -2.28000      0.01246      0.01246
     -2.27000      0.19146      0.19146
     -2.26000      1.32981      1.32981
     -2.25000      3.39784      3.39784
     -2.24000      3.19390      3.19390
     -2.23000      1.10445      1.10445
     -2.22000      0.14050      0.14050
     -2.21000      0.00658      0.00658
     -2.20000      0.00011      0.00011
     -2.19000      0.00000      0.00000
     -2.18000      0.00000      0.00000
     -2.17000      0.00000      0.00000
     -2.16000      0.00000      0.00000
     -2.15000      0.00000      0.00000
     -2.14000      0.00000      0.00000
     -2.13000      0.00000      0.00000
     -2.12000      0.00000      0.00000
     -2.11000      0.00000      0.00000
     -2.10000      0.00000      0.00000
     -2.09000      0.00000      0.00000
     -2.08000      0.00000      0.00000
     -2.07000      0.00000      0.00000
     -2.06000      0.00000      0.00000
     -2.05000      0.00000      0.00000
     -2.04000      0.00000      0.00000
     -2.03000      0.00000      0.00000
     -2.02000      0.00000      0.00000
     -2.01000      0.00000      0.00000
     -2.00000      0.00000      0.00000
     -1.99000      0.00000      0.00000
     -1.98000      0.00000      0.00000
     -1.97000      0.00000      0.00000
     -1.96000      0.00000      0.00000
     -1.95000      0.00000      0.00000
     -1.94000      0.00000      0.00000
     -1.93000      0.00000      0.00000
     -1.92000      0.00085      0.00085
     -1.91000      0.03086      0.03086
     -1.90000      0.41446      0.41446
     -1.89000      2.04783      2.04783
     -1.88000      3.72232      3.72232
     -1.87000      2.48908      2.48908
     -1.86000      0.61231      0.61231
     -1.85000      0.05541      0.05541
     -1.84000      0.00184      0.00184
     -1.83000      0.00002      0.00002
     -1.82000      0.00000      0.00000
     -1.81000      0.00000      0.00000
     -1.80000      0.00000      0.00000
     -1.79000      0.00006      0.00006
     -1.78000      0.00419      0.00419
     -1.77000      0.10142      0.10142
     -1.76000      0.90270      0.90270
     -1.75000      2.95571      2.95571
     -1.74000      3.56029      3.56029
     -1.73000      1.57766      1.57766
     -1.72000      0.25719      0.25719
     -1.71000      0.01542      0.01542
     -1.70000      0.00034      0.00034
     -1.69000      0.00000      0.00000
     -1.68000      0.00133      0.00133
     -1.67000      0.05137      0.05137
     -1.66000      0.73197      0.73197
     -1.65000      3.84899      3.84899
     -1.64000      7.70236      7.70236
     -1.63000      7.59756      7.59756
     -1.62000      7.90258      7.90258
     -1.61000      6.79633      6.79633
     -1.60000      2.52375      2.52375
     -1.59000      0.70891      0.70891
     -1.58000      2.59770      2.59770
     -1.57000      6.73250      6.73250
     -1.56000      6.46197      6.46197
     -1.55000      2.28181      2.28181
     -1.54000      0.29688      0.29688
     -1.53000      0.03379      0.03379
     -1.52000      0.30434      0.30434
     -1.51000      1.73308      1.73308
     -1.50000      3.63362      3.63362
     -1.49000      2.80263      2.80263
     -1.48000      0.79524      0.79524
     -1.47000      0.08301      0.08301
     -1.46000      0.00319      0.00319
     -1.45000      0.00005      0.00005
     -1.44000      0.00000      0.00000
     -1.43000      0.00000      0.00000
     -1.42000      0.00059      0.00059
     -1.41000      0.02753      0.02753
     -1.40000      0.47501      0.47501
     -1.39000      3.01510      3.01510
     -1.38000      7.04054      7.04054
     -1.37000      6.04806      6.04806
     -1.36000      1.91131      1.91131
     -1.35000      0.22220      0.22220
     -1.34000      0.00950      0.00950
     -1.33000      0.00015      0.00015
     -1.32000      0.00000      0.00000
     -1.31000      0.00000      0.00000
     -1.30000      0.00000      0.00000
     -1.29000      0.00000      0.00000
     -1.28000      0.00000      0.00000
     -1.27000      0.00000      0.00000
     -1.26000      0.00000      0.00000
     -1.25000      0.00000      0.00000
     -1.24000      0.00000      0.00000
     -1.23000      0.00000      0.00000
     -1.22000      0.00000      0.00000
     -1.21000      0.00000      0.00000
     -1.20000      0.00000      0.00000
     -1.19000      0.00000      0.00000
     -1.18000      0.00000      0.00000
     -1.17000      0.00000      0.00000
     -1.16000      0.00000      0.00000
     -1.15000      0.00000      0.00000
     -1.14000      0.00072      0.00072
     -1.13000      0.03222      0.03222
     -1.12000      0.53027      0.53027
     -1.11000      3.21023      3.21023
     -1.10000      7.14951      7.14951
     -1.09000      5.85764      5.85764
     -1.08000      1.76553      1.76553
     -1.07000      0.19576      0.19576
     -1.06000      0.00799      0.00799
     -1.05000      0.00012      0.00012
     -1.04000      0.00000      0.00000
     -1.03000      0.00000      0.00000
     -1.02000      0.00000      0.00000
     -1.01000      0.00000      0.00000
     -1.00000      0.00000      0.00000
     -0.99000      0.00000      0.00000
     -0.98000      0.00000      0.00000
     -0.97000      0.00000      0.00000
     -0.96000      0.00000      0.00000
     -0.95000      0.00000      0.00000
     -0.94000      0.00000      0.00000
     -0.93000      0.00000      0.00000
     -0.92000      0.00000      0.00000
     -0.91000      0.00000      0.00000
     -0.90000      0.00000      0.00000
     -0.89000      0.00004      0.00004
     -0.88000      0.00330      0.00330
     -0.87000      0.10198      0.10198
     -0.86000      1.15947      1.15947
     -0.85000      4.84970      4.84970
     -0.84000      7.46236      7.46236
     -0.83000      4.22418      4.22418
     -0.82000      0.87966      0.87966
     -0.81000      0.06739      0.06739
     -0.80000      0.00190      0.00190
     -0.79000      0.00000      0.00000
     -0.78000      0.00000      0.00000
     -0.77000      0.00000      0.00000
     -0.76000      0.00000      0.00000
     -0.75000      0.00017      0.00017
     -0.74000      0.00882      0.00882
     -0.73000      0.17337      0.17337
     -0.72000      1.25375      1.25375
     -0.71000      3.33553      3.33553
     -0.70000      3.26455      3.26455
     -0.69000      1.17541      1.17541
     -0.68000      0.15569      0.15569
     -0.67000      0.00759      0.00759
     -0.66000      0.00014      0.00014
     -0.65000      0.00000      0.00000
     -0.64000      0.00000      0.00000
     -0.63000      0.00000      0.00000
     -0.62000      0.00000      0.00000
     -0.61000      0.00000      0.00000
     -0.60000      0.00049      0.00049
     -0.59000      0.02054      0.02054
     -0.58000      0.31787      0.31787
     -0.57000      1.87780      1.87780
     -0.56000      4.72172      4.72172
     -0.55000      6.79754      6.79754
     -0.54000      7.36720      7.36720
     -0.53000      5.07318      5.07318
     -0.52000      1.69755      1.69755
     -0.51000      0.23806      0.23806
     -0.50000      0.02500      0.02500
     -0.49000      0.26391      0.26391
     -0.48000      2.12447      2.12447
     -0.47000      6.29764      6.29764
     -0.46000      6.86769      6.86769
     -0.45000      2.75517      2.75517
     -0.44000      0.40662      0.40662
     -0.43000      0.02208      0.02208
     -0.42000      0.00044      0.00044
     -0.41000      0.00000      0.00000
     -0.40000      0.00000      0.00000
     -0.39000      0.00000      0.00000
     -0.38000      0.00000      0.00000
     -0.37000      0.00000      0.00000
     -0.36000      0.00000      0.00000
     -0.35000      0.00000      0.00000
     -0.34000      0.00000      0.00000
     -0.33000      0.00000      0.00000
     -0.32000      0.00000      0.00000
     -0.31000      0.00000      0.00000
     -0.30000      0.00000      0.00000
     -0.29000      0.00000      0.00000
     -0.28000      0.00000      0.00000
     -0.27000      0.00003      0.00003
     -0.26000      0.00221      0.00221
     -0.25000      0.06334      0.06334
     -0.24000      0.66844      0.66844
     -0.23000      2.60955      2.60955
     -0.22000      4.03586      4.03586
     -0.21000      4.39757      4.39757
     -0.20000      6.99939      6.99939
     -0.19000      6.60511      6.60511
     -0.18000      2.40418      2.40418
     -0.17000      0.32305      0.32305
     -0.16000      0.01597      0.01597
     -0.15000      0.00029      0.00029
     -0.14000      0.00000      0.00000
     -0.13000      0.00000      0.00000
     -0.12000      0.00000      0.00000
     -0.11000      0.00000      0.00000
     -0.10000      0.00034      0.00034
     -0.09000      0.01524      0.01524
     -0.08000      0.25506      0.25506
     -0.07000      1.57023      1.57023
     -0.06000      3.55626      3.55626
     -0.05000      2.96298      2.96298
     -0.04000      0.90818      0.90818
     -0.03000      0.10240      0.10240
     -0.02000      0.00425      0.00425
     -0.01000      0.00006      0.00006
      0.00000      0.00000      0.00000
      0.01000      0.00000      0.00000
      0.02000      0.00000      0.00000
      0.03000      0.00000      0.00000
      0.04000      0.00000      0.00000
      0.05000      0.00000      0.00000
      0.06000      0.00000      0.00000
      0.07000      0.00000      0.00000
      0.08000      0.00000      0.00000
      0.09000      0.00000      0.00000
      0.10000      0.00010      0.00010
      0.11000      0.00669      0.00669
      0.12000      0.17199      0.17199
      0.13000      1.62806      1.62806
      0.14000      5.71381      5.71381
      0.15000      8.00277      8.00277
      0.16000      7.31928      7.31928
      0.17000      7.99867      7.99867
      0.18000      5.20318      5.20318
      0.19000      1.32598      1.32598
      0.20000      0.12505      0.12505
      0.21000      0.00434      0.00434
      0.22000      0.00006      0.00006
      0.23000      0.00000      0.00000
      0.24000      0.00000      0.00000
      0.25000      0.00000      0.00000
      0.26000      0.00000      0.00000
      0.27000      0.00000      0.00000
      0.28000      0.00000      0.00000
      0.29000      0.00000      0.00000
      0.30000      0.00000      0.00000
      0.31000      0.00000      0.00000
      0.32000      0.00000      0.00000
      0.33000      0.00000      0.00000
      0.34000      0.00000      0.00000
      0.35000      0.00000      0.00000
      0.36000      0.00000      0.00000
      0.37000      0.00000      0.00000
      0.38000      0.00000      0.00000
      0.39000      0.00000      0.00000
      0.40000      0.00000      0.00000
      0.41000      0.00070      0.00070
      0.42000      0.03169      0.03169
      0.43000      0.52415      0.52415
      0.44000      3.18921      3.18921
      0.45000      7.13859      7.13859
      0.46000      5.87825      5.87825
      0.47000      1.78069      1.78069
      0.48000      0.19844      0.19844
      0.49000      0.00814      0.00814
      0.50000      0.00012      0.00012
      0.51000      0.00000      0.00000
      0.52000      0.00000      0.00000
      0.53000      0.00000      0.00000
      0.54000      0.00000      0.00000
      0.55000      0.00000      0.00000
      0.56000      0.00000      0.00000
      0.57000      0.00000      0.00000
      0.58000      0.00000      0.00000
      0.59000      0.00000      0.00000
      0.60000      0.00025      0.00025
      0.61000      0.01435      0.01435
      0.62000      0.29911      0.29911
      0.63000      2.29437      2.29437
      0.64000      6.47441      6.47441
      0.65000      6.72112      6.72112
      0.66000      2.56678      2.56678
      0.67000      0.36061      0.36061
      0.68000      0.01864      0.01864
      0.69000      0.00035      0.00035
      0.70000      0.00000      0.00000
      0.71000      0.00000      0.00000
      0.72000      0.00000      0.00000
      0.73000      0.00000      0.00000
      0.74000      0.00000      0.00000
      0.75000      0.00000      0.00000
      0.76000      0.00000      0.00000
      0.77000      0.00000      0.00000
      0.78000      0.00000      0.00000
      0.79000      0.00139      0.00139
      0.80000      0.05328      0.05328
      0.81000      0.75012      0.75012
      0.82000      3.88505      3.88505
      0.83000      7.40231      7.40231
      0.84000      5.18872      5.18872
      0.85000      1.34982      1.34982
      0.86000      0.38869      0.38869
      0.87000      2.11960      2.11960
      0.88000      6.28748      6.28748
      0.89000      6.87550      6.87550
      0.90000      2.76593      2.76593
      0.91000      0.40934      0.40934
      0.92000      0.02229      0.02229
      0.93000      0.00045      0.00045
      0.94000      0.00000      0.00000
      0.95000      0.00000      0.00000
      0.96000      0.00000      0.00000
      0.97000      0.00000      0.00000
      0.98000      0.00000      0.00000
      0.99000      0.00000      0.00000
      1.00000      0.00000      0.00000
      1.01000      0.00000      0.00000
      1.02000      0.00009      0.00009
      1.03000      0.00659      0.00659
      1.04000      0.17003      0.17003
      1.05000      1.61486      1.61486
      1.06000      5.64208      5.64208
      1.07000      7.25184      7.25184
      1.08000      3.42897      3.42897
      1.09000      0.59646      0.59646
      1.10000      0.03817      0.03817
      1.11000      0.00090      0.00090
      1.12000      0.00000      0.00000
      1.13000      0.00000      0.00000
      1.14000      0.00000      0.00000
      1.15000      0.00000      0.00000
      1.16000      0.00000      0.00000
      1.17000      0.00000      0.00000
      1.18000      0.00000      0.00000
      1.19000      0.00000      0.00000
      1.20000      0.00000      0.00000
      1.21000      0.00000      0.00000
      1.22000      0.00000      0.00000
      1.23000      0.00000      0.00000
      1.24000      0.00000      0.00000
      1.25000      0.00000      0.00000
      1.26000      0.00000      0.00000
      1.27000      0.00000      0.00000
      1.28000      0.00000      0.00000
      1.29000      0.00000      0.00000
      1.30000      0.00000      0.00000
      1.31000      0.00000      0.00000
      1.32000      0.00000      0.00000
      1.33000      0.00000      0.00000
      1.34000      0.00000      0.00000
      1.35000      0.00028      0.00028
      1.36000      0.01326      0.01326
      1.37000      0.23140      0.23140
      1.38000      1.48516      1.48516
      1.39000      3.50654      3.50654
      1.40000      3.04572      3.04572
      1.41000      0.97321      0.97321
      1.42000      0.11507      0.11507
      1.43000      0.03093      0.03093
      1.44000      0.36895      0.36895
      1.45000      1.93410      1.93410
      1.46000      3.91345      3.91345
      1.47000      4.49321      4.49321
      1.48000      6.68918      6.68918
      1.49000      7.12851      7.12851
      1.50000      3.05622      3.05622
      1.51000      0.48576      0.48576
      1.52000      0.02842      0.02842
      1.53000      0.00061      0.00061
      1.54000      0.00000      0.00000
      1.55000      0.00002      0.00002
      1.56000      0.00191      0.00191
      1.57000      0.05704      0.05704
      1.58000      0.62950      0.62950
      1.59000      2.64500      2.64500
      1.60000      4.79614      4.79614
      1.61000      5.19207      5.19207
      1.62000      3.82741      3.82741
      1.63000      1.39020      1.39020
      1.64000      0.19980      0.19980
      1.65000      0.01290      0.01290
      1.66000      0.06323      0.06323
      1.67000      0.66848      0.66848
      1.68000      2.67688      2.67688
      1.69000      4.75698      4.75698
      1.70000      6.57817      6.57817
      1.71000      7.85574      7.85574
      1.72000      4.47086      4.47086
      1.73000      0.97218      0.97218
      1.74000      0.07813      0.07813
      1.75000      0.00231      0.00231
      1.76000      0.00016      0.00016
      1.77000      0.01002      0.01002
      1.78000      0.23097      0.23097
      1.79000      1.95785      1.95785
      1.80000      6.10536      6.10536
      1.81000      7.00403      7.00403
      1.82000      2.95591      2.95591
      1.83000      0.45892      0.45892
      1.84000      0.02621      0.02621
      1.85000      0.00055      0.00055
      1.86000      0.00000      0.00000
      1.87000      0.00000      0.00000
      1.88000      0.00000      0.00000
      1.89000      0.00000      0.00000
      1.90000      0.00000      0.00000
      1.91000      0.00000      0.00000
      1.92000      0.00000      0.00000
      1.93000      0.00000      0.00000
      1.94000      0.00000      0.00000
      1.95000      0.00000      0.00000
      1.96000      0.00000      0.00000
      1.97000      0.00118      0.00118
      1.98000      0.04690      0.04690
      1.99000      0.68742      0.68742
      2.00000      3.70680      3.70680
      2.01000      7.35328      7.35328
      2.02000      5.36623      5.36623
      2.03000      1.44066      1.44066
      2.04000      0.14229      0.14229
      2.05000      0.00517      0.00517
      2.06000      0.00007      0.00007
      2.07000      0.00000      0.00000
      2.08000      0.00002      0.00002
      2.09000      0.00149      0.00149
      2.10000      0.04731      0.04731
      2.11000      0.55180      0.55180
      2.12000      2.36740      2.36740
      2.13000      3.73652      3.73652
      2.14000      2.16955      2.16955
      2.15000      0.46342      0.46342
      2.16000      0.03642      0.03642
      2.17000      0.00105      0.00105
      2.18000      0.00000      0.00000
      2.19000      0.00000      0.00000
      2.20000      0.00000      0.00000
      2.21000      0.00030      0.00030
      2.22000      0.01622      0.01622
      2.23000      0.32659      0.32659
      2.24000      2.41928      2.41928
      2.25000      6.59289      6.59289
      2.26000      6.60953      6.60953
      2.27000      2.43765      2.43765
      2.28000      0.33105      0.33105
      2.29000      0.03341      0.03341
      2.30000      0.33661      0.33661
      2.31000      2.46217      2.46217
      2.32000      6.63145      6.63145
      2.33000      6.57058      6.57058
      2.34000      2.39499      2.39499
      2.35000      0.32115      0.32115
      2.36000      0.01584      0.01584
      2.37000      0.00029      0.00029
      2.38000      0.00000      0.00000
      2.39000      0.00000      0.00000
      2.40000      0.00000      0.00000
      2.41000      0.00000      0.00000
      2.42000      0.00000      0.00000
      2.43000      0.00000      0.00000
      2.44000      0.00000      0.00000
      2.45000      0.00000      0.00000
      2.46000      0.00000      0.00000
      2.47000      0.00000      0.00000
      2.48000      0.00000      0.00000
      2.49000      0.00000      0.00000
      2.50000      0.00000      0.00000
      2.51000      0.00000      0.00000
      2.52000      0.00000      0.00000
      2.53000      0.00000      0.00000
      2.54000      0.00000      0.00000
      2.55000      0.00003      0.00003
      2.56000      0.00191      0.00191
      2.57000      0.04244      0.04244
      2.58000      0.34703      0.34703
      2.59000      1.06368      1.06368
      2.60000      1.56177      1.56177
      2.61000      3.24001      3.24001
      2.62000      6.94992      6.94992
      2.63000      6.28545      6.28545
      2.64000      2.11003      2.11003
      2.65000      0.26447      0.26447
      2.66000      0.12428      0.12428
      2.67000      1.23642      1.23642
      2.68000      5.00045      5.00045
      2.69000      7.44114      7.44114
      2.70000      4.08470      4.08470
      2.71000      1.07284      1.07284
      2.72000      2.12968      2.12968
      2.73000      6.23734      6.23734
      2.74000      6.91406      6.91406
      2.75000      2.82025      2.82025
      2.76000      0.42320      0.42320
      2.77000      0.02336      0.02336
      2.78000      0.00047      0.00047
      2.79000      0.00000      0.00000
      2.80000      0.00000      0.00000
      2.81000      0.00000      0.00000
      2.82000      0.00000      0.00000
      2.83000      0.00000      0.00000
      2.84000      0.00000      0.00000
      2.85000      0.00000      0.00000
      2.86000      0.00000      0.00000
      2.87000      0.00000      0.00000
      2.88000      0.00000      0.00000
      2.89000      0.00000      0.00000
      2.90000      0.00000      0.00000
      2.91000      0.00000      0.00000
      2.92000      0.00000      0.00000
      2.93000      0.00023      0.00023
      2.94000      0.01141      0.01141
      2.95000      0.20815      0.20815
      2.96000      1.39667      1.39667
      2.97000      3.44757      3.44757
      2.98000      3.13068      3.13068
      2.99000      1.04585      1.04585
      3.00000      0.12853      0.12853
      3.01000      0.00581      0.00581
      3.02000      0.00010      0.00010
      3.03000      0.00000      0.00000
      3.04000      0.00000      0.00000
      3.05000      0.00000      0.00000
      3.06000      0.00000      0.00000
      3.07000      0.00000      0.00000
      3.08000      0.00000      0.00000
      3.09000      0.00000      0.00000
      3.10000      0.00000      0.00000
      3.11000      0.00000      0.00000
      3.12000      0.00000      0.00000
      3.13000      0.00000      0.00000
      3.14000      0.00000      0.00000
      3.15000      0.00000      0.00000
      3.16000      0.00000      0.00000
      3.17000      0.00000      0.00000
      3.18000      0.00000      0.00000
      3.19000      0.00000      0.00000
      3.20000      0.00000      0.00000
      3.21000      0.00000      0.00000
      3.22000      0.00000      0.00000
      3.23000      0.00000      0.00000
      3.24000      0.00000      0.00000
      3.25000      0.00113      0.00113
      3.26000      0.03844      0.03844
      3.27000      0.48187      0.48187
      3.28000      2.26214      2.26214
      3.29000      4.47922      4.47922
      3.30000      6.18509      6.18509
      3.31000      7.92850      7.92850
