Energy-E_F (eV)    DOS (1/eV)    PDOS (1/eV)  of atom type Bi 
     -4.99000      0.00000      0.00000
     -4.98000      0.00000      0.00000
     -4.97000      0.00000      0.00000
     -4.96000      0.00000      0.00000
     -4.95000      0.00000      0.00000
     -4.94000      0.00000      0.00000
     -4.93000      0.00000      0.00000
     -4.92000      0.00000      0.00000
     -4.91000      0.00000      0.00000
     -4.90000      0.00000      0.00000
     -4.89000      0.00000      0.00000
     -4.88000      0.00000      0.00000
     -4.87000      0.00000      0.00000
     -4.86000      0.00000      0.00000
     -4.85000      0.00000      0.00000
     -4.84000      0.00000      0.00000
     -4.83000      0.00000      0.00000
     -4.82000      0.00000      0.00000
     -4.81000      0.00000      0.00000
     -4.80000      0.00000      0.00000
     -4.79000      0.00000      0.00000
     -4.78000      0.00000      0.00000
     -4.77000      0.00000      0.00000
     -4.76000      0.00000      0.00000
     -4.75000      0.00000      0.00000
     -4.74000      0.00000      0.00000
     -4.73000      0.00000      0.00000
     -4.72000      0.00000      0.00000
     -4.71000      0.00000      0.00000
     -4.70000      0.00000      0.00000
     -4.69000      0.00000      0.00000
     -4.68000      0.00000      0.00000
     -4.67000      0.00000      0.00000
     -4.66000      0.00000      0.00000
     -4.65000      0.00000      0.00000
     -4.64000      0.00000      0.00000
     -4.63000      0.00000      0.00000
     -4.62000      0.00000      0.00000
     -4.61000      0.00000      0.00000
     -4.60000      0.00000      0.00000
     -4.59000      0.00000      0.00000
     -4.58000      0.00000      0.00000
     -4.57000      0.00000      0.00000
     -4.56000      0.00000      0.00000
     -4.55000      0.00000      0.00000
     -4.54000      0.00000      0.00000
     -4.53000      0.00000      0.00000
     -4.52000      0.00015      0.00015
     -4.51000      0.00442      0.00442
     -4.50000      0.05086      0.05086
     -4.49000      0.24809      0.24809
     -4.48000      0.59012      0.59012
     -4.47000      0.80919      0.80919
     -4.46000      0.75827      0.75827
     -4.45000      0.77352      0.77352
     -4.44000      0.97074      0.97074
     -4.43000      1.07645      1.07645
     -4.42000      1.10653      1.10653
     -4.41000      0.86888      0.86888
     -4.40000      0.57712      0.57712
     -4.39000      0.97684      0.97684
     -4.38000      1.87448      1.87448
     -4.37000      2.10056      2.10056
     -4.36000      1.69479      1.69479
     -4.35000      1.58188      1.58188
     -4.34000      1.48266      1.48266
     -4.33000      1.21796      1.21796
     -4.32000      1.26736      1.26736
     -4.31000      1.49719      1.49719
     -4.30000      1.76402      1.76402
     -4.29000      2.15618      2.15618
     -4.28000      2.10209      2.10209
     -4.27000      1.69282      1.69282
     -4.26000      1.49232      1.49232
     -4.25000      1.45423      1.45423
     -4.24000      1.41945      1.41945
     -4.23000      1.42612      1.42612
     -4.22000      2.02309      2.02309
     -4.21000      2.58047      2.58047
     -4.20000      2.29661      2.29661
     -4.19000      1.77308      1.77308
     -4.18000      1.36483      1.36483
     -4.17000      1.32958      1.32958
     -4.16000      1.66219      1.66219
     -4.15000      1.94460      1.94460
     -4.14000      1.97517      1.97517
     -4.13000      2.17744      2.17744
     -4.12000      2.56157      2.56157
     -4.11000      2.78035      2.78035
     -4.10000      2.99708      2.99708
     -4.09000      3.29361      3.29361
     -4.08000      2.81745      2.81745
     -4.07000      1.89839      1.89839
     -4.06000      1.94520      1.94520
     -4.05000      2.56522      2.56522
     -4.04000      2.57388      2.57388
     -4.03000      2.22713      2.22713
     -4.02000      2.29263      2.29263
     -4.01000      2.56334      2.56334
     -4.00000      2.81340      2.81340
     -3.99000      3.10030      3.10030
     -3.98000      3.11734      3.11734
     -3.97000      2.87221      2.87221
     -3.96000      2.67941      2.67941
     -3.95000      2.44310      2.44310
     -3.94000      2.61880      2.61880
     -3.93000      2.95779      2.95779
     -3.92000      3.29211      3.29211
     -3.91000      3.67029      3.67029
     -3.90000      3.23954      3.23954
     -3.89000      2.43834      2.43834
     -3.88000      1.87247      1.87247
     -3.87000      1.74109      1.74109
     -3.86000      2.27213      2.27213
     -3.85000      2.87145      2.87145
     -3.84000      2.98673      2.98673
     -3.83000      2.74654      2.74654
     -3.82000      2.49438      2.49438
     -3.81000      2.74674      2.74674
     -3.80000      2.94816      2.94816
     -3.79000      2.77430      2.77430
     -3.78000      2.86855      2.86855
     -3.77000      2.99478      2.99478
     -3.76000      3.18449      3.18449
     -3.75000      3.77555      3.77555
     -3.74000      3.97382      3.97382
     -3.73000      3.30767      3.30767
     -3.72000      2.86397      2.86397
     -3.71000      3.09537      3.09537
     -3.70000      3.23392      3.23392
     -3.69000      3.11516      3.11516
     -3.68000      2.55106      2.55106
     -3.67000      2.37731      2.37731
     -3.66000      2.86037      2.86037
     -3.65000      3.31459      3.31459
     -3.64000      3.60083      3.60083
     -3.63000      3.15508      3.15508
     -3.62000      2.43998      2.43998
     -3.61000      2.39479      2.39479
     -3.60000      3.15202      3.15202
     -3.59000      3.85098      3.85098
     -3.58000      3.72785      3.72785
     -3.57000      3.37172      3.37172
     -3.56000      2.92611      2.92611
     -3.55000      2.43381      2.43381
     -3.54000      2.19407      2.19407
     -3.53000      2.59468      2.59468
     -3.52000      3.50013      3.50013
     -3.51000      3.93868      3.93868
     -3.50000      3.52235      3.52235
     -3.49000      3.01606      3.01606
     -3.48000      2.96686      2.96686
     -3.47000      3.20868      3.20868
     -3.46000      3.54598      3.54598
     -3.45000      3.99045      3.99045
     -3.44000      4.29981      4.29981
     -3.43000      4.30675      4.30675
     -3.42000      3.68592      3.68592
     -3.41000      2.93664      2.93664
     -3.40000      2.69487      2.69487
     -3.39000      2.82765      2.82765
     -3.38000      3.12532      3.12532
     -3.37000      3.43367      3.43367
     -3.36000      3.17364      3.17364
     -3.35000      2.83519      2.83519
     -3.34000      3.14344      3.14344
     -3.33000      3.36526      3.36526
     -3.32000      2.95484      2.95484
     -3.31000      3.29875      3.29875
     -3.30000      4.27245      4.27245
     -3.29000      4.31881      4.31881
     -3.28000      3.90161      3.90161
     -3.27000      3.45558      3.45558
     -3.26000      3.89965      3.89965
     -3.25000      4.69384      4.69384
     -3.24000      4.68343      4.68343
     -3.23000      4.45417      4.45417
     -3.22000      4.30391      4.30391
     -3.21000      3.98080      3.98080
     -3.20000      3.45504      3.45504
     -3.19000      3.18107      3.18107
     -3.18000      3.73005      3.73005
     -3.17000      4.38191      4.38191
     -3.16000      4.16861      4.16861
     -3.15000      3.30557      3.30557
     -3.14000      2.90429      2.90429
     -3.13000      3.33863      3.33863
     -3.12000      4.07798      4.07798
     -3.11000      4.53668      4.53668
     -3.10000      4.92391      4.92391
     -3.09000      5.09766      5.09766
     -3.08000      4.57065      4.57065
     -3.07000      3.84886      3.84886
     -3.06000      3.70261      3.70261
     -3.05000      3.79202      3.79202
     -3.04000      4.28287      4.28287
     -3.03000      5.41401      5.41401
     -3.02000      5.92682      5.92682
     -3.01000      5.11102      5.11102
     -3.00000      4.26176      4.26176
     -2.99000      4.18826      4.18826
     -2.98000      4.68697      4.68697
     -2.97000      4.99938      4.99938
     -2.96000      5.23033      5.23033
     -2.95000      5.63433      5.63433
     -2.94000      5.65121      5.65121
     -2.93000      5.57742      5.57742
     -2.92000      5.88471      5.88471
     -2.91000      5.75515      5.75515
     -2.90000      4.76575      4.76575
     -2.89000      4.15031      4.15031
     -2.88000      4.84169      4.84169
     -2.87000      5.58925      5.58925
     -2.86000      5.26135      5.26135
     -2.85000      4.74538      4.74538
     -2.84000      4.64756      4.64756
     -2.83000      4.26298      4.26298
     -2.82000      3.43104      3.43104
     -2.81000      3.27852      3.27852
     -2.80000      4.48018      4.48018
     -2.79000      5.92851      5.92851
     -2.78000      6.81433      6.81433
     -2.77000      6.86197      6.86197
     -2.76000      5.68583      5.68583
     -2.75000      4.72312      4.72312
     -2.74000      4.79013      4.79013
     -2.73000      4.99309      4.99309
     -2.72000      5.74099      5.74099
     -2.71000      6.93567      6.93567
     -2.70000      7.20190      7.20190
     -2.69000      6.18909      6.18909
     -2.68000      5.14819      5.14819
     -2.67000      4.56441      4.56441
     -2.66000      4.47364      4.47364
     -2.65000      4.72523      4.72523
     -2.64000      5.27963      5.27963
     -2.63000      5.83796      5.83796
     -2.62000      6.02931      6.02931
     -2.61000      5.73175      5.73175
     -2.60000      5.79362      5.79362
     -2.59000      7.17177      7.17177
     -2.58000      7.95699      7.95699
     -2.57000      7.09439      7.09439
     -2.56000      6.10402      6.10402
     -2.55000      5.23467      5.23467
     -2.54000      4.71407      4.71407
     -2.53000      4.83585      4.83585
     -2.52000      5.02667      5.02667
     -2.51000      4.53035      4.53035
     -2.50000      3.67994      3.67994
     -2.49000      3.88689      3.88689
     -2.48000      5.05854      5.05854
     -2.47000      6.29151      6.29151
     -2.46000      6.67138      6.67138
     -2.45000      5.76909      5.76909
     -2.44000      5.55843      5.55843
     -2.43000      6.41009      6.41009
     -2.42000      6.12279      6.12279
     -2.41000      4.98544      4.98544
     -2.40000      4.86320      4.86320
     -2.39000      5.40856      5.40856
     -2.38000      5.75601      5.75601
     -2.37000      6.04543      6.04543
     -2.36000      6.15624      6.15624
     -2.35000      5.52851      5.52851
     -2.34000      4.39523      4.39523
     -2.33000      4.51894      4.51894
     -2.32000      5.50856      5.50856
     -2.31000      6.51124      6.51124
     -2.30000      6.82997      6.82997
     -2.29000      6.48077      6.48077
     -2.28000      5.74588      5.74588
     -2.27000      5.00896      5.00896
     -2.26000      4.94726      4.94726
     -2.25000      5.06648      5.06648
     -2.24000      5.21352      5.21352
     -2.23000      6.10206      6.10206
     -2.22000      6.28956      6.28956
     -2.21000      5.51562      5.51562
     -2.20000      5.15398      5.15398
     -2.19000      5.15110      5.15110
     -2.18000      5.46554      5.46554
     -2.17000      5.97133      5.97133
     -2.16000      6.18808      6.18808
     -2.15000      5.83552      5.83552
     -2.14000      5.82095      5.82095
     -2.13000      6.22709      6.22709
     -2.12000      6.21943      6.21943
     -2.11000      5.50756      5.50756
     -2.10000      4.29991      4.29991
     -2.09000      4.14221      4.14221
     -2.08000      4.94488      4.94488
     -2.07000      5.29630      5.29630
     -2.06000      5.33955      5.33955
     -2.05000      5.92528      5.92528
     -2.04000      6.63750      6.63750
     -2.03000      6.54191      6.54191
     -2.02000      5.61912      5.61912
     -2.01000      4.61032      4.61032
     -2.00000      4.48951      4.48951
     -1.99000      5.39285      5.39285
     -1.98000      6.12294      6.12294
     -1.97000      6.39686      6.39686
     -1.96000      6.35590      6.35590
     -1.95000      5.52919      5.52919
     -1.94000      5.49493      5.49493
     -1.93000      6.38023      6.38023
     -1.92000      6.18948      6.18948
     -1.91000      5.38566      5.38566
     -1.90000      5.15216      5.15216
     -1.89000      5.05507      5.05507
     -1.88000      4.56851      4.56851
     -1.87000      4.06349      4.06349
     -1.86000      4.11082      4.11082
     -1.85000      4.60239      4.60239
     -1.84000      4.92903      4.92903
     -1.83000      5.39141      5.39141
     -1.82000      6.29232      6.29232
     -1.81000      6.40484      6.40484
     -1.80000      5.84246      5.84246
     -1.79000      5.48840      5.48840
     -1.78000      5.04210      5.04210
     -1.77000      4.74814      4.74814
     -1.76000      5.00490      5.00490
     -1.75000      5.44990      5.44990
     -1.74000      6.33579      6.33579
     -1.73000      6.99681      6.99681
     -1.72000      6.10964      6.10964
     -1.71000      4.77399      4.77399
     -1.70000      4.04121      4.04121
     -1.69000      4.08153      4.08153
     -1.68000      4.45350      4.45350
     -1.67000      5.67340      5.67340
     -1.66000      7.49016      7.49016
     -1.65000      8.12968      8.12968
     -1.64000      7.65749      7.65749
     -1.63000      6.96946      6.96946
     -1.62000      6.51216      6.51216
     -1.61000      5.69928      5.69928
     -1.60000      5.11659      5.11659
     -1.59000      5.12364      5.12364
     -1.58000      4.92010      4.92010
     -1.57000      5.30740      5.30740
     -1.56000      6.51789      6.51789
     -1.55000      6.85101      6.85101
     -1.54000      6.45635      6.45635
     -1.53000      6.16997      6.16997
     -1.52000      5.88410      5.88410
     -1.51000      5.48996      5.48996
     -1.50000      5.13656      5.13656
     -1.49000      5.12602      5.12602
     -1.48000      4.83696      4.83696
     -1.47000      4.50395      4.50395
     -1.46000      4.92933      4.92933
     -1.45000      5.23181      5.23181
     -1.44000      5.14593      5.14593
     -1.43000      5.07171      5.07171
     -1.42000      4.95127      4.95127
     -1.41000      5.13750      5.13750
     -1.40000      5.52949      5.52949
     -1.39000      5.68893      5.68893
     -1.38000      5.77917      5.77917
     -1.37000      6.04287      6.04287
     -1.36000      6.08739      6.08739
     -1.35000      5.76593      5.76593
     -1.34000      5.55765      5.55765
     -1.33000      5.85381      5.85381
     -1.32000      6.07035      6.07035
     -1.31000      5.82612      5.82612
     -1.30000      5.45643      5.45643
     -1.29000      5.26834      5.26834
     -1.28000      5.63249      5.63249
     -1.27000      6.09702      6.09702
     -1.26000      5.77572      5.77572
     -1.25000      5.28492      5.28492
     -1.24000      5.42017      5.42017
     -1.23000      5.41005      5.41005
     -1.22000      5.57196      5.57196
     -1.21000      5.76962      5.76962
     -1.20000      5.60022      5.60022
     -1.19000      5.52025      5.52025
     -1.18000      5.87271      5.87271
     -1.17000      5.93512      5.93512
     -1.16000      5.40967      5.40967
     -1.15000      5.30939      5.30939
     -1.14000      5.54302      5.54302
     -1.13000      5.14650      5.14650
     -1.12000      4.71285      4.71285
     -1.11000      4.91498      4.91498
     -1.10000      4.54278      4.54278
     -1.09000      3.96605      3.96605
     -1.08000      4.07833      4.07833
     -1.07000      4.44799      4.44799
     -1.06000      5.51692      5.51692
     -1.05000      6.11571      6.11571
     -1.04000      5.82193      5.82193
     -1.03000      5.37654      5.37654
     -1.02000      4.50578      4.50578
     -1.01000      4.22640      4.22640
     -1.00000      4.92851      4.92851
     -0.99000      5.28742      5.28742
     -0.98000      4.68083      4.68083
     -0.97000      4.05586      4.05586
     -0.96000      4.31620      4.31620
     -0.95000      5.38461      5.38461
     -0.94000      6.07994      6.07994
     -0.93000      5.83740      5.83740
     -0.92000      4.75104      4.75104
     -0.91000      3.74767      3.74767
     -0.90000      3.90623      3.90623
     -0.89000      4.69369      4.69369
     -0.88000      5.18824      5.18824
     -0.87000      5.49086      5.49086
     -0.86000      5.91290      5.91290
     -0.85000      5.67272      5.67272
     -0.84000      4.89538      4.89538
     -0.83000      4.04656      4.04656
     -0.82000      3.78263      3.78263
     -0.81000      3.77690      3.77690
     -0.80000      3.62557      3.62557
     -0.79000      3.74755      3.74755
     -0.78000      4.26009      4.26009
     -0.77000      4.97601      4.97601
     -0.76000      4.99013      4.99013
     -0.75000      4.66028      4.66028
     -0.74000      4.19021      4.19021
     -0.73000      3.65980      3.65980
     -0.72000      3.67950      3.67950
     -0.71000      4.06379      4.06379
     -0.70000      4.54019      4.54019
     -0.69000      4.26982      4.26982
     -0.68000      3.39727      3.39727
     -0.67000      3.34180      3.34180
     -0.66000      3.48321      3.48321
     -0.65000      3.07683      3.07683
     -0.64000      2.87451      2.87451
     -0.63000      3.11945      3.11945
     -0.62000      2.91597      2.91597
     -0.61000      2.72686      2.72686
     -0.60000      3.09430      3.09430
     -0.59000      3.08049      3.08049
     -0.58000      2.76391      2.76391
     -0.57000      2.74403      2.74403
     -0.56000      3.06764      3.06764
     -0.55000      3.25982      3.25982
     -0.54000      3.08791      3.08791
     -0.53000      3.14892      3.14892
     -0.52000      2.65635      2.65635
     -0.51000      1.87375      1.87375
     -0.50000      2.03242      2.03242
     -0.49000      2.48000      2.48000
     -0.48000      2.49538      2.49538
     -0.47000      2.54574      2.54574
     -0.46000      2.95287      2.95287
     -0.45000      3.37317      3.37317
     -0.44000      3.50503      3.50503
     -0.43000      2.95965      2.95965
     -0.42000      2.24799      2.24799
     -0.41000      1.82771      1.82771
     -0.40000      1.70423      1.70423
     -0.39000      1.63569      1.63569
     -0.38000      1.97649      1.97649
     -0.37000      2.31336      2.31336
     -0.36000      2.11049      2.11049
     -0.35000      2.00024      2.00024
     -0.34000      2.01903      2.01903
     -0.33000      2.11105      2.11105
     -0.32000      2.06046      2.06046
     -0.31000      1.87651      1.87651
     -0.30000      1.62812      1.62812
     -0.29000      1.79382      1.79382
     -0.28000      2.21059      2.21059
     -0.27000      2.08714      2.08714
     -0.26000      1.54135      1.54135
     -0.25000      1.18837      1.18837
     -0.24000      1.30572      1.30572
     -0.23000      1.43086      1.43086
     -0.22000      1.52941      1.52941
     -0.21000      1.62888      1.62888
     -0.20000      1.25415      1.25415
     -0.19000      0.75999      0.75999
     -0.18000      0.98732      0.98732
     -0.17000      1.48768      1.48768
     -0.16000      1.43688      1.43688
     -0.15000      1.08050      1.08050
     -0.14000      1.26922      1.26922
     -0.13000      1.56029      1.56029
     -0.12000      1.17865      1.17865
     -0.11000      0.78017      0.78017
     -0.10000      0.58494      0.58494
     -0.09000      0.53150      0.53150
     -0.08000      0.72292      0.72292
     -0.07000      0.78510      0.78510
     -0.06000      0.67632      0.67632
     -0.05000      0.83115      0.83115
     -0.04000      1.18188      1.18188
     -0.03000      1.39210      1.39210
     -0.02000      1.39127      1.39127
     -0.01000      1.26235      1.26235
      0.00000      0.97182      0.97182
      0.01000      0.50613      0.50613
      0.02000      0.25827      0.25827
      0.03000      0.34277      0.34277
      0.04000      0.65178      0.65178
      0.05000      0.99266      0.99266
      0.06000      0.97894      0.97894
      0.07000      0.82100      0.82100
      0.08000      0.99487      0.99487
      0.09000      1.13222      1.13222
      0.10000      0.82205      0.82205
      0.11000      0.50602      0.50602
      0.12000      0.38044      0.38044
      0.13000      0.45597      0.45597
      0.14000      0.50990      0.50990
      0.15000      0.46999      0.46999
      0.16000      0.72099      0.72099
      0.17000      1.24747      1.24747
      0.18000      1.39038      1.39038
      0.19000      1.42868      1.42868
      0.20000      1.53318      1.53318
      0.21000      1.43557      1.43557
      0.22000      1.42225      1.42225
      0.23000      1.49974      1.49974
      0.24000      1.25019      1.25019
      0.25000      1.06531      1.06531
      0.26000      1.21814      1.21814
      0.27000      1.31041      1.31041
      0.28000      1.19616      1.19616
      0.29000      1.20253      1.20253
      0.30000      1.47159      1.47159
      0.31000      1.59851      1.59851
      0.32000      1.82228      1.82228
      0.33000      2.28835      2.28835
      0.34000      2.27706      2.27706
      0.35000      1.83689      1.83689
      0.36000      1.57978      1.57978
      0.37000      1.58859      1.58859
      0.38000      1.87354      1.87354
      0.39000      2.23574      2.23574
      0.40000      2.38667      2.38667
      0.41000      2.06165      2.06165
      0.42000      1.59438      1.59438
      0.43000      1.72895      1.72895
      0.44000      2.61349      2.61349
      0.45000      3.61191      3.61191
      0.46000      4.44104      4.44104
      0.47000      4.66326      4.66326
      0.48000      3.88280      3.88280
      0.49000      3.29949      3.29949
      0.50000      3.62969      3.62969
      0.51000      4.34456      4.34456
      0.52000      4.65264      4.65264
      0.53000      4.74171      4.74171
      0.54000      4.66860      4.66860
      0.55000      4.62582      4.62582
      0.56000      4.96976      4.96976
      0.57000      5.19029      5.19029
      0.58000      5.05941      5.05941
      0.59000      4.77825      4.77825
      0.60000      4.74259      4.74259
      0.61000      4.93156      4.93156
      0.62000      4.87411      4.87411
      0.63000      4.29425      4.29425
      0.64000      3.93818      3.93818
      0.65000      4.63212      4.63212
      0.66000      5.73886      5.73886
      0.67000      6.69672      6.69672
      0.68000      6.89870      6.89870
      0.69000      6.33256      6.33256
      0.70000      5.56102      5.56102
      0.71000      4.98017      4.98017
      0.72000      4.69155      4.69155
      0.73000      5.04612      5.04612
      0.74000      5.67245      5.67245
      0.75000      5.70667      5.70667
      0.76000      5.14444      5.14444
      0.77000      4.40942      4.40942
      0.78000      3.76415      3.76415
      0.79000      3.32198      3.32198
      0.80000      3.08792      3.08792
      0.81000      3.72358      3.72358
      0.82000      4.45151      4.45151
      0.83000      4.00545      4.00545
      0.84000      3.40109      3.40109
      0.85000      3.62899      3.62899
      0.86000      4.53588      4.53588
      0.87000      4.94323      4.94323
      0.88000      4.24977      4.24977
      0.89000      3.85931      3.85931
      0.90000      3.99993      3.99993
      0.91000      3.76916      3.76916
      0.92000      3.37062      3.37062
      0.93000      3.17116      3.17116
      0.94000      3.14517      3.14517
      0.95000      3.20457      3.20457
      0.96000      3.46430      3.46430
      0.97000      3.51985      3.51985
      0.98000      3.42966      3.42966
      0.99000      3.75379      3.75379
      1.00000      4.13360      4.13360
      1.01000      4.50951      4.50951
      1.02000      4.83542      4.83542
      1.03000      4.48370      4.48370
      1.04000      4.69872      4.69872
      1.05000      5.38797      5.38797
      1.06000      5.57615      5.57615
      1.07000      5.58754      5.58754
      1.08000      4.93096      4.93096
      1.09000      3.82679      3.82679
      1.10000      3.17553      3.17553
      1.11000      2.97291      2.97291
      1.12000      2.82859      2.82859
      1.13000      2.99600      2.99600
      1.14000      3.37368      3.37368
      1.15000      3.49718      3.49718
      1.16000      3.26019      3.26019
      1.17000      3.20674      3.20674
      1.18000      3.59893      3.59893
      1.19000      4.30849      4.30849
      1.20000      4.25966      4.25966
      1.21000      3.60628      3.60628
      1.22000      3.99126      3.99126
      1.23000      4.83171      4.83171
      1.24000      4.90447      4.90447
      1.25000      4.60105      4.60105
      1.26000      4.40884      4.40884
      1.27000      4.81950      4.81950
      1.28000      5.52683      5.52683
      1.29000      5.72961      5.72961
      1.30000      5.01961      5.01961
      1.31000      4.09849      4.09849
      1.32000      4.05500      4.05500
      1.33000      4.12545      4.12545
      1.34000      4.10463      4.10463
      1.35000      4.26983      4.26983
      1.36000      3.74420      3.74420
      1.37000      3.00880      3.00880
      1.38000      3.24030      3.24030
      1.39000      4.11415      4.11415
      1.40000      4.10280      4.10280
      1.41000      3.07446      3.07446
      1.42000      2.27401      2.27401
      1.43000      2.25489      2.25489
      1.44000      3.13298      3.13298
      1.45000      4.06787      4.06787
      1.46000      4.13572      4.13572
      1.47000      3.28511      3.28511
      1.48000      2.55955      2.55955
      1.49000      2.86852      2.86852
      1.50000      3.43929      3.43929
      1.51000      3.61909      3.61909
      1.52000      3.56429      3.56429
      1.53000      3.69558      3.69558
      1.54000      4.23484      4.23484
      1.55000      4.66863      4.66863
      1.56000      4.26032      4.26032
      1.57000      3.80320      3.80320
      1.58000      4.50995      4.50995
      1.59000      4.74376      4.74376
      1.60000      3.72503      3.72503
      1.61000      2.83643      2.83643
      1.62000      2.53666      2.53666
      1.63000      2.68250      2.68250
      1.64000      3.08375      3.08375
      1.65000      3.54910      3.54910
      1.66000      3.76583      3.76583
      1.67000      3.76931      3.76931
      1.68000      3.78053      3.78053
      1.69000      3.76418      3.76418
      1.70000      3.46319      3.46319
      1.71000      3.46864      3.46864
      1.72000      3.72810      3.72810
      1.73000      3.88185      3.88185
      1.74000      4.28868      4.28868
      1.75000      4.75222      4.75222
      1.76000      4.71734      4.71734
      1.77000      3.71346      3.71346
      1.78000      2.81880      2.81880
      1.79000      2.78241      2.78241
      1.80000      2.78652      2.78652
      1.81000      2.97727      2.97727
      1.82000      3.74778      3.74778
      1.83000      4.35563      4.35563
      1.84000      4.34099      4.34099
      1.85000      3.98975      3.98975
      1.86000      3.66858      3.66858
      1.87000      3.31169      3.31169
      1.88000      3.60386      3.60386
      1.89000      4.06554      4.06554
      1.90000      3.39178      3.39178
      1.91000      2.77686      2.77686
      1.92000      3.05328      3.05328
      1.93000      3.50434      3.50434
      1.94000      3.63103      3.63103
      1.95000      3.38978      3.38978
      1.96000      3.35527      3.35527
      1.97000      3.35567      3.35567
      1.98000      3.58985      3.58985
      1.99000      3.61466      3.61466
      2.00000      3.16961      3.16961
      2.01000      2.75987      2.75987
      2.02000      2.77650      2.77650
      2.03000      3.09176      3.09176
      2.04000      3.06791      3.06791
      2.05000      2.94855      2.94855
      2.06000      3.26383      3.26383
      2.07000      4.28838      4.28838
      2.08000      5.31428      5.31428
      2.09000      5.15708      5.15708
      2.10000      4.00789      4.00789
      2.11000      2.98709      2.98709
      2.12000      2.90311      2.90311
      2.13000      3.59324      3.59324
      2.14000      4.63136      4.63136
      2.15000      5.48537      5.48537
      2.16000      5.40249      5.40249
      2.17000      4.82980      4.82980
      2.18000      5.02203      5.02203
      2.19000      5.48926      5.48926
      2.20000      5.87294      5.87294
      2.21000      6.14709      6.14709
      2.22000      5.75553      5.75553
      2.23000      4.74168      4.74168
      2.24000      3.92271      3.92271
      2.25000      3.53104      3.53104
      2.26000      3.50733      3.50733
      2.27000      3.76255      3.76255
      2.28000      4.04700      4.04700
      2.29000      3.98986      3.98986
      2.30000      3.46355      3.46355
      2.31000      3.59327      3.59327
      2.32000      4.45807      4.45807
      2.33000      5.13104      5.13104
      2.34000      5.59012      5.59012
      2.35000      5.41698      5.41698
      2.36000      4.55071      4.55071
      2.37000      3.69515      3.69515
      2.38000      3.43317      3.43317
      2.39000      3.71754      3.71754
      2.40000      4.37055      4.37055
      2.41000      5.00813      5.00813
      2.42000      4.87094      4.87094
      2.43000      4.61989      4.61989
      2.44000      4.60229      4.60229
      2.45000      4.64223      4.64223
      2.46000      4.98427      4.98427
      2.47000      5.58064      5.58064
      2.48000      6.04700      6.04700
      2.49000      5.64351      5.64351
      2.50000      4.97394      4.97394
      2.51000      5.10894      5.10894
      2.52000      5.81791      5.81791
      2.53000      6.49481      6.49481
      2.54000      6.96845      6.96845
      2.55000      6.83913      6.83913
      2.56000      6.81297      6.81297
      2.57000      6.89110      6.89110
      2.58000      6.44690      6.44690
      2.59000      6.50799      6.50799
      2.60000      6.45227      6.45227
      2.61000      6.41816      6.41816
      2.62000      6.30062      6.30062
      2.63000      6.04166      6.04166
      2.64000      6.18892      6.18892
      2.65000      5.95930      5.95930
      2.66000      5.75523      5.75523
      2.67000      5.57245      5.57245
      2.68000      4.86575      4.86575
      2.69000      3.92672      3.92672
      2.70000      3.35123      3.35123
      2.71000      3.43186      3.43186
      2.72000      4.14785      4.14785
      2.73000      5.00238      5.00238
      2.74000      5.24771      5.24771
      2.75000      4.88994      4.88994
      2.76000      4.60987      4.60987
      2.77000      4.84597      4.84597
      2.78000      5.47443      5.47443
      2.79000      5.85732      5.85732
      2.80000      5.16472      5.16472
      2.81000      4.46399      4.46399
      2.82000      4.80825      4.80825
      2.83000      4.60724      4.60724
      2.84000      3.46669      3.46669
      2.85000      2.72599      2.72599
      2.86000      2.54448      2.54448
      2.87000      2.82910      2.82910
      2.88000      3.28310      3.28310
      2.89000      3.18576      3.18576
      2.90000      3.31776      3.31776
      2.91000      4.05175      4.05175
      2.92000      3.86156      3.86156
      2.93000      3.41090      3.41090
      2.94000      3.60403      3.60403
      2.95000      3.43053      3.43053
      2.96000      2.98910      2.98910
      2.97000      2.87736      2.87736
      2.98000      3.20250      3.20250
      2.99000      3.31408      3.31408
      3.00000      3.27765      3.27765
      3.01000      4.09278      4.09278
      3.02000      4.98007      4.98007
      3.03000      4.60716      4.60716
      3.04000      3.82273      3.82273
      3.05000      3.47751      3.47751
      3.06000      3.35072      3.35072
      3.07000      3.25524      3.25524
      3.08000      3.41024      3.41024
      3.09000      3.81116      3.81116
      3.10000      4.43048      4.43048
      3.11000      4.79585      4.79585
      3.12000      4.44793      4.44793
      3.13000      4.07033      4.07033
      3.14000      4.26469      4.26469
      3.15000      4.21068      4.21068
      3.16000      3.92191      3.92191
      3.17000      3.88164      3.88164
      3.18000      3.86008      3.86008
      3.19000      3.61063      3.61063
      3.20000      3.20364      3.20364
      3.21000      2.80793      2.80793
      3.22000      2.86470      2.86470
      3.23000      3.35795      3.35795
      3.24000      4.18409      4.18409
      3.25000      4.39777      4.39777
      3.26000      3.68561      3.68561
      3.27000      3.60107      3.60107
      3.28000      4.32116      4.32116
      3.29000      4.37309      4.37309
      3.30000      3.89729      3.89729
      3.31000      3.92112      3.92112
      3.32000      4.47292      4.47292
      3.33000      4.76867      4.76867
      3.34000      4.31423      4.31423
      3.35000      3.78818      3.78818
      3.36000      4.13976      4.13976
      3.37000      4.71955      4.71955
      3.38000      4.45960      4.45960
      3.39000      3.49750      3.49750
      3.40000      3.03064      3.03064
      3.41000      3.45963      3.45963
      3.42000      3.91243      3.91243
      3.43000      4.51615      4.51615
      3.44000      5.18836      5.18836
      3.45000      5.60115      5.60115
      3.46000      5.93046      5.93046
      3.47000      6.00111      6.00111
      3.48000      6.10032      6.10032
      3.49000      5.63611      5.63611
      3.50000      5.13679      5.13679
      3.51000      4.87754      4.87754
      3.52000      4.28100      4.28100
      3.53000      4.02371      4.02371
      3.54000      4.42427      4.42427
      3.55000      5.31879      5.31879
      3.56000      5.33599      5.33599
      3.57000      4.49864      4.49864
      3.58000      4.05127      4.05127
      3.59000      4.08325      4.08325
      3.60000      3.65207      3.65207
      3.61000      3.46978      3.46978
      3.62000      3.92353      3.92353
      3.63000      4.41471      4.41471
      3.64000      4.73535      4.73535
      3.65000      4.80160      4.80160
      3.66000      4.52870      4.52870
      3.67000      4.31336      4.31336
      3.68000      4.54613      4.54613
      3.69000      4.34782      4.34782
      3.70000      3.72121      3.72121
      3.71000      3.64514      3.64514
      3.72000      3.59386      3.59386
      3.73000      3.36960      3.36960
      3.74000      3.28420      3.28420
      3.75000      3.60091      3.60091
      3.76000      3.65061      3.65061
      3.77000      3.02522      3.02522
      3.78000      2.43076      2.43076
      3.79000      2.45706      2.45706
      3.80000      3.04390      3.04390
      3.81000      3.80378      3.80378
      3.82000      4.47774      4.47774
      3.83000      4.65391      4.65391
      3.84000      4.62244      4.62244
      3.85000      4.24066      4.24066
      3.86000      3.94471      3.94471
      3.87000      4.16274      4.16274
      3.88000      3.96650      3.96650
      3.89000      3.15352      3.15352
      3.90000      2.86211      2.86211
      3.91000      3.20217      3.20217
      3.92000      3.52649      3.52649
      3.93000      3.33825      3.33825
      3.94000      2.83895      2.83895
      3.95000      2.28874      2.28874
      3.96000      1.83016      1.83016
      3.97000      1.55055      1.55055
      3.98000      1.22047      1.22047
      3.99000      1.38797      1.38797
      4.00000      2.16777      2.16777
      4.01000      3.10830      3.10830
      4.02000      3.62082      3.62082
      4.03000      3.28781      3.28781
      4.04000      2.61267      2.61267
      4.05000      2.61457      2.61457
      4.06000      3.18859      3.18859
      4.07000      3.14022      3.14022
      4.08000      2.67571      2.67571
      4.09000      2.43428      2.43428
      4.10000      2.78613      2.78613
      4.11000      3.24945      3.24945
      4.12000      2.77388      2.77388
      4.13000      1.93812      1.93812
      4.14000      1.86846      1.86846
      4.15000      2.32924      2.32924
      4.16000      2.30502      2.30502
      4.17000      2.04170      2.04170
      4.18000      1.96684      1.96684
      4.19000      2.13120      2.13120
      4.20000      2.31645      2.31645
      4.21000      2.51476      2.51476
      4.22000      2.78819      2.78819
      4.23000      2.90965      2.90965
      4.24000      2.94507      2.94507
      4.25000      3.18367      3.18367
      4.26000      3.46329      3.46329
      4.27000      3.78555      3.78555
      4.28000      3.54507      3.54507
      4.29000      2.51335      2.51335
      4.30000      1.94017      1.94017
      4.31000      2.07593      2.07593
      4.32000      2.34408      2.34408
      4.33000      2.25095      2.25095
      4.34000      1.79715      1.79715
      4.35000      1.76544      1.76544
      4.36000      2.42895      2.42895
      4.37000      3.10669      3.10669
      4.38000      2.93457      2.93457
      4.39000      2.57629      2.57629
      4.40000      2.82974      2.82974
      4.41000      3.43070      3.43070
      4.42000      3.98880      3.98880
      4.43000      4.34954      4.34954
      4.44000      4.11010      4.11010
      4.45000      3.80909      3.80909
      4.46000      4.11854      4.11854
      4.47000      4.21564      4.21564
      4.48000      3.99310      3.99310
      4.49000      4.07744      4.07744
      4.50000      4.84846      4.84846
      4.51000      5.42141      5.42141
      4.52000      5.20808      5.20808
      4.53000      4.47380      4.47380
      4.54000      4.00176      4.00176
      4.55000      4.67478      4.67478
      4.56000      5.30371      5.30371
      4.57000      5.37397      5.37397
      4.58000      5.19484      5.19484
      4.59000      4.74417      4.74417
      4.60000      5.13620      5.13620
      4.61000      5.84216      5.84216
      4.62000      5.67709      5.67709
      4.63000      5.65298      5.65298
      4.64000      6.06213      6.06213
      4.65000      5.79853      5.79853
      4.66000      5.05828      5.05828
      4.67000      5.01194      5.01194
      4.68000      5.56480      5.56480
      4.69000      6.21261      6.21261
      4.70000      6.86993      6.86993
      4.71000      6.77628      6.77628
      4.72000      5.89069      5.89069
      4.73000      4.98138      4.98138
      4.74000      4.72299      4.72299
      4.75000      5.34146      5.34146
      4.76000      5.69354      5.69354
      4.77000      5.21130      5.21130
