Energy-E_F (eV)    DOS (1/eV)    PDOS (1/eV)  of atom type Bi 
     -4.69110      0.00000      0.00000
     -4.68110      0.00000      0.00000
     -4.67110      0.00000      0.00000
     -4.66110      0.00000      0.00000
     -4.65110      0.00000      0.00000
     -4.64110      0.00000      0.00000
     -4.63110      0.00000      0.00000
     -4.62110      0.00000      0.00000
     -4.61110      0.00000      0.00000
     -4.60110      0.00000      0.00000
     -4.59110      0.00000      0.00000
     -4.58110      0.00000      0.00000
     -4.57110      0.00000      0.00000
     -4.56110      0.00000      0.00000
     -4.55110      0.00000      0.00000
     -4.54110      0.00000      0.00000
     -4.53110      0.00000      0.00000
     -4.52110      0.00000      0.00000
     -4.51110      0.00000      0.00000
     -4.50110      0.00000      0.00000
     -4.49110      0.00000      0.00000
     -4.48110      0.00000      0.00000
     -4.47110      0.00000      0.00000
     -4.46110      0.00000      0.00000
     -4.45110      0.00000      0.00000
     -4.44110      0.00000      0.00000
     -4.43110      0.00000      0.00000
     -4.42110      0.00000      0.00000
     -4.41110      0.00000      0.00000
     -4.40110      0.00000      0.00000
     -4.39110      0.00000      0.00000
     -4.38110      0.00000      0.00000
     -4.37110      0.00000      0.00000
     -4.36110      0.00000      0.00000
     -4.35110      0.00000      0.00000
     -4.34110      0.00000      0.00000
     -4.33110      0.00000      0.00000
     -4.32110      0.00000      0.00000
     -4.31110      0.00000      0.00000
     -4.30110      0.00000      0.00000
     -4.29110      0.00000      0.00000
     -4.28110      0.00000      0.00000
     -4.27110      0.00007      0.00000
     -4.26110      0.00350      0.00000
     -4.25110      0.06360      0.00000
     -4.24110      0.45870      0.00000
     -4.23110      1.45199      0.00000
     -4.22110      2.47492      0.00000
     -4.21110      2.89064      0.00000
     -4.20110      2.72029      0.00000
     -4.19110      2.50489      0.00000
     -4.18110      2.19627      0.00000
     -4.17110      2.09285      0.00000
     -4.16110      3.22407      0.00000
     -4.15110      4.24445      0.00000
     -4.14110      4.03483      0.00000
     -4.13110      3.74367      0.00000
     -4.12110      3.41308      0.00000
     -4.11110      3.00047      0.00000
     -4.10110      2.87496      0.00000
     -4.09110      3.57640      0.00000
     -4.08110      4.52894      0.00000
     -4.07110      4.41610      0.00000
     -4.06110      3.67677      0.00000
     -4.05110      3.18792      0.00000
     -4.04110      3.09046      0.00000
     -4.03110      3.20340      0.00000
     -4.02110      3.38112      0.00000
     -4.01110      3.82884      0.00000
     -4.00110      4.70419      0.00000
     -3.99110      4.95237      0.00000
     -3.98110      4.85942      0.00000
     -3.97110      4.37422      0.00000
     -3.96110      3.89000      0.00000
     -3.95110      4.32268      0.00000
     -3.94110      4.38791      0.00000
     -3.93110      3.92843      0.00000
     -3.92110      3.99737      0.00000
     -3.91110      5.05891      0.00000
     -3.90110      5.84844      0.00000
     -3.89110      5.69610      0.00000
     -3.88110      5.76475      0.00000
     -3.87110      6.14555      0.00000
     -3.86110      5.34403      0.00000
     -3.85110      4.40090      0.00000
     -3.84110      5.09419      0.00000
     -3.83110      6.45105      0.00000
     -3.82110      6.80497      0.00000
     -3.81110      6.53461      0.00000
     -3.80110      5.99803      0.00000
     -3.79110      5.21861      0.00000
     -3.78110      4.90012      0.00000
     -3.77110      5.94403      0.00000
     -3.76110      6.98612      0.00000
     -3.75110      6.27748      0.00000
     -3.74110      5.55960      0.00000
     -3.73110      6.62495      0.00000
     -3.72110      7.56082      0.00000
     -3.71110      7.09708      0.00000
     -3.70110      5.50174      0.00000
     -3.69110      4.43517      0.00000
     -3.68110      4.48677      0.00000
     -3.67110      3.52161      0.00000
     -3.66110      3.01184      0.00000
     -3.65110      4.49558      0.00000
     -3.64110      5.69023      0.00000
     -3.63110      5.76256      0.00000
     -3.62110      5.91998      0.00000
     -3.61110      6.30983      0.00000
     -3.60110      6.75480      0.00000
     -3.59110      6.23111      0.00000
     -3.58110      5.29513      0.00000
     -3.57110      4.67244      0.00000
     -3.56110      5.28929      0.00000
     -3.55110      6.43280      0.00000
     -3.54110      5.96189      0.00000
     -3.53110      4.89366      0.00000
     -3.52110      4.13999      0.00000
     -3.51110      3.90076      0.00000
     -3.50110      4.59196      0.00000
     -3.49110      5.46511      0.00000
     -3.48110      5.61236      0.00000
     -3.47110      5.30623      0.00000
     -3.46110      5.07385      0.00000
     -3.45110      5.25831      0.00000
     -3.44110      6.41984      0.00000
     -3.43110      7.77708      0.00000
     -3.42110      7.64086      0.00000
     -3.41110      7.04866      0.00000
     -3.40110      6.93173      0.00000
     -3.39110      6.20396      0.00000
     -3.38110      5.27329      0.00000
     -3.37110      5.29796      0.00000
     -3.36110      6.24424      0.00000
     -3.35110      7.17249      0.00000
     -3.34110      6.99544      0.00000
     -3.33110      5.84034      0.00000
     -3.32110      5.13465      0.00000
     -3.31110      5.49988      0.00000
     -3.30110      6.02890      0.00000
     -3.29110      6.20100      0.00000
     -3.28110      5.95110      0.00000
     -3.27110      6.30802      0.00000
     -3.26110      7.71200      0.00000
     -3.25110      9.45341      0.00000
     -3.24110      9.37346      0.00000
     -3.23110      8.29485      0.00000
     -3.22110      6.86727      0.00000
     -3.21110      5.30630      0.00000
     -3.20110      4.88562      0.00000
     -3.19110      4.71177      0.00000
     -3.18110      4.95745      0.00000
     -3.17110      6.37270      0.00000
     -3.16110      8.33772      0.00000
     -3.15110      8.48599      0.00000
     -3.14110      7.34941      0.00000
     -3.13110      6.89612      0.00000
     -3.12110      7.02183      0.00000
     -3.11110      6.94219      0.00000
     -3.10110      6.12095      0.00000
     -3.09110      5.66244      0.00000
     -3.08110      6.49899      0.00000
     -3.07110      7.84872      0.00000
     -3.06110      9.29446      0.00000
     -3.05110     10.25917      0.00000
     -3.04110      9.31447      0.00000
     -3.03110      7.21809      0.00000
     -3.02110      6.15079      0.00000
     -3.01110      6.88091      0.00000
     -3.00110      8.50496      0.00000
     -2.99110      9.38200      0.00000
     -2.98110      9.35787      0.00000
     -2.97110      9.15817      0.00000
     -2.96110      7.35197      0.00000
     -2.95110      5.30886      0.00000
     -2.94110      5.57025      0.00000
     -2.93110      8.12188      0.00000
     -2.92110     11.25908      0.00000
     -2.91110     12.85496      0.00000
     -2.90110     11.27300      0.00000
     -2.89110      8.39311      0.00000
     -2.88110      8.67390      0.00000
     -2.87110     10.58871      0.00000
     -2.86110     11.08342      0.00000
     -2.85110     10.86915      0.00000
     -2.84110     11.16211      0.00000
     -2.83110     12.68134      0.00000
     -2.82110     13.21407      0.00000
     -2.81110     11.41122      0.00000
     -2.80110     10.35297      0.00000
     -2.79110     11.37492      0.00000
     -2.78110     13.20013      0.00000
     -2.77110     14.78938      0.00000
     -2.76110     14.48829      0.00000
     -2.75110     12.89399      0.00000
     -2.74110     11.73299      0.00000
     -2.73110     11.34368      0.00000
     -2.72110     11.68866      0.00000
     -2.71110     12.65200      0.00000
     -2.70110     12.24912      0.00000
     -2.69110     10.54695      0.00000
     -2.68110      9.27578      0.00000
     -2.67110      9.04926      0.00000
     -2.66110      9.55273      0.00000
     -2.65110     10.54976      0.00000
     -2.64110     10.79657      0.00000
     -2.63110      9.71141      0.00000
     -2.62110      9.73171      0.00000
     -2.61110     10.29066      0.00000
     -2.60110      9.61275      0.00000
     -2.59110      9.48383      0.00000
     -2.58110     10.63835      0.00000
     -2.57110     10.92597      0.00000
     -2.56110     11.11105      0.00000
     -2.55110     11.52843      0.00000
     -2.54110     11.32162      0.00000
     -2.53110     10.82527      0.00000
     -2.52110     10.93475      0.00000
     -2.51110     10.98188      0.00000
     -2.50110     10.97737      0.00000
     -2.49110     11.14744      0.00000
     -2.48110     10.25406      0.00000
     -2.47110      9.13244      0.00000
     -2.46110     10.02593      0.00000
     -2.45110     10.98055      0.00000
     -2.44110     10.50255      0.00000
     -2.43110      9.92204      0.00000
     -2.42110     10.76696      0.00000
     -2.41110     11.76730      0.00000
     -2.40110     10.68069      0.00000
     -2.39110      9.03417      0.00000
     -2.38110      9.01568      0.00000
     -2.37110      9.46383      0.00000
     -2.36110      9.08316      0.00000
     -2.35110      9.21875      0.00000
     -2.34110      9.58480      0.00000
     -2.33110      9.02191      0.00000
     -2.32110      8.37008      0.00000
     -2.31110      7.68486      0.00000
     -2.30110      6.99219      0.00000
     -2.29110      7.75205      0.00000
     -2.28110      9.04164      0.00000
     -2.27110     10.12651      0.00000
     -2.26110     11.75562      0.00000
     -2.25110     12.28604      0.00000
     -2.24110     11.02434      0.00000
     -2.23110     10.16104      0.00000
     -2.22110     10.39935      0.00000
     -2.21110     10.46148      0.00000
     -2.20110     10.33522      0.00000
     -2.19110     10.14927      0.00000
     -2.18110      9.69521      0.00000
     -2.17110      9.60969      0.00000
     -2.16110     10.64837      0.00000
     -2.15110     11.35726      0.00000
     -2.14110     11.18252      0.00000
     -2.13110     12.39710      0.00000
     -2.12110     14.09562      0.00000
     -2.11110     13.24692      0.00000
     -2.10110     11.55674      0.00000
     -2.09110     11.40797      0.00000
     -2.08110     10.81958      0.00000
     -2.07110     10.39149      0.00000
     -2.06110     10.89208      0.00000
     -2.05110     10.42835      0.00000
     -2.04110     10.93124      0.00000
     -2.03110     12.51793      0.00000
     -2.02110     13.07195      0.00000
     -2.01110     12.45792      0.00000
     -2.00110     11.40163      0.00000
     -1.99110     11.24509      0.00000
     -1.98110     12.47863      0.00000
     -1.97110     13.64041      0.00000
     -1.96110     12.54301      0.00000
     -1.95110     10.08856      0.00000
     -1.94110      8.81537      0.00000
     -1.93110      8.52718      0.00000
     -1.92110      8.79499      0.00000
     -1.91110      9.27501      0.00000
     -1.90110     10.45043      0.00000
     -1.89110     12.88869      0.00000
     -1.88110     14.12321      0.00000
     -1.87110     12.99947      0.00000
     -1.86110     12.84268      0.00000
     -1.85110     13.18451      0.00000
     -1.84110     13.42623      0.00000
     -1.83110     14.32278      0.00000
     -1.82110     13.87363      0.00000
     -1.81110     11.46317      0.00000
     -1.80110     10.40641      0.00000
     -1.79110     10.81896      0.00000
     -1.78110     10.17561      0.00000
     -1.77110      9.81491      0.00000
     -1.76110     10.25459      0.00000
     -1.75110     11.83226      0.00000
     -1.74110     14.36201      0.00000
     -1.73110     15.69598      0.00000
     -1.72110     14.61393      0.00000
     -1.71110     13.30941      0.00000
     -1.70110     12.34255      0.00000
     -1.69110     11.58724      0.00000
     -1.68110     10.70104      0.00000
     -1.67110     10.03299      0.00000
     -1.66110     10.81742      0.00000
     -1.65110     11.65721      0.00000
     -1.64110     11.67561      0.00000
     -1.63110     11.28033      0.00000
     -1.62110      9.72322      0.00000
     -1.61110      8.44348      0.00000
     -1.60110      7.86143      0.00000
     -1.59110      6.76135      0.00000
     -1.58110      6.82449      0.00000
     -1.57110      8.41500      0.00000
     -1.56110      9.35499      0.00000
     -1.55110      9.50858      0.00000
     -1.54110      9.05458      0.00000
     -1.53110      8.62062      0.00000
     -1.52110      8.75921      0.00000
     -1.51110      8.29300      0.00000
     -1.50110      8.21869      0.00000
     -1.49110      9.43729      0.00000
     -1.48110     10.43508      0.00000
     -1.47110      9.53310      0.00000
     -1.46110      8.66634      0.00000
     -1.45110      9.89391      0.00000
     -1.44110     10.86437      0.00000
     -1.43110      9.84507      0.00000
     -1.42110      8.57739      0.00000
     -1.41110      7.95572      0.00000
     -1.40110      7.60952      0.00000
     -1.39110      8.33509      0.00000
     -1.38110      9.76765      0.00000
     -1.37110     10.16642      0.00000
     -1.36110      9.25305      0.00000
     -1.35110      8.73470      0.00000
     -1.34110      8.92988      0.00000
     -1.33110      9.38078      0.00000
     -1.32110     11.28832      0.00000
     -1.31110     12.62206      0.00000
     -1.30110     11.16285      0.00000
     -1.29110      9.31294      0.00000
     -1.28110     10.35922      0.00000
     -1.27110     12.29118      0.00000
     -1.26110     12.14836      0.00000
     -1.25110      9.83984      0.00000
     -1.24110      8.22804      0.00000
     -1.23110      9.09975      0.00000
     -1.22110      8.90491      0.00000
     -1.21110      7.83191      0.00000
     -1.20110      8.12996      0.00000
     -1.19110      8.41319      0.00000
     -1.18110      8.17215      0.00000
     -1.17110      8.14492      0.00000
     -1.16110      8.83024      0.00000
     -1.15110      9.35382      0.00000
     -1.14110      9.44505      0.00000
     -1.13110     10.18050      0.00000
     -1.12110     11.13652      0.00000
     -1.11110     11.31855      0.00000
     -1.10110     11.07392      0.00000
     -1.09110     11.14128      0.00000
     -1.08110     10.90614      0.00000
     -1.07110     10.74909      0.00000
     -1.06110     10.13710      0.00000
     -1.05110      9.14732      0.00000
     -1.04110      9.18084      0.00000
     -1.03110      9.74953      0.00000
     -1.02110      9.48286      0.00000
     -1.01110      8.72534      0.00000
     -1.00110      8.55095      0.00000
     -0.99110      9.26002      0.00000
     -0.98110     10.84113      0.00000
     -0.97110     11.26159      0.00000
     -0.96110     10.52519      0.00000
     -0.95110      9.41820      0.00000
     -0.94110      8.65397      0.00000
     -0.93110     10.44770      0.00000
     -0.92110     12.47108      0.00000
     -0.91110     12.47103      0.00000
     -0.90110     11.32899      0.00000
     -0.89110     10.27383      0.00000
     -0.88110     11.04409      0.00000
     -0.87110     13.01477      0.00000
     -0.86110     13.73143      0.00000
     -0.85110     13.24614      0.00000
     -0.84110     12.95092      0.00000
     -0.83110     12.55879      0.00000
     -0.82110     12.01431      0.00000
     -0.81110     11.95052      0.00000
     -0.80110     12.03425      0.00000
     -0.79110     12.47661      0.00000
     -0.78110     13.75885      0.00000
     -0.77110     13.96072      0.00000
     -0.76110     13.43323      0.00000
     -0.75110     11.93594      0.00000
     -0.74110      9.89571      0.00000
     -0.73110      8.73114      0.00000
     -0.72110      8.44251      0.00000
     -0.71110      8.81675      0.00000
     -0.70110      8.46370      0.00000
     -0.69110      7.88688      0.00000
     -0.68110      9.21953      0.00000
     -0.67110     10.70767      0.00000
     -0.66110      9.86069      0.00000
     -0.65110      8.78087      0.00000
     -0.64110      9.56873      0.00000
     -0.63110     10.02872      0.00000
     -0.62110      8.94531      0.00000
     -0.61110      9.04939      0.00000
     -0.60110     10.47569      0.00000
     -0.59110     10.52814      0.00000
     -0.58110      9.48730      0.00000
     -0.57110      8.66839      0.00000
     -0.56110      7.91001      0.00000
     -0.55110      8.16263      0.00000
     -0.54110      9.29109      0.00000
     -0.53110     10.84855      0.00000
     -0.52110     11.21828      0.00000
     -0.51110      9.86265      0.00000
     -0.50110      9.06396      0.00000
     -0.49110      8.96494      0.00000
     -0.48110      7.47866      0.00000
     -0.47110      6.98327      0.00000
     -0.46110      7.94674      0.00000
     -0.45110      8.53589      0.00000
     -0.44110      8.58033      0.00000
     -0.43110      8.31781      0.00000
     -0.42110      7.20034      0.00000
     -0.41110      6.03743      0.00000
     -0.40110      5.18868      0.00000
     -0.39110      5.02445      0.00000
     -0.38110      6.53372      0.00000
     -0.37110      7.31674      0.00000
     -0.36110      7.28886      0.00000
     -0.35110      7.56644      0.00000
     -0.34110      7.19213      0.00000
     -0.33110      7.38022      0.00000
     -0.32110      8.36586      0.00000
     -0.31110      8.50112      0.00000
     -0.30110      8.14078      0.00000
     -0.29110      7.66693      0.00000
     -0.28110      6.99029      0.00000
     -0.27110      6.34931      0.00000
     -0.26110      5.71774      0.00000
     -0.25110      4.99057      0.00000
     -0.24110      4.21054      0.00000
     -0.23110      4.42431      0.00000
     -0.22110      5.00261      0.00000
     -0.21110      5.70139      0.00000
     -0.20110      6.21972      0.00000
     -0.19110      5.35789      0.00000
     -0.18110      4.22584      0.00000
     -0.17110      4.29045      0.00000
     -0.16110      4.54728      0.00000
     -0.15110      4.78107      0.00000
     -0.14110      5.12615      0.00000
     -0.13110      4.75983      0.00000
     -0.12110      4.32513      0.00000
     -0.11110      5.52810      0.00000
     -0.10110      7.56810      0.00000
     -0.09110      8.17865      0.00000
     -0.08110      8.43054      0.00000
     -0.07110      8.92698      0.00000
     -0.06110      7.77061      0.00000
     -0.05110      5.08707      0.00000
     -0.04110      2.76751      0.00000
     -0.03110      1.53343      0.00000
     -0.02110      1.13660      0.00000
     -0.01110      0.93520      0.00000
     -0.00110      0.65359      0.00000
      0.00890      0.27640      0.00000
      0.01890      0.05244      0.00000
      0.02890      0.00441      0.00000
      0.03890      0.00820      0.00000
      0.04890      0.05982      0.00000
      0.05890      0.16286      0.00000
      0.06890      0.16312      0.00000
      0.07890      0.06011      0.00000
      0.08890      0.00841      0.00000
      0.09890      0.00757      0.00000
      0.10890      0.07136      0.00000
      0.11890      0.26379      0.00000
      0.12890      0.36186      0.00000
      0.13890      0.18421      0.00000
      0.14890      0.03543      0.00000
      0.15890      0.01377      0.00000
      0.16890      0.07525      0.00000
      0.17890      0.20118      0.00000
      0.18890      0.27035      0.00000
      0.19890      0.23287      0.00000
      0.20890      0.11047      0.00000
      0.21890      0.02214      0.00000
      0.22890      0.00173      0.00000
      0.23890      0.00170      0.00000
      0.24890      0.02159      0.00000
      0.25890      0.10424      0.00000
      0.26890      0.19047      0.00000
      0.27890      0.17229      0.00000
      0.28890      0.20097      0.00000
      0.29890      0.28954      0.00000
      0.30890      0.43252      0.00000
      0.31890      0.69068      0.00000
      0.32890      0.92721      0.00000
      0.33890      1.34790      0.00000
      0.34890      1.79529      0.00000
      0.35890      1.94200      0.00000
      0.36890      2.31500      0.00000
      0.37890      2.58534      0.00000
      0.38890      2.37082      0.00000
      0.39890      1.99035      0.00000
      0.40890      1.97703      0.00000
      0.41890      1.98624      0.00000
      0.42890      1.53841      0.00000
      0.43890      1.42381      0.00000
      0.44890      1.86961      0.00000
      0.45890      2.14489      0.00000
      0.46890      2.16862      0.00000
      0.47890      2.29001      0.00000
      0.48890      2.71995      0.00000
      0.49890      2.91035      0.00000
      0.50890      2.74678      0.00000
      0.51890      2.35846      0.00000
      0.52890      1.98986      0.00000
      0.53890      1.67569      0.00000
      0.54890      2.22171      0.00000
      0.55890      4.51886      0.00000
      0.56890      6.30676      0.00000
      0.57890      5.92067      0.00000
      0.58890      5.16266      0.00000
      0.59890      5.30807      0.00000
      0.60890      6.31727      0.00000
      0.61890      8.46602      0.00000
      0.62890     10.61552      0.00000
      0.63890     11.22547      0.00000
      0.64890     12.78157      0.00000
      0.65890     14.60785      0.00000
      0.66890     15.91444      0.00000
      0.67890     16.67068      0.00000
      0.68890     16.73625      0.00000
      0.69890     17.62332      0.00000
      0.70890     17.85001      0.00000
      0.71890     16.95753      0.00000
      0.72890     16.15610      0.00000
      0.73890     16.06680      0.00000
      0.74890     16.22523      0.00000
      0.75890     16.02625      0.00000
      0.76890     15.16261      0.00000
      0.77890     14.64131      0.00000
      0.78890     15.53356      0.00000
      0.79890     14.07647      0.00000
      0.80890     10.12298      0.00000
      0.81890      7.81844      0.00000
      0.82890      7.93240      0.00000
      0.83890      8.33997      0.00000
      0.84890      9.57890      0.00000
      0.85890     11.18599      0.00000
      0.86890     12.47254      0.00000
      0.87890     12.71446      0.00000
      0.88890     12.08016      0.00000
      0.89890     10.17545      0.00000
      0.90890      7.54243      0.00000
      0.91890      6.92945      0.00000
      0.92890      7.82087      0.00000
      0.93890      8.11469      0.00000
      0.94890      7.80849      0.00000
      0.95890      7.57453      0.00000
      0.96890      7.58458      0.00000
      0.97890      8.40184      0.00000
      0.98890      8.97531      0.00000
      0.99890      8.67523      0.00000
      1.00890      7.80052      0.00000
      1.01890      6.67140      0.00000
      1.02890      6.31903      0.00000
      1.03890      7.23884      0.00000
      1.04890      7.99420      0.00000
      1.05890      8.04240      0.00000
      1.06890      8.54868      0.00000
      1.07890      9.00964      0.00000
      1.08890      8.61650      0.00000
      1.09890      7.82978      0.00000
      1.10890      7.23776      0.00000
      1.11890      6.43480      0.00000
      1.12890      5.29711      0.00000
      1.13890      4.37377      0.00000
      1.14890      4.63782      0.00000
      1.15890      5.56944      0.00000
      1.16890      6.88819      0.00000
      1.17890      8.69615      0.00000
      1.18890      9.36290      0.00000
      1.19890      8.57279      0.00000
      1.20890      7.63123      0.00000
      1.21890      6.42936      0.00000
      1.22890      5.14206      0.00000
      1.23890      4.87798      0.00000
      1.24890      5.80296      0.00000
      1.25890      6.26302      0.00000
      1.26890      6.55976      0.00000
      1.27890      7.90343      0.00000
      1.28890      8.96421      0.00000
      1.29890      8.63363      0.00000
      1.30890      7.96757      0.00000
      1.31890      8.01535      0.00000
      1.32890      9.02869      0.00000
      1.33890     10.37729      0.00000
      1.34890     10.57779      0.00000
      1.35890      8.81364      0.00000
      1.36890      6.30262      0.00000
      1.37890      4.98936      0.00000
      1.38890      5.42653      0.00000
      1.39890      6.34766      0.00000
      1.40890      6.39205      0.00000
      1.41890      5.98562      0.00000
      1.42890      5.85622      0.00000
      1.43890      6.34066      0.00000
      1.44890      7.03346      0.00000
      1.45890      7.07326      0.00000
      1.46890      6.04363      0.00000
      1.47890      6.13184      0.00000
      1.48890      8.28621      0.00000
      1.49890      9.83005      0.00000
      1.50890      9.32830      0.00000
      1.51890      8.35081      0.00000
      1.52890      8.60152      0.00000
      1.53890      9.11597      0.00000
      1.54890      8.34406      0.00000
      1.55890      7.02709      0.00000
      1.56890      6.34930      0.00000
      1.57890      6.09543      0.00000
      1.58890      6.58680      0.00000
      1.59890      7.31222      0.00000
      1.60890      7.94843      0.00000
      1.61890      8.58765      0.00000
      1.62890      8.74550      0.00000
      1.63890      8.28870      0.00000
      1.64890      7.89545      0.00000
      1.65890      7.11245      0.00000
      1.66890      5.91640      0.00000
      1.67890      5.37847      0.00000
      1.68890      5.72973      0.00000
      1.69890      6.00993      0.00000
      1.70890      7.03089      0.00000
      1.71890      8.28073      0.00000
      1.72890      8.14526      0.00000
      1.73890      8.45905      0.00000
      1.74890      9.25449      0.00000
      1.75890      8.75466      0.00000
      1.76890      8.49830      0.00000
      1.77890      9.68015      0.00000
      1.78890      9.57075      0.00000
      1.79890      7.78789      0.00000
      1.80890      7.49862      0.00000
      1.81890      8.34098      0.00000
      1.82890      8.60023      0.00000
      1.83890      7.84148      0.00000
      1.84890      7.66591      0.00000
      1.85890      7.43540      0.00000
      1.86890      7.08158      0.00000
      1.87890      8.11199      0.00000
      1.88890     10.19528      0.00000
      1.89890     11.55403      0.00000
      1.90890     12.16792      0.00000
      1.91890     11.16873      0.00000
      1.92890      9.35469      0.00000
      1.93890      8.75033      0.00000
      1.94890      7.41661      0.00000
      1.95890      6.23416      0.00000
      1.96890      7.97444      0.00000
      1.97890      9.79672      0.00000
      1.98890      9.10465      0.00000
      1.99890      9.39750      0.00000
      2.00890     10.77530      0.00000
      2.01890      8.82588      0.00000
      2.02890      6.69318      0.00000
      2.03890      8.05271      0.00000
      2.04890     10.65503      0.00000
      2.05890     11.50897      0.00000
      2.06890     10.91772      0.00000
      2.07890      9.99209      0.00000
      2.08890      9.75707      0.00000
      2.09890     10.32783      0.00000
      2.10890     11.24683      0.00000
      2.11890     11.04586      0.00000
      2.12890      9.34774      0.00000
      2.13890      7.91079      0.00000
      2.14890      8.84638      0.00000
      2.15890     11.07555      0.00000
      2.16890     11.95496      0.00000
      2.17890     11.06449      0.00000
      2.18890     10.29694      0.00000
      2.19890      9.86678      0.00000
      2.20890      9.19971      0.00000
      2.21890      8.28933      0.00000
      2.22890      7.97484      0.00000
      2.23890      9.28061      0.00000
      2.24890     10.19731      0.00000
      2.25890      9.45334      0.00000
      2.26890      8.37526      0.00000
      2.27890      8.18348      0.00000
      2.28890      8.15181      0.00000
      2.29890      8.53607      0.00000
      2.30890      9.01437      0.00000
      2.31890      7.79358      0.00000
      2.32890      6.75766      0.00000
      2.33890      6.48876      0.00000
      2.34890      6.39946      0.00000
      2.35890      6.69643      0.00000
      2.36890      6.34303      0.00000
      2.37890      6.01101      0.00000
      2.38890      5.28602      0.00000
      2.39890      4.59957      0.00000
      2.40890      5.78443      0.00000
      2.41890      7.05791      0.00000
      2.42890      6.62554      0.00000
      2.43890      4.58067      0.00000
      2.44890      2.87247      0.00000
      2.45890      3.39665      0.00000
      2.46890      4.34604      0.00000
      2.47890      4.57479      0.00000
      2.48890      4.35975      0.00000
      2.49890      3.71682      0.00000
      2.50890      3.52758      0.00000
      2.51890      4.22717      0.00000
      2.52890      4.92748      0.00000
      2.53890      5.89709      0.00000
      2.54890      7.52449      0.00000
      2.55890      8.06310      0.00000
      2.56890      6.31600      0.00000
      2.57890      4.26084      0.00000
      2.58890      3.37919      0.00000
      2.59890      3.83495      0.00000
      2.60890      5.74933      0.00000
      2.61890      6.44561      0.00000
      2.62890      4.48318      0.00000
      2.63890      2.71109      0.00000
      2.64890      2.73023      0.00000
      2.65890      2.86429      0.00000
      2.66890      2.26355      0.00000
      2.67890      2.12081      0.00000
      2.68890      2.79920      0.00000
      2.69890      3.38025      0.00000
      2.70890      3.91559      0.00000
      2.71890      4.55599      0.00000
      2.72890      5.25449      0.00000
      2.73890      5.54650      0.00000
      2.74890      5.38660      0.00000
      2.75890      4.93927      0.00000
      2.76890      3.94253      0.00000
      2.77890      2.75012      0.00000
      2.78890      2.27246      0.00000
      2.79890      2.65606      0.00000
      2.80890      3.07405      0.00000
      2.81890      4.37374      0.00000
      2.82890      6.12965      0.00000
      2.83890      6.05885      0.00000
      2.84890      4.40918      0.00000
      2.85890      3.44445      0.00000
      2.86890      4.25581      0.00000
      2.87890      5.34290      0.00000
      2.88890      5.34541      0.00000
      2.89890      4.55480      0.00000
      2.90890      3.87401      0.00000
      2.91890      4.55752      0.00000
      2.92890      6.51190      0.00000
      2.93890      7.40042      0.00000
      2.94890      6.08217      0.00000
      2.95890      4.18539      0.00000
      2.96890      3.78548      0.00000
      2.97890      3.59230      0.00000
      2.98890      2.98388      0.00000
      2.99890      3.31154      0.00000
      3.00890      4.24677      0.00000
      3.01890      4.54434      0.00000
      3.02890      3.58424      0.00000
      3.03890      2.84405      0.00000
      3.04890      2.93123      0.00000
      3.05890      2.86463      0.00000
      3.06890      3.13428      0.00000
      3.07890      3.60162      0.00000
      3.08890      3.56122      0.00000
      3.09890      3.77177      0.00000
      3.10890      4.43405      0.00000
      3.11890      4.42633      0.00000
      3.12890      4.27074      0.00000
      3.13890      5.05755      0.00000
      3.14890      5.25306      0.00000
      3.15890      4.40382      0.00000
      3.16890      3.42379      0.00000
      3.17890      2.84489      0.00000
      3.18890      2.97339      0.00000
      3.19890      3.77933      0.00000
      3.20890      4.67460      0.00000
      3.21890      5.35283      0.00000
      3.22890      5.69364      0.00000
      3.23890      5.28617      0.00000
      3.24890      5.17290      0.00000
      3.25890      5.45591      0.00000
      3.26890      5.19439      0.00000
      3.27890      5.06039      0.00000
      3.28890      5.19595      0.00000
      3.29890      5.31112      0.00000
      3.30890      4.86982      0.00000
      3.31890      4.09649      0.00000
      3.32890      3.76712      0.00000
      3.33890      3.37188      0.00000
      3.34890      3.23372      0.00000
      3.35890      3.61320      0.00000
      3.36890      5.07608      0.00000
      3.37890      6.52634      0.00000
      3.38890      5.89683      0.00000
      3.39890      3.86371      0.00000
      3.40890      2.64987      0.00000
      3.41890      3.18910      0.00000
      3.42890      4.67296      0.00000
      3.43890      5.16777      0.00000
      3.44890      5.00257      0.00000
      3.45890      4.85623      0.00000
      3.46890      3.40642      0.00000
      3.47890      2.44088      0.00000
      3.48890      3.80045      0.00000
      3.49890      4.66393      0.00000
      3.50890      4.28534      0.00000
      3.51890      6.06837      0.00000
      3.52890      7.96425      0.00000
      3.53890      6.91366      0.00000
      3.54890      5.55160      0.00000
      3.55890      4.61165      0.00000
      3.56890      3.58996      0.00000
      3.57890      3.05896      0.00000
      3.58890      3.00192      0.00000
      3.59890      3.41281      0.00000
      3.60890      4.88502      0.00000
      3.61890      6.77603      0.00000
      3.62890      7.28484      0.00000
      3.63890      6.47643      0.00000
      3.64890      5.45455      0.00000
      3.65890      5.30708      0.00000
      3.66890      5.13667      0.00000
      3.67890      4.34896      0.00000
      3.68890      4.69474      0.00000
      3.69890      5.29559      0.00000
      3.70890      5.20647      0.00000
      3.71890      5.63904      0.00000
      3.72890      6.94182      0.00000
      3.73890      7.66734      0.00000
      3.74890      7.39663      0.00000
      3.75890      7.34590      0.00000
      3.76890      6.91055      0.00000
      3.77890      5.71221      0.00000
      3.78890      5.05927      0.00000
      3.79890      4.80007      0.00000
      3.80890      4.94875      0.00000
      3.81890      5.94634      0.00000
      3.82890      6.77041      0.00000
      3.83890      7.48418      0.00000
      3.84890      7.73416      0.00000
      3.85890      7.41693      0.00000
      3.86890      6.59737      0.00000
      3.87890      5.81524      0.00000
      3.88890      5.98830      0.00000
      3.89890      6.66771      0.00000
      3.90890      7.00173      0.00000
      3.91890      7.49123      0.00000
      3.92890      8.91560      0.00000
      3.93890     10.63473      0.00000
      3.94890     10.56748      0.00000
      3.95890      9.67703      0.00000
      3.96890      9.05727      0.00000
      3.97890      8.51842      0.00000
      3.98890      9.35108      0.00000
      3.99890     10.21551      0.00000
      4.00890      9.20251      0.00000
      4.01890      7.47416      0.00000
      4.02890      7.10905      0.00000
      4.03890      8.84909      0.00000
      4.04890     10.39080      0.00000
      4.05890      9.77808      0.00000
      4.06890      8.75920      0.00000
      4.07890      8.31289      0.00000
      4.08890      8.76960      0.00000
      4.09890      9.24702      0.00000
      4.10890      9.54135      0.00000
      4.11890     10.97631      0.00000
      4.12890     11.94495      0.00000
      4.13890     11.41364      0.00000
      4.14890     10.93894      0.00000
      4.15890     11.52604      0.00000
      4.16890     12.40777      0.00000
      4.17890     11.54124      0.00000
      4.18890      9.55355      0.00000
      4.19890      9.60716      0.00000
      4.20890      9.95975      0.00000
      4.21890      9.05987      0.00000
      4.22890      8.06109      0.00000
      4.23890      7.55869      0.00000
      4.24890      7.29430      0.00000
      4.25890      7.55455      0.00000
      4.26890      7.66372      0.00000
      4.27890      8.71999      0.00000
      4.28890      9.53108      0.00000
      4.29890      8.75087      0.00000
      4.30890      7.73608      0.00000
      4.31890      7.87893      0.00000
      4.32890      8.73601      0.00000
      4.33890      9.24080      0.00000
      4.34890      9.75071      0.00000
      4.35890      9.13414      0.00000
      4.36890      7.84494      0.00000
      4.37890      7.57233      0.00000
      4.38890      7.54900      0.00000
      4.39890      7.56426      0.00000
      4.40890      7.35468      0.00000
      4.41890      7.29397      0.00000
      4.42890      7.65478      0.00000
      4.43890      7.25967      0.00000
      4.44890      6.22302      0.00000
      4.45890      5.73462      0.00000
      4.46890      6.53332      0.00000
      4.47890      6.91460      0.00000
      4.48890      6.74254      0.00000
      4.49890      7.65309      0.00000
      4.50890      8.10758      0.00000
      4.51890      6.95498      0.00000
      4.52890      6.34054      0.00000
      4.53890      6.45349      0.00000
      4.54890      6.14229      0.00000
      4.55890      6.22065      0.00000
      4.56890      7.75757      0.00000
      4.57890      8.70947      0.00000
      4.58890      7.53760      0.00000
      4.59890      6.11688      0.00000
      4.60890      5.86675      0.00000
      4.61890      5.75029      0.00000
      4.62890      5.16475      0.00000
      4.63890      4.76512      0.00000
      4.64890      4.86371      0.00000
      4.65890      5.16780      0.00000
      4.66890      5.57876      0.00000
      4.67890      6.61237      0.00000
      4.68890      7.44363      0.00000
      4.69890      7.55506      0.00000
      4.70890      6.99198      0.00000
      4.71890      5.85617      0.00000
      4.72890      5.21197      0.00000
      4.73890      5.60553      0.00000
      4.74890      6.43673      0.00000
      4.75890      6.83022      0.00000
      4.76890      5.98288      0.00000
      4.77890      5.48243      0.00000
      4.78890      5.70716      0.00000
      4.79890      5.61703      0.00000
      4.80890      5.15366      0.00000
      4.81890      4.70764      0.00000
      4.82890      4.13744      0.00000
      4.83890      3.52471      0.00000
      4.84890      3.46098      0.00000
      4.85890      4.52026      0.00000
      4.86890      6.08547      0.00000
      4.87890      6.45666      0.00000
      4.88890      5.69894      0.00000
      4.89890      4.48879      0.00000
      4.90890      4.53249      0.00000
      4.91890      5.62516      0.00000
      4.92890      6.21284      0.00000
      4.93890      6.25920      0.00000
      4.94890      5.61853      0.00000
      4.95890      5.48829      0.00000
      4.96890      6.90128      0.00000
      4.97890      8.37536      0.00000
      4.98890      7.93570      0.00000
      4.99890      6.05366      0.00000
      5.00890      5.02174      0.00000
      5.01890      5.14905      0.00000
      5.02890      5.46976      0.00000
      5.03890      6.38891      0.00000
      5.04890      7.98668      0.00000
      5.05890     10.01408      0.00000
      5.06890     14.03276      0.00000
