Energy-E_F (eV)    DOS (1/eV)    PDOS (1/eV)  of atom type Pt 
     -4.99000      2.80893      2.80893
     -4.98000      7.43454      7.43454
     -4.97000      9.58438      9.58438
     -4.96000      9.68136      9.68136
     -4.95000      8.72130      8.72130
     -4.94000      8.53343      8.53343
     -4.93000      6.55862      6.55862
     -4.92000      2.20130      2.20130
     -4.91000      0.28772      0.28772
     -4.90000      0.19958      0.19958
     -4.89000      1.31014      1.31014
     -4.88000      3.38215      3.38215
     -4.87000      3.21257      3.21257
     -4.86000      1.12535      1.12535
     -4.85000      0.22012      0.22012
     -4.84000      0.77691      0.77691
     -4.83000      3.18148      3.18148
     -4.82000      7.24809      7.24809
     -4.81000     13.05793     13.05793
     -4.80000     15.14296     15.14296
     -4.79000     10.93428     10.93428
     -4.78000      9.49230      9.49230
     -4.77000      9.02646      9.02646
     -4.76000      6.01479      6.01479
     -4.75000      4.47963      4.47963
     -4.74000      3.90920      3.90920
     -4.73000      4.09877      4.09877
     -4.72000      7.08762      7.08762
     -4.71000      6.32275      6.32275
     -4.70000      3.02619      3.02619
     -4.69000      5.45100      5.45100
     -4.68000     10.78010     10.78010
     -4.67000      8.41508      8.41508
     -4.66000      2.71922      2.71922
     -4.65000      2.37806      2.37806
     -4.64000      6.67159      6.67159
     -4.63000      9.65250      9.65250
     -4.62000      9.68410      9.68410
     -4.61000      7.11438      7.11438
     -4.60000      5.30359      5.30359
     -4.59000      9.61477      9.61477
     -4.58000     10.31930     10.31930
     -4.57000      4.22148      4.22148
     -4.56000      0.64174      0.64174
     -4.55000      0.03618      0.03618
     -4.54000      0.00132      0.00132
     -4.53000      0.02678      0.02678
     -4.52000      0.46590      0.46590
     -4.51000      2.98172      2.98172
     -4.50000      7.02015      7.02015
     -4.49000      6.08042      6.08042
     -4.48000      1.93876      1.93876
     -4.47000      0.27424      0.27424
     -4.46000      0.66416      0.66416
     -4.45000      3.92699      3.92699
     -4.44000     11.23033     11.23033
     -4.43000     16.44521     16.44521
     -4.42000     14.02545     14.02545
     -4.41000      8.76369      8.76369
     -4.40000      4.50568      4.50568
     -4.39000      5.79053      5.79053
     -4.38000     11.79137     11.79137
     -4.37000     12.56641     12.56641
     -4.36000      8.08963      8.08963
     -4.35000      9.56652      9.56652
     -4.34000     14.32369     14.32369
     -4.33000     15.99697     15.99697
     -4.32000     18.42785     18.42785
     -4.31000     18.82166     18.82166
     -4.30000     13.10336     13.10336
     -4.29000      8.58926      8.58926
     -4.28000      7.85117      7.85117
     -4.27000      4.00892      4.00892
     -4.26000      0.78861      0.78861
     -4.25000      0.05731      0.05731
     -4.24000      0.00238      0.00238
     -4.23000      0.03435      0.03435
     -4.22000      0.55310      0.55310
     -4.21000      3.72784      3.72784
     -4.20000     11.06513     11.06513
     -4.19000     15.68784     15.68784
     -4.18000     14.03893     14.03893
     -4.17000     11.20605     11.20605
     -4.16000      6.68902      6.68902
     -4.15000      2.24871      2.24871
     -4.14000      0.35222      0.35222
     -4.13000      0.06165      0.06165
     -4.12000      0.33313      0.33313
     -4.11000      1.06172      1.06172
     -4.10000      1.63977      1.63977
     -4.09000      2.69910      2.69910
     -4.08000      4.07640      4.07640
     -4.07000      4.47673      4.47673
     -4.06000      7.89247      7.89247
     -4.05000     11.87051     11.87051
     -4.04000      9.15243      9.15243
     -4.03000      3.16486      3.16486
     -4.02000      0.49604      0.49604
     -4.01000      0.74989      0.74989
     -4.00000      3.98009      3.98009
     -3.99000      9.55203      9.55203
     -3.98000     13.99481     13.99481
     -3.97000     16.85372     16.85372
     -3.96000     12.53582     12.53582
     -3.95000      4.61715      4.61715
     -3.94000      3.69391      3.69391
     -3.93000     10.47544     10.47544
     -3.92000     17.94762     17.94762
     -3.91000     17.32830     17.32830
     -3.90000      8.29552      8.29552
     -3.89000      1.68362      1.68362
     -3.88000      0.13745      0.13745
     -3.87000      0.09104      0.09104
     -3.86000      0.81928      0.81928
     -3.85000      2.84182      2.84182
     -3.84000      3.71584      3.71584
     -3.83000      2.88168      2.88168
     -3.82000      7.03234      7.03234
     -3.81000     21.07330     21.07330
     -3.80000     36.66455     36.66455
     -3.79000     32.86881     32.86881
     -3.78000     17.12730     17.12730
     -3.77000     10.35988     10.35988
     -3.76000      9.49517      9.49517
     -3.75000     10.33852     10.33852
     -3.74000     12.99082     12.99082
     -3.73000     13.18713     13.18713
     -3.72000     13.62220     13.62220
     -3.71000     11.64737     11.64737
     -3.70000     10.28547     10.28547
     -3.69000      7.64700      7.64700
     -3.68000      2.92324      2.92324
     -3.67000      0.61487      0.61487
     -3.66000      1.08898      1.08898
     -3.65000      3.23268      3.23268
     -3.64000      4.50999      4.50999
     -3.63000      6.10376      6.10376
     -3.62000      8.82917      8.82917
     -3.61000      8.40210      8.40210
     -3.60000      7.77759      7.77759
     -3.59000      9.64577      9.64577
     -3.58000     12.42325     12.42325
     -3.57000     15.94531     15.94531
     -3.56000     11.77759     11.77759
     -3.55000      3.69336      3.69336
     -3.54000      2.09384      2.09384
     -3.53000      5.80209      5.80209
     -3.52000      7.56526      7.56526
     -3.51000      5.90748      5.90748
     -3.50000      7.31064      7.31064
     -3.49000      6.50721      6.50721
     -3.48000      2.69537      2.69537
     -3.47000      2.41144      2.41144
     -3.46000      4.12273      4.12273
     -3.45000      5.62943      5.62943
     -3.44000     13.75546     13.75546
     -3.43000     27.04992     27.04992
     -3.42000     26.24680     26.24680
     -3.41000     11.74544     11.74544
     -3.40000      2.39863      2.39863
     -3.39000      0.21795      0.21795
     -3.38000      0.00838      0.00838
     -3.37000      0.00011      0.00011
     -3.36000      0.00239      0.00239
     -3.35000      0.08014      0.08014
     -3.34000      0.99438      0.99438
     -3.33000      4.64968      4.64968
     -3.32000      9.02829      9.02829
     -3.31000     10.22332     10.22332
     -3.30000      9.95623      9.95623
     -3.29000      7.48134      7.48134
     -3.28000      3.82934      3.82934
     -3.27000      3.72430      3.72430
     -3.26000     10.78241     10.78241
     -3.25000     14.68318     14.68318
     -3.24000      7.44511      7.44511
     -3.23000      1.39565      1.39565
     -3.22000      0.09719      0.09719
     -3.21000      0.02358      0.02358
     -3.20000      0.34121      0.34121
     -3.19000      2.24050      2.24050
     -3.18000      6.67208      6.67208
     -3.17000      9.82140      9.82140
     -3.16000      6.81301      6.81301
     -3.15000      1.98208      1.98208
     -3.14000      0.22355      0.22355
     -3.13000      0.01177      0.01177
     -3.12000      0.06960      0.06960
     -3.11000      0.79699      0.79699
     -3.10000      3.62929      3.62929
     -3.09000      6.81332      6.81332
     -3.08000      5.39833      5.39833
     -3.07000      1.79281      1.79281
     -3.06000      0.36796      0.36796
     -3.05000      1.36227      1.36227
     -3.04000      5.20995      5.20995
     -3.03000      7.39711      7.39711
     -3.02000      3.86381      3.86381
     -3.01000      0.74467      0.74467
     -3.00000      0.12795      0.12795
     -2.99000      0.95074      0.95074
     -2.98000      4.40391      4.40391
     -2.97000      7.73739      7.73739
     -2.96000      6.79337      6.79337
     -2.95000      7.36210      7.36210
     -2.94000      6.97925      6.97925
     -2.93000      3.00139      3.00139
     -2.92000      2.57422      2.57422
     -2.91000      8.26636      8.26636
     -2.90000     13.43872     13.43872
     -2.89000      9.80526      9.80526
     -2.88000      3.16172      3.16172
     -2.87000      0.42655      0.42655
     -2.86000      0.05068      0.05068
     -2.85000      0.53820      0.53820
     -2.84000      4.18938      4.18938
     -2.83000     13.98671     13.98671
     -2.82000     20.63248     20.63248
     -2.81000     13.11843     13.11843
     -2.80000      3.40071      3.40071
     -2.79000      0.34280      0.34280
     -2.78000      0.01307      0.01307
     -2.77000      0.00018      0.00018
     -2.76000      0.00000      0.00000
     -2.75000      0.00025      0.00025
     -2.74000      0.01291      0.01291
     -2.73000      0.25677      0.25677
     -2.72000      2.01896      2.01896
     -2.71000      6.91171      6.91171
     -2.70000     12.84716     12.84716
     -2.69000     17.09287     17.09287
     -2.68000     17.84960     17.84960
     -2.67000     12.69129     12.69129
     -2.66000      4.58647      4.58647
     -2.65000      0.69450      0.69450
     -2.64000      0.13258      0.13258
     -2.63000      0.85140      0.85140
     -2.62000      2.88467      2.88467
     -2.61000      3.63483      3.63483
     -2.60000      2.31610      2.31610
     -2.59000      4.62601      4.62601
     -2.58000     10.47256     10.47256
     -2.57000      9.38366      9.38366
     -2.56000      4.51306      4.51306
     -2.55000      6.54062      6.54062
     -2.54000     10.28786     10.28786
     -2.53000      7.45201      7.45201
     -2.52000      3.71160      3.71160
     -2.51000      7.19117      7.19117
     -2.50000     13.77890     13.77890
     -2.49000     11.19608     11.19608
     -2.48000      3.68366      3.68366
     -2.47000      0.48087      0.48087
     -2.46000      0.02432      0.02432
     -2.45000      0.00228      0.00228
     -2.44000      0.06877      0.06877
     -2.43000      0.98487      0.98487
     -2.42000      5.54862      5.54862
     -2.41000     12.79878     12.79878
     -2.40000     13.01475     13.01475
     -2.39000      9.15060      9.15060
     -2.38000     10.45890     10.45890
     -2.37000      9.21799      9.21799
     -2.36000      3.93939      3.93939
     -2.35000      2.87874      2.87874
     -2.34000      8.09509      8.09509
     -2.33000     10.93429     10.93429
     -2.32000      6.20773      6.20773
     -2.31000      4.31224      4.31224
     -2.30000      6.74619      6.74619
     -2.29000      6.36439      6.36439
     -2.28000      5.58125      5.58125
     -2.27000      7.59169      7.59169
     -2.26000      5.74999      5.74999
     -2.25000      2.73364      2.73364
     -2.24000      4.07261      4.07261
     -2.23000      7.26979      7.26979
     -2.22000      9.51915      9.51915
     -2.21000      8.43689      8.43689
     -2.20000      6.56029      6.56029
     -2.19000      8.83338      8.83338
     -2.18000     13.51594     13.51594
     -2.17000     13.12451     13.12451
     -2.16000      8.49724      8.49724
     -2.15000      2.96199      2.96199
     -2.14000      0.42932      0.42932
     -2.13000      0.02355      0.02355
     -2.12000      0.00048      0.00048
     -2.11000      0.00035      0.00035
     -2.10000      0.01428      0.01428
     -2.09000      0.21536      0.21536
     -2.08000      1.19507      1.19507
     -2.07000      2.46008      2.46008
     -2.06000      2.18685      2.18685
     -2.05000      2.68810      2.68810
     -2.04000      5.67809      5.67809
     -2.03000      7.99941      7.99941
     -2.02000      9.29489      9.29489
     -2.01000      8.49569      8.49569
     -2.00000      8.06610      8.06610
     -1.99000      7.37891      7.37891
     -1.98000      3.15844      3.15844
     -1.97000      0.51204      0.51204
     -1.96000      0.03066      0.03066
     -1.95000      0.00301      0.00301
     -1.94000      0.06650      0.06650
     -1.93000      0.70796      0.70796
     -1.92000      2.95340      2.95340
     -1.91000      5.50362      5.50362
     -1.90000      5.57656      5.57656
     -1.89000      3.14227      3.14227
     -1.88000      1.35827      1.35827
     -1.87000      2.54694      2.54694
     -1.86000      4.33914      4.33914
     -1.85000      6.18961      6.18961
     -1.84000     11.81400     11.81400
     -1.83000     15.11881     15.11881
     -1.82000     11.35157     11.35157
     -1.81000      6.74727      6.74727
     -1.80000      8.00892      8.00892
     -1.79000      9.99807      9.99807
     -1.78000      7.12229      7.12229
     -1.77000      6.46467      6.46467
     -1.76000     10.14099     10.14099
     -1.75000      8.62377      8.62377
     -1.74000      3.03344      3.03344
     -1.73000      0.42239      0.42239
     -1.72000      0.17057      0.17057
     -1.71000      1.64660      1.64660
     -1.70000      6.88646      6.88646
     -1.69000     10.97985     10.97985
     -1.68000      6.73562      6.73562
     -1.67000      1.96323      1.96323
     -1.66000      3.96178      3.96178
     -1.65000     15.19728     15.19728
     -1.64000     25.45395     25.45395
     -1.63000     20.94637     20.94637
     -1.62000      9.77624      9.77624
     -1.61000      3.11560      3.11560
     -1.60000      4.90959      4.90959
     -1.59000     10.54808     10.54808
     -1.58000      8.91678      8.91678
     -1.57000      2.83311      2.83311
     -1.56000      0.40222      0.40222
     -1.55000      0.79106      0.79106
     -1.54000      3.66237      3.66237
     -1.53000      6.95309      6.95309
     -1.52000      5.38232      5.38232
     -1.51000      1.68911      1.68911
     -1.50000      0.21044      0.21044
     -1.49000      0.01015      0.01015
     -1.48000      0.00018      0.00018
     -1.47000      0.00000      0.00000
     -1.46000      0.00000      0.00000
     -1.45000      0.00001      0.00001
     -1.44000      0.00085      0.00085
     -1.43000      0.02807      0.02807
     -1.42000      0.34335      0.34335
     -1.41000      1.60297      1.60297
     -1.40000      3.29942      3.29942
     -1.39000      4.32544      4.32544
     -1.38000      3.96339      3.96339
     -1.37000      1.79727      1.79727
     -1.36000      0.89671      0.89671
     -1.35000      2.47840      2.47840
     -1.34000      3.72727      3.72727
     -1.33000      2.07768      2.07768
     -1.32000      0.42614      0.42614
     -1.31000      0.03417      0.03417
     -1.30000      0.06016      0.06016
     -1.29000      0.63986      0.63986
     -1.28000      2.54123      2.54123
     -1.27000      3.71288      3.71288
     -1.26000      1.99564      1.99564
     -1.25000      0.39460      0.39460
     -1.24000      0.02894      0.02894
     -1.23000      0.01665      0.01665
     -1.22000      0.39213      0.39213
     -1.21000      3.60004      3.60004
     -1.20000     12.68544     12.68544
     -1.19000     18.78591     18.78591
     -1.18000     13.91842     13.91842
     -1.17000      5.70150      5.70150
     -1.16000      1.61753      1.61753
     -1.15000      2.55800      2.55800
     -1.14000      5.73409      5.73409
     -1.13000     10.93658     10.93658
     -1.12000     17.35340     17.35340
     -1.11000     14.58044     14.58044
     -1.10000      8.23272      8.23272
     -1.09000      8.49996      8.49996
     -1.08000      8.05219      8.05219
     -1.07000      5.28325      5.28325
     -1.06000      2.33193      2.33193
     -1.05000      1.38192      1.38192
     -1.04000      3.29178      3.29178
     -1.03000      5.45857      5.45857
     -1.02000      7.30934      7.30934
     -1.01000      7.37999      7.37999
     -1.00000      5.75948      5.75948
     -0.99000      9.87412      9.87412
     -0.98000     14.13737     14.13737
     -0.97000      8.86275      8.86275
     -0.96000      2.27441      2.27441
     -0.95000      0.24665      0.24665
     -0.94000      0.26221      0.26221
     -0.93000      1.56478      1.56478
     -0.92000      3.60152      3.60152
     -0.91000      3.67994      3.67994
     -0.90000      4.74097      4.74097
     -0.89000      8.12489      8.12489
     -0.88000      7.87272      7.87272
     -0.87000      5.16408      5.16408
     -0.86000      2.72938      2.72938
     -0.85000      3.41445      3.41445
     -0.84000      6.31589      6.31589
     -0.83000      5.87190      5.87190
     -0.82000      2.44446      2.44446
     -0.81000      0.42673      0.42673
     -0.80000      0.04310      0.04310
     -0.79000      0.34936      0.34936
     -0.78000      3.38525      3.38525
     -0.77000     12.89188     12.89188
     -0.76000     20.05045     20.05045
     -0.75000     13.86607     13.86607
     -0.74000      4.78204      4.78204
     -0.73000      0.84182      0.84182
     -0.72000      0.06982      0.06982
     -0.71000      0.07673      0.07673
     -0.70000      0.94017      0.94017
     -0.69000      4.36713      4.36713
     -0.68000      7.47094      7.47094
     -0.67000      4.71094      4.71094
     -0.66000      1.21401      1.21401
     -0.65000      1.41573      1.41573
     -0.64000      5.57003      5.57003
     -0.63000     11.05559     11.05559
     -0.62000     16.44276     16.44276
     -0.61000     20.32584     20.32584
     -0.60000     14.57433     14.57433
     -0.59000      5.35483      5.35483
     -0.58000      4.75728      4.75728
     -0.57000     13.42804     13.42804
     -0.56000     17.84644     17.84644
     -0.55000     12.71785     12.71785
     -0.54000     11.91053     11.91053
     -0.53000     18.03773     18.03773
     -0.52000     23.61471     23.61471
     -0.51000     19.54663     19.54663
     -0.50000     11.87163     11.87163
     -0.49000      8.49418      8.49418
     -0.48000      4.09556      4.09556
     -0.47000      1.46185      1.46185
     -0.46000      3.56230      3.56230
     -0.45000      8.51030      8.51030
     -0.44000     11.15724     11.15724
     -0.43000     11.62757     11.62757
     -0.42000     13.42405     13.42405
     -0.41000     12.85859     12.85859
     -0.40000      9.06826      9.06826
     -0.39000      3.53067      3.53067
     -0.38000      0.92749      0.92749
     -0.37000      2.62575      2.62575
     -0.36000      7.71765      7.71765
     -0.35000     10.38553     10.38553
     -0.34000      7.98461      7.98461
     -0.33000      5.26960      5.26960
     -0.32000      2.55570      2.55570
     -0.31000      0.56794      0.56794
     -0.30000      0.04856      0.04856
     -0.29000      0.00235      0.00235
     -0.28000      0.02992      0.02992
     -0.27000      0.40573      0.40573
     -0.26000      2.02511      2.02511
     -0.25000      3.71846      3.71846
     -0.24000      2.51179      2.51179
     -0.23000      0.62418      0.62418
     -0.22000      0.05782      0.05782
     -0.21000      0.03034      0.03034
     -0.20000      0.39200      0.39200
     -0.19000      1.98860      1.98860
     -0.18000      3.71160      3.71160
     -0.17000      2.56009      2.56009
     -0.16000      0.94209      0.94209
     -0.15000      2.92653      2.92653
     -0.14000     10.75377     10.75377
     -0.13000     17.12006     17.12006
     -0.12000     14.53845     14.53845
     -0.11000      8.10361      8.10361
     -0.10000      3.24630      3.24630
     -0.09000      3.22597      3.22597
     -0.08000      3.58447      3.58447
     -0.07000      1.59798      1.59798
     -0.06000      0.26299      0.26299
     -0.05000      0.01592      0.01592
     -0.04000      0.00035      0.00035
     -0.03000      0.00000      0.00000
     -0.02000      0.00000      0.00000
     -0.01000      0.00000      0.00000
      0.00000      0.00000      0.00000
      0.01000      0.00000      0.00000
      0.02000      0.00000      0.00000
      0.03000      0.00000      0.00000
      0.04000      0.00000      0.00000
      0.05000      0.00000      0.00000
      0.06000      0.00000      0.00000
      0.07000      0.00000      0.00000
      0.08000      0.00000      0.00000
      0.09000      0.00000      0.00000
      0.10000      0.00000      0.00000
      0.11000      0.00000      0.00000
      0.12000      0.00000      0.00000
      0.13000      0.00000      0.00000
      0.14000      0.00000      0.00000
      0.15000      0.00000      0.00000
      0.16000      0.00018      0.00018
      0.17000      0.00941      0.00941
      0.18000      0.18154      0.18154
      0.19000      1.28920      1.28920
      0.20000      3.39088      3.39088
      0.21000      3.65360      3.65360
      0.22000      3.93616      3.93616
      0.23000      8.16827      8.16827
      0.24000     10.14964     10.14964
      0.25000      5.44730      5.44730
      0.26000      1.17357      1.17357
      0.27000      0.09716      0.09716
      0.28000      0.00307      0.00307
      0.29000      0.00441      0.00441
      0.30000      0.12587      0.12587
      0.31000      1.33076      1.33076
      0.32000      5.17573      5.17573
      0.33000      7.40549      7.40549
      0.34000      3.90584      3.90584
      0.35000      0.95042      0.95042
      0.36000      1.82873      1.82873
      0.37000      6.06505      6.06505
      0.38000      8.57201      8.57201
      0.39000      7.01735      7.01735
      0.40000      5.55411      5.55411
      0.41000      4.76662      4.76662
      0.42000      2.78232      2.78232
      0.43000      0.87027      0.87027
      0.44000      1.29288      1.29288
      0.45000      3.31279      3.31279
      0.46000      3.29080      3.29080
      0.47000      1.20343      1.20343
      0.48000      0.16190      0.16190
      0.49000      0.00801      0.00801
      0.50000      0.00015      0.00015
      0.51000      0.00000      0.00000
      0.52000      0.00000      0.00000
      0.53000      0.00000      0.00000
      0.54000      0.00000      0.00000
      0.55000      0.00000      0.00000
      0.56000      0.00000      0.00000
      0.57000      0.00000      0.00000
      0.58000      0.00000      0.00000
      0.59000      0.00000      0.00000
      0.60000      0.00000      0.00000
      0.61000      0.00000      0.00000
      0.62000      0.00000      0.00000
      0.63000      0.00000      0.00000
      0.64000      0.00000      0.00000
      0.65000      0.00000      0.00000
      0.66000      0.00033      0.00033
      0.67000      0.01495      0.01495
      0.68000      0.25160      0.25160
      0.69000      1.55808      1.55808
      0.70000      3.54956      3.54956
      0.71000      2.97485      2.97485
      0.72000      0.91719      0.91719
      0.73000      0.10403      0.10403
      0.74000      0.00434      0.00434
      0.75000      0.00007      0.00007
      0.76000      0.00000      0.00000
      0.77000      0.00000      0.00000
      0.78000      0.00000      0.00000
      0.79000      0.00000      0.00000
      0.80000      0.00000      0.00000
      0.81000      0.00000      0.00000
      0.82000      0.00000      0.00000
      0.83000      0.00000      0.00000
      0.84000      0.00169      0.00169
      0.85000      0.06183      0.06183
      0.86000      0.82995      0.82995
      0.87000      4.09834      4.09834
      0.88000      7.44508      7.44508
      0.89000      4.97549      4.97549
      0.90000      1.22323      1.22323
      0.91000      0.11063      0.11063
      0.92000      0.00368      0.00368
      0.93000      0.00005      0.00005
      0.94000      0.00000      0.00000
      0.95000      0.00000      0.00000
      0.96000      0.00000      0.00000
      0.97000      0.00000      0.00000
      0.98000      0.00000      0.00000
      0.99000      0.00000      0.00000
      1.00000      0.00000      0.00000
      1.01000      0.00000      0.00000
      1.02000      0.00000      0.00000
      1.03000      0.00000      0.00000
      1.04000      0.00000      0.00000
      1.05000      0.00000      0.00000
      1.06000      0.00000      0.00000
      1.07000      0.00000      0.00000
      1.08000      0.00000      0.00000
      1.09000      0.00000      0.00000
      1.10000      0.00000      0.00000
      1.11000      0.00000      0.00000
      1.12000      0.00000      0.00000
      1.13000      0.00000      0.00000
      1.14000      0.00025      0.00025
      1.15000      0.01429      0.01429
      1.16000      0.29834      0.29834
      1.17000      2.29080      2.29080
      1.18000      6.47088      6.47088
      1.19000      6.72427      6.72427
      1.20000      2.57059      2.57059
      1.21000      0.36151      0.36151
      1.22000      0.01870      0.01870
      1.23000      0.00036      0.00036
      1.24000      0.00000      0.00000
      1.25000      0.00004      0.00004
      1.26000      0.00315      0.00315
      1.27000      0.09840      0.09840
      1.28000      1.13249      1.13249
      1.29000      4.79479      4.79479
      1.30000      7.46807      7.46807
      1.31000      4.27911      4.27911
      1.32000      0.90199      0.90199
      1.33000      0.06995      0.06995
      1.34000      0.00200      0.00200
      1.35000      0.00000      0.00000
      1.36000      0.00000      0.00000
      1.37000      0.00000      0.00000
      1.38000      0.00000      0.00000
      1.39000      0.00000      0.00000
      1.40000      0.00000      0.00000
      1.41000      0.00050      0.00050
      1.42000      0.02434      0.02434
      1.43000      0.43565      0.43565
      1.44000      2.86821      2.86821
      1.45000      6.94689      6.94689
      1.46000      6.18979      6.18979
      1.47000      2.02893      2.02893
      1.48000      0.24466      0.24466
      1.49000      0.01085      0.01085
      1.50000      0.00018      0.00018
      1.51000      0.00000      0.00000
      1.52000      0.00000      0.00000
      1.53000      0.00000      0.00000
      1.54000      0.00000      0.00000
      1.55000      0.00000      0.00000
      1.56000      0.00000      0.00000
      1.57000      0.00000      0.00000
      1.58000      0.00000      0.00000
      1.59000      0.00005      0.00005
      1.60000      0.00398      0.00398
      1.61000      0.11734      0.11734
      1.62000      1.27123      1.27123
      1.63000      5.06664      5.06664
      1.64000      7.42891      7.42891
      1.65000      4.00968      4.00968
      1.66000      0.87957      0.87957
      1.67000      1.08117      1.08117
      1.68000      4.56386      4.56386
      1.69000      7.52342      7.52342
      1.70000      5.05563      5.05563
      1.71000      3.67665      3.67665
      1.72000      5.79771      5.79771
      1.73000      5.96048      5.96048
      1.74000      3.05850      3.05850
      1.75000      0.69100      0.69100
      1.76000      0.06200      0.06200
      1.77000      0.00209      0.00209
      1.78000      0.00003      0.00003
      1.79000      0.00000      0.00000
      1.80000      0.00000      0.00000
      1.81000      0.00000      0.00000
      1.82000      0.00000      0.00000
      1.83000      0.00000      0.00000
      1.84000      0.00000      0.00000
      1.85000      0.00000      0.00000
      1.86000      0.00000      0.00000
      1.87000      0.00000      0.00000
      1.88000      0.00000      0.00000
      1.89000      0.00000      0.00000
      1.90000      0.00000      0.00000
      1.91000      0.00000      0.00000
      1.92000      0.00000      0.00000
      1.93000      0.00000      0.00000
      1.94000      0.00000      0.00000
      1.95000      0.00000      0.00000
      1.96000      0.00000      0.00000
      1.97000      0.00000      0.00000
      1.98000      0.00000      0.00000
      1.99000      0.00000      0.00000
      2.00000      0.00000      0.00000
      2.01000      0.00000      0.00000
      2.02000      0.00000      0.00000
      2.03000      0.00013      0.00013
      2.04000      0.00723      0.00723
      2.05000      0.15048      0.15048
      2.06000      1.15145      1.15145
      2.07000      3.24140      3.24140
      2.08000      3.35679      3.35679
      2.09000      1.27886      1.27886
      2.10000      0.17924      0.17924
      2.11000      0.00924      0.00924
      2.12000      0.00018      0.00018
      2.13000      0.00000      0.00000
      2.14000      0.00064      0.00064
      2.15000      0.02737      0.02737
      2.16000      0.44375      0.44375
      2.17000      2.76051      2.76051
      2.18000      6.65181      6.65181
      2.19000      6.24358      6.24358
      2.20000      2.28184      2.28184
      2.21000      0.32266      0.32266
      2.22000      0.01748      0.01748
      2.23000      0.00036      0.00036
      2.24000      0.00000      0.00000
      2.25000      0.00000      0.00000
      2.26000      0.00000      0.00000
      2.27000      0.00000      0.00000
      2.28000      0.00000      0.00000
      2.29000      0.00000      0.00000
      2.30000      0.00000      0.00000
      2.31000      0.00000      0.00000
      2.32000      0.00000      0.00000
      2.33000      0.00000      0.00000
      2.34000      0.00000      0.00000
      2.35000      0.00000      0.00000
      2.36000      0.00000      0.00000
      2.37000      0.00000      0.00000
      2.38000      0.00143      0.00143
      2.39000      0.05431      0.05431
      2.40000      0.75997      0.75997
      2.41000      3.91217      3.91217
      2.42000      7.40872      7.40872
      2.43000      5.16292      5.16292
      2.44000      1.36950      1.36950
      2.45000      0.67141      0.67141
      2.46000      2.36096      2.36096
      2.47000      3.73731      3.73731
      2.48000      2.18036      2.18036
      2.49000      0.47113      0.47113
      2.50000      0.13623      0.13623
      2.51000      1.14023      1.14023
      2.52000      4.80845      4.80845
      2.53000      7.46675      7.46675
      2.54000      4.26545      4.26545
      2.55000      0.89820      0.89820
      2.56000      0.13397      0.13397
      2.57000      0.85749      0.85749
      2.58000      4.16370      4.16370
      2.59000      7.45478      7.45478
      2.60000      4.91017      4.91017
      2.61000      1.18977      1.18977
      2.62000      0.10606      0.10606
      2.63000      0.00348      0.00348
      2.64000      0.00004      0.00004
      2.65000      0.00000      0.00000
      2.66000      0.00000      0.00000
      2.67000      0.00000      0.00000
      2.68000      0.00000      0.00000
      2.69000      0.00000      0.00000
      2.70000      0.00000      0.00000
      2.71000      0.00000      0.00000
      2.72000      0.00000      0.00000
      2.73000      0.00000      0.00000
      2.74000      0.00000      0.00000
      2.75000      0.00000      0.00000
      2.76000      0.00000      0.00000
      2.77000      0.00000      0.00000
      2.78000      0.00000      0.00000
      2.79000      0.00000      0.00000
      2.80000      0.00000      0.00000
      2.81000      0.00000      0.00000
      2.82000      0.00000      0.00000
      2.83000      0.00000      0.00000
      2.84000      0.00000      0.00000
      2.85000      0.00000      0.00000
      2.86000      0.00000      0.00000
      2.87000      0.00000      0.00000
      2.88000      0.00000      0.00000
      2.89000      0.00000      0.00000
      2.90000      0.00000      0.00000
      2.91000      0.00000      0.00000
      2.92000      0.00049      0.00049
      2.93000      0.02381      0.02381
      2.94000      0.42896      0.42896
      2.95000      2.84251      2.84251
      2.96000      6.92944      6.92944
      2.97000      6.21440      6.21440
      2.98000      2.05025      2.05025
      2.99000      0.24884      0.24884
      3.00000      0.01111      0.01111
      3.01000      0.00018      0.00018
      3.02000      0.00000      0.00000
      3.03000      0.00000      0.00000
      3.04000      0.00000      0.00000
      3.05000      0.00000      0.00000
      3.06000      0.00000      0.00000
      3.07000      0.00000      0.00000
      3.08000      0.00000      0.00000
      3.09000      0.00000      0.00000
      3.10000      0.00000      0.00000
      3.11000      0.00004      0.00004
      3.12000      0.00334      0.00334
      3.13000      0.10296      0.10296
      3.14000      1.16678      1.16678
      3.15000      4.86440      4.86440
      3.16000      7.46064      7.46064
      3.17000      4.20948      4.20948
      3.18000      0.87375      0.87375
      3.19000      0.06672      0.06672
      3.20000      0.00266      0.00266
      3.21000      0.03443      0.03443
      3.22000      0.55525      0.55525
      3.23000      3.29456      3.29456
      3.24000      7.19139      7.19139
      3.25000      5.77475      5.77475
      3.26000      1.70592      1.70592
      3.27000      0.18539      0.18539
      3.28000      0.00741      0.00741
      3.29000      0.00011      0.00011
      3.30000      0.00000      0.00000
      3.31000      0.00000      0.00000
      3.32000      0.00000      0.00000
      3.33000      0.00000      0.00000
      3.34000      0.00000      0.00000
      3.35000      0.00000      0.00000
      3.36000      0.00000      0.00000
      3.37000      0.00000      0.00000
      3.38000      0.00000      0.00000
      3.39000      0.00000      0.00000
      3.40000      0.00000      0.00000
      3.41000      0.00000      0.00000
      3.42000      0.00000      0.00000
      3.43000      0.00000      0.00000
      3.44000      0.00000      0.00000
      3.45000      0.00000      0.00000
      3.46000      0.00013      0.00013
      3.47000      0.00864      0.00864
      3.48000      0.20736      0.20736
      3.49000      1.83071      1.83071
      3.50000      5.95619      5.95619
      3.51000      7.35817      7.35817
      3.52000      5.20852      5.20852
      3.53000      6.76095      6.76095
      3.54000      6.92893      6.92893
      3.55000      2.79932      2.79932
      3.56000      0.41766      0.41766
      3.57000      0.02293      0.02293
      3.58000      0.00046      0.00046
      3.59000      0.00000      0.00000
      3.60000      0.00000      0.00000
      3.61000      0.00000      0.00000
      3.62000      0.00000      0.00000
      3.63000      0.00000      0.00000
      3.64000      0.00000      0.00000
      3.65000      0.00000      0.00000
      3.66000      0.00000      0.00000
      3.67000      0.00000      0.00000
      3.68000      0.00000      0.00000
      3.69000      0.00000      0.00000
      3.70000      0.00000      0.00000
      3.71000      0.00000      0.00000
      3.72000      0.00000      0.00000
      3.73000      0.00000      0.00000
      3.74000      0.00000      0.00000
      3.75000      0.00000      0.00000
      3.76000      0.00000      0.00000
      3.77000      0.00000      0.00000
      3.78000      0.00000      0.00000
      3.79000      0.00000      0.00000
      3.80000      0.00000      0.00000
      3.81000      0.00000      0.00000
      3.82000      0.00000      0.00000
      3.83000      0.00000      0.00000
      3.84000      0.00000      0.00000
      3.85000      0.00000      0.00000
      3.86000      0.00000      0.00000
      3.87000      0.00000      0.00000
      3.88000      0.00000      0.00000
      3.89000      0.00000      0.00000
      3.90000      0.00000      0.00000
      3.91000      0.00000      0.00000
      3.92000      0.00062      0.00062
      3.93000      0.02854      0.02854
      3.94000      0.48718      0.48718
      3.95000      3.05915      3.05915
      3.96000      7.06665      7.06665
      3.97000      6.00526      6.00526
      3.98000      1.87740      1.87740
      3.99000      0.21592      0.21592
      4.00000      0.00914      0.00914
      4.01000      0.00014      0.00014
      4.02000      0.00000      0.00000
      4.03000      0.00000      0.00000
