Energy-E_F (eV)    DOS (1/eV)    PDOS (1/eV)  of atom type W  
     -4.99000      0.11103      0.11103
     -4.98000      0.00474      0.00474
     -4.97000      0.00007      0.00007
     -4.96000      0.00000      0.00000
     -4.95000      0.00000      0.00000
     -4.94000      0.00000      0.00000
     -4.93000      0.00000      0.00000
     -4.92000      0.00000      0.00000
     -4.91000      0.00000      0.00000
     -4.90000      0.00000      0.00000
     -4.89000      0.00000      0.00000
     -4.88000      0.00004      0.00004
     -4.87000      0.00340      0.00340
     -4.86000      0.08718      0.08718
     -4.85000      0.86432      0.86432
     -4.84000      3.31015      3.31015
     -4.83000      4.87224      4.87224
     -4.82000      2.73468      2.73468
     -4.81000      0.58050      0.58050
     -4.80000      0.05373      0.05373
     -4.79000      0.15593      0.15593
     -4.78000      1.17067      1.17067
     -4.77000      3.28049      3.28049
     -4.76000      3.73086      3.73086
     -4.75000      3.95053      3.95053
     -4.74000      6.99478      6.99478
     -4.73000      6.36683      6.36683
     -4.72000      2.18059      2.18059
     -4.71000      0.27509      0.27509
     -4.70000      0.01286      0.01286
     -4.69000      0.00576      0.00576
     -4.68000      0.12425      0.12425
     -4.67000      1.02424      1.02424
     -4.66000      3.10626      3.10626
     -4.65000      3.47106      3.47106
     -4.64000      1.56495      1.56495
     -4.63000      1.59316      1.59316
     -4.62000      5.12030      5.12030
     -4.61000      7.47144      7.47144
     -4.60000      5.54693      5.54693
     -4.59000      5.46233      5.46233
     -4.58000      6.42391      6.42391
     -4.57000      4.37670      4.37670
     -4.56000      1.44244      1.44244
     -4.55000      0.74650      0.74650
     -4.54000      2.40189      2.40189
     -4.53000      3.73464      3.73464
     -4.52000      2.14545      2.14545
     -4.51000      0.49365      0.49365
     -4.50000      0.53470      0.53470
     -4.49000      2.25447      2.25447
     -4.48000      3.74000      3.74000
     -4.47000      2.28350      2.28350
     -4.46000      0.51427      0.51427
     -4.45000      0.08254      0.08254
     -4.44000      0.43239      0.43239
     -4.43000      1.70254      1.70254
     -4.42000      2.47353      2.47353
     -4.41000      1.32204      1.32204
     -4.40000      0.25999      0.25999
     -4.39000      0.02134      0.02134
     -4.38000      0.05245      0.05245
     -4.37000      0.39204      0.39204
     -4.36000      1.08843      1.08843
     -4.35000      1.11289      1.11289
     -4.34000      0.45948      0.45948
     -4.33000      0.56603      0.56603
     -4.32000      2.27619      2.27619
     -4.31000      3.74013      3.74013
     -4.30000      2.26370      2.26370
     -4.29000      0.50404      0.50404
     -4.28000      0.04129      0.04129
     -4.27000      0.00124      0.00124
     -4.26000      0.00000      0.00000
     -4.25000      0.00000      0.00000
     -4.24000      0.00000      0.00000
     -4.23000      0.00000      0.00000
     -4.22000      0.00000      0.00000
     -4.21000      0.00000      0.00000
     -4.20000      0.00000      0.00000
     -4.19000      0.00000      0.00000
     -4.18000      0.00000      0.00000
     -4.17000      0.00000      0.00000
     -4.16000      0.00000      0.00000
     -4.15000      0.00000      0.00000
     -4.14000      0.00000      0.00000
     -4.13000      0.00000      0.00000
     -4.12000      0.00000      0.00000
     -4.11000      0.00000      0.00000
     -4.10000      0.00000      0.00000
     -4.09000      0.00016      0.00016
     -4.08000      0.00844      0.00844
     -4.07000      0.16805      0.16805
     -4.06000      1.23077      1.23077
     -4.05000      3.32316      3.32316
     -4.04000      3.44514      3.44514
     -4.03000      2.39029      2.39029
     -4.02000      3.44118      3.44118
     -4.01000      3.32829      3.32829
     -4.00000      1.23648      1.23648
     -3.99000      0.16935      0.16935
     -3.98000      0.00853      0.00853
     -3.97000      0.00016      0.00016
     -3.96000      0.00000      0.00000
     -3.95000      0.00000      0.00000
     -3.94000      0.00000      0.00000
     -3.93000      0.00075      0.00075
     -3.92000      0.03411      0.03411
     -3.91000      0.57308      0.57308
     -3.90000      3.56168      3.56168
     -3.89000      8.20015      8.20015
     -3.88000      7.00540      7.00540
     -3.87000      2.22482      2.22482
     -3.86000      0.26319      0.26319
     -3.85000      0.01162      0.01162
     -3.84000      0.00019      0.00019
     -3.83000      0.00000      0.00000
     -3.82000      0.00000      0.00000
     -3.81000      0.00000      0.00000
     -3.80000      0.00000      0.00000
     -3.79000      0.00000      0.00000
     -3.78000      0.00000      0.00000
     -3.77000      0.00000      0.00000
     -3.76000      0.00000      0.00000
     -3.75000      0.00000      0.00000
     -3.74000      0.00000      0.00000
     -3.73000      0.00000      0.00000
     -3.72000      0.00037      0.00037
     -3.71000      0.01661      0.01661
     -3.70000      0.27180      0.27180
     -3.69000      1.65963      1.65963
     -3.68000      4.03804      4.03804
     -3.67000      5.05565      5.05565
     -3.66000      4.60386      4.60386
     -3.65000      2.49886      2.49886
     -3.64000      0.82082      0.82082
     -3.63000      2.05782      2.05782
     -3.62000      6.15135      6.15135
     -3.61000      7.95811      7.95811
     -3.60000      6.16370      6.16370
     -3.59000      3.96926      3.96926
     -3.58000      1.78183      1.78183
     -3.57000      2.11821      2.11821
     -3.56000      3.70468      3.70468
     -3.55000      2.62641      2.62641
     -3.54000      0.73442      0.73442
     -3.53000      0.62515      0.62515
     -3.52000      2.38510      2.38510
     -3.51000      3.73536      3.73536
     -3.50000      2.15419      2.15419
     -3.49000      0.45703      0.45703
     -3.48000      0.03594      0.03594
     -3.47000      0.01593      0.01593
     -3.46000      0.30823      0.30823
     -3.45000      2.49715      2.49715
     -3.44000      8.62017      8.62017
     -3.43000     14.67834     14.67834
     -3.42000     13.99785     13.99785
     -3.41000      7.48369      7.48369
     -3.40000      2.09934      2.09934
     -3.39000      0.28312      0.28312
     -3.38000      0.01658      0.01658
     -3.37000      0.00366      0.00366
     -3.36000      0.10172      0.10172
     -3.35000      1.15753      1.15753
     -3.34000      4.84578      4.84578
     -3.33000      7.46280      7.46280
     -3.32000      4.22899      4.22899
     -3.31000      0.91315      0.91315
     -3.30000      0.49322      0.49322
     -3.29000      2.13553      2.13553
     -3.28000      4.56127      4.56127
     -3.27000      6.82171      6.82171
     -3.26000     10.55361     10.55361
     -3.25000     13.58865     13.58865
     -3.24000     12.02072     12.02072
     -3.23000      5.16904      5.16904
     -3.22000      0.88474      0.88474
     -3.21000      0.06965      0.06965
     -3.20000      0.22456      0.22456
     -3.19000      1.45471      1.45471
     -3.18000      3.49830      3.49830
     -3.17000      3.28256      3.28256
     -3.16000      2.39095      2.39095
     -3.15000      3.56764      3.56764
     -3.14000      3.22827      3.22827
     -3.13000      1.88008      1.88008
     -3.12000      2.98515      2.98515
     -3.11000      3.61633      3.61633
     -3.10000      1.67919      1.67919
     -3.09000      0.28727      0.28727
     -3.08000      0.01808      0.01808
     -3.07000      0.00042      0.00042
     -3.06000      0.00000      0.00000
     -3.05000      0.00000      0.00000
     -3.04000      0.00001      0.00001
     -3.03000      0.00097      0.00097
     -3.02000      0.03178      0.03178
     -3.01000      0.40021      0.40021
     -3.00000      2.15403      2.15403
     -2.99000      5.88711      5.88711
     -2.98000      8.69408      8.69408
     -2.97000      5.98899      5.98899
     -2.96000      1.67725      1.67725
     -2.95000      0.35478      0.35478
     -2.94000      0.78840      0.78840
     -2.93000      1.25346      1.25346
     -2.92000      0.88325      0.88325
     -2.91000      1.31813      1.31813
     -2.90000      3.26413      3.26413
     -2.89000      3.39357      3.39357
     -2.88000      1.78749      1.78749
     -2.87000      2.66215      2.66215
     -2.86000      5.23893      5.23893
     -2.85000      4.98819      4.98819
     -2.84000      2.44595      2.44595
     -2.83000      2.38632      2.38632
     -2.82000      3.79736      3.79736
     -2.81000      3.08811      3.08811
     -2.80000      3.07956      3.07956
     -2.79000      3.90167      3.90167
     -2.78000      3.24062      3.24062
     -2.77000      4.91147      4.91147
     -2.76000      7.08581      7.08581
     -2.75000      4.64666      4.64666
     -2.74000      2.10420      2.10420
     -2.73000      4.38160      4.38160
     -2.72000      7.47078      7.47078
     -2.71000      4.81991      4.81991
     -2.70000      1.14473      1.14473
     -2.69000      0.10002      0.10002
     -2.68000      0.00321      0.00321
     -2.67000      0.00004      0.00004
     -2.66000      0.00000      0.00000
     -2.65000      0.00000      0.00000
     -2.64000      0.00000      0.00000
     -2.63000      0.00000      0.00000
     -2.62000      0.00000      0.00000
     -2.61000      0.00105      0.00105
     -2.60000      0.04293      0.04293
     -2.59000      0.64689      0.64689
     -2.58000      3.58599      3.58599
     -2.57000      7.31301      7.31301
     -2.56000      5.48825      5.48825
     -2.55000      1.56752      1.56752
     -2.54000      0.74934      0.74934
     -2.53000      2.73880      2.73880
     -2.52000      5.45273      5.45273
     -2.51000      5.03516      5.03516
     -2.50000      3.40195      3.40195
     -2.49000      3.85231      3.85231
     -2.48000      2.91824      2.91824
     -2.47000      0.95849      0.95849
     -2.46000      0.97026      0.97026
     -2.45000      2.92347      2.92347
     -2.44000      3.57961      3.57961
     -2.43000      1.61729      1.61729
     -2.42000      0.34462      0.34462
     -2.41000      0.77269      0.77269
     -2.40000      2.74235      2.74235
     -2.39000      3.65693      3.65693
     -2.38000      1.79421      1.79421
     -2.37000      0.32384      0.32384
     -2.36000      0.02150      0.02150
     -2.35000      0.00068      0.00068
     -2.34000      0.00849      0.00849
     -2.33000      0.17121      0.17121
     -2.32000      1.31128      1.31128
     -2.31000      4.09577      4.09577
     -2.30000      6.13637      6.13637
     -2.29000      5.59778      5.59778
     -2.28000      4.71592      4.71592
     -2.27000      4.78081      4.78081
     -2.26000      6.33522      6.33522
     -2.25000     11.15994     11.15994
     -2.24000     12.42257     12.42257
     -2.23000      6.96624      6.96624
     -2.22000      1.78047      1.78047
     -2.21000      0.77015      0.77015
     -2.20000      3.43169      3.43169
     -2.19000      7.25029      7.25029
     -2.18000      5.64763      5.64763
     -2.17000      1.66830      1.66830
     -2.16000      0.74900      0.74900
     -2.15000      2.42904      2.42904
     -2.14000      3.73155      3.73155
     -2.13000      2.11451      2.11451
     -2.12000      0.44081      0.44081
     -2.11000      0.03381      0.03381
     -2.10000      0.00095      0.00095
     -2.09000      0.00000      0.00000
     -2.08000      0.00041      0.00041
     -2.07000      0.02150      0.02150
     -2.06000      0.43622      0.43622
     -2.05000      3.50378      3.50378
     -2.04000     11.17732     11.17732
     -2.03000     14.06962     14.06962
     -2.02000      6.89774      6.89774
     -2.01000      1.29824      1.29824
     -2.00000      0.09268      0.09268
     -1.99000      0.00389      0.00389
     -1.98000      0.04514      0.04514
     -1.97000      0.53487      0.53487
     -1.96000      2.33146      2.33146
     -1.95000      3.73864      3.73864
     -1.94000      2.20549      2.20549
     -1.93000      0.47939      0.47939
     -1.92000      0.07187      0.07187
     -1.91000      0.54771      0.54771
     -1.90000      3.26558      3.26558
     -1.89000      7.17768      7.17768
     -1.88000      5.81517      5.81517
     -1.87000      1.88343      1.88343
     -1.86000      1.03179      1.03179
     -1.85000      2.30452      2.30452
     -1.84000      4.24853      4.24853
     -1.83000      6.09369      6.09369
     -1.82000      8.05284      8.05284
     -1.81000      6.93980      6.93980
     -1.80000      3.55973      3.55973
     -1.79000      3.74080      3.74080
     -1.78000      4.74025      4.74025
     -1.77000      4.71419      4.71419
     -1.76000      3.36045      3.36045
     -1.75000      1.09693      1.09693
     -1.74000      0.13713      0.13713
     -1.73000      0.00635      0.00635
     -1.72000      0.00011      0.00011
     -1.71000      0.00000      0.00000
     -1.70000      0.00000      0.00000
     -1.69000      0.00054      0.00054
     -1.68000      0.02188      0.02188
     -1.67000      0.32772      0.32772
     -1.66000      1.80593      1.80593
     -1.65000      3.66105      3.66105
     -1.64000      2.73261      2.73261
     -1.63000      0.82609      0.82609
     -1.62000      1.03770      1.03770
     -1.61000      4.42504      4.42504
     -1.60000      7.47781      7.47781
     -1.59000      4.65167      4.65167
     -1.58000      1.06451      1.06451
     -1.57000      0.08990      0.08990
     -1.56000      0.01495      0.01495
     -1.55000      0.19291      0.19291
     -1.54000      1.12383      1.12383
     -1.53000      2.40898      2.40898
     -1.52000      1.89964      1.89964
     -1.51000      0.55242      0.55242
     -1.50000      0.10263      0.10263
     -1.49000      0.52669      0.52669
     -1.48000      2.30879      2.30879
     -1.47000      3.73949      3.73949
     -1.46000      2.22819      2.22819
     -1.45000      0.48843      0.48843
     -1.44000      0.03939      0.03939
     -1.43000      0.00117      0.00117
     -1.42000      0.00000      0.00000
     -1.41000      0.00000      0.00000
     -1.40000      0.00000      0.00000
     -1.39000      0.00000      0.00000
     -1.38000      0.00038      0.00038
     -1.37000      0.01953      0.01953
     -1.36000      0.37274      0.37274
     -1.35000      2.61762      2.61762
     -1.34000      6.76252      6.76252
     -1.33000      6.42712      6.42712
     -1.32000      2.24714      2.24714
     -1.31000      0.28903      0.28903
     -1.30000      0.01368      0.01368
     -1.29000      0.00024      0.00024
     -1.28000      0.00000      0.00000
     -1.27000      0.00005      0.00005
     -1.26000      0.00340      0.00340
     -1.25000      0.08710      0.08710
     -1.24000      0.81998      0.81998
     -1.23000      2.83970      2.83970
     -1.22000      3.61781      3.61781
     -1.21000      1.69561      1.69561
     -1.20000      0.29235      0.29235
     -1.19000      0.01854      0.01854
     -1.18000      0.00043      0.00043
     -1.17000      0.00000      0.00000
     -1.16000      0.00000      0.00000
     -1.15000      0.00021      0.00021
     -1.14000      0.01052      0.01052
     -1.13000      0.19665      0.19665
     -1.12000      1.35457      1.35457
     -1.11000      3.48562      3.48562
     -1.10000      3.64949      3.64949
     -1.09000      2.24173      2.24173
     -1.08000      1.17108      1.17108
     -1.07000      0.34690      0.34690
     -1.06000      0.04136      0.04136
     -1.05000      0.00184      0.00184
     -1.04000      0.00003      0.00003
     -1.03000      0.00000      0.00000
     -1.02000      0.00000      0.00000
     -1.01000      0.00000      0.00000
     -1.00000      0.00000      0.00000
     -0.99000      0.00000      0.00000
     -0.98000      0.00000      0.00000
     -0.97000      0.00000      0.00000
     -0.96000      0.00000      0.00000
     -0.95000      0.00000      0.00000
     -0.94000      0.00000      0.00000
     -0.93000      0.00000      0.00000
     -0.92000      0.00073      0.00073
     -0.91000      0.02763      0.02763
     -0.90000      0.38447      0.38447
     -0.89000      1.96833      1.96833
     -0.88000      3.70712      3.70712
     -0.87000      2.56851      2.56851
     -0.86000      0.65468      0.65468
     -0.85000      0.06139      0.06139
     -0.84000      0.00212      0.00212
     -0.83000      0.00003      0.00003
     -0.82000      0.00000      0.00000
     -0.81000      0.00000      0.00000
     -0.80000      0.00000      0.00000
     -0.79000      0.00000      0.00000
     -0.78000      0.00000      0.00000
     -0.77000      0.00000      0.00000
     -0.76000      0.00000      0.00000
     -0.75000      0.00000      0.00000
     -0.74000      0.00000      0.00000
     -0.73000      0.00043      0.00043
     -0.72000      0.01856      0.01856
     -0.71000      0.29251      0.29251
     -0.70000      1.69610      1.69610
     -0.69000      3.61803      3.61803
     -0.68000      2.83922      2.83922
     -0.67000      0.81965      0.81965
     -0.66000      0.08705      0.08705
     -0.65000      0.00340      0.00340
     -0.64000      0.00005      0.00005
     -0.63000      0.00000      0.00000
     -0.62000      0.00000      0.00000
     -0.61000      0.00001      0.00001
     -0.60000      0.00128      0.00128
     -0.59000      0.04222      0.04222
     -0.58000      0.51162      0.51162
     -0.57000      2.28066      2.28066
     -0.56000      3.74003      3.74003
     -0.55000      2.25629      2.25629
     -0.54000      0.50075      0.50075
     -0.53000      0.04088      0.04088
     -0.52000      0.00123      0.00123
     -0.51000      0.00000      0.00000
     -0.50000      0.00000      0.00000
     -0.49000      0.00000      0.00000
     -0.48000      0.00000      0.00000
     -0.47000      0.00063      0.00063
     -0.46000      0.02467      0.02467
     -0.45000      0.35583      0.35583
     -0.44000      1.88846      1.88846
     -0.43000      3.68702      3.68702
     -0.42000      2.64819      2.64819
     -0.41000      0.69972      0.69972
     -0.40000      0.06802      0.06802
     -0.39000      0.00243      0.00243
     -0.38000      0.00003      0.00003
     -0.37000      0.00002      0.00002
     -0.36000      0.00137      0.00137
     -0.35000      0.04448      0.04448
     -0.34000      0.52964      0.52964
     -0.33000      2.32018      2.32018
     -0.32000      3.73911      3.73911
     -0.31000      2.21677      2.21677
     -0.30000      0.48452      0.48452
     -0.29000      0.07499      0.07499
     -0.28000      0.46272      0.46272
     -0.27000      2.16513      2.16513
     -0.26000      3.73620      3.73620
     -0.25000      2.37182      2.37182
     -0.24000      0.55391      0.55391
     -0.23000      0.04759      0.04759
     -0.22000      0.00150      0.00150
     -0.21000      0.00138      0.00138
     -0.20000      0.04996      0.04996
     -0.19000      0.68998      0.68998
     -0.18000      3.61153      3.61153
     -0.17000      7.18976      7.18976
     -0.16000      5.45299      5.45299
     -0.15000      1.57454      1.57454
     -0.14000      0.17260      0.17260
     -0.13000      0.00715      0.00715
     -0.12000      0.00011      0.00011
     -0.11000      0.00000      0.00000
     -0.10000      0.00000      0.00000
     -0.09000      0.00035      0.00035
     -0.08000      0.01573      0.01573
     -0.07000      0.26073      0.26073
     -0.06000      1.58997      1.58997
     -0.05000      3.56686      3.56686
     -0.04000      2.94366      2.94366
     -0.03000      0.89371      0.89371
     -0.02000      0.09982      0.09982
     -0.01000      0.00410      0.00410
      0.00000      0.00006      0.00006
      0.01000      0.00000      0.00000
      0.02000      0.00000      0.00000
      0.03000      0.00000      0.00000
      0.04000      0.00000      0.00000
      0.05000      0.00000      0.00000
      0.06000      0.00000      0.00000
      0.07000      0.00000      0.00000
      0.08000      0.00000      0.00000
      0.09000      0.00000      0.00000
      0.10000      0.00000      0.00000
      0.11000      0.00000      0.00000
      0.12000      0.00000      0.00000
      0.13000      0.00022      0.00022
      0.14000      0.01086      0.01086
      0.15000      0.20165      0.20165
      0.16000      1.39410      1.39410
      0.17000      3.79383      3.79383
      0.18000      5.07712      5.07712
      0.19000      4.76571      4.76571
      0.20000      2.75068      2.75068
      0.21000      0.68803      0.68803
      0.22000      0.06754      0.06754
      0.23000      0.07442      0.07442
      0.24000      0.92078      0.92078
      0.25000      4.32451      4.32451
      0.26000      7.47196      7.47196
      0.27000      4.74939      4.74939
      0.28000      1.11057      1.11057
      0.29000      0.09625      0.09625
      0.30000      0.03020      0.03020
      0.31000      0.38023      0.38023
      0.32000      1.95667      1.95667
      0.33000      3.70449      3.70449
      0.34000      2.58015      2.58015
      0.35000      0.66142      0.66142
      0.36000      0.07950      0.07950
      0.37000      0.34247      0.34247
      0.38000      2.47971      2.47971
      0.39000      6.64688      6.64688
      0.40000      6.55472      6.55472
      0.41000      2.38603      2.38603
      0.42000      0.51700      0.51700
      0.43000      1.80316      1.80316
      0.44000      5.88782      5.88782
      0.45000      7.13360      7.13360
      0.46000      3.17972      3.17972
      0.47000      0.52141      0.52141
      0.48000      0.03145      0.03145
      0.49000      0.00070      0.00070
      0.50000      0.00000      0.00000
      0.51000      0.00000      0.00000
      0.52000      0.00000      0.00000
      0.53000      0.00000      0.00000
      0.54000      0.00000      0.00000
      0.55000      0.00000      0.00000
      0.56000      0.00000      0.00000
      0.57000      0.00000      0.00000
      0.58000      0.00000      0.00000
      0.59000      0.00000      0.00000
      0.60000      0.00000      0.00000
      0.61000      0.00000      0.00000
      0.62000      0.00000      0.00000
      0.63000      0.00000      0.00000
      0.64000      0.00000      0.00000
      0.65000      0.00000      0.00000
      0.66000      0.00000      0.00000
      0.67000      0.00000      0.00000
      0.68000      0.00000      0.00000
      0.69000      0.00000      0.00000
      0.70000      0.00000      0.00000
      0.71000      0.00000      0.00000
      0.72000      0.00000      0.00000
      0.73000      0.00000      0.00000
      0.74000      0.00000      0.00000
      0.75000      0.00000      0.00000
      0.76000      0.00000      0.00000
      0.77000      0.00000      0.00000
      0.78000      0.00043      0.00043
      0.79000      0.02149      0.02149
      0.80000      0.39899      0.39899
      0.81000      2.72473      2.72473
      0.82000      6.84740      6.84740
      0.83000      6.40037      6.40037
      0.84000      3.08719      3.08719
      0.85000      4.64209      4.64209
      0.86000      7.70623      7.70623
      0.87000      6.16158      6.16158
      0.88000      4.74696      4.74696
      0.89000      4.45189      4.45189
      0.90000      4.36138      4.36138
      0.91000      3.37247      3.37247
      0.92000      1.16673      1.16673
      0.93000      0.16058      0.16058
      0.94000      0.16762      0.16762
      0.95000      1.19616      1.19616
      0.96000      3.28393      3.28393
      0.97000      3.31705      3.31705
      0.98000      1.23260      1.23260
      0.99000      0.17006      0.17006
      1.00000      0.05750      0.05750
      1.01000      0.56511      0.56511
      1.02000      2.39473      2.39473
      1.03000      3.73428      3.73428
      1.04000      2.14221      2.14221
      1.05000      0.45209      0.45209
      1.06000      0.03510      0.03510
      1.07000      0.00100      0.00100
      1.08000      0.00000      0.00000
      1.09000      0.00000      0.00000
      1.10000      0.00000      0.00000
      1.11000      0.00000      0.00000
      1.12000      0.00010      0.00010
      1.13000      0.00607      0.00607
      1.14000      0.13263      0.13263
      1.15000      1.06621      1.06621
      1.16000      3.15316      3.15316
      1.17000      3.43049      3.43049
      1.18000      1.37301      1.37301
      1.19000      0.20216      0.20216
      1.20000      0.01095      0.01095
      1.21000      0.00022      0.00022
      1.22000      0.00000      0.00000
      1.23000      0.00000      0.00000
      1.24000      0.00000      0.00000
      1.25000      0.00000      0.00000
      1.26000      0.00000      0.00000
      1.27000      0.00000      0.00000
      1.28000      0.00104      0.00104
      1.29000      0.03617      0.03617
      1.30000      0.46163      0.46163
      1.31000      2.17865      2.17865
      1.32000      3.97810      3.97810
      1.33000      3.90731      3.90731
      1.34000      4.30133      4.30133
      1.35000      4.49491      4.49491
      1.36000      4.49341      4.49341
      1.37000      3.69032      3.69032
      1.38000      2.18388      2.18388
      1.39000      1.19860      1.19860
      1.40000      1.10050      1.10050
      1.41000      4.29138      4.29138
      1.42000      9.44276      9.44276
      1.43000      8.96018      8.96018
      1.44000      3.85316      3.85316
      1.45000      0.80485      0.80485
      1.46000      0.90212      0.90212
      1.47000      4.13201      4.13201
      1.48000      7.45002      7.45002
      1.49000      4.94424      4.94424
      1.50000      1.23120      1.23120
      1.51000      0.54391      0.54391
      1.52000      2.87414      2.87414
      1.53000      7.03332      7.03332
      1.54000      7.16904      7.16904
      1.55000      6.29123      6.29123
      1.56000      7.47990      7.47990
      1.57000      4.82121      4.82121
      1.58000      1.31273      1.31273
      1.59000      0.80993      0.80993
      1.60000      2.62730      2.62730
      1.61000      3.69410      3.69410
      1.62000      1.91440      1.91440
      1.63000      0.37497      0.37497
      1.64000      0.21594      0.21594
      1.65000      1.32589      1.32589
      1.66000      3.39427      3.39427
      1.67000      3.19820      3.19820
      1.68000      1.10859      1.10859
      1.69000      0.14136      0.14136
      1.70000      0.00663      0.00663
      1.71000      0.00034      0.00034
      1.72000      0.01330      0.01330
      1.73000      0.28337      0.28337
      1.74000      2.22022      2.22022
      1.75000      6.39954      6.39954
      1.76000      6.78602      6.78602
      1.77000      2.65337      2.65337
      1.78000      0.50070      0.50070
      1.79000      0.87826      0.87826
      1.80000      2.24292      2.24292
      1.81000      2.15571      2.15571
      1.82000      0.76234      0.76234
      1.83000      0.09918      0.09918
      1.84000      0.00475      0.00475
      1.85000      0.00016      0.00016
      1.86000      0.00472      0.00472
      1.87000      0.11245      0.11245
      1.88000      1.01273      1.01273
      1.89000      3.59502      3.59502
      1.90000      5.46509      5.46509
      1.91000      3.90579      3.90579
      1.92000      1.32331      1.32331
      1.93000      0.21088      0.21088
      1.94000      0.27900      0.27900
      1.95000      1.61384      1.61384
      1.96000      3.58034      3.58034
      1.97000      2.96203      2.96203
      1.98000      1.38268      1.38268
      1.99000      2.36489      2.36489
      2.00000      3.74402      3.74402
      2.01000      2.26897      2.26897
      2.02000      0.50885      0.50885
      2.03000      0.11111      0.11111
      2.04000      0.71106      0.71106
      2.05000      2.66540      2.66540
      2.06000      3.68203      3.68203
      2.07000      1.87120      1.87120
      2.08000      0.34983      0.34983
      2.09000      0.02406      0.02406
      2.10000      0.00061      0.00061
      2.11000      0.00000      0.00000
      2.12000      0.00000      0.00000
      2.13000      0.00000      0.00000
      2.14000      0.00000      0.00000
      2.15000      0.00013      0.00013
      2.16000      0.00713      0.00713
      2.17000      0.14952      0.14952
      2.18000      1.16847      1.16847
      2.19000      3.63565      3.63565
      2.20000      5.94565      5.94565
      2.21000      7.76817      7.76817
      2.22000      6.57109      6.57109
      2.23000      2.48356      2.48356
      2.24000      0.37382      0.37382
      2.25000      0.03766      0.03766
      2.26000      0.26420      0.26420
      2.27000      1.60173      1.60173
      2.28000      3.62055      3.62055
      2.29000      3.49334      3.49334
      2.30000      3.27017      3.27017
      2.31000      3.83375      3.83375
      2.32000      2.15712      2.15712
      2.33000      0.45663      0.45663
      2.34000      0.03566      0.03566
      2.35000      0.00424      0.00424
      2.36000      0.08356      0.08356
      2.37000      0.79890      0.79890
      2.38000      2.82156      2.82156
      2.39000      3.84279      3.84279
      2.40000      2.91192      2.91192
      2.41000      2.79533      2.79533
      2.42000      2.50743      2.50743
      2.43000      3.06586      3.06586
      2.44000      3.76457      3.76457
      2.45000      2.02696      2.02696
      2.46000      0.84164      0.84164
      2.47000      2.06249      2.06249
      2.48000      4.31215      4.31215
      2.49000      5.11604      5.11604
      2.50000      4.26410      4.26410
      2.51000      6.14194      6.14194
      2.52000      9.25183      9.25183
      2.53000      7.63770      7.63770
      2.54000      3.58434      3.58434
      2.55000      1.03523      1.03523
      2.56000      1.42755      1.42755
      2.57000      3.47713      3.47713
      2.58000      4.09345      4.09345
      2.59000      6.02536      6.02536
      2.60000     10.59481     10.59481
      2.61000      8.65161      8.65161
      2.62000      2.75907      2.75907
      2.63000      0.34014      0.34014
      2.64000      0.12022      0.12022
      2.65000      0.92175      0.92175
      2.66000      2.98046      2.98046
      2.67000      3.54634      3.54634
      2.68000      1.55233      1.55233
      2.69000      0.24997      0.24997
      2.70000      0.01481      0.01481
      2.71000      0.00089      0.00089
      2.72000      0.02278      0.02278
      2.73000      0.33694      0.33694
      2.74000      1.83349      1.83349
      2.75000      3.67055      3.67055
      2.76000      2.71426      2.71426
      2.77000      0.94004      0.94004
      2.78000      1.49810      1.49810
      2.79000      4.06755      4.06755
      2.80000      7.75031      7.75031
      2.81000     15.24642     15.24642
      2.82000     19.89482     19.89482
      2.83000     13.97068     13.97068
      2.84000      7.03375      7.03375
      2.85000      3.89591      3.89591
      2.86000      1.92025      1.92025
      2.87000      3.97842      3.97842
      2.88000      9.81403      9.81403
      2.89000     10.78337     10.78337
      2.90000      7.08265      7.08265
      2.91000      5.32053      5.32053
      2.92000      6.75975      6.75975
      2.93000      9.32497      9.32497
      2.94000      7.52608      7.52608
      2.95000      3.55809      3.55809
      2.96000      0.93785      0.93785
      2.97000      0.11238      0.11238
      2.98000      0.00533      0.00533
      2.99000      0.00010      0.00010
      3.00000      0.00000      0.00000
      3.01000      0.00052      0.00052
      3.02000      0.02498      0.02498
      3.03000      0.44499      0.44499
      3.04000      2.94669      2.94669
      3.05000      7.53153      7.53153
      3.06000      8.59466      8.59466
      3.07000      6.27691      6.27691
      3.08000      5.02338      5.02338
      3.09000      5.33618      5.33618
      3.10000      3.44160      3.44160
      3.11000      0.90763      0.90763
      3.12000      0.09233      0.09233
      3.13000      0.00893      0.00893
      3.14000      0.14574      0.14574
      3.15000      1.46272      1.46272
      3.16000      5.40529      5.40529
      3.17000      7.42536      7.42536
      3.18000      4.75851      4.75851
      3.19000      6.08189      6.08189
      3.20000     10.56814     10.56814
      3.21000      8.59729      8.59729
      3.22000      4.71973      4.71973
      3.23000      4.06431      4.06431
      3.24000      2.40392      2.40392
      3.25000      0.56159      0.56159
      3.26000      0.04855      0.04855
      3.27000      0.00154      0.00154
      3.28000      0.00043      0.00043
      3.29000      0.01777      0.01777
      3.30000      0.28381      0.28381
      3.31000      1.66774      1.66774
      3.32000      3.60530      3.60530
      3.33000      2.86721      2.86721
      3.34000      0.83885      0.83885
      3.35000      0.09028      0.09028
      3.36000      0.00357      0.00357
      3.37000      0.00005      0.00005
      3.38000      0.00003      0.00003
      3.39000      0.00200      0.00200
      3.40000      0.05883      0.05883
      3.41000      0.63679      0.63679
      3.42000      2.53557      2.53557
      3.43000      3.71761      3.71761
      3.44000      2.09217      2.09217
      3.45000      1.23866      1.23866
      3.46000      2.90055      2.90055
      3.47000      3.60401      3.60401
      3.48000      1.66327      1.66327
      3.49000      0.28245      0.28245
      3.50000      0.01764      0.01764
      3.51000      0.00041      0.00041
      3.52000      0.00000      0.00000
      3.53000      0.00000      0.00000
      3.54000      0.00000      0.00000
      3.55000      0.00000      0.00000
      3.56000      0.00000      0.00000
      3.57000      0.00000      0.00000
      3.58000      0.00000      0.00000
      3.59000      0.00000      0.00000
      3.60000      0.00000      0.00000
      3.61000      0.00000      0.00000
      3.62000      0.00000      0.00000
      3.63000      0.00000      0.00000
      3.64000      0.00000      0.00000
      3.65000      0.00000      0.00000
      3.66000      0.00000      0.00000
      3.67000      0.00000      0.00000
      3.68000      0.00000      0.00000
      3.69000      0.00000      0.00000
      3.70000      0.00000      0.00000
      3.71000      0.00000      0.00000
      3.72000      0.00000      0.00000
      3.73000      0.00000      0.00000
      3.74000      0.00000      0.00000
      3.75000      0.00000      0.00000
      3.76000      0.00000      0.00000
      3.77000      0.00000      0.00000
      3.78000      0.00000      0.00000
      3.79000      0.00000      0.00000
      3.80000      0.00000      0.00000
      3.81000      0.00000      0.00000
      3.82000      0.00000      0.00000
      3.83000      0.00000      0.00000
      3.84000      0.00000      0.00000
      3.85000      0.00046      0.00046
      3.86000      0.02269      0.02269
      3.87000      0.41456      0.41456
      3.88000      2.78652      2.78652
      3.89000      6.89029      6.89029
      3.90000      6.26785      6.26785
      3.91000      2.09752      2.09752
      3.92000      0.25822      0.25822
      3.93000      0.01169      0.01169
      3.94000      0.00019      0.00019
      3.95000      0.00000      0.00000
      3.96000      0.00000      0.00000
      3.97000      0.00000      0.00000
      3.98000      0.00000      0.00000
      3.99000      0.00000      0.00000
      4.00000      0.00000      0.00000
      4.01000      0.00000      0.00000
      4.02000      0.00000      0.00000
      4.03000      0.00000      0.00000
      4.04000      0.00000      0.00000
      4.05000      0.00000      0.00000
      4.06000      0.00000      0.00000
      4.07000      0.00000      0.00000
      4.08000      0.00000      0.00000
      4.09000      0.00000      0.00000
      4.10000      0.00009      0.00009
      4.11000      0.00649      0.00649
      4.12000      0.16829      0.16829
      4.13000      1.60449      1.60449
      4.14000      5.63844      5.63844
      4.15000      7.51260      7.51260
      4.16000      5.44000      5.44000
      4.17000      6.59035      6.59035
      4.18000      6.94294      6.94294
      4.19000      3.20765      3.20765
      4.20000      2.04531      2.04531
      4.21000      5.56455      5.56455
      4.22000      7.63940      7.63940
      4.23000      5.38750      5.38750
      4.24000      4.30671      4.30671
