Energy-E_F (eV)    DOS (1/eV)    PDOS (1/eV)  of atom type Tl 
     -4.99000      0.02589      0.00000
     -4.98000      0.00167      0.00000
     -4.97000      0.00370      0.00000
     -4.96000      0.04634      0.00000
     -4.95000      0.21562      0.00000
     -4.94000      0.36913      0.00000
     -4.93000      0.23247      0.00000
     -4.92000      0.05386      0.00000
     -4.91000      0.00459      0.00000
     -4.90000      0.00017      0.00000
     -4.89000      0.00135      0.00000
     -4.88000      0.02856      0.00000
     -4.87000      0.22202      0.00000
     -4.86000      0.63486      0.00000
     -4.85000      0.66783      0.00000
     -4.84000      0.25849      0.00000
     -4.83000      0.03934      0.00000
     -4.82000      0.05312      0.00000
     -4.81000      0.39086      0.00000
     -4.80000      1.15185      0.00000
     -4.79000      1.34136      0.00000
     -4.78000      0.63667      0.00000
     -4.77000      0.18150      0.00000
     -4.76000      0.34797      0.00000
     -4.75000      0.73720      0.00000
     -4.74000      0.79877      0.00000
     -4.73000      1.20685      0.00000
     -4.72000      1.79067      0.00000
     -4.71000      1.19091      0.00000
     -4.70000      0.32053      0.00000
     -4.69000      0.03476      0.00000
     -4.68000      0.00169      0.00000
     -4.67000      0.00592      0.00000
     -4.66000      0.07343      0.00000
     -4.65000      0.39864      0.00000
     -4.64000      1.04235      0.00000
     -4.63000      1.31029      0.00000
     -4.62000      0.76802      0.00000
     -4.61000      0.55900      0.00000
     -4.60000      1.22758      0.00000
     -4.59000      1.75852      0.00000
     -4.58000      1.39666      0.00000
     -4.57000      0.59678      0.00000
     -4.56000      0.16806      0.00000
     -4.55000      0.32603      0.00000
     -4.54000      0.70648      0.00000
     -4.53000      0.58476      0.00000
     -4.52000      0.25601      0.00000
     -4.51000      0.42296      0.00000
     -4.50000      0.73592      0.00000
     -4.49000      0.49264      0.00000
     -4.48000      0.12369      0.00000
     -4.47000      0.05238      0.00000
     -4.46000      0.28043      0.00000
     -4.45000      0.73308      0.00000
     -4.44000      0.91338      0.00000
     -4.43000      0.91313      0.00000
     -4.42000      0.85163      0.00000
     -4.41000      0.67895      0.00000
     -4.40000      1.00926      0.00000
     -4.39000      2.68023      0.00000
     -4.38000      4.16236      0.00000
     -4.37000      3.52642      0.00000
     -4.36000      2.11125      0.00000
     -4.35000      1.40836      0.00000
     -4.34000      0.81175      0.00000
     -4.33000      0.26066      0.00000
     -4.32000      0.33256      0.00000
     -4.31000      0.95520      0.00000
     -4.30000      1.27289      0.00000
     -4.29000      1.27920      0.00000
     -4.28000      1.67164      0.00000
     -4.27000      1.61736      0.00000
     -4.26000      1.37452      0.00000
     -4.25000      1.43303      0.00000
     -4.24000      0.99069      0.00000
     -4.23000      0.88128      0.00000
     -4.22000      1.74225      0.00000
     -4.21000      2.33504      0.00000
     -4.20000      2.20908      0.00000
     -4.19000      2.00825      0.00000
     -4.18000      1.97577      0.00000
     -4.17000      1.87746      0.00000
     -4.16000      1.74798      0.00000
     -4.15000      1.52657      0.00000
     -4.14000      1.18639      0.00000
     -4.13000      0.82534      0.00000
     -4.12000      0.38282      0.00000
     -4.11000      0.31282      0.00000
     -4.10000      0.54143      0.00000
     -4.09000      0.77863      0.00000
     -4.08000      0.75279      0.00000
     -4.07000      0.35502      0.00000
     -4.06000      0.30289      0.00000
     -4.05000      0.96950      0.00000
     -4.04000      2.12885      0.00000
     -4.03000      3.13019      0.00000
     -4.02000      3.49436      0.00000
     -4.01000      3.30505      0.00000
     -4.00000      2.66980      0.00000
     -3.99000      1.87398      0.00000
     -3.98000      1.47809      0.00000
     -3.97000      1.59786      0.00000
     -3.96000      1.53922      0.00000
     -3.95000      1.82876      0.00000
     -3.94000      2.15473      0.00000
     -3.93000      1.78171      0.00000
     -3.92000      1.63466      0.00000
     -3.91000      1.78752      0.00000
     -3.90000      2.06596      0.00000
     -3.89000      2.98087      0.00000
     -3.88000      3.13262      0.00000
     -3.87000      2.04151      0.00000
     -3.86000      1.47251      0.00000
     -3.85000      2.01283      0.00000
     -3.84000      3.01350      0.00000
     -3.83000      2.78027      0.00000
     -3.82000      1.88485      0.00000
     -3.81000      1.28479      0.00000
     -3.80000      1.02632      0.00000
     -3.79000      1.55531      0.00000
     -3.78000      2.38475      0.00000
     -3.77000      2.56521      0.00000
     -3.76000      1.88153      0.00000
     -3.75000      1.45559      0.00000
     -3.74000      1.31061      0.00000
     -3.73000      1.24292      0.00000
     -3.72000      1.33019      0.00000
     -3.71000      1.51700      0.00000
     -3.70000      2.59493      0.00000
     -3.69000      4.09695      0.00000
     -3.68000      4.13290      0.00000
     -3.67000      2.74240      0.00000
     -3.66000      1.51672      0.00000
     -3.65000      0.88992      0.00000
     -3.64000      1.64331      0.00000
     -3.63000      4.04425      0.00000
     -3.62000      5.30598      0.00000
     -3.61000      3.79533      0.00000
     -3.60000      3.14133      0.00000
     -3.59000      3.93518      0.00000
     -3.58000      4.50253      0.00000
     -3.57000      3.91663      0.00000
     -3.56000      3.41297      0.00000
     -3.55000      3.01815      0.00000
     -3.54000      2.11579      0.00000
     -3.53000      2.08746      0.00000
     -3.52000      3.96929      0.00000
     -3.51000      5.31915      0.00000
     -3.50000      4.32672      0.00000
     -3.49000      2.72130      0.00000
     -3.48000      2.10677      0.00000
     -3.47000      2.74700      0.00000
     -3.46000      3.07189      0.00000
     -3.45000      2.62438      0.00000
     -3.44000      3.05090      0.00000
     -3.43000      3.94516      0.00000
     -3.42000      3.61139      0.00000
     -3.41000      2.27678      0.00000
     -3.40000      1.39695      0.00000
     -3.39000      1.51741      0.00000
     -3.38000      2.46529      0.00000
     -3.37000      3.45027      0.00000
     -3.36000      2.85788      0.00000
     -3.35000      2.45189      0.00000
     -3.34000      3.21752      0.00000
     -3.33000      3.29185      0.00000
     -3.32000      2.35438      0.00000
     -3.31000      1.88509      0.00000
     -3.30000      2.05636      0.00000
     -3.29000      2.75030      0.00000
     -3.28000      3.72083      0.00000
     -3.27000      3.95252      0.00000
     -3.26000      3.51795      0.00000
     -3.25000      2.89630      0.00000
     -3.24000      2.26417      0.00000
     -3.23000      2.00538      0.00000
     -3.22000      2.46459      0.00000
     -3.21000      3.00380      0.00000
     -3.20000      2.44215      0.00000
     -3.19000      2.00177      0.00000
     -3.18000      2.14645      0.00000
     -3.17000      1.98176      0.00000
     -3.16000      1.50036      0.00000
     -3.15000      1.11567      0.00000
     -3.14000      0.93859      0.00000
     -3.13000      0.78552      0.00000
     -3.12000      0.86931      0.00000
     -3.11000      0.89138      0.00000
     -3.10000      0.99624      0.00000
     -3.09000      1.37877      0.00000
     -3.08000      2.31064      0.00000
     -3.07000      3.25958      0.00000
     -3.06000      4.04327      0.00000
     -3.05000      4.34562      0.00000
     -3.04000      4.26716      0.00000
     -3.03000      3.83374      0.00000
     -3.02000      2.91456      0.00000
     -3.01000      2.74082      0.00000
     -3.00000      2.55149      0.00000
     -2.99000      1.61714      0.00000
     -2.98000      1.03758      0.00000
     -2.97000      1.98812      0.00000
     -2.96000      3.36791      0.00000
     -2.95000      2.93172      0.00000
     -2.94000      2.21086      0.00000
     -2.93000      2.14115      0.00000
     -2.92000      1.92294      0.00000
     -2.91000      2.59510      0.00000
     -2.90000      3.11396      0.00000
     -2.89000      2.20491      0.00000
     -2.88000      1.46481      0.00000
     -2.87000      1.70142      0.00000
     -2.86000      2.35428      0.00000
     -2.85000      2.13250      0.00000
     -2.84000      0.86494      0.00000
     -2.83000      0.36577      0.00000
     -2.82000      1.01093      0.00000
     -2.81000      1.81213      0.00000
     -2.80000      2.10188      0.00000
     -2.79000      2.27621      0.00000
     -2.78000      1.78923      0.00000
     -2.77000      1.07485      0.00000
     -2.76000      1.24699      0.00000
     -2.75000      1.63823      0.00000
     -2.74000      1.35101      0.00000
     -2.73000      1.09568      0.00000
     -2.72000      1.42921      0.00000
     -2.71000      2.14700      0.00000
     -2.70000      2.31903      0.00000
     -2.69000      2.47281      0.00000
     -2.68000      2.39769      0.00000
     -2.67000      1.73931      0.00000
     -2.66000      1.35313      0.00000
     -2.65000      0.81321      0.00000
     -2.64000      0.21369      0.00000
     -2.63000      0.02222      0.00000
     -2.62000      0.02505      0.00000
     -2.61000      0.24436      0.00000
     -2.60000      1.00165      0.00000
     -2.59000      1.90754      0.00000
     -2.58000      2.40796      0.00000
     -2.57000      2.97592      0.00000
     -2.56000      3.07440      0.00000
     -2.55000      2.65275      0.00000
     -2.54000      3.10719      0.00000
     -2.53000      4.10042      0.00000
     -2.52000      4.17255      0.00000
     -2.51000      3.02238      0.00000
     -2.50000      1.77666      0.00000
     -2.49000      0.99735      0.00000
     -2.48000      0.96501      0.00000
     -2.47000      1.46144      0.00000
     -2.46000      1.63029      0.00000
     -2.45000      1.33450      0.00000
     -2.44000      1.29898      0.00000
     -2.43000      1.91251      0.00000
     -2.42000      2.07596      0.00000
     -2.41000      1.64238      0.00000
     -2.40000      1.42455      0.00000
     -2.39000      1.62591      0.00000
     -2.38000      1.76126      0.00000
     -2.37000      1.54888      0.00000
     -2.36000      2.07039      0.00000
     -2.35000      2.41621      0.00000
     -2.34000      1.92909      0.00000
     -2.33000      1.87185      0.00000
     -2.32000      1.92153      0.00000
     -2.31000      1.89101      0.00000
     -2.30000      1.70900      0.00000
     -2.29000      1.20816      0.00000
     -2.28000      1.51210      0.00000
     -2.27000      1.92292      0.00000
     -2.26000      1.72434      0.00000
     -2.25000      1.50248      0.00000
     -2.24000      1.35309      0.00000
     -2.23000      1.24228      0.00000
     -2.22000      1.64897      0.00000
     -2.21000      2.60892      0.00000
     -2.20000      3.76718      0.00000
     -2.19000      3.38872      0.00000
     -2.18000      2.32729      0.00000
     -2.17000      3.07408      0.00000
     -2.16000      3.71203      0.00000
     -2.15000      3.40005      0.00000
     -2.14000      2.91462      0.00000
     -2.13000      1.91262      0.00000
     -2.12000      1.64186      0.00000
     -2.11000      3.41601      0.00000
     -2.10000      5.15913      0.00000
     -2.09000      4.81722      0.00000
     -2.08000      3.07558      0.00000
     -2.07000      1.68520      0.00000
     -2.06000      1.53237      0.00000
     -2.05000      2.01417      0.00000
     -2.04000      2.79788      0.00000
     -2.03000      3.32218      0.00000
     -2.02000      2.63704      0.00000
     -2.01000      1.79126      0.00000
     -2.00000      1.84888      0.00000
     -1.99000      1.87713      0.00000
     -1.98000      1.65730      0.00000
     -1.97000      1.17535      0.00000
     -1.96000      0.98394      0.00000
     -1.95000      1.55951      0.00000
     -1.94000      2.08738      0.00000
     -1.93000      2.09787      0.00000
     -1.92000      2.08243      0.00000
     -1.91000      1.80237      0.00000
     -1.90000      1.45084      0.00000
     -1.89000      1.29151      0.00000
     -1.88000      1.86254      0.00000
     -1.87000      2.11315      0.00000
     -1.86000      1.55979      0.00000
     -1.85000      1.64862      0.00000
     -1.84000      2.58090      0.00000
     -1.83000      2.82018      0.00000
     -1.82000      1.92063      0.00000
     -1.81000      2.11012      0.00000
     -1.80000      2.92757      0.00000
     -1.79000      2.60427      0.00000
     -1.78000      1.83074      0.00000
     -1.77000      1.90415      0.00000
     -1.76000      2.35966      0.00000
     -1.75000      2.97008      0.00000
     -1.74000      3.28808      0.00000
     -1.73000      3.05717      0.00000
     -1.72000      2.39692      0.00000
     -1.71000      1.69790      0.00000
     -1.70000      1.56341      0.00000
     -1.69000      1.34497      0.00000
     -1.68000      1.21397      0.00000
     -1.67000      1.55591      0.00000
     -1.66000      1.81457      0.00000
     -1.65000      1.94017      0.00000
     -1.64000      2.01112      0.00000
     -1.63000      2.06259      0.00000
     -1.62000      1.43331      0.00000
     -1.61000      0.91809      0.00000
     -1.60000      1.19870      0.00000
     -1.59000      1.52145      0.00000
     -1.58000      1.74417      0.00000
     -1.57000      1.73120      0.00000
     -1.56000      1.65952      0.00000
     -1.55000      1.90762      0.00000
     -1.54000      1.58851      0.00000
     -1.53000      0.78730      0.00000
     -1.52000      0.21280      0.00000
     -1.51000      0.18923      0.00000
     -1.50000      0.91101      0.00000
     -1.49000      2.15444      0.00000
     -1.48000      2.27433      0.00000
     -1.47000      1.78668      0.00000
     -1.46000      3.34816      0.00000
     -1.45000      5.16852      0.00000
     -1.44000      3.98104      0.00000
     -1.43000      1.77857      0.00000
     -1.42000      0.60860      0.00000
     -1.41000      0.49323      0.00000
     -1.40000      0.96770      0.00000
     -1.39000      0.99894      0.00000
     -1.38000      0.83072      0.00000
     -1.37000      1.22341      0.00000
     -1.36000      1.42978      0.00000
     -1.35000      1.40291      0.00000
     -1.34000      1.97451      0.00000
     -1.33000      2.73380      0.00000
     -1.32000      2.65023      0.00000
     -1.31000      2.30150      0.00000
     -1.30000      2.22762      0.00000
     -1.29000      1.82380      0.00000
     -1.28000      1.27586      0.00000
     -1.27000      1.15706      0.00000
     -1.26000      2.00344      0.00000
     -1.25000      2.96947      0.00000
     -1.24000      3.32394      0.00000
     -1.23000      2.90741      0.00000
     -1.22000      1.85870      0.00000
     -1.21000      1.52548      0.00000
     -1.20000      2.39779      0.00000
     -1.19000      3.29389      0.00000
     -1.18000      3.54321      0.00000
     -1.17000      3.16024      0.00000
     -1.16000      2.89293      0.00000
     -1.15000      3.99429      0.00000
     -1.14000      4.86023      0.00000
     -1.13000      4.17537      0.00000
     -1.12000      3.82135      0.00000
     -1.11000      3.29193      0.00000
     -1.10000      2.07214      0.00000
     -1.09000      2.15359      0.00000
     -1.08000      3.06503      0.00000
     -1.07000      3.57014      0.00000
     -1.06000      3.64115      0.00000
     -1.05000      3.79843      0.00000
     -1.04000      3.48403      0.00000
     -1.03000      2.29501      0.00000
     -1.02000      1.30811      0.00000
     -1.01000      1.19363      0.00000
     -1.00000      1.66089      0.00000
     -0.99000      2.27892      0.00000
     -0.98000      2.06138      0.00000
     -0.97000      1.34221      0.00000
     -0.96000      1.69095      0.00000
     -0.95000      2.98950      0.00000
     -0.94000      3.08740      0.00000
     -0.93000      2.64090      0.00000
     -0.92000      3.08316      0.00000
     -0.91000      4.31806      0.00000
     -0.90000      4.74643      0.00000
     -0.89000      3.13256      0.00000
     -0.88000      1.28950      0.00000
     -0.87000      0.95104      0.00000
     -0.86000      1.12432      0.00000
     -0.85000      1.15119      0.00000
     -0.84000      1.59248      0.00000
     -0.83000      1.64674      0.00000
     -0.82000      1.14787      0.00000
     -0.81000      0.67519      0.00000
     -0.80000      0.72954      0.00000
     -0.79000      1.15346      0.00000
     -0.78000      1.31892      0.00000
     -0.77000      1.43399      0.00000
     -0.76000      1.66530      0.00000
     -0.75000      2.43798      0.00000
     -0.74000      3.67572      0.00000
     -0.73000      3.46481      0.00000
     -0.72000      2.76204      0.00000
     -0.71000      3.08315      0.00000
     -0.70000      2.70827      0.00000
     -0.69000      1.17769      0.00000
     -0.68000      0.21853      0.00000
     -0.67000      0.01968      0.00000
     -0.66000      0.05754      0.00000
     -0.65000      0.35086      0.00000
     -0.64000      0.91234      0.00000
     -0.63000      1.40287      0.00000
     -0.62000      2.16837      0.00000
     -0.61000      3.50400      0.00000
     -0.60000      4.22427      0.00000
     -0.59000      3.44489      0.00000
     -0.58000      2.69068      0.00000
     -0.57000      2.31981      0.00000
     -0.56000      1.35840      0.00000
     -0.55000      0.82155      0.00000
     -0.54000      1.47504      0.00000
     -0.53000      2.60038      0.00000
     -0.52000      2.39468      0.00000
     -0.51000      1.77384      0.00000
     -0.50000      2.50128      0.00000
     -0.49000      4.24623      0.00000
     -0.48000      4.65784      0.00000
     -0.47000      3.07159      0.00000
     -0.46000      1.82889      0.00000
     -0.45000      1.75545      0.00000
     -0.44000      1.97167      0.00000
     -0.43000      1.96364      0.00000
     -0.42000      1.48801      0.00000
     -0.41000      1.13617      0.00000
     -0.40000      1.22405      0.00000
     -0.39000      0.97534      0.00000
     -0.38000      0.98168      0.00000
     -0.37000      1.58970      0.00000
     -0.36000      1.44927      0.00000
     -0.35000      0.64153      0.00000
     -0.34000      0.66167      0.00000
     -0.33000      1.37791      0.00000
     -0.32000      1.57272      0.00000
     -0.31000      1.71650      0.00000
     -0.30000      1.80195      0.00000
     -0.29000      1.00849      0.00000
     -0.28000      0.68293      0.00000
     -0.27000      1.54930      0.00000
     -0.26000      2.66833      0.00000
     -0.25000      3.46115      0.00000
     -0.24000      3.63690      0.00000
     -0.23000      3.12845      0.00000
     -0.22000      2.73164      0.00000
     -0.21000      2.09298      0.00000
     -0.20000      1.38839      0.00000
     -0.19000      1.96401      0.00000
     -0.18000      4.07088      0.00000
     -0.17000      4.97012      0.00000
     -0.16000      3.30799      0.00000
     -0.15000      1.62751      0.00000
     -0.14000      1.19361      0.00000
     -0.13000      1.74327      0.00000
     -0.12000      2.78948      0.00000
     -0.11000      4.14301      0.00000
     -0.10000      4.92545      0.00000
     -0.09000      4.13160      0.00000
     -0.08000      2.87723      0.00000
     -0.07000      2.37571      0.00000
     -0.06000      2.14805      0.00000
     -0.05000      1.55959      0.00000
     -0.04000      1.13988      0.00000
     -0.03000      2.19297      0.00000
     -0.02000      3.87912      0.00000
     -0.01000      4.41947      0.00000
     -0.00000      4.19584      0.00000
      0.01000      3.00382      0.00000
      0.02000      1.57852      0.00000
      0.03000      1.26663      0.00000
      0.04000      1.61862      0.00000
      0.05000      1.63290      0.00000
      0.06000      1.14349      0.00000
      0.07000      0.98834      0.00000
      0.08000      1.13926      0.00000
      0.09000      1.74883      0.00000
      0.10000      2.06274      0.00000
      0.11000      1.50101      0.00000
      0.12000      0.98751      0.00000
      0.13000      0.75000      0.00000
      0.14000      1.30129      0.00000
      0.15000      2.06415      0.00000
      0.16000      2.30412      0.00000
      0.17000      2.40290      0.00000
      0.18000      1.77509      0.00000
      0.19000      0.96141      0.00000
      0.20000      1.17622      0.00000
      0.21000      2.73619      0.00000
      0.22000      4.10347      0.00000
      0.23000      4.72744      0.00000
      0.24000      4.90739      0.00000
      0.25000      4.03487      0.00000
      0.26000      2.31794      0.00000
      0.27000      1.18391      0.00000
      0.28000      1.38339      0.00000
      0.29000      2.14535      0.00000
      0.30000      1.98860      0.00000
      0.31000      1.10256      0.00000
      0.32000      0.85664      0.00000
      0.33000      0.84513      0.00000
      0.34000      1.03289      0.00000
      0.35000      1.28250      0.00000
      0.36000      1.06538      0.00000
      0.37000      0.93364      0.00000
      0.38000      1.19786      0.00000
      0.39000      1.11496      0.00000
      0.40000      0.61374      0.00000
      0.41000      0.60828      0.00000
      0.42000      1.66420      0.00000
      0.43000      3.18225      0.00000
      0.44000      3.35902      0.00000
      0.45000      2.33397      0.00000
      0.46000      2.35042      0.00000
      0.47000      2.53450      0.00000
      0.48000      2.10354      0.00000
      0.49000      1.50663      0.00000
      0.50000      1.23772      0.00000
      0.51000      2.13684      0.00000
      0.52000      3.67842      0.00000
      0.53000      4.02222      0.00000
      0.54000      3.72918      0.00000
      0.55000      4.31823      0.00000
