Energy-E_F (eV)    DOS (1/eV)    PDOS (1/eV)  of atom type W  
     -4.99000      2.66752      2.66752
     -4.98000      2.36186      2.36186
     -4.97000      2.81749      2.81749
     -4.96000      2.40630      2.40630
     -4.95000      1.08840      1.08840
     -4.94000      1.02058      1.02058
     -4.93000      2.08268      2.08268
     -4.92000      1.89982      1.89982
     -4.91000      1.29634      1.29634
     -4.90000      2.64028      2.64028
     -4.89000      4.29510      4.29510
     -4.88000      3.74569      3.74569
     -4.87000      1.92934      1.92934
     -4.86000      0.93777      0.93777
     -4.85000      1.63173      1.63173
     -4.84000      2.19081      2.19081
     -4.83000      1.14560      1.14560
     -4.82000      0.42807      0.42807
     -4.81000      0.88940      0.88940
     -4.80000      1.69132      1.69132
     -4.79000      2.45553      2.45553
     -4.78000      3.02968      3.02968
     -4.77000      2.14018      2.14018
     -4.76000      0.89913      0.89913
     -4.75000      0.95014      0.95014
     -4.74000      1.16470      1.16470
     -4.73000      1.23377      1.23377
     -4.72000      2.38822      2.38822
     -4.71000      3.01252      3.01252
     -4.70000      1.69891      1.69891
     -4.69000      0.42660      0.42660
     -4.68000      0.25623      0.25623
     -4.67000      1.05110      1.05110
     -4.66000      3.32233      3.32233
     -4.65000      7.52389      7.52389
     -4.64000      8.39102      8.39102
     -4.63000      3.86677      3.86677
     -4.62000      1.43898      1.43898
     -4.61000      2.60464      2.60464
     -4.60000      3.21936      3.21936
     -4.59000      1.99464      1.99464
     -4.58000      2.01329      2.01329
     -4.57000      2.32398      2.32398
     -4.56000      1.70375      1.70375
     -4.55000      1.27582      1.27582
     -4.54000      0.87809      0.87809
     -4.53000      1.62805      1.62805
     -4.52000      3.36697      3.36697
     -4.51000      3.72730      3.72730
     -4.50000      2.98994      2.98994
     -4.49000      1.58654      1.58654
     -4.48000      0.38927      0.38927
     -4.47000      0.17912      0.17912
     -4.46000      0.70381      0.70381
     -4.45000      1.41520      1.41520
     -4.44000      1.74501      1.74501
     -4.43000      2.36469      2.36469
     -4.42000      2.46136      2.46136
     -4.41000      1.82845      1.82845
     -4.40000      1.42246      1.42246
     -4.39000      1.44314      1.44314
     -4.38000      1.64831      1.64831
     -4.37000      1.46299      1.46299
     -4.36000      0.75739      0.75739
     -4.35000      0.17235      0.17235
     -4.34000      0.06455      0.06455
     -4.33000      0.36587      0.36587
     -4.32000      0.98398      0.98398
     -4.31000      0.99820      0.99820
     -4.30000      0.59443      0.59443
     -4.29000      0.88479      0.88479
     -4.28000      1.07605      1.07605
     -4.27000      0.50653      0.50653
     -4.26000      0.08793      0.08793
     -4.25000      0.00755      0.00755
     -4.24000      0.04156      0.04156
     -4.23000      0.32629      0.32629
     -4.22000      0.94535      0.94535
     -4.21000      1.00776      1.00776
     -4.20000      0.40222      0.40222
     -4.19000      0.16640      0.16640
     -4.18000      0.63448      0.63448
     -4.17000      1.41953      1.41953
     -4.16000      1.44852      1.44852
     -4.15000      1.07128      1.07128
     -4.14000      0.65006      0.65006
     -4.13000      0.19446      0.19446
     -4.12000      0.02260      0.02260
     -4.11000      0.00097      0.00097
     -4.10000      0.00002      0.00002
     -4.09000      0.00000      0.00000
     -4.08000      0.00000      0.00000
     -4.07000      0.00000      0.00000
     -4.06000      0.00000      0.00000
     -4.05000      0.00053      0.00053
     -4.04000      0.01949      0.01949
     -4.03000      0.27034      0.27034
     -4.02000      1.43566      1.43566
     -4.01000      3.00198      3.00198
     -4.00000      2.55706      2.55706
     -3.99000      0.93826      0.93826
     -3.98000      0.48302      0.48302
     -3.97000      1.45628      1.45628
     -3.96000      2.21284      2.21284
     -3.95000      1.29632      1.29632
     -3.94000      0.64728      0.64728
     -3.93000      1.02970      1.02970
     -3.92000      1.03983      1.03983
     -3.91000      0.84360      0.84360
     -3.90000      1.11888      1.11888
     -3.89000      0.83229      0.83229
     -3.88000      0.23803      0.23803
     -3.87000      0.09326      0.09326
     -3.86000      0.72369      0.72369
     -3.85000      2.87875      2.87875
     -3.84000      4.35096      4.35096
     -3.83000      2.49747      2.49747
     -3.82000      0.54382      0.54382
     -3.81000      0.04480      0.04480
     -3.80000      0.00139      0.00139
     -3.79000      0.00001      0.00001
     -3.78000      0.00021      0.00021
     -3.77000      0.00806      0.00806
     -3.76000      0.11273      0.11273
     -3.75000      0.58080      0.58080
     -3.74000      1.12061      1.12061
     -3.73000      0.99105      0.99105
     -3.72000      1.05067      1.05067
     -3.71000      1.51997      1.51997
     -3.70000      2.24525      2.24525
     -3.69000      3.17026      3.17026
     -3.68000      2.99872      2.99872
     -3.67000      2.08027      2.08027
     -3.66000      1.51511      1.51511
     -3.65000      1.94583      1.94583
     -3.64000      2.16364      2.16364
     -3.63000      1.62161      1.62161
     -3.62000      1.36414      1.36414
     -3.61000      2.48185      2.48185
     -3.60000      4.31670      4.31670
     -3.59000      4.64354      4.64354
     -3.58000      3.36702      3.36702
     -3.57000      2.89002      2.89002
     -3.56000      4.92367      4.92367
     -3.55000      6.40187      6.40187
     -3.54000      5.18703      5.18703
     -3.53000      2.64449      2.64449
     -3.52000      0.94703      0.94703
     -3.51000      1.46286      1.46286
     -3.50000      2.87777      2.87777
     -3.49000      4.17062      4.17062
     -3.48000      5.29132      5.29132
     -3.47000      3.86637      3.86637
     -3.46000      1.32375      1.32375
     -3.45000      0.35155      0.35155
     -3.44000      1.03061      1.03061
     -3.43000      2.83935      2.83935
     -3.42000      4.52455      4.52455
     -3.41000      5.58291      5.58291
     -3.40000      6.36166      6.36166
     -3.39000      6.84224      6.84224
     -3.38000      5.57321      5.57321
     -3.37000      4.43754      4.43754
     -3.36000      6.25697      6.25697
     -3.35000      9.16423      9.16423
     -3.34000     10.04241     10.04241
     -3.33000      7.44742      7.44742
     -3.32000      3.63949      3.63949
     -3.31000      3.07578      3.07578
     -3.30000      3.73760      3.73760
     -3.29000      2.60008      2.60008
     -3.28000      1.03199      1.03199
     -3.27000      1.40986      1.40986
     -3.26000      3.38465      3.38465
     -3.25000      4.59731      4.59731
     -3.24000      5.14522      5.14522
     -3.23000      4.00109      4.00109
     -3.22000      2.11736      2.11736
     -3.21000      1.36766      1.36766
     -3.20000      1.27795      1.27795
     -3.19000      1.49474      1.49474
     -3.18000      1.94968      1.94968
     -3.17000      3.14398      3.14398
     -3.16000      3.81359      3.81359
     -3.15000      3.40784      3.40784
     -3.14000      3.41745      3.41745
     -3.13000      5.19478      5.19478
     -3.12000      7.49150      7.49150
     -3.11000      5.22639      5.22639
     -3.10000      1.57281      1.57281
     -3.09000      0.92355      0.92355
     -3.08000      2.55342      2.55342
     -3.07000      3.18624      3.18624
     -3.06000      1.48345      1.48345
     -3.05000      0.25717      0.25717
     -3.04000      0.01661      0.01661
     -3.03000      0.00219      0.00219
     -3.02000      0.06092      0.06092
     -3.01000      0.77579      0.77579
     -3.00000      3.73168      3.73168
     -2.99000      6.93885      6.93885
     -2.98000      5.38158      5.38158
     -2.97000      2.10903      2.10903
     -2.96000      0.78866      0.78866
     -2.95000      1.22513      1.22513
     -2.94000      2.63819      2.63819
     -2.93000      3.62679      3.62679
     -2.92000      3.29661      3.29661
     -2.91000      4.37514      4.37514
     -2.90000      5.22446      5.22446
     -2.89000      3.21839      3.21839
     -2.88000      0.96715      0.96715
     -2.87000      0.41525      0.41525
     -2.86000      0.95014      0.95014
     -2.85000      1.29985      1.29985
     -2.84000      1.30522      1.30522
     -2.83000      1.12368      1.12368
     -2.82000      0.56214      0.56214
     -2.81000      0.84692      0.84692
     -2.80000      2.50270      2.50270
     -2.79000      3.14930      3.14930
     -2.78000      1.66779      1.66779
     -2.77000      1.30376      1.30376
     -2.76000      2.69154      2.69154
     -2.75000      2.75072      2.75072
     -2.74000      2.13860      2.13860
     -2.73000      3.16797      3.16797
     -2.72000      3.50802      3.50802
     -2.71000      3.05246      3.05246
     -2.70000      3.34478      3.34478
     -2.69000      3.44725      3.44725
     -2.68000      2.44287      2.44287
     -2.67000      0.87286      0.87286
     -2.66000      0.14968      0.14968
     -2.65000      0.29433      0.29433
     -2.64000      1.32037      1.32037
     -2.63000      2.30921      2.30921
     -2.62000      2.06465      2.06465
     -2.61000      2.27821      2.27821
     -2.60000      2.43454      2.43454
     -2.59000      2.09918      2.09918
     -2.58000      2.70211      2.70211
     -2.57000      3.64117      3.64117
     -2.56000      2.80086      2.80086
     -2.55000      1.73682      1.73682
     -2.54000      1.68886      1.68886
     -2.53000      2.08741      2.08741
     -2.52000      1.98437      1.98437
     -2.51000      1.04371      1.04371
     -2.50000      1.10940      1.10940
     -2.49000      2.81999      2.81999
     -2.48000      4.85451      4.85451
     -2.47000      6.57396      6.57396
     -2.46000      5.49334      5.49334
     -2.45000      2.35962      2.35962
     -2.44000      1.69433      1.69433
     -2.43000      3.26951      3.26951
     -2.42000      4.17468      4.17468
     -2.41000      3.31200      3.31200
     -2.40000      2.96577      2.96577
     -2.39000      3.14873      3.14873
     -2.38000      2.42831      2.42831
     -2.37000      1.85399      1.85399
     -2.36000      3.57073      3.57073
     -2.35000      6.34089      6.34089
     -2.34000      6.80846      6.80846
     -2.33000      5.93706      5.93706
     -2.32000      4.23883      4.23883
     -2.31000      2.14144      2.14144
     -2.30000      0.75676      0.75676
     -2.29000      0.35975      0.35975
     -2.28000      1.27786      1.27786
     -2.27000      3.08725      3.08725
     -2.26000      4.27453      4.27453
     -2.25000      4.40039      4.40039
     -2.24000      3.70489      3.70489
     -2.23000      3.68525      3.68525
     -2.22000      4.37957      4.37957
     -2.21000      3.51859      3.51859
     -2.20000      1.95071      1.95071
     -2.19000      1.85877      1.85877
     -2.18000      2.25796      2.25796
     -2.17000      1.38556      1.38556
     -2.16000      1.62217      1.62217
     -2.15000      4.64660      4.64660
     -2.14000      7.04541      7.04541
     -2.13000      6.86250      6.86250
     -2.12000      6.30675      6.30675
     -2.11000      5.39538      5.39538
     -2.10000      5.13062      5.13062
     -2.09000      3.82172      3.82172
     -2.08000      1.98389      1.98389
     -2.07000      1.28406      1.28406
     -2.06000      1.19905      1.19905
     -2.05000      2.05295      2.05295
     -2.04000      2.13593      2.13593
     -2.03000      1.75344      1.75344
     -2.02000      2.26600      2.26600
     -2.01000      1.87109      1.87109
     -2.00000      2.19010      2.19010
     -1.99000      5.19594      5.19594
     -1.98000      6.30684      6.30684
     -1.97000      4.55375      4.55375
     -1.96000      3.95519      3.95519
     -1.95000      3.00643      3.00643
     -1.94000      2.37063      2.37063
     -1.93000      2.72451      2.72451
     -1.92000      2.04599      2.04599
     -1.91000      1.33712      1.33712
     -1.90000      1.43247      1.43247
     -1.89000      1.58576      1.58576
     -1.88000      2.04958      2.04958
     -1.87000      2.67849      2.67849
     -1.86000      2.53963      2.53963
     -1.85000      1.98945      1.98945
     -1.84000      1.70500      1.70500
     -1.83000      1.23286      1.23286
     -1.82000      0.85780      0.85780
     -1.81000      1.73413      1.73413
     -1.80000      2.93092      2.93092
     -1.79000      3.84590      3.84590
     -1.78000      5.00446      5.00446
     -1.77000      5.44406      5.44406
     -1.76000      3.99370      3.99370
     -1.75000      1.47544      1.47544
     -1.74000      0.74053      0.74053
     -1.73000      2.00879      2.00879
     -1.72000      3.08938      3.08938
     -1.71000      2.35936      2.35936
     -1.70000      1.67144      1.67144
     -1.69000      1.69307      1.69307
     -1.68000      1.53613      1.53613
     -1.67000      1.10421      1.10421
     -1.66000      1.25061      1.25061
     -1.65000      1.79987      1.79987
     -1.64000      2.26926      2.26926
     -1.63000      3.17625      3.17625
     -1.62000      3.90862      3.90862
     -1.61000      2.92006      2.92006
     -1.60000      1.25880      1.25880
     -1.59000      1.47504      1.47504
     -1.58000      3.42556      3.42556
     -1.57000      3.86948      3.86948
     -1.56000      1.96877      1.96877
     -1.55000      0.90082      0.90082
     -1.54000      1.11450      1.11450
     -1.53000      0.88140      0.88140
     -1.52000      0.69332      0.69332
     -1.51000      1.44450      1.44450
     -1.50000      1.95053      1.95053
     -1.49000      1.25722      1.25722
     -1.48000      0.42938      0.42938
     -1.47000      0.42077      0.42077
     -1.46000      0.73202      0.73202
     -1.45000      0.52461      0.52461
     -1.44000      0.27066      0.27066
     -1.43000      0.89004      0.89004
     -1.42000      2.08924      2.08924
     -1.41000      1.86644      1.86644
     -1.40000      0.67101      0.67101
     -1.39000      0.12134      0.12134
     -1.38000      0.01429      0.01429
     -1.37000      0.00094      0.00094
     -1.36000      0.00003      0.00003
     -1.35000      0.00000      0.00000
     -1.34000      0.00025      0.00025
     -1.33000      0.00923      0.00923
     -1.32000      0.12360      0.12360
     -1.31000      0.60883      0.60883
     -1.30000      1.10370      1.10370
     -1.29000      0.74630      0.74630
     -1.28000      0.27582      0.27582
     -1.27000      0.35506      0.35506
     -1.26000      0.67391      0.67391
     -1.25000      1.09403      1.09403
     -1.24000      1.03254      1.03254
     -1.23000      0.40302      0.40302
     -1.22000      0.14073      0.14073
     -1.21000      0.51166      0.51166
     -1.20000      1.39038      1.39038
     -1.19000      3.11799      3.11799
     -1.18000      6.52914      6.52914
     -1.17000      6.96748      6.96748
     -1.16000      3.05409      3.05409
     -1.15000      0.52930      0.52930
     -1.14000      0.03575      0.03575
     -1.13000      0.00386      0.00386
     -1.12000      0.05578      0.05578
     -1.11000      0.39008      0.39008
     -1.10000      1.00368      1.00368
     -1.09000      0.95003      0.95003
     -1.08000      0.33082      0.33082
     -1.07000      0.04256      0.04256
     -1.06000      0.00928      0.00928
     -1.05000      0.10520      0.10520
     -1.04000      0.55879      0.55879
     -1.03000      1.09224      1.09224
     -1.02000      0.78540      0.78540
     -1.01000      0.20776      0.20776
     -1.00000      0.02022      0.02022
     -0.99000      0.00072      0.00072
     -0.98000      0.00016      0.00016
     -0.97000      0.00783      0.00783
     -0.96000      0.14720      0.14720
     -0.95000      1.07783      1.07783
     -0.94000      3.20237      3.20237
     -0.93000      4.01327      4.01327
     -0.92000      2.14388      2.14388
     -0.91000      0.47524      0.47524
     -0.90000      0.04201      0.04201
     -0.89000      0.00628      0.00628
     -0.88000      0.07957      0.07957
     -0.87000      0.47934      0.47934
     -0.86000      1.07306      1.07306
     -0.85000      1.01312      1.01312
     -0.84000      0.92970      0.92970
     -0.83000      1.17723      1.17723
     -0.82000      1.09222      1.09222
     -0.81000      1.72277      1.72277
     -0.80000      2.19678      2.19678
     -0.79000      1.11812      1.11812
     -0.78000      0.23162      0.23162
     -0.77000      0.23067      0.23067
     -0.76000      0.79985      0.79985
     -0.75000      1.08795      1.08795
     -0.74000      0.54465      0.54465
     -0.73000      0.10049      0.10049
     -0.72000      0.01398      0.01398
     -0.71000      0.10439      0.10439
     -0.70000      0.55608      0.55608
     -0.69000      1.09145      1.09145
     -0.68000      0.78810      0.78810
     -0.67000      0.20939      0.20939
     -0.66000      0.02283      0.02283
     -0.65000      0.04864      0.04864
     -0.64000      0.35628      0.35628
     -0.63000      0.97486      0.97486
     -0.62000      0.98552      0.98552
     -0.61000      0.43744      0.43744
     -0.60000      0.50971      0.50971
     -0.59000      1.05340      1.05340
     -0.58000      0.88288      0.88288
     -0.57000      0.27283      0.27283
     -0.56000      0.03102      0.03102
     -0.55000      0.00130      0.00130
     -0.54000      0.00002      0.00002
     -0.53000      0.00000      0.00000
     -0.52000      0.00000      0.00000
     -0.51000      0.00022      0.00022
     -0.50000      0.00976      0.00976
     -0.49000      0.15881      0.15881
     -0.48000      0.95383      0.95383
     -0.47000      2.11549      2.11549
     -0.46000      1.73484      1.73484
     -0.45000      0.57101      0.57101
     -0.44000      0.41383      0.41383
     -0.43000      1.03330      1.03330
     -0.42000      1.39227      1.39227
     -0.41000      1.38439      1.38439
     -0.40000      0.98425      0.98425
     -0.39000      0.31802      0.31802
     -0.38000      0.03925      0.03925
     -0.37000      0.00179      0.00179
     -0.36000      0.00025      0.00025
     -0.35000      0.00983      0.00983
     -0.34000      0.16037      0.16037
     -0.33000      0.96225      0.96225
     -0.32000      2.12398      2.12398
     -0.31000      1.72473      1.72473
     -0.30000      0.51523      0.51523
     -0.29000      0.05669      0.05669
     -0.28000      0.00606      0.00606
     -0.27000      0.08186      0.08186
     -0.26000      0.66307      0.66307
     -0.25000      2.07896      2.07896
     -0.24000      2.78831      2.78831
     -0.23000      1.89692      1.89692
     -0.22000      0.70833      0.70833
     -0.21000      0.28286      0.28286
     -0.20000      0.73674      0.73674
     -0.19000      1.36544      1.36544
     -0.18000      1.58116      1.58116
     -0.17000      1.49850      1.49850
     -0.16000      0.86134      0.86134
     -0.15000      0.34817      0.34817
     -0.14000      1.02749      1.02749
     -0.13000      3.41875      3.41875
     -0.12000      4.60082      4.60082
     -0.11000      3.41020      3.41020
     -0.10000      2.57897      2.57897
     -0.09000      1.52020      1.52020
     -0.08000      1.09362      1.09362
     -0.07000      1.10977      1.10977
     -0.06000      0.65708      0.65708
     -0.05000      0.73856      0.73856
     -0.04000      1.11371      1.11371
     -0.03000      0.70950      0.70950
     -0.02000      0.31138      0.31138
     -0.01000      0.68592      0.68592
      0.00000      1.11034      1.11034
      0.01000      0.71049      0.71049
      0.02000      0.46118      0.46118
      0.03000      0.94139      0.94139
      0.04000      1.02079      1.02079
      0.05000      0.41336      0.41336
      0.06000      0.09366      0.09366
      0.07000      0.36291      0.36291
      0.08000      1.46871      1.46871
      0.09000      2.20683      2.20683
      0.10000      1.21991      1.21991
      0.11000      0.24808      0.24808
      0.12000      0.01856      0.01856
      0.13000      0.00051      0.00051
      0.14000      0.00041      0.00041
      0.15000      0.01749      0.01749
      0.16000      0.27358      0.27358
      0.17000      1.62323      1.62323
      0.18000      3.90139      3.90139
      0.19000      4.41154      4.41154
      0.20000      2.70646      2.70646
      0.21000      0.84563      0.84563
      0.22000      0.24812      0.24812
      0.23000      1.03000      1.03000
      0.24000      2.91504      2.91504
      0.25000      3.42292      3.42292
      0.26000      2.20962      2.20962
      0.27000      1.06724      1.06724
      0.28000      0.29273      0.29273
      0.29000      0.03315      0.03315
      0.30000      0.00154      0.00154
      0.31000      0.00564      0.00564
      0.32000      0.09239      0.09239
      0.33000      0.61340      0.61340
      0.34000      1.90648      1.90648
      0.35000      3.43197      3.43197
      0.36000      3.98965      3.98965
      0.37000      2.76463      2.76463
      0.38000      0.94281      0.94281
      0.39000      0.13438      0.13438
      0.40000      0.01135      0.01135
      0.41000      0.07047      0.07047
      0.42000      0.46620      0.46620
      0.43000      1.19533      1.19533
      0.44000      1.27081      1.27081
      0.45000      0.82203      0.82203
      0.46000      1.32736      1.32736
      0.47000      2.21578      2.21578
      0.48000      1.48491      1.48491
      0.49000      0.36779      0.36779
      0.50000      0.03367      0.03367
      0.51000      0.00885      0.00885
      0.52000      0.14639      0.14639
      0.53000      1.08393      1.08393
      0.54000      3.29998      3.29998
      0.55000      4.50728      4.50728
      0.56000      3.19179      3.19179
      0.57000      1.35506      1.35506
      0.58000      0.56239      0.56239
      0.59000      0.90292      0.90292
      0.60000      1.06959      1.06959
      0.61000      0.65541      0.65541
      0.62000      1.11985      1.11985
      0.63000      2.16623      2.16623
      0.64000      1.68908      1.68908
      0.65000      0.80840      0.80840
      0.66000      1.18785      1.18785
      0.67000      2.20182      2.20182
      0.68000      3.35998      3.35998
      0.69000      2.98898      2.98898
      0.70000      1.88958      1.88958
      0.71000      2.36111      2.36111
      0.72000      2.77705      2.77705
      0.73000      2.83690      2.83690
      0.74000      2.68156      2.68156
      0.75000      2.61806      2.61806
      0.76000      2.10686      2.10686
      0.77000      1.77541      1.77541
      0.78000      2.55522      2.55522
      0.79000      2.85550      2.85550
      0.80000      2.66394      2.66394
      0.81000      1.89992      1.89992
      0.82000      2.07016      2.07016
      0.83000      2.95595      2.95595
      0.84000      3.08574      3.08574
      0.85000      2.06215      2.06215
      0.86000      0.64205      0.64205
      0.87000      0.11365      0.11365
      0.88000      0.38725      0.38725
      0.89000      1.51437      1.51437
      0.90000      2.19849      2.19849
      0.91000      1.17419      1.17419
      0.92000      0.23071      0.23071
      0.93000      0.01668      0.01668
      0.94000      0.00044      0.00044
      0.95000      0.00000      0.00000
      0.96000      0.00000      0.00000
      0.97000      0.00000      0.00000
      0.98000      0.00029      0.00029
      0.99000      0.01029      0.01029
      1.00000      0.14029      0.14029
      1.01000      0.77958      0.77958
      1.02000      2.03789      2.03789
      1.03000      2.83307      2.83307
      1.04000      2.07479      2.07479
      1.05000      1.53648      1.53648
      1.06000      2.63777      2.63777
      1.07000      3.08429      3.08429
      1.08000      2.73819      2.73819
      1.09000      3.60049      3.60049
      1.10000      4.50272      4.50272
      1.11000      3.57946      3.57946
      1.12000      2.56967      2.56967
      1.13000      2.52216      2.52216
      1.14000      2.01071      2.01071
      1.15000      1.95910      1.95910
      1.16000      1.86754      1.86754
      1.17000      0.95293      0.95293
      1.18000      0.27591      0.27591
      1.19000      0.57415      0.57415
      1.20000      1.77884      1.77884
      1.21000      2.10273      2.10273
      1.22000      1.04800      1.04800
      1.23000      1.03699      1.03699
      1.24000      2.11498      2.11498
      1.25000      2.01055      2.01055
      1.26000      1.37170      1.37170
      1.27000      1.23726      1.23726
      1.28000      1.20379      1.20379
      1.29000      2.05051      2.05051
      1.30000      2.66367      2.66367
      1.31000      3.66482      3.66482
      1.32000      5.60155      5.60155
      1.33000      5.06602      5.06602
      1.34000      2.84384      2.84384
      1.35000      1.62619      1.62619
      1.36000      1.30246      1.30246
      1.37000      1.95397      1.95397
      1.38000      2.10077      2.10077
      1.39000      0.89538      0.89538
      1.40000      0.14874      0.14874
      1.41000      0.11653      0.11653
      1.42000      0.56796      0.56796
      1.43000      1.09469      1.09469
      1.44000      0.77643      0.77643
      1.45000      0.20263      0.20263
      1.46000      0.02230      0.02230
      1.47000      0.07516      0.07516
      1.48000      0.71983      0.71983
      1.49000      2.65983      2.65983
      1.50000      4.23099      4.23099
      1.51000      4.13841      4.13841
      1.52000      4.50101      4.50101
      1.53000      6.16389      6.16389
      1.54000      5.92779      5.92779
      1.55000      3.67636      3.67636
      1.56000      2.90231      2.90231
      1.57000      2.58522      2.58522
      1.58000      1.57183      1.57183
      1.59000      1.52573      1.52573
      1.60000      2.01315      2.01315
      1.61000      1.97452      1.97452
      1.62000      1.63088      1.63088
      1.63000      1.30211      1.30211
      1.64000      1.97492      1.97492
      1.65000      3.36066      3.36066
      1.66000      3.35407      3.35407
      1.67000      1.65343      1.65343
      1.68000      0.49859      0.49859
      1.69000      0.91117      0.91117
      1.70000      2.08806      2.08806
      1.71000      1.96218      1.96218
      1.72000      1.42900      1.42900
      1.73000      1.83604      1.83604
      1.74000      1.45983      1.45983
      1.75000      0.94259      0.94259
      1.76000      1.65646      1.65646
      1.77000      2.03108      2.03108
      1.78000      1.09123      1.09123
      1.79000      0.54597      0.54597
      1.80000      1.60239      1.60239
      1.81000      3.45477      3.45477
      1.82000      3.89877      3.89877
      1.83000      2.93501      2.93501
      1.84000      2.46069      2.46069
      1.85000      2.87304      2.87304
      1.86000      2.62802      2.62802
      1.87000      2.46621      2.46621
      1.88000      3.91854      3.91854
      1.89000      5.08750      5.08750
      1.90000      5.14029      5.14029
      1.91000      3.96944      3.96944
      1.92000      2.17031      2.17031
      1.93000      1.36373      1.36373
      1.94000      2.45050      2.45050
      1.95000      3.41018      3.41018
      1.96000      2.54053      2.54053
      1.97000      1.40629      1.40629
      1.98000      2.20058      2.20058
      1.99000      3.68344      3.68344
      2.00000      3.37095      3.37095
      2.01000      2.03015      2.03015
      2.02000      1.43564      1.43564
      2.03000      1.43037      1.43037
      2.04000      1.54486      1.54486
      2.05000      2.03159      2.03159
      2.06000      1.67728      1.67728
      2.07000      0.76430      0.76430
      2.08000      1.16988      1.16988
      2.09000      3.36631      3.36631
      2.10000      5.04865      5.04865
      2.11000      5.03774      5.03774
      2.12000      4.24096      4.24096
      2.13000      3.32299      3.32299
      2.14000      2.31155      2.31155
      2.15000      1.61774      1.61774
      2.16000      1.37784      1.37784
      2.17000      1.27800      1.27800
      2.18000      1.14007      1.14007
      2.19000      0.50999      0.50999
      2.20000      0.11429      0.11429
      2.21000      0.28261      0.28261
      2.22000      1.15618      1.15618
      2.23000      2.14873      2.14873
      2.24000      2.64605      2.64605
      2.25000      3.96988      3.96988
      2.26000      4.24807      4.24807
      2.27000      2.18185      2.18185
      2.28000      1.10168      1.10168
      2.29000      1.14977      1.14977
      2.30000      1.56706      1.56706
      2.31000      2.72356      2.72356
      2.32000      4.83533      4.83533
      2.33000      4.68356      4.68356
      2.34000      2.03847      2.03847
      2.35000      0.39613      0.39613
      2.36000      0.04901      0.04901
      2.37000      0.23064      0.23064
      2.38000      1.32545      1.32545
      2.39000      3.30110      3.30110
      2.40000      4.37149      4.37149
      2.41000      4.69766      4.69766
      2.42000      5.14954      5.14954
      2.43000      4.05131      4.05131
      2.44000      2.48205      2.48205
      2.45000      2.07375      2.07375
      2.46000      1.44819      1.44819
      2.47000      0.65470      0.65470
      2.48000      0.84083      0.84083
      2.49000      1.09494      1.09494
      2.50000      0.56667      0.56667
      2.51000      0.25688      0.25688
      2.52000      1.14455      1.14455
      2.53000      3.41777      3.41777
      2.54000      4.10532      4.10532
      2.55000      2.07423      2.07423
      2.56000      1.03892      1.03892
      2.57000      1.42107      1.42107
      2.58000      1.97430      1.97430
      2.59000      2.34584      2.34584
      2.60000      1.54668      1.54668
      2.61000      1.52895      1.52895
      2.62000      4.15047      4.15047
      2.63000      6.46507      6.46507
      2.64000      5.97080      5.97080
      2.65000      4.33254      4.33254
      2.66000      4.51410      4.51410
      2.67000      6.46513      6.46513
      2.68000      5.95216      5.95216
      2.69000      3.55022      3.55022
      2.70000      2.62358      2.62358
      2.71000      3.04787      3.04787
      2.72000      2.42227      2.42227
      2.73000      1.67346      1.67346
      2.74000      1.69800      1.69800
      2.75000      2.52505      2.52505
      2.76000      2.98808      2.98808
      2.77000      2.31291      2.31291
      2.78000      2.12127      2.12127
      2.79000      2.54279      2.54279
      2.80000      4.28045      4.28045
      2.81000      7.90554      7.90554
      2.82000     11.16218     11.16218
      2.83000     11.39435     11.39435
      2.84000     10.82346     10.82346
      2.85000     10.54739     10.54739
      2.86000      9.05181      9.05181
      2.87000      8.88211      8.88211
      2.88000     10.64059     10.64059
      2.89000      8.62566      8.62566
      2.90000      4.32864      4.32864
      2.91000      4.26747      4.26747
      2.92000      5.60549      5.60549
      2.93000      4.10788      4.10788
      2.94000      3.61997      3.61997
      2.95000      5.48865      5.48865
      2.96000      7.01654      7.01654
      2.97000      4.88187      4.88187
      2.98000      1.51854      1.51854
      2.99000      0.80044      0.80044
      3.00000      2.54175      2.54175
      3.01000      4.49590      4.49590
      3.02000      4.90867      4.90867
      3.03000      4.87362      4.87362
      3.04000      4.82361      4.82361
      3.05000      3.78109      3.78109
      3.06000      1.89167      1.89167
      3.07000      1.26287      1.26287
      3.08000      0.94307      0.94307
      3.09000      0.33463      0.33463
      3.10000      0.27821      0.27821
      3.11000      0.90511      0.90511
      3.12000      1.66849      1.66849
      3.13000      2.35583      2.35583
      3.14000      2.37418      2.37418
      3.15000      1.76159      1.76159
      3.16000      2.06178      2.06178
      3.17000      3.24062      3.24062
      3.18000      3.44315      3.44315
      3.19000      2.80013      2.80013
      3.20000      4.69377      4.69377
      3.21000      7.02444      7.02444
      3.22000      5.91407      5.91407
      3.23000      2.58709      2.58709
      3.24000      0.52583      0.52583
      3.25000      0.04539      0.04539
      3.26000      0.02705      0.02705
      3.27000      0.36945      0.36945
      3.28000      2.02821      2.02821
      3.29000      4.30760      4.30760
      3.30000      3.87889      3.87889
      3.31000      2.19385      2.19385
      3.32000      1.65985      1.65985
      3.33000      2.19491      2.19491
      3.34000      1.99159      1.99159
      3.35000      0.92199      0.92199
      3.36000      0.99936      0.99936
      3.37000      1.73746      1.73746
      3.38000      1.68184      1.68184
      3.39000      0.81909      0.81909
      3.40000      0.17457      0.17457
      3.41000      0.01464      0.01464
      3.42000      0.00055      0.00055
      3.43000      0.00429      0.00429
      3.44000      0.07288      0.07288
      3.45000      0.45572      0.45572
      3.46000      1.04836      1.04836
      3.47000      0.88723      0.88723
      3.48000      0.27681      0.27681
      3.49000      0.05212      0.05212
      3.50000      0.26648      0.26648
      3.51000      1.26298      1.26298
      3.52000      2.22132      2.22132
      3.53000      1.54791      1.54791
      3.54000      0.94293      0.94293
      3.55000      1.13209      1.13209
      3.56000      0.74042      0.74042
      3.57000      0.18511      0.18511
      3.58000      0.06301      0.06301
      3.59000      0.29665      0.29665
      3.60000      0.69434      0.69434
      3.61000      0.59898      0.59898
      3.62000      0.19009      0.19009
      3.63000      0.02219      0.02219
      3.64000      0.00159      0.00159
      3.65000      0.02363      0.02363
      3.66000      0.33553      0.33553
      3.67000      1.86181      1.86181
      3.68000      4.22977      4.22977
      3.69000      4.60190      4.60190
      3.70000      3.39139      3.39139
      3.71000      1.75917      1.75917
      3.72000      0.57458      0.57458
      3.73000      0.71254      0.71254
      3.74000      1.32974      1.32974
      3.75000      1.91732      1.91732
      3.76000      2.89554      2.89554
      3.77000      2.66540      2.66540
      3.78000      1.20401      1.20401
      3.79000      0.25847      0.25847
      3.80000      0.12051      0.12051
      3.81000      0.53918      0.53918
      3.82000      1.08609      1.08609
      3.83000      0.81490      0.81490
      3.84000      0.39081      0.39081
      3.85000      1.19781      1.19781
      3.86000      3.00290      3.00290
      3.87000      2.87793      2.87793
      3.88000      1.27305      1.27305
      3.89000      1.20916      1.20916
      3.90000      2.28106      2.28106
      3.91000      2.41218      2.41218
      3.92000      1.72520      1.72520
      3.93000      1.06496      1.06496
      3.94000      0.44390      0.44390
      3.95000      0.87958      0.87958
      3.96000      2.67050      2.67050
      3.97000      3.14026      3.14026
      3.98000      1.36020      1.36020
      3.99000      0.21689      0.21689
      4.00000      0.01580      0.01580
      4.01000      0.08102      0.08102
      4.02000      0.82117      0.82117
      4.03000      3.29417      3.29417
      4.04000      5.29250      5.29250
      4.05000      3.42152      3.42152
      4.06000      0.88364      0.88364
      4.07000      0.11287      0.11287
      4.08000      0.23228      0.23228
      4.09000      0.82228      0.82228
      4.10000      1.14001      1.14001
      4.11000      1.05406      1.05406
      4.12000      1.83826      1.83826
      4.13000      2.11965      2.11965
      4.14000      0.94201      0.94201
      4.15000      0.15441      0.15441
      4.16000      0.00931      0.00931
      4.17000      0.00022      0.00022
      4.18000      0.00076      0.00076
      4.19000      0.02094      0.02094
      4.20000      0.21253      0.21253
      4.21000      0.79349      0.79349
      4.22000      1.08984      1.08984
      4.23000      0.55067      0.55067
