Energy-E_F (eV)    DOS (1/eV)    PDOS (1/eV)  of atom type Au 
     -4.99000      3.44874      3.44874
     -4.98000     12.76640     12.76640
     -4.97000     20.15837     20.15837
     -4.96000     16.18240     16.18240
     -4.95000      9.34748      9.34748
     -4.94000      4.48424      4.48424
     -4.93000      4.84118      4.84118
     -4.92000      8.53640      8.53640
     -4.91000     11.82916     11.82916
     -4.90000     10.82851     10.82851
     -4.89000     10.05090     10.05090
     -4.88000     10.45782     10.45782
     -4.87000      8.05199      8.05199
     -4.86000      7.79537      7.79537
     -4.85000      7.35290      7.35290
     -4.84000      3.17597      3.17597
     -4.83000      0.97303      0.97303
     -4.82000      2.52358      2.52358
     -4.81000      5.70225      5.70225
     -4.80000      6.18600      6.18600
     -4.79000      3.94444      3.94444
     -4.78000      5.55031      5.55031
     -4.77000     11.75522     11.75522
     -4.76000     12.14814     12.14814
     -4.75000      6.16736      6.16736
     -4.74000      1.61302      1.61302
     -4.73000      0.44271      0.44271
     -4.72000      2.07363      2.07363
     -4.71000      6.26742      6.26742
     -4.70000      7.51344      7.51344
     -4.69000      6.33061      6.33061
     -4.68000      8.53472      8.53472
     -4.67000      8.95128      8.95128
     -4.66000      7.99973      7.99973
     -4.65000      9.59155      9.59155
     -4.64000     10.99746     10.99746
     -4.63000      9.66929      9.66929
     -4.62000      5.06558      5.06558
     -4.61000      1.93352      1.93352
     -4.60000      4.01823      4.01823
     -4.59000      9.64454      9.64454
     -4.58000     15.25436     15.25436
     -4.57000     17.70266     17.70266
     -4.56000     13.53901     13.53901
     -4.55000      8.16472      8.16472
     -4.54000     10.24414     10.24414
     -4.53000     13.77943     13.77943
     -4.52000     12.98088     12.98088
     -4.51000      9.91105      9.91105
     -4.50000      9.92655      9.92655
     -4.49000     11.68953     11.68953
     -4.48000     15.03893     15.03893
     -4.47000     13.62169     13.62169
     -4.46000     11.19352     11.19352
     -4.45000     12.37631     12.37631
     -4.44000     14.20201     14.20201
     -4.43000     22.47263     22.47263
     -4.42000     26.56348     26.56348
     -4.41000     17.83072     17.83072
     -4.40000     10.78664     10.78664
     -4.39000      8.02695      8.02695
     -4.38000      3.81759      3.81759
     -4.37000      2.63228      2.63228
     -4.36000      3.79987      3.79987
     -4.35000      2.97210      2.97210
     -4.34000      2.86141      2.86141
     -4.33000      4.10918      4.10918
     -4.32000      4.63663      4.63663
     -4.31000      7.07731      7.07731
     -4.30000      7.86770      7.86770
     -4.29000      7.41590      7.41590
     -4.28000      7.83296      7.83296
     -4.27000      4.25009      4.25009
     -4.26000      0.88250      0.88250
     -4.25000      0.06767      0.06767
     -4.24000      0.00373      0.00373
     -4.23000      0.06540      0.06540
     -4.22000      0.86894      0.86894
     -4.21000      4.39454      4.39454
     -4.20000      9.71505      9.71505
     -4.19000     13.90487     13.90487
     -4.18000     15.33679     15.33679
     -4.17000      9.20481      9.20481
     -4.16000      2.61481      2.61481
     -4.15000      1.77400      1.77400
     -4.14000      5.87879      5.87879
     -4.13000     10.76162     10.76162
     -4.12000     13.33347     13.33347
     -4.11000     11.35131     11.35131
     -4.10000      8.32960      8.32960
     -4.09000     15.46444     15.46444
     -4.08000     25.03840     25.03840
     -4.07000     22.33541     22.33541
     -4.06000     16.60518     16.60518
     -4.05000     18.82700     18.82700
     -4.04000     17.09141     17.09141
     -4.03000      8.69128      8.69128
     -4.02000      2.53317      2.53317
     -4.01000      1.57749      1.57749
     -4.00000      5.90121      5.90121
     -3.99000     10.87473     10.87473
     -3.98000      8.76123      8.76123
     -3.97000      5.33307      5.33307
     -3.96000      3.77475      3.77475
     -3.95000      2.09430      2.09430
     -3.94000      2.28941      2.28941
     -3.93000      2.31360      2.31360
     -3.92000      0.96336      0.96336
     -3.91000      0.52300      0.52300
     -3.90000      1.97221      1.97221
     -3.89000      3.70642      3.70642
     -3.88000      2.57233      2.57233
     -3.87000      0.65837      0.65837
     -3.86000      0.11147      0.11147
     -3.85000      0.57274      0.57274
     -3.84000      2.40640      2.40640
     -3.83000      3.73698      3.73698
     -3.82000      2.22613      2.22613
     -3.81000      1.34432      1.34432
     -3.80000      3.38467      3.38467
     -3.79000      6.01060      6.01060
     -3.78000      8.04935      8.04935
     -3.77000     12.26798     12.26798
     -3.76000     18.55987     18.55987
     -3.75000     20.79766     20.79766
     -3.74000     17.60818     17.60818
     -3.73000     16.52497     16.52497
     -3.72000     16.61436     16.61436
     -3.71000     12.24442     12.24442
     -3.70000      8.65955      8.65955
     -3.69000     10.50734     10.50734
     -3.68000     13.14548     13.14548
     -3.67000     10.03053     10.03053
     -3.66000      7.06970      7.06970
     -3.65000      7.88916      7.88916
     -3.64000      5.34060      5.34060
     -3.63000      2.74226      2.74226
     -3.62000      4.60304      4.60304
     -3.61000      7.82397      7.82397
     -3.60000      8.57281      8.57281
     -3.59000      4.85565      4.85565
     -3.58000      3.25515      3.25515
     -3.57000      6.63342      6.63342
     -3.56000      7.82391      7.82391
     -3.55000      7.28711      7.28711
     -3.54000      7.84260      7.84260
     -3.53000      4.52315      4.52315
     -3.52000      2.61931      2.61931
     -3.51000      8.00228      8.00228
     -3.50000     16.13101     16.13101
     -3.49000     17.70386     17.70386
     -3.48000     13.38495     13.38495
     -3.47000      6.74585      6.74585
     -3.46000      2.23560      2.23560
     -3.45000      2.46287      2.46287
     -3.44000      4.36706      4.36706
     -3.43000      6.47039      6.47039
     -3.42000     10.88303     10.88303
     -3.41000     10.09819     10.09819
     -3.40000      7.12227      7.12227
     -3.39000      9.87345      9.87345
     -3.38000     10.23387     10.23387
     -3.37000     11.32690     11.32690
     -3.36000     20.90435     20.90435
     -3.35000     25.96177     25.96177
     -3.34000     20.23081     20.23081
     -3.33000     20.00772     20.00772
     -3.32000     26.23715     26.23715
     -3.31000     23.61888     23.61888
     -3.30000     15.17446     15.17446
     -3.29000     11.13811     11.13811
     -3.28000     10.72354     10.72354
     -3.27000     12.78327     12.78327
     -3.26000     17.05562     17.05562
     -3.25000     17.28557     17.28557
     -3.24000     14.05671     14.05671
     -3.23000      8.13158      8.13158
     -3.22000      5.44879      5.44879
     -3.21000      6.31989      6.31989
     -3.20000     10.41661     10.41661
     -3.19000     14.03030     14.03030
     -3.18000     11.60883     11.60883
     -3.17000      5.81933      5.81933
     -3.16000      1.56127      1.56127
     -3.15000      0.18673      0.18673
     -3.14000      0.00889      0.00889
     -3.13000      0.00050      0.00050
     -3.12000      0.02106      0.02106
     -3.11000      0.48724      0.48724
     -3.10000      4.30651      4.30651
     -3.09000     14.91961     14.91961
     -3.08000     21.21758     21.21758
     -3.07000     14.07114     14.07114
     -3.06000      6.70701      6.70701
     -3.05000      3.04956      3.04956
     -3.04000      0.76566      0.76566
     -3.03000      0.07639      0.07639
     -3.02000      0.00284      0.00284
     -3.01000      0.00004      0.00004
     -3.00000      0.00000      0.00000
     -2.99000      0.00000      0.00000
     -2.98000      0.00000      0.00000
     -2.97000      0.00000      0.00000
     -2.96000      0.00000      0.00000
     -2.95000      0.00000      0.00000
     -2.94000      0.00000      0.00000
     -2.93000      0.00000      0.00000
     -2.92000      0.00000      0.00000
     -2.91000      0.00000      0.00000
     -2.90000      0.00000      0.00000
     -2.89000      0.00000      0.00000
     -2.88000      0.00000      0.00000
     -2.87000      0.00000      0.00000
     -2.86000      0.00009      0.00009
     -2.85000      0.00575      0.00575
     -2.84000      0.12908      0.12908
     -2.83000      1.08216      1.08216
     -2.82000      3.47450      3.47450
     -2.81000      4.50074      4.50074
     -2.80000      2.55159      2.55159
     -2.79000      0.67205      0.67205
     -2.78000      0.07999      0.07999
     -2.77000      0.00396      0.00396
     -2.76000      0.00007      0.00007
     -2.75000      0.00000      0.00000
     -2.74000      0.00000      0.00000
     -2.73000      0.00000      0.00000
     -2.72000      0.00000      0.00000
     -2.71000      0.00000      0.00000
     -2.70000      0.00000      0.00000
     -2.69000      0.00000      0.00000
     -2.68000      0.00000      0.00000
     -2.67000      0.00000      0.00000
     -2.66000      0.00000      0.00000
     -2.65000      0.00004      0.00004
     -2.64000      0.00277      0.00277
     -2.63000      0.07479      0.07479
     -2.62000      0.74392      0.74392
     -2.61000      2.72198      2.72198
     -2.60000      3.66395      3.66395
     -2.59000      1.81434      1.81434
     -2.58000      0.33052      0.33052
     -2.57000      0.02215      0.02215
     -2.56000      0.00055      0.00055
     -2.55000      0.00000      0.00000
     -2.54000      0.00073      0.00073
     -2.53000      0.02773      0.02773
     -2.52000      0.38551      0.38551
     -2.51000      1.97489      1.97489
     -2.50000      3.84147      3.84147
     -2.49000      4.29851      4.29851
     -2.48000      8.97972      8.97972
     -2.47000     14.90640     14.90640
     -2.46000      9.82267      9.82267
     -2.45000      2.41041      2.41041
     -2.44000      0.21946      0.21946
     -2.43000      0.00741      0.00741
     -2.42000      0.00007      0.00007
     -2.41000      0.00000      0.00000
     -2.40000      0.00000      0.00000
     -2.39000      0.00000      0.00000
     -2.38000      0.00000      0.00000
     -2.37000      0.00000      0.00000
     -2.36000      0.00247      0.00247
     -2.35000      0.08205      0.08205
     -2.34000      1.00383      1.00383
     -2.33000      4.51784      4.51784
     -2.32000      7.48010      7.48010
     -2.31000      4.55606      4.55606
     -2.30000      1.02089      1.02089
     -2.29000      0.08433      0.08433
     -2.28000      0.01188      0.01188
     -2.27000      0.18040      0.18040
     -2.26000      1.28367      1.28367
     -2.25000      3.36079      3.36079
     -2.24000      3.23694      3.23694
     -2.23000      1.14692      1.14692
     -2.22000      0.14950      0.14950
     -2.21000      0.00717      0.00717
     -2.20000      0.00013      0.00013
     -2.19000      0.00000      0.00000
     -2.18000      0.00000      0.00000
     -2.17000      0.00000      0.00000
     -2.16000      0.00000      0.00000
     -2.15000      0.00000      0.00000
     -2.14000      0.00000      0.00000
     -2.13000      0.00000      0.00000
     -2.12000      0.00000      0.00000
     -2.11000      0.00000      0.00000
     -2.10000      0.00000      0.00000
     -2.09000      0.00000      0.00000
     -2.08000      0.00000      0.00000
     -2.07000      0.00000      0.00000
     -2.06000      0.00000      0.00000
     -2.05000      0.00000      0.00000
     -2.04000      0.00000      0.00000
     -2.03000      0.00000      0.00000
     -2.02000      0.00000      0.00000
     -2.01000      0.00000      0.00000
     -2.00000      0.00000      0.00000
     -1.99000      0.00000      0.00000
     -1.98000      0.00000      0.00000
     -1.97000      0.00000      0.00000
     -1.96000      0.00000      0.00000
     -1.95000      0.00000      0.00000
     -1.94000      0.00000      0.00000
     -1.93000      0.00000      0.00000
     -1.92000      0.00075      0.00075
     -1.91000      0.02833      0.02833
     -1.90000      0.39111      0.39111
     -1.89000      1.98627      1.98627
     -1.88000      3.71096      3.71096
     -1.87000      2.55059      2.55059
     -1.86000      0.64491      0.64491
     -1.85000      0.05999      0.05999
     -1.84000      0.00205      0.00205
     -1.83000      0.00003      0.00003
     -1.82000      0.00000      0.00000
     -1.81000      0.00000      0.00000
     -1.80000      0.00000      0.00000
     -1.79000      0.00006      0.00006
     -1.78000      0.00384      0.00384
     -1.77000      0.09521      0.09521
     -1.76000      0.86750      0.86750
     -1.75000      2.90779      2.90779
     -1.74000      3.58558      3.58558
     -1.73000      1.62653      1.62653
     -1.72000      0.27144      0.27144
     -1.71000      0.01666      0.01666
     -1.70000      0.00038      0.00038
     -1.69000      0.00000      0.00000
     -1.68000      0.00118      0.00118
     -1.67000      0.04713      0.04713
     -1.66000      0.68998      0.68998
     -1.65000      3.72733      3.72733
     -1.64000      7.64586      7.64586
     -1.63000      7.61349      7.61349
     -1.62000      7.87072      7.87072
     -1.61000      6.89852      6.89852
     -1.60000      2.63245      2.63245
     -1.59000      0.71091      0.71091
     -1.58000      2.49725      2.49725
     -1.57000      6.64566      6.64566
     -1.56000      6.55626      6.55626
     -1.55000      2.37960      2.37960
     -1.54000      0.31816      0.31816
     -1.53000      0.03417      0.03417
     -1.52000      0.29285      0.29285
     -1.51000      1.69629      1.69629
     -1.50000      3.61811      3.61811
     -1.49000      2.83903      2.83903
     -1.48000      0.81953      0.81953
     -1.47000      0.08703      0.08703
     -1.46000      0.00340      0.00340
     -1.45000      0.00005      0.00005
     -1.44000      0.00000      0.00000
     -1.43000      0.00000      0.00000
     -1.42000      0.00051      0.00051
     -1.41000      0.02455      0.02455
     -1.40000      0.43823      0.43823
     -1.39000      2.87805      2.87805
     -1.38000      6.95349      6.95349
     -1.37000      6.18035      6.18035
     -1.36000      2.02082      2.02082
     -1.35000      0.24308      0.24308
     -1.34000      0.01076      0.01076
     -1.33000      0.00018      0.00018
     -1.32000      0.00000      0.00000
     -1.31000      0.00000      0.00000
     -1.30000      0.00000      0.00000
     -1.29000      0.00000      0.00000
     -1.28000      0.00000      0.00000
     -1.27000      0.00000      0.00000
     -1.26000      0.00000      0.00000
     -1.25000      0.00000      0.00000
     -1.24000      0.00000      0.00000
     -1.23000      0.00000      0.00000
     -1.22000      0.00000      0.00000
     -1.21000      0.00000      0.00000
     -1.20000      0.00000      0.00000
     -1.19000      0.00000      0.00000
     -1.18000      0.00000      0.00000
     -1.17000      0.00000      0.00000
     -1.16000      0.00000      0.00000
     -1.15000      0.00000      0.00000
     -1.14000      0.00062      0.00062
     -1.13000      0.02857      0.02857
     -1.12000      0.48750      0.48750
     -1.11000      3.06029      3.06029
     -1.10000      7.06731      7.06731
     -1.09000      6.00416      6.00416
     -1.08000      1.87653      1.87653
     -1.07000      0.21576      0.21576
     -1.06000      0.00913      0.00913
     -1.05000      0.00014      0.00014
     -1.04000      0.00000      0.00000
     -1.03000      0.00000      0.00000
     -1.02000      0.00000      0.00000
     -1.01000      0.00000      0.00000
     -1.00000      0.00000      0.00000
     -0.99000      0.00000      0.00000
     -0.98000      0.00000      0.00000
     -0.97000      0.00000      0.00000
     -0.96000      0.00000      0.00000
     -0.95000      0.00000      0.00000
     -0.94000      0.00000      0.00000
     -0.93000      0.00000      0.00000
     -0.92000      0.00000      0.00000
     -0.91000      0.00000      0.00000
     -0.90000      0.00000      0.00000
     -0.89000      0.00003      0.00003
     -0.88000      0.00282      0.00282
     -0.87000      0.09071      0.09071
     -0.86000      1.07310      1.07310
     -0.85000      4.67013      4.67013
     -0.84000      7.47694      7.47694
     -0.83000      4.40377      4.40377
     -0.82000      0.95418      0.95418
     -0.81000      0.07606      0.07606
     -0.80000      0.00223      0.00223
     -0.79000      0.00000      0.00000
     -0.78000      0.00000      0.00000
     -0.77000      0.00000      0.00000
     -0.76000      0.00000      0.00000
     -0.75000      0.00015      0.00015
     -0.74000      0.00805      0.00805
     -0.73000      0.16251      0.16251
     -0.72000      1.20613      1.20613
     -0.71000      3.29323      3.29323
     -0.70000      3.30794      3.30794
     -0.69000      1.22236      1.22236
     -0.68000      0.16617      0.16617
     -0.67000      0.00831      0.00831
     -0.66000      0.00015      0.00015
     -0.65000      0.00000      0.00000
     -0.64000      0.00000      0.00000
     -0.63000      0.00000      0.00000
     -0.62000      0.00000      0.00000
     -0.61000      0.00000      0.00000
     -0.60000      0.00043      0.00043
     -0.59000      0.01846      0.01846
     -0.58000      0.29497      0.29497
     -0.57000      1.79532      1.79532
     -0.56000      4.62120      4.62120
     -0.55000      6.74182      6.74182
     -0.54000      7.40752      7.40752
     -0.53000      5.19911      5.19911
     -0.52000      1.77681      1.77681
     -0.51000      0.25498      0.25498
     -0.50000      0.02485      0.02485
     -0.49000      0.24088      0.24088
     -0.48000      2.00795      2.00795
     -0.47000      6.16525      6.16525
     -0.46000      6.96392      6.96392
     -0.45000      2.89376      2.89376
     -0.44000      0.44236      0.44236
     -0.43000      0.02488      0.02488
     -0.42000      0.00051      0.00051
     -0.41000      0.00000      0.00000
     -0.40000      0.00000      0.00000
     -0.39000      0.00000      0.00000
     -0.38000      0.00000      0.00000
     -0.37000      0.00000      0.00000
     -0.36000      0.00000      0.00000
     -0.35000      0.00000      0.00000
     -0.34000      0.00000      0.00000
     -0.33000      0.00000      0.00000
     -0.32000      0.00000      0.00000
     -0.31000      0.00000      0.00000
     -0.30000      0.00000      0.00000
     -0.29000      0.00000      0.00000
     -0.28000      0.00000      0.00000
     -0.27000      0.00002      0.00002
     -0.26000      0.00185      0.00185
     -0.25000      0.05549      0.05549
     -0.24000      0.61315      0.61315
     -0.23000      2.50467      2.50467
     -0.22000      4.02287      4.02287
     -0.21000      4.34856      4.34856
     -0.20000      6.89580      6.89580
     -0.19000      6.74532      6.74532
     -0.18000      2.55967      2.55967
     -0.17000      0.35873      0.35873
     -0.16000      0.01850      0.01850
     -0.15000      0.00035      0.00035
     -0.14000      0.00000      0.00000
     -0.13000      0.00000      0.00000
     -0.12000      0.00000      0.00000
     -0.11000      0.00000      0.00000
     -0.10000      0.00031      0.00031
     -0.09000      0.01426      0.01426
     -0.08000      0.24348      0.24348
     -0.07000      1.52919      1.52919
     -0.06000      3.53310      3.53310
     -0.05000      3.00301      3.00301
     -0.04000      0.93899      0.93899
     -0.03000      0.10801      0.10801
     -0.02000      0.00457      0.00457
     -0.01000      0.00007      0.00007
      0.00000      0.00000      0.00000
      0.01000      0.00000      0.00000
      0.02000      0.00000      0.00000
      0.03000      0.00000      0.00000
      0.04000      0.00000      0.00000
      0.05000      0.00000      0.00000
      0.06000      0.00000      0.00000
      0.07000      0.00000      0.00000
      0.08000      0.00000      0.00000
      0.09000      0.00000      0.00000
      0.10000      0.00008      0.00008
      0.11000      0.00581      0.00581
      0.12000      0.15501      0.15501
      0.13000      1.52332      1.52332
      0.14000      5.54490      5.54490
      0.15000      7.98478      7.98478
      0.16000      7.24760      7.24760
      0.17000      7.98573      7.98573
      0.18000      5.44100      5.44100
      0.19000      1.46110      1.46110
      0.20000      0.14527      0.14527
      0.21000      0.00532      0.00532
      0.22000      0.00007      0.00007
      0.23000      0.00000      0.00000
      0.24000      0.00000      0.00000
      0.25000      0.00000      0.00000
      0.26000      0.00000      0.00000
      0.27000      0.00000      0.00000
      0.28000      0.00000      0.00000
      0.29000      0.00000      0.00000
      0.30000      0.00000      0.00000
      0.31000      0.00000      0.00000
      0.32000      0.00000      0.00000
      0.33000      0.00000      0.00000
      0.34000      0.00000      0.00000
      0.35000      0.00000      0.00000
      0.36000      0.00000      0.00000
      0.37000      0.00000      0.00000
      0.38000      0.00000      0.00000
      0.39000      0.00000      0.00000
      0.40000      0.00000      0.00000
      0.41000      0.00062      0.00062
      0.42000      0.02882      0.02882
      0.43000      0.49054      0.49054
      0.44000      3.07119      3.07119
      0.45000      7.07363      7.07363
      0.46000      5.99355      5.99355
      0.47000      1.86823      1.86823
      0.48000      0.21423      0.21423
      0.49000      0.00904      0.00904
      0.50000      0.00014      0.00014
      0.51000      0.00000      0.00000
      0.52000      0.00000      0.00000
      0.53000      0.00000      0.00000
      0.54000      0.00000      0.00000
      0.55000      0.00000      0.00000
      0.56000      0.00000      0.00000
      0.57000      0.00000      0.00000
      0.58000      0.00000      0.00000
      0.59000      0.00000      0.00000
      0.60000      0.00019      0.00019
      0.61000      0.01169      0.01169
      0.62000      0.25814      0.25814
      0.63000      2.09712      2.09712
      0.64000      6.26740      6.26740
      0.65000      6.89062      6.89062
      0.66000      2.78699      2.78699
      0.67000      0.41468      0.41468
      0.68000      0.02270      0.02270
      0.69000      0.00046      0.00046
      0.70000      0.00000      0.00000
      0.71000      0.00000      0.00000
      0.72000      0.00000      0.00000
      0.73000      0.00000      0.00000
      0.74000      0.00000      0.00000
      0.75000      0.00000      0.00000
      0.76000      0.00000      0.00000
      0.77000      0.00000      0.00000
      0.78000      0.00000      0.00000
      0.79000      0.00115      0.00115
      0.80000      0.04597      0.04597
      0.81000      0.67804      0.67804
      0.82000      3.67926      3.67926
      0.83000      7.34460      7.34460
      0.84000      5.39381      5.39381
      0.85000      1.46728      1.46728
      0.86000      0.37772      0.37772
      0.87000      1.97331      1.97331
      0.88000      6.11773      6.11773
      0.89000      6.99597      6.99597
      0.90000      2.94318      2.94318
      0.91000      0.45550      0.45550
      0.92000      0.02593      0.02593
      0.93000      0.00054      0.00054
      0.94000      0.00000      0.00000
      0.95000      0.00000      0.00000
      0.96000      0.00000      0.00000
      0.97000      0.00000      0.00000
      0.98000      0.00000      0.00000
      0.99000      0.00000      0.00000
      1.00000      0.00000      0.00000
      1.01000      0.00000      0.00000
      1.02000      0.00007      0.00007
      1.03000      0.00540      0.00540
      1.04000      0.14694      0.14694
      1.05000      1.47086      1.47086
      1.06000      5.41625      5.41625
      1.07000      7.33722      7.33722
      1.08000      3.65654      3.65654
      1.09000      0.67037      0.67037
      1.10000      0.04521      0.04521
      1.11000      0.00112      0.00112
      1.12000      0.00000      0.00000
      1.13000      0.00000      0.00000
      1.14000      0.00000      0.00000
      1.15000      0.00000      0.00000
      1.16000      0.00000      0.00000
      1.17000      0.00000      0.00000
      1.18000      0.00000      0.00000
      1.19000      0.00000      0.00000
      1.20000      0.00000      0.00000
      1.21000      0.00000      0.00000
      1.22000      0.00000      0.00000
      1.23000      0.00000      0.00000
      1.24000      0.00000      0.00000
      1.25000      0.00000      0.00000
      1.26000      0.00000      0.00000
      1.27000      0.00000      0.00000
      1.28000      0.00000      0.00000
      1.29000      0.00000      0.00000
      1.30000      0.00000      0.00000
      1.31000      0.00000      0.00000
      1.32000      0.00000      0.00000
      1.33000      0.00000      0.00000
      1.34000      0.00000      0.00000
      1.35000      0.00021      0.00021
      1.36000      0.01055      0.01055
      1.37000      0.19689      0.19689
      1.38000      1.35189      1.35189
      1.39000      3.41478      3.41478
      1.40000      3.17313      3.17313
      1.41000      1.08472      1.08472
      1.42000      0.13701      0.13701
      1.43000      0.02990      0.02990
      1.44000      0.34533      0.34533
      1.45000      1.86464      1.86464
      1.46000      3.85802      3.85802
      1.47000      4.35403      4.35403
      1.48000      6.44843      6.44843
      1.49000      7.28318      7.28318
      1.50000      3.34198      3.34198
      1.51000      0.56884      0.56884
      1.52000      0.03564      0.03564
      1.53000      0.00082      0.00082
      1.54000      0.00000      0.00000
      1.55000      0.00002      0.00002
      1.56000      0.00151      0.00151
      1.57000      0.04769      0.04769
      1.58000      0.55805      0.55805
      1.59000      2.46622      2.46622
      1.60000      4.59436      4.59436
      1.61000      5.05913      5.05913
      1.62000      4.05330      4.05330
      1.63000      1.67590      1.67590
      1.64000      0.27642      0.27642
      1.65000      0.01836      0.01836
      1.66000      0.04428      0.04428
      1.67000      0.52674      0.52674
      1.68000      2.37303      2.37303
      1.69000      4.57921      4.57921
      1.70000      6.35039      6.35039
      1.71000      7.93685      7.93685
      1.72000      4.98960      4.98960
      1.73000      1.21139      1.21139
      1.74000      0.10885      0.10885
      1.75000      0.00360      0.00360
      1.76000      0.00017      0.00017
      1.77000      0.00827      0.00827
      1.78000      0.20081      0.20081
      1.79000      1.79403      1.79403
      1.80000      5.89622      5.89622
      1.81000      7.12890      7.12890
      1.82000      3.17086      3.17086
      1.83000      0.51884      0.51884
      1.84000      0.03123      0.03123
      1.85000      0.00069      0.00069
      1.86000      0.00000      0.00000
      1.87000      0.00000      0.00000
      1.88000      0.00000      0.00000
      1.89000      0.00000      0.00000
      1.90000      0.00000      0.00000
      1.91000      0.00000      0.00000
      1.92000      0.00000      0.00000
      1.93000      0.00000      0.00000
      1.94000      0.00000      0.00000
      1.95000      0.00000      0.00000
      1.96000      0.00000      0.00000
      1.97000      0.00084      0.00084
      1.98000      0.03636      0.03636
      1.99000      0.57672      0.57672
      2.00000      3.36529      3.36529
      2.01000      7.22415      7.22415
      2.02000      5.70501      5.70501
      2.03000      1.65741      1.65741
      2.04000      0.17714      0.17714
      2.05000      0.00696      0.00696
      2.06000      0.00010      0.00010
      2.07000      0.00000      0.00000
      2.08000      0.00000      0.00000
      2.09000      0.00124      0.00124
      2.10000      0.04128      0.04128
      2.11000      0.50402      0.50402
      2.12000      2.26365      2.26365
      2.13000      3.74008      3.74008
      2.14000      2.27330      2.27330
      2.15000      0.50832      0.50832
      2.16000      0.04181      0.04181
      2.17000      0.00127      0.00127
      2.18000      0.00001      0.00001
      2.19000      0.00000      0.00000
      2.20000      0.00000      0.00000
      2.21000      0.00020      0.00020
      2.22000      0.01207      0.01207
      2.23000      0.26418      0.26418
      2.24000      2.12710      2.12710
      2.25000      6.30052      6.30052
      2.26000      6.86547      6.86547
      2.27000      2.75213      2.75213
      2.28000      0.40608      0.40608
      2.29000      0.03472      0.03472
      2.30000      0.27457      0.27457
      2.31000      2.17577      2.17577
      2.32000      6.35299      6.35299
      2.33000      6.82414      6.82414
      2.34000      2.69664      2.69664
      2.35000      0.39202      0.39202
      2.36000      0.02096      0.02096
      2.37000      0.00041      0.00041
      2.38000      0.00000      0.00000
      2.39000      0.00000      0.00000
      2.40000      0.00000      0.00000
      2.41000      0.00000      0.00000
      2.42000      0.00000      0.00000
      2.43000      0.00000      0.00000
      2.44000      0.00000      0.00000
      2.45000      0.00000      0.00000
      2.46000      0.00000      0.00000
      2.47000      0.00000      0.00000
      2.48000      0.00000      0.00000
      2.49000      0.00000      0.00000
      2.50000      0.00000      0.00000
      2.51000      0.00000      0.00000
      2.52000      0.00000      0.00000
      2.53000      0.00000      0.00000
      2.54000      0.00000      0.00000
      2.55000      0.00002      0.00002
      2.56000      0.00110      0.00110
      2.57000      0.02829      0.02829
      2.58000      0.26916      0.26916
      2.59000      0.95643      0.95643
      2.60000      1.53960      1.53960
      2.61000      3.00976      3.00976
      2.62000      6.70924      6.70924
      2.63000      6.59909      6.59909
      2.64000      2.41928      2.41928
      2.65000      0.32954      0.32954
      2.66000      0.11090      0.11090
      2.67000      1.10434      1.10434
      2.68000      4.73574      4.73574
      2.69000      7.47308      7.47308
      2.70000      4.34512      4.34512
      2.71000      1.10341      1.10341
      2.72000      1.72911      1.72911
      2.73000      5.70552      5.70552
      2.74000      7.22487      7.22487
      2.75000      3.36691      3.36691
      2.76000      0.57721      0.57721
      2.77000      0.03640      0.03640
      2.78000      0.00084      0.00084
      2.79000      0.00000      0.00000
      2.80000      0.00000      0.00000
      2.81000      0.00000      0.00000
      2.82000      0.00000      0.00000
      2.83000      0.00000      0.00000
      2.84000      0.00000      0.00000
      2.85000      0.00000      0.00000
      2.86000      0.00000      0.00000
      2.87000      0.00000      0.00000
      2.88000      0.00000      0.00000
      2.89000      0.00000      0.00000
      2.90000      0.00000      0.00000
      2.91000      0.00000      0.00000
      2.92000      0.00000      0.00000
      2.93000      0.00013      0.00013
      2.94000      0.00744      0.00744
      2.95000      0.15346      0.15346
      2.96000      1.16522      1.16522
      2.97000      3.25479      3.25479
      2.98000      3.34460      3.34460
      2.99000      1.26436      1.26436
      3.00000      0.17583      0.17583
      3.01000      0.00900      0.00900
      3.02000      0.00017      0.00017
      3.03000      0.00000      0.00000
      3.04000      0.00000      0.00000
      3.05000      0.00000      0.00000
      3.06000      0.00000      0.00000
      3.07000      0.00000      0.00000
      3.08000      0.00000      0.00000
      3.09000      0.00000      0.00000
      3.10000      0.00000      0.00000
      3.11000      0.00000      0.00000
      3.12000      0.00000      0.00000
      3.13000      0.00000      0.00000
      3.14000      0.00000      0.00000
      3.15000      0.00000      0.00000
      3.16000      0.00000      0.00000
      3.17000      0.00000      0.00000
      3.18000      0.00000      0.00000
      3.19000      0.00000      0.00000
      3.20000      0.00000      0.00000
      3.21000      0.00000      0.00000
      3.22000      0.00000      0.00000
      3.23000      0.00000      0.00000
      3.24000      0.00000      0.00000
      3.25000      0.00071      0.00071
      3.26000      0.02716      0.02716
      3.27000      0.38110      0.38110
      3.28000      1.99942      1.99942
      3.29000      4.35380      4.35380
      3.30000      6.17421      6.17421
      3.31000      7.97705      7.97705
