Energy-E_F (eV)    DOS (1/eV)    PDOS (1/eV)  of atom type Pt 
     -5.61285      1.88527      0.00000
     -5.60285      6.06810      0.00000
     -5.59285     14.85189      0.00000
     -5.58285     22.86713      0.00000
     -5.57285     23.29658      0.00000
     -5.56285     19.94631      0.00000
     -5.55285     20.92492      0.00000
     -5.54285     24.50616      0.00000
     -5.53285     29.70373      0.00000
     -5.52285     28.17539      0.00000
     -5.51285     21.15330      0.00000
     -5.50285     19.90840      0.00000
     -5.49285     16.92502      0.00000
     -5.48285      9.38114      0.00000
     -5.47285      2.87099      0.00000
     -5.46285      0.38731      0.00000
     -5.45285      0.02040      0.00000
     -5.44285      0.00040      0.00000
     -5.43285      0.00073      0.00000
     -5.42285      0.02754      0.00000
     -5.41285      0.40602      0.00000
     -5.40285      2.45788      0.00000
     -5.39285      6.59309      0.00000
     -5.38285     10.41355      0.00000
     -5.37285     18.20620      0.00000
     -5.36285     30.73509      0.00000
     -5.35285     32.52194      0.00000
     -5.34285     23.49779      0.00000
     -5.33285     18.11089      0.00000
     -5.32285     13.86410      0.00000
     -5.31285      9.89613      0.00000
     -5.30285     17.68746      0.00000
     -5.29285     29.68374      0.00000
     -5.28285     30.05212      0.00000
     -5.27285     23.43582      0.00000
     -5.26285     20.57934      0.00000
     -5.25285     17.27075      0.00000
     -5.24285     15.03632      0.00000
     -5.23285     19.10673      0.00000
     -5.22285     22.07587      0.00000
     -5.21285     20.32341      0.00000
     -5.20285     19.54334      0.00000
     -5.19285     19.77198      0.00000
     -5.18285     15.05507      0.00000
     -5.17285      6.20204      0.00000
     -5.16285      1.46160      0.00000
     -5.15285      2.96920      0.00000
     -5.14285     11.52078      0.00000
     -5.13285     24.66472      0.00000
     -5.12285     31.29850      0.00000
     -5.11285     23.01043      0.00000
     -5.10285     10.79617      0.00000
     -5.09285      5.09630      0.00000
     -5.08285      4.46742      0.00000
     -5.07285      8.04624      0.00000
     -5.06285     14.95351      0.00000
     -5.05285     19.97625      0.00000
     -5.04285     18.95657      0.00000
     -5.03285     15.32006      0.00000
     -5.02285     16.41760      0.00000
     -5.01285     17.67695      0.00000
     -5.00285     13.03676      0.00000
     -4.99285     12.58690      0.00000
     -4.98285     18.99014      0.00000
     -4.97285     25.75279      0.00000
     -4.96285     26.09435      0.00000
     -4.95285     20.64849      0.00000
     -4.94285     17.88687      0.00000
     -4.93285     19.58116      0.00000
     -4.92285     23.30218      0.00000
     -4.91285     31.81272      0.00000
     -4.90285     34.70598      0.00000
     -4.89285     26.36597      0.00000
     -4.88285     16.83960      0.00000
     -4.87285      9.85270      0.00000
     -4.86285      5.76688      0.00000
     -4.85285      2.43888      0.00000
     -4.84285      1.76251      0.00000
     -4.83285      4.49428      0.00000
     -4.82285     10.99200      0.00000
     -4.81285     19.57403      0.00000
     -4.80285     23.56788      0.00000
     -4.79285     22.37636      0.00000
     -4.78285     20.63032      0.00000
     -4.77285     22.22672      0.00000
     -4.76285     20.87762      0.00000
     -4.75285     15.81503      0.00000
     -4.74285     11.31510      0.00000
     -4.73285      8.64904      0.00000
     -4.72285      4.34615      0.00000
     -4.71285      0.94141      0.00000
     -4.70285      0.07868      0.00000
     -4.69285      0.00248      0.00000
     -4.68285      0.00003      0.00000
     -4.67285      0.00038      0.00000
     -4.66285      0.01524      0.00000
     -4.65285      0.22886      0.00000
     -4.64285      1.33402      0.00000
     -4.63285      3.67593      0.00000
     -4.62285      8.04662      0.00000
     -4.61285     16.52267      0.00000
     -4.60285     22.84446      0.00000
     -4.59285     21.94972      0.00000
     -4.58285     17.39129      0.00000
     -4.57285     11.59456      0.00000
     -4.56285      9.62089      0.00000
     -4.55285     13.37132      0.00000
     -4.54285     25.02854      0.00000
     -4.53285     34.15375      0.00000
     -4.52285     35.26844      0.00000
     -4.51285     29.05845      0.00000
     -4.50285     14.61301      0.00000
     -4.49285      3.61541      0.00000
     -4.48285      0.39803      0.00000
     -4.47285      0.03034      0.00000
     -4.46285      0.19202      0.00000
     -4.45285      1.12530      0.00000
     -4.44285      2.52462      0.00000
     -4.43285      2.90241      0.00000
     -4.42285      4.40377      0.00000
     -4.41285      8.03990      0.00000
     -4.40285      9.69336      0.00000
     -4.39285      6.37826      0.00000
     -4.38285      1.97973      0.00000
     -4.37285      0.47870      0.00000
     -4.36285      1.37166      0.00000
     -4.35285      4.19821      0.00000
     -4.34285     10.03907      0.00000
     -4.33285     15.22370      0.00000
     -4.32285     10.70019      0.00000
     -4.31285      5.71175      0.00000
     -4.30285      5.54326      0.00000
     -4.29285      5.23798      0.00000
     -4.28285      7.21927      0.00000
     -4.27285      8.19463      0.00000
     -4.26285      7.83597      0.00000
     -4.25285      8.11821      0.00000
     -4.24285      6.11427      0.00000
     -4.23285      5.83954      0.00000
     -4.22285     14.50751      0.00000
     -4.21285     27.76669      0.00000
     -4.20285     25.27988      0.00000
     -4.19285     13.77150      0.00000
     -4.18285      7.58798      0.00000
     -4.17285      5.69282      0.00000
     -4.16285      9.05941      0.00000
     -4.15285     13.01919      0.00000
     -4.14285     11.79399      0.00000
     -4.13285      7.23136      0.00000
     -4.12285      6.44951      0.00000
     -4.11285      7.55638      0.00000
     -4.10285      4.06742      0.00000
     -4.09285      0.82465      0.00000
     -4.08285      0.06203      0.00000
     -4.07285      0.00173      0.00000
     -4.06285      0.00001      0.00000
     -4.05285      0.00000      0.00000
     -4.04285      0.00007      0.00000
     -4.03285      0.00562      0.00000
     -4.02285      0.14654      0.00000
     -4.01285      1.43233      0.00000
     -4.00285      5.35029      0.00000
     -3.99285      8.80767      0.00000
     -3.98285     12.18260      0.00000
     -3.97285     17.81256      0.00000
     -3.96285     13.94087      0.00000
     -3.95285      7.80247      0.00000
     -3.94285      8.01519      0.00000
     -3.93285      8.72588      0.00000
     -3.92285      6.69523      0.00000
     -3.91285      3.94729      0.00000
     -3.90285      4.92469      0.00000
     -3.89285      7.93353      0.00000
     -3.88285      7.47876      0.00000
     -3.87285      4.47191      0.00000
     -3.86285      5.77687      0.00000
     -3.85285      7.46422      0.00000
     -3.84285      4.48416      0.00000
     -3.83285      4.22973      0.00000
     -3.82285      9.51906      0.00000
     -3.81285     16.61387      0.00000
     -3.80285     18.46847      0.00000
     -3.79285     10.71898      0.00000
     -3.78285      3.80358      0.00000
     -3.77285      6.48528      0.00000
     -3.76285     16.41681      0.00000
     -3.75285     19.50649      0.00000
     -3.74285     10.60225      0.00000
     -3.73285      3.97532      0.00000
     -3.72285      5.28269      0.00000
     -3.71285      7.81272      0.00000
     -3.70285      8.90130      0.00000
     -3.69285     11.13838      0.00000
     -3.68285     11.47803      0.00000
     -3.67285      7.19015      0.00000
     -3.66285      2.73361      0.00000
     -3.65285      2.76578      0.00000
     -3.64285      9.90832      0.00000
     -3.63285     19.45042      0.00000
     -3.62285     21.34987      0.00000
     -3.61285     16.51416      0.00000
     -3.60285     14.59777      0.00000
     -3.59285     20.97044      0.00000
     -3.58285     22.67813      0.00000
     -3.57285     20.47094      0.00000
     -3.56285     21.86508      0.00000
     -3.55285     19.66009      0.00000
     -3.54285     11.30977      0.00000
     -3.53285      4.08266      0.00000
     -3.52285      0.78412      0.00000
     -3.51285      0.06462      0.00000
     -3.50285      0.00675      0.00000
     -3.49285      0.13929      0.00000
     -3.48285      1.54612      0.00000
     -3.47285      6.54676      0.00000
     -3.46285     11.68591      0.00000
     -3.45285     13.32646      0.00000
     -3.44285     17.05807      0.00000
     -3.43285     22.79590      0.00000
     -3.42285     24.20179      0.00000
     -3.41285     19.93105      0.00000
     -3.40285     15.42108      0.00000
     -3.39285     18.51910      0.00000
     -3.38285     27.17799      0.00000
     -3.37285     33.25247      0.00000
     -3.36285     33.26578      0.00000
     -3.35285     23.93744      0.00000
     -3.34285     15.53251      0.00000
     -3.33285     14.24479      0.00000
     -3.32285     12.75042      0.00000
     -3.31285      6.22050      0.00000
     -3.30285      2.37404      0.00000
     -3.29285      4.17623      0.00000
     -3.28285      6.10043      0.00000
     -3.27285      5.36629      0.00000
     -3.26285      5.52425      0.00000
     -3.25285      6.95559      0.00000
     -3.24285      5.53497      0.00000
     -3.23285      2.22101      0.00000
     -3.22285      0.52367      0.00000
     -3.21285      1.28659      0.00000
     -3.20285      5.37939      0.00000
     -3.19285     10.94507      0.00000
     -3.18285     16.45346      0.00000
     -3.17285     18.99505      0.00000
     -3.16285     13.85674      0.00000
     -3.15285      6.79767      0.00000
     -3.14285      5.11194      0.00000
     -3.13285     13.58796      0.00000
     -3.12285     24.67444      0.00000
     -3.11285     21.96803      0.00000
     -3.10285      9.08148      0.00000
     -3.09285      1.65519      0.00000
     -3.08285      0.26366      0.00000
     -3.07285      1.24368      0.00000
     -3.06285      4.19372      0.00000
     -3.05285      5.98832      0.00000
     -3.04285      5.07040      0.00000
     -3.03285      5.38327      0.00000
     -3.02285      9.21561      0.00000
     -3.01285     12.34500      0.00000
     -3.00285      9.47300      0.00000
     -2.99285      5.66168      0.00000
     -2.98285      8.50540      0.00000
     -2.97285     15.96219      0.00000
     -2.96285     26.79902      0.00000
     -2.95285     31.70453      0.00000
     -2.94285     20.18567      0.00000
     -2.93285      7.94929      0.00000
     -2.92285      6.06214      0.00000
     -2.91285      8.32838      0.00000
     -2.90285     10.68742      0.00000
     -2.89285      8.40632      0.00000
     -2.88285      4.20262      0.00000
     -2.87285      7.62574      0.00000
     -2.86285     18.66243      0.00000
     -2.85285     28.23140      0.00000
     -2.84285     27.34478      0.00000
     -2.83285     18.18429      0.00000
     -2.82285     13.41154      0.00000
     -2.81285     16.01225      0.00000
     -2.80285     13.35361      0.00000
     -2.79285      5.85046      0.00000
     -2.78285      4.06186      0.00000
     -2.77285      5.83978      0.00000
     -2.76285      8.46800      0.00000
     -2.75285     17.84695      0.00000
     -2.74285     27.66157      0.00000
     -2.73285     29.92204      0.00000
     -2.72285     35.86035      0.00000
     -2.71285     43.85421      0.00000
     -2.70285     34.68063      0.00000
     -2.69285     17.30167      0.00000
     -2.68285      7.03069      0.00000
     -2.67285      6.76792      0.00000
     -2.66285      7.13831      0.00000
     -2.65285      3.10039      0.00000
     -2.64285      0.49924      0.00000
     -2.63285      0.02962      0.00000
     -2.62285      0.00065      0.00000
     -2.61285      0.00141      0.00000
     -2.60285      0.05137      0.00000
     -2.59285      0.72527      0.00000
     -2.58285      4.24583      0.00000
     -2.57285     11.62208      0.00000
     -2.56285     17.22243      0.00000
     -2.55285     14.60088      0.00000
     -2.54285      6.41567      0.00000
     -2.53285      1.26161      0.00000
     -2.52285      0.10031      0.00000
     -2.51285      0.00311      0.00000
     -2.50285      0.00330      0.00000
     -2.49285      0.07590      0.00000
     -2.48285      0.64788      0.00000
     -2.47285      2.06566      0.00000
     -2.46285      2.85893      0.00000
     -2.45285      3.65606      0.00000
     -2.44285      5.51356      0.00000
     -2.43285      6.59683      0.00000
     -2.42285     10.59317      0.00000
     -2.41285     12.17052      0.00000
     -2.40285      7.33230      0.00000
     -2.39285      4.49952      0.00000
     -2.38285      6.74775      0.00000
     -2.37285     11.44592      0.00000
     -2.36285      9.60624      0.00000
     -2.35285      4.46936      0.00000
     -2.34285      6.62333      0.00000
     -2.33285     17.01576      0.00000
     -2.32285     26.86197      0.00000
     -2.31285     27.39541      0.00000
     -2.30285     25.94524      0.00000
     -2.29285     28.16343      0.00000
     -2.28285     30.33606      0.00000
     -2.27285     26.83667      0.00000
     -2.26285     15.70134      0.00000
     -2.25285      5.61588      0.00000
     -2.24285      1.78449      0.00000
     -2.23285      6.10005      0.00000
     -2.22285     23.00140      0.00000
     -2.21285     38.06711      0.00000
     -2.20285     31.73288      0.00000
     -2.19285     21.55839      0.00000
     -2.18285     15.79566      0.00000
     -2.17285      9.40071      0.00000
     -2.16285      4.43568      0.00000
     -2.15285      4.73756      0.00000
     -2.14285      7.09916      0.00000
     -2.13285      7.15702      0.00000
     -2.12285      5.38941      0.00000
     -2.11285      7.08587      0.00000
     -2.10285     11.77577      0.00000
     -2.09285      9.12642      0.00000
     -2.08285      3.00608      0.00000
     -2.07285      1.38188      0.00000
     -2.06285      3.20580      0.00000
     -2.05285      6.26200      0.00000
     -2.04285      8.13998      0.00000
     -2.03285      5.09553      0.00000
     -2.02285      2.11744      0.00000
     -2.01285      2.41098      0.00000
     -2.00285      2.13084      0.00000
     -1.99285      1.61530      0.00000
     -1.98285      6.81317      0.00000
     -1.97285     20.11558      0.00000
     -1.96285     26.13933      0.00000
     -1.95285     15.80698      0.00000
     -1.94285      4.58696      0.00000
     -1.93285      0.61089      0.00000
     -1.92285      0.03451      0.00000
     -1.91285      0.00076      0.00000
     -1.90285      0.00000      0.00000
     -1.89285      0.00000      0.00000
     -1.88285      0.00000      0.00000
     -1.87285      0.00000      0.00000
     -1.86285      0.00009      0.00000
     -1.85285      0.00703      0.00000
     -1.84285      0.18951      0.00000
     -1.83285      1.94979      0.00000
     -1.82285      7.75151      0.00000
     -1.81285     12.12779      0.00000
     -1.80285      8.52438      0.00000
     -1.79285      7.34860      0.00000
     -1.78285     10.60246      0.00000
     -1.77285     10.80006      0.00000
     -1.76285     13.99307      0.00000
     -1.75285     14.00439      0.00000
     -1.74285      7.89795      0.00000
     -1.73285     10.25937      0.00000
     -1.72285     15.34859      0.00000
     -1.71285     10.83912      0.00000
     -1.70285      6.20949      0.00000
     -1.69285      5.98552      0.00000
     -1.68285      4.80264      0.00000
     -1.67285      3.79998      0.00000
     -1.66285      8.24127      0.00000
     -1.65285     17.31031      0.00000
     -1.64285     28.00143      0.00000
     -1.63285     31.78866      0.00000
     -1.62285     31.80983      0.00000
     -1.61285     30.60390      0.00000
     -1.60285     23.28890      0.00000
     -1.59285     13.55160      0.00000
     -1.58285     13.65932      0.00000
     -1.57285     23.69093      0.00000
     -1.56285     28.99350      0.00000
     -1.55285     26.51816      0.00000
     -1.54285     21.51235      0.00000
     -1.53285     18.57601      0.00000
     -1.52285     14.03808      0.00000
     -1.51285      9.29932      0.00000
     -1.50285      8.20166      0.00000
     -1.49285     10.53116      0.00000
     -1.48285     11.66584      0.00000
     -1.47285      9.70988      0.00000
     -1.46285      7.19744      0.00000
     -1.45285      5.83258      0.00000
     -1.44285      2.89927      0.00000
     -1.43285      0.59056      0.00000
     -1.42285      0.04528      0.00000
     -1.41285      0.01226      0.00000
     -1.40285      0.23501      0.00000
     -1.39285      1.91195      0.00000
     -1.38285      6.20362      0.00000
     -1.37285      9.53077      0.00000
     -1.36285      9.88586      0.00000
     -1.35285      7.22319      0.00000
     -1.34285      4.89765      0.00000
     -1.33285     12.82823      0.00000
     -1.32285     26.31965      0.00000
     -1.31285     23.98543      0.00000
     -1.30285     11.94832      0.00000
     -1.29285      8.35708      0.00000
     -1.28285      5.94895      0.00000
     -1.27285      2.47115      0.00000
     -1.26285      2.25431      0.00000
     -1.25285      2.34324      0.00000
     -1.24285      0.99173      0.00000
     -1.23285      0.39278      0.00000
     -1.22285      2.55754      0.00000
     -1.21285     10.35452      0.00000
     -1.20285     18.12698      0.00000
     -1.19285     21.07204      0.00000
     -1.18285     24.64399      0.00000
     -1.17285     25.17049      0.00000
     -1.16285     20.00759      0.00000
     -1.15285     13.91484      0.00000
     -1.14285     14.90270      0.00000
     -1.13285     19.39218      0.00000
     -1.12285     23.52254      0.00000
     -1.11285     24.90351      0.00000
     -1.10285     30.57196      0.00000
     -1.09285     34.91472      0.00000
     -1.08285     26.09870      0.00000
     -1.07285     14.13215      0.00000
     -1.06285      8.14997      0.00000
     -1.05285      5.30024      0.00000
     -1.04285      5.63447      0.00000
     -1.03285      8.24199      0.00000
     -1.02285     13.24472      0.00000
     -1.01285     27.51247      0.00000
     -1.00285     39.64570      0.00000
     -0.99285     34.25951      0.00000
     -0.98285     16.60716      0.00000
     -0.97285      4.72709      0.00000
     -0.96285      4.31651      0.00000
     -0.95285      7.96147      0.00000
     -0.94285      8.35673      0.00000
     -0.93285      8.67248      0.00000
     -0.92285     11.33880      0.00000
     -0.91285     13.12234      0.00000
     -0.90285     13.65358      0.00000
     -0.89285     13.64409      0.00000
     -0.88285      9.80755      0.00000
     -0.87285      9.24227      0.00000
     -0.86285     14.63142      0.00000
     -0.85285     12.73614      0.00000
     -0.84285      7.49221      0.00000
     -0.83285      9.07707      0.00000
     -0.82285     12.02028      0.00000
     -0.81285     11.92844      0.00000
     -0.80285     11.83102      0.00000
     -0.79285     11.80288      0.00000
     -0.78285     11.77154      0.00000
     -0.77285     12.99473      0.00000
     -0.76285      9.88382      0.00000
     -0.75285      4.09520      0.00000
     -0.74285      2.94990      0.00000
     -0.73285      9.63633      0.00000
     -0.72285     14.91867      0.00000
     -0.71285      8.55860      0.00000
     -0.70285      1.83309      0.00000
     -0.69285      0.58716      0.00000
     -0.68285      3.40153      0.00000
     -0.67285     10.30751      0.00000
     -0.66285     13.26985      0.00000
     -0.65285      7.74390      0.00000
     -0.64285      2.06481      0.00000
     -0.63285      0.23664      0.00000
     -0.62285      0.01085      0.00000
     -0.61285      0.00025      0.00000
     -0.60285      0.00566      0.00000
     -0.59285      0.15997      0.00000
     -0.58285      1.77672      0.00000
     -0.57285      8.05923      0.00000
     -0.56285     15.52852      0.00000
     -0.55285     13.07666      0.00000
     -0.54285      5.85092      0.00000
     -0.53285      4.68662      0.00000
     -0.52285      4.74077      0.00000
     -0.51285      2.02516      0.00000
     -0.50285      0.32060      0.00000
     -0.49285      0.01868      0.00000
     -0.48285      0.00040      0.00000
     -0.47285      0.00000      0.00000
     -0.46285      0.00000      0.00000
     -0.45285      0.00000      0.00000
     -0.44285      0.00000      0.00000
     -0.43285      0.00000      0.00000
     -0.42285      0.00000      0.00000
     -0.41285      0.00000      0.00000
     -0.40285      0.00000      0.00000
     -0.39285      0.00000      0.00000
     -0.38285      0.00000      0.00000
     -0.37285      0.00012      0.00000
     -0.36285      0.00613      0.00000
     -0.35285      0.11944      0.00000
     -0.34285      0.86839      0.00000
     -0.33285      2.54393      0.00000
     -0.32285      4.13915      0.00000
     -0.31285      5.44242      0.00000
     -0.30285      4.16516      0.00000
     -0.29285      1.30535      0.00000
     -0.28285      0.15478      0.00000
     -0.27285      0.06121      0.00000
     -0.26285      0.69410      0.00000
     -0.25285      3.38360      0.00000
     -0.24285      6.62062      0.00000
     -0.23285      5.54625      0.00000
     -0.22285      2.08168      0.00000
     -0.21285      0.34379      0.00000
     -0.20285      0.03401      0.00000
     -0.19285      0.22408      0.00000
     -0.18285      1.84558      0.00000
     -0.17285      6.58448      0.00000
     -0.16285     11.74942      0.00000
     -0.15285     11.09000      0.00000
     -0.14285      4.98865      0.00000
     -0.13285      1.12696      0.00000
     -0.12285      1.76679      0.00000
     -0.11285      5.80793      0.00000
     -0.10285      7.97148      0.00000
     -0.09285      7.69572      0.00000
     -0.08285     12.23994      0.00000
     -0.07285     16.84672      0.00000
     -0.06285     13.69915      0.00000
     -0.05285      6.59700      0.00000
     -0.04285      1.98782      0.00000
     -0.03285      0.93780      0.00000
     -0.02285      2.96686      0.00000
     -0.01285      5.14547      0.00000
     -0.00285      4.50686      0.00000
      0.00715      5.61442      0.00000
      0.01715      8.01460      0.00000
      0.02715      6.91396      0.00000
      0.03715      3.04801      0.00000
      0.04715      0.57660      0.00000
      0.05715      0.04227      0.00000
      0.06715      0.00116      0.00000
      0.07715      0.00000      0.00000
      0.08715      0.00000      0.00000
      0.09715      0.00000      0.00000
      0.10715      0.00000      0.00000
      0.11715      0.00000      0.00000
      0.12715      0.00058      0.00000
      0.13715      0.02667      0.00000
      0.14715      0.45890      0.00000
      0.15715      2.93212      0.00000
      0.16715      6.95573      0.00000
      0.17715      6.12354      0.00000
      0.18715      1.99985      0.00000
      0.19715      0.26138      0.00000
      0.20715      0.36811      0.00000
      0.21715      2.47584      0.00000
      0.22715      6.49854      0.00000
      0.23715      6.50767      0.00000
      0.24715      2.50015      0.00000
      0.25715      0.36949      0.00000
      0.26715      0.02098      0.00000
      0.27715      0.00046      0.00000
      0.28715      0.00000      0.00000
      0.29715      0.00000      0.00000
      0.30715      0.00000      0.00000
      0.31715      0.00000      0.00000
      0.32715      0.00000      0.00000
      0.33715      0.00118      0.00000
      0.34715      0.04676      0.00000
      0.35715      0.68519      0.00000
      0.36715      3.69706      0.00000
      0.37715      7.34620      0.00000
      0.38715      5.37573      0.00000
      0.39715      1.44875      0.00000
      0.40715      0.14379      0.00000
      0.41715      0.00526      0.00000
      0.42715      0.00007      0.00000
      0.43715      0.00002      0.00000
      0.44715      0.00259      0.00000
      0.45715      0.09184      0.00000
      0.46715      1.23638      0.00000
      0.47715      6.45369      0.00000
      0.48715     13.43571      0.00000
      0.49715     11.50498      0.00000
      0.50715      4.12384      0.00000
      0.51715      0.61331      0.00000
      0.52715      0.03675      0.00000
      0.53715      0.00084      0.00000
      0.54715      0.00000      0.00000
      0.55715      0.00000      0.00000
      0.56715      0.00000      0.00000
      0.57715      0.00000      0.00000
      0.58715      0.00000      0.00000
      0.59715      0.00000      0.00000
      0.60715      0.00000      0.00000
      0.61715      0.00000      0.00000
      0.62715      0.00000      0.00000
      0.63715      0.00000      0.00000
      0.64715      0.00000      0.00000
      0.65715      0.00000      0.00000
      0.66715      0.00000      0.00000
      0.67715      0.00037      0.00000
      0.68715      0.02006      0.00000
      0.69715      0.40795      0.00000
      0.70715      3.14065      0.00000
      0.71715      9.51198      0.00000
      0.72715     12.53266      0.00000
      0.73715      8.39534      0.00000
      0.74715      2.97455      0.00000
      0.75715      0.48401      0.00000
      0.76715      0.03164      0.00000
      0.77715      0.00092      0.00000
      0.78715      0.00986      0.00000
      0.79715      0.24677      0.00000
      0.80715      2.28742      0.00000
      0.81715      8.02313      0.00000
      0.82715     11.68007      0.00000
      0.83715      9.14724      0.00000
      0.84715      4.70084      0.00000
      0.85715      1.26056      0.00000
      0.86715      0.13817      0.00000
      0.87715      0.00570      0.00000
      0.88715      0.00009      0.00000
      0.89715      0.00000      0.00000
      0.90715      0.00000      0.00000
      0.91715      0.00000      0.00000
      0.92715      0.00000      0.00000
      0.93715      0.00000      0.00000
      0.94715      0.00000      0.00000
      0.95715      0.00000      0.00000
      0.96715      0.00067      0.00000
      0.97715      0.02832      0.00000
      0.98715      0.44789      0.00000
      0.99715      2.76966      0.00000
      1.00715      7.24971      0.00000
      1.01715      9.33883      0.00000
      1.02715      8.06226      0.00000
      1.03715      6.13065      0.00000
      1.04715      2.86434      0.00000
      1.05715      0.56446      0.00000
      1.06715      0.04204      0.00000
      1.07715      0.00116      0.00000
      1.08715      0.00000      0.00000
      1.09715      0.00000      0.00000
      1.10715      0.00000      0.00000
      1.11715      0.00000      0.00000
      1.12715      0.00000      0.00000
      1.13715      0.00000      0.00000
      1.14715      0.00115      0.00000
      1.15715      0.04486      0.00000
      1.16715      0.67201      0.00000
      1.17715      3.95277      0.00000
      1.18715      9.67800      0.00000
      1.19715     11.38835      0.00000
      1.20715      7.92431      0.00000
      1.21715      3.19967      0.00000
      1.22715      0.59402      0.00000
      1.23715      0.04363      0.00000
      1.24715      0.00120      0.00000
      1.25715      0.00000      0.00000
      1.26715      0.00000      0.00000
      1.27715      0.00000      0.00000
      1.28715      0.00000      0.00000
      1.29715      0.00035      0.00000
      1.30715      0.01683      0.00000
      1.31715      0.30085      0.00000
      1.32715      2.03687      0.00000
      1.33715      5.70704      0.00000
      1.34715      8.89173      0.00000
      1.35715     12.29606      0.00000
      1.36715     14.47156      0.00000
      1.37715      9.48848      0.00000
      1.38715      2.71518      0.00000
      1.39715      0.31098      0.00000
      1.40715      0.01381      0.00000
      1.41715      0.00022      0.00000
      1.42715      0.00000      0.00000
      1.43715      0.00000      0.00000
      1.44715      0.00000      0.00000
      1.45715      0.00000      0.00000
      1.46715      0.00000      0.00000
      1.47715      0.00000      0.00000
      1.48715      0.00000      0.00000
      1.49715      0.00000      0.00000
      1.50715      0.00000      0.00000
      1.51715      0.00000      0.00000
      1.52715      0.00000      0.00000
      1.53715      0.00000      0.00000
      1.54715      0.00000      0.00000
      1.55715      0.00000      0.00000
      1.56715      0.00000      0.00000
      1.57715      0.00088      0.00000
      1.58715      0.03747      0.00000
      1.59715      0.58616      0.00000
      1.60715      3.38499      0.00000
      1.61715      7.21812      0.00000
      1.62715      5.69406      0.00000
      1.63715      1.87642      0.00000
      1.64715      2.06381      0.00000
      1.65715      5.96864      0.00000
      1.66715      7.03492      0.00000
      1.67715      3.09755      0.00000
      1.68715      0.56922      0.00000
      1.69715      0.78028      0.00000
      1.70715      3.57452      0.00000
      1.71715      7.79973      0.00000
      1.72715     10.24060      0.00000
      1.73715      9.12390      0.00000
      1.74715      4.67546      0.00000
      1.75715      1.14806      0.00000
      1.76715      0.12010      0.00000
      1.77715      0.00500      0.00000
      1.78715      0.00007      0.00000
      1.79715      0.00000      0.00000
      1.80715      0.00000      0.00000
      1.81715      0.00000      0.00000
      1.82715      0.00000      0.00000
      1.83715      0.00000      0.00000
      1.84715      0.00000      0.00000
      1.85715      0.00000      0.00000
      1.86715      0.00000      0.00000
      1.87715      0.00000      0.00000
      1.88715      0.00000      0.00000
      1.89715      0.00000      0.00000
      1.90715      0.00172      0.00000
      1.91715      0.06381      0.00000
      1.92715      0.89502      0.00000
      1.93715      4.76759      0.00000
      1.94715      9.90785      0.00000
      1.95715      9.42637      0.00000
      1.96715      6.87813      0.00000
      1.97715      4.19193      0.00000
      1.98715      1.22442      0.00000
      1.99715      0.13735      0.00000
      2.00715      0.00570      0.00000
      2.01715      0.00036      0.00000
      2.02715      0.01413      0.00000
      2.03715      0.28176      0.00000
      2.04715      2.13984      0.00000
      2.05715      6.19114      0.00000
      2.06715      6.81127      0.00000
      2.07715      2.83869      0.00000
      2.08715      0.44605      0.00000
      2.09715      0.02982      0.00000
      2.10715      0.12358      0.00000
      2.11715      1.66063      0.00000
      2.12715      9.12542      0.00000
      2.13715     21.96052      0.00000
      2.14715     24.92604      0.00000
      2.15715     13.53685      0.00000
      2.16715      3.31237      0.00000
      2.17715      0.33779      0.00000
      2.18715      0.01357      0.00000
      2.19715      0.00020      0.00000
      2.20715      0.00000      0.00000
      2.21715      0.00000      0.00000
      2.22715      0.00000      0.00000
      2.23715      0.00000      0.00000
      2.24715      0.00000      0.00000
      2.25715      0.00000      0.00000
      2.26715      0.00000      0.00000
      2.27715      0.00000      0.00000
      2.28715      0.00000      0.00000
      2.29715      0.00000      0.00000
      2.30715      0.00000      0.00000
      2.31715      0.00000      0.00000
      2.32715      0.00000      0.00000
      2.33715      0.00000      0.00000
      2.34715      0.00000      0.00000
      2.35715      0.00000      0.00000
      2.36715      0.00000      0.00000
      2.37715      0.00000      0.00000
      2.38715      0.00000      0.00000
      2.39715      0.00000      0.00000
      2.40715      0.00000      0.00000
      2.41715      0.00000      0.00000
      2.42715      0.00000      0.00000
      2.43715      0.00000      0.00000
      2.44715      0.00000      0.00000
      2.45715      0.00004      0.00000
      2.46715      0.00321      0.00000
      2.47715      0.09748      0.00000
      2.48715      1.13559      0.00000
      2.49715      5.19108      0.00000
      2.50715      9.70724      0.00000
      2.51715      8.82839      0.00000
      2.52715      6.66980      0.00000
      2.53715      4.34769      0.00000
      2.54715      1.35128      0.00000
      2.55715      0.16097      0.00000
      2.56715      0.00709      0.00000
      2.57715      0.00012      0.00000
      2.58715      0.00000      0.00000
      2.59715      0.00000      0.00000
      2.60715      0.00000      0.00000
      2.61715      0.00000      0.00000
      2.62715      0.00000      0.00000
      2.63715      0.00000      0.00000
      2.64715      0.00000      0.00000
      2.65715      0.00000      0.00000
      2.66715      0.00000      0.00000
      2.67715      0.00000      0.00000
      2.68715      0.00000      0.00000
      2.69715      0.00000      0.00000
      2.70715      0.00000      0.00000
      2.71715      0.00000      0.00000
      2.72715      0.00000      0.00000
      2.73715      0.00000      0.00000
      2.74715      0.00000      0.00000
      2.75715      0.00000      0.00000
      2.76715      0.00000      0.00000
      2.77715      0.00008      0.00000
      2.78715      0.00568      0.00000
      2.79715      0.15391      0.00000
      2.80715      1.70178      0.00000
      2.81715      8.30352      0.00000
      2.82715     19.35212      0.00000
      2.83715     22.96516      0.00000
      2.84715     15.19521      0.00000
      2.85715      5.96840      0.00000
      2.86715      1.23735      0.00000
      2.87715      0.11267      0.00000
      2.88715      0.00404      0.00000
      2.89715      0.00005      0.00000
      2.90715      0.00000      0.00000
      2.91715      0.00000      0.00000
      2.92715      0.00000      0.00000
      2.93715      0.00000      0.00000
      2.94715      0.00000      0.00000
      2.95715      0.00000      0.00000
      2.96715      0.00000      0.00000
      2.97715      0.00000      0.00000
      2.98715      0.00000      0.00000
      2.99715      0.00003      0.00000
      3.00715      0.00385      0.00000
      3.01715      0.12157      0.00000
      3.02715      1.43576      0.00000
      3.03715      6.49256      0.00000
      3.04715     12.04625      0.00000
      3.05715     10.71575      0.00000
      3.06715      5.24768      0.00000
      3.07715      1.32968      0.00000
      3.08715      0.71940      0.00000
      3.09715      3.99997      0.00000
      3.10715     11.11630      0.00000
      3.11715     13.18537      0.00000
      3.12715      6.87594      0.00000
      3.13715      1.55787      0.00000
      3.14715      0.14644      0.00000
      3.15715      0.00544      0.00000
      3.16715      0.00007      0.00000
      3.17715      0.00000      0.00000
      3.18715      0.00000      0.00000
      3.19715      0.00000      0.00000
      3.20715      0.00000      0.00000
      3.21715      0.00000      0.00000
      3.22715      0.00000      0.00000
      3.23715      0.00000      0.00000
      3.24715      0.00000      0.00000
      3.25715      0.00000      0.00000
      3.26715      0.00000      0.00000
      3.27715      0.00000      0.00000
      3.28715      0.00000      0.00000
      3.29715      0.00000      0.00000
      3.30715      0.00000      0.00000
      3.31715      0.00000      0.00000
      3.32715      0.00000      0.00000
      3.33715      0.00000      0.00000
      3.34715      0.00000      0.00000
      3.35715      0.00000      0.00000
      3.36715      0.00000      0.00000
      3.37715      0.00000      0.00000
      3.38715      0.00000      0.00000
      3.39715      0.00000      0.00000
      3.40715      0.00000      0.00000
      3.41715      0.00000      0.00000
      3.42715      0.00002      0.00000
      3.43715      0.00228      0.00000
      3.44715      0.07692      0.00000
