Energy-E_F (eV)    DOS (1/eV)    PDOS (1/eV)  of atom type Ta 
     -4.95567      0.00116      0.00000
     -4.94567      0.00000      0.00000
     -4.93567      0.00000      0.00000
     -4.92567      0.00000      0.00000
     -4.91567      0.00000      0.00000
     -4.90567      0.00000      0.00000
     -4.89567      0.00000      0.00000
     -4.88567      0.00000      0.00000
     -4.87567      0.00354      0.00000
     -4.86567      0.12793      0.00000
     -4.85567      1.69850      0.00000
     -4.84567      8.29559      0.00000
     -4.83567     14.90514      0.00000
     -4.82567      9.85213      0.00000
     -4.81567      2.39569      0.00000
     -4.80567      0.21508      0.00000
     -4.79567      0.04703      0.00000
     -4.78567      0.75927      0.00000
     -4.77567      5.33125      0.00000
     -4.76567     14.12071      0.00000
     -4.75567     15.77772      0.00000
     -4.74567     12.03358      0.00000
     -4.73567     10.08817      0.00000
     -4.72567      6.51171      0.00000
     -4.71567      3.06142      0.00000
     -4.70567      0.90113      0.00000
     -4.69567      0.11828      0.00000
     -4.68567      0.00596      0.00000
     -4.67567      0.00011      0.00000
     -4.66567      0.00019      0.00000
     -4.65567      0.01133      0.00000
     -4.64567      0.25241      0.00000
     -4.63567      2.06831      0.00000
     -4.62567      6.23501      0.00000
     -4.61567      6.91456      0.00000
     -4.60567      2.82096      0.00000
     -4.59567      0.42339      0.00000
     -4.58567      0.02338      0.00000
     -4.57567      0.00047      0.00000
     -4.56567      0.00000      0.00000
     -4.55567      0.00000      0.00000
     -4.54567      0.00000      0.00000
     -4.53567      0.00000      0.00000
     -4.52567      0.00000      0.00000
     -4.51567      0.00000      0.00000
     -4.50567      0.00000      0.00000
     -4.49567      0.00000      0.00000
     -4.48567      0.00000      0.00000
     -4.47567      0.00000      0.00000
     -4.46567      0.00000      0.00000
     -4.45567      0.00001      0.00000
     -4.44567      0.00190      0.00000
     -4.43567      0.07409      0.00000
     -4.42567      1.17553      0.00000
     -4.41567      7.67766      0.00000
     -4.40567     20.53122      0.00000
     -4.39567     22.08032      0.00000
     -4.38567      9.33967      0.00000
     -4.37567      1.52307      0.00000
     -4.36567      0.09627      0.00000
     -4.35567      0.08034      0.00000
     -4.34567      1.20403      0.00000
     -4.33567      7.53724      0.00000
     -4.32567     20.57080      0.00000
     -4.31567     26.08164      0.00000
     -4.30567     15.28334      0.00000
     -4.29567      4.03902      0.00000
     -4.28567      2.12632      0.00000
     -4.27567      5.83572      0.00000
     -4.26567      7.16874      0.00000
     -4.25567      3.24775      0.00000
     -4.24567      0.54130      0.00000
     -4.23567      0.03319      0.00000
     -4.22567      0.00075      0.00000
     -4.21567      0.00000      0.00000
     -4.20567      0.00000      0.00000
     -4.19567      0.00043      0.00000
     -4.18567      0.02147      0.00000
     -4.17567      0.39874      0.00000
     -4.16567      2.73078      0.00000
     -4.15567      7.03127      0.00000
     -4.14567      8.04368      0.00000
     -4.13567      7.94101      0.00000
     -4.12567      7.45385      0.00000
     -4.11567      3.29275      0.00000
     -4.10567      0.55121      0.00000
     -4.09567      0.03405      0.00000
     -4.08567      0.00077      0.00000
     -4.07567      0.00000      0.00000
     -4.06567      0.00000      0.00000
     -4.05567      0.00000      0.00000
     -4.04567      0.00000      0.00000
     -4.03567      0.00000      0.00000
     -4.02567      0.00000      0.00000
     -4.01567      0.00000      0.00000
     -4.00567      0.00238      0.00000
     -3.99567      0.10405      0.00000
     -3.98567      1.67306      0.00000
     -3.97567      9.90257      0.00000
     -3.96567     21.57574      0.00000
     -3.95567     17.30494      0.00000
     -3.94567      5.11102      0.00000
     -3.93567      0.61625      0.00000
     -3.92567      0.84378      0.00000
     -3.91567      4.07693      0.00000
     -3.90567      7.44150      0.00000
     -3.89567      4.99722      0.00000
     -3.88567      1.23453      0.00000
     -3.87567      0.11220      0.00000
     -3.86567      0.00375      0.00000
     -3.85567      0.00013      0.00000
     -3.84567      0.00605      0.00000
     -3.83567      0.15970      0.00000
     -3.82567      1.55177      0.00000
     -3.81567      5.55910      0.00000
     -3.80567      7.58925      0.00000
     -3.79567      6.00606      0.00000
     -3.78567      9.38180      0.00000
     -3.77567     15.97159      0.00000
     -3.76567     16.98353      0.00000
     -3.75567      9.67406      0.00000
     -3.74567      4.71647      0.00000
     -3.73567      7.16273      0.00000
     -3.72567      8.10522      0.00000
     -3.71567      5.26364      0.00000
     -3.70567      4.41852      0.00000
     -3.69567      7.07982      0.00000
     -3.68567      6.50706      0.00000
     -3.67567      2.29893      0.00000
     -3.66567      0.29991      0.00000
     -3.65567      0.01440      0.00000
     -3.64567      0.00025      0.00000
     -3.63567      0.00000      0.00000
     -3.62567      0.00000      0.00000
     -3.61567      0.00000      0.00000
     -3.60567      0.00000      0.00000
     -3.59567      0.00000      0.00000
     -3.58567      0.00000      0.00000
     -3.57567      0.00000      0.00000
     -3.56567      0.00000      0.00000
     -3.55567      0.00000      0.00000
     -3.54567      0.00000      0.00000
     -3.53567      0.00006      0.00000
     -3.52567      0.00355      0.00000
     -3.51567      0.08177      0.00000
     -3.50567      0.72115      0.00000
     -3.49567      2.78176      0.00000
     -3.48567      6.20475      0.00000
     -3.47567      9.01183      0.00000
     -3.46567      7.46819      0.00000
     -3.45567      3.71517      0.00000
     -3.44567      1.12249      0.00000
     -3.43567      0.43831      0.00000
     -3.42567      1.39699      0.00000
     -3.41567      2.48519      0.00000
     -3.40567      1.63604      0.00000
     -3.39567      0.39626      0.00000
     -3.38567      0.03637      0.00000
     -3.37567      0.03439      0.00000
     -3.36567      0.38082      0.00000
     -3.35567      1.60503      0.00000
     -3.34567      2.48870      0.00000
     -3.33567      1.41960      0.00000
     -3.32567      0.29789      0.00000
     -3.31567      0.02300      0.00000
     -3.30567      0.00065      0.00000
     -3.29567      0.00000      0.00000
     -3.28567      0.00000      0.00000
     -3.27567      0.00000      0.00000
     -3.26567      0.00000      0.00000
     -3.25567      0.00000      0.00000
     -3.24567      0.00000      0.00000
     -3.23567      0.00000      0.00000
     -3.22567      0.00000      0.00000
     -3.21567      0.00000      0.00000
     -3.20567      0.00000      0.00000
     -3.19567      0.00000      0.00000
     -3.18567      0.00000      0.00000
     -3.17567      0.00000      0.00000
     -3.16567      0.00000      0.00000
     -3.15567      0.00000      0.00000
     -3.14567      0.00028      0.00000
     -3.13567      0.01795      0.00000
     -3.12567      0.42626      0.00000
     -3.11567      3.72570      0.00000
     -3.10567     12.02113      0.00000
     -3.09567     14.86956      0.00000
     -3.08567      9.93948      0.00000
     -3.07567      8.36077      0.00000
     -3.06567      5.35008      0.00000
     -3.05567      1.39820      0.00000
     -3.04567      0.13566      0.00000
     -3.03567      0.00485      0.00000
     -3.02567      0.00006      0.00000
     -3.01567      0.00000      0.00000
     -3.00567      0.00000      0.00000
     -2.99567      0.00000      0.00000
     -2.98567      0.00000      0.00000
     -2.97567      0.00000      0.00000
     -2.96567      0.00000      0.00000
     -2.95567      0.00000      0.00000
     -2.94567      0.00000      0.00000
     -2.93567      0.00000      0.00000
     -2.92567      0.00000      0.00000
     -2.91567      0.00000      0.00000
     -2.90567      0.00000      0.00000
     -2.89567      0.00000      0.00000
     -2.88567      0.00000      0.00000
     -2.87567      0.00000      0.00000
     -2.86567      0.00000      0.00000
     -2.85567      0.00000      0.00000
     -2.84567      0.00000      0.00000
     -2.83567      0.00000      0.00000
     -2.82567      0.00000      0.00000
     -2.81567      0.00000      0.00000
     -2.80567      0.00252      0.00000
     -2.79567      0.10689      0.00000
     -2.78567      1.69475      0.00000
     -2.77567     10.18245      0.00000
     -2.76567     24.02619      0.00000
     -2.75567     24.17245      0.00000
     -2.74567     11.67835      0.00000
     -2.73567      2.93033      0.00000
     -2.72567      1.64119      0.00000
     -2.71567      6.39766      0.00000
     -2.70567     14.13206      0.00000
     -2.69567     17.32830      0.00000
     -2.68567     13.13461      0.00000
     -2.67567      8.09064      0.00000
     -2.66567      7.33030      0.00000
     -2.65567      8.68982      0.00000
     -2.64567      9.62863      0.00000
     -2.63567      9.37584      0.00000
     -2.62567      7.41288      0.00000
     -2.61567      2.84712      0.00000
     -2.60567      0.42356      0.00000
     -2.59567      0.04808      0.00000
     -2.58567      0.54064      0.00000
     -2.57567      4.37651      0.00000
     -2.56567     13.81006      0.00000
     -2.55567     20.99272      0.00000
     -2.54567     24.20402      0.00000
     -2.53567     20.39132      0.00000
     -2.52567      9.36820      0.00000
     -2.51567      8.34373      0.00000
     -2.50567     14.65865      0.00000
     -2.49567     11.09938      0.00000
     -2.48567      3.10760      0.00000
     -2.47567      0.32296      0.00000
     -2.46567      0.10326      0.00000
     -2.45567      1.07656      0.00000
     -2.44567      4.67718      0.00000
     -2.43567      7.47905      0.00000
     -2.42567      4.49259      0.00000
     -2.41567      2.33620      0.00000
     -2.40567      7.48889      0.00000
     -2.39567     14.80929      0.00000
     -2.38567     11.71696      0.00000
     -2.37567      5.24295      0.00000
     -2.36567      2.33505      0.00000
     -2.35567      0.67118      0.00000
     -2.34567      0.14393      0.00000
     -2.33567      1.07867      0.00000
     -2.32567      6.73782      0.00000
     -2.31567     16.03148      0.00000
     -2.30567     14.37747      0.00000
     -2.29567      4.82833      0.00000
     -2.28567      0.60402      0.00000
     -2.27567      0.02914      0.00000
     -2.26567      0.03446      0.00000
     -2.25567      0.38639      0.00000
     -2.24567      1.61636      0.00000
     -2.23567      2.48748      0.00000
     -2.22567      1.40827      0.00000
     -2.21567      0.29330      0.00000
     -2.20567      0.02247      0.00000
     -2.19567      0.00266      0.00000
     -2.18567      0.07086      0.00000
     -2.17567      0.90992      0.00000
     -2.16567      4.29837      0.00000
     -2.15567      7.46981      0.00000
     -2.14567      4.77553      0.00000
     -2.13567      1.12315      0.00000
     -2.12567      0.09880      0.00000
     -2.11567      0.07395      0.00000
     -2.10567      1.13748      0.00000
     -2.09567      6.80709      0.00000
     -2.08567     15.88454      0.00000
     -2.07567     16.89120      0.00000
     -2.06567     10.72101      0.00000
     -2.05567      4.49339      0.00000
     -2.04567      4.90338      0.00000
     -2.03567     14.73872      0.00000
     -2.02567     20.76360      0.00000
     -2.01567     12.50830      0.00000
     -2.00567      3.84422      0.00000
     -1.99567      4.05094      0.00000
     -1.98567      8.78216      0.00000
     -1.97567      8.49336      0.00000
     -1.96567      6.02035      0.00000
     -1.95567     11.91875      0.00000
     -1.94567     17.24094      0.00000
     -1.93567      9.74859      0.00000
     -1.92567      2.06246      0.00000
     -1.91567      0.16224      0.00000
     -1.90567      0.00473      0.00000
     -1.89567      0.00000      0.00000
     -1.88567      0.00000      0.00000
     -1.87567      0.00000      0.00000
     -1.86567      0.00037      0.00000
     -1.85567      0.01939      0.00000
     -1.84567      0.37083      0.00000
     -1.83567      2.60965      0.00000
     -1.82567      6.75613      0.00000
     -1.81567      6.43455      0.00000
     -1.80567      2.25447      0.00000
     -1.79567      0.29059      0.00000
     -1.78567      0.01378      0.00000
     -1.77567      0.00024      0.00000
     -1.76567      0.00091      0.00000
     -1.75567      0.03854      0.00000
     -1.74567      0.60552      0.00000
     -1.73567      3.59764      0.00000
     -1.72567      8.80277      0.00000
     -1.71567     11.17293      0.00000
     -1.70567      8.96710      0.00000
     -1.69567      4.32121      0.00000
     -1.68567      3.23023      0.00000
     -1.67567      7.13044      0.00000
     -1.66567     14.89887      0.00000
     -1.65567     16.24834      0.00000
     -1.64567      7.22202      0.00000
     -1.63567      1.67758      0.00000
     -1.62567      3.43052      0.00000
     -1.61567     11.41382      0.00000
     -1.60567     23.84680      0.00000
     -1.59567     30.37297      0.00000
     -1.58567     19.21981      0.00000
     -1.57567      6.72110      0.00000
     -1.56567      3.00601      0.00000
     -1.55567      1.30961      0.00000
     -1.54567      0.24729      0.00000
     -1.53567      0.01744      0.00000
     -1.52567      0.00045      0.00000
     -1.51567      0.00000      0.00000
     -1.50567      0.00000      0.00000
     -1.49567      0.00000      0.00000
     -1.48567      0.00000      0.00000
     -1.47567      0.00044      0.00000
     -1.46567      0.02249      0.00000
     -1.45567      0.43367      0.00000
     -1.44567      3.32579      0.00000
     -1.43567     11.76115      0.00000
     -1.42567     25.16052      0.00000
     -1.41567     35.68592      0.00000
     -1.40567     26.64858      0.00000
     -1.39567     10.20784      0.00000
     -1.38567      9.68077      0.00000
     -1.37567     17.00048      0.00000
     -1.36567     16.46355      0.00000
     -1.35567     12.59452      0.00000
     -1.34567     11.26785      0.00000
     -1.33567     10.89558      0.00000
     -1.32567      9.29104      0.00000
     -1.31567      4.71459      0.00000
     -1.30567      1.01063      0.00000
     -1.29567      0.08201      0.00000
     -1.28567      0.00246      0.00000
     -1.27567      0.00000      0.00000
     -1.26567      0.00000      0.00000
     -1.25567      0.00000      0.00000
     -1.24567      0.00256      0.00000
     -1.23567      0.09996      0.00000
     -1.22567      1.43616      0.00000
     -1.21567      7.59044      0.00000
     -1.20567     14.75828      0.00000
     -1.19567     10.55625      0.00000
     -1.18567      2.77963      0.00000
     -1.17567      0.34871      0.00000
     -1.16567      1.24516      0.00000
     -1.15567      7.09840      0.00000
     -1.14567     15.43264      0.00000
     -1.13567     13.45475      0.00000
     -1.12567      5.69134      0.00000
     -1.11567      3.80644      0.00000
     -1.10567      6.96221      0.00000
     -1.09567      6.31857      0.00000
     -1.08567      2.14768      0.00000
     -1.07567      0.51987      0.00000
     -1.06567      2.96413      0.00000
     -1.05567     13.09594      0.00000
     -1.04567     22.08825      0.00000
     -1.03567     14.12357      0.00000
     -1.02567      3.40918      0.00000
     -1.01567      0.30919      0.00000
     -1.00567      0.01049      0.00000
     -0.99567      0.00012      0.00000
     -0.98567      0.00000      0.00000
     -0.97567      0.00000      0.00000
     -0.96567      0.00000      0.00000
     -0.95567      0.00000      0.00000
     -0.94567      0.00000      0.00000
     -0.93567      0.00000      0.00000
     -0.92567      0.00010      0.00000
     -0.91567      0.00860      0.00000
     -0.90567      0.23784      0.00000
     -0.89567      2.48130      0.00000
     -0.88567      9.79656      0.00000
     -0.87567     14.67524      0.00000
     -0.86567      8.34772      0.00000
     -0.85567      1.80107      0.00000
     -0.84567      0.14698      0.00000
     -0.83567      0.00452      0.00000
     -0.82567      0.00004      0.00000
     -0.81567      0.00005      0.00000
     -0.80567      0.00396      0.00000
     -0.79567      0.11670      0.00000
     -0.78567      1.26695      0.00000
     -0.77567      5.07203      0.00000
     -0.76567      7.72208      0.00000
     -0.75567      6.27464      0.00000
     -0.74567      7.23751      0.00000
     -0.73567      6.81079      0.00000
     -0.72567      2.62149      0.00000
     -0.71567      0.68180      0.00000
     -0.70567      2.37395      0.00000
     -0.69567      6.54494      0.00000
     -0.68567      6.85973      0.00000
     -0.67567      3.62430      0.00000
     -0.66567      2.75336      0.00000
     -0.65567      1.92112      0.00000
     -0.64567      0.58360      0.00000
     -0.63567      0.60461      0.00000
     -0.62567      4.02950      0.00000
     -0.61567     13.13612      0.00000
     -0.60567     20.09969      0.00000
     -0.59567     13.96976      0.00000
     -0.58567      4.41227      0.00000
     -0.57567      2.09480      0.00000
     -0.56567      2.50243      0.00000
     -0.55567      1.37866      0.00000
     -0.54567      0.28142      0.00000
     -0.53567      0.02114      0.00000
     -0.52567      0.00058      0.00000
     -0.51567      0.00000      0.00000
     -0.50567      0.00000      0.00000
     -0.49567      0.00000      0.00000
     -0.48567      0.00000      0.00000
     -0.47567      0.00000      0.00000
     -0.46567      0.00000      0.00000
     -0.45567      0.00000      0.00000
     -0.44567      0.00000      0.00000
     -0.43567      0.00000      0.00000
     -0.42567      0.00000      0.00000
     -0.41567      0.00000      0.00000
     -0.40567      0.00000      0.00000
     -0.39567      0.00000      0.00000
     -0.38567      0.00000      0.00000
     -0.37567      0.00000      0.00000
     -0.36567      0.00000      0.00000
     -0.35567      0.00000      0.00000
     -0.34567      0.00000      0.00000
     -0.33567      0.00000      0.00000
     -0.32567      0.00000      0.00000
     -0.31567      0.00000      0.00000
     -0.30567      0.00000      0.00000
     -0.29567      0.00000      0.00000
     -0.28567      0.00000      0.00000
     -0.27567      0.00000      0.00000
     -0.26567      0.00000      0.00000
     -0.25567      0.00000      0.00000
     -0.24567      0.00000      0.00000
     -0.23567      0.00000      0.00000
     -0.22567      0.00000      0.00000
     -0.21567      0.00170      0.00000
     -0.20567      0.06195      0.00000
     -0.19567      0.83102      0.00000
     -0.18567      4.10111      0.00000
     -0.17567      7.44552      0.00000
     -0.16567      4.97273      0.00000
     -0.15567      1.22180      0.00000
     -0.14567      0.11044      0.00000
     -0.13567      0.00367      0.00000
     -0.12567      0.00004      0.00000
     -0.11567      0.00000      0.00000
     -0.10567      0.00057      0.00000
     -0.09567      0.02078      0.00000
     -0.08567      0.27820      0.00000
     -0.07567      1.37010      0.00000
     -0.06567      2.48232      0.00000
     -0.05567      1.65452      0.00000
     -0.04567      0.40591      0.00000
     -0.03567      0.04951      0.00000
     -0.02567      0.27858      0.00000
     -0.01567      2.19146      0.00000
     -0.00567      6.36956      0.00000
      0.00433      6.81071      0.00000
      0.01433      2.67905      0.00000
      0.02433      0.38768      0.00000
      0.03433      0.02064      0.00000
      0.04433      0.00040      0.00000
      0.05433      0.00000      0.00000
      0.06433      0.00000      0.00000
      0.07433      0.00000      0.00000
      0.08433      0.00000      0.00000
      0.09433      0.00000      0.00000
      0.10433      0.00000      0.00000
      0.11433      0.00000      0.00000
      0.12433      0.00000      0.00000
      0.13433      0.00000      0.00000
      0.14433      0.00005      0.00000
      0.15433      0.00380      0.00000
      0.16433      0.11327      0.00000
      0.17433      1.24223      0.00000
      0.18433      5.01193      0.00000
      0.19433      7.43898      0.00000
      0.20433      4.06254      0.00000
      0.21433      0.84608      0.00000
      0.22433      0.56664      0.00000
      0.23433      3.12886      0.00000
      0.24433      7.10525      0.00000
      0.25433      5.93890      0.00000
      0.26433      1.82641      0.00000
      0.27433      0.22079      0.00000
      0.28433      0.30584      0.00000
      0.29433      2.28580      0.00000
      0.30433      6.46580      0.00000
      0.31433      6.72879      0.00000
      0.32433      2.57607      0.00000
      0.33433      0.36391      0.00000
      0.34433      0.06322      0.00000
      0.35433      0.66263      0.00000
      0.36433      3.63239      0.00000
      0.37433      7.32915      0.00000
      0.38433      5.44027      0.00000
      0.39433      1.48557      0.00000
      0.40433      0.14923      0.00000
      0.41433      0.00552      0.00000
      0.42433      0.00007      0.00000
      0.43433      0.00000      0.00000
      0.44433      0.00000      0.00000
      0.45433      0.00000      0.00000
      0.46433      0.00000      0.00000
      0.47433      0.00000      0.00000
      0.48433      0.00056      0.00000
      0.49433      0.02650      0.00000
      0.50433      0.46252      0.00000
      0.51433      2.96924      0.00000
      0.52433      7.01240      0.00000
      0.53433      6.09247      0.00000
      0.54433      1.94727      0.00000
      0.55433      0.22896      0.00000
      0.56433      0.00990      0.00000
      0.57433      0.00023      0.00000
      0.58433      0.00559      0.00000
      0.59433      0.15069      0.00000
      0.60433      1.49484      0.00000
      0.61433      5.45530      0.00000
      0.62433      7.32398      0.00000
      0.63433      3.61728      0.00000
      0.64433      0.65724      0.00000
      0.65433      0.04393      0.00000
      0.66433      0.00152      0.00000
      0.67433      0.02209      0.00000
      0.68433      0.40684      0.00000
      0.69433      2.75605      0.00000
      0.70433      6.86833      0.00000
      0.71433      6.29680      0.00000
      0.72433      2.12371      0.00000
      0.73433      0.26350      0.00000
      0.74433      0.01203      0.00000
      0.75433      0.00020      0.00000
      0.76433      0.00000      0.00000
      0.77433      0.00000      0.00000
      0.78433      0.00000      0.00000
      0.79433      0.00000      0.00000
      0.80433      0.00000      0.00000
      0.81433      0.00000      0.00000
      0.82433      0.00000      0.00000
      0.83433      0.00093      0.00000
      0.84433      0.03930      0.00000
      0.85433      0.60865      0.00000
      0.86433      3.46765      0.00000
      0.87433      7.26784      0.00000
      0.88433      5.60378      0.00000
      0.89433      1.58951      0.00000
      0.90433      0.16586      0.00000
      0.91433      0.00637      0.00000
      0.92433      0.00009      0.00000
      0.93433      0.00000      0.00000
      0.94433      0.00000      0.00000
      0.95433      0.00000      0.00000
      0.96433      0.00000      0.00000
      0.97433      0.00018      0.00000
      0.98433      0.01256      0.00000
      0.99433      0.32844      0.00000
      1.00433      3.15888      0.00000
      1.01433     11.17681      0.00000
      1.02433     14.54818      0.00000
      1.03433      6.96634      0.00000
      1.04433      1.22718      0.00000
      1.05433      0.07953      0.00000
      1.06433      0.00190      0.00000
      1.07433      0.00171      0.00000
      1.08433      0.06237      0.00000
      1.09433      0.83486      0.00000
      1.10433      4.11099      0.00000
      1.11433      7.44708      0.00000
      1.12433      4.96373      0.00000
      1.13433      1.26548      0.00000
      1.14433      1.07923      0.00000
      1.15433      7.45543      0.00000
      1.16433     22.61853      0.00000
      1.17433     27.58493      0.00000
      1.18433     14.06450      0.00000
      1.19433      5.91702      0.00000
      1.20433      7.38454      0.00000
      1.21433      5.79694      0.00000
      1.22433      1.71755      0.00000
      1.23433      0.18738      0.00000
      1.24433      0.00752      0.00000
      1.25433      0.00011      0.00000
      1.26433      0.00000      0.00000
      1.27433      0.00000      0.00000
      1.28433      0.00000      0.00000
      1.29433      0.00000      0.00000
      1.30433      0.00000      0.00000
      1.31433      0.00000      0.00000
      1.32433      0.00000      0.00000
      1.33433      0.00000      0.00000
      1.34433      0.00000      0.00000
      1.35433      0.00000      0.00000
      1.36433      0.00000      0.00000
      1.37433      0.00000      0.00000
      1.38433      0.00000      0.00000
      1.39433      0.00000      0.00000
      1.40433      0.00000      0.00000
      1.41433      0.00000      0.00000
      1.42433      0.00000      0.00000
      1.43433      0.00000      0.00000
      1.44433      0.00000      0.00000
      1.45433      0.00000      0.00000
      1.46433      0.00000      0.00000
      1.47433      0.00000      0.00000
      1.48433      0.00000      0.00000
      1.49433      0.00000      0.00000
      1.50433      0.00000      0.00000
      1.51433      0.00000      0.00000
      1.52433      0.00000      0.00000
      1.53433      0.00000      0.00000
      1.54433      0.00039      0.00000
      1.55433      0.02318      0.00000
      1.56433      0.51315      0.00000
      1.57433      4.17994      0.00000
      1.58433     12.58092      0.00000
      1.59433     14.84596      0.00000
      1.60433     11.98222      0.00000
      1.61433     15.11722      0.00000
      1.62433     11.79108      0.00000
      1.63433      3.55406      0.00000
      1.64433      0.39711      0.00000
      1.65433      0.08811      0.00000
      1.66433      1.13428      0.00000
      1.67433      6.62521      0.00000
      1.68433     14.34347      0.00000
      1.69433     11.50872      0.00000
      1.70433      3.42222      0.00000
      1.71433      0.37708      0.00000
      1.72433      0.01563      0.00000
      1.73433      0.01397      0.00000
      1.74433      0.29003      0.00000
      1.75433      2.25183      0.00000
      1.76433      6.43189      0.00000
      1.77433      6.75849      0.00000
      1.78433      2.61752      0.00000
      1.79433      0.51041      0.00000
      1.80433      1.43787      0.00000
      1.81433      5.32915      0.00000
      1.82433      7.36465      0.00000
      1.83433      3.74440      0.00000
      1.84433      0.70035      0.00000
      1.85433      0.04819      0.00000
      1.86433      0.00122      0.00000
      1.87433      0.00000      0.00000
      1.88433      0.00004      0.00000
      1.89433      0.00343      0.00000
      1.90433      0.10496      0.00000
      1.91433      1.18167      0.00000
      1.92433      4.89412      0.00000
      1.93433      7.45693      0.00000
      1.94433      4.17975      0.00000
      1.95433      0.86188      0.00000
      1.96433      0.06548      0.00000
      1.97433      0.00847      0.00000
      1.98433      0.17119      0.00000
      1.99433      1.62186      0.00000
      2.00433      5.65255      0.00000
      2.01433      7.24736      0.00000
      2.02433      3.41838      0.00000
      2.03433      0.59315      0.00000
      2.04433      0.03786      0.00000
      2.05433      0.00089      0.00000
      2.06433      0.00000      0.00000
      2.07433      0.00021      0.00000
      2.08433      0.01230      0.00000
      2.09433      0.26783      0.00000
      2.10433      2.14504      0.00000
      2.11433      6.32213      0.00000
      2.12433      6.92255      0.00000
      2.13433      3.65427      0.00000
      2.14433      4.76726      0.00000
      2.15433      8.10686      0.00000
      2.16433      8.28075      0.00000
      2.17433      8.93335      0.00000
      2.18433      7.59577      0.00000
      2.19433      3.99573      0.00000
      2.20433      1.29463      0.00000
      2.21433      0.47613      0.00000
      2.22433      3.23604      0.00000
      2.23433     15.02142      0.00000
      2.24433     30.40594      0.00000
      2.25433     28.98165      0.00000
      2.26433     13.31205      0.00000
      2.27433      5.28525      0.00000
      2.28433     10.90449      0.00000
      2.29433     17.06915      0.00000
      2.30433     14.91489      0.00000
      2.31433     12.28982      0.00000
      2.32433     10.19274      0.00000
      2.33433      5.44973      0.00000
      2.34433      1.29027      0.00000
      2.35433      0.11756      0.00000
      2.36433      0.00398      0.00000
      2.37433      0.00005      0.00000
      2.38433      0.00000      0.00000
      2.39433      0.00000      0.00000
      2.40433      0.00000      0.00000
      2.41433      0.00000      0.00000
      2.42433      0.00000      0.00000
      2.43433      0.00040      0.00000
      2.44433      0.02043      0.00000
      2.45433      0.38490      0.00000
      2.46433      2.66771      0.00000
      2.47433      6.80197      0.00000
      2.48433      6.38021      0.00000
      2.49433      2.20162      0.00000
      2.50433      0.27948      0.00000
      2.51433      0.01660      0.00000
      2.52433      0.12833      0.00000
      2.53433      1.70012      0.00000
      2.54433      8.30693      0.00000
      2.55433     15.07331      0.00000
      2.56433     11.22396      0.00000
