Energy-E_F (eV)    DOS (1/eV)    PDOS (1/eV)  of atom type Pb 
     -4.06213      3.06816      0.00000
     -4.05213      3.59891      0.00000
     -4.04213      5.70319      0.00000
     -4.03213      6.66589      0.00000
     -4.02213      5.20668      0.00000
     -4.01213      2.98809      0.00000
     -4.00213      1.38311      0.00000
     -3.99213      1.35233      0.00000
     -3.98213      3.02284      0.00000
     -3.97213      5.31091      0.00000
     -3.96213      5.58397      0.00000
     -3.95213      5.24078      0.00000
     -3.94213      6.58612      0.00000
     -3.93213      5.77994      0.00000
     -3.92213      3.32048      0.00000
     -3.91213      3.12801      0.00000
     -3.90213      5.16115      0.00000
     -3.89213      8.11319      0.00000
     -3.88213      8.49355      0.00000
     -3.87213      6.10496      0.00000
     -3.86213      4.11470      0.00000
     -3.85213      4.38940      0.00000
     -3.84213      5.17696      0.00000
     -3.83213      4.61245      0.00000
     -3.82213      3.96707      0.00000
     -3.81213      5.67604      0.00000
     -3.80213      7.32685      0.00000
     -3.79213      6.05717      0.00000
     -3.78213      5.39703      0.00000
     -3.77213      5.64258      0.00000
     -3.76213      5.33049      0.00000
     -3.75213      4.46584      0.00000
     -3.74213      4.12072      0.00000
     -3.73213      5.41422      0.00000
     -3.72213      8.23714      0.00000
     -3.71213     10.41009      0.00000
     -3.70213     10.10734      0.00000
     -3.69213      9.83007      0.00000
     -3.68213      9.50385      0.00000
     -3.67213      7.37981      0.00000
     -3.66213      5.14838      0.00000
     -3.65213      4.64912      0.00000
     -3.64213      6.42215      0.00000
     -3.63213     10.21529      0.00000
     -3.62213     12.01159      0.00000
     -3.61213     11.74260      0.00000
     -3.60213     10.93381      0.00000
     -3.59213      8.43745      0.00000
     -3.58213      7.36476      0.00000
     -3.57213      7.38955      0.00000
     -3.56213      6.75465      0.00000
     -3.55213      7.73209      0.00000
     -3.54213      9.79125      0.00000
     -3.53213      8.86748      0.00000
     -3.52213      6.77194      0.00000
     -3.51213      6.49776      0.00000
     -3.50213      6.51390      0.00000
     -3.49213      5.55322      0.00000
     -3.48213      4.20742      0.00000
     -3.47213      4.20710      0.00000
     -3.46213      6.60012      0.00000
     -3.45213      9.85042      0.00000
     -3.44213     12.25343      0.00000
     -3.43213     10.42986      0.00000
     -3.42213      8.18141      0.00000
     -3.41213      8.43197      0.00000
     -3.40213      7.31741      0.00000
     -3.39213      5.28470      0.00000
     -3.38213      4.81509      0.00000
     -3.37213      5.98336      0.00000
     -3.36213      7.92370      0.00000
     -3.35213      8.49506      0.00000
     -3.34213      7.96521      0.00000
     -3.33213      7.05399      0.00000
     -3.32213      7.97086      0.00000
     -3.31213     10.08579      0.00000
     -3.30213      8.11801      0.00000
     -3.29213      4.45459      0.00000
     -3.28213      5.21365      0.00000
     -3.27213      8.49256      0.00000
     -3.26213      7.94965      0.00000
     -3.25213      5.61624      0.00000
     -3.24213      6.12274      0.00000
     -3.23213      7.19347      0.00000
     -3.22213      5.27859      0.00000
     -3.21213      3.38902      0.00000
     -3.20213      5.13089      0.00000
     -3.19213      8.20658      0.00000
     -3.18213      9.25150      0.00000
     -3.17213      9.12042      0.00000
     -3.16213      7.73805      0.00000
     -3.15213      5.94630      0.00000
     -3.14213      3.98087      0.00000
     -3.13213      2.51249      0.00000
     -3.12213      3.34217      0.00000
     -3.11213      5.38212      0.00000
     -3.10213      5.98465      0.00000
     -3.09213      4.97794      0.00000
     -3.08213      4.44451      0.00000
     -3.07213      5.47609      0.00000
     -3.06213      6.41263      0.00000
     -3.05213      7.82593      0.00000
     -3.04213     12.06895      0.00000
     -3.03213     13.30652      0.00000
     -3.02213      9.56494      0.00000
     -3.01213      6.20784      0.00000
     -3.00213      4.64079      0.00000
     -2.99213      4.11075      0.00000
     -2.98213      3.70742      0.00000
     -2.97213      3.52629      0.00000
     -2.96213      5.08011      0.00000
     -2.95213      6.32064      0.00000
     -2.94213      6.32329      0.00000
     -2.93213      6.18943      0.00000
     -2.92213      7.64413      0.00000
     -2.91213      6.81336      0.00000
     -2.90213      3.85339      0.00000
     -2.89213      2.58520      0.00000
     -2.88213      1.75668      0.00000
     -2.87213      2.35872      0.00000
     -2.86213      3.25726      0.00000
     -2.85213      2.66452      0.00000
     -2.84213      1.79009      0.00000
     -2.83213      1.13543      0.00000
     -2.82213      1.32886      0.00000
     -2.81213      1.87677      0.00000
     -2.80213      2.08281      0.00000
     -2.79213      2.55810      0.00000
     -2.78213      2.76380      0.00000
     -2.77213      1.50019      0.00000
     -2.76213      0.34521      0.00000
     -2.75213      0.04690      0.00000
     -2.74213      0.21222      0.00000
     -2.73213      1.17526      0.00000
     -2.72213      2.97172      0.00000
     -2.71213      4.34197      0.00000
     -2.70213      4.69155      0.00000
     -2.69213      4.91955      0.00000
     -2.68213      6.20017      0.00000
     -2.67213      6.66000      0.00000
     -2.66213      5.72926      0.00000
     -2.65213      4.53512      0.00000
     -2.64213      2.35960      0.00000
     -2.63213      0.57409      0.00000
     -2.62213      0.06831      0.00000
     -2.61213      0.12289      0.00000
     -2.60213      0.49113      0.00000
     -2.59213      0.73630      0.00000
     -2.58213      0.43437      0.00000
     -2.57213      0.43447      0.00000
     -2.56213      1.71031      0.00000
     -2.55213      3.71730      0.00000
     -2.54213      4.53014      0.00000
     -2.53213      3.60956      0.00000
     -2.52213      2.96815      0.00000
     -2.51213      3.94026      0.00000
     -2.50213      3.90465      0.00000
     -2.49213      2.37843      0.00000
     -2.48213      1.59861      0.00000
     -2.47213      2.91209      0.00000
     -2.46213      3.75067      0.00000
     -2.45213      2.84766      0.00000
     -2.44213      2.31187      0.00000
     -2.43213      3.66570      0.00000
     -2.42213      5.90901      0.00000
     -2.41213      6.49017      0.00000
     -2.40213      5.67755      0.00000
     -2.39213      4.76725      0.00000
     -2.38213      3.55531      0.00000
     -2.37213      2.71009      0.00000
     -2.36213      2.64587      0.00000
     -2.35213      3.23665      0.00000
     -2.34213      4.07653      0.00000
     -2.33213      4.07935      0.00000
     -2.32213      4.08023      0.00000
     -2.31213      5.57450      0.00000
     -2.30213      7.43742      0.00000
     -2.29213      7.10913      0.00000
     -2.28213      5.84211      0.00000
     -2.27213      6.37311      0.00000
     -2.26213      7.00278      0.00000
     -2.25213      7.35196      0.00000
     -2.24213      8.31128      0.00000
     -2.23213      6.33036      0.00000
     -2.22213      4.76167      0.00000
     -2.21213      4.92427      0.00000
     -2.20213      4.33853      0.00000
     -2.19213      5.44318      0.00000
     -2.18213      7.00519      0.00000
     -2.17213      6.92293      0.00000
     -2.16213      6.95487      0.00000
     -2.15213      5.75708      0.00000
     -2.14213      3.73063      0.00000
     -2.13213      3.63255      0.00000
     -2.12213      3.40583      0.00000
     -2.11213      2.40754      0.00000
     -2.10213      3.28233      0.00000
     -2.09213      5.23120      0.00000
     -2.08213      5.48865      0.00000
     -2.07213      3.41494      0.00000
     -2.06213      3.24935      0.00000
     -2.05213      5.73751      0.00000
     -2.04213      5.47355      0.00000
     -2.03213      2.68264      0.00000
     -2.02213      2.06143      0.00000
     -2.01213      2.75255      0.00000
     -2.00213      2.76225      0.00000
     -1.99213      2.10870      0.00000
     -1.98213      1.73673      0.00000
     -1.97213      0.96727      0.00000
     -1.96213      0.23424      0.00000
     -1.95213      0.18491      0.00000
     -1.94213      1.04393      0.00000
     -1.93213      2.91815      0.00000
     -1.92213      4.42839      0.00000
     -1.91213      4.67189      0.00000
     -1.90213      3.97745      0.00000
     -1.89213      2.94016      0.00000
     -1.88213      1.58081      0.00000
     -1.87213      0.45223      0.00000
     -1.86213      0.21804      0.00000
     -1.85213      0.66442      0.00000
     -1.84213      1.48143      0.00000
     -1.83213      2.97771      0.00000
     -1.82213      4.78372      0.00000
     -1.81213      5.56072      0.00000
     -1.80213      5.80217      0.00000
     -1.79213      7.15276      0.00000
     -1.78213      9.01201      0.00000
     -1.77213      9.31669      0.00000
     -1.76213      9.49743      0.00000
     -1.75213     10.40838      0.00000
     -1.74213     11.32714      0.00000
     -1.73213      9.42064      0.00000
     -1.72213      5.85179      0.00000
     -1.71213      4.37787      0.00000
     -1.70213      4.18220      0.00000
     -1.69213      4.80553      0.00000
     -1.68213      5.67578      0.00000
     -1.67213      5.53791      0.00000
     -1.66213      4.20365      0.00000
     -1.65213      3.92653      0.00000
     -1.64213      4.91663      0.00000
     -1.63213      7.17954      0.00000
     -1.62213      8.64566      0.00000
     -1.61213      6.50206      0.00000
     -1.60213      3.67632      0.00000
     -1.59213      3.14567      0.00000
     -1.58213      5.11854      0.00000
     -1.57213      7.53928      0.00000
     -1.56213      7.56291      0.00000
     -1.55213      6.08980      0.00000
     -1.54213      4.52186      0.00000
     -1.53213      3.21468      0.00000
     -1.52213      2.84661      0.00000
     -1.51213      4.32731      0.00000
     -1.50213      6.90918      0.00000
     -1.49213      7.29548      0.00000
     -1.48213      5.96941      0.00000
     -1.47213      6.37104      0.00000
     -1.46213      7.14215      0.00000
     -1.45213      6.38513      0.00000
     -1.44213      3.60207      0.00000
     -1.43213      1.03812      0.00000
     -1.42213      0.13764      0.00000
     -1.41213      0.00787      0.00000
     -1.40213      0.00019      0.00000
     -1.39213      0.00068      0.00000
     -1.38213      0.02083      0.00000
     -1.37213      0.23532      0.00000
     -1.36213      1.00214      0.00000
     -1.35213      1.80062      0.00000
     -1.34213      2.04589      0.00000
     -1.33213      2.38574      0.00000
     -1.32213      3.54162      0.00000
     -1.31213      5.87400      0.00000
     -1.30213      7.28444      0.00000
     -1.29213      7.58190      0.00000
     -1.28213      7.62506      0.00000
     -1.27213      6.83922      0.00000
     -1.26213      7.28108      0.00000
     -1.25213      7.26368      0.00000
     -1.24213      4.46525      0.00000
     -1.23213      1.89454      0.00000
     -1.22213      1.58937      0.00000
     -1.21213      1.59406      0.00000
     -1.20213      2.09387      0.00000
     -1.19213      3.76089      0.00000
     -1.18213      4.12202      0.00000
     -1.17213      2.81014      0.00000
     -1.16213      2.99853      0.00000
     -1.15213      4.94869      0.00000
     -1.14213      5.32210      0.00000
     -1.13213      3.96804      0.00000
     -1.12213      5.38127      0.00000
     -1.11213      8.07406      0.00000
     -1.10213      6.18700      0.00000
     -1.09213      3.65171      0.00000
     -1.08213      3.13467      0.00000
     -1.07213      3.11736      0.00000
     -1.06213      2.93635      0.00000
     -1.05213      2.28559      0.00000
     -1.04213      3.17777      0.00000
     -1.03213      6.32179      0.00000
     -1.02213      8.01115      0.00000
     -1.01213      7.70399      0.00000
     -1.00213      6.82999      0.00000
     -0.99213      6.39611      0.00000
     -0.98213      7.45856      0.00000
     -0.97213      7.37764      0.00000
     -0.96213      5.16952      0.00000
     -0.95213      4.90316      0.00000
     -0.94213      4.65992      0.00000
     -0.93213      4.48356      0.00000
     -0.92213      6.49905      0.00000
     -0.91213      6.41766      0.00000
     -0.90213      3.01317      0.00000
     -0.89213      1.10693      0.00000
     -0.88213      1.73082      0.00000
     -0.87213      2.96997      0.00000
     -0.86213      3.60045      0.00000
     -0.85213      3.05816      0.00000
     -0.84213      3.40520      0.00000
     -0.83213      5.24347      0.00000
     -0.82213      6.16495      0.00000
     -0.81213      4.68464      0.00000
     -0.80213      2.91021      0.00000
     -0.79213      2.55761      0.00000
     -0.78213      3.32745      0.00000
     -0.77213      5.60251      0.00000
     -0.76213      9.36958      0.00000
     -0.75213      9.73160      0.00000
     -0.74213      5.42989      0.00000
     -0.73213      2.82944      0.00000
     -0.72213      3.33040      0.00000
     -0.71213      3.76123      0.00000
     -0.70213      3.79784      0.00000
     -0.69213      5.39218      0.00000
     -0.68213      7.52697      0.00000
     -0.67213      8.24128      0.00000
     -0.66213      6.46445      0.00000
     -0.65213      3.49405      0.00000
     -0.64213      3.05922      0.00000
     -0.63213      4.65188      0.00000
     -0.62213      4.57504      0.00000
     -0.61213      2.73047      0.00000
     -0.60213      3.01202      0.00000
     -0.59213      4.24195      0.00000
     -0.58213      4.73324      0.00000
     -0.57213      4.71390      0.00000
     -0.56213      3.68614      0.00000
     -0.55213      3.42602      0.00000
     -0.54213      5.34553      0.00000
     -0.53213      7.16108      0.00000
     -0.52213      7.11752      0.00000
     -0.51213      7.23152      0.00000
     -0.50213      6.38052      0.00000
     -0.49213      4.83301      0.00000
     -0.48213      4.30832      0.00000
     -0.47213      4.99179      0.00000
     -0.46213      5.61884      0.00000
     -0.45213      6.35022      0.00000
     -0.44213      5.66509      0.00000
     -0.43213      3.27834      0.00000
     -0.42213      2.82481      0.00000
     -0.41213      4.51583      0.00000
     -0.40213      5.76853      0.00000
     -0.39213      6.27207      0.00000
     -0.38213      6.06921      0.00000
     -0.37213      4.93556      0.00000
     -0.36213      4.13269      0.00000
     -0.35213      4.04326      0.00000
     -0.34213      6.46020      0.00000
     -0.33213     10.47325      0.00000
     -0.32213     10.99148      0.00000
     -0.31213      6.96418      0.00000
     -0.30213      3.19793      0.00000
     -0.29213      1.84176      0.00000
     -0.28213      2.20436      0.00000
     -0.27213      2.42766      0.00000
     -0.26213      1.50479      0.00000
     -0.25213      0.55316      0.00000
     -0.24213      0.77994      0.00000
     -0.23213      1.80455      0.00000
     -0.22213      2.96951      0.00000
     -0.21213      5.20960      0.00000
     -0.20213      7.25334      0.00000
     -0.19213      6.16273      0.00000
     -0.18213      3.73268      0.00000
     -0.17213      2.83668      0.00000
     -0.16213      2.87705      0.00000
     -0.15213      4.09806      0.00000
     -0.14213      6.88641      0.00000
     -0.13213      9.27435      0.00000
     -0.12213      8.39353      0.00000
     -0.11213      6.08571      0.00000
     -0.10213      5.31057      0.00000
     -0.09213      5.18958      0.00000
     -0.08213      3.37620      0.00000
     -0.07213      2.20538      0.00000
     -0.06213      6.27931      0.00000
     -0.05213     13.78662      0.00000
     -0.04213     16.12307      0.00000
     -0.03213     13.13868      0.00000
     -0.02213      9.32545      0.00000
     -0.01213      6.11773      0.00000
     -0.00213      4.81903      0.00000
      0.00787      4.91068      0.00000
      0.01787      6.11516      0.00000
      0.02787      7.95143      0.00000
      0.03787      9.42520      0.00000
      0.04787      9.92878      0.00000
      0.05787      8.11899      0.00000
      0.06787      4.10619      0.00000
      0.07787      2.01667      0.00000
      0.08787      2.92714      0.00000
      0.09787      3.39563      0.00000
      0.10787      3.43578      0.00000
      0.11787      4.39730      0.00000
      0.12787      4.06508      0.00000
      0.13787      3.53877      0.00000
      0.14787      4.84110      0.00000
      0.15787      5.51299      0.00000
      0.16787      5.27440      0.00000
      0.17787      4.61490      0.00000
      0.18787      3.76028      0.00000
      0.19787      3.55467      0.00000
      0.20787      4.58133      0.00000
      0.21787      4.36441      0.00000
      0.22787      2.71275      0.00000
      0.23787      3.07644      0.00000
      0.24787      4.51195      0.00000
      0.25787      7.49178      0.00000
      0.26787     10.56078      0.00000
      0.27787      9.84445      0.00000
      0.28787      5.86106      0.00000
      0.29787      3.84606      0.00000
      0.30787      3.72812      0.00000
      0.31787      3.28174      0.00000
      0.32787      2.92462      0.00000
      0.33787      2.53073      0.00000
      0.34787      3.39312      0.00000
      0.35787      6.11301      0.00000
      0.36787      5.75644      0.00000
      0.37787      3.72553      0.00000
      0.38787      4.52110      0.00000
      0.39787      4.62445      0.00000
      0.40787      4.14339      0.00000
      0.41787      6.38055      0.00000
      0.42787      8.66080      0.00000
      0.43787      8.06967      0.00000
      0.44787      7.52457      0.00000
      0.45787      7.23174      0.00000
      0.46787      6.34466      0.00000
      0.47787      5.45776      0.00000
      0.48787      5.71881      0.00000
      0.49787      6.42759      0.00000
      0.50787      6.03678      0.00000
      0.51787      5.60157      0.00000
      0.52787      4.19456      0.00000
      0.53787      1.99507      0.00000
      0.54787      3.29423      0.00000
      0.55787      8.21372      0.00000
      0.56787      9.81655      0.00000
      0.57787      9.12153      0.00000
      0.58787     10.88291      0.00000
      0.59787     11.13072      0.00000
      0.60787      7.81507      0.00000
      0.61787      3.75128      0.00000
      0.62787      2.07492      0.00000
      0.63787      2.60889      0.00000
      0.64787      3.23165      0.00000
      0.65787      3.02457      0.00000
      0.66787      3.72733      0.00000
      0.67787      7.27275      0.00000
      0.68787      9.44405      0.00000
      0.69787      7.36937      0.00000
      0.70787      4.72231      0.00000
      0.71787      4.28053      0.00000
      0.72787      4.98486      0.00000
      0.73787      6.25867      0.00000
      0.74787      6.41774      0.00000
      0.75787      6.15518      0.00000
      0.76787      6.91985      0.00000
      0.77787      6.87405      0.00000
      0.78787      5.20071      0.00000
      0.79787      4.27818      0.00000
      0.80787      6.26742      0.00000
      0.81787      9.39752      0.00000
      0.82787      9.43495      0.00000
      0.83787      6.22024      0.00000
      0.84787      3.27176      0.00000
      0.85787      4.47318      0.00000
      0.86787      7.46627      0.00000
      0.87787      8.09104      0.00000
      0.88787      7.79353      0.00000
      0.89787      6.52971      0.00000
      0.90787      4.33800      0.00000
      0.91787      3.56823      0.00000
      0.92787      3.24402      0.00000
      0.93787      2.65678      0.00000
      0.94787      2.50047      0.00000
      0.95787      3.65407      0.00000
      0.96787      5.76499      0.00000
      0.97787      5.35956      0.00000
      0.98787      3.68646      0.00000
      0.99787      6.48480      0.00000
      1.00787     10.77925      0.00000
      1.01787     11.59701      0.00000
      1.02787     10.90647      0.00000
      1.03787      9.35978      0.00000
      1.04787      6.83482      0.00000
      1.05787      4.79948      0.00000
      1.06787      4.28733      0.00000
      1.07787      5.67424      0.00000
      1.08787      7.55637      0.00000
      1.09787      9.28956      0.00000
      1.10787     10.97553      0.00000
      1.11787      8.56139      0.00000
      1.12787      5.60855      0.00000
      1.13787      6.62087      0.00000
      1.14787      7.57501      0.00000
      1.15787      8.40733      0.00000
      1.16787      9.68593      0.00000
      1.17787      8.97269      0.00000
      1.18787      7.72945      0.00000
      1.19787      6.73639      0.00000
      1.20787      4.97207      0.00000
      1.21787      3.10380      0.00000
      1.22787      2.46307      0.00000
      1.23787      4.61819      0.00000
      1.24787      8.82480      0.00000
      1.25787     12.18585      0.00000
      1.26787     12.56352      0.00000
      1.27787     11.19587      0.00000
      1.28787     11.11488      0.00000
      1.29787     11.72330      0.00000
      1.30787      8.50310      0.00000
      1.31787      3.81522      0.00000
      1.32787      3.07193      0.00000
      1.33787      4.41112      0.00000
      1.34787      5.41961      0.00000
      1.35787      6.04065      0.00000
      1.36787      5.83302      0.00000
      1.37787      5.58970      0.00000
      1.38787      4.91043      0.00000
      1.39787      6.35414      0.00000
      1.40787      8.43110      0.00000
      1.41787      6.68008      0.00000
      1.42787      4.69550      0.00000
      1.43787      4.16339      0.00000
      1.44787      4.96107      0.00000
      1.45787      5.23465      0.00000
      1.46787      5.42192      0.00000
      1.47787      8.16917      0.00000
      1.48787     11.29472      0.00000
      1.49787     11.78669      0.00000
      1.50787     11.04164      0.00000
      1.51787     10.50365      0.00000
      1.52787     10.05799      0.00000
      1.53787      9.58177      0.00000
      1.54787      9.11311      0.00000
      1.55787      6.81768      0.00000
      1.56787      6.10022      0.00000
      1.57787      8.29355      0.00000
      1.58787      8.65437      0.00000
      1.59787      7.78178      0.00000
      1.60787      7.18260      0.00000
      1.61787      7.71502      0.00000
      1.62787     10.43522      0.00000
      1.63787      9.44352      0.00000
      1.64787      4.36836      0.00000
      1.65787      2.03025      0.00000
      1.66787      4.38383      0.00000
      1.67787      7.93971      0.00000
      1.68787      8.62641      0.00000
      1.69787      6.21844      0.00000
      1.70787      3.32417      0.00000
      1.71787      1.29752      0.00000
      1.72787      0.36027      0.00000
      1.73787      1.00901      0.00000
      1.74787      4.71421      0.00000
      1.75787     10.45675      0.00000
      1.76787     12.11165      0.00000
      1.77787      9.43918      0.00000
      1.78787      6.98970      0.00000
      1.79787      5.48206      0.00000
      1.80787      6.38310      0.00000
      1.81787      9.29957      0.00000
      1.82787     10.37672      0.00000
      1.83787      8.38272      0.00000
      1.84787      5.18587      0.00000
      1.85787      4.23504      0.00000
      1.86787      4.66310      0.00000
      1.87787      4.82562      0.00000
      1.88787      3.93795      0.00000
      1.89787      2.57465      0.00000
      1.90787      3.75299      0.00000
      1.91787      6.26372      0.00000
      1.92787      6.46437      0.00000
      1.93787      5.12869      0.00000
      1.94787      4.92233      0.00000
      1.95787      4.07327      0.00000
      1.96787      3.54480      0.00000
      1.97787      3.72825      0.00000
      1.98787      4.38063      0.00000
      1.99787      6.30390      0.00000
      2.00787      7.02024      0.00000
      2.01787      6.26056      0.00000
      2.02787      5.37910      0.00000
      2.03787      6.58975      0.00000
      2.04787      9.49868      0.00000
      2.05787     12.49081      0.00000
      2.06787     12.69040      0.00000
      2.07787      8.13076      0.00000
      2.08787      3.91410      0.00000
      2.09787      2.79892      0.00000
      2.10787      3.20188      0.00000
      2.11787      3.84679      0.00000
      2.12787      5.05744      0.00000
      2.13787      5.10389      0.00000
      2.14787      3.13043      0.00000
      2.15787      3.33261      0.00000
      2.16787      5.77278      0.00000
      2.17787      6.19404      0.00000
      2.18787      4.97468      0.00000
      2.19787      4.51740      0.00000
      2.20787      4.21721      0.00000
      2.21787      3.78479      0.00000
      2.22787      4.32015      0.00000
      2.23787      6.06615      0.00000
      2.24787      8.40754      0.00000
      2.25787      9.80149      0.00000
      2.26787     10.29085      0.00000
      2.27787     10.07279      0.00000
      2.28787      9.87934      0.00000
      2.29787      9.03146      0.00000
      2.30787      5.54354      0.00000
      2.31787      3.05939      0.00000
      2.32787      3.77116      0.00000
      2.33787      4.73712      0.00000
      2.34787      5.34513      0.00000
      2.35787      6.14806      0.00000
      2.36787      7.72099      0.00000
      2.37787     11.03751      0.00000
      2.38787     12.11319      0.00000
      2.39787     10.37801      0.00000
      2.40787      9.28291      0.00000
      2.41787      7.73203      0.00000
      2.42787      6.82304      0.00000
      2.43787      7.10956      0.00000
      2.44787      7.95412      0.00000
      2.45787      7.62389      0.00000
      2.46787      4.82550      0.00000
      2.47787      4.14077      0.00000
      2.48787      4.76350      0.00000
      2.49787      4.03217      0.00000
      2.50787      4.07526      0.00000
      2.51787      3.66216      0.00000
      2.52787      2.52448      0.00000
      2.53787      1.68437      0.00000
      2.54787      1.63110      0.00000
      2.55787      2.87862      0.00000
      2.56787      4.35353      0.00000
      2.57787      4.97633      0.00000
      2.58787      5.36789      0.00000
      2.59787      5.83025      0.00000
      2.60787      5.77389      0.00000
      2.61787      4.78012      0.00000
      2.62787      3.26365      0.00000
      2.63787      1.66049      0.00000
      2.64787      2.24623      0.00000
      2.65787      3.95953      0.00000
      2.66787      4.31939      0.00000
      2.67787      3.92879      0.00000
      2.68787      4.44999      0.00000
      2.69787      5.70579      0.00000
      2.70787      6.65414      0.00000
      2.71787      5.60499      0.00000
      2.72787      2.74034      0.00000
      2.73787      0.83257      0.00000
      2.74787      0.72641      0.00000
      2.75787      1.46050      0.00000
      2.76787      2.06664      0.00000
      2.77787      2.96767      0.00000
      2.78787      2.70161      0.00000
      2.79787      1.09166      0.00000
      2.80787      0.92905      0.00000
      2.81787      2.88357      0.00000
      2.82787      4.80837      0.00000
      2.83787      5.19474      0.00000
      2.84787      4.91923      0.00000
      2.85787      4.39286      0.00000
      2.86787      4.77562      0.00000
      2.87787      4.60391      0.00000
      2.88787      2.27444      0.00000
      2.89787      0.75988      0.00000
      2.90787      1.58805      0.00000
      2.91787      3.51946      0.00000
      2.92787      3.76205      0.00000
      2.93787      2.27872      0.00000
      2.94787      1.72289      0.00000
      2.95787      1.43731      0.00000
      2.96787      1.34745      0.00000
      2.97787      1.95906      0.00000
      2.98787      2.38466      0.00000
      2.99787      2.69312      0.00000
      3.00787      2.94005      0.00000
      3.01787      3.63158      0.00000
      3.02787      3.96535      0.00000
      3.03787      3.26116      0.00000
      3.04787      3.65461      0.00000
      3.05787      5.33468      0.00000
      3.06787      5.54188      0.00000
      3.07787      3.43996      0.00000
      3.08787      2.04293      0.00000
      3.09787      2.04582      0.00000
      3.10787      2.46602      0.00000
      3.11787      2.93887      0.00000
      3.12787      2.97288      0.00000
      3.13787      3.51154      0.00000
      3.14787      4.03629      0.00000
      3.15787      3.14302      0.00000
      3.16787      1.96406      0.00000
      3.17787      2.81940      0.00000
      3.18787      6.06009      0.00000
      3.19787      9.71033      0.00000
      3.20787     10.58873      0.00000
      3.21787      7.24491      0.00000
      3.22787      4.44322      0.00000
      3.23787      4.40402      0.00000
      3.24787      5.37656      0.00000
      3.25787      5.06590      0.00000
      3.26787      2.89586      0.00000
      3.27787      1.96662      0.00000
      3.28787      3.95829      0.00000
      3.29787      7.46929      0.00000
      3.30787      9.74952      0.00000
      3.31787      8.48811      0.00000
      3.32787      5.71297      0.00000
      3.33787      3.31760      0.00000
      3.34787      2.17114      0.00000
      3.35787      2.03909      0.00000
      3.36787      3.26618      0.00000
      3.37787      6.06332      0.00000
      3.38787      7.10547      0.00000
      3.39787      6.06098      0.00000
      3.40787      5.14405      0.00000
      3.41787      4.08603      0.00000
      3.42787      3.04330      0.00000
      3.43787      2.69752      0.00000
      3.44787      2.11849      0.00000
      3.45787      0.93293      0.00000
      3.46787      0.17886      0.00000
