Energy-E_F (eV)    DOS (1/eV)    PDOS (1/eV)  of atom type Pb 
     -4.99000      0.64928      0.64928
     -4.98000      2.40442      2.40442
     -4.97000      4.25333      4.25333
     -4.96000      4.05245      4.05245
     -4.95000      1.97785      1.97785
     -4.94000      0.43568      0.43568
     -4.93000      0.06689      0.06689
     -4.92000      0.32312      0.32312
     -4.91000      1.41228      1.41228
     -4.90000      2.52747      2.52747
     -4.89000      2.95920      2.95920
     -4.88000      3.54521      3.54521
     -4.87000      2.41697      2.41697
     -4.86000      0.92318      0.92318
     -4.85000      1.35796      1.35796
     -4.84000      2.19666      2.19666
     -4.83000      1.39363      1.39363
     -4.82000      0.33381      0.33381
     -4.81000      0.08559      0.08559
     -4.80000      0.51303      0.51303
     -4.79000      1.72058      1.72058
     -4.78000      2.13866      2.13866
     -4.77000      1.18605      1.18605
     -4.76000      1.67590      1.67590
     -4.75000      4.23218      4.23218
     -4.74000      4.91765      4.91765
     -4.73000      2.54402      2.54402
     -4.72000      1.51585      1.51585
     -4.71000      3.84466      3.84466
     -4.70000      5.99253      5.99253
     -4.69000      4.24310      4.24310
     -4.68000      1.74455      1.74455
     -4.67000      1.85973      1.85973
     -4.66000      2.95511      2.95511
     -4.65000      2.30733      2.30733
     -4.64000      0.85386      0.85386
     -4.63000      0.25359      0.25359
     -4.62000      0.74529      0.74529
     -4.61000      2.14057      2.14057
     -4.60000      2.96085      2.96085
     -4.59000      1.89657      1.89657
     -4.58000      0.93874      0.93874
     -4.57000      1.85202      1.85202
     -4.56000      2.99930      2.99930
     -4.55000      2.93186      2.93186
     -4.54000      3.16746      3.16746
     -4.53000      3.69491      3.69491
     -4.52000      4.31194      4.31194
     -4.51000      4.99038      4.99038
     -4.50000      5.02001      5.02001
     -4.49000      3.96905      3.96905
     -4.48000      3.73160      3.73160
     -4.47000      5.81424      5.81424
     -4.46000      7.46617      7.46617
     -4.45000      7.28774      7.28774
     -4.44000      5.23167      5.23167
     -4.43000      3.47605      3.47605
     -4.42000      2.57146      2.57146
     -4.41000      1.26324      1.26324
     -4.40000      1.12232      1.12232
     -4.39000      3.35783      3.35783
     -4.38000      5.33180      5.33180
     -4.37000      4.26185      4.26185
     -4.36000      2.05348      2.05348
     -4.35000      0.70183      0.70183
     -4.34000      0.86994      0.86994
     -4.33000      2.13349      2.13349
     -4.32000      2.97792      2.97792
     -4.31000      4.62267      4.62267
     -4.30000      6.97252      6.97252
     -4.29000      7.57603      7.57603
     -4.28000      5.64802      5.64802
     -4.27000      2.38793      2.38793
     -4.26000      1.67895      1.67895
     -4.25000      3.48848      3.48848
     -4.24000      5.51623      5.51623
     -4.23000      5.87654      5.87654
     -4.22000      3.94325      3.94325
     -4.21000      1.52983      1.52983
     -4.20000      0.28136      0.28136
     -4.19000      0.03371      0.03371
     -4.18000      0.20986      0.20986
     -4.17000      1.33881      1.33881
     -4.16000      3.58242      3.58242
     -4.15000      4.63180      4.63180
     -4.14000      3.85274      3.85274
     -4.13000      2.35184      2.35184
     -4.12000      1.37841      1.37841
     -4.11000      2.31087      2.31087
     -4.10000      3.77135      3.77135
     -4.09000      4.78598      4.78598
     -4.08000      4.92212      4.92212
     -4.07000      5.12031      5.12031
     -4.06000      5.87211      5.87211
     -4.05000      5.83342      5.83342
     -4.04000      5.08088      5.08088
     -4.03000      2.64251      2.64251
     -4.02000      0.59561      0.59561
     -4.01000      0.26952      0.26952
     -4.00000      1.53494      1.53494
     -3.99000      3.98204      3.98204
     -3.98000      3.97802      3.97802
     -3.97000      2.33153      2.33153
     -3.96000      2.53093      2.53093
     -3.95000      2.92248      2.92248
     -3.94000      2.72287      2.72287
     -3.93000      1.57721      1.57721
     -3.92000      0.56047      0.56047
     -3.91000      1.54889      1.54889
     -3.90000      5.62590      5.62590
     -3.89000      9.90501      9.90501
     -3.88000      8.80620      8.80620
     -3.87000      3.77292      3.77292
     -3.86000      0.74573      0.74573
     -3.85000      0.45903      0.45903
     -3.84000      1.53670      1.53670
     -3.83000      3.36430      3.36430
     -3.82000      5.15292      5.15292
     -3.81000      4.36967      4.36967
     -3.80000      1.74391      1.74391
     -3.79000      1.10982      1.10982
     -3.78000      2.37831      2.37831
     -3.77000      4.18914      4.18914
     -3.76000      5.27962      5.27962
     -3.75000      4.86952      4.86952
     -3.74000      4.16865      4.16865
     -3.73000      3.66750      3.66750
     -3.72000      2.65314      2.65314
     -3.71000      2.54528      2.54528
     -3.70000      2.40213      2.40213
     -3.69000      1.71609      1.71609
     -3.68000      1.16802      1.16802
     -3.67000      1.46905      1.46905
     -3.66000      2.27369      2.27369
     -3.65000      1.97718      1.97718
     -3.64000      2.76279      2.76279
     -3.63000      4.36042      4.36042
     -3.62000      2.97284      2.97284
     -3.61000      0.77732      0.77732
     -3.60000      0.07720      0.07720
     -3.59000      0.00290      0.00290
     -3.58000      0.00016      0.00016
     -3.57000      0.00548      0.00548
     -3.56000      0.08652      0.08652
     -3.55000      0.50206      0.50206
     -3.54000      1.07180      1.07180
     -3.53000      0.84205      0.84205
     -3.52000      0.25618      0.25618
     -3.51000      0.22034      0.22034
     -3.50000      1.07206      1.07206
     -3.49000      2.16983      2.16983
     -3.48000      1.61718      1.61718
     -3.47000      0.44653      0.44653
     -3.46000      0.10345      0.10345
     -3.45000      0.40382      0.40382
     -3.44000      1.01301      1.01301
     -3.43000      0.93875      0.93875
     -3.42000      0.32368      0.32368
     -3.41000      0.11097      0.11097
     -3.40000      0.55616      0.55616
     -3.39000      1.99952      1.99952
     -3.38000      3.86832      3.86832
     -3.37000      4.27636      4.27636
     -3.36000      2.82367      2.82367
     -3.35000      2.76868      2.76868
     -3.34000      4.43123      4.43123
     -3.33000      3.59769      3.59769
     -3.32000      2.34785      2.34785
     -3.31000      2.30902      2.30902
     -3.30000      1.38892      1.38892
     -3.29000      1.18041      1.18041
     -3.28000      2.15112      2.15112
     -3.27000      2.16102      2.16102
     -3.26000      2.74410      2.74410
     -3.25000      4.76889      4.76889
     -3.24000      4.23520      4.23520
     -3.23000      1.84768      1.84768
     -3.22000      0.42344      0.42344
     -3.21000      0.04599      0.04599
     -3.20000      0.00645      0.00645
     -3.19000      0.08792      0.08792
     -3.18000      0.70411      0.70411
     -3.17000      2.36073      2.36073
     -3.16000      3.67612      3.67612
     -3.15000      3.87057      3.87057
     -3.14000      4.10948      4.10948
     -3.13000      3.30846      3.30846
     -3.12000      2.12722      2.12722
     -3.11000      2.29240      2.29240
     -3.10000      1.92080      1.92080
     -3.09000      1.37529      1.37529
     -3.08000      2.59640      2.59640
     -3.07000      3.73917      3.73917
     -3.06000      2.93984      2.93984
     -3.05000      1.65450      1.65450
     -3.04000      1.25591      1.25591
     -3.03000      0.69522      0.69522
     -3.02000      0.15865      0.15865
     -3.01000      0.06216      0.06216
     -3.00000      0.47066      0.47066
     -2.99000      1.66013      1.66013
     -2.98000      2.17671      2.17671
     -2.97000      1.26243      1.26243
     -2.96000      1.18130      1.18130
     -2.95000      2.34854      2.34854
     -2.94000      3.59743      3.59743
     -2.93000      2.88486      2.88486
     -2.92000      1.17541      1.17541
     -2.91000      1.32125      1.32125
     -2.90000      2.22788      2.22788
     -2.89000      1.75179      1.75179
     -2.88000      1.96059      1.96059
     -2.87000      4.01354      4.01354
     -2.86000      4.63263      4.63263
     -2.85000      3.37660      3.37660
     -2.84000      4.22035      4.22035
     -2.83000      6.36498      6.36498
     -2.82000      4.57774      4.57774
     -2.81000      1.35383      1.35383
     -2.80000      0.16119      0.16119
     -2.79000      0.01755      0.01755
     -2.78000      0.13077      0.13077
     -2.77000      0.62659      0.62659
     -2.76000      1.10609      1.10609
     -2.75000      0.73225      0.73225
     -2.74000      0.33896      0.33896
     -2.73000      0.72500      0.72500
     -2.72000      1.10789      1.10789
     -2.71000      0.66464      0.66464
     -2.70000      0.47861      0.47861
     -2.69000      1.47635      1.47635
     -2.68000      2.54022      2.54022
     -2.67000      2.66719      2.66719
     -2.66000      2.63460      2.63460
     -2.65000      2.26398      2.26398
     -2.64000      2.39826      2.39826
     -2.63000      1.77059      1.77059
     -2.62000      0.81268      0.81268
     -2.61000      1.39354      1.39354
     -2.60000      2.21860      2.21860
     -2.59000      1.35188      1.35188
     -2.58000      0.31170      0.31170
     -2.57000      0.18267      0.18267
     -2.56000      1.16682      1.16682
     -2.55000      3.52377      3.52377
     -2.54000      4.63889      4.63889
     -2.53000      3.54488      3.54488
     -2.52000      3.49843      3.49843
     -2.51000      4.36937      4.36937
     -2.50000      4.50460      4.50460
     -2.49000      3.66767      3.66767
     -2.48000      1.89552      1.89552
     -2.47000      0.45986      0.45986
     -2.46000      0.04457      0.04457
     -2.45000      0.00456      0.00456
     -2.44000      0.06802      0.06802
     -2.43000      0.57783      0.57783
     -2.42000      1.80804      1.80804
     -2.41000      2.12385      2.12385
     -2.40000      1.33761      1.33761
     -2.39000      2.01939      2.01939
     -2.38000      3.98129      3.98129
     -2.37000      5.25785      5.25785
     -2.36000      3.94059      3.94059
     -2.35000      2.49360      2.49360
     -2.34000      4.33251      4.33251
     -2.33000      6.46241      6.46241
     -2.32000      6.06942      6.06942
     -2.31000      5.49822      5.49822
     -2.30000      5.60825      5.60825
     -2.29000      4.10009      4.10009
     -2.28000      2.88849      2.88849
     -2.27000      2.17256      2.17256
     -2.26000      1.88141      1.88141
     -2.25000      2.28483      2.28483
     -2.24000      1.40304      1.40304
     -2.23000      0.32564      0.32564
     -2.22000      0.02786      0.02786
     -2.21000      0.00088      0.00088
     -2.20000      0.00001      0.00001
     -2.19000      0.00000      0.00000
     -2.18000      0.00000      0.00000
     -2.17000      0.00051      0.00051
     -2.16000      0.01864      0.01864
     -2.15000      0.25132      0.25132
     -2.14000      1.28847      1.28847
     -2.13000      2.78443      2.78443
     -2.12000      3.30497      3.30497
     -2.11000      2.79892      2.79892
     -2.10000      2.38538      2.38538
     -2.09000      2.34453      2.34453
     -2.08000      1.22457      1.22457
     -2.07000      0.26644      0.26644
     -2.06000      0.22284      0.22284
     -2.05000      0.78190      0.78190
     -2.04000      1.14604      1.14604
     -2.03000      1.14680      1.14680
     -2.02000      2.64126      2.64126
     -2.01000      4.66317      4.66317
     -2.00000      4.11944      4.11944
     -1.99000      2.64618      2.64618
     -1.98000      3.63437      3.63437
     -1.97000      4.31768      4.31768
     -1.96000      2.06404      2.06404
     -1.95000      0.36764      0.36764
     -1.94000      0.02428      0.02428
     -1.93000      0.00059      0.00059
     -1.92000      0.00002      0.00002
     -1.91000      0.00235      0.00235
     -1.90000      0.06773      0.06773
     -1.89000      0.72879      0.72879
     -1.88000      2.92574      2.92574
     -1.87000      4.39560      4.39560
     -1.86000      2.64295      2.64295
     -1.85000      1.57421      1.57421
     -1.84000      2.20666      2.20666
     -1.83000      1.62681      1.62681
     -1.82000      0.45421      0.45421
     -1.81000      0.16403      0.16403
     -1.80000      0.93862      0.93862
     -1.79000      2.76356      2.76356
     -1.78000      3.04626      3.04626
     -1.77000      1.26135      1.26135
     -1.76000      0.28358      0.28358
     -1.75000      0.66987      0.66987
     -1.74000      1.85272      1.85272
     -1.73000      1.99511      1.99511
     -1.72000      0.87285      0.87285
     -1.71000      0.66662      0.66662
     -1.70000      2.29050      2.29050
     -1.69000      4.66516      4.66516
     -1.68000      6.09007      6.09007
     -1.67000      6.78985      6.78985
     -1.66000      5.94421      5.94421
     -1.65000      3.63129      3.63129
     -1.64000      3.31444      3.31444
     -1.63000      6.45640      6.45640
     -1.62000      8.69952      8.69952
     -1.61000      6.24276      6.24276
     -1.60000      3.06895      3.06895
     -1.59000      2.42277      2.42277
     -1.58000      2.34124      2.34124
     -1.57000      1.13485      1.13485
     -1.56000      0.37620      0.37620
     -1.55000      1.00059      1.00059
     -1.54000      2.14687      2.14687
     -1.53000      1.89187      1.89187
     -1.52000      1.86291      1.86291
     -1.51000      4.17168      4.17168
     -1.50000      5.13958      5.13958
     -1.49000      2.65366      2.65366
     -1.48000      1.04848      1.04848
     -1.47000      1.12927      1.12927
     -1.46000      0.82507      0.82507
     -1.45000      0.61103      0.61103
     -1.44000      1.56972      1.56972
     -1.43000      2.19614      2.19614
     -1.42000      1.24089      1.24089
     -1.41000      0.96973      0.96973
     -1.40000      2.23892      2.23892
     -1.39000      3.61029      3.61029
     -1.38000      4.79395      4.79395
     -1.37000      3.78832      3.78832
     -1.36000      1.23418      1.23418
     -1.35000      0.15090      0.15090
     -1.34000      0.00688      0.00688
     -1.33000      0.00315      0.00315
     -1.32000      0.05734      0.05734
     -1.31000      0.40485      0.40485
     -1.30000      1.16097      1.16097
     -1.29000      1.88152      1.88152
     -1.28000      2.43813      2.43813
     -1.27000      1.83694      1.83694
     -1.26000      1.03939      1.03939
     -1.25000      2.26684      2.26684
     -1.24000      4.02831      4.02831
     -1.23000      3.14309      3.14309
     -1.22000      1.03755      1.03755
     -1.21000      0.13938      0.13938
     -1.20000      0.02081      0.02081
     -1.19000      0.20630      0.20630
     -1.18000      1.32035      1.32035
     -1.17000      3.79775      3.79775
     -1.16000      5.34141      5.34141
     -1.15000      4.49682      4.49682
     -1.14000      2.92501      2.92501
     -1.13000      1.50554      1.50554
     -1.12000      2.14070      2.14070
     -1.11000      4.15017      4.15017
     -1.10000      3.42098      3.42098
     -1.09000      1.10888      1.10888
     -1.08000      0.33381      0.33381
     -1.07000      1.08998      1.08998
     -1.06000      2.17417      2.17417
     -1.05000      1.60498      1.60498
     -1.04000      0.45076      0.45076
     -1.03000      0.27840      0.27840
     -1.02000      1.41874      1.41874
     -1.01000      3.56626      3.56626
     -1.00000      4.53935      4.53935
     -0.99000      4.35247      4.35247
     -0.98000      5.11689      5.11689
     -0.97000      5.77538      5.77538
     -0.96000      4.94063      4.94063
     -0.95000      5.31587      5.31587
     -0.94000      6.26801      6.26801
     -0.93000      5.04855      5.04855
     -0.92000      3.40235      3.40235
     -0.91000      2.81497      2.81497
     -0.90000      3.04281      3.04281
     -0.89000      3.15238      3.15238
     -0.88000      1.69905      1.69905
     -0.87000      0.64774      0.64774
     -0.86000      1.28263      1.28263
     -0.85000      2.21174      2.21174
     -0.84000      1.44360      1.44360
     -0.83000      0.34685      0.34685
     -0.82000      0.03074      0.03074
     -0.81000      0.00597      0.00597
     -0.80000      0.11704      0.11704
     -0.79000      1.03136      1.03136
     -0.78000      3.40690      3.40690
     -0.77000      4.22344      4.22344
     -0.76000      2.00144      2.00144
     -0.75000      0.74255      0.74255
     -0.74000      1.58393      1.58393
     -0.73000      2.39019      2.39019
     -0.72000      1.91691      1.91691
     -0.71000      1.38382      1.38382
     -0.70000      1.07124      1.07124
     -0.69000      1.76920      1.76920
     -0.68000      4.16835      4.16835
     -0.67000      8.22445      8.22445
     -0.66000     10.50755     10.50755
     -0.65000      9.89450      9.89450
     -0.64000      7.33432      7.33432
     -0.63000      3.67392      3.67392
     -0.62000      1.06759      1.06759
     -0.61000      0.16125      0.16125
     -0.60000      0.23314      0.23314
     -0.59000      1.17153      1.17153
     -0.58000      2.39658      2.39658
     -0.57000      2.74223      2.74223
     -0.56000      3.47062      3.47062
     -0.55000      3.75424      3.75424
     -0.54000      2.22326      2.22326
     -0.53000      0.59878      0.59878
     -0.52000      0.06517      0.06517
     -0.51000      0.00270      0.00270
     -0.50000      0.00008      0.00008
     -0.49000      0.00277      0.00277
     -0.48000      0.06906      0.06906
     -0.47000      0.67037      0.67037
     -0.46000      2.70134      2.70134
     -0.45000      5.05339      5.05339
     -0.44000      4.94695      4.94695
     -0.43000      2.58444      2.58444
     -0.42000      0.95157      0.95157
     -0.41000      1.42038      1.42038
     -0.40000      3.14450      3.14450
     -0.39000      4.82426      4.82426
     -0.38000      4.38739      4.38739
     -0.37000      2.10772      2.10772
     -0.36000      0.85854      0.85854
     -0.35000      1.59650      1.59650
     -0.34000      2.40198      2.40198
     -0.33000      2.25891      2.25891
     -0.32000      2.40414      2.40414
     -0.31000      1.60782      1.60782
     -0.30000      0.60249      0.60249
     -0.29000      1.07166      1.07166
     -0.28000      2.18314      2.18314
     -0.27000      1.93348      1.93348
     -0.26000      1.71270      1.71270
     -0.25000      3.37274      3.37274
     -0.24000      5.61342      5.61342
     -0.23000      5.43645      5.43645
     -0.22000      3.93775      3.93775
     -0.21000      2.87141      2.87141
     -0.20000      3.35086      3.35086
     -0.19000      5.76500      5.76500
     -0.18000      6.46331      6.46331
     -0.17000      4.51171      4.51171
     -0.16000      2.44560      2.44560
     -0.15000      2.38774      2.38774
     -0.14000      4.66575      4.66575
     -0.13000      6.12503      6.12503
     -0.12000      5.60155      5.60155
     -0.11000      4.81924      4.81924
     -0.10000      4.09312      4.09312
     -0.09000      4.57930      4.57930
     -0.08000      4.46220      4.46220
     -0.07000      2.27610      2.27610
     -0.06000      1.95380      1.95380
     -0.05000      3.93708      3.93708
     -0.04000      6.45936      6.45936
     -0.03000      7.78794      7.78794
     -0.02000      5.62144      5.62144
     -0.01000      2.67795      2.67795
      0.00000      2.30137      2.30137
      0.01000      1.90346      1.90346
      0.02000      0.88279      0.88279
      0.03000      0.93970      0.93970
      0.04000      1.06542      1.06542
      0.05000      0.48102      0.48102
      0.06000      0.08029      0.08029
      0.07000      0.01129      0.01129
      0.08000      0.09615      0.09615
      0.09000      0.53197      0.53197
      0.10000      1.08928      1.08928
      0.11000      0.93039      0.93039
      0.12000      1.17353      1.17353
      0.13000      3.11861      3.11861
      0.14000      4.61263      4.61263
      0.15000      3.83703      3.83703
      0.16000      3.19802      3.19802
      0.17000      4.32010      4.32010
      0.18000      3.98352      3.98352
      0.19000      3.72630      3.72630
      0.20000      5.49423      5.49423
      0.21000      4.35210      4.35210
      0.22000      1.92987      1.92987
      0.23000      1.32185      1.32185
      0.24000      1.28837      1.28837
      0.25000      2.04569      2.04569
      0.26000      2.40364      2.40364
      0.27000      2.21410      2.21410
      0.28000      2.26458      2.26458
      0.29000      1.42881      1.42881
      0.30000      1.29938      1.29938
      0.31000      3.16715      3.16715
      0.32000      5.20066      5.20066
      0.33000      5.78136      5.78136
      0.34000      4.60980      4.60980
      0.35000      2.63605      2.63605
      0.36000      2.93475      2.93475
      0.37000      6.09769      6.09769
      0.38000      7.60647      7.60647
      0.39000      4.23469      4.23469
      0.40000      0.98217      0.98217
      0.41000      0.28987      0.28987
      0.42000      1.56778      1.56778
      0.43000      4.70908      4.70908
      0.44000      6.17983      6.17983
      0.45000      5.78842      5.78842
      0.46000      6.44236      6.44236
      0.47000      6.46914      6.46914
      0.48000      4.58748      4.58748
      0.49000      3.07103      3.07103
      0.50000      2.27033      2.27033
      0.51000      2.16916      2.16916
      0.52000      3.38313      3.38313
      0.53000      4.64327      4.64327
      0.54000      7.30583      7.30583
      0.55000      8.00098      8.00098
      0.56000      4.25380      4.25380
      0.57000      1.05522      1.05522
      0.58000      0.19058      0.19058
      0.59000      0.71942      0.71942
      0.60000      2.52048      2.52048
      0.61000      3.43645      3.43645
      0.62000      2.46640      2.46640
      0.63000      2.33105      2.33105
      0.64000      2.71635      2.71635
      0.65000      1.88137      1.88137
      0.66000      1.09486      1.09486
      0.67000      2.61649      2.61649
      0.68000      5.27321      5.27321
      0.69000      6.80319      6.80319
      0.70000      7.39422      7.39422
      0.71000      5.51836      5.51836
      0.72000      2.11353      2.11353
      0.73000      0.78230      0.78230
      0.74000      1.07134      1.07134
      0.75000      0.88330      0.88330
      0.76000      0.27347      0.27347
      0.77000      0.05404      0.05404
      0.78000      0.29919      0.29919
      0.79000      1.51730      1.51730
      0.80000      3.41265      3.41265
      0.81000      4.11811      4.11811
      0.82000      3.18358      3.18358
      0.83000      2.31858      2.31858
      0.84000      2.72153      2.72153
      0.85000      3.05846      3.05846
      0.86000      3.05053      3.05053
      0.87000      3.01318      3.01318
      0.88000      3.78076      3.78076
      0.89000      3.76176      3.76176
      0.90000      2.62680      2.62680
      0.91000      2.89555      2.89555
      0.92000      2.96226      2.96226
      0.93000      1.98735      1.98735
      0.94000      2.10328      2.10328
      0.95000      2.13318      2.13318
      0.96000      1.12623      1.12623
      0.97000      1.48920      1.48920
      0.98000      3.38971      3.38971
      0.99000      4.15851      4.15851
      1.00000      3.56647      3.56647
      1.01000      3.20671      3.20671
      1.02000      2.65802      2.65802
      1.03000      2.55184      2.55184
      1.04000      3.42035      3.42035
      1.05000      4.00851      4.00851
      1.06000      3.20005      3.20005
      1.07000      1.81696      1.81696
      1.08000      2.47895      2.47895
      1.09000      4.51420      4.51420
      1.10000      4.33718      4.33718
      1.11000      2.70874      2.70874
      1.12000      2.40520      2.40520
      1.13000      2.23734      2.23734
      1.14000      2.20744      2.20744
      1.15000      3.60770      3.60770
      1.16000      4.27481      4.27481
      1.17000      4.03981      4.03981
      1.18000      2.43668      2.43668
      1.19000      0.90815      0.90815
      1.20000      1.09174      1.09174
      1.21000      2.10240      2.10240
      1.22000      4.12260      4.12260
      1.23000      5.77684      5.77684
      1.24000      4.25228      4.25228
      1.25000      1.71379      1.71379
      1.26000      1.21507      1.21507
      1.27000      2.92594      2.92594
      1.28000      5.13827      5.13827
      1.29000      5.21074      5.21074
      1.30000      4.08955      4.08955
      1.31000      3.51804      3.51804
      1.32000      3.12104      3.12104
      1.33000      2.91844      2.91844
      1.34000      2.48387      2.48387
      1.35000      1.72764      1.72764
      1.36000      1.24740      1.24740
      1.37000      1.99702      1.99702
      1.38000      3.28392      3.28392
      1.39000      2.40722      2.40722
      1.40000      1.66192      1.66192
      1.41000      3.20868      3.20868
      1.42000      4.00213      4.00213
      1.43000      2.90021      2.90021
      1.44000      2.95196      2.95196
      1.45000      3.36977      3.36977
      1.46000      2.84661      2.84661
      1.47000      3.40861      3.40861
      1.48000      3.29666      3.29666
      1.49000      2.68936      2.68936
      1.50000      3.14292      3.14292
      1.51000      3.80799      3.80799
      1.52000      3.71445      3.71445
      1.53000      2.37305      2.37305
      1.54000      1.17297      1.17297
      1.55000      0.34980      0.34980
      1.56000      0.09165      0.09165
      1.57000      0.46665      0.46665
      1.58000      1.65209      1.65209
      1.59000      2.20251      2.20251
      1.60000      1.55161      1.55161
      1.61000      2.38266      2.38266
      1.62000      3.91651      3.91651
      1.63000      4.43837      4.43837
      1.64000      4.73643      4.73643
      1.65000      3.26721      3.26721
      1.66000      2.13166      2.13166
      1.67000      2.50575      2.50575
      1.68000      3.29370      3.29370
      1.69000      4.17809      4.17809
      1.70000      3.51600      3.51600
      1.71000      2.51119      2.51119
      1.72000      4.23277      4.23277
      1.73000      5.99312      5.99312
      1.74000      4.00583      4.00583
      1.75000      1.20779      1.20779
      1.76000      0.73415      0.73415
      1.77000      2.92930      2.92930
      1.78000      5.83382      5.83382
      1.79000      5.01115      5.01115
      1.80000      1.91522      1.91522
      1.81000      0.35950      0.35950
      1.82000      0.48472      0.48472
      1.83000      1.96281      1.96281
      1.84000      3.31330      3.31330
      1.85000      2.93687      2.93687
      1.86000      3.21107      3.21107
      1.87000      3.15697      3.15697
      1.88000      1.34896      1.34896
      1.89000      0.25091      0.25091
      1.90000      0.29251      0.29251
      1.91000      0.89131      0.89131
      1.92000      1.04612      1.04612
      1.93000      0.45299      0.45299
      1.94000      0.10730      0.10730
      1.95000      0.42244      0.42244
      1.96000      1.99904      1.99904
      1.97000      4.42281      4.42281
      1.98000      5.61241      5.61241
      1.99000      4.61072      4.61072
      2.00000      2.71045      2.71045
      2.01000      2.46218      2.46218
      2.02000      3.13789      3.13789
      2.03000      5.17224      5.17224
      2.04000      6.82167      6.82167
      2.05000      4.73860      4.73860
      2.06000      3.61624      3.61624
      2.07000      3.92027      3.92027
      2.08000      2.50790      2.50790
      2.09000      1.13636      1.13636
      2.10000      1.13916      1.13916
      2.11000      0.83215      0.83215
      2.12000      0.23862      0.23862
      2.13000      0.08667      0.08667
      2.14000      0.41742      0.41742
      2.15000      1.05094      1.05094
      2.16000      1.30544      1.30544
      2.17000      2.29739      2.29739
      2.18000      4.14776      4.14776
      2.19000      3.45679      3.45679
      2.20000      1.77158      1.77158
      2.21000      2.08531      2.08531
      2.22000      2.35985      2.35985
      2.23000      2.23392      2.23392
      2.24000      2.35670      2.35670
      2.25000      1.56276      1.56276
      2.26000      1.35302      1.35302
      2.27000      1.98724      1.98724
      2.28000      2.54992      2.54992
      2.29000      2.22261      2.22261
      2.30000      2.82071      2.82071
      2.31000      4.59412      4.59412
      2.32000      3.81719      3.81719
      2.33000      3.36221      3.36221
      2.34000      5.59898      5.59898
      2.35000      5.75573      5.75573
      2.36000      3.45064      3.45064
      2.37000      2.97696      2.97696
      2.38000      3.53333      3.53333
      2.39000      4.85904      4.85904
      2.40000      6.21471      6.21471
      2.41000      4.39016      4.39016
      2.42000      1.86245      1.86245
      2.43000      0.73920      0.73920
      2.44000      1.22484      1.22484
      2.45000      2.20051      2.20051
      2.46000      1.59227      1.59227
      2.47000      0.79627      0.79627
      2.48000      1.18795      1.18795
      2.49000      1.62834      1.62834
      2.50000      1.58659      1.58659
      2.51000      1.77912      1.77912
      2.52000      3.03508      3.03508
      2.53000      2.95167      2.95167
      2.54000      1.12801      1.12801
