Energy-E_F (eV)    DOS (1/eV)    PDOS (1/eV)  of atom type Bi 
     -4.99000      0.00000      0.00000
     -4.98000      0.00000      0.00000
     -4.97000      0.00000      0.00000
     -4.96000      0.00000      0.00000
     -4.95000      0.00000      0.00000
     -4.94000      0.00000      0.00000
     -4.93000      0.00000      0.00000
     -4.92000      0.00000      0.00000
     -4.91000      0.00000      0.00000
     -4.90000      0.00000      0.00000
     -4.89000      0.00000      0.00000
     -4.88000      0.00000      0.00000
     -4.87000      0.00000      0.00000
     -4.86000      0.00000      0.00000
     -4.85000      0.00000      0.00000
     -4.84000      0.00000      0.00000
     -4.83000      0.00000      0.00000
     -4.82000      0.00000      0.00000
     -4.81000      0.00000      0.00000
     -4.80000      0.00000      0.00000
     -4.79000      0.00000      0.00000
     -4.78000      0.00000      0.00000
     -4.77000      0.00000      0.00000
     -4.76000      0.00000      0.00000
     -4.75000      0.00000      0.00000
     -4.74000      0.00000      0.00000
     -4.73000      0.00000      0.00000
     -4.72000      0.00000      0.00000
     -4.71000      0.00000      0.00000
     -4.70000      0.00000      0.00000
     -4.69000      0.00000      0.00000
     -4.68000      0.00000      0.00000
     -4.67000      0.00000      0.00000
     -4.66000      0.00000      0.00000
     -4.65000      0.00000      0.00000
     -4.64000      0.00000      0.00000
     -4.63000      0.00000      0.00000
     -4.62000      0.00000      0.00000
     -4.61000      0.00000      0.00000
     -4.60000      0.00000      0.00000
     -4.59000      0.00000      0.00000
     -4.58000      0.00000      0.00000
     -4.57000      0.00000      0.00000
     -4.56000      0.00000      0.00000
     -4.55000      0.00000      0.00000
     -4.54000      0.00000      0.00000
     -4.53000      0.00000      0.00000
     -4.52000      0.00000      0.00000
     -4.51000      0.00000      0.00000
     -4.50000      0.00000      0.00000
     -4.49000      0.00000      0.00000
     -4.48000      0.00018      0.00018
     -4.47000      0.00629      0.00629
     -4.46000      0.08107      0.08107
     -4.45000      0.40117      0.40117
     -4.44000      0.84761      0.84761
     -4.43000      1.08059      1.08059
     -4.42000      1.33833      1.33833
     -4.41000      1.54913      1.54913
     -4.40000      1.51540      1.51540
     -4.39000      1.09798      1.09798
     -4.38000      0.54964      0.54964
     -4.37000      0.38673      0.38673
     -4.36000      0.85714      0.85714
     -4.35000      1.71475      1.71475
     -4.34000      2.26295      2.26295
     -4.33000      1.63891      1.63891
     -4.32000      1.23358      1.23358
     -4.31000      1.78018      1.78018
     -4.30000      1.54749      1.54749
     -4.29000      1.17339      1.17339
     -4.28000      1.85231      1.85231
     -4.27000      1.89783      1.89783
     -4.26000      0.81879      0.81879
     -4.25000      0.14799      0.14799
     -4.24000      0.10344      0.10344
     -4.23000      0.48546      0.48546
     -4.22000      1.28126      1.28126
     -4.21000      2.29543      2.29543
     -4.20000      2.99872      2.99872
     -4.19000      3.03218      3.03218
     -4.18000      2.75784      2.75784
     -4.17000      2.90766      2.90766
     -4.16000      3.15540      3.15540
     -4.15000      2.51984      2.51984
     -4.14000      1.88677      1.88677
     -4.13000      1.75946      1.75946
     -4.12000      2.47806      2.47806
     -4.11000      2.50493      2.50493
     -4.10000      1.72829      1.72829
     -4.09000      1.82474      1.82474
     -4.08000      2.00633      2.00633
     -4.07000      2.01479      2.01479
     -4.06000      2.90911      2.90911
     -4.05000      3.82052      3.82052
     -4.04000      2.72545      2.72545
     -4.03000      1.53503      1.53503
     -4.02000      1.43644      1.43644
     -4.01000      1.79467      1.79467
     -4.00000      2.63681      2.63681
     -3.99000      3.16854      3.16854
     -3.98000      3.23745      3.23745
     -3.97000      3.38294      3.38294
     -3.96000      3.60324      3.60324
     -3.95000      3.11743      3.11743
     -3.94000      2.36651      2.36651
     -3.93000      2.22873      2.22873
     -3.92000      2.62793      2.62793
     -3.91000      2.75590      2.75590
     -3.90000      2.33887      2.33887
     -3.89000      2.26512      2.26512
     -3.88000      3.02626      3.02626
     -3.87000      3.30191      3.30191
     -3.86000      2.20609      2.20609
     -3.85000      1.70100      1.70100
     -3.84000      2.39577      2.39577
     -3.83000      3.15391      3.15391
     -3.82000      3.81917      3.81917
     -3.81000      3.87127      3.87127
     -3.80000      3.27443      3.27443
     -3.79000      2.95868      2.95868
     -3.78000      2.76524      2.76524
     -3.77000      2.60284      2.60284
     -3.76000      2.57922      2.57922
     -3.75000      2.23117      2.23117
     -3.74000      1.65222      1.65222
     -3.73000      1.62585      1.62585
     -3.72000      1.97064      1.97064
     -3.71000      2.39980      2.39980
     -3.70000      2.51047      2.51047
     -3.69000      2.70470      2.70470
     -3.68000      3.61651      3.61651
     -3.67000      3.83813      3.83813
     -3.66000      3.19435      3.19435
     -3.65000      2.78765      2.78765
     -3.64000      2.21995      2.21995
     -3.63000      2.21677      2.21677
     -3.62000      2.28412      2.28412
     -3.61000      2.28365      2.28365
     -3.60000      3.55863      3.55863
     -3.59000      4.22991      4.22991
     -3.58000      3.57896      3.57896
     -3.57000      3.20895      3.20895
     -3.56000      2.99608      2.99608
     -3.55000      3.06215      3.06215
     -3.54000      3.89018      3.89018
     -3.53000      4.19492      4.19492
     -3.52000      4.10686      4.10686
     -3.51000      5.04864      5.04864
     -3.50000      4.82877      4.82877
     -3.49000      3.93892      3.93892
     -3.48000      3.42904      3.42904
     -3.47000      2.42089      2.42089
     -3.46000      2.14441      2.14441
     -3.45000      3.09809      3.09809
     -3.44000      4.14333      4.14333
     -3.43000      4.64957      4.64957
     -3.42000      4.39648      4.39648
     -3.41000      3.60163      3.60163
     -3.40000      2.98064      2.98064
     -3.39000      2.57892      2.57892
     -3.38000      2.66824      2.66824
     -3.37000      3.17497      3.17497
     -3.36000      3.12106      3.12106
     -3.35000      1.97413      1.97413
     -3.34000      1.25979      1.25979
     -3.33000      2.11492      2.11492
     -3.32000      3.75592      3.75592
     -3.31000      4.56859      4.56859
     -3.30000      4.60396      4.60396
     -3.29000      3.93725      3.93725
     -3.28000      3.99424      3.99424
     -3.27000      5.28418      5.28418
     -3.26000      5.50654      5.50654
     -3.25000      4.73302      4.73302
     -3.24000      3.93750      3.93750
     -3.23000      3.96137      3.96137
     -3.22000      3.77424      3.77424
     -3.21000      3.35578      3.35578
     -3.20000      3.52041      3.52041
     -3.19000      3.31266      3.31266
     -3.18000      2.48509      2.48509
     -3.17000      1.54952      1.54952
     -3.16000      1.52855      1.52855
     -3.15000      2.87137      2.87137
     -3.14000      4.10947      4.10947
     -3.13000      4.34319      4.34319
     -3.12000      3.47563      3.47563
     -3.11000      2.78334      2.78334
     -3.10000      3.27884      3.27884
     -3.09000      4.04184      4.04184
     -3.08000      4.77472      4.77472
     -3.07000      5.31189      5.31189
     -3.06000      4.77610      4.77610
     -3.05000      3.57037      3.57037
     -3.04000      2.53278      2.53278
     -3.03000      1.93817      1.93817
     -3.02000      1.93493      1.93493
     -3.01000      2.62317      2.62317
     -3.00000      3.54782      3.54782
     -2.99000      4.01824      4.01824
     -2.98000      3.50102      3.50102
     -2.97000      3.89973      3.89973
     -2.96000      5.74546      5.74546
     -2.95000      6.35338      6.35338
     -2.94000      5.26519      5.26519
     -2.93000      3.88635      3.88635
     -2.92000      3.94483      3.94483
     -2.91000      4.84411      4.84411
     -2.90000      5.30503      5.30503
     -2.89000      5.44422      5.44422
     -2.88000      6.36724      6.36724
     -2.87000      6.67657      6.67657
     -2.86000      6.12607      6.12607
     -2.85000      6.35150      6.35150
     -2.84000      6.08131      6.08131
     -2.83000      5.45924      5.45924
     -2.82000      5.14807      5.14807
     -2.81000      6.45437      6.45437
     -2.80000      7.82724      7.82724
     -2.79000      7.94488      7.94488
     -2.78000      6.70786      6.70786
     -2.77000      4.79605      4.79605
     -2.76000      4.62334      4.62334
     -2.75000      5.25830      5.25830
     -2.74000      4.21783      4.21783
     -2.73000      3.90346      3.90346
     -2.72000      4.76914      4.76914
     -2.71000      5.03898      5.03898
     -2.70000      5.16617      5.16617
     -2.69000      6.71168      6.71168
     -2.68000      8.22462      8.22462
     -2.67000      7.17664      7.17664
     -2.66000      5.86848      5.86848
     -2.65000      6.68520      6.68520
     -2.64000      7.25744      7.25744
     -2.63000      5.98401      5.98401
     -2.62000      4.83252      4.83252
     -2.61000      5.00414      5.00414
     -2.60000      5.41941      5.41941
     -2.59000      5.38377      5.38377
     -2.58000      4.58730      4.58730
     -2.57000      4.06843      4.06843
     -2.56000      4.40386      4.40386
     -2.55000      5.29822      5.29822
     -2.54000      6.31470      6.31470
     -2.53000      6.69830      6.69830
     -2.52000      6.26360      6.26360
     -2.51000      5.65657      5.65657
     -2.50000      4.15750      4.15750
     -2.49000      3.12656      3.12656
     -2.48000      3.79980      3.79980
     -2.47000      4.34412      4.34412
     -2.46000      4.73727      4.73727
     -2.45000      6.03064      6.03064
     -2.44000      6.97405      6.97405
     -2.43000      6.97021      6.97021
     -2.42000      6.08527      6.08527
     -2.41000      4.47943      4.47943
     -2.40000      3.68042      3.68042
     -2.39000      3.77315      3.77315
     -2.38000      4.21237      4.21237
     -2.37000      4.56610      4.56610
     -2.36000      5.15824      5.15824
     -2.35000      5.99928      5.99928
     -2.34000      7.25144      7.25144
     -2.33000      8.48750      8.48750
     -2.32000      7.34815      7.34815
     -2.31000      4.50742      4.50742
     -2.30000      3.76488      3.76488
     -2.29000      5.62463      5.62463
     -2.28000      7.08202      7.08202
     -2.27000      6.93415      6.93415
     -2.26000      6.84539      6.84539
     -2.25000      6.27696      6.27696
     -2.24000      4.63338      4.63338
     -2.23000      3.37109      3.37109
     -2.22000      3.08332      3.08332
     -2.21000      3.79359      3.79359
     -2.20000      4.77233      4.77233
     -2.19000      5.21279      5.21279
     -2.18000      5.32172      5.32172
     -2.17000      5.26803      5.26803
     -2.16000      4.48595      4.48595
     -2.15000      4.94734      4.94734
     -2.14000      7.78422      7.78422
     -2.13000      9.56072      9.56072
     -2.12000      9.64143      9.64143
     -2.11000      8.40331      8.40331
     -2.10000      5.16137      5.16137
     -2.09000      3.42546      3.42546
     -2.08000      4.37937      4.37937
     -2.07000      5.65246      5.65246
     -2.06000      5.74848      5.74848
     -2.05000      5.35280      5.35280
     -2.04000      4.81207      4.81207
     -2.03000      4.42415      4.42415
     -2.02000      3.90985      3.90985
     -2.01000      3.53528      3.53528
     -2.00000      3.69679      3.69679
     -1.99000      4.36677      4.36677
     -1.98000      4.95984      4.95984
     -1.97000      4.37884      4.37884
     -1.96000      3.20672      3.20672
     -1.95000      1.99651      1.99651
     -1.94000      2.04547      2.04547
     -1.93000      4.03248      4.03248
     -1.92000      7.13603      7.13603
     -1.91000      8.28236      8.28236
     -1.90000      7.27002      7.27002
     -1.89000      6.36612      6.36612
     -1.88000      5.80105      5.80105
     -1.87000      5.25333      5.25333
     -1.86000      4.99395      4.99395
     -1.85000      5.26012      5.26012
     -1.84000      6.32450      6.32450
     -1.83000      6.67674      6.67674
     -1.82000      5.47616      5.47616
     -1.81000      3.80567      3.80567
     -1.80000      3.29276      3.29276
     -1.79000      4.08828      4.08828
     -1.78000      5.55527      5.55527
     -1.77000      5.68941      5.68941
     -1.76000      4.69755      4.69755
     -1.75000      5.11106      5.11106
     -1.74000      5.63871      5.63871
     -1.73000      5.71065      5.71065
     -1.72000      6.36846      6.36846
     -1.71000      6.59781      6.59781
     -1.70000      6.32549      6.32549
     -1.69000      6.02905      6.02905
     -1.68000      6.19651      6.19651
     -1.67000      6.89127      6.89127
     -1.66000      6.75291      6.75291
     -1.65000      5.75749      5.75749
     -1.64000      5.06304      5.06304
     -1.63000      5.02684      5.02684
     -1.62000      6.01392      6.01392
     -1.61000      6.94693      6.94693
     -1.60000      6.47735      6.47735
     -1.59000      6.15708      6.15708
     -1.58000      6.55533      6.55533
     -1.57000      7.15294      7.15294
     -1.56000      7.57583      7.57583
     -1.55000      7.55511      7.55511
     -1.54000      7.63064      7.63064
     -1.53000      6.84182      6.84182
     -1.52000      5.24573      5.24573
     -1.51000      4.02332      4.02332
     -1.50000      3.86939      3.86939
     -1.49000      4.80844      4.80844
     -1.48000      5.76313      5.76313
     -1.47000      5.79924      5.79924
     -1.46000      4.58130      4.58130
     -1.45000      3.70882      3.70882
     -1.44000      3.71304      3.71304
     -1.43000      4.21753      4.21753
     -1.42000      5.43105      5.43105
     -1.41000      5.97728      5.97728
     -1.40000      5.79082      5.79082
     -1.39000      6.44178      6.44178
     -1.38000      6.29598      6.29598
     -1.37000      5.35828      5.35828
     -1.36000      5.20161      5.20161
     -1.35000      6.59157      6.59157
     -1.34000      8.13836      8.13836
     -1.33000      6.90713      6.90713
     -1.32000      5.86731      5.86731
     -1.31000      6.25578      6.25578
     -1.30000      6.10579      6.10579
     -1.29000      5.51109      5.51109
     -1.28000      5.07923      5.07923
     -1.27000      5.59537      5.59537
     -1.26000      6.80264      6.80264
     -1.25000      6.80701      6.80701
     -1.24000      4.71129      4.71129
     -1.23000      3.62589      3.62589
     -1.22000      5.61801      5.61801
     -1.21000      7.56296      7.56296
     -1.20000      6.87587      6.87587
     -1.19000      5.68236      5.68236
     -1.18000      6.03229      6.03229
     -1.17000      5.90872      5.90872
     -1.16000      5.13996      5.13996
     -1.15000      5.27882      5.27882
     -1.14000      6.39344      6.39344
     -1.13000      6.33519      6.33519
     -1.12000      5.19118      5.19118
     -1.11000      5.48985      5.48985
     -1.10000      5.78712      5.78712
     -1.09000      5.55473      5.55473
     -1.08000      5.33686      5.33686
     -1.07000      4.96886      4.96886
     -1.06000      5.41701      5.41701
     -1.05000      6.04080      6.04080
     -1.04000      5.47764      5.47764
     -1.03000      4.25651      4.25651
     -1.02000      3.31801      3.31801
     -1.01000      3.37786      3.37786
     -1.00000      3.38524      3.38524
     -0.99000      3.44089      3.44089
     -0.98000      4.13937      4.13937
     -0.97000      5.70674      5.70674
     -0.96000      5.95319      5.95319
     -0.95000      4.77365      4.77365
     -0.94000      4.13764      4.13764
     -0.93000      4.04018      4.04018
     -0.92000      4.06419      4.06419
     -0.91000      3.59647      3.59647
     -0.90000      4.45794      4.45794
     -0.89000      5.53305      5.53305
     -0.88000      4.04687      4.04687
     -0.87000      2.44987      2.44987
     -0.86000      2.31354      2.31354
     -0.85000      2.12938      2.12938
     -0.84000      2.24479      2.24479
     -0.83000      3.32186      3.32186
     -0.82000      3.84149      3.84149
     -0.81000      3.72289      3.72289
     -0.80000      5.21374      5.21374
     -0.79000      7.00302      7.00302
     -0.78000      5.76666      5.76666
     -0.77000      4.24256      4.24256
     -0.76000      4.84077      4.84077
     -0.75000      5.77013      5.77013
     -0.74000      6.33133      6.33133
     -0.73000      6.75051      6.75051
     -0.72000      5.28177      5.28177
     -0.71000      3.05568      3.05568
     -0.70000      2.59600      2.59600
     -0.69000      3.38901      3.38901
     -0.68000      3.65167      3.65167
     -0.67000      2.90721      2.90721
     -0.66000      2.16854      2.16854
     -0.65000      1.65316      1.65316
     -0.64000      1.82543      1.82543
     -0.63000      2.72659      2.72659
     -0.62000      3.40607      3.40607
     -0.61000      3.54521      3.54521
     -0.60000      3.41637      3.41637
     -0.59000      3.75193      3.75193
     -0.58000      4.83691      4.83691
     -0.57000      4.96517      4.96517
     -0.56000      4.11482      4.11482
     -0.55000      3.85898      3.85898
     -0.54000      4.88750      4.88750
     -0.53000      5.68422      5.68422
     -0.52000      5.09517      5.09517
     -0.51000      2.99780      2.99780
     -0.50000      1.44801      1.44801
     -0.49000      1.36278      1.36278
     -0.48000      2.27683      2.27683
     -0.47000      2.94822      2.94822
     -0.46000      2.50062      2.50062
     -0.45000      1.84933      1.84933
     -0.44000      1.58615      1.58615
     -0.43000      1.43804      1.43804
     -0.42000      1.44100      1.44100
     -0.41000      1.73951      1.73951
     -0.40000      2.04131      2.04131
     -0.39000      2.28148      2.28148
     -0.38000      2.33533      2.33533
     -0.37000      2.01004      2.01004
     -0.36000      1.89905      1.89905
     -0.35000      2.04402      2.04402
     -0.34000      2.90326      2.90326
     -0.33000      3.41934      3.41934
     -0.32000      2.98605      2.98605
     -0.31000      2.39752      2.39752
     -0.30000      1.53071      1.53071
     -0.29000      1.86552      1.86552
     -0.28000      2.71342      2.71342
     -0.27000      2.07212      2.07212
     -0.26000      0.73772      0.73772
     -0.25000      0.28109      0.28109
     -0.24000      0.98761      0.98761
     -0.23000      2.49240      2.49240
     -0.22000      3.11745      3.11745
     -0.21000      2.37277      2.37277
     -0.20000      1.87462      1.87462
     -0.19000      1.56440      1.56440
     -0.18000      1.17856      1.17856
     -0.17000      1.79603      1.79603
     -0.16000      3.19438      3.19438
     -0.15000      3.75362      3.75362
     -0.14000      2.69376      2.69376
     -0.13000      1.83715      1.83715
     -0.12000      2.08766      2.08766
     -0.11000      2.57065      2.57065
     -0.10000      3.20446      3.20446
     -0.09000      2.99441      2.99441
     -0.08000      1.63686      1.63686
     -0.07000      0.83344      0.83344
     -0.06000      0.77065      0.77065
     -0.05000      0.91224      0.91224
     -0.04000      1.41887      1.41887
     -0.03000      1.48470      1.48470
     -0.02000      0.93303      0.93303
     -0.01000      0.63474      0.63474
      0.00000      0.65988      0.65988
      0.01000      0.38355      0.38355
      0.02000      0.12520      0.12520
      0.03000      0.19282      0.19282
      0.04000      0.31184      0.31184
      0.05000      0.19219      0.19219
      0.06000      0.04360      0.04360
      0.07000      0.00364      0.00364
      0.08000      0.00011      0.00011
      0.09000      0.00000      0.00000
      0.10000      0.00000      0.00000
      0.11000      0.00000      0.00000
      0.12000      0.00000      0.00000
      0.13000      0.00000      0.00000
      0.14000      0.00002      0.00002
      0.15000      0.00123      0.00123
      0.16000      0.02539      0.02539
      0.17000      0.19343      0.19343
      0.18000      0.54506      0.54506
      0.19000      0.60024      0.60024
      0.20000      0.40034      0.40034
      0.21000      0.34125      0.34125
      0.22000      0.19360      0.19360
      0.23000      0.08702      0.08702
      0.24000      0.28303      0.28303
      0.25000      0.75153      0.75153
      0.26000      1.31388      1.31388
      0.27000      1.95044      1.95044
      0.28000      2.01498      2.01498
      0.29000      2.29417      2.29417
      0.30000      3.19210      3.19210
      0.31000      3.37017      3.37017
      0.32000      2.67051      2.67051
      0.33000      2.13796      2.13796
      0.34000      2.15698      2.15698
      0.35000      2.49065      2.49065
      0.36000      2.52651      2.52651
      0.37000      2.06746      2.06746
      0.38000      1.55044      1.55044
      0.39000      1.19395      1.19395
      0.40000      1.38232      1.38232
      0.41000      2.67945      2.67945
      0.42000      4.16012      4.16012
      0.43000      3.87352      3.87352
      0.44000      2.31850      2.31850
      0.45000      1.61168      1.61168
      0.46000      1.67485      1.67485
      0.47000      2.09494      2.09494
      0.48000      3.44268      3.44268
      0.49000      4.18676      4.18676
      0.50000      3.78376      3.78376
      0.51000      3.49494      3.49494
      0.52000      3.32521      3.32521
      0.53000      2.87986      2.87986
      0.54000      2.89429      2.89429
      0.55000      2.81279      2.81279
      0.56000      2.36499      2.36499
      0.57000      2.24342      2.24342
      0.58000      2.87661      2.87661
      0.59000      3.82406      3.82406
      0.60000      4.39325      4.39325
      0.61000      3.69816      3.69816
      0.62000      2.94203      2.94203
      0.63000      2.98538      2.98538
      0.64000      3.11162      3.11162
      0.65000      3.94216      3.94216
      0.66000      4.92499      4.92499
      0.67000      5.15368      5.15368
      0.68000      5.85661      5.85661
      0.69000      6.83361      6.83361
      0.70000      6.64093      6.64093
      0.71000      5.58928      5.58928
      0.72000      5.68246      5.68246
      0.73000      5.71852      5.71852
      0.74000      4.24641      4.24641
      0.75000      3.37587      3.37587
      0.76000      4.07171      4.07171
      0.77000      4.63399      4.63399
      0.78000      4.26838      4.26838
      0.79000      5.26938      5.26938
      0.80000      6.76143      6.76143
      0.81000      6.23119      6.23119
      0.82000      4.94037      4.94037
      0.83000      4.27529      4.27529
      0.84000      3.72478      3.72478
      0.85000      2.92519      2.92519
      0.86000      2.63263      2.63263
      0.87000      3.35873      3.35873
      0.88000      3.91084      3.91084
      0.89000      3.60656      3.60656
      0.90000      3.98307      3.98307
      0.91000      4.84093      4.84093
      0.92000      4.86873      4.86873
      0.93000      4.79408      4.79408
      0.94000      4.57787      4.57787
      0.95000      3.86449      3.86449
      0.96000      3.54378      3.54378
      0.97000      3.01123      3.01123
      0.98000      2.13403      2.13403
      0.99000      1.59295      1.59295
      1.00000      1.66965      1.66965
      1.01000      2.69182      2.69182
      1.02000      4.03961      4.03961
      1.03000      4.52643      4.52643
      1.04000      4.14123      4.14123
      1.05000      3.00817      3.00817
      1.06000      2.87300      2.87300
      1.07000      4.33337      4.33337
      1.08000      5.05858      5.05858
      1.09000      5.04622      5.04622
      1.10000      6.30821      6.30821
      1.11000      7.65019      7.65019
      1.12000      6.30146      6.30146
      1.13000      3.95347      3.95347
      1.14000      2.79840      2.79840
      1.15000      3.18150      3.18150
      1.16000      4.41163      4.41163
      1.17000      5.23959      5.23959
      1.18000      3.89795      3.89795
      1.19000      2.40756      2.40756
      1.20000      2.34286      2.34286
      1.21000      2.44051      2.44051
      1.22000      2.75151      2.75151
      1.23000      3.52924      3.52924
      1.24000      4.37962      4.37962
      1.25000      4.13412      4.13412
      1.26000      2.91706      2.91706
      1.27000      3.03159      3.03159
      1.28000      3.87851      3.87851
      1.29000      3.47815      3.47815
      1.30000      2.53825      2.53825
      1.31000      2.24860      2.24860
      1.32000      2.33705      2.33705
      1.33000      2.32031      2.32031
      1.34000      2.59800      2.59800
      1.35000      3.52552      3.52552
      1.36000      3.84080      3.84080
      1.37000      2.63120      2.63120
      1.38000      2.30665      2.30665
      1.39000      3.18925      3.18925
      1.40000      3.43086      3.43086
      1.41000      3.50918      3.50918
      1.42000      3.52584      3.52584
      1.43000      4.55566      4.55566
      1.44000      5.47252      5.47252
      1.45000      4.31511      4.31511
      1.46000      4.08145      4.08145
      1.47000      5.45246      5.45246
      1.48000      6.31414      6.31414
      1.49000      6.18203      6.18203
      1.50000      5.01082      5.01082
      1.51000      3.45401      3.45401
      1.52000      2.13370      2.13370
      1.53000      1.32146      1.32146
      1.54000      1.86750      1.86750
      1.55000      3.91241      3.91241
      1.56000      5.99290      5.99290
      1.57000      6.36186      6.36186
      1.58000      5.56745      5.56745
      1.59000      5.04247      5.04247
      1.60000      5.84985      5.84985
      1.61000      6.13978      6.13978
      1.62000      4.59989      4.59989
      1.63000      3.17825      3.17825
      1.64000      2.04093      2.04093
      1.65000      1.82319      1.82319
      1.66000      3.18351      3.18351
      1.67000      3.97266      3.97266
      1.68000      3.42708      3.42708
      1.69000      3.43534      3.43534
      1.70000      4.73066      4.73066
      1.71000      5.06997      5.06997
      1.72000      4.04883      4.04883
      1.73000      3.92772      3.92772
      1.74000      4.02394      4.02394
      1.75000      2.64571      2.64571
      1.76000      2.46456      2.46456
      1.77000      3.95640      3.95640
      1.78000      4.58870      4.58870
      1.79000      4.11276      4.11276
      1.80000      4.11863      4.11863
      1.81000      4.63449      4.63449
      1.82000      4.75833      4.75833
      1.83000      5.10780      5.10780
      1.84000      4.62256      4.62256
      1.85000      3.75055      3.75055
      1.86000      3.81307      3.81307
      1.87000      4.79459      4.79459
      1.88000      5.08253      5.08253
      1.89000      3.22887      3.22887
      1.90000      1.63014      1.63014
      1.91000      1.91122      1.91122
      1.92000      2.37279      2.37279
      1.93000      2.26218      2.26218
      1.94000      2.75604      2.75604
      1.95000      3.83294      3.83294
      1.96000      4.46269      4.46269
      1.97000      4.94848      4.94848
      1.98000      6.03985      6.03985
      1.99000      5.62749      5.62749
      2.00000      4.59641      4.59641
      2.01000      4.13003      4.13003
      2.02000      3.46632      3.46632
      2.03000      3.52475      3.52475
      2.04000      3.88702      3.88702
      2.05000      3.62855      3.62855
      2.06000      3.03834      3.03834
      2.07000      2.61230      2.61230
      2.08000      2.89606      2.89606
      2.09000      3.07980      3.07980
      2.10000      2.94125      2.94125
      2.11000      3.14731      3.14731
      2.12000      4.01399      4.01399
      2.13000      4.59406      4.59406
      2.14000      4.09820      4.09820
      2.15000      3.67137      3.67137
      2.16000      3.86817      3.86817
      2.17000      4.83525      4.83525
      2.18000      5.05076      5.05076
      2.19000      4.12369      4.12369
      2.20000      2.83366      2.83366
      2.21000      1.86405      1.86405
      2.22000      1.87710      1.87710
      2.23000      3.40449      3.40449
      2.24000      5.09704      5.09704
      2.25000      5.56023      5.56023
      2.26000      5.41907      5.41907
      2.27000      4.98817      4.98817
      2.28000      3.95338      3.95338
      2.29000      3.47718      3.47718
      2.30000      3.78705      3.78705
      2.31000      3.44808      3.44808
      2.32000      2.88277      2.88277
      2.33000      3.82226      3.82226
      2.34000      5.26282      5.26282
      2.35000      4.48026      4.48026
      2.36000      3.76827      3.76827
      2.37000      4.50692      4.50692
      2.38000      4.46153      4.46153
      2.39000      3.52663      3.52663
      2.40000      3.38197      3.38197
      2.41000      3.91356      3.91356
      2.42000      5.43379      5.43379
      2.43000      7.29138      7.29138
      2.44000      6.38122      6.38122
      2.45000      3.11262      3.11262
      2.46000      1.05591      1.05591
      2.47000      0.94110      0.94110
      2.48000      1.32183      1.32183
      2.49000      1.88944      1.88944
      2.50000      2.56790      2.56790
      2.51000      2.83649      2.83649
      2.52000      2.64304      2.64304
      2.53000      2.40871      2.40871
      2.54000      2.35883      2.35883
      2.55000      2.50123      2.50123
      2.56000      3.19430      3.19430
      2.57000      4.33504      4.33504
      2.58000      5.12699      5.12699
      2.59000      5.00658      5.00658
      2.60000      4.32621      4.32621
      2.61000      3.96442      3.96442
      2.62000      3.49610      3.49610
      2.63000      2.76834      2.76834
      2.64000      3.00375      3.00375
      2.65000      3.15071      3.15071
      2.66000      3.70029      3.70029
      2.67000      5.00686      5.00686
      2.68000      5.55143      5.55143
      2.69000      4.86392      4.86392
      2.70000      3.37300      3.37300
      2.71000      2.48068      2.48068
      2.72000      3.72191      3.72191
      2.73000      4.53430      4.53430
      2.74000      3.16440      3.16440
      2.75000      2.12119      2.12119
      2.76000      1.96096      1.96096
      2.77000      2.08223      2.08223
      2.78000      3.16620      3.16620
      2.79000      4.39953      4.39953
      2.80000      3.80354      3.80354
      2.81000      2.89706      2.89706
      2.82000      3.70633      3.70633
      2.83000      4.66263      4.66263
      2.84000      4.08441      4.08441
      2.85000      3.84627      3.84627
      2.86000      4.28190      4.28190
      2.87000      4.32640      4.32640
      2.88000      4.19063      4.19063
      2.89000      5.08406      5.08406
      2.90000      7.12738      7.12738
      2.91000      7.51787      7.51787
      2.92000      5.93517      5.93517
      2.93000      5.78866      5.78866
      2.94000      7.23783      7.23783
      2.95000      7.48461      7.48461
      2.96000      6.86662      6.86662
      2.97000      6.12066      6.12066
      2.98000      4.53299      4.53299
      2.99000      3.79880      3.79880
      3.00000      4.93574      4.93574
      3.01000      6.64752      6.64752
      3.02000      7.61101      7.61101
      3.03000      7.34699      7.34699
      3.04000      8.47301      8.47301
      3.05000     10.41392     10.41392
      3.06000      9.64866      9.64866
      3.07000      7.61032      7.61032
      3.08000      6.73821      6.73821
      3.09000      6.83759      6.83759
      3.10000      6.09095      6.09095
      3.11000      4.58635      4.58635
      3.12000      3.77791      3.77791
      3.13000      3.19132      3.19132
      3.14000      2.66274      2.66274
      3.15000      2.49366      2.49366
      3.16000      3.28014      3.28014
      3.17000      4.90743      4.90743
      3.18000      5.14690      5.14690
      3.19000      4.33324      4.33324
      3.20000      3.72744      3.72744
      3.21000      3.08089      3.08089
      3.22000      2.92095      2.92095
      3.23000      3.95149      3.95149
      3.24000      4.79887      4.79887
      3.25000      4.06973      4.06973
      3.26000      3.23849      3.23849
      3.27000      2.78001      2.78001
      3.28000      3.00639      3.00639
      3.29000      4.73620      4.73620
      3.30000      5.36537      5.36537
      3.31000      4.72267      4.72267
      3.32000      3.54417      3.54417
      3.33000      2.29766      2.29766
      3.34000      3.24054      3.24054
      3.35000      5.72715      5.72715
      3.36000      5.86954      5.86954
      3.37000      4.07600      4.07600
      3.38000      2.45291      2.45291
      3.39000      1.26890      1.26890
      3.40000      0.69098      0.69098
      3.41000      0.78438      0.78438
      3.42000      1.18226      1.18226
      3.43000      1.49302      1.49302
      3.44000      2.09023      2.09023
      3.45000      3.21531      3.21531
      3.46000      4.23072      4.23072
      3.47000      4.52056      4.52056
      3.48000      3.78685      3.78685
      3.49000      2.90032      2.90032
      3.50000      3.77479      3.77479
      3.51000      4.70079      4.70079
      3.52000      3.88832      3.88832
      3.53000      3.33545      3.33545
      3.54000      3.58176      3.58176
      3.55000      3.59309      3.59309
      3.56000      4.18782      4.18782
      3.57000      4.75837      4.75837
      3.58000      5.44921      5.44921
      3.59000      6.24314      6.24314
      3.60000      5.49240      5.49240
      3.61000      4.70590      4.70590
      3.62000      4.66672      4.66672
      3.63000      3.98285      3.98285
      3.64000      3.39119      3.39119
      3.65000      3.39055      3.39055
      3.66000      3.37317      3.37317
      3.67000      2.82001      2.82001
      3.68000      2.48454      2.48454
      3.69000      2.60723      2.60723
      3.70000      2.21694      2.21694
      3.71000      1.75101      1.75101
      3.72000      2.62081      2.62081
      3.73000      4.38019      4.38019
      3.74000      5.11028      5.11028
      3.75000      3.84607      3.84607
      3.76000      2.56094      2.56094
      3.77000      2.47003      2.47003
      3.78000      2.49697      2.49697
      3.79000      3.18035      3.18035
      3.80000      3.61391      3.61391
      3.81000      3.04309      3.04309
      3.82000      2.76764      2.76764
      3.83000      3.25703      3.25703
      3.84000      4.41593      4.41593
      3.85000      5.08904      5.08904
      3.86000      4.23262      4.23262
      3.87000      3.35011      3.35011
      3.88000      3.77379      3.77379
      3.89000      4.44077      4.44077
      3.90000      5.06974      5.06974
      3.91000      5.65089      5.65089
      3.92000      4.39518      4.39518
      3.93000      2.58304      2.58304
      3.94000      2.05586      2.05586
      3.95000      1.85347      1.85347
      3.96000      1.54347      1.54347
      3.97000      1.39528      1.39528
      3.98000      2.12757      2.12757
      3.99000      3.92385      3.92385
      4.00000      4.61233      4.61233
      4.01000      4.06518      4.06518
      4.02000      3.56065      3.56065
      4.03000      2.93249      2.93249
      4.04000      3.35280      3.35280
      4.05000      4.18535      4.18535
      4.06000      4.52852      4.52852
      4.07000      4.83140      4.83140
      4.08000      4.52988      4.52988
      4.09000      4.06017      4.06017
      4.10000      3.42914      3.42914
      4.11000      2.27161      2.27161
      4.12000      1.13049      1.13049
      4.13000      1.14829      1.14829
      4.14000      2.94746      2.94746
      4.15000      5.02959      5.02959
      4.16000      5.68457      5.68457
      4.17000      5.18571      5.18571
      4.18000      4.50675      4.50675
      4.19000      4.52697      4.52697
      4.20000      4.09932      4.09932
      4.21000      3.47124      3.47124
      4.22000      3.61190      3.61190
      4.23000      3.82961      3.82961
      4.24000      3.40189      3.40189
      4.25000      2.85163      2.85163
      4.26000      2.67621      2.67621
      4.27000      2.01449      2.01449
      4.28000      1.93328      1.93328
      4.29000      3.04652      3.04652
      4.30000      3.76376      3.76376
      4.31000      3.29920      3.29920
      4.32000      2.92738      2.92738
      4.33000      2.88347      2.88347
      4.34000      2.47728      2.47728
      4.35000      2.62164      2.62164
      4.36000      3.72518      3.72518
      4.37000      4.01161      4.01161
      4.38000      2.68295      2.68295
      4.39000      1.34396      1.34396
      4.40000      0.94530      0.94530
      4.41000      1.22935      1.22935
      4.42000      1.97648      1.97648
      4.43000      2.38530      2.38530
      4.44000      3.06794      3.06794
      4.45000      3.28903      3.28903
      4.46000      2.92319      2.92319
      4.47000      3.39450      3.39450
      4.48000      3.60709      3.60709
      4.49000      2.71020      2.71020
      4.50000      1.81353      1.81353
      4.51000      1.42057      1.42057
      4.52000      1.65641      1.65641
      4.53000      2.15147      2.15147
      4.54000      2.12171      2.12171
      4.55000      1.81961      1.81961
      4.56000      1.89210      1.89210
      4.57000      2.81681      2.81681
      4.58000      3.78392      3.78392
      4.59000      3.67890      3.67890
      4.60000      3.47011      3.47011
      4.61000      3.40411      3.40411
      4.62000      2.18069      2.18069
      4.63000      1.29578      1.29578
      4.64000      1.31136      1.31136
      4.65000      0.80947      0.80947
      4.66000      0.46875      0.46875
      4.67000      1.24918      1.24918
      4.68000      2.22176      2.22176
      4.69000      1.96577      1.96577
      4.70000      1.16373      1.16373
      4.71000      1.24885      1.24885
      4.72000      2.40323      2.40323
      4.73000      3.00248      3.00248
      4.74000      2.48531      2.48531
      4.75000      1.68102      1.68102
      4.76000      1.78883      1.78883
      4.77000      2.53534      2.53534
      4.78000      2.39351      2.39351
      4.79000      1.85266      1.85266
      4.80000      1.72906      1.72906
      4.81000      2.29299      2.29299
      4.82000      2.60965      2.60965
      4.83000      1.73829      1.73829
      4.84000      0.93719      0.93719
      4.85000      0.63687      0.63687
      4.86000      0.67795      0.67795
      4.87000      0.57024      0.57024
      4.88000      0.72666      0.72666
      4.89000      1.29705      1.29705
      4.90000      1.30560      1.30560
      4.91000      1.00009      1.00009
