Energy-E_F (eV)    DOS (1/eV)    PDOS (1/eV)  of atom type Bi 
     -4.66633      0.56337      0.00000
     -4.65633      2.39799      0.00000
     -4.64633      4.90975      0.00000
     -4.63633      5.61866      0.00000
     -4.62633      4.23894      0.00000
     -4.61633      2.70234      0.00000
     -4.60633      1.80162      0.00000
     -4.59633      2.28423      0.00000
     -4.58633      2.65452      0.00000
     -4.57633      2.11746      0.00000
     -4.56633      2.36141      0.00000
     -4.55633      3.68031      0.00000
     -4.54633      5.29959      0.00000
     -4.53633      5.43421      0.00000
     -4.52633      4.19247      0.00000
     -4.51633      2.37923      0.00000
     -4.50633      1.55730      0.00000
     -4.49633      1.35864      0.00000
     -4.48633      0.97618      0.00000
     -4.47633      1.28467      0.00000
     -4.46633      1.97154      0.00000
     -4.45633      3.58176      0.00000
     -4.44633      5.66721      0.00000
     -4.43633      5.11860      0.00000
     -4.42633      2.92738      0.00000
     -4.41633      1.81190      0.00000
     -4.40633      1.46405      0.00000
     -4.39633      1.39562      0.00000
     -4.38633      0.82447      0.00000
     -4.37633      0.41496      0.00000
     -4.36633      0.95075      0.00000
     -4.35633      1.75848      0.00000
     -4.34633      2.48216      0.00000
     -4.33633      3.16982      0.00000
     -4.32633      2.64882      0.00000
     -4.31633      1.49678      0.00000
     -4.30633      1.30927      0.00000
     -4.29633      1.18816      0.00000
     -4.28633      1.02599      0.00000
     -4.27633      2.24174      0.00000
     -4.26633      4.24822      0.00000
     -4.25633      6.87755      0.00000
     -4.24633      7.84106      0.00000
     -4.23633      5.11858      0.00000
     -4.22633      2.91441      0.00000
     -4.21633      2.77078      0.00000
     -4.20633      3.08179      0.00000
     -4.19633      3.36295      0.00000
     -4.18633      3.83337      0.00000
     -4.17633      4.04370      0.00000
     -4.16633      3.90939      0.00000
     -4.15633      3.73189      0.00000
     -4.14633      2.39724      0.00000
     -4.13633      0.71317      0.00000
     -4.12633      0.17966      0.00000
     -4.11633      0.67935      0.00000
     -4.10633      2.11789      0.00000
     -4.09633      3.36980      0.00000
     -4.08633      3.64936      0.00000
     -4.07633      3.91593      0.00000
     -4.06633      4.38195      0.00000
     -4.05633      4.31851      0.00000
     -4.04633      4.00812      0.00000
     -4.03633      3.72200      0.00000
     -4.02633      2.14510      0.00000
     -4.01633      1.20604      0.00000
     -4.00633      2.37868      0.00000
     -3.99633      4.08882      0.00000
     -3.98633      4.20342      0.00000
     -3.97633      3.33951      0.00000
     -3.96633      4.04410      0.00000
     -3.95633      6.58428      0.00000
     -3.94633      8.61340      0.00000
     -3.93633      7.74612      0.00000
     -3.92633      6.51744      0.00000
     -3.91633      6.74660      0.00000
     -3.90633      7.58268      0.00000
     -3.89633      7.77906      0.00000
     -3.88633      5.64172      0.00000
     -3.87633      3.81110      0.00000
     -3.86633      3.53707      0.00000
     -3.85633      3.42227      0.00000
     -3.84633      4.69343      0.00000
     -3.83633      6.14714      0.00000
     -3.82633      5.98550      0.00000
     -3.81633      4.86529      0.00000
     -3.80633      4.36982      0.00000
     -3.79633      5.52273      0.00000
     -3.78633      7.78181      0.00000
     -3.77633      9.04572      0.00000
     -3.76633      6.77217      0.00000
     -3.75633      3.64509      0.00000
     -3.74633      1.87851      0.00000
     -3.73633      0.80081      0.00000
     -3.72633      0.68941      0.00000
     -3.71633      2.14575      0.00000
     -3.70633      3.19961      0.00000
     -3.69633      2.38206      0.00000
     -3.68633      2.41370      0.00000
     -3.67633      4.12032      0.00000
     -3.66633      5.04832      0.00000
     -3.65633      2.93406      0.00000
     -3.64633      1.26857      0.00000
     -3.63633      1.83480      0.00000
     -3.62633      2.49257      0.00000
     -3.61633      2.89517      0.00000
     -3.60633      4.22081      0.00000
     -3.59633      4.63378      0.00000
     -3.58633      4.35754      0.00000
     -3.57633      5.37147      0.00000
     -3.56633      4.45220      0.00000
     -3.55633      1.94890      0.00000
     -3.54633      1.55898      0.00000
     -3.53633      2.39501      0.00000
     -3.52633      2.63118      0.00000
     -3.51633      3.76013      0.00000
     -3.50633      5.85103      0.00000
     -3.49633      6.67212      0.00000
     -3.48633      5.77270      0.00000
     -3.47633      5.35798      0.00000
     -3.46633      8.10110      0.00000
     -3.45633     10.10321      0.00000
     -3.44633      7.98590      0.00000
     -3.43633      6.54479      0.00000
     -3.42633      8.04913      0.00000
     -3.41633      9.28066      0.00000
     -3.40633      8.28921      0.00000
     -3.39633      6.59738      0.00000
     -3.38633      5.45082      0.00000
     -3.37633      4.30329      0.00000
     -3.36633      3.70722      0.00000
     -3.35633      4.95980      0.00000
     -3.34633      8.47547      0.00000
     -3.33633      9.33795      0.00000
     -3.32633      7.48593      0.00000
     -3.31633      6.71726      0.00000
     -3.30633      7.18744      0.00000
     -3.29633      7.76494      0.00000
     -3.28633      8.02940      0.00000
     -3.27633      9.92774      0.00000
     -3.26633      9.84746      0.00000
     -3.25633      6.92361      0.00000
     -3.24633      4.85366      0.00000
     -3.23633      4.37684      0.00000
     -3.22633      6.45319      0.00000
     -3.21633      8.30375      0.00000
     -3.20633      7.31873      0.00000
     -3.19633      6.85923      0.00000
     -3.18633      8.26783      0.00000
     -3.17633     10.46649      0.00000
     -3.16633     10.51134      0.00000
     -3.15633      7.64721      0.00000
     -3.14633      6.22528      0.00000
     -3.13633      6.59247      0.00000
     -3.12633      6.32550      0.00000
     -3.11633      6.93165      0.00000
     -3.10633      7.16244      0.00000
     -3.09633      5.89771      0.00000
     -3.08633      6.58595      0.00000
     -3.07633      8.14257      0.00000
     -3.06633      8.35795      0.00000
     -3.05633     10.27198      0.00000
     -3.04633     11.98919      0.00000
     -3.03633      9.78168      0.00000
     -3.02633      8.54158      0.00000
     -3.01633     11.67886      0.00000
     -3.00633     18.83962      0.00000
     -2.99633     23.45362      0.00000
     -2.98633     18.54893      0.00000
     -2.97633     11.23815      0.00000
     -2.96633      8.46657      0.00000
     -2.95633      8.25984      0.00000
     -2.94633      9.63566      0.00000
     -2.93633     12.53873      0.00000
     -2.92633     12.20248      0.00000
     -2.91633      9.99915      0.00000
     -2.90633     10.34555      0.00000
     -2.89633     11.85561      0.00000
     -2.88633     12.23507      0.00000
     -2.87633     11.43558      0.00000
     -2.86633     10.25454      0.00000
     -2.85633      9.11904      0.00000
     -2.84633     10.11470      0.00000
     -2.83633     13.59034      0.00000
     -2.82633     16.64373      0.00000
     -2.81633     16.93296      0.00000
     -2.80633     15.71273      0.00000
     -2.79633     15.34954      0.00000
     -2.78633     14.25064      0.00000
     -2.77633     11.17180      0.00000
     -2.76633      9.29938      0.00000
     -2.75633      8.18356      0.00000
     -2.74633      5.74666      0.00000
     -2.73633      5.27723      0.00000
     -2.72633      8.97080      0.00000
     -2.71633     11.93711      0.00000
     -2.70633     12.45626      0.00000
     -2.69633     14.45397      0.00000
     -2.68633     14.95187      0.00000
     -2.67633     11.75872      0.00000
     -2.66633      9.24179      0.00000
     -2.65633      7.96140      0.00000
     -2.64633      8.09588      0.00000
     -2.63633      8.86559      0.00000
     -2.62633      8.56280      0.00000
     -2.61633      8.62325      0.00000
     -2.60633      8.68006      0.00000
     -2.59633      7.94425      0.00000
     -2.58633      7.42634      0.00000
     -2.57633      6.93768      0.00000
     -2.56633      7.14687      0.00000
     -2.55633      7.79378      0.00000
     -2.54633      8.39460      0.00000
     -2.53633      9.41002      0.00000
     -2.52633      8.42613      0.00000
     -2.51633      5.74969      0.00000
     -2.50633      5.96216      0.00000
     -2.49633     10.08006      0.00000
     -2.48633     13.19066      0.00000
     -2.47633     12.34293      0.00000
     -2.46633      9.98275      0.00000
     -2.45633     11.44922      0.00000
     -2.44633     12.35787      0.00000
     -2.43633     10.11654      0.00000
     -2.42633      8.59448      0.00000
     -2.41633      7.66244      0.00000
     -2.40633      7.48870      0.00000
     -2.39633      7.45175      0.00000
     -2.38633      7.20725      0.00000
     -2.37633      7.35060      0.00000
     -2.36633      7.91368      0.00000
     -2.35633      8.51686      0.00000
     -2.34633      8.02825      0.00000
     -2.33633      6.69471      0.00000
     -2.32633      7.64336      0.00000
     -2.31633     10.60175      0.00000
     -2.30633     13.35490      0.00000
     -2.29633     13.61840      0.00000
     -2.28633     11.52051      0.00000
     -2.27633     11.09466      0.00000
     -2.26633      7.84612      0.00000
     -2.25633      3.32800      0.00000
     -2.24633      2.31836      0.00000
     -2.23633      4.59068      0.00000
     -2.22633      7.95511      0.00000
     -2.21633     11.33690      0.00000
     -2.20633     14.33411      0.00000
     -2.19633     15.36975      0.00000
     -2.18633     13.72440      0.00000
     -2.17633     11.36774      0.00000
     -2.16633      9.81554      0.00000
     -2.15633      9.47872      0.00000
     -2.14633     10.00968      0.00000
     -2.13633     11.94432      0.00000
     -2.12633     12.69070      0.00000
     -2.11633     10.53021      0.00000
     -2.10633      8.29214      0.00000
     -2.09633      8.40304      0.00000
     -2.08633      8.12355      0.00000
     -2.07633      8.20937      0.00000
     -2.06633     11.02727      0.00000
     -2.05633     13.05131      0.00000
     -2.04633     12.29666      0.00000
     -2.03633     11.25222      0.00000
     -2.02633     10.56373      0.00000
     -2.01633     10.79402      0.00000
     -2.00633     11.89590      0.00000
     -1.99633     12.23578      0.00000
     -1.98633     13.46582      0.00000
     -1.97633     14.31264      0.00000
     -1.96633     13.61760      0.00000
     -1.95633     12.53756      0.00000
     -1.94633     12.75527      0.00000
     -1.93633     13.27863      0.00000
     -1.92633     12.82999      0.00000
     -1.91633     13.57732      0.00000
     -1.90633     15.13215      0.00000
     -1.89633     15.16483      0.00000
     -1.88633     16.04762      0.00000
     -1.87633     17.43734      0.00000
     -1.86633     15.61905      0.00000
     -1.85633     11.37132      0.00000
     -1.84633      9.93055      0.00000
     -1.83633     12.18831      0.00000
     -1.82633     12.62353      0.00000
     -1.81633     10.67139      0.00000
     -1.80633     11.43784      0.00000
     -1.79633     16.36934      0.00000
     -1.78633     19.76002      0.00000
     -1.77633     19.33971      0.00000
     -1.76633     16.87736      0.00000
     -1.75633     15.43639      0.00000
     -1.74633     15.85364      0.00000
     -1.73633     15.28173      0.00000
     -1.72633     13.39622      0.00000
     -1.71633     11.79350      0.00000
     -1.70633     10.99453      0.00000
     -1.69633      9.43627      0.00000
     -1.68633      7.41338      0.00000
     -1.67633      6.91111      0.00000
     -1.66633      9.34811      0.00000
     -1.65633     12.35804      0.00000
     -1.64633     12.98044      0.00000
     -1.63633     10.62172      0.00000
     -1.62633      7.97148      0.00000
     -1.61633      9.98745      0.00000
     -1.60633     12.19079      0.00000
     -1.59633      8.82207      0.00000
     -1.58633      6.41189      0.00000
     -1.57633      8.06515      0.00000
     -1.56633     10.13248      0.00000
     -1.55633     10.90603      0.00000
     -1.54633      8.84411      0.00000
     -1.53633      5.73385      0.00000
     -1.52633      5.03539      0.00000
     -1.51633      7.20961      0.00000
     -1.50633      9.99513      0.00000
     -1.49633     12.15031      0.00000
     -1.48633     12.69198      0.00000
     -1.47633     10.48604      0.00000
     -1.46633      8.63160      0.00000
     -1.45633      8.76100      0.00000
     -1.44633      9.25184      0.00000
     -1.43633      9.40082      0.00000
     -1.42633     10.36635      0.00000
     -1.41633      9.19919      0.00000
     -1.40633      6.53792      0.00000
     -1.39633      7.76512      0.00000
     -1.38633      8.98458      0.00000
     -1.37633      7.57200      0.00000
     -1.36633      9.89714      0.00000
     -1.35633     16.51956      0.00000
     -1.34633     21.02644      0.00000
     -1.33633     18.81427      0.00000
     -1.32633     13.24466      0.00000
     -1.31633     11.50299      0.00000
     -1.30633     13.59635      0.00000
     -1.29633     16.08873      0.00000
     -1.28633     15.19721      0.00000
     -1.27633     12.94042      0.00000
     -1.26633     13.95726      0.00000
     -1.25633     15.06678      0.00000
     -1.24633     13.25915      0.00000
     -1.23633     10.17457      0.00000
     -1.22633      8.22208      0.00000
     -1.21633     10.06973      0.00000
     -1.20633     14.26231      0.00000
     -1.19633     16.40061      0.00000
     -1.18633     15.34862      0.00000
     -1.17633     13.32054      0.00000
     -1.16633     13.34883      0.00000
     -1.15633     15.16772      0.00000
     -1.14633     16.00779      0.00000
     -1.13633     15.00552      0.00000
     -1.12633     13.36355      0.00000
     -1.11633     11.61825      0.00000
     -1.10633      9.21131      0.00000
     -1.09633      8.85438      0.00000
     -1.08633      8.39296      0.00000
     -1.07633      7.49772      0.00000
     -1.06633     10.16142      0.00000
     -1.05633     12.78253      0.00000
     -1.04633     12.45480      0.00000
     -1.03633     12.08954      0.00000
     -1.02633     11.10151      0.00000
     -1.01633      8.82136      0.00000
     -1.00633      6.08622      0.00000
     -0.99633      5.22597      0.00000
     -0.98633      7.82774      0.00000
     -0.97633     11.99862      0.00000
     -0.96633     14.50372      0.00000
     -0.95633     13.74744      0.00000
     -0.94633     10.73353      0.00000
     -0.93633      7.02291      0.00000
     -0.92633      5.05363      0.00000
     -0.91633      7.54873      0.00000
     -0.90633     12.55617      0.00000
     -0.89633     14.07550      0.00000
     -0.88633     11.78421      0.00000
     -0.87633     10.98276      0.00000
     -0.86633      9.50377      0.00000
     -0.85633      6.27820      0.00000
     -0.84633      5.08586      0.00000
     -0.83633      5.43786      0.00000
     -0.82633      7.24691      0.00000
     -0.81633      8.65355      0.00000
     -0.80633      8.13307      0.00000
     -0.79633      6.40824      0.00000
     -0.78633      4.54053      0.00000
     -0.77633      5.87571      0.00000
     -0.76633     12.07138      0.00000
     -0.75633     15.42978      0.00000
     -0.74633     12.17872      0.00000
     -0.73633      8.95189      0.00000
     -0.72633      8.63135      0.00000
     -0.71633      7.70300      0.00000
     -0.70633      6.23734      0.00000
     -0.69633      5.96507      0.00000
     -0.68633      6.61549      0.00000
     -0.67633      7.58490      0.00000
     -0.66633      8.46146      0.00000
     -0.65633      9.07756      0.00000
     -0.64633      9.89355      0.00000
     -0.63633     11.00735      0.00000
     -0.62633     11.56322      0.00000
     -0.61633      9.53915      0.00000
     -0.60633      6.20407      0.00000
     -0.59633      4.37857      0.00000
     -0.58633      6.18157      0.00000
     -0.57633      9.36072      0.00000
     -0.56633      9.03618      0.00000
     -0.55633      8.11988      0.00000
     -0.54633     10.79401      0.00000
     -0.53633     13.05036      0.00000
     -0.52633     11.77612      0.00000
     -0.51633      9.83921      0.00000
     -0.50633      9.34023      0.00000
     -0.49633      9.63935      0.00000
     -0.48633      7.65475      0.00000
     -0.47633      6.93201      0.00000
     -0.46633      9.13549      0.00000
     -0.45633     12.75845      0.00000
     -0.44633     15.01228      0.00000
     -0.43633     13.00701      0.00000
     -0.42633      9.75034      0.00000
     -0.41633      7.22789      0.00000
     -0.40633      7.65945      0.00000
     -0.39633      9.88433      0.00000
     -0.38633      9.20700      0.00000
     -0.37633      7.04910      0.00000
     -0.36633      5.47142      0.00000
     -0.35633      4.08775      0.00000
     -0.34633      3.70570      0.00000
     -0.33633      5.22918      0.00000
     -0.32633      7.40184      0.00000
     -0.31633      7.76350      0.00000
     -0.30633      6.70429      0.00000
     -0.29633      5.56795      0.00000
     -0.28633      4.72611      0.00000
     -0.27633      4.48837      0.00000
     -0.26633      4.35157      0.00000
     -0.25633      4.65227      0.00000
     -0.24633      6.02369      0.00000
     -0.23633      6.46042      0.00000
     -0.22633      5.40571      0.00000
     -0.21633      4.74647      0.00000
     -0.20633      5.45073      0.00000
     -0.19633      6.21790      0.00000
     -0.18633      6.08444      0.00000
     -0.17633      5.97634      0.00000
     -0.16633      5.58288      0.00000
     -0.15633      4.53874      0.00000
     -0.14633      2.70573      0.00000
     -0.13633      1.35885      0.00000
     -0.12633      2.10918      0.00000
     -0.11633      4.05655      0.00000
     -0.10633      5.99279      0.00000
     -0.09633      6.18218      0.00000
     -0.08633      5.48453      0.00000
     -0.07633      6.35017      0.00000
     -0.06633      6.64178      0.00000
     -0.05633      5.95147      0.00000
     -0.04633      5.45393      0.00000
     -0.03633      4.67336      0.00000
     -0.02633      4.18822      0.00000
     -0.01633      4.48742      0.00000
     -0.00633      5.62048      0.00000
      0.00367      6.31396      0.00000
      0.01367      5.59977      0.00000
      0.02367      4.78532      0.00000
      0.03367      3.72724      0.00000
      0.04367      3.44696      0.00000
      0.05367      3.72289      0.00000
      0.06367      3.73949      0.00000
      0.07367      4.22325      0.00000
      0.08367      4.62007      0.00000
      0.09367      4.34237      0.00000
      0.10367      4.53725      0.00000
      0.11367      6.27252      0.00000
      0.12367      7.65948      0.00000
      0.13367      7.78093      0.00000
      0.14367      7.78569      0.00000
      0.15367      8.34715      0.00000
      0.16367      6.88436      0.00000
      0.17367      4.66413      0.00000
      0.18367      5.25753      0.00000
      0.19367      5.87221      0.00000
      0.20367      6.18041      0.00000
      0.21367      7.94495      0.00000
      0.22367      9.97104      0.00000
      0.23367     11.40347      0.00000
      0.24367     10.16440      0.00000
      0.25367      6.93620      0.00000
      0.26367      4.88686      0.00000
      0.27367      3.95319      0.00000
      0.28367      3.40687      0.00000
      0.29367      4.36903      0.00000
      0.30367      5.76346      0.00000
      0.31367      7.14090      0.00000
      0.32367      8.54962      0.00000
      0.33367      8.63822      0.00000
      0.34367      9.22419      0.00000
      0.35367      9.25034      0.00000
      0.36367      8.63862      0.00000
      0.37367      9.75186      0.00000
      0.38367     10.12639      0.00000
      0.39367      8.32012      0.00000
      0.40367      5.66402      0.00000
      0.41367      4.30477      0.00000
      0.42367      3.27707      0.00000
      0.43367      3.81718      0.00000
      0.44367      6.66299      0.00000
      0.45367      8.11426      0.00000
      0.46367      7.52646      0.00000
      0.47367      8.37124      0.00000
      0.48367     11.91089      0.00000
      0.49367     15.76091      0.00000
      0.50367     16.36572      0.00000
      0.51367     15.48576      0.00000
      0.52367     15.18081      0.00000
      0.53367     12.72054      0.00000
      0.54367      9.60988      0.00000
      0.55367     11.18862      0.00000
      0.56367     14.47893      0.00000
      0.57367     15.48262      0.00000
      0.58367     16.93470      0.00000
      0.59367     15.68897      0.00000
      0.60367     11.76973      0.00000
      0.61367     13.89508      0.00000
      0.62367     19.85020      0.00000
      0.63367     18.67956      0.00000
      0.64367     11.75212      0.00000
      0.65367      9.13168      0.00000
      0.66367      7.24885      0.00000
      0.67367      5.02036      0.00000
      0.68367      6.74605      0.00000
      0.69367     10.96142      0.00000
      0.70367     14.17662      0.00000
      0.71367     14.10870      0.00000
      0.72367     10.46330      0.00000
      0.73367      7.83552      0.00000
      0.74367      8.97539      0.00000
      0.75367     10.73036      0.00000
      0.76367     10.03094      0.00000
      0.77367      8.97032      0.00000
      0.78367      8.40968      0.00000
      0.79367      7.44083      0.00000
      0.80367      6.15479      0.00000
      0.81367      6.19714      0.00000
      0.82367      8.19789      0.00000
      0.83367      9.68000      0.00000
      0.84367      9.50793      0.00000
      0.85367      8.45131      0.00000
      0.86367      7.46595      0.00000
      0.87367      7.62562      0.00000
      0.88367      8.27963      0.00000
      0.89367      7.21092      0.00000
      0.90367      5.14466      0.00000
      0.91367      4.83466      0.00000
      0.92367      4.75093      0.00000
      0.93367      3.64853      0.00000
      0.94367      2.76276      0.00000
      0.95367      3.27440      0.00000
      0.96367      5.34189      0.00000
      0.97367      6.88538      0.00000
      0.98367      7.55034      0.00000
      0.99367      7.32319      0.00000
      1.00367      7.30948      0.00000
      1.01367      6.72465      0.00000
      1.02367      5.96420      0.00000
      1.03367      5.20423      0.00000
      1.04367      3.22244      0.00000
      1.05367      0.98680      0.00000
      1.06367      0.19782      0.00000
      1.07367      0.72202      0.00000
      1.08367      2.91426      0.00000
      1.09367      5.57715      0.00000
      1.10367      6.31532      0.00000
      1.11367      5.51660      0.00000
      1.12367      3.73180      0.00000
      1.13367      2.28716      0.00000
      1.14367      2.62329      0.00000
      1.15367      3.86543      0.00000
      1.16367      4.12357      0.00000
      1.17367      3.06894      0.00000
      1.18367      1.94904      0.00000
      1.19367      1.97833      0.00000
      1.20367      2.27224      0.00000
      1.21367      2.10011      0.00000
      1.22367      1.64929      0.00000
      1.23367      1.01969      0.00000
      1.24367      0.74922      0.00000
      1.25367      0.49029      0.00000
      1.26367      0.48267      0.00000
      1.27367      1.53871      0.00000
      1.28367      2.46089      0.00000
      1.29367      1.66484      0.00000
      1.30367      1.41793      0.00000
      1.31367      2.92469      0.00000
      1.32367      3.51665      0.00000
      1.33367      2.37943      0.00000
      1.34367      1.75438      0.00000
      1.35367      1.47049      0.00000
      1.36367      0.69096      0.00000
      1.37367      0.36060      0.00000
      1.38367      1.06699      0.00000
      1.39367      2.17747      0.00000
      1.40367      2.65702      0.00000
      1.41367      2.49812      0.00000
      1.42367      1.82012      0.00000
      1.43367      1.30951      0.00000
      1.44367      1.61784      0.00000
      1.45367      1.52217      0.00000
      1.46367      0.87476      0.00000
      1.47367      0.98239      0.00000
      1.48367      1.39689      0.00000
      1.49367      1.45918      0.00000
      1.50367      1.82285      0.00000
      1.51367      2.05407      0.00000
      1.52367      1.27135      0.00000
      1.53367      0.67397      0.00000
      1.54367      0.65190      0.00000
      1.55367      0.39978      0.00000
      1.56367      0.37217      0.00000
      1.57367      1.19783      0.00000
      1.58367      2.60114      0.00000
      1.59367      3.56667      0.00000
      1.60367      2.56327      0.00000
      1.61367      1.39987      0.00000
      1.62367      2.30694      0.00000
      1.63367      3.28066      0.00000
      1.64367      3.22559      0.00000
      1.65367      2.96969      0.00000
      1.66367      2.91592      0.00000
      1.67367      2.31421      0.00000
      1.68367      1.05199      0.00000
      1.69367      1.15336      0.00000
      1.70367      2.81481      0.00000
      1.71367      4.00536      0.00000
      1.72367      3.40263      0.00000
      1.73367      2.29349      0.00000
      1.74367      2.20887      0.00000
      1.75367      2.23870      0.00000
      1.76367      1.88789      0.00000
      1.77367      2.17593      0.00000
      1.78367      3.27429      0.00000
      1.79367      2.83379      0.00000
      1.80367      1.22525      0.00000
      1.81367      0.72711      0.00000
      1.82367      1.47033      0.00000
      1.83367      2.17747      0.00000
      1.84367      2.60044      0.00000
      1.85367      2.92546      0.00000
      1.86367      2.75552      0.00000
      1.87367      2.85372      0.00000
      1.88367      3.92046      0.00000
      1.89367      4.99595      0.00000
      1.90367      4.96673      0.00000
      1.91367      3.91982      0.00000
      1.92367      2.72921      0.00000
      1.93367      3.50776      0.00000
      1.94367      5.40049      0.00000
      1.95367      6.47852      0.00000
      1.96367      7.48934      0.00000
      1.97367      8.48194      0.00000
      1.98367      9.88807      0.00000
      1.99367      9.24805      0.00000
      2.00367      5.34425      0.00000
      2.01367      4.26627      0.00000
      2.02367      6.94442      0.00000
      2.03367      9.04204      0.00000
      2.04367      8.76460      0.00000
      2.05367      6.27020      0.00000
      2.06367      4.70790      0.00000
      2.07367      4.70164      0.00000
      2.08367      4.09679      0.00000
      2.09367      2.69332      0.00000
      2.10367      1.63511      0.00000
      2.11367      2.03466      0.00000
      2.12367      3.34152      0.00000
      2.13367      3.17337      0.00000
      2.14367      2.72813      0.00000
      2.15367      3.58903      0.00000
      2.16367      3.69812      0.00000
      2.17367      3.41115      0.00000
      2.18367      3.54196      0.00000
      2.19367      3.15550      0.00000
      2.20367      2.30123      0.00000
      2.21367      1.76849      0.00000
      2.22367      1.56998      0.00000
      2.23367      1.59180      0.00000
      2.24367      1.67237      0.00000
      2.25367      1.95154      0.00000
      2.26367      1.78902      0.00000
      2.27367      2.96313      0.00000
      2.28367      6.06080      0.00000
      2.29367      8.35302      0.00000
      2.30367      7.59717      0.00000
      2.31367      5.11167      0.00000
      2.32367      3.34351      0.00000
      2.33367      3.13501      0.00000
      2.34367      4.34231      0.00000
      2.35367      3.89440      0.00000
      2.36367      3.25364      0.00000
      2.37367      3.37058      0.00000
      2.38367      2.75551      0.00000
      2.39367      1.54029      0.00000
      2.40367      1.08058      0.00000
      2.41367      2.05164      0.00000
      2.42367      2.39606      0.00000
      2.43367      2.15788      0.00000
      2.44367      3.39181      0.00000
      2.45367      3.38621      0.00000
      2.46367      1.78918      0.00000
      2.47367      2.63067      0.00000
      2.48367      4.92961      0.00000
      2.49367      4.86069      0.00000
      2.50367      4.00364      0.00000
      2.51367      3.00059      0.00000
      2.52367      2.21104      0.00000
      2.53367      2.54206      0.00000
      2.54367      3.59712      0.00000
      2.55367      4.81490      0.00000
      2.56367      3.39743      0.00000
      2.57367      1.04879      0.00000
      2.58367      0.26086      0.00000
      2.59367      0.84109      0.00000
      2.60367      2.43215      0.00000
      2.61367      3.65475      0.00000
      2.62367      3.27633      0.00000
      2.63367      2.58257      0.00000
      2.64367      2.37945      0.00000
      2.65367      2.53763      0.00000
      2.66367      3.57319      0.00000
      2.67367      4.44574      0.00000
      2.68367      5.63666      0.00000
      2.69367      7.50219      0.00000
      2.70367      7.55601      0.00000
      2.71367      7.28971      0.00000
      2.72367      6.53506      0.00000
      2.73367      3.69132      0.00000
      2.74367      2.53871      0.00000
      2.75367      3.26299      0.00000
      2.76367      4.06454      0.00000
      2.77367      5.05633      0.00000
      2.78367      4.85594      0.00000
      2.79367      4.51416      0.00000
      2.80367      5.34672      0.00000
      2.81367      4.67580      0.00000
      2.82367      3.34218      0.00000
      2.83367      3.98669      0.00000
      2.84367      4.22443      0.00000
      2.85367      2.88147      0.00000
      2.86367      1.06548      0.00000
      2.87367      0.21297      0.00000
      2.88367      0.48279      0.00000
      2.89367      2.12483      0.00000
      2.90367      3.82907      0.00000
      2.91367      3.50539      0.00000
      2.92367      3.41959      0.00000
      2.93367      4.59922      0.00000
      2.94367      5.11953      0.00000
      2.95367      3.74539      0.00000
      2.96367      2.68999      0.00000
      2.97367      2.24988      0.00000
      2.98367      1.73010      0.00000
      2.99367      1.60435      0.00000
      3.00367      1.56029      0.00000
      3.01367      1.75501      0.00000
      3.02367      1.77012      0.00000
      3.03367      2.74184      0.00000
      3.04367      5.51060      0.00000
      3.05367      6.60156      0.00000
      3.06367      6.27904      0.00000
      3.07367      6.30057      0.00000
      3.08367      5.99439      0.00000
      3.09367      6.02914      0.00000
      3.10367      5.61287      0.00000
      3.11367      3.81022      0.00000
      3.12367      1.55696      0.00000
      3.13367      1.37073      0.00000
      3.14367      2.99148      0.00000
      3.15367      4.16950      0.00000
      3.16367      3.77351      0.00000
      3.17367      3.33728      0.00000
      3.18367      3.21711      0.00000
      3.19367      2.14810      0.00000
      3.20367      0.73138      0.00000
      3.21367      0.18908      0.00000
      3.22367      0.52263      0.00000
      3.23367      1.24622      0.00000
      3.24367      1.51999      0.00000
      3.25367      2.03059      0.00000
      3.26367      2.76614      0.00000
      3.27367      2.54674      0.00000
      3.28367      1.65149      0.00000
      3.29367      1.37227      0.00000
      3.30367      2.42648      0.00000
      3.31367      4.54269      0.00000
      3.32367      6.18224      0.00000
      3.33367      5.70176      0.00000
      3.34367      4.52309      0.00000
      3.35367      4.86382      0.00000
      3.36367      5.44605      0.00000
      3.37367      4.12188      0.00000
      3.38367      2.22501      0.00000
      3.39367      1.11686      0.00000
      3.40367      1.30273      0.00000
      3.41367      2.31903      0.00000
      3.42367      2.66956      0.00000
      3.43367      1.92475      0.00000
      3.44367      0.85157      0.00000
      3.45367      0.66544      0.00000
      3.46367      1.98585      0.00000
      3.47367      3.61787      0.00000
      3.48367      5.03894      0.00000
      3.49367      5.89843      0.00000
      3.50367      4.63437      0.00000
      3.51367      3.31628      0.00000
      3.52367      2.18135      0.00000
      3.53367      0.80115      0.00000
      3.54367      0.39997      0.00000
      3.55367      1.38195      0.00000
      3.56367      3.52620      0.00000
      3.57367      5.44040      0.00000
      3.58367      5.17984      0.00000
      3.59367      4.11483      0.00000
      3.60367      3.92323      0.00000
      3.61367      3.99694      0.00000
      3.62367      5.04790      0.00000
      3.63367      6.59085      0.00000
      3.64367      5.17524      0.00000
      3.65367      2.85918      0.00000
      3.66367      2.62044      0.00000
      3.67367      3.26713      0.00000
      3.68367      3.34039      0.00000
      3.69367      3.17303      0.00000
      3.70367      3.21204      0.00000
      3.71367      2.68446      0.00000
      3.72367      2.51624      0.00000
      3.73367      3.26978      0.00000
      3.74367      3.82375      0.00000
      3.75367      2.93929      0.00000
      3.76367      1.40184      0.00000
      3.77367      1.26383      0.00000
      3.78367      2.07398      0.00000
      3.79367      2.96252      0.00000
      3.80367      3.49310      0.00000
      3.81367      2.55407      0.00000
      3.82367      1.21524      0.00000
      3.83367      0.70514      0.00000
      3.84367      1.13495      0.00000
      3.85367      1.80205      0.00000
      3.86367      3.61786      0.00000
      3.87367      6.28921      0.00000
      3.88367      5.80300      0.00000
      3.89367      3.75834      0.00000
      3.90367      2.81666      0.00000
      3.91367      3.68673      0.00000
      3.92367      4.18484      0.00000
      3.93367      2.91494      0.00000
      3.94367      1.85281      0.00000
      3.95367      1.53904      0.00000
      3.96367      1.61044      0.00000
      3.97367      1.68195      0.00000
      3.98367      2.47392      0.00000
      3.99367      3.80110      0.00000
      4.00367      5.27444      0.00000
      4.01367      5.54338      0.00000
      4.02367      4.41766      0.00000
      4.03367      3.81297      0.00000
      4.04367      3.59325      0.00000
      4.05367      2.72066      0.00000
      4.06367      2.45091      0.00000
      4.07367      2.55087      0.00000
      4.08367      2.23145      0.00000
      4.09367      3.02688      0.00000
      4.10367      6.35062      0.00000
      4.11367      7.63034      0.00000
      4.12367      5.39295      0.00000
      4.13367      4.62883      0.00000
      4.14367      3.82249      0.00000
      4.15367      2.62942      0.00000
      4.16367      3.51147      0.00000
      4.17367      3.32515      0.00000
      4.18367      1.86482      0.00000
      4.19367      1.99390      0.00000
      4.20367      2.29781      0.00000
      4.21367      1.87090      0.00000
      4.22367      1.33883      0.00000
      4.23367      1.34029      0.00000
      4.24367      1.11750      0.00000
      4.25367      0.77793      0.00000
      4.26367      1.63623      0.00000
      4.27367      2.79506      0.00000
      4.28367      3.00880      0.00000
      4.29367      3.32261      0.00000
      4.30367      4.05376      0.00000
      4.31367      3.86939      0.00000
      4.32367      3.67177      0.00000
      4.33367      4.00326      0.00000
      4.34367      4.56415      0.00000
      4.35367      3.94963      0.00000
      4.36367      3.61928      0.00000
      4.37367      4.86286      0.00000
      4.38367      4.88788      0.00000
      4.39367      3.66894      0.00000
      4.40367      2.53303      0.00000
      4.41367      2.37431      0.00000
      4.42367      2.28231      0.00000
      4.43367      1.23988      0.00000
      4.44367      0.73875      0.00000
      4.45367      1.46159      0.00000
      4.46367      2.72858      0.00000
      4.47367      3.09257      0.00000
      4.48367      2.46583      0.00000
      4.49367      2.51521      0.00000
      4.50367      3.11221      0.00000
      4.51367      3.85013      0.00000
      4.52367      3.82227      0.00000
      4.53367      3.67533      0.00000
      4.54367      5.56876      0.00000
      4.55367      7.12631      0.00000
      4.56367      7.16468      0.00000
      4.57367      5.78423      0.00000
      4.58367      4.55302      0.00000
      4.59367      4.60679      0.00000
      4.60367      4.74352      0.00000
      4.61367      3.92323      0.00000
      4.62367      4.22395      0.00000
      4.63367      5.03472      0.00000
      4.64367      4.35298      0.00000
      4.65367      3.93466      0.00000
      4.66367      3.47626      0.00000
      4.67367      1.64028      0.00000
      4.68367      0.39400      0.00000
      4.69367      0.72142      0.00000
      4.70367      2.44595      0.00000
      4.71367      4.05091      0.00000
      4.72367      4.13721      0.00000
      4.73367      3.28040      0.00000
      4.74367      2.66400      0.00000
      4.75367      3.34979      0.00000
      4.76367      4.37893      0.00000
      4.77367      3.97859      0.00000
      4.78367      2.95801      0.00000
      4.79367      2.98272      0.00000
      4.80367      3.20024      0.00000
      4.81367      4.44496      0.00000
      4.82367      5.39548      0.00000
      4.83367      4.56129      0.00000
      4.84367      3.58138      0.00000
      4.85367      2.07623      0.00000
      4.86367      0.84904      0.00000
      4.87367      0.24956      0.00000
      4.88367      0.28574      0.00000
      4.89367      1.21857      0.00000
      4.90367      3.22637      0.00000
      4.91367      6.04358      0.00000
      4.92367      7.63835      0.00000
      4.93367      6.11555      0.00000
      4.94367      3.48835      0.00000
      4.95367      3.14071      0.00000
      4.96367      4.37501      0.00000
      4.97367      4.97107      0.00000
      4.98367      5.31471      0.00000
      4.99367      4.93594      0.00000
      5.00367      4.36686      0.00000
      5.01367      3.60756      0.00000
      5.02367      3.50318      0.00000
      5.03367      3.54000      0.00000
      5.04367      3.32091      0.00000
      5.05367      4.29654      0.00000
      5.06367      5.08317      0.00000
      5.07367      4.73494      0.00000
      5.08367      3.45444      0.00000
      5.09367      2.22028      0.00000
      5.10367      2.19010      0.00000
      5.11367      4.00636      0.00000
      5.12367      5.66320      0.00000
      5.13367      5.06149      0.00000
      5.14367      3.71129      0.00000
      5.15367      3.46093      0.00000
      5.16367      3.17795      0.00000
      5.17367      2.57120      0.00000
      5.18367      3.87922      0.00000
      5.19367      6.14406      0.00000
      5.20367      7.04156      0.00000
      5.21367      6.07906      0.00000
      5.22367      4.28435      0.00000
      5.23367      4.42123      0.00000
