Energy-E_F (eV)    DOS (1/eV)    PDOS (1/eV)  of atom type Au 
     -4.99000      9.46323      9.46323
     -4.98000      7.79244      7.79244
     -4.97000      5.55961      5.55961
     -4.96000      4.68094      4.68094
     -4.95000      5.28187      5.28187
     -4.94000      5.98149      5.98149
     -4.93000      4.52388      4.52388
     -4.92000      2.04338      2.04338
     -4.91000      1.39194      1.39194
     -4.90000      5.09356      5.09356
     -4.89000     10.83254     10.83254
     -4.88000     10.82053     10.82053
     -4.87000      8.20056      8.20056
     -4.86000     10.34606     10.34606
     -4.85000     13.79633     13.79633
     -4.84000     12.46059     12.46059
     -4.83000      6.47388      6.47388
     -4.82000      2.24858      2.24858
     -4.81000      2.02518      2.02518
     -4.80000      3.70620      3.70620
     -4.79000      5.78598      5.78598
     -4.78000      7.08654      7.08654
     -4.77000      8.51052      8.51052
     -4.76000     12.45732     12.45732
     -4.75000     18.62898     18.62898
     -4.74000     19.92259     19.92259
     -4.73000     12.90736     12.90736
     -4.72000      5.94865      5.94865
     -4.71000      5.15886      5.15886
     -4.70000      7.99211      7.99211
     -4.69000      8.79157      8.79157
     -4.68000      6.63940      6.63940
     -4.67000      5.37073      5.37073
     -4.66000      5.21824      5.21824
     -4.65000      6.43161      6.43161
     -4.64000      7.57502      7.57502
     -4.63000      6.09993      6.09993
     -4.62000      6.07193      6.07193
     -4.61000      8.92377      8.92377
     -4.60000     11.38223     11.38223
     -4.59000     12.95558     12.95558
     -4.58000     14.34040     14.34040
     -4.57000     10.69300     10.69300
     -4.56000      6.59189      6.59189
     -4.55000      6.31053      6.31053
     -4.54000      6.74808      6.74808
     -4.53000      5.92026      5.92026
     -4.52000      7.89859      7.89859
     -4.51000     15.20231     15.20231
     -4.50000     20.27507     20.27507
     -4.49000     16.89149     16.89149
     -4.48000     13.48816     13.48816
     -4.47000     13.75645     13.75645
     -4.46000     10.78551     10.78551
     -4.45000      6.07973      6.07973
     -4.44000      5.52278      5.52278
     -4.43000      6.73616      6.73616
     -4.42000      5.59707      5.59707
     -4.41000      3.73590      3.73590
     -4.40000      4.43380      4.43380
     -4.39000      6.33916      6.33916
     -4.38000      7.93215      7.93215
     -4.37000      7.98956      7.98956
     -4.36000      6.08952      6.08952
     -4.35000      4.75039      4.75039
     -4.34000      6.37662      6.37662
     -4.33000      8.82482      8.82482
     -4.32000     10.02875     10.02875
     -4.31000     13.95600     13.95600
     -4.30000     18.96274     18.96274
     -4.29000     17.22262     17.22262
     -4.28000     10.45053     10.45053
     -4.27000      6.85486      6.85486
     -4.26000      6.00608      6.00608
     -4.25000      5.30337      5.30337
     -4.24000      5.62798      5.62798
     -4.23000      5.27066      5.27066
     -4.22000      7.35351      7.35351
     -4.21000     11.21659     11.21659
     -4.20000     12.05205     12.05205
     -4.19000     10.99195     10.99195
     -4.18000      9.16769      9.16769
     -4.17000     10.15696     10.15696
     -4.16000     12.42017     12.42017
     -4.15000      9.18497      9.18497
     -4.14000      3.88250      3.88250
     -4.13000      2.40979      2.40979
     -4.12000      3.70108      3.70108
     -4.11000      4.54245      4.54245
     -4.10000      4.63098      4.63098
     -4.09000      6.79598      6.79598
     -4.08000      9.11864      9.11864
     -4.07000      6.08853      6.08853
     -4.06000      2.15751      2.15751
     -4.05000      2.85890      2.85890
     -4.04000      6.67867      6.67867
     -4.03000      7.99143      7.99143
     -4.02000      8.05201      8.05201
     -4.01000      8.66147      8.66147
     -4.00000      5.49443      5.49443
     -3.99000      3.37924      3.37924
     -3.98000      6.44598      6.44598
     -3.97000     11.22236     11.22236
     -3.96000     13.63860     13.63860
     -3.95000     13.26838     13.26838
     -3.94000      9.64182      9.64182
     -3.93000      5.67929      5.67929
     -3.92000      4.83957      4.83957
     -3.91000      7.36079      7.36079
     -3.90000      8.60679      8.60679
     -3.89000      7.50155      7.50155
     -3.88000      7.63983      7.63983
     -3.87000      8.70072      8.70072
     -3.86000      8.40246      8.40246
     -3.85000      6.56475      6.56475
     -3.84000      4.90180      4.90180
     -3.83000      4.67882      4.67882
     -3.82000      4.69307      4.69307
     -3.81000      6.01003      6.01003
     -3.80000      9.31083      9.31083
     -3.79000     11.25939     11.25939
     -3.78000      9.57350      9.57350
     -3.77000      8.01655      8.01655
     -3.76000      6.50801      6.50801
     -3.75000      3.83705      3.83705
     -3.74000      2.85672      2.85672
     -3.73000      4.53683      4.53683
     -3.72000      5.54173      5.54173
     -3.71000      7.79367      7.79367
     -3.70000     11.13137     11.13137
     -3.69000     12.21803     12.21803
     -3.68000     10.00552     10.00552
     -3.67000      7.01628      7.01628
     -3.66000      7.03351      7.03351
     -3.65000      7.30720      7.30720
     -3.64000      8.23384      8.23384
     -3.63000     10.28219     10.28219
     -3.62000     10.50598     10.50598
     -3.61000      8.94566      8.94566
     -3.60000      6.72828      6.72828
     -3.59000      8.80060      8.80060
     -3.58000     13.29399     13.29399
     -3.57000     12.85555     12.85555
     -3.56000     10.78510     10.78510
     -3.55000      7.72567      7.72567
     -3.54000      3.75182      3.75182
     -3.53000      3.71879      3.71879
     -3.52000      8.12024      8.12024
     -3.51000     11.23607     11.23607
     -3.50000     11.33425     11.33425
     -3.49000      9.97736      9.97736
     -3.48000      9.02146      9.02146
     -3.47000      8.94799      8.94799
     -3.46000      7.89917      7.89917
     -3.45000      6.57186      6.57186
     -3.44000      5.01616      5.01616
     -3.43000      7.46763      7.46763
     -3.42000     15.28013     15.28013
     -3.41000     21.64727     21.64727
     -3.40000     19.72453     19.72453
     -3.39000     14.48474     14.48474
     -3.38000     11.45930     11.45930
     -3.37000     13.11898     13.11898
     -3.36000     17.06442     17.06442
     -3.35000     16.83791     16.83791
     -3.34000     12.41995     12.41995
     -3.33000     10.42640     10.42640
     -3.32000     12.92952     12.92952
     -3.31000     15.16170     15.16170
     -3.30000     13.20752     13.20752
     -3.29000      9.25501      9.25501
     -3.28000      8.78737      8.78737
     -3.27000     11.27216     11.27216
     -3.26000     11.77076     11.77076
     -3.25000      9.64197      9.64197
     -3.24000      8.46201      8.46201
     -3.23000     10.13095     10.13095
     -3.22000     10.81655     10.81655
     -3.21000      7.43625      7.43625
     -3.20000      6.03469      6.03469
     -3.19000      9.78369      9.78369
     -3.18000     16.20999     16.20999
     -3.17000     16.57462     16.57462
     -3.16000     11.90546     11.90546
     -3.15000      9.80544      9.80544
     -3.14000      7.21353      7.21353
     -3.13000      3.26170      3.26170
     -3.12000      1.38122      1.38122
     -3.11000      1.20279      1.20279
     -3.10000      0.84201      0.84201
     -3.09000      0.83464      0.83464
     -3.08000      1.12643      1.12643
     -3.07000      0.82512      0.82512
     -3.06000      1.93320      1.93320
     -3.05000      7.56235      7.56235
     -3.04000     12.53321     12.53321
     -3.03000      9.25034      9.25034
     -3.02000      3.79541      3.79541
     -3.01000      0.91963      0.91963
     -3.00000      0.10707      0.10707
     -2.99000      0.00507      0.00507
     -2.98000      0.00009      0.00009
     -2.97000      0.00000      0.00000
     -2.96000      0.00000      0.00000
     -2.95000      0.00000      0.00000
     -2.94000      0.00000      0.00000
     -2.93000      0.00011      0.00011
     -2.92000      0.00580      0.00580
     -2.91000      0.11058      0.11058
     -2.90000      0.77617      0.77617
     -2.89000      2.00417      2.00417
     -2.88000      1.90379      1.90379
     -2.87000      0.66529      0.66529
     -2.86000      0.08553      0.08553
     -2.85000      0.00404      0.00404
     -2.84000      0.00007      0.00007
     -2.83000      0.00016      0.00016
     -2.82000      0.00795      0.00795
     -2.81000      0.14366      0.14366
     -2.80000      1.00821      1.00821
     -2.79000      2.95845      2.95845
     -2.78000      4.20177      4.20177
     -2.77000      3.83749      3.83749
     -2.76000      3.10544      3.10544
     -2.75000      2.91399      2.91399
     -2.74000      4.45891      4.45891
     -2.73000      4.92946      4.92946
     -2.72000      3.53450      3.53450
     -2.71000      1.76004      1.76004
     -2.70000      0.43027      0.43027
     -2.69000      0.04214      0.04214
     -2.68000      0.02370      0.02370
     -2.67000      0.28430      0.28430
     -2.66000      1.40594      1.40594
     -2.65000      3.10117      3.10117
     -2.64000      4.09096      4.09096
     -2.63000      3.40799      3.40799
     -2.62000      1.34994      1.34994
     -2.61000      0.21309      0.21309
     -2.60000      0.02321      0.02321
     -2.59000      0.13541      0.13541
     -2.58000      0.63759      0.63759
     -2.57000      1.10671      1.10671
     -2.56000      0.70669      0.70669
     -2.55000      0.16601      0.16601
     -2.54000      0.01435      0.01435
     -2.53000      0.00046      0.00046
     -2.52000      0.00001      0.00001
     -2.51000      0.00000      0.00000
     -2.50000      0.00004      0.00004
     -2.49000      0.00212      0.00212
     -2.48000      0.04418      0.04418
     -2.47000      0.33931      0.33931
     -2.46000      0.95858      0.95858
     -2.45000      0.99625      0.99625
     -2.44000      0.38090      0.38090
     -2.43000      0.05383      0.05383
     -2.42000      0.01209      0.01209
     -2.41000      0.12873      0.12873
     -2.40000      0.67175      0.67175
     -2.39000      1.35881      1.35881
     -2.38000      1.10529      1.10529
     -2.37000      0.40362      0.40362
     -2.36000      0.31896      0.31896
     -2.35000      0.88274      0.88274
     -2.34000      1.15742      1.15742
     -2.33000      1.01662      1.01662
     -2.32000      1.16550      1.16550
     -2.31000      0.80314      0.80314
     -2.30000      0.22826      0.22826
     -2.29000      0.17711      0.17711
     -2.28000      0.72268      0.72268
     -2.27000      1.53022      1.53022
     -2.26000      2.42742      2.42742
     -2.25000      3.90667      3.90667
     -2.24000      6.08736      6.08736
     -2.23000      6.82023      6.82023
     -2.22000      4.76297      4.76297
     -2.21000      2.80346      2.80346
     -2.20000      1.11816      1.11816
     -2.19000      0.19494      0.19494
     -2.18000      0.01302      0.01302
     -2.17000      0.00622      0.00622
     -2.16000      0.11198      0.11198
     -2.15000      0.78196      0.78196
     -2.14000      2.00878      2.00878
     -2.13000      1.89842      1.89842
     -2.12000      0.66281      0.66281
     -2.11000      0.15168      0.15168
     -2.10000      0.60770      0.60770
     -2.09000      2.10603      2.10603
     -2.08000      3.02247      3.02247
     -2.07000      1.91194      1.91194
     -2.06000      0.54767      0.54767
     -2.05000      0.06796      0.06796
     -2.04000      0.00341      0.00341
     -2.03000      0.00006      0.00006
     -2.02000      0.00047      0.00047
     -2.01000      0.01748      0.01748
     -2.00000      0.23817      0.23817
     -1.99000      1.19411      1.19411
     -1.98000      2.20247      2.20247
     -1.97000      1.49623      1.49623
     -1.96000      0.42064      0.42064
     -1.95000      0.49578      0.49578
     -1.94000      1.64702      1.64702
     -1.93000      2.15924      2.15924
     -1.92000      1.04210      1.04210
     -1.91000      0.18502      0.18502
     -1.90000      0.01208      0.01208
     -1.89000      0.00029      0.00029
     -1.88000      0.00000      0.00000
     -1.87000      0.00000      0.00000
     -1.86000      0.00000      0.00000
     -1.85000      0.00000      0.00000
     -1.84000      0.00000      0.00000
     -1.83000      0.00003      0.00003
     -1.82000      0.00231      0.00231
     -1.81000      0.05693      0.05693
     -1.80000      0.51699      0.51699
     -1.79000      1.72717      1.72717
     -1.78000      2.12274      2.12274
     -1.77000      0.95976      0.95976
     -1.76000      0.15964      0.15964
     -1.75000      0.00978      0.00978
     -1.74000      0.00126      0.00126
     -1.73000      0.02637      0.02637
     -1.72000      0.24654      0.24654
     -1.71000      0.85808      0.85808
     -1.70000      1.29280      1.29280
     -1.69000      2.07539      2.07539
     -1.68000      4.53398      4.53398
     -1.67000      6.84047      6.84047
     -1.66000      9.13328      9.13328
     -1.65000      7.96309      7.96309
     -1.64000      3.55647      3.55647
     -1.63000      1.51955      1.51955
     -1.62000      0.68400      0.68400
     -1.61000      0.14573      0.14573
     -1.60000      0.01174      0.01174
     -1.59000      0.00112      0.00112
     -1.58000      0.02532      0.02532
     -1.57000      0.30557      0.30557
     -1.56000      1.35678      1.35678
     -1.55000      2.21625      2.21625
     -1.54000      1.33217      1.33217
     -1.53000      0.30939      0.30939
     -1.52000      0.23839      0.23839
     -1.51000      1.13001      1.13001
     -1.50000      2.18771      2.18771
     -1.49000      1.55912      1.55912
     -1.48000      0.40877      0.40877
     -1.47000      0.03943      0.03943
     -1.46000      0.00140      0.00140
     -1.45000      0.00002      0.00002
     -1.44000      0.00006      0.00006
     -1.43000      0.00318      0.00318
     -1.42000      0.06044      0.06044
     -1.41000      0.44848      0.44848
     -1.40000      1.46753      1.46753
     -1.39000      2.57403      2.57403
     -1.38000      2.48347      2.48347
     -1.37000      1.09407      1.09407
     -1.36000      0.22176      0.22176
     -1.35000      0.36473      0.36473
     -1.34000      1.45472      1.45472
     -1.33000      2.21060      2.21060
     -1.32000      1.27202      1.27202
     -1.31000      0.56239      0.56239
     -1.30000      0.94548      0.94548
     -1.29000      1.02301      1.02301
     -1.28000      0.41520      0.41520
     -1.27000      0.06203      0.06203
     -1.26000      0.00341      0.00341
     -1.25000      0.00007      0.00007
     -1.24000      0.00000      0.00000
     -1.23000      0.00015      0.00015
     -1.22000      0.00796      0.00796
     -1.21000      0.15809      0.15809
     -1.20000      1.20197      1.20197
     -1.19000      3.53670      3.53670
     -1.18000      4.05560      4.05560
     -1.17000      1.81422      1.81422
     -1.16000      0.31492      0.31492
     -1.15000      0.02331      0.02331
     -1.14000      0.04764      0.04764
     -1.13000      0.35270      0.35270
     -1.12000      0.97145      0.97145
     -1.11000      0.98434      0.98434
     -1.10000      0.36692      0.36692
     -1.09000      0.05032      0.05032
     -1.08000      0.00314      0.00314
     -1.07000      0.01943      0.01943
     -1.06000      0.23859      0.23859
     -1.05000      1.13590      1.13590
     -1.04000      2.11545      2.11545
     -1.03000      1.55982      1.55982
     -1.02000      0.62167      0.62167
     -1.01000      1.19044      1.19044
     -1.00000      2.88985      2.88985
     -0.99000      2.86062      2.86062
     -0.98000      1.19134      1.19134
     -0.97000      0.88549      0.88549
     -0.96000      1.98879      1.98879
     -0.95000      2.16305      2.16305
     -0.94000      1.65365      1.65365
     -0.93000      1.98310      1.98310
     -0.92000      2.17779      2.17779
     -0.91000      2.01954      2.01954
     -0.90000      2.49704      2.49704
     -0.89000      4.17697      4.17697
     -0.88000      3.88082      3.88082
     -0.87000      1.42939      1.42939
     -0.86000      0.19898      0.19898
     -0.85000      0.01039      0.01039
     -0.84000      0.00020      0.00020
     -0.83000      0.00000      0.00000
     -0.82000      0.00000      0.00000
     -0.81000      0.00002      0.00002
     -0.80000      0.00129      0.00129
     -0.79000      0.03706      0.03706
     -0.78000      0.39266      0.39266
     -0.77000      1.53059      1.53059
     -0.76000      2.19549      2.19549
     -0.75000      1.17919      1.17919
     -0.74000      0.49948      0.49948
     -0.73000      1.36224      1.36224
     -0.72000      2.78853      2.78853
     -0.71000      3.24595      3.24595
     -0.70000      2.79605      2.79605
     -0.69000      2.43000      2.43000
     -0.68000      2.33721      2.33721
     -0.67000      1.18106      1.18106
     -0.66000      0.27169      0.27169
     -0.65000      0.44101      0.44101
     -0.64000      1.58637      1.58637
     -0.63000      2.18000      2.18000
     -0.62000      1.10239      1.10239
     -0.61000      0.20527      0.20527
     -0.60000      0.02303      0.02303
     -0.59000      0.15102      0.15102
     -0.58000      0.92884      0.92884
     -0.57000      2.10690      2.10690
     -0.56000      1.77275      1.77275
     -0.55000      0.75682      0.75682
     -0.54000      1.19855      1.19855
     -0.53000      2.19244      2.19244
     -0.52000      1.55083      1.55083
     -0.51000      0.40403      0.40403
     -0.50000      0.04004      0.04004
     -0.49000      0.03276      0.03276
     -0.48000      0.27493      0.27493
     -0.47000      0.88553      0.88553
     -0.46000      1.04936      1.04936
     -0.45000      0.45745      0.45745
     -0.44000      0.07336      0.07336
     -0.43000      0.00433      0.00433
     -0.42000      0.00009      0.00009
     -0.41000      0.00000      0.00000
     -0.40000      0.00000      0.00000
     -0.39000      0.00000      0.00000
     -0.38000      0.00000      0.00000
     -0.37000      0.00003      0.00003
     -0.36000      0.00182      0.00182
     -0.35000      0.04890      0.04890
     -0.34000      0.50231      0.50231
     -0.33000      2.13801      2.13801
     -0.32000      4.46163      4.46163
     -0.31000      5.27086      5.27086
     -0.30000      3.25292      3.25292
     -0.29000      0.89086      0.89086
     -0.28000      0.14847      0.14847
     -0.27000      0.37299      0.37299
     -0.26000      0.98624      0.98624
     -0.25000      0.97758      0.97758
     -0.24000      0.48806      0.48806
     -0.23000      0.92713      0.92713
     -0.22000      2.08045      2.08045
     -0.21000      1.80458      1.80458
     -0.20000      0.57645      0.57645
     -0.19000      0.06774      0.06774
     -0.18000      0.00293      0.00293
     -0.17000      0.00026      0.00026
     -0.16000      0.00803      0.00803
     -0.15000      0.11242      0.11242
     -0.14000      0.57916      0.57916
     -0.13000      1.10041      1.10041
     -0.12000      0.84402      0.84402
     -0.11000      0.99284      0.99284
     -0.10000      3.04666      3.04666
     -0.09000      4.34136      4.34136
     -0.08000      2.34913      2.34913
     -0.07000      0.52367      0.52367
     -0.06000      0.48341      0.48341
     -0.05000      1.65215      1.65215
     -0.04000      2.53722      2.53722
     -0.03000      2.81597      2.81597
     -0.02000      3.40928      3.40928
     -0.01000      2.29530      2.29530
      0.00000      0.62108      0.62108
      0.01000      0.08915      0.08915
      0.02000      0.31170      0.31170
      0.03000      1.45138      1.45138
      0.04000      2.93494      2.93494
      0.05000      3.28951      3.28951
      0.06000      2.25229      2.25229
      0.07000      0.74452      0.74452
      0.08000      0.09830      0.09830
      0.09000      0.00486      0.00486
      0.10000      0.00009      0.00009
      0.11000      0.00000      0.00000
      0.12000      0.00004      0.00004
      0.13000      0.00251      0.00251
      0.14000      0.06058      0.06058
      0.15000      0.53758      0.53758
      0.16000      1.75504      1.75504
      0.17000      2.10786      2.10786
      0.18000      0.93132      0.93132
      0.19000      0.15138      0.15138
      0.20000      0.00905      0.00905
      0.21000      0.00020      0.00020
      0.22000      0.00000      0.00000
      0.23000      0.00000      0.00000
      0.24000      0.00000      0.00000
      0.25000      0.00000      0.00000
      0.26000      0.00011      0.00011
      0.27000      0.00644      0.00644
      0.28000      0.13407      0.13407
      0.29000      1.03254      1.03254
      0.30000      3.04164      3.04164
      0.31000      4.12866      4.12866
      0.32000      4.43853      4.43853
      0.33000      4.14986      4.14986
      0.34000      2.04653      2.04653
      0.35000      0.43049      0.43049
      0.36000      0.06781      0.06781
      0.37000      0.27952      0.27952
      0.38000      0.88999      0.88999
      0.39000      1.04673      1.04673
      0.40000      0.45289      0.45289
      0.41000      0.07209      0.07209
      0.42000      0.00422      0.00422
      0.43000      0.00013      0.00013
      0.44000      0.00264      0.00264
      0.45000      0.06292      0.06292
      0.46000      0.55461      0.55461
      0.47000      1.86476      1.86476
      0.48000      2.80038      2.80038
      0.49000      2.85720      2.85720
      0.50000      2.19498      2.19498
      0.51000      1.48166      1.48166
      0.52000      2.90838      2.90838
      0.53000      4.58342      4.58342
      0.54000      4.37752      4.37752
      0.55000      3.93730      3.93730
      0.56000      2.30919      2.30919
      0.57000      0.56651      0.56651
      0.58000      0.05223      0.05223
      0.59000      0.00178      0.00178
      0.60000      0.00002      0.00002
      0.61000      0.00000      0.00000
      0.62000      0.00000      0.00000
      0.63000      0.00000      0.00000
      0.64000      0.00000      0.00000
      0.65000      0.00000      0.00000
      0.66000      0.00005      0.00005
      0.67000      0.00309      0.00309
      0.68000      0.07045      0.07045
      0.69000      0.59066      0.59066
      0.70000      1.82167      1.82167
      0.71000      2.06685      2.06685
      0.72000      0.86269      0.86269
      0.73000      0.13247      0.13247
      0.74000      0.00748      0.00748
      0.75000      0.00016      0.00016
      0.76000      0.00000      0.00000
      0.77000      0.00012      0.00012
      0.78000      0.00602      0.00602
      0.79000      0.11096      0.11096
      0.80000      0.76509      0.76509
      0.81000      1.97473      1.97473
      0.82000      1.90897      1.90897
      0.83000      0.69121      0.69121
      0.84000      0.09665      0.09665
      0.85000      0.07351      0.07351
      0.86000      0.58228      0.58228
      0.87000      1.82502      1.82502
      0.88000      2.27814      2.27814
      0.89000      1.98559      1.98559
      0.90000      2.51222      2.51222
      0.91000      2.75241      2.75241
      0.92000      3.11465      3.11465
      0.93000      2.74693      2.74693
      0.94000      1.27321      1.27321
      0.95000      0.28969      0.28969
      0.96000      0.18449      0.18449
      0.97000      0.69282      0.69282
      0.98000      1.10776      1.10776
      0.99000      0.65575      0.65575
      1.00000      0.21624      0.21624
      1.01000      0.62460      0.62460
      1.02000      1.84831      1.84831
      1.03000      2.04834      2.04834
      1.04000      0.83525      0.83525
      1.05000      0.12529      0.12529
      1.06000      0.00691      0.00691
      1.07000      0.00014      0.00014
      1.08000      0.00024      0.00024
      1.09000      0.01207      0.01207
      1.10000      0.22464      0.22464
      1.11000      1.55276      1.55276
      1.12000      3.98644      3.98644
      1.13000      3.80193      3.80193
      1.14000      1.34703      1.34703
      1.15000      0.18073      0.18073
      1.16000      0.08554      0.08554
      1.17000      0.62349      0.62349
      1.18000      1.85920      1.85920
      1.19000      2.04002      2.04002
      1.20000      0.82347      0.82347
      1.21000      0.12228      0.12228
      1.22000      0.00668      0.00668
      1.23000      0.00087      0.00087
      1.24000      0.02438      0.02438
      1.25000      0.29803      0.29803
      1.26000      1.33996      1.33996
      1.27000      2.21633      2.21633
      1.28000      1.34860      1.34860
      1.29000      0.30188      0.30188
      1.30000      0.02486      0.02486
      1.31000      0.00075      0.00075
      1.32000      0.00001      0.00001
      1.33000      0.00000      0.00000
      1.34000      0.00000      0.00000
      1.35000      0.00033      0.00033
      1.36000      0.01378      0.01378
      1.37000      0.21662      0.21662
      1.38000      1.33713      1.33713
      1.39000      3.41990      3.41990
      1.40000      3.82075      3.82075
      1.41000      1.87994      1.87994
      1.42000      0.38954      0.38954
      1.43000      0.03212      0.03212
      1.44000      0.00232      0.00232
      1.45000      0.03798      0.03798
      1.46000      0.41057      0.41057
      1.47000      1.74398      1.74398
      1.48000      3.33544      3.33544
      1.49000      3.74380      3.74380
      1.50000      3.39412      3.39412
      1.51000      2.91146      2.91146
      1.52000      2.87821      2.87821
      1.53000      4.92037      4.92037
      1.54000      5.92954      5.92954
      1.55000      3.25956      3.25956
      1.56000      0.96197      0.96197
      1.57000      0.89462      0.89462
      1.58000      1.07909      1.07909
      1.59000      0.52989      0.52989
      1.60000      0.37191      0.37191
      1.61000      1.78820      1.78820
      1.62000      4.20612      4.20612
      1.63000      4.06469      4.06469
      1.64000      2.98768      2.98768
      1.65000      3.36401      3.36401
      1.66000      3.21530      3.21530
      1.67000      1.81289      1.81289
      1.68000      0.63255      0.63255
      1.69000      1.06209      1.06209
      1.70000      2.15081      2.15081
      1.71000      1.67068      1.67068
      1.72000      0.47776      0.47776
      1.73000      0.05026      0.05026
      1.74000      0.00195      0.00195
      1.75000      0.00003      0.00003
      1.76000      0.00000      0.00000
      1.77000      0.00000      0.00000
      1.78000      0.00000      0.00000
      1.79000      0.00000      0.00000
      1.80000      0.00058      0.00058
      1.81000      0.02036      0.02036
      1.82000      0.26420      0.26420
      1.83000      1.26556      1.26556
      1.84000      2.30172      2.30172
      1.85000      2.00261      2.00261
      1.86000      1.87809      1.87809
      1.87000      1.93172      1.93172
      1.88000      1.12796      1.12796
      1.89000      0.41213      0.41213
      1.90000      0.84291      0.84291
      1.91000      2.03294      2.03294
      1.92000      1.87009      1.87009
      1.93000      0.63323      0.63323
      1.94000      0.07915      0.07915
      1.95000      0.01311      0.01311
      1.96000      0.12607      0.12607
      1.97000      0.61538      0.61538
      1.98000      1.12123      1.12123
      1.99000      1.01390      1.01390
      2.00000      1.99063      1.99063
      2.01000      4.65391      4.65391
      2.02000      5.47810      5.47810
      2.03000      3.69013      3.69013
      2.04000      1.46896      1.46896
      2.05000      0.81463      0.81463
      2.06000      2.21829      2.21829
      2.07000      3.79059      3.79059
      2.08000      3.25494      3.25494
      2.09000      2.09388      2.09388
      2.10000      2.28463      2.28463
      2.11000      1.79231      1.79231
      2.12000      0.60315      0.60315
      2.13000      0.41863      0.41863
      2.14000      0.97624      0.97624
      2.15000      0.98732      0.98732
      2.16000      0.44428      0.44428
      2.17000      0.52875      0.52875
      2.18000      1.06394      1.06394
      2.19000      0.88102      0.88102
      2.20000      0.44087      0.44087
      2.21000      0.76695      0.76695
      2.22000      1.11769      1.11769
      2.23000      0.80799      0.80799
      2.24000      1.21519      1.21519
      2.25000      2.18682      2.18682
      2.26000      1.62059      1.62059
      2.27000      0.73035      0.73035
      2.28000      1.38722      1.38722
      2.29000      2.21790      2.21790
      2.30000      1.34405      1.34405
      2.31000      0.30028      0.30028
      2.32000      0.04124      0.04124
      2.33000      0.23108      0.23108
      2.34000      1.17321      1.17321
      2.35000      2.19869      2.19869
      2.36000      1.53150      1.53150
      2.37000      0.62267      0.62267
      2.38000      1.41351      1.41351
      2.39000      3.35829      3.35829
      2.40000      3.74133      3.74133
      2.41000      2.05379      2.05379
      2.42000      1.28956      1.28956
      2.43000      2.10462      2.10462
      2.44000      1.82315      1.82315
      2.45000      0.59084      0.59084
      2.46000      0.07049      0.07049
      2.47000      0.00309      0.00309
      2.48000      0.00005      0.00005
      2.49000      0.00000      0.00000
      2.50000      0.00000      0.00000
      2.51000      0.00000      0.00000
      2.52000      0.00000      0.00000
      2.53000      0.00000      0.00000
      2.54000      0.00000      0.00000
      2.55000      0.00000      0.00000
      2.56000      0.00000      0.00000
      2.57000      0.00000      0.00000
      2.58000      0.00009      0.00009
      2.59000      0.00475      0.00475
      2.60000      0.09604      0.09604
      2.61000      0.71812      0.71812
      2.62000      2.04887      2.04887
      2.63000      2.68727      2.68727
      2.64000      2.68731      2.68731
      2.65000      2.04940      2.04940
      2.66000      0.72477      0.72477
      2.67000      0.19142      0.19142
      2.68000      0.53440      0.53440
      2.69000      1.08298      1.08298
      2.70000      0.81847      0.81847
      2.71000      0.32032      0.32032
      2.72000      0.87641      0.87641
      2.73000      3.00739      3.00739
      2.74000      4.21536      4.21536
      2.75000      2.36480      2.36480
      2.76000      0.55416      0.55416
      2.77000      0.30346      0.30346
      2.78000      0.86417      0.86417
      2.79000      1.06208      1.06208
      2.80000      0.48901      0.48901
      2.81000      0.19390      0.19390
      2.82000      0.58779      0.58779
      2.83000      1.09844      1.09844
      2.84000      0.76136      0.76136
      2.85000      0.19431      0.19431
      2.86000      0.02470      0.02470
      2.87000      0.10081      0.10081
      2.88000      0.61456      0.61456
      2.89000      1.74936      1.74936
      2.90000      2.98878      2.98878
      2.91000      3.78371      3.78371
      2.92000      4.23209      4.23209
      2.93000      3.70938      3.70938
      2.94000      1.82243      1.82243
      2.95000      0.40096      0.40096
      2.96000      0.03644      0.03644
      2.97000      0.03921      0.03921
      2.98000      0.44185      0.44185
      2.99000      2.04279      2.04279
      3.00000      3.94491      3.94491
      3.01000      3.28933      3.28933
      3.02000      1.17218      1.17218
      3.03000      0.17082      0.17082
      3.04000      0.00973      0.00973
      3.05000      0.00021      0.00021
      3.06000      0.00001      0.00001
      3.07000      0.00106      0.00106
      3.08000      0.03220      0.03220
      3.09000      0.35878      0.35878
      3.10000      1.48523      1.48523
      3.11000      2.46053      2.46053
      3.12000      2.45571      2.45571
      3.13000      2.45784      2.45784
      3.14000      1.47398      1.47398
      3.15000      0.35326      0.35326
      3.16000      0.03145      0.03145
      3.17000      0.00103      0.00103
      3.18000      0.00001      0.00001
      3.19000      0.00000      0.00000
      3.20000      0.00000      0.00000
      3.21000      0.00000      0.00000
      3.22000      0.00000      0.00000
      3.23000      0.00000      0.00000
      3.24000      0.00000      0.00000
      3.25000      0.00000      0.00000
      3.26000      0.00000      0.00000
      3.27000      0.00000      0.00000
      3.28000      0.00012      0.00012
      3.29000      0.00598      0.00598
