Energy-E_F (eV)    DOS (1/eV)    PDOS (1/eV)  of atom type Tl 
     -4.99000      0.00000      0.00000
     -4.98000      0.00000      0.00000
     -4.97000      0.00000      0.00000
     -4.96000      0.00000      0.00000
     -4.95000      0.00000      0.00000
     -4.94000      0.00000      0.00000
     -4.93000      0.00002      0.00002
     -4.92000      0.00039      0.00039
     -4.91000      0.00233      0.00233
     -4.90000      0.00511      0.00511
     -4.89000      0.00412      0.00412
     -4.88000      0.00122      0.00122
     -4.87000      0.00013      0.00013
     -4.86000      0.00001      0.00001
     -4.85000      0.00000      0.00000
     -4.84000      0.00000      0.00000
     -4.83000      0.00000      0.00000
     -4.82000      0.00000      0.00000
     -4.81000      0.00000      0.00000
     -4.80000      0.00000      0.00000
     -4.79000      0.00000      0.00000
     -4.78000      0.00000      0.00000
     -4.77000      0.00000      0.00000
     -4.76000      0.00000      0.00000
     -4.75000      0.00000      0.00000
     -4.74000      0.00000      0.00000
     -4.73000      0.00000      0.00000
     -4.72000      0.00000      0.00000
     -4.71000      0.00000      0.00000
     -4.70000      0.00000      0.00000
     -4.69000      0.00000      0.00000
     -4.68000      0.00000      0.00000
     -4.67000      0.00000      0.00000
     -4.66000      0.00006      0.00006
     -4.65000      0.00285      0.00285
     -4.64000      0.04604      0.04604
     -4.63000      0.27376      0.27376
     -4.62000      0.59890      0.59890
     -4.61000      0.48200      0.48200
     -4.60000      0.14271      0.14271
     -4.59000      0.01554      0.01554
     -4.58000      0.00062      0.00062
     -4.57000      0.00001      0.00001
     -4.56000      0.00000      0.00000
     -4.55000      0.00000      0.00000
     -4.54000      0.00000      0.00000
     -4.53000      0.00000      0.00000
     -4.52000      0.00012      0.00012
     -4.51000      0.00535      0.00535
     -4.50000      0.08850      0.08850
     -4.49000      0.54982      0.54982
     -4.48000      1.39688      1.39688
     -4.47000      1.97537      1.97537
     -4.46000      2.12200      2.12200
     -4.45000      1.30206      1.30206
     -4.44000      0.33719      0.33719
     -4.43000      0.03487      0.03487
     -4.42000      0.02272      0.02272
     -4.41000      0.17463      0.17463
     -4.40000      0.53162      0.53162
     -4.39000      0.68125      0.68125
     -4.38000      0.65633      0.65633
     -4.37000      0.65352      0.65352
     -4.36000      0.33454      0.33454
     -4.35000      0.06625      0.06625
     -4.34000      0.01679      0.01679
     -4.33000      0.12115      0.12115
     -4.32000      0.44880      0.44880
     -4.31000      0.61226      0.61226
     -4.30000      0.30728      0.30728
     -4.29000      0.05673      0.05673
     -4.28000      0.00385      0.00385
     -4.27000      0.00011      0.00011
     -4.26000      0.00096      0.00096
     -4.25000      0.02136      0.02136
     -4.24000      0.17398      0.17398
     -4.23000      0.52142      0.52142
     -4.22000      0.57487      0.57487
     -4.21000      0.23316      0.23316
     -4.20000      0.03479      0.03479
     -4.19000      0.00192      0.00192
     -4.18000      0.00093      0.00093
     -4.17000      0.02432      0.02432
     -4.16000      0.24407      0.24407
     -4.15000      0.90095      0.90095
     -4.14000      1.22345      1.22345
     -4.13000      0.61119      0.61119
     -4.12000      0.11233      0.11233
     -4.11000      0.00771      0.00771
     -4.10000      0.00448      0.00448
     -4.09000      0.06111      0.06111
     -4.08000      0.31985      0.31985
     -4.07000      0.61589      0.61589
     -4.06000      0.43676      0.43676
     -4.05000      0.12932      0.12932
     -4.04000      0.19393      0.19393
     -4.03000      0.79727      0.79727
     -4.02000      1.43221      1.43221
     -4.01000      2.04175      2.04175
     -4.00000      3.77868      3.77868
     -3.99000      4.21753      4.21753
     -3.98000      2.83378      2.83378
     -3.97000      1.91642      1.91642
     -3.96000      1.10667      1.10667
     -3.95000      0.36698      0.36698
     -3.94000      0.05634      0.05634
     -3.93000      0.00352      0.00352
     -3.92000      0.00109      0.00109
     -3.91000      0.02669      0.02669
     -3.90000      0.25903      0.25903
     -3.89000      0.92490      0.92490
     -3.88000      1.21491      1.21491
     -3.87000      0.58709      0.58709
     -3.86000      0.10438      0.10438
     -3.85000      0.00765      0.00765
     -3.84000      0.01931      0.01931
     -3.83000      0.16262      0.16262
     -3.82000      0.50813      0.50813
     -3.81000      0.58409      0.58409
     -3.80000      0.24700      0.24700
     -3.79000      0.03842      0.03842
     -3.78000      0.00228      0.00228
     -3.77000      0.00392      0.00392
     -3.76000      0.07024      0.07024
     -3.75000      0.46891      0.46891
     -3.74000      1.15156      1.15156
     -3.73000      1.04126      1.04126
     -3.72000      0.37143      0.37143
     -3.71000      0.32254      0.32254
     -3.70000      1.16710      1.16710
     -3.69000      1.84148      1.84148
     -3.68000      1.10291      1.10291
     -3.67000      0.24928      0.24928
     -3.66000      0.02117      0.02117
     -3.65000      0.00113      0.00113
     -3.64000      0.01486      0.01486
     -3.63000      0.17821      0.17821
     -3.62000      0.81442      0.81442
     -3.61000      1.63611      1.63611
     -3.60000      2.21783      2.21783
     -3.59000      2.48646      2.48646
     -3.58000      1.55387      1.55387
     -3.57000      0.42411      0.42411
     -3.56000      0.04665      0.04665
     -3.55000      0.00211      0.00211
     -3.54000      0.00462      0.00462
     -3.53000      0.06394      0.06394
     -3.52000      0.32805      0.32805
     -3.51000      0.63076      0.63076
     -3.50000      0.59221      0.59221
     -3.49000      0.90459      0.90459
     -3.48000      1.74387      1.74387
     -3.47000      2.40825      2.40825
     -3.46000      2.58583      2.58583
     -3.45000      2.47323      2.47323
     -3.44000      2.75638      2.75638
     -3.43000      2.74913      2.74913
     -3.42000      2.69013      2.69013
     -3.41000      2.28006      2.28006
     -3.40000      1.13892      1.13892
     -3.39000      0.82263      0.82263
     -3.38000      1.24300      1.24300
     -3.37000      0.88987      0.88987
     -3.36000      0.29921      0.29921
     -3.35000      0.60337      0.60337
     -3.34000      1.97718      1.97718
     -3.33000      2.63896      2.63896
     -3.32000      1.67060      1.67060
     -3.31000      0.68808      0.68808
     -3.30000      0.18260      0.18260
     -3.29000      0.16861      0.16861
     -3.28000      0.87314      0.87314
     -3.27000      2.20269      2.20269
     -3.26000      2.62331      2.62331
     -3.25000      1.51006      1.51006
     -3.24000      0.40973      0.40973
     -3.23000      0.18947      0.18947
     -3.22000      0.79855      0.79855
     -3.21000      2.24983      2.24983
     -3.20000      3.41089      3.41089
     -3.19000      3.05090      3.05090
     -3.18000      2.43598      2.43598
     -3.17000      2.52188      2.52188
     -3.16000      3.22350      3.22350
     -3.15000      3.51427      3.51427
     -3.14000      2.45100      2.45100
     -3.13000      0.99360      0.99360
     -3.12000      0.34040      0.34040
     -3.11000      0.76116      0.76116
     -3.10000      1.56860      1.56860
     -3.09000      1.82788      1.82788
     -3.08000      1.46495      1.46495
     -3.07000      0.99061      0.99061
     -3.06000      1.17782      1.17782
     -3.05000      1.78929      1.78929
     -3.04000      2.12850      2.12850
     -3.03000      1.55770      1.55770
     -3.02000      0.63252      0.63252
     -3.01000      0.60949      0.60949
     -3.00000      1.52606      1.52606
     -2.99000      1.76431      1.76431
     -2.98000      1.08481      1.08481
     -2.97000      0.83091      0.83091
     -2.96000      0.93629      0.93629
     -2.95000      1.38270      1.38270
     -2.94000      1.98014      1.98014
     -2.93000      3.25906      3.25906
     -2.92000      3.92917      3.92917
     -2.91000      2.82168      2.82168
     -2.90000      1.36142      1.36142
     -2.89000      0.38836      0.38836
     -2.88000      0.28664      0.28664
     -2.87000      0.92516      0.92516
     -2.86000      1.40272      1.40272
     -2.85000      1.13840      1.13840
     -2.84000      0.68279      0.68279
     -2.83000      0.23468      0.23468
     -2.82000      0.03344      0.03344
     -2.81000      0.00182      0.00182
     -2.80000      0.00223      0.00223
     -2.79000      0.05391      0.05391
     -2.78000      0.50698      0.50698
     -2.77000      1.86550      1.86550
     -2.76000      2.81020      2.81020
     -2.75000      1.87585      1.87585
     -2.74000      0.60021      0.60021
     -2.73000      0.09142      0.09142
     -2.72000      0.00606      0.00606
     -2.71000      0.00016      0.00016
     -2.70000      0.00000      0.00000
     -2.69000      0.00000      0.00000
     -2.68000      0.00000      0.00000
     -2.67000      0.00000      0.00000
     -2.66000      0.00003      0.00003
     -2.65000      0.00185      0.00185
     -2.64000      0.04615      0.04615
     -2.63000      0.44131      0.44131
     -2.62000      1.64048      1.64048
     -2.61000      2.39707      2.39707
     -2.60000      1.38203      1.38203
     -2.59000      0.31279      0.31279
     -2.58000      0.03172      0.03172
     -2.57000      0.08751      0.08751
     -2.56000      0.69720      0.69720
     -2.55000      2.40104      2.40104
     -2.54000      4.04999      4.04999
     -2.53000      4.26304      4.26304
     -2.52000      3.64672      3.64672
     -2.51000      2.41287      2.41287
     -2.50000      0.96766      0.96766
     -2.49000      0.20084      0.20084
     -2.48000      0.01896      0.01896
     -2.47000      0.00082      0.00082
     -2.46000      0.00450      0.00450
     -2.45000      0.08050      0.08050
     -2.44000      0.56315      0.56315
     -2.43000      1.69707      1.69707
     -2.42000      2.56206      2.56206
     -2.41000      2.04094      2.04094
     -2.40000      0.84739      0.84739
     -2.39000      0.51724      0.51724
     -2.38000      0.62936      0.62936
     -2.37000      0.37074      0.37074
     -2.36000      0.26847      0.26847
     -2.35000      0.81670      0.81670
     -2.34000      1.24357      1.24357
     -2.33000      0.70130      0.70130
     -2.32000      0.14610      0.14610
     -2.31000      0.02730      0.02730
     -2.30000      0.17152      0.17152
     -2.29000      0.71123      0.71123
     -2.28000      1.18513      1.18513
     -2.27000      0.79963      0.79963
     -2.26000      0.21686      0.21686
     -2.25000      0.02318      0.02318
     -2.24000      0.00096      0.00096
     -2.23000      0.00001      0.00001
     -2.22000      0.00000      0.00000
     -2.21000      0.00000      0.00000
     -2.20000      0.00001      0.00001
     -2.19000      0.00046      0.00046
     -2.18000      0.01505      0.01505
     -2.17000      0.18424      0.18424
     -2.16000      0.88434      0.88434
     -2.15000      1.85927      1.85927
     -2.14000      2.05854      2.05854
     -2.13000      1.48162      1.48162
     -2.12000      0.93600      0.93600
     -2.11000      0.66986      0.66986
     -2.10000      0.68115      0.68115
     -2.09000      0.46388      0.46388
     -2.08000      0.12715      0.12715
     -2.07000      0.01356      0.01356
     -2.06000      0.01604      0.01604
     -2.05000      0.14398      0.14398
     -2.04000      0.51492      0.51492
     -2.03000      0.90161      0.90161
     -2.02000      1.37303      1.37303
     -2.01000      2.04817      2.04817
     -2.00000      2.78311      2.78311
     -1.99000      2.97521      2.97521
     -1.98000      2.29435      2.29435
     -1.97000      1.62315      1.62315
     -1.96000      0.77670      0.77670
     -1.95000      0.18117      0.18117
     -1.94000      0.22197      0.22197
     -1.93000      0.83979      0.83979
     -1.92000      1.24503      1.24503
     -1.91000      0.74884      0.74884
     -1.90000      0.49259      0.49259
     -1.89000      0.63236      0.63236
     -1.88000      0.39834      0.39834
     -1.87000      0.09453      0.09453
     -1.86000      0.03225      0.03225
     -1.85000      0.24422      0.24422
     -1.84000      0.92788      0.92788
     -1.83000      1.49727      1.49727
     -1.82000      1.56509      1.56509
     -1.81000      1.39376      1.39376
     -1.80000      0.92886      0.92886
     -1.79000      0.73401      0.73401
     -1.78000      0.61958      0.61958
     -1.77000      1.28027      1.28027
     -1.76000      2.44227      2.44227
     -1.75000      1.85608      1.85608
     -1.74000      0.70340      0.70340
     -1.73000      0.85818      0.85818
     -1.72000      1.25401      1.25401
     -1.71000      0.83870      0.83870
     -1.70000      0.95070      0.95070
     -1.69000      1.86512      1.86512
     -1.68000      1.98111      1.98111
     -1.67000      1.93889      1.93889
     -1.66000      1.75881      1.75881
     -1.65000      0.78438      0.78438
     -1.64000      0.41575      0.41575
     -1.63000      1.38233      1.38233
     -1.62000      2.63161      2.63161
     -1.61000      2.54832      2.54832
     -1.60000      2.19615      2.19615
     -1.59000      1.95328      1.95328
     -1.58000      1.37353      1.37353
     -1.57000      1.57373      1.57373
     -1.56000      2.94096      2.94096
     -1.55000      3.23520      3.23520
     -1.54000      3.02839      3.02839
     -1.53000      3.33469      3.33469
     -1.52000      2.35599      2.35599
     -1.51000      0.73742      0.73742
     -1.50000      0.09096      0.09096
     -1.49000      0.00554      0.00554
     -1.48000      0.03202      0.03202
     -1.47000      0.29037      0.29037
     -1.46000      0.97093      0.97093
     -1.45000      1.19435      1.19435
     -1.44000      0.54050      0.54050
     -1.43000      0.09088      0.09088
     -1.42000      0.02593      0.02593
     -1.41000      0.16935      0.16935
     -1.40000      0.51668      0.51668
     -1.39000      0.60161      0.60161
     -1.38000      0.52179      0.52179
     -1.37000      1.37632      1.37632
     -1.36000      2.48154      2.48154
     -1.35000      2.13841      2.13841
     -1.34000      1.86075      1.86075
     -1.33000      1.78378      1.78378
     -1.32000      0.85146      0.85146
     -1.31000      0.16429      0.16429
     -1.30000      0.01290      0.01290
     -1.29000      0.01700      0.01700
     -1.28000      0.21750      0.21750
     -1.27000      1.04969      1.04969
     -1.26000      1.90495      1.90495
     -1.25000      1.66549      1.66549
     -1.24000      2.02005      2.02005
     -1.23000      2.49162      2.49162
     -1.22000      1.30003      1.30003
     -1.21000      0.25248      0.25248
     -1.20000      0.01809      0.01809
     -1.19000      0.00053      0.00053
     -1.18000      0.00290      0.00290
     -1.17000      0.05719      0.05719
     -1.16000      0.41549      0.41549
     -1.15000      1.11635      1.11635
     -1.14000      1.20014      1.20014
     -1.13000      1.08247      1.08247
     -1.12000      1.72470      1.72470
     -1.11000      1.56986      1.56986
     -1.10000      0.56282      0.56282
     -1.09000      0.08259      0.08259
     -1.08000      0.07985      0.07985
     -1.07000      0.36313      0.36313
     -1.06000      0.70541      0.70541
     -1.05000      0.91405      0.91405
     -1.04000      1.27494      1.27494
     -1.03000      1.00295      1.00295
     -1.02000      0.30874      0.30874
     -1.01000      0.04527      0.04527
     -1.00000      0.14418      0.14418
     -0.99000      0.78807      0.78807
     -0.98000      1.87352      1.87352
     -0.97000      2.28848      2.28848
     -0.96000      1.98228      1.98228
     -0.95000      1.54193      1.54193
     -0.94000      1.01465      1.01465
     -0.93000      1.28698      1.28698
     -0.92000      2.04610      2.04610
     -0.91000      2.22220      2.22220
     -0.90000      1.78468      1.78468
     -0.89000      1.59599      1.59599
     -0.88000      1.80600      1.80600
     -0.87000      1.71304      1.71304
     -0.86000      1.02979      1.02979
     -0.85000      0.28533      0.28533
     -0.84000      0.09981      0.09981
     -0.83000      0.36932      0.36932
     -0.82000      0.87687      0.87687
     -0.81000      1.34112      1.34112
     -0.80000      1.42255      1.42255
     -0.79000      1.24870      1.24870
     -0.78000      1.68629      1.68629
     -0.77000      1.58242      1.58242
     -0.76000      0.74881      0.74881
     -0.75000      0.72061      0.72061
     -0.74000      1.67527      1.67527
     -0.73000      2.27223      2.27223
     -0.72000      2.21936      2.21936
     -0.71000      1.70135      1.70135
     -0.70000      0.68791      0.68791
     -0.69000      0.11948      0.11948
     -0.68000      0.09792      0.09792
     -0.67000      0.71463      0.71463
     -0.66000      2.09424      2.09424
     -0.65000      2.28629      2.28629
     -0.64000      1.03120      1.03120
     -0.63000      0.79572      0.79572
     -0.62000      1.61075      1.61075
     -0.61000      1.86106      1.86106
     -0.60000      1.30442      1.30442
     -0.59000      0.57144      0.57144
     -0.58000      0.12432      0.12432
     -0.57000      0.01909      0.01909
     -0.56000      0.09300      0.09300
     -0.55000      0.39593      0.39593
     -0.54000      0.62265      0.62265
     -0.53000      0.36023      0.36023
     -0.52000      0.07668      0.07668
     -0.51000      0.00672      0.00672
     -0.50000      0.02262      0.02262
     -0.49000      0.26271      0.26271
     -0.48000      1.15088      1.15088
     -0.47000      1.97465      1.97465
     -0.46000      1.81045      1.81045
     -0.45000      2.02576      2.02576
     -0.44000      2.88245      2.88245
     -0.43000      3.47175      3.47175
     -0.42000      2.53761      2.53761
     -0.41000      0.90503      0.90503
     -0.40000      0.20568      0.20568
     -0.39000      0.46698      0.46698
     -0.38000      1.14430      1.14430
     -0.37000      1.05029      1.05029
     -0.36000      0.35528      0.35528
     -0.35000      0.06178      0.06178
     -0.34000      0.20056      0.20056
     -0.33000      0.81888      0.81888
     -0.32000      1.24240      1.24240
     -0.31000      0.69346      0.69346
     -0.30000      0.14253      0.14253
     -0.29000      0.01676      0.01676
     -0.28000      0.09577      0.09577
     -0.27000      0.55876      0.55876
     -0.26000      1.20307      1.20307
     -0.25000      0.95293      0.95293
     -0.24000      0.27767      0.27767
     -0.23000      0.03006      0.03006
     -0.22000      0.01178      0.01178
     -0.21000      0.14143      0.14143
     -0.20000      0.70144      0.70144
     -0.19000      1.35973      1.35973
     -0.18000      1.26732      1.26732
     -0.17000      0.85047      0.85047
     -0.16000      0.64518      0.64518
     -0.15000      1.07298      1.07298
     -0.14000      1.29901      1.29901
     -0.13000      0.99205      0.99205
     -0.12000      1.17147      1.17147
     -0.11000      2.51619      2.51619
     -0.10000      4.40369      4.40369
     -0.09000      3.78667      3.78667
     -0.08000      1.46308      1.46308
     -0.07000      0.58428      0.58428
     -0.06000      1.35222      1.35222
     -0.05000      2.17066      2.17066
     -0.04000      1.65860      1.65860
     -0.03000      0.59880      0.59880
     -0.02000      0.25646      0.25646
     -0.01000      0.76149      0.76149
      0.00000      1.25221      1.25221
      0.01000      0.85822      0.85822
      0.02000      0.91034      0.91034
      0.03000      2.14805      2.14805
      0.04000      2.72074      2.72074
      0.05000      2.10586      2.10586
      0.06000      1.18337      1.18337
      0.07000      0.39087      0.39087
      0.08000      0.33362      0.33362
      0.09000      0.78779      0.78779
      0.10000      1.27039      1.27039
      0.11000      1.38757      1.38757
      0.12000      0.79059      0.79059
      0.13000      0.67260      0.67260
      0.14000      1.83825      1.83825
      0.15000      2.41304      2.41304
      0.16000      1.19857      1.19857
      0.17000      0.26922      0.26922
      0.18000      0.38287      0.38287
      0.19000      1.06422      1.06422
      0.20000      1.13380      1.13380
      0.21000      0.45793      0.45793
      0.22000      0.21550      0.21550
      0.23000      0.78841      0.78841
      0.24000      2.34178      2.34178
      0.25000      3.84584      3.84584
      0.26000      2.86442      2.86442
      0.27000      1.03506      1.03506
      0.28000      0.86711      0.86711
      0.29000      1.22484      1.22484
      0.30000      0.74342      0.74342
      0.31000      0.17338      0.17338
      0.32000      0.01561      0.01561
      0.33000      0.00835      0.00835
      0.34000      0.11471      0.11471
      0.35000      0.61830      0.61830
      0.36000      1.23027      1.23027
      0.37000      0.97325      0.97325
      0.38000      0.74487      0.74487
      0.39000      1.24879      1.24879
      0.40000      1.46703      1.46703
      0.41000      1.95736      1.95736
      0.42000      2.64231      2.64231
      0.43000      2.07482      2.07482
      0.44000      0.82625      0.82625
      0.45000      0.14606      0.14606
      0.46000      0.01457      0.01457
      0.47000      0.07578      0.07578
      0.48000      0.48908      0.48908
      0.49000      1.16953      1.16953
      0.50000      1.09940      1.09940
      0.51000      0.82891      0.82891
      0.52000      1.22290      1.22290
      0.53000      1.18601      1.18601
      0.54000      1.23228      1.23228
      0.55000      1.84431      1.84431
      0.56000      1.37290      1.37290
      0.57000      0.57471      0.57471
      0.58000      0.84127      0.84127
      0.59000      1.24636      1.24636
      0.60000      0.71288      0.71288
      0.61000      0.15337      0.15337
      0.62000      0.07751      0.07751
      0.63000      0.52818      0.52818
      0.64000      1.70626      1.70626
      0.65000      2.34566      2.34566
      0.66000      1.69295      1.69295
      0.67000      1.51041      1.51041
      0.68000      1.63643      1.63643
      0.69000      1.04941      1.04941
      0.70000      0.39088      0.39088
      0.71000      0.53876      0.53876
      0.72000      1.99249      1.99249
      0.73000      3.07192      3.07192
      0.74000      1.80683      1.80683
      0.75000      0.57976      0.57976
      0.76000      0.85441      0.85441
      0.77000      1.53207      1.53207
      0.78000      1.69944      1.69944
      0.79000      1.56546      1.56546
      0.80000      1.79791      1.79791
      0.81000      2.97442      2.97442
      0.82000      3.17583      3.17583
      0.83000      2.14799      2.14799
      0.84000      0.98592      0.98592
      0.85000      0.25743      0.25743
      0.86000      0.08067      0.08067
      0.87000      0.29085      0.29085
      0.88000      0.60587      0.60587
      0.89000      0.46653      0.46653
      0.90000      0.13358      0.13358
      0.91000      0.05163      0.05163
      0.92000      0.37115      0.37115
      0.93000      1.34852      1.34852
      0.94000      1.83361      1.83361
      0.95000      1.04525      1.04525
      0.96000      0.82362      0.82362
      0.97000      1.28329      1.28329
      0.98000      1.19596      1.19596
      0.99000      1.39496      1.39496
      1.00000      1.83965      1.83965
