Energy-E_F (eV)    DOS (1/eV)    PDOS (1/eV)  of atom type Tl 
     -4.99000      0.00000      0.00000
     -4.98000      0.00000      0.00000
     -4.97000      0.00000      0.00000
     -4.96000      0.00000      0.00000
     -4.95000      0.00000      0.00000
     -4.94000      0.00000      0.00000
     -4.93000      0.00005      0.00000
     -4.92000      0.00078      0.00000
     -4.91000      0.00466      0.00000
     -4.90000      0.01022      0.00000
     -4.89000      0.00823      0.00000
     -4.88000      0.00244      0.00000
     -4.87000      0.00027      0.00000
     -4.86000      0.00001      0.00000
     -4.85000      0.00000      0.00000
     -4.84000      0.00000      0.00000
     -4.83000      0.00000      0.00000
     -4.82000      0.00000      0.00000
     -4.81000      0.00000      0.00000
     -4.80000      0.00000      0.00000
     -4.79000      0.00000      0.00000
     -4.78000      0.00000      0.00000
     -4.77000      0.00000      0.00000
     -4.76000      0.00000      0.00000
     -4.75000      0.00000      0.00000
     -4.74000      0.00000      0.00000
     -4.73000      0.00000      0.00000
     -4.72000      0.00000      0.00000
     -4.71000      0.00000      0.00000
     -4.70000      0.00000      0.00000
     -4.69000      0.00000      0.00000
     -4.68000      0.00000      0.00000
     -4.67000      0.00000      0.00000
     -4.66000      0.00013      0.00000
     -4.65000      0.00570      0.00000
     -4.64000      0.09207      0.00000
     -4.63000      0.54752      0.00000
     -4.62000      1.19781      0.00000
     -4.61000      0.96400      0.00000
     -4.60000      0.28541      0.00000
     -4.59000      0.03109      0.00000
     -4.58000      0.00125      0.00000
     -4.57000      0.00002      0.00000
     -4.56000      0.00000      0.00000
     -4.55000      0.00000      0.00000
     -4.54000      0.00000      0.00000
     -4.53000      0.00000      0.00000
     -4.52000      0.00042      0.00000
     -4.51000      0.01650      0.00000
     -4.50000      0.23882      0.00000
     -4.49000      1.29799      0.00000
     -4.48000      2.91580      0.00000
     -4.47000      3.85728      0.00000
     -4.46000      4.11423      0.00000
     -4.45000      2.48662      0.00000
     -4.44000      0.63203      0.00000
     -4.43000      0.06512      0.00000
     -4.42000      0.04988      0.00000
     -4.41000      0.37306      0.00000
     -4.40000      1.11149      0.00000
     -4.39000      1.48390      0.00000
     -4.38000      1.48937      0.00000
     -4.37000      1.20791      0.00000
     -4.36000      0.46289      0.00000
     -4.35000      0.06950      0.00000
     -4.34000      0.04062      0.00000
     -4.33000      0.31810      0.00000
     -4.32000      1.00735      0.00000
     -4.31000      1.17383      0.00000
     -4.30000      0.50320      0.00000
     -4.29000      0.07936      0.00000
     -4.28000      0.00460      0.00000
     -4.27000      0.00013      0.00000
     -4.26000      0.00199      0.00000
     -4.25000      0.04370      0.00000
     -4.24000      0.35288      0.00000
     -4.23000      1.04828      0.00000
     -4.22000      1.14563      0.00000
     -4.21000      0.46059      0.00000
     -4.20000      0.06812      0.00000
     -4.19000      0.00373      0.00000
     -4.18000      0.00186      0.00000
     -4.17000      0.04865      0.00000
     -4.16000      0.48814      0.00000
     -4.15000      1.80189      0.00000
     -4.14000      2.44690      0.00000
     -4.13000      1.22239      0.00000
     -4.12000      0.22466      0.00000
     -4.11000      0.01566      0.00000
     -4.10000      0.01562      0.00000
     -4.09000      0.17985      0.00000
     -4.08000      0.78050      0.00000
     -4.07000      1.24611      0.00000
     -4.06000      0.73572      0.00000
     -4.05000      0.24430      0.00000
     -4.04000      0.71518      0.00000
     -4.03000      2.17637      0.00000
     -4.02000      3.25500      0.00000
     -4.01000      5.27538      0.00000
     -4.00000      8.67569      0.00000
     -3.99000      8.22606      0.00000
     -3.98000      4.77195      0.00000
     -3.97000      2.35980      0.00000
     -3.96000      1.36621      0.00000
     -3.95000      0.51621      0.00000
     -3.94000      0.08017      0.00000
     -3.93000      0.00488      0.00000
     -3.92000      0.01043      0.00000
     -3.91000      0.17201      0.00000
     -3.90000      1.05371      0.00000
     -3.89000      2.37457      0.00000
     -3.88000      1.96858      0.00000
     -3.87000      0.60038      0.00000
     -3.86000      0.06740      0.00000
     -3.85000      0.00490      0.00000
     -3.84000      0.04580      0.00000
     -3.83000      0.36297      0.00000
     -3.82000      1.05919      0.00000
     -3.81000      1.13707      0.00000
     -3.80000      0.44906      0.00000
     -3.79000      0.06524      0.00000
     -3.78000      0.00367      0.00000
     -3.77000      0.00875      0.00000
     -3.76000      0.15223      0.00000
     -3.75000      0.98253      0.00000
     -3.74000      2.33295      0.00000
     -3.73000      2.04014      0.00000
     -3.72000      0.72010      0.00000
     -3.71000      0.75287      0.00000
     -3.70000      2.59547      0.00000
     -3.69000      3.68780      0.00000
     -3.68000      1.94421      0.00000
     -3.67000      0.37967      0.00000
     -3.66000      0.02918      0.00000
     -3.65000      0.04845      0.00000
     -3.64000      0.48235      0.00000
     -3.63000      1.80315      0.00000
     -3.62000      2.66471      0.00000
     -3.61000      2.78705      0.00000
     -3.60000      4.55889      0.00000
     -3.59000      4.95588      0.00000
     -3.58000      2.93557      0.00000
     -3.57000      1.26907      0.00000
     -3.56000      0.33050      0.00000
     -3.55000      0.03679      0.00000
     -3.54000      0.00291      0.00000
     -3.53000      0.03986      0.00000
     -3.52000      0.42911      0.00000
     -3.51000      1.70920      0.00000
     -3.50000      2.65327      0.00000
     -3.49000      2.44342      0.00000
     -3.48000      3.05624      0.00000
     -3.47000      3.58813      0.00000
     -3.46000      4.49203      0.00000
     -3.45000      6.98169      0.00000
     -3.44000      7.53500      0.00000
     -3.43000      5.23279      0.00000
     -3.42000      3.50253      0.00000
     -3.41000      2.30276      0.00000
     -3.40000      2.62174      0.00000
     -3.39000      4.25783      0.00000
     -3.38000      3.76326      0.00000
     -3.37000      1.42817      0.00000
     -3.36000      0.39898      0.00000
     -3.35000      1.29813      0.00000
     -3.34000      3.30411      0.00000
     -3.33000      3.21629      0.00000
     -3.32000      1.19193      0.00000
     -3.31000      0.18489      0.00000
     -3.30000      0.25058      0.00000
     -3.29000      1.34947      0.00000
     -3.28000      3.26621      0.00000
     -3.27000      4.54798      0.00000
     -3.26000      4.25910      0.00000
     -3.25000      2.96945      0.00000
     -3.24000      2.83463      0.00000
     -3.23000      2.42488      0.00000
     -3.22000      2.07910      0.00000
     -3.21000      3.03088      0.00000
     -3.20000      4.66301      0.00000
     -3.19000      4.62940      0.00000
     -3.18000      4.26259      0.00000
     -3.17000      5.10775      0.00000
     -3.16000      4.50347      0.00000
     -3.15000      5.11886      0.00000
     -3.14000      6.09286      0.00000
     -3.13000      3.43950      0.00000
     -3.12000      1.25246      0.00000
     -3.11000      2.11225      0.00000
     -3.10000      3.93128      0.00000
     -3.09000      4.53031      0.00000
     -3.08000      3.32536      0.00000
     -3.07000      1.86487      0.00000
     -3.06000      3.26920      0.00000
     -3.05000      4.99787      0.00000
     -3.04000      3.19171      0.00000
     -3.03000      2.08783      0.00000
     -3.02000      3.40547      0.00000
     -3.01000      3.07063      0.00000
     -3.00000      1.10866      0.00000
     -2.99000      0.34092      0.00000
     -2.98000      0.84943      0.00000
     -2.97000      1.61346      0.00000
     -2.96000      2.22321      0.00000
     -2.95000      3.88780      0.00000
     -2.94000      7.57388      0.00000
     -2.93000      9.83592      0.00000
     -2.92000      6.21252      0.00000
     -2.91000      1.77011      0.00000
     -2.90000      0.45054      0.00000
     -2.89000      1.27078      0.00000
     -2.88000      2.48596      0.00000
     -2.87000      2.03083      0.00000
     -2.86000      1.40119      0.00000
     -2.85000      1.25632      0.00000
     -2.84000      0.57877      0.00000
     -2.83000      0.10161      0.00000
     -2.82000      0.02221      0.00000
     -2.81000      0.22997      0.00000
     -2.80000      1.24531      0.00000
     -2.79000      2.60228      0.00000
     -2.78000      2.83243      0.00000
     -2.77000      3.33114      0.00000
     -2.76000      3.30212      0.00000
     -2.75000      1.65312      0.00000
     -2.74000      0.37517      0.00000
     -2.73000      0.03614      0.00000
     -2.72000      0.00138      0.00000
     -2.71000      0.00002      0.00000
     -2.70000      0.00000      0.00000
     -2.69000      0.00000      0.00000
     -2.68000      0.00000      0.00000
     -2.67000      0.00000      0.00000
     -2.66000      0.00017      0.00000
     -2.65000      0.00969      0.00000
     -2.64000      0.20078      0.00000
     -2.63000      1.53358      0.00000
     -2.62000      4.32136      0.00000
     -2.61000      4.58606      0.00000
     -2.60000      2.52266      0.00000
     -2.59000      2.44624      0.00000
     -2.58000      2.27906      0.00000
     -2.57000      1.51170      0.00000
     -2.56000      3.02378      0.00000
     -2.55000      5.48501      0.00000
     -2.54000      6.80190      0.00000
     -2.53000      7.48044      0.00000
     -2.52000      5.26615      0.00000
     -2.51000      2.04238      0.00000
     -2.50000      0.44100      0.00000
     -2.49000      0.04602      0.00000
     -2.48000      0.00348      0.00000
     -2.47000      0.04314      0.00000
     -2.46000      0.45939      0.00000
     -2.45000      1.91443      0.00000
     -2.44000      3.73528      0.00000
     -2.43000      4.63545      0.00000
     -2.42000      3.49684      0.00000
     -2.41000      1.17874      0.00000
     -2.40000      0.16688      0.00000
     -2.39000      0.19451      0.00000
     -2.38000      1.05652      0.00000
     -2.37000      2.70790      0.00000
     -2.36000      3.26325      0.00000
     -2.35000      1.74101      0.00000
     -2.34000      0.42670      0.00000
     -2.33000      0.47859      0.00000
     -2.32000      1.57214      0.00000
     -2.31000      2.31036      0.00000
     -2.30000      1.44749      0.00000
     -2.29000      0.37857      0.00000
     -2.28000      0.03967      0.00000
     -2.27000      0.00161      0.00000
     -2.26000      0.00006      0.00000
     -2.25000      0.00263      0.00000
     -2.24000      0.06474      0.00000
     -2.23000      0.58561      0.00000
     -2.22000      1.94858      0.00000
     -2.21000      2.38524      0.00000
     -2.20000      1.07412      0.00000
     -2.19000      0.17794      0.00000
     -2.18000      0.01125      0.00000
     -2.17000      0.01448      0.00000
     -2.16000      0.18950      0.00000
     -2.15000      1.05107      0.00000
     -2.14000      2.72211      0.00000
     -2.13000      3.67113      0.00000
     -2.12000      2.89386      0.00000
     -2.11000      1.48099      0.00000
     -2.10000      0.42199      0.00000
     -2.09000      0.05218      0.00000
     -2.08000      0.00249      0.00000
     -2.07000      0.00020      0.00000
     -2.06000      0.00683      0.00000
     -2.05000      0.11126      0.00000
     -2.04000      0.75067      0.00000
     -2.03000      2.54394      0.00000
     -2.02000      5.50465      0.00000
     -2.01000      8.39103      0.00000
     -2.00000      9.12659      0.00000
     -1.99000      6.87716      0.00000
     -1.98000      3.27278      0.00000
     -1.97000      0.82093      0.00000
     -1.96000      0.09004      0.00000
     -1.95000      0.00389      0.00000
     -1.94000      0.00006      0.00000
     -1.93000      0.00034      0.00000
     -1.92000      0.01180      0.00000
     -1.91000      0.15157      0.00000
     -1.90000      0.71619      0.00000
     -1.89000      1.24498      0.00000
     -1.88000      0.79801      0.00000
     -1.87000      0.23792      0.00000
     -1.86000      0.51708      0.00000
     -1.85000      1.82418      0.00000
     -1.84000      2.47338      0.00000
     -1.83000      1.58469      0.00000
     -1.82000      1.83938      0.00000
     -1.81000      2.68785      0.00000
     -1.80000      2.56315      0.00000
     -1.79000      3.66358      0.00000
     -1.78000      5.33815      0.00000
     -1.77000      5.60415      0.00000
     -1.76000      5.81453      0.00000
     -1.75000      4.68077      0.00000
     -1.74000      1.73510      0.00000
     -1.73000      0.24964      0.00000
     -1.72000      0.02231      0.00000
     -1.71000      0.15678      0.00000
     -1.70000      1.04943      0.00000
     -1.69000      2.89413      0.00000
     -1.68000      3.93897      0.00000
     -1.67000      3.06542      0.00000
     -1.66000      1.39159      0.00000
     -1.65000      1.69362      0.00000
     -1.64000      5.05204      0.00000
     -1.63000      8.26853      0.00000
     -1.62000      7.04914      0.00000
     -1.61000      4.06566      0.00000
     -1.60000      4.01448      0.00000
     -1.59000      5.23249      0.00000
     -1.58000      5.56472      0.00000
     -1.57000      5.54882      0.00000
     -1.56000      5.26487      0.00000
     -1.55000      3.60122      0.00000
     -1.54000      2.41068      0.00000
     -1.53000      2.61869      0.00000
     -1.52000      1.66448      0.00000
     -1.51000      0.40737      0.00000
     -1.50000      0.03681      0.00000
     -1.49000      0.00179      0.00000
     -1.48000      0.02062      0.00000
     -1.47000      0.27668      0.00000
     -1.46000      1.37086      0.00000
     -1.45000      2.56519      0.00000
     -1.44000      2.17689      0.00000
     -1.43000      1.59038      0.00000
     -1.42000      1.02966      0.00000
     -1.41000      0.30787      0.00000
     -1.40000      0.03707      0.00000
     -1.39000      0.05858      0.00000
     -1.38000      0.54186      0.00000
     -1.37000      1.91622      0.00000
     -1.36000      2.81586      0.00000
     -1.35000      3.13276      0.00000
     -1.34000      4.34985      0.00000
     -1.33000      3.89775      0.00000
     -1.32000      1.68459      0.00000
     -1.31000      0.32490      0.00000
     -1.30000      0.02625      0.00000
     -1.29000      0.01111      0.00000
     -1.28000      0.17779      0.00000
     -1.27000      1.20608      0.00000
     -1.26000      3.61628      0.00000
     -1.25000      5.80926      0.00000
     -1.24000      5.51653      0.00000
     -1.23000      3.28187      0.00000
     -1.22000      1.61186      0.00000
     -1.21000      0.55398      0.00000
     -1.20000      0.08566      0.00000
     -1.19000      0.00506      0.00000
     -1.18000      0.00011      0.00000
     -1.17000      0.00080      0.00000
     -1.16000      0.02678      0.00000
     -1.15000      0.33336      0.00000
     -1.14000      1.56748      0.00000
     -1.13000      2.98867      0.00000
     -1.12000      2.90919      0.00000
     -1.11000      2.57911      0.00000
     -1.10000      2.80675      0.00000
     -1.09000      1.89378      0.00000
     -1.08000      0.79633      0.00000
     -1.07000      1.04049      0.00000
     -1.06000      1.39092      0.00000
     -1.05000      1.67450      0.00000
     -1.04000      2.50431      0.00000
     -1.03000      1.88842      0.00000
     -1.02000      0.54330      0.00000
     -1.01000      0.13382      0.00000
     -1.00000      0.65426      0.00000
     -0.99000      2.03448      0.00000
     -0.98000      2.33704      0.00000
     -0.97000      1.03719      0.00000
     -0.96000      0.65765      0.00000
     -0.95000      1.84881      0.00000
     -0.94000      2.67275      0.00000
     -0.93000      2.89502      0.00000
     -0.92000      4.91082      0.00000
     -0.91000      5.64130      0.00000
     -0.90000      4.15775      0.00000
     -0.89000      2.79020      0.00000
     -0.88000      2.83998      0.00000
     -0.87000      3.35663      0.00000
     -0.86000      2.38474      0.00000
     -0.85000      1.91698      0.00000
     -0.84000      2.58605      0.00000
     -0.83000      2.24152      0.00000
     -0.82000      3.18571      0.00000
     -0.81000      6.07165      0.00000
     -0.80000      6.06051      0.00000
     -0.79000      2.71655      0.00000
     -0.78000      0.52209      0.00000
     -0.77000      0.19990      0.00000
     -0.76000      0.91666      0.00000
     -0.75000      2.49439      0.00000
     -0.74000      3.95097      0.00000
     -0.73000      3.84629      0.00000
     -0.72000      3.32107      0.00000
     -0.71000      4.06187      0.00000
     -0.70000      3.83782      0.00000
     -0.69000      1.93165      0.00000
     -0.68000      0.47256      0.00000
     -0.67000      0.49064      0.00000
     -0.66000      1.74506      0.00000
     -0.65000      2.51564      0.00000
     -0.64000      1.78746      0.00000
     -0.63000      2.07459      0.00000
     -0.62000      2.45488      0.00000
     -0.61000      1.19571      0.00000
     -0.60000      0.22205      0.00000
     -0.59000      0.11518      0.00000
     -0.58000      0.57651      0.00000
     -0.57000      1.21109      0.00000
     -0.56000      0.95810      0.00000
     -0.55000      0.62728      0.00000
     -0.54000      2.18435      0.00000
     -0.53000      4.78929      0.00000
     -0.52000      4.24045      0.00000
     -0.51000      2.72178      0.00000
     -0.50000      2.62468      0.00000
     -0.49000      1.48685      0.00000
     -0.48000      0.37259      0.00000
     -0.47000      0.47057      0.00000
     -0.46000      1.77333      0.00000
     -0.45000      3.77946      0.00000
     -0.44000      5.37842      0.00000
     -0.43000      5.64414      0.00000
     -0.42000      3.58767      0.00000
     -0.41000      1.11337      0.00000
     -0.40000      0.53997      0.00000
     -0.39000      1.66143      0.00000
     -0.38000      2.48238      0.00000
     -0.37000      1.36973      0.00000
     -0.36000      0.28000      0.00000
     -0.35000      0.07282      0.00000
     -0.34000      0.51041      0.00000
     -0.33000      1.83691      0.00000
     -0.32000      2.43470      0.00000
     -0.31000      1.18716      0.00000
     -0.30000      0.21295      0.00000
     -0.29000      0.01405      0.00000
     -0.28000      0.00034      0.00000
     -0.27000      0.00000      0.00000
     -0.26000      0.00022      0.00000
     -0.25000      0.01175      0.00000
     -0.24000      0.23101      0.00000
     -0.23000      1.67104      0.00000
     -0.22000      4.44682      0.00000
     -0.21000      4.35331      0.00000
     -0.20000      1.56788      0.00000
     -0.19000      0.21121      0.00000
     -0.18000      0.09179      0.00000
     -0.17000      0.73210      0.00000
     -0.16000      2.66931      0.00000
     -0.15000      4.45937      0.00000
     -0.14000      4.30157      0.00000
     -0.13000      3.71829      0.00000
     -0.12000      3.58404      0.00000
     -0.11000      4.17398      0.00000
     -0.10000      4.71284      0.00000
     -0.09000      4.43001      0.00000
     -0.08000      3.26381      0.00000
     -0.07000      1.77405      0.00000
     -0.06000      2.62165      0.00000
     -0.05000      4.46668      0.00000
     -0.04000      3.56844      0.00000
     -0.03000      1.28793      0.00000
     -0.02000      0.72800      0.00000
     -0.01000      2.69518      0.00000
     -0.00000      4.92270      0.00000
      0.01000      3.36407      0.00000
      0.02000      0.85676      0.00000
      0.03000      0.08212      0.00000
      0.04000      0.03520      0.00000
      0.05000      0.45996      0.00000
      0.06000      2.44343      0.00000
      0.07000      4.85223      0.00000
      0.08000      3.60308      0.00000
      0.09000      1.00030      0.00000
      0.10000      0.10387      0.00000
      0.11000      0.01001      0.00000
      0.12000      0.12341      0.00000
      0.13000      0.98294      0.00000
      0.14000      3.12764      0.00000
      0.15000      4.53133      0.00000
      0.16000      4.36844      0.00000
      0.17000      4.07342      0.00000
      0.18000      3.60666      0.00000
      0.19000      3.16439      0.00000
      0.20000      2.68554      0.00000
      0.21000      1.22265      0.00000
      0.22000      0.26042      0.00000
      0.23000      0.45434      0.00000
      0.24000      1.72078      0.00000
      0.25000      2.52289      0.00000
      0.26000      1.81007      0.00000
      0.27000      2.33601      0.00000
      0.28000      4.74148      0.00000
      0.29000      6.97162      0.00000
      0.30000      5.47453      0.00000
      0.31000      1.83626      0.00000
      0.32000      0.42705      0.00000
      0.33000      0.81771      0.00000
      0.34000      1.24417      0.00000
      0.35000      0.70610      0.00000
      0.36000      0.14745      0.00000
      0.37000      0.01133      0.00000
      0.38000      0.00040      0.00000
      0.39000      0.00436      0.00000
      0.40000      0.09048      0.00000
      0.41000      0.79581      0.00000
      0.42000      3.16874      0.00000
      0.43000      5.93813      0.00000
      0.44000      6.16765      0.00000
      0.45000      5.85753      0.00000
      0.46000      4.39496      0.00000
      0.47000      1.50675      0.00000
      0.48000      0.32416      0.00000
      0.49000      0.89274      0.00000
      0.50000      2.26263      0.00000
      0.51000      2.13261      0.00000
      0.52000      0.73952      0.00000
      0.53000      0.09434      0.00000
      0.54000      0.00443      0.00000
      0.55000      0.00008      0.00000
      0.56000      0.00004      0.00000
      0.57000      0.00316      0.00000
      0.58000      0.08133      0.00000
      0.59000      0.80465      0.00000
      0.60000      3.11308      0.00000
      0.61000      4.78189      0.00000
      0.62000      2.94981      0.00000
      0.63000      0.95889      0.00000
      0.64000      1.35252      0.00000
      0.65000      2.53219      0.00000
      0.66000      2.33693      0.00000
      0.67000      2.51126      0.00000
      0.68000      3.21180      0.00000
      0.69000      3.25037      0.00000
      0.70000      2.44996      0.00000
      0.71000      1.56403      0.00000
      0.72000      4.00847      0.00000
      0.73000      8.20273      0.00000
      0.74000      6.67401      0.00000
      0.75000      2.08123      0.00000
      0.76000      0.26165      0.00000
      0.77000      0.25159      0.00000
      0.78000      1.44159      0.00000
      0.79000      3.63966      0.00000
      0.80000      4.29899      0.00000
      0.81000      2.92418      0.00000
      0.82000      2.55903      0.00000
      0.83000      2.73949      0.00000
      0.84000      2.42122      0.00000
      0.85000      3.06001      0.00000
      0.86000      3.05189      0.00000
      0.87000      1.43875      0.00000
      0.88000      0.27334      0.00000
      0.89000      0.01972      0.00000
      0.90000      0.00077      0.00000
      0.91000      0.00929      0.00000
      0.92000      0.12888      0.00000
      0.93000      0.65812      0.00000
      0.94000      1.24029      0.00000
      0.95000      0.95982      0.00000
      0.96000      1.27898      0.00000
      0.97000      4.33625      0.00000
      0.98000      7.17329      0.00000
      0.99000      5.09187      0.00000
      1.00000      2.52981      0.00000
