Energy-E_F (eV)    DOS (1/eV)    PDOS (1/eV)  of atom type Ta 
     -4.87842      2.48738      0.00000
     -4.86842      7.09668      0.00000
     -4.85842      9.03382      0.00000
     -4.84842      5.97603      0.00000
     -4.83842      2.46902      0.00000
     -4.82842      1.03590      0.00000
     -4.81842      0.75679      0.00000
     -4.80842      0.34106      0.00000
     -4.79842      0.13675      0.00000
     -4.78842      0.42652      0.00000
     -4.77842      0.95597      0.00000
     -4.76842      1.13742      0.00000
     -4.75842      0.80092      0.00000
     -4.74842      0.39737      0.00000
     -4.73842      0.88168      0.00000
     -4.72842      2.05672      0.00000
     -4.71842      1.83938      0.00000
     -4.70842      0.61835      0.00000
     -4.69842      0.26639      0.00000
     -4.68842      1.06996      0.00000
     -4.67842      2.16835      0.00000
     -4.66842      1.62146      0.00000
     -4.65842      0.44800      0.00000
     -4.64842      0.11037      0.00000
     -4.63842      0.82209      0.00000
     -4.62842      3.93739      0.00000
     -4.61842      7.78146      0.00000
     -4.60842      7.95533      0.00000
     -4.59842      5.57487      0.00000
     -4.58842      3.39077      0.00000
     -4.57842      2.60474      0.00000
     -4.56842      2.55864      0.00000
     -4.55842      5.68607      0.00000
     -4.54842      9.22432      0.00000
     -4.53842      8.45034      0.00000
     -4.52842      6.04622      0.00000
     -4.51842      4.51162      0.00000
     -4.50842      6.40823      0.00000
     -4.49842      8.71431      0.00000
     -4.48842      9.14803      0.00000
     -4.47842      7.27845      0.00000
     -4.46842      3.89526      0.00000
     -4.45842      1.28340      0.00000
     -4.44842      0.20652      0.00000
     -4.43842      0.06436      0.00000
     -4.42842      0.61549      0.00000
     -4.41842      2.72325      0.00000
     -4.40842      4.45988      0.00000
     -4.39842      3.02262      0.00000
     -4.38842      2.63477      0.00000
     -4.37842      5.21805      0.00000
     -4.36842      6.47171      0.00000
     -4.35842      5.24355      0.00000
     -4.34842      4.33158      0.00000
     -4.33842      3.09215      0.00000
     -4.32842      2.01466      0.00000
     -4.31842      2.29843      0.00000
     -4.30842      1.84390      0.00000
     -4.29842      1.00606      0.00000
     -4.28842      0.78851      0.00000
     -4.27842      0.41898      0.00000
     -4.26842      0.43420      0.00000
     -4.25842      2.04847      0.00000
     -4.24842      4.36193      0.00000
     -4.23842      4.15683      0.00000
     -4.22842      5.49915      0.00000
     -4.21842     10.90249      0.00000
     -4.20842     11.68822      0.00000
     -4.19842      7.34844      0.00000
     -4.18842      6.06257      0.00000
     -4.17842      5.76361      0.00000
     -4.16842      3.26075      0.00000
     -4.15842      1.23068      0.00000
     -4.14842      0.83690      0.00000
     -4.13842      1.80286      0.00000
     -4.12842      2.13102      0.00000
     -4.11842      1.26960      0.00000
     -4.10842      1.93042      0.00000
     -4.09842      3.80593      0.00000
     -4.08842      3.50976      0.00000
     -4.07842      1.40020      0.00000
     -4.06842      0.23308      0.00000
     -4.05842      0.09031      0.00000
     -4.04842      0.87139      0.00000
     -4.03842      3.98836      0.00000
     -4.02842      7.60254      0.00000
     -4.01842      7.07689      0.00000
     -4.00842      5.83260      0.00000
     -3.99842      6.99544      0.00000
     -3.98842      7.50682      0.00000
     -3.97842      8.07662      0.00000
     -3.96842      7.88973      0.00000
     -3.95842      6.85917      0.00000
     -3.94842      6.46482      0.00000
     -3.93842      6.90270      0.00000
     -3.92842      5.44655      0.00000
     -3.91842      4.22687      0.00000
     -3.90842      7.54361      0.00000
     -3.89842      9.85283      0.00000
     -3.88842      6.14200      0.00000
     -3.87842      2.43644      0.00000
     -3.86842      4.00919      0.00000
     -3.85842      7.16591      0.00000
     -3.84842      7.12095      0.00000
     -3.83842      7.80846      0.00000
     -3.82842      8.18484      0.00000
     -3.81842      5.74227      0.00000
     -3.80842      2.82300      0.00000
     -3.79842      0.80917      0.00000
     -3.78842      0.22088      0.00000
     -3.77842      0.83592      0.00000
     -3.76842      2.32782      0.00000
     -3.75842      3.92582      0.00000
     -3.74842      6.18125      0.00000
     -3.73842      5.93533      0.00000
     -3.72842      2.45648      0.00000
     -3.71842      0.40964      0.00000
     -3.70842      0.02722      0.00000
     -3.69842      0.00810      0.00000
     -3.68842      0.13145      0.00000
     -3.67842      0.85887      0.00000
     -3.66842      2.06466      0.00000
     -3.65842      1.83540      0.00000
     -3.64842      0.71694      0.00000
     -3.63842      0.72286      0.00000
     -3.62842      1.89396      0.00000
     -3.61842      3.55928      0.00000
     -3.60842      3.94740      0.00000
     -3.59842      2.35299      0.00000
     -3.58842      1.82349      0.00000
     -3.57842      3.81786      0.00000
     -3.56842      4.20423      0.00000
     -3.55842      3.08799      0.00000
     -3.54842      5.59073      0.00000
     -3.53842      7.25348      0.00000
     -3.52842      3.97257      0.00000
     -3.51842      2.16596      0.00000
     -3.50842      2.77879      0.00000
     -3.49842      2.43582      0.00000
     -3.48842      2.15192      0.00000
     -3.47842      2.64989      0.00000
     -3.46842      2.29471      0.00000
     -3.45842      2.50032      0.00000
     -3.44842      3.63703      0.00000
     -3.43842      3.70613      0.00000
     -3.42842      2.59972      0.00000
     -3.41842      0.99535      0.00000
     -3.40842      0.15873      0.00000
     -3.39842      0.00968      0.00000
     -3.38842      0.00556      0.00000
     -3.37842      0.10443      0.00000
     -3.36842      0.75026      0.00000
     -3.35842      1.98284      0.00000
     -3.34842      1.92783      0.00000
     -3.33842      0.68954      0.00000
     -3.32842      0.09073      0.00000
     -3.31842      0.00439      0.00000
     -3.30842      0.00008      0.00000
     -3.29842      0.00001      0.00000
     -3.28842      0.00062      0.00000
     -3.27842      0.01691      0.00000
     -3.26842      0.18307      0.00000
     -3.25842      0.87943      0.00000
     -3.24842      2.12727      0.00000
     -3.23842      2.55986      0.00000
     -3.22842      1.34174      0.00000
     -3.21842      0.27646      0.00000
     -3.20842      0.02142      0.00000
     -3.19842      0.00064      0.00000
     -3.18842      0.00161      0.00000
     -3.17842      0.03240      0.00000
     -3.16842      0.23957      0.00000
     -3.15842      0.65172      0.00000
     -3.14842      0.65236      0.00000
     -3.13842      0.24852      0.00000
     -3.12842      0.22430      0.00000
     -3.11842      1.63658      0.00000
     -3.10842      5.22107      0.00000
     -3.09842      6.27265      0.00000
     -3.08842      3.00792      0.00000
     -3.07842      1.83985      0.00000
     -3.06842      3.89864      0.00000
     -3.05842      4.45886      0.00000
     -3.04842      3.90163      0.00000
     -3.03842      4.61733      0.00000
     -3.02842      3.01150      0.00000
     -3.01842      0.75243      0.00000
     -3.00842      0.06938      0.00000
     -2.99842      0.00235      0.00000
     -2.98842      0.00015      0.00000
     -2.97842      0.00629      0.00000
     -2.96842      0.11719      0.00000
     -2.95842      0.80320      0.00000
     -2.94842      2.02514      0.00000
     -2.93842      1.87841      0.00000
     -2.92842      0.64096      0.00000
     -2.91842      0.08098      0.00000
     -2.90842      0.02266      0.00000
     -2.89842      0.25164      0.00000
     -2.88842      1.22884      0.00000
     -2.87842      2.20815      0.00000
     -2.86842      1.45971      0.00000
     -2.85842      0.35533      0.00000
     -2.84842      0.04233      0.00000
     -2.83842      0.11927      0.00000
     -2.82842      0.48657      0.00000
     -2.81842      0.74521      0.00000
     -2.80842      0.58321      0.00000
     -2.79842      1.44962      0.00000
     -2.78842      4.85736      0.00000
     -2.77842      8.41095      0.00000
     -2.76842      8.09018      0.00000
     -2.75842      6.08398      0.00000
     -2.74842      5.19570      0.00000
     -2.73842      5.89188      0.00000
     -2.72842      5.80539      0.00000
     -2.71842      4.54289      0.00000
     -2.70842      7.07225      0.00000
     -2.69842     13.75512      0.00000
     -2.68842     15.70949      0.00000
     -2.67842      9.94536      0.00000
     -2.66842      5.20870      0.00000
     -2.65842      8.02023      0.00000
     -2.64842     12.79257      0.00000
     -2.63842     12.51450      0.00000
     -2.62842     13.13807      0.00000
     -2.61842     16.47898      0.00000
     -2.60842     12.38123      0.00000
     -2.59842      5.52167      0.00000
     -2.58842      4.79820      0.00000
     -2.57842      8.77588      0.00000
     -2.56842     11.41697      0.00000
     -2.55842     12.14950      0.00000
     -2.54842      9.26555      0.00000
     -2.53842      5.01306      0.00000
     -2.52842      7.60719      0.00000
     -2.51842     13.02531      0.00000
     -2.50842     12.18243      0.00000
     -2.49842     10.25590      0.00000
     -2.48842     11.26120      0.00000
     -2.47842     11.30161      0.00000
     -2.46842      9.40102      0.00000
     -2.45842      9.27717      0.00000
     -2.44842      6.57823      0.00000
     -2.43842      2.18140      0.00000
     -2.42842      0.31029      0.00000
     -2.41842      0.03084      0.00000
     -2.40842      0.20295      0.00000
     -2.39842      1.21270      0.00000
     -2.38842      2.74043      0.00000
     -2.37842      2.36499      0.00000
     -2.36842      0.98345      0.00000
     -2.35842      2.06189      0.00000
     -2.34842      7.22079      0.00000
     -2.33842     10.59550      0.00000
     -2.32842      7.52341      0.00000
     -2.31842      6.30656      0.00000
     -2.30842      6.66288      0.00000
     -2.29842      3.99169      0.00000
     -2.28842      4.14157      0.00000
     -2.27842      7.28311      0.00000
     -2.26842      8.03088      0.00000
     -2.25842      9.10651      0.00000
     -2.24842     11.71077      0.00000
     -2.23842     11.58747      0.00000
     -2.22842      7.23366      0.00000
     -2.21842      3.02934      0.00000
     -2.20842      0.85875      0.00000
     -2.19842      0.57337      0.00000
     -2.18842      0.74249      0.00000
     -2.17842      0.49263      0.00000
     -2.16842      0.91762      0.00000
     -2.15842      3.48608      0.00000
     -2.14842      7.96123      0.00000
     -2.13842     11.59804      0.00000
     -2.12842      9.21454      0.00000
     -2.11842      3.72203      0.00000
     -2.10842      2.70077      0.00000
     -2.09842      4.37901      0.00000
     -2.08842      3.20263      0.00000
     -2.07842      0.88321      0.00000
     -2.06842      0.29858      0.00000
     -2.05842      1.59313      0.00000
     -2.04842      5.40854      0.00000
     -2.03842      9.17404      0.00000
     -2.02842      7.81681      0.00000
     -2.01842      3.05672      0.00000
     -2.00842      0.73248      0.00000
     -1.99842      1.68485      0.00000
     -1.98842      4.49943      0.00000
     -1.97842      7.14843      0.00000
     -1.96842     11.56440      0.00000
     -1.95842     12.23975      0.00000
     -1.94842      5.79819      0.00000
     -1.93842      1.46722      0.00000
     -1.92842      2.33231      0.00000
     -1.91842      6.90005      0.00000
     -1.90842      8.71628      0.00000
     -1.89842      6.23407      0.00000
     -1.88842      5.44322      0.00000
     -1.87842      3.97336      0.00000
     -1.86842      1.84625      0.00000
     -1.85842      2.04151      0.00000
     -1.84842      2.55700      0.00000
     -1.83842      1.87511      0.00000
     -1.82842      2.16727      0.00000
     -1.81842      4.21472      0.00000
     -1.80842      4.48896      0.00000
     -1.79842      3.24792      0.00000
     -1.78842      2.30648      0.00000
     -1.77842      2.19516      0.00000
     -1.76842      6.21524      0.00000
     -1.75842     11.31580      0.00000
     -1.74842     10.30212      0.00000
     -1.73842     10.28767      0.00000
     -1.72842     12.00978      0.00000
     -1.71842      8.02124      0.00000
     -1.70842      5.15097      0.00000
     -1.69842      5.34718      0.00000
     -1.68842      6.19485      0.00000
     -1.67842      5.41197      0.00000
     -1.66842      4.00024      0.00000
     -1.65842      5.04426      0.00000
     -1.64842      8.55136      0.00000
     -1.63842     12.64487      0.00000
     -1.62842     12.49147      0.00000
     -1.61842      9.95285      0.00000
     -1.60842     11.03169      0.00000
     -1.59842     14.05953      0.00000
     -1.58842     10.58449      0.00000
     -1.57842      4.01502      0.00000
     -1.56842      2.15478      0.00000
     -1.55842      2.17886      0.00000
     -1.54842      1.11967      0.00000
     -1.53842      1.14409      0.00000
     -1.52842      3.37002      0.00000
     -1.51842      4.29530      0.00000
     -1.50842      2.13153      0.00000
     -1.49842      1.56534      0.00000
     -1.48842      5.43925      0.00000
     -1.47842     12.28343      0.00000
     -1.46842     17.44705      0.00000
     -1.45842     15.93836      0.00000
     -1.44842     12.77505      0.00000
     -1.43842     14.93045      0.00000
     -1.42842     16.98628      0.00000
     -1.41842     13.32848      0.00000
     -1.40842      9.94727      0.00000
     -1.39842      8.22194      0.00000
     -1.38842      3.88412      0.00000
     -1.37842      0.77715      0.00000
     -1.36842      0.10015      0.00000
     -1.35842      0.47169      0.00000
     -1.34842      2.75046      0.00000
     -1.33842      9.88335      0.00000
     -1.32842     20.41406      0.00000
     -1.31842     22.31520      0.00000
     -1.30842     17.37904      0.00000
     -1.29842     12.21862      0.00000
     -1.28842      6.44531      0.00000
     -1.27842      2.27461      0.00000
     -1.26842      1.85041      0.00000
     -1.25842      6.26060      0.00000
     -1.24842     10.84554      0.00000
     -1.23842      9.13018      0.00000
     -1.22842      4.84175      0.00000
     -1.21842      3.63901      0.00000
     -1.20842      4.55575      0.00000
     -1.19842      2.90489      0.00000
     -1.18842      1.20064      0.00000
     -1.17842      1.87299      0.00000
     -1.16842      2.89783      0.00000
     -1.15842      4.04662      0.00000
     -1.14842      5.06630      0.00000
     -1.13842      4.40810      0.00000
     -1.12842      4.21888      0.00000
     -1.11842      3.97793      0.00000
     -1.10842      3.85786      0.00000
     -1.09842      4.99988      0.00000
     -1.08842      6.30182      0.00000
     -1.07842      6.38555      0.00000
     -1.06842      5.04738      0.00000
     -1.05842      3.87635      0.00000
     -1.04842      6.93297      0.00000
     -1.03842      8.46541      0.00000
     -1.02842      4.09150      0.00000
     -1.01842      0.76709      0.00000
     -1.00842      0.22700      0.00000
     -0.99842      0.58268      0.00000
     -0.98842      0.72648      0.00000
     -0.97842      0.50078      0.00000
     -0.96842      0.64543      0.00000
     -0.95842      0.71025      0.00000
     -0.94842      0.49221      0.00000
     -0.93842      1.47559      0.00000
     -0.92842      4.07925      0.00000
     -0.91842      5.42767      0.00000
     -0.90842      6.64351      0.00000
     -0.89842      8.90853      0.00000
     -0.88842      9.19864      0.00000
     -0.87842      9.23620      0.00000
     -0.86842      9.80457      0.00000
     -0.85842      9.07128      0.00000
     -0.84842      9.01256      0.00000
     -0.83842      9.45233      0.00000
     -0.82842      5.48450      0.00000
     -0.81842      2.42904      0.00000
     -0.80842      2.31077      0.00000
     -0.79842      1.45095      0.00000
     -0.78842      0.87470      0.00000
     -0.77842      2.54808      0.00000
     -0.76842      4.37060      0.00000
     -0.75842      2.85657      0.00000
     -0.74842      0.70364      0.00000
     -0.73842      0.06521      0.00000
     -0.72842      0.00229      0.00000
     -0.71842      0.00152      0.00000
     -0.70842      0.04157      0.00000
     -0.69842      0.42870      0.00000
     -0.68842      1.71826      0.00000
     -0.67842      3.34059      0.00000
     -0.66842      5.35495      0.00000
     -0.65842      7.42646      0.00000
     -0.64842      6.63990      0.00000
     -0.63842      5.77493      0.00000
     -0.62842      8.62036      0.00000
     -0.61842     10.73994      0.00000
     -0.60842      7.70558      0.00000
     -0.59842      3.30944      0.00000
     -0.58842      2.25952      0.00000
     -0.57842      2.77401      0.00000
     -0.56842      1.78917      0.00000
     -0.55842      0.55137      0.00000
     -0.54842      0.40183      0.00000
     -0.53842      1.42092      0.00000
     -0.52842      2.22843      0.00000
     -0.51842      1.45852      0.00000
     -0.50842      1.42158      0.00000
     -0.49842      4.02452      0.00000
     -0.48842      6.83662      0.00000
     -0.47842      4.85336      0.00000
     -0.46842      1.32839      0.00000
     -0.45842      0.13677      0.00000
     -0.44842      0.00525      0.00000
     -0.43842      0.00008      0.00000
     -0.42842      0.00000      0.00000
     -0.41842      0.00000      0.00000
     -0.40842      0.00000      0.00000
     -0.39842      0.00000      0.00000
     -0.38842      0.00008      0.00000
     -0.37842      0.00430      0.00000
     -0.36842      0.08946      0.00000
     -0.35842      0.68861      0.00000
     -0.34842      2.02665      0.00000
     -0.33842      2.74091      0.00000
     -0.32842      2.74162      0.00000
     -0.31842      2.03179      0.00000
     -0.30842      0.69292      0.00000
     -0.29842      0.09308      0.00000
     -0.28842      0.08136      0.00000
     -0.27842      0.80512      0.00000
     -0.26842      3.09636      0.00000
     -0.25842      4.38117      0.00000
     -0.24842      2.28052      0.00000
     -0.23842      0.43670      0.00000
     -0.22842      0.03078      0.00000
     -0.21842      0.00199      0.00000
     -0.20842      0.03512      0.00000
     -0.19842      0.37919      0.00000
     -0.18842      1.50594      0.00000
     -0.17842      2.20022      0.00000
     -0.16842      1.18258      0.00000
     -0.15842      0.23420      0.00000
     -0.14842      0.02811      0.00000
     -0.13842      0.12251      0.00000
     -0.12842      0.49380      0.00000
     -0.11842      0.73492      0.00000
     -0.10842      0.40241      0.00000
     -0.09842      0.08329      0.00000
     -0.08842      0.06185      0.00000
     -0.07842      0.51094      0.00000
     -0.06842      1.71853      0.00000
     -0.05842      2.12710      0.00000
     -0.04842      0.96857      0.00000
     -0.03842      0.16364      0.00000
     -0.02842      0.05022      0.00000
     -0.01842      0.44041      0.00000
     -0.00842      1.92422      0.00000
      0.00158      3.68796      0.00000
      0.01158      3.53268      0.00000
      0.02158      2.49251      0.00000
      0.03158      2.42739      0.00000
      0.04158      1.63339      0.00000
      0.05158      0.47834      0.00000
      0.06158      0.43317      0.00000
      0.07158      1.53605      0.00000
      0.08158      2.37375      0.00000
      0.09158      2.18272      0.00000
      0.10158      2.37671      0.00000
      0.11158      1.68678      0.00000
      0.12158      0.47811      0.00000
      0.13158      0.05415      0.00000
      0.14158      0.10292      0.00000
      0.15158      0.96125      0.00000
      0.16158      3.41909      0.00000
      0.17158      4.91161      0.00000
      0.18158      3.97974      0.00000
      0.19158      3.16033      0.00000
      0.20158      2.84996      0.00000
      0.21158      2.04983      0.00000
      0.22158      0.69136      0.00000
      0.23158      0.08975      0.00000
      0.24158      0.00432      0.00000
      0.25158      0.00008      0.00000
      0.26158      0.00000      0.00000
      0.27158      0.00008      0.00000
      0.28158      0.00435      0.00000
      0.29158      0.09012      0.00000
      0.30158      0.68675      0.00000
      0.31158      1.92514      0.00000
      0.32158      1.98531      0.00000
      0.33158      0.75318      0.00000
      0.34158      0.10562      0.00000
      0.35158      0.02361      0.00000
      0.36158      0.24505      0.00000
      0.37158      1.21183      0.00000
      0.38158      2.20555      0.00000
      0.39158      1.47671      0.00000
      0.40158      0.36373      0.00000
      0.41158      0.03296      0.00000
      0.42158      0.00110      0.00000
      0.43158      0.00001      0.00000
      0.44158      0.00000      0.00000
      0.45158      0.00000      0.00000
      0.46158      0.00000      0.00000
      0.47158      0.00000      0.00000
      0.48158      0.00000      0.00000
      0.49158      0.00000      0.00000
      0.50158      0.00000      0.00000
      0.51158      0.00000      0.00000
      0.52158      0.00000      0.00000
      0.53158      0.00063      0.00000
      0.54158      0.02164      0.00000
      0.55158      0.27518      0.00000
      0.56158      1.28849      0.00000
      0.57158      2.25877      0.00000
      0.58158      1.90013      0.00000
      0.59158      2.69343      0.00000
      0.60158      5.25893      0.00000
      0.61158      5.49404      0.00000
      0.62158      2.53029      0.00000
      0.63158      0.46702      0.00000
      0.64158      0.03282      0.00000
      0.65158      0.00087      0.00000
      0.66158      0.00124      0.00000
      0.67158      0.03625      0.00000
      0.68158      0.39522      0.00000
      0.69158      1.70814      0.00000
      0.70158      3.61509      0.00000
      0.71158      5.06611      0.00000
      0.72158      4.26330      0.00000
      0.73158      2.48892      0.00000
      0.74158      4.05866      0.00000
      0.75158      6.03970      0.00000
      0.76158      4.15845      0.00000
      0.77158      1.33198      0.00000
      0.78158      0.36348      0.00000
      0.79158      0.59962      0.00000
      0.80158      0.72098      0.00000
      0.81158      0.61338      0.00000
      0.82158      2.23637      0.00000
      0.83158      7.06293      0.00000
      0.84158     10.25089      0.00000
      0.85158      9.04646      0.00000
      0.86158      7.32181      0.00000
      0.87158      3.77263      0.00000
      0.88158      1.48097      0.00000
      0.89158      1.99151      0.00000
      0.90158      2.03354      0.00000
      0.91158      1.30518      0.00000
      0.92158      2.67558      0.00000
      0.93158      4.43498      0.00000
      0.94158      2.84885      0.00000
      0.95158      1.18790      0.00000
      0.96158      2.59583      0.00000
      0.97158      4.60878      0.00000
      0.98158      4.45435      0.00000
      0.99158      5.92506      0.00000
      1.00158      6.38010      0.00000
      1.01158      2.80814      0.00000
      1.02158      0.45953      0.00000
      1.03158      0.02775      0.00000
      1.04158      0.00062      0.00000
      1.05158      0.00000      0.00000
      1.06158      0.00007      0.00000
      1.07158      0.00499      0.00000
      1.08158      0.13359      0.00000
      1.09158      1.31981      0.00000
      1.10158      4.81871      0.00000
      1.11158      6.50338      0.00000
      1.12158      3.24528      0.00000
      1.13158      0.59892      0.00000
      1.14158      0.04088      0.00000
      1.15158      0.00130      0.00000
      1.16158      0.01323      0.00000
      1.17158      0.24359      0.00000
      1.18158      1.66531      0.00000
      1.19158      4.38014      0.00000
      1.20158      5.08060      0.00000
      1.21158      3.46886      0.00000
      1.22158      1.48787      0.00000
      1.23158      0.30196      0.00000
      1.24158      0.02412      0.00000
      1.25158      0.00072      0.00000
      1.26158      0.00021      0.00000
      1.27158      0.00936      0.00000
      1.28158      0.15500      0.00000
      1.29158      0.94388      0.00000
      1.30158      2.11550      0.00000
      1.31158      1.77956      0.00000
      1.32158      1.07484      0.00000
      1.33158      3.09770      0.00000
      1.34158      6.35666      0.00000
      1.35158      5.01550      0.00000
      1.36158      1.52290      0.00000
      1.37158      0.47336      0.00000
      1.38158      1.36860      0.00000
      1.39158      2.39820      0.00000
      1.40158      2.71997      0.00000
      1.41158      4.24877      0.00000
      1.42158      4.92231      0.00000
      1.43158      4.94796      0.00000
      1.44158      5.46974      0.00000
      1.45158      4.25819      0.00000
      1.46158      2.78697      0.00000
      1.47158      3.88460      0.00000
      1.48158      6.44049      0.00000
      1.49158      5.20207      0.00000
      1.50158      3.81060      0.00000
      1.51158      4.96295      0.00000
      1.52158      5.28809      0.00000
      1.53158      7.36082      0.00000
      1.54158     11.21209      0.00000
      1.55158     13.10625      0.00000
      1.56158     12.05289      0.00000
      1.57158      7.65852      0.00000
      1.58158      4.04172      0.00000
      1.59158      4.46439      0.00000
      1.60158      3.62560      0.00000
      1.61158      1.51516      0.00000
      1.62158      1.65535      0.00000
      1.63158      2.20170      0.00000
      1.64158      1.16354      0.00000
      1.65158      0.22675      0.00000
      1.66158      0.01626      0.00000
      1.67158      0.00043      0.00000
      1.68158      0.00000      0.00000
      1.69158      0.00000      0.00000
      1.70158      0.00009      0.00000
      1.71158      0.00585      0.00000
      1.72158      0.13531      0.00000
      1.73158      1.15196      0.00000
      1.74158      3.60798      0.00000
      1.75158      4.15993      0.00000
      1.76158      1.82888      0.00000
      1.77158      0.84634      0.00000
      1.78158      1.81432      0.00000
      1.79158      2.08233      0.00000
      1.80158      0.88758      0.00000
      1.81158      0.16882      0.00000
      1.82158      0.35018      0.00000
      1.83158      1.46507      0.00000
      1.84158      2.68959      0.00000
      1.85158      4.06409      0.00000
      1.86158      7.62999      0.00000
      1.87158     10.61295      0.00000
      1.88158     10.10509      0.00000
      1.89158      7.03065      0.00000
      1.90158      5.39780      0.00000
      1.91158      4.43437      0.00000
      1.92158      2.81572      0.00000
      1.93158      3.70024      0.00000
      1.94158      4.08052      0.00000
      1.95158      1.89561      0.00000
      1.96158      0.35140      0.00000
      1.97158      0.11762      0.00000
      1.98158      0.70808      0.00000
      1.99158      2.08046      0.00000
      2.00158      2.96899      0.00000
      2.01158      3.89155      0.00000
      2.02158      6.02041      0.00000
      2.03158      7.07698      0.00000
      2.04158      5.71121      0.00000
      2.05158      6.48734      0.00000
      2.06158      8.03539      0.00000
      2.07158      6.68249      0.00000
      2.08158      6.81493      0.00000
      2.09158      8.43164      0.00000
      2.10158      6.62182      0.00000
      2.11158      3.82671      0.00000
      2.12158      1.82392      0.00000
      2.13158      0.51282      0.00000
      2.14158      0.57513      0.00000
      2.15158      1.87696      0.00000
      2.16158      3.45961      0.00000
      2.17158      5.80189      0.00000
      2.18158      6.64755      0.00000
      2.19158      3.24747      0.00000
      2.20158      0.99334      0.00000
      2.21158      2.23246      0.00000
      2.22158      4.36013      0.00000
      2.23158      3.26370      0.00000
      2.24158      1.68022      0.00000
      2.25158      3.21443      0.00000
      2.26158      4.37536      0.00000
      2.27158      2.24748      0.00000
      2.28158      0.44610      0.00000
      2.29158      0.44688      0.00000
      2.30158      3.13449      0.00000
      2.31158      9.35305      0.00000
      2.32158     11.98103      0.00000
      2.33158      8.16562      0.00000
      2.34158      6.06563      0.00000
      2.35158      5.91010      0.00000
      2.36158      3.67094      0.00000
      2.37158      1.25068      0.00000
      2.38158      1.43777      0.00000
      2.39158      5.11922      0.00000
      2.40158      8.64612      0.00000
      2.41158      8.84300      0.00000
      2.42158      9.18867      0.00000
      2.43158      7.50828      0.00000
      2.44158      3.12318      0.00000
      2.45158      0.68058      0.00000
      2.46158      1.18528      0.00000
      2.47158      4.51411      0.00000
      2.48158      7.22960      0.00000
      2.49158      5.56949      0.00000
      2.50158      3.59088      0.00000
      2.51158      3.11632      0.00000
      2.52158      3.74985      0.00000
      2.53158      3.71992      0.00000
      2.54158      1.97279      0.00000
      2.55158      0.67181      0.00000
      2.56158      0.79755      0.00000
      2.57158      1.78203      0.00000
      2.58158      3.81738      0.00000
      2.59158      4.22972      0.00000
      2.60158      1.82245      0.00000
