Energy-E_F (eV)    DOS (1/eV)    PDOS (1/eV)  of atom type Pb 
     -4.56679      5.29059      0.00000
     -4.55679      1.70849      0.00000
     -4.54679      2.29360      0.00000
     -4.53679      6.35208      0.00000
     -4.52679      7.38456      0.00000
     -4.51679      5.76999      0.00000
     -4.50679      7.09199      0.00000
     -4.49679      5.99897      0.00000
     -4.48679      2.73161      0.00000
     -4.47679      3.59505      0.00000
     -4.46679      7.14543      0.00000
     -4.45679      5.79630      0.00000
     -4.44679      1.75773      0.00000
     -4.43679      0.23644      0.00000
     -4.42679      0.56973      0.00000
     -4.41679      3.13586      0.00000
     -4.40679      6.80577      0.00000
     -4.39679      5.91646      0.00000
     -4.38679      2.89056      0.00000
     -4.37679      5.66063      0.00000
     -4.36679     13.14110      0.00000
     -4.35679     12.56916      0.00000
     -4.34679      4.76906      0.00000
     -4.33679      0.74176      0.00000
     -4.32679      0.48910      0.00000
     -4.31679      3.35864      0.00000
     -4.30679     10.52683      0.00000
     -4.29679     13.87648      0.00000
     -4.28679      7.54665      0.00000
     -4.27679      2.19254      0.00000
     -4.26679      4.55815      0.00000
     -4.25679     13.74336      0.00000
     -4.24679     18.93104      0.00000
     -4.23679     13.01280      0.00000
     -4.22679      4.67176      0.00000
     -4.21679      0.80177      0.00000
     -4.20679      0.05820      0.00000
     -4.19679      0.00165      0.00000
     -4.18679      0.00000      0.00000
     -4.17679      0.00002      0.00000
     -4.16679      0.00219      0.00000
     -4.15679      0.07363      0.00000
     -4.14679      0.92050      0.00000
     -4.13679      4.28061      0.00000
     -4.12679      7.41593      0.00000
     -4.11679      4.79265      0.00000
     -4.10679      1.15661      0.00000
     -4.09679      0.10430      0.00000
     -4.08679      0.00351      0.00000
     -4.07679      0.00061      0.00000
     -4.06679      0.03031      0.00000
     -4.05679      0.59225      0.00000
     -4.04679      4.37478      0.00000
     -4.03679     12.34287      0.00000
     -4.02679     13.44958      0.00000
     -4.01679      5.82514      0.00000
     -4.00679      2.48840      0.00000
     -3.99679      7.60008      0.00000
     -3.98679     14.25304      0.00000
     -3.97679     10.56677      0.00000
     -3.96679      3.10028      0.00000
     -3.95679      0.37898      0.00000
     -3.94679      0.37959      0.00000
     -3.93679      2.72315      0.00000
     -3.92679      8.74869      0.00000
     -3.91679     13.03066      0.00000
     -3.90679      9.23498      0.00000
     -3.89679      2.96026      0.00000
     -3.88679      0.40020      0.00000
     -3.87679      0.10074      0.00000
     -3.86679      1.07873      0.00000
     -3.85679      5.96639      0.00000
     -3.84679     14.62756      0.00000
     -3.83679     17.95971      0.00000
     -3.82679     11.92958      0.00000
     -3.81679      4.00898      0.00000
     -3.80679      1.02614      0.00000
     -3.79679      3.58215      0.00000
     -3.78679     11.41600      0.00000
     -3.77679     16.78210      0.00000
     -3.76679     17.20914      0.00000
     -3.75679     15.62188      0.00000
     -3.74679      8.02117      0.00000
     -3.73679      1.77489      0.00000
     -3.72679      0.15844      0.00000
     -3.71679      0.00556      0.00000
     -3.70679      0.00052      0.00000
     -3.69679      0.02597      0.00000
     -3.68679      0.54583      0.00000
     -3.67679      4.42110      0.00000
     -3.66679     14.20002      0.00000
     -3.65679     19.31329      0.00000
     -3.64679     12.58977      0.00000
     -3.63679      4.35254      0.00000
     -3.62679      0.81595      0.00000
     -3.61679      1.05966      0.00000
     -3.60679      5.55199      0.00000
     -3.59679     12.31620      0.00000
     -3.58679     11.92240      0.00000
     -3.57679      5.40959      0.00000
     -3.56679      1.26084      0.00000
     -3.55679      1.59844      0.00000
     -3.54679      7.13225      0.00000
     -3.53679     17.59425      0.00000
     -3.52679     27.33382      0.00000
     -3.51679     27.40820      0.00000
     -3.50679     20.95284      0.00000
     -3.49679     16.92035      0.00000
     -3.48679      9.58835      0.00000
     -3.47679      2.63236      0.00000
     -3.46679      2.34798      0.00000
     -3.45679      9.36447      0.00000
     -3.44679     18.88107      0.00000
     -3.43679     19.61547      0.00000
     -3.42679     12.65242      0.00000
     -3.41679      7.49104      0.00000
     -3.40679      3.94664      0.00000
     -3.39679      2.62954      0.00000
     -3.38679      5.41766      0.00000
     -3.37679      6.75672      0.00000
     -3.36679      3.70886      0.00000
     -3.35679      0.89605      0.00000
     -3.34679      0.09159      0.00000
     -3.33679      0.00374      0.00000
     -3.32679      0.00006      0.00000
     -3.31679      0.00018      0.00000
     -3.30679      0.01031      0.00000
     -3.29679      0.22353      0.00000
     -3.28679      1.92758      0.00000
     -3.27679      7.20952      0.00000
     -3.26679     12.79204      0.00000
     -3.25679     10.77312      0.00000
     -3.24679      3.94947      0.00000
     -3.23679      0.58075      0.00000
     -3.22679      0.03279      0.00000
     -3.21679      0.00070      0.00000
     -3.20679      0.00000      0.00000
     -3.19679      0.00000      0.00000
     -3.18679      0.00000      0.00000
     -3.17679      0.00000      0.00000
     -3.16679      0.00000      0.00000
     -3.15679      0.00000      0.00000
     -3.14679      0.00000      0.00000
     -3.13679      0.00000      0.00000
     -3.12679      0.00000      0.00000
     -3.11679      0.00000      0.00000
     -3.10679      0.00000      0.00000
     -3.09679      0.00000      0.00000
     -3.08679      0.00090      0.00000
     -3.07679      0.03262      0.00000
     -3.06679      0.46494      0.00000
     -3.05679      2.68445      0.00000
     -3.04679      6.40307      0.00000
     -3.03679      6.30145      0.00000
     -3.02679      2.80089      0.00000
     -3.01679      2.87373      0.00000
     -3.00679      8.45884      0.00000
     -2.99679     13.36877      0.00000
     -2.98679      9.68239      0.00000
     -2.97679      3.78043      0.00000
     -2.96679      5.56738      0.00000
     -2.95679     12.43749      0.00000
     -2.94679     12.45014      0.00000
     -2.93679      5.37882      0.00000
     -2.92679      0.98744      0.00000
     -2.91679      0.07401      0.00000
     -2.90679      0.00217      0.00000
     -2.89679      0.00002      0.00000
     -2.88679      0.00000      0.00000
     -2.87679      0.00000      0.00000
     -2.86679      0.00000      0.00000
     -2.85679      0.00000      0.00000
     -2.84679      0.00000      0.00000
     -2.83679      0.00000      0.00000
     -2.82679      0.00000      0.00000
     -2.81679      0.00000      0.00000
     -2.80679      0.00000      0.00000
     -2.79679      0.00000      0.00000
     -2.78679      0.00000      0.00000
     -2.77679      0.00000      0.00000
     -2.76679      0.00000      0.00000
     -2.75679      0.00000      0.00000
     -2.74679      0.00000      0.00000
     -2.73679      0.00000      0.00000
     -2.72679      0.00000      0.00000
     -2.71679      0.00000      0.00000
     -2.70679      0.00000      0.00000
     -2.69679      0.00034      0.00000
     -2.68679      0.01641      0.00000
     -2.67679      0.30487      0.00000
     -2.66679      2.19881      0.00000
     -2.65679      6.17609      0.00000
     -2.64679      6.73802      0.00000
     -2.63679      2.83914      0.00000
     -2.62679      0.57373      0.00000
     -2.61679      0.87930      0.00000
     -2.60679      2.23821      0.00000
     -2.59679      2.18433      0.00000
     -2.58679      1.24127      0.00000
     -2.57679      3.86608      0.00000
     -2.56679     11.68200      0.00000
     -2.55679     15.36360      0.00000
     -2.54679     13.55573      0.00000
     -2.53679     15.38218      0.00000
     -2.52679     15.41162      0.00000
     -2.51679     15.43911      0.00000
     -2.50679     14.50446      0.00000
     -2.49679     10.19774      0.00000
     -2.48679     11.37978      0.00000
     -2.47679     13.20276      0.00000
     -2.46679     14.44301      0.00000
     -2.45679     16.44879      0.00000
     -2.44679     11.74453      0.00000
     -2.43679      3.90953      0.00000
     -2.42679      0.54717      0.00000
     -2.41679      0.03064      0.00000
     -2.40679      0.00066      0.00000
     -2.39679      0.00000      0.00000
     -2.38679      0.00000      0.00000
     -2.37679      0.00000      0.00000
     -2.36679      0.00011      0.00000
     -2.35679      0.00599      0.00000
     -2.34679      0.11911      0.00000
     -2.33679      0.91454      0.00000
     -2.32679      3.04632      0.00000
     -2.31679      5.51851      0.00000
     -2.30679      6.12821      0.00000
     -2.29679      5.14048      0.00000
     -2.28679      6.24602      0.00000
     -2.27679      8.26811      0.00000
     -2.26679     10.95980      0.00000
     -2.25679     12.96367      0.00000
     -2.24679     10.85702      0.00000
     -2.23679      6.19175      0.00000
     -2.22679      8.90308      0.00000
     -2.21679     14.10180      0.00000
     -2.20679      9.87007      0.00000
     -2.19679      2.93742      0.00000
     -2.18679      0.95309      0.00000
     -2.17679      3.37698      0.00000
     -2.16679      7.11897      0.00000
     -2.15679      5.70327      0.00000
     -2.14679      1.72203      0.00000
     -2.13679      0.19518      0.00000
     -2.12679      0.00827      0.00000
     -2.11679      0.00013      0.00000
     -2.10679      0.00000      0.00000
     -2.09679      0.00005      0.00000
     -2.08679      0.00442      0.00000
     -2.07679      0.13113      0.00000
     -2.06679      1.48471      0.00000
     -2.05679      6.61510      0.00000
     -2.04679     12.40191      0.00000
     -2.03679     10.92232      0.00000
     -2.02679      4.83993      0.00000
     -2.01679      1.00943      0.00000
     -2.00679      0.08798      0.00000
     -1.99679      0.00296      0.00000
     -1.98679      0.00004      0.00000
     -1.97679      0.00000      0.00000
     -1.96679      0.00030      0.00000
     -1.95679      0.01311      0.00000
     -1.94679      0.21411      0.00000
     -1.93679      1.41019      0.00000
     -1.92679      4.22552      0.00000
     -1.91679      6.43327      0.00000
     -1.90679      4.76277      0.00000
     -1.89679      1.49888      0.00000
     -1.88679      0.18330      0.00000
     -1.87679      0.00840      0.00000
     -1.86679      0.00036      0.00000
     -1.85679      0.01170      0.00000
     -1.84679      0.23911      0.00000
     -1.83679      1.89445      0.00000
     -1.82679      6.29701      0.00000
     -1.81679     10.32590      0.00000
     -1.80679     10.23903      0.00000
     -1.79679      6.27682      0.00000
     -1.78679      1.94761      0.00000
     -1.77679      0.25499      0.00000
     -1.76679      0.01292      0.00000
     -1.75679      0.00024      0.00000
     -1.74679      0.00000      0.00000
     -1.73679      0.00000      0.00000
     -1.72679      0.00000      0.00000
     -1.71679      0.00000      0.00000
     -1.70679      0.00000      0.00000
     -1.69679      0.00000      0.00000
     -1.68679      0.00000      0.00000
     -1.67679      0.00000      0.00000
     -1.66679      0.00099      0.00000
     -1.65679      0.03978      0.00000
     -1.64679      0.60019      0.00000
     -1.63679      3.39173      0.00000
     -1.62679      7.17463      0.00000
     -1.61679      5.67480      0.00000
     -1.60679      1.67578      0.00000
     -1.59679      0.18443      0.00000
     -1.58679      0.00755      0.00000
     -1.57679      0.00011      0.00000
     -1.56679      0.00000      0.00000
     -1.55679      0.00081      0.00000
     -1.54679      0.03543      0.00000
     -1.53679      0.58771      0.00000
     -1.52679      3.78258      0.00000
     -1.51679      9.93173      0.00000
     -1.50679     12.04433      0.00000
     -1.49679      8.45861      0.00000
     -1.48679      6.16482      0.00000
     -1.47679      7.69158      0.00000
     -1.46679      6.10470      0.00000
     -1.45679      4.95569      0.00000
     -1.44679     12.25863      0.00000
     -1.43679     21.53361      0.00000
     -1.42679     22.70112      0.00000
     -1.41679     15.53595      0.00000
     -1.40679     10.92743      0.00000
     -1.39679     13.32183      0.00000
     -1.38679     18.79279      0.00000
     -1.37679     20.28251      0.00000
     -1.36679     19.64956      0.00000
     -1.35679     19.53808      0.00000
     -1.34679     13.57507      0.00000
     -1.33679      8.17331      0.00000
     -1.32679      4.76569      0.00000
     -1.31679      1.49196      0.00000
     -1.30679      0.18557      0.00000
     -1.29679      0.00861      0.00000
     -1.28679      0.00073      0.00000
     -1.27679      0.02119      0.00000
     -1.26679      0.29019      0.00000
     -1.25679      1.57955      0.00000
     -1.24679      4.03868      0.00000
     -1.23679      6.09879      0.00000
     -1.22679      5.85030      0.00000
     -1.21679      5.44751      0.00000
     -1.20679      6.79551      0.00000
     -1.19679      5.31480      0.00000
     -1.18679      1.80857      0.00000
     -1.17679      0.24188      0.00000
     -1.16679      0.01221      0.00000
     -1.15679      0.00023      0.00000
     -1.14679      0.00000      0.00000
     -1.13679      0.00000      0.00000
     -1.12679      0.00000      0.00000
     -1.11679      0.00000      0.00000
     -1.10679      0.00000      0.00000
     -1.09679      0.00000      0.00000
     -1.08679      0.00000      0.00000
     -1.07679      0.00000      0.00000
     -1.06679      0.00000      0.00000
     -1.05679      0.00000      0.00000
     -1.04679      0.00000      0.00000
     -1.03679      0.00002      0.00000
     -1.02679      0.00193      0.00000
     -1.01679      0.06246      0.00000
     -1.00679      0.75714      0.00000
     -0.99679      3.60858      0.00000
     -0.98679      7.59670      0.00000
     -0.97679      8.83680      0.00000
     -0.96679      7.81791      0.00000
     -0.95679      5.86402      0.00000
     -0.94679      2.49697      0.00000
     -0.93679      0.61560      0.00000
     -0.92679      1.46778      0.00000
     -0.91679      4.37775      0.00000
     -0.90679      6.27505      0.00000
     -0.89679      8.58006      0.00000
     -0.88679     10.16141      0.00000
     -0.87679      5.67471      0.00000
     -0.86679      3.68357      0.00000
     -0.85679      8.53483      0.00000
     -0.84679     12.12895      0.00000
     -0.83679      9.19548      0.00000
     -0.82679      3.96412      0.00000
     -0.81679      1.72229      0.00000
     -0.80679      5.82019      0.00000
     -0.79679     14.64897      0.00000
     -0.78679     17.94572      0.00000
     -0.77679     12.11212      0.00000
     -0.76679      4.15169      0.00000
     -0.75679      0.61108      0.00000
     -0.74679      0.03522      0.00000
     -0.73679      0.00099      0.00000
     -0.72679      0.01253      0.00000
     -0.71679      0.25803      0.00000
     -0.70679      2.06474      0.00000
     -0.69679      6.70423      0.00000
     -0.68679      9.47080      0.00000
     -0.67679      7.40339      0.00000
     -0.66679      6.02676      0.00000
     -0.65679      4.16836      0.00000
     -0.64679      1.65955      0.00000
     -0.63679      2.54348      0.00000
     -0.62679      6.06176      0.00000
     -0.61679      7.94868      0.00000
     -0.60679      7.32835      0.00000
     -0.59679      6.48127      0.00000
     -0.58679      4.84520      0.00000
     -0.57679      1.76136      0.00000
     -0.56679      0.24804      0.00000
     -0.55679      0.01295      0.00000
     -0.54679      0.00025      0.00000
     -0.53679      0.00000      0.00000
     -0.52679      0.00000      0.00000
     -0.51679      0.00000      0.00000
     -0.50679      0.00000      0.00000
     -0.49679      0.00095      0.00000
     -0.48679      0.03629      0.00000
     -0.47679      0.50767      0.00000
     -0.46679      2.62466      0.00000
     -0.45679      5.25687      0.00000
     -0.44679      6.04904      0.00000
     -0.43679      8.92514      0.00000
     -0.42679      9.37691      0.00000
     -0.41679      4.02983      0.00000
     -0.40679      0.70140      0.00000
     -0.39679      0.68836      0.00000
     -0.38679      3.45938      0.00000
     -0.37679      7.88655      0.00000
     -0.36679      8.86289      0.00000
     -0.35679      7.69193      0.00000
     -0.34679     10.28780      0.00000
     -0.33679     15.33011      0.00000
     -0.32679     19.85930      0.00000
     -0.31679     18.59566      0.00000
     -0.30679     12.36580      0.00000
     -0.29679      5.82079      0.00000
     -0.28679      1.47608      0.00000
     -0.27679      0.15971      0.00000
     -0.26679      0.00670      0.00000
     -0.25679      0.00010      0.00000
     -0.24679      0.00002      0.00000
     -0.23679      0.00169      0.00000
     -0.22679      0.04674      0.00000
     -0.21679      0.47573      0.00000
     -0.20679      1.78431      0.00000
     -0.19679      2.55819      0.00000
     -0.18679      2.56567      0.00000
     -0.17679      6.63427      0.00000
     -0.16679     11.99664      0.00000
     -0.15679      8.70418      0.00000
     -0.14679      2.45404      0.00000
     -0.13679      0.26720      0.00000
     -0.12679      0.01114      0.00000
     -0.11679      0.00073      0.00000
     -0.10679      0.02450      0.00000
     -0.09679      0.38802      0.00000
     -0.08679      2.28488      0.00000
     -0.07679      5.39114      0.00000
     -0.06679      7.60472      0.00000
     -0.05679     11.17873      0.00000
     -0.04679     14.24513      0.00000
     -0.03679     17.87712      0.00000
     -0.02679     16.87786      0.00000
     -0.01679     10.27354      0.00000
     -0.00679      9.00353      0.00000
      0.00321      9.12492      0.00000
      0.01321      5.65784      0.00000
      0.02321      3.50027      0.00000
      0.03321      4.50413      0.00000
      0.04321     12.69087      0.00000
      0.05321     21.09320      0.00000
      0.06321     19.47544      0.00000
      0.07321     15.69637      0.00000
      0.08321     13.57772      0.00000
      0.09321     11.08852      0.00000
      0.10321      8.35615      0.00000
      0.11321      6.71488      0.00000
      0.12321      4.48288      0.00000
      0.13321      1.42047      0.00000
      0.14321      0.17368      0.00000
      0.15321      0.00787      0.00000
      0.16321      0.00013      0.00000
      0.17321      0.00000      0.00000
      0.18321      0.00000      0.00000
      0.19321      0.00053      0.00000
      0.20321      0.02302      0.00000
      0.21321      0.37110      0.00000
      0.22321      2.20767      0.00000
      0.23321      5.00575      0.00000
      0.24321      5.80430      0.00000
      0.25321      8.12111      0.00000
      0.26321      9.74516      0.00000
      0.27321      5.35057      0.00000
      0.28321      2.84072      0.00000
      0.29321      5.68869      0.00000
      0.30321      9.82240      0.00000
      0.31321     11.45473      0.00000
      0.32321      6.79169      0.00000
      0.33321      1.62216      0.00000
      0.34321      0.14546      0.00000
      0.35321      0.00483      0.00000
      0.36321      0.00115      0.00000
      0.37321      0.03373      0.00000
      0.38321      0.38449      0.00000
      0.39321      1.61282      0.00000
      0.40321      2.50230      0.00000
      0.41321      1.67900      0.00000
      0.42321      2.11497      0.00000
      0.43321      4.58885      0.00000
      0.44321      4.21498      0.00000
      0.45321      1.43726      0.00000
      0.46321      0.30639      0.00000
      0.47321      1.00452      0.00000
      0.48321      3.43492      0.00000
      0.49321      6.12211      0.00000
      0.50321      6.19087      0.00000
      0.51321      5.25614      0.00000
      0.52321      5.52063      0.00000
      0.53321      4.78429      0.00000
      0.54321      8.33943      0.00000
      0.55321     17.59673      0.00000
      0.56321     20.88900      0.00000
      0.57321     11.58376      0.00000
      0.58321      3.07848      0.00000
      0.59321      1.88407      0.00000
      0.60321      2.49421      0.00000
      0.61321      1.40959      0.00000
      0.62321      0.63934      0.00000
      0.63321      2.16393      0.00000
      0.64321      4.77060      0.00000
      0.65321      3.97858      0.00000
      0.66321      2.00483      0.00000
      0.67321      3.49131      0.00000
      0.68321      5.31410      0.00000
      0.69321      5.36108      0.00000
      0.70321      9.12659      0.00000
      0.71321     13.93709      0.00000
      0.72321     14.41488      0.00000
      0.73321     15.73100      0.00000
      0.74321     19.68686      0.00000
      0.75321     16.17572      0.00000
      0.76321      9.37779      0.00000
      0.77321      4.24718      0.00000
      0.78321      1.14363      0.00000
      0.79321      1.50857      0.00000
      0.80321      6.01777      0.00000
      0.81321     11.41185      0.00000
      0.82321     12.53403      0.00000
      0.83321      7.67538      0.00000
      0.84321      1.25041      0.00000
      0.85321      0.20643      0.00000
      0.86321      2.04543      0.00000
      0.87321      1.89554      0.00000
      0.88321      0.57531      0.00000
      0.89321      0.08905      0.00000
      0.90321      0.49264      0.00000
      0.91321      3.69211      0.00000
      0.92321     11.37519      0.00000
      0.93321     15.54659      0.00000
      0.94321     15.03918      0.00000
      0.95321     19.26198      0.00000
      0.96321     19.30881      0.00000
      0.97321     11.81597      0.00000
      0.98321      7.03226      0.00000
      0.99321      5.61983      0.00000
      1.00321      2.72227      0.00000
      1.01321      0.52972      0.00000
      1.02321      0.03847      0.00000
      1.03321      0.00231      0.00000
      1.04321      0.04555      0.00000
      1.05321      0.60035      0.00000
      1.06321      3.05445      0.00000
      1.07321      7.07280      0.00000
      1.08321     11.20083      0.00000
      1.09321     14.08045      0.00000
      1.10321     10.41794      0.00000
      1.11321      5.95583      0.00000
      1.12321      9.34062      0.00000
      1.13321     13.61248      0.00000
      1.14321     10.40743      0.00000
      1.15321      6.78435      0.00000
      1.16321      6.25182      0.00000
      1.17321      7.76647      0.00000
      1.18321     13.29198      0.00000
      1.19321     17.12634      0.00000
      1.20321     15.67219      0.00000
      1.21321     10.51552      0.00000
      1.22321      4.50355      0.00000
      1.23321      0.95982      0.00000
      1.24321      0.08492      0.00000
      1.25321      0.00287      0.00000
      1.26321      0.00004      0.00000
      1.27321      0.00000      0.00000
      1.28321      0.00000      0.00000
      1.29321      0.00000      0.00000
      1.30321      0.00000      0.00000
      1.31321      0.00000      0.00000
      1.32321      0.00007      0.00000
      1.33321      0.00432      0.00000
      1.34321      0.10073      0.00000
      1.35321      0.94684      0.00000
      1.36321      3.93269      0.00000
      1.37321      8.51664      0.00000
      1.38321     13.25366      0.00000
      1.39321     18.73118      0.00000
      1.40321     19.25933      0.00000
      1.41321     11.91764      0.00000
      1.42321      4.02945      0.00000
      1.43321      1.54832      0.00000
      1.44321      4.31452      0.00000
      1.45321      8.50057      0.00000
      1.46321      9.16468      0.00000
      1.47321      5.99872      0.00000
      1.48321      1.99321      0.00000
      1.49321      0.35915      0.00000
      1.50321      1.03443      0.00000
      1.51321      4.55412      0.00000
      1.52321      7.48012      0.00000
      1.53321      4.52007      0.00000
      1.54321      1.00482      0.00000
      1.55321      0.08217      0.00000
      1.56321      0.00247      0.00000
      1.57321      0.00000      0.00000
      1.58321      0.00000      0.00000
      1.59321      0.00053      0.00000
      1.60321      0.02304      0.00000
      1.61321      0.37185      0.00000
      1.62321      2.22666      0.00000
      1.63321      5.20968      0.00000
      1.64321      6.22993      0.00000
      1.65321      6.65061      0.00000
      1.66321      7.22960      0.00000
      1.67321      8.10309      0.00000
      1.68321      7.00918      0.00000
      1.69321      7.23839      0.00000
      1.70321      9.77978      0.00000
      1.71321      7.58660      0.00000
      1.72321      5.95570      0.00000
      1.73321      8.21837      0.00000
      1.74321      7.95405      0.00000
      1.75321      6.24555      0.00000
      1.76321     10.59707      0.00000
      1.77321     16.76592      0.00000
      1.78321     15.83182      0.00000
      1.79321      8.45790      0.00000
      1.80321      2.09723      0.00000
      1.81321      0.20929      0.00000
      1.82321      0.00795      0.00000
      1.83321      0.00011      0.00000
      1.84321      0.00000      0.00000
      1.85321      0.00009      0.00000
      1.86321      0.00561      0.00000
      1.87321      0.13296      0.00000
      1.88321      1.17425      0.00000
      1.89321      3.87303      0.00000
      1.90321      4.92025      0.00000
      1.91321      3.82111      0.00000
      1.92321      6.60534      0.00000
      1.93321      9.74844      0.00000
      1.94321      8.06794      0.00000
      1.95321      9.35346      0.00000
      1.96321     12.81063      0.00000
      1.97321     13.66327      0.00000
      1.98321     15.18980      0.00000
      1.99321     15.14599      0.00000
      2.00321     11.92462      0.00000
      2.01321      9.86018      0.00000
      2.02321     11.80314      0.00000
      2.03321     11.08089      0.00000
      2.04321     12.82223      0.00000
      2.05321     17.34575      0.00000
      2.06321     14.70086      0.00000
      2.07321      8.72693      0.00000
      2.08321      3.00792      0.00000
      2.09321      0.44034      0.00000
      2.10321      0.02967      0.00000
      2.11321      0.13001      0.00000
      2.12321      1.17133      0.00000
      2.13321      3.89731      0.00000
      2.14321      4.77041      0.00000
      2.15321      2.14809      0.00000
      2.16321      0.35585      0.00000
      2.17321      0.02278      0.00000
      2.18321      0.03431      0.00000
      2.19321      0.38526      0.00000
      2.20321      1.61673      0.00000
      2.21321      2.58156      0.00000
      2.22321      2.63280      0.00000
      2.23321      6.47325      0.00000
      2.24321     13.50898      0.00000
      2.25321     15.49682      0.00000
      2.26321     10.46206      0.00000
      2.27321      5.47382      0.00000
      2.28321      5.26616      0.00000
      2.29321      3.88594      0.00000
      2.30321      2.51572      0.00000
      2.31321      4.60130      0.00000
      2.32321      6.67087      0.00000
      2.33321      9.27250      0.00000
      2.34321      9.92794      0.00000
      2.35321      4.67371      0.00000
      2.36321      1.48984      0.00000
      2.37321      2.50198      0.00000
      2.38321      4.00829      0.00000
      2.39321      3.46422      0.00000
      2.40321      1.51077      0.00000
      2.41321      0.39778      0.00000
      2.42321      0.86816      0.00000
      2.43321      2.31270      0.00000
      2.44321      3.19783      0.00000
      2.45321      5.84760      0.00000
      2.46321      9.83272      0.00000
      2.47321      8.24800      0.00000
      2.48321      6.40260      0.00000
      2.49321      7.57002      0.00000
      2.50321      7.07022      0.00000
      2.51321      3.80059      0.00000
      2.52321      0.90880      0.00000
      2.53321      0.08446      0.00000
      2.54321      0.00292      0.00000
      2.55321      0.00004      0.00000
      2.56321      0.00000      0.00000
      2.57321      0.00041      0.00000
      2.58321      0.01887      0.00000
      2.59321      0.32305      0.00000
      2.60321      2.03958      0.00000
      2.61321      4.86302      0.00000
      2.62321      5.32644      0.00000
      2.63321      5.39559      0.00000
      2.64321      5.49616      0.00000
      2.65321      5.02191      0.00000
      2.66321      5.28944      0.00000
      2.67321      3.01550      0.00000
      2.68321      0.80432      0.00000
      2.69321      1.30367      0.00000
      2.70321      4.04653      0.00000
      2.71321      5.30070      0.00000
      2.72321      4.86176      0.00000
      2.73321      5.30101      0.00000
      2.74321      3.24983      0.00000
      2.75321      0.77656      0.00000
      2.76321      0.18121      0.00000
      2.77321      1.07895      0.00000
      2.78321      3.76168      0.00000
      2.79321      4.83445      0.00000
      2.80321      2.28570      0.00000
      2.81321      0.39756      0.00000
      2.82321      0.02544      0.00000
      2.83321      0.00060      0.00000
      2.84321      0.00233      0.00000
      2.85321      0.08707      0.00000
      2.86321      1.22531      0.00000
      2.87321      6.59131      0.00000
      2.88321     13.81179      0.00000
      2.89321     11.72317      0.00000
      2.90321      5.66025      0.00000
      2.91321      5.09556      0.00000
      2.92321      4.21726      0.00000
      2.93321      1.50624      0.00000
      2.94321      1.45561      0.00000
      2.95321      6.46082      0.00000
      2.96321     14.75799      0.00000
      2.97321     21.28004      0.00000
      2.98321     22.65062      0.00000
      2.99321     16.77372      0.00000
      3.00321     12.71609      0.00000
      3.01321     10.41768      0.00000
      3.02321      6.13765      0.00000
