Energy-E_F (eV)    DOS (1/eV)    PDOS (1/eV)  of atom type Pt 
     -4.99000      7.38882      7.38882
     -4.98000      7.44757      7.44757
     -4.97000      6.73047      6.73047
     -4.96000      6.20100      6.20100
     -4.95000      4.64480      4.64480
     -4.94000      3.23054      3.23054
     -4.93000      4.45224      4.45224
     -4.92000      4.77663      4.77663
     -4.91000      3.51027      3.51027
     -4.90000      4.59771      4.59771
     -4.89000      6.59634      6.59634
     -4.88000      6.56449      6.56449
     -4.87000      6.02379      6.02379
     -4.86000      4.99063      4.99063
     -4.85000      5.59277      5.59277
     -4.84000      9.29688      9.29688
     -4.83000     11.01940     11.01940
     -4.82000      9.93675      9.93675
     -4.81000      8.19210      8.19210
     -4.80000      7.49078      7.49078
     -4.79000      6.47430      6.47430
     -4.78000      4.88725      4.88725
     -4.77000      3.64079      3.64079
     -4.76000      3.20491      3.20491
     -4.75000      2.75137      2.75137
     -4.74000      2.90140      2.90140
     -4.73000      3.49692      3.49692
     -4.72000      3.48646      3.48646
     -4.71000      5.15585      5.15585
     -4.70000      7.42849      7.42849
     -4.69000      7.56340      7.56340
     -4.68000      7.72247      7.72247
     -4.67000      6.72791      6.72791
     -4.66000      4.46744      4.46744
     -4.65000      2.72912      2.72912
     -4.64000      2.99848      2.99848
     -4.63000      5.89735      5.89735
     -4.62000      9.00652      9.00652
     -4.61000      9.20408      9.20408
     -4.60000      6.41931      6.41931
     -4.59000      3.67519      3.67519
     -4.58000      3.27766      3.27766
     -4.57000      4.46338      4.46338
     -4.56000      6.43298      6.43298
     -4.55000      7.56297      7.56297
     -4.54000      8.23912      8.23912
     -4.53000      6.05545      6.05545
     -4.52000      3.62900      3.62900
     -4.51000      3.11441      3.11441
     -4.50000      3.69827      3.69827
     -4.49000      4.86312      4.86312
     -4.48000      5.81564      5.81564
     -4.47000      7.76609      7.76609
     -4.46000     10.10587     10.10587
     -4.45000     12.62920     12.62920
     -4.44000     11.61901     11.61901
     -4.43000      8.17892      8.17892
     -4.42000      8.45364      8.45364
     -4.41000      9.38168      9.38168
     -4.40000      7.77398      7.77398
     -4.39000      8.23134      8.23134
     -4.38000      9.75114      9.75114
     -4.37000      8.22539      8.22539
     -4.36000      5.28604      5.28604
     -4.35000      5.10107      5.10107
     -4.34000      4.83250      4.83250
     -4.33000      3.93792      3.93792
     -4.32000      4.32820      4.32820
     -4.31000      4.89527      4.89527
     -4.30000      3.56295      3.56295
     -4.29000      3.43579      3.43579
     -4.28000      6.00325      6.00325
     -4.27000      8.47992      8.47992
     -4.26000      8.79034      8.79034
     -4.25000      8.74745      8.74745
     -4.24000      8.74666      8.74666
     -4.23000      6.85831      6.85831
     -4.22000      5.87495      5.87495
     -4.21000      6.75546      6.75546
     -4.20000      4.84531      4.84531
     -4.19000      2.11016      2.11016
     -4.18000      1.37516      1.37516
     -4.17000      1.57067      1.57067
     -4.16000      3.63450      3.63450
     -4.15000      6.24864      6.24864
     -4.14000      7.47456      7.47456
     -4.13000      8.58404      8.58404
     -4.12000      8.52927      8.52927
     -4.11000      5.75263      5.75263
     -4.10000      3.95791      3.95791
     -4.09000      5.24975      5.24975
     -4.08000      6.69912      6.69912
     -4.07000      8.91373      8.91373
     -4.06000     11.27030     11.27030
     -4.05000     10.34971     10.34971
     -4.04000     10.81521     10.81521
     -4.03000     12.68581     12.68581
     -4.02000     12.79967     12.79967
     -4.01000     13.23096     13.23096
     -4.00000     10.86219     10.86219
     -3.99000      7.52487      7.52487
     -3.98000      6.22369      6.22369
     -3.97000      4.18850      4.18850
     -3.96000      4.77058      4.77058
     -3.95000      8.69757      8.69757
     -3.94000     10.70380     10.70380
     -3.93000     10.68294     10.68294
     -3.92000      8.36951      8.36951
     -3.91000      5.85093      5.85093
     -3.90000      4.33191      4.33191
     -3.89000      5.37068      5.37068
     -3.88000      8.56248      8.56248
     -3.87000     10.83887     10.83887
     -3.86000      9.82163      9.82163
     -3.85000      6.64999      6.64999
     -3.84000      4.62756      4.62756
     -3.83000      5.45402      5.45402
     -3.82000      6.45896      6.45896
     -3.81000      7.87699      7.87699
     -3.80000     10.28994     10.28994
     -3.79000     11.25510     11.25510
     -3.78000      8.18641      8.18641
     -3.77000      8.46049      8.46049
     -3.76000     13.50800     13.50800
     -3.75000     14.32576     14.32576
     -3.74000     10.36487     10.36487
     -3.73000      9.37716      9.37716
     -3.72000     11.82506     11.82506
     -3.71000     10.98710     10.98710
     -3.70000      7.39700      7.39700
     -3.69000      6.93285      6.93285
     -3.68000      8.03753      8.03753
     -3.67000      9.41471      9.41471
     -3.66000     11.52554     11.52554
     -3.65000     12.53637     12.53637
     -3.64000     11.60262     11.60262
     -3.63000     12.05523     12.05523
     -3.62000     13.27822     13.27822
     -3.61000     10.98196     10.98196
     -3.60000      7.37690      7.37690
     -3.59000      6.40755      6.40755
     -3.58000      6.45316      6.45316
     -3.57000      6.10209      6.10209
     -3.56000      5.52921      5.52921
     -3.55000      6.42762      6.42762
     -3.54000      7.99242      7.99242
     -3.53000      9.16901      9.16901
     -3.52000     10.25272     10.25272
     -3.51000      7.73477      7.73477
     -3.50000      4.60924      4.60924
     -3.49000      5.85059      5.85059
     -3.48000      8.14572      8.14572
     -3.47000      7.77794      7.77794
     -3.46000      5.18650      5.18650
     -3.45000      2.99603      2.99603
     -3.44000      3.53917      3.53917
     -3.43000      5.09631      5.09631
     -3.42000      6.51237      6.51237
     -3.41000      7.30884      7.30884
     -3.40000      6.83394      6.83394
     -3.39000      6.76667      6.76667
     -3.38000      7.62695      7.62695
     -3.37000      6.69550      6.69550
     -3.36000      5.65726      5.65726
     -3.35000      5.18360      5.18360
     -3.34000      3.92661      3.92661
     -3.33000      3.52694      3.52694
     -3.32000      4.13040      4.13040
     -3.31000      2.95388      2.95388
     -3.30000      1.83146      1.83146
     -3.29000      3.13341      3.13341
     -3.28000      6.59298      6.59298
     -3.27000     10.25678     10.25678
     -3.26000     11.90922     11.90922
     -3.25000      8.51911      8.51911
     -3.24000      3.78882      3.78882
     -3.23000      2.74225      2.74225
     -3.22000      2.88265      2.88265
     -3.21000      4.13123      4.13123
     -3.20000      5.92342      5.92342
     -3.19000      5.30290      5.30290
     -3.18000      2.58197      2.58197
     -3.17000      1.39649      1.39649
     -3.16000      3.70082      3.70082
     -3.15000      7.20713      7.20713
     -3.14000      8.22335      8.22335
     -3.13000      5.77071      5.77071
     -3.12000      3.24400      3.24400
     -3.11000      5.14056      5.14056
     -3.10000      9.13919      9.13919
     -3.09000      8.52832      8.52832
     -3.08000      4.21689      4.21689
     -3.07000      2.07439      2.07439
     -3.06000      2.35852      2.35852
     -3.05000      4.00888      4.00888
     -3.04000      5.85003      5.85003
     -3.03000      5.13648      5.13648
     -3.02000      2.00965      2.00965
     -3.01000      0.57962      0.57962
     -3.00000      0.97301      0.97301
     -2.99000      1.87699      1.87699
     -2.98000      4.76076      4.76076
     -2.97000      9.87411      9.87411
     -2.96000     11.43925     11.43925
     -2.95000      8.22053      8.22053
     -2.94000      4.62340      4.62340
     -2.93000      3.78530      3.78530
     -2.92000      4.69149      4.69149
     -2.91000      5.07098      5.07098
     -2.90000      4.00143      4.00143
     -2.89000      2.77751      2.77751
     -2.88000      1.35328      1.35328
     -2.87000      1.10708      1.10708
     -2.86000      2.92218      2.92218
     -2.85000      4.88958      4.88958
     -2.84000      5.84248      5.84248
     -2.83000      7.31949      7.31949
     -2.82000      8.20377      8.20377
     -2.81000      6.90608      6.90608
     -2.80000      7.24187      7.24187
     -2.79000      8.07482      8.07482
     -2.78000      6.73105      6.73105
     -2.77000      4.79841      4.79841
     -2.76000      3.83296      3.83296
     -2.75000      2.92032      2.92032
     -2.74000      1.94967      1.94967
     -2.73000      2.14650      2.14650
     -2.72000      3.79823      3.79823
     -2.71000      4.62384      4.62384
     -2.70000      2.60857      2.60857
     -2.69000      0.85945      0.85945
     -2.68000      0.34553      0.34553
     -2.67000      0.46966      0.46966
     -2.66000      2.06529      2.06529
     -2.65000      4.88847      4.88847
     -2.64000      7.26585      7.26585
     -2.63000      9.70565      9.70565
     -2.62000     11.31231     11.31231
     -2.61000     10.59846     10.59846
     -2.60000      7.38802      7.38802
     -2.59000      3.91724      3.91724
     -2.58000      2.74924      2.74924
     -2.57000      4.22487      4.22487
     -2.56000      5.32704      5.32704
     -2.55000      6.15803      6.15803
     -2.54000      7.57606      7.57606
     -2.53000      6.54993      6.54993
     -2.52000      4.69395      4.69395
     -2.51000      3.48518      3.48518
     -2.50000      4.12128      4.12128
     -2.49000      5.61322      5.61322
     -2.48000      5.80733      5.80733
     -2.47000      3.91450      3.91450
     -2.46000      1.59514      1.59514
     -2.45000      1.25080      1.25080
     -2.44000      2.54716      2.54716
     -2.43000      3.93964      3.93964
     -2.42000      6.59694      6.59694
     -2.41000      9.30486      9.30486
     -2.40000      9.36293      9.36293
     -2.39000      9.00820      9.00820
     -2.38000      9.90639      9.90639
     -2.37000      8.61868      8.61868
     -2.36000      5.81350      5.81350
     -2.35000      4.07826      4.07826
     -2.34000      4.78178      4.78178
     -2.33000      6.81762      6.81762
     -2.32000      8.53581      8.53581
     -2.31000      8.80370      8.80370
     -2.30000      7.37386      7.37386
     -2.29000      7.72123      7.72123
     -2.28000      9.32690      9.32690
     -2.27000     10.86514     10.86514
     -2.26000     11.58179     11.58179
     -2.25000     10.17307     10.17307
     -2.24000      8.43819      8.43819
     -2.23000      7.83355      7.83355
     -2.22000      7.98321      7.98321
     -2.21000      7.68708      7.68708
     -2.20000      6.42143      6.42143
     -2.19000      6.26969      6.26969
     -2.18000      5.07017      5.07017
     -2.17000      2.06833      2.06833
     -2.16000      1.00061      1.00061
     -2.15000      2.11839      2.11839
     -2.14000      3.61462      3.61462
     -2.13000      4.40437      4.40437
     -2.12000      3.79161      3.79161
     -2.11000      1.73954      1.73954
     -2.10000      1.04638      1.04638
     -2.09000      2.85232      2.85232
     -2.08000      5.22086      5.22086
     -2.07000      5.84618      5.84618
     -2.06000      4.39164      4.39164
     -2.05000      2.19452      2.19452
     -2.04000      1.49125      1.49125
     -2.03000      2.38019      2.38019
     -2.02000      5.64138      5.64138
     -2.01000      9.85566      9.85566
     -2.00000     10.34011     10.34011
     -1.99000      7.82321      7.82321
     -1.98000      6.86856      6.86856
     -1.97000      7.29361      7.29361
     -1.96000      8.34900      8.34900
     -1.95000     10.17928     10.17928
     -1.94000      9.26630      9.26630
     -1.93000      7.89191      7.89191
     -1.92000      6.29008      6.29008
     -1.91000      3.53613      3.53613
     -1.90000      2.67605      2.67605
     -1.89000      4.38980      4.38980
     -1.88000      7.10230      7.10230
     -1.87000      9.45641      9.45641
     -1.86000     11.61593     11.61593
     -1.85000     13.06778     13.06778
     -1.84000      9.15514      9.15514
     -1.83000      3.40962      3.40962
     -1.82000      0.68200      0.68200
     -1.81000      0.52872      0.52872
     -1.80000      1.97883      1.97883
     -1.79000      3.54401      3.54401
     -1.78000      3.56546      3.56546
     -1.77000      3.14185      3.14185
     -1.76000      2.87145      2.87145
     -1.75000      3.26356      3.26356
     -1.74000      3.24454      3.24454
     -1.73000      3.00152      3.00152
     -1.72000      4.39848      4.39848
     -1.71000      6.08457      6.08457
     -1.70000      5.11981      5.11981
     -1.69000      2.75873      2.75873
     -1.68000      0.92743      0.92743
     -1.67000      0.80920      0.80920
     -1.66000      2.17627      2.17627
     -1.65000      3.35948      3.35948
     -1.64000      3.96499      3.96499
     -1.63000      4.64057      4.64057
     -1.62000      4.41192      4.41192
     -1.61000      2.30480      2.30480
     -1.60000      0.58659      0.58659
     -1.59000      0.71140      0.71140
     -1.58000      3.20954      3.20954
     -1.57000      6.79731      6.79731
     -1.56000      7.01307      7.01307
     -1.55000      5.69396      5.69396
     -1.54000      6.04901      6.04901
     -1.53000      6.43972      6.43972
     -1.52000      5.85098      5.85098
     -1.51000      3.84946      3.84946
     -1.50000      3.72030      3.72030
     -1.49000      6.67908      6.67908
     -1.48000     10.11340     10.11340
     -1.47000     10.20855     10.20855
     -1.46000      6.26716      6.26716
     -1.45000      3.18983      3.18983
     -1.44000      3.98216      3.98216
     -1.43000      7.04615      7.04615
     -1.42000      9.21650      9.21650
     -1.41000      7.10481      7.10481
     -1.40000      4.27100      4.27100
     -1.39000      5.69079      5.69079
     -1.38000      7.06180      7.06180
     -1.37000      4.46879      4.46879
     -1.36000      2.58676      2.58676
     -1.35000      2.56600      2.56600
     -1.34000      2.95137      2.95137
     -1.33000      4.90525      4.90525
     -1.32000      5.63115      5.63115
     -1.31000      4.50211      4.50211
     -1.30000      4.17941      4.17941
     -1.29000      4.74343      4.74343
     -1.28000      5.31783      5.31783
     -1.27000      4.94662      4.94662
     -1.26000      4.85115      4.85115
     -1.25000      5.02110      5.02110
     -1.24000      3.35759      3.35759
     -1.23000      2.00124      2.00124
     -1.22000      2.63502      2.63502
     -1.21000      4.18754      4.18754
     -1.20000      3.93472      3.93472
     -1.19000      2.14530      2.14530
     -1.18000      1.98456      1.98456
     -1.17000      4.11559      4.11559
     -1.16000      7.38987      7.38987
     -1.15000      7.78377      7.78377
     -1.14000      5.72028      5.72028
     -1.13000      4.12492      4.12492
     -1.12000      4.41179      4.41179
     -1.11000      3.84713      3.84713
     -1.10000      1.67554      1.67554
     -1.09000      1.24431      1.24431
     -1.08000      3.25851      3.25851
     -1.07000      5.93860      5.93860
     -1.06000      7.88047      7.88047
     -1.05000      7.55498      7.55498
     -1.04000      5.43942      5.43942
     -1.03000      4.94513      4.94513
     -1.02000      7.06008      7.06008
     -1.01000      7.99387      7.99387
     -1.00000      5.62680      5.62680
     -0.99000      3.46087      3.46087
     -0.98000      3.98987      3.98987
     -0.97000      4.03985      4.03985
     -0.96000      3.69544      3.69544
     -0.95000      5.53188      5.53188
     -0.94000      6.72479      6.72479
     -0.93000      5.55558      5.55558
     -0.92000      4.88932      4.88932
     -0.91000      6.09973      6.09973
     -0.90000      6.83794      6.83794
     -0.89000      6.80651      6.80651
     -0.88000      8.78227      8.78227
     -0.87000      9.22023      9.22023
     -0.86000      7.68696      7.68696
     -0.85000      7.70074      7.70074
     -0.84000      6.17165      6.17165
     -0.83000      2.78419      2.78419
     -0.82000      0.67907      0.67907
     -0.81000      0.75636      0.75636
     -0.80000      2.70934      2.70934
     -0.79000      6.83532      6.83532
     -0.78000     11.07925     11.07925
     -0.77000     10.80280     10.80280
     -0.76000      5.86467      5.86467
     -0.75000      2.05774      2.05774
     -0.74000      2.17286      2.17286
     -0.73000      3.49817      3.49817
     -0.72000      3.78557      3.78557
     -0.71000      3.68345      3.68345
     -0.70000      3.45377      3.45377
     -0.69000      5.03537      5.03537
     -0.68000      8.85669      8.85669
     -0.67000      9.16589      9.16589
     -0.66000      5.38341      5.38341
     -0.65000      4.88616      4.88616
     -0.64000      9.62072      9.62072
     -0.63000     15.02396     15.02396
     -0.62000     16.36758     16.36758
     -0.61000     14.17581     14.17581
     -0.60000     12.94283     12.94283
     -0.59000     10.32288     10.32288
     -0.58000      6.29741      6.29741
     -0.57000      6.24754      6.24754
     -0.56000     10.56129     10.56129
     -0.55000     12.37489     12.37489
     -0.54000     12.12190     12.12190
     -0.53000     11.60465     11.60465
     -0.52000      9.55899      9.55899
     -0.51000      8.59504      8.59504
     -0.50000      6.23734      6.23734
     -0.49000      3.74744      3.74744
     -0.48000      4.90124      4.90124
     -0.47000      8.55450      8.55450
     -0.46000     11.43666     11.43666
     -0.45000     13.21070     13.21070
     -0.44000     13.36690     13.36690
     -0.43000     10.38705     10.38705
     -0.42000      7.50454      7.50454
     -0.41000      5.82250      5.82250
     -0.40000      5.05239      5.05239
     -0.39000      6.27393      6.27393
     -0.38000      8.00918      8.00918
     -0.37000      7.72279      7.72279
     -0.36000      5.44108      5.44108
     -0.35000      2.48115      2.48115
     -0.34000      2.31661      2.31661
     -0.33000      4.72056      4.72056
     -0.32000      6.85688      6.85688
     -0.31000      7.14383      7.14383
     -0.30000      4.95481      4.95481
     -0.29000      3.30346      3.30346
     -0.28000      6.72938      6.72938
     -0.27000     11.57904     11.57904
     -0.26000     11.46976     11.46976
     -0.25000      8.27596      8.27596
     -0.24000      6.44101      6.44101
     -0.23000      5.42819      5.42819
     -0.22000      4.80636      4.80636
     -0.21000      4.36911      4.36911
     -0.20000      2.57622      2.57622
     -0.19000      1.12617      1.12617
     -0.18000      1.16918      1.16918
     -0.17000      1.18245      1.18245
     -0.16000      1.19472      1.19472
     -0.15000      1.04053      1.04053
     -0.14000      0.40275      0.40275
     -0.13000      0.05865      0.05865
     -0.12000      0.00564      0.00564
     -0.11000      0.06758      0.06758
     -0.10000      0.68448      0.68448
     -0.09000      2.74488      2.74488
     -0.08000      5.44096      5.44096
     -0.07000      8.82682      8.82682
     -0.06000     12.72842     12.72842
     -0.05000     10.69241     10.69241
     -0.04000      4.61943      4.61943
     -0.03000      1.19904      1.19904
     -0.02000      0.11989      0.11989
     -0.01000     -0.29872     -0.29872
      0.00000     -0.28041     -0.28041
      0.01000      0.94690      0.94690
      0.02000      2.21550      2.21550
      0.03000      1.88320      1.88320
      0.04000      1.55529      1.55529
      0.05000      2.06879      2.06879
      0.06000      3.72159      3.72159
      0.07000      5.21735      5.21735
      0.08000      5.00619      5.00619
      0.09000      3.93445      3.93445
      0.10000      2.40728      2.40728
      0.11000      0.78958      0.78958
      0.12000      0.25023      0.25023
      0.13000      0.92213      0.92213
      0.14000      2.18667      2.18667
      0.15000      2.45572      2.45572
      0.16000      2.47245      2.47245
      0.17000      2.05228      2.05228
      0.18000      0.76044      0.76044
      0.19000      0.10624      0.10624
      0.20000      0.00548      0.00548
      0.21000      0.00013      0.00013
      0.22000      0.00189      0.00189
      0.23000      0.04542      0.04542
      0.24000      0.41871      0.41871
      0.25000      1.50230      1.50230
      0.26000      2.12162      2.12162
      0.27000      1.18357      1.18357
      0.28000      0.26035      0.26035
      0.29000      0.04907      0.04907
      0.30000      0.25096      0.25096
      0.31000      0.85198      0.85198
      0.32000      1.06709      1.06709
      0.33000      0.49168      0.49168
      0.34000      0.08382      0.08382
      0.35000      0.02067      0.02067
      0.36000      0.19414      0.19414
      0.37000      0.97803      0.97803
      0.38000      2.22050      2.22050
      0.39000      2.95735      2.95735
      0.40000      2.83736      2.83736
      0.41000      1.52865      1.52865
      0.42000      0.34804      0.34804
      0.43000      0.03020      0.03020
      0.44000      0.00097      0.00097
      0.45000      0.00001      0.00001
      0.46000      0.00004      0.00004
      0.47000      0.00214      0.00214
      0.48000      0.04450      0.04450
      0.49000      0.34078      0.34078
      0.50000      0.96003      0.96003
      0.51000      0.99527      0.99527
      0.52000      0.39228      0.39228
      0.53000      0.24712      0.24712
      0.54000      1.07206      1.07206
      0.55000      2.16926      2.16926
      0.56000      1.61884      1.61884
      0.57000      0.44444      0.44444
      0.58000      0.04489      0.04489
      0.59000      0.00167      0.00167
      0.60000      0.00002      0.00002
      0.61000      0.00000      0.00000
      0.62000      0.00027      0.00027
      0.63000      0.00969      0.00969
      0.64000      0.12868      0.12868
      0.65000      0.65232      0.65232
      0.66000      1.47360      1.47360
      0.67000      2.26241      2.26241
      0.68000      2.88316      2.88316
      0.69000      2.92973      2.92973
      0.70000      2.37729      2.37729
      0.71000      1.03928      1.03928
      0.72000      0.54984      0.54984
      0.73000      1.55191      1.55191
      0.74000      3.18821      3.18821
      0.75000      4.02237      4.02237
      0.76000      3.63808      3.63808
      0.77000      3.06377      3.06377
      0.78000      2.72479      2.72479
      0.79000      2.43473      2.43473
      0.80000      2.44315      2.44315
      0.81000      1.80664      1.80664
      0.82000      2.00426      2.00426
      0.83000      2.13999      2.13999
      0.84000      0.95299      0.95299
      0.85000      0.15747      0.15747
      0.86000      0.00985      0.00985
      0.87000      0.01170      0.01170
      0.88000      0.17859      0.17859
      0.89000      1.02190      1.02190
      0.90000      2.15116      2.15116
      0.91000      1.66588      1.66588
      0.92000      0.47459      0.47459
      0.93000      0.04976      0.04976
      0.94000      0.00352      0.00352
      0.95000      0.04419      0.04419
      0.96000      0.45727      0.45727
      0.97000      1.87787      1.87787
      0.98000      3.45558      3.45558
      0.99000      3.29726      3.29726
      1.00000      1.60725      1.60725
      1.01000      0.38047      0.38047
      1.02000      0.33890      0.33890
      1.03000      0.92895      0.92895
      1.04000      1.02118      1.02118
      1.05000      0.41336      0.41336
      1.06000      0.06156      0.06156
      1.07000      0.00337      0.00337
      1.08000      0.00007      0.00007
      1.09000      0.00000      0.00000
      1.10000      0.00018      0.00018
      1.11000      0.00720      0.00720
      1.12000      0.10432      0.10432
      1.13000      0.55634      0.55634
      1.14000      1.09188      1.09188
      1.15000      0.80256      0.80256
      1.16000      0.44024      0.44024
      1.17000      1.38745      1.38745
      1.18000      3.07486      3.07486
      1.19000      2.64837      2.64837
      1.20000      0.87928      0.87928
      1.21000      0.11275      0.11275
      1.22000      0.00557      0.00557
      1.23000      0.00011      0.00011
      1.24000      0.00002      0.00002
      1.25000      0.00128      0.00128
      1.26000      0.03692      0.03692
      1.27000      0.39169      0.39169
      1.28000      1.52885      1.52885
      1.29000      2.19536      2.19536
      1.30000      1.16430      1.16430
      1.31000      0.32001      0.32001
      1.32000      0.72352      0.72352
      1.33000      1.94531      1.94531
      1.34000      1.97250      1.97250
      1.35000      0.83976      0.83976
      1.36000      0.86377      0.86377
      1.37000      1.99642      1.99642
      1.38000      1.91870      1.91870
      1.39000      0.77678      0.77678
      1.40000      1.08329      1.08329
      1.41000      4.01351      4.01351
      1.42000      6.42216      6.42216
      1.43000      4.05271      4.05271
      1.44000      1.02216      1.02216
      1.45000      0.43922      0.43922
      1.46000      1.44632      1.44632
      1.47000      2.21039      2.21039
      1.48000      1.24550      1.24550
      1.49000      0.25819      0.25819
      1.50000      0.01969      0.01969
      1.51000      0.00055      0.00055
      1.52000      0.00000      0.00000
      1.53000      0.00004      0.00004
      1.54000      0.00243      0.00243
      1.55000      0.06249      0.06249
      1.56000      0.61137      0.61137
      1.57000      2.28115      2.28115
      1.58000      3.24215      3.24215
      1.59000      1.74913      1.74913
      1.60000      0.35647      0.35647
      1.61000      0.02730      0.02730
      1.62000      0.00078      0.00078
      1.63000      0.00003      0.00003
      1.64000      0.00222      0.00222
      1.65000      0.05370      0.05370
      1.66000      0.53566      0.53566
      1.67000      2.34249      2.34249
      1.68000      4.69420      4.69420
      1.69000      4.27869      4.27869
      1.70000      1.68998      1.68998
      1.71000      0.27399      0.27399
      1.72000      0.01750      0.01750
      1.73000      0.00051      0.00051
      1.74000      0.00475      0.00475
      1.75000      0.09597      0.09597
      1.76000      0.71328      0.71328
      1.77000      1.95020      1.95020
      1.78000      1.96158      1.96158
      1.79000      0.72584      0.72584
      1.80000      0.09880      0.09880
      1.81000      0.00495      0.00495
      1.82000      0.00009      0.00009
      1.83000      0.00007      0.00007
      1.84000      0.00364      0.00364
      1.85000      0.06492      0.06492
      1.86000      0.42638      0.42638
      1.87000      1.03015      1.03015
      1.88000      0.91565      0.91565
      1.89000      0.30219      0.30219
      1.90000      0.09654      0.09654
      1.91000      0.50971      0.50971
      1.92000      1.79618      1.79618
      1.93000      3.39247      3.39247
      1.94000      4.74144      4.74144
      1.95000      4.24928      4.24928
      1.96000      2.19713      2.19713
      1.97000      1.98959      1.98959
      1.98000      2.14535      2.14535
      1.99000      1.01343      1.01343
      2.00000      0.60705      0.60705
      2.01000      1.66089      1.66089
      2.02000      2.54279      2.54279
      2.03000      2.70793      2.70793
      2.04000      3.36988      3.36988
      2.05000      3.38624      3.38624
      2.06000      2.32032      2.32032
      2.07000      1.93112      1.93112
      2.08000      2.02835      2.02835
      2.09000      0.95687      0.95687
      2.10000      0.14847      0.14847
      2.11000      0.09889      0.09889
      2.12000      0.53068      0.53068
      2.13000      1.08330      1.08330
      2.14000      0.81306      0.81306
      2.15000      0.22449      0.22449
      2.16000      0.02280      0.02280
      2.17000      0.00085      0.00085
      2.18000      0.00001      0.00001
      2.19000      0.00000      0.00000
      2.20000      0.00000      0.00000
      2.21000      0.00008      0.00008
      2.22000      0.00425      0.00425
      2.23000      0.08869      0.08869
      2.24000      0.68009      0.68009
      2.25000      1.91862      1.91862
      2.26000      1.99120      1.99120
      2.27000      0.76023      0.76023
      2.28000      0.10678      0.10678
      2.29000      0.00554      0.00554
      2.30000      0.00168      0.00168
      2.31000      0.03565      0.03565
      2.32000      0.29786      0.29786
      2.33000      0.92795      0.92795
      2.34000      1.24190      1.24190
      2.35000      1.54593      1.54593
      2.36000      2.24991      2.24991
      2.37000      1.57482      1.57482
      2.38000      0.41580      0.41580
      2.39000      0.04047      0.04047
      2.40000      0.00145      0.00145
      2.41000      0.00002      0.00002
      2.42000      0.00000      0.00000
      2.43000      0.00002      0.00002
      2.44000      0.00139      0.00139
      2.45000      0.04087      0.04087
      2.46000      0.45261      0.45261
      2.47000      1.91924      1.91924
      2.48000      3.18246      3.18246
      2.49000      2.10822      2.10822
      2.50000      0.56489      0.56489
      2.51000      0.06099      0.06099
      2.52000      0.00304      0.00304
      2.53000      0.01658      0.01658
      2.54000      0.23404      0.23404
      2.55000      1.27651      1.27651
      2.56000      2.96554      2.96554
      2.57000      3.53987      3.53987
      2.58000      2.58287      2.58287
      2.59000      2.11374      2.11374
      2.60000      2.89224      2.89224
      2.61000      2.50424      2.50424
      2.62000      1.08072      1.08072
      2.63000      0.21933      0.21933
      2.64000      0.04551      0.04551
      2.65000      0.31892      0.31892
      2.66000      1.38450      1.38450
      2.67000      2.21535      2.21535
      2.68000      1.30417      1.30417
      2.69000      0.28770      0.28770
      2.70000      0.12627      0.12627
      2.71000      0.74809      0.74809
      2.72000      1.98044      1.98044
      2.73000      1.93044      1.93044
      2.74000      0.69245      0.69245
      2.75000      0.10095      0.10095
      2.76000      0.16255      0.16255
      2.77000      0.95476      0.95476
      2.78000      2.12561      2.12561
      2.79000      1.85541      1.85541
      2.80000      1.57684      1.57684
      2.81000      3.64519      3.64519
      2.82000      5.12135      5.12135
      2.83000      3.62986      3.62986
      2.84000      3.06397      3.06397
      2.85000      4.13638      4.13638
      2.86000      3.12459      3.12459
      2.87000      1.01348      1.01348
      2.88000      0.13325      0.13325
      2.89000      0.00682      0.00682
      2.90000      0.00013      0.00013
      2.91000      0.00000      0.00000
      2.92000      0.00000      0.00000
      2.93000      0.00000      0.00000
      2.94000      0.00010      0.00010
      2.95000      0.00544      0.00544
      2.96000      0.10571      0.10571
      2.97000      0.75570      0.75570
      2.98000      1.98742      1.98742
      2.99000      1.92281      1.92281
      3.00000      0.68437      0.68437
      3.01000      0.08961      0.08961
      3.02000      0.00432      0.00432
      3.03000      0.00008      0.00008
      3.04000      0.00000      0.00000
      3.05000      0.00000      0.00000
      3.06000      0.00000      0.00000
      3.07000      0.00000      0.00000
      3.08000      0.00000      0.00000
      3.09000      0.00018      0.00018
      3.10000      0.00830      0.00830
      3.11000      0.14246      0.14246
      3.12000      0.89960      0.89960
      3.13000      2.08987      2.08987
      3.14000      1.78944      1.78944
      3.15000      0.63819      0.63819
      3.16000      0.68734      0.68734
      3.17000      1.86092      1.86092
      3.18000      2.04085      2.04085
      3.19000      0.82456      0.82456
      3.20000      0.12259      0.12259
      3.21000      0.00933      0.00933
      3.22000      0.07832      0.07832
      3.23000      0.86456      0.86456
      3.24000      3.56096      3.56096
      3.25000      5.51418      5.51418
      3.26000      3.55673      3.55673
      3.27000      2.22294      2.22294
      3.28000      2.25025      2.25025
      3.29000      1.15475      1.15475
      3.30000      0.22295      0.22295
      3.31000      0.01586      0.01586
      3.32000      0.00041      0.00041
      3.33000      0.00000      0.00000
      3.34000      0.00000      0.00000
      3.35000      0.00003      0.00003
      3.36000      0.00222      0.00222
      3.37000      0.05081      0.05081
      3.38000      0.44772      0.44772
      3.39000      1.54984      1.54984
      3.40000      2.24646      2.24646
      3.41000      2.04123      2.04123
      3.42000      2.33420      2.33420
      3.43000      1.80758      1.80758
      3.44000      0.56307      0.56307
      3.45000      0.06512      0.06512
      3.46000      0.00286      0.00286
      3.47000      0.00493      0.00493
      3.48000      0.10315      0.10315
      3.49000      0.82468      0.82468
      3.50000      2.53778      2.53778
      3.51000      3.06779      3.06779
      3.52000      1.48309      1.48309
      3.53000      0.28872      0.28872
      3.54000      0.02245      0.02245
      3.55000      0.00068      0.00068
      3.56000      0.00050      0.00050
      3.57000      0.01799      0.01799
      3.58000      0.24291      0.24291
      3.59000      1.20653      1.20653
      3.60000      2.20466      2.20466
      3.61000      1.48201      1.48201
      3.62000      0.36649      0.36649
      3.63000      0.03334      0.03334
      3.64000      0.00112      0.00112
      3.65000      0.00001      0.00001
      3.66000      0.00000      0.00000
      3.67000      0.00056      0.00056
      3.68000      0.01999      0.01999
      3.69000      0.26082      0.26082
      3.70000      1.25205      1.25205
      3.71000      2.21112      2.21112
      3.72000      1.43651      1.43651
      3.73000      0.34335      0.34335
      3.74000      0.03206      0.03206
      3.75000      0.05287      0.05287
      3.76000      0.54246      0.54246
      3.77000      2.20249      2.20249
      3.78000      3.83117      3.83117
      3.79000      3.73364      3.73364
      3.80000      2.49617      2.49617
      3.81000      0.89082      0.89082
      3.82000      0.13093      0.13093
      3.83000      0.00727      0.00727
      3.84000      0.00076      0.00076
      3.85000      0.02229      0.02229
      3.86000      0.30457      0.30457
      3.87000      1.59958      1.59958
      3.88000      3.45315      3.45315
      3.89000      3.82358      3.82358
      3.90000      2.96841      2.96841
      3.91000      1.40307      1.40307
      3.92000      0.28997      0.28997
      3.93000      0.02296      0.02296
      3.94000      0.00067      0.00067
      3.95000      0.00000      0.00000
      3.96000      0.00000      0.00000
      3.97000      0.00000      0.00000
      3.98000      0.00000      0.00000
      3.99000      0.00000      0.00000
      4.00000      0.00013      0.00013
      4.01000      0.00665      0.00665
      4.02000      0.12365      0.12365
      4.03000      0.87383      0.87383
      4.04000      2.53360      2.53360
      4.05000      3.55900      3.55900
      4.06000      2.76326      2.76326
      4.07000      1.06776      1.06776
