Energy-E_F (eV)    DOS (1/eV)    PDOS (1/eV)  of atom type Pb 
     -3.91475      1.32086      0.00000
     -3.90475      2.88613      0.00000
     -3.89475      4.26285      0.00000
     -3.88475      4.76258      0.00000
     -3.87475      5.61529      0.00000
     -3.86475      5.59576      0.00000
     -3.85475      6.22591      0.00000
     -3.84475      7.36466      0.00000
     -3.83475      7.37059      0.00000
     -3.82475      7.34931      0.00000
     -3.81475      6.64898      0.00000
     -3.80475      5.79239      0.00000
     -3.79475      4.09604      0.00000
     -3.78475      3.27909      0.00000
     -3.77475      5.86739      0.00000
     -3.76475      7.48745      0.00000
     -3.75475      5.35700      0.00000
     -3.74475      3.86067      0.00000
     -3.73475      4.88665      0.00000
     -3.72475      6.00459      0.00000
     -3.71475      6.83024      0.00000
     -3.70475      6.11232      0.00000
     -3.69475      4.79677      0.00000
     -3.68475      5.65548      0.00000
     -3.67475      5.72936      0.00000
     -3.66475      3.62537      0.00000
     -3.65475      3.26359      0.00000
     -3.64475      5.98490      0.00000
     -3.63475      9.49798      0.00000
     -3.62475     10.19423      0.00000
     -3.61475      7.74440      0.00000
     -3.60475      6.31077      0.00000
     -3.59475      5.69242      0.00000
     -3.58475      5.77942      0.00000
     -3.57475      7.34349      0.00000
     -3.56475     10.69039      0.00000
     -3.55475     13.20652      0.00000
     -3.54475     11.95543      0.00000
     -3.53475      9.56678      0.00000
     -3.52475     10.08014      0.00000
     -3.51475     12.15209      0.00000
     -3.50475     10.58985      0.00000
     -3.49475      7.79324      0.00000
     -3.48475      7.38379      0.00000
     -3.47475      8.48299      0.00000
     -3.46475      9.55339      0.00000
     -3.45475      9.10997      0.00000
     -3.44475      8.96184      0.00000
     -3.43475      9.92369      0.00000
     -3.42475      9.84390      0.00000
     -3.41475      8.40691      0.00000
     -3.40475      7.07081      0.00000
     -3.39475      6.32979      0.00000
     -3.38475      6.61070      0.00000
     -3.37475      5.56506      0.00000
     -3.36475      4.46977      0.00000
     -3.35475      5.92065      0.00000
     -3.34475      9.15949      0.00000
     -3.33475     10.44723      0.00000
     -3.32475      8.99172      0.00000
     -3.31475      8.30454      0.00000
     -3.30475      6.87317      0.00000
     -3.29475      4.98138      0.00000
     -3.28475      5.05448      0.00000
     -3.27475      5.84539      0.00000
     -3.26475      5.94194      0.00000
     -3.25475      6.08219      0.00000
     -3.24475      6.16483      0.00000
     -3.23475      5.89351      0.00000
     -3.22475      5.67327      0.00000
     -3.21475      6.25086      0.00000
     -3.20475      7.73583      0.00000
     -3.19475      8.77649      0.00000
     -3.18475      6.63092      0.00000
     -3.17475      5.17474      0.00000
     -3.16475      6.04064      0.00000
     -3.15475      7.41724      0.00000
     -3.14475      7.93801      0.00000
     -3.13475      7.52999      0.00000
     -3.12475      8.10285      0.00000
     -3.11475      6.90956      0.00000
     -3.10475      3.92469      0.00000
     -3.09475      3.06356      0.00000
     -3.08475      6.12505      0.00000
     -3.07475      9.33706      0.00000
     -3.06475      9.10878      0.00000
     -3.05475      7.53850      0.00000
     -3.04475      6.19618      0.00000
     -3.03475      3.14449      0.00000
     -3.02475      0.87966      0.00000
     -3.01475      1.33447      0.00000
     -3.00475      4.02772      0.00000
     -2.99475      6.81831      0.00000
     -2.98475      8.44973      0.00000
     -2.97475     10.04726      0.00000
     -2.96475      9.80625      0.00000
     -2.95475      8.81522      0.00000
     -2.94475      8.00866      0.00000
     -2.93475      6.80161      0.00000
     -2.92475      7.41248      0.00000
     -2.91475      8.83566      0.00000
     -2.90475      6.90718      0.00000
     -2.89475      3.01173      0.00000
     -2.88475      2.05946      0.00000
     -2.87475      4.18784      0.00000
     -2.86475      5.19856      0.00000
     -2.85475      3.24410      0.00000
     -2.84475      2.32979      0.00000
     -2.83475      3.36458      0.00000
     -2.82475      3.26589      0.00000
     -2.81475      2.58025      0.00000
     -2.80475      2.59003      0.00000
     -2.79475      2.95602      0.00000
     -2.78475      3.59720      0.00000
     -2.77475      5.34323      0.00000
     -2.76475      6.47209      0.00000
     -2.75475      5.38659      0.00000
     -2.74475      3.91375      0.00000
     -2.73475      3.53166      0.00000
     -2.72475      3.83658      0.00000
     -2.71475      3.10141      0.00000
     -2.70475      1.49525      0.00000
     -2.69475      0.35935      0.00000
     -2.68475      0.09210      0.00000
     -2.67475      0.50569      0.00000
     -2.66475      1.84270      0.00000
     -2.65475      3.08686      0.00000
     -2.64475      2.95161      0.00000
     -2.63475      1.91108      0.00000
     -2.62475      0.98199      0.00000
     -2.61475      1.92436      0.00000
     -2.60475      4.37543      0.00000
     -2.59475      4.99951      0.00000
     -2.58475      3.80297      0.00000
     -2.57475      2.27376      0.00000
     -2.56475      0.83875      0.00000
     -2.55475      0.58991      0.00000
     -2.54475      1.66124      0.00000
     -2.53475      2.25502      0.00000
     -2.52475      1.86685      0.00000
     -2.51475      2.63586      0.00000
     -2.50475      2.76523      0.00000
     -2.49475      1.48336      0.00000
     -2.48475      1.60641      0.00000
     -2.47475      3.08351      0.00000
     -2.46475      3.67219      0.00000
     -2.45475      2.83272      0.00000
     -2.44475      2.87934      0.00000
     -2.43475      3.23681      0.00000
     -2.42475      2.78900      0.00000
     -2.41475      2.57187      0.00000
     -2.40475      2.82805      0.00000
     -2.39475      3.97647      0.00000
     -2.38475      4.63857      0.00000
     -2.37475      3.40289      0.00000
     -2.36475      3.24083      0.00000
     -2.35475      4.74072      0.00000
     -2.34475      5.75295      0.00000
     -2.33475      5.57436      0.00000
     -2.32475      6.84220      0.00000
     -2.31475      9.91150      0.00000
     -2.30475     10.61929      0.00000
     -2.29475      6.65657      0.00000
     -2.28475      3.50652      0.00000
     -2.27475      3.35753      0.00000
     -2.26475      2.91309      0.00000
     -2.25475      2.67523      0.00000
     -2.24475      3.49511      0.00000
     -2.23475      4.56300      0.00000
     -2.22475      4.64601      0.00000
     -2.21475      3.64397      0.00000
     -2.20475      2.50839      0.00000
     -2.19475      2.70749      0.00000
     -2.18475      3.66913      0.00000
     -2.17475      4.74804      0.00000
     -2.16475      7.17168      0.00000
     -2.15475     10.58607      0.00000
     -2.14475     11.05158      0.00000
     -2.13475      8.17207      0.00000
     -2.12475      6.44072      0.00000
     -2.11475      5.03946      0.00000
     -2.10475      2.81189      0.00000
     -2.09475      2.14450      0.00000
     -2.08475      3.47495      0.00000
     -2.07475      3.91535      0.00000
     -2.06475      3.02329      0.00000
     -2.05475      2.12758      0.00000
     -2.04475      1.91267      0.00000
     -2.03475      2.56526      0.00000
     -2.02475      2.34208      0.00000
     -2.01475      1.47634      0.00000
     -2.00475      2.14240      0.00000
     -1.99475      2.97100      0.00000
     -1.98475      2.09232      0.00000
     -1.97475      2.44923      0.00000
     -1.96475      5.01813      0.00000
     -1.95475      7.05634      0.00000
     -1.94475      6.99562      0.00000
     -1.93475      6.32691      0.00000
     -1.92475      5.40853      0.00000
     -1.91475      4.40108      0.00000
     -1.90475      4.43481      0.00000
     -1.89475      4.87245      0.00000
     -1.88475      4.14732      0.00000
     -1.87475      2.28111      0.00000
     -1.86475      2.01517      0.00000
     -1.85475      3.80747      0.00000
     -1.84475      5.26685      0.00000
     -1.83475      5.43590      0.00000
     -1.82475      4.58435      0.00000
     -1.81475      2.82659      0.00000
     -1.80475      1.80062      0.00000
     -1.79475      1.56004      0.00000
     -1.78475      1.58972      0.00000
     -1.77475      4.10696      0.00000
     -1.76475      6.71279      0.00000
     -1.75475      5.13187      0.00000
     -1.74475      3.08660      0.00000
     -1.73475      3.56137      0.00000
     -1.72475      5.22052      0.00000
     -1.71475      7.65273      0.00000
     -1.70475      9.38803      0.00000
     -1.69475      8.00482      0.00000
     -1.68475      6.20310      0.00000
     -1.67475      5.90655      0.00000
     -1.66475      5.71166      0.00000
     -1.65475      5.70791      0.00000
     -1.64475      6.12689      0.00000
     -1.63475      5.63971      0.00000
     -1.62475      5.85036      0.00000
     -1.61475      7.24409      0.00000
     -1.60475      6.84525      0.00000
     -1.59475      3.91175      0.00000
     -1.58475      2.12807      0.00000
     -1.57475      1.56000      0.00000
     -1.56475      2.25871      0.00000
     -1.55475      4.49134      0.00000
     -1.54475      4.58324      0.00000
     -1.53475      3.11307      0.00000
     -1.52475      3.58899      0.00000
     -1.51475      3.95065      0.00000
     -1.50475      2.82775      0.00000
     -1.49475      2.43869      0.00000
     -1.48475      3.62708      0.00000
     -1.47475      6.13354      0.00000
     -1.46475      7.68697      0.00000
     -1.45475      8.06415      0.00000
     -1.44475      7.91882      0.00000
     -1.43475      6.48422      0.00000
     -1.42475      6.05857      0.00000
     -1.41475      7.48612      0.00000
     -1.40475      7.95234      0.00000
     -1.39475      6.20610      0.00000
     -1.38475      4.19435      0.00000
     -1.37475      5.07870      0.00000
     -1.36475      7.72470      0.00000
     -1.35475      7.70735      0.00000
     -1.34475      4.20011      0.00000
     -1.33475      2.41385      0.00000
     -1.32475      2.92153      0.00000
     -1.31475      3.30815      0.00000
     -1.30475      2.88847      0.00000
     -1.29475      1.41189      0.00000
     -1.28475      0.32287      0.00000
     -1.27475      0.29186      0.00000
     -1.26475      1.60635      0.00000
     -1.25475      3.91590      0.00000
     -1.24475      4.28067      0.00000
     -1.23475      3.51640      0.00000
     -1.22475      3.13830      0.00000
     -1.21475      1.92827      0.00000
     -1.20475      2.60592      0.00000
     -1.19475      5.96283      0.00000
     -1.18475      8.65094      0.00000
     -1.17475      9.91336      0.00000
     -1.16475     10.62019      0.00000
     -1.15475      9.72742      0.00000
     -1.14475      6.46072      0.00000
     -1.13475      3.09808      0.00000
     -1.12475      2.80181      0.00000
     -1.11475      4.84606      0.00000
     -1.10475      4.62025      0.00000
     -1.09475      2.42390      0.00000
     -1.08475      1.54246      0.00000
     -1.07475      2.05832      0.00000
     -1.06475      2.70194      0.00000
     -1.05475      3.19225      0.00000
     -1.04475      2.55061      0.00000
     -1.03475      1.54947      0.00000
     -1.02475      2.24660      0.00000
     -1.01475      4.64152      0.00000
     -1.00475      7.22833      0.00000
     -0.99475      8.70605      0.00000
     -0.98475      8.76254      0.00000
     -0.97475      6.96593      0.00000
     -0.96475      6.87853      0.00000
     -0.95475      7.66876      0.00000
     -0.94475      4.92763      0.00000
     -0.93475      2.49824      0.00000
     -0.92475      3.26226      0.00000
     -0.91475      5.53724      0.00000
     -0.90475      6.89812      0.00000
     -0.89475      7.15922      0.00000
     -0.88475      6.48610      0.00000
     -0.87475      4.78095      0.00000
     -0.86475      2.49812      0.00000
     -0.85475      1.02214      0.00000
     -0.84475      1.28094      0.00000
     -0.83475      1.88032      0.00000
     -0.82475      2.57000      0.00000
     -0.81475      3.17830      0.00000
     -0.80475      2.50170      0.00000
     -0.79475      2.96807      0.00000
     -0.78475      5.32148      0.00000
     -0.77475      7.60194      0.00000
     -0.76475      7.46102      0.00000
     -0.75475      6.83622      0.00000
     -0.74475      6.65386      0.00000
     -0.73475      7.29366      0.00000
     -0.72475      9.66533      0.00000
     -0.71475     10.96125      0.00000
     -0.70475      7.52754      0.00000
     -0.69475      3.41482      0.00000
     -0.68475      3.75959      0.00000
     -0.67475      6.54165      0.00000
     -0.66475      6.85765      0.00000
     -0.65475      5.42372      0.00000
     -0.64475      3.74612      0.00000
     -0.63475      2.73522      0.00000
     -0.62475      3.45798      0.00000
     -0.61475      4.90557      0.00000
     -0.60475      5.43059      0.00000
     -0.59475      6.35601      0.00000
     -0.58475      8.99355      0.00000
     -0.57475      9.36245      0.00000
     -0.56475      7.82083      0.00000
     -0.55475      6.52597      0.00000
     -0.54475      5.40991      0.00000
     -0.53475      3.70440      0.00000
     -0.52475      2.70108      0.00000
     -0.51475      2.66950      0.00000
     -0.50475      4.00320      0.00000
     -0.49475      7.43212      0.00000
     -0.48475      8.50627      0.00000
     -0.47475      5.85926      0.00000
     -0.46475      3.96664      0.00000
     -0.45475      3.61861      0.00000
     -0.44475      3.98867      0.00000
     -0.43475      3.84920      0.00000
     -0.42475      2.22234      0.00000
     -0.41475      1.08239      0.00000
     -0.40475      2.09199      0.00000
     -0.39475      4.45271      0.00000
     -0.38475      6.86519      0.00000
     -0.37475      8.43892      0.00000
     -0.36475      7.29042      0.00000
     -0.35475      3.21408      0.00000
     -0.34475      1.80253      0.00000
     -0.33475      4.27690      0.00000
     -0.32475      6.25243      0.00000
     -0.31475      6.61792      0.00000
     -0.30475      8.47608      0.00000
     -0.29475      9.01189      0.00000
     -0.28475      5.82734      0.00000
     -0.27475      2.40280      0.00000
     -0.26475      2.21292      0.00000
     -0.25475      5.24424      0.00000
     -0.24475      7.00459      0.00000
     -0.23475      5.87147      0.00000
     -0.22475      4.68464      0.00000
     -0.21475      5.28246      0.00000
     -0.20475      7.56014      0.00000
     -0.19475      9.51461      0.00000
     -0.18475     10.11429      0.00000
     -0.17475      8.47755      0.00000
     -0.16475      6.15107      0.00000
     -0.15475      5.45108      0.00000
     -0.14475      5.07023      0.00000
     -0.13475      4.45596      0.00000
     -0.12475      5.92424      0.00000
     -0.11475      7.70009      0.00000
     -0.10475      7.36918      0.00000
     -0.09475      5.93341      0.00000
     -0.08475      5.37925      0.00000
     -0.07475      6.36037      0.00000
     -0.06475      5.75312      0.00000
     -0.05475      4.58144      0.00000
     -0.04475      4.52478      0.00000
     -0.03475      4.40615      0.00000
     -0.02475      6.13662      0.00000
     -0.01475      9.15460      0.00000
     -0.00475      8.42394      0.00000
      0.00525      5.60393      0.00000
      0.01525      5.57820      0.00000
      0.02525      7.50377      0.00000
      0.03525      9.50840      0.00000
      0.04525     10.54419      0.00000
      0.05525     10.14254      0.00000
      0.06525      7.72053      0.00000
      0.07525      5.39679      0.00000
      0.08525      7.67180      0.00000
      0.09525      9.49466      0.00000
      0.10525      6.99936      0.00000
      0.11525      3.95850      0.00000
      0.12525      3.75185      0.00000
      0.13525      6.12359      0.00000
      0.14525      7.74448      0.00000
      0.15525      7.81431      0.00000
      0.16525      6.95809      0.00000
      0.17525      5.57798      0.00000
      0.18525      4.62316      0.00000
      0.19525      4.57862      0.00000
      0.20525      4.05410      0.00000
      0.21525      3.22375      0.00000
      0.22525      3.37374      0.00000
      0.23525      4.18229      0.00000
      0.24525      6.04501      0.00000
      0.25525      6.94028      0.00000
      0.26525      5.58383      0.00000
      0.27525      4.68674      0.00000
      0.28525      4.46620      0.00000
      0.29525      4.29868      0.00000
      0.30525      3.63710      0.00000
      0.31525      2.30816      0.00000
      0.32525      1.84626      0.00000
      0.33525      3.16027      0.00000
      0.34525      4.85025      0.00000
      0.35525      5.98581      0.00000
      0.36525      5.19267      0.00000
      0.37525      4.52431      0.00000
      0.38525      7.14664      0.00000
      0.39525      7.68936      0.00000
      0.40525      4.50286      0.00000
      0.41525      3.09625      0.00000
      0.42525      3.48030      0.00000
      0.43525      4.56034      0.00000
      0.44525      5.97682      0.00000
      0.45525      4.01327      0.00000
      0.46525      1.11100      0.00000
      0.47525      0.14009      0.00000
      0.48525      0.21518      0.00000
      0.49525      1.05724      0.00000
      0.50525      2.56668      0.00000
      0.51525      4.23112      0.00000
      0.52525      6.41658      0.00000
      0.53525      9.25620      0.00000
      0.54525     10.16607      0.00000
      0.55525      7.79935      0.00000
      0.56525      5.26054      0.00000
      0.57525      4.75843      0.00000
      0.58525      4.74483      0.00000
      0.59525      5.36277      0.00000
      0.60525      6.58401      0.00000
      0.61525      6.06360      0.00000
      0.62525      5.09155      0.00000
      0.63525      6.07483      0.00000
      0.64525      6.29152      0.00000
      0.65525      5.07596      0.00000
      0.66525      3.69224      0.00000
      0.67525      3.04564      0.00000
      0.68525      4.26146      0.00000
      0.69525      4.39507      0.00000
      0.70525      4.53059      0.00000
      0.71525      6.22100      0.00000
      0.72525      6.44347      0.00000
      0.73525      5.51559      0.00000
      0.74525      4.68042      0.00000
      0.75525      3.47682      0.00000
      0.76525      4.69003      0.00000
      0.77525      7.30929      0.00000
      0.78525      7.76348      0.00000
      0.79525      6.70495      0.00000
      0.80525      4.78587      0.00000
      0.81525      4.08101      0.00000
      0.82525      5.71371      0.00000
      0.83525      5.81350      0.00000
      0.84525      4.77968      0.00000
      0.85525      4.61394      0.00000
      0.86525      3.63695      0.00000
      0.87525      2.14356      0.00000
      0.88525      1.66047      0.00000
      0.89525      2.39987      0.00000
      0.90525      3.61340      0.00000
      0.91525      5.68556      0.00000
      0.92525      8.14433      0.00000
      0.93525      8.76257      0.00000
      0.94525      6.95500      0.00000
      0.95525      5.33344      0.00000
      0.96525      5.60296      0.00000
      0.97525      6.72683      0.00000
      0.98525      6.61308      0.00000
      0.99525      5.35548      0.00000
      1.00525      3.87257      0.00000
      1.01525      4.69987      0.00000
      1.02525      7.31661      0.00000
      1.03525      6.73967      0.00000
      1.04525      4.92933      0.00000
      1.05525      5.25513      0.00000
      1.06525      5.10847      0.00000
      1.07525      5.46278      0.00000
      1.08525      7.49074      0.00000
      1.09525      5.91857      0.00000
      1.10525      3.73041      0.00000
      1.11525      4.78348      0.00000
      1.12525      6.72424      0.00000
      1.13525      6.38034      0.00000
      1.14525      4.78073      0.00000
      1.15525      3.66364      0.00000
      1.16525      4.85564      0.00000
      1.17525      6.80679      0.00000
      1.18525      5.76319      0.00000
      1.19525      4.16536      0.00000
      1.20525      3.72274      0.00000
      1.21525      4.30990      0.00000
      1.22525      6.30583      0.00000
      1.23525      7.93664      0.00000
      1.24525      6.32406      0.00000
      1.25525      2.89135      0.00000
      1.26525      0.85414      0.00000
      1.27525      1.02674      0.00000
      1.28525      3.40094      0.00000
      1.29525      6.41447      0.00000
      1.30525      9.04681      0.00000
      1.31525     11.59724      0.00000
      1.32525     12.16446      0.00000
      1.33525      9.26203      0.00000
      1.34525      4.39522      0.00000
      1.35525      2.10839      0.00000
      1.36525      1.34263      0.00000
      1.37525      1.08370      0.00000
      1.38525      2.72491      0.00000
      1.39525      5.58004      0.00000
      1.40525      7.16536      0.00000
      1.41525      6.75901      0.00000
      1.42525      5.99862      0.00000
      1.43525      5.88817      0.00000
      1.44525      6.42112      0.00000
      1.45525      7.00319      0.00000
      1.46525      7.35874      0.00000
      1.47525      7.42632      0.00000
      1.48525      6.07517      0.00000
      1.49525      3.57084      0.00000
      1.50525      2.37604      0.00000
      1.51525      3.60498      0.00000
      1.52525      5.09534      0.00000
      1.53525      6.11092      0.00000
      1.54525      8.18120      0.00000
      1.55525      8.09785      0.00000
      1.56525      5.94443      0.00000
      1.57525      7.05736      0.00000
      1.58525      9.53518      0.00000
      1.59525      8.10295      0.00000
      1.60525      7.22424      0.00000
      1.61525      9.34213      0.00000
      1.62525      9.90727      0.00000
      1.63525      8.67193      0.00000
      1.64525      8.86699      0.00000
      1.65525     12.29929      0.00000
      1.66525     14.69039      0.00000
      1.67525     10.36472      0.00000
      1.68525      4.52185      0.00000
      1.69525      3.23986      0.00000
      1.70525      4.42891      0.00000
      1.71525      5.55152      0.00000
      1.72525      5.79211      0.00000
      1.73525      6.09539      0.00000
      1.74525      7.13527      0.00000
      1.75525      8.19016      0.00000
      1.76525      7.80636      0.00000
      1.77525      5.50939      0.00000
      1.78525      4.56940      0.00000
      1.79525      6.29432      0.00000
      1.80525      6.72393      0.00000
      1.81525      4.61639      0.00000
      1.82525      5.11801      0.00000
      1.83525      8.32816      0.00000
      1.84525      9.36703      0.00000
      1.85525      6.87848      0.00000
      1.86525      4.20496      0.00000
      1.87525      3.65038      0.00000
      1.88525      4.17887      0.00000
      1.89525      6.05296      0.00000
      1.90525      8.77209      0.00000
      1.91525      8.02437      0.00000
      1.92525      5.50749      0.00000
      1.93525      3.60720      0.00000
      1.94525      1.45753      0.00000
      1.95525      0.26133      0.00000
      1.96525      0.22301      0.00000
      1.97525      1.41988      0.00000
      1.98525      3.98209      0.00000
      1.99525      5.75542      0.00000
      2.00525      6.49955      0.00000
      2.01525      6.99282      0.00000
      2.02525      7.40963      0.00000
      2.03525      8.84764      0.00000
      2.04525     10.71918      0.00000
      2.05525     10.93384      0.00000
      2.06525      8.81253      0.00000
      2.07525      6.89559      0.00000
      2.08525      7.34849      0.00000
      2.09525      8.17527      0.00000
      2.10525      7.01678      0.00000
      2.11525      4.22831      0.00000
      2.12525      1.99450      0.00000
      2.13525      1.98203      0.00000
      2.14525      3.91999      0.00000
      2.15525      4.27488      0.00000
      2.16525      3.64153      0.00000
      2.17525      4.75726      0.00000
      2.18525      6.29553      0.00000
      2.19525      6.75475      0.00000
      2.20525      5.40353      0.00000
      2.21525      4.25377      0.00000
      2.22525      4.03569      0.00000
      2.23525      4.45532      0.00000
      2.24525      4.86803      0.00000
      2.25525      4.26598      0.00000
      2.26525      4.90998      0.00000
      2.27525      5.78828      0.00000
      2.28525      8.19533      0.00000
      2.29525      9.85858      0.00000
      2.30525      6.96192      0.00000
      2.31525      4.96022      0.00000
      2.32525      6.02399      0.00000
      2.33525      7.85538      0.00000
      2.34525      7.75203      0.00000
      2.35525      6.31674      0.00000
      2.36525      5.32922      0.00000
      2.37525      5.31959      0.00000
      2.38525      5.93812      0.00000
      2.39525      5.14244      0.00000
      2.40525      5.60434      0.00000
      2.41525      9.20536      0.00000
      2.42525     10.20617      0.00000
      2.43525      8.30483      0.00000
      2.44525      7.68453      0.00000
      2.45525      8.08867      0.00000
      2.46525      5.77923      0.00000
      2.47525      3.55338      0.00000
      2.48525      4.49145      0.00000
      2.49525      5.15449      0.00000
      2.50525      4.61576      0.00000
      2.51525      3.83088      0.00000
      2.52525      3.06508      0.00000
      2.53525      3.26519      0.00000
      2.54525      4.74282      0.00000
      2.55525      6.14113      0.00000
      2.56525      6.22040      0.00000
      2.57525      5.24577      0.00000
      2.58525      4.30303      0.00000
      2.59525      3.62897      0.00000
      2.60525      2.53738      0.00000
      2.61525      2.54261      0.00000
      2.62525      2.97543      0.00000
      2.63525      2.02997      0.00000
      2.64525      1.88361      0.00000
      2.65525      2.61675      0.00000
      2.66525      2.63520      0.00000
      2.67525      2.67350      0.00000
      2.68525      3.57331      0.00000
      2.69525      4.30975      0.00000
      2.70525      3.11800      0.00000
      2.71525      1.20783      0.00000
      2.72525      1.05581      0.00000
      2.73525      3.72481      0.00000
      2.74525      6.87132      0.00000
      2.75525      6.21062      0.00000
      2.76525      3.82212      0.00000
      2.77525      3.40843      0.00000
      2.78525      4.03481      0.00000
      2.79525      3.84686      0.00000
      2.80525      3.46238      0.00000
      2.81525      2.76517      0.00000
      2.82525      3.52007      0.00000
      2.83525      5.09586      0.00000
      2.84525      4.82245      0.00000
      2.85525      4.89257      0.00000
      2.86525      5.67094      0.00000
      2.87525      5.29267      0.00000
      2.88525      5.08631      0.00000
      2.89525      6.85444      0.00000
      2.90525      8.42893      0.00000
      2.91525      7.14385      0.00000
      2.92525      3.49381      0.00000
      2.93525      1.68443      0.00000
      2.94525      2.69445      0.00000
      2.95525      3.76398      0.00000
      2.96525      4.42512      0.00000
      2.97525      5.12514      0.00000
      2.98525      5.32048      0.00000
      2.99525      4.50236      0.00000
      3.00525      3.14962      0.00000
      3.01525      2.84812      0.00000
      3.02525      3.48634      0.00000
      3.03525      3.87578      0.00000
      3.04525      3.65841      0.00000
      3.05525      2.83740      0.00000
      3.06525      1.16705      0.00000
      3.07525      0.23927      0.00000
      3.08525      0.36473      0.00000
      3.09525      1.16498      0.00000
      3.10525      1.48582      0.00000
      3.11525      1.17450      0.00000
      3.12525      1.84974      0.00000
      3.13525      3.11697      0.00000
      3.14525      4.27772      0.00000
      3.15525      4.26472      0.00000
      3.16525      3.07697      0.00000
      3.17525      2.54278      0.00000
      3.18525      2.68456      0.00000
      3.19525      2.59120      0.00000
      3.20525      2.39531      0.00000
      3.21525      2.38338      0.00000
      3.22525      1.42582      0.00000
      3.23525      0.63587      0.00000
      3.24525      1.75204      0.00000
      3.25525      4.60673      0.00000
      3.26525      7.00282      0.00000
      3.27525      6.79067      0.00000
      3.28525      4.42481      0.00000
      3.29525      3.71112      0.00000
      3.30525      3.83484      0.00000
      3.31525      3.10505      0.00000
      3.32525      2.15343      0.00000
      3.33525      1.00115      0.00000
      3.34525      0.22321      0.00000
      3.35525      0.18098      0.00000
      3.36525      0.94463      0.00000
      3.37525      2.67954      0.00000
      3.38525      4.80416      0.00000
      3.39525      5.09529      0.00000
      3.40525      2.73587      0.00000
      3.41525      1.66154      0.00000
      3.42525      2.34858      0.00000
      3.43525      2.70721      0.00000
      3.44525      3.10202      0.00000
      3.45525      3.90188      0.00000
      3.46525      3.98453      0.00000
      3.47525      3.56931      0.00000
      3.48525      3.35809      0.00000
      3.49525      3.28083      0.00000
      3.50525      2.17726      0.00000
      3.51525      2.22685      0.00000
      3.52525      3.03353      0.00000
      3.53525      2.85222      0.00000
      3.54525      3.28891      0.00000
      3.55525      4.03663      0.00000
