Energy-E_F (eV)    DOS (1/eV)    PDOS (1/eV)  of atom type Pb 
     -4.99000      0.56896      0.56896
     -4.98000      1.81109      1.81109
     -4.97000      2.34237      2.34237
     -4.96000      2.33587      2.33587
     -4.95000      3.24069      3.24069
     -4.94000      2.60006      2.60006
     -4.93000      1.08762      1.08762
     -4.92000      1.33502      1.33502
     -4.91000      2.20245      2.20245
     -4.90000      1.45850      1.45850
     -4.89000      0.35992      0.35992
     -4.88000      0.04520      0.04520
     -4.87000      0.18806      0.18806
     -4.86000      1.04827      1.04827
     -4.85000      2.17298      2.17298
     -4.84000      1.85620      1.85620
     -4.83000      2.03232      2.03232
     -4.82000      4.53010      4.53010
     -4.81000      5.02396      5.02396
     -4.80000      2.38977      2.38977
     -4.79000      1.75921      1.75921
     -4.78000      3.94774      3.94774
     -4.77000      5.01330      5.01330
     -4.76000      3.86403      3.86403
     -4.75000      2.51826      2.51826
     -4.74000      2.48295      2.48295
     -4.73000      2.73363      2.73363
     -4.72000      1.90871      1.90871
     -4.71000      0.80206      0.80206
     -4.70000      0.30192      0.30192
     -4.69000      0.90943      0.90943
     -4.68000      2.44428      2.44428
     -4.67000      2.96421      2.96421
     -4.66000      1.56671      1.56671
     -4.65000      0.69442      0.69442
     -4.64000      1.57588      1.57588
     -4.63000      2.71576      2.71576
     -4.62000      3.23491      3.23491
     -4.61000      3.79779      3.79779
     -4.60000      3.47849      3.47849
     -4.59000      3.75653      3.75653
     -4.58000      4.15452      4.15452
     -4.57000      4.16013      4.16013
     -4.56000      4.40620      4.40620
     -4.55000      4.54469      4.54469
     -4.54000      5.90234      5.90234
     -4.53000      7.42748      7.42748
     -4.52000      6.86905      6.86905
     -4.51000      5.18133      5.18133
     -4.50000      3.69444      3.69444
     -4.49000      2.87343      2.87343
     -4.48000      1.72314      1.72314
     -4.47000      0.69966      0.69966
     -4.46000      1.66667      1.66667
     -4.45000      4.48669      4.48669
     -4.44000      5.68512      5.68512
     -4.43000      3.49136      3.49136
     -4.42000      1.03491      1.03491
     -4.41000      0.51740      0.51740
     -4.40000      1.62163      1.62163
     -4.39000      3.01731      3.01731
     -4.38000      4.30516      4.30516
     -4.37000      6.15269      6.15269
     -4.36000      7.52384      7.52384
     -4.35000      6.57754      6.57754
     -4.34000      3.18454      3.18454
     -4.33000      1.61814      1.61814
     -4.32000      3.12759      3.12759
     -4.31000      5.01960      5.01960
     -4.30000      5.73428      5.73428
     -4.29000      4.68454      4.68454
     -4.28000      2.10453      2.10453
     -4.27000      0.42186      0.42186
     -4.26000      0.03782      0.03782
     -4.25000      0.08719      0.08719
     -4.24000      0.77176      0.77176
     -4.23000      2.77368      2.77368
     -4.22000      4.47608      4.47608
     -4.21000      4.25081      4.25081
     -4.20000      3.10922      3.10922
     -4.19000      2.19608      2.19608
     -4.18000      2.63297      2.63297
     -4.17000      3.19984      3.19984
     -4.16000      3.78509      3.78509
     -4.15000      4.01659      4.01659
     -4.14000      4.99257      4.99257
     -4.13000      6.40568      6.40568
     -4.12000      6.33980      6.33980
     -4.11000      5.21380      5.21380
     -4.10000      3.04060      3.04060
     -4.09000      0.93020      0.93020
     -4.08000      0.35466      0.35466
     -4.07000      1.51882      1.51882
     -4.06000      3.80241      3.80241
     -4.05000      3.89895      3.89895
     -4.04000      2.27919      2.27919
     -4.03000      2.41595      2.41595
     -4.02000      2.98959      2.98959
     -4.01000      2.84560      2.84560
     -4.00000      1.72445      1.72445
     -3.99000      0.53038      0.53038
     -3.98000      0.70471      0.70471
     -3.97000      3.14065      3.14065
     -3.96000      8.34232      8.34232
     -3.95000     10.81267     10.81267
     -3.94000      6.03648      6.03648
     -3.93000      1.37131      1.37131
     -3.92000      0.24282      0.24282
     -3.91000      0.88148      0.88148
     -3.90000      2.75713      2.75713
     -3.89000      4.57231      4.57231
     -3.88000      4.69659      4.69659
     -3.87000      2.79098      2.79098
     -3.86000      1.02450      1.02450
     -3.85000      1.24267      1.24267
     -3.84000      2.89740      2.89740
     -3.83000      5.02677      5.02677
     -3.82000      5.88187      5.88187
     -3.81000      4.38594      4.38594
     -3.80000      3.63945      3.63945
     -3.79000      3.52941      3.52941
     -3.78000      2.98858      2.98858
     -3.77000      2.64746      2.64746
     -3.76000      1.92288      1.92288
     -3.75000      1.30323      1.30323
     -3.74000      1.09186      1.09186
     -3.73000      1.93884      1.93884
     -3.72000      2.16983      2.16983
     -3.71000      1.92536      1.92536
     -3.70000      3.66695      3.66695
     -3.69000      4.20092      4.20092
     -3.68000      1.82687      1.82687
     -3.67000      0.29287      0.29287
     -3.66000      0.01728      0.01728
     -3.65000      0.00040      0.00040
     -3.64000      0.00134      0.00134
     -3.63000      0.03172      0.03172
     -3.62000      0.27668      0.27668
     -3.61000      0.88781      0.88781
     -3.60000      1.04805      1.04805
     -3.59000      0.45745      0.45745
     -3.58000      0.13008      0.13008
     -3.57000      0.52381      0.52381
     -3.56000      1.73079      1.73079
     -3.55000      2.12093      2.12093
     -3.54000      0.95640      0.95640
     -3.53000      0.16705      0.16705
     -3.52000      0.12629      0.12629
     -3.51000      0.59070      0.59070
     -3.50000      1.10004      1.10004
     -3.49000      0.75803      0.75803
     -3.48000      0.26301      0.26301
     -3.47000      0.48841      0.48841
     -3.46000      1.28220      1.28220
     -3.45000      2.20562      2.20562
     -3.44000      3.44673      3.44673
     -3.43000      3.86442      3.86442
     -3.42000      3.29594      3.29594
     -3.41000      3.82463      3.82463
     -3.40000      4.04645      4.04645
     -3.39000      2.62694      2.62694
     -3.38000      2.24792      2.24792
     -3.37000      2.13949      2.13949
     -3.36000      1.09986      1.09986
     -3.35000      1.25805      1.25805
     -3.34000      2.40923      2.40923
     -3.33000      3.10489      3.10489
     -3.32000      4.53676      4.53676
     -3.31000      4.69323      4.69323
     -3.30000      2.52363      2.52363
     -3.29000      0.73377      0.73377
     -3.28000      0.10605      0.10605
     -3.27000      0.00784      0.00784
     -3.26000      0.04047      0.04047
     -3.25000      0.46056      0.46056
     -3.24000      2.00597      2.00597
     -3.23000      3.46376      3.46376
     -3.22000      3.24126      3.24126
     -3.21000      3.72005      3.72005
     -3.20000      3.94920      3.94920
     -3.19000      2.49068      2.49068
     -3.18000      2.04384      2.04384
     -3.17000      2.28612      2.28612
     -3.16000      1.63804      1.63804
     -3.15000      1.99573      1.99573
     -3.14000      2.71781      2.71781
     -3.13000      2.78757      2.78757
     -3.12000      2.40733      2.40733
     -3.11000      1.59629      1.59629
     -3.10000      1.24534      1.24534
     -3.09000      0.64975      0.64975
     -3.08000      0.14397      0.14397
     -3.07000      0.13681      0.13681
     -3.06000      0.83863      0.83863
     -3.05000      2.05306      2.05306
     -3.04000      1.89814      1.89814
     -3.03000      1.03324      1.03324
     -3.02000      1.59683      1.59683
     -3.01000      3.09390      3.09390
     -3.00000      3.59877      3.59877
     -2.99000      1.99115      1.99115
     -2.98000      0.81420      0.81420
     -2.97000      1.55570      1.55570
     -2.96000      2.28584      2.28584
     -2.95000      1.89190      1.89190
     -2.94000      2.68969      2.68969
     -2.93000      4.04570      4.04570
     -2.92000      3.83283      3.83283
     -2.91000      2.83650      2.83650
     -2.90000      4.03129      4.03129
     -2.89000      6.37769      6.37769
     -2.88000      4.64988      4.64988
     -2.87000      1.36493      1.36493
     -2.86000      0.15880      0.15880
     -2.85000      0.03264      0.03264
     -2.84000      0.24160      0.24160
     -2.83000      0.83924      0.83924
     -2.82000      1.07487      1.07487
     -2.81000      0.54647      0.54647
     -2.80000      0.41562      0.41562
     -2.79000      0.95306      0.95306
     -2.78000      1.00934      1.00934
     -2.77000      0.46772      0.46772
     -2.76000      0.67275      0.67275
     -2.75000      1.92370      1.92370
     -2.74000      2.65332      2.65332
     -2.73000      2.69689      2.69689
     -2.72000      2.47679      2.47679
     -2.71000      2.18734      2.18734
     -2.70000      2.34579      2.34579
     -2.69000      1.39629      1.39629
     -2.68000      0.67982      0.67982
     -2.67000      1.52349      1.52349
     -2.66000      2.20249      2.20249
     -2.65000      1.19112      1.19112
     -2.64000      0.26692      0.26692
     -2.63000      0.42170      0.42170
     -2.62000      2.12831      2.12831
     -2.61000      4.51067      4.51067
     -2.60000      4.29145      4.29145
     -2.59000      3.21938      3.21938
     -2.58000      3.82228      3.82228
     -2.57000      4.41401      4.41401
     -2.56000      4.05409      4.05409
     -2.55000      3.00393      3.00393
     -2.54000      1.32740      1.32740
     -2.53000      0.25550      0.25550
     -2.52000      0.01897      0.01897
     -2.51000      0.00363      0.00363
     -2.50000      0.07068      0.07068
     -2.49000      0.59188      0.59188
     -2.48000      1.82637      1.82637
     -2.47000      2.13708      2.13708
     -2.46000      1.45338      1.45338
     -2.45000      2.23310      2.23310
     -2.44000      4.08346      4.08346
     -2.43000      5.22991      5.22991
     -2.42000      3.75561      3.75561
     -2.41000      2.59484      2.59484
     -2.40000      4.87073      4.87073
     -2.39000      6.71357      6.71357
     -2.38000      5.56158      5.56158
     -2.37000      4.90297      4.90297
     -2.36000      5.39884      5.39884
     -2.35000      3.92850      3.92850
     -2.34000      2.72578      2.72578
     -2.33000      2.37399      2.37399
     -2.32000      2.07057      2.07057
     -2.31000      2.33076      2.33076
     -2.30000      1.43800      1.43800
     -2.29000      0.34102      0.34102
     -2.28000      0.02986      0.02986
     -2.27000      0.00096      0.00096
     -2.26000      0.00001      0.00001
     -2.25000      0.00000      0.00000
     -2.24000      0.00000      0.00000
     -2.23000      0.00035      0.00035
     -2.22000      0.01397      0.01397
     -2.21000      0.20485      0.20485
     -2.20000      1.11729      1.11729
     -2.19000      2.41275      2.41275
     -2.18000      2.79502      2.79502
     -2.17000      2.95338      2.95338
     -2.16000      2.95718      2.95718
     -2.15000      2.59674      2.59674
     -2.14000      1.31994      1.31994
     -2.13000      0.31046      0.31046
     -2.12000      0.31957      0.31957
     -2.11000      0.91547      0.91547
     -2.10000      1.05553      1.05553
     -2.09000      0.74521      0.74521
     -2.08000      1.82013      1.82013
     -2.07000      4.31222      4.31222
     -2.06000      4.86053      4.86053
     -2.05000      3.36760      3.36760
     -2.04000      3.96351      3.96351
     -2.03000      4.21771      4.21771
     -2.02000      1.85816      1.85816
     -2.01000      0.30745      0.30745
     -2.00000      0.01896      0.01896
     -1.99000      0.00044      0.00044
     -1.98000      0.00001      0.00001
     -1.97000      0.00112      0.00112
     -1.96000      0.03557      0.03557
     -1.95000      0.43359      0.43359
     -1.94000      2.08275      2.08275
     -1.93000      4.06110      4.06110
     -1.92000      3.30655      3.30655
     -1.91000      1.48160      1.48160
     -1.90000      1.68953      1.68953
     -1.89000      2.19833      2.19833
     -1.88000      1.14451      1.14451
     -1.87000      0.28838      0.28838
     -1.86000      0.68896      0.68896
     -1.85000      2.42300      2.42300
     -1.84000      3.23781      3.23781
     -1.83000      1.61741      1.61741
     -1.82000      0.42402      0.42402
     -1.81000      0.76142      0.76142
     -1.80000      1.79353      1.79353
     -1.79000      1.87202      1.87202
     -1.78000      0.86741      0.86741
     -1.77000      0.45774      0.45774
     -1.76000      1.58716      1.58716
     -1.75000      3.84098      3.84098
     -1.74000      5.61992      5.61992
     -1.73000      6.72155      6.72155
     -1.72000      6.79798      6.79798
     -1.71000      4.55719      4.55719
     -1.70000      3.16585      3.16585
     -1.69000      5.09728      5.09728
     -1.68000      7.88029      7.88029
     -1.67000      7.39828      7.39828
     -1.66000      4.05627      4.05627
     -1.65000      2.42282      2.42282
     -1.64000      2.45043      2.45043
     -1.63000      1.55244      1.55244
     -1.62000      0.41329      0.41329
     -1.61000      0.30846      0.30846
     -1.60000      1.28317      1.28317
     -1.59000      2.29824      2.29824
     -1.58000      2.20862      2.20862
     -1.57000      3.45697      3.45697
     -1.56000      5.18901      5.18901
     -1.55000      3.57793      3.57793
     -1.54000      1.03920      1.03920
     -1.53000      0.32869      0.32869
     -1.52000      0.80414      0.80414
     -1.51000      1.18859      1.18859
     -1.50000      1.27614      1.27614
     -1.49000      2.06394      2.06394
     -1.48000      1.95743      1.95743
     -1.47000      0.73134      0.73134
     -1.46000      0.37384      0.37384
     -1.45000      1.74734      1.74734
     -1.44000      4.76173      4.76173
     -1.43000      5.87870      5.87870
     -1.42000      3.19774      3.19774
     -1.41000      0.72268      0.72268
     -1.40000      0.06457      0.06457
     -1.39000      0.00221      0.00221
     -1.38000      0.00022      0.00022
     -1.37000      0.00839      0.00839
     -1.36000      0.13192      0.13192
     -1.35000      0.85235      0.85235
     -1.34000      2.39659      2.39659
     -1.33000      2.98845      2.98845
     -1.32000      1.60205      1.60205
     -1.31000      0.58600      0.58600
     -1.30000      1.66620      1.66620
     -1.29000      4.04631      4.04631
     -1.28000      3.72078      3.72078
     -1.27000      1.27472      1.27472
     -1.26000      0.16311      0.16311
     -1.25000      0.02492      0.02492
     -1.24000      0.24179      0.24179
     -1.23000      1.45385      1.45385
     -1.22000      4.00421      4.00421
     -1.21000      5.46781      5.46781
     -1.20000      4.49745      4.49745
     -1.19000      2.84063      2.84063
     -1.18000      1.91502      1.91502
     -1.17000      2.80467      2.80467
     -1.16000      3.57146      3.57146
     -1.15000      2.63487      2.63487
     -1.14000      0.95590      0.95590
     -1.13000      0.17481      0.17481
     -1.12000      0.36319      0.36319
     -1.11000      1.45995      1.45995
     -1.10000      2.20840      2.20840
     -1.09000      1.24063      1.24063
     -1.08000      0.45652      0.45652
     -1.07000      1.37170      1.37170
     -1.06000      3.63400      3.63400
     -1.05000      4.78319      4.78319
     -1.04000      4.62893      4.62893
     -1.03000      5.02893      5.02893
     -1.02000      5.34284      5.34284
     -1.01000      4.19188      4.19188
     -1.00000      3.89821      3.89821
     -0.99000      6.06058      6.06058
     -0.98000      6.25602      6.25602
     -0.97000      4.38669      4.38669
     -0.96000      3.28718      3.28718
     -0.95000      3.39198      3.39198
     -0.94000      3.06105      3.06105
     -0.93000      1.33239      1.33239
     -0.92000      0.26008      0.26008
     -0.91000      0.27478      0.27478
     -0.90000      1.24385      1.24385
     -0.89000      2.21009      2.21009
     -0.88000      1.44520      1.44520
     -0.87000      0.34766      0.34766
     -0.86000      0.03110      0.03110
     -0.85000      0.01445      0.01445
     -0.84000      0.20082      0.20082
     -0.83000      1.13360      1.13360
     -0.82000      2.64696      2.64696
     -0.81000      3.28357      3.28357
     -0.80000      2.83358      2.83358
     -0.79000      2.40583      2.40583
     -0.78000      3.07154      3.07154
     -0.77000      2.63100      2.63100
     -0.76000      1.07017      1.07017
     -0.75000      0.47609      0.47609
     -0.74000      1.05037      1.05037
     -0.73000      2.34896      2.34896
     -0.72000      5.94874      5.94874
     -0.71000     10.24452     10.24452
     -0.70000      9.62542      9.62542
     -0.69000      6.06641      6.06641
     -0.68000      4.76190      4.76190
     -0.67000      4.44994      4.44994
     -0.66000      2.02807      2.02807
     -0.65000      0.35235      0.35235
     -0.64000      0.03196      0.03196
     -0.63000      0.16815      0.16815
     -0.62000      1.18221      1.18221
     -0.61000      3.45952      3.45952
     -0.60000      4.77822      4.77822
     -0.59000      4.01753      4.01753
     -0.58000      2.29066      2.29066
     -0.57000      0.67582      0.67582
     -0.56000      0.08179      0.08179
     -0.55000      0.00375      0.00375
     -0.54000      0.00007      0.00007
     -0.53000      0.00095      0.00095
     -0.52000      0.03043      0.03043
     -0.51000      0.37013      0.37013
     -0.50000      1.79240      1.79240
     -0.49000      3.76241      3.76241
     -0.48000      4.05311      4.05311
     -0.47000      3.35178      3.35178
     -0.46000      2.79202      2.79202
     -0.45000      2.00702      2.00702
     -0.44000      1.63565      1.63565
     -0.43000      2.57158      2.57158
     -0.42000      4.22980      4.22980
     -0.41000      4.32478      4.32478
     -0.40000      2.88214      2.88214
     -0.39000      2.46030      2.46030
     -0.38000      1.99809      1.99809
     -0.37000      1.32582      1.32582
     -0.36000      2.01658      2.01658
     -0.35000      2.15908      2.15908
     -0.34000      1.74988      1.74988
     -0.33000      2.24805      2.24805
     -0.32000      1.74614      1.74614
     -0.31000      0.91841      0.91841
     -0.30000      1.74686      1.74686
     -0.29000      3.83136      3.83136
     -0.28000      4.70004      4.70004
     -0.27000      2.68424      2.68424
     -0.26000      1.51314      1.51314
     -0.25000      3.46688      3.46688
     -0.24000      6.00664      6.00664
     -0.23000      6.89626      6.89626
     -0.22000      6.19023      6.19023
     -0.21000      4.41299      4.41299
     -0.20000      3.00762      3.00762
     -0.19000      1.94667      1.94667
     -0.18000      1.14584      1.14584
     -0.17000      1.44992      1.44992
     -0.16000      4.37929      4.37929
     -0.15000      7.39940      7.39940
     -0.14000      6.71961      6.71961
     -0.13000      4.91828      4.91828
     -0.12000      4.59773      4.59773
     -0.11000      4.13479      4.13479
     -0.10000      2.40478      2.40478
     -0.09000      2.07386      2.07386
     -0.08000      4.40751      4.40751
     -0.07000      6.21786      6.21786
     -0.06000      5.19409      5.19409
     -0.05000      3.71774      3.71774
     -0.04000      3.36343      3.36343
     -0.03000      3.67453      3.67453
     -0.02000      3.13799      3.13799
     -0.01000      1.49113      1.49113
      0.00000      0.31080      0.31080
      0.01000      0.05556      0.05556
      0.02000      0.27133      0.27133
      0.03000      0.87989      0.87989
      0.04000      1.05260      1.05260
      0.05000      0.46344      0.46344
      0.06000      0.08260      0.08260
      0.07000      0.11347      0.11347
      0.08000      0.59214      0.59214
      0.09000      1.39339      1.39339
      0.10000      2.12343      2.12343
      0.11000      2.55915      2.55915
      0.12000      2.74316      2.74316
      0.13000      5.45480      5.45480
      0.14000      7.49021      7.49021
      0.15000      4.29036      4.29036
      0.16000      1.37695      1.37695
      0.17000      2.00876      2.00876
      0.18000      4.08754      4.08754
      0.19000      4.36897      4.36897
      0.20000      2.41468      2.41468
      0.21000      0.88302      0.88302
      0.22000      1.40845      1.40845
      0.23000      3.16669      3.16669
      0.24000      4.36681      4.36681
      0.25000      3.36901      3.36901
      0.26000      1.19634      1.19634
      0.27000      0.53280      0.53280
      0.28000      2.08907      2.08907
      0.29000      4.32939      4.32939
      0.30000      3.60317      3.60317
      0.31000      2.57835      2.57835
      0.32000      4.01739      4.01739
      0.33000      5.40171      5.40171
      0.34000      6.13495      6.13495
      0.35000      6.07421      6.07421
      0.36000      4.76386      4.76386
      0.37000      3.21655      3.21655
      0.38000      1.56542      1.56542
      0.39000      0.89901      0.89901
      0.40000      2.09889      2.09889
      0.41000      3.90430      3.90430
      0.42000      5.87007      5.87007
      0.43000      7.33157      7.33157
      0.44000      6.49225      6.49225
      0.45000      4.07174      4.07174
      0.46000      3.52874      3.52874
      0.47000      4.21305      4.21305
      0.48000      2.77311      2.77311
      0.49000      1.47436      1.47436
      0.50000      3.54115      3.54115
      0.51000      7.20709      7.20709
      0.52000      7.68842      7.68842
      0.53000      4.87556      4.87556
      0.54000      2.86304      2.86304
      0.55000      2.33854      2.33854
      0.56000      1.11441      1.11441
      0.57000      0.24764      0.24764
      0.58000      0.50339      0.50339
      0.59000      2.28488      2.28488
      0.60000      4.43370      4.43370
      0.61000      4.00574      4.00574
      0.62000      2.16635      2.16635
      0.63000      1.30559      1.30559
      0.64000      1.21227      1.21227
      0.65000      0.98896      0.98896
      0.66000      2.16326      2.16326
      0.67000      5.11237      5.11237
      0.68000      6.61050      6.61050
      0.69000      6.32139      6.32139
      0.70000      5.98587      5.98587
      0.71000      3.86756      3.86756
      0.72000      1.89189      1.89189
      0.73000      0.87633      0.87633
      0.74000      0.21934      0.21934
      0.75000      0.02607      0.02607
      0.76000      0.09281      0.09281
      0.77000      0.69639      0.69639
      0.78000      1.96388      1.96388
      0.79000      2.33081      2.33081
      0.80000      2.31548      2.31548
      0.81000      3.01873      3.01873
      0.82000      3.05999      3.05999
      0.83000      3.63146      3.63146
      0.84000      4.38955      4.38955
      0.85000      3.18065      3.18065
      0.86000      2.74280      2.74280
      0.87000      3.47960      3.47960
      0.88000      2.55002      2.55002
      0.89000      1.81652      1.81652
      0.90000      2.48788      2.48788
      0.91000      3.82213      3.82213
      0.92000      3.91042      3.91042
      0.93000      2.90771      2.90771
      0.94000      1.48931      1.48931
      0.95000      1.24607      1.24607
      0.96000      2.27290      2.27290
      0.97000      2.67329      2.67329
      0.98000      3.56030      3.56030
      0.99000      4.14928      4.14928
      1.00000      2.55340      2.55340
      1.01000      1.58861      1.58861
      1.02000      2.49799      2.49799
      1.03000      3.70275      3.70275
      1.04000      3.17250      3.17250
      1.05000      2.51262      2.51262
      1.06000      3.16466      3.16466
      1.07000      3.87203      3.87203
      1.08000      3.58030      3.58030
      1.09000      2.58428      2.58428
      1.10000      2.45389      2.45389
      1.11000      1.84778      1.84778
      1.12000      1.91603      1.91603
      1.13000      2.27958      2.27958
      1.14000      1.74253      1.74253
      1.15000      2.53656      2.53656
      1.16000      3.78313      3.78313
      1.17000      3.86231      3.86231
      1.18000      3.58621      3.58621
      1.19000      2.38878      2.38878
      1.20000      2.16144      2.16144
      1.21000      3.11063      3.11063
      1.22000      3.62991      3.62991
      1.23000      3.93752      3.93752
      1.24000      3.93816      3.93816
      1.25000      2.97762      2.97762
      1.26000      2.42886      2.42886
      1.27000      2.94499      2.94499
      1.28000      3.42166      3.42166
      1.29000      3.62116      3.62116
      1.30000      3.80690      3.80690
      1.31000      3.86378      3.86378
      1.32000      3.11949      3.11949
      1.33000      2.02690      2.02690
      1.34000      2.53626      2.53626
      1.35000      3.31528      3.31528
      1.36000      3.30666      3.30666
      1.37000      3.68517      3.68517
      1.38000      2.52873      2.52873
      1.39000      0.71212      0.71212
      1.40000      0.25737      0.25737
      1.41000      1.26023      1.26023
      1.42000      3.51081      3.51081
      1.43000      4.45903      4.45903
      1.44000      3.75996      3.75996
      1.45000      3.53922      3.53922
      1.46000      3.17919      3.17919
      1.47000      3.43518      3.43518
      1.48000      3.07286      3.07286
      1.49000      1.48641      1.48641
      1.50000      1.73609      1.73609
      1.51000      3.40366      3.40366
      1.52000      3.75489      3.75489
      1.53000      3.35214      3.35214
      1.54000      2.56043      2.56043
      1.55000      1.32315      1.32315
      1.56000      0.37178      0.37178
      1.57000      0.06796      0.06796
      1.58000      0.28785      0.28785
      1.59000      1.31737      1.31737
      1.60000      2.30731      2.30731
      1.61000      1.95008      1.95008
      1.62000      2.16232      2.16232
      1.63000      4.53828      4.53828
      1.64000      6.80309      6.80309
      1.65000      4.42661      4.42661
      1.66000      1.33416      1.33416
      1.67000      1.29869      1.29869
      1.68000      2.60046      2.60046
      1.69000      3.47823      3.47823
      1.70000      4.15713      4.15713
      1.71000      3.42526      3.42526
      1.72000      1.95157      1.95157
      1.73000      2.99324      2.99324
      1.74000      5.17636      5.17636
      1.75000      4.68012      4.68012
      1.76000      2.56130      2.56130
      1.77000      0.79977      0.79977
      1.78000      0.63320      0.63320
      1.79000      2.92989      2.92989
      1.80000      6.20814      6.20814
      1.81000      5.11916      5.11916
      1.82000      1.63276      1.63276
      1.83000      0.24418      0.24418
      1.84000      0.37797      0.37797
      1.85000      1.30510      1.30510
      1.86000      2.59758      2.59758
      1.87000      3.58535      3.58535
      1.88000      3.72823      3.72823
      1.89000      3.11864      3.11864
      1.90000      1.55565      1.55565
      1.91000      0.40805      0.40805
      1.92000      0.48240      0.48240
      1.93000      1.04846      1.04846
      1.94000      0.88860      0.88860
      1.95000      0.28031      0.28031
      1.96000      0.10395      0.10395
      1.97000      0.64742      0.64742
      1.98000      2.30733      2.30733
      1.99000      3.87918      3.87918
      2.00000      4.53782      4.53782
      2.01000      4.51113      4.51113
      2.02000      3.88803      3.88803
      2.03000      3.21185      3.21185
      2.04000      1.80137      1.80137
      2.05000      1.94172      1.94172
      2.06000      4.99350      4.99350
      2.07000      7.50216      7.50216
      2.08000      6.93523      6.93523
      2.09000      4.31946      4.31946
      2.10000      1.76941      1.76941
      2.11000      0.42121      0.42121
      2.12000      0.16497      0.16497
      2.13000      0.60401      0.60401
      2.14000      1.12394      1.12394
      2.15000      0.96183      0.96183
      2.16000      0.98824      0.98824
      2.17000      1.10329      1.10329
      2.18000      0.54118      0.54118
      2.19000      0.11930      0.11930
      2.20000      0.34678      0.34678
      2.21000      2.16123      2.16123
      2.22000      5.43127      5.43127
      2.23000      5.65472      5.65472
      2.24000      2.59949      2.59949
      2.25000      1.06479      1.06479
      2.26000      1.84311      1.84311
      2.27000      2.09067      2.09067
      2.28000      1.06659      1.06659
      2.29000      1.34453      1.34453
      2.30000      2.98630      2.98630
      2.31000      2.82254      2.82254
      2.32000      1.30026      1.30026
      2.33000      1.47284      1.47284
      2.34000      2.32378      2.32378
      2.35000      2.14204      2.14204
      2.36000      2.95875      2.95875
      2.37000      4.81318      4.81318
      2.38000      6.56817      6.56817
      2.39000      7.28759      7.28759
      2.40000      4.88021      4.88021
      2.41000      2.12959      2.12959
      2.42000      2.07540      2.07540
      2.43000      2.32486      2.32486
      2.44000      2.63095      2.63095
      2.45000      4.72476      4.72476
      2.46000      4.71717      4.71717
      2.47000      2.14747      2.14747
      2.48000      1.11260      1.11260
