Energy-E_F (eV)    DOS (1/eV)    PDOS (1/eV)  of atom type Au 
     -4.99000     12.87474     12.87474
     -4.98000     20.11931     20.11931
     -4.97000     15.77800     15.77800
     -4.96000      9.42298      9.42298
     -4.95000      4.91675      4.91675
     -4.94000      5.23386      5.23386
     -4.93000      8.57085      8.57085
     -4.92000     11.41544     11.41544
     -4.91000     10.92882     10.92882
     -4.90000     10.23635     10.23635
     -4.89000      9.79120      9.79120
     -4.88000      7.48468      7.48468
     -4.87000      7.49084      7.49084
     -4.86000      7.69362      7.69362
     -4.85000      3.74491      3.74491
     -4.84000      1.05029      1.05029
     -4.83000      2.25327      2.25327
     -4.82000      5.59327      5.59327
     -4.81000      6.43182      6.43182
     -4.80000      4.03171      4.03171
     -4.79000      5.20089      5.20089
     -4.78000     11.40313     11.40313
     -4.77000     12.33601     12.33601
     -4.76000      6.57773      6.57773
     -4.75000      1.83912      1.83912
     -4.74000      0.45376      0.45376
     -4.73000      1.88973      1.88973
     -4.72000      6.03480      6.03480
     -4.71000      7.58147      7.58147
     -4.70000      6.29771      6.29771
     -4.69000      8.48679      8.48679
     -4.68000      9.13513      9.13513
     -4.67000      7.56034      7.56034
     -4.66000      8.80949      8.80949
     -4.65000     10.90051     10.90051
     -4.64000     10.15088     10.15088
     -4.63000      5.80186      5.80186
     -4.62000      2.19267      2.19267
     -4.61000      3.79938      3.79938
     -4.60000      9.30063      9.30063
     -4.59000     15.39137     15.39137
     -4.58000     18.04734     18.04734
     -4.57000     13.48871     13.48871
     -4.56000      7.55379      7.55379
     -4.55000      9.33406      9.33406
     -4.54000     13.37629     13.37629
     -4.53000     13.56261     13.56261
     -4.52000     10.67837     10.67837
     -4.51000     10.16787     10.16787
     -4.50000     11.36507     11.36507
     -4.49000     14.12146     14.12146
     -4.48000     13.91138     13.91138
     -4.47000     11.74816     11.74816
     -4.46000     12.05781     12.05781
     -4.45000     13.16727     13.16727
     -4.44000     20.74142     20.74142
     -4.43000     27.01571     27.01571
     -4.42000     19.51675     19.51675
     -4.41000     10.91659     10.91659
     -4.40000      8.47248      8.47248
     -4.39000      4.66040      4.66040
     -4.38000      2.60056      2.60056
     -4.37000      3.72479      3.72479
     -4.36000      3.34152      3.34152
     -4.35000      3.07296      3.07296
     -4.34000      4.09349      4.09349
     -4.33000      4.42609      4.42609
     -4.32000      6.85437      6.85437
     -4.31000      7.82125      7.82125
     -4.30000      7.10434      7.10434
     -4.29000      7.89107      7.89107
     -4.28000      4.78150      4.78150
     -4.27000      1.11522      1.11522
     -4.26000      0.09608      0.09608
     -4.25000      0.00391      0.00391
     -4.24000      0.03718      0.03718
     -4.23000      0.58945      0.58945
     -4.22000      3.53787      3.53787
     -4.21000      8.98344      8.98344
     -4.20000     13.63612     13.63612
     -4.19000     15.77372     15.77372
     -4.18000     10.29365     10.29365
     -4.17000      3.12717      3.12717
     -4.16000      1.65875      1.65875
     -4.15000      5.44063      5.44063
     -4.14000     10.36851     10.36851
     -4.13000     13.07788     13.07788
     -4.12000     11.74292     11.74292
     -4.11000      8.29282      8.29282
     -4.10000     13.94051     13.94051
     -4.09000     24.19296     24.19296
     -4.08000     23.29858     23.29858
     -4.07000     16.55158     16.55158
     -4.06000     18.02721     18.02721
     -4.05000     18.04493     18.04493
     -4.04000     10.12719     10.12719
     -4.03000      3.19304      3.19304
     -4.02000      1.54798      1.54798
     -4.01000      5.49297      5.49297
     -4.00000     10.80326     10.80326
     -3.99000      8.96216      8.96216
     -3.98000      5.26426      5.26426
     -3.97000      3.93787      3.93787
     -3.96000      2.21261      2.21261
     -3.95000      2.15200      2.15200
     -3.94000      2.44129      2.44129
     -3.93000      1.17547      1.17547
     -3.92000      0.49168      0.49168
     -3.91000      1.69618      1.69618
     -3.90000      3.61257      3.61257
     -3.89000      2.85211      2.85211
     -3.88000      0.82935      0.82935
     -3.87000      0.12131      0.12131
     -3.86000      0.43527      0.43527
     -3.85000      2.09213      2.09213
     -3.84000      3.73326      3.73326
     -3.83000      2.55269      2.55269
     -3.82000      1.54671      1.54671
     -3.81000      3.39089      3.39089
     -3.80000      5.60841      5.60841
     -3.79000      7.49481      7.49481
     -3.78000     11.76379     11.76379
     -3.77000     18.18125     18.18125
     -3.76000     20.86956     20.86956
     -3.75000     17.74723     17.74723
     -3.74000     16.42100     16.42100
     -3.73000     16.85509     16.85509
     -3.72000     12.81679     12.81679
     -3.71000      8.98325      8.98325
     -3.70000     10.61713     10.61713
     -3.69000     13.15229     13.15229
     -3.68000     10.01785     10.01785
     -3.67000      6.83330      6.83330
     -3.66000      7.82697      7.82697
     -3.65000      5.75284      5.75284
     -3.64000      2.89545      2.89545
     -3.63000      4.51935      4.51935
     -3.62000      7.80995      7.80995
     -3.61000      8.65992      8.65992
     -3.60000      4.95718      4.95718
     -3.59000      3.20691      3.20691
     -3.58000      6.54193      6.54193
     -3.57000      7.90189      7.90189
     -3.56000      7.38065      7.38065
     -3.55000      7.86746      7.86746
     -3.54000      4.51945      4.51945
     -3.53000      2.49982      2.49982
     -3.52000      7.70182      7.70182
     -3.51000     16.01631     16.01631
     -3.50000     17.88655     17.88655
     -3.49000     13.57813     13.57813
     -3.48000      6.86529      6.86529
     -3.47000      2.24117      2.24117
     -3.46000      2.37808      2.37808
     -3.45000      4.43693      4.43693
     -3.44000      6.85640      6.85640
     -3.43000     11.12583     11.12583
     -3.42000      9.85530      9.85530
     -3.41000      6.91850      6.91850
     -3.40000      9.81198      9.81198
     -3.39000     10.42226     10.42226
     -3.38000     11.89723     11.89723
     -3.37000     21.49865     21.49865
     -3.36000     25.95467     25.95467
     -3.35000     20.22482     20.22482
     -3.34000     20.48397     20.48397
     -3.33000     26.22842     26.22842
     -3.32000     23.15002     23.15002
     -3.31000     14.93358     14.93358
     -3.30000     11.02466     11.02466
     -3.29000     10.85330     10.85330
     -3.28000     13.42810     13.42810
     -3.27000     17.11509     17.11509
     -3.26000     16.51270     16.51270
     -3.25000     13.55704     13.55704
     -3.24000      8.07050      8.07050
     -3.23000      5.25439      5.25439
     -3.22000      5.62522      5.62522
     -3.21000     10.52788     10.52788
     -3.20000     14.71805     14.71805
     -3.19000     11.47613     11.47613
     -3.18000      5.53950      5.53950
     -3.17000      1.52332      1.52332
     -3.16000      0.19051      0.19051
     -3.15000      0.00944      0.00944
     -3.14000      0.00102      0.00102
     -3.13000      0.04317      0.04317
     -3.12000      0.82292      0.82292
     -3.11000      6.01010      6.01010
     -3.10000     17.29171     17.29171
     -3.09000     20.65756     20.65756
     -3.08000     12.14380     12.14380
     -3.07000      5.74828      5.74828
     -3.06000      2.37999      2.37999
     -3.05000      0.48685      0.48685
     -3.04000      0.03860      0.03860
     -3.03000      0.00113      0.00113
     -3.02000      0.00000      0.00000
     -3.01000      0.00000      0.00000
     -3.00000      0.00000      0.00000
     -2.99000      0.00000      0.00000
     -2.98000      0.00000      0.00000
     -2.97000      0.00000      0.00000
     -2.96000      0.00000      0.00000
     -2.95000      0.00000      0.00000
     -2.94000      0.00000      0.00000
     -2.93000      0.00000      0.00000
     -2.92000      0.00000      0.00000
     -2.91000      0.00000      0.00000
     -2.90000      0.00000      0.00000
     -2.89000      0.00000      0.00000
     -2.88000      0.00000      0.00000
     -2.87000      0.00012      0.00012
     -2.86000      0.00703      0.00703
     -2.85000      0.14931      0.14931
     -2.84000      1.18652      1.18652
     -2.83000      3.61856      3.61856
     -2.82000      4.46277      4.46277
     -2.81000      2.40696      2.40696
     -2.80000      0.59886      0.59886
     -2.79000      0.06673      0.06673
     -2.78000      0.00308      0.00308
     -2.77000      0.00005      0.00005
     -2.76000      0.00000      0.00000
     -2.75000      0.00000      0.00000
     -2.74000      0.00000      0.00000
     -2.73000      0.00000      0.00000
     -2.72000      0.00000      0.00000
     -2.71000      0.00000      0.00000
     -2.70000      0.00000      0.00000
     -2.69000      0.00000      0.00000
     -2.68000      0.00000      0.00000
     -2.67000      0.00000      0.00000
     -2.66000      0.00007      0.00007
     -2.65000      0.00453      0.00453
     -2.64000      0.10729      0.10729
     -2.63000      0.93506      0.93506
     -2.62000      2.99799      2.99799
     -2.61000      3.53610      3.53610
     -2.60000      1.53435      1.53435
     -2.59000      0.24492      0.24492
     -2.58000      0.01438      0.01438
     -2.57000      0.00031      0.00031
     -2.56000      0.00002      0.00002
     -2.55000      0.00141      0.00141
     -2.54000      0.04537      0.04537
     -2.53000      0.53675      0.53675
     -2.52000      2.34132      2.34132
     -2.51000      3.92512      3.92512
     -2.50000      4.37527      4.37527
     -2.49000      9.83853      9.83853
     -2.48000     14.95029     14.95029
     -2.47000      8.78724      8.78724
     -2.46000      1.91468      1.91468
     -2.45000      0.15431      0.15431
     -2.44000      0.00460      0.00460
     -2.43000      0.00003      0.00003
     -2.42000      0.00000      0.00000
     -2.41000      0.00000      0.00000
     -2.40000      0.00000      0.00000
     -2.39000      0.00000      0.00000
     -2.38000      0.00000      0.00000
     -2.37000      0.00174      0.00174
     -2.36000      0.06320      0.06320
     -2.35000      0.84236      0.84236
     -2.34000      4.13023      4.13023
     -2.33000      7.45001      7.45001
     -2.32000      4.94363      4.94363
     -2.31000      1.20681      1.20681
     -2.30000      0.10858      0.10858
     -2.29000      0.01389      0.01389
     -2.28000      0.19375      0.19375
     -2.27000      1.33897      1.33897
     -2.26000      3.40493      3.40493
     -2.25000      3.18530      3.18530
     -2.24000      1.09622      1.09622
     -2.23000      0.13879      0.13879
     -2.22000      0.00646      0.00646
     -2.21000      0.00011      0.00011
     -2.20000      0.00000      0.00000
     -2.19000      0.00000      0.00000
     -2.18000      0.00000      0.00000
     -2.17000      0.00000      0.00000
     -2.16000      0.00000      0.00000
     -2.15000      0.00000      0.00000
     -2.14000      0.00000      0.00000
     -2.13000      0.00000      0.00000
     -2.12000      0.00000      0.00000
     -2.11000      0.00000      0.00000
     -2.10000      0.00000      0.00000
     -2.09000      0.00000      0.00000
     -2.08000      0.00000      0.00000
     -2.07000      0.00000      0.00000
     -2.06000      0.00000      0.00000
     -2.05000      0.00000      0.00000
     -2.04000      0.00000      0.00000
     -2.03000      0.00000      0.00000
     -2.02000      0.00000      0.00000
     -2.01000      0.00000      0.00000
     -2.00000      0.00000      0.00000
     -1.99000      0.00000      0.00000
     -1.98000      0.00000      0.00000
     -1.97000      0.00000      0.00000
     -1.96000      0.00000      0.00000
     -1.95000      0.00000      0.00000
     -1.94000      0.00000      0.00000
     -1.93000      0.00060      0.00060
     -1.92000      0.02395      0.02395
     -1.91000      0.34868      0.34868
     -1.90000      1.86787      1.86787
     -1.89000      3.68104      3.68104
     -1.88000      2.66870      2.66870
     -1.87000      0.71176      0.71176
     -1.86000      0.06984      0.06984
     -1.85000      0.00252      0.00252
     -1.84000      0.00003      0.00003
     -1.83000      0.00000      0.00000
     -1.82000      0.00000      0.00000
     -1.81000      0.00000      0.00000
     -1.80000      0.00000      0.00000
     -1.79000      0.00012      0.00012
     -1.78000      0.00689      0.00689
     -1.77000      0.14526      0.14526
     -1.76000      1.12707      1.12707
     -1.75000      3.21711      3.21711
     -1.74000      3.37821      3.37821
     -1.73000      1.30501      1.30501
     -1.72000      0.18546      0.18546
     -1.71000      0.00970      0.00970
     -1.70000      0.00019      0.00019
     -1.69000      0.00075      0.00075
     -1.68000      0.03317      0.03317
     -1.67000      0.54129      0.54129
     -1.66000      3.25792      3.25792
     -1.65000      7.41238      7.41238
     -1.64000      7.84789      7.84789
     -1.63000      7.92613      7.92613
     -1.62000      7.14025      7.14025
     -1.61000      2.89033      2.89033
     -1.60000      0.68997      0.68997
     -1.59000      2.09783      2.09783
     -1.58000      6.24131      6.24131
     -1.57000      6.91032      6.91032
     -1.56000      2.81489      2.81489
     -1.55000      0.42191      0.42191
     -1.54000      0.02859      0.02859
     -1.53000      0.12138      0.12138
     -1.52000      1.00717      1.00717
     -1.51000      3.08637      3.08637
     -1.50000      3.47938      3.47938
     -1.49000      1.44298      1.44298
     -1.48000      0.22015      0.22015
     -1.47000      0.01236      0.01236
     -1.46000      0.00026      0.00026
     -1.45000      0.00000      0.00000
     -1.44000      0.00000      0.00000
     -1.43000      0.00040      0.00040
     -1.42000      0.02054      0.02054
     -1.41000      0.38642      0.38642
     -1.40000      2.67390      2.67390
     -1.39000      6.80674      6.80674
     -1.38000      6.37440      6.37440
     -1.37000      2.19606      2.19606
     -1.36000      0.27833      0.27833
     -1.35000      0.01298      0.01298
     -1.34000      0.00022      0.00022
     -1.33000      0.00000      0.00000
     -1.32000      0.00000      0.00000
     -1.31000      0.00000      0.00000
     -1.30000      0.00000      0.00000
     -1.29000      0.00000      0.00000
     -1.28000      0.00000      0.00000
     -1.27000      0.00000      0.00000
     -1.26000      0.00000      0.00000
     -1.25000      0.00000      0.00000
     -1.24000      0.00000      0.00000
     -1.23000      0.00000      0.00000
     -1.22000      0.00000      0.00000
     -1.21000      0.00000      0.00000
     -1.20000      0.00000      0.00000
     -1.19000      0.00000      0.00000
     -1.18000      0.00000      0.00000
     -1.17000      0.00000      0.00000
     -1.16000      0.00000      0.00000
     -1.15000      0.00053      0.00053
     -1.14000      0.02540      0.02540
     -1.13000      0.44884      0.44884
     -1.12000      2.91824      2.91824
     -1.11000      6.97994      6.97994
     -1.10000      6.14170      6.14170
     -1.09000      1.98806      1.98806
     -1.08000      0.23674      0.23674
     -1.07000      0.01037      0.01037
     -1.06000      0.00017      0.00017
     -1.05000      0.00000      0.00000
     -1.04000      0.00000      0.00000
     -1.03000      0.00000      0.00000
     -1.02000      0.00000      0.00000
     -1.01000      0.00000      0.00000
     -1.00000      0.00000      0.00000
     -0.99000      0.00000      0.00000
     -0.98000      0.00000      0.00000
     -0.97000      0.00000      0.00000
     -0.96000      0.00000      0.00000
     -0.95000      0.00000      0.00000
     -0.94000      0.00000      0.00000
     -0.93000      0.00000      0.00000
     -0.92000      0.00000      0.00000
     -0.91000      0.00000      0.00000
     -0.90000      0.00000      0.00000
     -0.89000      0.00024      0.00024
     -0.88000      0.01397      0.01397
     -0.87000      0.29341      0.29341
     -0.86000      2.26775      2.26775
     -0.85000      6.44793      6.44793
     -0.84000      6.74451      6.74451
     -0.83000      2.59529      2.59529
     -0.82000      0.36739      0.36739
     -0.81000      0.01913      0.01913
     -0.80000      0.00037      0.00037
     -0.79000      0.00000      0.00000
     -0.78000      0.00000      0.00000
     -0.77000      0.00000      0.00000
     -0.76000      0.00000      0.00000
     -0.75000      0.00000      0.00000
     -0.74000      0.00081      0.00081
     -0.73000      0.02994      0.02994
     -0.72000      0.40602      0.40602
     -0.71000      2.02586      2.02586
     -0.70000      3.71859      3.71859
     -0.69000      2.51104      2.51104
     -0.68000      0.62378      0.62378
     -0.67000      0.05701      0.05701
     -0.66000      0.00192      0.00192
     -0.65000      0.00002      0.00002
     -0.64000      0.00000      0.00000
     -0.63000      0.00000      0.00000
     -0.62000      0.00000      0.00000
     -0.61000      0.00000      0.00000
     -0.60000      0.00030      0.00030
     -0.59000      0.01539      0.01539
     -0.58000      0.29960      0.29960
     -0.57000      2.23078      2.23078
     -0.56000      6.56602      6.56602
     -0.55000      8.57145      8.57145
     -0.54000      6.46443      6.46443
     -0.53000      3.14344      3.14344
     -0.52000      0.75752      0.75752
     -0.51000      0.07359      0.07359
     -0.50000      0.01555      0.01555
     -0.49000      0.27700      0.27700
     -0.48000      2.18950      2.18950
     -0.47000      6.36751      6.36751
     -0.46000      6.81238      6.81238
     -0.45000      2.68123      2.68123
     -0.44000      0.38822      0.38822
     -0.43000      0.02068      0.02068
     -0.42000      0.00041      0.00041
     -0.41000      0.00000      0.00000
     -0.40000      0.00000      0.00000
     -0.39000      0.00000      0.00000
     -0.38000      0.00000      0.00000
     -0.37000      0.00000      0.00000
     -0.36000      0.00000      0.00000
     -0.35000      0.00000      0.00000
     -0.34000      0.00000      0.00000
     -0.33000      0.00000      0.00000
     -0.32000      0.00000      0.00000
     -0.31000      0.00000      0.00000
     -0.30000      0.00000      0.00000
     -0.29000      0.00000      0.00000
     -0.28000      0.00000      0.00000
     -0.27000      0.00030      0.00030
     -0.26000      0.01395      0.01395
     -0.25000      0.23978      0.23978
     -0.24000      1.51664      1.51664
     -0.23000      3.56082      3.56082
     -0.22000      3.58433      3.58433
     -0.21000      4.28711      4.28711
     -0.20000      7.32160      7.32160
     -0.19000      5.73677      5.73677
     -0.18000      1.67615      1.67615
     -0.17000      0.18029      0.18029
     -0.16000      0.00713      0.00713
     -0.15000      0.00010      0.00010
     -0.14000      0.00000      0.00000
     -0.13000      0.00000      0.00000
     -0.12000      0.00000      0.00000
     -0.11000      0.00000      0.00000
     -0.10000      0.00000      0.00000
     -0.09000      0.00031      0.00031
     -0.08000      0.01449      0.01449
     -0.07000      0.24625      0.24625
     -0.06000      1.53910      1.53910
     -0.05000      3.53883      3.53883
     -0.04000      2.99336      2.99336
     -0.03000      0.93146      0.93146
     -0.02000      0.10663      0.10663
     -0.01000      0.00449      0.00449
      0.00000      0.00007      0.00007
      0.01000      0.00000      0.00000
      0.02000      0.00000      0.00000
      0.03000      0.00000      0.00000
      0.04000      0.00000      0.00000
      0.05000      0.00000      0.00000
      0.06000      0.00000      0.00000
      0.07000      0.00000      0.00000
      0.08000      0.00000      0.00000
      0.09000      0.00000      0.00000
      0.10000      0.00106      0.00106
      0.11000      0.04338      0.04338
      0.12000      0.65160      0.65160
      0.13000      3.60479      3.60479
      0.14000      7.45076      7.45076
      0.15000      6.85001      6.85001
      0.16000      6.76408      6.76408
      0.17000      7.53680      7.53680
      0.18000      3.82044      3.82044
      0.19000      0.72505      0.72505
      0.20000      0.05069      0.05069
      0.21000      0.00130      0.00130
      0.22000      0.00000      0.00000
      0.23000      0.00000      0.00000
      0.24000      0.00000      0.00000
      0.25000      0.00000      0.00000
      0.26000      0.00000      0.00000
      0.27000      0.00000      0.00000
      0.28000      0.00000      0.00000
      0.29000      0.00000      0.00000
      0.30000      0.00000      0.00000
      0.31000      0.00000      0.00000
      0.32000      0.00000      0.00000
      0.33000      0.00000      0.00000
      0.34000      0.00000      0.00000
      0.35000      0.00000      0.00000
      0.36000      0.00000      0.00000
      0.37000      0.00000      0.00000
      0.38000      0.00000      0.00000
      0.39000      0.00000      0.00000
      0.40000      0.00000      0.00000
      0.41000      0.00000      0.00000
      0.42000      0.00000      0.00000
      0.43000      0.00000      0.00000
      0.44000      0.00008      0.00008
      0.45000      0.00603      0.00603
      0.46000      0.15941      0.15941
      0.47000      1.54973      1.54973
      0.48000      5.54246      5.54246
      0.49000      7.29215      7.29215
      0.50000      3.52951      3.52951
      0.51000      0.62846      0.62846
      0.52000      0.04117      0.04117
      0.53000      0.00099      0.00099
      0.54000      0.00000      0.00000
      0.55000      0.00000      0.00000
      0.56000      0.00000      0.00000
      0.57000      0.00000      0.00000
      0.58000      0.00000      0.00000
      0.59000      0.00000      0.00000
      0.60000      0.00066      0.00066
      0.61000      0.03029      0.03029
      0.62000      0.50781      0.50781
      0.63000      3.13238      3.13238
      0.64000      7.10809      7.10809
      0.65000      5.93386      5.93386
      0.66000      1.82233      1.82233
      0.67000      0.20588      0.20588
      0.68000      0.00856      0.00856
      0.69000      0.00013      0.00013
      0.70000      0.00000      0.00000
      0.71000      0.00000      0.00000
      0.72000      0.00000      0.00000
      0.73000      0.00000      0.00000
      0.74000      0.00000      0.00000
      0.75000      0.00000      0.00000
      0.76000      0.00000      0.00000
      0.77000      0.00000      0.00000
      0.78000      0.00000      0.00000
      0.79000      0.00000      0.00000
      0.80000      0.00000      0.00000
      0.81000      0.00027      0.00027
      0.82000      0.01509      0.01509
      0.83000      0.31019      0.31019
      0.84000      2.34538      2.34538
      0.85000      6.52478      6.52478
      0.86000      6.71271      6.71271
      0.87000      3.09478      3.09478
      0.88000      3.72934      3.72934
      0.89000      7.24900      7.24900
      0.90000      5.68953      5.68953
      0.91000      1.64662      1.64662
      0.92000      0.17532      0.17532
      0.93000      0.00687      0.00687
      0.94000      0.00010      0.00010
      0.95000      0.00000      0.00000
      0.96000      0.00000      0.00000
      0.97000      0.00000      0.00000
      0.98000      0.00000      0.00000
      0.99000      0.00000      0.00000
      1.00000      0.00000      0.00000
      1.01000      0.00000      0.00000
      1.02000      0.00000      0.00000
      1.03000      0.00004      0.00004
      1.04000      0.00320      0.00320
      1.05000      0.09978      0.09978
      1.06000      1.14290      1.14290
      1.07000      4.81610      4.81610
      1.08000      7.46599      7.46599
      1.09000      4.25779      4.25779
      1.10000      0.89328      0.89328
      1.11000      0.06894      0.06894
      1.12000      0.00196      0.00196
      1.13000      0.00000      0.00000
      1.14000      0.00000      0.00000
      1.15000      0.00000      0.00000
      1.16000      0.00000      0.00000
      1.17000      0.00000      0.00000
      1.18000      0.00000      0.00000
      1.19000      0.00000      0.00000
      1.20000      0.00000      0.00000
      1.21000      0.00000      0.00000
      1.22000      0.00000      0.00000
      1.23000      0.00000      0.00000
      1.24000      0.00000      0.00000
      1.25000      0.00000      0.00000
      1.26000      0.00000      0.00000
      1.27000      0.00000      0.00000
      1.28000      0.00000      0.00000
      1.29000      0.00000      0.00000
      1.30000      0.00000      0.00000
      1.31000      0.00000      0.00000
      1.32000      0.00000      0.00000
      1.33000      0.00000      0.00000
      1.34000      0.00000      0.00000
      1.35000      0.00000      0.00000
      1.36000      0.00022      0.00022
      1.37000      0.01089      0.01089
      1.38000      0.20131      0.20131
      1.39000      1.36964      1.36964
      1.40000      3.42802      3.42802
      1.41000      3.15635      3.15635
      1.42000      1.06914      1.06914
      1.43000      0.13323      0.13323
      1.44000      0.00611      0.00611
      1.45000      0.00010      0.00010
      1.46000      0.00027      0.00027
      1.47000      0.01518      0.01518
      1.48000      0.31153      0.31153
      1.49000      2.35151      2.35151
      1.50000      6.52978      6.52978
      1.51000      6.67173      6.67173
      1.52000      2.54932      2.54932
      1.53000      0.86077      0.86077
      1.54000      2.30402      2.30402
      1.55000      3.74030      3.74030
      1.56000      2.25069      2.25069
      1.57000      0.50659      0.50659
      1.58000      0.23309      0.23309
      1.59000      1.67966      1.67966
      1.60000      5.58367      5.58367
      1.61000      7.11483      7.11483
      1.62000      3.47540      3.47540
      1.63000      0.64922      0.64922
      1.64000      0.04615      0.04615
      1.65000      0.00165      0.00165
      1.66000      0.01779      0.01779
      1.67000      0.28410      0.28410
      1.68000      1.66873      1.66873
      1.69000      3.60852      3.60852
      1.70000      2.95592      2.95592
      1.71000      1.90291      1.90291
      1.72000      4.74228      4.74228
      1.73000      7.48133      7.48133
      1.74000      4.42185      4.42185
      1.75000      0.96191      0.96191
      1.76000      0.07698      0.07698
      1.77000      0.00227      0.00227
      1.78000      0.00000      0.00000
      1.79000      0.00000      0.00000
      1.80000      0.00000      0.00000
      1.81000      0.00000      0.00000
      1.82000      0.00108      0.00108
      1.83000      0.04390      0.04390
      1.84000      0.65687      0.65687
      1.85000      3.61619      3.61619
      1.86000      7.32360      7.32360
      1.87000      5.45638      5.45638
      1.88000      1.49551      1.49551
      1.89000      0.15079      0.15079
      1.90000      0.00559      0.00559
      1.91000      0.00008      0.00008
      1.92000      0.00000      0.00000
      1.93000      0.00000      0.00000
      1.94000      0.00000      0.00000
      1.95000      0.00000      0.00000
      1.96000      0.00000      0.00000
      1.97000      0.00000      0.00000
      1.98000      0.00168      0.00168
      1.99000      0.06152      0.06152
      2.00000      0.82709      0.82709
      2.01000      4.09094      4.09094
      2.02000      7.44388      7.44388
      2.03000      4.98289      4.98289
      2.04000      1.22707      1.22707
      2.05000      0.11116      0.11116
      2.06000      0.00370      0.00370
      2.07000      0.00005      0.00005
      2.08000      0.00000      0.00000
      2.09000      0.00000      0.00000
      2.10000      0.00000      0.00000
      2.11000      0.00000      0.00000
      2.12000      0.00000      0.00000
      2.13000      0.00000      0.00000
      2.14000      0.00004      0.00004
      2.15000      0.00266      0.00266
      2.16000      0.07270      0.07270
      2.17000      0.73047      0.73047
      2.18000      2.69996      2.69996
      2.19000      3.67129      3.67129
      2.20000      1.83647      1.83647
      2.21000      0.33795      0.33795
      2.22000      0.02288      0.02288
      2.23000      0.00057      0.00057
      2.24000      0.00000      0.00000
      2.25000      0.00000      0.00000
      2.26000      0.00013      0.00013
      2.27000      0.00841      0.00841
      2.28000      0.20328      0.20328
      2.29000      1.80796      1.80796
      2.30000      5.92333      5.92333
      2.31000      7.32684      7.32684
      2.32000      4.98629      4.98629
      2.33000      6.46296      6.46296
      2.34000      7.12998      7.12998
      2.35000      3.11701      3.11701
      2.36000      0.50325      0.50325
      2.37000      0.02990      0.02990
      2.38000      0.00065      0.00065
      2.39000      0.00000      0.00000
      2.40000      0.00000      0.00000
      2.41000      0.00000      0.00000
      2.42000      0.00000      0.00000
      2.43000      0.00000      0.00000
      2.44000      0.00000      0.00000
      2.45000      0.00000      0.00000
      2.46000      0.00000      0.00000
      2.47000      0.00000      0.00000
      2.48000      0.00000      0.00000
      2.49000      0.00000      0.00000
      2.50000      0.00000      0.00000
      2.51000      0.00000      0.00000
      2.52000      0.00000      0.00000
      2.53000      0.00000      0.00000
      2.54000      0.00009      0.00009
      2.55000      0.00434      0.00434
      2.56000      0.07616      0.07616
      2.57000      0.49142      0.49142
      2.58000      1.16656      1.16656
      2.59000      1.01875      1.01875
      2.60000      0.32729      0.32729
      2.61000      0.03890      0.03890
      2.62000      0.01449      0.01449
      2.63000      0.27580      0.27580
      2.64000      2.18375      2.18375
      2.65000      6.36144      6.36144
      2.66000      6.81731      6.81731
      2.67000      2.68771      2.68771
      2.68000      0.39326      0.39326
      2.69000      0.12640      0.12640
      2.70000      1.18735      1.18735
      2.71000      4.92934      4.92934
      2.72000      7.91010      7.91010
      2.73000      7.10948      7.10948
      2.74000      7.85154      7.85154
      2.75000      6.18654      6.18654
      2.76000      1.97307      1.97307
      2.77000      0.23352      0.23352
      2.78000      0.01018      0.01018
      2.79000      0.00016      0.00016
      2.80000      0.00000      0.00000
      2.81000      0.00000      0.00000
      2.82000      0.00000      0.00000
      2.83000      0.00000      0.00000
      2.84000      0.00000      0.00000
      2.85000      0.00000      0.00000
      2.86000      0.00000      0.00000
      2.87000      0.00000      0.00000
      2.88000      0.00000      0.00000
      2.89000      0.00000      0.00000
      2.90000      0.00000      0.00000
      2.91000      0.00000      0.00000
      2.92000      0.00000      0.00000
      2.93000      0.00000      0.00000
      2.94000      0.00000      0.00000
      2.95000      0.00000      0.00000
      2.96000      0.00000      0.00000
      2.97000      0.00000      0.00000
      2.98000      0.00011      0.00011
      2.99000      0.00650      0.00650
      3.00000      0.13941      0.13941
      3.01000      1.09923      1.09923
      3.02000      3.18845      3.18845
      3.03000      3.40234      3.40234
      3.04000      1.33562      1.33562
      3.05000      0.19288      0.19288
      3.06000      0.01025      0.01025
      3.07000      0.00020      0.00020
      3.08000      0.00000      0.00000
      3.09000      0.00000      0.00000
      3.10000      0.00000      0.00000
      3.11000      0.00000      0.00000
      3.12000      0.00000      0.00000
      3.13000      0.00000      0.00000
      3.14000      0.00000      0.00000
      3.15000      0.00000      0.00000
      3.16000      0.00000      0.00000
      3.17000      0.00000      0.00000
      3.18000      0.00000      0.00000
      3.19000      0.00000      0.00000
      3.20000      0.00000      0.00000
      3.21000      0.00000      0.00000
      3.22000      0.00000      0.00000
      3.23000      0.00000      0.00000
      3.24000      0.00000      0.00000
      3.25000      0.00000      0.00000
      3.26000      0.00000      0.00000
      3.27000      0.00075      0.00075
      3.28000      0.02805      0.02805
      3.29000      0.38849      0.38849
      3.30000      1.97923      1.97923
