Energy-E_F (eV)    DOS (1/eV)    PDOS (1/eV)  of atom type Tl 
     -4.99000      0.18416      0.18416
     -4.98000      0.10349      0.10349
     -4.97000      0.02140      0.02140
     -4.96000      0.00163      0.00163
     -4.95000      0.00006      0.00006
     -4.94000      0.00094      0.00094
     -4.93000      0.01808      0.01808
     -4.92000      0.12788      0.12788
     -4.91000      0.33283      0.33283
     -4.90000      0.31868      0.31868
     -4.89000      0.11228      0.11228
     -4.88000      0.01628      0.01628
     -4.87000      0.03280      0.03280
     -4.86000      0.22493      0.22493
     -4.85000      0.60743      0.60743
     -4.84000      0.64896      0.64896
     -4.83000      0.28427      0.28427
     -4.82000      0.08325      0.08325
     -4.81000      0.18299      0.18299
     -4.80000      0.37552      0.37552
     -4.79000      0.41046      0.41046
     -4.78000      0.63464      0.63464
     -4.77000      0.88594      0.88594
     -4.76000      0.55745      0.55745
     -4.75000      0.14623      0.14623
     -4.74000      0.01594      0.01594
     -4.73000      0.00081      0.00081
     -4.72000      0.00324      0.00324
     -4.71000      0.03863      0.03863
     -4.70000      0.20142      0.20142
     -4.69000      0.51421      0.51421
     -4.68000      0.64881      0.64881
     -4.67000      0.39068      0.39068
     -4.66000      0.29272      0.29272
     -4.65000      0.63486      0.63486
     -4.64000      0.89596      0.89596
     -4.63000      0.68562      0.68562
     -4.62000      0.27219      0.27219
     -4.61000      0.06386      0.06386
     -4.60000      0.12008      0.12008
     -4.59000      0.32307      0.32307
     -4.58000      0.33154      0.33154
     -4.57000      0.15963      0.15963
     -4.56000      0.20688      0.20688
     -4.55000      0.36592      0.36592
     -4.54000      0.25823      0.25823
     -4.53000      0.06840      0.06840
     -4.52000      0.02825      0.02825
     -4.51000      0.14480      0.14480
     -4.50000      0.36987      0.36987
     -4.49000      0.44256      0.44256
     -4.48000      0.42446      0.42446
     -4.47000      0.42705      0.42705
     -4.46000      0.35390      0.35390
     -4.45000      0.43716      0.43716
     -4.44000      1.17121      1.17121
     -4.43000      1.93500      1.93500
     -4.42000      1.66957      1.66957
     -4.41000      1.12125      1.12125
     -4.40000      0.92923      0.92923
     -4.39000      0.56238      0.56238
     -4.38000      0.16594      0.16594
     -4.37000      0.11932      0.11932
     -4.36000      0.39722      0.39722
     -4.35000      0.63197      0.63197
     -4.34000      0.65862      0.65862
     -4.33000      0.84547      0.84547
     -4.32000      0.78986      0.78986
     -4.31000      0.51239      0.51239
     -4.30000      0.52124      0.52124
     -4.29000      0.58341      0.58341
     -4.28000      0.63773      0.63773
     -4.27000      0.81472      0.81472
     -4.26000      0.88463      0.88463
     -4.25000      0.89872      0.89872
     -4.24000      1.07016      1.07016
     -4.23000      1.19108      1.19108
     -4.22000      1.10861      1.10861
     -4.21000      0.81349      0.81349
     -4.20000      0.48516      0.48516
     -4.19000      0.54517      0.54517
     -4.18000      0.74720      0.74720
     -4.17000      0.46233      0.46233
     -4.16000      0.16664      0.16664
     -4.15000      0.17490      0.17490
     -4.14000      0.17732      0.17732
     -4.13000      0.17824      0.17824
     -4.12000      0.34567      0.34567
     -4.11000      0.43724      0.43724
     -4.10000      0.58499      0.58499
     -4.09000      1.06682      1.06682
     -4.08000      1.41236      1.41236
     -4.07000      1.37834      1.37834
     -4.06000      1.44129      1.44129
     -4.05000      1.39793      1.39793
     -4.04000      1.06785      1.06785
     -4.03000      0.69699      0.69699
     -4.02000      0.68928      0.68928
     -4.01000      0.86483      0.86483
     -4.00000      0.81019      0.81019
     -3.99000      0.69098      0.69098
     -3.98000      0.71056      0.71056
     -3.97000      0.79943      0.79943
     -3.96000      1.02416      1.02416
     -3.95000      1.40786      1.40786
     -3.94000      1.52938      1.52938
     -3.93000      1.43819      1.43819
     -3.92000      1.30232      1.30232
     -3.91000      1.07428      1.07428
     -3.90000      0.80753      0.80753
     -3.89000      0.78857      0.78857
     -3.88000      0.98312      0.98312
     -3.87000      0.85024      0.85024
     -3.86000      0.60101      0.60101
     -3.85000      0.67670      0.67670
     -3.84000      0.71399      0.71399
     -3.83000      0.68238      0.68238
     -3.82000      1.17952      1.17952
     -3.81000      1.74178      1.74178
     -3.80000      1.29081      1.29081
     -3.79000      0.56671      0.56671
     -3.78000      0.28896      0.28896
     -3.77000      0.39088      0.39088
     -3.76000      0.54063      0.54063
     -3.75000      0.64558      0.64558
     -3.74000      0.86570      0.86570
     -3.73000      1.50246      1.50246
     -3.72000      2.14686      2.14686
     -3.71000      1.60959      1.60959
     -3.70000      0.74129      0.74129
     -3.69000      0.73812      0.73812
     -3.68000      1.19500      1.19500
     -3.67000      1.93588      1.93588
     -3.66000      2.27671      2.27671
     -3.65000      2.01806      2.01806
     -3.64000      1.84038      1.84038
     -3.63000      1.94818      1.94818
     -3.62000      2.09182      2.09182
     -3.61000      2.06390      2.06390
     -3.60000      2.06811      2.06811
     -3.59000      1.96176      1.96176
     -3.58000      1.46168      1.46168
     -3.57000      1.21607      1.21607
     -3.56000      1.74418      1.74418
     -3.55000      2.25680      2.25680
     -3.54000      1.96500      1.96500
     -3.53000      1.61203      1.61203
     -3.52000      1.64437      1.64437
     -3.51000      1.55446      1.55446
     -3.50000      1.09157      1.09157
     -3.49000      0.79390      0.79390
     -3.48000      1.16229      1.16229
     -3.47000      1.68584      1.68584
     -3.46000      1.89260      1.89260
     -3.45000      1.54361      1.54361
     -3.44000      1.17005      1.17005
     -3.43000      1.11218      1.11218
     -3.42000      1.20907      1.20907
     -3.41000      1.41368      1.41368
     -3.40000      1.63430      1.63430
     -3.39000      1.85738      1.85738
     -3.38000      1.92018      1.92018
     -3.37000      1.54462      1.54462
     -3.36000      0.89248      0.89248
     -3.35000      0.69834      0.69834
     -3.34000      0.81806      0.81806
     -3.33000      0.93145      0.93145
     -3.32000      1.24102      1.24102
     -3.31000      1.69287      1.69287
     -3.30000      2.05334      2.05334
     -3.29000      1.92740      1.92740
     -3.28000      1.49277      1.49277
     -3.27000      1.20911      1.20911
     -3.26000      1.51224      1.51224
     -3.25000      1.50233      1.50233
     -3.24000      1.23270      1.23270
     -3.23000      1.08433      1.08433
     -3.22000      0.80017      0.80017
     -3.21000      0.66891      0.66891
     -3.20000      0.61139      0.61139
     -3.19000      0.50092      0.50092
     -3.18000      0.39185      0.39185
     -3.17000      0.54060      0.54060
     -3.16000      0.66664      0.66664
     -3.15000      0.44400      0.44400
     -3.14000      0.32302      0.32302
     -3.13000      0.46333      0.46333
     -3.12000      0.71436      0.71436
     -3.11000      1.28558      1.28558
     -3.10000      1.77717      1.77717
     -3.09000      1.95532      1.95532
     -3.08000      2.30185      2.30185
     -3.07000      2.69809      2.69809
     -3.06000      2.39519      2.39519
     -3.05000      1.81769      1.81769
     -3.04000      1.23715      1.23715
     -3.03000      0.55621      0.55621
     -3.02000      0.12469      0.12469
     -3.01000      0.05274      0.05274
     -3.00000      0.31935      0.31935
     -2.99000      1.03295      1.03295
     -2.98000      1.62674      1.62674
     -2.97000      1.75496      1.75496
     -2.96000      1.87810      1.87810
     -2.95000      1.80643      1.80643
     -2.94000      1.19729      1.19729
     -2.93000      0.76035      0.76035
     -2.92000      0.70223      0.70223
     -2.91000      0.60757      0.60757
     -2.90000      0.63930      0.63930
     -2.89000      0.90600      0.90600
     -2.88000      1.12991      1.12991
     -2.87000      0.93544      0.93544
     -2.86000      0.66473      0.66473
     -2.85000      0.76386      0.76386
     -2.84000      0.68831      0.68831
     -2.83000      0.61637      0.61637
     -2.82000      0.90360      0.90360
     -2.81000      0.83326      0.83326
     -2.80000      0.61733      0.61733
     -2.79000      0.60880      0.60880
     -2.78000      0.57384      0.57384
     -2.77000      0.54709      0.54709
     -2.76000      0.64736      0.64736
     -2.75000      0.88747      0.88747
     -2.74000      1.25802      1.25802
     -2.73000      1.41130      1.41130
     -2.72000      1.25083      1.25083
     -2.71000      0.85827      0.85827
     -2.70000      0.52683      0.52683
     -2.69000      0.57738      0.57738
     -2.68000      0.60232      0.60232
     -2.67000      0.44405      0.44405
     -2.66000      0.27701      0.27701
     -2.65000      0.21279      0.21279
     -2.64000      0.40081      0.40081
     -2.63000      0.65238      0.65238
     -2.62000      0.70510      0.70510
     -2.61000      0.81229      0.81229
     -2.60000      0.88918      0.88918
     -2.59000      1.04358      1.04358
     -2.58000      1.67261      1.67261
     -2.57000      2.29418      2.29418
     -2.56000      2.17742      2.17742
     -2.55000      1.21605      1.21605
     -2.54000      0.72639      0.72639
     -2.53000      0.83563      0.83563
     -2.52000      0.95729      0.95729
     -2.51000      0.82329      0.82329
     -2.50000      0.46618      0.46618
     -2.49000      0.41397      0.41397
     -2.48000      0.58303      0.58303
     -2.47000      0.77303      0.77303
     -2.46000      1.03188      1.03188
     -2.45000      1.06573      1.06573
     -2.44000      1.01057      1.01057
     -2.43000      1.18812      1.18812
     -2.42000      1.07284      1.07284
     -2.41000      0.74233      0.74233
     -2.40000      0.73806      0.73806
     -2.39000      0.94697      0.94697
     -2.38000      1.05085      1.05085
     -2.37000      1.31908      1.31908
     -2.36000      1.37760      1.37760
     -2.35000      0.78238      0.78238
     -2.34000      0.24956      0.24956
     -2.33000      0.26962      0.26962
     -2.32000      0.65340      0.65340
     -2.31000      0.86817      0.86817
     -2.30000      0.87210      0.87210
     -2.29000      1.10749      1.10749
     -2.28000      1.13620      1.13620
     -2.27000      0.57607      0.57607
     -2.26000      0.45416      0.45416
     -2.25000      1.15839      1.15839
     -2.24000      1.73007      1.73007
     -2.23000      1.48806      1.48806
     -2.22000      1.03281      1.03281
     -2.21000      0.95524      0.95524
     -2.20000      0.90235      0.90235
     -2.19000      0.98283      0.98283
     -2.18000      1.25976      1.25976
     -2.17000      1.35275      1.35275
     -2.16000      1.15491      1.15491
     -2.15000      0.94637      0.94637
     -2.14000      1.07923      1.07923
     -2.13000      1.77266      1.77266
     -2.12000      2.32426      2.32426
     -2.11000      2.25313      2.25313
     -2.10000      1.74406      1.74406
     -2.09000      1.23403      1.23403
     -2.08000      1.03931      1.03931
     -2.07000      0.93764      0.93764
     -2.06000      0.75355      0.75355
     -2.05000      0.88863      0.88863
     -2.04000      1.23745      1.23745
     -2.03000      1.27073      1.27073
     -2.02000      1.11072      1.11072
     -2.01000      1.02560      1.02560
     -2.00000      1.11493      1.11493
     -1.99000      0.82255      0.82255
     -1.98000      0.40006      0.40006
     -1.97000      0.56485      0.56485
     -1.96000      0.94520      0.94520
     -1.95000      0.86109      0.86109
     -1.94000      0.52672      0.52672
     -1.93000      0.27683      0.27683
     -1.92000      0.52020      0.52020
     -1.91000      1.27446      1.27446
     -1.90000      1.69524      1.69524
     -1.89000      1.57463      1.57463
     -1.88000      1.20588      1.20588
     -1.87000      0.89917      0.89917
     -1.86000      1.19937      1.19937
     -1.85000      1.38597      1.38597
     -1.84000      0.88916      0.88916
     -1.83000      0.79788      0.79788
     -1.82000      1.26286      1.26286
     -1.81000      1.44770      1.44770
     -1.80000      1.27973      1.27973
     -1.79000      1.32724      1.32724
     -1.78000      1.31948      1.31948
     -1.77000      1.23935      1.23935
     -1.76000      1.27772      1.27772
     -1.75000      1.12630      1.12630
     -1.74000      0.84427      0.84427
     -1.73000      0.45031      0.45031
     -1.72000      0.35325      0.35325
     -1.71000      0.76414      0.76414
     -1.70000      0.93405      0.93405
     -1.69000      0.81501      0.81501
     -1.68000      1.19452      1.19452
     -1.67000      1.63467      1.63467
     -1.66000      1.44377      1.44377
     -1.65000      0.81220      0.81220
     -1.64000      0.70240      0.70240
     -1.63000      1.10112      1.10112
     -1.62000      1.29182      1.29182
     -1.61000      1.29004      1.29004
     -1.60000      1.30336      1.30336
     -1.59000      1.23553      1.23553
     -1.58000      1.07007      1.07007
     -1.57000      0.73109      0.73109
     -1.56000      0.51335      0.51335
     -1.55000      0.53916      0.53916
     -1.54000      0.51710      0.51710
     -1.53000      0.56493      0.56493
     -1.52000      0.67978      0.67978
     -1.51000      0.87462      0.87462
     -1.50000      1.38000      1.38000
     -1.49000      2.18397      2.18397
     -1.48000      2.68289      2.68289
     -1.47000      1.77047      1.77047
     -1.46000      0.67090      0.67090
     -1.45000      0.34592      0.34592
     -1.44000      0.25396      0.25396
     -1.43000      0.20769      0.20769
     -1.42000      0.22244      0.22244
     -1.41000      0.26914      0.26914
     -1.40000      0.46733      0.46733
     -1.39000      0.59050      0.59050
     -1.38000      0.44041      0.44041
     -1.37000      0.23191      0.23191
     -1.36000      0.42123      0.42123
     -1.35000      0.90771      0.90771
     -1.34000      1.16810      1.16810
     -1.33000      1.41866      1.41866
     -1.32000      1.56654      1.56654
     -1.31000      1.61119      1.61119
     -1.30000      1.76430      1.76430
     -1.29000      1.63588      1.63588
     -1.28000      1.51883      1.51883
     -1.27000      1.86112      1.86112
     -1.26000      1.82588      1.82588
     -1.25000      1.45721      1.45721
     -1.24000      1.44073      1.44073
     -1.23000      1.19546      1.19546
     -1.22000      0.65950      0.65950
     -1.21000      0.79176      0.79176
     -1.20000      1.58054      1.58054
     -1.19000      2.51136      2.51136
     -1.18000      2.71732      2.71732
     -1.17000      1.91566      1.91566
     -1.16000      1.34103      1.34103
     -1.15000      1.43828      1.43828
     -1.14000      1.09156      1.09156
     -1.13000      0.59980      0.59980
     -1.12000      0.48352      0.48352
     -1.11000      1.04417      1.04417
     -1.10000      1.80980      1.80980
     -1.09000      1.87568      1.87568
     -1.08000      1.46433      1.46433
     -1.07000      1.24863      1.24863
     -1.06000      1.18336      1.18336
     -1.05000      1.25232      1.25232
     -1.04000      1.45847      1.45847
     -1.03000      1.10818      1.10818
     -1.02000      0.55316      0.55316
     -1.01000      0.29996      0.29996
     -1.00000      0.58404      0.58404
     -0.99000      1.03971      1.03971
     -0.98000      1.15132      1.15132
     -0.97000      1.16465      1.16465
     -0.96000      1.48065      1.48065
     -0.95000      1.70702      1.70702
     -0.94000      1.68474      1.68474
     -0.93000      1.55385      1.55385
     -0.92000      1.21966      1.21966
     -0.91000      1.09686      1.09686
     -0.90000      1.06637      1.06637
     -0.89000      1.14817      1.14817
     -0.88000      1.42329      1.42329
     -0.87000      1.29067      1.29067
     -0.86000      0.90445      0.90445
     -0.85000      0.56398      0.56398
     -0.84000      0.21548      0.21548
     -0.83000      0.13269      0.13269
     -0.82000      0.39630      0.39630
     -0.81000      0.82252      0.82252
     -0.80000      1.06547      1.06547
     -0.79000      0.83807      0.83807
     -0.78000      0.54458      0.54458
     -0.77000      0.32934      0.32934
     -0.76000      0.25193      0.25193
     -0.75000      0.42059      0.42059
     -0.74000      0.64262      0.64262
     -0.73000      1.21910      1.21910
     -0.72000      2.02168      2.02168
     -0.71000      2.21824      2.21824
     -0.70000      1.76195      1.76195
     -0.69000      1.02385      1.02385
     -0.68000      0.52548      0.52548
     -0.67000      0.40245      0.40245
     -0.66000      0.27453      0.27453
     -0.65000      0.44622      0.44622
     -0.64000      0.81573      0.81573
     -0.63000      0.69980      0.69980
     -0.62000      0.35781      0.35781
     -0.61000      0.50683      0.50683
     -0.60000      1.06341      1.06341
     -0.59000      1.75291      1.75291
     -0.58000      2.22645      2.22645
     -0.57000      1.74220      1.74220
     -0.56000      1.08525      1.08525
     -0.55000      1.12374      1.12374
     -0.54000      1.64063      1.64063
     -0.53000      1.84920      1.84920
     -0.52000      1.33260      1.33260
     -0.51000      0.85821      0.85821
     -0.50000      0.99995      0.99995
     -0.49000      1.07265      1.07265
     -0.48000      1.05344      1.05344
     -0.47000      1.04499      1.04499
     -0.46000      0.96030      0.96030
     -0.45000      1.01160      1.01160
     -0.44000      1.19686      1.19686
     -0.43000      1.16442      1.16442
     -0.42000      0.89700      0.89700
     -0.41000      0.68986      0.68986
     -0.40000      0.45741      0.45741
     -0.39000      0.31361      0.31361
     -0.38000      0.47492      0.47492
     -0.37000      0.49349      0.49349
     -0.36000      0.24971      0.24971
     -0.35000      0.32899      0.32899
     -0.34000      0.92374      0.92374
     -0.33000      1.40953      1.40953
     -0.32000      1.59126      1.59126
     -0.31000      1.93190      1.93190
     -0.30000      1.91621      1.91621
     -0.29000      1.20119      1.20119
     -0.28000      0.48295      0.48295
     -0.27000      0.36771      0.36771
     -0.26000      0.34792      0.34792
     -0.25000      0.23222      0.23222
     -0.24000      0.47331      0.47331
     -0.23000      0.92867      0.92867
     -0.22000      0.96942      0.96942
     -0.21000      0.69967      0.69967
     -0.20000      0.48840      0.48840
     -0.19000      0.69356      0.69356
     -0.18000      1.58050      1.58050
     -0.17000      2.21971      2.21971
     -0.16000      2.28636      2.28636
     -0.15000      2.44337      2.44337
     -0.14000      2.40063      2.40063
     -0.13000      1.84406      1.84406
     -0.12000      1.48397      1.48397
     -0.11000      1.54468      1.54468
     -0.10000      1.73896      1.73896
     -0.09000      2.00230      2.00230
     -0.08000      1.84971      1.84971
     -0.07000      1.19765      1.19765
     -0.06000      0.91915      0.91915
     -0.05000      1.13455      1.13455
     -0.04000      1.39879      1.39879
     -0.03000      1.27219      1.27219
     -0.02000      1.03973      1.03973
     -0.01000      1.49065      1.49065
      0.00000      2.03359      2.03359
      0.01000      1.47129      1.47129
      0.02000      0.80619      0.80619
      0.03000      0.77618      0.77618
      0.04000      0.98771      0.98771
      0.05000      1.06768      1.06768
      0.06000      0.82839      0.82839
      0.07000      0.35673      0.35673
      0.08000      0.07874      0.07874
      0.09000      0.13953      0.13953
      0.10000      0.68151      0.68151
      0.11000      1.45895      1.45895
      0.12000      1.60120      1.60120
      0.13000      1.27058      1.27058
      0.14000      1.01729      1.01729
      0.15000      0.87018      0.87018
      0.16000      0.76688      0.76688
      0.17000      1.13475      1.13475
      0.18000      1.27942      1.27942
      0.19000      0.94066      0.94066
      0.20000      0.84754      0.84754
      0.21000      1.14919      1.14919
      0.22000      1.67420      1.67420
      0.23000      2.04956      2.04956
      0.24000      1.76893      1.76893
      0.25000      1.21679      1.21679
      0.26000      1.00332      1.00332
      0.27000      0.99492      0.99492
      0.28000      0.68025      0.68025
      0.29000      0.49842      0.49842
      0.30000      0.81496      0.81496
      0.31000      0.91699      0.91699
      0.32000      0.52698      0.52698
      0.33000      0.19038      0.19038
      0.34000      0.30368      0.30368
      0.35000      0.78635      0.78635
      0.36000      1.24999      1.24999
      0.37000      1.52806      1.52806
      0.38000      1.43172      1.43172
      0.39000      0.91666      0.91666
      0.40000      0.58747      0.58747
      0.41000      0.71632      0.71632
      0.42000      1.22801      1.22801
      0.43000      1.47198      1.47198
      0.44000      1.47635      1.47635
      0.45000      1.50770      1.50770
      0.46000      1.40990      1.40990
      0.47000      1.04420      1.04420
      0.48000      0.77536      0.77536
      0.49000      0.76828      0.76828
      0.50000      0.79516      0.79516
