Energy-E_F (eV)    DOS (1/eV)    PDOS (1/eV)  of atom type Tl 
     -4.99000      0.36832      0.00000
     -4.98000      0.20699      0.00000
     -4.97000      0.04279      0.00000
     -4.96000      0.00325      0.00000
     -4.95000      0.00013      0.00000
     -4.94000      0.00190      0.00000
     -4.93000      0.03644      0.00000
     -4.92000      0.25698      0.00000
     -4.91000      0.66665      0.00000
     -4.90000      0.63623      0.00000
     -4.89000      0.22344      0.00000
     -4.88000      0.03235      0.00000
     -4.87000      0.06594      0.00000
     -4.86000      0.45114      0.00000
     -4.85000      1.21556      0.00000
     -4.84000      1.29671      0.00000
     -4.83000      0.56764      0.00000
     -4.82000      0.16689      0.00000
     -4.81000      0.36770      0.00000
     -4.80000      0.75168      0.00000
     -4.79000      0.81978      0.00000
     -4.78000      1.27075      0.00000
     -4.77000      1.77419      0.00000
     -4.76000      1.11270      0.00000
     -4.75000      0.28974      0.00000
     -4.74000      0.03121      0.00000
     -4.73000      0.00161      0.00000
     -4.72000      0.00728      0.00000
     -4.71000      0.08376      0.00000
     -4.70000      0.42491      0.00000
     -4.69000      1.05893      0.00000
     -4.68000      1.29234      0.00000
     -4.67000      0.74601      0.00000
     -4.66000      0.57109      0.00000
     -4.65000      1.26950      0.00000
     -4.64000      1.79032      0.00000
     -4.63000      1.36898      0.00000
     -4.62000      0.54447      0.00000
     -4.61000      0.13876      0.00000
     -4.60000      0.28664      0.00000
     -4.59000      0.68402      0.00000
     -4.58000      0.62081      0.00000
     -4.57000      0.28474      0.00000
     -4.56000      0.42797      0.00000
     -4.55000      0.73617      0.00000
     -4.54000      0.49303      0.00000
     -4.53000      0.12403      0.00000
     -4.52000      0.05427      0.00000
     -4.51000      0.28824      0.00000
     -4.50000      0.74588      0.00000
     -4.49000      0.93566      0.00000
     -4.48000      0.93181      0.00000
     -4.47000      0.83022      0.00000
     -4.46000      0.66393      0.00000
     -4.45000      1.06503      0.00000
     -4.44000      2.75852      0.00000
     -4.43000      4.15354      0.00000
     -4.42000      3.48659      0.00000
     -4.41000      2.01969      0.00000
     -4.40000      1.36717      0.00000
     -4.39000      0.83819      0.00000
     -4.38000      0.37779      0.00000
     -4.37000      0.63244      0.00000
     -4.36000      1.02774      0.00000
     -4.35000      0.91225      0.00000
     -4.34000      1.02799      0.00000
     -4.33000      1.70147      0.00000
     -4.32000      1.83628      0.00000
     -4.31000      1.52582      0.00000
     -4.30000      1.31329      0.00000
     -4.29000      0.89669      0.00000
     -4.28000      0.95157      0.00000
     -4.27000      1.72973      0.00000
     -4.26000      2.14181      0.00000
     -4.25000      2.11117      0.00000
     -4.24000      1.95642      0.00000
     -4.23000      2.05454      0.00000
     -4.22000      1.94822      0.00000
     -4.21000      1.53843      0.00000
     -4.20000      1.50731      0.00000
     -4.19000      1.51085      0.00000
     -4.18000      0.92067      0.00000
     -4.17000      0.40442      0.00000
     -4.16000      0.39086      0.00000
     -4.15000      0.40618      0.00000
     -4.14000      0.56781      0.00000
     -4.13000      0.74771      0.00000
     -4.12000      0.44158      0.00000
     -4.11000      0.31686      0.00000
     -4.10000      0.95228      0.00000
     -4.09000      2.13083      0.00000
     -4.08000      3.02685      0.00000
     -4.07000      3.30717      0.00000
     -4.06000      3.26606      0.00000
     -4.05000      2.66507      0.00000
     -4.04000      1.92942      0.00000
     -4.03000      1.74292      0.00000
     -4.02000      1.95104      0.00000
     -4.01000      1.70346      0.00000
     -4.00000      1.57370      0.00000
     -3.99000      1.57633      0.00000
     -3.98000      1.54412      0.00000
     -3.97000      1.51426      0.00000
     -3.96000      2.12526      0.00000
     -3.95000      2.86036      0.00000
     -3.94000      3.09931      0.00000
     -3.93000      2.94098      0.00000
     -3.92000      1.94761      0.00000
     -3.91000      1.22508      0.00000
     -3.90000      1.43634      0.00000
     -3.89000      1.87378      0.00000
     -3.88000      2.08623      0.00000
     -3.87000      2.31965      0.00000
     -3.86000      2.19900      0.00000
     -3.85000      1.46450      0.00000
     -3.84000      1.35159      0.00000
     -3.83000      2.16068      0.00000
     -3.82000      2.83392      0.00000
     -3.81000      2.21926      0.00000
     -3.80000      1.08364      0.00000
     -3.79000      0.68348      0.00000
     -3.78000      1.02336      0.00000
     -3.77000      1.44013      0.00000
     -3.76000      1.74178      0.00000
     -3.75000      2.62257      0.00000
     -3.74000      3.94640      0.00000
     -3.73000      3.98739      0.00000
     -3.72000      2.76374      0.00000
     -3.71000      1.80486      0.00000
     -3.70000      1.30306      0.00000
     -3.69000      1.74143      0.00000
     -3.68000      3.25571      0.00000
     -3.67000      3.88459      0.00000
     -3.66000      3.73595      0.00000
     -3.65000      4.36020      0.00000
     -3.64000      4.78170      0.00000
     -3.63000      4.87901      0.00000
     -3.62000      4.08526      0.00000
     -3.61000      3.03838      0.00000
     -3.60000      2.90380      0.00000
     -3.59000      2.26796      0.00000
     -3.58000      1.88764      0.00000
     -3.57000      3.08958      0.00000
     -3.56000      4.02399      0.00000
     -3.55000      4.10279      0.00000
     -3.54000      4.48208      0.00000
     -3.53000      3.75095      0.00000
     -3.52000      2.33883      0.00000
     -3.51000      1.78708      0.00000
     -3.50000      1.84041      0.00000
     -3.49000      2.75859      0.00000
     -3.48000      4.21643      0.00000
     -3.47000      4.34097      0.00000
     -3.46000      3.20998      0.00000
     -3.45000      1.88815      0.00000
     -3.44000      1.64262      0.00000
     -3.43000      2.57617      0.00000
     -3.42000      3.28008      0.00000
     -3.41000      2.85482      0.00000
     -3.40000      2.67352      0.00000
     -3.39000      3.26285      0.00000
     -3.38000      3.53704      0.00000
     -3.37000      2.68735      0.00000
     -3.36000      2.01828      0.00000
     -3.35000      1.70493      0.00000
     -3.34000      2.34976      0.00000
     -3.33000      4.14353      0.00000
     -3.32000      4.46151      0.00000
     -3.31000      3.19090      0.00000
     -3.30000      2.25314      0.00000
     -3.29000      2.08297      0.00000
     -3.28000      2.03015      0.00000
     -3.27000      2.51315      0.00000
     -3.26000      3.10411      0.00000
     -3.25000      2.21818      0.00000
     -3.24000      1.64600      0.00000
     -3.23000      1.98535      0.00000
     -3.22000      1.93908      0.00000
     -3.21000      1.71467      0.00000
     -3.20000      1.41047      0.00000
     -3.19000      1.19018      0.00000
     -3.18000      1.06785      0.00000
     -3.17000      0.86775      0.00000
     -3.16000      0.51611      0.00000
     -3.15000      0.73005      0.00000
     -3.14000      1.60829      0.00000
     -3.13000      2.20198      0.00000
     -3.12000      2.34968      0.00000
     -3.11000      3.42001      0.00000
     -3.10000      4.70586      0.00000
     -3.09000      4.57978      0.00000
     -3.08000      4.17886      0.00000
     -3.07000      3.28766      0.00000
     -3.06000      2.61093      0.00000
     -3.05000      2.54122      0.00000
     -3.04000      1.87451      0.00000
     -3.03000      0.92527      0.00000
     -3.02000      0.94455      0.00000
     -3.01000      2.45800      0.00000
     -3.00000      3.45956      0.00000
     -2.99000      2.58140      0.00000
     -2.98000      2.13390      0.00000
     -2.97000      2.32440      0.00000
     -2.96000      2.49949      0.00000
     -2.95000      3.21764      0.00000
     -2.94000      2.64917      0.00000
     -2.93000      1.29445      0.00000
     -2.92000      1.24117      0.00000
     -2.91000      2.13255      0.00000
     -2.90000      2.58132      0.00000
     -2.89000      1.62420      0.00000
     -2.88000      0.74195      0.00000
     -2.87000      1.15676      0.00000
     -2.86000      1.60229      0.00000
     -2.85000      1.44741      0.00000
     -2.84000      1.66296      0.00000
     -2.83000      1.75197      0.00000
     -2.82000      1.41208      0.00000
     -2.81000      1.16747      0.00000
     -2.80000      1.52752      0.00000
     -2.79000      1.93645      0.00000
     -2.78000      1.53148      0.00000
     -2.77000      1.35736      0.00000
     -2.76000      1.96233      0.00000
     -2.75000      2.36336      0.00000
     -2.74000      2.08501      0.00000
     -2.73000      1.67800      0.00000
     -2.72000      2.18824      0.00000
     -2.71000      1.82591      0.00000
     -2.70000      0.64720      0.00000
     -2.69000      0.28943      0.00000
     -2.68000      0.37255      0.00000
     -2.67000      0.23417      0.00000
     -2.66000      0.07898      0.00000
     -2.65000      0.25934      0.00000
     -2.64000      1.06369      0.00000
     -2.63000      1.94459      0.00000
     -2.62000      1.92573      0.00000
     -2.61000      2.29268      0.00000
     -2.60000      3.82392      0.00000
     -2.59000      3.98089      0.00000
     -2.58000      2.82651      0.00000
     -2.57000      2.75028      0.00000
     -2.56000      3.39787      0.00000
     -2.55000      3.01276      0.00000
     -2.54000      2.14597      0.00000
     -2.53000      1.61428      0.00000
     -2.52000      1.32402      0.00000
     -2.51000      1.70911      0.00000
     -2.50000      2.02736      0.00000
     -2.49000      1.63310      0.00000
     -2.48000      1.46335      0.00000
     -2.47000      1.68090      0.00000
     -2.46000      2.06161      0.00000
     -2.45000      1.76030      0.00000
     -2.44000      1.08532      0.00000
     -2.43000      1.37289      0.00000
     -2.42000      1.83155      0.00000
     -2.41000      1.51274      0.00000
     -2.40000      1.29625      0.00000
     -2.39000      1.79761      0.00000
     -2.38000      2.71117      0.00000
     -2.37000      3.20642      0.00000
     -2.36000      2.64170      0.00000
     -2.35000      1.66998      0.00000
     -2.34000      0.91776      0.00000
     -2.33000      0.98955      0.00000
     -2.32000      1.70132      0.00000
     -2.31000      1.58436      0.00000
     -2.30000      1.31475      0.00000
     -2.29000      1.68330      0.00000
     -2.28000      1.52982      0.00000
     -2.27000      1.20623      0.00000
     -2.26000      1.59197      0.00000
     -2.25000      2.07635      0.00000
     -2.24000      2.85525      0.00000
     -2.23000      3.03973      0.00000
     -2.22000      2.66735      0.00000
     -2.21000      3.39701      0.00000
     -2.20000      4.04419      0.00000
     -2.19000      3.15848      0.00000
     -2.18000      2.35581      0.00000
     -2.17000      2.15855      0.00000
     -2.16000      2.11771      0.00000
     -2.15000      3.21100      0.00000
     -2.14000      4.54052      0.00000
     -2.13000      4.60933      0.00000
     -2.12000      3.06309      0.00000
     -2.11000      1.87481      0.00000
     -2.10000      2.18737      0.00000
     -2.09000      2.34503      0.00000
     -2.08000      2.13022      0.00000
     -2.07000      1.82936      0.00000
     -2.06000      1.71279      0.00000
     -2.05000      1.79187      0.00000
     -2.04000      1.88453      0.00000
     -2.03000      2.36301      0.00000
     -2.02000      2.47607      0.00000
     -2.01000      1.42031      0.00000
     -2.00000      0.66517      0.00000
     -1.99000      0.67865      0.00000
     -1.98000      1.35787      0.00000
     -1.97000      2.01148      0.00000
     -1.96000      1.87634      0.00000
     -1.95000      1.56378      0.00000
     -1.94000      2.17078      0.00000
     -1.93000      2.73110      0.00000
     -1.92000      2.43969      0.00000
     -1.91000      1.81607      0.00000
     -1.90000      0.93876      0.00000
     -1.89000      0.26806      0.00000
     -1.88000      0.44168      0.00000
     -1.87000      2.15749      0.00000
     -1.86000      4.45156      0.00000
     -1.85000      3.91945      0.00000
     -1.84000      1.74646      0.00000
     -1.83000      1.15843      0.00000
     -1.82000      2.16757      0.00000
     -1.81000      2.69742      0.00000
     -1.80000      2.74866      0.00000
     -1.79000      2.95307      0.00000
     -1.78000      2.84783      0.00000
     -1.77000      3.09852      0.00000
     -1.76000      3.48749      0.00000
     -1.75000      2.64881      0.00000
     -1.74000      1.58113      0.00000
     -1.73000      1.28201      0.00000
     -1.72000      1.32214      0.00000
     -1.71000      1.58290      0.00000
     -1.70000      1.73051      0.00000
     -1.69000      1.74727      0.00000
     -1.68000      2.03851      0.00000
     -1.67000      2.34873      0.00000
     -1.66000      2.44593      0.00000
     -1.65000      2.30986      0.00000
     -1.64000      1.93235      0.00000
     -1.63000      1.59574      0.00000
     -1.62000      1.55013      0.00000
     -1.61000      0.88864      0.00000
     -1.60000      0.26238      0.00000
     -1.59000      0.34292      0.00000
     -1.58000      0.73632      0.00000
     -1.57000      0.83257      0.00000
     -1.56000      1.14915      0.00000
     -1.55000      1.47515      0.00000
     -1.54000      1.06094      0.00000
     -1.53000      1.09597      0.00000
     -1.52000      1.60668      0.00000
     -1.51000      2.04018      0.00000
     -1.50000      3.11864      0.00000
     -1.49000      4.03369      0.00000
     -1.48000      4.17349      0.00000
     -1.47000      3.28796      0.00000
     -1.46000      1.78960      0.00000
     -1.45000      0.78341      0.00000
     -1.44000      0.30270      0.00000
     -1.43000      0.32961      0.00000
     -1.42000      0.37081      0.00000
     -1.41000      0.46082      0.00000
     -1.40000      1.47715      0.00000
     -1.39000      2.69366      0.00000
     -1.38000      2.38847      0.00000
     -1.37000      1.78320      0.00000
     -1.36000      1.94567      0.00000
     -1.35000      2.17694      0.00000
     -1.34000      1.94547      0.00000
     -1.33000      1.54705      0.00000
     -1.32000      1.53664      0.00000
     -1.31000      1.58321      0.00000
     -1.30000      1.18396      0.00000
     -1.29000      1.78800      0.00000
     -1.28000      3.35345      0.00000
     -1.27000      3.74078      0.00000
     -1.26000      3.34813      0.00000
     -1.25000      3.68602      0.00000
     -1.24000      3.67442      0.00000
     -1.23000      3.02349      0.00000
     -1.22000      2.75272      0.00000
     -1.21000      2.56129      0.00000
     -1.20000      2.29302      0.00000
     -1.19000      2.76828      0.00000
     -1.18000      3.49685      0.00000
     -1.17000      4.04331      0.00000
     -1.16000      3.47172      0.00000
     -1.15000      2.46230      0.00000
     -1.14000      2.40393      0.00000
     -1.13000      3.27200      0.00000
     -1.12000      4.27840      0.00000
     -1.11000      4.10328      0.00000
     -1.10000      3.01492      0.00000
     -1.09000      2.43499      0.00000
     -1.08000      2.16849      0.00000
     -1.07000      2.05283      0.00000
     -1.06000      1.93289      0.00000
     -1.05000      1.34074      0.00000
     -1.04000      1.06089      0.00000
     -1.03000      2.28635      0.00000
     -1.02000      3.54036      0.00000
     -1.01000      3.42496      0.00000
     -1.00000      2.47036      0.00000
     -0.99000      1.59582      0.00000
     -0.98000      1.56922      0.00000
     -0.97000      1.72947      0.00000
     -0.96000      1.64206      0.00000
     -0.95000      2.12698      0.00000
     -0.94000      3.06326      0.00000
     -0.93000      3.55544      0.00000
     -0.92000      3.34610      0.00000
     -0.91000      2.62504      0.00000
     -0.90000      1.99466      0.00000
     -0.89000      1.82994      0.00000
     -0.88000      1.99224      0.00000
     -0.87000      1.51170      0.00000
     -0.86000      1.49169      0.00000
     -0.85000      1.38267      0.00000
     -0.84000      0.74140      0.00000
     -0.83000      1.05113      0.00000
     -0.82000      1.79663      0.00000
     -0.81000      1.48241      0.00000
     -0.80000      1.16659      0.00000
     -0.79000      1.43867      0.00000
     -0.78000      1.91472      0.00000
     -0.77000      2.87625      0.00000
     -0.76000      3.14188      0.00000
     -0.75000      2.25745      0.00000
     -0.74000      1.61202      0.00000
     -0.73000      1.35969      0.00000
     -0.72000      1.17429      0.00000
     -0.71000      1.75149      0.00000
     -0.70000      2.46301      0.00000
     -0.69000      1.90462      0.00000
     -0.68000      0.90704      0.00000
     -0.67000      0.35649      0.00000
     -0.66000      0.67065      0.00000
     -0.65000      1.51878      0.00000
     -0.64000      2.05018      0.00000
     -0.63000      2.62817      0.00000
     -0.62000      3.18887      0.00000
     -0.61000      2.75294      0.00000
     -0.60000      2.24111      0.00000
     -0.59000      2.36016      0.00000
     -0.58000      2.20548      0.00000
     -0.57000      1.53690      0.00000
     -0.56000      1.05481      0.00000
     -0.55000      1.25925      0.00000
     -0.54000      1.83772      0.00000
     -0.53000      1.96339      0.00000
     -0.52000      1.59946      0.00000
     -0.51000      1.79102      0.00000
     -0.50000      2.98814      0.00000
     -0.49000      3.92980      0.00000
     -0.48000      4.15791      0.00000
     -0.47000      4.03022      0.00000
     -0.46000      3.03828      0.00000
     -0.45000      2.08877      0.00000
     -0.44000      2.19869      0.00000
     -0.43000      2.17820      0.00000
     -0.42000      1.16910      0.00000
     -0.41000      0.78333      0.00000
     -0.40000      0.69713      0.00000
     -0.39000      0.33666      0.00000
     -0.38000      0.45455      0.00000
     -0.37000      1.24244      0.00000
     -0.36000      1.77021      0.00000
     -0.35000      1.43895      0.00000
     -0.34000      0.94048      0.00000
     -0.33000      0.84509      0.00000
     -0.32000      0.64256      0.00000
     -0.31000      0.76780      0.00000
     -0.30000      2.01079      0.00000
     -0.29000      3.24357      0.00000
     -0.28000      3.02270      0.00000
     -0.27000      2.08719      0.00000
     -0.26000      1.23379      0.00000
     -0.25000      1.51099      0.00000
     -0.24000      2.44998      0.00000
     -0.23000      2.47575      0.00000
     -0.22000      1.36827      0.00000
     -0.21000      0.70316      0.00000
     -0.20000      0.99289      0.00000
     -0.19000      1.24371      0.00000
     -0.18000      1.51843      0.00000
     -0.17000      2.09685      0.00000
     -0.16000      2.55210      0.00000
     -0.15000      3.12039      0.00000
     -0.14000      3.71000      0.00000
     -0.13000      4.63062      0.00000
     -0.12000      5.03293      0.00000
     -0.11000      4.40659      0.00000
     -0.10000      3.21807      0.00000
     -0.09000      3.12559      0.00000
     -0.08000      4.22501      0.00000
     -0.07000      4.10411      0.00000
     -0.06000      2.26118      0.00000
     -0.05000      1.24017      0.00000
     -0.04000      1.91302      0.00000
     -0.03000      2.98797      0.00000
     -0.02000      3.24162      0.00000
     -0.01000      2.92058      0.00000
     -0.00000      2.54359      0.00000
      0.01000      2.06127      0.00000
      0.02000      1.56984      0.00000
      0.03000      1.34550      0.00000
      0.04000      1.71983      0.00000
      0.05000      1.87533      0.00000
      0.06000      2.30496      0.00000
      0.07000      3.14959      0.00000
      0.08000      2.78221      0.00000
      0.09000      1.27528      0.00000
      0.10000      0.98302      0.00000
      0.11000      1.48210      0.00000
      0.12000      1.03452      0.00000
      0.13000      0.65648      0.00000
      0.14000      1.42358      0.00000
      0.15000      1.99380      0.00000
      0.16000      1.33619      0.00000
      0.17000      0.72688      0.00000
      0.18000      0.78435      0.00000
      0.19000      0.74904      0.00000
      0.20000      1.27508      0.00000
      0.21000      2.97161      0.00000
      0.22000      4.40610      0.00000
      0.23000      5.03588      0.00000
      0.24000      4.61508      0.00000
      0.25000      3.09581      0.00000
      0.26000      2.29574      0.00000
      0.27000      1.94845      0.00000
      0.28000      1.58931      0.00000
      0.29000      1.45750      0.00000
      0.30000      1.78191      0.00000
      0.31000      2.19272      0.00000
      0.32000      1.63975      0.00000
      0.33000      1.05025      0.00000
      0.34000      0.71161      0.00000
      0.35000      0.88190      0.00000
      0.36000      1.57112      0.00000
      0.37000      1.85779      0.00000
      0.38000      2.04632      0.00000
      0.39000      1.84822      0.00000
      0.40000      0.87101      0.00000
      0.41000      0.24713      0.00000
      0.42000      0.56988      0.00000
      0.43000      1.90668      0.00000
      0.44000      3.38207      0.00000
      0.45000      3.73277      0.00000
      0.46000      3.90198      0.00000
      0.47000      3.87849      0.00000
      0.48000      2.50746      0.00000
      0.49000      1.93954      0.00000
      0.50000      3.32720      0.00000
