Energy-E_F (eV)    DOS (1/eV)    PDOS (1/eV)  of atom type Ta 
     -4.98985      3.62831      0.00000
     -4.97985      5.26758      0.00000
     -4.96985      7.50344      0.00000
     -4.95985      5.71214      0.00000
     -4.94985      3.39933      0.00000
     -4.93985      3.04724      0.00000
     -4.92985      3.90457      0.00000
     -4.91985      6.03550      0.00000
     -4.90985      8.08439      0.00000
     -4.89985      7.55269      0.00000
     -4.88985      4.17470      0.00000
     -4.87985      4.37676      0.00000
     -4.86985      8.11793      0.00000
     -4.85985      7.74732      0.00000
     -4.84985      5.58924      0.00000
     -4.83985      4.73893      0.00000
     -4.82985      2.28022      0.00000
     -4.81985      0.43117      0.00000
     -4.80985      0.08643      0.00000
     -4.79985      0.66380      0.00000
     -4.78985      2.96711      0.00000
     -4.77985      5.77545      0.00000
     -4.76985      7.07041      0.00000
     -4.75985      6.71160      0.00000
     -4.74985      4.04721      0.00000
     -4.73985      2.57581      0.00000
     -4.72985      2.69783      0.00000
     -4.71985      2.66734      0.00000
     -4.70985      2.35860      0.00000
     -4.69985      1.08924      0.00000
     -4.68985      0.24442      0.00000
     -4.67985      0.42522      0.00000
     -4.66985      1.56565      0.00000
     -4.65985      2.70254      0.00000
     -4.64985      2.00965      0.00000
     -4.63985      0.65758      0.00000
     -4.62985      0.79346      0.00000
     -4.61985      3.51568      0.00000
     -4.60985      7.63239      0.00000
     -4.59985      9.49463      0.00000
     -4.58985      9.14756      0.00000
     -4.57985      6.67881      0.00000
     -4.56985      4.44132      0.00000
     -4.55985      4.56717      0.00000
     -4.54985      4.09530      0.00000
     -4.53985      3.95480      0.00000
     -4.52985      6.06112      0.00000
     -4.51985      5.64179      0.00000
     -4.50985      2.16350      0.00000
     -4.49985      0.32169      0.00000
     -4.48985      0.01843      0.00000
     -4.47985      0.01361      0.00000
     -4.46985      0.24221      0.00000
     -4.45985      1.63499      0.00000
     -4.44985      4.06733      0.00000
     -4.43985      3.72960      0.00000
     -4.42985      1.28221      0.00000
     -4.41985      0.43751      0.00000
     -4.40985      1.31032      0.00000
     -4.39985      2.29317      0.00000
     -4.38985      2.11035      0.00000
     -4.37985      3.40306      0.00000
     -4.36985      7.40989      0.00000
     -4.35985     10.72187      0.00000
     -4.34985     11.33402      0.00000
     -4.33985     11.62755      0.00000
     -4.32985      8.79159      0.00000
     -4.31985      8.09876      0.00000
     -4.30985     14.59256      0.00000
     -4.29985     15.61834      0.00000
     -4.28985      9.65617      0.00000
     -4.27985      7.06086      0.00000
     -4.26985      5.25839      0.00000
     -4.25985      2.18244      0.00000
     -4.24985      0.43342      0.00000
     -4.23985      0.19826      0.00000
     -4.22985      1.12075      0.00000
     -4.21985      4.22838      0.00000
     -4.20985      9.09463      0.00000
     -4.19985     12.28246      0.00000
     -4.18985     12.37889      0.00000
     -4.17985     10.15861      0.00000
     -4.16985      6.54345      0.00000
     -4.15985      3.18164      0.00000
     -4.14985      1.35148      0.00000
     -4.13985      0.58517      0.00000
     -4.12985      0.84035      0.00000
     -4.11985      2.51792      0.00000
     -4.10985      3.85685      0.00000
     -4.09985      3.20786      0.00000
     -4.08985      3.07146      0.00000
     -4.07985      4.46396      0.00000
     -4.06985      3.28269      0.00000
     -4.05985      1.07229      0.00000
     -4.04985      1.08266      0.00000
     -4.03985      2.29098      0.00000
     -4.02985      2.64880      0.00000
     -4.01985      2.62121      0.00000
     -4.00985      1.87334      0.00000
     -3.99985      0.91679      0.00000
     -3.98985      0.79059      0.00000
     -3.97985      0.51358      0.00000
     -3.96985      0.13242      0.00000
     -3.95985      0.04800      0.00000
     -3.94985      0.48245      0.00000
     -3.93985      2.40357      0.00000
     -3.92985      4.42364      0.00000
     -3.91985      3.19859      0.00000
     -3.90985      1.89593      0.00000
     -3.89985      2.26225      0.00000
     -3.88985      1.53301      0.00000
     -3.87985      0.39388      0.00000
     -3.86985      0.06210      0.00000
     -3.85985      0.21388      0.00000
     -3.84985      0.76335      0.00000
     -3.83985      1.60386      0.00000
     -3.82985      2.41177      0.00000
     -3.81985      2.17861      0.00000
     -3.80985      2.28648      0.00000
     -3.79985      3.60801      0.00000
     -3.78985      3.46558      0.00000
     -3.77985      1.61195      0.00000
     -3.76985      0.32372      0.00000
     -3.75985      0.02567      0.00000
     -3.74985      0.00076      0.00000
     -3.73985      0.00001      0.00000
     -3.72985      0.00000      0.00000
     -3.71985      0.00002      0.00000
     -3.70985      0.00171      0.00000
     -3.69985      0.04912      0.00000
     -3.68985      0.52065      0.00000
     -3.67985      2.03341      0.00000
     -3.66985      2.92598      0.00000
     -3.65985      1.55118      0.00000
     -3.64985      0.30296      0.00000
     -3.63985      0.02267      0.00000
     -3.62985      0.02832      0.00000
     -3.61985      0.32473      0.00000
     -3.60985      1.39815      0.00000
     -3.59985      2.21457      0.00000
     -3.58985      1.29042      0.00000
     -3.57985      0.27662      0.00000
     -3.56985      0.02181      0.00000
     -3.55985      0.00063      0.00000
     -3.54985      0.00004      0.00000
     -3.53985      0.00221      0.00000
     -3.52985      0.04049      0.00000
     -3.51985      0.27343      0.00000
     -3.50985      0.67924      0.00000
     -3.49985      0.62077      0.00000
     -3.48985      0.21153      0.00000
     -3.47985      0.11164      0.00000
     -3.46985      0.96959      0.00000
     -3.45985      4.10219      0.00000
     -3.44985      6.55275      0.00000
     -3.43985      3.96535      0.00000
     -3.42985      0.98340      0.00000
     -3.41985      0.86548      0.00000
     -3.40985      3.17659      0.00000
     -3.39985      5.46209      0.00000
     -3.38985      5.82736      0.00000
     -3.37985      4.67127      0.00000
     -3.36985      1.90123      0.00000
     -3.35985      0.30539      0.00000
     -3.34985      0.01826      0.00000
     -3.33985      0.00059      0.00000
     -3.32985      0.00853      0.00000
     -3.31985      0.14524      0.00000
     -3.30985      0.90961      0.00000
     -3.29985      2.09568      0.00000
     -3.28985      1.77701      0.00000
     -3.27985      0.57938      0.00000
     -3.26985      0.37093      0.00000
     -3.25985      1.36350      0.00000
     -3.24985      2.21622      0.00000
     -3.23985      1.32774      0.00000
     -3.22985      0.29264      0.00000
     -3.21985      0.02375      0.00000
     -3.20985      0.00250      0.00000
     -3.19985      0.04724      0.00000
     -3.18985      0.45995      0.00000
     -3.17985      1.67162      0.00000
     -3.16985      2.59821      0.00000
     -3.15985      3.49647      0.00000
     -3.14985      5.66396      0.00000
     -3.13985      7.23865      0.00000
     -3.12985     11.45883      0.00000
     -3.11985     14.02448      0.00000
     -3.10985      8.82696      0.00000
     -3.09985      5.62511      0.00000
     -3.08985      8.82374      0.00000
     -3.07985     10.33245      0.00000
     -3.06985      9.94795      0.00000
     -3.05985     10.82299      0.00000
     -3.04985      9.49576      0.00000
     -3.03985      8.17642      0.00000
     -3.02985      8.45738      0.00000
     -3.01985      7.70493      0.00000
     -3.00985      7.32085      0.00000
     -2.99985      9.36948      0.00000
     -2.98985     13.92580      0.00000
     -2.97985     15.13741      0.00000
     -2.96985     12.97776      0.00000
     -2.95985     11.61417      0.00000
     -2.94985      7.41336      0.00000
     -2.93985      3.42317      0.00000
     -2.92985      3.02739      0.00000
     -2.91985      3.56648      0.00000
     -2.90985      4.48219      0.00000
     -2.89985      5.71711      0.00000
     -2.88985      6.60868      0.00000
     -2.87985     11.09712      0.00000
     -2.86985     17.84853      0.00000
     -2.85985     16.93645      0.00000
     -2.84985     10.39315      0.00000
     -2.83985      6.52581      0.00000
     -2.82985      3.84366      0.00000
     -2.81985      1.18687      0.00000
     -2.80985      0.50665      0.00000
     -2.79985      1.79018      0.00000
     -2.78985      3.72381      0.00000
     -2.77985      3.77941      0.00000
     -2.76985      3.23258      0.00000
     -2.75985      5.56284      0.00000
     -2.74985      9.41496      0.00000
     -2.73985      9.92768      0.00000
     -2.72985      7.94921      0.00000
     -2.71985      6.41370      0.00000
     -2.70985      5.28987      0.00000
     -2.69985      6.46369      0.00000
     -2.68985      7.16122      0.00000
     -2.67985      6.36763      0.00000
     -2.66985      5.37842      0.00000
     -2.65985      5.09751      0.00000
     -2.64985      6.30140      0.00000
     -2.63985      5.25578      0.00000
     -2.62985      2.10498      0.00000
     -2.61985      0.83349      0.00000
     -2.60985      1.90491      0.00000
     -2.59985      4.16365      0.00000
     -2.58985      4.81310      0.00000
     -2.57985      4.30381      0.00000
     -2.56985      5.09080      0.00000
     -2.55985      5.99537      0.00000
     -2.54985      9.98191      0.00000
     -2.53985     11.01684      0.00000
     -2.52985      6.80694      0.00000
     -2.51985      4.54915      0.00000
     -2.50985      3.09637      0.00000
     -2.49985      2.28798      0.00000
     -2.48985      2.64931      0.00000
     -2.47985      2.69579      0.00000
     -2.46985      2.49888      0.00000
     -2.45985      1.34114      0.00000
     -2.44985      0.51456      0.00000
     -2.43985      1.49963      0.00000
     -2.42985      4.30654      0.00000
     -2.41985      7.32610      0.00000
     -2.40985      7.68217      0.00000
     -2.39985      5.20698      0.00000
     -2.38985      4.22306      0.00000
     -2.37985      5.88210      0.00000
     -2.36985      7.25979      0.00000
     -2.35985      5.76963      0.00000
     -2.34985      3.04750      0.00000
     -2.33985      1.04948      0.00000
     -2.32985      0.20788      0.00000
     -2.31985      0.02266      0.00000
     -2.30985      0.09462      0.00000
     -2.29985      1.01940      0.00000
     -2.28985      4.53608      0.00000
     -2.27985      9.61013      0.00000
     -2.26985     13.07096      0.00000
     -2.25985     13.38292      0.00000
     -2.24985      7.84418      0.00000
     -2.23985      2.06085      0.00000
     -2.22985      0.28262      0.00000
     -2.21985      0.56117      0.00000
     -2.20985      2.66202      0.00000
     -2.19985      6.26693      0.00000
     -2.18985      6.23040      0.00000
     -2.17985      2.54320      0.00000
     -2.16985      1.58689      0.00000
     -2.15985      3.76572      0.00000
     -2.14985      4.60422      0.00000
     -2.13985      4.64275      0.00000
     -2.12985      6.63370      0.00000
     -2.11985      5.08246      0.00000
     -2.10985      1.50555      0.00000
     -2.09985      0.37372      0.00000
     -2.08985      1.50403      0.00000
     -2.07985      4.17910      0.00000
     -2.06985      4.85863      0.00000
     -2.05985      4.36645      0.00000
     -2.04985      9.01817      0.00000
     -2.03985     12.71162      0.00000
     -2.02985      7.66821      0.00000
     -2.01985      2.45122      0.00000
     -2.00985      0.92747      0.00000
     -1.99985      0.88653      0.00000
     -1.98985      2.34000      0.00000
     -1.97985      4.53084      0.00000
     -1.96985      8.18912      0.00000
     -1.95985     14.55239      0.00000
     -1.94985     18.89777      0.00000
     -1.93985     15.73952      0.00000
     -1.92985      9.50916      0.00000
     -1.91985      6.13927      0.00000
     -1.90985      5.34011      0.00000
     -1.89985      3.70470      0.00000
     -1.88985      1.75336      0.00000
     -1.87985      3.19024      0.00000
     -1.86985      6.01904      0.00000
     -1.85985      5.48939      0.00000
     -1.84985      3.32103      0.00000
     -1.83985      4.72884      0.00000
     -1.82985      9.30956      0.00000
     -1.81985     13.06275      0.00000
     -1.80985     15.31778      0.00000
     -1.79985     16.72641      0.00000
     -1.78985     19.02985      0.00000
     -1.77985     13.37698      0.00000
     -1.76985      4.11740      0.00000
     -1.75985      0.50704      0.00000
     -1.74985      0.03040      0.00000
     -1.73985      0.13893      0.00000
     -1.72985      1.26998      0.00000
     -1.71985      5.19069      0.00000
     -1.70985     10.62954      0.00000
     -1.69985     13.11406      0.00000
     -1.68985     13.63761      0.00000
     -1.67985     14.19354      0.00000
     -1.66985     13.02556      0.00000
     -1.65985     12.62697      0.00000
     -1.64985     14.03604      0.00000
     -1.63985     14.27681      0.00000
     -1.62985     12.06898      0.00000
     -1.61985     10.88629      0.00000
     -1.60985      9.24226      0.00000
     -1.59985      6.59120      0.00000
     -1.58985      3.59996      0.00000
     -1.57985      1.26543      0.00000
     -1.56985      2.37803      0.00000
     -1.55985      5.94362      0.00000
     -1.54985      5.74912      0.00000
     -1.53985      2.14568      0.00000
     -1.52985      1.23310      0.00000
     -1.51985      4.25234      0.00000
     -1.50985      7.46632      0.00000
     -1.49985      7.21901      0.00000
     -1.48985      7.76899      0.00000
     -1.47985     10.30586      0.00000
     -1.46985     11.57263      0.00000
     -1.45985      8.09235      0.00000
     -1.44985      2.93084      0.00000
     -1.43985      0.76257      0.00000
     -1.42985      1.68613      0.00000
     -1.41985      4.43356      0.00000
     -1.40985      6.70233      0.00000
     -1.39985      6.53790      0.00000
     -1.38985      5.16129      0.00000
     -1.37985      4.37715      0.00000
     -1.36985      5.09846      0.00000
     -1.35985      6.98572      0.00000
     -1.34985      5.18521      0.00000
     -1.33985      1.53393      0.00000
     -1.32985      0.41693      0.00000
     -1.31985      1.67598      0.00000
     -1.30985      4.09677      0.00000
     -1.29985      3.72525      0.00000
     -1.28985      1.55695      0.00000
     -1.27985      1.62279      0.00000
     -1.26985      3.05194      0.00000
     -1.25985      5.21470      0.00000
     -1.24985      8.12096      0.00000
     -1.23985      7.45390      0.00000
     -1.22985      5.43626      0.00000
     -1.21985      4.79438      0.00000
     -1.20985      2.45940      0.00000
     -1.19985      0.50180      0.00000
     -1.18985      0.15655      0.00000
     -1.17985      0.82839      0.00000
     -1.16985      2.25891      0.00000
     -1.15985      3.04696      0.00000
     -1.14985      2.99070      0.00000
     -1.13985      2.56193      0.00000
     -1.12985      2.52044      0.00000
     -1.11985      1.87151      0.00000
     -1.10985      1.28863      0.00000
     -1.09985      2.13353      0.00000
     -1.08985      2.62266      0.00000
     -1.07985      3.38640      0.00000
     -1.06985      5.59384      0.00000
     -1.05985      7.13476      0.00000
     -1.04985      6.48709      0.00000
     -1.03985      6.58249      0.00000
     -1.02985      6.18808      0.00000
     -1.01985      3.07794      0.00000
     -1.00985      1.70315      0.00000
     -0.99985      2.86529      0.00000
     -0.98985      4.10439      0.00000
     -0.97985      5.27939      0.00000
     -0.96985      6.63909      0.00000
     -0.95985      6.63156      0.00000
     -0.94985      4.87755      0.00000
     -0.93985      3.98318      0.00000
     -0.92985      3.66156      0.00000
     -0.91985      3.36248      0.00000
     -0.90985      3.29046      0.00000
     -0.89985      3.15596      0.00000
     -0.88985      2.80817      0.00000
     -0.87985      1.42724      0.00000
     -0.86985      0.30105      0.00000
     -0.85985      0.02413      0.00000
     -0.84985      0.00159      0.00000
     -0.83985      0.03291      0.00000
     -0.82985      0.45727      0.00000
     -0.81985      2.33719      0.00000
     -0.80985      4.39458      0.00000
     -0.79985      3.04066      0.00000
     -0.78985      0.80680      0.00000
     -0.77985      0.55365      0.00000
     -0.76985      2.73062      0.00000
     -0.75985      6.56520      0.00000
     -0.74985      7.39779      0.00000
     -0.73985      3.98211      0.00000
     -0.72985      0.94131      0.00000
     -0.71985      0.08908      0.00000
     -0.70985      0.00321      0.00000
     -0.69985      0.00004      0.00000
     -0.68985      0.00000      0.00000
     -0.67985      0.00000      0.00000
     -0.66985      0.00000      0.00000
     -0.65985      0.00000      0.00000
     -0.64985      0.00000      0.00000
     -0.63985      0.00000      0.00000
     -0.62985     -0.00000      0.00000
     -0.61985     -0.00000      0.00000
     -0.60985     -0.00000      0.00000
     -0.59985     -0.00000      0.00000
     -0.58985      0.00003      0.00000
     -0.57985      0.00205      0.00000
     -0.56985      0.04803      0.00000
     -0.55985      0.49283      0.00000
     -0.54985      2.30079      0.00000
     -0.53985      4.72560      0.00000
     -0.52985      4.09665      0.00000
     -0.51985      2.17926      0.00000
     -0.50985      2.24421      0.00000
     -0.49985      1.79646      0.00000
     -0.48985      0.56433      0.00000
     -0.47985      0.06545      0.00000
     -0.46985      0.00279      0.00000
     -0.45985      0.00033      0.00000
     -0.44985      0.01196      0.00000
     -0.43985      0.18496      0.00000
     -0.42985      1.07737      0.00000
     -0.41985      2.57130      0.00000
     -0.40985      3.26917      0.00000
     -0.39985      3.15378      0.00000
     -0.38985      2.87979      0.00000
     -0.37985      2.34697      0.00000
     -0.36985      0.99457      0.00000
     -0.35985      0.16597      0.00000
     -0.34985      0.01030      0.00000
     -0.33985      0.00024      0.00000
     -0.32985      0.00000      0.00000
     -0.31985      0.00000      0.00000
     -0.30985      0.00000      0.00000
     -0.29985      0.00000      0.00000
     -0.28985      0.00000      0.00000
     -0.27985      0.00000      0.00000
     -0.26985      0.00001      0.00000
     -0.25985      0.00111      0.00000
     -0.24985      0.03322      0.00000
     -0.23985      0.36562      0.00000
     -0.22985      1.48033      0.00000
     -0.21985      2.20522      0.00000
     -0.20985      1.21986      0.00000
     -0.19985      0.42395      0.00000
     -0.18985      1.04570      0.00000
     -0.17985      2.15400      0.00000
     -0.16985      1.66064      0.00000
     -0.15985      0.48899      0.00000
     -0.14985      0.33041      0.00000
     -0.13985      1.68565      0.00000
     -0.12985      3.94580      0.00000
     -0.11985      3.65223      0.00000
     -0.10985      1.39080      0.00000
     -0.09985      0.72011      0.00000
     -0.08985      1.75580      0.00000
     -0.07985      2.11338      0.00000
     -0.06985      0.94139      0.00000
     -0.05985      0.16509      0.00000
     -0.04985      0.23892      0.00000
     -0.03985      1.81847      0.00000
     -0.02985      5.44501      0.00000
     -0.01985      6.46049      0.00000
     -0.00985      4.41600      0.00000
      0.00015      4.57168      0.00000
      0.01015      5.08261      0.00000
      0.02015      3.64260      0.00000
      0.03015      1.40002      0.00000
      0.04015      0.23929      0.00000
      0.05015      0.01624      0.00000
      0.06015      0.00041      0.00000
      0.07015      0.00000      0.00000
      0.08015      0.00000      0.00000
      0.09015      0.00000      0.00000
      0.10015      0.00000      0.00000
      0.11015      0.00000      0.00000
      0.12015      0.00000      0.00000
      0.13015      0.00000      0.00000
      0.14015      0.00000      0.00000
      0.15015      0.00000      0.00000
      0.16015      0.00000      0.00000
      0.17015      0.00000      0.00000
      0.18015      0.00001      0.00000
      0.19015      0.00075      0.00000
      0.20015      0.02468      0.00000
      0.21015      0.30043      0.00000
      0.22015      1.34535      0.00000
      0.23015      2.21635      0.00000
      0.24015      1.34321      0.00000
      0.25015      0.29966      0.00000
      0.26015      0.03475      0.00000
      0.27015      0.20254      0.00000
      0.28015      1.47002      0.00000
      0.29015      3.93940      0.00000
      0.30015      3.88430      0.00000
      0.31015      1.43007      0.00000
      0.32015      0.46231      0.00000
      0.33015      1.29432      0.00000
      0.34015      2.21436      0.00000
      0.35015      1.40346      0.00000
      0.36015      0.32730      0.00000
      0.37015      0.03063      0.00000
      0.38015      0.05698      0.00000
      0.39015      0.54781      0.00000
      0.40015      2.55242      0.00000
      0.41015      5.69417      0.00000
      0.42015      6.09098      0.00000
      0.43015      4.10064      0.00000
      0.44015      5.12570      0.00000
      0.45015      7.71061      0.00000
      0.46015      6.19098      0.00000
      0.47015      2.29803      0.00000
      0.48015      0.46798      0.00000
      0.49015      0.80786      0.00000
      0.50015      2.01278      0.00000
      0.51015      1.89417      0.00000
      0.52015      0.65607      0.00000
      0.53015      0.09223      0.00000
      0.54015      0.18434      0.00000
      0.55015      1.39238      0.00000
      0.56015      4.11595      0.00000
      0.57015      5.24099      0.00000
      0.58015      3.72125      0.00000
      0.59015      1.63064      0.00000
      0.60015      0.34601      0.00000
      0.61015      0.02931      0.00000
      0.62015      0.00093      0.00000
      0.63015      0.00073      0.00000
      0.64015      0.02844      0.00000
      0.65015      0.41405      0.00000
      0.66015      2.22371      0.00000
      0.67015      4.50491      0.00000
      0.68015      4.10250      0.00000
      0.69015      3.66085      0.00000
      0.70015      6.11068      0.00000
      0.71015     10.78929      0.00000
      0.72015     12.20753      0.00000
      0.73015      8.20391      0.00000
      0.74015      2.85750      0.00000
      0.75015      0.45467      0.00000
      0.76015      0.35005      0.00000
      0.77015      1.39959      0.00000
      0.78015      2.21518      0.00000
      0.79015      1.30831      0.00000
      0.80015      0.49673      0.00000
      0.81015      1.26969      0.00000
      0.82015      3.59759      0.00000
      0.83015      4.76232      0.00000
      0.84015      2.62751      0.00000
      0.85015      1.29510      0.00000
      0.86015      3.07820      0.00000
      0.87015      4.39598      0.00000
      0.88015      2.33850      0.00000
      0.89015      0.45776      0.00000
      0.90015      0.03313      0.00000
      0.91015      0.00876      0.00000
      0.92015      0.13745      0.00000
      0.93015      0.88129      0.00000
      0.94015      2.08010      0.00000
      0.95015      1.84627      0.00000
      0.96015      1.06601      0.00000
      0.97015      2.29674      0.00000
      0.98015      4.11709      0.00000
      0.99015      3.13379      0.00000
      1.00015      1.05073      0.00000
      1.01015      0.91523      0.00000
      1.02015      3.08262      0.00000
      1.03015      4.38819      0.00000
      1.04015      2.36236      0.00000
      1.05015      1.14391      0.00000
      1.06015      2.93151      0.00000
      1.07015      4.41977      0.00000
      1.08015      2.47715      0.00000
      1.09015      0.51428      0.00000
      1.10015      0.11603      0.00000
      1.11015      0.65434      0.00000
      1.12015      2.30789      0.00000
      1.13015      4.39986      0.00000
      1.14015      5.71493      0.00000
      1.15015      5.52271      0.00000
      1.16015      5.06104      0.00000
      1.17015      3.23002      0.00000
      1.18015      1.92827      0.00000
      1.19015      3.62544      0.00000
      1.20015      4.43237      0.00000
      1.21015      3.66908      0.00000
      1.22015      7.01989      0.00000
      1.23015     11.49968      0.00000
      1.24015      9.14230      0.00000
      1.25015      3.66208      0.00000
      1.26015      2.60766      0.00000
      1.27015      5.41536      0.00000
      1.28015      6.12465      0.00000
      1.29015      4.77658      0.00000
      1.30015      5.14800      0.00000
      1.31015      5.28103      0.00000
      1.32015      6.16397      0.00000
      1.33015      5.85576      0.00000
      1.34015      2.73260      0.00000
      1.35015      0.56152      0.00000
      1.36015      0.04820      0.00000
      1.37015      0.00195      0.00000
      1.38015      0.01495      0.00000
      1.39015      0.26449      0.00000
      1.40015      1.72370      0.00000
      1.41015      4.13260      0.00000
      1.42015      3.64494      0.00000
      1.43015      1.18267      0.00000
      1.44015      0.14117      0.00000
      1.45015      0.00620      0.00000
      1.46015      0.00010      0.00000
      1.47015      0.00000      0.00000
      1.48015      0.00000      0.00000
      1.49015      0.00000      0.00000
      1.50015      0.00145      0.00000
      1.51015      0.04877      0.00000
      1.52015      0.61100      0.00000
      1.53015      2.93732      0.00000
      1.54015      5.94317      0.00000
      1.55015      6.74432      0.00000
      1.56015      6.72734      0.00000
      1.57015      6.38951      0.00000
      1.58015      5.74299      0.00000
      1.59015      4.39770      0.00000
      1.60015      4.45189      0.00000
      1.61015      4.75592      0.00000
      1.62015      4.03138      0.00000
      1.63015      4.76372      0.00000
      1.64015      6.74018      0.00000
      1.65015      5.75373      0.00000
      1.66015      2.82935      0.00000
      1.67015      2.45155      0.00000
      1.68015      3.02374      0.00000
      1.69015      4.22523      0.00000
      1.70015      4.24434      0.00000
      1.71015      1.79799      0.00000
      1.72015      0.61260      0.00000
      1.73015      2.38017      0.00000
      1.74015      6.83250      0.00000
      1.75015      8.78988      0.00000
      1.76015      6.61504      0.00000
      1.77015      5.55658      0.00000
      1.78015      5.17245      0.00000
      1.79015      2.72909      0.00000
      1.80015      1.33474      0.00000
      1.81015      2.75175      0.00000
      1.82015      4.90801      0.00000
      1.83015      5.17538      0.00000
      1.84015      3.39620      0.00000
      1.85015      3.87545      0.00000
      1.86015      6.41024      0.00000
      1.87015      7.45317      0.00000
      1.88015      7.60186      0.00000
      1.89015      5.48454      0.00000
      1.90015      1.83066      0.00000
      1.91015      0.24233      0.00000
      1.92015      0.01223      0.00000
      1.93015      0.00294      0.00000
      1.94015      0.08058      0.00000
      1.95015      0.91976      0.00000
      1.96015      4.15408      0.00000
      1.97015      8.22657      0.00000
      1.98015      9.91365      0.00000
      1.99015     11.22808      0.00000
      2.00015     10.84986      0.00000
      2.01015      8.09362      0.00000
      2.02015      6.20306      0.00000
      2.03015      5.72439      0.00000
      2.04015      6.84378      0.00000
      2.05015      6.81721      0.00000
      2.06015      5.75786      0.00000
      2.07015      3.25837      0.00000
      2.08015      1.23820      0.00000
      2.09015      1.74275      0.00000
      2.10015      2.46745      0.00000
      2.11015      1.98205      0.00000
      2.12015      2.05020      0.00000
      2.13015      2.99370      0.00000
      2.14015      3.55523      0.00000
      2.15015      4.29376      0.00000
      2.16015      6.42695      0.00000
      2.17015      6.28502      0.00000
      2.18015      2.55804      0.00000
      2.19015      0.50415      0.00000
      2.20015      0.83352      0.00000
