Energy-E_F (eV)    DOS (1/eV)    PDOS (1/eV)  of atom type Pt 
     -4.99000      0.31291      0.31291
     -4.98000      0.38717      0.38717
     -4.97000      2.64654      2.64654
     -4.96000      7.26020      7.26020
     -4.95000      9.54908      9.54908
     -4.94000      9.77062      9.77062
     -4.93000      9.12105      9.12105
     -4.92000      8.80612      8.80612
     -4.91000      6.40523      6.40523
     -4.90000      2.04175      2.04175
     -4.89000      0.25073      0.25073
     -4.88000      0.12901      0.12901
     -4.87000      0.99283      0.99283
     -4.86000      3.06920      3.06920
     -4.85000      3.49110      3.49110
     -4.84000      1.46258      1.46258
     -4.83000      0.27834      0.27834
     -4.82000      0.62280      0.62280
     -4.81000      2.77810      2.77810
     -4.80000      6.63380      6.63380
     -4.79000     12.42562     12.42562
     -4.78000     15.54348     15.54348
     -4.77000     11.78804     11.78804
     -4.76000     10.18083     10.18083
     -4.75000      9.48807      9.48807
     -4.74000      6.44332      6.44332
     -4.73000      4.76768      4.76768
     -4.72000      3.57137      3.57137
     -4.71000      4.54902      4.54902
     -4.70000      7.45677      7.45677
     -4.69000      5.42167      5.42167
     -4.68000      2.87984      2.87984
     -4.67000      6.77653      6.77653
     -4.66000     11.13736     11.13736
     -4.65000      6.97881      6.97881
     -4.64000      1.83760      1.83760
     -4.63000      1.99146      1.99146
     -4.62000      6.09174      6.09174
     -4.61000      8.39941      8.39941
     -4.60000      8.25439      8.25439
     -4.59000      8.30025      8.30025
     -4.58000      7.05970      7.05970
     -4.57000     10.01972     10.01972
     -4.56000     10.40083     10.40083
     -4.55000      4.32202      4.32202
     -4.54000      0.67264      0.67264
     -4.53000      0.03900      0.03900
     -4.52000      0.00338      0.00338
     -4.51000      0.08389      0.08389
     -4.50000      1.01879      1.01879
     -4.49000      4.55139      4.55139
     -4.48000      7.48013      7.48013
     -4.47000      4.52252      4.52252
     -4.46000      1.00657      1.00657
     -4.45000      0.11298      0.11298
     -4.44000      0.52940      0.52940
     -4.43000      3.52890      3.52890
     -4.42000     10.29913     10.29913
     -4.41000     15.93172     15.93172
     -4.40000     14.73887     14.73887
     -4.39000      9.02646      9.02646
     -4.38000      5.97535      5.97535
     -4.37000      7.96903      7.96903
     -4.36000     11.63739     11.63739
     -4.35000     10.99032     10.99032
     -4.34000      7.90493      7.90493
     -4.33000     10.79623     10.79623
     -4.32000     16.80613     16.80613
     -4.31000     17.05278     17.05278
     -4.30000     14.72720     14.72720
     -4.29000     16.05842     16.05842
     -4.28000     14.35064     14.35064
     -4.27000     10.48619     10.48619
     -4.26000      7.38693      7.38693
     -4.25000      2.73381      2.73381
     -4.24000      0.39465      0.39465
     -4.23000      0.02119      0.02119
     -4.22000      0.00475      0.00475
     -4.21000      0.11152      0.11152
     -4.20000      1.14025      1.14025
     -4.19000      5.12739      5.12739
     -4.18000     11.47370     11.47370
     -4.17000     14.20346     14.20346
     -4.16000     12.98130     12.98130
     -4.15000     11.64564     11.64564
     -4.14000      6.81247      6.81247
     -4.13000      1.88945      1.88945
     -4.12000      0.23957      0.23957
     -4.11000      0.18667      0.18667
     -4.10000      0.77586      0.77586
     -4.09000      1.34250      1.34250
     -4.08000      1.61694      1.61694
     -4.07000      3.19136      3.19136
     -4.06000      4.75768      4.75768
     -4.05000      6.07270      6.07270
     -4.04000      7.52836      7.52836
     -4.03000      8.05817      8.05817
     -4.02000      8.09618      8.09618
     -4.01000      4.30863      4.30863
     -4.00000      1.27914      1.27914
     -3.99000      2.80884      2.80884
     -3.98000      7.86615      7.86615
     -3.97000     11.89427     11.89427
     -3.96000     15.36122     15.36122
     -3.95000     15.23861     15.23861
     -3.94000      7.44052      7.44052
     -3.93000      2.17622      2.17622
     -3.92000      4.10489      4.10489
     -3.91000      9.71215      9.71215
     -3.90000     13.88125     13.88125
     -3.89000     15.73885     15.73885
     -3.88000     11.14832     11.14832
     -3.87000      3.64736      3.64736
     -3.86000      0.52194      0.52194
     -3.85000      0.46922      0.46922
     -3.84000      2.12217      2.12217
     -3.83000      3.73496      3.73496
     -3.82000      2.50886      2.50886
     -3.81000      1.86712      1.86712
     -3.80000      7.76902      7.76902
     -3.79000     22.62031     22.62031
     -3.78000     36.85624     36.85624
     -3.77000     33.98517     33.98517
     -3.76000     19.40626     19.40626
     -3.75000     10.74499     10.74499
     -3.74000      7.58477      7.58477
     -3.73000     10.54766     10.54766
     -3.72000     14.92723     14.92723
     -3.71000     15.89043     15.89043
     -3.70000     12.73630     12.73630
     -3.69000     10.38167     10.38167
     -3.68000      8.81325      8.81325
     -3.67000      4.20471      4.20471
     -3.66000      0.94138      0.94138
     -3.65000      0.78077      0.78077
     -3.64000      2.70242      2.70242
     -3.63000      4.18284      4.18284
     -3.62000      4.17994      4.17994
     -3.61000      4.73543      4.73543
     -3.60000      5.50846      5.50846
     -3.59000      8.68686      8.68686
     -3.58000     12.83019     12.83019
     -3.57000     13.09439     13.09439
     -3.56000     13.16456     13.16456
     -3.55000     12.01219     12.01219
     -3.54000      7.39430      7.39430
     -3.53000      3.55302      3.55302
     -3.52000      1.95508      1.95508
     -3.51000      4.90904      4.90904
     -3.50000      9.44207      9.44207
     -3.49000     10.60108     10.60108
     -3.48000      8.01321      8.01321
     -3.47000      3.29730      3.29730
     -3.46000      2.05307      2.05307
     -3.45000      3.64022      3.64022
     -3.44000      3.82330      3.82330
     -3.43000      7.51299      7.51299
     -3.42000     21.08808     21.08808
     -3.41000     29.81050     29.81050
     -3.40000     19.51966     19.51966
     -3.39000      5.75176      5.75176
     -3.38000      0.72347      0.72347
     -3.37000      0.03703      0.03703
     -3.36000      0.00074      0.00074
     -3.35000      0.00082      0.00082
     -3.34000      0.03565      0.03565
     -3.33000      0.57231      0.57231
     -3.32000      3.44865      3.44865
     -3.31000      8.38759      8.38759
     -3.30000     10.65126     10.65126
     -3.29000     10.45532     10.45532
     -3.28000      8.07462      8.07462
     -3.27000      4.07243      4.07243
     -3.26000      1.23839      1.23839
     -3.25000      2.11510      2.11510
     -3.24000      8.65005      8.65005
     -3.23000     14.51848     14.51848
     -3.22000      9.49650      9.49650
     -3.21000      2.41294      2.41294
     -3.20000      0.25031      0.25031
     -3.19000      0.26280      0.26280
     -3.18000      1.83210      1.83210
     -3.17000      5.92236      5.92236
     -3.16000      9.59817      9.59817
     -3.15000      7.58025      7.58025
     -3.14000      2.56700      2.56700
     -3.13000      0.33967      0.33967
     -3.12000      0.01695      0.01695
     -3.11000      0.00581      0.00581
     -3.10000      0.13988      0.13988
     -3.09000      1.35555      1.35555
     -3.08000      5.04252      5.04252
     -3.07000      7.24392      7.24392
     -3.06000      4.02921      4.02921
     -3.05000      0.95839      0.95839
     -3.04000      1.17859      1.17859
     -3.03000      4.74556      4.74556
     -3.02000      7.47244      7.47244
     -3.01000      4.33055      4.33055
     -3.00000      0.92455      0.92455
     -2.99000      0.12220      0.12220
     -2.98000      0.71841      0.71841
     -2.97000      3.79884      3.79884
     -2.96000      7.59163      7.59163
     -2.95000      7.15038      7.15038
     -2.94000      7.38385      7.38385
     -2.93000      7.21519      7.21519
     -2.92000      3.23587      3.23587
     -2.91000      2.19741      2.19741
     -2.90000      7.35953      7.35953
     -2.89000     13.26910     13.26910
     -2.88000     10.63710     10.63710
     -2.87000      3.78643      3.78643
     -2.86000      0.57175      0.57175
     -2.85000      0.03606      0.03606
     -2.84000      0.05770      0.05770
     -2.83000      0.90353      0.90353
     -2.82000      5.60304      5.60304
     -2.81000     14.32732     14.32732
     -2.80000     16.76153     16.76153
     -2.79000     11.03234     11.03234
     -2.78000      5.44383      5.44383
     -2.77000      1.81898      1.81898
     -2.76000      0.28351      0.28351
     -2.75000      0.01726      0.01726
     -2.74000      0.00039      0.00039
     -2.73000      0.00000      0.00000
     -2.72000      0.00287      0.00287
     -2.71000      0.10844      0.10844
     -2.70000      1.54370      1.54370
     -2.69000      8.41333      8.41333
     -2.68000     18.29907     18.29907
     -2.67000     18.55881     18.55881
     -2.66000     13.94143     13.94143
     -2.65000      9.68123      9.68123
     -2.64000      3.79852      3.79852
     -2.63000      0.74602      0.74602
     -2.62000      1.07779      1.07779
     -2.61000      3.12449      3.12449
     -2.60000      3.47751      3.47751
     -2.59000      1.89381      1.89381
     -2.58000      3.83053      3.83053
     -2.57000      9.89084      9.89084
     -2.56000     10.11333     10.11333
     -2.55000      5.43121      5.43121
     -2.54000      6.42157      6.42157
     -2.53000      7.94238      7.94238
     -2.52000      6.08430      6.08430
     -2.51000      5.62540      5.62540
     -2.50000      8.77025      8.77025
     -2.49000     13.97981     13.97981
     -2.48000     11.12895     11.12895
     -2.47000      3.71519      3.71519
     -2.46000      0.49771      0.49771
     -2.45000      0.02593      0.02593
     -2.44000      0.00246      0.00246
     -2.43000      0.07197      0.07197
     -2.42000      1.00432      1.00432
     -2.41000      5.53076      5.53076
     -2.40000     12.61933     12.61933
     -2.39000     12.94150     12.94150
     -2.38000      9.23578      9.23578
     -2.37000     10.61158     10.61158
     -2.36000      9.33668      9.33668
     -2.35000      3.88994      3.88994
     -2.34000      2.93697      2.93697
     -2.33000      8.37527      8.37527
     -2.32000     10.99812     10.99812
     -2.31000      6.17340      6.17340
     -2.30000      5.02312      5.02312
     -2.29000      7.31670      7.31670
     -2.28000      5.60206      5.60206
     -2.27000      4.83463      4.83463
     -2.26000      7.42426      7.42426
     -2.25000      5.73082      5.73082
     -2.24000      2.73398      2.73398
     -2.23000      3.94477      3.94477
     -2.22000      6.82604      6.82604
     -2.21000      9.55646      9.55646
     -2.20000      9.25642      9.25642
     -2.19000      7.08312      7.08312
     -2.18000      9.33070      9.33070
     -2.17000     13.32170     13.32170
     -2.16000     12.36008     12.36008
     -2.15000      8.18395      8.18395
     -2.14000      2.91863      2.91863
     -2.13000      0.42599      0.42599
     -2.12000      0.02338      0.02338
     -2.11000      0.00049      0.00049
     -2.10000      0.00155      0.00155
     -2.09000      0.04396      0.04396
     -2.08000      0.45723      0.45723
     -2.07000      1.75102      1.75102
     -2.06000      2.51635      2.51635
     -2.05000      1.95235      1.95235
     -2.04000      3.50721      3.50721
     -2.03000      6.43411      6.43411
     -2.02000      7.15075      7.15075
     -2.01000      8.15048      8.15048
     -2.00000      6.58700      6.58700
     -1.99000      4.04414      4.04414
     -1.98000      6.38791      6.38791
     -1.97000      6.99330      6.99330
     -1.96000      2.92183      2.92183
     -1.95000      0.45010      0.45010
     -1.94000      0.04136      0.04136
     -1.93000      0.26611      0.26611
     -1.92000      1.68386      1.68386
     -1.91000      4.40235      4.40235
     -1.90000      5.79805      5.79805
     -1.89000      4.49955      4.49955
     -1.88000      1.77551      1.77551
     -1.87000      0.29759      0.29759
     -1.86000      0.20567      0.20567
     -1.85000      1.92867      1.92867
     -1.84000      8.07417      8.07417
     -1.83000     15.38973     15.38973
     -1.82000     16.42906     16.42906
     -1.81000     11.20696     11.20696
     -1.80000      6.75061      6.75061
     -1.79000      8.18790      8.18790
     -1.78000      9.47825      9.47825
     -1.77000      6.41427      6.41427
     -1.76000      6.41500      6.41500
     -1.75000     10.58725     10.58725
     -1.74000      8.45211      8.45211
     -1.73000      2.65672      2.65672
     -1.72000      0.33299      0.33299
     -1.71000      0.32264      0.32264
     -1.70000      2.72840      2.72840
     -1.69000      8.89160      8.89160
     -1.68000     10.66553     10.66553
     -1.67000      4.73973      4.73973
     -1.66000      1.43243      1.43243
     -1.65000      5.44763      5.44763
     -1.64000     17.64871     17.64871
     -1.63000     25.20341     25.20341
     -1.62000     17.89839     17.89839
     -1.61000      7.09361      7.09361
     -1.60000      3.80736      3.80736
     -1.59000      8.79950      8.79950
     -1.58000     11.83122     11.83122
     -1.57000      6.38498      6.38498
     -1.56000      1.36392      1.36392
     -1.55000      0.13317      0.13317
     -1.54000      0.31351      0.31351
     -1.53000      1.99221      1.99221
     -1.52000      5.34599      5.34599
     -1.51000      6.47943      6.47943
     -1.50000      3.62910      3.62910
     -1.49000      0.88433      0.88433
     -1.48000      0.08665      0.08665
     -1.47000      0.00325      0.00325
     -1.46000      0.00005      0.00005
     -1.45000      0.00000      0.00000
     -1.44000      0.00009      0.00009
     -1.43000      0.00496      0.00496
     -1.42000      0.10312      0.10312
     -1.41000      0.80649      0.80649
     -1.40000      2.57314      2.57314
     -1.39000      4.24826      4.24826
     -1.38000      4.56035      4.56035
     -1.37000      2.64610      2.64610
     -1.36000      0.83056      0.83056
     -1.35000      1.40971      1.40971
     -1.34000      3.41684      3.41684
     -1.33000      3.17300      3.17300
     -1.32000      1.08458      1.08458
     -1.31000      0.13659      0.13659
     -1.30000      0.01693      0.01693
     -1.29000      0.19796      0.19796
     -1.28000      1.35575      1.35575
     -1.27000      3.41768      3.41768
     -1.26000      3.16949      3.16949
     -1.25000      1.08131      1.08131
     -1.24000      0.13571      0.13571
     -1.23000      0.00783      0.00783
     -1.22000      0.06897      0.06897
     -1.21000      1.11971      1.11971
     -1.20000      6.83150      6.83150
     -1.19000     16.42927     16.42927
     -1.18000     17.76962     17.76962
     -1.17000     10.35898     10.35898
     -1.16000      3.44051      3.44051
     -1.15000      1.94689      1.94689
     -1.14000      4.20009      4.20009
     -1.13000      7.67154      7.67154
     -1.12000     14.46419     14.46419
     -1.11000     17.29735     17.29735
     -1.10000     10.39660     10.39660
     -1.09000      7.41818      7.41818
     -1.08000      9.02316      9.02316
     -1.07000      7.29982      7.29982
     -1.06000      3.80443      3.80443
     -1.05000      1.60632      1.60632
     -1.04000      2.59147      2.59147
     -1.03000      4.28483      4.28483
     -1.02000      5.35935      5.35935
     -1.01000      7.63363      7.63363
     -1.00000      6.63711      6.63711
     -0.99000      6.99995      6.99995
     -0.98000     13.40126     13.40126
     -0.97000     12.75730     12.75730
     -0.96000      4.72829      4.72829
     -0.95000      0.67556      0.67556
     -0.94000      0.14100      0.14100
     -0.93000      0.92198      0.92198
     -0.92000      2.98615      2.98615
     -0.91000      3.70829      3.70829
     -0.90000      3.13195      3.13195
     -0.89000      6.09536      6.09536
     -0.88000      8.97093      8.97093
     -0.87000      7.11962      7.11962
     -0.86000      3.53386      3.53386
     -0.85000      1.56736      1.56736
     -0.84000      3.80403      3.80403
     -0.83000      7.35701      7.35701
     -0.82000      5.35989      5.35989
     -0.81000      1.43791      1.43791
     -0.80000      0.14528      0.14528
     -0.79000      0.11683      0.11683
     -0.78000      1.44795      1.44795
     -0.77000      7.41726      7.41726
     -0.76000     15.81734     15.81734
     -0.75000     15.83028     15.83028
     -0.74000      9.72008      9.72008
     -0.73000      4.51340      4.51340
     -0.72000      1.23578      1.23578
     -0.71000      0.19015      0.19015
     -0.70000      0.65471      0.65471
     -0.69000      3.58854      3.58854
     -0.68000      7.31289      7.31289
     -0.67000      5.48544      5.48544
     -0.66000      1.57029      1.57029
     -0.65000      0.94299      0.94299
     -0.64000      4.11724      4.11724
     -0.63000      9.12558      9.12558
     -0.62000     13.93781     13.93781
     -0.61000     20.44508     20.44508
     -0.60000     18.05393     18.05393
     -0.59000      7.41091      7.41091
     -0.58000      3.51625      3.51625
     -0.57000     10.39267     10.39267
     -0.56000     18.03293     18.03293
     -0.55000     14.42436     14.42436
     -0.54000     10.51216     10.51216
     -0.53000     15.94608     15.94608
     -0.52000     23.89812     23.89812
     -0.51000     21.97104     21.97104
     -0.50000     13.34402     13.34402
     -0.49000      9.23542      9.23542
     -0.48000      5.28796      5.28796
     -0.47000      1.80028      1.80028
     -0.46000      2.67975      2.67975
     -0.45000      6.28143      6.28143
     -0.44000     10.09333     10.09333
     -0.43000     12.88130     12.88130
     -0.42000     14.32785     14.32785
     -0.41000     13.11049     13.11049
     -0.40000      9.78754      9.78754
     -0.39000      4.48489      4.48489
     -0.38000      1.19667      1.19667
     -0.37000      2.43576      2.43576
     -0.36000      7.35636      7.35636
     -0.35000     10.26533     10.26533
     -0.34000      8.02146      8.02146
     -0.33000      5.42567      5.42567
     -0.32000      2.91489      2.91489
     -0.31000      0.74228      0.74228
     -0.30000      0.07313      0.07313
     -0.29000      0.00339      0.00339
     -0.28000      0.02711      0.02711
     -0.27000      0.37922      0.37922
     -0.26000      1.95398      1.95398
     -0.25000      3.70386      3.70386
     -0.24000      2.58283      2.58283
     -0.23000      0.66259      0.66259
     -0.22000      0.06262      0.06262
     -0.21000      0.00740      0.00740
     -0.20000      0.11911      0.11911
     -0.19000      0.99772      0.99772
     -0.18000      3.07533      3.07533
     -0.17000      3.49540      3.49540
     -0.16000      1.68627      1.68627
     -0.15000      2.65542      2.65542
     -0.14000      9.94582      9.94582
     -0.13000     17.02094     17.02094
     -0.12000     15.09989     15.09989
     -0.11000      8.62790      8.62790
     -0.10000      3.46386      3.46386
     -0.09000      3.20416      3.20416
     -0.08000      3.62502      3.62502
     -0.07000      1.67390      1.67390
     -0.06000      0.28559      0.28559
     -0.05000      0.01793      0.01793
     -0.04000      0.00041      0.00041
     -0.03000      0.00000      0.00000
     -0.02000      0.00000      0.00000
     -0.01000      0.00000      0.00000
      0.00000      0.00000      0.00000
      0.01000      0.00000      0.00000
      0.02000      0.00000      0.00000
      0.03000      0.00000      0.00000
      0.04000      0.00000      0.00000
      0.05000      0.00000      0.00000
      0.06000      0.00000      0.00000
      0.07000      0.00000      0.00000
      0.08000      0.00000      0.00000
      0.09000      0.00000      0.00000
      0.10000      0.00000      0.00000
      0.11000      0.00000      0.00000
      0.12000      0.00000      0.00000
      0.13000      0.00000      0.00000
      0.14000      0.00000      0.00000
      0.15000      0.00000      0.00000
      0.16000      0.00000      0.00000
      0.17000      0.00119      0.00119
      0.18000      0.04000      0.04000
      0.19000      0.49347      0.49347
      0.20000      2.24021      2.24021
      0.21000      3.76165      3.76165
      0.22000      2.71094      2.71094
      0.23000      3.58360      3.58360
      0.24000      8.98685      8.98685
      0.25000     10.26237     10.26237
      0.26000      4.58183      4.58183
      0.27000      0.78557      0.78557
      0.28000      0.05105      0.05105
      0.29000      0.00132      0.00132
      0.30000      0.00573      0.00573
      0.31000      0.15342      0.15342
      0.32000      1.51220      1.51220
      0.33000      5.48319      5.48319
      0.34000      7.31482      7.31482
      0.35000      3.62006      3.62006
      0.36000      1.16381      1.16381
      0.37000      3.24848      3.24848
      0.38000      7.69843      7.69843
      0.39000      8.33519      8.33519
      0.40000      5.63408      5.63408
      0.41000      3.19546      3.19546
      0.42000      3.37042      3.37042
      0.43000      3.67100      3.67100
      0.44000      2.23782      2.23782
      0.45000      2.77373      2.77373
      0.46000      3.73598      3.73598
      0.47000      2.03189      2.03189
      0.48000      0.40818      0.40818
      0.49000      0.03017      0.03017
      0.50000      0.00082      0.00082
      0.51000      0.00000      0.00000
      0.52000      0.00000      0.00000
      0.53000      0.00000      0.00000
      0.54000      0.00000      0.00000
      0.55000      0.00000      0.00000
      0.56000      0.00000      0.00000
      0.57000      0.00000      0.00000
      0.58000      0.00000      0.00000
      0.59000      0.00000      0.00000
      0.60000      0.00000      0.00000
      0.61000      0.00000      0.00000
      0.62000      0.00000      0.00000
      0.63000      0.00000      0.00000
      0.64000      0.00000      0.00000
      0.65000      0.00000      0.00000
      0.66000      0.00000      0.00000
      0.67000      0.00009      0.00009
      0.68000      0.00547      0.00547
      0.69000      0.12303      0.12303
      0.70000      1.01805      1.01805
      0.71000      3.09905      3.09905
      0.72000      3.47052      3.47052
      0.73000      1.42977      1.42977
      0.74000      0.21669      0.21669
      0.75000      0.01208      0.01208
      0.76000      0.00025      0.00025
      0.77000      0.00000      0.00000
      0.78000      0.00000      0.00000
      0.79000      0.00000      0.00000
      0.80000      0.00000      0.00000
      0.81000      0.00000      0.00000
      0.82000      0.00000      0.00000
      0.83000      0.00000      0.00000
      0.84000      0.00012      0.00012
      0.85000      0.00777      0.00777
      0.86000      0.19189      0.19189
      0.87000      1.74342      1.74342
      0.88000      5.82725      5.82725
      0.89000      7.16524      7.16524
      0.90000      3.24119      3.24119
      0.91000      0.53936      0.53936
      0.92000      0.03302      0.03302
      0.93000      0.00074      0.00074
      0.94000      0.00000      0.00000
      0.95000      0.00000      0.00000
      0.96000      0.00000      0.00000
      0.97000      0.00000      0.00000
      0.98000      0.00000      0.00000
      0.99000      0.00000      0.00000
      1.00000      0.00000      0.00000
      1.01000      0.00000      0.00000
      1.02000      0.00000      0.00000
      1.03000      0.00000      0.00000
      1.04000      0.00000      0.00000
      1.05000      0.00000      0.00000
      1.06000      0.00000      0.00000
      1.07000      0.00000      0.00000
      1.08000      0.00000      0.00000
      1.09000      0.00000      0.00000
      1.10000      0.00000      0.00000
      1.11000      0.00000      0.00000
      1.12000      0.00000      0.00000
      1.13000      0.00000      0.00000
      1.14000      0.00000      0.00000
      1.15000      0.00105      0.00105
      1.16000      0.04284      0.04284
      1.17000      0.64596      0.64596
      1.18000      3.58318      3.58318
      1.19000      7.31198      7.31198
      1.20000      5.48918      5.48918
      1.21000      1.51595      1.51595
      1.22000      0.15402      0.15402
      1.23000      0.00576      0.00576
      1.24000      0.00008      0.00008
      1.25000      0.00000      0.00000
      1.26000      0.00020      0.00020
      1.27000      0.01191      0.01191
      1.28000      0.26158      0.26158
      1.29000      2.11422      2.11422
      1.30000      6.28637      6.28637
      1.31000      6.87630      6.87630
      1.32000      2.76704      2.76704
      1.33000      0.40962      0.40962
      1.34000      0.02231      0.02231
      1.35000      0.00045      0.00045
      1.36000      0.00000      0.00000
      1.37000      0.00000      0.00000
      1.38000      0.00000      0.00000
      1.39000      0.00000      0.00000
      1.40000      0.00000      0.00000
      1.41000      0.00000      0.00000
      1.42000      0.00099      0.00099
      1.43000      0.04126      0.04126
      1.44000      0.62945      0.62945
      1.45000      3.53255      3.53255
      1.46000      7.29331      7.29331
      1.47000      5.53944      5.53944
      1.48000      1.54779      1.54779
      1.49000      0.15910      0.15910
      1.50000      0.00602      0.00602
      1.51000      0.00008      0.00008
      1.52000      0.00000      0.00000
      1.53000      0.00000      0.00000
      1.54000      0.00000      0.00000
      1.55000      0.00000      0.00000
      1.56000      0.00000      0.00000
      1.57000      0.00000      0.00000
      1.58000      0.00000      0.00000
      1.59000      0.00000      0.00000
      1.60000      0.00007      0.00007
      1.61000      0.00549      0.00549
      1.62000      0.14864      0.14864
      1.63000      1.48178      1.48178
      1.64000      5.43411      5.43411
      1.65000      7.33127      7.33127
      1.66000      3.64143      3.64143
      1.67000      0.75564      0.75564
      1.68000      1.12232      1.12232
      1.69000      4.68265      4.68265
      1.70000      7.53428      7.53428
      1.71000      5.18416      5.18416
      1.72000      4.93433      4.93433
      1.73000      7.48841      7.48841
      1.74000      5.09137      5.09137
      1.75000      1.28925      1.28925
      1.76000      0.12052      0.12052
      1.77000      0.00416      0.00416
      1.78000      0.00005      0.00005
      1.79000      0.00000      0.00000
      1.80000      0.00000      0.00000
      1.81000      0.00000      0.00000
      1.82000      0.00000      0.00000
      1.83000      0.00000      0.00000
      1.84000      0.00000      0.00000
      1.85000      0.00000      0.00000
      1.86000      0.00000      0.00000
      1.87000      0.00000      0.00000
      1.88000      0.00000      0.00000
      1.89000      0.00000      0.00000
      1.90000      0.00000      0.00000
      1.91000      0.00000      0.00000
      1.92000      0.00000      0.00000
      1.93000      0.00000      0.00000
      1.94000      0.00000      0.00000
      1.95000      0.00000      0.00000
      1.96000      0.00000      0.00000
      1.97000      0.00000      0.00000
      1.98000      0.00000      0.00000
      1.99000      0.00000      0.00000
      2.00000      0.00000      0.00000
      2.01000      0.00000      0.00000
      2.02000      0.00000      0.00000
      2.03000      0.00000      0.00000
      2.04000      0.00077      0.00077
      2.05000      0.02881      0.02881
      2.06000      0.39555      0.39555
      2.07000      1.99816      1.99816
      2.08000      3.71338      3.71338
      2.09000      2.53871      2.53871
      2.10000      0.63850      0.63850
      2.11000      0.05908      0.05908
      2.12000      0.00201      0.00201
      2.13000      0.00003      0.00003
      2.14000      0.00009      0.00009
      2.15000      0.00573      0.00573
      2.16000      0.13883      0.13883
      2.17000      1.29784      1.29784
      2.18000      4.78592      4.78592
      2.19000      7.10493      7.10493
      2.20000      4.27907      4.27907
      2.21000      1.03539      1.03539
      2.22000      0.09854      0.09854
      2.23000      0.00361      0.00361
      2.24000      0.00005      0.00005
      2.25000      0.00000      0.00000
      2.26000      0.00000      0.00000
      2.27000      0.00000      0.00000
      2.28000      0.00000      0.00000
      2.29000      0.00000      0.00000
      2.30000      0.00000      0.00000
      2.31000      0.00000      0.00000
      2.32000      0.00000      0.00000
      2.33000      0.00000      0.00000
      2.34000      0.00000      0.00000
      2.35000      0.00000      0.00000
      2.36000      0.00000      0.00000
      2.37000      0.00000      0.00000
      2.38000      0.00010      0.00010
      2.39000      0.00690      0.00690
      2.40000      0.17587      0.17587
      2.41000      1.64987      1.64987
      2.42000      5.69397      5.69397
      2.43000      7.22922      7.22922
      2.44000      3.38157      3.38157
      2.45000      0.69700      0.69700
      2.46000      1.02275      1.02275
      2.47000      3.06217      3.06217
      2.48000      3.49641      3.49641
      2.49000      1.47445      1.47445
      2.50000      0.37492      0.37492
      2.51000      1.48968      1.48968
      2.52000      5.42620      5.42620
      2.53000      7.33400      7.33400
      2.54000      3.64681      3.64681
      2.55000      0.66738      0.66738
      2.56000      0.06049      0.06049
      2.57000      0.31877      0.31877
      2.58000      2.37927      2.37927
      2.59000      6.55595      6.55595
      2.60000      6.64558      6.64558
      2.61000      2.47820      2.47820
      2.62000      0.33997      0.33997
      2.63000      0.01716      0.01716
      2.64000      0.00032      0.00032
      2.65000      0.00000      0.00000
      2.66000      0.00000      0.00000
      2.67000      0.00000      0.00000
      2.68000      0.00000      0.00000
      2.69000      0.00000      0.00000
      2.70000      0.00000      0.00000
      2.71000      0.00000      0.00000
      2.72000      0.00000      0.00000
      2.73000      0.00000      0.00000
      2.74000      0.00000      0.00000
      2.75000      0.00000      0.00000
      2.76000      0.00000      0.00000
      2.77000      0.00000      0.00000
      2.78000      0.00000      0.00000
      2.79000      0.00000      0.00000
      2.80000      0.00000      0.00000
      2.81000      0.00000      0.00000
      2.82000      0.00000      0.00000
      2.83000      0.00000      0.00000
      2.84000      0.00000      0.00000
      2.85000      0.00000      0.00000
      2.86000      0.00000      0.00000
      2.87000      0.00000      0.00000
      2.88000      0.00000      0.00000
      2.89000      0.00000      0.00000
      2.90000      0.00000      0.00000
      2.91000      0.00000      0.00000
      2.92000      0.00009      0.00009
      2.93000      0.00617      0.00617
      2.94000      0.16206      0.16206
      2.95000      1.56615      1.56615
      2.96000      5.56796      5.56796
      2.97000      7.28224      7.28224
      2.98000      3.50380      3.50380
      2.99000      0.62018      0.62018
      3.00000      0.04038      0.04038
      3.01000      0.00097      0.00097
      3.02000      0.00000      0.00000
      3.03000      0.00000      0.00000
      3.04000      0.00000      0.00000
      3.05000      0.00000      0.00000
      3.06000      0.00000      0.00000
      3.07000      0.00000      0.00000
      3.08000      0.00000      0.00000
      3.09000      0.00000      0.00000
      3.10000      0.00000      0.00000
      3.11000      0.00006      0.00006
      3.12000      0.00436      0.00436
      3.13000      0.12552      0.12552
      3.14000      1.32834      1.32834
      3.15000      5.17137      5.17137
      3.16000      7.40639      7.40639
      3.17000      3.90224      3.90224
      3.18000      0.75636      0.75636
      3.19000      0.05411      0.05411
      3.20000      0.01251      0.01251
      3.21000      0.24862      0.24862
      3.22000      2.04914      2.04914
      3.23000      6.21314      6.21314
      3.24000      6.93035      6.93035
      3.25000      2.84384      2.84384
      3.26000      0.42930      0.42930
      3.27000      0.02384      0.02384
      3.28000      0.00049      0.00049
      3.29000      0.00000      0.00000
      3.30000      0.00000      0.00000
      3.31000      0.00000      0.00000
      3.32000      0.00000      0.00000
      3.33000      0.00000      0.00000
      3.34000      0.00000      0.00000
      3.35000      0.00000      0.00000
      3.36000      0.00000      0.00000
      3.37000      0.00000      0.00000
      3.38000      0.00000      0.00000
      3.39000      0.00000      0.00000
      3.40000      0.00000      0.00000
      3.41000      0.00000      0.00000
      3.42000      0.00000      0.00000
      3.43000      0.00000      0.00000
      3.44000      0.00000      0.00000
      3.45000      0.00011      0.00011
      3.46000      0.00723      0.00723
      3.47000      0.18208      0.18208
      3.48000      1.68657      1.68657
      3.49000      5.74732      5.74732
      3.50000      7.21411      7.21411
      3.51000      3.54475      3.54475
      3.52000      2.47498      2.47498
      3.53000      6.08322      6.08322
      3.54000      7.04136      7.04136
      3.55000      3.01512      3.01512
      3.56000      0.47502      0.47502
      3.57000      0.02753      0.02753
      3.58000      0.00059      0.00059
      3.59000      0.00000      0.00000
      3.60000      0.00000      0.00000
      3.61000      0.00000      0.00000
      3.62000      0.00000      0.00000
      3.63000      0.00000      0.00000
      3.64000      0.00000      0.00000
      3.65000      0.00000      0.00000
      3.66000      0.00000      0.00000
      3.67000      0.00000      0.00000
      3.68000      0.00000      0.00000
      3.69000      0.00000      0.00000
      3.70000      0.00000      0.00000
      3.71000      0.00000      0.00000
      3.72000      0.00000      0.00000
      3.73000      0.00000      0.00000
      3.74000      0.00000      0.00000
      3.75000      0.00000      0.00000
      3.76000      0.00000      0.00000
      3.77000      0.00000      0.00000
      3.78000      0.00000      0.00000
      3.79000      0.00000      0.00000
      3.80000      0.00000      0.00000
      3.81000      0.00000      0.00000
      3.82000      0.00000      0.00000
      3.83000      0.00000      0.00000
      3.84000      0.00000      0.00000
      3.85000      0.00000      0.00000
      3.86000      0.00000      0.00000
      3.87000      0.00000      0.00000
      3.88000      0.00000      0.00000
      3.89000      0.00000      0.00000
      3.90000      0.00000      0.00000
      3.91000      0.00115      0.00115
      3.92000      0.04608      0.04608
      3.93000      0.67918      0.67918
      3.94000      3.68262      3.68262
      3.95000      7.34568      7.34568
      3.96000      5.39030      5.39030
      3.97000      1.45512      1.45512
      3.98000      0.14451      0.14451
      3.99000      0.00528      0.00528
      4.00000      0.00007      0.00007
      4.01000      0.00000      0.00000
      4.02000      0.00000      0.00000
      4.03000      0.00000      0.00000
      4.04000      0.00000      0.00000
