Energy-E_F (eV)    DOS (1/eV)    PDOS (1/eV)  of atom type Ta 
     -4.96858      2.92718      0.00000
     -4.95858      0.71393      0.00000
     -4.94858      0.06604      0.00000
     -4.93858      0.07447      0.00000
     -4.92858      0.97407      0.00000
     -4.91858      4.83477      0.00000
     -4.90858      9.00629      0.00000
     -4.89858      8.07391      0.00000
     -4.88858     10.49527      0.00000
     -4.87858     14.34053      0.00000
     -4.86858      8.34966      0.00000
     -4.85858      1.82477      0.00000
     -4.84858      0.14859      0.00000
     -4.83858      0.01763      0.00000
     -4.82858      0.14824      0.00000
     -4.81858      0.66619      0.00000
     -4.80858      1.28192      0.00000
     -4.79858      1.17826      0.00000
     -4.78858      1.03582      0.00000
     -4.77858      1.91545      0.00000
     -4.76858      2.05325      0.00000
     -4.75858      0.86256      0.00000
     -4.74858      0.44757      0.00000
     -4.73858      1.39998      0.00000
     -4.72858      2.21503      0.00000
     -4.71858      1.29550      0.00000
     -4.70858      0.27876      0.00000
     -4.69858      0.02266      0.00000
     -4.68858      0.02693      0.00000
     -4.67858      0.43511      0.00000
     -4.66858      2.70463      0.00000
     -4.65858      6.55393      0.00000
     -4.64858      7.44494      0.00000
     -4.63858      6.33295      0.00000
     -4.62858      4.88161      0.00000
     -4.61858      3.98451      0.00000
     -4.60858      5.53007      0.00000
     -4.59858      8.72328      0.00000
     -4.58858      9.71998      0.00000
     -4.57858      7.27195      0.00000
     -4.56858      3.25987      0.00000
     -4.55858      2.22742      0.00000
     -4.54858      2.59293      0.00000
     -4.53858      3.77316      0.00000
     -4.52858      6.94339      0.00000
     -4.51858      7.90984      0.00000
     -4.50858      7.12543      0.00000
     -4.49858      5.24490      0.00000
     -4.48858      2.31628      0.00000
     -4.47858      0.50690      0.00000
     -4.46858      0.12489      0.00000
     -4.45858      0.81758      0.00000
     -4.44858      3.19400      0.00000
     -4.43858      5.36291      0.00000
     -4.42858      6.71973      0.00000
     -4.41858      8.43124      0.00000
     -4.40858      6.17786      0.00000
     -4.39858      2.25201      0.00000
     -4.38858      0.98405      0.00000
     -4.37858      1.90228      0.00000
     -4.36858      2.21990      0.00000
     -4.35858      1.85569      0.00000
     -4.34858      2.27896      0.00000
     -4.33858      1.66723      0.00000
     -4.32858      0.58899      0.00000
     -4.31858      0.54774      0.00000
     -4.30858      0.73671      0.00000
     -4.29858      0.43449      0.00000
     -4.28858      0.59146      0.00000
     -4.27858      2.65496      0.00000
     -4.26858      5.86771      0.00000
     -4.25858      7.28124      0.00000
     -4.24858      7.33088      0.00000
     -4.23858      8.19669      0.00000
     -4.22858      8.60439      0.00000
     -4.21858      6.33009      0.00000
     -4.20858      3.81205      0.00000
     -4.19858      4.60855      0.00000
     -4.18858      6.13170      0.00000
     -4.17858      4.69675      0.00000
     -4.16858      2.59647      0.00000
     -4.15858      2.24210      0.00000
     -4.14858      2.12886      0.00000
     -4.13858      0.89719      0.00000
     -4.12858      0.17158      0.00000
     -4.11858      0.35348      0.00000
     -4.10858      1.44063      0.00000
     -4.09858      2.21069      0.00000
     -4.08858      1.25007      0.00000
     -4.07858      0.31419      0.00000
     -4.06858      0.61129      0.00000
     -4.05858      2.52478      0.00000
     -4.04858      4.66308      0.00000
     -4.03858      5.20695      0.00000
     -4.02858      5.35373      0.00000
     -4.01858      4.65717      0.00000
     -4.00858      6.73293      0.00000
     -3.99858     10.43196      0.00000
     -3.98858      7.93986      0.00000
     -3.97858      5.26128      0.00000
     -3.96858      9.89468      0.00000
     -3.95858     15.97580      0.00000
     -3.94858     16.22909      0.00000
     -3.93858     10.48269      0.00000
     -3.92858      4.91203      0.00000
     -3.91858      4.01017      0.00000
     -3.90858      4.49635      0.00000
     -3.89858      2.34553      0.00000
     -3.88858      0.87057      0.00000
     -3.87858      2.76919      0.00000
     -3.86858      7.31841      0.00000
     -3.85858      8.93368      0.00000
     -3.84858      6.58776      0.00000
     -3.83858      4.37963      0.00000
     -3.82858      2.26844      0.00000
     -3.81858      0.61681      0.00000
     -3.80858      0.33614      0.00000
     -3.79858      1.28309      0.00000
     -3.78858      2.25251      0.00000
     -3.77858      1.82262      0.00000
     -3.76858      2.08338      0.00000
     -3.75858      3.70131      0.00000
     -3.74858      5.09091      0.00000
     -3.73858      4.09056      0.00000
     -3.72858      1.41214      0.00000
     -3.71858      0.19737      0.00000
     -3.70858      0.19135      0.00000
     -3.69858      1.07509      0.00000
     -3.68858      2.65289      0.00000
     -3.67858      3.69493      0.00000
     -3.66858      3.91097      0.00000
     -3.65858      3.37682      0.00000
     -3.64858      2.45850      0.00000
     -3.63858      1.06610      0.00000
     -3.62858      0.59145      0.00000
     -3.61858      1.26410      0.00000
     -3.60858      3.24325      0.00000
     -3.59858      6.41369      0.00000
     -3.58858      6.94814      0.00000
     -3.57858      4.46432      0.00000
     -3.56858      3.02905      0.00000
     -3.55858      3.73862      0.00000
     -3.54858      3.54377      0.00000
     -3.53858      1.67904      0.00000
     -3.52858      0.50502      0.00000
     -3.51858      1.10222      0.00000
     -3.50858      2.67837      0.00000
     -3.49858      2.65339      0.00000
     -3.48858      1.51100      0.00000
     -3.47858      1.54403      0.00000
     -3.46858      2.98176      0.00000
     -3.45858      4.47362      0.00000
     -3.44858      3.55757      0.00000
     -3.43858      1.34243      0.00000
     -3.42858      0.21734      0.00000
     -3.41858      0.01394      0.00000
     -3.40858      0.00033      0.00000
     -3.39858      0.00000      0.00000
     -3.38858      0.00000      0.00000
     -3.37858      0.00043      0.00000
     -3.36858      0.01628      0.00000
     -3.35858      0.22694      0.00000
     -3.34858      1.16401      0.00000
     -3.33858      2.19783      0.00000
     -3.32858      1.55621      0.00000
     -3.31858      0.62588      0.00000
     -3.30858      0.69077      0.00000
     -3.29858      0.76014      0.00000
     -3.28858      0.99106      0.00000
     -3.27858      2.01399      0.00000
     -3.26858      1.93177      0.00000
     -3.25858      0.69191      0.00000
     -3.24858      0.09124      0.00000
     -3.23858      0.00443      0.00000
     -3.22858      0.00008      0.00000
     -3.21858      0.00000      0.00000
     -3.20858      0.00014      0.00000
     -3.19858      0.00542      0.00000
     -3.18858      0.07563      0.00000
     -3.17858      0.38795      0.00000
     -3.16858      0.73254      0.00000
     -3.15858      0.53055      0.00000
     -3.14858      0.52528      0.00000
     -3.13858      2.59079      0.00000
     -3.12858      6.19140      0.00000
     -3.11858      5.47360      0.00000
     -3.10858      1.78695      0.00000
     -3.09858      0.33299      0.00000
     -3.08858      1.07838      0.00000
     -3.07858      3.60455      0.00000
     -3.06858      5.22528      0.00000
     -3.05858      5.28613      0.00000
     -3.04858      4.57463      0.00000
     -3.03858      1.98388      0.00000
     -3.02858      0.33339      0.00000
     -3.01858      0.02075      0.00000
     -3.00858      0.00058      0.00000
     -2.99858      0.00533      0.00000
     -2.98858      0.10419      0.00000
     -2.97858      0.74923      0.00000
     -2.96858      1.98197      0.00000
     -2.95858      1.92878      0.00000
     -2.94858      0.69052      0.00000
     -2.93858      0.09120      0.00000
     -2.92858      0.01547      0.00000
     -2.91858      0.17416      0.00000
     -2.90858      1.00749      0.00000
     -2.89858      2.14506      0.00000
     -2.88858      1.68013      0.00000
     -2.87858      0.48412      0.00000
     -2.86858      0.05132      0.00000
     -2.85858      0.00222      0.00000
     -2.84858      0.00974      0.00000
     -2.83858      0.16374      0.00000
     -2.82858      1.07739      0.00000
     -2.81858      3.14711      0.00000
     -2.80858      5.60190      0.00000
     -2.79858      8.17833      0.00000
     -2.78858      8.29365      0.00000
     -2.77858      5.78861      0.00000
     -2.76858      5.83389      0.00000
     -2.75858      7.32630      0.00000
     -2.74858      5.54350      0.00000
     -2.73858      4.49309      0.00000
     -2.72858      7.35731      0.00000
     -2.71858      9.11440      0.00000
     -2.70858     11.18925      0.00000
     -2.69858     14.55545      0.00000
     -2.68858     12.44689      0.00000
     -2.67858      8.82825      0.00000
     -2.66858      7.73326      0.00000
     -2.65858      6.50874      0.00000
     -2.64858      8.32600      0.00000
     -2.63858     13.24301      0.00000
     -2.62858     17.58596      0.00000
     -2.61858     16.09350      0.00000
     -2.60858     12.39764      0.00000
     -2.59858      9.65675      0.00000
     -2.58858      5.35121      0.00000
     -2.57858      3.62029      0.00000
     -2.56858      3.54500      0.00000
     -2.55858      5.20424      0.00000
     -2.54858      8.29343      0.00000
     -2.53858     13.25499      0.00000
     -2.52858     20.16678      0.00000
     -2.51858     19.60859      0.00000
     -2.50858     11.73166      0.00000
     -2.49858      5.26574      0.00000
     -2.48858      3.39492      0.00000
     -2.47858      4.27131      0.00000
     -2.46858      4.55280      0.00000
     -2.45858      4.84864      0.00000
     -2.44858      4.29311      0.00000
     -2.43858      2.72080      0.00000
     -2.42858      2.44451      0.00000
     -2.41858      1.78519      0.00000
     -2.40858      1.62050      0.00000
     -2.39858      4.59350      0.00000
     -2.38858      9.19570      0.00000
     -2.37858      8.76018      0.00000
     -2.36858      3.73041      0.00000
     -2.35858      2.44743      0.00000
     -2.34858      5.47905      0.00000
     -2.33858      8.24459      0.00000
     -2.32858      8.74018      0.00000
     -2.31858      6.89729      0.00000
     -2.30858      3.35451      0.00000
     -2.29858      2.65689      0.00000
     -2.28858      4.40074      0.00000
     -2.27858      3.84205      0.00000
     -2.26858      3.88826      0.00000
     -2.25858      7.46300      0.00000
     -2.24858      9.71755      0.00000
     -2.23858      6.69982      0.00000
     -2.22858      2.24746      0.00000
     -2.21858      1.31528      0.00000
     -2.20858      2.32777      0.00000
     -2.19858      3.26795      0.00000
     -2.18858      7.23844      0.00000
     -2.17858     10.92233      0.00000
     -2.16858      7.32748      0.00000
     -2.15858      4.75450      0.00000
     -2.14858      5.91195      0.00000
     -2.13858      4.09270      0.00000
     -2.12858      1.78222      0.00000
     -2.11858      2.09261      0.00000
     -2.10858      2.14166      0.00000
     -2.09858      1.50374      0.00000
     -2.08858      2.20597      0.00000
     -2.07858      4.56773      0.00000
     -2.06858      6.43359      0.00000
     -2.05858      5.96236      0.00000
     -2.04858      5.23819      0.00000
     -2.03858      3.41151      0.00000
     -2.02858      2.16858      0.00000
     -2.01858      4.72132      0.00000
     -2.00858      6.49342      0.00000
     -1.99858      3.44411      0.00000
     -1.98858      0.77148      0.00000
     -1.97858      1.14019      0.00000
     -1.96858      5.21233      0.00000
     -1.95858      9.86243      0.00000
     -1.94858      9.75376      0.00000
     -1.93858      9.29228      0.00000
     -1.92858      8.71768      0.00000
     -1.91858      5.32328      0.00000
     -1.90858      3.05511      0.00000
     -1.89858      3.12296      0.00000
     -1.88858      4.22823      0.00000
     -1.87858      5.58898      0.00000
     -1.86858      5.69935      0.00000
     -1.85858      5.82743      0.00000
     -1.84858      3.62128      0.00000
     -1.83858      0.91279      0.00000
     -1.82858      0.09220      0.00000
     -1.81858      0.16240      0.00000
     -1.80858      1.51228      0.00000
     -1.79858      5.53925      0.00000
     -1.78858      8.75259      0.00000
     -1.77858      7.89453      0.00000
     -1.76858      6.69350      0.00000
     -1.75858      7.10171      0.00000
     -1.74858      5.28575      0.00000
     -1.73858      2.59663      0.00000
     -1.72858      2.74990      0.00000
     -1.71858      4.24210      0.00000
     -1.70858      7.12298      0.00000
     -1.69858     15.06498      0.00000
     -1.68858     18.55115      0.00000
     -1.67858     10.65828      0.00000
     -1.66858      4.34212      0.00000
     -1.65858      2.63386      0.00000
     -1.64858      4.23698      0.00000
     -1.63858     11.17377      0.00000
     -1.62858     17.20949      0.00000
     -1.61858     16.39417      0.00000
     -1.60858     10.38621      0.00000
     -1.59858      4.44802      0.00000
     -1.58858      2.66212      0.00000
     -1.57858      1.73278      0.00000
     -1.56858      0.95971      0.00000
     -1.55858      2.27523      0.00000
     -1.54858      4.31117      0.00000
     -1.53858      4.83168      0.00000
     -1.52858      6.60110      0.00000
     -1.51858      9.12497      0.00000
     -1.50858     10.97936      0.00000
     -1.49858     15.88241      0.00000
     -1.48858     17.22880      0.00000
     -1.47858     10.46604      0.00000
     -1.46858      5.86401      0.00000
     -1.45858      5.42830      0.00000
     -1.44858      6.34062      0.00000
     -1.43858      9.22373      0.00000
     -1.42858     11.13656      0.00000
     -1.41858      9.32786      0.00000
     -1.40858      6.46463      0.00000
     -1.39858      8.31732      0.00000
     -1.38858      9.52416      0.00000
     -1.37858      6.33845      0.00000
     -1.36858      4.16690      0.00000
     -1.35858      6.73123      0.00000
     -1.34858     13.69533      0.00000
     -1.33858     16.75720      0.00000
     -1.32858     11.61950      0.00000
     -1.31858      6.16231      0.00000
     -1.30858      5.26396      0.00000
     -1.29858      6.99228      0.00000
     -1.28858      8.86943      0.00000
     -1.27858     10.35210      0.00000
     -1.26858     11.05956      0.00000
     -1.25858      7.94311      0.00000
     -1.24858      3.53693      0.00000
     -1.23858      2.67642      0.00000
     -1.22858      2.89904      0.00000
     -1.21858      3.92406      0.00000
     -1.20858      3.94001      0.00000
     -1.19858      2.06559      0.00000
     -1.18858      2.02130      0.00000
     -1.17858      4.07815      0.00000
     -1.16858      3.93358      0.00000
     -1.15858      3.00895      0.00000
     -1.14858      5.27838      0.00000
     -1.13858      7.59130      0.00000
     -1.12858      8.50655      0.00000
     -1.11858      9.24633      0.00000
     -1.10858      9.56371      0.00000
     -1.09858      9.85201      0.00000
     -1.08858      6.78281      0.00000
     -1.07858      2.49282      0.00000
     -1.06858      1.71221      0.00000
     -1.05858      2.63576      0.00000
     -1.04858      2.51125      0.00000
     -1.03858      1.64058      0.00000
     -1.02858      0.60857      0.00000
     -1.01858      0.09729      0.00000
     -1.00858      0.00714      0.00000
     -0.99858      0.03914      0.00000
     -0.98858      0.51300      0.00000
     -0.97858      2.48257      0.00000
     -0.96858      4.42041      0.00000
     -0.95858      2.92502      0.00000
     -0.94858      1.15755      0.00000
     -0.93858      2.85485      0.00000
     -0.92858      7.68099      0.00000
     -0.91858     11.51589      0.00000
     -0.90858     11.37478      0.00000
     -0.89858      7.53287      0.00000
     -0.88858      2.83898      0.00000
     -0.87858      1.50605      0.00000
     -0.86858      2.67126      0.00000
     -0.85858      4.01255      0.00000
     -0.84858      4.87522      0.00000
     -0.83858      3.41275      0.00000
     -0.82858      2.97715      0.00000
     -0.81858      5.48107      0.00000
     -0.80858      6.81625      0.00000
     -0.79858      5.41357      0.00000
     -0.78858      3.28097      0.00000
     -0.77858      2.51903      0.00000
     -0.76858      1.37085      0.00000
     -0.75858      0.36488      0.00000
     -0.74858      0.56952      0.00000
     -0.73858      1.77627      0.00000
     -0.72858      2.32466      0.00000
     -0.71858      2.53372      0.00000
     -0.70858      4.77574      0.00000
     -0.69858      5.73185      0.00000
     -0.68858      3.45348      0.00000
     -0.67858      1.58144      0.00000
     -0.66858      2.05451      0.00000
     -0.65858      3.02782      0.00000
     -0.64858      5.27973      0.00000
     -0.63858      9.29381      0.00000
     -0.62858      9.32767      0.00000
     -0.61858      5.63938      0.00000
     -0.60858      3.31292      0.00000
     -0.59858      3.21529      0.00000
     -0.58858      5.81944      0.00000
     -0.57858      6.68519      0.00000
     -0.56858      4.95718      0.00000
     -0.55858      8.48248      0.00000
     -0.54858     11.79546      0.00000
     -0.53858      7.86949      0.00000
     -0.52858      4.01463      0.00000
     -0.51858      1.63261      0.00000
     -0.50858      0.31697      0.00000
     -0.49858      0.05941      0.00000
     -0.48858      0.48168      0.00000
     -0.47858      2.40045      0.00000
     -0.46858      4.40712      0.00000
     -0.45858      2.97662      0.00000
     -0.44858      0.73960      0.00000
     -0.43858      0.06760      0.00000
     -0.42858      0.00227      0.00000
     -0.41858      0.00003      0.00000
     -0.40858      0.00000      0.00000
     -0.39858      0.00000      0.00000
     -0.38858      0.00000      0.00000
     -0.37858      0.00000      0.00000
     -0.36858      0.00000      0.00000
     -0.35858      0.00000      0.00000
     -0.34858      0.00000      0.00000
     -0.33858      0.00059      0.00000
     -0.32858      0.02068      0.00000
     -0.31858      0.26685      0.00000
     -0.30858      1.26853      0.00000
     -0.29858      2.25807      0.00000
     -0.28858      1.86949      0.00000
     -0.27858      1.96024      0.00000
     -0.26858      2.19662      0.00000
     -0.25858      1.06966      0.00000
     -0.24858      0.31163      0.00000
     -0.23858      1.15647      0.00000
     -0.22858      4.49293      0.00000
     -0.21858      8.18717      0.00000
     -0.20858      7.53856      0.00000
     -0.19858      3.39746      0.00000
     -0.18858      1.11019      0.00000
     -0.17858      0.77554      0.00000
     -0.16858      0.49677      0.00000
     -0.15858      0.89728      0.00000
     -0.14858      2.04752      0.00000
     -0.13858      1.85579      0.00000
     -0.12858      0.62016      0.00000
     -0.11858      0.07625      0.00000
     -0.10858      0.00345      0.00000
     -0.09858      0.00006      0.00000
     -0.08858      0.00000      0.00000
     -0.07858      0.00000      0.00000
     -0.06858      0.00033      0.00000
     -0.05858      0.01320      0.00000
     -0.04858      0.19667      0.00000
     -0.03858      1.07882      0.00000
     -0.02858      2.20943      0.00000
     -0.01858      2.00899      0.00000
     -0.00858      2.05388      0.00000
      0.00142      2.87885      0.00000
      0.01142      3.03429      0.00000
      0.02142      2.25603      0.00000
      0.03142      0.96438      0.00000
      0.04142      1.24112      0.00000
      0.05142      3.41300      0.00000
      0.06142      4.08943      0.00000
      0.07142      1.94729      0.00000
      0.08142      0.36483      0.00000
      0.09142      0.02729      0.00000
      0.10142      0.02816      0.00000
      0.11142      0.36179      0.00000
      0.12142      1.87800      0.00000
      0.13142      3.95647      0.00000
      0.14142      3.45300      0.00000
      0.15142      1.24325      0.00000
      0.16142      0.17999      0.00000
      0.17142      0.01016      0.00000
      0.18142      0.00021      0.00000
      0.19142      0.00000      0.00000
      0.20142      0.00000      0.00000
      0.21142      0.00002      0.00000
      0.22142      0.00216      0.00000
      0.23142      0.07210      0.00000
      0.24142      0.88451      0.00000
      0.25142      3.99550      0.00000
      0.26142      6.64566      0.00000
      0.27142      4.07019      0.00000
      0.28142      0.91793      0.00000
      0.29142      0.07688      0.00000
      0.30142      0.02463      0.00000
      0.31142      0.28080      0.00000
      0.32142      1.30541      0.00000
      0.33142      2.31969      0.00000
      0.34142      2.13923      0.00000
      0.35142      2.30342      0.00000
      0.36142      1.95457      0.00000
      0.37142      0.68994      0.00000
      0.38142      0.09064      0.00000
      0.39142      0.00439      0.00000
      0.40142      0.00008      0.00000
      0.41142      0.00000      0.00000
      0.42142      0.00000      0.00000
      0.43142      0.00000      0.00000
      0.44142      0.00000      0.00000
      0.45142      0.00000      0.00000
      0.46142      0.00000      0.00000
      0.47142      0.00000      0.00000
      0.48142      0.00002      0.00000
      0.49142      0.00156      0.00000
      0.50142      0.04279      0.00000
      0.51142      0.43126      0.00000
      0.52142      1.60795      0.00000
      0.53142      2.35240      0.00000
      0.54142      2.15713      0.00000
      0.55142      3.02005      0.00000
      0.56142      4.54120      0.00000
      0.57142      4.90973      0.00000
      0.58142      2.58150      0.00000
      0.59142      0.53421      0.00000
      0.60142      0.04121      0.00000
      0.61142      0.00119      0.00000
      0.62142      0.00161      0.00000
      0.63142      0.04382      0.00000
      0.64142      0.43762      0.00000
      0.65142      1.60783      0.00000
      0.66142      2.17752      0.00000
      0.67142      1.21101      0.00000
      0.68142      1.61086      0.00000
      0.69142      5.75148      0.00000
      0.70142      8.75177      0.00000
      0.71142      5.01884      0.00000
      0.72142      1.13782      0.00000
      0.73142      0.42431      0.00000
      0.74142      0.71823      0.00000
      0.75142      0.55916      0.00000
      0.76142      0.18080      0.00000
      0.77142      0.38517      0.00000
      0.78142      2.49159      0.00000
      0.79142      6.55097      0.00000
      0.80142      7.94119      0.00000
      0.81142      6.29776      0.00000
      0.82142      3.26128      0.00000
      0.83142      0.80929      0.00000
      0.84142      0.44924      0.00000
      0.85142      1.50638      0.00000
      0.86142      2.20076      0.00000
      0.87142      1.19144      0.00000
      0.88142      0.38667      0.00000
      0.89142      1.25543      0.00000
      0.90142      3.70956      0.00000
      0.91142      4.08803      0.00000
      0.92142      1.69491      0.00000
      0.93142      0.77502      0.00000
      0.94142      2.87645      0.00000
      0.95142      6.63781      0.00000
      0.96142      7.42756      0.00000
      0.97142      5.20291      0.00000
      0.98142      5.75712      0.00000
      0.99142      6.82045      0.00000
      1.00142      4.47731      0.00000
      1.01142      3.17283      0.00000
      1.02142      2.28796      0.00000
      1.03142      0.91185      0.00000
      1.04142      0.35465      0.00000
      1.05142      1.06484      0.00000
      1.06142      2.30752      0.00000
      1.07142      2.85589      0.00000
      1.08142      4.13962      0.00000
      1.09142      4.15587      0.00000
      1.10142      1.68941      0.00000
      1.11142      0.25614      0.00000
      1.12142      0.05346      0.00000
      1.13142      0.51628      0.00000
      1.14142      2.50700      0.00000
      1.15142      4.66526      0.00000
      1.16142      4.09985      0.00000
      1.17142      2.89977      0.00000
      1.18142      1.53840      0.00000
      1.19142      0.36588      0.00000
      1.20142      0.03306      0.00000
      1.21142      0.00456      0.00000
      1.22142      0.07652      0.00000
      1.23142      0.62148      0.00000
      1.24142      1.85713      0.00000
      1.25142      2.04162      0.00000
      1.26142      0.82925      0.00000
      1.27142      0.22807      0.00000
      1.28142      1.13993      0.00000
      1.29142      4.50102      0.00000
      1.30142      6.59448      0.00000
      1.31142      3.56456      0.00000
      1.32142      0.71091      0.00000
      1.33142      0.05232      0.00000
      1.34142      0.00256      0.00000
      1.35142      0.04036      0.00000
      1.36142      0.52618      0.00000
      1.37142      2.55652      0.00000
      1.38142      5.05283      0.00000
      1.39142      6.28420      0.00000
      1.40142      8.00987      0.00000
      1.41142      6.87739      0.00000
      1.42142      3.24464      0.00000
      1.43142      1.43024      0.00000
      1.44142      2.01655      0.00000
      1.45142      2.28758      0.00000
      1.46142      2.74365      0.00000
      1.47142      5.69372      0.00000
      1.48142      7.56744      0.00000
      1.49142      6.14322      0.00000
      1.50142      6.28065      0.00000
      1.51142     11.54173      0.00000
      1.52142     17.51045      0.00000
      1.53142     14.73789      0.00000
      1.54142      7.28029      0.00000
      1.55142      5.08859      0.00000
      1.56142      3.61802      0.00000
      1.57142      1.11161      0.00000
      1.58142      0.12747      0.00000
      1.59142      0.00538      0.00000
      1.60142      0.00008      0.00000
      1.61142      0.00000      0.00000
      1.62142      0.00000      0.00000
      1.63142      0.00000      0.00000
      1.64142      0.00000      0.00000
      1.65142      0.00000      0.00000
      1.66142      0.00058      0.00000
      1.67142      0.02405      0.00000
      1.68142      0.36873      0.00000
      1.69142      2.08011      0.00000
      1.70142      4.31688      0.00000
      1.71142      3.29577      0.00000
      1.72142      0.92566      0.00000
      1.73142      0.09564      0.00000
      1.74142      0.00364      0.00000
      1.75142      0.00005      0.00000
      1.76142      0.00058      0.00000
      1.77142      0.02035      0.00000
      1.78142      0.26398      0.00000
      1.79142      1.26044      0.00000
      1.80142      2.23671      0.00000
      1.81142      1.82845      0.00000
      1.82142      2.87194      0.00000
      1.83142      6.70775      0.00000
      1.84142      8.07974      0.00000
      1.85142      6.19308      0.00000
      1.86142      6.39370      0.00000
      1.87142      8.32949      0.00000
      1.88142      9.41024      0.00000
      1.89142      6.12822      0.00000
      1.90142      2.81064      0.00000
      1.91142      2.36805      0.00000
      1.92142      1.43980      0.00000
      1.93142      0.68012      0.00000
      1.94142      1.51672      0.00000
      1.95142      2.64864      0.00000
      1.96142      3.54863      0.00000
      1.97142      5.65721      0.00000
      1.98142      5.79023      0.00000
      1.99142      3.50674      0.00000
      2.00142      2.93945      0.00000
      2.01142      3.73407      0.00000
      2.02142      5.06934      0.00000
      2.03142      5.80515      0.00000
      2.04142      8.23561      0.00000
      2.05142      8.52211      0.00000
      2.06142      4.67610      0.00000
      2.07142      2.89508      0.00000
      2.08142      2.41876      0.00000
      2.09142      2.58531      0.00000
      2.10142      2.78584      0.00000
      2.11142      3.55766      0.00000
      2.12142      4.62611      0.00000
      2.13142      5.67552      0.00000
      2.14142      8.95659      0.00000
      2.15142      9.78758      0.00000
      2.16142      5.19687      0.00000
      2.17142      3.10010      0.00000
      2.18142      4.41418      0.00000
      2.19142      3.23641      0.00000
      2.20142      0.88672      0.00000
      2.21142      0.08943      0.00000
      2.22142      0.00332      0.00000
      2.23142      0.00061      0.00000
      2.24142      0.02613      0.00000
      2.25142      0.47428      0.00000
      2.26142      3.50751      0.00000
      2.27142     10.89962      0.00000
      2.28142     14.39001      0.00000
      2.29142      8.48401      0.00000
      2.30142      4.47286      0.00000
      2.31142      5.68187      0.00000
      2.32142      6.10732      0.00000
      2.33142      4.30132      0.00000
      2.34142      2.19386      0.00000
      2.35142      1.34222      0.00000
      2.36142      3.78716      0.00000
      2.37142      6.62039      0.00000
      2.38142      4.39353      0.00000
      2.39142      1.80025      0.00000
      2.40142      4.18557      0.00000
      2.41142      8.70440      0.00000
      2.42142      7.37689      0.00000
      2.43142      2.81450      0.00000
      2.44142      2.06223      0.00000
      2.45142      5.81582      0.00000
      2.46142      8.33204      0.00000
      2.47142      5.27484      0.00000
      2.48142      2.62872      0.00000
      2.49142      2.34327      0.00000
      2.50142      1.30488      0.00000
      2.51142      0.28079      0.00000
      2.52142      0.03404      0.00000
      2.53142      0.22733      0.00000
      2.54142      1.65984      0.00000
