Energy-E_F (eV)    DOS (1/eV)    PDOS (1/eV)  of atom type W  
     -4.86374      1.46403      0.00000
     -4.85374      2.47857      0.00000
     -4.84374      5.23061      0.00000
     -4.83374      6.59060      0.00000
     -4.82374      6.21899      0.00000
     -4.81374      4.67404      0.00000
     -4.80374      1.85762      0.00000
     -4.79374      0.93593      0.00000
     -4.78374      3.68471      0.00000
     -4.77374      8.07917      0.00000
     -4.76374      7.03086      0.00000
     -4.75374      2.40411      0.00000
     -4.74374      0.32134      0.00000
     -4.73374      0.06977      0.00000
     -4.72374      0.49757      0.00000
     -4.71374      1.69958      0.00000
     -4.70374      2.14903      0.00000
     -4.69374      1.22998      0.00000
     -4.68374      2.01985      0.00000
     -4.67374      6.47439      0.00000
     -4.66374     12.81629      0.00000
     -4.65374     17.24021      0.00000
     -4.64374     17.01976      0.00000
     -4.63374     13.34697      0.00000
     -4.62374      9.17419      0.00000
     -4.61374      5.30706      0.00000
     -4.60374      5.33680      0.00000
     -4.59374      6.70680      0.00000
     -4.58374      3.78926      0.00000
     -4.57374      1.62864      0.00000
     -4.56374      2.86413      0.00000
     -4.55374      4.07124      0.00000
     -4.54374      3.58461      0.00000
     -4.53374      4.17429      0.00000
     -4.52374      4.34330      0.00000
     -4.51374      2.13605      0.00000
     -4.50374      1.44226      0.00000
     -4.49374      2.20603      0.00000
     -4.48374      1.58135      0.00000
     -4.47374      0.56298      0.00000
     -4.46374      0.60708      0.00000
     -4.45374      1.02713      0.00000
     -4.44374      1.70623      0.00000
     -4.43374      2.28177      0.00000
     -4.42374      1.38475      0.00000
     -4.41374      0.73623      0.00000
     -4.40374      1.63986      0.00000
     -4.39374      2.29208      0.00000
     -4.38374      2.24092      0.00000
     -4.37374      4.54651      0.00000
     -4.36374      6.41400      0.00000
     -4.35374      4.13188      0.00000
     -4.34374      2.45109      0.00000
     -4.33374      2.26797      0.00000
     -4.32374      1.18574      0.00000
     -4.31374      0.80931      0.00000
     -4.30374      1.90440      0.00000
     -4.29374      2.71127      0.00000
     -4.28374      3.69160      0.00000
     -4.27374      5.04887      0.00000
     -4.26374      3.50507      0.00000
     -4.25374      1.61974      0.00000
     -4.24374      2.52345      0.00000
     -4.23374      3.92336      0.00000
     -4.22374      3.22125      0.00000
     -4.21374      2.63965      0.00000
     -4.20374      3.64073      0.00000
     -4.19374      2.88381      0.00000
     -4.18374      1.21182      0.00000
     -4.17374      0.82147      0.00000
     -4.16374      0.55812      0.00000
     -4.15374      0.15699      0.00000
     -4.14374      0.01641      0.00000
     -4.13374      0.00354      0.00000
     -4.12374      0.06814      0.00000
     -4.11374      0.59472      0.00000
     -4.10374      1.99897      0.00000
     -4.09374      2.91203      0.00000
     -4.08374      2.80469      0.00000
     -4.07374      2.65556      0.00000
     -4.06374      1.52870      0.00000
     -4.05374      0.36354      0.00000
     -4.04374      0.03256      0.00000
     -4.03374      0.00108      0.00000
     -4.02374      0.00001      0.00000
     -4.01374      0.00000      0.00000
     -4.00374      0.00000      0.00000
     -3.99374      0.00000      0.00000
     -3.98374      0.00014      0.00000
     -3.97374      0.00521      0.00000
     -3.96374      0.07361      0.00000
     -3.95374      0.38376      0.00000
     -3.94374      0.77064      0.00000
     -3.93374      0.93035      0.00000
     -3.92374      1.82226      0.00000
     -3.91374      3.30071      0.00000
     -3.90374      4.66998      0.00000
     -3.89374      4.40894      0.00000
     -3.88374      1.84215      0.00000
     -3.87374      0.29313      0.00000
     -3.86374      0.01725      0.00000
     -3.85374      0.00037      0.00000
     -3.84374      0.00000      0.00000
     -3.83374      0.00016      0.00000
     -3.82374      0.00913      0.00000
     -3.81374      0.18693      0.00000
     -3.80374      1.41750      0.00000
     -3.79374      4.14215      0.00000
     -3.78374      5.66663      0.00000
     -3.77374      5.60753      0.00000
     -3.76374      3.84984      0.00000
     -3.75374      1.19440      0.00000
     -3.74374      0.14168      0.00000
     -3.73374      0.00884      0.00000
     -3.72374      0.06259      0.00000
     -3.71374      0.54978      0.00000
     -3.70374      1.81560      0.00000
     -3.69374      2.55797      0.00000
     -3.68374      2.58797      0.00000
     -3.67374      2.68361      0.00000
     -3.66374      2.79006      0.00000
     -3.65374      3.77924      0.00000
     -3.64374      4.41530      0.00000
     -3.63374      4.97690      0.00000
     -3.62374      4.63648      0.00000
     -3.61374      2.22485      0.00000
     -3.60374      1.41423      0.00000
     -3.59374      3.62165      0.00000
     -3.58374      7.00828      0.00000
     -3.57374      8.73111      0.00000
     -3.56374      6.69615      0.00000
     -3.55374      5.76966      0.00000
     -3.54374      7.87071      0.00000
     -3.53374      7.24404      0.00000
     -3.52374      5.25726      0.00000
     -3.51374      6.83134      0.00000
     -3.50374     10.54156      0.00000
     -3.49374     11.34458      0.00000
     -3.48374      9.37391      0.00000
     -3.47374      7.38201      0.00000
     -3.46374      5.19968      0.00000
     -3.45374      4.08598      0.00000
     -3.44374      5.89464      0.00000
     -3.43374      9.56628      0.00000
     -3.42374     13.67220      0.00000
     -3.41374     15.13545      0.00000
     -3.40374     13.42666      0.00000
     -3.39374     10.27072      0.00000
     -3.38374      8.60635      0.00000
     -3.37374      9.25532      0.00000
     -3.36374     10.28830      0.00000
     -3.35374     11.66386      0.00000
     -3.34374     10.17504      0.00000
     -3.33374      5.87723      0.00000
     -3.32374      6.32829      0.00000
     -3.31374     11.61226      0.00000
     -3.30374     13.23755      0.00000
     -3.29374      9.62509      0.00000
     -3.28374      9.11557      0.00000
     -3.27374      8.34540      0.00000
     -3.26374      4.97685      0.00000
     -3.25374      2.47424      0.00000
     -3.24374      2.45099      0.00000
     -3.23374      6.73736      0.00000
     -3.22374     10.22364      0.00000
     -3.21374      7.77084      0.00000
     -3.20374      5.76243      0.00000
     -3.19374      5.91572      0.00000
     -3.18374      3.41692      0.00000
     -3.17374      1.26525      0.00000
     -3.16374      2.98657      0.00000
     -3.15374      7.25815      0.00000
     -3.14374      8.08047      0.00000
     -3.13374      4.42742      0.00000
     -3.12374      1.77631      0.00000
     -3.11374      1.56768      0.00000
     -3.10374      3.20283      0.00000
     -3.09374      6.09763      0.00000
     -3.08374      8.27860      0.00000
     -3.07374      9.38118      0.00000
     -3.06374      9.76494      0.00000
     -3.05374      5.65235      0.00000
     -3.04374      1.62726      0.00000
     -3.03374      1.72829      0.00000
     -3.02374      3.64341      0.00000
     -3.01374      4.08541      0.00000
     -3.00374      3.99776      0.00000
     -2.99374      4.81648      0.00000
     -2.98374      3.81821      0.00000
     -2.97374      3.14030      0.00000
     -2.96374      4.41402      0.00000
     -2.95374      6.56930      0.00000
     -2.94374      5.74905      0.00000
     -2.93374      3.04736      0.00000
     -2.92374      4.51390      0.00000
     -2.91374      6.85603      0.00000
     -2.90374      4.94537      0.00000
     -2.89374      4.09530      0.00000
     -2.88374      6.36709      0.00000
     -2.87374      8.48338      0.00000
     -2.86374      7.83595      0.00000
     -2.85374      3.61358      0.00000
     -2.84374      0.98328      0.00000
     -2.83374      1.37867      0.00000
     -2.82374      2.70499      0.00000
     -2.81374      3.10151      0.00000
     -2.80374      2.86448      0.00000
     -2.79374      1.93395      0.00000
     -2.78374      0.67440      0.00000
     -2.77374      0.70263      0.00000
     -2.76374      1.87607      0.00000
     -2.75374      2.10055      0.00000
     -2.74374      1.28970      0.00000
     -2.73374      1.94507      0.00000
     -2.72374      4.11099      0.00000
     -2.71374      4.56532      0.00000
     -2.70374      3.77333      0.00000
     -2.69374      7.69336      0.00000
     -2.68374     13.21159      0.00000
     -2.67374     12.00155      0.00000
     -2.66374      7.81371      0.00000
     -2.65374      5.07413      0.00000
     -2.64374      2.00569      0.00000
     -2.63374      0.35816      0.00000
     -2.62374      0.48434      0.00000
     -2.61374      2.55276      0.00000
     -2.60374      5.51430      0.00000
     -2.59374      5.98025      0.00000
     -2.58374      6.28772      0.00000
     -2.57374      7.03614      0.00000
     -2.56374      5.31457      0.00000
     -2.55374      3.64000      0.00000
     -2.54374      4.75394      0.00000
     -2.53374      5.24496      0.00000
     -2.52374      4.12607      0.00000
     -2.51374      2.18071      0.00000
     -2.50374      0.64498      0.00000
     -2.49374      0.86712      0.00000
     -2.48374      2.23220      0.00000
     -2.47374      2.51954      0.00000
     -2.46374      1.32661      0.00000
     -2.45374      0.35983      0.00000
     -2.44374      0.29353      0.00000
     -2.43374      2.10590      0.00000
     -2.42374      6.84255      0.00000
     -2.41374      8.91328      0.00000
     -2.40374      5.06332      0.00000
     -2.39374      3.44321      0.00000
     -2.38374      8.07330      0.00000
     -2.37374     11.49323      0.00000
     -2.36374      8.54339      0.00000
     -2.35374      5.50457      0.00000
     -2.34374      4.36046      0.00000
     -2.33374      3.20402      0.00000
     -2.32374      2.53420      0.00000
     -2.31374      2.80900      0.00000
     -2.30374      4.39585      0.00000
     -2.29374      9.83083      0.00000
     -2.28374     13.93215      0.00000
     -2.27374     10.37840      0.00000
     -2.26374      6.93774      0.00000
     -2.25374     13.21619      0.00000
     -2.24374     17.67058      0.00000
     -2.23374     11.02912      0.00000
     -2.22374      5.01473      0.00000
     -2.21374      5.35820      0.00000
     -2.20374      9.39810      0.00000
     -2.19374     10.74319      0.00000
     -2.18374      8.42847      0.00000
     -2.17374      8.24655      0.00000
     -2.16374      9.76757      0.00000
     -2.15374      7.79831      0.00000
     -2.14374      4.22684      0.00000
     -2.13374      2.21807      0.00000
     -2.12374      3.03191      0.00000
     -2.11374      5.44284      0.00000
     -2.10374      8.94327      0.00000
     -2.09374     17.13174      0.00000
     -2.08374     19.61627      0.00000
     -2.07374     11.80349      0.00000
     -2.06374      5.23483      0.00000
     -2.05374      4.34917      0.00000
     -2.04374      6.16546      0.00000
     -2.03374      5.01261      0.00000
     -2.02374      3.04229      0.00000
     -2.01374      5.58992      0.00000
     -2.00374      8.56836      0.00000
     -1.99374      5.42862      0.00000
     -1.98374      1.38866      0.00000
     -1.97374      0.63920      0.00000
     -1.96374      3.06080      0.00000
     -1.95374      8.44933      0.00000
     -1.94374     12.79183      0.00000
     -1.93374     13.00168      0.00000
     -1.92374     11.04747      0.00000
     -1.91374      8.03271      0.00000
     -1.90374      4.59692      0.00000
     -1.89374      3.40683      0.00000
     -1.88374      6.19192      0.00000
     -1.87374      7.02810      0.00000
     -1.86374      3.99764      0.00000
     -1.85374      2.70166      0.00000
     -1.84374      2.38091      0.00000
     -1.83374      3.44728      0.00000
     -1.82374      5.51904      0.00000
     -1.81374      5.67222      0.00000
     -1.80374      4.55606      0.00000
     -1.79374      2.56678      0.00000
     -1.78374      2.35406      0.00000
     -1.77374      4.43078      0.00000
     -1.76374      5.02847      0.00000
     -1.75374      5.75005      0.00000
     -1.74374      8.09968      0.00000
     -1.73374     11.17506      0.00000
     -1.72374     12.23079      0.00000
     -1.71374      8.87628      0.00000
     -1.70374      5.29175      0.00000
     -1.69374      5.67715      0.00000
     -1.68374      6.96841      0.00000
     -1.67374      5.84346      0.00000
     -1.66374      3.75845      0.00000
     -1.65374      2.47780      0.00000
     -1.64374      1.04413      0.00000
     -1.63374      0.48861      0.00000
     -1.62374      1.40366      0.00000
     -1.61374      2.38419      0.00000
     -1.60374      2.33735      0.00000
     -1.59374      3.00278      0.00000
     -1.58374      4.67204      0.00000
     -1.57374      7.15754      0.00000
     -1.56374      8.08800      0.00000
     -1.55374      6.04990      0.00000
     -1.54374      3.14910      0.00000
     -1.53374      1.45461      0.00000
     -1.52374      1.02365      0.00000
     -1.51374      2.04134      0.00000
     -1.50374      3.96328      0.00000
     -1.49374      4.84201      0.00000
     -1.48374      3.95798      0.00000
     -1.47374      2.82856      0.00000
     -1.46374      3.04003      0.00000
     -1.45374      2.70344      0.00000
     -1.44374      3.02711      0.00000
     -1.43374      4.48234      0.00000
     -1.42374      3.09941      0.00000
     -1.41374      0.80377      0.00000
     -1.40374      0.07679      0.00000
     -1.39374      0.00270      0.00000
     -1.38374      0.00054      0.00000
     -1.37374      0.01849      0.00000
     -1.36374      0.24748      0.00000
     -1.35374      1.21898      0.00000
     -1.34374      2.22825      0.00000
     -1.33374      1.74556      0.00000
     -1.32374      1.64779      0.00000
     -1.31374      2.24686      0.00000
     -1.30374      1.40224      0.00000
     -1.29374      0.32826      0.00000
     -1.28374      0.08285      0.00000
     -1.27374      0.55912      0.00000
     -1.26374      2.41825      0.00000
     -1.25374      5.08954      0.00000
     -1.24374      5.40658      0.00000
     -1.23374      2.59726      0.00000
     -1.22374      0.50192      0.00000
     -1.21374      0.03705      0.00000
     -1.20374      0.01360      0.00000
     -1.19374      0.25501      0.00000
     -1.18374      2.00515      0.00000
     -1.17374      6.33111      0.00000
     -1.16374      8.44524      0.00000
     -1.15374      5.66137      0.00000
     -1.14374      3.17817      0.00000
     -1.13374      1.51471      0.00000
     -1.12374      0.34334      0.00000
     -1.11374      0.03030      0.00000
     -1.10374      0.01770      0.00000
     -1.09374      0.23131      0.00000
     -1.08374      1.17578      0.00000
     -1.07374      2.19883      0.00000
     -1.06374      1.51326      0.00000
     -1.05374      0.40577      0.00000
     -1.04374      0.39237      0.00000
     -1.03374      2.04441      0.00000
     -1.02374      4.32243      0.00000
     -1.01374      3.51527      0.00000
     -1.00374      1.53895      0.00000
     -0.99374      0.80289      0.00000
     -0.98374      0.37521      0.00000
     -0.97374      0.61157      0.00000
     -0.96374      1.84257      0.00000
     -0.95374      2.73655      0.00000
     -0.94374      3.68965      0.00000
     -0.93374      4.57246      0.00000
     -0.92374      2.59679      0.00000
     -0.91374      0.55662      0.00000
     -0.90374      0.04401      0.00000
     -0.89374      0.00128      0.00000
     -0.88374      0.00072      0.00000
     -0.87374      0.02404      0.00000
     -0.86374      0.29532      0.00000
     -0.85374      1.33866      0.00000
     -0.84374      2.33662      0.00000
     -0.83374      2.42555      0.00000
     -0.82374      3.80884      0.00000
     -0.81374      4.24423      0.00000
     -0.80374      1.86950      0.00000
     -0.79374      0.30451      0.00000
     -0.78374      0.01825      0.00000
     -0.77374      0.00040      0.00000
     -0.76374      0.00000      0.00000
     -0.75374      0.00000      0.00000
     -0.74374      0.00000      0.00000
     -0.73374      0.00012      0.00000
     -0.72374      0.00599      0.00000
     -0.71374      0.11326      0.00000
     -0.70374      0.78729      0.00000
     -0.69374      2.01682      0.00000
     -0.68374      1.97701      0.00000
     -0.67374      1.31115      0.00000
     -0.66374      1.97759      0.00000
     -0.65374      2.01620      0.00000
     -0.64374      0.78651      0.00000
     -0.63374      0.11307      0.00000
     -0.62374      0.00635      0.00000
     -0.61374      0.01466      0.00000
     -0.60374      0.21158      0.00000
     -0.59374      1.16133      0.00000
     -0.58374      2.63702      0.00000
     -0.57374      3.34504      0.00000
     -0.56374      3.53264      0.00000
     -0.55374      3.22786      0.00000
     -0.54374      1.95346      0.00000
     -0.53374      0.83578      0.00000
     -0.52374      1.91537      0.00000
     -0.51374      4.48424      0.00000
     -0.50374      5.39793      0.00000
     -0.49374      6.79070      0.00000
     -0.48374      8.18749      0.00000
     -0.47374      4.95655      0.00000
     -0.46374      1.22647      0.00000
     -0.45374      0.11729      0.00000
     -0.44374      0.00425      0.00000
     -0.43374      0.00006      0.00000
     -0.42374      0.00000      0.00000
     -0.41374      0.00000      0.00000
     -0.40374      0.00000      0.00000
     -0.39374      0.00000      0.00000
     -0.38374      0.00000      0.00000
     -0.37374      0.00000      0.00000
     -0.36374      0.00000      0.00000
     -0.35374      0.00000      0.00000
     -0.34374      0.00000      0.00000
     -0.33374      0.00000      0.00000
     -0.32374      0.00000      0.00000
     -0.31374      0.00000      0.00000
     -0.30374      0.00000      0.00000
     -0.29374      0.00000      0.00000
     -0.28374      0.00000      0.00000
     -0.27374      0.00029      0.00000
     -0.26374      0.01210      0.00000
     -0.25374      0.18519      0.00000
     -0.24374      1.04262      0.00000
     -0.23374      2.15943      0.00000
     -0.22374      1.64535      0.00000
     -0.21374      0.46119      0.00000
     -0.20374      0.04756      0.00000
     -0.19374      0.00180      0.00000
     -0.18374      0.00003      0.00000
     -0.17374      0.00000      0.00000
     -0.16374      0.00012      0.00000
     -0.15374      0.00719      0.00000
     -0.14374      0.16077      0.00000
     -0.13374      1.35866      0.00000
     -0.12374      4.47366      0.00000
     -0.11374      6.05777      0.00000
     -0.10374      3.68385      0.00000
     -0.09374      1.72966      0.00000
     -0.08374      2.12284      0.00000
     -0.07374      1.89638      0.00000
     -0.06374      0.71341      0.00000
     -0.05374      0.43803      0.00000
     -0.04374      0.77372      0.00000
     -0.03374      1.02914      0.00000
     -0.02374      2.30693      0.00000
     -0.01374      5.58168      0.00000
     -0.00374      9.41187      0.00000
      0.00626      8.65130      0.00000
      0.01626      5.99645      0.00000
      0.02626      4.46537      0.00000
      0.03626      1.80468      0.00000
      0.04626      0.29630      0.00000
      0.05626      0.21402      0.00000
      0.06626      1.08146      0.00000
      0.07626      2.19849      0.00000
      0.08626      1.91509      0.00000
      0.09626      1.79808      0.00000
      0.10626      2.26123      0.00000
      0.11626      1.36544      0.00000
      0.12626      0.68568      0.00000
      0.13626      1.71778      0.00000
      0.14626      3.24315      0.00000
      0.15626      3.34094      0.00000
      0.16626      1.93293      0.00000
      0.17626      1.12345      0.00000
      0.18626      2.83584      0.00000
      0.19626      4.43147      0.00000
      0.20626      2.58931      0.00000
      0.21626      0.55679      0.00000
      0.22626      0.04409      0.00000
      0.23626      0.00431      0.00000
      0.24626      0.07678      0.00000
      0.25626      0.75001      0.00000
      0.26626      3.04270      0.00000
      0.27626      5.83681      0.00000
      0.28626      5.69544      0.00000
      0.29626      2.61209      0.00000
      0.30626      0.82705      0.00000
      0.31626      2.46240      0.00000
      0.32626      7.30556      0.00000
      0.33626     10.86931      0.00000
      0.34626      9.99661      0.00000
      0.35626      5.87287      0.00000
      0.36626      1.79894      0.00000
      0.37626      0.24391      0.00000
      0.38626      0.01474      0.00000
      0.39626      0.04301      0.00000
      0.40626      0.56370      0.00000
      0.41626      2.90717      0.00000
      0.42626      6.46712      0.00000
      0.43626      7.12684      0.00000
      0.44626      3.99899      0.00000
      0.45626      1.01074      0.00000
      0.46626      0.15068      0.00000
      0.47626      0.47390      0.00000
      0.48626      1.65899      0.00000
      0.49626      2.15405      0.00000
      0.50626      1.03102      0.00000
      0.51626      0.23415      0.00000
      0.52626      0.50800      0.00000
      0.53626      1.70361      0.00000
      0.54626      2.24394      0.00000
      0.55626      1.75020      0.00000
      0.56626      2.16009      0.00000
      0.57626      1.92883      0.00000
      0.58626      0.68004      0.00000
      0.59626      0.09261      0.00000
      0.60626      0.10692      0.00000
      0.61626      0.96851      0.00000
      0.62626      3.36092      0.00000
      0.63626      4.30733      0.00000
      0.64626      2.31282      0.00000
      0.65626      2.28300      0.00000
      0.66626      4.98678      0.00000
      0.67626      5.59321      0.00000
      0.68626      3.61968      0.00000
      0.69626      3.52557      0.00000
      0.70626      4.84121      0.00000
      0.71626      4.06130      0.00000
      0.72626      2.81137      0.00000
      0.73626      1.38832      0.00000
      0.74626      0.72341      0.00000
      0.75626      2.31917      0.00000
      0.76626      4.59520      0.00000
      0.77626      4.25110      0.00000
      0.78626      3.44996      0.00000
      0.79626      4.21542      0.00000
      0.80626      6.45793      0.00000
      0.81626      6.89761      0.00000
      0.82626      5.90734      0.00000
      0.83626      4.22604      0.00000
      0.84626      1.63432      0.00000
      0.85626      1.64575      0.00000
      0.86626      5.04476      0.00000
      0.87626      7.07714      0.00000
      0.88626      5.03083      0.00000
      0.89626      2.57486      0.00000
      0.90626      1.08876      0.00000
      0.91626      1.92883      0.00000
      0.92626      4.22370      0.00000
      0.93626      3.94030      0.00000
      0.94626      3.24925      0.00000
      0.95626      4.46987      0.00000
      0.96626      3.32720      0.00000
      0.97626      1.79625      0.00000
      0.98626      3.71063      0.00000
      0.99626      5.92295      0.00000
      1.00626      4.35518      0.00000
      1.01626      1.51645      0.00000
      1.02626      0.23738      0.00000
      1.03626      0.01524      0.00000
      1.04626      0.00037      0.00000
      1.05626      0.00000      0.00000
      1.06626      0.00000      0.00000
      1.07626      0.00000      0.00000
      1.08626      0.00000      0.00000
      1.09626      0.00012      0.00000
      1.10626      0.00710      0.00000
      1.11626      0.16372      0.00000
      1.12626      1.53578      0.00000
      1.13626      6.17757      0.00000
      1.14626     11.58048      0.00000
      1.15626     12.47368      0.00000
      1.16626     12.03191      0.00000
      1.17626     10.45613      0.00000
      1.18626      5.26826      0.00000
      1.19626      1.27326      0.00000
      1.20626      0.13746      0.00000
      1.21626      0.03309      0.00000
      1.22626      0.46589      0.00000
      1.23626      3.13072      0.00000
      1.24626      8.69596      0.00000
      1.25626     11.12492      0.00000
      1.26626      7.29140      0.00000
      1.27626      2.85754      0.00000
      1.28626      2.08275      0.00000
      1.29626      2.13808      0.00000
      1.30626      1.17966      0.00000
      1.31626      1.82280      0.00000
      1.32626      4.10799      0.00000
      1.33626      3.73673      0.00000
      1.34626      1.84179      0.00000
      1.35626      3.47184      0.00000
      1.36626      6.78217      0.00000
      1.37626      6.19349      0.00000
      1.38626      4.92407      0.00000
      1.39626      4.97800      0.00000
      1.40626      5.39915      0.00000
      1.41626      5.42542      0.00000
      1.42626      4.15101      0.00000
      1.43626      3.66878      0.00000
      1.44626      5.59079      0.00000
      1.45626      8.40243      0.00000
      1.46626      9.47641      0.00000
      1.47626      6.50749      0.00000
      1.48626      2.03604      0.00000
      1.49626      0.25451      0.00000
      1.50626      0.01219      0.00000
      1.51626      0.00033      0.00000
      1.52626      0.00650      0.00000
      1.53626      0.14747      0.00000
      1.54626      1.25591      0.00000
      1.55626      4.27341      0.00000
      1.56626      6.96536      0.00000
      1.57626      7.59091      0.00000
      1.58626      7.57618      0.00000
      1.59626      7.64650      0.00000
      1.60626      7.63319      0.00000
      1.61626      7.00430      0.00000
      1.62626      6.68546      0.00000
      1.63626      8.72654      0.00000
      1.64626      8.35731      0.00000
      1.65626      4.57080      0.00000
      1.66626      2.78029      0.00000
      1.67626      1.64824      0.00000
      1.68626      0.65137      0.00000
      1.69626      1.74157      0.00000
      1.70626      5.41270      0.00000
      1.71626      7.77836      0.00000
      1.72626      5.37912      0.00000
      1.73626      2.33996      0.00000
      1.74626      2.34670      0.00000
      1.75626      2.59676      0.00000
      1.76626      1.42018      0.00000
      1.77626      0.40249      0.00000
      1.78626      0.24804      0.00000
      1.79626      0.73781      0.00000
      1.80626      1.55219      0.00000
      1.81626      2.35700      0.00000
      1.82626      1.86877      0.00000
      1.83626      0.59609      0.00000
      1.84626      0.11909      0.00000
      1.85626      0.71717      0.00000
      1.86626      4.11479      0.00000
      1.87626      9.76153      0.00000
      1.88626     10.82236      0.00000
      1.89626      7.41765      0.00000
      1.90626      5.60796      0.00000
      1.91626      4.34026      0.00000
      1.92626      2.85857      0.00000
      1.93626      6.22640      0.00000
      1.94626     13.69751      0.00000
      1.95626     17.26272      0.00000
      1.96626     12.34813      0.00000
      1.97626      6.15948      0.00000
      1.98626      5.31525      0.00000
      1.99626      5.20222      0.00000
      2.00626      3.79797      0.00000
      2.01626      4.18209      0.00000
      2.02626      4.08226      0.00000
      2.03626      2.29863      0.00000
      2.04626      2.10449      0.00000
      2.05626      2.25092      0.00000
      2.06626      2.14649      0.00000
      2.07626      4.08420      0.00000
      2.08626      5.01212      0.00000
      2.09626      3.79125      0.00000
      2.10626      3.82389      0.00000
      2.11626      4.11310      0.00000
      2.12626      3.04571      0.00000
      2.13626      2.90035      0.00000
      2.14626      5.81891      0.00000
      2.15626      6.57517      0.00000
      2.16626      4.50182      0.00000
      2.17626      3.43664      0.00000
      2.18626      2.31075      0.00000
      2.19626      2.71579      0.00000
      2.20626      6.64420      0.00000
      2.21626     11.08378      0.00000
      2.22626      9.70152      0.00000
      2.23626      4.96708      0.00000
      2.24626      3.50612      0.00000
      2.25626      3.80307      0.00000
      2.26626      4.05007      0.00000
      2.27626      5.92242      0.00000
      2.28626      6.39248      0.00000
      2.29626      3.12240      0.00000
      2.30626      1.68286      0.00000
      2.31626      2.90548      0.00000
      2.32626      3.64360      0.00000
      2.33626      4.50988      0.00000
      2.34626      4.19919      0.00000
      2.35626      1.67358      0.00000
      2.36626      0.25320      0.00000
      2.37626      0.09763      0.00000
      2.38626      0.85094      0.00000
      2.39626      3.17917      0.00000
      2.40626      4.46958      0.00000
      2.41626      3.32862      0.00000
      2.42626      5.32951      0.00000
      2.43626      9.55550      0.00000
      2.44626      8.29215      0.00000
      2.45626      3.22143      0.00000
      2.46626      0.65083      0.00000
      2.47626      1.00344      0.00000
      2.48626      3.74790      0.00000
      2.49626      6.82823      0.00000
      2.50626      5.96856      0.00000
      2.51626      3.14051      0.00000
      2.52626      2.67481      0.00000
      2.53626      3.10192      0.00000
      2.54626      2.88446      0.00000
      2.55626      1.93518      0.00000
      2.56626      2.88059      0.00000
      2.57626      9.47369      0.00000
      2.58626     17.44824      0.00000
      2.59626     15.25925      0.00000
      2.60626      5.92682      0.00000
      2.61626      1.30507      0.00000
      2.62626      2.17111      0.00000
      2.63626      4.69932      0.00000
      2.64626      4.08806      0.00000
      2.65626      1.60051      0.00000
      2.66626      1.14760      0.00000
      2.67626      2.26348      0.00000
      2.68626      3.04760      0.00000
      2.69626      5.45133      0.00000
      2.70626      9.87087      0.00000
      2.71626     11.86181      0.00000
      2.72626      8.36295      0.00000
      2.73626      4.52358      0.00000
      2.74626      4.74930      0.00000
      2.75626      4.41107      0.00000
      2.76626      4.21128      0.00000
      2.77626      5.62999      0.00000
      2.78626      5.63915      0.00000
      2.79626      5.28027      0.00000
      2.80626      8.02390      0.00000
      2.81626     10.91274      0.00000
      2.82626     11.08570      0.00000
      2.83626      9.67149      0.00000
      2.84626      4.98433      0.00000
      2.85626      1.34270      0.00000
      2.86626      1.51093      0.00000
      2.87626      4.05403      0.00000
      2.88626      7.22477      0.00000
      2.89626      7.24187      0.00000
      2.90626      3.43233      0.00000
      2.91626      1.96263      0.00000
      2.92626      3.92287      0.00000
      2.93626      5.13461      0.00000
      2.94626      8.40200      0.00000
      2.95626     17.49534      0.00000
      2.96626     22.81182      0.00000
      2.97626     22.57546      0.00000
      2.98626     19.68956      0.00000
      2.99626     14.15821      0.00000
      3.00626     14.36905      0.00000
      3.01626     18.81458      0.00000
      3.02626     14.17187      0.00000
      3.03626      6.82860      0.00000
      3.04626      4.82865      0.00000
      3.05626      6.51036      0.00000
      3.06626      7.84296      0.00000
      3.07626      6.59971      0.00000
      3.08626      7.91088      0.00000
      3.09626     13.01053      0.00000
      3.10626     13.15490      0.00000
      3.11626     10.25674      0.00000
      3.12626      9.04770      0.00000
      3.13626      9.72057      0.00000
      3.14626      9.22678      0.00000
      3.15626      9.23282      0.00000
      3.16626     11.44976      0.00000
      3.17626      9.75016      0.00000
      3.18626      5.86910      0.00000
      3.19626      5.11801      0.00000
      3.20626      4.45002      0.00000
      3.21626      5.47396      0.00000
      3.22626      6.21363      0.00000
      3.23626      3.73253      0.00000
      3.24626      2.83628      0.00000
      3.25626      4.11903      0.00000
      3.26626      3.70531      0.00000
      3.27626      3.84811      0.00000
      3.28626      6.67125      0.00000
      3.29626      7.07897      0.00000
      3.30626      6.01691      0.00000
      3.31626      5.24971      0.00000
      3.32626      5.16114      0.00000
      3.33626      5.00621      0.00000
      3.34626      5.27763      0.00000
      3.35626      6.45171      0.00000
      3.36626      4.89043      0.00000
      3.37626      4.81193      0.00000
      3.38626      8.03783      0.00000
      3.39626      7.28331      0.00000
      3.40626      4.00277      0.00000
      3.41626      4.37249      0.00000
      3.42626      4.65389      0.00000
      3.43626      2.23512      0.00000
      3.44626      0.44459      0.00000
      3.45626      0.07943      0.00000
      3.46626      0.44243      0.00000
      3.47626      1.61387      0.00000
      3.48626      2.17094      0.00000
      3.49626      1.07432      0.00000
      3.50626      0.19634      0.00000
      3.51626      0.04277      0.00000
      3.52626      0.42685      0.00000
      3.53626      2.26568      0.00000
      3.54626      4.54762      0.00000
      3.55626      4.00222      0.00000
      3.56626      2.98177      0.00000
      3.57626      2.65351      0.00000
      3.58626      1.32373      0.00000
      3.59626      0.26624      0.00000
      3.60626      0.02020      0.00000
      3.61626      0.00057      0.00000
      3.62626      0.00000      0.00000
      3.63626      0.00000      0.00000
      3.64626      0.00000      0.00000
      3.65626      0.00000      0.00000
      3.66626      0.00001      0.00000
      3.67626      0.00078      0.00000
      3.68626      0.02546      0.00000
      3.69626      0.30668      0.00000
      3.70626      1.35954      0.00000
      3.71626      2.23096      0.00000
      3.72626      1.59210      0.00000
      3.73626      2.03253      0.00000
      3.74626      4.53417      0.00000
      3.75626      6.08797      0.00000
      3.76626      8.46130      0.00000
      3.77626     12.91277      0.00000
      3.78626     13.18405      0.00000
      3.79626      6.73993      0.00000
      3.80626      1.78782      0.00000
      3.81626      1.47319      0.00000
      3.82626      2.60483      0.00000
      3.83626      2.58853      0.00000
      3.84626      2.52156      0.00000
      3.85626      2.35588      0.00000
      3.86626      1.15507      0.00000
      3.87626      0.83230      0.00000
      3.88626      1.89196      0.00000
      3.89626      2.02906      0.00000
      3.90626      0.89238      0.00000
      3.91626      0.80385      0.00000
      3.92626      1.93164      0.00000
      3.93626      1.99092      0.00000
      3.94626      0.88442      0.00000
      3.95626      1.23616      0.00000
      3.96626      3.58750      0.00000
      3.97626      4.17347      0.00000
      3.98626      1.78872      0.00000
      3.99626      0.28206      0.00000
      4.00626      0.01901      0.00000
      4.01626      0.08387      0.00000
      4.02626      1.01448      0.00000
      4.03626      4.97423      0.00000
      4.04626     10.60586      0.00000
      4.05626     10.57522      0.00000
      4.06626      4.98275      0.00000
      4.07626      1.31262      0.00000
      4.08626      1.39833      0.00000
      4.09626      2.21859      0.00000
      4.10626      1.37795      0.00000
      4.11626      0.31528      0.00000
      4.12626      0.02893      0.00000
      4.13626      0.07646      0.00000
      4.14626      0.89081      0.00000
      4.15626      3.93635      0.00000
      4.16626      6.55440      0.00000
      4.17626      4.12825      0.00000
      4.18626      0.98622      0.00000
      4.19626      0.08945      0.00000
      4.20626      0.00308      0.00000
      4.21626      0.00034      0.00000
      4.22626      0.01500      0.00000
      4.23626      0.26601      0.00000
      4.24626      1.74940      0.00000
      4.25626      4.41649      0.00000
      4.26626      4.94433      0.00000
      4.27626      3.39529      0.00000
      4.28626      1.52668      0.00000
      4.29626      0.32519      0.00000
      4.30626      0.02711      0.00000
      4.31626      0.00084      0.00000
      4.32626      0.00001      0.00000
