Energy-E_F (eV)    DOS (1/eV)    PDOS (1/eV)  of atom type Tl 
     -4.99000      0.00000      0.00000
     -4.98000      0.00020      0.00000
     -4.97000      0.00800      0.00000
     -4.96000      0.11637      0.00000
     -4.95000      0.62303      0.00000
     -4.94000      1.22720      0.00000
     -4.93000      0.89312      0.00000
     -4.92000      0.32412      0.00000
     -4.91000      0.72755      0.00000
     -4.90000      2.09582      0.00000
     -4.89000      2.29247      0.00000
     -4.88000      0.92285      0.00000
     -4.87000      0.13670      0.00000
     -4.86000      0.00972      0.00000
     -4.85000      0.05830      0.00000
     -4.84000      0.54764      0.00000
     -4.83000      1.91307      0.00000
     -4.82000      2.69303      0.00000
     -4.81000      2.70191      0.00000
     -4.80000      3.64876      0.00000
     -4.79000      3.46161      0.00000
     -4.78000      3.10296      0.00000
     -4.77000      3.55713      0.00000
     -4.76000      2.56505      0.00000
     -4.75000      1.69324      0.00000
     -4.74000      2.40986      0.00000
     -4.73000      2.31346      0.00000
     -4.72000      1.87759      0.00000
     -4.71000      2.54115      0.00000
     -4.70000      2.19991      0.00000
     -4.69000      2.27471      0.00000
     -4.68000      3.93518      0.00000
     -4.67000      4.04615      0.00000
     -4.66000      2.02397      0.00000
     -4.65000      0.78056      0.00000
     -4.64000      1.58547      0.00000
     -4.63000      2.50322      0.00000
     -4.62000      1.61621      0.00000
     -4.61000      1.18493      0.00000
     -4.60000      2.57291      0.00000
     -4.59000      4.41087      0.00000
     -4.58000      4.61629      0.00000
     -4.57000      2.70104      0.00000
     -4.56000      1.89099      0.00000
     -4.55000      2.57938      0.00000
     -4.54000      2.21799      0.00000
     -4.53000      2.27749      0.00000
     -4.52000      2.47033      0.00000
     -4.51000      1.17716      0.00000
     -4.50000      0.21115      0.00000
     -4.49000      0.06430      0.00000
     -4.48000      0.50100      0.00000
     -4.47000      1.82231      0.00000
     -4.46000      2.44207      0.00000
     -4.45000      1.25648      0.00000
     -4.44000      0.74334      0.00000
     -4.43000      1.87597      0.00000
     -4.42000      2.43068      0.00000
     -4.41000      1.28344      0.00000
     -4.40000      1.30551      0.00000
     -4.39000      3.94081      0.00000
     -4.38000      5.75409      0.00000
     -4.37000      3.67934      0.00000
     -4.36000      1.72461      0.00000
     -4.35000      3.24315      0.00000
     -4.34000      5.17301      0.00000
     -4.33000      4.41255      0.00000
     -4.32000      5.30198      0.00000
     -4.31000      7.46426      0.00000
     -4.30000      5.71685      0.00000
     -4.29000      2.13992      0.00000
     -4.28000      1.25694      0.00000
     -4.27000      3.47437      0.00000
     -4.26000      5.69526      0.00000
     -4.25000      5.07684      0.00000
     -4.24000      2.65959      0.00000
     -4.23000      0.74915      0.00000
     -4.22000      0.36874      0.00000
     -4.21000      1.46368      0.00000
     -4.20000      3.07359      0.00000
     -4.19000      2.89003      0.00000
     -4.18000      1.34621      0.00000
     -4.17000      0.51002      0.00000
     -4.16000      1.39614      0.00000
     -4.15000      3.37896      0.00000
     -4.14000      3.60205      0.00000
     -4.13000      2.89091      0.00000
     -4.12000      2.62992      0.00000
     -4.11000      1.49516      0.00000
     -4.10000      1.70033      0.00000
     -4.09000      3.97209      0.00000
     -4.08000      4.53620      0.00000
     -4.07000      2.91791      0.00000
     -4.06000      2.69604      0.00000
     -4.05000      2.70926      0.00000
     -4.04000      2.68878      0.00000
     -4.03000      3.06933      0.00000
     -4.02000      3.05429      0.00000
     -4.01000      2.60571      0.00000
     -4.00000      1.17216      0.00000
     -3.99000      0.54531      0.00000
     -3.98000      1.06225      0.00000
     -3.97000      1.14435      0.00000
     -3.96000      0.45887      0.00000
     -3.95000      0.08208      0.00000
     -3.94000      0.20340      0.00000
     -3.93000      1.15496      0.00000
     -3.92000      3.11983      0.00000
     -3.91000      4.55503      0.00000
     -3.90000      4.17373      0.00000
     -3.89000      2.79772      0.00000
     -3.88000      2.36885      0.00000
     -3.87000      2.61427      0.00000
     -3.86000      2.90482      0.00000
     -3.85000      2.72306      0.00000
     -3.84000      1.43950      0.00000
     -3.83000      1.30255      0.00000
     -3.82000      2.39975      0.00000
     -3.81000      1.95131      0.00000
     -3.80000      0.58731      0.00000
     -3.79000      0.06504      0.00000
     -3.78000      0.00266      0.00000
     -3.77000      0.00118      0.00000
     -3.76000      0.03733      0.00000
     -3.75000      0.46828      0.00000
     -3.74000      2.30682      0.00000
     -3.73000      4.57724      0.00000
     -3.72000      3.71368      0.00000
     -3.71000      1.22596      0.00000
     -3.70000      0.16116      0.00000
     -3.69000      0.00822      0.00000
     -3.68000      0.00015      0.00000
     -3.67000      0.00000      0.00000
     -3.66000      0.00000      0.00000
     -3.65000      0.00000      0.00000
     -3.64000      0.00000      0.00000
     -3.63000      0.00002      0.00000
     -3.62000      0.00166      0.00000
     -3.61000      0.04613      0.00000
     -3.60000      0.47187      0.00000
     -3.59000      1.78152      0.00000
     -3.58000      2.56998      0.00000
     -3.57000      1.97125      0.00000
     -3.56000      2.11779      0.00000
     -3.55000      2.18095      0.00000
     -3.54000      1.17759      0.00000
     -3.53000      0.88017      0.00000
     -3.52000      2.04292      0.00000
     -3.51000      2.35622      0.00000
     -3.50000      1.16027      0.00000
     -3.49000      0.98724      0.00000
     -3.48000      2.03379      0.00000
     -3.47000      2.95941      0.00000
     -3.46000      2.47072      0.00000
     -3.45000      1.38304      0.00000
     -3.44000      2.26852      0.00000
     -3.43000      5.00398      0.00000
     -3.42000      6.88095      0.00000
     -3.41000      5.09485      0.00000
     -3.40000      1.83910      0.00000
     -3.39000      0.29919      0.00000
     -3.38000      0.02954      0.00000
     -3.37000      0.15758      0.00000
     -3.36000      1.00025      0.00000
     -3.35000      2.34394      0.00000
     -3.34000      2.02067      0.00000
     -3.33000      0.64084      0.00000
     -3.32000      0.07477      0.00000
     -3.31000      0.00321      0.00000
     -3.30000      0.00038      0.00000
     -3.29000      0.01360      0.00000
     -3.28000      0.20824      0.00000
     -3.27000      1.17286      0.00000
     -3.26000      2.44006      0.00000
     -3.25000      2.05511      0.00000
     -3.24000      2.02236      0.00000
     -3.23000      4.63163      0.00000
     -3.22000      6.32313      0.00000
     -3.21000      4.37673      0.00000
     -3.20000      1.56128      0.00000
     -3.19000      0.73433      0.00000
     -3.18000      1.83840      0.00000
     -3.17000      2.43971      0.00000
     -3.16000      1.20017      0.00000
     -3.15000      0.21723      0.00000
     -3.14000      0.01446      0.00000
     -3.13000      0.00035      0.00000
     -3.12000      0.00000      0.00000
     -3.11000      0.00000      0.00000
     -3.10000      0.00006      0.00000
     -3.09000      0.00306      0.00000
     -3.08000      0.05952      0.00000
     -3.07000      0.42834      0.00000
     -3.06000      1.18013      0.00000
     -3.05000      1.51816      0.00000
     -3.04000      1.51243      0.00000
     -3.03000      1.12887      0.00000
     -3.02000      0.52967      0.00000
     -3.01000      1.19809      0.00000
     -3.00000      3.23332      0.00000
     -2.99000      3.58108      0.00000
     -2.98000      2.59523      0.00000
     -2.97000      3.29200      0.00000
     -2.96000      3.39098      0.00000
     -2.95000      2.53387      0.00000
     -2.94000      2.66075      0.00000
     -2.93000      1.84484      0.00000
     -2.92000      0.50620      0.00000
     -2.91000      0.05143      0.00000
     -2.90000      0.00220      0.00000
     -2.89000      0.01211      0.00000
     -2.88000      0.19357      0.00000
     -2.87000      1.17320      0.00000
     -2.86000      2.92751      0.00000
     -2.85000      3.75835      0.00000
     -2.84000      3.00849      0.00000
     -2.83000      1.55386      0.00000
     -2.82000      1.69208      0.00000
     -2.81000      2.50653      0.00000
     -2.80000      1.54682      0.00000
     -2.79000      0.44040      0.00000
     -2.78000      0.74720      0.00000
     -2.77000      2.17415      0.00000
     -2.76000      2.87893      0.00000
     -2.75000      2.87282      0.00000
     -2.74000      2.52436      0.00000
     -2.73000      1.28491      0.00000
     -2.72000      1.73261      0.00000
     -2.71000      5.00119      0.00000
     -2.70000      7.55330      0.00000
     -2.69000      5.47092      0.00000
     -2.68000      1.88451      0.00000
     -2.67000      0.91214      0.00000
     -2.66000      2.05696      0.00000
     -2.65000      2.34968      0.00000
     -2.64000      1.18767      0.00000
     -2.63000      0.99106      0.00000
     -2.62000      1.24877      0.00000
     -2.61000      0.70306      0.00000
     -2.60000      0.42719      0.00000
     -2.59000      1.12690      0.00000
     -2.58000      1.94145      0.00000
     -2.57000      1.85970      0.00000
     -2.56000      1.41675      0.00000
     -2.55000      2.07908      0.00000
     -2.54000      2.46297      0.00000
     -2.53000      1.44588      0.00000
     -2.52000      1.19969      0.00000
     -2.51000      1.18749      0.00000
     -2.50000      0.50571      0.00000
     -2.49000      0.07997      0.00000
     -2.48000      0.00473      0.00000
     -2.47000      0.00490      0.00000
     -2.46000      0.11184      0.00000
     -2.45000      0.95903      0.00000
     -2.44000      3.02726      0.00000
     -2.43000      3.52253      0.00000
     -2.42000      1.61263      0.00000
     -2.41000      1.04148      0.00000
     -2.40000      2.21036      0.00000
     -2.39000      2.23045      0.00000
     -2.38000      1.23195      0.00000
     -2.37000      2.66782      0.00000
     -2.36000      5.84908      0.00000
     -2.35000      4.98935      0.00000
     -2.34000      1.59301      0.00000
     -2.33000      0.20716      0.00000
     -2.32000      0.28435      0.00000
     -2.31000      1.64123      0.00000
     -2.30000      3.59225      0.00000
     -2.29000      2.89342      0.00000
     -2.28000      0.85757      0.00000
     -2.27000      0.09367      0.00000
     -2.26000      0.00986      0.00000
     -2.25000      0.09674      0.00000
     -2.24000      0.56407      0.00000
     -2.23000      1.24690      0.00000
     -2.22000      1.42397      0.00000
     -2.21000      2.41440      0.00000
     -2.20000      4.22746      0.00000
     -2.19000      4.13000      0.00000
     -2.18000      3.10488      0.00000
     -2.17000      2.86431      0.00000
     -2.16000      2.25103      0.00000
     -2.15000      2.48239      0.00000
     -2.14000      2.59292      0.00000
     -2.13000      1.87447      0.00000
     -2.12000      1.41364      0.00000
     -2.11000      1.34900      0.00000
     -2.10000      2.85663      0.00000
     -2.09000      3.65583      0.00000
     -2.08000      2.27267      0.00000
     -2.07000      2.15483      0.00000
     -2.06000      2.46200      0.00000
     -2.05000      1.19918      0.00000
     -2.04000      0.21670      0.00000
     -2.03000      0.01460      0.00000
     -2.02000      0.00921      0.00000
     -2.01000      0.15449      0.00000
     -2.00000      0.99107      0.00000
     -1.99000      2.34538      0.00000
     -1.98000      2.16284      0.00000
     -1.97000      1.55718      0.00000
     -1.96000      2.36454      0.00000
     -1.95000      2.23088      0.00000
     -1.94000      1.57033      0.00000
     -1.93000      2.37637      0.00000
     -1.92000      2.65841      0.00000
     -1.91000      2.57784      0.00000
     -1.90000      2.54476      0.00000
     -1.89000      1.21944      0.00000
     -1.88000      0.22240      0.00000
     -1.87000      0.02882      0.00000
     -1.86000      0.26241      0.00000
     -1.85000      1.88924      0.00000
     -1.84000      5.22780      0.00000
     -1.83000      5.56708      0.00000
     -1.82000      2.28523      0.00000
     -1.81000      0.44004      0.00000
     -1.80000      0.98425      0.00000
     -1.79000      4.49531      0.00000
     -1.78000      8.47377      0.00000
     -1.77000      7.35647      0.00000
     -1.76000      4.28461      0.00000
     -1.75000      1.99743      0.00000
     -1.74000      0.85805      0.00000
     -1.73000      1.67587      0.00000
     -1.72000      2.48708      0.00000
     -1.71000      1.39461      0.00000
     -1.70000      0.34554      0.00000
     -1.69000      0.57181      0.00000
     -1.68000      1.90242      0.00000
     -1.67000      2.49982      0.00000
     -1.66000      1.93756      0.00000
     -1.65000      2.95697      0.00000
     -1.64000      3.58774      0.00000
     -1.63000      1.76916      0.00000
     -1.62000      0.33575      0.00000
     -1.61000      0.02445      0.00000
     -1.60000      0.00068      0.00000
     -1.59000      0.00020      0.00000
     -1.58000      0.00908      0.00000
     -1.57000      0.15713      0.00000
     -1.56000      1.00133      0.00000
     -1.55000      2.36843      0.00000
     -1.54000      2.33007      0.00000
     -1.53000      2.12073      0.00000
     -1.52000      2.95620      0.00000
     -1.51000      3.20685      0.00000
     -1.50000      2.85481      0.00000
     -1.49000      1.43525      0.00000
     -1.48000      0.37115      0.00000
     -1.47000      0.68370      0.00000
     -1.46000      2.23805      0.00000
     -1.45000      4.03544      0.00000
     -1.44000      5.47938      0.00000
     -1.43000      4.47576      0.00000
     -1.42000      1.56382      0.00000
     -1.41000      0.31278      0.00000
     -1.40000      0.80950      0.00000
     -1.39000      2.33943      0.00000
     -1.38000      3.21677      0.00000
     -1.37000      3.17222      0.00000
     -1.36000      2.13594      0.00000
     -1.35000      0.64762      0.00000
     -1.34000      0.07506      0.00000
     -1.33000      0.00322      0.00000
     -1.32000      0.00014      0.00000
     -1.31000      0.00540      0.00000
     -1.30000      0.12011      0.00000
     -1.29000      1.00807      0.00000
     -1.28000      3.32901      0.00000
     -1.27000      4.99288      0.00000
     -1.26000      4.98770      0.00000
     -1.25000      5.38621      0.00000
     -1.24000      5.17635      0.00000
     -1.23000      2.55746      0.00000
     -1.22000      0.51943      0.00000
     -1.21000      0.04101      0.00000
     -1.20000      0.00124      0.00000
     -1.19000      0.00001      0.00000
     -1.18000      0.00019      0.00000
     -1.17000      0.00775      0.00000
     -1.16000      0.11387      0.00000
     -1.15000      0.61574      0.00000
     -1.14000      1.22490      0.00000
     -1.13000      0.89643      0.00000
     -1.12000      0.24134      0.00000
     -1.11000      0.02398      0.00000
     -1.10000      0.00515      0.00000
     -1.09000      0.09213      0.00000
     -1.08000      0.72939      0.00000
     -1.07000      2.13895      0.00000
     -1.06000      2.48478      0.00000
     -1.05000      1.96311      0.00000
     -1.04000      2.64202      0.00000
     -1.03000      3.11191      0.00000
     -1.02000      2.09817      0.00000
     -1.01000      1.66679      0.00000
     -1.00000      2.70114      0.00000
     -0.99000      3.12616      0.00000
     -0.98000      2.99900      0.00000
     -0.97000      1.93462      0.00000
     -0.96000      1.02630      0.00000
     -0.95000      1.24404      0.00000
     -0.94000      0.96769      0.00000
     -0.93000      0.28684      0.00000
     -0.92000      0.03133      0.00000
     -0.91000      0.00126      0.00000
     -0.90000      0.00002      0.00000
     -0.89000      0.00031      0.00000
     -0.88000      0.01375      0.00000
     -0.87000      0.22812      0.00000
     -0.86000      1.48124      0.00000
     -0.85000      3.91702      0.00000
     -0.84000      4.36724      0.00000
     -0.83000      2.09491      0.00000
     -0.82000      0.82157      0.00000
     -0.81000      2.20835      0.00000
     -0.80000      5.20258      0.00000
     -0.79000      6.25721      0.00000
     -0.78000      3.64016      0.00000
     -0.77000      0.92022      0.00000
     -0.76000      0.09358      0.00000
     -0.75000      0.00367      0.00000
     -0.74000      0.00016      0.00000
     -0.73000      0.00574      0.00000
     -0.72000      0.10995      0.00000
     -0.71000      0.84687      0.00000
     -0.70000      2.72362      0.00000
     -0.69000      4.00275      0.00000
     -0.68000      3.69138      0.00000
     -0.67000      2.81387      0.00000
     -0.66000      1.20997      0.00000
     -0.65000      0.29188      0.00000
     -0.64000      0.73714      0.00000
     -0.63000      2.54744      0.00000
     -0.62000      4.10453      0.00000
     -0.61000      4.10143      0.00000
     -0.60000      2.86555      0.00000
     -0.59000      1.03573      0.00000
     -0.58000      0.15325      0.00000
     -0.57000      0.00859      0.00000
     -0.56000      0.00025      0.00000
     -0.55000      0.00546      0.00000
     -0.54000      0.14264      0.00000
     -0.53000      1.40365      0.00000
     -0.52000      5.20898      0.00000
     -0.51000      7.29802      0.00000
     -0.50000      3.86093      0.00000
     -0.49000      0.77065      0.00000
     -0.48000      0.05794      0.00000
     -0.47000      0.00227      0.00000
     -0.46000      0.02283      0.00000
     -0.45000      0.30357      0.00000
     -0.44000      1.54036      0.00000
     -0.43000      3.14867      0.00000
     -0.42000      2.85096      0.00000
     -0.41000      1.23666      0.00000
     -0.40000      0.24943      0.00000
     -0.39000      0.02118      0.00000
     -0.38000      0.00070      0.00000
     -0.37000      0.00001      0.00000
     -0.36000      0.00000      0.00000
     -0.35000      0.00027      0.00000
     -0.34000      0.01161      0.00000
     -0.33000      0.18706      0.00000
     -0.32000      1.12049      0.00000
     -0.31000      2.65014      0.00000
     -0.30000      3.33097      0.00000
     -0.29000      3.94362      0.00000
     -0.28000      4.09748      0.00000
     -0.27000      2.58357      0.00000
     -0.26000      1.05815      0.00000
     -0.25000      1.63656      0.00000
     -0.24000      3.34810      0.00000
     -0.23000      4.42849      0.00000
     -0.22000      5.61908      0.00000
     -0.21000      4.69144      0.00000
     -0.20000      1.67803      0.00000
     -0.19000      0.22838      0.00000
     -0.18000      0.01956      0.00000
     -0.17000      0.14347      0.00000
     -0.16000      0.94329      0.00000
