Energy-E_F (eV)    DOS (1/eV)    PDOS (1/eV)  of atom type Bi 
     -4.68592      2.17921      0.00000
     -4.67592      2.41380      0.00000
     -4.66592      1.95103      0.00000
     -4.65592      1.24917      0.00000
     -4.64592      1.95282      0.00000
     -4.63592      3.81008      0.00000
     -4.62592      4.23965      0.00000
     -4.61592      3.45461      0.00000
     -4.60592      3.37970      0.00000
     -4.59592      3.09239      0.00000
     -4.58592      2.41340      0.00000
     -4.57592      2.21607      0.00000
     -4.56592      2.69135      0.00000
     -4.55592      3.84590      0.00000
     -4.54592      4.53196      0.00000
     -4.53592      4.00246      0.00000
     -4.52592      3.40176      0.00000
     -4.51592      3.27938      0.00000
     -4.50592      3.26753      0.00000
     -4.49592      2.80597      0.00000
     -4.48592      2.75833      0.00000
     -4.47592      3.87261      0.00000
     -4.46592      4.51576      0.00000
     -4.45592      4.30259      0.00000
     -4.44592      3.54574      0.00000
     -4.43592      2.67024      0.00000
     -4.42592      3.16014      0.00000
     -4.41592      3.94789      0.00000
     -4.40592      4.05187      0.00000
     -4.39592      4.06349      0.00000
     -4.38592      4.25217      0.00000
     -4.37592      5.04993      0.00000
     -4.36592      5.93204      0.00000
     -4.35592      5.93014      0.00000
     -4.34592      5.79281      0.00000
     -4.33592      5.19889      0.00000
     -4.32592      4.37364      0.00000
     -4.31592      4.17117      0.00000
     -4.30592      4.27388      0.00000
     -4.29592      4.16326      0.00000
     -4.28592      4.63475      0.00000
     -4.27592      4.67582      0.00000
     -4.26592      4.04550      0.00000
     -4.25592      4.73509      0.00000
     -4.24592      5.99776      0.00000
     -4.23592      5.79413      0.00000
     -4.22592      4.94293      0.00000
     -4.21592      5.22757      0.00000
     -4.20592      6.27279      0.00000
     -4.19592      7.45440      0.00000
     -4.18592      7.79891      0.00000
     -4.17592      7.11036      0.00000
     -4.16592      6.20640      0.00000
     -4.15592      5.45040      0.00000
     -4.14592      4.54322      0.00000
     -4.13592      4.13056      0.00000
     -4.12592      4.80581      0.00000
     -4.11592      5.96877      0.00000
     -4.10592      5.85970      0.00000
     -4.09592      4.67757      0.00000
     -4.08592      4.83358      0.00000
     -4.07592      7.43661      0.00000
     -4.06592      9.54800      0.00000
     -4.05592      8.96143      0.00000
     -4.04592      7.28856      0.00000
     -4.03592      6.01947      0.00000
     -4.02592      5.71565      0.00000
     -4.01592      5.54134      0.00000
     -4.00592      5.65831      0.00000
     -3.99592      5.66191      0.00000
     -3.98592      4.59627      0.00000
     -3.97592      3.51899      0.00000
     -3.96592      4.12188      0.00000
     -3.95592      5.22852      0.00000
     -3.94592      5.70714      0.00000
     -3.93592      5.39574      0.00000
     -3.92592      4.51486      0.00000
     -3.91592      4.54068      0.00000
     -3.90592      5.28894      0.00000
     -3.89592      6.74041      0.00000
     -3.88592      7.77884      0.00000
     -3.87592      8.10329      0.00000
     -3.86592      8.35144      0.00000
     -3.85592      7.08866      0.00000
     -3.84592      5.34845      0.00000
     -3.83592      4.40098      0.00000
     -3.82592      4.75864      0.00000
     -3.81592      5.07825      0.00000
     -3.80592      6.05051      0.00000
     -3.79592      7.62154      0.00000
     -3.78592      7.13888      0.00000
     -3.77592      6.02981      0.00000
     -3.76592      6.58474      0.00000
     -3.75592      7.18281      0.00000
     -3.74592      6.58975      0.00000
     -3.73592      6.02875      0.00000
     -3.72592      6.05634      0.00000
     -3.71592      6.20101      0.00000
     -3.70592      6.35565      0.00000
     -3.69592      7.07347      0.00000
     -3.68592      7.83734      0.00000
     -3.67592      8.27139      0.00000
     -3.66592      7.65715      0.00000
     -3.65592      5.78534      0.00000
     -3.64592      5.33942      0.00000
     -3.63592      6.25229      0.00000
     -3.62592      6.15558      0.00000
     -3.61592      5.03676      0.00000
     -3.60592      4.82023      0.00000
     -3.59592      6.11860      0.00000
     -3.58592      7.87215      0.00000
     -3.57592      7.53364      0.00000
     -3.56592      6.44870      0.00000
     -3.55592      6.82644      0.00000
     -3.54592      7.31667      0.00000
     -3.53592      7.35643      0.00000
     -3.52592      7.26018      0.00000
     -3.51592      6.43697      0.00000
     -3.50592      5.40554      0.00000
     -3.49592      5.05175      0.00000
     -3.48592      6.35067      0.00000
     -3.47592      8.13692      0.00000
     -3.46592      9.77244      0.00000
     -3.45592     10.01018      0.00000
     -3.44592      8.60852      0.00000
     -3.43592      7.41968      0.00000
     -3.42592      7.18641      0.00000
     -3.41592      7.63002      0.00000
     -3.40592      9.05714      0.00000
     -3.39592      9.80783      0.00000
     -3.38592      9.58286      0.00000
     -3.37592      9.69090      0.00000
     -3.36592     10.13519      0.00000
     -3.35592     10.22492      0.00000
     -3.34592      9.69430      0.00000
     -3.33592      9.13500      0.00000
     -3.32592      9.03468      0.00000
     -3.31592      9.74391      0.00000
     -3.30592      9.58045      0.00000
     -3.29592      8.66572      0.00000
     -3.28592      8.32236      0.00000
     -3.27592      9.79298      0.00000
     -3.26592     11.29175      0.00000
     -3.25592     11.33611      0.00000
     -3.24592     12.34858      0.00000
     -3.23592     14.74575      0.00000
     -3.22592     15.61787      0.00000
     -3.21592     14.38009      0.00000
     -3.20592     11.90748      0.00000
     -3.19592     11.51319      0.00000
     -3.18592     13.32701      0.00000
     -3.17592     13.92979      0.00000
     -3.16592     12.42307      0.00000
     -3.15592     10.96973      0.00000
     -3.14592     12.29980      0.00000
     -3.13592     13.22128      0.00000
     -3.12592     11.98795      0.00000
     -3.11592     11.48552      0.00000
     -3.10592     11.64683      0.00000
     -3.09592     11.78345      0.00000
     -3.08592     11.47925      0.00000
     -3.07592     10.68808      0.00000
     -3.06592      9.75664      0.00000
     -3.05592      8.84221      0.00000
     -3.04592      9.16399      0.00000
     -3.03592     10.94716      0.00000
     -3.02592     12.76187      0.00000
     -3.01592     13.08529      0.00000
     -3.00592     11.80055      0.00000
     -2.99592     10.11053      0.00000
     -2.98592      9.27404      0.00000
     -2.97592      8.79082      0.00000
     -2.96592      9.60430      0.00000
     -2.95592     11.75101      0.00000
     -2.94592     13.16191      0.00000
     -2.93592     12.89208      0.00000
     -2.92592     12.14039      0.00000
     -2.91592     11.39178      0.00000
     -2.90592     10.80625      0.00000
     -2.89592      9.70119      0.00000
     -2.88592      9.05455      0.00000
     -2.87592      9.04807      0.00000
     -2.86592      9.50915      0.00000
     -2.85592     10.36093      0.00000
     -2.84592     10.70532      0.00000
     -2.83592     10.99504      0.00000
     -2.82592     10.84482      0.00000
     -2.81592     10.11584      0.00000
     -2.80592     10.10007      0.00000
     -2.79592     10.52045      0.00000
     -2.78592     10.63169      0.00000
     -2.77592      9.78283      0.00000
     -2.76592      8.35099      0.00000
     -2.75592      8.14046      0.00000
     -2.74592      8.74722      0.00000
     -2.73592      8.51155      0.00000
     -2.72592      8.48377      0.00000
     -2.71592      9.28763      0.00000
     -2.70592      8.46417      0.00000
     -2.69592      7.67379      0.00000
     -2.68592      9.47110      0.00000
     -2.67592     12.26507      0.00000
     -2.66592     13.02186      0.00000
     -2.65592     11.87975      0.00000
     -2.64592      9.79555      0.00000
     -2.63592      8.51553      0.00000
     -2.62592      9.18605      0.00000
     -2.61592      9.52441      0.00000
     -2.60592      9.41995      0.00000
     -2.59592      9.54881      0.00000
     -2.58592      9.65632      0.00000
     -2.57592     10.30243      0.00000
     -2.56592     11.49424      0.00000
     -2.55592     12.66271      0.00000
     -2.54592     13.36957      0.00000
     -2.53592     12.32332      0.00000
     -2.52592     10.89085      0.00000
     -2.51592      9.80127      0.00000
     -2.50592      9.07404      0.00000
     -2.49592      9.64820      0.00000
     -2.48592     11.53883      0.00000
     -2.47592     12.58733      0.00000
     -2.46592     11.56778      0.00000
     -2.45592      9.98923      0.00000
     -2.44592      9.33081      0.00000
     -2.43592     10.31116      0.00000
     -2.42592     12.03030      0.00000
     -2.41592     12.48744      0.00000
     -2.40592     12.66354      0.00000
     -2.39592     11.47313      0.00000
     -2.38592     10.75326      0.00000
     -2.37592     11.81149      0.00000
     -2.36592     11.53585      0.00000
     -2.35592     10.29529      0.00000
     -2.34592      9.56919      0.00000
     -2.33592      9.71345      0.00000
     -2.32592     10.47239      0.00000
     -2.31592      8.45810      0.00000
     -2.30592      3.45299      0.00000
     -2.29592      5.17521      0.00000
     -2.28592     11.21101      0.00000
     -2.27592     11.38329      0.00000
     -2.26592      8.74349      0.00000
     -2.25592      8.08540      0.00000
     -2.24592      8.45097      0.00000
     -2.23592      9.28254      0.00000
     -2.22592      9.94988      0.00000
     -2.21592      9.13458      0.00000
     -2.20592      7.89423      0.00000
     -2.19592      7.93967      0.00000
     -2.18592      7.89353      0.00000
     -2.17592      6.99680      0.00000
     -2.16592      6.89406      0.00000
     -2.15592      7.90825      0.00000
     -2.14592      9.13854      0.00000
     -2.13592      9.95136      0.00000
     -2.12592     10.48829      0.00000
     -2.11592     10.85394      0.00000
     -2.10592     10.55310      0.00000
     -2.09592      9.16017      0.00000
     -2.08592      7.90817      0.00000
     -2.07592      7.53283      0.00000
     -2.06592      6.71360      0.00000
     -2.05592      6.33462      0.00000
     -2.04592      7.10861      0.00000
     -2.03592      7.98571      0.00000
     -2.02592      8.25388      0.00000
     -2.01592      7.54726      0.00000
     -2.00592      7.87400      0.00000
     -1.99592      8.75235      0.00000
     -1.98592      7.91912      0.00000
     -1.97592      7.17794      0.00000
     -1.96592      7.13248      0.00000
     -1.95592      6.61690      0.00000
     -1.94592      7.49369      0.00000
     -1.93592      8.48254      0.00000
     -1.92592      2.67514      0.00000
     -1.91592    -13.91186      0.00000
     -1.90592    -20.57879      0.00000
     -1.89592     -5.46038      0.00000
     -1.88592      7.21084      0.00000
     -1.87592     10.66615      0.00000
     -1.86592     10.12731      0.00000
     -1.85592      9.22433      0.00000
     -1.84592      7.79361      0.00000
     -1.83592      6.13760      0.00000
     -1.82592      5.59332      0.00000
     -1.81592      5.10380      0.00000
     -1.80592      6.12030      0.00000
     -1.79592      8.57555      0.00000
     -1.78592     10.46551      0.00000
     -1.77592     10.83677      0.00000
     -1.76592      9.45148      0.00000
     -1.75592      7.26967      0.00000
     -1.74592      6.23204      0.00000
     -1.73592      6.06323      0.00000
     -1.72592      6.25311      0.00000
     -1.71592      6.89397      0.00000
     -1.70592      7.18649      0.00000
     -1.69592      7.51242      0.00000
     -1.68592      7.57556      0.00000
     -1.67592      6.89201      0.00000
     -1.66592      7.61227      0.00000
     -1.65592     10.55805      0.00000
     -1.64592     11.24503      0.00000
     -1.63592      9.00149      0.00000
     -1.62592      7.30751      0.00000
     -1.61592      7.01408      0.00000
     -1.60592      7.38819      0.00000
     -1.59592      7.50908      0.00000
     -1.58592      8.15153      0.00000
     -1.57592      9.47977      0.00000
     -1.56592     10.14881      0.00000
     -1.55592      9.51463      0.00000
     -1.54592      8.35869      0.00000
     -1.53592      7.70896      0.00000
     -1.52592      7.66657      0.00000
     -1.51592      7.85113      0.00000
     -1.50592      7.79090      0.00000
     -1.49592      7.44411      0.00000
     -1.48592      7.78232      0.00000
     -1.47592      8.72146      0.00000
     -1.46592      9.69692      0.00000
     -1.45592     10.76984      0.00000
     -1.44592     10.80824      0.00000
     -1.43592      8.61412      0.00000
     -1.42592      6.33866      0.00000
     -1.41592      5.69688      0.00000
     -1.40592      5.83646      0.00000
     -1.39592      6.49998      0.00000
     -1.38592      8.02892      0.00000
     -1.37592      9.69544      0.00000
     -1.36592     10.26521      0.00000
     -1.35592      9.59058      0.00000
     -1.34592      8.56937      0.00000
     -1.33592      7.57572      0.00000
     -1.32592      7.96444      0.00000
     -1.31592      9.24064      0.00000
     -1.30592     10.38174      0.00000
     -1.29592      9.89826      0.00000
     -1.28592      8.05711      0.00000
     -1.27592      7.13337      0.00000
     -1.26592      7.43230      0.00000
     -1.25592      8.09290      0.00000
     -1.24592      8.56952      0.00000
     -1.23592      9.46276      0.00000
     -1.22592      9.77471      0.00000
     -1.21592      8.72003      0.00000
     -1.20592      8.10308      0.00000
     -1.19592      9.30037      0.00000
     -1.18592     10.22776      0.00000
     -1.17592      9.66843      0.00000
     -1.16592      9.32359      0.00000
     -1.15592      9.25366      0.00000
     -1.14592      8.93434      0.00000
     -1.13592      8.63052      0.00000
     -1.12592      8.65178      0.00000
     -1.11592      9.00566      0.00000
     -1.10592      9.30710      0.00000
     -1.09592      8.98201      0.00000
     -1.08592      4.17279      0.00000
     -1.07592    -10.92403      0.00000
     -1.06592    -17.48739      0.00000
     -1.05592     -3.93268      0.00000
     -1.04592      5.90284      0.00000
     -1.03592      7.96118      0.00000
     -1.02592      9.00942      0.00000
     -1.01592      9.87641      0.00000
     -1.00592      9.64762      0.00000
     -0.99592      9.02152      0.00000
     -0.98592      8.52982      0.00000
     -0.97592      7.90132      0.00000
     -0.96592      9.05465      0.00000
     -0.95592      7.62258      0.00000
     -0.94592      0.36300      0.00000
     -0.93592     -0.24986      0.00000
     -0.92592      4.68359      0.00000
     -0.91592      6.74191      0.00000
     -0.90592      8.69370      0.00000
     -0.89592     10.44708      0.00000
     -0.88592     11.21388      0.00000
     -0.87592     11.43450      0.00000
     -0.86592     10.06720      0.00000
     -0.85592      8.52069      0.00000
     -0.84592      9.11381      0.00000
     -0.83592      8.86877      0.00000
     -0.82592      8.12762      0.00000
     -0.81592      9.07464      0.00000
     -0.80592      9.51349      0.00000
     -0.79592      9.20234      0.00000
     -0.78592      9.12022      0.00000
     -0.77592      9.01772      0.00000
     -0.76592      5.82775      0.00000
     -0.75592     -3.26028      0.00000
     -0.74592     -7.79633      0.00000
     -0.73592     -0.33673      0.00000
     -0.72592      6.51957      0.00000
     -0.71592      7.62586      0.00000
     -0.70592      6.58209      0.00000
     -0.69592      6.26665      0.00000
     -0.68592      7.52345      0.00000
     -0.67592      8.99119      0.00000
     -0.66592      9.41613      0.00000
     -0.65592      8.89712      0.00000
     -0.64592      8.15116      0.00000
     -0.63592      6.68985      0.00000
     -0.62592      6.07068      0.00000
     -0.61592      6.33014      0.00000
     -0.60592      6.37646      0.00000
     -0.59592      6.61165      0.00000
     -0.58592      6.24604      0.00000
     -0.57592      5.31256      0.00000
     -0.56592      4.62958      0.00000
     -0.55592      4.13797      0.00000
     -0.54592      4.31733      0.00000
     -0.53592      5.90728      0.00000
     -0.52592      7.11411      0.00000
     -0.51592      6.97303      0.00000
     -0.50592      6.58198      0.00000
     -0.49592      5.84371      0.00000
     -0.48592      5.23626      0.00000
     -0.47592      5.16098      0.00000
     -0.46592      5.77751      0.00000
     -0.45592      6.21262      0.00000
     -0.44592      5.86215      0.00000
     -0.43592      7.70939      0.00000
     -0.42592     12.06844      0.00000
     -0.41592     12.92627      0.00000
     -0.40592      9.56016      0.00000
     -0.39592      7.93582      0.00000
     -0.38592      8.21637      0.00000
     -0.37592      7.78740      0.00000
     -0.36592      6.56671      0.00000
     -0.35592      5.63835      0.00000
     -0.34592      5.57550      0.00000
     -0.33592      6.33442      0.00000
     -0.32592      6.19570      0.00000
     -0.31592      4.66873      0.00000
     -0.30592      3.60057      0.00000
     -0.29592     -1.49451      0.00000
     -0.28592    -16.85810      0.00000
     -0.27592    -22.31263      0.00000
     -0.26592     -7.16241      0.00000
     -0.25592      2.45635      0.00000
     -0.24592      2.91833      0.00000
     -0.23592      2.38781      0.00000
     -0.22592      1.58027      0.00000
     -0.21592      0.92150      0.00000
     -0.20592      0.72432      0.00000
     -0.19592      0.57593      0.00000
     -0.18592      0.57570      0.00000
     -0.17592      0.59710      0.00000
     -0.16592      0.41385      0.00000
     -0.15592      0.30932      0.00000
     -0.14592      0.30845      0.00000
     -0.13592      0.32923      0.00000
     -0.12592      0.33075      0.00000
     -0.11592      0.28907      0.00000
     -0.10592      0.28135      0.00000
     -0.09592      0.42357      0.00000
     -0.08592      0.52300      0.00000
     -0.07592      0.44207      0.00000
     -0.06592      0.29168      0.00000
     -0.05592      0.22775      0.00000
     -0.04592      0.16697      0.00000
     -0.03592      0.05724      0.00000
     -0.02592      0.01381      0.00000
     -0.01592      0.05235      0.00000
     -0.00592      0.15500      0.00000
      0.00408      0.16995      0.00000
      0.01408      0.06856      0.00000
      0.02408      0.01019      0.00000
      0.03408      0.00144      0.00000
      0.04408      0.01658      0.00000
      0.05408      0.11823      0.00000
      0.06408      0.33049      0.00000
      0.07408      0.47252      0.00000
      0.08408      0.84757      0.00000
      0.09408      1.68826      0.00000
      0.10408      2.29928      0.00000
      0.11408      2.66141      0.00000
      0.12408      1.87568      0.00000
      0.13408     -3.79207      0.00000
      0.14408     -9.38817      0.00000
      0.15408     -4.49401      0.00000
      0.16408      2.08512      0.00000
      0.17408      3.91810      0.00000
      0.18408      3.76326      0.00000
      0.19408      2.80857      0.00000
      0.20408      2.16341      0.00000
      0.21408      2.08559      0.00000
      0.22408      2.16695      0.00000
      0.23408      2.68301      0.00000
      0.24408      3.25073      0.00000
      0.25408      3.48967      0.00000
      0.26408      2.77318      0.00000
      0.27408      1.80714      0.00000
      0.28408      1.25261      0.00000
      0.29408      1.14328      0.00000
      0.30408      1.48716      0.00000
      0.31408      2.05849      0.00000
      0.32408      1.70295      0.00000
      0.33408     -2.83989      0.00000
      0.34408    -16.79031      0.00000
      0.35408    -25.32210      0.00000
      0.36408    -12.83840      0.00000
      0.37408     -0.87773      0.00000
      0.38408      2.65238      0.00000
      0.39408      2.87890      0.00000
      0.40408      2.10229      0.00000
      0.41408      1.56918      0.00000
      0.42408      1.46295      0.00000
      0.43408      1.52920      0.00000
      0.44408      1.54928      0.00000
      0.45408      2.02147      0.00000
      0.46408      2.94038      0.00000
      0.47408      2.69843      0.00000
      0.48408      1.61561      0.00000
      0.49408      1.37776      0.00000
      0.50408      1.94923      0.00000
      0.51408      3.11180      0.00000
      0.52408      4.38841      0.00000
      0.53408      4.60653      0.00000
      0.54408      3.98559      0.00000
      0.55408      3.18320      0.00000
      0.56408      2.66442      0.00000
      0.57408      3.28328      0.00000
      0.58408      4.05174      0.00000
      0.59408      3.86620      0.00000
      0.60408      3.83207      0.00000
      0.61408      4.21222      0.00000
      0.62408      4.96102      0.00000
      0.63408      5.86876      0.00000
      0.64408      6.17900      0.00000
      0.65408      6.25849      0.00000
      0.66408      6.53435      0.00000
      0.67408      6.67723      0.00000
      0.68408      6.76182      0.00000
      0.69408      6.72525      0.00000
      0.70408      6.08312      0.00000
      0.71408      5.29532      0.00000
      0.72408      5.22114      0.00000
      0.73408      5.91488      0.00000
      0.74408      7.01253      0.00000
      0.75408      9.15277      0.00000
      0.76408     10.86455      0.00000
      0.77408     10.18989      0.00000
      0.78408      7.88830      0.00000
      0.79408      5.93803      0.00000
      0.80408      6.33638      0.00000
      0.81408      7.50036      0.00000
      0.82408      7.87391      0.00000
      0.83408      7.51727      0.00000
      0.84408      7.52784      0.00000
      0.85408      9.03208      0.00000
      0.86408     10.97978      0.00000
      0.87408     11.24136      0.00000
      0.88408     10.07436      0.00000
      0.89408      9.43829      0.00000
      0.90408      9.75920      0.00000
      0.91408     10.75790      0.00000
      0.92408     10.75878      0.00000
      0.93408     10.14187      0.00000
      0.94408     10.49923      0.00000
      0.95408     11.67382      0.00000
      0.96408     12.54298      0.00000
      0.97408     11.34424      0.00000
      0.98408     10.22423      0.00000
      0.99408     10.35569      0.00000
      1.00408     10.05000      0.00000
      1.01408      9.84294      0.00000
      1.02408      9.69293      0.00000
      1.03408      9.72841      0.00000
      1.04408      9.52735      0.00000
      1.05408      8.85367      0.00000
      1.06408      8.56055      0.00000
      1.07408      7.93125      0.00000
      1.08408      7.37430      0.00000
      1.09408      7.51943      0.00000
      1.10408      7.49187      0.00000
      1.11408      8.30123      0.00000
      1.12408      9.02398      0.00000
      1.13408      7.87177      0.00000
      1.14408      6.48245      0.00000
      1.15408      6.37570      0.00000
      1.16408      7.19018      0.00000
      1.17408      7.95519      0.00000
      1.18408      7.77671      0.00000
      1.19408      7.02389      0.00000
      1.20408      6.91117      0.00000
      1.21408      6.91332      0.00000
      1.22408      6.50205      0.00000
      1.23408      6.32357      0.00000
      1.24408      6.15334      0.00000
      1.25408      5.54091      0.00000
      1.26408      5.42756      0.00000
      1.27408      5.42923      0.00000
      1.28408      5.53624      0.00000
      1.29408      6.30282      0.00000
      1.30408      7.36499      0.00000
      1.31408      7.06039      0.00000
      1.32408      5.09721      0.00000
      1.33408      4.32155      0.00000
      1.34408      5.45543      0.00000
      1.35408      6.55838      0.00000
      1.36408      6.51733      0.00000
      1.37408      6.66268      0.00000
      1.38408      6.30269      0.00000
      1.39408      5.71437      0.00000
      1.40408      6.69767      0.00000
      1.41408      7.58866      0.00000
      1.42408      6.70257      0.00000
      1.43408      6.23157      0.00000
      1.44408      6.39659      0.00000
      1.45408      5.82573      0.00000
      1.46408      5.68992      0.00000
      1.47408      5.82540      0.00000
      1.48408      5.18347      0.00000
      1.49408      4.67505      0.00000
      1.50408      5.36117      0.00000
      1.51408      5.90874      0.00000
      1.52408      5.57855      0.00000
      1.53408      6.26362      0.00000
      1.54408      7.64822      0.00000
      1.55408      8.44351      0.00000
      1.56408      8.45432      0.00000
      1.57408      8.31395      0.00000
      1.58408      8.10404      0.00000
      1.59408      6.78035      0.00000
      1.60408      5.02264      0.00000
      1.61408      3.85729      0.00000
      1.62408      3.85897      0.00000
      1.63408      4.40705      0.00000
      1.64408      4.54352      0.00000
      1.65408      4.68425      0.00000
      1.66408      5.55126      0.00000
      1.67408      6.19245      0.00000
      1.68408      6.69283      0.00000
      1.69408      7.37812      0.00000
      1.70408      7.44894      0.00000
      1.71408      7.58667      0.00000
      1.72408      8.40460      0.00000
      1.73408      9.70985      0.00000
      1.74408      9.16501      0.00000
      1.75408      6.50306      0.00000
      1.76408      4.47574      0.00000
      1.77408      3.96563      0.00000
      1.78408      4.63009      0.00000
      1.79408      5.38894      0.00000
      1.80408      4.90689      0.00000
      1.81408      3.62601      0.00000
      1.82408      3.46400      0.00000
      1.83408      4.60061      0.00000
      1.84408      5.64828      0.00000
      1.85408      7.05817      0.00000
      1.86408      9.42676      0.00000
      1.87408      9.67924      0.00000
      1.88408      8.24704      0.00000
      1.89408      7.80791      0.00000
      1.90408      7.45470      0.00000
      1.91408      6.95443      0.00000
      1.92408      7.76471      0.00000
      1.93408      8.70948      0.00000
      1.94408      9.14273      0.00000
      1.95408      8.97100      0.00000
      1.96408      7.21813      0.00000
      1.97408      5.41239      0.00000
      1.98408      5.64781      0.00000
      1.99408      6.67466      0.00000
      2.00408      6.92174      0.00000
      2.01408      6.36563      0.00000
      2.02408      6.12976      0.00000
      2.03408      7.44497      0.00000
      2.04408      7.86867      0.00000
      2.05408      6.87890      0.00000
      2.06408      6.62381      0.00000
      2.07408      6.20068      0.00000
      2.08408      6.25523      0.00000
      2.09408      6.76963      0.00000
      2.10408      7.01562      0.00000
      2.11408      7.69415      0.00000
      2.12408      7.90792      0.00000
      2.13408      7.42306      0.00000
      2.14408      7.58392      0.00000
      2.15408      7.88407      0.00000
      2.16408      7.58420      0.00000
      2.17408      7.26635      0.00000
      2.18408      7.56101      0.00000
      2.19408      7.59876      0.00000
      2.20408      6.75631      0.00000
      2.21408      5.99941      0.00000
      2.22408      6.06902      0.00000
      2.23408      6.68741      0.00000
      2.24408      6.52717      0.00000
      2.25408      5.62450      0.00000
      2.26408      5.56586      0.00000
      2.27408      6.15057      0.00000
      2.28408      6.40316      0.00000
      2.29408      6.81442      0.00000
      2.30408      7.92811      0.00000
      2.31408      8.42512      0.00000
      2.32408      7.39220      0.00000
      2.33408      5.75775      0.00000
      2.34408      5.17072      0.00000
      2.35408      6.58700      0.00000
      2.36408      8.84078      0.00000
      2.37408      9.68448      0.00000
      2.38408      8.34505      0.00000
      2.39408      2.33071      0.00000
      2.40408    -12.40652      0.00000
      2.41408    -17.49254      0.00000
      2.42408     -3.31179      0.00000
      2.43408      7.17734      0.00000
      2.44408      9.44467      0.00000
      2.45408      9.56453      0.00000
      2.46408      8.49415      0.00000
      2.47408      7.50410      0.00000
      2.48408      7.19142      0.00000
      2.49408      6.01964      0.00000
      2.50408      5.22492      0.00000
      2.51408      6.47037      0.00000
      2.52408      7.54325      0.00000
      2.53408      6.54009      0.00000
      2.54408      5.32086      0.00000
      2.55408      5.39439      0.00000
      2.56408      6.15660      0.00000
      2.57408      6.37574      0.00000
      2.58408      5.95398      0.00000
      2.59408      5.59925      0.00000
      2.60408      5.69936      0.00000
      2.61408      5.59170      0.00000
      2.62408      4.80244      0.00000
      2.63408      4.28122      0.00000
      2.64408      5.03792      0.00000
      2.65408      5.93483      0.00000
      2.66408     -1.72127      0.00000
      2.67408    -19.10117      0.00000
      2.68408    -20.44685      0.00000
      2.69408     -4.92283      0.00000
      2.70408      3.30259      0.00000
      2.71408      4.41440      0.00000
      2.72408      4.22931      0.00000
      2.73408      4.48130      0.00000
      2.74408      4.76018      0.00000
      2.75408      3.78856      0.00000
      2.76408      2.92047      0.00000
      2.77408      3.81773      0.00000
      2.78408      4.78841      0.00000
      2.79408      4.62329      0.00000
      2.80408      3.76733      0.00000
      2.81408      2.95793      0.00000
      2.82408      3.29587      0.00000
      2.83408      4.19817      0.00000
      2.84408      4.17063      0.00000
      2.85408      3.98942      0.00000
      2.86408      4.36516      0.00000
      2.87408      4.95967      0.00000
      2.88408      4.65641      0.00000
      2.89408      3.43640      0.00000
      2.90408      2.52948      0.00000
      2.91408      2.64618      0.00000
      2.92408      3.60765      0.00000
      2.93408      4.10460      0.00000
      2.94408      3.85485      0.00000
      2.95408      3.11311      0.00000
      2.96408      2.74686      0.00000
      2.97408      3.63047      0.00000
      2.98408      4.52882      0.00000
      2.99408      4.78956      0.00000
      3.00408      4.56036      0.00000
      3.01408      4.32666      0.00000
      3.02408      4.39445      0.00000
      3.03408      4.07023      0.00000
      3.04408      3.17453      0.00000
      3.05408      2.76142      0.00000
      3.06408      2.72361      0.00000
      3.07408      2.60638      0.00000
      3.08408      2.79978      0.00000
      3.09408      3.19639      0.00000
      3.10408      3.23452      0.00000
      3.11408      3.31972      0.00000
      3.12408      4.20919      0.00000
      3.13408      4.95313      0.00000
      3.14408      4.70236      0.00000
      3.15408      4.30575      0.00000
      3.16408      4.46422      0.00000
      3.17408      4.51040      0.00000
      3.18408      4.06069      0.00000
      3.19408      3.37362      0.00000
      3.20408      3.04841      0.00000
      3.21408      3.19171      0.00000
      3.22408      3.66680      0.00000
      3.23408      4.59732      0.00000
      3.24408      5.93648      0.00000
      3.25408      6.31670      0.00000
      3.26408      5.40043      0.00000
      3.27408      4.88378      0.00000
      3.28408      4.73799      0.00000
      3.29408      4.58679      0.00000
      3.30408      3.48844      0.00000
      3.31408      2.37070      0.00000
      3.32408      1.96664      0.00000
      3.33408      2.66562      0.00000
      3.34408      4.11051      0.00000
      3.35408      4.74166      0.00000
      3.36408      5.01205      0.00000
      3.37408      4.81255      0.00000
      3.38408      3.83905      0.00000
      3.39408      3.34697      0.00000
      3.40408      3.81431      0.00000
      3.41408      3.78296      0.00000
      3.42408      3.75551      0.00000
      3.43408      4.09151      0.00000
      3.44408      3.67354      0.00000
      3.45408      3.43927      0.00000
      3.46408      3.68066      0.00000
      3.47408      3.81057      0.00000
      3.48408      4.00649      0.00000
      3.49408      3.68845      0.00000
      3.50408      3.16713      0.00000
      3.51408      2.78513      0.00000
      3.52408      3.93530      0.00000
      3.53408      5.28318      0.00000
      3.54408      4.86294      0.00000
      3.55408      4.47720      0.00000
      3.56408      4.79168      0.00000
      3.57408      4.74654      0.00000
      3.58408      4.24810      0.00000
      3.59408      3.80686      0.00000
      3.60408      3.24039      0.00000
      3.61408      3.68099      0.00000
      3.62408      4.78377      0.00000
      3.63408      4.65283      0.00000
      3.64408      3.42396      0.00000
      3.65408      2.42232      0.00000
      3.66408      2.98332      0.00000
      3.67408      3.73722      0.00000
      3.68408      3.39257      0.00000
      3.69408      3.20776      0.00000
      3.70408      3.57606      0.00000
      3.71408      4.08822      0.00000
      3.72408      4.59433      0.00000
      3.73408      4.28317      0.00000
      3.74408      3.50342      0.00000
      3.75408      2.84712      0.00000
      3.76408      2.84559      0.00000
      3.77408      3.36414      0.00000
      3.78408      3.95242      0.00000
      3.79408      4.93636      0.00000
      3.80408      5.58878      0.00000
      3.81408      4.68635      0.00000
      3.82408      3.74429      0.00000
      3.83408      4.47645      0.00000
      3.84408      5.18211      0.00000
      3.85408      5.24038      0.00000
      3.86408      4.97547      0.00000
      3.87408      4.57062      0.00000
      3.88408      4.39951      0.00000
      3.89408      4.33298      0.00000
      3.90408      4.16847      0.00000
      3.91408      4.28441      0.00000
      3.92408      5.02958      0.00000
      3.93408      5.06425      0.00000
      3.94408      5.06016      0.00000
      3.95408      6.21902      0.00000
      3.96408      7.04535      0.00000
      3.97408      7.10140      0.00000
      3.98408      5.58806      0.00000
      3.99408      3.36714      0.00000
      4.00408      3.05807      0.00000
      4.01408      3.37776      0.00000
      4.02408      2.93877      0.00000
      4.03408      3.20726      0.00000
      4.04408      4.78231      0.00000
      4.05408      5.53054      0.00000
      4.06408      3.92802      0.00000
      4.07408      2.44050      0.00000
      4.08408      2.53981      0.00000
      4.09408      2.94724      0.00000
      4.10408      3.72692      0.00000
      4.11408      4.97090      0.00000
      4.12408      5.78086      0.00000
      4.13408      5.93543      0.00000
      4.14408      5.19901      0.00000
      4.15408      4.16074      0.00000
      4.16408      4.12520      0.00000
      4.17408      4.29234      0.00000
      4.18408      4.62168      0.00000
      4.19408      5.52411      0.00000
      4.20408      5.81268      0.00000
      4.21408      5.54975      0.00000
      4.22408      5.11921      0.00000
      4.23408      5.45296      0.00000
      4.24408      6.42772      0.00000
      4.25408      6.74642      0.00000
      4.26408      6.70187      0.00000
      4.27408      6.64057      0.00000
      4.28408      6.44008      0.00000
      4.29408      6.29491      0.00000
      4.30408      5.80083      0.00000
      4.31408      5.70272      0.00000
      4.32408      5.90326      0.00000
      4.33408      6.09240      0.00000
      4.34408      6.40698      0.00000
      4.35408      6.36731      0.00000
      4.36408      5.60557      0.00000
      4.37408      5.20177      0.00000
      4.38408      5.32669      0.00000
      4.39408      5.48026      0.00000
      4.40408      5.76369      0.00000
      4.41408      6.37535      0.00000
      4.42408      6.54735      0.00000
      4.43408      4.97222      0.00000
      4.44408     -1.59654      0.00000
      4.45408     -7.40196      0.00000
      4.46408     -1.63176      0.00000
      4.47408      5.58921      0.00000
      4.48408      7.59217      0.00000
      4.49408      8.11931      0.00000
      4.50408      8.21312      0.00000
      4.51408      8.24094      0.00000
      4.52408      7.51296      0.00000
      4.53408      6.80688      0.00000
      4.54408      6.88745      0.00000
      4.55408      4.71588      0.00000
      4.56408     -2.15718      0.00000
      4.57408     -4.93948      0.00000
      4.58408      1.92966      0.00000
      4.59408      6.09085      0.00000
      4.60408      5.54226      0.00000
      4.61408      5.57520      0.00000
      4.62408      7.34848      0.00000
      4.63408      8.12592      0.00000
      4.64408      7.37039      0.00000
      4.65408      7.64474      0.00000
      4.66408      7.48404      0.00000
      4.67408      5.88540      0.00000
      4.68408      4.42339      0.00000
      4.69408      3.93840      0.00000
      4.70408      4.92404      0.00000
      4.71408      5.83042      0.00000
      4.72408      6.22438      0.00000
      4.73408      6.62670      0.00000
      4.74408      5.55788      0.00000
      4.75408      5.20805      0.00000
      4.76408      6.49147      0.00000
      4.77408      7.88116      0.00000
      4.78408      8.04507      0.00000
      4.79408      7.01914      0.00000
      4.80408      6.92822      0.00000
      4.81408      7.71252      0.00000
      4.82408      7.91342      0.00000
      4.83408      7.33114      0.00000
      4.84408      6.19473      0.00000
      4.85408      5.55201      0.00000
      4.86408      6.14513      0.00000
      4.87408      7.43768      0.00000
      4.88408      8.43501      0.00000
      4.89408      7.67679      0.00000
      4.90408      6.02238      0.00000
      4.91408      5.41705      0.00000
      4.92408      5.45024      0.00000
      4.93408      5.99123      0.00000
      4.94408      6.43834      0.00000
      4.95408      6.79962      0.00000
      4.96408      7.40670      0.00000
      4.97408      7.42987      0.00000
      4.98408      6.62886      0.00000
      4.99408      5.47464      0.00000
      5.00408      4.94749      0.00000
      5.01408      5.25096      0.00000
      5.02408      5.27031      0.00000
      5.03408      5.00733      0.00000
      5.04408      6.02474      0.00000
      5.05408      7.75041      0.00000
      5.06408      8.58864      0.00000
      5.07408      7.99682      0.00000
      5.08408      6.38623      0.00000
      5.09408      5.45493      0.00000
      5.10408      5.67629      0.00000
      5.11408      6.21964      0.00000
      5.12408      6.59572      0.00000
      5.13408      7.20333      0.00000
      5.14408      7.90634      0.00000
      5.15408      7.04343      0.00000
      5.16408      5.98838      0.00000
      5.17408      6.64600      0.00000
      5.18408      7.02773      0.00000
      5.19408      6.00224      0.00000
      5.20408      6.56763      0.00000
