Energy-E_F (eV)    DOS (1/eV)    PDOS (1/eV)  of atom type Bi 
     -4.99000      0.00000      0.00000
     -4.98000      0.00000      0.00000
     -4.97000      0.00026      0.00026
     -4.96000      0.00665      0.00665
     -4.95000      0.06754      0.06754
     -4.94000      0.29086      0.29086
     -4.93000      0.63048      0.63048
     -4.92000      0.85620      0.85620
     -4.91000      0.84763      0.84763
     -4.90000      0.78408      0.78408
     -4.89000      0.92661      0.92661
     -4.88000      1.16529      1.16529
     -4.87000      1.16911      1.16911
     -4.86000      0.79223      0.79223
     -4.85000      0.65476      0.65476
     -4.84000      1.33062      1.33062
     -4.83000      2.05684      2.05684
     -4.82000      1.93238      1.93238
     -4.81000      1.69033      1.69033
     -4.80000      1.65467      1.65467
     -4.79000      1.44426      1.44426
     -4.78000      1.12121      1.12121
     -4.77000      1.02924      1.02924
     -4.76000      1.36509      1.36509
     -4.75000      2.00038      2.00038
     -4.74000      2.15132      2.15132
     -4.73000      1.90101      1.90101
     -4.72000      1.76844      1.76844
     -4.71000      1.68764      1.68764
     -4.70000      1.53857      1.53857
     -4.69000      1.35092      1.35092
     -4.68000      1.44518      1.44518
     -4.67000      1.80116      1.80116
     -4.66000      1.96702      1.96702
     -4.65000      1.95999      1.95999
     -4.64000      1.86951      1.86951
     -4.63000      1.51842      1.51842
     -4.62000      1.50929      1.50929
     -4.61000      1.79676      1.79676
     -4.60000      1.91892      1.91892
     -4.59000      2.01611      2.01611
     -4.58000      2.10429      2.10429
     -4.57000      2.20456      2.20456
     -4.56000      2.62075      2.62075
     -4.55000      3.18072      3.18072
     -4.54000      3.07584      3.07584
     -4.53000      2.47129      2.47129
     -4.52000      2.02386      2.02386
     -4.51000      2.10886      2.10886
     -4.50000      2.27675      2.27675
     -4.49000      2.37039      2.37039
     -4.48000      2.32945      2.32945
     -4.47000      2.39821      2.39821
     -4.46000      2.32114      2.32114
     -4.45000      2.56964      2.56964
     -4.44000      3.08211      3.08211
     -4.43000      2.81585      2.81585
     -4.42000      2.36754      2.36754
     -4.41000      2.50983      2.50983
     -4.40000      2.68557      2.68557
     -4.39000      2.68012      2.68012
     -4.38000      2.94408      2.94408
     -4.37000      3.27919      3.27919
     -4.36000      3.37987      3.37987
     -4.35000      3.03490      3.03490
     -4.34000      2.55795      2.55795
     -4.33000      2.07655      2.07655
     -4.32000      1.61835      1.61835
     -4.31000      1.73341      1.73341
     -4.30000      2.41710      2.41710
     -4.29000      2.78565      2.78565
     -4.28000      2.67037      2.67037
     -4.27000      2.56253      2.56253
     -4.26000      2.49076      2.49076
     -4.25000      2.49152      2.49152
     -4.24000      2.60893      2.60893
     -4.23000      3.12596      3.12596
     -4.22000      3.67527      3.67527
     -4.21000      3.11824      3.11824
     -4.20000      2.37184      2.37184
     -4.19000      2.44091      2.44091
     -4.18000      2.91649      2.91649
     -4.17000      3.31117      3.31117
     -4.16000      3.31323      3.31323
     -4.15000      2.94775      2.94775
     -4.14000      2.76003      2.76003
     -4.13000      2.69600      2.69600
     -4.12000      2.74863      2.74863
     -4.11000      2.66435      2.66435
     -4.10000      2.79699      2.79699
     -4.09000      3.14850      3.14850
     -4.08000      3.00567      3.00567
     -4.07000      2.52074      2.52074
     -4.06000      2.54475      2.54475
     -4.05000      2.96497      2.96497
     -4.04000      2.91489      2.91489
     -4.03000      2.56362      2.56362
     -4.02000      2.58330      2.58330
     -4.01000      3.15539      3.15539
     -4.00000      3.41414      3.41414
     -3.99000      3.31099      3.31099
     -3.98000      3.06487      3.06487
     -3.97000      2.53774      2.53774
     -3.96000      2.25597      2.25597
     -3.95000      2.49909      2.49909
     -3.94000      2.90167      2.90167
     -3.93000      3.12680      3.12680
     -3.92000      3.49177      3.49177
     -3.91000      3.56205      3.56205
     -3.90000      3.15447      3.15447
     -3.89000      2.98682      2.98682
     -3.88000      3.22445      3.22445
     -3.87000      3.22694      3.22694
     -3.86000      3.53279      3.53279
     -3.85000      3.50183      3.50183
     -3.84000      3.07136      3.07136
     -3.83000      3.31750      3.31750
     -3.82000      3.34834      3.34834
     -3.81000      2.85226      2.85226
     -3.80000      2.73189      2.73189
     -3.79000      2.73829      2.73829
     -3.78000      2.57379      2.57379
     -3.77000      2.66365      2.66365
     -3.76000      2.90184      2.90184
     -3.75000      2.84094      2.84094
     -3.74000      2.87472      2.87472
     -3.73000      3.16146      3.16146
     -3.72000      3.46609      3.46609
     -3.71000      3.69361      3.69361
     -3.70000      3.65034      3.65034
     -3.69000      3.81435      3.81435
     -3.68000      3.93167      3.93167
     -3.67000      3.40601      3.40601
     -3.66000      3.09390      3.09390
     -3.65000      3.28334      3.28334
     -3.64000      3.87945      3.87945
     -3.63000      4.34741      4.34741
     -3.62000      3.71674      3.71674
     -3.61000      3.40152      3.40152
     -3.60000      4.01351      4.01351
     -3.59000      4.23851      4.23851
     -3.58000      4.09291      4.09291
     -3.57000      4.08087      4.08087
     -3.56000      3.75132      3.75132
     -3.55000      3.18346      3.18346
     -3.54000      2.97714      2.97714
     -3.53000      2.93883      2.93883
     -3.52000      2.93144      2.93144
     -3.51000      3.31177      3.31177
     -3.50000      4.01767      4.01767
     -3.49000      4.20611      4.20611
     -3.48000      4.45446      4.45446
     -3.47000      4.93499      4.93499
     -3.46000      4.58013      4.58013
     -3.45000      3.93601      3.93601
     -3.44000      4.07351      4.07351
     -3.43000      4.47958      4.47958
     -3.42000      4.51549      4.51549
     -3.41000      4.42572      4.42572
     -3.40000      3.97239      3.97239
     -3.39000      3.56140      3.56140
     -3.38000      3.91818      3.91818
     -3.37000      4.28126      4.28126
     -3.36000      4.19412      4.19412
     -3.35000      4.49453      4.49453
     -3.34000      5.36342      5.36342
     -3.33000      5.85523      5.85523
     -3.32000      5.16236      5.16236
     -3.31000      4.74810      4.74810
     -3.30000      5.03691      5.03691
     -3.29000      5.35352      5.35352
     -3.28000      5.76632      5.76632
     -3.27000      5.44886      5.44886
     -3.26000      4.53333      4.53333
     -3.25000      4.11415      4.11415
     -3.24000      4.05508      4.05508
     -3.23000      3.74868      3.74868
     -3.22000      3.68126      3.68126
     -3.21000      4.03254      4.03254
     -3.20000      4.14078      4.14078
     -3.19000      4.42425      4.42425
     -3.18000      5.28751      5.28751
     -3.17000      5.68650      5.68650
     -3.16000      5.13718      5.13718
     -3.15000      5.14082      5.14082
     -3.14000      5.24337      5.24337
     -3.13000      5.25037      5.25037
     -3.12000      5.32404      5.32404
     -3.11000      5.18314      5.18314
     -3.10000      4.99344      4.99344
     -3.09000      4.60301      4.60301
     -3.08000      4.38418      4.38418
     -3.07000      4.79454      4.79454
     -3.06000      5.25384      5.25384
     -3.05000      5.59760      5.59760
     -3.04000      5.93147      5.93147
     -3.03000      5.62083      5.62083
     -3.02000      5.37216      5.37216
     -3.01000      5.86876      5.86876
     -3.00000      6.26556      6.26556
     -2.99000      5.44349      5.44349
     -2.98000      4.69474      4.69474
     -2.97000      5.35678      5.35678
     -2.96000      5.85565      5.85565
     -2.95000      5.27387      5.27387
     -2.94000      5.30285      5.30285
     -2.93000      5.96499      5.96499
     -2.92000      6.22701      6.22701
     -2.91000      5.98603      5.98603
     -2.90000      5.05272      5.05272
     -2.89000      4.20495      4.20495
     -2.88000      3.98855      3.98855
     -2.87000      3.90102      3.90102
     -2.86000      3.58360      3.58360
     -2.85000      3.90042      3.90042
     -2.84000      4.45265      4.45265
     -2.83000      4.96341      4.96341
     -2.82000      5.99900      5.99900
     -2.81000      6.34190      6.34190
     -2.80000      5.94805      5.94805
     -2.79000      6.21582      6.21582
     -2.78000      5.99656      5.99656
     -2.77000      5.33680      5.33680
     -2.76000      5.01859      5.01859
     -2.75000      4.66676      4.66676
     -2.74000      4.46739      4.46739
     -2.73000      4.31393      4.31393
     -2.72000      4.14508      4.14508
     -2.71000      4.41102      4.41102
     -2.70000      4.67916      4.67916
     -2.69000      4.66248      4.66248
     -2.68000      4.81659      4.81659
     -2.67000      5.45084      5.45084
     -2.66000      6.29697      6.29697
     -2.65000      6.64134      6.64134
     -2.64000      6.00877      6.00877
     -2.63000      4.87950      4.87950
     -2.62000      4.46467      4.46467
     -2.61000      4.45152      4.45152
     -2.60000      4.44030      4.44030
     -2.59000      4.59402      4.59402
     -2.58000      5.47040      5.47040
     -2.57000      6.35739      6.35739
     -2.56000      6.05075      6.05075
     -2.55000      5.33112      5.33112
     -2.54000      4.98388      4.98388
     -2.53000      4.92046      4.92046
     -2.52000      5.09484      5.09484
     -2.51000      5.49465      5.49465
     -2.50000      5.61179      5.61179
     -2.49000      5.28535      5.28535
     -2.48000      4.68665      4.68665
     -2.47000      4.56354      4.56354
     -2.46000      5.10407      5.10407
     -2.45000      5.15829      5.15829
     -2.44000      5.23364      5.23364
     -2.43000      5.66010      5.66010
     -2.42000      5.61630      5.61630
     -2.41000      5.48001      5.48001
     -2.40000      5.68121      5.68121
     -2.39000      5.73724      5.73724
     -2.38000      5.10782      5.10782
     -2.37000      4.30766      4.30766
     -2.36000      3.87231      3.87231
     -2.35000      4.01141      4.01141
     -2.34000      4.20222      4.20222
     -2.33000      4.40674      4.40674
     -2.32000      4.99414      4.99414
     -2.31000      5.35703      5.35703
     -2.30000      5.15155      5.15155
     -2.29000      4.94667      4.94667
     -2.28000      5.32455      5.32455
     -2.27000      5.71281      5.71281
     -2.26000      6.03689      6.03689
     -2.25000      6.49947      6.49947
     -2.24000      6.36667      6.36667
     -2.23000      5.70188      5.70188
     -2.22000      4.81979      4.81979
     -2.21000      4.33852      4.33852
     -2.20000      4.23156      4.23156
     -2.19000      4.14210      4.14210
     -2.18000      4.50797      4.50797
     -2.17000      4.86061      4.86061
     -2.16000      4.69420      4.69420
     -2.15000      4.66264      4.66264
     -2.14000      4.75222      4.75222
     -2.13000      4.68361      4.68361
     -2.12000      4.29283      4.29283
     -2.11000      4.12720      4.12720
     -2.10000      4.80860      4.80860
     -2.09000      5.77806      5.77806
     -2.08000      5.99093      5.99093
     -2.07000      5.85338      5.85338
     -2.06000      5.59501      5.59501
     -2.05000      5.31048      5.31048
     -2.04000      5.41812      5.41812
     -2.03000      5.49134      5.49134
     -2.02000      4.93310      4.93310
     -2.01000      4.86479      4.86479
     -2.00000      5.99928      5.99928
     -1.99000      6.84245      6.84245
     -1.98000      5.90579      5.90579
     -1.97000      4.74524      4.74524
     -1.96000      5.16604      5.16604
     -1.95000      5.71862      5.71862
     -1.94000      4.59377      4.59377
     -1.93000      3.46826      3.46826
     -1.92000      3.45608      3.45608
     -1.91000      3.72814      3.72814
     -1.90000      3.96194      3.96194
     -1.89000      4.56738      4.56738
     -1.88000      5.80087      5.80087
     -1.87000      6.89352      6.89352
     -1.86000      7.20389      7.20389
     -1.85000      6.86919      6.86919
     -1.84000      4.63126      4.63126
     -1.83000      0.26702      0.26702
     -1.82000     -0.34176     -0.34176
     -1.81000      3.00316      3.00316
     -1.80000      4.81372      4.81372
     -1.79000      4.62896      4.62896
     -1.78000      4.10032      4.10032
     -1.77000      4.45309      4.45309
     -1.76000      5.09391      5.09391
     -1.75000      4.91124      4.91124
     -1.74000      4.57810      4.57810
     -1.73000      5.13965      5.13965
     -1.72000      6.19584      6.19584
     -1.71000      6.31109      6.31109
     -1.70000      5.49475      5.49475
     -1.69000      4.91169      4.91169
     -1.68000      4.54437      4.54437
     -1.67000      4.14015      4.14015
     -1.66000      4.16519      4.16519
     -1.65000      4.69072      4.69072
     -1.64000      5.74435      5.74435
     -1.63000      6.94691      6.94691
     -1.62000      7.05054      7.05054
     -1.61000      6.40192      6.40192
     -1.60000      5.66076      5.66076
     -1.59000      5.02462      5.02462
     -1.58000      4.57667      4.57667
     -1.57000      4.67953      4.67953
     -1.56000      4.13749      4.13749
     -1.55000     -1.77093     -1.77093
     -1.54000     -8.39602     -8.39602
     -1.53000     -4.16984     -4.16984
     -1.52000      2.23711      2.23711
     -1.51000      3.76505      3.76505
     -1.50000      3.53215      3.53215
     -1.49000      4.14532      4.14532
     -1.48000      5.04616      5.04616
     -1.47000      4.83817      4.83817
     -1.46000      4.35861      4.35861
     -1.45000      4.55962      4.55962
     -1.44000      4.95887      4.95887
     -1.43000      5.23521      5.23521
     -1.42000      5.29461      5.29461
     -1.41000      5.20265      5.20265
     -1.40000      5.18794      5.18794
     -1.39000      5.32728      5.32728
     -1.38000      5.76981      5.76981
     -1.37000      5.77063      5.77063
     -1.36000      4.47861      4.47861
     -1.35000      3.69216      3.69216
     -1.34000      3.97529      3.97529
     -1.33000      4.05850      4.05850
     -1.32000      4.06727      4.06727
     -1.31000      4.63806      4.63806
     -1.30000      4.89511      4.89511
     -1.29000      4.68074      4.68074
     -1.28000      4.41171      4.41171
     -1.27000      3.82587      3.82587
     -1.26000      3.49740      3.49740
     -1.25000      4.26572      4.26572
     -1.24000      5.24960      5.24960
     -1.23000      4.99294      4.99294
     -1.22000      4.47071      4.47071
     -1.21000      4.87491      4.87491
     -1.20000      5.29367      5.29367
     -1.19000      4.80482      4.80482
     -1.18000      1.94943      1.94943
     -1.17000     -9.14687     -9.14687
     -1.16000    -23.53252    -23.53252
     -1.15000    -17.49688    -17.49688
     -1.14000     -4.53114     -4.53114
     -1.13000     -6.45199     -6.45199
     -1.12000    -10.94526    -10.94526
     -1.11000     -4.74748     -4.74748
     -1.10000      2.33929      2.33929
     -1.09000      4.30316      4.30316
     -1.08000      3.58100      3.58100
     -1.07000      3.25666      3.25666
     -1.06000      3.67176      3.67176
     -1.05000      3.83959      3.83959
     -1.04000      3.91823      3.91823
     -1.03000      3.99197      3.99197
     -1.02000      3.79624      3.79624
     -1.01000      3.75372      3.75372
     -1.00000      3.61765      3.61765
     -0.99000      3.17042      3.17042
     -0.98000      2.96221      2.96221
     -0.97000      3.80183      3.80183
     -0.96000      5.33678      5.33678
     -0.95000      5.49428      5.49428
     -0.94000      4.27412      4.27412
     -0.93000      3.53335      3.53335
     -0.92000      3.78874      3.78874
     -0.91000      4.41764      4.41764
     -0.90000      4.33626      4.33626
     -0.89000      3.42307      3.42307
     -0.88000      2.88524      2.88524
     -0.87000      2.91829      2.91829
     -0.86000      2.73117      2.73117
     -0.85000      2.76835      2.76835
     -0.84000      3.04231      3.04231
     -0.83000      3.10470      3.10470
     -0.82000      3.00334      3.00334
     -0.81000      2.85736      2.85736
     -0.80000      2.93013      2.93013
     -0.79000      3.08815      3.08815
     -0.78000      2.96995      2.96995
     -0.77000      2.68702      2.68702
     -0.76000      2.40043      2.40043
     -0.75000      2.58558      2.58558
     -0.74000      2.97713      2.97713
     -0.73000      2.80945      2.80945
     -0.72000      2.15840      2.15840
     -0.71000      2.02397      2.02397
     -0.70000      2.29715      2.29715
     -0.69000      2.35291      2.35291
     -0.68000      2.18715      2.18715
     -0.67000      1.79470      1.79470
     -0.66000      1.76406      1.76406
     -0.65000      1.98723      1.98723
     -0.64000      2.07192      2.07192
     -0.63000      2.13282      2.13282
     -0.62000      2.51693      2.51693
     -0.61000      2.71080      2.71080
     -0.60000      2.35981      2.35981
     -0.59000      2.03762      2.03762
     -0.58000      2.35636      2.35636
     -0.57000      2.81079      2.81079
     -0.56000      2.64321      2.64321
     -0.55000      1.95640      1.95640
     -0.54000      1.55500      1.55500
     -0.53000      1.70939      1.70939
     -0.52000      1.76982      1.76982
     -0.51000      1.87397      1.87397
     -0.50000      2.55483      2.55483
     -0.49000      2.94797      2.94797
     -0.48000      2.51633      2.51633
     -0.47000      1.88364      1.88364
     -0.46000      1.67122      1.67122
     -0.45000      1.70782      1.70782
     -0.44000      1.55616      1.55616
     -0.43000      1.29228      1.29228
     -0.42000      1.28313      1.28313
     -0.41000      1.42901      1.42901
     -0.40000      1.73042      1.73042
     -0.39000      2.23659      2.23659
     -0.38000      2.15143      2.15143
     -0.37000      1.62856      1.62856
     -0.36000      1.42528      1.42528
     -0.35000      1.40055      1.40055
     -0.34000      1.22711      1.22711
     -0.33000      0.96945      0.96945
     -0.32000      0.77295      0.77295
     -0.31000      0.86065      0.86065
     -0.30000      1.02352      1.02352
     -0.29000      0.94585      0.94585
     -0.28000      0.92913      0.92913
     -0.27000      1.11844      1.11844
     -0.26000      1.22056      1.22056
     -0.25000      1.31267      1.31267
     -0.24000      1.16496      1.16496
     -0.23000      0.78528      0.78528
     -0.22000      0.42773      0.42773
     -0.21000      0.27879      0.27879
     -0.20000      0.31654      0.31654
     -0.19000      0.49092      0.49092
     -0.18000      0.86365      0.86365
     -0.17000      1.07993      1.07993
     -0.16000      0.82975      0.82975
     -0.15000      0.71096      0.71096
     -0.14000      0.80917      0.80917
     -0.13000      0.67466      0.67466
     -0.12000      0.60770      0.60770
     -0.11000      0.62354      0.62354
     -0.10000      0.67185      0.67185
     -0.09000      0.71200      0.71200
     -0.08000      0.71413      0.71413
     -0.07000      0.77613      0.77613
     -0.06000      0.62990      0.62990
     -0.05000      0.40741      0.40741
     -0.04000      0.35754      0.35754
     -0.03000      0.40453      0.40453
     -0.02000      0.35746      0.35746
     -0.01000      0.34872      0.34872
      0.00000      0.34600      0.34600
      0.01000      0.17290      0.17290
      0.02000      0.04339      0.04339
      0.03000      0.04968      0.04968
      0.04000      0.09139      0.09139
      0.05000      0.06920      0.06920
      0.06000      0.05757      0.05757
      0.07000      0.15124      0.15124
      0.08000      0.24743      0.24743
      0.09000      0.25583      0.25583
      0.10000      0.19932      0.19932
      0.11000      0.28407      0.28407
      0.12000      0.76755      0.76755
      0.13000      1.13576      1.13576
      0.14000      0.94120      0.94120
      0.15000      0.71730      0.71730
      0.16000      0.78739      0.78739
      0.17000      1.06489      1.06489
      0.18000      1.33107      1.33107
      0.19000      1.34729      1.34729
      0.20000      1.08985      1.08985
      0.21000      0.76203      0.76203
      0.22000      0.67662      0.67662
      0.23000      1.04976      1.04976
      0.24000      1.81533      1.81533
      0.25000      2.13934      2.13934
      0.26000      1.67328      1.67328
      0.27000      1.03556      1.03556
      0.28000      0.54000      0.54000
      0.29000      0.48573      0.48573
      0.30000      1.08814      1.08814
      0.31000      1.72189      1.72189
      0.32000      1.86218      1.86218
      0.33000      1.61162      1.61162
      0.34000      1.16592      1.16592
      0.35000      0.95409      0.95409
      0.36000      0.96383      0.96383
      0.37000      0.80960      0.80960
      0.38000      0.64746      0.64746
      0.39000      0.66616      0.66616
      0.40000      0.72789      0.72789
      0.41000      0.93219      0.93219
      0.42000      1.36604      1.36604
      0.43000      1.54418      1.54418
      0.44000      1.38173      1.38173
      0.45000      1.46494      1.46494
      0.46000      1.55419      1.55419
      0.47000      1.64635      1.64635
      0.48000      2.28408      2.28408
      0.49000      2.48063      2.48063
      0.50000      1.89994      1.89994
      0.51000      1.55611      1.55611
      0.52000      1.62683      1.62683
      0.53000      1.81043      1.81043
      0.54000      1.85095      1.85095
      0.55000      1.57567      1.57567
      0.56000      1.81940      1.81940
      0.57000      2.33440      2.33440
      0.58000      2.53324      2.53324
      0.59000      3.04899      3.04899
      0.60000      4.09997      4.09997
      0.61000      4.52937      4.52937
      0.62000      3.94563      3.94563
      0.63000      3.31295      3.31295
      0.64000      2.99188      2.99188
      0.65000      3.05788      3.05788
      0.66000      3.41054      3.41054
      0.67000      3.74871      3.74871
      0.68000      3.73685      3.73685
      0.69000      3.64581      3.64581
      0.70000      3.64270      3.64270
      0.71000      3.41349      3.41349
      0.72000      3.51668      3.51668
      0.73000      4.07676      4.07676
      0.74000      4.77176      4.77176
      0.75000      5.10887      5.10887
      0.76000      5.20846      5.20846
      0.77000      5.49846      5.49846
      0.78000      5.99159      5.99159
      0.79000      6.17353      6.17353
      0.80000      6.07205      6.07205
      0.81000      6.14385      6.14385
      0.82000      5.87654      5.87654
      0.83000      5.45192      5.45192
      0.84000      5.18186      5.18186
      0.85000      4.79334      4.79334
      0.86000      4.95563      4.95563
      0.87000      4.96444      4.96444
      0.88000      4.14864      4.14864
      0.89000      3.56501      3.56501
      0.90000      3.60447      3.60447
      0.91000      4.00383      4.00383
      0.92000      3.81377      3.81377
      0.93000      3.65967      3.65967
      0.94000      4.28304      4.28304
      0.95000      4.86636      4.86636
      0.96000      4.57683      4.57683
      0.97000      3.58601      3.58601
      0.98000      3.17676      3.17676
      0.99000      3.66410      3.66410
      1.00000      4.35993      4.35993
      1.01000      4.78065      4.78065
      1.02000      4.74086      4.74086
      1.03000      4.33068      4.33068
      1.04000      4.19351      4.19351
      1.05000      4.08440      4.08440
      1.06000      4.05752      4.05752
      1.07000      4.49408      4.49408
      1.08000      4.99635      4.99635
      1.09000      4.91834      4.91834
      1.10000      4.31310      4.31310
      1.11000      4.18631      4.18631
      1.12000      3.91128      3.91128
      1.13000      3.15673      3.15673
      1.14000      2.57933      2.57933
      1.15000      2.31079      2.31079
      1.16000      2.58079      2.58079
      1.17000      3.22579      3.22579
      1.18000      3.42492      3.42492
      1.19000      3.20250      3.20250
      1.20000      3.37627      3.37627
      1.21000      3.97312      3.97312
      1.22000      4.40792      4.40792
      1.23000      5.02293      5.02293
      1.24000      4.21557      4.21557
      1.25000     -5.97886     -5.97886
      1.26000    -29.18425    -29.18425
      1.27000    -34.85452    -34.85452
      1.28000    -13.06090    -13.06090
      1.29000      1.26088      1.26088
      1.30000      4.40508      4.40508
      1.31000      4.90591      4.90591
      1.32000      4.64735      4.64735
      1.33000      4.86118      4.86118
      1.34000      5.47640      5.47640
      1.35000      5.52999      5.52999
      1.36000      4.68260      4.68260
      1.37000      3.82505      3.82505
      1.38000      3.67330      3.67330
      1.39000      3.70301      3.70301
      1.40000      3.35877      3.35877
      1.41000      2.93425      2.93425
      1.42000      2.79675      2.79675
      1.43000      2.79624      2.79624
      1.44000      3.00839      3.00839
      1.45000      2.93818      2.93818
      1.46000      2.85989      2.85989
      1.47000      2.81308      2.81308
      1.48000      2.97938      2.97938
      1.49000      3.60086      3.60086
      1.50000      3.72920      3.72920
      1.51000      3.31446      3.31446
      1.52000      3.36753      3.36753
      1.53000      3.59003      3.59003
      1.54000      3.32131      3.32131
      1.55000      3.08787      3.08787
      1.56000      3.22584      3.22584
      1.57000      3.31146      3.31146
      1.58000      2.82295      2.82295
      1.59000      2.95649      2.95649
      1.60000      3.95751      3.95751
      1.61000      4.45485      4.45485
      1.62000      4.51953      4.51953
      1.63000      4.39790      4.39790
      1.64000      3.80230      3.80230
      1.65000      3.49791      3.49791
      1.66000      3.58530      3.58530
      1.67000      3.34378      3.34378
      1.68000      2.83478      2.83478
      1.69000      2.62135      2.62135
      1.70000      3.02330      3.02330
      1.71000      3.51119      3.51119
      1.72000      3.84469      3.84469
      1.73000      4.24855      4.24855
      1.74000      3.76448      3.76448
      1.75000      2.74248      2.74248
      1.76000      2.22457      2.22457
      1.77000      2.25414      2.25414
      1.78000      2.21360      2.21360
      1.79000      2.35038      2.35038
      1.80000      3.01791      3.01791
      1.81000      3.41693      3.41693
      1.82000      3.40963      3.40963
      1.83000      3.42394      3.42394
      1.84000      4.14687      4.14687
      1.85000      4.79654      4.79654
      1.86000      4.50546      4.50546
      1.87000      4.23581      4.23581
      1.88000      4.16452      4.16452
      1.89000      3.79663      3.79663
      1.90000      3.78168      3.78168
      1.91000      4.25884      4.25884
      1.92000      4.37011      4.37011
      1.93000      3.90555      3.90555
      1.94000      3.59451      3.59451
      1.95000      2.98917      2.98917
      1.96000      2.26835      2.26835
      1.97000      2.71666      2.71666
      1.98000      3.30576      3.30576
      1.99000      3.04527      3.04527
      2.00000      2.60180      2.60180
      2.01000      2.55582      2.55582
      2.02000      3.15767      3.15767
      2.03000      3.43717      3.43717
      2.04000      3.06287      3.06287
      2.05000      2.77299      2.77299
      2.06000      2.63754      2.63754
      2.07000      2.40888      2.40888
      2.08000      2.34006      2.34006
      2.09000      2.68278      2.68278
      2.10000      3.22654      3.22654
      2.11000      3.35324      3.35324
      2.12000      3.17304      3.17304
      2.13000      3.20938      3.20938
      2.14000      3.42914      3.42914
      2.15000      3.21986      3.21986
      2.16000      3.03723      3.03723
      2.17000      3.47269      3.47269
      2.18000      3.92843      3.92843
      2.19000      3.94930      3.94930
      2.20000      3.96182      3.96182
      2.21000      4.25695      4.25695
      2.22000      4.28631      4.28631
      2.23000      4.43227      4.43227
      2.24000      4.46928      4.46928
      2.25000      4.06250      4.06250
      2.26000      4.15285      4.15285
      2.27000      4.03429      4.03429
      2.28000      3.18831      3.18831
      2.29000      2.83966      2.83966
      2.30000      3.26706      3.26706
      2.31000      3.78951      3.78951
      2.32000      3.84286      3.84286
      2.33000      3.54381      3.54381
      2.34000      3.41502      3.41502
      2.35000      4.30346      4.30346
      2.36000      5.37804      5.37804
      2.37000      5.05121      5.05121
      2.38000      3.95805      3.95805
      2.39000      3.44829      3.44829
      2.40000      3.69545      3.69545
      2.41000      3.95319      3.95319
      2.42000      3.64911      3.64911
      2.43000      2.99102      2.99102
      2.44000      2.95483      2.95483
      2.45000      3.96627      3.96627
      2.46000      4.67766      4.67766
      2.47000      4.36671      4.36671
      2.48000      4.12993      4.12993
      2.49000      4.03865      4.03865
      2.50000      3.80443      3.80443
      2.51000      3.50165      3.50165
      2.52000      3.92258      3.92258
      2.53000      4.86712      4.86712
      2.54000      5.17738      5.17738
      2.55000      4.28949      4.28949
      2.56000      3.60486      3.60486
      2.57000      3.83556      3.83556
      2.58000      3.95026      3.95026
      2.59000      3.43167      3.43167
      2.60000      3.02489      3.02489
      2.61000      2.97801      2.97801
      2.62000      0.97620      0.97620
      2.63000     -3.00957     -3.00957
      2.64000     -2.37645     -2.37645
      2.65000      1.36341      1.36341
      2.66000      2.86322      2.86322
      2.67000      3.01718      3.01718
      2.68000      2.87939      2.87939
      2.69000      3.11212      3.11212
      2.70000      3.79177      3.79177
      2.71000      3.98446      3.98446
      2.72000      4.42542      4.42542
      2.73000      5.42655      5.42655
      2.74000      5.54242      5.54242
      2.75000      5.03933      5.03933
      2.76000      4.58710      4.58710
      2.77000      4.35285      4.35285
      2.78000      3.66356      3.66356
      2.79000      1.97906      1.97906
      2.80000     -3.39530     -3.39530
      2.81000    -10.28950    -10.28950
      2.82000     -6.38274     -6.38274
      2.83000      2.25661      2.25661
      2.84000      4.73979      4.73979
      2.85000      4.15588      4.15588
      2.86000      3.52527      3.52527
      2.87000      3.61240      3.61240
      2.88000      3.80844      3.80844
      2.89000      3.23653      3.23653
      2.90000      2.71807      2.71807
      2.91000      3.34900      3.34900
      2.92000      4.60981      4.60981
      2.93000      5.22102      5.22102
      2.94000      4.95198      4.95198
      2.95000      4.34561      4.34561
      2.96000      4.27845      4.27845
      2.97000      4.39543      4.39543
      2.98000      3.97808      3.97808
      2.99000      3.41923      3.41923
      3.00000      2.84213      2.84213
      3.01000      2.72133      2.72133
      3.02000      3.01328      3.01328
      3.03000      3.26609      3.26609
      3.04000      3.44029      3.44029
      3.05000      3.69205      3.69205
      3.06000      4.48073      4.48073
      3.07000      5.32367      5.32367
      3.08000      5.64647      5.64647
      3.09000      5.34826      5.34826
      3.10000      4.70206      4.70206
      3.11000      4.30025      4.30025
      3.12000      3.82793      3.82793
      3.13000      3.60066      3.60066
      3.14000      4.24586      4.24586
      3.15000      4.68433      4.68433
      3.16000      4.26336      4.26336
      3.17000      3.80424      3.80424
      3.18000      3.43670      3.43670
      3.19000      3.26543      3.26543
      3.20000      3.64945      3.64945
      3.21000      4.50244      4.50244
      3.22000      4.67682      4.67682
      3.23000      3.89168      3.89168
      3.24000      3.51318      3.51318
      3.25000      3.79803      3.79803
      3.26000      4.59957      4.59957
      3.27000      5.49170      5.49170
      3.28000      5.25095      5.25095
      3.29000      4.52160      4.52160
      3.30000      4.00884      4.00884
      3.31000      3.60692      3.60692
      3.32000      3.87036      3.87036
      3.33000      4.77622      4.77622
      3.34000      4.77780      4.77780
      3.35000      3.84649      3.84649
      3.36000      3.35731      3.35731
      3.37000      3.55850      3.55850
      3.38000      3.69425      3.69425
      3.39000      3.87621      3.87621
      3.40000      4.22433      4.22433
      3.41000      4.26545      4.26545
      3.42000      4.34712      4.34712
      3.43000      4.88245      4.88245
      3.44000      5.33919      5.33919
      3.45000      5.07103      5.07103
      3.46000      4.46805      4.46805
      3.47000      4.10834      4.10834
      3.48000      4.31294      4.31294
      3.49000      4.55062      4.55062
      3.50000      4.52703      4.52703
      3.51000      4.69979      4.69979
      3.52000      5.00525      5.00525
      3.53000      4.85616      4.85616
      3.54000      3.75345      3.75345
      3.55000      3.03792      3.03792
      3.56000      3.41200      3.41200
      3.57000      3.84842      3.84842
      3.58000      3.35944      3.35944
      3.59000      2.62513      2.62513
      3.60000      2.86259      2.86259
      3.61000      3.97003      3.97003
      3.62000      4.74950      4.74950
      3.63000      4.96249      4.96249
      3.64000      4.82948      4.82948
      3.65000      4.24207      4.24207
      3.66000      4.23439      4.23439
      3.67000      4.53152      4.53152
      3.68000      4.18033      4.18033
      3.69000      3.83422      3.83422
      3.70000      4.67191      4.67191
      3.71000      5.31005      5.31005
      3.72000      4.32748      4.32748
      3.73000      3.28468      3.28468
      3.74000      3.07546      3.07546
      3.75000      3.65738      3.65738
      3.76000      3.81075      3.81075
      3.77000      2.98300      2.98300
      3.78000      2.52717      2.52717
      3.79000      2.72540      2.72540
      3.80000      3.28632      3.28632
      3.81000      3.81565      3.81565
      3.82000      4.02723      4.02723
      3.83000      4.44840      4.44840
      3.84000      5.01162      5.01162
      3.85000      5.72622      5.72622
      3.86000      5.41662      5.41662
      3.87000      3.95035      3.95035
      3.88000      2.96700      2.96700
      3.89000      2.69071      2.69071
      3.90000      3.20704      3.20704
      3.91000      4.07324      4.07324
      3.92000      4.59667      4.59667
      3.93000      4.43645      4.43645
      3.94000      3.61081      3.61081
      3.95000      3.15830      3.15830
      3.96000      3.51267      3.51267
      3.97000      3.82115      3.82115
      3.98000      3.52581      3.52581
      3.99000      2.99208      2.99208
      4.00000      3.15855      3.15855
      4.01000      3.76009      3.76009
      4.02000      3.96991      3.96991
      4.03000      4.11269      4.11269
      4.04000      4.48620      4.48620
      4.05000      4.45409      4.45409
      4.06000      4.17923      4.17923
      4.07000      4.05111      4.05111
      4.08000      3.81036      3.81036
      4.09000      3.80923      3.80923
      4.10000      3.94712      3.94712
      4.11000      4.07804      4.07804
      4.12000      4.33761      4.33761
      4.13000      4.27288      4.27288
      4.14000      3.66105      3.66105
      4.15000      3.14670      3.14670
      4.16000      3.14121      3.14121
      4.17000      3.09960      3.09960
      4.18000      3.25518      3.25518
      4.19000      4.14864      4.14864
      4.20000      4.61282      4.61282
      4.21000      4.22465      4.22465
      4.22000      3.72622      3.72622
      4.23000      3.28054      3.28054
      4.24000      3.08979      3.08979
      4.25000      3.25961      3.25961
      4.26000      3.87631      3.87631
      4.27000      4.05281      4.05281
      4.28000      3.62909      3.62909
      4.29000      3.42048      3.42048
      4.30000      3.79576      3.79576
      4.31000      4.00482      4.00482
      4.32000      4.09154      4.09154
      4.33000      4.21819      4.21819
      4.34000      3.81045      3.81045
      4.35000      2.72889      2.72889
      4.36000      1.98118      1.98118
      4.37000      2.24745      2.24745
      4.38000      3.65140      3.65140
      4.39000      4.95975      4.95975
      4.40000      4.40822      4.40822
      4.41000      3.46190      3.46190
      4.42000      3.42286      3.42286
      4.43000      4.01675      4.01675
      4.44000      4.78296      4.78296
      4.45000      4.64631      4.64631
      4.46000      3.71866      3.71866
      4.47000      2.99535      2.99535
      4.48000      2.52164      2.52164
      4.49000      2.32877      2.32877
      4.50000      2.99716      2.99716
      4.51000      3.69719      3.69719
      4.52000      3.60231      3.60231
      4.53000      3.06556      3.06556
      4.54000      2.38056      2.38056
      4.55000      1.97523      1.97523
      4.56000      1.84056      1.84056
      4.57000      1.95154      1.95154
      4.58000      2.58794      2.58794
      4.59000      3.33025      3.33025
      4.60000      3.33287      3.33287
      4.61000      2.82454      2.82454
      4.62000      2.61816      2.61816
      4.63000      2.30508      2.30508
      4.64000      1.68655      1.68655
      4.65000      1.59583      1.59583
      4.66000      1.88095      1.88095
      4.67000      2.18083      2.18083
      4.68000      2.51618      2.51618
      4.69000      2.43321      2.43321
      4.70000      2.03023      2.03023
      4.71000      1.99138      1.99138
      4.72000      2.18662      2.18662
      4.73000      2.23418      2.23418
      4.74000      1.87201      1.87201
      4.75000      1.44395      1.44395
      4.76000      1.50266      1.50266
      4.77000      2.02614      2.02614
      4.78000      2.43498      2.43498
      4.79000      2.67167      2.67167
      4.80000      2.77384      2.77384
      4.81000      2.60258      2.60258
      4.82000      2.40262      2.40262
      4.83000      2.69880      2.69880
      4.84000      2.61809      2.61809
      4.85000      2.11720      2.11720
      4.86000      1.89397      1.89397
      4.87000      1.67276      1.67276
      4.88000      1.68754      1.68754
      4.89000      2.09033      2.09033
      4.90000      2.07951      2.07951
