Energy-E_F (eV)    DOS (1/eV)    PDOS (1/eV)  of atom type Au 
     -4.99000      9.21372      9.21372
     -4.98000      9.21355      9.21355
     -4.97000      7.76941      7.76941
     -4.96000      5.64983      5.64983
     -4.95000      4.66590      4.66590
     -4.94000      5.38871      5.38871
     -4.93000      6.03177      6.03177
     -4.92000      4.16472      4.16472
     -4.91000      1.65110      1.65110
     -4.90000      1.59626      1.59626
     -4.89000      6.09005      6.09005
     -4.88000     11.46331     11.46331
     -4.87000     10.06838     10.06838
     -4.86000      7.60973      7.60973
     -4.85000     10.85055     10.85055
     -4.84000     14.28656     14.28656
     -4.83000     12.04052     12.04052
     -4.82000      5.62274      5.62274
     -4.81000      1.86667      1.86667
     -4.80000      2.24644      2.24644
     -4.79000      4.27615      4.27615
     -4.78000      6.15413      6.15413
     -4.77000      7.34185      7.34185
     -4.76000      9.10757      9.10757
     -4.75000     13.54528     13.54528
     -4.74000     19.03437     19.03437
     -4.73000     18.83452     18.83452
     -4.72000     11.62185     11.62185
     -4.71000      5.55506      5.55506
     -4.70000      5.55363      5.55363
     -4.69000      8.27011      8.27011
     -4.68000      8.47308      8.47308
     -4.67000      6.58620      6.58620
     -4.66000      5.49829      5.49829
     -4.65000      5.28981      5.28981
     -4.64000      6.64838      6.64838
     -4.63000      7.42238      7.42238
     -4.62000      5.87755      5.87755
     -4.61000      6.24399      6.24399
     -4.60000      9.28402      9.28402
     -4.59000     11.90681     11.90681
     -4.58000     13.68699     13.68699
     -4.57000     13.87490     13.87490
     -4.56000      9.69671      9.69671
     -4.55000      6.39622      6.39622
     -4.54000      6.31244      6.31244
     -4.53000      6.32262      6.32262
     -4.52000      5.98448      5.98448
     -4.51000      9.25187      9.25187
     -4.50000     17.00153     17.00153
     -4.49000     20.33422     20.33422
     -4.48000     15.85836     15.85836
     -4.47000     13.75138     13.75138
     -4.46000     14.03925     14.03925
     -4.45000      9.44815      9.44815
     -4.44000      5.08242      5.08242
     -4.43000      5.93173      5.93173
     -4.42000      6.90909      6.90909
     -4.41000      4.83432      4.83432
     -4.40000      3.41091      3.41091
     -4.39000      4.87878      4.87878
     -4.38000      6.86292      6.86292
     -4.37000      8.14685      8.14685
     -4.36000      7.59364      7.59364
     -4.35000      5.53940      5.53940
     -4.34000      4.77762      4.77762
     -4.33000      6.82390      6.82390
     -4.32000      8.99999      8.99999
     -4.31000     10.61029     10.61029
     -4.30000     15.44462     15.44462
     -4.29000     19.48376     19.48376
     -4.28000     15.77088     15.77088
     -4.27000      9.18748      9.18748
     -4.26000      6.82879      6.82879
     -4.25000      5.84542      5.84542
     -4.24000      5.22382      5.22382
     -4.23000      5.53159      5.53159
     -4.22000      5.33785      5.33785
     -4.21000      8.26835      8.26835
     -4.20000     11.64505     11.64505
     -4.19000     11.91065     11.91065
     -4.18000     10.59927     10.59927
     -4.17000      8.93373      8.93373
     -4.16000     10.79141     10.79141
     -4.15000     12.27755     12.27755
     -4.14000      7.96449      7.96449
     -4.13000      3.29840      3.29840
     -4.12000      2.68858      2.68858
     -4.11000      3.96847      3.96847
     -4.10000      4.52173      4.52173
     -4.09000      4.85424      4.85424
     -4.08000      7.53255      7.53255
     -4.07000      8.90267      8.90267
     -4.06000      5.00257      5.00257
     -4.05000      1.90355      1.90355
     -4.04000      3.76754      3.76754
     -4.03000      7.38380      7.38380
     -4.02000      7.65412      7.65412
     -4.01000      8.00339      8.00339
     -4.00000      8.32202      8.32202
     -3.99000      4.85817      4.85817
     -3.98000      3.64311      3.64311
     -3.97000      7.33925      7.33925
     -3.96000     11.70196     11.70196
     -3.95000     13.78649     13.78649
     -3.94000     13.03064     13.03064
     -3.93000      8.90581      8.90581
     -3.92000      5.17163      5.17163
     -3.91000      5.10428      5.10428
     -3.90000      7.74632      7.74632
     -3.89000      8.44602      8.44602
     -3.88000      7.37909      7.37909
     -3.87000      7.81553      7.81553
     -3.86000      8.78958      8.78958
     -3.85000      8.26182      8.26182
     -3.84000      6.11731      6.11731
     -3.83000      4.61955      4.61955
     -3.82000      4.59945      4.59945
     -3.81000      4.80130      4.80130
     -3.80000      6.54353      6.54353
     -3.79000      9.97084      9.97084
     -3.78000     11.18138     11.18138
     -3.77000      9.22747      9.22747
     -3.76000      7.80841      7.80841
     -3.75000      6.05663      6.05663
     -3.74000      3.37289      3.37289
     -3.73000      2.92285      2.92285
     -3.72000      4.71598      4.71598
     -3.71000      5.77652      5.77652
     -3.70000      8.41232      8.41232
     -3.69000     11.50302     11.50302
     -3.68000     12.11015     12.11015
     -3.67000      9.39485      9.39485
     -3.66000      6.64764      6.64764
     -3.65000      7.10131      7.10131
     -3.64000      7.46870      7.46870
     -3.63000      8.54264      8.54264
     -3.62000     10.39170     10.39170
     -3.61000     10.31195     10.31195
     -3.60000      8.61752      8.61752
     -3.59000      6.54552      6.54552
     -3.58000      9.38244      9.38244
     -3.57000     13.58858     13.58858
     -3.56000     12.54092     12.54092
     -3.55000     10.46250     10.46250
     -3.54000      7.26989      7.26989
     -3.53000      3.46954      3.46954
     -3.52000      3.94648      3.94648
     -3.51000      8.51914      8.51914
     -3.50000     11.40555     11.40555
     -3.49000     11.34367     11.34367
     -3.48000      9.80368      9.80368
     -3.47000      8.94936      8.94936
     -3.46000      8.89832      8.89832
     -3.45000      7.85702      7.85702
     -3.44000      6.40475      6.40475
     -3.43000      4.85206      4.85206
     -3.42000      7.66107      7.66107
     -3.41000     15.67821     15.67821
     -3.40000     21.76926     21.76926
     -3.39000     19.34958     19.34958
     -3.38000     14.20056     14.20056
     -3.37000     11.36020     11.36020
     -3.36000     13.04095     13.04095
     -3.35000     17.03149     17.03149
     -3.34000     16.92645     16.92645
     -3.33000     12.27336     12.27336
     -3.32000     10.20495     10.20495
     -3.31000     12.79029     12.79029
     -3.30000     15.08190     15.08190
     -3.29000     13.30085     13.30085
     -3.28000      9.49716      9.49716
     -3.27000      8.81097      8.81097
     -3.26000     11.17421     11.17421
     -3.25000     11.73498     11.73498
     -3.24000      9.72894      9.72894
     -3.23000      8.69509      8.69509
     -3.22000     10.17661     10.17661
     -3.21000     10.58210     10.58210
     -3.20000      7.29534      7.29534
     -3.19000      5.86827      5.86827
     -3.18000      9.28277      9.28277
     -3.17000     15.58538     15.58538
     -3.16000     16.64914     16.64914
     -3.15000     12.24055     12.24055
     -3.14000      9.98107      9.98107
     -3.13000      7.48603      7.48603
     -3.12000      3.53337      3.53337
     -3.11000      1.42978      1.42978
     -3.10000      1.21956      1.21956
     -3.09000      0.96273      0.96273
     -3.08000      0.94467      0.94467
     -3.07000      1.12348      1.12348
     -3.06000      0.69711      0.69711
     -3.05000      1.40095      1.40095
     -3.04000      6.39433      6.39433
     -3.03000     12.44043     12.44043
     -3.02000     10.41582     10.41582
     -3.01000      4.38631      4.38631
     -3.00000      0.99181      0.99181
     -2.99000      0.10631      0.10631
     -2.98000      0.00469      0.00469
     -2.97000      0.00008      0.00008
     -2.96000     -0.00000     -0.00000
     -2.95000     -0.00000     -0.00000
     -2.94000      0.00000      0.00000
     -2.93000      0.00000      0.00000
     -2.92000      0.00010      0.00010
     -2.91000      0.00550      0.00550
     -2.90000      0.10649      0.10649
     -2.89000      0.75899      0.75899
     -2.88000      1.99017      1.99017
     -2.87000      1.91976      1.91976
     -2.86000      0.68126      0.68126
     -2.85000      0.08894      0.08894
     -2.84000      0.00427      0.00427
     -2.83000      0.00008      0.00008
     -2.82000      0.00013      0.00013
     -2.81000      0.00672      0.00672
     -2.80000      0.12846      0.12846
     -2.79000      0.95420      0.95420
     -2.78000      2.93950      2.93950
     -2.77000      4.26115      4.26115
     -2.76000      3.83404      3.83404
     -2.75000      3.06861      3.06861
     -2.74000      2.82103      2.82103
     -2.73000      4.39982      4.39982
     -2.72000      5.11283      5.11283
     -2.71000      3.66353      3.66353
     -2.70000      1.71406      1.71406
     -2.69000      0.39230      0.39230
     -2.68000      0.03659      0.03659
     -2.67000      0.02955      0.02955
     -2.66000      0.33745      0.33745
     -2.65000      1.58232      1.58232
     -2.64000      3.42541      3.42541
     -2.63000      4.32502      4.32502
     -2.62000      3.08507      3.08507
     -2.61000      0.97827      0.97827
     -2.60000      0.12108      0.12108
     -2.59000      0.02249      0.02249
     -2.58000      0.18540      0.18540
     -2.57000      0.74492      0.74492
     -2.56000      1.10164      1.10164
     -2.55000      0.59934      0.59934
     -2.54000      0.11995      0.11995
     -2.53000      0.00883      0.00883
     -2.52000      0.00024      0.00024
     -2.51000      0.00000      0.00000
     -2.50000      0.00000      0.00000
     -2.49000      0.00004      0.00004
     -2.48000      0.00241      0.00241
     -2.47000      0.04847      0.04847
     -2.46000      0.35878      0.35878
     -2.45000      0.97706      0.97706
     -2.44000      0.97885      0.97885
     -2.43000      0.36076      0.36076
     -2.42000      0.04926      0.04926
     -2.41000      0.01423      0.01423
     -2.40000      0.14793      0.14793
     -2.39000      0.69996      0.69996
     -2.38000      1.30523      1.30523
     -2.37000      1.05117      1.05117
     -2.36000      0.43381      0.43381
     -2.35000      0.33175      0.33175
     -2.34000      0.88151      0.88151
     -2.33000      1.24506      1.24506
     -2.32000      1.22158      1.22158
     -2.31000      1.18424      1.18424
     -2.30000      0.61269      0.61269
     -2.29000      0.13425      0.13425
     -2.28000      0.15038      0.15038
     -2.27000      0.68874      0.68874
     -2.26000      1.53400      1.53400
     -2.25000      2.56682      2.56682
     -2.24000      4.38922      4.38922
     -2.23000      6.49149      6.49149
     -2.22000      6.37150      6.37150
     -2.21000      4.22794      4.22794
     -2.20000      2.71512      2.71512
     -2.19000      1.18273      1.18273
     -2.18000      0.21977      0.21977
     -2.17000      0.01552      0.01552
     -2.16000      0.00633      0.00633
     -2.15000      0.11242      0.11242
     -2.14000      0.78378      0.78378
     -2.13000      2.01021      2.01021
     -2.12000      1.89672      1.89672
     -2.11000      0.66139      0.66139
     -2.10000      0.15600      0.15600
     -2.09000      0.64602      0.64602
     -2.08000      2.22173      2.22173
     -2.07000      3.09454      3.09454
     -2.06000      1.80445      1.80445
     -2.05000      0.44744      0.44744
     -2.04000      0.04620      0.04620
     -2.03000      0.00191      0.00191
     -2.02000      0.00004      0.00004
     -2.01000      0.00109      0.00109
     -2.00000      0.03285      0.03285
     -1.99000      0.36294      0.36294
     -1.98000      1.47519      1.47519
     -1.97000      2.20583      2.20583
     -1.96000      1.21551      1.21551
     -1.95000      0.29964      0.29964
     -1.94000      0.51889      0.51889
     -1.93000      1.70464      1.70464
     -1.92000      2.13410      2.13410
     -1.91000      0.98317      0.98317
     -1.90000      0.16663      0.16663
     -1.89000      0.01039      0.01039
     -1.88000      0.00024      0.00024
     -1.87000      0.00000      0.00000
     -1.86000      0.00000      0.00000
     -1.85000      0.00000      0.00000
     -1.84000      0.00000      0.00000
     -1.83000      0.00000      0.00000
     -1.82000      0.00009      0.00009
     -1.81000      0.00490      0.00490
     -1.80000      0.09813      0.09813
     -1.79000      0.72288      0.72288
     -1.78000      1.95893      1.95893
     -1.77000      1.95289      1.95289
     -1.76000      0.71622      0.71622
     -1.75000      0.09663      0.09663
     -1.74000      0.00493      0.00493
     -1.73000      0.00581      0.00581
     -1.72000      0.08907      0.08907
     -1.71000      0.51227      0.51227
     -1.70000      1.13753      1.13753
     -1.69000      1.52436      1.52436
     -1.68000      3.13498      3.13498
     -1.67000      5.13682      5.13682
     -1.66000      6.49937      6.49937
     -1.65000      8.91666      8.91666
     -1.64000      6.98369      6.98369
     -1.63000      2.84453      2.84453
     -1.62000      1.35485      1.35485
     -1.61000      0.61704      0.61704
     -1.60000      0.12250      0.12250
     -1.59000      0.00911      0.00911
     -1.58000      0.00165      0.00165
     -1.57000      0.03939      0.03939
     -1.56000      0.40856      0.40856
     -1.55000      1.55876      1.55876
     -1.54000      2.18781      2.18781
     -1.53000      1.13035      1.13035
     -1.52000      0.23816      0.23816
     -1.51000      0.30640      0.30640
     -1.50000      1.32531      1.32531
     -1.49000      2.21612      2.21612
     -1.48000      1.36364      1.36364
     -1.47000      0.30868      0.30868
     -1.46000      0.02571      0.02571
     -1.45000      0.00079      0.00079
     -1.44000      0.00001      0.00001
     -1.43000      0.00013      0.00013
     -1.42000      0.00569      0.00569
     -1.41000      0.09127      0.09127
     -1.40000      0.57802      0.57802
     -1.39000      1.66583      1.66583
     -1.38000      2.65947      2.65947
     -1.37000      2.30566      2.30566
     -1.36000      0.88898      0.88898
     -1.35000      0.19148      0.19148
     -1.34000      0.53280      0.53280
     -1.33000      1.73915      1.73915
     -1.32000      2.12952      2.12952
     -1.31000      1.10152      1.10152
     -1.30000      0.83601      0.83601
     -1.29000      1.11757      1.11757
     -1.28000      0.66470      0.66470
     -1.27000      0.14659      0.14659
     -1.26000      0.01190      0.01190
     -1.25000      0.00036      0.00036
     -1.24000      0.00000      0.00000
     -1.23000      0.00000      0.00000
     -1.22000      0.00036      0.00036
     -1.21000      0.01565      0.01565
     -1.20000      0.25668      0.25668
     -1.19000      1.61386      1.61386
     -1.18000      3.92750      3.92750
     -1.17000      3.71999      3.71999
     -1.16000      1.37084      1.37084
     -1.15000      0.19569      0.19569
     -1.14000      0.02237      0.02237
     -1.13000      0.14524      0.14524
     -1.12000      0.66091      0.66091
     -1.11000      1.10802      1.10802
     -1.10000      0.68338      0.68338
     -1.09000      0.15507      0.15507
     -1.08000      0.01424      0.01424
     -1.07000      0.03760      0.03760
     -1.06000      0.39366      0.39366
     -1.05000      1.53237      1.53237
     -1.04000      2.19458      2.19458
     -1.03000      1.16278      1.16278
     -1.02000      0.33709      0.33709
     -1.01000      0.79738      0.79738
     -1.00000      2.32521      2.32521
     -0.99000      3.03325      3.03325
     -0.98000      1.74004      1.74004
     -0.97000      0.94114      0.94114
     -0.96000      1.83627      1.83627
     -0.95000      2.19672      2.19672
     -0.94000      1.49977      1.49977
     -0.93000      1.55461      1.55461
     -0.92000      1.92388      1.92388
     -0.91000      2.14609      2.14609
     -0.90000      2.28290      2.28290
     -0.89000      3.25165      3.25165
     -0.88000      4.13722      4.13722
     -0.87000      2.70099      2.70099
     -0.86000      0.76967      0.76967
     -0.85000      0.08904      0.08904
     -0.84000      0.00399      0.00399
     -0.83000      0.00007      0.00007
     -0.82000      0.00000      0.00000
     -0.81000      0.00000      0.00000
     -0.80000      0.00027      0.00027
     -0.79000      0.01156      0.01156
     -0.78000      0.17945      0.17945
     -0.77000      1.02462      1.02462
     -0.76000      2.15236      2.15236
     -0.75000      1.66768      1.66768
     -0.74000      0.56560      0.56560
     -0.73000      0.76554      0.76554
     -0.72000      2.19445      2.19445
     -0.71000      3.22918      3.22918
     -0.70000      3.08641      3.08641
     -0.69000      2.41131      2.41131
     -0.68000      2.42039      2.42039
     -0.67000      1.85048      1.85048
     -0.66000      0.59856      0.59856
     -0.65000      0.21740      0.21740
     -0.64000      0.91994      0.91994
     -0.63000      2.09988      2.09988
     -0.62000      1.76915      1.76915
     -0.61000      0.54837      0.54837
     -0.60000      0.06423      0.06423
     -0.59000      0.04828      0.04828
     -0.58000      0.44936      0.44936
     -0.57000      1.62807      1.62807
     -0.56000      2.20673      2.20673
     -0.55000      1.47606      1.47606
     -0.54000      1.76051      1.76051
     -0.53000      2.19762      2.19762
     -0.52000      1.11951      1.11951
     -0.51000      0.21090      0.21090
     -0.50000      0.01469      0.01469
     -0.49000      0.00376      0.00376
     -0.48000      0.06169      0.06169
     -0.47000      0.41391      0.41391
     -0.46000      1.02156      1.02156
     -0.45000      0.92753      0.92753
     -0.44000      0.30981      0.30981
     -0.43000      0.03807      0.03807
     -0.42000      0.00172      0.00172
     -0.41000      0.00003      0.00003
     -0.40000      0.00000      0.00000
     -0.39000      0.00000      0.00000
     -0.38000      0.00025      0.00025
     -0.37000      0.01078      0.01078
     -0.36000      0.17098      0.17098
     -0.35000      0.99774      0.99774
     -0.34000      2.15335      2.15335
     -0.33000      1.90147      1.90147
     -0.32000      1.86371      1.86371
     -0.31000      3.64114      3.64114
     -0.30000      3.87054      3.87054
     -0.29000      1.72384      1.72384
     -0.28000      0.32303      0.32303
     -0.27000      0.17287      0.17287
     -0.26000      0.68956      0.68956
     -0.25000      1.32938      1.32938
     -0.24000      1.81922      1.81922
     -0.23000      2.34204      2.34204
     -0.22000      1.55249      1.55249
     -0.21000      0.39841      0.39841
     -0.20000      0.03784      0.03784
     -0.19000      0.00132      0.00132
     -0.18000      0.00002      0.00002
     -0.17000      0.00046      0.00046
     -0.16000      0.01448      0.01448
     -0.15000      0.16701      0.16701
     -0.14000      0.70951      0.70951
     -0.13000      1.13182      1.13182
     -0.12000      0.94636      0.94636
     -0.11000      1.60769      1.60769
     -0.10000      3.03826      3.03826
     -0.09000      3.36648      3.36648
     -0.08000      2.18178      2.18178
     -0.07000      0.88093      0.88093
     -0.06000      1.27556      1.27556
     -0.05000      2.56200      2.56200
     -0.04000      2.63225      2.63225
     -0.03000      2.15987      2.15987
     -0.02000      2.40732      2.40732
     -0.01000      1.94681      1.94681
      0.00000      0.66107      0.66107
      0.01000      0.08943      0.08943
      0.02000      0.12377      0.12377
      0.03000      1.03010      1.03010
      0.04000      3.36765      3.36765
      0.05000      4.20026      4.20026
      0.06000      1.99970      1.99970
      0.07000      0.36268      0.36268
      0.08000      0.02496      0.02496
      0.09000      0.00065      0.00065
      0.10000      0.00000      0.00000
      0.11000      0.00000      0.00000
      0.12000      0.00009      0.00009
      0.13000      0.00480      0.00480
      0.14000      0.09675      0.09675
      0.15000      0.71673      0.71673
      0.16000      1.95336      1.95336
      0.17000      1.95846      1.95846
      0.18000      0.72236      0.72236
      0.19000      0.09802      0.09802
      0.20000      0.00489      0.00489
      0.21000      0.00009      0.00009
      0.22000      0.00000      0.00000
      0.23000      0.00000      0.00000
      0.24000      0.00000      0.00000
      0.25000      0.00000      0.00000
      0.26000      0.00002      0.00002
      0.27000      0.00153      0.00153
      0.28000      0.04696      0.04696
      0.29000      0.54194      0.54194
      0.30000      2.45981      2.45981
      0.31000      4.94805      4.94805
      0.32000      5.61635      5.61635
      0.33000      4.43568      4.43568
      0.34000      2.61941      2.61941
      0.35000      1.19586      1.19586
      0.36000      0.31858      0.31858
      0.37000      0.03642      0.03642
      0.38000      0.00159      0.00159
      0.39000      0.00003      0.00003
      0.40000      0.00000      0.00000
      0.41000      0.00000      0.00000
      0.42000      0.00000      0.00000
      0.43000      0.00007      0.00007
      0.44000      0.00421      0.00421
      0.45000      0.09256      0.09256
      0.46000      0.79235      0.79235
      0.47000      2.83769      2.83769
      0.48000      4.87711      4.87711
      0.49000      4.78466      4.78466
      0.50000      3.07726      3.07726
      0.51000      2.00211      2.00211
      0.52000      2.19678      2.19678
      0.53000      2.60075      2.60075
      0.54000      2.30015      2.30015
      0.55000      2.38908      2.38908
      0.56000      1.89300      1.89300
      0.57000      0.62681      0.62681
      0.58000      0.07739      0.07739
      0.59000      0.00352      0.00352
      0.60000      0.00006      0.00006
      0.61000      0.00000      0.00000
      0.62000      0.00000      0.00000
      0.63000      0.00003      0.00003
      0.64000      0.00218      0.00218
      0.65000      0.05468      0.05468
      0.66000      0.50402      0.50402
      0.67000      1.70900      1.70900
      0.68000      2.13177      2.13177
      0.69000      0.97824      0.97824
      0.70000      0.16514      0.16514
      0.71000      0.01026      0.01026
      0.72000      0.00023      0.00023
      0.73000      0.00000      0.00000
      0.74000      0.00000      0.00000
      0.75000      0.00013      0.00013
      0.76000      0.00542      0.00542
      0.77000      0.08592      0.08592
      0.78000      0.50356      0.50356
      0.79000      1.13632      1.13632
      0.80000      1.27240      1.27240
      0.81000      1.27622      1.27622
      0.82000      0.93965      0.93965
      0.83000      0.29884      0.29884
      0.84000      0.04438      0.04438
      0.85000      0.14876      0.14876
      0.86000      0.91799      0.91799
      0.87000      2.14347      2.14347
      0.88000      2.27133      2.27133
      0.89000      2.81637      2.81637
      0.90000      4.27654      4.27654
      0.91000      3.59000      3.59000
      0.92000      2.01367      2.01367
      0.93000      0.97169      0.97169
      0.94000      0.25958      0.25958
      0.95000      0.05282      0.05282
      0.96000      0.24040      0.24040
      0.97000      0.83911      0.83911
      0.98000      1.14702      1.14702
      0.99000      1.11009      1.11009
      1.00000      1.92346      1.92346
      1.01000      2.06323      2.06323
      1.02000      0.84884      0.84884
      1.03000      0.12878      0.12878
      1.04000      0.00719      0.00719
      1.05000      0.00015      0.00015
      1.06000      0.00005      0.00005
      1.07000      0.00319      0.00319
      1.08000      0.07648      0.07648
      1.09000      0.71684      0.71684
      1.10000      2.82271      2.82271
      1.11000      5.22364      5.22364
      1.12000      4.95494      4.95494
      1.13000      2.33453      2.33453
      1.14000      0.49078      0.49078
      1.15000      0.04209      0.04209
      1.16000      0.00140      0.00140
      1.17000      0.00002      0.00002
      1.18000      0.00000      0.00000
      1.19000      0.00000      0.00000
      1.20000      0.00000      0.00000
      1.21000      0.00000      0.00000
      1.22000      0.00055      0.00055
      1.23000      0.01950      0.01950
      1.24000      0.25650      0.25650
      1.25000      1.24128      1.24128
      1.26000      2.20982      2.20982
      1.27000      1.44728      1.44728
      1.28000      0.34870      0.34870
      1.29000      0.03106      0.03106
      1.30000      0.00845      0.00845
      1.31000      0.13197      0.13197
      1.32000      0.86078      0.86078
      1.33000      2.06560      2.06560
      1.34000      1.82355      1.82355
      1.35000      0.59521      0.59521
      1.36000      0.13989      0.13989
      1.37000      0.58692      0.58692
      1.38000      1.81353      1.81353
      1.39000      2.07280      2.07280
      1.40000      0.88876      0.88876
      1.41000      0.37384      0.37384
      1.42000      1.20426      1.20426
      1.43000      2.20373      2.20373
      1.44000      1.51467      1.51467
      1.45000      0.65610      0.65610
      1.46000      1.34439      1.34439
      1.47000      2.26176      2.26176
      1.48000      1.82557      1.82557
      1.49000      1.94520      1.94520
      1.50000      2.34599      2.34599
      1.51000      2.11740      2.11740
      1.52000      3.44212      3.44212
      1.53000      5.39646      5.39646
      1.54000      5.23801      5.23801
      1.55000      3.04076      3.04076
      1.56000      1.09382      1.09382
      1.57000      0.21373      0.21373
      1.58000      0.05154      0.05154
      1.59000      0.48485      0.48485
      1.60000      2.83143      2.83143
      1.61000      6.93724      6.93724
      1.62000      7.44052      7.44052
      1.63000      3.62026      3.62026
      1.64000      0.79601      0.79601
      1.65000      0.07866      0.07866
      1.66000      0.07841      0.07841
      1.67000      0.61666      0.61666
      1.68000      1.85168      1.85168
      1.69000      2.04562      2.04562
      1.70000      0.83136      0.83136
      1.71000      0.12430      0.12430
      1.72000      0.00684      0.00684
      1.73000      0.00022      0.00022
      1.74000      0.00385      0.00385
      1.75000      0.06783      0.06783
      1.76000      0.44862      0.44862
      1.77000      1.23310      1.23310
      1.78000      2.09631      2.09631
      1.79000      3.12406      3.12406
      1.80000      2.79144      2.79144
      1.81000      1.13460      1.13460
      1.82000      0.19699      0.19699
      1.83000      0.02196      0.02196
      1.84000      0.13873      0.13873
      1.85000      0.88455      0.88455
      1.86000      2.08071      2.08071
      1.87000      1.80056      1.80056
      1.88000      0.57320      0.57320
      1.89000      0.06763      0.06763
      1.90000      0.02129      0.02129
      1.91000      0.24666      0.24666
      1.92000      1.21618      1.21618
      1.93000      2.20870      2.20870
      1.94000      1.52178      1.52178
      1.95000      0.72928      0.72928
      1.96000      1.11879      1.11879
      1.97000      1.73324      1.73324
      1.98000      2.35141      2.35141
      1.99000      2.08583      2.08583
      2.00000      1.48467      1.48467
      2.01000      2.15952      2.15952
      2.02000      2.35131      2.35131
      2.03000      2.36802      2.36802
      2.04000      2.66434      2.66434
      2.05000      2.00493      2.00493
      2.06000      2.13003      2.13003
      2.07000      2.26715      2.26715
      2.08000      1.87588      1.87588
      2.09000      2.27980      2.27980
      2.10000      1.70220      1.70220
      2.11000      0.66690      0.66690
      2.12000      0.79380      0.79380
      2.13000      1.10494      1.10494
      2.14000      0.62568      0.62568
      2.15000      0.35344      0.35344
      2.16000      0.83477      0.83477
      2.17000      1.07903      1.07903
      2.18000      0.52896      0.52896
      2.19000      0.22945      0.22945
      2.20000      0.65378      0.65378
      2.21000      1.18884      1.18884
      2.22000      1.34625      1.34625
      2.23000      2.04828      2.04828
      2.24000      2.07837      2.07837
      2.25000      1.23407      1.23407
      2.26000      1.72109      1.72109
      2.27000      2.18002      2.18002
      2.28000      1.08305      1.08305
      2.29000      0.19868      0.19868
      2.30000      0.02333      0.02333
      2.31000      0.17870      0.17870
      2.32000      1.25075      1.25075
      2.33000      3.63663      3.63663
      2.34000      5.25650      5.25650
      2.35000      5.58411      5.58411
      2.36000      4.37948      4.37948
      2.37000      1.66174      1.66174
      2.38000      0.24994      0.24994
      2.39000      0.01422      0.01422
      2.40000      0.00030      0.00030
      2.41000      0.00000      0.00000
      2.42000      0.00000      0.00000
      2.43000      0.00000      0.00000
      2.44000      0.00000      0.00000
      2.45000      0.00000      0.00000
      2.46000      0.00000      0.00000
      2.47000      0.00000      0.00000
      2.48000      0.00000      0.00000
      2.49000      0.00000      0.00000
      2.50000      0.00000      0.00000
      2.51000      0.00000      0.00000
      2.52000      0.00005      0.00005
      2.53000      0.00291      0.00291
      2.54000      0.06749      0.06749
      2.55000      0.57513      0.57513
      2.56000      1.80293      1.80293
      2.57000      2.07920      2.07920
      2.58000      0.88217      0.88217
      2.59000      0.14148      0.14148
      2.60000      0.08980      0.08980
      2.61000      0.64809      0.64809
      2.62000      1.88594      1.88594
      2.63000      2.02489      2.02489
      2.64000      0.88425      0.88425
      2.65000      0.62492      0.62492
      2.66000      1.08121      1.08121
      2.67000      0.83663      0.83663
      2.68000      0.30562      0.30562
      2.69000      0.78754      0.78754
      2.70000      3.30593      3.30593
      2.71000      5.46099      5.46099
      2.72000      3.41515      3.41515
      2.73000      0.80266      0.80266
      2.74000      0.07048      0.07048
      2.75000      0.00230      0.00230
      2.76000      0.00003      0.00003
      2.77000      0.00000      0.00000
      2.78000      0.00000      0.00000
      2.79000      0.00015      0.00015
      2.80000      0.00632      0.00632
      2.81000      0.09547      0.09547
      2.82000      0.53014      0.53014
      2.83000      1.08300      1.08300
      2.84000      0.81438      0.81438
      2.85000      0.24393      0.24393
      2.86000      0.30707      0.30707
      2.87000      1.60156      1.60156
      2.88000      3.63538      3.63538
      2.89000      4.62529      4.62529
      2.90000      5.01326      5.01326
      2.91000      3.29720      3.29720
      2.92000      1.11794      1.11794
      2.93000      1.25636      1.25636
      2.94000      2.19999      2.19999
      2.95000      1.52549      1.52549
      2.96000      0.43560      0.43560
      2.97000      0.49275      0.49275
      2.98000      1.63888      1.63888
      2.99000      2.16240      2.16240
      3.00000      1.05041      1.05041
      3.01000      0.18771      0.18771
      3.02000      0.01234      0.01234
      3.03000      0.00034      0.00034
      3.04000      0.00247      0.00247
      3.05000      0.05992      0.05992
      3.06000      0.53390      0.53390
      3.07000      1.75016      1.75016
      3.08000      2.11083      2.11083
      3.09000      0.94761      0.94761
      3.10000      0.32937      0.32937
      3.11000      1.02460      1.02460
      3.12000      2.14866      2.14866
      3.13000      1.67228      1.67228
      3.14000      0.47885      0.47885
      3.15000      0.05044      0.05044
      3.16000      0.00195      0.00195
      3.17000      0.00003      0.00003
      3.18000      0.00000      0.00000
      3.19000      0.00000      0.00000
      3.20000      0.00000      0.00000
      3.21000      0.00014      0.00014
      3.22000      0.00583      0.00583
      3.23000      0.09028      0.09028
      3.24000      0.51406      0.51406
      3.25000      1.07695      1.07695
      3.26000      0.83526      0.83526
      3.27000      0.34910      0.34910
      3.28000      0.96045      0.96045
      3.29000      3.15398      3.15398
      3.30000      4.70376      4.70376
