Energy-E_F (eV)    DOS (1/eV)    PDOS (1/eV)  of atom type Hg 
     -4.99000      0.07621      0.00000
     -4.98000      0.00256      0.00000
     -4.97000      0.00003      0.00000
     -4.96000      0.00000      0.00000
     -4.95000      0.00000      0.00000
     -4.94000      0.00015      0.00000
     -4.93000      0.00888      0.00000
     -4.92000      0.18905      0.00000
     -4.91000      1.48080      0.00000
     -4.90000      4.26704      0.00000
     -4.89000      4.52337      0.00000
     -4.88000      1.76402      0.00000
     -4.87000      0.25337      0.00000
     -4.86000      0.02580      0.00000
     -4.85000      0.19610      0.00000
     -4.84000      1.13341      0.00000
     -4.83000      2.41350      0.00000
     -4.82000      1.90346      0.00000
     -4.81000      0.74968      0.00000
     -4.80000      1.22037      0.00000
     -4.79000      2.42758      0.00000
     -4.78000      1.86127      0.00000
     -4.77000      0.52546      0.00000
     -4.76000      0.05457      0.00000
     -4.75000      0.00212      0.00000
     -4.74000      0.00253      0.00000
     -4.73000      0.07478      0.00000
     -4.72000      0.82290      0.00000
     -4.71000      3.33126      0.00000
     -4.70000      4.96104      0.00000
     -4.69000      2.71796      0.00000
     -4.68000      0.54780      0.00000
     -4.67000      0.04102      0.00000
     -4.66000      0.01978      0.00000
     -4.65000      0.32048      0.00000
     -4.64000      2.02390      0.00000
     -4.63000      4.70197      0.00000
     -4.62000      4.01861      0.00000
     -4.61000      1.26350      0.00000
     -4.60000      0.14614      0.00000
     -4.59000      0.00624      0.00000
     -4.58000      0.00224      0.00000
     -4.57000      0.07244      0.00000
     -4.56000      0.95267      0.00000
     -4.55000      5.14574      0.00000
     -4.54000     12.04389      0.00000
     -4.53000     12.51897      0.00000
     -4.52000      5.63817      0.00000
     -4.51000      1.04695      0.00000
     -4.50000      0.07679      0.00000
     -4.49000      0.00215      0.00000
     -4.48000      0.00002      0.00000
     -4.47000      0.00000      0.00000
     -4.46000      0.00000      0.00000
     -4.45000      0.00000      0.00000
     -4.44000      0.00000      0.00000
     -4.43000      0.00000      0.00000
     -4.42000      0.00000      0.00000
     -4.41000      0.00000      0.00000
     -4.40000      0.00000      0.00000
     -4.39000      0.00000      0.00000
     -4.38000      0.00000      0.00000
     -4.37000      0.00000      0.00000
     -4.36000      0.00000      0.00000
     -4.35000      0.00000      0.00000
     -4.34000      0.00000      0.00000
     -4.33000      0.00000      0.00000
     -4.32000      0.00000      0.00000
     -4.31000      0.00000      0.00000
     -4.30000      0.00000      0.00000
     -4.29000      0.00000      0.00000
     -4.28000      0.00000      0.00000
     -4.27000      0.00000      0.00000
     -4.26000      0.00000      0.00000
     -4.25000      0.00000      0.00000
     -4.24000      0.00005      0.00000
     -4.23000      0.00526      0.00000
     -4.22000      0.15295      0.00000
     -4.21000      1.67441      0.00000
     -4.20000      7.01575      0.00000
     -4.19000     11.60933      0.00000
     -4.18000      8.00201      0.00000
     -4.17000      2.43668      0.00000
     -4.16000      0.33345      0.00000
     -4.15000      0.01962      0.00000
     -4.14000      0.00046      0.00000
     -4.13000      0.00000      0.00000
     -4.12000      0.00000      0.00000
     -4.11000      0.00000      0.00000
     -4.10000      0.00000      0.00000
     -4.09000      0.00000      0.00000
     -4.08000      0.00000      0.00000
     -4.07000      0.00000      0.00000
     -4.06000      0.00000      0.00000
     -4.05000      0.00000      0.00000
     -4.04000      0.00000      0.00000
     -4.03000      0.00000      0.00000
     -4.02000      0.00000      0.00000
     -4.01000      0.00000      0.00000
     -4.00000      0.00003      0.00000
     -3.99000      0.00233      0.00000
     -3.98000      0.07266      0.00000
     -3.97000      0.84951      0.00000
     -3.96000      3.93990      0.00000
     -3.95000      7.96325      0.00000
     -3.94000      7.75723      0.00000
     -3.93000      3.62351      0.00000
     -3.92000      0.73151      0.00000
     -3.91000      0.05829      0.00000
     -3.90000      0.00175      0.00000
     -3.89000      0.00100      0.00000
     -3.88000      0.03190      0.00000
     -3.87000      0.39579      0.00000
     -3.86000      1.94935      0.00000
     -3.85000      4.10106      0.00000
     -3.84000      3.94643      0.00000
     -3.83000      1.72927      0.00000
     -3.82000      0.32103      0.00000
     -3.81000      0.02352      0.00000
     -3.80000      0.00065      0.00000
     -3.79000      0.00000      0.00000
     -3.78000      0.00000      0.00000
     -3.77000      0.00000      0.00000
     -3.76000      0.00000      0.00000
     -3.75000      0.00000      0.00000
     -3.74000      0.00000      0.00000
     -3.73000      0.00000      0.00000
     -3.72000      0.00000      0.00000
     -3.71000      0.00003      0.00000
     -3.70000      0.00258      0.00000
     -3.69000      0.07665      0.00000
     -3.68000      0.83634      0.00000
     -3.67000      3.35685      0.00000
     -3.66000      4.95930      0.00000
     -3.65000      2.77366      0.00000
     -3.64000      1.43463      0.00000
     -3.63000      3.84284      0.00000
     -3.62000      6.60252      0.00000
     -3.61000      5.31550      0.00000
     -3.60000      3.36109      0.00000
     -3.59000      4.56578      0.00000
     -3.58000      4.56970      0.00000
     -3.57000      1.94337      0.00000
     -3.56000      1.57692      0.00000
     -3.55000      4.10239      0.00000
     -3.54000      4.73471      0.00000
     -3.53000      2.78248      0.00000
     -3.52000      3.64309      0.00000
     -3.51000      4.97639      0.00000
     -3.50000      2.70801      0.00000
     -3.49000      0.54384      0.00000
     -3.48000      0.04018      0.00000
     -3.47000      0.00109      0.00000
     -3.46000      0.00033      0.00000
     -3.45000      0.01384      0.00000
     -3.44000      0.21415      0.00000
     -3.43000      1.28515      0.00000
     -3.42000      3.46743      0.00000
     -3.41000      5.54499      0.00000
     -3.40000      5.37509      0.00000
     -3.39000      2.40148      0.00000
     -3.38000      0.41953      0.00000
     -3.37000      0.02736      0.00000
     -3.36000      0.00269      0.00000
     -3.35000      0.06408      0.00000
     -3.34000      0.74340      0.00000
     -3.33000      3.17256      0.00000
     -3.32000      4.98081      0.00000
     -3.31000      2.87675      0.00000
     -3.30000      0.61393      0.00000
     -3.29000      0.11407      0.00000
     -3.28000      0.60315      0.00000
     -3.27000      2.14077      0.00000
     -3.26000      3.94583      0.00000
     -3.25000      6.39179      0.00000
     -3.24000      7.31958      0.00000
     -3.23000      3.91784      0.00000
     -3.22000      1.83859      0.00000
     -3.21000      2.45024      0.00000
     -3.20000      1.93472      0.00000
     -3.19000      0.57444      0.00000
     -3.18000      0.06280      0.00000
     -3.17000      0.00253      0.00000
     -3.16000      0.00004      0.00000
     -3.15000      0.00010      0.00000
     -3.14000      0.00631      0.00000
     -3.13000      0.14777      0.00000
     -3.12000      1.27227      0.00000
     -3.11000      4.02961      0.00000
     -3.10000      4.69555      0.00000
     -3.09000      2.02681      0.00000
     -3.08000      0.53234      0.00000
     -3.07000      1.21176      0.00000
     -3.06000      2.43880      0.00000
     -3.05000      1.88052      0.00000
     -3.04000      1.13418      0.00000
     -3.03000      2.96869      0.00000
     -3.02000      4.98556      0.00000
     -3.01000      3.13205      0.00000
     -3.00000      0.72412      0.00000
     -2.99000      0.06159      0.00000
     -2.98000      0.00193      0.00000
     -2.97000      0.00002      0.00000
     -2.96000      0.00029      0.00000
     -2.95000      0.01487      0.00000
     -2.94000      0.28477      0.00000
     -2.93000      2.11873      0.00000
     -2.92000      6.59981      0.00000
     -2.91000     10.03332      0.00000
     -2.90000      9.51880      0.00000
     -2.89000      6.28992      0.00000
     -2.88000      2.27292      0.00000
     -2.87000      0.42411      0.00000
     -2.86000      0.84367      0.00000
     -2.85000      3.31291      0.00000
     -2.84000      4.94362      0.00000
     -2.83000      2.73651      0.00000
     -2.82000      0.56179      0.00000
     -2.81000      0.04276      0.00000
     -2.80000      0.00121      0.00000
     -2.79000      0.00000      0.00000
     -2.78000      0.00000      0.00000
     -2.77000      0.00000      0.00000
     -2.76000      0.00000      0.00000
     -2.75000      0.00000      0.00000
     -2.74000      0.00045      0.00000
     -2.73000      0.02037      0.00000
     -2.72000      0.34066      0.00000
     -2.71000      2.09567      0.00000
     -2.70000      4.74278      0.00000
     -2.69000      3.94866      0.00000
     -2.68000      1.20940      0.00000
     -2.67000      0.13627      0.00000
     -2.66000      0.00565      0.00000
     -2.65000      0.00009      0.00000
     -2.64000      0.00000      0.00000
     -2.63000      0.00140      0.00000
     -2.62000      0.04843      0.00000
     -2.61000      0.61687      0.00000
     -2.60000      2.89028      0.00000
     -2.59000      4.98185      0.00000
     -2.58000      3.15898      0.00000
     -2.57000      0.73692      0.00000
     -2.56000      0.06465      0.00000
     -2.55000      0.04465      0.00000
     -2.54000      0.50504      0.00000
     -2.53000      2.51711      0.00000
     -2.52000      5.78727      0.00000
     -2.51000      6.28522      0.00000
     -2.50000      2.99502      0.00000
     -2.49000      0.57328      0.00000
     -2.48000      0.04185      0.00000
     -2.47000      0.00113      0.00000
     -2.46000      0.00022      0.00000
     -2.45000      0.01156      0.00000
     -2.44000      0.22765      0.00000
     -2.43000      1.78502      0.00000
     -2.42000      5.94466      0.00000
     -2.41000      9.34265      0.00000
     -2.40000      8.66398      0.00000
     -2.39000      6.77065      0.00000
     -2.38000      3.73330      0.00000
     -2.37000      0.96494      0.00000
     -2.36000      0.62350      0.00000
     -2.35000      3.05566      0.00000
     -2.34000      6.76264      0.00000
     -2.33000      5.94186      0.00000
     -2.32000      2.10365      0.00000
     -2.31000      0.30056      0.00000
     -2.30000      0.01709      0.00000
     -2.29000      0.00038      0.00000
     -2.28000      0.00000      0.00000
     -2.27000      0.00000      0.00000
     -2.26000      0.00000      0.00000
     -2.25000      0.00000      0.00000
     -2.24000      0.00000      0.00000
     -2.23000      0.00000      0.00000
     -2.22000      0.00000      0.00000
     -2.21000      0.00000      0.00000
     -2.20000      0.00012      0.00000
     -2.19000      0.00620      0.00000
     -2.18000      0.11997      0.00000
     -2.17000      0.85461      0.00000
     -2.16000      2.23956      0.00000
     -2.15000      2.15905      0.00000
     -2.14000      0.76571      0.00000
     -2.13000      0.09990      0.00000
     -2.12000      0.00486      0.00000
     -2.11000      0.00401      0.00000
     -2.10000      0.08643      0.00000
     -2.09000      0.70096      0.00000
     -2.08000      2.09127      0.00000
     -2.07000      2.29527      0.00000
     -2.06000      0.92675      0.00000
     -2.05000      0.13766      0.00000
     -2.04000      0.00752      0.00000
     -2.03000      0.00015      0.00000
     -2.02000      0.00000      0.00000
     -2.01000      0.00000      0.00000
     -2.00000      0.00000      0.00000
     -1.99000      0.00131      0.00000
     -1.98000      0.04649      0.00000
     -1.97000      0.61645      0.00000
     -1.96000      3.22111      0.00000
     -1.95000      7.73193      0.00000
     -1.94000     10.91247      0.00000
     -1.93000      9.50473      0.00000
     -1.92000      4.39044      0.00000
     -1.91000      0.97463      0.00000
     -1.90000      0.09643      0.00000
     -1.89000      0.00392      0.00000
     -1.88000      0.00006      0.00000
     -1.87000      0.00070      0.00000
     -1.86000      0.02414      0.00000
     -1.85000      0.30774      0.00000
     -1.84000      1.44348      0.00000
     -1.83000      2.49080      0.00000
     -1.82000      1.58115      0.00000
     -1.81000      0.36924      0.00000
     -1.80000      0.03172      0.00000
     -1.79000      0.00100      0.00000
     -1.78000      0.00001      0.00000
     -1.77000      0.00000      0.00000
     -1.76000      0.00000      0.00000
     -1.75000      0.00000      0.00000
     -1.74000      0.00000      0.00000
     -1.73000      0.00019      0.00000
     -1.72000      0.01054      0.00000
     -1.71000      0.21385      0.00000
     -1.70000      1.59555      0.00000
     -1.69000      4.37936      0.00000
     -1.68000      4.42197      0.00000
     -1.67000      1.64258      0.00000
     -1.66000      0.22446      0.00000
     -1.65000      0.01128      0.00000
     -1.64000      0.00021      0.00000
     -1.63000      0.00000      0.00000
     -1.62000      0.00000      0.00000
     -1.61000      0.00000      0.00000
     -1.60000      0.00000      0.00000
     -1.59000      0.00000      0.00000
     -1.58000      0.00000      0.00000
     -1.57000      0.00000      0.00000
     -1.56000      0.00000      0.00000
     -1.55000      0.00000      0.00000
     -1.54000      0.00000      0.00000
     -1.53000      0.00000      0.00000
     -1.52000      0.00000      0.00000
     -1.51000      0.00000      0.00000
     -1.50000      0.00000      0.00000
     -1.49000      0.00000      0.00000
     -1.48000      0.00000      0.00000
     -1.47000      0.00000      0.00000
     -1.46000      0.00000      0.00000
     -1.45000      0.00000      0.00000
     -1.44000      0.00000      0.00000
     -1.43000      0.00000      0.00000
     -1.42000      0.00000      0.00000
     -1.41000      0.00000      0.00000
     -1.40000      0.00000      0.00000
     -1.39000      0.00000      0.00000
     -1.38000      0.00000      0.00000
     -1.37000      0.00000      0.00000
     -1.36000      0.00000      0.00000
     -1.35000      0.00000      0.00000
     -1.34000      0.00016      0.00000
     -1.33000      0.00930      0.00000
     -1.32000      0.19551      0.00000
     -1.31000      1.51140      0.00000
     -1.30000      4.29818      0.00000
     -1.29000      4.49672      0.00000
     -1.28000      1.73066      0.00000
     -1.27000      0.24504      0.00000
     -1.26000      0.01276      0.00000
     -1.25000      0.00024      0.00000
     -1.24000      0.00000      0.00000
     -1.23000      0.00000      0.00000
     -1.22000      0.00000      0.00000
     -1.21000      0.00000      0.00000
     -1.20000      0.00037      0.00000
     -1.19000      0.01494      0.00000
     -1.18000      0.22214      0.00000
     -1.17000      1.21492      0.00000
     -1.16000      2.44444      0.00000
     -1.15000      1.80932      0.00000
     -1.14000      0.49267      0.00000
     -1.13000      0.04935      0.00000
     -1.12000      0.00182      0.00000
     -1.11000      0.00007      0.00000
     -1.10000      0.00308      0.00000
     -1.09000      0.07256      0.00000
     -1.08000      0.62901      0.00000
     -1.07000      2.00585      0.00000
     -1.06000      2.35410      0.00000
     -1.05000      1.04746      0.00000
     -1.04000      0.53211      0.00000
     -1.03000      1.59399      0.00000
     -1.02000      2.49074      0.00000
     -1.01000      1.44006      0.00000
     -1.00000      0.30632      0.00000
     -0.99000      0.02397      0.00000
     -0.98000      0.00069      0.00000
     -0.97000      0.00000      0.00000
     -0.96000      0.00000      0.00000
     -0.95000      0.00000      0.00000
     -0.94000      0.00000      0.00000
     -0.93000      0.00000      0.00000
     -0.92000      0.00000      0.00000
     -0.91000      0.00000      0.00000
     -0.90000      0.00019      0.00000
     -0.89000      0.00900      0.00000
     -0.88000      0.15619      0.00000
     -0.87000      0.99719      0.00000
     -0.86000      2.34208      0.00000
     -0.85000      2.02369      0.00000
     -0.84000      0.64809      0.00000
     -0.83000      0.19736      0.00000
     -0.82000      1.13207      0.00000
     -0.81000      3.83788      0.00000
     -0.80000      4.80004      0.00000
     -0.79000      2.20856      0.00000
     -0.78000      0.37383      0.00000
     -0.77000      0.02328      0.00000
     -0.76000      0.00053      0.00000
     -0.75000      0.00000      0.00000
     -0.74000      0.00042      0.00000
     -0.73000      0.01936      0.00000
     -0.72000      0.32877      0.00000
     -0.71000      2.05368      0.00000
     -0.70000      4.71933      0.00000
     -0.69000      3.98964      0.00000
     -0.68000      1.24078      0.00000
     -0.67000      0.14196      0.00000
     -0.66000      0.00602      0.00000
     -0.65000      0.00309      0.00000
     -0.64000      0.07120      0.00000
     -0.63000      0.62159      0.00000
     -0.62000      1.99637      0.00000
     -0.61000      2.35875      0.00000
     -0.60000      1.02537      0.00000
     -0.59000      0.17048      0.00000
     -0.58000      0.13434      0.00000
     -0.57000      0.87459      0.00000
     -0.56000      2.25565      0.00000
     -0.55000      2.14065      0.00000
     -0.54000      0.74735      0.00000
     -0.53000      0.09599      0.00000
     -0.52000      0.00454      0.00000
     -0.51000      0.00008      0.00000
     -0.50000      0.00000      0.00000
     -0.49000      0.00000      0.00000
     -0.48000      0.00000      0.00000
     -0.47000      0.00000      0.00000
     -0.46000      0.00000      0.00000
     -0.45000      0.00001      0.00000
     -0.44000      0.00114      0.00000
     -0.43000      0.03540      0.00000
     -0.42000      0.41244      0.00000
     -0.41000      1.94893      0.00000
     -0.40000      4.49784      0.00000
     -0.39000      6.08797      0.00000
     -0.38000      4.31711      0.00000
     -0.37000      1.29430      0.00000
     -0.36000      0.14849      0.00000
     -0.35000      0.01063      0.00000
     -0.34000      0.11207      0.00000
     -0.33000      1.06817      0.00000
     -0.32000      3.74875      0.00000
     -0.31000      4.83989      0.00000
     -0.30000      2.29875      0.00000
     -0.29000      0.40165      0.00000
     -0.28000      0.02582      0.00000
     -0.27000      0.00061      0.00000
     -0.26000      0.00000      0.00000
     -0.25000      0.00047      0.00000
     -0.24000      0.02103      0.00000
     -0.23000      0.34829      0.00000
     -0.22000      2.12219      0.00000
     -0.21000      4.75699      0.00000
     -0.20000      3.92271      0.00000
     -0.19000      1.19000      0.00000
     -0.18000      0.13284      0.00000
     -0.17000      0.00799      0.00000
     -0.16000      0.07576      0.00000
     -0.15000      0.82933      0.00000
     -0.14000      3.34357      0.00000
     -0.13000      4.96246      0.00000
     -0.12000      2.80233      0.00000
     -0.11000      1.51517      0.00000
     -0.10000      3.63694      0.00000
     -0.09000      4.89715      0.00000
     -0.08000      2.45176      0.00000
     -0.07000      0.45175      0.00000
     -0.06000      0.03629      0.00000
     -0.05000      0.13757      0.00000
     -0.04000      1.21239      0.00000
     -0.03000      3.95278      0.00000
     -0.02000      4.74861      0.00000
     -0.01000      2.23575      0.00000
     -0.00000      1.29140      0.00000
      0.01000      2.33308      0.00000
      0.02000      2.06771      0.00000
      0.03000      0.67976      0.00000
      0.04000      0.08229      0.00000
      0.05000      0.00778      0.00000
      0.06000      0.10832      0.00000
      0.07000      1.04543      0.00000
      0.08000      3.71403      0.00000
      0.09000      4.85401      0.00000
      0.10000      2.33431      0.00000
      0.11000      0.43202      0.00000
      0.12000      0.29079      0.00000
      0.13000      1.33336      0.00000
      0.14000      2.47571      0.00000
      0.15000      1.69186      0.00000
      0.16000      0.42534      0.00000
      0.17000      0.03934      0.00000
      0.18000      0.00134      0.00000
      0.19000      0.00002      0.00000
      0.20000      0.00000      0.00000
      0.21000      0.00000      0.00000
      0.22000      0.00014      0.00000
      0.23000      0.00728      0.00000
      0.24000      0.13450      0.00000
      0.25000      0.91484      0.00000
      0.26000      2.31074      0.00000
      0.27000      2.49084      0.00000
      0.28000      2.96616      0.00000
      0.29000      4.92691      0.00000
      0.30000      4.10350      0.00000
      0.31000      3.07058      0.00000
      0.32000      4.78804      0.00000
      0.33000      4.09123      0.00000
      0.34000      1.55979      0.00000
      0.35000      1.46539      0.00000
      0.36000      2.47796      0.00000
      0.37000      1.71294      0.00000
      0.38000      0.43673      0.00000
      0.39000      0.04097      0.00000
      0.40000      0.00141      0.00000
      0.41000      0.00002      0.00000
      0.42000      0.00000      0.00000
      0.43000      0.00000      0.00000
      0.44000      0.00004      0.00000
      0.45000      0.00293      0.00000
      0.46000      0.08403      0.00000
      0.47000      0.88858      0.00000
      0.48000      3.47806      0.00000
      0.49000      5.34204      0.00000
      0.50000      4.90890      0.00000
      0.51000      5.38330      0.00000
      0.52000      4.27543      0.00000
      0.53000      3.65963      0.00000
      0.54000      5.08335      0.00000
      0.55000      4.05669      0.00000
      0.56000      4.68073      0.00000
      0.57000      9.18282      0.00000
      0.58000      8.55337      0.00000
      0.59000      4.27073      0.00000
      0.60000      2.86191      0.00000
      0.61000      1.62251      0.00000
      0.62000      0.38067      0.00000
      0.63000      0.03317      0.00000
      0.64000      0.00106      0.00000
      0.65000      0.00001      0.00000
      0.66000      0.00003      0.00000
      0.67000      0.00280      0.00000
      0.68000      0.08415      0.00000
      0.69000      0.97065      0.00000
      0.70000      4.30254      0.00000
      0.71000      7.32486      0.00000
      0.72000      4.77337      0.00000
      0.73000      1.27409      0.00000
      0.74000      1.06080      0.00000
      0.75000      3.56460      0.00000
      0.76000      4.90736      0.00000
      0.77000      2.48802      0.00000
      0.78000      0.46405      0.00000
      0.79000      0.03184      0.00000
      0.80000      0.00080      0.00000
      0.81000      0.00020      0.00000
      0.82000      0.00929      0.00000
      0.83000      0.16330      0.00000
      0.84000      1.11878      0.00000
      0.85000      3.41213      0.00000
      0.86000      5.75570      0.00000
      0.87000      5.47783      0.00000
      0.88000      2.37917      0.00000
      0.89000      0.40693      0.00000
      0.90000      0.02693      0.00000
      0.91000      0.02915      0.00000
      0.92000      0.34445      0.00000
      0.93000      1.53923      0.00000
      0.94000      2.68368      0.00000
      0.95000      2.61315      0.00000
      0.96000      2.73617      0.00000
      0.97000      1.93444      0.00000
      0.98000      0.55732      0.00000
      0.99000      0.05973      0.00000
      1.00000      0.00236      0.00000
      1.01000      0.00003      0.00000
      1.02000      0.00000      0.00000
      1.03000      0.00000      0.00000
      1.04000      0.00000      0.00000
      1.05000      0.00000      0.00000
      1.06000      0.00003      0.00000
      1.07000      0.00203      0.00000
      1.08000      0.05346      0.00000
      1.09000      0.51859      0.00000
      1.10000      1.85062      0.00000
      1.11000      2.42963      0.00000
      1.12000      1.18079      0.00000
      1.13000      0.37504      0.00000
      1.14000      1.38512      0.00000
      1.15000      4.18487      0.00000
      1.16000      5.03064      0.00000
      1.17000      3.56126      0.00000
      1.18000      2.77557      0.00000
      1.19000      1.58936      0.00000
      1.20000      1.89144      0.00000
      1.21000      4.42548      0.00000
      1.22000      4.49902      0.00000
      1.23000      2.37389      0.00000
      1.24000      2.36975      0.00000
      1.25000      2.34518      0.00000
      1.26000      1.97722      0.00000
      1.27000      5.57238      0.00000
      1.28000     10.45657      0.00000
      1.29000      9.58672      0.00000
      1.30000      6.68691      0.00000
      1.31000      3.32068      0.00000
      1.32000      0.74240      0.00000
      1.33000      0.06326      0.00000
      1.34000      0.00199      0.00000
      1.35000      0.00002      0.00000
      1.36000      0.00041      0.00000
      1.37000      0.01903      0.00000
      1.38000      0.32477      0.00000
      1.39000      2.03937      0.00000
      1.40000      4.71106      0.00000
      1.41000      4.00400      0.00000
      1.42000      1.26828      0.00000
      1.43000      0.38304      0.00000
      1.44000      1.27044      0.00000
      1.45000      2.46389      0.00000
      1.46000      1.87180      0.00000
      1.47000      1.52959      0.00000
      1.48000      3.79062      0.00000
      1.49000      4.84275      0.00000
      1.50000      2.30181      0.00000
      1.51000      0.40265      0.00000
      1.52000      0.02932      0.00000
      1.53000      0.09614      0.00000
      1.54000      1.03762      0.00000
      1.55000      4.39849      0.00000
      1.56000      7.27861      0.00000
      1.57000      4.67273      0.00000
      1.58000      1.15189      0.00000
      1.59000      0.10783      0.00000
      1.60000      0.00380      0.00000
      1.61000      0.00005      0.00000
      1.62000      0.00000      0.00000
      1.63000      0.00000      0.00000
      1.64000      0.00000      0.00000
      1.65000      0.00000      0.00000
      1.66000      0.00000      0.00000
      1.67000      0.00000      0.00000
      1.68000      0.00000      0.00000
      1.69000      0.00000      0.00000
      1.70000      0.00000      0.00000
      1.71000      0.00000      0.00000
      1.72000      0.00000      0.00000
      1.73000      0.00000      0.00000
      1.74000      0.00000      0.00000
      1.75000      0.00139      0.00000
      1.76000      0.05552      0.00000
      1.77000      0.82903      0.00000
      1.78000      4.61911      0.00000
      1.79000      9.61633      0.00000
      1.80000      7.60479      0.00000
      1.81000      3.36754      0.00000
      1.82000      4.16927      0.00000
      1.83000      4.76028      0.00000
      1.84000      2.11063      0.00000
      1.85000      0.34491      0.00000
      1.86000      0.02074      0.00000
      1.87000      0.00049      0.00000
      1.88000      0.00232      0.00000
      1.89000      0.06037      0.00000
      1.90000      0.59969      0.00000
      1.91000      2.43955      0.00000
      1.92000      4.77027      0.00000
      1.93000      5.51007      0.00000
      1.94000      3.82465      0.00000
      1.95000      1.33241      0.00000
      1.96000      0.19870      0.00000
      1.97000      0.01166      0.00000
      1.98000      0.00026      0.00000
      1.99000      0.00000      0.00000
      2.00000      0.00000      0.00000
      2.01000      0.00000      0.00000
      2.02000      0.00000      0.00000
      2.03000      0.00000      0.00000
      2.04000      0.00000      0.00000
      2.05000      0.00062      0.00000
      2.06000      0.02601      0.00000
      2.07000      0.40391      0.00000
      2.08000      2.31331      0.00000
      2.09000      4.98565      0.00000
      2.10000      4.69286      0.00000
      2.11000      3.44806      0.00000
      2.12000      2.82175      0.00000
      2.13000      2.70610      0.00000
      2.14000      2.42892      0.00000
      2.15000      1.02630      0.00000
      2.16000      0.42882      0.00000
      2.17000      1.36079      0.00000
      2.18000      2.47945      0.00000
      2.19000      1.67294      0.00000
      2.20000      0.41528      0.00000
      2.21000      0.03795      0.00000
      2.22000      0.00361      0.00000
      2.23000      0.07168      0.00000
      2.24000      0.81817      0.00000
      2.25000      3.57425      0.00000
      2.26000      6.44447      0.00000
      2.27000      6.01226      0.00000
      2.28000      5.37686      0.00000
      2.29000      5.40749      0.00000
      2.30000      2.89071      0.00000
      2.31000      0.60362      0.00000
      2.32000      0.04736      0.00000
      2.33000      0.02599      0.00000
      2.34000      0.38901      0.00000
      2.35000      2.26011      0.00000
      2.36000      4.87567      0.00000
      2.37000      4.30588      0.00000
      2.38000      2.94344      0.00000
      2.39000      2.55801      0.00000
      2.40000      1.40172      0.00000
      2.41000      1.83787      0.00000
      2.42000      4.43074      0.00000
      2.43000      4.57838      0.00000
      2.44000      3.33645      0.00000
      2.45000      6.64370      0.00000
      2.46000     10.20798      0.00000
      2.47000      7.91779      0.00000
      2.48000      3.66301      0.00000
      2.49000      0.99345      0.00000
      2.50000      0.12515      0.00000
      2.51000      0.00626      0.00000
      2.52000      0.00015      0.00000
      2.53000      0.00279      0.00000
      2.54000      0.08123      0.00000
      2.55000      0.86875      0.00000
      2.56000      3.42431      0.00000
      2.57000      5.08209      0.00000
      2.58000      3.55863      0.00000
      2.59000      2.81048      0.00000
      2.60000      2.12884      0.00000
      2.61000      0.70232      0.00000
      2.62000      0.08651      0.00000
      2.63000      0.00393      0.00000
      2.64000      0.00038      0.00000
      2.65000      0.01547      0.00000
      2.66000      0.28075      0.00000
      2.67000      1.87476      0.00000
      2.68000      4.60560      0.00000
      2.69000      4.16228      0.00000
      2.70000      1.38383      0.00000
      2.71000      0.16925      0.00000
      2.72000      0.00762      0.00000
      2.73000      0.00013      0.00000
      2.74000      0.00000      0.00000
      2.75000      0.00000      0.00000
      2.76000      0.00000      0.00000
      2.77000      0.00022      0.00000
      2.78000      0.00995      0.00000
      2.79000      0.16757      0.00000
      2.80000      1.03815      0.00000
      2.81000      2.36606      0.00000
      2.82000      1.98415      0.00000
      2.83000      0.62667      0.00000
      2.84000      0.28993      0.00000
      2.85000      1.21292      0.00000
      2.86000      2.44283      0.00000
      2.87000      1.81420      0.00000
      2.88000      0.49567      0.00000
      2.89000      0.04982      0.00000
      2.90000      0.00238      0.00000
      2.91000      0.02349      0.00000
      2.92000      0.37596      0.00000
      2.93000      2.21560      0.00000
      2.94000      4.80416      0.00000
      2.95000      3.86347      0.00000
      2.96000      1.59538      0.00000
      2.97000      2.63050      0.00000
      2.98000      4.91834      0.00000
      2.99000      3.53972      0.00000
      3.00000      0.93810      0.00000
      3.01000      0.09395      0.00000
      3.02000      0.07795      0.00000
      3.03000      0.82217      0.00000
      3.04000      3.32976      0.00000
      3.05000      4.96129      0.00000
      3.06000      2.71946      0.00000
      3.07000      0.54837      0.00000
      3.08000      0.04068      0.00000
      3.09000      0.00111      0.00000
      3.10000      0.00000      0.00000
      3.11000      0.00003      0.00000
      3.12000      0.00246      0.00000
      3.13000      0.07394      0.00000
      3.14000      0.81681      0.00000
      3.15000      3.31954      0.00000
      3.16000      4.96298      0.00000
