Energy-E_F (eV)    DOS (1/eV)    PDOS (1/eV)  of atom type Hg 
     -4.99000      0.03811      0.03811
     -4.98000      0.00128      0.00128
     -4.97000      0.00002      0.00002
     -4.96000      0.00000      0.00000
     -4.95000      0.00000      0.00000
     -4.94000      0.00005      0.00005
     -4.93000      0.00324      0.00324
     -4.92000      0.07521      0.07521
     -4.91000      0.64318      0.64318
     -4.90000      2.02356      2.02356
     -4.89000      2.34211      2.34211
     -4.88000      0.99725      0.99725
     -4.87000      0.15635      0.15635
     -4.86000      0.01522      0.01522
     -4.85000      0.09809      0.09809
     -4.84000      0.56665      0.56665
     -4.83000      1.20673      1.20673
     -4.82000      0.95173      0.95173
     -4.81000      0.37425      0.37425
     -4.80000      0.60824      0.60824
     -4.79000      1.21301      1.21301
     -4.78000      0.93257      0.93257
     -4.77000      0.26399      0.26399
     -4.76000      0.02749      0.02749
     -4.75000      0.00107      0.00107
     -4.74000      0.00103      0.00103
     -4.73000      0.03197      0.03197
     -4.72000      0.37113      0.37113
     -4.71000      1.58508      1.58508
     -4.70000      2.49050      2.49050
     -4.69000      1.43955      1.43955
     -4.68000      0.30611      0.30611
     -4.67000      0.02408      0.02408
     -4.66000      0.00769      0.00769
     -4.65000      0.13091      0.13091
     -4.64000      0.89982      0.89982
     -4.63000      2.27543      2.27543
     -4.62000      2.11678      2.11678
     -4.61000      0.72442      0.72442
     -4.60000      0.09120      0.09120
     -4.59000      0.00422      0.00422
     -4.58000      0.00088      0.00088
     -4.57000      0.02960      0.02960
     -4.56000      0.41813      0.41813
     -4.55000      2.40677      2.40677
     -4.54000      5.92192      5.92192
     -4.53000      6.38780      6.38780
     -4.52000      2.96997      2.96997
     -4.51000      0.57029      0.57029
     -4.50000      0.04341      0.04341
     -4.49000      0.00127      0.00127
     -4.48000      0.00001      0.00001
     -4.47000      0.00000      0.00000
     -4.46000      0.00000      0.00000
     -4.45000      0.00000      0.00000
     -4.44000      0.00000      0.00000
     -4.43000      0.00000      0.00000
     -4.42000      0.00000      0.00000
     -4.41000      0.00000      0.00000
     -4.40000      0.00000      0.00000
     -4.39000      0.00000      0.00000
     -4.38000      0.00000      0.00000
     -4.37000      0.00000      0.00000
     -4.36000      0.00000      0.00000
     -4.35000      0.00000      0.00000
     -4.34000      0.00000      0.00000
     -4.33000      0.00000      0.00000
     -4.32000      0.00000      0.00000
     -4.31000      0.00000      0.00000
     -4.30000      0.00000      0.00000
     -4.29000      0.00000      0.00000
     -4.28000      0.00000      0.00000
     -4.27000      0.00000      0.00000
     -4.26000      0.00000      0.00000
     -4.25000      0.00000      0.00000
     -4.24000      0.00002      0.00002
     -4.23000      0.00234      0.00234
     -4.22000      0.07002      0.07002
     -4.21000      0.78998      0.78998
     -4.20000      3.40836      3.40836
     -4.19000      5.79787      5.79787
     -4.18000      4.09519      4.09519
     -4.17000      1.27289      1.27289
     -4.16000      0.17743      0.17743
     -4.15000      0.01064      0.01064
     -4.14000      0.00025      0.00025
     -4.13000      0.00000      0.00000
     -4.12000      0.00000      0.00000
     -4.11000      0.00000      0.00000
     -4.10000      0.00000      0.00000
     -4.09000      0.00000      0.00000
     -4.08000      0.00000      0.00000
     -4.07000      0.00000      0.00000
     -4.06000      0.00000      0.00000
     -4.05000      0.00000      0.00000
     -4.04000      0.00000      0.00000
     -4.03000      0.00000      0.00000
     -4.02000      0.00000      0.00000
     -4.01000      0.00000      0.00000
     -4.00000      0.00000      0.00000
     -3.99000      0.00069      0.00069
     -3.98000      0.02481      0.02481
     -3.97000      0.33333      0.33333
     -3.96000      1.76971      1.76971
     -3.95000      3.98324      3.98324
     -3.94000      4.07684      4.07684
     -3.93000      1.90245      1.90245
     -3.92000      0.37820      0.37820
     -3.91000      0.02981      0.02981
     -3.90000      0.00089      0.00089
     -3.89000      0.00035      0.00035
     -3.88000      0.01217      0.01217
     -3.87000      0.16472      0.16472
     -3.86000      0.88069      0.88069
     -3.85000      1.99298      1.99298
     -3.84000      2.04339      2.04339
     -3.83000      0.95184      0.95184
     -3.82000      0.18860      0.18860
     -3.81000      0.01482      0.01482
     -3.80000      0.00044      0.00044
     -3.79000      0.00000      0.00000
     -3.78000      0.00000      0.00000
     -3.77000      0.00000      0.00000
     -3.76000      0.00000      0.00000
     -3.75000      0.00000      0.00000
     -3.74000      0.00000      0.00000
     -3.73000      0.00000      0.00000
     -3.72000      0.00000      0.00000
     -3.71000      0.00000      0.00000
     -3.70000      0.00060      0.00060
     -3.69000      0.02147      0.02147
     -3.68000      0.28443      0.28443
     -3.67000      1.38602      1.38602
     -3.66000      2.48570      2.48570
     -3.65000      1.67131      1.67131
     -3.64000      0.78600      0.78600
     -3.63000      1.80557      1.80557
     -3.62000      3.27818      3.27818
     -3.61000      2.77049      2.77049
     -3.60000      1.74779      1.74779
     -3.59000      2.28632      2.28632
     -3.58000      2.30072      2.30072
     -3.57000      0.98553      0.98553
     -3.56000      0.76670      0.76670
     -3.55000      2.01855      2.01855
     -3.54000      2.37459      2.37459
     -3.53000      1.31939      1.31939
     -3.52000      1.60585      1.60585
     -3.51000      2.50029      2.50029
     -3.50000      1.57885      1.57885
     -3.49000      0.36805      0.36805
     -3.48000      0.03157      0.03157
     -3.47000      0.00100      0.00100
     -3.46000      0.00010      0.00010
     -3.45000      0.00430      0.00430
     -3.44000      0.07687      0.07687
     -3.43000      0.53067      0.53067
     -3.42000      1.60910      1.60910
     -3.41000      2.74806      2.74806
     -3.40000      2.79768      2.79768
     -3.39000      1.33705      1.33705
     -3.38000      0.25281      0.25281
     -3.37000      0.01790      0.01790
     -3.36000      0.00123      0.00123
     -3.35000      0.02578      0.02578
     -3.34000      0.32168      0.32168
     -3.33000      1.47636      1.47636
     -3.32000      2.49268      2.49268
     -3.31000      1.54829      1.54829
     -3.30000      0.35499      0.35499
     -3.29000      0.06025      0.06025
     -3.28000      0.28540      0.28540
     -3.27000      1.02441      1.02441
     -3.26000      1.83820      1.83820
     -3.25000      2.98588      2.98588
     -3.24000      3.72662      3.72662
     -3.23000      2.18802      2.18802
     -3.22000      0.97949      0.97949
     -3.21000      1.21873      1.21873
     -3.20000      0.99947      0.99947
     -3.19000      0.31084      0.31084
     -3.18000      0.03560      0.03560
     -3.17000      0.00150      0.00150
     -3.16000      0.00002      0.00002
     -3.15000      0.00003      0.00003
     -3.14000      0.00229      0.00229
     -3.13000      0.05840      0.05840
     -3.12000      0.54863      0.54863
     -3.11000      1.89605      1.89605
     -3.10000      2.41065      2.41065
     -3.09000      1.13080      1.13080
     -3.08000      0.25727      0.25727
     -3.07000      0.45333      0.45333
     -3.06000      1.13180      1.13180
     -3.05000      1.08917      1.08917
     -3.04000      0.66331      0.66331
     -3.03000      1.45515      1.45515
     -3.02000      2.48965      2.48965
     -3.01000      1.61677      1.61677
     -3.00000      0.38657      0.38657
     -2.99000      0.03400      0.03400
     -2.98000      0.00110      0.00110
     -2.97000      0.00001      0.00001
     -2.96000      0.00010      0.00010
     -2.95000      0.00549      0.00549
     -2.94000      0.11277      0.11277
     -2.93000      0.88993      0.88993
     -2.92000      2.91980      2.91980
     -2.91000      4.77032      4.77032
     -2.90000      4.97908      4.97908
     -2.89000      3.50783      3.50783
     -2.88000      1.33284      1.33284
     -2.87000      0.24926      0.24926
     -2.86000      0.37080      0.37080
     -2.85000      1.54209      1.54209
     -2.84000      2.47857      2.47857
     -2.83000      1.48284      1.48284
     -2.82000      0.33009      0.33009
     -2.81000      0.02733      0.02733
     -2.80000      0.00084      0.00084
     -2.79000      0.00001      0.00001
     -2.78000      0.00000      0.00000
     -2.77000      0.00000      0.00000
     -2.76000      0.00000      0.00000
     -2.75000      0.00000      0.00000
     -2.74000      0.00016      0.00016
     -2.73000      0.00789      0.00789
     -2.72000      0.14235      0.14235
     -2.71000      0.94506      0.94506
     -2.70000      2.30814      2.30814
     -2.69000      2.07380      2.07380
     -2.68000      0.68546      0.68546
     -2.67000      0.08335      0.08335
     -2.66000      0.00373      0.00373
     -2.65000      0.00006      0.00006
     -2.64000      0.00000      0.00000
     -2.63000      0.00025      0.00025
     -2.62000      0.01108      0.01108
     -2.61000      0.18058      0.18058
     -2.60000      1.08308      1.08308
     -2.59000      2.38975      2.38975
     -2.58000      1.93978      1.93978
     -2.57000      0.57925      0.57925
     -2.56000      0.06426      0.06426
     -2.55000      0.02202      0.02202
     -2.54000      0.22952      0.22952
     -2.53000      1.13268      1.13268
     -2.52000      2.66129      2.66129
     -2.51000      3.16705      3.16705
     -2.50000      1.73983      1.73983
     -2.49000      0.39009      0.39009
     -2.48000      0.03341      0.03341
     -2.47000      0.00106      0.00106
     -2.46000      0.00012      0.00012
     -2.45000      0.00532      0.00532
     -2.44000      0.10286      0.10286
     -2.43000      0.78326      0.78326
     -2.42000      2.54423      2.54423
     -2.41000      4.18754      4.18754
     -2.40000      4.49659      4.49659
     -2.39000      3.81120      3.81120
     -2.38000      2.17071      2.17071
     -2.37000      0.59545      0.59545
     -2.36000      0.26002      0.26002
     -2.35000      1.29675      1.29675
     -2.34000      3.25053      3.25053
     -2.33000      3.18588      3.18588
     -2.32000      1.23350      1.23350
     -2.31000      0.18933      0.18933
     -2.30000      0.01144      0.01144
     -2.29000      0.00027      0.00027
     -2.28000      0.00000      0.00000
     -2.27000      0.00000      0.00000
     -2.26000      0.00000      0.00000
     -2.25000      0.00000      0.00000
     -2.24000      0.00000      0.00000
     -2.23000      0.00000      0.00000
     -2.22000      0.00000      0.00000
     -2.21000      0.00000      0.00000
     -2.20000      0.00004      0.00004
     -2.19000      0.00227      0.00227
     -2.18000      0.04797      0.04797
     -2.17000      0.37355      0.37355
     -2.16000      1.07020      1.07020
     -2.15000      1.12793      1.12793
     -2.14000      0.43733      0.43733
     -2.13000      0.06238      0.06238
     -2.12000      0.00329      0.00329
     -2.11000      0.00135      0.00135
     -2.10000      0.03182      0.03182
     -2.09000      0.28964      0.28964
     -2.08000      0.96991      0.96991
     -2.07000      1.19487      1.19487
     -2.06000      0.54152      0.54152
     -2.05000      0.09028      0.09028
     -2.04000      0.00554      0.00554
     -2.03000      0.00012      0.00012
     -2.02000      0.00000      0.00000
     -2.01000      0.00000      0.00000
     -2.00000      0.00000      0.00000
     -1.99000      0.00017      0.00017
     -1.98000      0.00850      0.00850
     -1.97000      0.15644      0.15644
     -1.96000      1.13432      1.13432
     -1.95000      3.57527      3.57527
     -1.94000      5.66118      5.66118
     -1.93000      4.96703      4.96703
     -1.92000      2.47556      2.47556
     -1.91000      0.67759      0.67759
     -1.90000      0.08897      0.08897
     -1.89000      0.00485      0.00485
     -1.88000      0.00011      0.00011
     -1.87000      0.00062      0.00062
     -1.86000      0.01854      0.01854
     -1.85000      0.20461      0.20461
     -1.84000      0.83066      0.83066
     -1.83000      1.24062      1.24062
     -1.82000      0.68164      0.68164
     -1.81000      0.13778      0.13778
     -1.80000      0.01024      0.01024
     -1.79000      0.00028      0.00028
     -1.78000      0.00000      0.00000
     -1.77000      0.00000      0.00000
     -1.76000      0.00000      0.00000
     -1.75000      0.00000      0.00000
     -1.74000      0.00000      0.00000
     -1.73000      0.00005      0.00005
     -1.72000      0.00312      0.00312
     -1.71000      0.07329      0.07329
     -1.70000      0.63292      0.63292
     -1.69000      2.01078      2.01078
     -1.68000      2.35008      2.35008
     -1.67000      1.01043      1.01043
     -1.66000      0.15982      0.15982
     -1.65000      0.00930      0.00930
     -1.64000      0.00020      0.00020
     -1.63000      0.00000      0.00000
     -1.62000      0.00000      0.00000
     -1.61000      0.00000      0.00000
     -1.60000      0.00000      0.00000
     -1.59000      0.00000      0.00000
     -1.58000      0.00000      0.00000
     -1.57000      0.00000      0.00000
     -1.56000      0.00000      0.00000
     -1.55000      0.00000      0.00000
     -1.54000      0.00000      0.00000
     -1.53000      0.00000      0.00000
     -1.52000      0.00000      0.00000
     -1.51000      0.00000      0.00000
     -1.50000      0.00000      0.00000
     -1.49000      0.00000      0.00000
     -1.48000      0.00000      0.00000
     -1.47000      0.00000      0.00000
     -1.46000      0.00000      0.00000
     -1.45000      0.00000      0.00000
     -1.44000      0.00000      0.00000
     -1.43000      0.00000      0.00000
     -1.42000      0.00000      0.00000
     -1.41000      0.00000      0.00000
     -1.40000      0.00000      0.00000
     -1.39000      0.00000      0.00000
     -1.38000      0.00000      0.00000
     -1.37000      0.00000      0.00000
     -1.36000      0.00000      0.00000
     -1.35000      0.00000      0.00000
     -1.34000      0.00024      0.00024
     -1.33000      0.01083      0.01083
     -1.32000      0.17777      0.17777
     -1.31000      1.07353      1.07353
     -1.30000      2.38494      2.38494
     -1.29000      1.94915      1.94915
     -1.28000      0.58603      0.58603
     -1.27000      0.06482      0.06482
     -1.26000      0.00264      0.00264
     -1.25000      0.00004      0.00004
     -1.24000      0.00000      0.00000
     -1.23000      0.00000      0.00000
     -1.22000      0.00000      0.00000
     -1.21000      0.00000      0.00000
     -1.20000      0.00032      0.00032
     -1.19000      0.01129      0.01129
     -1.18000      0.14710      0.14710
     -1.17000      0.70525      0.70525
     -1.16000      1.24386      1.24386
     -1.15000      0.80706      0.80706
     -1.14000      0.19264      0.19264
     -1.13000      0.01692      0.01692
     -1.12000      0.00055      0.00055
     -1.11000      0.00003      0.00003
     -1.10000      0.00168      0.00168
     -1.09000      0.03865      0.03865
     -1.08000      0.32710      0.32710
     -1.07000      1.01854      1.01854
     -1.06000      1.16792      1.16792
     -1.05000      0.52212      0.52212
     -1.04000      0.35801      0.35801
     -1.03000      0.96321      0.96321
     -1.02000      1.20039      1.20039
     -1.01000      0.55275      0.55275
     -1.00000      0.09364      0.09364
     -0.99000      0.00584      0.00584
     -0.98000      0.00013      0.00013
     -0.97000      0.00000      0.00000
     -0.96000      0.00000      0.00000
     -0.95000      0.00000      0.00000
     -0.94000      0.00000      0.00000
     -0.93000      0.00000      0.00000
     -0.92000      0.00000      0.00000
     -0.91000      0.00000      0.00000
     -0.90000      0.00005      0.00005
     -0.89000      0.00277      0.00277
     -0.88000      0.05541      0.05541
     -0.87000      0.40754      0.40754
     -0.86000      1.10273      1.10273
     -0.85000      1.09774      1.09774
     -0.84000      0.40625      0.40625
     -0.83000      0.14648      0.14648
     -0.82000      0.73256      0.73256
     -0.81000      2.12260      2.12260
     -0.80000      2.27076      2.27076
     -0.79000      0.89370      0.89370
     -0.78000      0.12939      0.12939
     -0.77000      0.00689      0.00689
     -0.76000      0.00014      0.00014
     -0.75000      0.00000      0.00000
     -0.74000      0.00037      0.00037
     -0.73000      0.01487      0.01487
     -0.72000      0.22139      0.22139
     -0.71000      1.21268      1.21268
     -0.70000      2.44369      2.44369
     -0.69000      1.81155      1.81155
     -0.68000      0.49404      0.49404
     -0.67000      0.04957      0.04957
     -0.66000      0.00185      0.00185
     -0.65000      0.00138      0.00138
     -0.64000      0.03313      0.03313
     -0.63000      0.29708      0.29708
     -0.62000      0.98011      0.98011
     -0.61000      1.18955      1.18955
     -0.60000      0.53122      0.53122
     -0.59000      0.09168      0.09168
     -0.58000      0.08259      0.08259
     -0.57000      0.49585      0.49585
     -0.56000      1.16927      1.16927
     -0.55000      1.01458      1.01458
     -0.54000      0.32386      0.32386
     -0.53000      0.03803      0.03803
     -0.52000      0.00164      0.00164
     -0.51000      0.00003      0.00003
     -0.50000      0.00000      0.00000
     -0.49000      0.00000      0.00000
     -0.48000      0.00000      0.00000
     -0.47000      0.00000      0.00000
     -0.46000      0.00000      0.00000
     -0.45000      0.00001      0.00001
     -0.44000      0.00082      0.00082
     -0.43000      0.02342      0.02342
     -0.42000      0.25416      0.25416
     -0.41000      1.15086      1.15086
     -0.40000      2.56529      2.56529
     -0.39000      3.10344      3.10344
     -0.38000      1.80527      1.80527
     -0.37000      0.43117      0.43117
     -0.36000      0.03925      0.03925
     -0.35000      0.00360      0.00360
     -0.34000      0.05829      0.05829
     -0.33000      0.54787      0.54787
     -0.32000      1.89492      1.89492
     -0.31000      2.41108      2.41108
     -0.30000      1.12859      1.12859
     -0.29000      0.19434      0.19434
     -0.28000      0.01231      0.01231
     -0.27000      0.00029      0.00029
     -0.26000      0.00000      0.00000
     -0.25000      0.00032      0.00032
     -0.24000      0.01342      0.01342
     -0.23000      0.20632      0.20632
     -0.22000      1.16667      1.16667
     -0.21000      2.42692      2.42692
     -0.20000      1.85724      1.85724
     -0.19000      0.52286      0.52286
     -0.18000      0.05417      0.05417
     -0.17000      0.00377      0.00377
     -0.16000      0.04706      0.04706
     -0.15000      0.47765      0.47765
     -0.14000      1.78456      1.78456
     -0.13000      2.45867      2.45867
     -0.12000      1.36057      1.36057
     -0.11000      1.08808      1.08808
     -0.10000      2.25770      2.25770
     -0.09000      2.15680      2.15680
     -0.08000      0.76304      0.76304
     -0.07000      0.09939      0.09939
     -0.06000      0.00846      0.00846
     -0.05000      0.08300      0.08300
     -0.04000      0.68325      0.68325
     -0.03000      2.07134      2.07134
     -0.02000      2.31297      2.31297
     -0.01000      1.00663      1.00663
      0.00000      0.56582      0.56582
      0.01000      1.12394      1.12394
      0.02000      1.08386      1.08386
      0.03000      0.38713      0.38713
      0.04000      0.05090      0.05090
      0.05000      0.00422      0.00422
      0.06000      0.04831      0.04831
      0.07000      0.48569      0.48569
      0.08000      1.79784      1.79784
      0.09000      2.44822      2.44822
      0.10000      1.22666      1.22666
      0.11000      0.23378      0.23378
      0.12000      0.12921      0.12921
      0.13000      0.61617      0.61617
      0.14000      1.22492      1.22492
      0.15000      0.89637      0.89637
      0.16000      0.24131      0.24131
      0.17000      0.02390      0.02390
      0.18000      0.00087      0.00087
      0.19000      0.00001      0.00001
      0.20000      0.00000      0.00000
      0.21000      0.00000      0.00000
      0.22000      0.00011      0.00011
      0.23000      0.00492      0.00492
      0.24000      0.08309      0.08309
      0.25000      0.51706      0.51706
      0.26000      1.19876      1.19876
      0.27000      1.23811      1.23811
      0.28000      1.58572      1.58572
      0.29000      2.50978      2.50978
      0.30000      1.93522      1.93522
      0.31000      1.56009      1.56009
      0.32000      2.44406      2.44406
      0.33000      1.93053      1.93053
      0.34000      0.70092      0.70092
      0.35000      0.73942      0.73942
      0.36000      1.24250      1.24250
      0.37000      0.83398      0.83398
      0.38000      0.20632      0.20632
      0.39000      0.01878      0.01878
      0.40000      0.00063      0.00063
      0.41000      0.00001      0.00001
      0.42000      0.00000      0.00000
      0.43000      0.00000      0.00000
      0.44000      0.00003      0.00003
      0.45000      0.00202      0.00202
      0.46000      0.05329      0.05329
      0.47000      0.51787      0.51787
      0.48000      1.86211      1.86211
      0.49000      2.63288      2.63288
      0.50000      2.33200      2.33200
      0.51000      2.67737      2.67737
      0.52000      2.35267      2.35267
      0.53000      2.30333      2.30333
      0.54000      2.52891      2.52891
      0.55000      1.56102      1.56102
      0.56000      2.20838      2.20838
      0.57000      4.69978      4.69978
      0.58000      4.24098      4.24098
      0.59000      2.07019      2.07019
      0.60000      1.40059      1.40059
      0.61000      0.75325      0.75325
      0.62000      0.16459      0.16459
      0.63000      0.01333      0.01333
      0.64000      0.00040      0.00040
      0.65000      0.00000      0.00000
      0.66000      0.00001      0.00001
      0.67000      0.00093      0.00093
      0.68000      0.03099      0.03099
      0.69000      0.39622      0.39622
      0.70000      1.93961      1.93961
      0.71000      3.63337      3.63337
      0.72000      2.59670      2.59670
      0.73000      0.73468      0.73468
      0.74000      0.43702      0.43702
      0.75000      1.57527      1.57527
      0.76000      2.49145      2.49145
      0.77000      1.45212      1.45212
      0.78000      0.31136      0.31136
      0.79000      0.02456      0.02456
      0.80000      0.00071      0.00071
      0.81000      0.00006      0.00006
      0.82000      0.00314      0.00314
      0.83000      0.06263      0.06263
      0.84000      0.49182      0.49182
      0.85000      1.70347      1.70347
      0.86000      3.02520      3.02520
      0.87000      2.76942      2.76942
      0.88000      1.12688      1.12688
      0.89000      0.18118      0.18118
      0.90000      0.01148      0.01148
      0.91000      0.01663      0.01663
      0.92000      0.18867      0.18867
      0.93000      0.79999      0.79999
      0.94000      1.27231      1.27231
      0.95000      0.97813      0.97813
      0.96000      1.08411      1.08411
      0.97000      1.22308      1.22308
      0.98000      0.57855      0.57855
      0.99000      0.10153      0.10153
      1.00000      0.00656      0.00656
      1.01000      0.00016      0.00016
      1.02000      0.00000      0.00000
      1.03000      0.00000      0.00000
      1.04000      0.00000      0.00000
      1.05000      0.00000      0.00000
      1.06000      0.00002      0.00002
      1.07000      0.00124      0.00124
      1.08000      0.03091      0.03091
      1.09000      0.28438      0.28438
      1.10000      0.96255      0.96255
      1.11000      1.19861      1.19861
      1.12000      0.55404      0.55404
      1.13000      0.19602      0.19602
      1.14000      0.78805      0.78805
      1.15000      2.17588      2.17588
      1.16000      2.24329      2.24329
      1.17000      1.04128      1.04128
      1.18000      0.95141      0.95141
      1.19000      1.36453      1.36453
      1.20000      1.52845      1.52845
      1.21000      2.37357      2.37357
      1.22000      2.24254      2.24254
      1.23000      1.22165      1.22165
      1.24000      1.23858      1.23858
      1.25000      1.11148      1.11148
      1.26000      0.94321      0.94321
      1.27000      2.83337      2.83337
      1.28000      5.33166      5.33166
      1.29000      4.96925      4.96925
      1.30000      3.31057      3.31057
      1.31000      1.43283      1.43283
      1.32000      0.27491      0.27491
      1.33000      0.02015      0.02015
      1.34000      0.00055      0.00055
      1.35000      0.00000      0.00000
      1.36000      0.00023      0.00023
      1.37000      0.01055      0.01055
      1.38000      0.17451      0.17451
      1.39000      1.06235      1.06235
      1.40000      2.37915      2.37915
      1.41000      1.96012      1.96012
      1.42000      0.59414      0.59414
      1.43000      0.06913      0.06913
      1.44000      0.05985      0.05985
      1.45000      0.41549      0.41549
      1.46000      1.12403      1.12403
      1.47000      1.30971      1.30971
      1.48000      1.59987      1.59987
      1.49000      2.49368      2.49368
      1.50000      1.82145      1.82145
      1.51000      0.50036      0.50036
      1.52000      0.09090      0.09090
      1.53000      0.35321      0.35321
      1.54000      1.26133      1.26133
      1.55000      2.40687      2.40687
      1.56000      2.93595      2.93595
      1.57000      1.85114      1.85114
      1.58000      0.47775      0.47775
      1.59000      0.04651      0.04651
      1.60000      0.00167      0.00167
      1.61000      0.00002      0.00002
      1.62000      0.00000      0.00000
      1.63000      0.00000      0.00000
      1.64000      0.00000      0.00000
      1.65000      0.00000      0.00000
      1.66000      0.00000      0.00000
      1.67000      0.00000      0.00000
      1.68000      0.00000      0.00000
      1.69000      0.00000      0.00000
      1.70000      0.00000      0.00000
      1.71000      0.00000      0.00000
      1.72000      0.00000      0.00000
      1.73000      0.00000      0.00000
      1.74000      0.00000      0.00000
      1.75000      0.00095      0.00095
      1.76000      0.03503      0.03503
      1.77000      0.48306      0.48306
      1.78000      2.49915      2.49915
      1.79000      4.86037      4.86037
      1.80000      3.63201      3.63201
      1.81000      1.66538      1.66538
      1.82000      2.18122      2.18122
      1.83000      2.30683      2.30683
      1.84000      0.93767      0.93767
      1.85000      0.14043      0.14043
      1.86000      0.00774      0.00774
      1.87000      0.00019      0.00019
      1.88000      0.00179      0.00179
      1.89000      0.04173      0.04173
      1.90000      0.37412      0.37412
      1.91000      1.36195      1.36195
      1.92000      2.18956      2.18956
      1.93000      1.64336      1.64336
      1.94000      0.55550      0.55550
      1.95000      0.07860      0.07860
      1.96000      0.02888      0.02888
      1.97000      0.24637      0.24637
      1.98000      0.90457      0.90457
      1.99000      1.22225      1.22225
      2.00000      0.60755      0.60755
      2.01000      0.11110      0.11110
      2.02000      0.00747      0.00747
      2.03000      0.00018      0.00018
      2.04000      0.00007      0.00007
      2.05000      0.00397      0.00397
      2.06000      0.08194      0.08194
      2.07000      0.68155      0.68155
      2.08000      2.37541      2.37541
      2.09000      3.57554      3.57554
      2.10000      2.62601      2.62601
      2.11000      1.68294      1.68294
      2.12000      1.08569      1.08569
      2.13000      0.34350      0.34350
      2.14000      0.04200      0.04200
      2.15000      0.01769      0.01769
      2.16000      0.18444      0.18444
      2.17000      0.79014      0.79014
      2.18000      1.24543      1.24543
      2.19000      0.72218      0.72218
      2.20000      0.15405      0.15405
      2.21000      0.01211      0.01211
      2.22000      0.00165      0.00165
      2.23000      0.03898      0.03898
      2.24000      0.43966      0.43966
      2.25000      1.91064      1.91064
      2.26000      3.41004      3.41004
      2.27000      3.07475      3.07475
      2.28000      2.71719      2.71719
      2.29000      2.58094      2.58094
      2.30000      1.21648      1.21648
      2.31000      0.21993      0.21993
      2.32000      0.01499      0.01499
      2.33000      0.01281      0.01281
      2.34000      0.19857      0.19857
      2.35000      1.19615      1.19615
      2.36000      2.86089      2.86089
      2.37000      3.02943      3.02943
      2.38000      1.60584      1.60584
      2.39000      0.42675      0.42675
      2.40000      0.15869      0.15869
      2.41000      0.81651      0.81651
      2.42000      2.21385      2.21385
      2.43000      2.38628      2.38628
      2.44000      2.27506      2.27506
      2.45000      4.37973      4.37973
      2.46000      4.91101      4.91101
      2.47000      2.88503      2.88503
      2.48000      1.38805      1.38805
      2.49000      0.44201      0.44201
      2.50000      0.06026      0.06026
      2.51000      0.00310      0.00310
      2.52000      0.00008      0.00008
      2.53000      0.00140      0.00140
      2.54000      0.04062      0.04062
      2.55000      0.43494      0.43494
      2.56000      1.72747      1.72747
      2.57000      2.68065      2.68065
      2.58000      2.15402      2.15402
      2.59000      1.49715      1.49715
      2.60000      0.69301      0.69301
      2.61000      0.13551      0.13551
      2.62000      0.00994      0.00994
      2.63000      0.00027      0.00027
      2.64000      0.00021      0.00021
      2.65000      0.00983      0.00983
      2.66000      0.16619      0.16619
      2.67000      1.03327      1.03327
      2.68000      2.36332      2.36332
      2.69000      1.98855      1.98855
      2.70000      0.61554      0.61554
      2.71000      0.07009      0.07009
      2.72000      0.00294      0.00294
      2.73000      0.00005      0.00005
      2.74000      0.00000      0.00000
      2.75000      0.00000      0.00000
      2.76000      0.00000      0.00000
      2.77000      0.00015      0.00015
      2.78000      0.00636      0.00636
      2.79000      0.09943      0.09943
      2.80000      0.57156      0.57156
      2.81000      1.20867      1.20867
      2.82000      0.94061      0.94061
      2.83000      0.28065      0.28065
      2.84000      0.17771      0.17771
      2.85000      0.71196      0.71196
      2.86000      1.24447      1.24447
      2.87000      0.80145      0.80145
      2.88000      0.18988      0.18988
      2.89000      0.01655      0.01655
      2.90000      0.00080      0.00080
      2.91000      0.01174      0.01174
      2.92000      0.18798      0.18798
      2.93000      1.10781      1.10781
      2.94000      2.40254      2.40254
      2.95000      1.94413      1.94413
      2.96000      0.90739      0.90739
      2.97000      1.59064      1.59064
      2.98000      2.49563      2.49563
      2.99000      1.49469      1.49469
      3.00000      0.32967      0.32967
      3.01000      0.02966      0.02966
      3.02000      0.07048      0.07048
      3.03000      0.61329      0.61329
      3.04000      1.98562      1.98562
      3.05000      2.36501      2.36501
      3.06000      1.03627      1.03627
      3.07000      0.16704      0.16704
      3.08000      0.00991      0.00991
      3.09000      0.00022      0.00022
      3.10000      0.00000      0.00000
      3.11000      0.00002      0.00002
      3.12000      0.00123      0.00123
      3.13000      0.03697      0.03697
      3.14000      0.40840      0.40840
      3.15000      1.65977      1.65977
      3.16000      2.48149      2.48149
