Energy-E_F (eV)    DOS (1/eV)    PDOS (1/eV)  of atom type Hg 
     -4.99000      2.14014      0.00000
     -4.98000      1.40990      0.00000
     -4.97000      0.36004      0.00000
     -4.96000      0.03653      0.00000
     -4.95000      0.04025      0.00000
     -4.94000      0.42581      0.00000
     -4.93000      2.04920      0.00000
     -4.92000      4.67711      0.00000
     -4.91000      4.95866      0.00000
     -4.90000      2.23710      0.00000
     -4.89000      0.41400      0.00000
     -4.88000      0.21556      0.00000
     -4.87000      0.90225      0.00000
     -4.86000      1.80462      0.00000
     -4.85000      2.05350      0.00000
     -4.84000      1.64023      0.00000
     -4.83000      0.68222      0.00000
     -4.82000      0.11734      0.00000
     -4.81000      0.06980      0.00000
     -4.80000      0.46961      0.00000
     -4.79000      1.29451      0.00000
     -4.78000      1.31377      0.00000
     -4.77000      0.50857      0.00000
     -4.76000      0.28382      0.00000
     -4.75000      0.93561      0.00000
     -4.74000      1.47757      0.00000
     -4.73000      0.89067      0.00000
     -4.72000      0.48426      0.00000
     -4.71000      1.10158      0.00000
     -4.70000      1.50429      0.00000
     -4.69000      1.35849      0.00000
     -4.68000      2.90368      0.00000
     -4.67000      4.78314      0.00000
     -4.66000      3.45156      0.00000
     -4.65000      1.08760      0.00000
     -4.64000      0.15062      0.00000
     -4.63000      0.00895      0.00000
     -4.62000      0.00257      0.00000
     -4.61000      0.05184      0.00000
     -4.60000      0.41848      0.00000
     -4.59000      1.24387      0.00000
     -4.58000      1.38901      0.00000
     -4.57000      0.85404      0.00000
     -4.56000      1.23599      0.00000
     -4.55000      1.91025      0.00000
     -4.54000      2.00118      0.00000
     -4.53000      1.61161      0.00000
     -4.52000      1.32919      0.00000
     -4.51000      1.57876      0.00000
     -4.50000      1.23267      0.00000
     -4.49000      0.90405      0.00000
     -4.48000      0.65356      0.00000
     -4.47000      0.22760      0.00000
     -4.46000      0.15388      0.00000
     -4.45000      0.86332      0.00000
     -4.44000      2.35918      0.00000
     -4.43000      2.65387      0.00000
     -4.42000      1.41143      0.00000
     -4.41000      0.84987      0.00000
     -4.40000      0.73623      0.00000
     -4.39000      0.73979      0.00000
     -4.38000      1.93605      0.00000
     -4.37000      3.41069      0.00000
     -4.36000      3.18232      0.00000
     -4.35000      1.64397      0.00000
     -4.34000      0.50113      0.00000
     -4.33000      0.62206      0.00000
     -4.32000      1.38199      0.00000
     -4.31000      1.21335      0.00000
     -4.30000      0.44166      0.00000
     -4.29000      0.45947      0.00000
     -4.28000      1.23869      0.00000
     -4.27000      1.36214      0.00000
     -4.26000      0.55194      0.00000
     -4.25000      0.08340      0.00000
     -4.24000      0.03515      0.00000
     -4.23000      0.31066      0.00000
     -4.22000      1.24404      0.00000
     -4.21000      2.26278      0.00000
     -4.20000      2.34732      0.00000
     -4.19000      1.69878      0.00000
     -4.18000      1.08591      0.00000
     -4.17000      1.20064      0.00000
     -4.16000      2.46366      0.00000
     -4.15000      3.16838      0.00000
     -4.14000      2.67355      0.00000
     -4.13000      2.10017      0.00000
     -4.12000      1.24799      0.00000
     -4.11000      0.35876      0.00000
     -4.10000      0.19005      0.00000
     -4.09000      0.78061      0.00000
     -4.08000      1.46648      0.00000
     -4.07000      1.05768      0.00000
     -4.06000      0.74727      0.00000
     -4.05000      2.21890      0.00000
     -4.04000      4.09240      0.00000
     -4.03000      3.16987      0.00000
     -4.02000      1.07633      0.00000
     -4.01000      0.78645      0.00000
     -4.00000      2.34179      0.00000
     -3.99000      4.10154      0.00000
     -3.98000      4.13007      0.00000
     -3.97000      2.53634      0.00000
     -3.96000      1.01115      0.00000
     -3.95000      0.95411      0.00000
     -3.94000      1.48086      0.00000
     -3.93000      0.96543      0.00000
     -3.92000      0.23587      0.00000
     -3.91000      0.08928      0.00000
     -3.90000      0.57084      0.00000
     -3.89000      1.91393      0.00000
     -3.88000      2.86125      0.00000
     -3.87000      2.57532      0.00000
     -3.86000      1.96337      0.00000
     -3.85000      0.98190      0.00000
     -3.84000      0.54093      0.00000
     -3.83000      1.16667      0.00000
     -3.82000      1.41623      0.00000
     -3.81000      0.65397      0.00000
     -3.80000      0.28368      0.00000
     -3.79000      0.84948      0.00000
     -3.78000      1.48679      0.00000
     -3.77000      1.14641      0.00000
     -3.76000      1.49276      0.00000
     -3.75000      3.27226      0.00000
     -3.74000      3.87176      0.00000
     -3.73000      3.64482      0.00000
     -3.72000      3.64039      0.00000
     -3.71000      2.89396      0.00000
     -3.70000      2.19066      0.00000
     -3.69000      1.82966      0.00000
     -3.68000      1.07402      0.00000
     -3.67000      0.69438      0.00000
     -3.66000      1.30132      0.00000
     -3.65000      1.32918      0.00000
     -3.64000      0.54727      0.00000
     -3.63000      0.46611      0.00000
     -3.62000      1.62453      0.00000
     -3.61000      3.45094      0.00000
     -3.60000      4.20641      0.00000
     -3.59000      2.53693      0.00000
     -3.58000      0.64353      0.00000
     -3.57000      0.06387      0.00000
     -3.56000      0.00261      0.00000
     -3.55000      0.00755      0.00000
     -3.54000      0.11042      0.00000
     -3.53000      0.62730      0.00000
     -3.52000      1.44994      0.00000
     -3.51000      1.73716      0.00000
     -3.50000      1.79571      0.00000
     -3.49000      1.57937      0.00000
     -3.48000      1.53583      0.00000
     -3.47000      1.73371      0.00000
     -3.46000      1.35110      0.00000
     -3.45000      0.77428      0.00000
     -3.44000      0.37884      0.00000
     -3.43000      0.78620      0.00000
     -3.42000      1.60795      0.00000
     -3.41000      1.85544      0.00000
     -3.40000      2.13898      0.00000
     -3.39000      2.88340      0.00000
     -3.38000      4.29245      0.00000
     -3.37000      4.23199      0.00000
     -3.36000      2.10590      0.00000
     -3.35000      1.14561      0.00000
     -3.34000      2.20504      0.00000
     -3.33000      3.41510      0.00000
     -3.32000      3.99922      0.00000
     -3.31000      3.02471      0.00000
     -3.30000      1.15053      0.00000
     -3.29000      0.20700      0.00000
     -3.28000      0.01670      0.00000
     -3.27000      0.00068      0.00000
     -3.26000      0.00570      0.00000
     -3.25000      0.09926      0.00000
     -3.24000      0.66662      0.00000
     -3.23000      1.87442      0.00000
     -3.22000      2.66649      0.00000
     -3.21000      2.88081      0.00000
     -3.20000      3.69565      0.00000
     -3.19000      4.56235      0.00000
     -3.18000      4.53044      0.00000
     -3.17000      2.96627      0.00000
     -3.16000      1.95779      0.00000
     -3.15000      1.93741      0.00000
     -3.14000      2.03785      0.00000
     -3.13000      2.15192      0.00000
     -3.12000      1.89873      0.00000
     -3.11000      1.06128      0.00000
     -3.10000      0.82803      0.00000
     -3.09000      2.53113      0.00000
     -3.08000      4.22361      0.00000
     -3.07000      3.15353      0.00000
     -3.06000      2.21133      0.00000
     -3.05000      2.89799      0.00000
     -3.04000      2.90747      0.00000
     -3.03000      2.31853      0.00000
     -3.02000      1.94801      0.00000
     -3.01000      1.59988      0.00000
     -3.00000      2.07063      0.00000
     -2.99000      2.53625      0.00000
     -2.98000      2.56612      0.00000
     -2.97000      2.76707      0.00000
     -2.96000      1.87182      0.00000
     -2.95000      0.68796      0.00000
     -2.94000      0.33993      0.00000
     -2.93000      1.09526      0.00000
     -2.92000      2.30775      0.00000
     -2.91000      2.35216      0.00000
     -2.90000      1.16497      0.00000
     -2.89000      0.37180      0.00000
     -2.88000      0.64234      0.00000
     -2.87000      1.71761      0.00000
     -2.86000      3.04325      0.00000
     -2.85000      2.78403      0.00000
     -2.84000      1.63486      0.00000
     -2.83000      1.93669      0.00000
     -2.82000      2.66882      0.00000
     -2.81000      2.53194      0.00000
     -2.80000      1.22451      0.00000
     -2.79000      0.55506      0.00000
     -2.78000      1.71491      0.00000
     -2.77000      3.53016      0.00000
     -2.76000      3.19944      0.00000
     -2.75000      1.98462      0.00000
     -2.74000      2.08375      0.00000
     -2.73000      2.37413      0.00000
     -2.72000      1.82885      0.00000
     -2.71000      2.10627      0.00000
     -2.70000      2.91248      0.00000
     -2.69000      2.61200      0.00000
     -2.68000      1.48959      0.00000
     -2.67000      1.11620      0.00000
     -2.66000      1.40685      0.00000
     -2.65000      1.61655      0.00000
     -2.64000      0.94151      0.00000
     -2.63000      0.29478      0.00000
     -2.62000      0.84824      0.00000
     -2.61000      3.52320      0.00000
     -2.60000      6.24021      0.00000
     -2.59000      4.60256      0.00000
     -2.58000      1.99210      0.00000
     -2.57000      2.43162      0.00000
     -2.56000      2.83845      0.00000
     -2.55000      1.31983      0.00000
     -2.54000      0.46717      0.00000
     -2.53000      1.15381      0.00000
     -2.52000      2.67576      0.00000
     -2.51000      4.27824      0.00000
     -2.50000      4.15542      0.00000
     -2.49000      1.89941      0.00000
     -2.48000      0.40576      0.00000
     -2.47000      0.44975      0.00000
     -2.46000      1.79392      0.00000
     -2.45000      2.97655      0.00000
     -2.44000      2.22866      0.00000
     -2.43000      1.54366      0.00000
     -2.42000      1.81541      0.00000
     -2.41000      2.03465      0.00000
     -2.40000      2.21471      0.00000
     -2.39000      2.29996      0.00000
     -2.38000      1.79877      0.00000
     -2.37000      1.71233      0.00000
     -2.36000      2.61467      0.00000
     -2.35000      3.49262      0.00000
     -2.34000      4.13989      0.00000
     -2.33000      3.95701      0.00000
     -2.32000      2.69920      0.00000
     -2.31000      3.06066      0.00000
     -2.30000      3.50667      0.00000
     -2.29000      2.65751      0.00000
     -2.28000      2.04160      0.00000
     -2.27000      1.49882      0.00000
     -2.26000      1.17426      0.00000
     -2.25000      1.79394      0.00000
     -2.24000      3.14615      0.00000
     -2.23000      3.11143      0.00000
     -2.22000      2.47186      0.00000
     -2.21000      1.77775      0.00000
     -2.20000      0.68069      0.00000
     -2.19000      0.10636      0.00000
     -2.18000      0.00632      0.00000
     -2.17000      0.00014      0.00000
     -2.16000      0.00000      0.00000
     -2.15000      0.00000      0.00000
     -2.14000      0.00000      0.00000
     -2.13000      0.00002      0.00000
     -2.12000      0.00155      0.00000
     -2.11000      0.04611      0.00000
     -2.10000      0.50612      0.00000
     -2.09000      2.08937      0.00000
     -2.08000      3.37433      0.00000
     -2.07000      2.32997      0.00000
     -2.06000      0.77475      0.00000
     -2.05000      0.12741      0.00000
     -2.04000      0.00935      0.00000
     -2.03000      0.00027      0.00000
     -2.02000      0.00000      0.00000
     -2.01000      0.00000      0.00000
     -2.00000      0.00000      0.00000
     -1.99000      0.00000      0.00000
     -1.98000      0.00033      0.00000
     -1.97000      0.01207      0.00000
     -1.96000      0.16123      0.00000
     -1.95000      0.79795      0.00000
     -1.94000      1.46328      0.00000
     -1.93000      0.99432      0.00000
     -1.92000      0.25050      0.00000
     -1.91000      0.02980      0.00000
     -1.90000      0.10653      0.00000
     -1.89000      0.63796      0.00000
     -1.88000      1.43408      0.00000
     -1.87000      1.46135      0.00000
     -1.86000      2.15136      0.00000
     -1.85000      4.16548      0.00000
     -1.84000      3.89104      0.00000
     -1.83000      1.91312      0.00000
     -1.82000      0.71483      0.00000
     -1.81000      0.19262      0.00000
     -1.80000      0.27716      0.00000
     -1.79000      1.02658      0.00000
     -1.78000      1.57153      0.00000
     -1.77000      1.23990      0.00000
     -1.76000      0.88943      0.00000
     -1.75000      0.44268      0.00000
     -1.74000      0.09321      0.00000
     -1.73000      0.00736      0.00000
     -1.72000      0.00021      0.00000
     -1.71000      0.00000      0.00000
     -1.70000      0.00000      0.00000
     -1.69000      0.00000      0.00000
     -1.68000      0.00000      0.00000
     -1.67000      0.00004      0.00000
     -1.66000      0.00202      0.00000
     -1.65000      0.03808      0.00000
     -1.64000      0.26374      0.00000
     -1.63000      0.67200      0.00000
     -1.62000      0.62990      0.00000
     -1.61000      0.21721      0.00000
     -1.60000      0.02756      0.00000
     -1.59000      0.00198      0.00000
     -1.58000      0.01765      0.00000
     -1.57000      0.16450      0.00000
     -1.56000      0.56485      0.00000
     -1.55000      0.72065      0.00000
     -1.54000      0.42687      0.00000
     -1.53000      0.49489      0.00000
     -1.52000      0.74216      0.00000
     -1.51000      0.45798      0.00000
     -1.50000      0.10501      0.00000
     -1.49000      0.02413      0.00000
     -1.48000      0.15100      0.00000
     -1.47000      0.54588      0.00000
     -1.46000      0.77081      0.00000
     -1.45000      0.75758      0.00000
     -1.44000      1.29111      0.00000
     -1.43000      1.37306      0.00000
     -1.42000      0.57070      0.00000
     -1.41000      0.19424      0.00000
     -1.40000      0.47892      0.00000
     -1.39000      0.81612      0.00000
     -1.38000      0.82435      0.00000
     -1.37000      0.87777      0.00000
     -1.36000      0.93416      0.00000
     -1.35000      1.37647      0.00000
     -1.34000      1.36367      0.00000
     -1.33000      0.53837      0.00000
     -1.32000      0.07876      0.00000
     -1.31000      0.00425      0.00000
     -1.30000      0.00054      0.00000
     -1.29000      0.01438      0.00000
     -1.28000      0.17270      0.00000
     -1.27000      0.79734      0.00000
     -1.26000      1.42714      0.00000
     -1.25000      0.99393      0.00000
     -1.24000      0.27185      0.00000
     -1.23000      0.09194      0.00000
     -1.22000      0.47811      0.00000
     -1.21000      1.34154      0.00000
     -1.20000      1.67338      0.00000
     -1.19000      1.66813      0.00000
     -1.18000      1.55265      0.00000
     -1.17000      1.18370      0.00000
     -1.16000      1.47208      0.00000
     -1.15000      1.22636      0.00000
     -1.14000      0.40161      0.00000
     -1.13000      0.10332      0.00000
     -1.12000      0.44808      0.00000
     -1.11000      1.42070      0.00000
     -1.10000      2.14691      0.00000
     -1.09000      1.99743      0.00000
     -1.08000      1.06903      0.00000
     -1.07000      0.29958      0.00000
     -1.06000      0.33223      0.00000
     -1.05000      0.70302      0.00000
     -1.04000      0.58566      0.00000
     -1.03000      0.17967      0.00000
     -1.02000      0.02028      0.00000
     -1.01000      0.00084      0.00000
     -1.00000      0.00001      0.00000
     -0.99000      0.00020      0.00000
     -0.98000      0.00836      0.00000
     -0.97000      0.12656      0.00000
     -0.96000      0.70464      0.00000
     -0.95000      1.44378      0.00000
     -0.94000      1.10278      0.00000
     -0.93000      0.45210      0.00000
     -0.92000      0.57440      0.00000
     -0.91000      0.72286      0.00000
     -0.90000      0.35615      0.00000
     -0.89000      0.12385      0.00000
     -0.88000      0.38909      0.00000
     -0.87000      1.14992      0.00000
     -0.86000      2.17423      0.00000
     -0.85000      2.84266      0.00000
     -0.84000      2.43897      0.00000
     -0.83000      1.94244      0.00000
     -0.82000      1.40122      0.00000
     -0.81000      0.50755      0.00000
     -0.80000      0.25767      0.00000
     -0.79000      1.07167      0.00000
     -0.78000      2.58405      0.00000
     -0.77000      2.99625      0.00000
     -0.76000      1.79004      0.00000
     -0.75000      0.53796      0.00000
     -0.74000      0.07440      0.00000
     -0.73000      0.01640      0.00000
     -0.72000      0.16206      0.00000
     -0.71000      0.87566      0.00000
     -0.70000      1.95522      0.00000
     -0.69000      1.79281      0.00000
     -0.68000      0.65823      0.00000
     -0.67000      0.09395      0.00000
     -0.66000      0.00540      0.00000
     -0.65000      0.01138      0.00000
     -0.64000      0.15586      0.00000
     -0.63000      0.80814      0.00000
     -0.62000      1.77527      0.00000
     -0.61000      2.72705      0.00000
     -0.60000      4.18903      0.00000
     -0.59000      4.16465      0.00000
     -0.58000      2.20358      0.00000
     -0.57000      0.56634      0.00000
     -0.56000      0.06245      0.00000
     -0.55000      0.00544      0.00000
     -0.54000      0.05750      0.00000
     -0.53000      0.44562      0.00000
     -0.52000      1.27132      0.00000
     -0.51000      1.33429      0.00000
     -0.50000      0.51534      0.00000
     -0.49000      0.08029      0.00000
     -0.48000      0.12285      0.00000
     -0.47000      0.77203      0.00000
     -0.46000      1.94443      0.00000
     -0.45000      1.89591      0.00000
     -0.44000      0.71017      0.00000
     -0.43000      0.10124      0.00000
     -0.42000      0.00615      0.00000
     -0.41000      0.02449      0.00000
     -0.40000      0.31460      0.00000
     -0.39000      1.54028      0.00000
     -0.38000      2.87543      0.00000
     -0.37000      2.12876      0.00000
     -0.36000      1.32313      0.00000
     -0.35000      2.66153      0.00000
     -0.34000      3.44710      0.00000
     -0.33000      1.86827      0.00000
     -0.32000      0.43618      0.00000
     -0.31000      0.04619      0.00000
     -0.30000      0.04487      0.00000
     -0.29000      0.37817      0.00000
     -0.28000      1.27320      0.00000
     -0.27000      1.81041      0.00000
     -0.26000      1.34067      0.00000
     -0.25000      0.59569      0.00000
     -0.24000      0.33875      0.00000
     -0.23000      0.94608      0.00000
     -0.22000      1.51218      0.00000
     -0.21000      1.18961      0.00000
     -0.20000      1.32996      0.00000
     -0.19000      1.61963      0.00000
     -0.18000      1.51108      0.00000
     -0.17000      1.58876      0.00000
     -0.16000      0.97177      0.00000
     -0.15000      0.47633      0.00000
     -0.14000      1.02804      0.00000
     -0.13000      1.47189      0.00000
     -0.12000      0.87787      0.00000
     -0.11000      0.75502      0.00000
     -0.10000      1.47449      0.00000
     -0.09000      1.74972      0.00000
     -0.08000      2.15579      0.00000
     -0.07000      2.62084      0.00000
     -0.06000      1.81631      0.00000
     -0.05000      0.86150      0.00000
     -0.04000      1.20877      0.00000
     -0.03000      1.89442      0.00000
     -0.02000      2.29155      0.00000
     -0.01000      3.08963      0.00000
     -0.00000      3.68610      0.00000
      0.01000      2.96089      0.00000
      0.02000      1.34982      0.00000
      0.03000      0.29981      0.00000
      0.04000      0.10699      0.00000
      0.05000      0.45533      0.00000
      0.06000      1.42522      0.00000
      0.07000      3.64132      0.00000
      0.08000      5.93587      0.00000
      0.09000      5.13186      0.00000
      0.10000      2.70482      0.00000
      0.11000      0.90816      0.00000
      0.12000      0.59618      0.00000
      0.13000      1.72007      0.00000
      0.14000      2.93485      0.00000
      0.15000      2.95261      0.00000
      0.16000      2.05327      0.00000
      0.17000      0.96462      0.00000
      0.18000      0.94383      0.00000
      0.19000      1.47924      0.00000
      0.20000      0.98642      0.00000
      0.21000      0.24960      0.00000
      0.22000      0.10606      0.00000
      0.23000      0.41939      0.00000
      0.24000      0.88887      0.00000
      0.25000      1.41920      0.00000
      0.26000      2.24214      0.00000
      0.27000      2.01976      0.00000
      0.28000      1.69945      0.00000
      0.29000      2.25046      0.00000
      0.30000      2.17313      0.00000
      0.31000      2.36901      0.00000
      0.32000      2.73785      0.00000
      0.33000      2.19570      0.00000
      0.34000      1.85680      0.00000
      0.35000      1.63713      0.00000
      0.36000      1.73265      0.00000
      0.37000      2.38535      0.00000
      0.38000      2.55251      0.00000
      0.39000      2.56704      0.00000
      0.40000      2.23600      0.00000
      0.41000      1.21642      0.00000
      0.42000      0.31978      0.00000
      0.43000      0.13265      0.00000
      0.44000      0.68086      0.00000
      0.45000      2.02324      0.00000
      0.46000      3.51545      0.00000
      0.47000      5.03858      0.00000
      0.48000      5.78236      0.00000
      0.49000      4.85414      0.00000
      0.50000      2.87588      0.00000
      0.51000      1.02574      0.00000
      0.52000      0.77385      0.00000
      0.53000      1.71058      0.00000
      0.54000      3.34341      0.00000
      0.55000      6.63647      0.00000
      0.56000      7.51401      0.00000
      0.57000      5.02481      0.00000
      0.58000      3.40774      0.00000
      0.59000      2.17517      0.00000
      0.60000      1.07363      0.00000
      0.61000      1.16834      0.00000
      0.62000      1.49590      0.00000
      0.63000      1.03883      0.00000
      0.64000      1.23620      0.00000
      0.65000      1.78141      0.00000
      0.66000      1.69470      0.00000
      0.67000      1.53326      0.00000
      0.68000      1.42735      0.00000
      0.69000      1.92393      0.00000
      0.70000      3.31144      0.00000
      0.71000      4.01264      0.00000
      0.72000      3.39966      0.00000
      0.73000      2.97429      0.00000
      0.74000      2.38492      0.00000
      0.75000      1.93276      0.00000
      0.76000      1.87470      0.00000
      0.77000      2.31047      0.00000
      0.78000      3.30869      0.00000
      0.79000      3.14602      0.00000
      0.80000      1.76636      0.00000
      0.81000      0.50561      0.00000
      0.82000      0.06153      0.00000
      0.83000      0.00289      0.00000
      0.84000      0.00007      0.00000
      0.85000      0.00129      0.00000
      0.86000      0.02918      0.00000
      0.87000      0.26482      0.00000
      0.88000      1.09581      0.00000
      0.89000      2.57783      0.00000
      0.90000      3.95149      0.00000
      0.91000      3.44372      0.00000
      0.92000      1.41964      0.00000
      0.93000      0.53037      0.00000
      0.94000      0.71644      0.00000
      0.95000      0.58675      0.00000
      0.96000      0.22726      0.00000
      0.97000      0.44272      0.00000
      0.98000      1.49876      0.00000
      0.99000      2.62741      0.00000
      1.00000      3.07337      0.00000
      1.01000      2.70428      0.00000
      1.02000      1.70524      0.00000
      1.03000      0.71282      0.00000
      1.04000      0.19656      0.00000
      1.05000      0.28897      0.00000
      1.06000      0.68126      0.00000
      1.07000      0.64254      0.00000
      1.08000      0.47068      0.00000
      1.09000      1.24524      0.00000
      1.10000      2.66037      0.00000
      1.11000      3.81983      0.00000
      1.12000      4.69623      0.00000
      1.13000      3.91397      0.00000
      1.14000      1.89085      0.00000
      1.15000      1.61170      0.00000
      1.16000      2.74039      0.00000
      1.17000      3.39806      0.00000
      1.18000      3.25992      0.00000
      1.19000      1.94550      0.00000
      1.20000      1.94784      0.00000
      1.21000      3.44210      0.00000
      1.22000      3.79734      0.00000
      1.23000      4.34779      0.00000
      1.24000      6.15777      0.00000
      1.25000      7.03883      0.00000
      1.26000      6.49306      0.00000
      1.27000      4.40960      0.00000
      1.28000      2.17505      0.00000
      1.29000      0.79662      0.00000
      1.30000      0.16324      0.00000
      1.31000      0.07507      0.00000
      1.32000      0.46375      0.00000
      1.33000      1.29014      0.00000
      1.34000      1.34919      0.00000
      1.35000      0.72736      0.00000
      1.36000      0.71240      0.00000
      1.37000      0.66350      0.00000
      1.38000      0.24917      0.00000
      1.39000      0.04075      0.00000
      1.40000      0.10463      0.00000
      1.41000      0.62769      0.00000
      1.42000      1.40892      0.00000
      1.43000      1.16600      0.00000
      1.44000      0.40958      0.00000
      1.45000      0.49759      0.00000
      1.46000      1.52084      0.00000
      1.47000      2.57212      0.00000
      1.48000      3.35299      0.00000
      1.49000      3.93234      0.00000
      1.50000      3.18887      0.00000
      1.51000      1.58806      0.00000
      1.52000      1.51101      0.00000
      1.53000      2.91795      0.00000
      1.54000      3.89263      0.00000
      1.55000      3.34854      0.00000
      1.56000      2.04094      0.00000
      1.57000      2.05161      0.00000
      1.58000      2.06856      0.00000
      1.59000      0.91528      0.00000
      1.60000      0.24175      0.00000
      1.61000      0.82629      0.00000
      1.62000      3.02462      0.00000
      1.63000      4.69329      0.00000
      1.64000      3.69329      0.00000
      1.65000      2.42293      0.00000
      1.66000      1.50139      0.00000
      1.67000      1.09002      0.00000
      1.68000      2.39111      0.00000
      1.69000      3.51258      0.00000
      1.70000      3.00601      0.00000
      1.71000      2.09622      0.00000
      1.72000      1.18466      0.00000
      1.73000      0.53014      0.00000
      1.74000      0.72203      0.00000
      1.75000      1.66764      0.00000
      1.76000      2.18636      0.00000
      1.77000      2.01079      0.00000
      1.78000      1.89174      0.00000
      1.79000      2.46357      0.00000
      1.80000      2.18872      0.00000
      1.81000      1.28831      0.00000
      1.82000      1.05194      0.00000
      1.83000      1.48539      0.00000
      1.84000      1.15411      0.00000
      1.85000      0.40342      0.00000
      1.86000      0.50456      0.00000
      1.87000      1.29505      0.00000
      1.88000      1.34382      0.00000
      1.89000      0.78825      0.00000
      1.90000      1.47582      0.00000
      1.91000      3.28226      0.00000
      1.92000      4.29603      0.00000
      1.93000      5.00758      0.00000
      1.94000      5.21137      0.00000
      1.95000      3.58089      0.00000
      1.96000      2.26709      0.00000
      1.97000      1.63446      0.00000
      1.98000      0.89045      0.00000
      1.99000      1.05777      0.00000
      2.00000      1.57172      0.00000
      2.01000      1.53418      0.00000
      2.02000      2.16906      0.00000
      2.03000      2.51895      0.00000
      2.04000      2.39216      0.00000
      2.05000      2.85781      0.00000
      2.06000      2.84508      0.00000
      2.07000      2.36231      0.00000
      2.08000      2.42059      0.00000
      2.09000      2.56631      0.00000
      2.10000      1.74633      0.00000
      2.11000      1.03051      0.00000
      2.12000      0.63900      0.00000
      2.13000      0.65829      0.00000
      2.14000      0.72777      0.00000
      2.15000      0.35181      0.00000
      2.16000      0.15159      0.00000
      2.17000      0.43087      0.00000
      2.18000      0.73805      0.00000
      2.19000      0.46941      0.00000
      2.20000      0.11680      0.00000
      2.21000      0.13448      0.00000
      2.22000      0.88892      0.00000
      2.23000      2.75217      0.00000
      2.24000      4.34149      0.00000
      2.25000      4.04426      0.00000
      2.26000      2.29808      0.00000
      2.27000      1.41243      0.00000
      2.28000      1.53103      0.00000
      2.29000      0.90062      0.00000
      2.30000      0.21250      0.00000
      2.31000      0.18237      0.00000
      2.32000      0.91994      0.00000
      2.33000      2.22756      0.00000
      2.34000      3.28356      0.00000
      2.35000      4.03179      0.00000
      2.36000      4.26678      0.00000
      2.37000      4.21258      0.00000
      2.38000      2.51158      0.00000
      2.39000      1.02401      0.00000
      2.40000      1.97865      0.00000
      2.41000      5.08306      0.00000
      2.42000      7.05773      0.00000
      2.43000      5.54363      0.00000
      2.44000      2.96865      0.00000
      2.45000      1.10734      0.00000
      2.46000      1.03413      0.00000
      2.47000      1.48418      0.00000
      2.48000      0.89774      0.00000
      2.49000      0.47545      0.00000
      2.50000      1.68878      0.00000
      2.51000      3.87912      0.00000
      2.52000      3.65523      0.00000
      2.53000      1.62824      0.00000
      2.54000      0.86593      0.00000
      2.55000      0.68312      0.00000
      2.56000      0.38928      0.00000
      2.57000      0.92762      0.00000
      2.58000      2.54861      0.00000
      2.59000      3.90278      0.00000
      2.60000      3.84210      0.00000
      2.61000      2.51881      0.00000
      2.62000      1.37234      0.00000
      2.63000      1.46937      0.00000
      2.64000      1.32060      0.00000
      2.65000      0.70623      0.00000
      2.66000      1.06862      0.00000
      2.67000      1.75005      0.00000
      2.68000      2.09007      0.00000
      2.69000      2.36760      0.00000
      2.70000      1.41861      0.00000
      2.71000      0.36867      0.00000
      2.72000      0.45619      0.00000
      2.73000      1.92392      0.00000
      2.74000      3.50501      0.00000
      2.75000      3.10646      0.00000
      2.76000      1.61585      0.00000
      2.77000      0.44882      0.00000
      2.78000      0.13191      0.00000
      2.79000      0.46660      0.00000
      2.80000      1.43330      0.00000
      2.81000      3.27564      0.00000
      2.82000      4.77844      0.00000
      2.83000      3.46669      0.00000
      2.84000      1.18547      0.00000
      2.85000      0.58297      0.00000
      2.86000      1.60020      0.00000
      2.87000      2.57229      0.00000
      2.88000      2.42366      0.00000
      2.89000      2.27014      0.00000
      2.90000      2.21308      0.00000
      2.91000      2.46499      0.00000
      2.92000      2.53089      0.00000
      2.93000      1.53682      0.00000
      2.94000      0.60087      0.00000
      2.95000      0.66394      0.00000
      2.96000      1.01155      0.00000
      2.97000      1.44425      0.00000
      2.98000      1.78707      0.00000
      2.99000      1.72247      0.00000
      3.00000      2.93102      0.00000
      3.01000      6.00608      0.00000
      3.02000      6.50772      0.00000
      3.03000      3.06023      0.00000
      3.04000      0.59220      0.00000
      3.05000      0.04600      0.00000
      3.06000      0.01841      0.00000
