Energy-E_F (eV)    DOS (1/eV)    PDOS (1/eV)  of atom type Bi 
     -4.99000      0.00000      0.00000
     -4.98000      0.00000      0.00000
     -4.97000      0.00000      0.00000
     -4.96000      0.00000      0.00000
     -4.95000      0.00000      0.00000
     -4.94000      0.00000      0.00000
     -4.93000      0.00000      0.00000
     -4.92000      0.00000      0.00000
     -4.91000      0.00000      0.00000
     -4.90000      0.00000      0.00000
     -4.89000      0.00000      0.00000
     -4.88000      0.00000      0.00000
     -4.87000      0.00000      0.00000
     -4.86000      0.00000      0.00000
     -4.85000      0.00000      0.00000
     -4.84000      0.00000      0.00000
     -4.83000      0.00000      0.00000
     -4.82000      0.00000      0.00000
     -4.81000      0.00000      0.00000
     -4.80000      0.00000      0.00000
     -4.79000      0.00000      0.00000
     -4.78000      0.00000      0.00000
     -4.77000      0.00000      0.00000
     -4.76000      0.00000      0.00000
     -4.75000      0.00000      0.00000
     -4.74000      0.00000      0.00000
     -4.73000      0.00000      0.00000
     -4.72000      0.00000      0.00000
     -4.71000      0.00000      0.00000
     -4.70000      0.00000      0.00000
     -4.69000      0.00000      0.00000
     -4.68000      0.00000      0.00000
     -4.67000      0.00000      0.00000
     -4.66000      0.00000      0.00000
     -4.65000      0.00000      0.00000
     -4.64000      0.00000      0.00000
     -4.63000      0.00000      0.00000
     -4.62000      0.00000      0.00000
     -4.61000      0.00000      0.00000
     -4.60000      0.00000      0.00000
     -4.59000      0.00000      0.00000
     -4.58000      0.00000      0.00000
     -4.57000      0.00000      0.00000
     -4.56000      0.00000      0.00000
     -4.55000      0.00001      0.00001
     -4.54000      0.00049      0.00049
     -4.53000      0.01052      0.01052
     -4.52000      0.09134      0.09134
     -4.51000      0.34892      0.34892
     -4.50000      0.68640      0.68640
     -4.49000      0.81538      0.81538
     -4.48000      0.73452      0.73452
     -4.47000      0.83119      0.83119
     -4.46000      1.01432      1.01432
     -4.45000      1.09927      1.09927
     -4.44000      1.07223      1.07223
     -4.43000      0.74611      0.74611
     -4.42000      0.60333      0.60333
     -4.41000      1.25348      1.25348
     -4.40000      2.06182      2.06182
     -4.39000      1.98773      1.98773
     -4.38000      1.61679      1.61679
     -4.37000      1.58252      1.58252
     -4.36000      1.39578      1.39578
     -4.35000      1.18609      1.18609
     -4.34000      1.32978      1.32978
     -4.33000      1.56147      1.56147
     -4.32000      1.89702      1.89702
     -4.31000      2.21672      2.21672
     -4.30000      1.96927      1.96927
     -4.29000      1.60461      1.60461
     -4.28000      1.47228      1.47228
     -4.27000      1.45883      1.45883
     -4.26000      1.38408      1.38408
     -4.25000      1.52858      1.52858
     -4.24000      2.25456      2.25456
     -4.23000      2.57059      2.57059
     -4.22000      2.13584      2.13584
     -4.21000      1.63375      1.63375
     -4.20000      1.29822      1.29822
     -4.19000      1.40173      1.40173
     -4.18000      1.75999      1.75999
     -4.17000      1.97109      1.97109
     -4.16000      1.99521      1.99521
     -4.15000      2.29004      2.29004
     -4.14000      2.64828      2.64828
     -4.13000      2.82562      2.82562
     -4.12000      3.09491      3.09491
     -4.11000      3.26901      3.26901
     -4.10000      2.52261      2.52261
     -4.09000      1.78612      1.78612
     -4.08000      2.12030      2.12030
     -4.07000      2.64452      2.64452
     -4.06000      2.47366      2.47366
     -4.05000      2.19190      2.19190
     -4.04000      2.34919      2.34919
     -4.03000      2.60199      2.60199
     -4.02000      2.89021      2.89021
     -4.01000      3.15328      3.15328
     -4.00000      3.04479      3.04479
     -3.99000      2.79472      2.79472
     -3.98000      2.61077      2.61077
     -3.97000      2.44204      2.44204
     -3.96000      2.72833      2.72833
     -3.95000      3.01537      3.01537
     -3.94000      3.41243      3.41243
     -3.93000      3.64049      3.64049
     -3.92000      3.00335      3.00335
     -3.91000      2.25442      2.25442
     -3.90000      1.78807      1.78807
     -3.89000      1.81918      1.81918
     -3.88000      2.43177      2.43177
     -3.87000      2.94219      2.94219
     -3.86000      2.93866      2.93866
     -3.85000      2.66254      2.66254
     -3.84000      2.52318      2.52318
     -3.83000      2.84679      2.84679
     -3.82000      2.92019      2.92019
     -3.81000      2.74209      2.74209
     -3.80000      2.89983      2.89983
     -3.79000      2.97843      2.97843
     -3.78000      3.23297      3.23297
     -3.77000      3.85673      3.85673
     -3.76000      3.89866      3.89866
     -3.75000      3.13632      3.13632
     -3.74000      2.84502      2.84502
     -3.73000      3.13424      3.13424
     -3.72000      3.25073      3.25073
     -3.71000      3.05254      3.05254
     -3.70000      2.43229      2.43229
     -3.69000      2.42585      2.42585
     -3.68000      2.97047      2.97047
     -3.67000      3.37103      3.37103
     -3.66000      3.54093      3.54093
     -3.65000      3.03932      3.03932
     -3.64000      2.38513      2.38513
     -3.63000      2.41855      2.41855
     -3.62000      3.22533      3.22533
     -3.61000      3.87123      3.87123
     -3.60000      3.71368      3.71368
     -3.59000      3.33545      3.33545
     -3.58000      2.84963      2.84963
     -3.57000      2.35340      2.35340
     -3.56000      2.17105      2.17105
     -3.55000      2.63073      2.63073
     -3.54000      3.54566      3.54566
     -3.53000      3.94304      3.94304
     -3.52000      3.52352      3.52352
     -3.51000      3.03766      3.03766
     -3.50000      2.94172      2.94172
     -3.49000      3.13129      3.13129
     -3.48000      3.46183      3.46183
     -3.47000      4.00009      4.00009
     -3.46000      4.33029      4.33029
     -3.45000      4.24297      4.24297
     -3.44000      3.64244      3.64244
     -3.43000      2.99206      2.99206
     -3.42000      2.73263      2.73263
     -3.41000      2.75249      2.75249
     -3.40000      3.05375      3.05375
     -3.39000      3.42694      3.42694
     -3.38000      3.20454      3.20454
     -3.37000      2.85846      2.85846
     -3.36000      3.13465      3.13465
     -3.35000      3.35671      3.35671
     -3.34000      2.91864      2.91864
     -3.33000      3.13991      3.13991
     -3.32000      4.08346      4.08346
     -3.31000      4.26758      4.26758
     -3.30000      3.97068      3.97068
     -3.29000      3.54000      3.54000
     -3.28000      3.82360      3.82360
     -3.27000      4.54358      4.54358
     -3.26000      4.64131      4.64131
     -3.25000      4.46407      4.46407
     -3.24000      4.34345      4.34345
     -3.23000      4.02940      4.02940
     -3.22000      3.52688      3.52688
     -3.21000      3.17773      3.17773
     -3.20000      3.60698      3.60698
     -3.19000      4.17878      4.17878
     -3.18000      4.13539      4.13539
     -3.17000      3.48561      3.48561
     -3.16000      3.01797      3.01797
     -3.15000      3.29553      3.29553
     -3.14000      3.94042      3.94042
     -3.13000      4.39396      4.39396
     -3.12000      4.75942      4.75942
     -3.11000      4.83903      4.83903
     -3.10000      4.55140      4.55140
     -3.09000      4.09963      4.09963
     -3.08000      3.95736      3.95736
     -3.07000      3.91810      3.91810
     -3.06000      3.99142      3.99142
     -3.05000      4.88821      4.88821
     -3.04000      5.73940      5.73940
     -3.03000      5.37105      5.37105
     -3.02000      4.44195      4.44195
     -3.01000      4.06974      4.06974
     -3.00000      4.63199      4.63199
     -2.99000      5.01064      5.01064
     -2.98000      5.05243      5.05243
     -2.97000      5.20940      5.20940
     -2.96000      5.36434      5.36434
     -2.95000      5.30838      5.30838
     -2.94000      5.43315      5.43315
     -2.93000      5.74689      5.74689
     -2.92000      5.27597      5.27597
     -2.91000      4.54962      4.54962
     -2.90000      4.59500      4.59500
     -2.89000      5.27161      5.27161
     -2.88000      5.52788      5.52788
     -2.87000      4.95187      4.95187
     -2.86000      4.61537      4.61537
     -2.85000      4.45941      4.45941
     -2.84000      3.70831      3.70831
     -2.83000      3.21493      3.21493
     -2.82000      4.02687      4.02687
     -2.81000      5.37263      5.37263
     -2.80000      6.27515      6.27515
     -2.79000      6.90955      6.90955
     -2.78000      6.22715      6.22715
     -2.77000      5.07698      5.07698
     -2.76000      4.72941      4.72941
     -2.75000      4.65325      4.65325
     -2.74000      5.14932      5.14932
     -2.73000      6.62924      6.62924
     -2.72000      7.36198      7.36198
     -2.71000      6.64313      6.64313
     -2.70000      5.45624      5.45624
     -2.69000      4.69608      4.69608
     -2.68000      4.44678      4.44678
     -2.67000      4.54232      4.54232
     -2.66000      4.99190      4.99190
     -2.65000      5.56608      5.56608
     -2.64000      5.69940      5.69940
     -2.63000      5.71549      5.71549
     -2.62000      5.78082      5.78082
     -2.61000      6.37145      6.37145
     -2.60000      7.85231      7.85231
     -2.59000      8.01140      8.01140
     -2.58000      6.76818      6.76818
     -2.57000      5.50451      5.50451
     -2.56000      4.52894      4.52894
     -2.55000      4.32163      4.32163
     -2.54000      4.84560      4.84560
     -2.53000      5.19042      5.19042
     -2.52000      4.50089      4.50089
     -2.51000      3.79177      3.79177
     -2.50000      4.26641      4.26641
     -2.49000      5.43031      5.43031
     -2.48000      6.42773      6.42773
     -2.47000      6.40497      6.40497
     -2.46000      5.68882      5.68882
     -2.45000      5.68461      5.68461
     -2.44000      6.03130      6.03130
     -2.43000      5.69405      5.69405
     -2.42000      5.06372      5.06372
     -2.41000      5.21111      5.21111
     -2.40000      5.66047      5.66047
     -2.39000      5.88964      5.88964
     -2.38000      6.10483      6.10483
     -2.37000      5.99894      5.99894
     -2.36000      4.90458      4.90458
     -2.35000      4.14750      4.14750
     -2.34000      4.83761      4.83761
     -2.33000      5.88461      5.88461
     -2.32000      6.56531      6.56531
     -2.31000      6.81317      6.81317
     -2.30000      6.24699      6.24699
     -2.29000      5.10460      5.10460
     -2.28000      4.79211      4.79211
     -2.27000      5.23541      5.23541
     -2.26000      5.42544      5.42544
     -2.25000      5.74436      5.74436
     -2.24000      6.26255      6.26255
     -2.23000      5.64427      5.64427
     -2.22000      4.95597      4.95597
     -2.21000      5.09747      5.09747
     -2.20000      5.36803      5.36803
     -2.19000      5.73342      5.73342
     -2.18000      6.19650      6.19650
     -2.17000      6.16056      6.16056
     -2.16000      5.54805      5.54805
     -2.15000      5.57895      5.57895
     -2.14000      6.23046      6.23046
     -2.13000      6.21248      6.21248
     -2.12000      5.31438      5.31438
     -2.11000      4.42135      4.42135
     -2.10000      4.33142      4.33142
     -2.09000      4.77180      4.77180
     -2.08000      5.15861      5.15861
     -2.07000      5.66387      5.66387
     -2.06000      6.21548      6.21548
     -2.05000      6.40851      6.40851
     -2.04000      6.21764      6.21764
     -2.03000      5.42422      5.42422
     -2.02000      4.59994      4.59994
     -2.01000      4.65298      4.65298
     -2.00000      5.50574      5.50574
     -1.99000      6.04652      6.04652
     -1.98000      6.39705      6.39705
     -1.97000      6.42664      6.42664
     -1.96000      5.37274      5.37274
     -1.95000      5.32229      5.32229
     -1.94000      6.29275      6.29275
     -1.93000      6.10346      6.10346
     -1.92000      5.53579      5.53579
     -1.91000      5.30477      5.30477
     -1.90000      4.85690      4.85690
     -1.89000      4.44779      4.44779
     -1.88000      4.09607      4.09607
     -1.87000      4.15143      4.15143
     -1.86000      4.53677      4.53677
     -1.85000      4.87941      4.87941
     -1.84000      5.50575      5.50575
     -1.83000      6.36543      6.36543
     -1.82000      6.31219      6.31219
     -1.81000      5.72521      5.72521
     -1.80000      5.55098      5.55098
     -1.79000      4.92969      4.92969
     -1.78000      4.56043      4.56043
     -1.77000      4.95935      4.95935
     -1.76000      5.52131      5.52131
     -1.75000      6.53329      6.53329
     -1.74000      6.94430      6.94430
     -1.73000      5.76928      5.76928
     -1.72000      4.49809      4.49809
     -1.71000      4.14952      4.14952
     -1.70000      4.28250      4.28250
     -1.69000      4.58094      4.58094
     -1.68000      5.88152      5.88152
     -1.67000      7.59379      7.59379
     -1.66000      7.91813      7.91813
     -1.65000      7.33086      7.33086
     -1.64000      6.86090      6.86090
     -1.63000      6.38729      6.38729
     -1.62000      5.67035      5.67035
     -1.61000      5.35817      5.35817
     -1.60000      5.18678      5.18678
     -1.59000      4.76881      4.76881
     -1.58000      5.14010      5.14010
     -1.57000      6.12475      6.12475
     -1.56000      6.37567      6.37567
     -1.55000      6.33533      6.33533
     -1.54000      6.61268      6.61268
     -1.53000      6.42891      6.42891
     -1.52000      5.74993      5.74993
     -1.51000      5.15363      5.15363
     -1.50000      4.92701      4.92701
     -1.49000      4.74633      4.74633
     -1.48000      4.84165      4.84165
     -1.47000      5.35865      5.35865
     -1.46000      5.47796      5.47796
     -1.45000      5.05718      5.05718
     -1.44000      4.70915      4.70915
     -1.43000      4.74277      4.74277
     -1.42000      5.04830      5.04830
     -1.41000      5.43275      5.43275
     -1.40000      5.59886      5.59886
     -1.39000      6.00170      6.00170
     -1.38000      6.36753      6.36753
     -1.37000      6.20554      6.20554
     -1.36000      5.62178      5.62178
     -1.35000      5.14683      5.14683
     -1.34000      5.53545      5.53545
     -1.33000      6.29903      6.29903
     -1.32000      6.14613      6.14613
     -1.31000      5.49740      5.49740
     -1.30000      5.07520      5.07520
     -1.29000      5.43232      5.43232
     -1.28000      5.91186      5.91186
     -1.27000      5.44837      5.44837
     -1.26000      5.20720      5.20720
     -1.25000      5.44434      5.44434
     -1.24000      5.32067      5.32067
     -1.23000      5.46220      5.46220
     -1.22000      5.76264      5.76264
     -1.21000      5.78681      5.78681
     -1.20000      5.78785      5.78785
     -1.19000      6.04691      6.04691
     -1.18000      6.03563      6.03563
     -1.17000      5.41830      5.41830
     -1.16000      4.93003      4.93003
     -1.15000      5.20683      5.20683
     -1.14000      5.36573      5.36573
     -1.13000      4.96354      4.96354
     -1.12000      4.72705      4.72705
     -1.11000      4.38550      4.38550
     -1.10000      4.25467      4.25467
     -1.09000      4.30065      4.30065
     -1.08000      4.24181      4.24181
     -1.07000      5.37501      5.37501
     -1.06000      6.24686      6.24686
     -1.05000      5.73181      5.73181
     -1.04000      5.19031      5.19031
     -1.03000      4.60398      4.60398
     -1.02000      4.45245      4.45245
     -1.01000      5.12931      5.12931
     -1.00000      5.26997      5.26997
     -0.99000      4.31988      4.31988
     -0.98000      3.94609      3.94609
     -0.97000      4.74772      4.74772
     -0.96000      5.89686      5.89686
     -0.95000      6.34885      6.34885
     -0.94000      5.52957      5.52957
     -0.93000      4.02809      4.02809
     -0.92000      3.32272      3.32272
     -0.91000      3.84363      3.84363
     -0.90000      4.66198      4.66198
     -0.89000      5.01252      5.01252
     -0.88000      5.30064      5.30064
     -0.87000      5.97906      5.97906
     -0.86000      5.88742      5.88742
     -0.85000      4.94837      4.94837
     -0.84000      3.96153      3.96153
     -0.83000      3.64168      3.64168
     -0.82000      3.84663      3.84663
     -0.81000      3.86717      3.86717
     -0.80000      3.72339      3.72339
     -0.79000      3.92517      3.92517
     -0.78000      4.72716      4.72716
     -0.77000      5.14941      5.14941
     -0.76000      4.89966      4.89966
     -0.75000      4.27465      4.27465
     -0.74000      3.62753      3.62753
     -0.73000      3.60140      3.60140
     -0.72000      4.03721      4.03721
     -0.71000      4.63978      4.63978
     -0.70000      4.23815      4.23815
     -0.69000      3.05061      3.05061
     -0.68000      3.29245      3.29245
     -0.67000      3.96865      3.96865
     -0.66000      3.36922      3.36922
     -0.65000      2.79766      2.79766
     -0.64000      2.83165      2.83165
     -0.63000      2.69923      2.69923
     -0.62000      2.71174      2.71174
     -0.61000      3.10596      3.10596
     -0.60000      3.20326      3.20326
     -0.59000      2.91160      2.91160
     -0.58000      2.67896      2.67896
     -0.57000      2.71927      2.71927
     -0.56000      2.95276      2.95276
     -0.55000      3.00322      3.00322
     -0.54000      2.96797      2.96797
     -0.53000      2.77183      2.77183
     -0.52000      2.42839      2.42839
     -0.51000      2.11233      2.11233
     -0.50000      2.14222      2.14222
     -0.49000      2.54056      2.54056
     -0.48000      2.64175      2.64175
     -0.47000      2.73082      2.73082
     -0.46000      3.30388      3.30388
     -0.45000      3.51736      3.51736
     -0.44000      3.03428      3.03428
     -0.43000      2.44259      2.44259
     -0.42000      2.10636      2.10636
     -0.41000      1.89232      1.89232
     -0.40000      1.52219      1.52219
     -0.39000      1.65317      1.65317
     -0.38000      2.18294      2.18294
     -0.37000      2.26281      2.26281
     -0.36000      2.12803      2.12803
     -0.35000      2.02916      2.02916
     -0.34000      2.00433      2.00433
     -0.33000      2.13076      2.13076
     -0.32000      2.12880      2.12880
     -0.31000      1.78190      1.78190
     -0.30000      1.70566      1.70566
     -0.29000      1.97449      1.97449
     -0.28000      2.07061      2.07061
     -0.27000      1.72080      1.72080
     -0.26000      1.23272      1.23272
     -0.25000      1.21622      1.21622
     -0.24000      1.38181      1.38181
     -0.23000      1.31914      1.31914
     -0.22000      1.43530      1.43530
     -0.21000      1.49121      1.49121
     -0.20000      1.08041      1.08041
     -0.19000      0.97969      0.97969
     -0.18000      1.29406      1.29406
     -0.17000      1.31075      1.31075
     -0.16000      1.01988      1.01988
     -0.15000      1.03653      1.03653
     -0.14000      1.45937      1.45937
     -0.13000      1.51925      1.51925
     -0.12000      1.06282      1.06282
     -0.11000      0.66256      0.66256
     -0.10000      0.48244      0.48244
     -0.09000      0.60185      0.60185
     -0.08000      0.78685      0.78685
     -0.07000      0.66288      0.66288
     -0.06000      0.67970      0.67970
     -0.05000      0.92657      0.92657
     -0.04000      1.01199      1.01199
     -0.03000      1.12944      1.12944
     -0.02000      1.31597      1.31597
     -0.01000      1.29668      1.29668
      0.00000      0.95147      0.95147
      0.01000      0.54058      0.54058
      0.02000      0.31575      0.31575
      0.03000      0.27096      0.27096
      0.04000      0.45006      0.45006
      0.05000      0.81805      0.81805
      0.06000      1.04568      1.04568
      0.07000      0.91414      0.91414
      0.08000      0.78553      0.78553
      0.09000      0.93396      0.93396
      0.10000      1.00048      1.00048
      0.11000      0.81887      0.81887
      0.12000      0.57675      0.57675
      0.13000      0.47752      0.47752
      0.14000      0.48395      0.48395
      0.15000      0.40608      0.40608
      0.16000      0.48756      0.48756
      0.17000      0.95071      0.95071
      0.18000      1.31894      1.31894
      0.19000      1.18404      1.18404
      0.20000      1.29834      1.29834
      0.21000      1.66470      1.66470
      0.22000      1.66169      1.66169
      0.23000      1.55276      1.55276
      0.24000      1.34568      1.34568
      0.25000      1.02269      1.02269
      0.26000      1.07524      1.07524
      0.27000      1.32731      1.32731
      0.28000      1.27489      1.27489
      0.29000      1.13858      1.13858
      0.30000      1.33689      1.33689
      0.31000      1.50453      1.50453
      0.32000      1.47359      1.47359
      0.33000      1.65918      1.65918
      0.34000      1.97892      1.97892
      0.35000      2.20996      2.20996
      0.36000      2.01265      2.01265
      0.37000      1.72463      1.72463
      0.38000      1.93553      1.93553
      0.39000      2.31662      2.31662
      0.40000      2.29729      2.29729
      0.41000      2.17913      2.17913
      0.42000      1.87357      1.87357
      0.43000      1.46763      1.46763
      0.44000      1.91641      1.91641
      0.45000      3.04239      3.04239
      0.46000      3.85343      3.85343
      0.47000      4.42435      4.42435
      0.48000      4.17546      4.17546
      0.49000      3.22861      3.22861
      0.50000      3.01940      3.01940
      0.51000      3.75315      3.75315
      0.52000      4.68117      4.68117
      0.53000      4.87210      4.87210
      0.54000      4.58913      4.58913
      0.55000      4.62034      4.62034
      0.56000      4.83736      4.83736
      0.57000      5.02718      5.02718
      0.58000      5.08166      5.08166
      0.59000      4.98741      4.98741
      0.60000      4.63236      4.63236
      0.61000      4.42825      4.42825
      0.62000      4.78140      4.78140
      0.63000      5.00008      5.00008
      0.64000      4.35556      4.35556
      0.65000      3.88042      3.88042
      0.66000      4.38647      4.38647
      0.67000      5.40651      5.40651
      0.68000      6.28674      6.28674
      0.69000      6.53653      6.53653
      0.70000      6.22205      6.22205
      0.71000      5.63577      5.63577
      0.72000      5.59490      5.59490
      0.73000      5.25714      5.25714
      0.74000      4.93934      4.93934
      0.75000      5.47609      5.47609
      0.76000      5.46875      5.46875
      0.77000      4.73891      4.73891
      0.78000      4.41487      4.41487
      0.79000      4.30752      4.30752
      0.80000      4.01636      4.01636
      0.81000      3.39561      3.39561
      0.82000      3.42037      3.42037
      0.83000      4.01434      4.01434
      0.84000      4.00931      4.00931
      0.85000      3.62685      3.62685
      0.86000      3.32650      3.32650
      0.87000      3.63414      3.63414
      0.88000      4.29771      4.29771
      0.89000      4.73699      4.73699
      0.90000      4.96672      4.96672
      0.91000      4.73045      4.73045
      0.92000      3.95783      3.95783
      0.93000      3.20504      3.20504
      0.94000      2.95715      2.95715
      0.95000      3.03183      3.03183
      0.96000      3.27951      3.27951
      0.97000      3.42013      3.42013
      0.98000      3.44773      3.44773
      0.99000      3.49372      3.49372
      1.00000      3.85825      3.85825
      1.01000      4.36180      4.36180
      1.02000      4.68502      4.68502
      1.03000      4.85944      4.85944
      1.04000      4.11197      4.11197
      1.05000      3.80836      3.80836
      1.06000      5.19753      5.19753
      1.07000      5.90287      5.90287
      1.08000      4.88599      4.88599
      1.09000      4.08896      4.08896
      1.10000      4.21838      4.21838
      1.11000      4.10075      4.10075
      1.12000      3.62657      3.62657
      1.13000      3.25521      3.25521
      1.14000      3.22512      3.22512
      1.15000      3.70481      3.70481
      1.16000      3.48738      3.48738
      1.17000      2.86223      2.86223
      1.18000      3.04757      3.04757
      1.19000      3.64436      3.64436
      1.20000      4.13882      4.13882
      1.21000      4.31506      4.31506
      1.22000      4.41550      4.41550
      1.23000      4.34156      4.34156
      1.24000      4.17846      4.17846
      1.25000      4.23152      4.23152
      1.26000      4.26143      4.26143
      1.27000      4.65842      4.65842
      1.28000      4.97987      4.97987
      1.29000      4.54942      4.54942
      1.30000      4.54745      4.54745
      1.31000      4.94590      4.94590
      1.32000      4.85820      4.85820
      1.33000      4.44437      4.44437
      1.34000      4.11988      4.11988
      1.35000      4.00825      4.00825
      1.36000      3.82516      3.82516
      1.37000      3.64831      3.64831
      1.38000      3.52981      3.52981
      1.39000      3.89340      3.89340
      1.40000      4.36759      4.36759
      1.41000      4.04386      4.04386
      1.42000      2.72798      2.72798
      1.43000      1.82754      1.82754
      1.44000      2.32655      2.32655
      1.45000      3.40126      3.40126
      1.46000      3.96533      3.96533
      1.47000      3.94564      3.94564
      1.48000      3.73941      3.73941
      1.49000      3.04334      3.04334
      1.50000      2.73300      2.73300
      1.51000      3.00810      3.00810
      1.52000      3.22018      3.22018
      1.53000      3.28371      3.28371
      1.54000      3.48514      3.48514
      1.55000      3.74804      3.74804
      1.56000      4.17086      4.17086
      1.57000      4.58076      4.58076
      1.58000      4.35184      4.35184
      1.59000      3.96835      3.96835
      1.60000      4.18238      4.18238
      1.61000      4.29381      4.29381
      1.62000      3.44249      3.44249
      1.63000      2.63268      2.63268
      1.64000      2.77484      2.77484
      1.65000      3.42580      3.42580
      1.66000      3.77997      3.77997
      1.67000      3.66202      3.66202
      1.68000      3.45354      3.45354
      1.69000      3.68740      3.68740
      1.70000      3.80060      3.80060
      1.71000      3.61717      3.61717
      1.72000      3.38771      3.38771
      1.73000      3.26778      3.26778
      1.74000      3.06774      3.06774
      1.75000      3.44092      3.44092
      1.76000      4.59855      4.59855
      1.77000      5.22419      5.22419
      1.78000      4.59306      4.59306
      1.79000      3.46505      3.46505
      1.80000      2.76991      2.76991
      1.81000      2.80072      2.80072
      1.82000      3.11879      3.11879
      1.83000      3.43368      3.43368
      1.84000      3.77931      3.77931
      1.85000      3.83681      3.83681
      1.86000      3.46087      3.46087
      1.87000      3.53129      3.53129
      1.88000      4.12893      4.12893
      1.89000      4.28616      4.28616
      1.90000      3.77015      3.77015
      1.91000      3.11150      3.11150
      1.92000      2.56627      2.56627
      1.93000      2.26799      2.26799
      1.94000      2.59059      2.59059
      1.95000      3.38277      3.38277
      1.96000      3.81222      3.81222
      1.97000      4.04455      4.04455
      1.98000      4.00076      4.00076
      1.99000      3.48310      3.48310
      2.00000      3.22636      3.22636
      2.01000      3.56681      3.56681
      2.02000      3.49035      3.49035
      2.03000      2.77252      2.77252
      2.04000      2.36991      2.36991
      2.05000      2.65485      2.65485
      2.06000      3.18799      3.18799
      2.07000      3.66142      3.66142
      2.08000      3.94952      3.94952
      2.09000      4.56559      4.56559
      2.10000      5.07856      5.07856
      2.11000      4.39373      4.39373
      2.12000      3.26261      3.26261
      2.13000      2.81836      2.81836
      2.14000      3.41720      3.41720
      2.15000      4.20424      4.20424
      2.16000      4.58234      4.58234
      2.17000      5.33405      5.33405
      2.18000      5.73853      5.73853
      2.19000      4.84730      4.84730
      2.20000      4.20275      4.20275
      2.21000      4.15396      4.15396
      2.22000      4.83097      4.83097
      2.23000      5.68777      5.68777
      2.24000      5.90131      5.90131
      2.25000      5.32041      5.32041
      2.26000      4.56017      4.56017
      2.27000      4.08426      4.08426
      2.28000      3.68406      3.68406
      2.29000      3.63213      3.63213
      2.30000      3.33274      3.33274
      2.31000      2.87252      2.87252
      2.32000      3.19836      3.19836
      2.33000      4.24863      4.24863
      2.34000      5.04454      5.04454
      2.35000      5.17805      5.17805
      2.36000      4.68968      4.68968
      2.37000      4.16722      4.16722
      2.38000      3.91212      3.91212
      2.39000      3.33323      3.33323
      2.40000      3.07005      3.07005
      2.41000      3.47993      3.47993
      2.42000      3.64499      3.64499
      2.43000      3.48292      3.48292
      2.44000      3.58186      3.58186
      2.45000      3.56236      3.56236
      2.46000      3.66635      3.66635
      2.47000      4.24051      4.24051
      2.48000      4.71367      4.71367
      2.49000      4.14570      4.14570
      2.50000      3.08153      3.08153
      2.51000      3.09438      3.09438
      2.52000      3.85305      3.85305
      2.53000      3.71431      3.71431
      2.54000      3.67283      3.67283
      2.55000      4.59562      4.59562
      2.56000      4.88600      4.88600
      2.57000      3.99750      3.99750
      2.58000      3.23774      3.23774
      2.59000      3.64806      3.64806
      2.60000      4.50141      4.50141
      2.61000      5.05767      5.05767
      2.62000      5.84504      5.84504
      2.63000      6.55023      6.55023
      2.64000      6.75072      6.75072
      2.65000      5.94718      5.94718
      2.66000      4.31299      4.31299
      2.67000      3.52590      3.52590
      2.68000      4.26390      4.26390
      2.69000      5.55258      5.55258
      2.70000      6.01216      6.01216
      2.71000      5.40993      5.40993
      2.72000      5.11365      5.11365
      2.73000      5.05898      5.05898
      2.74000      5.44667      5.44667
      2.75000      6.35075      6.35075
      2.76000      6.89593      6.89593
      2.77000      6.53066      6.53066
      2.78000      5.53033      5.53033
      2.79000      4.82921      4.82921
      2.80000      5.31826      5.31826
      2.81000      5.97171      5.97171
      2.82000      6.23878      6.23878
      2.83000      6.57886      6.57886
      2.84000      6.77945      6.77945
      2.85000      6.80831      6.80831
      2.86000      6.69556      6.69556
      2.87000      5.65625      5.65625
      2.88000      4.23911      4.23911
      2.89000      3.72015      3.72015
      2.90000      3.92736      3.92736
      2.91000      4.15255      4.15255
      2.92000      4.35232      4.35232
      2.93000      4.36822      4.36822
      2.94000      4.58052      4.58052
      2.95000      4.69943      4.69943
      2.96000      4.09519      4.09519
      2.97000      3.71495      3.71495
      2.98000      3.91694      3.91694
      2.99000      4.11683      4.11683
      3.00000      3.94832      3.94832
      3.01000      4.01739      4.01739
      3.02000      4.33521      4.33521
      3.03000      4.56304      4.56304
      3.04000      4.66154      4.66154
      3.05000      4.41603      4.41603
      3.06000      4.02339      4.02339
      3.07000      3.65085      3.65085
      3.08000      3.40292      3.40292
      3.09000      3.61797      3.61797
      3.10000      3.66885      3.66885
      3.11000      3.10046      3.10046
      3.12000      2.92569      2.92569
      3.13000      3.79700      3.79700
      3.14000      4.21675      4.21675
      3.15000      4.08507      4.08507
      3.16000      3.98222      3.98222
      3.17000      3.69831      3.69831
      3.18000      3.59474      3.59474
      3.19000      4.07534      4.07534
      3.20000      4.84368      4.84368
      3.21000      4.62031      4.62031
      3.22000      3.71259      3.71259
      3.23000      3.35751      3.35751
      3.24000      3.13917      3.13917
      3.25000      2.98321      2.98321
      3.26000      2.83943      2.83943
      3.27000      3.16096      3.16096
      3.28000      3.54577      3.54577
      3.29000      3.28168      3.28168
      3.30000      2.82067      2.82067
      3.31000      2.75152      2.75152
      3.32000      3.14151      3.14151
      3.33000      3.64203      3.64203
      3.34000      4.44697      4.44697
      3.35000      5.08511      5.08511
      3.36000      4.64889      4.64889
      3.37000      3.69741      3.69741
      3.38000      2.84422      2.84422
      3.39000      2.34086      2.34086
      3.40000      2.51267      2.51267
      3.41000      2.77362      2.77362
      3.42000      2.98705      2.98705
      3.43000      4.04991      4.04991
      3.44000      4.82170      4.82170
      3.45000      4.21003      4.21003
      3.46000      3.55843      3.55843
      3.47000      3.92908      3.92908
      3.48000      4.34798      4.34798
      3.49000      4.33958      4.33958
      3.50000      4.55024      4.55024
      3.51000      4.61785      4.61785
      3.52000      4.21883      4.21883
      3.53000      4.14316      4.14316
      3.54000      3.92389      3.92389
      3.55000      3.74902      3.74902
      3.56000      4.00106      4.00106
      3.57000      3.88988      3.88988
      3.58000      3.48020      3.48020
      3.59000      2.64930      2.64930
      3.60000      2.09036      2.09036
      3.61000      2.76147      2.76147
      3.62000      3.35437      3.35437
      3.63000      3.34335      3.34335
      3.64000      3.72745      3.72745
      3.65000      3.56662      3.56662
      3.66000      2.87572      2.87572
      3.67000      3.02527      3.02527
      3.68000      4.08718      4.08718
      3.69000      5.44141      5.44141
      3.70000      5.62935      5.62935
      3.71000      4.54355      4.54355
      3.72000      3.72772      3.72772
      3.73000      3.62806      3.62806
      3.74000      3.50208      3.50208
      3.75000      2.92942      2.92942
      3.76000      2.68787      2.68787
      3.77000      2.96383      2.96383
      3.78000      3.14541      3.14541
      3.79000      3.25514      3.25514
      3.80000      4.15762      4.15762
      3.81000      4.93106      4.93106
      3.82000      4.81031      4.81031
      3.83000      4.96385      4.96385
      3.84000      5.18549      5.18549
      3.85000      4.97734      4.97734
      3.86000      4.79258      4.79258
      3.87000      4.73904      4.73904
      3.88000      4.54672      4.54672
      3.89000      4.71720      4.71720
      3.90000      5.11573      5.11573
      3.91000      5.15130      5.15130
      3.92000      4.83592      4.83592
      3.93000      3.95221      3.95221
      3.94000      3.40209      3.40209
      3.95000      3.61801      3.61801
      3.96000      3.77504      3.77504
      3.97000      3.52431      3.52431
      3.98000      3.15639      3.15639
      3.99000      2.95378      2.95378
      4.00000      2.68153      2.68153
      4.01000      2.28540      2.28540
      4.02000      2.10036      2.10036
      4.03000      2.00861      2.00861
      4.04000      2.02959      2.02959
      4.05000      2.61244      2.61244
      4.06000      3.14105      3.14105
      4.07000      3.71304      3.71304
      4.08000      4.51539      4.51539
      4.09000      4.42452      4.42452
      4.10000      3.82583      3.82583
      4.11000      3.57501      3.57501
      4.12000      3.18040      3.18040
      4.13000      3.06312      3.06312
      4.14000      3.06615      3.06615
      4.15000      2.55615      2.55615
      4.16000      1.74500      1.74500
      4.17000      1.22674      1.22674
      4.18000      1.37959      1.37959
      4.19000      1.86463      1.86463
      4.20000      2.24220      2.24220
      4.21000      2.36588      2.36588
      4.22000      2.31489      2.31489
      4.23000      2.33862      2.33862
      4.24000      2.55224      2.55224
      4.25000      2.88840      2.88840
      4.26000      3.28536      3.28536
      4.27000      3.72541      3.72541
      4.28000      3.23473      3.23473
      4.29000      2.48350      2.48350
      4.30000      2.45053      2.45053
      4.31000      2.79650      2.79650
      4.32000      3.30230      3.30230
      4.33000      3.30403      3.30403
      4.34000      2.76534      2.76534
      4.35000      2.16395      2.16395
      4.36000      1.94948      1.94948
      4.37000      1.91305      1.91305
      4.38000      2.20720      2.20720
      4.39000      2.55502      2.55502
      4.40000      2.35000      2.35000
      4.41000      1.97188      1.97188
      4.42000      1.96130      1.96130
      4.43000      2.24324      2.24324
      4.44000      1.86445      1.86445
      4.45000      1.30076      1.30076
      4.46000      1.56873      1.56873
      4.47000      1.94507      1.94507
      4.48000      1.73440      1.73440
      4.49000      1.61151      1.61151
      4.50000      1.97843      1.97843
      4.51000      2.26365      2.26365
      4.52000      2.25433      2.25433
      4.53000      2.10665      2.10665
      4.54000      2.07634      2.07634
      4.55000      2.20766      2.20766
      4.56000      1.99914      1.99914
      4.57000      1.56434      1.56434
      4.58000      1.26090      1.26090
      4.59000      1.15870      1.15870
      4.60000      1.22267      1.22267
      4.61000      1.44223      1.44223
      4.62000      1.88565      1.88565
      4.63000      2.33569      2.33569
      4.64000      2.41220      2.41220
      4.65000      2.39819      2.39819
      4.66000      2.22261      2.22261
      4.67000      1.99697      1.99697
      4.68000      1.77656      1.77656
      4.69000      1.59097      1.59097
      4.70000      1.76600      1.76600
      4.71000      2.06735      2.06735
      4.72000      2.19094      2.19094
      4.73000      2.34140      2.34140
      4.74000      2.36800      2.36800
      4.75000      2.08801      2.08801
      4.76000      1.77036      1.77036
      4.77000      1.55699      1.55699
      4.78000      1.29807      1.29807
