Energy-E_F (eV)    DOS (1/eV)    PDOS (1/eV)  of atom type Pb 
     -3.48903      7.83881      0.00000
     -3.47903     12.80638      0.00000
     -3.46903     17.36878      0.00000
     -3.45903     14.69336      0.00000
     -3.44903     10.93405      0.00000
     -3.43903      8.78856      0.00000
     -3.42903      6.07487      0.00000
     -3.41903      5.21433      0.00000
     -3.40903      4.94900      0.00000
     -3.39903      2.20599      0.00000
     -3.38903      0.37353      0.00000
     -3.37903      0.09410      0.00000
     -3.36903      0.79636      0.00000
     -3.35903      3.27869      0.00000
     -3.34903      4.96954      0.00000
     -3.33903      2.79081      0.00000
     -3.32903      0.95072      0.00000
     -3.31903      2.82947      0.00000
     -3.30903      7.96379      0.00000
     -3.29903      9.08079      0.00000
     -3.28903      4.77784      0.00000
     -3.27903      3.83831      0.00000
     -3.26903      5.03372      0.00000
     -3.25903      2.93144      0.00000
     -3.24903      0.63369      0.00000
     -3.23903      0.05042      0.00000
     -3.22903      0.00159      0.00000
     -3.21903      0.00691      0.00000
     -3.20903      0.15778      0.00000
     -3.19903      1.32515      0.00000
     -3.18903      4.09625      0.00000
     -3.17903      4.71889      0.00000
     -3.16903      2.70229      0.00000
     -3.15903      3.58633      0.00000
     -3.14903      5.95432      0.00000
     -3.13903      6.44162      0.00000
     -3.12903      5.68768      0.00000
     -3.11903      3.64446      0.00000
     -3.10903      3.48736      0.00000
     -3.09903      6.11971      0.00000
     -3.08903     12.71251      0.00000
     -3.07903     17.29357      0.00000
     -3.06903     12.23450      0.00000
     -3.05903      7.04451      0.00000
     -3.04903     12.23755      0.00000
     -3.03903     20.52090      0.00000
     -3.02903     18.38478      0.00000
     -3.01903      9.96298      0.00000
     -3.00903      8.51899      0.00000
     -2.99903      8.77838      0.00000
     -2.98903      5.76998      0.00000
     -2.97903      4.96191      0.00000
     -2.96903      4.86976      0.00000
     -2.95903      2.15256      0.00000
     -2.94903      0.36496      0.00000
     -2.93903      0.23093      0.00000
     -2.92903      1.91033      0.00000
     -2.91903      6.94450      0.00000
     -2.90903     11.29265      0.00000
     -2.89903     12.89110      0.00000
     -2.88903     16.19489      0.00000
     -2.87903     13.95725      0.00000
     -2.86903      8.24886      0.00000
     -2.85903     11.03304      0.00000
     -2.84903     13.83345      0.00000
     -2.83903      7.76065      0.00000
     -2.82903      1.80596      0.00000
     -2.81903      0.44715      0.00000
     -2.80903      2.65075      0.00000
     -2.79903      9.77576      0.00000
     -2.78903     14.34182      0.00000
     -2.77903      8.35388      0.00000
     -2.76903      1.99110      0.00000
     -2.75903      1.23541      0.00000
     -2.74903      5.83648      0.00000
     -2.73903     13.85083      0.00000
     -2.72903     17.93389      0.00000
     -2.71903     17.31964      0.00000
     -2.70903     17.65711      0.00000
     -2.69903     16.77697      0.00000
     -2.68903     11.66516      0.00000
     -2.67903     11.00633      0.00000
     -2.66903     11.44715      0.00000
     -2.65903     11.16353      0.00000
     -2.64903      9.49486      0.00000
     -2.63903      3.99366      0.00000
     -2.62903      0.68712      0.00000
     -2.61903      0.33402      0.00000
     -2.60903      2.37083      0.00000
     -2.59903      7.57672      0.00000
     -2.58903      9.97631      0.00000
     -2.57903      6.59371      0.00000
     -2.56903      3.30150      0.00000
     -2.55903      2.09401      0.00000
     -2.54903      5.05608      0.00000
     -2.53903     11.30975      0.00000
     -2.52903     16.20660      0.00000
     -2.51903     14.70695      0.00000
     -2.50903      6.68750      0.00000
     -2.49903      1.90085      0.00000
     -2.48903      4.48203      0.00000
     -2.47903     11.17647      0.00000
     -2.46903     10.65084      0.00000
     -2.45903      3.84892      0.00000
     -2.44903      0.99939      0.00000
     -2.43903      2.58749      0.00000
     -2.42903      5.22951      0.00000
     -2.41903      5.47571      0.00000
     -2.40903      5.58739      0.00000
     -2.39903      4.15887      0.00000
     -2.38903      1.30850      0.00000
     -2.37903      0.15476      0.00000
     -2.36903      0.03585      0.00000
     -2.35903      0.43705      0.00000
     -2.34903      2.40787      0.00000
     -2.33903      4.88139      0.00000
     -2.32903      3.64048      0.00000
     -2.31903      0.99974      0.00000
     -2.30903      0.13652      0.00000
     -2.29903      0.50566      0.00000
     -2.28903      2.59517      0.00000
     -2.27903      4.93609      0.00000
     -2.26903      3.45480      0.00000
     -2.25903      0.92259      0.00000
     -2.24903      0.56453      0.00000
     -2.23903      2.53766      0.00000
     -2.22903      4.92072      0.00000
     -2.21903      3.51470      0.00000
     -2.20903      0.94619      0.00000
     -2.19903      0.45902      0.00000
     -2.18903      2.19827      0.00000
     -2.17903      4.79369      0.00000
     -2.16903      3.85109      0.00000
     -2.15903      1.13826      0.00000
     -2.14903      0.12944      0.00000
     -2.13903      0.14212      0.00000
     -2.12903      1.21671      0.00000
     -2.11903      4.01622      0.00000
     -2.10903      5.30449      0.00000
     -2.09903      4.00929      0.00000
     -2.08903      2.73832      0.00000
     -2.07903      1.12849      0.00000
     -2.06903      0.32805      0.00000
     -2.05903      1.47884      0.00000
     -2.04903      5.95664      0.00000
     -2.03903      9.58372      0.00000
     -2.02903      6.29650      0.00000
     -2.01903      2.89837      0.00000
     -2.00903      4.26899      0.00000
     -1.99903      4.71024      0.00000
     -1.98903      2.76009      0.00000
     -1.97903      4.66881      0.00000
     -1.96903     10.00627      0.00000
     -1.95903     11.97311      0.00000
     -1.94903     10.37135      0.00000
     -1.93903      7.87392      0.00000
     -1.92903      5.05293      0.00000
     -1.91903      4.89980      0.00000
     -1.90903      4.75191      0.00000
     -1.89903      1.98630      0.00000
     -1.88903      0.30956      0.00000
     -1.87903      0.01777      0.00000
     -1.86903      0.00043      0.00000
     -1.85903      0.00404      0.00000
     -1.84903      0.10666      0.00000
     -1.83903      1.03715      0.00000
     -1.82903      3.75426      0.00000
     -1.81903      5.53714      0.00000
     -1.80903      5.37893      0.00000
     -1.79903      5.40467      0.00000
     -1.78903      3.05362      0.00000
     -1.77903      0.82587      0.00000
     -1.76903      1.35269      0.00000
     -1.75903      4.06256      0.00000
     -1.74903      4.67542      0.00000
     -1.73903      1.98027      0.00000
     -1.72903      0.30856      0.00000
     -1.71903      0.01769      0.00000
     -1.70903      0.00037      0.00000
     -1.69903      0.00040      0.00000
     -1.68903      0.01894      0.00000
     -1.67903      0.33214      0.00000
     -1.66903      2.24346      0.00000
     -1.65903      6.31070      0.00000
     -1.64903      8.45434      0.00000
     -1.63903      6.51789      0.00000
     -1.62903      7.23764      0.00000
     -1.61903     14.50978      0.00000
     -1.60903     18.15224      0.00000
     -1.59903     16.42674      0.00000
     -1.58903     10.38826      0.00000
     -1.57903      4.49123      0.00000
     -1.56903      6.41329      0.00000
     -1.55903      9.74493      0.00000
     -1.54903      7.67801      0.00000
     -1.53903      8.45768      0.00000
     -1.52903     14.78968      0.00000
     -1.51903     19.45223      0.00000
     -1.50903     16.11073      0.00000
     -1.49903      7.64208      0.00000
     -1.48903      1.90704      0.00000
     -1.47903      0.32147      0.00000
     -1.46903      1.04614      0.00000
     -1.45903      3.70034      0.00000
     -1.44903      4.86821      0.00000
     -1.43903      2.56098      0.00000
     -1.42903      2.39400      0.00000
     -1.41903      7.05012      0.00000
     -1.40903      9.60605      0.00000
     -1.39903      5.06464      0.00000
     -1.38903      1.02661      0.00000
     -1.37903      0.07952      0.00000
     -1.36903      0.00234      0.00000
     -1.35903      0.00002      0.00000
     -1.34903      0.00000      0.00000
     -1.33903      0.00020      0.00000
     -1.32903      0.01074      0.00000
     -1.31903      0.21667      0.00000
     -1.30903      1.60816      0.00000
     -1.29903      4.39097      0.00000
     -1.28903      4.41060      0.00000
     -1.27903      1.62982      0.00000
     -1.26903      0.22164      0.00000
     -1.25903      0.01631      0.00000
     -1.24903      0.12907      0.00000
     -1.23903      1.16767      0.00000
     -1.22903      3.89275      0.00000
     -1.21903      4.79612      0.00000
     -1.20903      2.56744      0.00000
     -1.19903      3.11495      0.00000
     -1.18903      6.85925      0.00000
     -1.17903      6.54238      0.00000
     -1.16903      3.93545      0.00000
     -1.15903      4.81422      0.00000
     -1.14903      4.36188      0.00000
     -1.13903      2.43512      0.00000
     -1.12903      3.84976      0.00000
     -1.11903      5.76028      0.00000
     -1.10903      5.84965      0.00000
     -1.09903      5.40687      0.00000
     -1.08903      2.69515      0.00000
     -1.07903      0.55386      0.00000
     -1.06903      0.53241      0.00000
     -1.05903      3.47268      0.00000
     -1.04903      8.99197      0.00000
     -1.03903      8.58446      0.00000
     -1.02903      3.02368      0.00000
     -1.01903      0.47918      0.00000
     -1.00903      0.98510      0.00000
     -0.99903      4.26661      0.00000
     -0.98903      8.32947      0.00000
     -0.97903      8.63644      0.00000
     -0.96903      7.03716      0.00000
     -0.95903      5.43280      0.00000
     -0.94903      2.32199      0.00000
     -0.93903      0.46975      0.00000
     -0.92903      0.88952      0.00000
     -0.91903      3.87936      0.00000
     -0.90903      6.93183      0.00000
     -0.89903      5.14434      0.00000
     -0.88903      1.62601      0.00000
     -0.87903      0.21631      0.00000
     -0.86903      0.01195      0.00000
     -0.85903      0.01500      0.00000
     -0.84903      0.27171      0.00000
     -0.83903      1.83927      0.00000
     -0.82903      4.58030      0.00000
     -0.81903      4.19869      0.00000
     -0.80903      1.49482      0.00000
     -0.79903      1.12983      0.00000
     -0.78903      4.67938      0.00000
     -0.77903     10.70202      0.00000
     -0.76903     13.35196      0.00000
     -0.75903     11.23964      0.00000
     -0.74903      9.21920      0.00000
     -0.73903      7.43072      0.00000
     -0.72903      3.85931      0.00000
     -0.71903      1.06306      0.00000
     -0.70903      1.53485      0.00000
     -0.69903      5.48789      0.00000
     -0.68903      8.94963      0.00000
     -0.67903      6.55944      0.00000
     -0.66903      2.11342      0.00000
     -0.65903      0.49643      0.00000
     -0.64903      1.73225      0.00000
     -0.63903      5.50976      0.00000
     -0.62903      8.80511      0.00000
     -0.61903      9.41175      0.00000
     -0.60903      7.54522      0.00000
     -0.59903      4.15574      0.00000
     -0.58903      4.42836      0.00000
     -0.57903      9.70187      0.00000
     -0.56903     13.43614      0.00000
     -0.55903     12.16550      0.00000
     -0.54903      8.66202      0.00000
     -0.53903      6.78175      0.00000
     -0.52903      5.14358      0.00000
     -0.51903      1.98613      0.00000
     -0.50903      0.31554      0.00000
     -0.49903      0.33025      0.00000
     -0.48903      2.66428      0.00000
     -0.47903      9.28896      0.00000
     -0.46903     13.82780      0.00000
     -0.45903      9.69197      0.00000
     -0.44903      7.55932      0.00000
     -0.43903     14.13979      0.00000
     -0.42903     18.65669      0.00000
     -0.41903     14.98512      0.00000
     -0.40903     11.26626      0.00000
     -0.39903      7.27244      0.00000
     -0.38903      2.48898      0.00000
     -0.37903      0.86461      0.00000
     -0.36903      2.65242      0.00000
     -0.35903      4.95918      0.00000
     -0.34903      3.67988      0.00000
     -0.33903      2.67476      0.00000
     -0.32903      4.63714      0.00000
     -0.31903      4.22999      0.00000
     -0.30903      1.44292      0.00000
     -0.29903      0.18123      0.00000
     -0.28903      0.01119      0.00000
     -0.27903      0.07030      0.00000
     -0.26903      0.68002      0.00000
     -0.25903      2.94980      0.00000
     -0.24903      7.17650      0.00000
     -0.23903     10.86888      0.00000
     -0.22903      9.71967      0.00000
     -0.21903      4.79167      0.00000
     -0.20903      1.12702      0.00000
     -0.19903      0.11460      0.00000
     -0.18903      0.13993      0.00000
     -0.17903      1.50677      0.00000
     -0.16903      7.41011      0.00000
     -0.15903     15.86273      0.00000
     -0.14903     14.06867      0.00000
     -0.13903      4.95096      0.00000
     -0.12903      0.67395      0.00000
     -0.11903      0.03503      0.00000
     -0.10903      0.00080      0.00000
     -0.09903      0.00594      0.00000
     -0.08903      0.12121      0.00000
     -0.07903      0.97882      0.00000
     -0.06903      3.48062      0.00000
     -0.05903      6.19131      0.00000
     -0.04903      5.49136      0.00000
     -0.03903      2.13683      0.00000
     -0.02903      0.40747      0.00000
     -0.01903      0.92770      0.00000
     -0.00903      4.16644      0.00000
      0.00097      9.28016      0.00000
      0.01097     13.56705      0.00000
      0.02097     13.52626      0.00000
      0.03097      7.21534      0.00000
      0.04097      3.49660      0.00000
      0.05097      4.82478      0.00000
      0.06097      4.03527      0.00000
      0.07097      1.57259      0.00000
      0.08097      2.49592      0.00000
      0.09097      7.16333      0.00000
      0.10097      9.10399      0.00000
      0.11097      4.88334      0.00000
      0.12097      1.07958      0.00000
      0.13097      0.09789      0.00000
      0.14097      0.10901      0.00000
      0.15097      1.35308      0.00000
      0.16097      6.78450      0.00000
      0.17097     13.79515      0.00000
      0.18097     12.61967      0.00000
      0.19097      8.17147      0.00000
      0.20097      7.09484      0.00000
      0.21097      9.30915      0.00000
      0.22097     11.68639      0.00000
      0.23097      9.82064      0.00000
      0.24097      8.59031      0.00000
      0.25097      9.79186      0.00000
      0.26097      8.76668      0.00000
      0.27097      4.05756      0.00000
      0.28097      2.35843      0.00000
      0.29097      5.37786      0.00000
      0.30097      8.10309      0.00000
      0.31097      6.68073      0.00000
      0.32097      3.91024      0.00000
      0.33097      7.06324      0.00000
      0.34097     16.11510      0.00000
      0.35097     19.52203      0.00000
      0.36097     13.13846      0.00000
      0.37097      6.45985      0.00000
      0.38097      5.27177      0.00000
      0.39097      4.56974      0.00000
      0.40097      1.72350      0.00000
      0.41097      0.24273      0.00000
      0.42097      0.01259      0.00000
      0.43097      0.00024      0.00000
      0.44097      0.00021      0.00000
      0.45097      0.01261      0.00000
      0.46097      0.28703      0.00000
      0.47097      2.44820      0.00000
      0.48097      7.86770      0.00000
      0.49097      9.98641      0.00000
      0.50097      7.67245      0.00000
      0.51097      9.01046      0.00000
      0.52097      8.67059      0.00000
      0.53097      5.18180      0.00000
      0.54097      4.99787      0.00000
      0.55097      4.47357      0.00000
      0.56097      1.66789      0.00000
      0.57097      0.49852      0.00000
      0.58097      1.85153      0.00000
      0.59097      4.58519      0.00000
      0.60097      4.30425      0.00000
      0.61097      2.47062      0.00000
      0.62097      4.07788      0.00000
      0.63097      6.31557      0.00000
      0.64097      6.56962      0.00000
      0.65097      4.95638      0.00000
      0.66097      1.81887      0.00000
      0.67097      0.26060      0.00000
      0.68097      0.01419      0.00000
      0.69097      0.01727      0.00000
      0.70097      0.33767      0.00000
      0.71097      2.46814      0.00000
      0.72097      6.63673      0.00000
      0.73097      6.56514      0.00000
      0.74097      2.38913      0.00000
      0.75097      0.31985      0.00000
      0.76097      0.01592      0.00000
      0.77097      0.01066      0.00000
      0.78097      0.23574      0.00000
      0.79097      1.97614      0.00000
      0.80097      6.11410      0.00000
      0.81097      6.98337      0.00000
      0.82097      2.95445      0.00000
      0.83097      0.68351      0.00000
      0.84097      1.95205      0.00000
      0.85097      6.06568      0.00000
      0.86097      7.02906      0.00000
      0.87097      3.00356      0.00000
      0.88097      0.63261      0.00000
      0.89097      1.59519      0.00000
      0.90097      5.59108      0.00000
      0.91097      7.65329      0.00000
      0.92097      6.22867      0.00000
      0.93097      9.16998      0.00000
      0.94097     12.74466      0.00000
      0.95097     10.79166      0.00000
      0.96097      6.22740      0.00000
      0.97097      2.04946      0.00000
      0.98097      0.31510      0.00000
      0.99097      0.40516      0.00000
      1.00097      2.54908      0.00000
      1.01097      6.96323      0.00000
      1.02097      8.64446      0.00000
      1.03097      5.01683      0.00000
      1.04097      1.29055      0.00000
      1.05097      0.38554      0.00000
      1.06097      1.92815      0.00000
      1.07097      5.99016      0.00000
      1.08097      8.58063      0.00000
      1.09097      6.14434      0.00000
      1.10097      3.33600      0.00000
      1.11097      6.28651      0.00000
      1.12097      9.92073      0.00000
      1.13097      6.77287      0.00000
      1.14097      4.50629      0.00000
      1.15097      5.39559      0.00000
      1.16097      5.05764      0.00000
      1.17097      6.54968      0.00000
      1.18097      6.74523      0.00000
      1.19097      3.21311      0.00000
      1.20097      1.53030      0.00000
      1.21097      3.67694      0.00000
      1.22097      6.04128      0.00000
      1.23097      6.43889      0.00000
      1.24097      5.49084      0.00000
      1.25097      2.46609      0.00000
      1.26097      1.01991      0.00000
      1.27097      2.00569      0.00000
      1.28097      2.37567      0.00000
      1.29097      1.21969      0.00000
      1.30097      2.02629      0.00000
      1.31097      7.58429      0.00000
      1.32097     12.08178      0.00000
      1.33097      7.54224      0.00000
      1.34097      1.83361      0.00000
      1.35097      0.20178      0.00000
      1.36097      0.45121      0.00000
      1.37097      2.43279      0.00000
      1.38097      4.91283      0.00000
      1.39097      3.98894      0.00000
      1.40097      3.18846      0.00000
      1.41097      4.89663      0.00000
      1.42097      3.84541      0.00000
      1.43097      1.13167      0.00000
      1.44097      0.12291      0.00000
      1.45097      0.01953      0.00000
      1.46097      0.27012      0.00000
      1.47097      1.83271      0.00000
      1.48097      4.57846      0.00000
      1.49097      4.28895      0.00000
      1.50097      2.35659      0.00000
      1.51097      4.17241      0.00000
      1.52097      7.65913      0.00000
      1.53097      8.14459      0.00000
      1.54097      5.89369      0.00000
      1.55097      3.37540      0.00000
      1.56097      2.22418      0.00000
      1.57097      3.98470      0.00000
      1.58097      4.81961      0.00000
      1.59097      2.22994      0.00000
      1.60097      0.38221      0.00000
      1.61097      0.09142      0.00000
      1.62097      0.89661      0.00000
      1.63097      4.79049      0.00000
      1.64097     11.30636      0.00000
      1.65097     14.40606      0.00000
      1.66097     13.07088      0.00000
      1.67097      8.99795      0.00000
      1.68097      6.43781      0.00000
      1.69097      7.73346      0.00000
      1.70097      5.81059      0.00000
      1.71097      3.65337      0.00000
      1.72097      7.29014      0.00000
      1.73097      9.52324      0.00000
      1.74097      5.36264      0.00000
      1.75097      3.37095      0.00000
      1.76097      5.08572      0.00000
      1.77097      3.90372      0.00000
      1.78097      1.11840      0.00000
      1.79097      0.11794      0.00000
      1.80097      0.00458      0.00000
      1.81097      0.00007      0.00000
      1.82097      0.00000      0.00000
      1.83097      0.00000      0.00000
      1.84097      0.00000      0.00000
      1.85097      0.00000      0.00000
      1.86097      0.00000      0.00000
      1.87097      0.00021      0.00000
      1.88097      0.01127      0.00000
      1.89097      0.22432      0.00000
      1.90097      1.64195      0.00000
      1.91097      4.42141      0.00000
      1.92097      4.38032      0.00000
      1.93097      1.61231      0.00000
      1.94097      0.46236      0.00000
      1.95097      1.57972      0.00000
      1.96097      5.08731      0.00000
      1.97097     11.36719      0.00000
      1.98097     16.28568      0.00000
      1.99097     11.47256      0.00000
      2.00097      3.49327      0.00000
      2.01097      0.43859      0.00000
      2.02097      0.05400      0.00000
      2.03097      0.48826      0.00000
      2.04097      2.89644      0.00000
      2.05097      6.74349      0.00000
      2.06097      6.13064      0.00000
      2.07097      2.15529      0.00000
      2.08097      0.31881      0.00000
      2.09097      0.45657      0.00000
      2.10097      2.42307      0.00000
      2.11097      4.88651      0.00000
      2.12097      3.62565      0.00000
      2.13097      0.98964      0.00000
      2.14097      0.09938      0.00000
      2.15097      0.00452      0.00000
      2.16097      0.03330      0.00000
      2.17097      0.47808      0.00000
      2.18097      2.53410      0.00000
      2.19097      5.06209      0.00000
      2.20097      4.76861      0.00000
      2.21097      4.92591      0.00000
      2.22097      4.81341      0.00000
      2.23097      2.24738      0.00000
      2.24097      1.85735      0.00000
      2.25097      4.34186      0.00000
      2.26097      4.60447      0.00000
      2.27097      2.85278      0.00000
      2.28097      4.09896      0.00000
      2.29097      4.82934      0.00000
      2.30097      2.51778      0.00000
      2.31097      1.86221      0.00000
      2.32097      2.51594      0.00000
      2.33097      1.53058      0.00000
      2.34097      0.34615      0.00000
      2.35097      0.05855      0.00000
      2.36097      0.47042      0.00000
      2.37097      2.81265      0.00000
      2.38097      6.56558      0.00000
      2.39097      6.13647      0.00000
      2.40097      2.34548      0.00000
      2.41097      0.40591      0.00000
      2.42097      0.67521      0.00000
      2.43097      4.05153      0.00000
      2.44097      9.35267      0.00000
      2.45097      8.02665      0.00000
      2.46097      2.56063      0.00000
      2.47097      0.30652      0.00000
      2.48097      0.09808      0.00000
      2.49097      0.89285      0.00000
      2.50097      3.46046      0.00000
      2.51097      4.94550      0.00000
      2.52097      2.81984      0.00000
      2.53097      2.40646      0.00000
      2.54097      6.67033      0.00000
      2.55097     11.19678      0.00000
      2.56097     10.56431      0.00000
      2.57097      5.61200      0.00000
      2.58097      2.84223      0.00000
      2.59097      6.65476      0.00000
      2.60097     12.19312      0.00000
      2.61097     13.88805      0.00000
      2.62097     12.98516      0.00000
      2.63097      9.24244      0.00000
      2.64097      4.71633      0.00000
      2.65097      1.94497      0.00000
      2.66097      3.74780      0.00000
      2.67097      7.10048      0.00000
      2.68097      5.43488      0.00000
      2.69097      1.63949      0.00000
      2.70097      0.19506      0.00000
      2.71097      0.01424      0.00000
      2.72097      0.12794      0.00000
      2.73097      1.16143      0.00000
      2.74097      3.88366      0.00000
      2.75097      4.77743      0.00000
      2.76097      2.16198      0.00000
      2.77097      0.35993      0.00000
      2.78097      0.02204      0.00000
      2.79097      0.00050      0.00000
      2.80097      0.00000      0.00000
      2.81097      0.00000      0.00000
      2.82097      0.00000      0.00000
      2.83097      0.00043      0.00000
      2.84097      0.02360      0.00000
      2.85097      0.48489      0.00000
      2.86097      3.75720      0.00000
      2.87097     11.36687      0.00000
      2.88097     14.70639      0.00000
      2.89097      9.53208      0.00000
      2.90097      3.57955      0.00000
      2.91097      2.37680      0.00000
      2.92097      4.61113      0.00000
      2.93097      4.20478      0.00000
      2.94097      1.42126      0.00000
      2.95097      0.17677      0.00000
      2.96097      0.00809      0.00000
      2.97097      0.00014      0.00000
      2.98097      0.00015      0.00000
      2.99097      0.00733      0.00000
      3.00097      0.13518      0.00000
      3.01097      0.91697      0.00000
      3.02097      2.28860      0.00000
      3.03097      2.12118      0.00000
      3.04097      1.09680      0.00000
      3.05097      2.76611      0.00000
      3.06097      6.81391      0.00000
      3.07097      6.37063      0.00000
      3.08097      2.19241      0.00000
      3.09097      0.27776      0.00000
      3.10097      0.02627      0.00000
      3.11097      0.34386      0.00000
      3.12097      3.27376      0.00000
      3.13097     11.88102      0.00000
      3.14097     19.26469      0.00000
      3.15097     21.74161      0.00000
      3.16097     19.23539      0.00000
      3.17097     10.71304      0.00000
      3.18097      7.82958      0.00000
      3.19097      9.87194      0.00000
      3.20097      9.84035      0.00000
      3.21097      7.56076      0.00000
      3.22097      4.76564      0.00000
      3.23097      4.68991      0.00000
      3.24097      4.84507      0.00000
      3.25097      2.25399      0.00000
      3.26097      1.34830      0.00000
      3.27097      3.67768      0.00000
      3.28097      5.43292      0.00000
      3.29097      6.40033      0.00000
      3.30097     11.83817      0.00000
      3.31097     13.80120      0.00000
      3.32097      9.11995      0.00000
      3.33097      6.38688      0.00000
      3.34097      4.49009      0.00000
      3.35097      5.11150      0.00000
      3.36097      9.10172      0.00000
      3.37097      7.89735      0.00000
      3.38097      2.90231      0.00000
      3.39097      1.74307      0.00000
      3.40097      5.57817      0.00000
      3.41097      9.52981      0.00000
      3.42097      8.17270      0.00000
      3.43097      6.46906      0.00000
      3.44097      5.94070      0.00000
      3.45097      5.72073      0.00000
      3.46097      4.92224      0.00000
      3.47097      2.67300      0.00000
      3.48097      3.44099      0.00000
      3.49097      4.99946      0.00000
      3.50097      2.90502      0.00000
      3.51097      0.64264      0.00000
      3.52097      0.31979      0.00000
      3.53097      1.35199      0.00000
      3.54097      2.47906      0.00000
      3.55097      1.67404      0.00000
      3.56097      0.41586      0.00000
      3.57097      0.03800      0.00000
      3.58097      0.00128      0.00000
      3.59097      0.00035      0.00000
      3.60097      0.01613      0.00000
      3.61097      0.28914      0.00000
      3.62097      1.90719      0.00000
      3.63097      4.62792      0.00000
      3.64097      4.13152      0.00000
      3.65097      1.37293      0.00000
      3.66097      0.54063      0.00000
      3.67097      3.30665      0.00000
      3.68097     11.01315      0.00000
      3.69097     14.17685      0.00000
      3.70097      7.11046      0.00000
      3.71097      1.39665      0.00000
      3.72097      0.10755      0.00000
      3.73097      0.01726      0.00000
      3.74097      0.21313      0.00000
      3.75097      1.18762      0.00000
      3.76097      2.43487      0.00000
      3.77097      1.83680      0.00000
      3.78097      0.52693      0.00000
      3.79097      0.37542      0.00000
      3.80097      2.34702      0.00000
      3.81097      6.96653      0.00000
      3.82097      8.95055      0.00000
      3.83097      5.06119      0.00000
      3.84097      1.21433      0.00000
      3.85097      0.11684      0.00000
      3.86097      0.00439      0.00000
      3.87097      0.00470      0.00000
      3.88097      0.11805      0.00000
      3.89097      1.10468      0.00000
      3.90097      3.80367      0.00000
      3.91097      4.84523      0.00000
      3.92097      2.67871      0.00000
      3.93097      2.78596      0.00000
      3.94097      4.90337      0.00000
      3.95097      3.64757      0.00000
      3.96097      1.00693      0.00000
      3.97097      0.20934      0.00000
      3.98097      1.04696      0.00000
      3.99097      3.71062      0.00000
      4.00097      4.85538      0.00000
      4.01097      2.33908      0.00000
      4.02097      0.47945      0.00000
      4.03097      0.93086      0.00000
      4.04097      5.06614      0.00000
