Energy-E_F (eV)    DOS (1/eV)    PDOS (1/eV)  of atom type Au 
     -4.99000     29.11577      0.00000
     -4.98000     18.34027      0.00000
     -4.97000      7.88814      0.00000
     -4.96000      3.90704      0.00000
     -4.95000      5.13807      0.00000
     -4.94000      8.04929      0.00000
     -4.93000     15.70158      0.00000
     -4.92000     20.52573      0.00000
     -4.91000     15.39326      0.00000
     -4.90000     13.94102      0.00000
     -4.89000     15.84439      0.00000
     -4.88000     12.98404      0.00000
     -4.87000     11.03827      0.00000
     -4.86000     10.46464      0.00000
     -4.85000     11.54845      0.00000
     -4.84000     15.53165      0.00000
     -4.83000     18.21467      0.00000
     -4.82000     20.72551      0.00000
     -4.81000     18.49523      0.00000
     -4.80000     14.32415      0.00000
     -4.79000     15.40769      0.00000
     -4.78000     18.94372      0.00000
     -4.77000     17.32350      0.00000
     -4.76000     12.47303      0.00000
     -4.75000     11.23953      0.00000
     -4.74000     16.22501      0.00000
     -4.73000     21.44379      0.00000
     -4.72000     20.16631      0.00000
     -4.71000     17.88136      0.00000
     -4.70000     15.94974      0.00000
     -4.69000     12.84863      0.00000
     -4.68000     10.54599      0.00000
     -4.67000     14.18374      0.00000
     -4.66000     20.35446      0.00000
     -4.65000     20.47841      0.00000
     -4.64000     16.56986      0.00000
     -4.63000     16.44749      0.00000
     -4.62000     12.04953      0.00000
     -4.61000      7.54133      0.00000
     -4.60000     12.24176      0.00000
     -4.59000     20.08237      0.00000
     -4.58000     20.81814      0.00000
     -4.57000     17.89747      0.00000
     -4.56000     21.13804      0.00000
     -4.55000     25.74615      0.00000
     -4.54000     21.07763      0.00000
     -4.53000     17.21260      0.00000
     -4.52000     19.56962      0.00000
     -4.51000     21.02651      0.00000
     -4.50000     17.41694      0.00000
     -4.49000     11.44174      0.00000
     -4.48000      7.76640      0.00000
     -4.47000     10.96790      0.00000
     -4.46000     17.85757      0.00000
     -4.45000     20.34291      0.00000
     -4.44000     16.28263      0.00000
     -4.43000     12.16720      0.00000
     -4.42000     13.66077      0.00000
     -4.41000     16.98926      0.00000
     -4.40000     19.53712      0.00000
     -4.39000     19.33718      0.00000
     -4.38000     17.96721      0.00000
     -4.37000     15.55030      0.00000
     -4.36000     16.14784      0.00000
     -4.35000     16.68492      0.00000
     -4.34000     16.39944      0.00000
     -4.33000     19.74364      0.00000
     -4.32000     24.92562      0.00000
     -4.31000     27.93666      0.00000
     -4.30000     23.68523      0.00000
     -4.29000     13.32408      0.00000
     -4.28000      5.81699      0.00000
     -4.27000      5.72104      0.00000
     -4.26000     13.17266      0.00000
     -4.25000     22.88006      0.00000
     -4.24000     26.73695      0.00000
     -4.23000     22.19169      0.00000
     -4.22000     15.37690      0.00000
     -4.21000     13.69041      0.00000
     -4.20000     15.04457      0.00000
     -4.19000     10.27268      0.00000
     -4.18000      3.49518      0.00000
     -4.17000      2.57977      0.00000
     -4.16000      6.13612      0.00000
     -4.15000      8.57830      0.00000
     -4.14000      9.56900      0.00000
     -4.13000     11.16130      0.00000
     -4.12000     10.08351      0.00000
     -4.11000      7.94410      0.00000
     -4.10000      8.05922      0.00000
     -4.09000      7.94096      0.00000
     -4.08000      8.11161      0.00000
     -4.07000     10.03016      0.00000
     -4.06000     10.58774      0.00000
     -4.05000     11.77774      0.00000
     -4.04000     21.72700      0.00000
     -4.03000     28.83364      0.00000
     -4.02000     23.06304      0.00000
     -4.01000     14.21974      0.00000
     -4.00000     10.61225      0.00000
     -3.99000     12.57939      0.00000
     -3.98000     14.04965      0.00000
     -3.97000     12.87561      0.00000
     -3.96000     10.29019      0.00000
     -3.95000     10.62951      0.00000
     -3.94000     19.54124      0.00000
     -3.93000     29.91581      0.00000
     -3.92000     29.57744      0.00000
     -3.91000     24.54719      0.00000
     -3.90000     22.92758      0.00000
     -3.89000     19.56130      0.00000
     -3.88000     12.36479      0.00000
     -3.87000      7.21726      0.00000
     -3.86000      8.32508      0.00000
     -3.85000      8.73508      0.00000
     -3.84000      5.78061      0.00000
     -3.83000      5.56621      0.00000
     -3.82000      6.73290      0.00000
     -3.81000      6.66362      0.00000
     -3.80000      6.21995      0.00000
     -3.79000      6.08100      0.00000
     -3.78000      7.32395      0.00000
     -3.77000      9.12339      0.00000
     -3.76000      9.54798      0.00000
     -3.75000     11.46073      0.00000
     -3.74000     18.63131      0.00000
     -3.73000     24.17337      0.00000
     -3.72000     21.27722      0.00000
     -3.71000     17.19364      0.00000
     -3.70000     18.03380      0.00000
     -3.69000     19.36558      0.00000
     -3.68000     19.97360      0.00000
     -3.67000     19.41484      0.00000
     -3.66000     16.40214      0.00000
     -3.65000     13.34527      0.00000
     -3.64000     12.82346      0.00000
     -3.63000     14.60073      0.00000
     -3.62000     16.90311      0.00000
     -3.61000     15.16511      0.00000
     -3.60000     12.20992      0.00000
     -3.59000      9.59609      0.00000
     -3.58000     10.68666      0.00000
     -3.57000     19.06530      0.00000
     -3.56000     24.03017      0.00000
     -3.55000     19.05853      0.00000
     -3.54000     11.01273      0.00000
     -3.53000      6.04962      0.00000
     -3.52000      6.21956      0.00000
     -3.51000      9.02869      0.00000
     -3.50000     14.01865      0.00000
     -3.49000     19.43900      0.00000
     -3.48000     17.94542      0.00000
     -3.47000     13.64580      0.00000
     -3.46000     12.61411      0.00000
     -3.45000     11.57871      0.00000
     -3.44000     11.37153      0.00000
     -3.43000     16.89885      0.00000
     -3.42000     19.79900      0.00000
     -3.41000     17.63688      0.00000
     -3.40000     21.90847      0.00000
     -3.39000     31.60054      0.00000
     -3.38000     39.75048      0.00000
     -3.37000     36.27668      0.00000
     -3.36000     23.77117      0.00000
     -3.35000     17.70159      0.00000
     -3.34000     22.11142      0.00000
     -3.33000     28.12359      0.00000
     -3.32000     24.20300      0.00000
     -3.31000     23.21116      0.00000
     -3.30000     29.92149      0.00000
     -3.29000     28.05639      0.00000
     -3.28000     19.06183      0.00000
     -3.27000     16.57840      0.00000
     -3.26000     16.13882      0.00000
     -3.25000     13.61147      0.00000
     -3.24000     15.91570      0.00000
     -3.23000     14.95678      0.00000
     -3.22000      7.88442      0.00000
     -3.21000      7.84396      0.00000
     -3.20000     16.01109      0.00000
     -3.19000     19.15667      0.00000
     -3.18000     11.38997      0.00000
     -3.17000      4.30271      0.00000
     -3.16000      5.31641      0.00000
     -3.15000     11.96876      0.00000
     -3.14000     19.82780      0.00000
     -3.13000     23.22487      0.00000
     -3.12000     18.28798      0.00000
     -3.11000     13.55649      0.00000
     -3.10000     12.71288      0.00000
     -3.09000     11.59506      0.00000
     -3.08000     10.66089      0.00000
     -3.07000      8.21321      0.00000
     -3.06000      3.77832      0.00000
     -3.05000      0.89955      0.00000
     -3.04000      0.78795      0.00000
     -3.03000      2.49814      0.00000
     -3.02000      5.22092      0.00000
     -3.01000     11.16868      0.00000
     -3.00000     19.36193      0.00000
     -2.99000     20.66080      0.00000
     -2.98000     16.38582      0.00000
     -2.97000     13.26566      0.00000
     -2.96000      9.20629      0.00000
     -2.95000      6.38507      0.00000
     -2.94000      8.19889      0.00000
     -2.93000      8.85925      0.00000
     -2.92000      5.46930      0.00000
     -2.91000      3.38073      0.00000
     -2.90000      3.94025      0.00000
     -2.89000      5.01248      0.00000
     -2.88000      4.72503      0.00000
     -2.87000      4.82175      0.00000
     -2.86000      8.58427      0.00000
     -2.85000     10.17685      0.00000
     -2.84000      8.12995      0.00000
     -2.83000      7.97411      0.00000
     -2.82000      6.78052      0.00000
     -2.81000      4.14789      0.00000
     -2.80000      3.12096      0.00000
     -2.79000      2.78859      0.00000
     -2.78000      2.53061      0.00000
     -2.77000      3.39507      0.00000
     -2.76000      6.75529      0.00000
     -2.75000      9.18031      0.00000
     -2.74000      7.55845      0.00000
     -2.73000      5.72107      0.00000
     -2.72000      4.73958      0.00000
     -2.71000      3.51112      0.00000
     -2.70000      2.52784      0.00000
     -2.69000      3.62475      0.00000
     -2.68000      4.29113      0.00000
     -2.67000      2.08878      0.00000
     -2.66000      0.38703      0.00000
     -2.65000      0.02716      0.00000
     -2.64000      0.00114      0.00000
     -2.63000      0.01776      0.00000
     -2.62000      0.28325      0.00000
     -2.61000      1.87582      0.00000
     -2.60000      6.06231      0.00000
     -2.59000     11.01383      0.00000
     -2.58000     11.44902      0.00000
     -2.57000      8.87801      0.00000
     -2.56000      8.60817      0.00000
     -2.55000      7.49275      0.00000
     -2.54000      4.03454      0.00000
     -2.53000      1.21217      0.00000
     -2.52000      0.21791      0.00000
     -2.51000      0.46218      0.00000
     -2.50000      1.85477      0.00000
     -2.49000      3.30441      0.00000
     -2.48000      3.19007      0.00000
     -2.47000      2.52593      0.00000
     -2.46000      2.61832      0.00000
     -2.45000      3.13844      0.00000
     -2.44000      3.14182      0.00000
     -2.43000      2.72806      0.00000
     -2.42000      4.19514      0.00000
     -2.41000      5.80463      0.00000
     -2.40000      4.11690      0.00000
     -2.39000      1.57558      0.00000
     -2.38000      0.99737      0.00000
     -2.37000      2.55035      0.00000
     -2.36000      3.77233      0.00000
     -2.35000      3.01751      0.00000
     -2.34000      2.70603      0.00000
     -2.33000      4.36793      0.00000
     -2.32000      4.45481      0.00000
     -2.31000      2.06540      0.00000
     -2.30000      0.43003      0.00000
     -2.29000      0.05179      0.00000
     -2.28000      0.18945      0.00000
     -2.27000      1.05031      0.00000
     -2.26000      2.16133      0.00000
     -2.25000      1.63769      0.00000
     -2.24000      0.45785      0.00000
     -2.23000      0.07631      0.00000
     -2.22000      0.34071      0.00000
     -2.21000      1.48248      0.00000
     -2.20000      2.70786      0.00000
     -2.19000      2.79149      0.00000
     -2.18000      2.23804      0.00000
     -2.17000      1.40580      0.00000
     -2.16000      1.88624      0.00000
     -2.15000      4.02062      0.00000
     -2.14000      3.93072      0.00000
     -2.13000      2.74220      0.00000
     -2.12000      5.51763      0.00000
     -2.11000      9.25131      0.00000
     -2.10000      9.77357      0.00000
     -2.09000      9.10999      0.00000
     -2.08000      6.54139      0.00000
     -2.07000      2.47887      0.00000
     -2.06000      0.55898      0.00000
     -2.05000      0.97611      0.00000
     -2.04000      2.11772      0.00000
     -2.03000      1.73681      0.00000
     -2.02000      0.52788      0.00000
     -2.01000      0.13774      0.00000
     -2.00000      0.74913      0.00000
     -1.99000      3.02674      0.00000
     -1.98000      5.62663      0.00000
     -1.97000      4.90493      0.00000
     -1.96000      1.97701      0.00000
     -1.95000      0.82193      0.00000
     -1.94000      2.29258      0.00000
     -1.93000      4.17226      0.00000
     -1.92000      3.09513      0.00000
     -1.91000      0.91869      0.00000
     -1.90000      0.10729      0.00000
     -1.89000      0.00485      0.00000
     -1.88000      0.00008      0.00000
     -1.87000      0.00000      0.00000
     -1.86000      0.00001      0.00000
     -1.85000      0.00093      0.00000
     -1.84000      0.02963      0.00000
     -1.83000      0.37311      0.00000
     -1.82000      1.93289      0.00000
     -1.81000      4.46489      0.00000
     -1.80000      5.75109      0.00000
     -1.79000      5.47456      0.00000
     -1.78000      3.23580      0.00000
     -1.77000      0.86345      0.00000
     -1.76000      0.09201      0.00000
     -1.75000      0.00379      0.00000
     -1.74000      0.00006      0.00000
     -1.73000      0.00002      0.00000
     -1.72000      0.00165      0.00000
     -1.71000      0.04450      0.00000
     -1.70000      0.44135      0.00000
     -1.69000      1.61240      0.00000
     -1.68000      2.16997      0.00000
     -1.67000      1.08031      0.00000
     -1.66000      0.31206      0.00000
     -1.65000      1.19185      0.00000
     -1.64000      4.93685      0.00000
     -1.63000      8.62058      0.00000
     -1.62000      7.32592      0.00000
     -1.61000      6.71941      0.00000
     -1.60000      8.89228      0.00000
     -1.59000      9.48987      0.00000
     -1.58000      8.01910      0.00000
     -1.57000      6.31977      0.00000
     -1.56000      3.87188      0.00000
     -1.55000      1.85980      0.00000
     -1.54000      3.54328      0.00000
     -1.53000      6.27887      0.00000
     -1.52000      4.63743      0.00000
     -1.51000      1.35818      0.00000
     -1.50000      0.15466      0.00000
     -1.49000      0.00796      0.00000
     -1.48000      0.03980      0.00000
     -1.47000      0.49253      0.00000
     -1.46000      2.34332      0.00000
     -1.45000      4.29207      0.00000
     -1.44000      3.03241      0.00000
     -1.43000      0.88646      0.00000
     -1.42000      0.76719      0.00000
     -1.41000      2.79037      0.00000
     -1.40000      4.34714      0.00000
     -1.39000      2.58907      0.00000
     -1.38000      0.58822      0.00000
     -1.37000      0.05084      0.00000
     -1.36000      0.00169      0.00000
     -1.35000      0.00249      0.00000
     -1.34000      0.07106      0.00000
     -1.33000      0.75577      0.00000
     -1.32000      2.98653      0.00000
     -1.31000      4.41603      0.00000
     -1.30000      2.75696      0.00000
     -1.29000      1.95408      0.00000
     -1.28000      2.23060      0.00000
     -1.27000      1.22064      0.00000
     -1.26000      0.25552      0.00000
     -1.25000      0.09717      0.00000
     -1.24000      0.76060      0.00000
     -1.23000      2.88001      0.00000
     -1.22000      4.27058      0.00000
     -1.21000      2.49732      0.00000
     -1.20000      0.65649      0.00000
     -1.19000      0.70669      0.00000
     -1.18000      1.89499      0.00000
     -1.17000      2.01290      0.00000
     -1.16000      0.78989      0.00000
     -1.15000      0.18476      0.00000
     -1.14000      0.77101      0.00000
     -1.13000      3.03345      0.00000
     -1.12000      4.60948      0.00000
     -1.11000      3.57131      0.00000
     -1.10000      3.53005      0.00000
     -1.09000      4.74165      0.00000
     -1.08000      4.68997      0.00000
     -1.07000      2.27624      0.00000
     -1.06000      0.45110      0.00000
     -1.05000      0.03468      0.00000
     -1.04000      0.00102      0.00000
     -1.03000      0.00001      0.00000
     -1.02000      0.00008      0.00000
     -1.01000      0.00540      0.00000
     -1.00000      0.12979      0.00000
     -0.99000      1.20140      0.00000
     -0.98000      4.35467      0.00000
     -0.97000      6.30236      0.00000
     -0.96000      3.69998      0.00000
     -0.95000      0.88454      0.00000
     -0.94000      0.08551      0.00000
     -0.93000      0.01958      0.00000
     -0.92000      0.28636      0.00000
     -0.91000      2.03997      0.00000
     -0.90000      6.59207      0.00000
     -0.89000     11.19595      0.00000
     -0.88000     10.92455      0.00000
     -0.87000      5.96771      0.00000
     -0.86000      1.65254      0.00000
     -0.85000      0.27290      0.00000
     -0.84000      0.72970      0.00000
     -0.83000      3.00257      0.00000
     -0.82000      5.65125      0.00000
     -0.81000      6.33586      0.00000
     -0.80000      4.57799      0.00000
     -0.79000      1.62070      0.00000
     -0.78000      0.23150      0.00000
     -0.77000      0.01256      0.00000
     -0.76000      0.00133      0.00000
     -0.75000      0.03746      0.00000
     -0.74000      0.48825      0.00000
     -0.73000      2.37989      0.00000
     -0.72000      4.35262      0.00000
     -0.71000      2.99742      0.00000
     -0.70000      0.83827      0.00000
     -0.69000      0.76631      0.00000
     -0.68000      2.88224      0.00000
     -0.67000      4.44530      0.00000
     -0.66000      2.90990      0.00000
     -0.65000      3.17043      0.00000
     -0.64000      6.94218      0.00000
     -0.63000      7.69804      0.00000
     -0.62000      4.64100      0.00000
     -0.61000      4.09693      0.00000
     -0.60000      4.39181      0.00000
     -0.59000      2.10897      0.00000
     -0.58000      0.38121      0.00000
     -0.57000      0.02557      0.00000
     -0.56000      0.00064      0.00000
     -0.55000      0.00002      0.00000
     -0.54000      0.00151      0.00000
     -0.53000      0.04693      0.00000
     -0.52000      0.54846      0.00000
     -0.51000      2.45591      0.00000
     -0.50000      4.43124      0.00000
     -0.49000      4.29354      0.00000
     -0.48000      4.62018      0.00000
     -0.47000      4.04912      0.00000
     -0.46000      1.54014      0.00000
     -0.45000      0.22297      0.00000
     -0.44000      0.01881      0.00000
     -0.43000      0.12326      0.00000
     -0.42000      0.82630      0.00000
     -0.41000      2.04197      0.00000
     -0.40000      1.85649      0.00000
     -0.39000      0.62097      0.00000
     -0.38000      0.07642      0.00000
     -0.37000      0.00346      0.00000
     -0.36000      0.00006      0.00000
     -0.35000      0.00000      0.00000
     -0.34000      0.00000      0.00000
     -0.33000      0.00000      0.00000
     -0.32000      0.00000      0.00000
     -0.31000      0.00000      0.00000
     -0.30000      0.00002      0.00000
     -0.29000      0.00311      0.00000
     -0.28000      0.10651      0.00000
     -0.27000      1.37295      0.00000
     -0.26000      6.72633      0.00000
     -0.25000     12.68459      0.00000
     -0.24000      9.35559      0.00000
     -0.23000      2.74762      0.00000
     -0.22000      0.39741      0.00000
     -0.21000      0.61815      0.00000
     -0.20000      1.83196      0.00000
     -0.19000      2.05553      0.00000
     -0.18000      0.85803      0.00000
     -0.17000      0.27154      0.00000
     -0.16000      1.15593      0.00000
     -0.15000      3.52794      0.00000
     -0.14000      4.11797      0.00000
     -0.13000      1.83505      0.00000
     -0.12000      0.31523      0.00000
     -0.11000      0.07793      0.00000
     -0.10000      0.51836      0.00000
     -0.09000      1.72317      0.00000
     -0.08000      2.11943      0.00000
     -0.07000      0.96817      0.00000
     -0.06000      0.27635      0.00000
     -0.05000      1.03330      0.00000
     -0.04000      3.77393      0.00000
     -0.03000      7.38635      0.00000
     -0.02000     12.02089      0.00000
     -0.01000     15.68066      0.00000
      0.00000     11.27714      0.00000
      0.01000      3.79940      0.00000
      0.02000      0.56840      0.00000
      0.03000      0.05254      0.00000
      0.04000      0.27151      0.00000
      0.05000      1.69131      0.00000
      0.06000      4.02348      0.00000
      0.07000      3.65744      0.00000
      0.08000      1.27315      0.00000
      0.09000      0.17271      0.00000
      0.10000      0.08737      0.00000
      0.11000      0.76357      0.00000
      0.12000      2.85450      0.00000
      0.13000      4.21635      0.00000
      0.14000      2.51768      0.00000
      0.15000      0.61422      0.00000
      0.16000      0.06068      0.00000
      0.17000      0.00326      0.00000
      0.18000      0.03220      0.00000
      0.19000      0.43670      0.00000
      0.20000      2.22842      0.00000
      0.21000      4.29604      0.00000
      0.22000      3.14373      0.00000
      0.23000      0.87620      0.00000
      0.24000      0.09313      0.00000
      0.25000      0.00377      0.00000
      0.26000      0.00082      0.00000
      0.27000      0.02498      0.00000
      0.28000      0.30281      0.00000
      0.29000      1.35062      0.00000
      0.30000      2.21627      0.00000
      0.31000      1.33803      0.00000
      0.32000      0.30279      0.00000
      0.33000      0.15380      0.00000
      0.34000      1.11019      0.00000
      0.35000      3.60746      0.00000
      0.36000      4.99473      0.00000
      0.37000      4.76977      0.00000
      0.38000      4.59755      0.00000
      0.39000      3.53737      0.00000
      0.40000      3.88612      0.00000
      0.41000      4.12751      0.00000
      0.42000      2.08460      0.00000
      0.43000      0.44357      0.00000
      0.44000      0.03858      0.00000
      0.45000      0.00133      0.00000
      0.46000      0.00002      0.00000
      0.47000      0.00125      0.00000
      0.48000      0.04409      0.00000
      0.49000      0.59016      0.00000
      0.50000      3.18796      0.00000
      0.51000      7.73933      0.00000
      0.52000      9.38736      0.00000
      0.53000      6.14174      0.00000
      0.54000      4.18566      0.00000
      0.55000      4.40377      0.00000
      0.56000      2.54634      0.00000
      0.57000      0.60362      0.00000
      0.58000      0.09622      0.00000
      0.59000      0.48916      0.00000
      0.60000      2.29471      0.00000
      0.61000      4.21128      0.00000
      0.62000      3.06895      0.00000
      0.63000      0.91354      0.00000
      0.64000      0.35821      0.00000
      0.65000      1.60065      0.00000
      0.66000      3.92734      0.00000
      0.67000      4.14215      0.00000
      0.68000      2.98366      0.00000
      0.69000      2.38404      0.00000
      0.70000      1.13347      0.00000
      0.71000      0.21610      0.00000
      0.72000      0.01547      0.00000
      0.73000      0.00041      0.00000
      0.74000      0.00000      0.00000
      0.75000      0.00000      0.00000
      0.76000      0.00000      0.00000
      0.77000      0.00000      0.00000
      0.78000      0.00000      0.00000
      0.79000      0.00000      0.00000
      0.80000      0.00003      0.00000
      0.81000      0.00238      0.00000
      0.82000      0.06635      0.00000
      0.83000      0.70037      0.00000
      0.84000      2.89493      0.00000
      0.85000      5.10873      0.00000
      0.86000      4.77461      0.00000
      0.87000      3.49480      0.00000
      0.88000      2.86176      0.00000
      0.89000      1.77352      0.00000
      0.90000      0.49093      0.00000
      0.91000      0.05503      0.00000
      0.92000      0.09452      0.00000
      0.93000      1.00282      0.00000
      0.94000      4.13675      0.00000
      0.95000      6.51911      0.00000
      0.96000      3.98988      0.00000
      0.97000      1.58525      0.00000
      0.98000      2.87291      0.00000
      0.99000      4.35226      0.00000
      1.00000      2.58314      0.00000
      1.01000      0.59219      0.00000
      1.02000      0.15086      0.00000
      1.03000      0.73062      0.00000
      1.04000      1.96575      0.00000
      1.05000      2.02492      0.00000
      1.06000      1.46139      0.00000
      1.07000      2.89960      0.00000
      1.08000      4.19632      0.00000
      1.09000      2.65089      0.00000
      1.10000      1.42465      0.00000
      1.11000      2.81958      0.00000
      1.12000      4.03717      0.00000
      1.13000      2.60358      0.00000
      1.14000      0.75930      0.00000
      1.15000      0.09588      0.00000
      1.16000      0.00490      0.00000
      1.17000      0.00056      0.00000
      1.18000      0.01968      0.00000
      1.19000      0.31196      0.00000
      1.20000      1.85398      0.00000
      1.21000      4.14814      0.00000
      1.22000      3.50832      0.00000
      1.23000      1.12510      0.00000
      1.24000      0.13702      0.00000
      1.25000      0.00655      0.00000
      1.26000      0.01289      0.00000
      1.27000      0.27760      0.00000
      1.28000      2.26430      0.00000
      1.29000      6.98535      0.00000
      1.30000      8.22855      0.00000
      1.31000      3.74211      0.00000
      1.32000      0.66381      0.00000
      1.33000      0.04623      0.00000
      1.34000      0.00126      0.00000
      1.35000      0.00001      0.00000
      1.36000      0.00000      0.00000
      1.37000      0.00000      0.00000
      1.38000      0.00001      0.00000
      1.39000      0.00137      0.00000
      1.40000      0.04230      0.00000
      1.41000      0.49117      0.00000
      1.42000      2.20560      0.00000
      1.43000      4.00538      0.00000
      1.44000      3.11822      0.00000
      1.45000      1.10077      0.00000
      1.46000      0.52389      0.00000
      1.47000      2.03392      0.00000
      1.48000      4.24038      0.00000
      1.49000      3.34553      0.00000
      1.50000      0.99659      0.00000
      1.51000      0.11222      0.00000
      1.52000      0.00478      0.00000
      1.53000      0.00008      0.00000
      1.54000      0.00000      0.00000
      1.55000      0.00000      0.00000
      1.56000      0.00000      0.00000
      1.57000      0.00000      0.00000
      1.58000      0.00000      0.00000
      1.59000      0.00000      0.00000
      1.60000      0.00000      0.00000
      1.61000      0.00000      0.00000
      1.62000      0.00074      0.00000
      1.63000      0.02941      0.00000
      1.64000      0.43489      0.00000
      1.65000      2.48699      0.00000
      1.66000      6.02704      0.00000
      1.67000      8.15488      0.00000
      1.68000     10.06192      0.00000
      1.69000     12.02497      0.00000
      1.70000     10.28781      0.00000
      1.71000      4.89263      0.00000
      1.72000      1.05764      0.00000
      1.73000      0.09336      0.00000
      1.74000      0.00321      0.00000
      1.75000      0.00003      0.00000
      1.76000      0.00000      0.00000
      1.77000      0.00035      0.00000
      1.78000      0.01535      0.00000
      1.79000      0.25355      0.00000
      1.80000      1.59643      0.00000
      1.81000      3.88792      0.00000
      1.82000      3.71889      0.00000
      1.83000      1.41238      0.00000
      1.84000      0.21326      0.00000
      1.85000      0.01269      0.00000
      1.86000      0.00029      0.00000
      1.87000      0.00000      0.00000
      1.88000      0.00000      0.00000
      1.89000      0.00002      0.00000
      1.90000      0.00179      0.00000
      1.91000      0.05453      0.00000
      1.92000      0.62343      0.00000
      1.93000      2.68115      0.00000
      1.94000      4.36793      0.00000
      1.95000      2.82724      0.00000
      1.96000      1.51965      0.00000
      1.97000      2.52436      0.00000
      1.98000      4.02213      0.00000
      1.99000      5.09848      0.00000
      2.00000      4.54893      0.00000
      2.01000      5.37895      0.00000
      2.02000      8.65187      0.00000
      2.03000     10.37676      0.00000
      2.04000      6.53859      0.00000
      2.05000      1.76688      0.00000
      2.06000      0.61954      0.00000
      2.07000      1.56963      0.00000
      2.08000      2.13012      0.00000
      2.09000      1.12123      0.00000
      2.10000      0.22573      0.00000
      2.11000      0.01720      0.00000
      2.12000      0.00049      0.00000
      2.13000      0.00000      0.00000
      2.14000      0.00000      0.00000
      2.15000      0.00068      0.00000
      2.16000      0.02673      0.00000
      2.17000      0.39018      0.00000
      2.18000      2.12126      0.00000
      2.19000      4.30576      0.00000
      2.20000      3.37946      0.00000
      2.21000      1.97041      0.00000
      2.22000      3.56198      0.00000
      2.23000      4.87883      0.00000
      2.24000      3.80938      0.00000
      2.25000      2.30884      0.00000
      2.26000      0.91750      0.00000
      2.27000      0.60588      0.00000
      2.28000      1.81563      0.00000
      2.29000      3.49486      0.00000
      2.30000      4.87000      0.00000
      2.31000      4.82903      0.00000
      2.32000      4.32974      0.00000
      2.33000      5.75409      0.00000
      2.34000      6.64556      0.00000
      2.35000      4.75566      0.00000
      2.36000      1.64678      0.00000
      2.37000      0.23513      0.00000
      2.38000      0.01299      0.00000
      2.39000      0.00027      0.00000
      2.40000      0.00000      0.00000
      2.41000      0.00064      0.00000
      2.42000      0.02480      0.00000
      2.43000      0.35918      0.00000
      2.44000      1.97263      0.00000
      2.45000      4.15292      0.00000
      2.46000      3.40905      0.00000
      2.47000      1.37682      0.00000
      2.48000      1.60749      0.00000
      2.49000      3.42666      0.00000
      2.50000      5.02240      0.00000
      2.51000      4.41519      0.00000
      2.52000      1.73162      0.00000
      2.53000      0.26748      0.00000
      2.54000      0.11518      0.00000
      2.55000      0.90203      0.00000
      2.56000      3.14708      0.00000
      2.57000      4.25829      0.00000
      2.58000      2.22171      0.00000
      2.59000      0.44324      0.00000
      2.60000      0.03378      0.00000
      2.61000      0.01421      0.00000
      2.62000      0.24031      0.00000
      2.63000      1.62766      0.00000
      2.64000      4.28327      0.00000
      2.65000      5.49270      0.00000
      2.66000      6.31260      0.00000
      2.67000      6.19387      0.00000
      2.68000      2.98024      0.00000
      2.69000      0.58684      0.00000
      2.70000      0.04555      0.00000
      2.71000      0.01036      0.00000
      2.72000      0.17596      0.00000
      2.73000      1.30657      0.00000
      2.74000      3.77258      0.00000
      2.75000      4.64774      0.00000
      2.76000      3.45983      0.00000
      2.77000      2.24598      0.00000
      2.78000      0.90437      0.00000
      2.79000      0.38744      0.00000
      2.80000      1.45195      0.00000
      2.81000      3.61543      0.00000
      2.82000      3.80551      0.00000
      2.83000      1.70458      0.00000
      2.84000      0.72991      0.00000
      2.85000      2.24886      0.00000
      2.86000      4.32630      0.00000
      2.87000      3.14911      0.00000
      2.88000      0.90203      0.00000
      2.89000      0.50300      0.00000
      2.90000      1.50974      0.00000
      2.91000      2.12334      0.00000
      2.92000      1.18050      0.00000
      2.93000      0.26088      0.00000
      2.94000      0.02284      0.00000
      2.95000      0.00078      0.00000
      2.96000      0.00001      0.00000
      2.97000      0.00000      0.00000
      2.98000      0.00000      0.00000
      2.99000      0.00002      0.00000
      3.00000      0.00167      0.00000
      3.01000      0.05328      0.00000
      3.02000      0.62841      0.00000
      3.03000      2.74048      0.00000
      3.04000      4.41981      0.00000
      3.05000      2.63662      0.00000
      3.06000      0.58192      0.00000
      3.07000      0.05172      0.00000
      3.08000      0.11391      0.00000
      3.09000      1.16939      0.00000
      3.10000      4.89851      0.00000
      3.11000      8.95708      0.00000
      3.12000      9.29345      0.00000
      3.13000      8.49969      0.00000
      3.14000      6.44803      0.00000
      3.15000      3.46288      0.00000
      3.16000      1.30857      0.00000
      3.17000      0.26940      0.00000
      3.18000      0.10316      0.00000
      3.19000      0.81957      0.00000
      3.20000      3.12553      0.00000
      3.21000      4.76838      0.00000
      3.22000      4.45381      0.00000
      3.23000      4.74713      0.00000
      3.24000      3.23156      0.00000
      3.25000      0.89571      0.00000
      3.26000      0.09423      0.00000
      3.27000      0.00373      0.00000
      3.28000      0.00072      0.00000
      3.29000      0.02665      0.00000
      3.30000      0.41107      0.00000
